00:01:41 : Player #8 PRISMIC disconnected
﻿00:02:19 : Player #3 2DIE4 disconnected
﻿00:03:12 : RCon admin #4: (Global) NO SQUAD XML: ENGLISH ONLY IN SIDE CHAT: VEHICLES AND GEAR CAN BE STOLEN ANYWHERE
﻿00:09:13 : RCon admin #4: (Global) Server will restart in 10 minutes
﻿00:12:00 : Player #0 GBK (179.25.182.92:15585) connected
﻿00:12:02 : Player #0 GBK - GUID: fe0876ecc546e9c2d484bac1dbac2c82 (unverified)
﻿00:12:02 : Verified GUID (fe0876ecc546e9c2d484bac1dbac2c82) of player #0 GBK
﻿00:12:03 : Player #0 GBK - Legacy GUID: 4ed0ed508937ec13cea9a33b15806a2c
﻿00:14:13 : RCon admin #4: (Global) ADMINS: LWB AND SIERRA | VISIT THE WEBSITE FOR DONATION PERKS | SURVIVALIST-DAYZ.COM
﻿00:14:13 : RCon admin #4: (Global) Server will restart in 5 minutes: Prepare to Logout
﻿00:16:09 : Player #6 [NG2] Jesse disconnected
﻿00:16:47 : Player #7 Luca disconnected
﻿00:17:13 : RCon admin #4: (Global) The Server is about to restart. LOG OUT NOW OR YOUR GEAR MAY BE LOST!!
﻿00:17:48 : Player #2 Ovidiu disconnected
﻿00:18:37 : Player #1 Turmoil disconnected
﻿00:18:42 : RCon admin #4: (Global) YOU SHOULD BE LOGGED OUT BY NOW! IF YOU ARENT YOU WILL BE AUTO KICKED AND YOUR GEAR MAY BE LOST! NO REFUNDS!
﻿00:18:55 : Player #0 GBK disconnected
﻿00:19:46 : Rcon client logging in
﻿00:19:46 : RCon admin #4 (78.31.67.100:54878) logged in
﻿00:19:57 : Player #0 Turmoil (85.164.44.228:3302) connected
﻿00:19:58 : Player #0 Turmoil - GUID: 078d3175e22fad797d9a152aaaa83806 (unverified)
﻿00:19:58 : Verified GUID (078d3175e22fad797d9a152aaaa83806) of player #0 Turmoil
﻿00:19:59 : Player #0 Turmoil - Legacy GUID: 153330a3c1eb9ccf7092e322ab07ebb0
﻿00:20:31 : Player #1 GBK (179.25.182.92:15585) connected
﻿00:20:32 : Player #1 GBK - GUID: fe0876ecc546e9c2d484bac1dbac2c82 (unverified)
﻿00:20:33 : Verified GUID (fe0876ecc546e9c2d484bac1dbac2c82) of player #1 GBK
﻿00:20:33 : Player #1 GBK - Legacy GUID: 4ed0ed508937ec13cea9a33b15806a2c
﻿00:21:44 : Player #2 [NG2] Jesse (145.133.183.236:3302) connected
﻿00:21:45 : Player #2 [NG2] Jesse - GUID: 1f7a31a6c97ae9822a9e4dcb3de0e9a0 (unverified)
﻿00:21:45 : Verified GUID (1f7a31a6c97ae9822a9e4dcb3de0e9a0) of player #2 [NG2] Jesse
﻿00:21:46 : Player #2 [NG2] Jesse - Legacy GUID: aa29d15133c89f949e71190836ad19cb
﻿00:22:35 : Player #1 GBK (fe0876ecc546e9c2d484bac1dbac2c82) has been kicked by BattlEye: Ping too high (406)
﻿00:24:06 : Player #1 GBK (179.25.182.92:15585) connected
﻿00:24:07 : Player #1 GBK - GUID: fe0876ecc546e9c2d484bac1dbac2c82 (unverified)
﻿00:24:07 : Verified GUID (fe0876ecc546e9c2d484bac1dbac2c82) of player #1 GBK
﻿00:24:08 : Player #1 GBK - Legacy GUID: 4ed0ed508937ec13cea9a33b15806a2c
﻿00:27:40 : Player #3 Ovidiu (92.114.52.92:3302) connected
﻿00:27:42 : Player #3 Ovidiu - GUID: 7df969c92ad86496670af3d3105fa7f9 (unverified)
﻿00:27:42 : Verified GUID (7df969c92ad86496670af3d3105fa7f9) of player #3 Ovidiu
﻿00:27:42 : Player #3 Ovidiu - Legacy GUID: ee925f9f455bcdecc7328b5bb06d44c0
﻿00:30:50 : Player #1 GBK (fe0876ecc546e9c2d484bac1dbac2c82) has been kicked by BattlEye: Ping too high (453)
﻿00:31:50 : Player #1 GBK (179.25.182.92:15585) connected
﻿00:31:51 : Player #1 GBK - GUID: fe0876ecc546e9c2d484bac1dbac2c82 (unverified)
﻿00:31:52 : Player #1 GBK - Legacy GUID: 4ed0ed508937ec13cea9a33b15806a2c
﻿00:31:54 : Verified GUID (fe0876ecc546e9c2d484bac1dbac2c82) of player #1 GBK
﻿00:32:42 : Player #1 GBK (fe0876ecc546e9c2d484bac1dbac2c82) has been kicked by BattlEye: Ping too high (578)
﻿00:33:46 : RCon admin #4: (Global) NO SQUAD XML: ENGLISH ONLY IN SIDE CHAT: VEHICLES AND GEAR CAN BE STOLEN ANYWHERE
﻿00:34:46 : Player #1 GBK (179.25.182.92:15585) connected
﻿00:34:47 : Player #1 GBK - GUID: fe0876ecc546e9c2d484bac1dbac2c82 (unverified)
﻿00:34:48 : Verified GUID (fe0876ecc546e9c2d484bac1dbac2c82) of player #1 GBK
﻿00:34:48 : Player #1 GBK - Legacy GUID: 4ed0ed508937ec13cea9a33b15806a2c
﻿00:43:57 : Player #4 VPr3stigious (5.151.46.12:2346) connected
﻿00:43:58 : Player #4 VPr3stigious - GUID: 520fde90e3adb9004c83a89995a83881 (unverified)
﻿00:43:59 : Verified GUID (520fde90e3adb9004c83a89995a83881) of player #4 VPr3stigious
﻿00:43:59 : Player #4 VPr3stigious - Legacy GUID: a714e2dbd79e3ef15fafcfc3f61bb65b
﻿00:44:46 : RCon admin #4: (Global) ADMINS: LWB AND SIERRA | VISIT THE WEBSITE FOR DONATION PERKS | SURVIVALIST-DAYZ.COM
﻿00:58:46 : RCon admin #4: (Global) BASES MUST BE MAINTAINED VIA THE PLOT POLE EVERY 7 DAYS!!
﻿01:03:46 : RCon admin #4: (Global) NO SQUAD XML: ENGLISH ONLY IN SIDE CHAT: VEHICLES AND GEAR CAN BE STOLEN ANYWHERE
﻿01:07:01 : Player #0 Turmoil disconnected
﻿01:09:55 : Player #2 [NG2] Jesse disconnected
﻿01:14:46 : RCon admin #4: (Global) ADMINS: LWB AND SIERRA | VISIT THE WEBSITE FOR DONATION PERKS | SURVIVALIST-DAYZ.COM
﻿01:26:26 : Player #1 GBK (fe0876ecc546e9c2d484bac1dbac2c82) has been kicked by BattlEye: Ping too high (687)
﻿01:27:24 : Player #0 GBK (179.25.182.92:15585) connected
﻿01:27:26 : Player #0 GBK - GUID: fe0876ecc546e9c2d484bac1dbac2c82 (unverified)
﻿01:27:27 : Verified GUID (fe0876ecc546e9c2d484bac1dbac2c82) of player #0 GBK
﻿01:27:27 : Player #0 GBK - Legacy GUID: 4ed0ed508937ec13cea9a33b15806a2c
﻿01:28:46 : RCon admin #4: (Global) BASES MUST BE MAINTAINED VIA THE PLOT POLE EVERY 7 DAYS!!
﻿01:33:46 : RCon admin #4: (Global) NO SQUAD XML: ENGLISH ONLY IN SIDE CHAT: VEHICLES AND GEAR CAN BE STOLEN ANYWHERE
﻿01:44:46 : RCon admin #4: (Global) ADMINS: LWB AND SIERRA | VISIT THE WEBSITE FOR DONATION PERKS | SURVIVALIST-DAYZ.COM
﻿01:47:45 : Player #3 Ovidiu disconnected
﻿01:58:46 : RCon admin #4: (Global) BASES MUST BE MAINTAINED VIA THE PLOT POLE EVERY 7 DAYS!!
﻿02:03:46 : RCon admin #4: (Global) NO SQUAD XML: ENGLISH ONLY IN SIDE CHAT: VEHICLES AND GEAR CAN BE STOLEN ANYWHERE
﻿02:14:46 : RCon admin #4: (Global) ADMINS: LWB AND SIERRA | VISIT THE WEBSITE FOR DONATION PERKS | SURVIVALIST-DAYZ.COM
﻿02:28:46 : RCon admin #4: (Global) BASES MUST BE MAINTAINED VIA THE PLOT POLE EVERY 7 DAYS!!
﻿02:33:46 : RCon admin #4: (Global) NO SQUAD XML: ENGLISH ONLY IN SIDE CHAT: VEHICLES AND GEAR CAN BE STOLEN ANYWHERE
﻿02:39:46 : RCon admin #4: (Global) Server will restart in 10 minutes
﻿02:44:46 : RCon admin #4: (Global) ADMINS: LWB AND SIERRA | VISIT THE WEBSITE FOR DONATION PERKS | SURVIVALIST-DAYZ.COM
﻿02:44:47 : RCon admin #4: (Global) Server will restart in 5 minutes: Prepare to Logout
﻿02:47:09 : Player #4 VPr3stigious disconnected
﻿02:47:46 : RCon admin #4: (Global) The Server is about to restart. LOG OUT NOW OR YOUR GEAR MAY BE LOST!!
﻿02:48:47 : Player #0 GBK disconnected
﻿02:49:16 : RCon admin #4: (Global) YOU SHOULD BE LOGGED OUT BY NOW! IF YOU ARENT YOU WILL BE AUTO KICKED AND YOUR GEAR MAY BE LOST! NO REFUNDS!
﻿02:50:20 : Rcon client logging in
﻿02:50:20 : RCon admin #4 (78.31.67.100:61132) logged in
﻿02:51:02 : Player #0 VPr3stigious (5.151.46.12:2346) connected
﻿02:51:04 : Player #0 VPr3stigious - GUID: 520fde90e3adb9004c83a89995a83881 (unverified)
﻿02:51:04 : Verified GUID (520fde90e3adb9004c83a89995a83881) of player #0 VPr3stigious
﻿02:51:04 : Player #0 VPr3stigious - Legacy GUID: a714e2dbd79e3ef15fafcfc3f61bb65b
﻿03:04:20 : RCon admin #4: (Global) NO SQUAD XML: ENGLISH ONLY IN SIDE CHAT: VEHICLES AND GEAR CAN BE STOLEN ANYWHERE
﻿03:15:20 : RCon admin #4: (Global) ADMINS: LWB AND SIERRA | VISIT THE WEBSITE FOR DONATION PERKS | SURVIVALIST-DAYZ.COM
﻿03:22:40 : Player #1 Freedom (173.85.71.79:2304) connected
﻿03:22:42 : Player #1 Freedom - GUID: 32974eed83d84dab3c6a86016f1a1d12 (unverified)
﻿03:22:42 : Verified GUID (32974eed83d84dab3c6a86016f1a1d12) of player #1 Freedom
﻿03:22:42 : Player #1 Freedom - Legacy GUID: 97a8c85ef5bf1164b1deba8cac447118
﻿03:29:20 : RCon admin #4: (Global) BASES MUST BE MAINTAINED VIA THE PLOT POLE EVERY 7 DAYS!!
﻿03:34:20 : RCon admin #4: (Global) NO SQUAD XML: ENGLISH ONLY IN SIDE CHAT: VEHICLES AND GEAR CAN BE STOLEN ANYWHERE
﻿03:45:20 : RCon admin #4: (Global) ADMINS: LWB AND SIERRA | VISIT THE WEBSITE FOR DONATION PERKS | SURVIVALIST-DAYZ.COM
﻿03:59:20 : RCon admin #4: (Global) BASES MUST BE MAINTAINED VIA THE PLOT POLE EVERY 7 DAYS!!
﻿04:04:20 : RCon admin #4: (Global) NO SQUAD XML: ENGLISH ONLY IN SIDE CHAT: VEHICLES AND GEAR CAN BE STOLEN ANYWHERE
﻿04:09:59 : Player #0 VPr3stigious disconnected
﻿04:15:20 : RCon admin #4: (Global) ADMINS: LWB AND SIERRA | VISIT THE WEBSITE FOR DONATION PERKS | SURVIVALIST-DAYZ.COM
﻿04:29:20 : RCon admin #4: (Global) BASES MUST BE MAINTAINED VIA THE PLOT POLE EVERY 7 DAYS!!
﻿04:34:20 : RCon admin #4: (Global) NO SQUAD XML: ENGLISH ONLY IN SIDE CHAT: VEHICLES AND GEAR CAN BE STOLEN ANYWHERE
﻿04:43:35 : Player #0 Chytry_Dimitri (77.46.97.84:3302) connected
﻿04:43:36 : Player #0 Chytry_Dimitri - GUID: 67f3c0f361a58bd844418f1a1266d7c2 (unverified)
﻿04:43:36 : Verified GUID (67f3c0f361a58bd844418f1a1266d7c2) of player #0 Chytry_Dimitri
﻿04:43:37 : Player #0 Chytry_Dimitri - Legacy GUID: 11e0c7ce68936743bb27d80fc9a6c200
﻿04:45:20 : RCon admin #4: (Global) ADMINS: LWB AND SIERRA | VISIT THE WEBSITE FOR DONATION PERKS | SURVIVALIST-DAYZ.COM
﻿04:59:20 : RCon admin #4: (Global) BASES MUST BE MAINTAINED VIA THE PLOT POLE EVERY 7 DAYS!!
﻿05:04:20 : RCon admin #4: (Global) NO SQUAD XML: ENGLISH ONLY IN SIDE CHAT: VEHICLES AND GEAR CAN BE STOLEN ANYWHERE
﻿05:10:20 : RCon admin #4: (Global) Server will restart in 10 minutes
﻿05:15:20 : RCon admin #4: (Global) ADMINS: LWB AND SIERRA | VISIT THE WEBSITE FOR DONATION PERKS | SURVIVALIST-DAYZ.COM
﻿05:15:21 : RCon admin #4: (Global) Server will restart in 5 minutes: Prepare to Logout
﻿05:17:04 : Player #1 Freedom disconnected
﻿05:17:29 : Player #0 Chytry_Dimitri disconnected
﻿05:18:20 : RCon admin #4: (Global) The Server is about to restart. LOG OUT NOW OR YOUR GEAR MAY BE LOST!!
﻿05:19:50 : RCon admin #4: (Global) YOU SHOULD BE LOGGED OUT BY NOW! IF YOU ARENT YOU WILL BE AUTO KICKED AND YOUR GEAR MAY BE LOST! NO REFUNDS!
﻿05:20:54 : Rcon client logging in
﻿05:20:54 : RCon admin #4 (78.31.67.100:58904) logged in
﻿05:21:38 : Player #0 Chytry_Dimitri (77.46.97.84:3302) connected
﻿05:21:39 : Player #0 Chytry_Dimitri - GUID: 67f3c0f361a58bd844418f1a1266d7c2 (unverified)
﻿05:21:39 : Verified GUID (67f3c0f361a58bd844418f1a1266d7c2) of player #0 Chytry_Dimitri
﻿05:21:40 : Player #0 Chytry_Dimitri - Legacy GUID: 11e0c7ce68936743bb27d80fc9a6c200
﻿05:24:56 : Player #1 Freedom (173.85.71.79:2304) connected
﻿05:24:57 : Player #1 Freedom - GUID: 32974eed83d84dab3c6a86016f1a1d12 (unverified)
﻿05:24:58 : Verified GUID (32974eed83d84dab3c6a86016f1a1d12) of player #1 Freedom
﻿05:24:58 : Player #1 Freedom - Legacy GUID: 97a8c85ef5bf1164b1deba8cac447118
﻿05:34:54 : RCon admin #4: (Global) NO SQUAD XML: ENGLISH ONLY IN SIDE CHAT: VEHICLES AND GEAR CAN BE STOLEN ANYWHERE
﻿05:45:45 : Player #2 -SDS- Gowther (188.103.244.110:3302) connected
﻿05:45:47 : Player #2 -SDS- Gowther - GUID: 03492c7dbb4087e80f5c95d1df0aebac (unverified)
﻿05:45:47 : Player #2 -SDS- Gowther - Legacy GUID: 459161ad2315d6e5e544515528714548
﻿05:45:47 : Verified GUID (03492c7dbb4087e80f5c95d1df0aebac) of player #2 -SDS- Gowther
﻿05:45:54 : RCon admin #4: (Global) ADMINS: LWB AND SIERRA | VISIT THE WEBSITE FOR DONATION PERKS | SURVIVALIST-DAYZ.COM
﻿05:59:54 : RCon admin #4: (Global) BASES MUST BE MAINTAINED VIA THE PLOT POLE EVERY 7 DAYS!!
﻿06:04:54 : RCon admin #4: (Global) NO SQUAD XML: ENGLISH ONLY IN SIDE CHAT: VEHICLES AND GEAR CAN BE STOLEN ANYWHERE
﻿06:10:55 : Player #3 2DIE4 (84.130.106.88:3302) connected
﻿06:10:57 : Player #3 2DIE4 - GUID: 97b8e8b63e4439b2b62c99dde2b8b8a1 (unverified)
﻿06:10:57 : Verified GUID (97b8e8b63e4439b2b62c99dde2b8b8a1) of player #3 2DIE4
﻿06:10:57 : Player #3 2DIE4 - Legacy GUID: e56dc54c0a6d92faa8a284d7c54bffab
﻿06:15:54 : RCon admin #4: (Global) ADMINS: LWB AND SIERRA | VISIT THE WEBSITE FOR DONATION PERKS | SURVIVALIST-DAYZ.COM
﻿06:29:54 : RCon admin #4: (Global) BASES MUST BE MAINTAINED VIA THE PLOT POLE EVERY 7 DAYS!!
﻿06:34:54 : RCon admin #4: (Global) NO SQUAD XML: ENGLISH ONLY IN SIDE CHAT: VEHICLES AND GEAR CAN BE STOLEN ANYWHERE
﻿06:45:54 : RCon admin #4: (Global) ADMINS: LWB AND SIERRA | VISIT THE WEBSITE FOR DONATION PERKS | SURVIVALIST-DAYZ.COM
﻿06:59:54 : RCon admin #4: (Global) BASES MUST BE MAINTAINED VIA THE PLOT POLE EVERY 7 DAYS!!
﻿07:04:54 : RCon admin #4: (Global) NO SQUAD XML: ENGLISH ONLY IN SIDE CHAT: VEHICLES AND GEAR CAN BE STOLEN ANYWHERE
﻿07:07:34 : Player #4 Mario (188.26.79.21:3302) connected
﻿07:07:36 : Player #4 Mario - GUID: 1daf4deee2cb2cdbf48266893826a6d7 (unverified)
﻿07:07:36 : Verified GUID (1daf4deee2cb2cdbf48266893826a6d7) of player #4 Mario
﻿07:07:36 : Player #4 Mario - Legacy GUID: 19c7c6a4420f22d99240bb7c03666bf1
﻿07:15:54 : RCon admin #4: (Global) ADMINS: LWB AND SIERRA | VISIT THE WEBSITE FOR DONATION PERKS | SURVIVALIST-DAYZ.COM
﻿07:29:54 : RCon admin #4: (Global) BASES MUST BE MAINTAINED VIA THE PLOT POLE EVERY 7 DAYS!!
﻿07:34:54 : RCon admin #4: (Global) NO SQUAD XML: ENGLISH ONLY IN SIDE CHAT: VEHICLES AND GEAR CAN BE STOLEN ANYWHERE
﻿07:36:29 : Player #5 ЕБА БОБА (2.63.111.67:3302) connected
﻿07:36:30 : Player #5 ЕБА БОБА - GUID: 663da40406838b8e33621c8e31537c4e (unverified)
﻿07:36:30 : Player #5 ЕБА БОБА (663da40406838b8e33621c8e31537c4e) has been kicked by BattlEye: Admin Kick (BEC : Fix your player name, it needs to be ASCII chars only)
﻿07:40:06 : Player #5 Сын (2.63.111.67:3302) connected
﻿07:40:07 : Player #5 Сын - GUID: 663da40406838b8e33621c8e31537c4e (unverified)
﻿07:40:07 : Player #5 Сын (663da40406838b8e33621c8e31537c4e) has been kicked by BattlEye: Admin Kick (BEC : Fix your player name, it needs to be ASCII chars only)
﻿07:40:54 : RCon admin #4: (Global) Server will restart in 10 minutes
﻿07:45:54 : RCon admin #4: (Global) ADMINS: LWB AND SIERRA | VISIT THE WEBSITE FOR DONATION PERKS | SURVIVALIST-DAYZ.COM
﻿07:45:55 : RCon admin #4: (Global) Server will restart in 5 minutes: Prepare to Logout
﻿07:46:36 : Player #2 -SDS- Gowther (03492c7dbb4087e80f5c95d1df0aebac) has been kicked by BattlEye: SetPos Restriction #0
﻿07:48:02 : Player #1 Freedom disconnected
﻿07:48:40 : Player #4 Mario disconnected
﻿07:48:54 : RCon admin #4: (Global) The Server is about to restart. LOG OUT NOW OR YOUR GEAR MAY BE LOST!!
﻿07:49:19 : Player #0 Chytry_Dimitri disconnected
﻿07:50:24 : RCon admin #4: (Global) YOU SHOULD BE LOGGED OUT BY NOW! IF YOU ARENT YOU WILL BE AUTO KICKED AND YOUR GEAR MAY BE LOST! NO REFUNDS!
﻿07:51:28 : Rcon client logging in
﻿07:51:28 : RCon admin #3 (78.31.67.100:51150) logged in
﻿07:51:41 : Player #0 Freedom (173.85.71.79:2304) connected
﻿07:51:42 : RCon admin #4 (86.162.43.39:53956) logged in
﻿07:51:43 : Player #0 Freedom - GUID: 32974eed83d84dab3c6a86016f1a1d12 (unverified)
﻿07:51:43 : Verified GUID (32974eed83d84dab3c6a86016f1a1d12) of player #0 Freedom
﻿07:51:43 : Player #0 Freedom - Legacy GUID: 97a8c85ef5bf1164b1deba8cac447118
﻿07:51:59 : Player #1 Chytry_Dimitri (77.46.97.84:3302) connected
﻿07:52:00 : Player #1 Chytry_Dimitri - GUID: 67f3c0f361a58bd844418f1a1266d7c2 (unverified)
﻿07:52:00 : Verified GUID (67f3c0f361a58bd844418f1a1266d7c2) of player #1 Chytry_Dimitri
﻿07:52:01 : Player #1 Chytry_Dimitri - Legacy GUID: 11e0c7ce68936743bb27d80fc9a6c200
﻿07:55:22 : Player #2 Mario (188.26.79.21:3302) connected
﻿07:55:24 : Player #2 Mario - GUID: 1daf4deee2cb2cdbf48266893826a6d7 (unverified)
﻿07:55:25 : Verified GUID (1daf4deee2cb2cdbf48266893826a6d7) of player #2 Mario
﻿07:55:26 : Player #2 Mario - Legacy GUID: 19c7c6a4420f22d99240bb7c03666bf1
﻿08:05:28 : RCon admin #3: (Global) NO SQUAD XML: ENGLISH ONLY IN SIDE CHAT: VEHICLES AND GEAR CAN BE STOLEN ANYWHERE
﻿08:16:28 : RCon admin #3: (Global) ADMINS: LWB AND SIERRA | VISIT THE WEBSITE FOR DONATION PERKS | SURVIVALIST-DAYZ.COM
﻿08:30:28 : RCon admin #3: (Global) BASES MUST BE MAINTAINED VIA THE PLOT POLE EVERY 7 DAYS!!
﻿08:35:28 : RCon admin #3: (Global) NO SQUAD XML: ENGLISH ONLY IN SIDE CHAT: VEHICLES AND GEAR CAN BE STOLEN ANYWHERE
﻿08:46:28 : RCon admin #3: (Global) ADMINS: LWB AND SIERRA | VISIT THE WEBSITE FOR DONATION PERKS | SURVIVALIST-DAYZ.COM
﻿08:49:49 : Player #3 Ovidiu (92.114.52.92:3302) connected
﻿08:49:51 : Player #3 Ovidiu - GUID: 7df969c92ad86496670af3d3105fa7f9 (unverified)
﻿08:49:51 : Verified GUID (7df969c92ad86496670af3d3105fa7f9) of player #3 Ovidiu
﻿08:49:51 : Player #3 Ovidiu - Legacy GUID: ee925f9f455bcdecc7328b5bb06d44c0
﻿09:00:28 : RCon admin #3: (Global) BASES MUST BE MAINTAINED VIA THE PLOT POLE EVERY 7 DAYS!!
﻿09:05:28 : RCon admin #3: (Global) NO SQUAD XML: ENGLISH ONLY IN SIDE CHAT: VEHICLES AND GEAR CAN BE STOLEN ANYWHERE
﻿09:06:22 : Player #4 Turmoil (85.164.44.228:3302) connected
﻿09:06:23 : Player #4 Turmoil - GUID: 078d3175e22fad797d9a152aaaa83806 (unverified)
﻿09:06:24 : Verified GUID (078d3175e22fad797d9a152aaaa83806) of player #4 Turmoil
﻿09:06:24 : Player #4 Turmoil - Legacy GUID: 153330a3c1eb9ccf7092e322ab07ebb0
﻿09:16:28 : RCon admin #3: (Global) ADMINS: LWB AND SIERRA | VISIT THE WEBSITE FOR DONATION PERKS | SURVIVALIST-DAYZ.COM
﻿09:20:54 : Player #0 Freedom disconnected
﻿09:23:57 : Player #0 -SDS-Ban (91.137.50.143:3302) connected
﻿09:23:58 : Player #0 -SDS-Ban - GUID: 1bda1d7f7f9ae72702de431a4bc55b4a (unverified)
﻿09:23:59 : Player #0 -SDS-Ban - Legacy GUID: 38e5e3e9b10fb9c9d083aef35e291fde
﻿09:24:03 : Verified GUID (1bda1d7f7f9ae72702de431a4bc55b4a) of player #0 -SDS-Ban
﻿09:24:14 : Player #5 -SDS- Gowther (188.103.244.110:3302) connected
﻿09:24:15 : Player #5 -SDS- Gowther - GUID: 03492c7dbb4087e80f5c95d1df0aebac (unverified)
﻿09:24:16 : Player #5 -SDS- Gowther - Legacy GUID: 459161ad2315d6e5e544515528714548
﻿09:24:19 : Player #5 -SDS- Gowther disconnected
﻿09:28:41 : Player #5 -SDS- Gowther (188.103.244.110:3302) connected
﻿09:28:42 : Player #5 -SDS- Gowther - GUID: 03492c7dbb4087e80f5c95d1df0aebac (unverified)
﻿09:28:43 : Verified GUID (03492c7dbb4087e80f5c95d1df0aebac) of player #5 -SDS- Gowther
﻿09:28:43 : Player #5 -SDS- Gowther - Legacy GUID: 459161ad2315d6e5e544515528714548
﻿09:30:28 : RCon admin #3: (Global) BASES MUST BE MAINTAINED VIA THE PLOT POLE EVERY 7 DAYS!!
﻿09:35:28 : RCon admin #3: (Global) NO SQUAD XML: ENGLISH ONLY IN SIDE CHAT: VEHICLES AND GEAR CAN BE STOLEN ANYWHERE
﻿09:36:14 : Player #6 Sierra [SD] (82.35.201.180:2304) connected
﻿09:36:16 : Player #6 Sierra [SD] - GUID: d5a7a204223d483926d292f4255aa428 (unverified)
﻿09:36:17 : Player #6 Sierra [SD] - Legacy GUID: 81e5f276acb3bd8401df80e28c6291a7
﻿09:36:18 : Player #6 Sierra [SD] disconnected
﻿09:36:31 : Player #6 Sierra [SD] (82.35.201.180:2304) connected
﻿09:36:32 : Player #6 Sierra [SD] - GUID: d5a7a204223d483926d292f4255aa428 (unverified)
﻿09:36:33 : Player #6 Sierra [SD] - Legacy GUID: 81e5f276acb3bd8401df80e28c6291a7
﻿09:36:33 : Player #6 Sierra [SD] disconnected
﻿09:46:05 : Player #6 2DIE4 (84.130.106.88:3302) connected
﻿09:46:06 : Player #6 2DIE4 - GUID: 97b8e8b63e4439b2b62c99dde2b8b8a1 (unverified)
﻿09:46:07 : Verified GUID (97b8e8b63e4439b2b62c99dde2b8b8a1) of player #6 2DIE4
﻿09:46:07 : Player #6 2DIE4 - Legacy GUID: e56dc54c0a6d92faa8a284d7c54bffab
﻿09:46:28 : RCon admin #3: (Global) ADMINS: LWB AND SIERRA | VISIT THE WEBSITE FOR DONATION PERKS | SURVIVALIST-DAYZ.COM
﻿09:49:48 : Player #2 Mario disconnected
﻿09:49:59 : RCon admin #3: (To 2DIE4) Watch your language. No Warnings left. Next badword will result in kick
﻿09:54:54 : Player #3 Ovidiu disconnected
﻿10:00:28 : RCon admin #3: (Global) BASES MUST BE MAINTAINED VIA THE PLOT POLE EVERY 7 DAYS!!
﻿10:01:20 : Player #2 Sierra [SD] (82.35.201.180:2304) connected
﻿10:01:21 : Player #2 Sierra [SD] - GUID: d5a7a204223d483926d292f4255aa428 (unverified)
﻿10:01:22 : Verified GUID (d5a7a204223d483926d292f4255aa428) of player #2 Sierra [SD]
﻿10:01:22 : Player #2 Sierra [SD] - Legacy GUID: 81e5f276acb3bd8401df80e28c6291a7
﻿10:05:28 : RCon admin #3: (Global) NO SQUAD XML: ENGLISH ONLY IN SIDE CHAT: VEHICLES AND GEAR CAN BE STOLEN ANYWHERE
﻿10:10:17 : Player #3 Ovidiu (92.114.52.92:3302) connected
﻿10:10:18 : Player #3 Ovidiu - GUID: 7df969c92ad86496670af3d3105fa7f9 (unverified)
﻿10:10:19 : Verified GUID (7df969c92ad86496670af3d3105fa7f9) of player #3 Ovidiu
﻿10:10:19 : Player #3 Ovidiu - Legacy GUID: ee925f9f455bcdecc7328b5bb06d44c0
﻿10:11:28 : RCon admin #3: (Global) Server will restart in 10 minutes
﻿10:11:56 : Player #5 -SDS- Gowther disconnected
﻿10:12:00 : Player #0 -SDS-Ban disconnected
﻿10:16:28 : RCon admin #3: (Global) ADMINS: LWB AND SIERRA | VISIT THE WEBSITE FOR DONATION PERKS | SURVIVALIST-DAYZ.COM
﻿10:16:29 : RCon admin #3: (Global) Server will restart in 5 minutes: Prepare to Logout
﻿10:19:28 : RCon admin #3: (Global) The Server is about to restart. LOG OUT NOW OR YOUR GEAR MAY BE LOST!!
﻿10:19:38 : Player #4 Turmoil disconnected
﻿10:19:41 : Player #3 Ovidiu disconnected
﻿10:20:00 : Player #2 Sierra [SD] disconnected
﻿10:20:00 : Player #6 2DIE4 disconnected
﻿10:20:58 : RCon admin #3: (Global) YOU SHOULD BE LOGGED OUT BY NOW! IF YOU ARENT YOU WILL BE AUTO KICKED AND YOUR GEAR MAY BE LOST! NO REFUNDS!
﻿10:21:12 : Player #1 Chytry_Dimitri disconnected
﻿10:22:02 : Rcon client logging in
﻿10:22:02 : RCon admin #4 (78.31.67.100:61355) logged in
﻿10:22:12 : Player #1 Sierra [SD] (82.35.201.180:2304) connected
﻿10:22:13 : Player #1 Sierra [SD] - GUID: d5a7a204223d483926d292f4255aa428 (unverified)
﻿10:22:17 : Player #1 Sierra [SD] disconnected
﻿10:22:17 : Player #1 Sierra [SD] - Legacy GUID: 81e5f276acb3bd8401df80e28c6291a7
﻿10:22:46 : Player #1 Turmoil (85.164.44.228:3302) connected
﻿10:22:47 : Player #1 Turmoil - GUID: 078d3175e22fad797d9a152aaaa83806 (unverified)
﻿10:22:48 : Player #1 Turmoil - Legacy GUID: 153330a3c1eb9ccf7092e322ab07ebb0
﻿10:22:49 : Verified GUID (078d3175e22fad797d9a152aaaa83806) of player #1 Turmoil
﻿10:23:10 : Player #2 Sierra [SD] (82.35.201.180:2304) connected
﻿10:23:11 : Player #2 Sierra [SD] - GUID: d5a7a204223d483926d292f4255aa428 (unverified)
﻿10:23:11 : Verified GUID (d5a7a204223d483926d292f4255aa428) of player #2 Sierra [SD]
﻿10:23:12 : Player #2 Sierra [SD] - Legacy GUID: 81e5f276acb3bd8401df80e28c6291a7
﻿10:30:09 : Player #3 Ovidiu (92.114.52.92:3302) connected
﻿10:30:10 : Player #3 Ovidiu - GUID: 7df969c92ad86496670af3d3105fa7f9 (unverified)
﻿10:30:11 : Verified GUID (7df969c92ad86496670af3d3105fa7f9) of player #3 Ovidiu
﻿10:30:11 : Player #3 Ovidiu - Legacy GUID: ee925f9f455bcdecc7328b5bb06d44c0
﻿10:30:41 : Player #4 2DIE4 (84.130.106.88:3302) connected
﻿10:30:42 : Player #4 2DIE4 - GUID: 97b8e8b63e4439b2b62c99dde2b8b8a1 (unverified)
﻿10:30:43 : Verified GUID (97b8e8b63e4439b2b62c99dde2b8b8a1) of player #4 2DIE4
﻿10:30:43 : Player #4 2DIE4 - Legacy GUID: e56dc54c0a6d92faa8a284d7c54bffab
﻿10:36:02 : RCon admin #4: (Global) NO SQUAD XML: ENGLISH ONLY IN SIDE CHAT: VEHICLES AND GEAR CAN BE STOLEN ANYWHERE
﻿10:37:43 : Player #5 Ramir (89.169.2.54:46080) connected
﻿10:37:44 : Player #5 Ramir - GUID: 8415cc538bf2a54285b57b4dd1114981 (unverified)
﻿10:37:45 : Player #5 Ramir - Legacy GUID: 982b441f65fb1a71016711f9905283b5
﻿10:37:46 : Verified GUID (8415cc538bf2a54285b57b4dd1114981) of player #5 Ramir
﻿10:47:02 : RCon admin #4: (Global) ADMINS: LWB AND SIERRA | VISIT THE WEBSITE FOR DONATION PERKS | SURVIVALIST-DAYZ.COM
﻿10:53:44 : Player #5 Ramir disconnected
﻿10:53:54 : Player #5 SoomqaBlyet (88.196.32.120:2304) connected
﻿10:53:55 : Player #5 SoomqaBlyet - GUID: 01fa97319b8120d5dc76c803f4b462e2 (unverified)
﻿10:53:56 : Verified GUID (01fa97319b8120d5dc76c803f4b462e2) of player #5 SoomqaBlyet
﻿10:53:56 : Player #5 SoomqaBlyet - Legacy GUID: a7792ab60fde4686107b4c281f094a21
﻿10:53:58 : Player #5 SoomqaBlyet disconnected
﻿10:55:10 : Player #5 SoomqaBlyet (88.196.32.120:2304) connected
﻿10:55:11 : Player #5 SoomqaBlyet - GUID: 01fa97319b8120d5dc76c803f4b462e2 (unverified)
﻿10:55:12 : Verified GUID (01fa97319b8120d5dc76c803f4b462e2) of player #5 SoomqaBlyet
﻿10:55:12 : Player #5 SoomqaBlyet - Legacy GUID: a7792ab60fde4686107b4c281f094a21
﻿11:00:52 : Player #0 Chytry_Dimitri disconnected
﻿11:01:02 : RCon admin #4: (Global) BASES MUST BE MAINTAINED VIA THE PLOT POLE EVERY 7 DAYS!!
﻿11:03:08 : Player #3 Ovidiu disconnected
﻿11:06:02 : RCon admin #4: (Global) NO SQUAD XML: ENGLISH ONLY IN SIDE CHAT: VEHICLES AND GEAR CAN BE STOLEN ANYWHERE
﻿11:06:23 : Player #1 Turmoil disconnected
﻿11:08:58 : Player #4 2DIE4 disconnected
﻿11:17:02 : RCon admin #4: (Global) ADMINS: LWB AND SIERRA | VISIT THE WEBSITE FOR DONATION PERKS | SURVIVALIST-DAYZ.COM
﻿11:31:02 : RCon admin #4: (Global) BASES MUST BE MAINTAINED VIA THE PLOT POLE EVERY 7 DAYS!!
﻿11:36:02 : RCon admin #4: (Global) NO SQUAD XML: ENGLISH ONLY IN SIDE CHAT: VEHICLES AND GEAR CAN BE STOLEN ANYWHERE
﻿11:47:02 : RCon admin #4: (Global) ADMINS: LWB AND SIERRA | VISIT THE WEBSITE FOR DONATION PERKS | SURVIVALIST-DAYZ.COM
﻿12:01:02 : RCon admin #4: (Global) BASES MUST BE MAINTAINED VIA THE PLOT POLE EVERY 7 DAYS!!
﻿12:06:02 : RCon admin #4: (Global) NO SQUAD XML: ENGLISH ONLY IN SIDE CHAT: VEHICLES AND GEAR CAN BE STOLEN ANYWHERE
﻿12:17:02 : RCon admin #4: (Global) ADMINS: LWB AND SIERRA | VISIT THE WEBSITE FOR DONATION PERKS | SURVIVALIST-DAYZ.COM
﻿12:19:32 : Player #5 SoomqaBlyet disconnected
﻿12:24:20 : Player #0 SoomqaBlyet (88.196.32.120:2304) connected
﻿12:24:21 : Player #0 SoomqaBlyet - GUID: 01fa97319b8120d5dc76c803f4b462e2 (unverified)
﻿12:24:21 : Verified GUID (01fa97319b8120d5dc76c803f4b462e2) of player #0 SoomqaBlyet
﻿12:24:22 : Player #0 SoomqaBlyet - Legacy GUID: a7792ab60fde4686107b4c281f094a21
﻿12:25:06 : Player #0 SoomqaBlyet disconnected
﻿12:25:36 : Player #0 SoomqaBlyet (88.196.32.120:2304) connected
﻿12:25:37 : Player #0 SoomqaBlyet - GUID: 01fa97319b8120d5dc76c803f4b462e2 (unverified)
﻿12:25:37 : Verified GUID (01fa97319b8120d5dc76c803f4b462e2) of player #0 SoomqaBlyet
﻿12:25:38 : Player #0 SoomqaBlyet - Legacy GUID: a7792ab60fde4686107b4c281f094a21
﻿12:29:11 : Player #0 SoomqaBlyet disconnected
﻿12:29:54 : Player #0 SoomqaBlyet (88.196.32.120:2304) connected
﻿12:29:55 : Player #0 SoomqaBlyet - GUID: 01fa97319b8120d5dc76c803f4b462e2 (unverified)
﻿12:29:55 : Verified GUID (01fa97319b8120d5dc76c803f4b462e2) of player #0 SoomqaBlyet
﻿12:29:56 : Player #0 SoomqaBlyet - Legacy GUID: a7792ab60fde4686107b4c281f094a21
﻿12:30:41 : Player #0 SoomqaBlyet disconnected
﻿12:31:02 : RCon admin #4: (Global) BASES MUST BE MAINTAINED VIA THE PLOT POLE EVERY 7 DAYS!!
﻿12:31:10 : Player #0 SoomqaBlyet (88.196.32.120:2304) connected
﻿12:31:11 : Player #0 SoomqaBlyet - GUID: 01fa97319b8120d5dc76c803f4b462e2 (unverified)
﻿12:31:11 : Verified GUID (01fa97319b8120d5dc76c803f4b462e2) of player #0 SoomqaBlyet
﻿12:31:12 : Player #0 SoomqaBlyet - Legacy GUID: a7792ab60fde4686107b4c281f094a21
﻿12:36:02 : RCon admin #4: (Global) NO SQUAD XML: ENGLISH ONLY IN SIDE CHAT: VEHICLES AND GEAR CAN BE STOLEN ANYWHERE
﻿12:38:42 : Player #1 Velcarius (84.166.120.249:3302) connected
﻿12:38:43 : Player #1 Velcarius - GUID: 0f1babb268175d11e38f5b18175febc3 (unverified)
﻿12:38:44 : Verified GUID (0f1babb268175d11e38f5b18175febc3) of player #1 Velcarius
﻿12:38:44 : Player #1 Velcarius - Legacy GUID: 2200d5e9bd8062f4ef4049542965989d
﻿12:41:23 : Player #1 Velcarius disconnected
﻿12:42:02 : RCon admin #4: (Global) Server will restart in 10 minutes
﻿12:47:02 : RCon admin #4: (Global) ADMINS: LWB AND SIERRA | VISIT THE WEBSITE FOR DONATION PERKS | SURVIVALIST-DAYZ.COM
﻿12:47:03 : RCon admin #4: (Global) Server will restart in 5 minutes: Prepare to Logout
﻿12:47:17 : Player #1 Ovidiu (92.114.52.92:3302) connected
﻿12:47:18 : Player #1 Ovidiu disconnected
﻿12:50:02 : RCon admin #4: (Global) The Server is about to restart. LOG OUT NOW OR YOUR GEAR MAY BE LOST!!
﻿12:50:30 : Player #2 Sierra [SD] disconnected
﻿12:51:07 : Player #0 SoomqaBlyet disconnected
﻿12:51:32 : RCon admin #4: (Global) YOU SHOULD BE LOGGED OUT BY NOW! IF YOU ARENT YOU WILL BE AUTO KICKED AND YOUR GEAR MAY BE LOST! NO REFUNDS!
﻿12:52:36 : Rcon client logging in
﻿12:52:36 : RCon admin #4 (78.31.67.100:50282) logged in
﻿12:53:54 : Player #0 Fedain (159.205.243.9:3302) connected
﻿12:53:56 : Player #0 Fedain - GUID: 927931e65884ab1fdbe6cb16e986da20 (unverified)
﻿12:53:56 : Verified GUID (927931e65884ab1fdbe6cb16e986da20) of player #0 Fedain
﻿12:53:56 : Player #0 Fedain - Legacy GUID: d357e6cec56be90d962c64429bf2ca9c
﻿13:04:47 : Player #1 VPr3stigious (5.151.46.17:2092) connected
﻿13:04:48 : Player #1 VPr3stigious - GUID: 520fde90e3adb9004c83a89995a83881 (unverified)
﻿13:04:49 : Verified GUID (520fde90e3adb9004c83a89995a83881) of player #1 VPr3stigious
﻿13:04:49 : Player #1 VPr3stigious - Legacy GUID: a714e2dbd79e3ef15fafcfc3f61bb65b
﻿13:05:47 : Player #0 Fedain disconnected
﻿13:06:36 : RCon admin #4: (Global) NO SQUAD XML: ENGLISH ONLY IN SIDE CHAT: VEHICLES AND GEAR CAN BE STOLEN ANYWHERE
﻿13:09:10 : Player #0 Ovidiu (92.114.52.92:3302) connected
﻿13:09:11 : Player #0 Ovidiu disconnected
﻿13:10:01 : Player #0 Turmoil (85.164.44.228:3302) connected
﻿13:10:02 : Player #0 Turmoil - GUID: 078d3175e22fad797d9a152aaaa83806 (unverified)
﻿13:10:03 : Verified GUID (078d3175e22fad797d9a152aaaa83806) of player #0 Turmoil
﻿13:10:03 : Player #0 Turmoil - Legacy GUID: 153330a3c1eb9ccf7092e322ab07ebb0
﻿13:10:40 : Player #2 Ovidiu (92.114.52.92:3302) connected
﻿13:10:41 : Player #2 Ovidiu disconnected
﻿13:12:14 : Player #2 Ovidiu (92.114.52.92:3302) connected
﻿13:12:15 : Player #2 Ovidiu - GUID: 7df969c92ad86496670af3d3105fa7f9 (unverified)
﻿13:12:15 : Verified GUID (7df969c92ad86496670af3d3105fa7f9) of player #2 Ovidiu
﻿13:12:16 : Player #2 Ovidiu - Legacy GUID: ee925f9f455bcdecc7328b5bb06d44c0
﻿13:17:36 : RCon admin #4: (Global) ADMINS: LWB AND SIERRA | VISIT THE WEBSITE FOR DONATION PERKS | SURVIVALIST-DAYZ.COM
﻿13:31:36 : RCon admin #4: (Global) BASES MUST BE MAINTAINED VIA THE PLOT POLE EVERY 7 DAYS!!
﻿13:36:36 : RCon admin #4: (Global) NO SQUAD XML: ENGLISH ONLY IN SIDE CHAT: VEHICLES AND GEAR CAN BE STOLEN ANYWHERE
﻿13:42:43 : RCon admin #5 (86.162.43.39:50006) logged in
﻿13:46:04 : Player #3 GBK (179.26.231.106:14214) connected
﻿13:46:05 : Player #3 GBK - GUID: fe0876ecc546e9c2d484bac1dbac2c82 (unverified)
﻿13:46:05 : Verified GUID (fe0876ecc546e9c2d484bac1dbac2c82) of player #3 GBK
﻿13:46:06 : Player #3 GBK - Legacy GUID: 4ed0ed508937ec13cea9a33b15806a2c
﻿13:47:36 : RCon admin #4: (Global) ADMINS: LWB AND SIERRA | VISIT THE WEBSITE FOR DONATION PERKS | SURVIVALIST-DAYZ.COM
﻿14:01:36 : RCon admin #4: (Global) BASES MUST BE MAINTAINED VIA THE PLOT POLE EVERY 7 DAYS!!
﻿14:06:36 : RCon admin #4: (Global) NO SQUAD XML: ENGLISH ONLY IN SIDE CHAT: VEHICLES AND GEAR CAN BE STOLEN ANYWHERE
﻿14:07:56 : Player #4 Fedain (159.205.243.9:3302) connected
﻿14:07:57 : Player #4 Fedain - GUID: 927931e65884ab1fdbe6cb16e986da20 (unverified)
﻿14:07:57 : Verified GUID (927931e65884ab1fdbe6cb16e986da20) of player #4 Fedain
﻿14:07:58 : Player #4 Fedain - Legacy GUID: d357e6cec56be90d962c64429bf2ca9c
﻿14:14:05 : Player #4 Fedain disconnected
﻿14:16:01 : Player #0 Turmoil disconnected
﻿14:17:36 : RCon admin #4: (Global) ADMINS: LWB AND SIERRA | VISIT THE WEBSITE FOR DONATION PERKS | SURVIVALIST-DAYZ.COM
﻿14:23:44 : Player #0 Freedom (173.85.71.79:2304) connected
﻿14:23:46 : Player #0 Freedom - GUID: 32974eed83d84dab3c6a86016f1a1d12 (unverified)
﻿14:23:47 : Verified GUID (32974eed83d84dab3c6a86016f1a1d12) of player #0 Freedom
﻿14:23:48 : Player #0 Freedom - Legacy GUID: 97a8c85ef5bf1164b1deba8cac447118
﻿14:25:21 : Player #4 Fedain (159.205.243.9:3302) connected
﻿14:25:22 : Player #4 Fedain - GUID: 927931e65884ab1fdbe6cb16e986da20 (unverified)
﻿14:25:23 : Verified GUID (927931e65884ab1fdbe6cb16e986da20) of player #4 Fedain
﻿14:25:23 : Player #4 Fedain - Legacy GUID: d357e6cec56be90d962c64429bf2ca9c
﻿14:31:36 : RCon admin #4: (Global) BASES MUST BE MAINTAINED VIA THE PLOT POLE EVERY 7 DAYS!!
﻿14:35:45 : Player #4 Fedain disconnected
﻿14:36:36 : RCon admin #4: (Global) NO SQUAD XML: ENGLISH ONLY IN SIDE CHAT: VEHICLES AND GEAR CAN BE STOLEN ANYWHERE
﻿14:46:25 : Player #3 GBK disconnected
﻿14:47:36 : RCon admin #4: (Global) ADMINS: LWB AND SIERRA | VISIT THE WEBSITE FOR DONATION PERKS | SURVIVALIST-DAYZ.COM
﻿14:53:26 : Player #3 Fedain (159.205.243.9:3302) connected
﻿14:53:27 : Player #3 Fedain - GUID: 927931e65884ab1fdbe6cb16e986da20 (unverified)
﻿14:53:27 : Verified GUID (927931e65884ab1fdbe6cb16e986da20) of player #3 Fedain
﻿14:53:28 : Player #3 Fedain - Legacy GUID: d357e6cec56be90d962c64429bf2ca9c
﻿14:58:48 : Player #2 Ovidiu disconnected
﻿15:00:38 : Player #3 Fedain disconnected
﻿15:01:36 : RCon admin #4: (Global) BASES MUST BE MAINTAINED VIA THE PLOT POLE EVERY 7 DAYS!!
﻿15:06:36 : RCon admin #4: (Global) NO SQUAD XML: ENGLISH ONLY IN SIDE CHAT: VEHICLES AND GEAR CAN BE STOLEN ANYWHERE
﻿15:06:38 : Player #2 GBK (179.26.231.106:16668) connected
﻿15:06:41 : Player #2 GBK - GUID: fe0876ecc546e9c2d484bac1dbac2c82 (unverified)
﻿15:06:41 : Player #2 GBK - Legacy GUID: 4ed0ed508937ec13cea9a33b15806a2c
﻿15:06:41 : Verified GUID (fe0876ecc546e9c2d484bac1dbac2c82) of player #2 GBK
﻿15:12:36 : RCon admin #4: (Global) Server will restart in 10 minutes
﻿15:17:36 : RCon admin #4: (Global) ADMINS: LWB AND SIERRA | VISIT THE WEBSITE FOR DONATION PERKS | SURVIVALIST-DAYZ.COM
﻿15:17:37 : RCon admin #4: (Global) Server will restart in 5 minutes: Prepare to Logout
﻿15:17:54 : Player #1 VPr3stigious disconnected
﻿15:19:09 : Player #0 Freedom disconnected
﻿15:20:36 : RCon admin #4: (Global) The Server is about to restart. LOG OUT NOW OR YOUR GEAR MAY BE LOST!!
﻿15:22:06 : RCon admin #4: (Global) YOU SHOULD BE LOGGED OUT BY NOW! IF YOU ARENT YOU WILL BE AUTO KICKED AND YOUR GEAR MAY BE LOST! NO REFUNDS!
﻿15:23:10 : Rcon client logging in
﻿15:23:10 : RCon admin #4 (78.31.67.100:54889) logged in
﻿15:23:15 : Player #0 Freedom (173.85.71.79:2304) connected
﻿15:23:18 : Player #0 Freedom - GUID: 32974eed83d84dab3c6a86016f1a1d12 (unverified)
﻿15:23:18 : Verified GUID (32974eed83d84dab3c6a86016f1a1d12) of player #0 Freedom
﻿15:23:19 : Player #0 Freedom - Legacy GUID: 97a8c85ef5bf1164b1deba8cac447118
﻿15:26:19 : Player #1 VPr3stigious (5.151.46.17:3011) connected
﻿15:26:21 : Player #1 VPr3stigious - GUID: 520fde90e3adb9004c83a89995a83881 (unverified)
﻿15:26:21 : Verified GUID (520fde90e3adb9004c83a89995a83881) of player #1 VPr3stigious
﻿15:26:21 : Player #1 VPr3stigious - Legacy GUID: a714e2dbd79e3ef15fafcfc3f61bb65b
﻿15:29:47 : Player #2 GBK (179.26.231.106:19094) connected
﻿15:29:48 : Player #2 GBK - GUID: fe0876ecc546e9c2d484bac1dbac2c82 (unverified)
﻿15:29:48 : Verified GUID (fe0876ecc546e9c2d484bac1dbac2c82) of player #2 GBK
﻿15:29:49 : Player #2 GBK - Legacy GUID: 4ed0ed508937ec13cea9a33b15806a2c
﻿15:33:54 : Player #3 Ovidiu (92.114.52.92:3302) connected
﻿15:33:55 : Player #3 Ovidiu - GUID: 7df969c92ad86496670af3d3105fa7f9 (unverified)
﻿15:33:56 : Verified GUID (7df969c92ad86496670af3d3105fa7f9) of player #3 Ovidiu
﻿15:33:56 : Player #3 Ovidiu - Legacy GUID: ee925f9f455bcdecc7328b5bb06d44c0
﻿15:37:10 : RCon admin #4: (Global) NO SQUAD XML: ENGLISH ONLY IN SIDE CHAT: VEHICLES AND GEAR CAN BE STOLEN ANYWHERE
﻿15:43:59 : Player #4 Laurence Gommersil (91.84.65.136:3302) connected
﻿15:44:01 : Player #4 Laurence Gommersil - GUID: f1f45f96a2cdd71b21097c87e6cef51a (unverified)
﻿15:44:01 : Player #4 Laurence Gommersil - Legacy GUID: 968c41ae2194f0cd7392781b4dee481b
﻿15:44:02 : Verified GUID (f1f45f96a2cdd71b21097c87e6cef51a) of player #4 Laurence Gommersil
﻿15:44:11 : Player #5 Mario (188.26.79.21:3302) connected
﻿15:44:12 : Player #5 Mario - GUID: 1daf4deee2cb2cdbf48266893826a6d7 (unverified)
﻿15:44:13 : Verified GUID (1daf4deee2cb2cdbf48266893826a6d7) of player #5 Mario
﻿15:44:13 : Player #5 Mario - Legacy GUID: 19c7c6a4420f22d99240bb7c03666bf1
﻿15:48:10 : RCon admin #4: (Global) ADMINS: LWB AND SIERRA | VISIT THE WEBSITE FOR DONATION PERKS | SURVIVALIST-DAYZ.COM
﻿15:51:23 : Player #4 Laurence Gommersil disconnected
﻿15:52:35 : Player #4 Laurence Gommersil (91.84.65.136:3302) connected
﻿15:52:38 : Player #4 Laurence Gommersil - GUID: c2a9b9e975c3a16bc843e3b1437182ca (unverified)
﻿15:52:38 : Verified GUID (c2a9b9e975c3a16bc843e3b1437182ca) of player #4 Laurence Gommersil
﻿15:52:39 : Player #4 Laurence Gommersil - Legacy GUID: 40b9483bb39fdbf38ebf22597947cee7
﻿15:52:41 : Player #4 Laurence Gommersil disconnected
﻿15:53:35 : Player #4 Laurence Gommersil (91.84.65.136:3302) connected
﻿15:53:36 : Player #4 Laurence Gommersil - GUID: c2a9b9e975c3a16bc843e3b1437182ca (unverified)
﻿15:53:37 : Verified GUID (c2a9b9e975c3a16bc843e3b1437182ca) of player #4 Laurence Gommersil
﻿15:53:37 : Player #4 Laurence Gommersil - Legacy GUID: 40b9483bb39fdbf38ebf22597947cee7
﻿16:02:10 : RCon admin #4: (Global) BASES MUST BE MAINTAINED VIA THE PLOT POLE EVERY 7 DAYS!!
﻿16:03:23 : Player #6 M.K. (109.101.224.92:2304) connected
﻿16:03:25 : Player #6 M.K. - GUID: 571fb2e0f2eb39ffd202006f98ed4e00 (unverified)
﻿16:03:25 : Player #6 M.K. - Legacy GUID: 88cbf0cb339b2fdd89e58c1466b5f40f
﻿16:03:26 : Verified GUID (571fb2e0f2eb39ffd202006f98ed4e00) of player #6 M.K.
﻿16:07:10 : RCon admin #4: (Global) NO SQUAD XML: ENGLISH ONLY IN SIDE CHAT: VEHICLES AND GEAR CAN BE STOLEN ANYWHERE
﻿16:17:05 : Player #7 2DIE4 (84.130.106.88:3302) connected
﻿16:17:06 : Player #7 2DIE4 - GUID: 97b8e8b63e4439b2b62c99dde2b8b8a1 (unverified)
﻿16:17:07 : Verified GUID (97b8e8b63e4439b2b62c99dde2b8b8a1) of player #7 2DIE4
﻿16:17:07 : Player #7 2DIE4 - Legacy GUID: e56dc54c0a6d92faa8a284d7c54bffab
﻿16:17:22 : Player #7 2DIE4 disconnected
﻿16:18:10 : RCon admin #4: (Global) ADMINS: LWB AND SIERRA | VISIT THE WEBSITE FOR DONATION PERKS | SURVIVALIST-DAYZ.COM
﻿16:18:15 : Player #7 2DIE4 (84.130.106.88:3302) connected
﻿16:18:16 : Player #7 2DIE4 - GUID: 97b8e8b63e4439b2b62c99dde2b8b8a1 (unverified)
﻿16:18:16 : Verified GUID (97b8e8b63e4439b2b62c99dde2b8b8a1) of player #7 2DIE4
﻿16:18:17 : Player #7 2DIE4 - Legacy GUID: e56dc54c0a6d92faa8a284d7c54bffab
﻿16:20:47 : Player #4 Laurence Gommersil disconnected
﻿16:21:55 : Player #4 Laurence Gommersil (91.84.65.136:3302) connected
﻿16:21:57 : Player #4 Laurence Gommersil - GUID: f1f45f96a2cdd71b21097c87e6cef51a (unverified)
﻿16:21:57 : Player #4 Laurence Gommersil - Legacy GUID: 968c41ae2194f0cd7392781b4dee481b
﻿16:21:57 : Verified GUID (f1f45f96a2cdd71b21097c87e6cef51a) of player #4 Laurence Gommersil
﻿16:23:05 : Player #8 Chytry_Dimitri (77.46.97.84:3302) connected
﻿16:23:06 : Player #8 Chytry_Dimitri - GUID: 67f3c0f361a58bd844418f1a1266d7c2 (unverified)
﻿16:23:07 : Verified GUID (67f3c0f361a58bd844418f1a1266d7c2) of player #8 Chytry_Dimitri
﻿16:23:07 : Player #8 Chytry_Dimitri - Legacy GUID: 11e0c7ce68936743bb27d80fc9a6c200
﻿16:27:46 : Player #4 Laurence Gommersil disconnected
﻿16:32:11 : RCon admin #4: (Global) BASES MUST BE MAINTAINED VIA THE PLOT POLE EVERY 7 DAYS!!
﻿16:37:10 : RCon admin #4: (Global) NO SQUAD XML: ENGLISH ONLY IN SIDE CHAT: VEHICLES AND GEAR CAN BE STOLEN ANYWHERE
﻿16:39:47 : Player #2 GBK disconnected
﻿16:48:10 : RCon admin #4: (Global) ADMINS: LWB AND SIERRA | VISIT THE WEBSITE FOR DONATION PERKS | SURVIVALIST-DAYZ.COM
﻿16:58:51 : Player #2 Asus (88.232.246.165:14871) connected
﻿16:58:53 : Player #2 Asus - GUID: 2bae89db10c19c5664cf4debb2da9391 (unverified)
﻿16:58:53 : Player #2 Asus - Legacy GUID: 1ba12a2a3c095b435305952571bc39ec
﻿16:58:53 : Verified GUID (2bae89db10c19c5664cf4debb2da9391) of player #2 Asus
﻿17:02:10 : RCon admin #4: (Global) BASES MUST BE MAINTAINED VIA THE PLOT POLE EVERY 7 DAYS!!
﻿17:03:10 : Player #4 Peltsi (62.183.158.55:2304) connected
﻿17:03:11 : Player #4 Peltsi - GUID: 46ff309f5e121138af56033c1398b59b (unverified)
﻿17:03:12 : Verified GUID (46ff309f5e121138af56033c1398b59b) of player #4 Peltsi
﻿17:03:12 : Player #4 Peltsi - Legacy GUID: a260917942cac565246acb8a68d9443f
﻿17:03:25 : Player #9 Luca (79.49.242.58:3302) connected
﻿17:03:26 : Player #9 Luca - GUID: 6e7c40a61724544b4275966bd75de0e6 (unverified)
﻿17:03:27 : Player #9 Luca - Legacy GUID: 9d6f7df8f28bf750a2189a9c4d05f558
﻿17:03:27 : Verified GUID (6e7c40a61724544b4275966bd75de0e6) of player #9 Luca
﻿17:04:16 : RCon admin #5 (86.162.43.39:59427) logged in
﻿17:04:22 : Player #9 Luca (6e7c40a61724544b4275966bd75de0e6) has been kicked by BattlEye: CreateVehicle Restriction #1
﻿17:04:24 : Player #3 Ovidiu disconnected
﻿17:05:03 : Player #8 Chytry_Dimitri disconnected
﻿17:05:38 : Player #3 Chytry_Dimitri (77.46.97.84:3302) connected
﻿17:05:39 : Player #3 Chytry_Dimitri - GUID: 67f3c0f361a58bd844418f1a1266d7c2 (unverified)
﻿17:05:40 : Verified GUID (67f3c0f361a58bd844418f1a1266d7c2) of player #3 Chytry_Dimitri
﻿17:05:40 : Player #3 Chytry_Dimitri - Legacy GUID: 11e0c7ce68936743bb27d80fc9a6c200
﻿17:07:10 : RCon admin #4: (Global) NO SQUAD XML: ENGLISH ONLY IN SIDE CHAT: VEHICLES AND GEAR CAN BE STOLEN ANYWHERE
﻿17:11:29 : Player #8 Luca (79.49.242.58:3302) connected
﻿17:11:30 : Player #8 Luca - GUID: 6e7c40a61724544b4275966bd75de0e6 (unverified)
﻿17:11:31 : Verified GUID (6e7c40a61724544b4275966bd75de0e6) of player #8 Luca
﻿17:11:31 : Player #8 Luca - Legacy GUID: 9d6f7df8f28bf750a2189a9c4d05f558
﻿17:14:42 : Player #4 Peltsi disconnected
﻿17:15:47 : Player #1 VPr3stigious disconnected
﻿17:18:10 : RCon admin #4: (Global) ADMINS: LWB AND SIERRA | VISIT THE WEBSITE FOR DONATION PERKS | SURVIVALIST-DAYZ.COM
﻿17:23:47 : Player #1 Ovidiu (92.114.52.92:3302) connected
﻿17:23:49 : Player #1 Ovidiu - GUID: 7df969c92ad86496670af3d3105fa7f9 (unverified)
﻿17:23:50 : Player #1 Ovidiu - Legacy GUID: ee925f9f455bcdecc7328b5bb06d44c0
﻿17:23:59 : Verified GUID (7df969c92ad86496670af3d3105fa7f9) of player #1 Ovidiu
﻿17:24:07 : Player #4 макс (109.161.52.12:27006) connected
﻿17:24:08 : Player #4 макс - GUID: c4c10e8c56dfbfbd0bffc63b74737b6f (unverified)
﻿17:24:09 : Player #4 макс (c4c10e8c56dfbfbd0bffc63b74737b6f) has been kicked by BattlEye: Admin Kick (BEC : Fix your player name, it needs to be ASCII chars only)
﻿17:26:30 : Player #1 Ovidiu (7df969c92ad86496670af3d3105fa7f9) has been kicked by BattlEye: SetPos Restriction #0
﻿17:26:38 : Player #1 Ovidiu (92.114.52.92:3302) connected
﻿17:26:39 : Player #1 Ovidiu - GUID: 7df969c92ad86496670af3d3105fa7f9 (unverified)
﻿17:26:39 : Verified GUID (7df969c92ad86496670af3d3105fa7f9) of player #1 Ovidiu
﻿17:26:40 : Player #1 Ovidiu - Legacy GUID: ee925f9f455bcdecc7328b5bb06d44c0
﻿17:31:45 : RCon admin #0 (86.162.43.39:54179) logged in
﻿17:32:11 : RCon admin #4: (Global) BASES MUST BE MAINTAINED VIA THE PLOT POLE EVERY 7 DAYS!!
﻿17:33:28 : RCon admin #5 (86.162.43.39:50598) logged in
﻿17:33:49 : RCon admin #0 (86.162.43.39:50599) logged in
﻿17:34:28 : RCon admin #5 (86.162.43.39:50600) logged in
﻿17:37:10 : RCon admin #4: (Global) NO SQUAD XML: ENGLISH ONLY IN SIDE CHAT: VEHICLES AND GEAR CAN BE STOLEN ANYWHERE
﻿17:38:03 : RCon admin #0 (86.162.43.39:50955) logged in
﻿17:38:28 : RCon admin #5 (86.162.43.39:50956) logged in
﻿17:39:13 : Player #6 M.K. disconnected
﻿17:40:56 : Player #0 Freedom disconnected
﻿17:41:42 : Player #1 Ovidiu disconnected
﻿17:43:11 : RCon admin #4: (Global) Server will restart in 10 minutes
﻿17:48:11 : RCon admin #4: (Global) ADMINS: LWB AND SIERRA | VISIT THE WEBSITE FOR DONATION PERKS | SURVIVALIST-DAYZ.COM
﻿17:48:11 : RCon admin #4: (Global) Server will restart in 5 minutes: Prepare to Logout
﻿17:49:01 : Player #8 Luca disconnected
﻿17:49:34 : Player #2 Asus disconnected
﻿17:49:48 : Player #3 Chytry_Dimitri disconnected
﻿17:51:11 : RCon admin #4: (Global) The Server is about to restart. LOG OUT NOW OR YOUR GEAR MAY BE LOST!!
﻿17:51:33 : Player #5 Mario disconnected
﻿17:52:40 : RCon admin #4: (Global) YOU SHOULD BE LOGGED OUT BY NOW! IF YOU ARENT YOU WILL BE AUTO KICKED AND YOUR GEAR MAY BE LOST! NO REFUNDS!
﻿17:53:44 : Rcon client logging in
﻿17:53:44 : RCon admin #4 (78.31.67.100:49372) logged in
﻿17:53:58 : RCon admin #1 (86.162.43.39:56115) logged in
﻿17:54:38 : RCon admin #3 (86.162.43.39:51164) logged in
﻿17:55:59 : RCon admin #5 (86.162.43.39:56218) logged in
﻿17:56:27 : Player #0 Mario (188.26.79.21:3302) connected
﻿17:56:29 : Player #0 Mario - GUID: 1daf4deee2cb2cdbf48266893826a6d7 (unverified)
﻿17:56:29 : Verified GUID (1daf4deee2cb2cdbf48266893826a6d7) of player #0 Mario
﻿17:56:29 : Player #0 Mario - Legacy GUID: 19c7c6a4420f22d99240bb7c03666bf1
﻿17:57:02 : Player #1 Ovidiu (92.114.52.92:3302) connected
﻿17:57:03 : Player #1 Ovidiu - GUID: 7df969c92ad86496670af3d3105fa7f9 (unverified)
﻿17:57:04 : Verified GUID (7df969c92ad86496670af3d3105fa7f9) of player #1 Ovidiu
﻿17:57:04 : Player #1 Ovidiu - Legacy GUID: ee925f9f455bcdecc7328b5bb06d44c0
﻿17:57:58 : Player #2 Luca (79.49.242.58:3302) connected
﻿17:57:59 : Player #2 Luca - GUID: 6e7c40a61724544b4275966bd75de0e6 (unverified)
﻿17:58:00 : Verified GUID (6e7c40a61724544b4275966bd75de0e6) of player #2 Luca
﻿17:58:00 : Player #2 Luca - Legacy GUID: 9d6f7df8f28bf750a2189a9c4d05f558
﻿17:58:38 : Player #3 Arne (2.104.45.123:3302) connected
﻿17:58:40 : Player #3 Arne - GUID: 438b3f774367dfe1203639f51a6f5c4f (unverified)
﻿17:58:40 : Verified GUID (438b3f774367dfe1203639f51a6f5c4f) of player #3 Arne
﻿17:58:40 : Player #3 Arne - Legacy GUID: 8aec1d74ca7b7b889f081e10656686f1
﻿17:58:54 : Player #4 amber (86.15.148.225:3302) connected
﻿17:58:56 : Player #4 amber - GUID: c1363a1842a0799fec2c2045e07ff745 (unverified)
﻿17:58:56 : Verified GUID (c1363a1842a0799fec2c2045e07ff745) of player #4 amber
﻿17:58:56 : Player #4 amber - Legacy GUID: c3aedd054ddda4023d4d5a630efcb6f7
﻿17:59:55 : Player #5 Laurence Gommersil (91.84.65.136:3302) connected
﻿17:59:57 : Player #5 Laurence Gommersil - GUID: f1f45f96a2cdd71b21097c87e6cef51a (unverified)
﻿17:59:57 : Player #5 Laurence Gommersil - Legacy GUID: 968c41ae2194f0cd7392781b4dee481b
﻿17:59:58 : Verified GUID (f1f45f96a2cdd71b21097c87e6cef51a) of player #5 Laurence Gommersil
﻿18:02:52 : Player #6 Sebastian (84.118.159.31:3302) connected
﻿18:02:53 : Player #6 Sebastian - GUID: 9a799dfc537287cfac575dda5f04f439 (unverified)
﻿18:02:53 : Verified GUID (9a799dfc537287cfac575dda5f04f439) of player #6 Sebastian
﻿18:02:54 : Player #6 Sebastian - Legacy GUID: 49d332f8760d380209db3cece2ab1a70
﻿18:03:01 : Player #6 Sebastian disconnected
﻿18:04:00 : RCon admin #4: (To Laurence Gommersil) Watch your language. No Warnings left. Next badword will result in kick
﻿18:04:33 : Player #6 nutzer (185.75.148.2:3302) connected
﻿18:04:34 : Player #6 nutzer - GUID: 0476c272db61da86d0cfa3243eb1335e (unverified)
﻿18:04:35 : Verified GUID (0476c272db61da86d0cfa3243eb1335e) of player #6 nutzer
﻿18:04:35 : Player #6 nutzer - Legacy GUID: 275c6ddb7545b8dea19dabea63dceae2
﻿18:04:49 : Player #7 Sebastian (84.118.159.31:3302) connected
﻿18:04:50 : Player #7 Sebastian - GUID: 9a799dfc537287cfac575dda5f04f439 (unverified)
﻿18:04:51 : Verified GUID (9a799dfc537287cfac575dda5f04f439) of player #7 Sebastian
﻿18:04:51 : Player #7 Sebastian - Legacy GUID: 49d332f8760d380209db3cece2ab1a70
﻿18:06:43 : Player #8 -SDS- Merlin (93.218.239.96:64250) connected
﻿18:06:44 : Player #8 -SDS- Merlin - GUID: c91d2c4bdd2829b924d780d2b78ba593 (unverified)
﻿18:06:44 : Verified GUID (c91d2c4bdd2829b924d780d2b78ba593) of player #8 -SDS- Merlin
﻿18:06:45 : Player #8 -SDS- Merlin - Legacy GUID: e7962c015e7271f617650f8ecd20ee71
﻿18:07:14 : RCon admin #1 (86.162.43.39:63369) logged in
﻿18:07:44 : RCon admin #4: (Global) NO SQUAD XML: ENGLISH ONLY IN SIDE CHAT: VEHICLES AND GEAR CAN BE STOLEN ANYWHERE
﻿18:08:29 : Player #9 -SDS- Meliodas (93.128.208.17:3302) connected
﻿18:08:30 : Player #9 -SDS- Meliodas - GUID: 4b9356a371e11a19d8bdd196f9cc814d (unverified)
﻿18:08:31 : Verified GUID (4b9356a371e11a19d8bdd196f9cc814d) of player #9 -SDS- Meliodas
﻿18:08:31 : Player #9 -SDS- Meliodas - Legacy GUID: 85ce520f606fe7cd95f4aa41f68397ec
﻿18:10:04 : RCon admin #5 (86.162.43.39:63370) logged in
﻿18:10:18 : Player #10 Chytry_Dimitri (77.46.97.84:3302) connected
﻿18:10:19 : Player #10 Chytry_Dimitri - GUID: 67f3c0f361a58bd844418f1a1266d7c2 (unverified)
﻿18:10:19 : Verified GUID (67f3c0f361a58bd844418f1a1266d7c2) of player #10 Chytry_Dimitri
﻿18:10:20 : Player #10 Chytry_Dimitri - Legacy GUID: 11e0c7ce68936743bb27d80fc9a6c200
﻿18:13:36 : Player #4 amber (c1363a1842a0799fec2c2045e07ff745) has been kicked by BattlEye: Client not responding
﻿18:16:18 : Player #4 -SDS- Gowther (188.103.244.110:3302) connected
﻿18:16:19 : Player #4 -SDS- Gowther - GUID: 03492c7dbb4087e80f5c95d1df0aebac (unverified)
﻿18:16:20 : Player #4 -SDS- Gowther - Legacy GUID: 459161ad2315d6e5e544515528714548
﻿18:16:22 : Verified GUID (03492c7dbb4087e80f5c95d1df0aebac) of player #4 -SDS- Gowther
﻿18:18:44 : RCon admin #4: (Global) ADMINS: LWB AND SIERRA | VISIT THE WEBSITE FOR DONATION PERKS | SURVIVALIST-DAYZ.COM
﻿18:21:11 : Player #9 -SDS- Meliodas disconnected
﻿18:21:50 : Player #4 -SDS- Gowther disconnected
﻿18:24:14 : RCon admin #1 (86.162.43.39:51094) logged in
﻿18:25:48 : Player #4 Freedom (173.85.71.79:2304) connected
﻿18:25:49 : Player #4 Freedom - GUID: 32974eed83d84dab3c6a86016f1a1d12 (unverified)
﻿18:25:50 : Player #4 Freedom - Legacy GUID: 97a8c85ef5bf1164b1deba8cac447118
﻿18:25:52 : Verified GUID (32974eed83d84dab3c6a86016f1a1d12) of player #4 Freedom
﻿18:25:57 : Player #5 Laurence Gommersil disconnected
﻿18:26:43 : Player #2 Luca disconnected
﻿18:28:26 : Player #2 Luca (79.49.242.58:3302) connected
﻿18:28:27 : Player #2 Luca - GUID: 6e7c40a61724544b4275966bd75de0e6 (unverified)
﻿18:28:28 : Player #2 Luca - Legacy GUID: 9d6f7df8f28bf750a2189a9c4d05f558
﻿18:28:31 : Verified GUID (6e7c40a61724544b4275966bd75de0e6) of player #2 Luca
﻿18:30:45 : RCon admin #5 (86.162.43.39:53569) logged in
﻿18:32:44 : RCon admin #4: (Global) BASES MUST BE MAINTAINED VIA THE PLOT POLE EVERY 7 DAYS!!
﻿18:33:39 : Player #5 LWB [SD] (86.162.43.39:1025) connected
﻿18:33:40 : Player #5 LWB [SD] - GUID: bc07c7c39c76cf95a7a434d686d9df66 (unverified)
﻿18:33:41 : Verified GUID (bc07c7c39c76cf95a7a434d686d9df66) of player #5 LWB [SD]
﻿18:33:41 : Player #5 LWB [SD] - Legacy GUID: 977383e15b6c706cac44ca953ba440c7
﻿18:34:57 : Player #4 Freedom disconnected
﻿18:37:44 : RCon admin #4: (Global) NO SQUAD XML: ENGLISH ONLY IN SIDE CHAT: VEHICLES AND GEAR CAN BE STOLEN ANYWHERE
﻿18:44:00 : RCon admin #1 (86.162.43.39:64813) logged in
﻿18:47:12 : Player #8 -SDS- Merlin disconnected
﻿18:48:45 : RCon admin #4: (Global) ADMINS: LWB AND SIERRA | VISIT THE WEBSITE FOR DONATION PERKS | SURVIVALIST-DAYZ.COM
﻿18:54:11 : Player #4 Marius (217.229.248.154:3302) connected
﻿18:54:12 : Player #4 Marius - GUID: 50812ecc25e121ca158505250c783a41 (unverified)
﻿18:54:13 : Verified GUID (50812ecc25e121ca158505250c783a41) of player #4 Marius
﻿18:54:13 : Player #4 Marius - Legacy GUID: f517e10798b02633df6b3d21a344f004
﻿18:58:00 : Player #8 VPr3stigious (5.151.46.28:19718) connected
﻿18:58:01 : Player #8 VPr3stigious - GUID: 520fde90e3adb9004c83a89995a83881 (unverified)
﻿18:58:02 : Verified GUID (520fde90e3adb9004c83a89995a83881) of player #8 VPr3stigious
﻿18:58:02 : Player #8 VPr3stigious - Legacy GUID: a714e2dbd79e3ef15fafcfc3f61bb65b
﻿18:59:47 : Player #9 Comechatka (31.130.94.57:2304) connected
﻿18:59:49 : Player #9 Comechatka - GUID: 1ce86f6f785d24bf0bdf66663461f871 (unverified)
﻿18:59:49 : Player #11 viktor (89.23.3.231:2304) connected
﻿18:59:50 : Player #9 Comechatka - Legacy GUID: 70bb6b7af25816756ae356ef648b8d43
﻿18:59:50 : Verified GUID (1ce86f6f785d24bf0bdf66663461f871) of player #9 Comechatka
﻿18:59:51 : Player #11 viktor - GUID: 6875e33efc76d6fa3a8d3f9db77fe113 (unverified)
﻿18:59:51 : Player #11 viktor - Legacy GUID: 33db96a9cd4d2bfba8debcaee0d92ec7
﻿18:59:51 : Verified GUID (6875e33efc76d6fa3a8d3f9db77fe113) of player #11 viktor
﻿19:02:45 : RCon admin #4: (Global) BASES MUST BE MAINTAINED VIA THE PLOT POLE EVERY 7 DAYS!!
﻿19:03:56 : Player #12 Freedom (173.85.71.79:2304) connected
﻿19:03:57 : Player #12 Freedom - GUID: 32974eed83d84dab3c6a86016f1a1d12 (unverified)
﻿19:03:58 : Verified GUID (32974eed83d84dab3c6a86016f1a1d12) of player #12 Freedom
﻿19:03:58 : Player #12 Freedom - Legacy GUID: 97a8c85ef5bf1164b1deba8cac447118
﻿19:07:13 : Player #13 Peaches (212.159.68.89:3302) connected
﻿19:07:14 : Player #13 Peaches - GUID: 88775deef134d016b608de35b27628bb (unverified)
﻿19:07:15 : Player #13 Peaches - Legacy GUID: a555a97b53da7931fc784cb5d6dca50a
﻿19:07:15 : Verified GUID (88775deef134d016b608de35b27628bb) of player #13 Peaches
﻿19:07:45 : RCon admin #4: (Global) NO SQUAD XML: ENGLISH ONLY IN SIDE CHAT: VEHICLES AND GEAR CAN BE STOLEN ANYWHERE
﻿19:08:00 : Player #8 VPr3stigious disconnected
﻿19:12:42 : Player #3 Arne disconnected
﻿19:13:32 : Player #3 GBK (179.26.231.106:10631) connected
﻿19:13:33 : Player #8 Arne (2.104.45.123:3302) connected
﻿19:13:33 : Player #3 GBK - GUID: fe0876ecc546e9c2d484bac1dbac2c82 (unverified)
﻿19:13:34 : Verified GUID (fe0876ecc546e9c2d484bac1dbac2c82) of player #3 GBK
﻿19:13:34 : Player #3 GBK - Legacy GUID: 4ed0ed508937ec13cea9a33b15806a2c
﻿19:13:34 : Player #8 Arne - GUID: 438b3f774367dfe1203639f51a6f5c4f (unverified)
﻿19:13:35 : Verified GUID (438b3f774367dfe1203639f51a6f5c4f) of player #8 Arne
﻿19:13:35 : Player #8 Arne - Legacy GUID: 8aec1d74ca7b7b889f081e10656686f1
﻿19:17:57 : Player #14 Hailstorm (93.222.250.59:3302) connected
﻿19:17:59 : Player #14 Hailstorm - GUID: 0692c4867addd58d9591110bb02a6244 (unverified)
﻿19:17:59 : Player #14 Hailstorm - Legacy GUID: e22681f3383bb6138a608cbe99764fe1
﻿19:18:00 : Verified GUID (0692c4867addd58d9591110bb02a6244) of player #14 Hailstorm
﻿19:18:45 : RCon admin #4: (Global) ADMINS: LWB AND SIERRA | VISIT THE WEBSITE FOR DONATION PERKS | SURVIVALIST-DAYZ.COM
﻿19:20:34 : Player #15 Winans (178.200.93.19:3302) connected
﻿19:20:35 : Player #15 Winans - GUID: 5cfd15b84e558bc0ef1f0210efc34126 (unverified)
﻿19:20:36 : Verified GUID (5cfd15b84e558bc0ef1f0210efc34126) of player #15 Winans
﻿19:20:36 : Player #15 Winans - Legacy GUID: a5953aeb5d5414bdf99a6fe9cbecf6c4
﻿19:26:29 : Player #16 Asus (88.232.246.165:19483) connected
﻿19:26:31 : Player #16 Asus - Legacy GUID: 1ba12a2a3c095b435305952571bc39ec
﻿19:26:31 : Player #16 Asus - GUID: 2bae89db10c19c5664cf4debb2da9391 (unverified)
﻿19:26:31 : Verified GUID (2bae89db10c19c5664cf4debb2da9391) of player #16 Asus
﻿19:32:45 : RCon admin #4: (Global) BASES MUST BE MAINTAINED VIA THE PLOT POLE EVERY 7 DAYS!!
﻿19:36:03 : Player #16 Asus disconnected
﻿19:37:45 : RCon admin #4: (Global) NO SQUAD XML: ENGLISH ONLY IN SIDE CHAT: VEHICLES AND GEAR CAN BE STOLEN ANYWHERE
﻿19:43:42 : Player #11 viktor disconnected
﻿19:45:52 : Player #9 Comechatka disconnected
﻿19:46:06 : Player #9 Turmoil (85.164.44.228:3302) connected
﻿19:46:08 : Player #9 Turmoil - GUID: 078d3175e22fad797d9a152aaaa83806 (unverified)
﻿19:46:08 : Verified GUID (078d3175e22fad797d9a152aaaa83806) of player #9 Turmoil
﻿19:46:08 : Player #9 Turmoil - Legacy GUID: 153330a3c1eb9ccf7092e322ab07ebb0
﻿19:48:45 : RCon admin #4: (Global) ADMINS: LWB AND SIERRA | VISIT THE WEBSITE FOR DONATION PERKS | SURVIVALIST-DAYZ.COM
﻿19:51:05 : Player #0 Mario disconnected
﻿19:51:58 : Player #6 nutzer disconnected
﻿19:52:42 : Player #0 nutzer (185.75.148.2:3302) connected
﻿19:52:45 : Player #0 nutzer - GUID: 0476c272db61da86d0cfa3243eb1335e (unverified)
﻿19:52:46 : Verified GUID (0476c272db61da86d0cfa3243eb1335e) of player #0 nutzer
﻿19:52:48 : Player #0 nutzer - Legacy GUID: 275c6ddb7545b8dea19dabea63dceae2
﻿19:54:59 : Player #0 nutzer disconnected
﻿19:55:01 : Player #3 GBK disconnected
﻿19:55:57 : Player #0 nutzer (185.75.148.2:3302) connected
﻿19:55:59 : Player #0 nutzer - GUID: 0476c272db61da86d0cfa3243eb1335e (unverified)
﻿19:56:00 : Player #0 nutzer - Legacy GUID: 275c6ddb7545b8dea19dabea63dceae2
﻿19:56:00 : Verified GUID (0476c272db61da86d0cfa3243eb1335e) of player #0 nutzer
﻿19:58:45 : Player #1 Ovidiu disconnected
﻿20:02:45 : RCon admin #4: (Global) BASES MUST BE MAINTAINED VIA THE PLOT POLE EVERY 7 DAYS!!
﻿20:04:47 : RCon admin #5 (86.162.43.39:54951) logged in
﻿20:05:07 : Player #1 Cochice (193.106.163.67:27258) connected
﻿20:05:09 : Player #1 Cochice - GUID: e520188ccc08413e0987fb0a4d9310f5 (unverified)
﻿20:05:09 : Player #1 Cochice - Legacy GUID: d2647f97bad154c8c5ddd1d4bc02169c
﻿20:05:09 : Verified GUID (e520188ccc08413e0987fb0a4d9310f5) of player #1 Cochice
﻿20:06:35 : Player #3 NEGAN (194.135.17.88:3302) connected
﻿20:06:36 : Player #3 NEGAN - GUID: 4d5241c1fd33ddbc9dd8fc236fbc1edd (unverified)
﻿20:06:37 : Player #3 NEGAN - Legacy GUID: c900ba533f5f2e1347e26f45aad72197
﻿20:06:37 : Verified GUID (4d5241c1fd33ddbc9dd8fc236fbc1edd) of player #3 NEGAN
﻿20:07:44 : RCon admin #4: (Global) NO SQUAD XML: ENGLISH ONLY IN SIDE CHAT: VEHICLES AND GEAR CAN BE STOLEN ANYWHERE
﻿20:13:15 : Player #12 Freedom disconnected
﻿20:13:45 : RCon admin #4: (Global) Server will restart in 10 minutes
﻿20:18:45 : RCon admin #4: (Global) ADMINS: LWB AND SIERRA | VISIT THE WEBSITE FOR DONATION PERKS | SURVIVALIST-DAYZ.COM
﻿20:18:45 : RCon admin #4: (Global) Server will restart in 5 minutes: Prepare to Logout
﻿20:19:48 : Player #6 -SDS-Ban (91.137.50.143:3302) connected
﻿20:19:49 : Player #6 -SDS-Ban - GUID: 1bda1d7f7f9ae72702de431a4bc55b4a (unverified)
﻿20:19:50 : Verified GUID (1bda1d7f7f9ae72702de431a4bc55b4a) of player #6 -SDS-Ban
﻿20:19:50 : Player #6 -SDS-Ban - Legacy GUID: 38e5e3e9b10fb9c9d083aef35e291fde
﻿20:20:03 : Player #4 Marius disconnected
﻿20:20:14 : Player #13 Peaches disconnected
﻿20:20:38 : Player #8 Arne disconnected
﻿20:20:44 : Player #0 nutzer disconnected
﻿20:21:17 : RCon admin #1 (86.162.43.39:63950) logged in
﻿20:21:38 : RCon admin #5 (86.162.43.39:62997) logged in
﻿20:21:45 : RCon admin #4: (Global) The Server is about to restart. LOG OUT NOW OR YOUR GEAR MAY BE LOST!!
﻿20:21:56 : Player #5 LWB [SD] disconnected
﻿20:22:13 : Player #15 Winans disconnected
﻿20:22:24 : Player #3 NEGAN disconnected
﻿20:22:30 : Player #14 Hailstorm disconnected
﻿20:22:42 : Player #10 Chytry_Dimitri disconnected
﻿20:22:42 : Player #9 Turmoil disconnected
﻿20:23:14 : RCon admin #4: (Global) YOU SHOULD BE LOGGED OUT BY NOW! IF YOU ARENT YOU WILL BE AUTO KICKED AND YOUR GEAR MAY BE LOST! NO REFUNDS!
﻿20:23:34 : Player #7 Sebastian disconnected
﻿20:24:18 : Rcon client logging in
﻿20:24:18 : RCon admin #4 (78.31.67.100:51577) logged in
﻿20:25:23 : Player #0 NEGAN (194.135.17.88:3302) connected
﻿20:25:24 : Player #0 NEGAN - GUID: 4d5241c1fd33ddbc9dd8fc236fbc1edd (unverified)
﻿20:25:25 : Verified GUID (4d5241c1fd33ddbc9dd8fc236fbc1edd) of player #0 NEGAN
﻿20:25:25 : Player #0 NEGAN - Legacy GUID: c900ba533f5f2e1347e26f45aad72197
﻿20:25:29 : Player #0 NEGAN disconnected
﻿20:25:34 : Player #0 Luca (79.49.242.58:3302) connected
﻿20:25:35 : Player #0 Luca - GUID: 6e7c40a61724544b4275966bd75de0e6 (unverified)
﻿20:25:36 : Verified GUID (6e7c40a61724544b4275966bd75de0e6) of player #0 Luca
﻿20:25:36 : Player #0 Luca - Legacy GUID: 9d6f7df8f28bf750a2189a9c4d05f558
﻿20:26:05 : Player #1 Turmoil (85.164.44.228:3302) connected
﻿20:26:08 : Player #1 Turmoil - GUID: 078d3175e22fad797d9a152aaaa83806 (unverified)
﻿20:26:08 : Player #2 Cochice (193.106.163.67:27258) connected
﻿20:26:08 : Verified GUID (078d3175e22fad797d9a152aaaa83806) of player #1 Turmoil
﻿20:26:09 : Player #1 Turmoil - Legacy GUID: 153330a3c1eb9ccf7092e322ab07ebb0
﻿20:26:09 : Player #2 Cochice - GUID: e520188ccc08413e0987fb0a4d9310f5 (unverified)
﻿20:26:10 : Verified GUID (e520188ccc08413e0987fb0a4d9310f5) of player #2 Cochice
﻿20:26:10 : Player #2 Cochice - Legacy GUID: d2647f97bad154c8c5ddd1d4bc02169c
﻿20:26:34 : Player #3 Winans (178.200.93.19:3302) connected
﻿20:26:35 : Player #3 Winans - GUID: 5cfd15b84e558bc0ef1f0210efc34126 (unverified)
﻿20:26:36 : Verified GUID (5cfd15b84e558bc0ef1f0210efc34126) of player #3 Winans
﻿20:26:37 : Player #3 Winans - Legacy GUID: a5953aeb5d5414bdf99a6fe9cbecf6c4
﻿20:26:40 : Player #3 Winans disconnected
﻿20:27:23 : Player #3 -SDS-Ban (91.137.50.143:3302) connected
﻿20:27:24 : Player #3 -SDS-Ban - GUID: 1bda1d7f7f9ae72702de431a4bc55b4a (unverified)
﻿20:27:24 : Verified GUID (1bda1d7f7f9ae72702de431a4bc55b4a) of player #3 -SDS-Ban
﻿20:27:25 : Player #3 -SDS-Ban - Legacy GUID: 38e5e3e9b10fb9c9d083aef35e291fde
﻿20:27:30 : Player #4 Hailstorm (93.222.250.59:3302) connected
﻿20:27:30 : Player #5 NEGAN (194.135.17.88:3302) connected
﻿20:27:31 : Player #4 Hailstorm - GUID: 0692c4867addd58d9591110bb02a6244 (unverified)
﻿20:27:31 : Verified GUID (0692c4867addd58d9591110bb02a6244) of player #4 Hailstorm
﻿20:27:32 : Player #4 Hailstorm - Legacy GUID: e22681f3383bb6138a608cbe99764fe1
﻿20:27:32 : Player #5 NEGAN - GUID: 4d5241c1fd33ddbc9dd8fc236fbc1edd (unverified)
﻿20:27:33 : Player #5 NEGAN - Legacy GUID: c900ba533f5f2e1347e26f45aad72197
﻿20:27:33 : Verified GUID (4d5241c1fd33ddbc9dd8fc236fbc1edd) of player #5 NEGAN
﻿20:28:40 : Player #6 Peasant (86.162.43.39:1026) connected
﻿20:28:42 : Player #6 Peasant - GUID: dea2d42442b9f7baf6c9441b3cdd4c28 (unverified)
﻿20:28:42 : Player #6 Peasant - Legacy GUID: 4fb7677ee2815a3907adb63d8d1637f4
﻿20:28:43 : Verified GUID (dea2d42442b9f7baf6c9441b3cdd4c28) of player #6 Peasant
﻿20:28:45 : Player #7 -SDS- King (94.222.77.119:3302) connected
﻿20:28:46 : Player #7 -SDS- King - GUID: 513c3deb4a6986a9108718c20658f233 (unverified)
﻿20:28:47 : Verified GUID (513c3deb4a6986a9108718c20658f233) of player #7 -SDS- King
﻿20:28:47 : Player #7 -SDS- King - Legacy GUID: 9c4afe2f01736425f74faf2be50d01ee
﻿20:28:54 : Player #8 Sebastian (84.118.159.31:3302) connected
﻿20:28:55 : Player #8 Sebastian - GUID: 9a799dfc537287cfac575dda5f04f439 (unverified)
﻿20:28:56 : Verified GUID (9a799dfc537287cfac575dda5f04f439) of player #8 Sebastian
﻿20:28:56 : Player #8 Sebastian - Legacy GUID: 49d332f8760d380209db3cece2ab1a70
﻿20:29:07 : Player #9 Marius (217.229.248.154:3302) connected
﻿20:29:08 : Player #9 Marius - GUID: 50812ecc25e121ca158505250c783a41 (unverified)
﻿20:29:09 : Verified GUID (50812ecc25e121ca158505250c783a41) of player #9 Marius
﻿20:29:09 : Player #9 Marius - Legacy GUID: f517e10798b02633df6b3d21a344f004
﻿20:29:19 : Player #10 nutzer (185.75.148.2:3302) connected
﻿20:29:21 : Player #10 nutzer - GUID: 0476c272db61da86d0cfa3243eb1335e (unverified)
﻿20:29:22 : Verified GUID (0476c272db61da86d0cfa3243eb1335e) of player #10 nutzer
﻿20:29:23 : Player #10 nutzer - Legacy GUID: 275c6ddb7545b8dea19dabea63dceae2
﻿20:29:43 : Player #7 -SDS- King (513c3deb4a6986a9108718c20658f233) has been kicked by BattlEye: Ping too high (359)
﻿20:30:26 : Player #10 nutzer disconnected
﻿20:30:31 : Player #7 LWB [SD] (86.162.43.39:2304) connected
﻿20:30:32 : Player #7 LWB [SD] - GUID: bc07c7c39c76cf95a7a434d686d9df66 (unverified)
﻿20:30:33 : Verified GUID (bc07c7c39c76cf95a7a434d686d9df66) of player #7 LWB [SD]
﻿20:30:33 : Player #7 LWB [SD] - Legacy GUID: 977383e15b6c706cac44ca953ba440c7
﻿20:30:40 : Player #10 Digupherbones (86.162.43.39:1027) connected
﻿20:30:42 : Player #10 Digupherbones - GUID: 6f7cdbb1e69bf4eb8b32fb87af0a3dcc (unverified)
﻿20:30:42 : Verified GUID (6f7cdbb1e69bf4eb8b32fb87af0a3dcc) of player #10 Digupherbones
﻿20:30:42 : Player #10 Digupherbones - Owner GUID: d5a7a204223d483926d292f4255aa428
﻿20:30:43 : Player #10 Digupherbones - Legacy GUID: 81e5f276acb3bd8401df80e28c6291a7
﻿20:30:59 : Player #11 nutzer (185.75.148.2:3302) connected
﻿20:31:01 : Player #11 nutzer - GUID: 0476c272db61da86d0cfa3243eb1335e (unverified)
﻿20:31:02 : Verified GUID (0476c272db61da86d0cfa3243eb1335e) of player #11 nutzer
﻿20:31:03 : Player #11 nutzer - Legacy GUID: 275c6ddb7545b8dea19dabea63dceae2
﻿20:31:55 : Player #6 Peasant disconnected
﻿20:31:55 : Player #6 -SDS- King (94.222.77.119:3302) connected
﻿20:31:58 : Player #6 -SDS- King - GUID: 513c3deb4a6986a9108718c20658f233 (unverified)
﻿20:31:58 : Player #6 -SDS- King - Legacy GUID: 9c4afe2f01736425f74faf2be50d01ee
﻿20:31:58 : Verified GUID (513c3deb4a6986a9108718c20658f233) of player #6 -SDS- King
﻿20:32:14 : Player #12 Ovidiu (92.114.52.92:3302) connected
﻿20:32:15 : Player #12 Ovidiu - GUID: 7df969c92ad86496670af3d3105fa7f9 (unverified)
﻿20:32:16 : Player #12 Ovidiu - Legacy GUID: ee925f9f455bcdecc7328b5bb06d44c0
﻿20:32:16 : Verified GUID (7df969c92ad86496670af3d3105fa7f9) of player #12 Ovidiu
﻿20:32:45 : RCon admin #1 (86.162.43.39:52185) logged in
﻿20:34:12 : Player #13 Peasant (86.162.43.39:1024) connected
﻿20:34:13 : Player #13 Peasant - GUID: dea2d42442b9f7baf6c9441b3cdd4c28 (unverified)
﻿20:34:14 : Verified GUID (dea2d42442b9f7baf6c9441b3cdd4c28) of player #13 Peasant
﻿20:34:14 : Player #13 Peasant - Legacy GUID: 4fb7677ee2815a3907adb63d8d1637f4
﻿20:36:08 : Player #14 Winans (178.200.93.19:3302) connected
﻿20:36:09 : Player #14 Winans - GUID: 5cfd15b84e558bc0ef1f0210efc34126 (unverified)
﻿20:36:10 : Verified GUID (5cfd15b84e558bc0ef1f0210efc34126) of player #14 Winans
﻿20:36:10 : Player #14 Winans - Legacy GUID: a5953aeb5d5414bdf99a6fe9cbecf6c4
﻿20:38:19 : RCon admin #4: (Global) NO SQUAD XML: ENGLISH ONLY IN SIDE CHAT: VEHICLES AND GEAR CAN BE STOLEN ANYWHERE
﻿20:38:41 : Player #11 nutzer disconnected
﻿20:39:14 : Player #11 nutzer (185.75.148.2:3302) connected
﻿20:39:17 : Player #11 nutzer - GUID: 0476c272db61da86d0cfa3243eb1335e (unverified)
﻿20:39:17 : Verified GUID (0476c272db61da86d0cfa3243eb1335e) of player #11 nutzer
﻿20:39:18 : Player #11 nutzer - Legacy GUID: 275c6ddb7545b8dea19dabea63dceae2
﻿20:40:03 : RCon admin #5 (86.162.43.39:62868) logged in
﻿20:41:44 : Player #6 -SDS- King (513c3deb4a6986a9108718c20658f233) has been kicked by BattlEye: Ping too high (1500)
﻿20:43:05 : Player #6 Freedom (173.85.71.79:2304) connected
﻿20:43:07 : Player #6 Freedom - GUID: 32974eed83d84dab3c6a86016f1a1d12 (unverified)
﻿20:43:07 : Verified GUID (32974eed83d84dab3c6a86016f1a1d12) of player #6 Freedom
﻿20:43:07 : Player #6 Freedom - Legacy GUID: 97a8c85ef5bf1164b1deba8cac447118
﻿20:43:40 : Player #15 -SDS- King (94.222.77.119:3302) connected
﻿20:43:44 : Player #15 -SDS- King - GUID: 513c3deb4a6986a9108718c20658f233 (unverified)
﻿20:43:44 : Verified GUID (513c3deb4a6986a9108718c20658f233) of player #15 -SDS- King
﻿20:43:45 : Player #15 -SDS- King - Legacy GUID: 9c4afe2f01736425f74faf2be50d01ee
﻿20:43:45 : Player #6 Freedom disconnected
﻿20:43:56 : Player #15 -SDS- King disconnected
﻿20:45:27 : Player #6 Freedom (173.85.71.79:2304) connected
﻿20:45:29 : Player #6 Freedom - GUID: 32974eed83d84dab3c6a86016f1a1d12 (unverified)
﻿20:45:29 : Player #6 Freedom - Legacy GUID: 97a8c85ef5bf1164b1deba8cac447118
﻿20:45:30 : Verified GUID (32974eed83d84dab3c6a86016f1a1d12) of player #6 Freedom
﻿20:45:50 : Player #15 -SDS- King (94.222.77.119:3302) connected
﻿20:45:53 : Player #15 -SDS- King - Legacy GUID: 9c4afe2f01736425f74faf2be50d01ee
﻿20:45:53 : Player #15 -SDS- King - GUID: 513c3deb4a6986a9108718c20658f233 (unverified)
﻿20:45:55 : Verified GUID (513c3deb4a6986a9108718c20658f233) of player #15 -SDS- King
﻿20:46:06 : Player #16 Willi (77.101.150.142:3302) connected
﻿20:46:07 : Player #16 Willi - GUID: 2e35900a1973569ff208efc55088cc3e (unverified)
﻿20:46:08 : Player #16 Willi - Legacy GUID: f926a276d2f8cbf597c2936ed03e5f3e
﻿20:46:08 : Verified GUID (2e35900a1973569ff208efc55088cc3e) of player #16 Willi
﻿20:46:17 : Player #16 Willi disconnected
﻿20:49:19 : RCon admin #4: (Global) ADMINS: LWB AND SIERRA | VISIT THE WEBSITE FOR DONATION PERKS | SURVIVALIST-DAYZ.COM
﻿20:50:06 : Player #16 Chytry_Dimitri (77.46.97.84:3302) connected
﻿20:50:07 : Player #16 Chytry_Dimitri - GUID: 67f3c0f361a58bd844418f1a1266d7c2 (unverified)
﻿20:50:08 : Player #16 Chytry_Dimitri - Legacy GUID: 11e0c7ce68936743bb27d80fc9a6c200
﻿20:50:09 : Player #16 Chytry_Dimitri disconnected
﻿20:50:49 : RCon admin #0 (86.162.43.39:61866) logged in
﻿20:51:42 : Player #16 Chytry_Dimitri (77.46.97.84:3302) connected
﻿20:51:43 : Player #16 Chytry_Dimitri - GUID: 67f3c0f361a58bd844418f1a1266d7c2 (unverified)
﻿20:51:44 : Player #16 Chytry_Dimitri - Legacy GUID: 11e0c7ce68936743bb27d80fc9a6c200
﻿20:51:44 : Verified GUID (67f3c0f361a58bd844418f1a1266d7c2) of player #16 Chytry_Dimitri
﻿20:53:47 : Player #17 M.K. (109.101.224.92:2304) connected
﻿20:53:48 : Player #17 M.K. - GUID: 571fb2e0f2eb39ffd202006f98ed4e00 (unverified)
﻿20:53:48 : Verified GUID (571fb2e0f2eb39ffd202006f98ed4e00) of player #17 M.K.
﻿20:53:49 : Player #17 M.K. - Legacy GUID: 88cbf0cb339b2fdd89e58c1466b5f40f
﻿20:55:50 : Player #18 -SDS- Meliodas (93.128.208.17:3302) connected
﻿20:55:54 : Player #18 -SDS- Meliodas - GUID: 4b9356a371e11a19d8bdd196f9cc814d (unverified)
﻿20:55:55 : Verified GUID (4b9356a371e11a19d8bdd196f9cc814d) of player #18 -SDS- Meliodas
﻿20:55:56 : Player #18 -SDS- Meliodas - Legacy GUID: 85ce520f606fe7cd95f4aa41f68397ec
﻿20:56:46 : Player #19 Easy-E (69.242.51.179:3302) connected
﻿20:56:47 : Player #19 Easy-E - GUID: 7a83d979aa84b9bc49267f9e70473044 (unverified)
﻿20:56:48 : Verified GUID (7a83d979aa84b9bc49267f9e70473044) of player #19 Easy-E
﻿20:56:48 : Player #19 Easy-E - Legacy GUID: 636baa948309838f0218258b4958f2c4
﻿20:57:59 : Player #20 Willi (77.101.150.142:3302) connected
﻿20:58:00 : Player #20 Willi - GUID: 2e35900a1973569ff208efc55088cc3e (unverified)
﻿20:58:01 : Player #20 Willi - Legacy GUID: f926a276d2f8cbf597c2936ed03e5f3e
﻿20:58:01 : Verified GUID (2e35900a1973569ff208efc55088cc3e) of player #20 Willi
﻿20:58:03 : Player #20 Willi disconnected
﻿21:01:46 : Player #11 nutzer (0476c272db61da86d0cfa3243eb1335e) has been kicked by BattlEye: PublicVariable Restriction #24
﻿21:02:32 : Player #19 Easy-E disconnected
﻿21:02:35 : Player #11 nutzer (185.75.148.2:3302) connected
﻿21:02:39 : Player #11 nutzer - GUID: 0476c272db61da86d0cfa3243eb1335e (unverified)
﻿21:02:42 : Verified GUID (0476c272db61da86d0cfa3243eb1335e) of player #11 nutzer
﻿21:02:43 : Player #11 nutzer - Legacy GUID: 275c6ddb7545b8dea19dabea63dceae2
﻿21:03:19 : RCon admin #4: (Global) BASES MUST BE MAINTAINED VIA THE PLOT POLE EVERY 7 DAYS!!
﻿21:04:04 : Player #18 -SDS- Meliodas disconnected
﻿21:05:37 : RCon admin #5 (86.162.43.39:64098) logged in
﻿21:05:40 : Player #11 nutzer disconnected
﻿21:06:11 : Player #11 nutzer (185.75.148.2:3302) connected
﻿21:06:16 : Player #11 nutzer - GUID: 0476c272db61da86d0cfa3243eb1335e (unverified)
﻿21:06:17 : Verified GUID (0476c272db61da86d0cfa3243eb1335e) of player #11 nutzer
﻿21:06:17 : Player #11 nutzer - Legacy GUID: 275c6ddb7545b8dea19dabea63dceae2
﻿21:08:02 : Player #15 -SDS- King (513c3deb4a6986a9108718c20658f233) has been kicked by BattlEye: Ping too high (1188)
﻿21:08:19 : RCon admin #4: (Global) NO SQUAD XML: ENGLISH ONLY IN SIDE CHAT: VEHICLES AND GEAR CAN BE STOLEN ANYWHERE
﻿21:08:40 : RCon admin #0 (86.162.43.39:64099) logged in
﻿21:09:42 : Player #3 -SDS-Ban disconnected
﻿21:10:38 : Player #6 Freedom disconnected
﻿21:10:46 : Player #3 Freedom (173.85.71.79:2304) connected
﻿21:10:47 : Player #3 Freedom - GUID: 32974eed83d84dab3c6a86016f1a1d12 (unverified)
﻿21:10:48 : Player #3 Freedom - Legacy GUID: 97a8c85ef5bf1164b1deba8cac447118
﻿21:10:50 : Player #3 Freedom disconnected
﻿21:14:08 : Player #17 M.K. disconnected
﻿21:14:29 : RCon admin #5 (86.162.43.39:51088) logged in
﻿21:14:29 : Player #3 Freedom (173.85.71.79:2304) connected
﻿21:14:30 : Player #3 Freedom - GUID: 32974eed83d84dab3c6a86016f1a1d12 (unverified)
﻿21:14:31 : Player #3 Freedom - Legacy GUID: 97a8c85ef5bf1164b1deba8cac447118
﻿21:14:31 : Player #3 Freedom disconnected
﻿21:14:42 : Player #3 Freedom (173.85.71.79:2304) connected
﻿21:14:44 : Player #3 Freedom - GUID: 32974eed83d84dab3c6a86016f1a1d12 (unverified)
﻿21:14:44 : Player #3 Freedom - Legacy GUID: 97a8c85ef5bf1164b1deba8cac447118
﻿21:14:48 : Player #3 Freedom disconnected
﻿21:14:54 : Player #3 Freedom (173.85.71.79:2304) connected
﻿21:14:55 : Player #3 Freedom - GUID: 32974eed83d84dab3c6a86016f1a1d12 (unverified)
﻿21:14:56 : Player #3 Freedom - Legacy GUID: 97a8c85ef5bf1164b1deba8cac447118
﻿21:15:01 : Verified GUID (32974eed83d84dab3c6a86016f1a1d12) of player #3 Freedom
﻿21:19:19 : RCon admin #4: (Global) ADMINS: LWB AND SIERRA | VISIT THE WEBSITE FOR DONATION PERKS | SURVIVALIST-DAYZ.COM
﻿21:19:49 : RCon admin #0 (86.162.43.39:58551) logged in
﻿21:24:57 : Player #9 Marius (50812ecc25e121ca158505250c783a41) has been kicked by BattlEye: Client not responding
﻿21:25:37 : Player #0 Luca disconnected
﻿21:29:54 : Player #0 David (73.155.27.51:3302) connected
﻿21:29:56 : Player #0 David - GUID: b43b7e26385f12af22fa8ae628fd1c44 (unverified)
﻿21:29:57 : Player #0 David - Legacy GUID: a8847bcee31f7dbff7be28f223570374
﻿21:29:57 : Verified GUID (b43b7e26385f12af22fa8ae628fd1c44) of player #0 David
﻿21:33:19 : RCon admin #4: (Global) BASES MUST BE MAINTAINED VIA THE PLOT POLE EVERY 7 DAYS!!
﻿21:36:51 : RCon admin #5 (86.162.43.39:53552) logged in
﻿21:38:19 : RCon admin #4: (Global) NO SQUAD XML: ENGLISH ONLY IN SIDE CHAT: VEHICLES AND GEAR CAN BE STOLEN ANYWHERE
﻿21:46:51 : Player #6 Asus (88.232.246.165:24872) connected
﻿21:46:53 : Player #6 Asus - GUID: 2bae89db10c19c5664cf4debb2da9391 (unverified)
﻿21:46:53 : Player #6 Asus - Legacy GUID: 1ba12a2a3c095b435305952571bc39ec
﻿21:46:54 : Verified GUID (2bae89db10c19c5664cf4debb2da9391) of player #6 Asus
﻿21:49:19 : RCon admin #4: (Global) ADMINS: LWB AND SIERRA | VISIT THE WEBSITE FOR DONATION PERKS | SURVIVALIST-DAYZ.COM
﻿21:50:45 : Player #2 Cochice disconnected
﻿21:51:03 : Player #5 NEGAN disconnected
﻿21:51:20 : Player #14 Winans disconnected
﻿21:53:21 : Player #11 nutzer disconnected
﻿21:53:56 : Player #2 2DIE4 (84.130.106.88:3302) connected
﻿21:53:57 : Player #2 2DIE4 - GUID: 97b8e8b63e4439b2b62c99dde2b8b8a1 (unverified)
﻿21:53:58 : Player #2 2DIE4 - Legacy GUID: e56dc54c0a6d92faa8a284d7c54bffab
﻿21:53:58 : Verified GUID (97b8e8b63e4439b2b62c99dde2b8b8a1) of player #2 2DIE4
﻿22:03:18 : RCon admin #4: (Global) BASES MUST BE MAINTAINED VIA THE PLOT POLE EVERY 7 DAYS!!
﻿22:06:41 : Player #8 Sebastian disconnected
﻿22:08:18 : RCon admin #4: (Global) NO SQUAD XML: ENGLISH ONLY IN SIDE CHAT: VEHICLES AND GEAR CAN BE STOLEN ANYWHERE
﻿22:08:30 : Player #4 Hailstorm disconnected
﻿22:09:39 : Player #4 REAZZON (109.110.66.32:2304) connected
﻿22:09:40 : Player #4 REAZZON - GUID: b22116f09248284148157f2bad54f3ff (unverified)
﻿22:09:41 : Verified GUID (b22116f09248284148157f2bad54f3ff) of player #4 REAZZON
﻿22:09:41 : Player #4 REAZZON - Legacy GUID: e14687813bbdf0366bc0498142f16138
﻿22:13:09 : Player #13 Peasant disconnected
﻿22:17:36 : Player #4 REAZZON disconnected
﻿22:18:31 : Player #4 [NG2] Jesse (145.133.183.236:3302) connected
﻿22:18:32 : Player #4 [NG2] Jesse - GUID: 1f7a31a6c97ae9822a9e4dcb3de0e9a0 (unverified)
﻿22:18:33 : Verified GUID (1f7a31a6c97ae9822a9e4dcb3de0e9a0) of player #4 [NG2] Jesse
﻿22:18:33 : Player #4 [NG2] Jesse - Legacy GUID: aa29d15133c89f949e71190836ad19cb
﻿22:19:18 : RCon admin #4: (Global) ADMINS: LWB AND SIERRA | VISIT THE WEBSITE FOR DONATION PERKS | SURVIVALIST-DAYZ.COM
﻿22:21:51 : RCon admin #0 (86.162.43.39:53985) logged in
﻿22:24:30 : RCon admin #5 (86.162.43.39:53986) logged in
﻿22:26:37 : Player #6 Asus disconnected
﻿22:28:12 : Player #12 Ovidiu disconnected
﻿22:29:35 : Player #10 Digupherbones disconnected
﻿22:33:18 : RCon admin #4: (Global) BASES MUST BE MAINTAINED VIA THE PLOT POLE EVERY 7 DAYS!!
﻿22:34:56 : RCon admin #0 (86.162.43.39:57915) logged in
﻿22:36:33 : Player #7 LWB [SD] disconnected
﻿22:38:06 : RCon admin #5 (86.162.43.39:49302) logged in
﻿22:38:18 : RCon admin #4: (Global) NO SQUAD XML: ENGLISH ONLY IN SIDE CHAT: VEHICLES AND GEAR CAN BE STOLEN ANYWHERE
﻿22:41:16 : Player #0 David disconnected
﻿22:44:18 : RCon admin #4: (Global) Server will restart in 10 minutes
﻿22:45:56 : RCon admin #0 (86.162.43.39:54221) logged in
﻿22:48:35 : Player #16 Chytry_Dimitri (67f3c0f361a58bd844418f1a1266d7c2) has been kicked by BattlEye: CreateVehicle Restriction #0
﻿22:49:18 : RCon admin #4: (Global) ADMINS: LWB AND SIERRA | VISIT THE WEBSITE FOR DONATION PERKS | SURVIVALIST-DAYZ.COM
﻿22:49:19 : RCon admin #4: (Global) Server will restart in 5 minutes: Prepare to Logout
﻿22:49:26 : Player #0 Chytry_Dimitri (77.46.97.84:3302) connected
﻿22:49:27 : Player #0 Chytry_Dimitri - GUID: 67f3c0f361a58bd844418f1a1266d7c2 (unverified)
﻿22:49:28 : Verified GUID (67f3c0f361a58bd844418f1a1266d7c2) of player #0 Chytry_Dimitri
﻿22:49:28 : Player #0 Chytry_Dimitri - Legacy GUID: 11e0c7ce68936743bb27d80fc9a6c200
﻿22:51:36 : Player #3 Freedom disconnected
﻿22:52:18 : RCon admin #4: (Global) The Server is about to restart. LOG OUT NOW OR YOUR GEAR MAY BE LOST!!
﻿22:52:49 : Player #4 [NG2] Jesse disconnected
﻿22:52:52 : Player #1 Turmoil disconnected
﻿22:53:48 : RCon admin #4: (Global) YOU SHOULD BE LOGGED OUT BY NOW! IF YOU ARENT YOU WILL BE AUTO KICKED AND YOUR GEAR MAY BE LOST! NO REFUNDS!
﻿22:54:12 : Player #2 2DIE4 disconnected
﻿22:54:52 : Rcon client logging in
﻿22:54:52 : RCon admin #4 (78.31.67.100:61550) logged in
﻿22:54:53 : Player #0 [NG2] Jesse (145.133.183.236:3302) connected
﻿22:54:54 : Player #0 [NG2] Jesse - GUID: 1f7a31a6c97ae9822a9e4dcb3de0e9a0 (unverified)
﻿22:54:54 : Verified GUID (1f7a31a6c97ae9822a9e4dcb3de0e9a0) of player #0 [NG2] Jesse
﻿22:54:55 : Player #0 [NG2] Jesse - Legacy GUID: aa29d15133c89f949e71190836ad19cb
﻿22:54:57 : Player #1 2DIE4 (84.130.106.88:3302) connected
﻿22:55:01 : Player #1 2DIE4 - GUID: 97b8e8b63e4439b2b62c99dde2b8b8a1 (unverified)
﻿22:55:02 : Verified GUID (97b8e8b63e4439b2b62c99dde2b8b8a1) of player #1 2DIE4
﻿22:55:02 : Player #1 2DIE4 - Legacy GUID: e56dc54c0a6d92faa8a284d7c54bffab
﻿22:55:48 : Player #2 Freedom (173.85.71.79:2304) connected
﻿22:55:50 : Player #2 Freedom - GUID: 32974eed83d84dab3c6a86016f1a1d12 (unverified)
﻿22:55:50 : Verified GUID (32974eed83d84dab3c6a86016f1a1d12) of player #2 Freedom
﻿22:55:50 : (Unknown) Freedom: No entry 'bin\config.bin/CfgWeapons.'.
﻿22:55:50 : Player #2 Freedom - Legacy GUID: 97a8c85ef5bf1164b1deba8cac447118
﻿22:57:21 : Player #3 VPr3stigious (5.151.46.28:1098) connected
﻿22:57:22 : Player #3 VPr3stigious - GUID: 520fde90e3adb9004c83a89995a83881 (unverified)
﻿22:57:23 : Verified GUID (520fde90e3adb9004c83a89995a83881) of player #3 VPr3stigious
﻿22:57:23 : Player #3 VPr3stigious - Legacy GUID: a714e2dbd79e3ef15fafcfc3f61bb65b
﻿22:57:38 : Player #4 Turmoil (85.164.44.228:3302) connected
﻿22:57:39 : Player #4 Turmoil - GUID: 078d3175e22fad797d9a152aaaa83806 (unverified)
﻿22:57:39 : Verified GUID (078d3175e22fad797d9a152aaaa83806) of player #4 Turmoil
﻿22:57:40 : Player #4 Turmoil - Legacy GUID: 153330a3c1eb9ccf7092e322ab07ebb0
﻿22:58:56 : RCon admin #5 (86.162.43.39:56678) logged in
﻿23:06:37 : RCon admin #4: (To 2DIE4) Watch your language. No Warnings left. Next badword will result in kick
﻿23:08:52 : RCon admin #4: (Global) NO SQUAD XML: ENGLISH ONLY IN SIDE CHAT: VEHICLES AND GEAR CAN BE STOLEN ANYWHERE
﻿23:19:52 : RCon admin #4: (Global) ADMINS: LWB AND SIERRA | VISIT THE WEBSITE FOR DONATION PERKS | SURVIVALIST-DAYZ.COM
﻿23:26:37 : RCon admin #1 (86.162.43.39:62349) logged in
﻿23:31:38 : RCon admin #5 (86.162.43.39:55652) logged in
﻿23:32:43 : RCon admin #1 (86.162.43.39:55653) logged in
﻿23:33:52 : RCon admin #4: (Global) BASES MUST BE MAINTAINED VIA THE PLOT POLE EVERY 7 DAYS!!
﻿23:37:48 : Player #2 Freedom disconnected
﻿23:38:53 : RCon admin #4: (Global) NO SQUAD XML: ENGLISH ONLY IN SIDE CHAT: VEHICLES AND GEAR CAN BE STOLEN ANYWHERE
﻿23:44:08 : RCon admin #5 (86.162.43.39:50301) logged in
﻿23:44:27 : Player #2 Faldehals (94.219.213.167:3302) connected
﻿23:44:28 : Player #2 Faldehals - GUID: e2dfd1a22f76dbc861d8a2c62272e0a2 (unverified)
﻿23:44:29 : Verified GUID (e2dfd1a22f76dbc861d8a2c62272e0a2) of player #2 Faldehals
﻿23:44:29 : Player #2 Faldehals - Legacy GUID: 7fb497ad8af0eff5840c19924878df22
﻿23:45:08 : RCon admin #1 (86.162.43.39:59961) logged in
﻿23:49:53 : RCon admin #4: (Global) ADMINS: LWB AND SIERRA | VISIT THE WEBSITE FOR DONATION PERKS | SURVIVALIST-DAYZ.COM
