00:02:02 : RCon admin #4: (Global) NO SQUAD XML: ENGLISH ONLY IN SIDE CHAT: VEHICLES AND GEAR CAN BE STOLEN ANYWHERE
﻿00:06:34 : Player #4 mathe (184.97.185.4:3302) connected
﻿00:06:35 : Player #4 mathe - GUID: 6dd33a6f178ae318c444f053187c02b4 (unverified)
﻿00:06:36 : Verified GUID (6dd33a6f178ae318c444f053187c02b4) of player #4 mathe
﻿00:06:36 : Player #4 mathe - Legacy GUID: 6232bb51becbfdeaf61344e3c9c4d7bb
﻿00:13:02 : RCon admin #4: (Global) ADMINS: LWB AND SIERRA | VISIT THE WEBSITE FOR DONATION PERKS | SURVIVALIST-DAYZ.COM
﻿00:14:15 : Player #2 Hailstorm disconnected
﻿00:18:43 : Player #4 mathe disconnected
﻿00:24:52 : Player #2 Lancer_AUT (95.143.239.48:3302) connected
﻿00:24:53 : Player #2 Lancer_AUT - GUID: b42a20759761f93da692304507020f60 (unverified)
﻿00:24:54 : Verified GUID (b42a20759761f93da692304507020f60) of player #2 Lancer_AUT
﻿00:24:54 : Player #2 Lancer_AUT - Legacy GUID: 28eb1dca4e5273a77e319f6e9e56e7af
﻿00:27:02 : RCon admin #4: (Global) BASES MUST BE MAINTAINED VIA THE PLOT POLE EVERY 7 DAYS!!
﻿00:32:02 : RCon admin #4: (Global) NO SQUAD XML: ENGLISH ONLY IN SIDE CHAT: VEHICLES AND GEAR CAN BE STOLEN ANYWHERE
﻿00:33:22 : Player #5 John disconnected
﻿00:38:02 : RCon admin #4: (Global) Server will restart in 10 minutes
﻿00:41:13 : Player #1 Glasgow disconnected
﻿00:43:02 : RCon admin #4: (Global) ADMINS: LWB AND SIERRA | VISIT THE WEBSITE FOR DONATION PERKS | SURVIVALIST-DAYZ.COM
﻿00:43:03 : RCon admin #4: (Global) Server will restart in 5 minutes: Prepare to Logout
﻿00:46:02 : RCon admin #4: (Global) The Server is about to restart. LOG OUT NOW OR YOUR GEAR MAY BE LOST!!
﻿00:47:10 : Player #8 Turmoil disconnected
﻿00:47:32 : RCon admin #4: (Global) YOU SHOULD BE LOGGED OUT BY NOW! IF YOU ARENT YOU WILL BE AUTO KICKED AND YOUR GEAR MAY BE LOST! NO REFUNDS!
﻿00:47:45 : Player #3 Arne disconnected
﻿00:48:36 : Rcon client logging in
﻿00:48:36 : RCon admin #3 (78.31.67.100:63454) logged in
﻿00:48:46 : RCon admin #4 (86.162.43.39:53609) logged in
﻿00:49:46 : Player #0 Faldehals (94.219.213.167:3302) connected
﻿00:49:48 : Player #0 Faldehals - GUID: e2dfd1a22f76dbc861d8a2c62272e0a2 (unverified)
﻿00:49:48 : Player #0 Faldehals - Legacy GUID: 7fb497ad8af0eff5840c19924878df22
﻿00:49:48 : Verified GUID (e2dfd1a22f76dbc861d8a2c62272e0a2) of player #0 Faldehals
﻿00:50:39 : Player #1 Arne (2.104.45.123:3302) connected
﻿00:50:40 : Player #1 Arne - GUID: 438b3f774367dfe1203639f51a6f5c4f (unverified)
﻿00:50:40 : Verified GUID (438b3f774367dfe1203639f51a6f5c4f) of player #1 Arne
﻿00:50:41 : Player #1 Arne - Legacy GUID: 8aec1d74ca7b7b889f081e10656686f1
﻿00:51:31 : Player #2 Lancer_AUT (95.143.239.48:3302) connected
﻿00:51:32 : Player #2 Lancer_AUT - GUID: b42a20759761f93da692304507020f60 (unverified)
﻿00:51:33 : Verified GUID (b42a20759761f93da692304507020f60) of player #2 Lancer_AUT
﻿00:51:33 : Player #2 Lancer_AUT - Legacy GUID: 28eb1dca4e5273a77e319f6e9e56e7af
﻿01:00:38 : Player #3 Trabuco (189.231.39.112:60972) connected
﻿01:00:40 : Player #3 Trabuco - GUID: d41d7939de9b4121e96484ac30ae9ced (unverified)
﻿01:00:41 : Verified GUID (d41d7939de9b4121e96484ac30ae9ced) of player #3 Trabuco
﻿01:00:41 : Player #3 Trabuco - Legacy GUID: 663feca20b3c1a31bedb9eade0d7fbc2
﻿01:02:36 : RCon admin #3: (Global) NO SQUAD XML: ENGLISH ONLY IN SIDE CHAT: VEHICLES AND GEAR CAN BE STOLEN ANYWHERE
﻿01:03:36 : Player #4 -SDS- Gowther (188.103.244.110:3302) connected
﻿01:03:37 : Player #4 -SDS- Gowther - GUID: 03492c7dbb4087e80f5c95d1df0aebac (unverified)
﻿01:03:38 : Verified GUID (03492c7dbb4087e80f5c95d1df0aebac) of player #4 -SDS- Gowther
﻿01:03:38 : Player #4 -SDS- Gowther - Legacy GUID: 459161ad2315d6e5e544515528714548
﻿01:13:36 : RCon admin #3: (Global) ADMINS: LWB AND SIERRA | VISIT THE WEBSITE FOR DONATION PERKS | SURVIVALIST-DAYZ.COM
﻿01:18:02 : Player #3 Trabuco disconnected
﻿01:27:36 : RCon admin #3: (Global) BASES MUST BE MAINTAINED VIA THE PLOT POLE EVERY 7 DAYS!!
﻿01:32:36 : RCon admin #3: (Global) NO SQUAD XML: ENGLISH ONLY IN SIDE CHAT: VEHICLES AND GEAR CAN BE STOLEN ANYWHERE
﻿01:36:34 : Player #3 Alex (72.183.153.94:3302) connected
﻿01:36:35 : Player #3 Alex disconnected
﻿01:37:47 : Player #3 Alex (72.183.153.94:3302) connected
﻿01:37:48 : Player #3 Alex disconnected
﻿01:41:08 : Player #1 Arne disconnected
﻿01:43:36 : RCon admin #3: (Global) ADMINS: LWB AND SIERRA | VISIT THE WEBSITE FOR DONATION PERKS | SURVIVALIST-DAYZ.COM
﻿01:57:36 : RCon admin #3: (Global) BASES MUST BE MAINTAINED VIA THE PLOT POLE EVERY 7 DAYS!!
﻿02:02:36 : RCon admin #3: (Global) NO SQUAD XML: ENGLISH ONLY IN SIDE CHAT: VEHICLES AND GEAR CAN BE STOLEN ANYWHERE
﻿02:13:36 : RCon admin #3: (Global) ADMINS: LWB AND SIERRA | VISIT THE WEBSITE FOR DONATION PERKS | SURVIVALIST-DAYZ.COM
﻿02:27:36 : RCon admin #3: (Global) BASES MUST BE MAINTAINED VIA THE PLOT POLE EVERY 7 DAYS!!
﻿02:32:36 : RCon admin #3: (Global) NO SQUAD XML: ENGLISH ONLY IN SIDE CHAT: VEHICLES AND GEAR CAN BE STOLEN ANYWHERE
﻿02:40:48 : RCon admin #5 (86.162.43.39:55169) logged in
﻿02:43:36 : RCon admin #3: (Global) ADMINS: LWB AND SIERRA | VISIT THE WEBSITE FOR DONATION PERKS | SURVIVALIST-DAYZ.COM
﻿02:57:36 : RCon admin #3: (Global) BASES MUST BE MAINTAINED VIA THE PLOT POLE EVERY 7 DAYS!!
﻿03:02:36 : RCon admin #3: (Global) NO SQUAD XML: ENGLISH ONLY IN SIDE CHAT: VEHICLES AND GEAR CAN BE STOLEN ANYWHERE
﻿03:08:36 : RCon admin #3: (Global) Server will restart in 10 minutes
﻿03:13:36 : RCon admin #3: (Global) ADMINS: LWB AND SIERRA | VISIT THE WEBSITE FOR DONATION PERKS | SURVIVALIST-DAYZ.COM
﻿03:13:37 : RCon admin #3: (Global) Server will restart in 5 minutes: Prepare to Logout
﻿03:16:36 : RCon admin #3: (Global) The Server is about to restart. LOG OUT NOW OR YOUR GEAR MAY BE LOST!!
﻿03:18:06 : RCon admin #3: (Global) YOU SHOULD BE LOGGED OUT BY NOW! IF YOU ARENT YOU WILL BE AUTO KICKED AND YOUR GEAR MAY BE LOST! NO REFUNDS!
﻿03:18:11 : Player #4 -SDS- Gowther disconnected
﻿03:19:10 : Rcon client logging in
﻿03:19:10 : RCon admin #4 (78.31.67.100:59704) logged in
﻿03:23:37 : Player #1 Lancer_AUT (95.143.239.48:3302) connected
﻿03:23:38 : Player #1 Lancer_AUT - GUID: b42a20759761f93da692304507020f60 (unverified)
﻿03:23:38 : Verified GUID (b42a20759761f93da692304507020f60) of player #1 Lancer_AUT
﻿03:23:39 : Player #1 Lancer_AUT - Legacy GUID: 28eb1dca4e5273a77e319f6e9e56e7af
﻿03:24:40 : Player #2 -SDS- Gowther (188.103.244.110:3302) connected
﻿03:24:41 : Player #2 -SDS- Gowther - GUID: 03492c7dbb4087e80f5c95d1df0aebac (unverified)
﻿03:24:42 : Verified GUID (03492c7dbb4087e80f5c95d1df0aebac) of player #2 -SDS- Gowther
﻿03:24:42 : Player #2 -SDS- Gowther - Legacy GUID: 459161ad2315d6e5e544515528714548
﻿03:33:10 : RCon admin #4: (Global) NO SQUAD XML: ENGLISH ONLY IN SIDE CHAT: VEHICLES AND GEAR CAN BE STOLEN ANYWHERE
﻿03:44:10 : RCon admin #4: (Global) ADMINS: LWB AND SIERRA | VISIT THE WEBSITE FOR DONATION PERKS | SURVIVALIST-DAYZ.COM
﻿03:58:10 : RCon admin #4: (Global) BASES MUST BE MAINTAINED VIA THE PLOT POLE EVERY 7 DAYS!!
﻿04:03:10 : RCon admin #4: (Global) NO SQUAD XML: ENGLISH ONLY IN SIDE CHAT: VEHICLES AND GEAR CAN BE STOLEN ANYWHERE
﻿04:14:10 : RCon admin #4: (Global) ADMINS: LWB AND SIERRA | VISIT THE WEBSITE FOR DONATION PERKS | SURVIVALIST-DAYZ.COM
﻿04:28:10 : RCon admin #4: (Global) BASES MUST BE MAINTAINED VIA THE PLOT POLE EVERY 7 DAYS!!
﻿04:33:10 : RCon admin #4: (Global) NO SQUAD XML: ENGLISH ONLY IN SIDE CHAT: VEHICLES AND GEAR CAN BE STOLEN ANYWHERE
﻿04:44:11 : RCon admin #4: (Global) ADMINS: LWB AND SIERRA | VISIT THE WEBSITE FOR DONATION PERKS | SURVIVALIST-DAYZ.COM
﻿04:44:56 : Player #3 [NG2] Jesse (145.133.183.236:3302) connected
﻿04:44:57 : Player #3 [NG2] Jesse - GUID: 1f7a31a6c97ae9822a9e4dcb3de0e9a0 (unverified)
﻿04:44:58 : Verified GUID (1f7a31a6c97ae9822a9e4dcb3de0e9a0) of player #3 [NG2] Jesse
﻿04:44:58 : Player #3 [NG2] Jesse - Legacy GUID: aa29d15133c89f949e71190836ad19cb
﻿04:58:11 : RCon admin #4: (Global) BASES MUST BE MAINTAINED VIA THE PLOT POLE EVERY 7 DAYS!!
﻿05:03:11 : RCon admin #4: (Global) NO SQUAD XML: ENGLISH ONLY IN SIDE CHAT: VEHICLES AND GEAR CAN BE STOLEN ANYWHERE
﻿05:08:35 : Player #4 STy1e (194.50.9.126:2304) connected
﻿05:08:36 : Player #4 STy1e - GUID: 320e48c29681982e0badb0cb831de45c (unverified)
﻿05:08:36 : Verified GUID (320e48c29681982e0badb0cb831de45c) of player #4 STy1e
﻿05:08:37 : Player #4 STy1e disconnected
﻿05:14:11 : RCon admin #4: (Global) ADMINS: LWB AND SIERRA | VISIT THE WEBSITE FOR DONATION PERKS | SURVIVALIST-DAYZ.COM
﻿05:28:11 : RCon admin #4: (Global) BASES MUST BE MAINTAINED VIA THE PLOT POLE EVERY 7 DAYS!!
﻿05:33:10 : RCon admin #4: (Global) NO SQUAD XML: ENGLISH ONLY IN SIDE CHAT: VEHICLES AND GEAR CAN BE STOLEN ANYWHERE
﻿05:39:11 : RCon admin #4: (Global) Server will restart in 10 minutes
﻿05:44:11 : RCon admin #4: (Global) ADMINS: LWB AND SIERRA | VISIT THE WEBSITE FOR DONATION PERKS | SURVIVALIST-DAYZ.COM
﻿05:44:11 : RCon admin #4: (Global) Server will restart in 5 minutes: Prepare to Logout
﻿05:47:11 : RCon admin #4: (Global) The Server is about to restart. LOG OUT NOW OR YOUR GEAR MAY BE LOST!!
﻿05:48:35 : Player #2 -SDS- Gowther disconnected
﻿05:48:40 : RCon admin #4: (Global) YOU SHOULD BE LOGGED OUT BY NOW! IF YOU ARENT YOU WILL BE AUTO KICKED AND YOUR GEAR MAY BE LOST! NO REFUNDS!
﻿05:49:44 : Rcon client logging in
﻿05:49:44 : RCon admin #4 (78.31.67.100:52470) logged in
﻿05:49:54 : Player #0 [NG2] Jesse (145.133.183.236:3302) connected
﻿05:49:56 : Player #0 [NG2] Jesse - GUID: 1f7a31a6c97ae9822a9e4dcb3de0e9a0 (unverified)
﻿05:49:56 : Verified GUID (1f7a31a6c97ae9822a9e4dcb3de0e9a0) of player #0 [NG2] Jesse
﻿05:49:56 : Player #0 [NG2] Jesse - Legacy GUID: aa29d15133c89f949e71190836ad19cb
﻿05:50:09 : Player #1 Lancer_AUT (95.143.239.48:3302) connected
﻿05:50:10 : Player #1 Lancer_AUT - GUID: b42a20759761f93da692304507020f60 (unverified)
﻿05:50:11 : Verified GUID (b42a20759761f93da692304507020f60) of player #1 Lancer_AUT
﻿05:50:11 : Player #1 Lancer_AUT - Legacy GUID: 28eb1dca4e5273a77e319f6e9e56e7af
﻿05:51:43 : Player #2 Faldehals (94.219.213.167:3302) connected
﻿05:51:44 : Player #2 Faldehals - GUID: e2dfd1a22f76dbc861d8a2c62272e0a2 (unverified)
﻿05:51:45 : Verified GUID (e2dfd1a22f76dbc861d8a2c62272e0a2) of player #2 Faldehals
﻿05:51:45 : Player #2 Faldehals - Legacy GUID: 7fb497ad8af0eff5840c19924878df22
﻿06:01:12 : Player #3 imord (85.103.11.115:2304) connected
﻿06:01:13 : Player #3 imord - GUID: 07790cda26eda3428a89743cd60ecb09 (unverified)
﻿06:01:13 : Verified GUID (07790cda26eda3428a89743cd60ecb09) of player #3 imord
﻿06:01:17 : Player #3 imord disconnected
﻿06:03:44 : RCon admin #4: (Global) NO SQUAD XML: ENGLISH ONLY IN SIDE CHAT: VEHICLES AND GEAR CAN BE STOLEN ANYWHERE
﻿06:14:44 : RCon admin #4: (Global) ADMINS: LWB AND SIERRA | VISIT THE WEBSITE FOR DONATION PERKS | SURVIVALIST-DAYZ.COM
﻿06:21:00 : Player #3 2DIE4 (84.130.106.88:3302) connected
﻿06:21:01 : Player #3 2DIE4 - GUID: 97b8e8b63e4439b2b62c99dde2b8b8a1 (unverified)
﻿06:21:02 : Player #3 2DIE4 - Legacy GUID: e56dc54c0a6d92faa8a284d7c54bffab
﻿06:21:02 : Verified GUID (97b8e8b63e4439b2b62c99dde2b8b8a1) of player #3 2DIE4
﻿06:28:44 : RCon admin #4: (Global) BASES MUST BE MAINTAINED VIA THE PLOT POLE EVERY 7 DAYS!!
﻿06:33:44 : RCon admin #4: (Global) NO SQUAD XML: ENGLISH ONLY IN SIDE CHAT: VEHICLES AND GEAR CAN BE STOLEN ANYWHERE
﻿06:44:44 : RCon admin #4: (Global) ADMINS: LWB AND SIERRA | VISIT THE WEBSITE FOR DONATION PERKS | SURVIVALIST-DAYZ.COM
﻿06:58:44 : RCon admin #4: (Global) BASES MUST BE MAINTAINED VIA THE PLOT POLE EVERY 7 DAYS!!
﻿07:03:39 : RCon admin #5 (86.162.43.39:54126) logged in
﻿07:03:44 : RCon admin #4: (Global) NO SQUAD XML: ENGLISH ONLY IN SIDE CHAT: VEHICLES AND GEAR CAN BE STOLEN ANYWHERE
﻿07:11:02 : Player #0 [NG2] Jesse disconnected
﻿07:14:44 : RCon admin #4: (Global) ADMINS: LWB AND SIERRA | VISIT THE WEBSITE FOR DONATION PERKS | SURVIVALIST-DAYZ.COM
﻿07:15:28 : Player #0 Glasgow (93.195.70.139:2304) connected
﻿07:15:31 : Player #0 Glasgow - GUID: 7e09941565f55d9eb0d58630c66f30bd (unverified)
﻿07:15:31 : Verified GUID (7e09941565f55d9eb0d58630c66f30bd) of player #0 Glasgow
﻿07:15:32 : Player #0 Glasgow - Legacy GUID: d576cb80cf249a5bcb0e6e4e3a34fa27
﻿07:28:44 : RCon admin #4: (Global) BASES MUST BE MAINTAINED VIA THE PLOT POLE EVERY 7 DAYS!!
﻿07:33:44 : RCon admin #4: (Global) NO SQUAD XML: ENGLISH ONLY IN SIDE CHAT: VEHICLES AND GEAR CAN BE STOLEN ANYWHERE
﻿07:34:22 : Player #4 koboto15 (62.69.241.178:28276) connected
﻿07:34:23 : Player #4 koboto15 - GUID: b2c4c93f850eea4a6fde86d6c8551aa6 (unverified)
﻿07:34:23 : Verified GUID (b2c4c93f850eea4a6fde86d6c8551aa6) of player #4 koboto15
﻿07:34:24 : Player #4 koboto15 disconnected
﻿07:44:44 : RCon admin #4: (Global) ADMINS: LWB AND SIERRA | VISIT THE WEBSITE FOR DONATION PERKS | SURVIVALIST-DAYZ.COM
﻿07:51:02 : Player #1 Lancer_AUT disconnected
﻿07:58:44 : RCon admin #4: (Global) BASES MUST BE MAINTAINED VIA THE PLOT POLE EVERY 7 DAYS!!
﻿08:01:12 : Player #3 2DIE4 disconnected
﻿08:03:44 : RCon admin #4: (Global) NO SQUAD XML: ENGLISH ONLY IN SIDE CHAT: VEHICLES AND GEAR CAN BE STOLEN ANYWHERE
﻿08:09:44 : RCon admin #4: (Global) Server will restart in 10 minutes
﻿08:14:13 : Player #0 Glasgow disconnected
﻿08:14:44 : RCon admin #4: (Global) ADMINS: LWB AND SIERRA | VISIT THE WEBSITE FOR DONATION PERKS | SURVIVALIST-DAYZ.COM
﻿08:14:45 : RCon admin #4: (Global) Server will restart in 5 minutes: Prepare to Logout
﻿08:17:44 : RCon admin #4: (Global) The Server is about to restart. LOG OUT NOW OR YOUR GEAR MAY BE LOST!!
﻿08:19:14 : RCon admin #4: (Global) YOU SHOULD BE LOGGED OUT BY NOW! IF YOU ARENT YOU WILL BE AUTO KICKED AND YOUR GEAR MAY BE LOST! NO REFUNDS!
﻿08:20:18 : Rcon client logging in
﻿08:20:18 : RCon admin #3 (78.31.67.100:55417) logged in
﻿08:20:28 : RCon admin #4 (86.162.43.39:60282) logged in
﻿08:23:55 : Player #1 Glasgow (93.195.70.139:2304) connected
﻿08:23:57 : Player #1 Glasgow - GUID: 7e09941565f55d9eb0d58630c66f30bd (unverified)
﻿08:23:57 : Verified GUID (7e09941565f55d9eb0d58630c66f30bd) of player #1 Glasgow
﻿08:23:58 : Player #1 Glasgow - Legacy GUID: d576cb80cf249a5bcb0e6e4e3a34fa27
﻿08:34:18 : RCon admin #3: (Global) NO SQUAD XML: ENGLISH ONLY IN SIDE CHAT: VEHICLES AND GEAR CAN BE STOLEN ANYWHERE
﻿08:37:43 : Player #2 Rassel (37.192.148.31:3302) connected
﻿08:37:45 : Player #2 Rassel - GUID: b69ea44143d49de8f692ae9e935a5f20 (unverified)
﻿08:37:45 : Verified GUID (b69ea44143d49de8f692ae9e935a5f20) of player #2 Rassel
﻿08:37:46 : Player #2 Rassel - Legacy GUID: e8ca687b74854fca2ef5b8102b6f6b54
﻿08:45:18 : RCon admin #3: (Global) ADMINS: LWB AND SIERRA | VISIT THE WEBSITE FOR DONATION PERKS | SURVIVALIST-DAYZ.COM
﻿08:53:19 : Player #3 [NG2] Jesse (145.133.183.236:3302) connected
﻿08:53:20 : Player #3 [NG2] Jesse - GUID: 1f7a31a6c97ae9822a9e4dcb3de0e9a0 (unverified)
﻿08:53:21 : Verified GUID (1f7a31a6c97ae9822a9e4dcb3de0e9a0) of player #3 [NG2] Jesse
﻿08:53:21 : Player #3 [NG2] Jesse - Legacy GUID: aa29d15133c89f949e71190836ad19cb
﻿08:59:18 : RCon admin #3: (Global) BASES MUST BE MAINTAINED VIA THE PLOT POLE EVERY 7 DAYS!!
﻿09:04:14 : Player #4 DimaK (5.100.208.40:17158) connected
﻿09:04:15 : Player #4 DimaK - GUID: 07c28b1086b6457d06bab95859cbceb1 (unverified)
﻿09:04:16 : Player #4 DimaK - Legacy GUID: 51eea3ba61b4a04ae6ce5de9a3310937
﻿09:04:18 : Verified GUID (07c28b1086b6457d06bab95859cbceb1) of player #4 DimaK
﻿09:04:18 : RCon admin #3: (Global) NO SQUAD XML: ENGLISH ONLY IN SIDE CHAT: VEHICLES AND GEAR CAN BE STOLEN ANYWHERE
﻿09:15:18 : RCon admin #3: (Global) ADMINS: LWB AND SIERRA | VISIT THE WEBSITE FOR DONATION PERKS | SURVIVALIST-DAYZ.COM
﻿09:29:18 : RCon admin #3: (Global) BASES MUST BE MAINTAINED VIA THE PLOT POLE EVERY 7 DAYS!!
﻿09:30:19 : Player #5 Turmoil (85.164.44.228:3302) connected
﻿09:30:21 : Player #5 Turmoil - GUID: 078d3175e22fad797d9a152aaaa83806 (unverified)
﻿09:30:21 : Verified GUID (078d3175e22fad797d9a152aaaa83806) of player #5 Turmoil
﻿09:30:22 : Player #5 Turmoil - Legacy GUID: 153330a3c1eb9ccf7092e322ab07ebb0
﻿09:30:42 : Player #1 Glasgow disconnected
﻿09:34:18 : RCon admin #3: (Global) NO SQUAD XML: ENGLISH ONLY IN SIDE CHAT: VEHICLES AND GEAR CAN BE STOLEN ANYWHERE
﻿09:45:18 : RCon admin #3: (Global) ADMINS: LWB AND SIERRA | VISIT THE WEBSITE FOR DONATION PERKS | SURVIVALIST-DAYZ.COM
﻿09:59:18 : RCon admin #3: (Global) BASES MUST BE MAINTAINED VIA THE PLOT POLE EVERY 7 DAYS!!
﻿10:04:18 : RCon admin #3: (Global) NO SQUAD XML: ENGLISH ONLY IN SIDE CHAT: VEHICLES AND GEAR CAN BE STOLEN ANYWHERE
﻿10:15:18 : RCon admin #3: (Global) ADMINS: LWB AND SIERRA | VISIT THE WEBSITE FOR DONATION PERKS | SURVIVALIST-DAYZ.COM
﻿10:17:38 : Player #1 kfc (37.146.85.119:2304) connected
﻿10:17:46 : Player #1 kfc - GUID: 12082ec9a28a3de509de7cf75b7a0e83 (unverified)
﻿10:17:46 : Player #1 kfc - Legacy GUID: cd70386bd15dabe24591f4921f191c5f
﻿10:17:46 : Verified GUID (12082ec9a28a3de509de7cf75b7a0e83) of player #1 kfc
﻿10:17:46 : Player #1 kfc - Owner GUID: a4b2255a560b57f14f4ad947d5d1c390
﻿10:17:47 : Player #1 kfc disconnected
﻿10:19:07 : Player #0 Faldehals disconnected
﻿10:29:18 : RCon admin #3: (Global) BASES MUST BE MAINTAINED VIA THE PLOT POLE EVERY 7 DAYS!!
﻿10:33:03 : Player #0 II TheElite II (83.86.22.79:3302) connected
﻿10:33:05 : Player #0 II TheElite II disconnected
﻿10:34:18 : RCon admin #3: (Global) NO SQUAD XML: ENGLISH ONLY IN SIDE CHAT: VEHICLES AND GEAR CAN BE STOLEN ANYWHERE
﻿10:35:01 : Player #0 II TheElite II (83.86.22.79:3302) connected
﻿10:35:03 : Player #0 II TheElite II disconnected
﻿10:37:45 : Player #0 DoMeHuK (5.137.135.53:3302) connected
﻿10:37:46 : Player #0 DoMeHuK disconnected
﻿10:38:37 : Player #0 II TheElite II (83.86.22.79:3302) connected
﻿10:38:38 : Player #0 II TheElite II - GUID: e0d29edb33378bbc6d6506b5f581dd6a (unverified)
﻿10:38:38 : Verified GUID (e0d29edb33378bbc6d6506b5f581dd6a) of player #0 II TheElite II
﻿10:38:39 : Player #0 II TheElite II - Legacy GUID: 0683f2e6246fca2d44581d59ce516fea
﻿10:39:33 : Player #1 DoMeHuK (5.137.135.53:3302) connected
﻿10:39:35 : Player #1 DoMeHuK disconnected
﻿10:39:55 : Player #4 DimaK disconnected
﻿10:40:18 : RCon admin #3: (Global) Server will restart in 10 minutes
﻿10:45:18 : RCon admin #3: (Global) ADMINS: LWB AND SIERRA | VISIT THE WEBSITE FOR DONATION PERKS | SURVIVALIST-DAYZ.COM
﻿10:45:19 : RCon admin #3: (Global) Server will restart in 5 minutes: Prepare to Logout
﻿10:48:18 : RCon admin #3: (Global) The Server is about to restart. LOG OUT NOW OR YOUR GEAR MAY BE LOST!!
﻿10:48:32 : Player #0 II TheElite II disconnected
﻿10:49:04 : Player #5 Turmoil disconnected
﻿10:49:29 : Player #3 [NG2] Jesse disconnected
﻿10:49:48 : RCon admin #3: (Global) YOU SHOULD BE LOGGED OUT BY NOW! IF YOU ARENT YOU WILL BE AUTO KICKED AND YOUR GEAR MAY BE LOST! NO REFUNDS!
﻿10:50:52 : Rcon client logging in
﻿10:50:52 : RCon admin #4 (78.31.67.100:64303) logged in
﻿10:51:44 : Player #0 Turmoil (85.164.44.228:3302) connected
﻿10:51:45 : Player #0 Turmoil - GUID: 078d3175e22fad797d9a152aaaa83806 (unverified)
﻿10:51:45 : Verified GUID (078d3175e22fad797d9a152aaaa83806) of player #0 Turmoil
﻿10:51:46 : Player #0 Turmoil - Legacy GUID: 153330a3c1eb9ccf7092e322ab07ebb0
﻿10:51:50 : Player #1 [NG2] Jesse (145.133.183.236:3302) connected
﻿10:51:52 : Player #1 [NG2] Jesse - GUID: 1f7a31a6c97ae9822a9e4dcb3de0e9a0 (unverified)
﻿10:51:52 : Verified GUID (1f7a31a6c97ae9822a9e4dcb3de0e9a0) of player #1 [NG2] Jesse
﻿10:51:52 : Player #1 [NG2] Jesse - Legacy GUID: aa29d15133c89f949e71190836ad19cb
﻿10:53:46 : Player #2 II TheElite II (83.86.22.79:3302) connected
﻿10:53:47 : Player #2 II TheElite II - GUID: e0d29edb33378bbc6d6506b5f581dd6a (unverified)
﻿10:53:48 : Verified GUID (e0d29edb33378bbc6d6506b5f581dd6a) of player #2 II TheElite II
﻿10:53:48 : Player #2 II TheElite II - Legacy GUID: 0683f2e6246fca2d44581d59ce516fea
﻿10:54:44 : Player #3 2DIE4 (84.130.106.88:3302) connected
﻿10:54:45 : Player #3 2DIE4 - GUID: 97b8e8b63e4439b2b62c99dde2b8b8a1 (unverified)
﻿10:54:46 : Verified GUID (97b8e8b63e4439b2b62c99dde2b8b8a1) of player #3 2DIE4
﻿10:54:46 : Player #3 2DIE4 - Legacy GUID: e56dc54c0a6d92faa8a284d7c54bffab
﻿11:04:52 : RCon admin #4: (Global) NO SQUAD XML: ENGLISH ONLY IN SIDE CHAT: VEHICLES AND GEAR CAN BE STOLEN ANYWHERE
﻿11:05:26 : Player #4 Chrissi (94.221.20.88:2304) connected
﻿11:05:27 : Player #4 Chrissi - GUID: 540d57a4986a0cf66ac2d0098db7aa77 (unverified)
﻿11:05:27 : Verified GUID (540d57a4986a0cf66ac2d0098db7aa77) of player #4 Chrissi
﻿11:05:28 : Player #4 Chrissi - Legacy GUID: 1356051586acccd75499394d98708b31
﻿11:15:52 : RCon admin #4: (Global) ADMINS: LWB AND SIERRA | VISIT THE WEBSITE FOR DONATION PERKS | SURVIVALIST-DAYZ.COM
﻿11:25:01 : Player #4 Chrissi disconnected
﻿11:29:52 : RCon admin #4: (Global) BASES MUST BE MAINTAINED VIA THE PLOT POLE EVERY 7 DAYS!!
﻿11:31:53 : Player #4 Arne (2.104.45.123:3302) connected
﻿11:31:54 : Player #4 Arne - GUID: 438b3f774367dfe1203639f51a6f5c4f (unverified)
﻿11:31:55 : Verified GUID (438b3f774367dfe1203639f51a6f5c4f) of player #4 Arne
﻿11:31:55 : Player #4 Arne - Legacy GUID: 8aec1d74ca7b7b889f081e10656686f1
﻿11:34:52 : RCon admin #4: (Global) NO SQUAD XML: ENGLISH ONLY IN SIDE CHAT: VEHICLES AND GEAR CAN BE STOLEN ANYWHERE
﻿11:45:48 : Player #5 Michael (84.115.53.158:3302) connected
﻿11:45:49 : Player #5 Michael - GUID: e5adcb858b33000b81c2c55fbbbb8111 (unverified)
﻿11:45:49 : Verified GUID (e5adcb858b33000b81c2c55fbbbb8111) of player #5 Michael
﻿11:45:50 : Player #5 Michael - Legacy GUID: f2dbf0663a9bdef5d4cdb9b30c410ecc
﻿11:45:52 : RCon admin #4: (Global) ADMINS: LWB AND SIERRA | VISIT THE WEBSITE FOR DONATION PERKS | SURVIVALIST-DAYZ.COM
﻿11:49:12 : Player #6 Legend (84.115.138.244:3302) connected
﻿11:49:13 : Player #6 Legend - GUID: 679742a9f21160e2f6a938eb2f072a0d (unverified)
﻿11:49:14 : Player #6 Legend - Legacy GUID: 0693da7613ae258d7f1270e3882f2e56
﻿11:49:19 : Verified GUID (679742a9f21160e2f6a938eb2f072a0d) of player #6 Legend
﻿11:50:35 : Player #7 PRISMIC (195.39.192.48:3302) connected
﻿11:50:36 : Player #7 PRISMIC - GUID: c2a9b9e975c3a16bc843e3b1437182ca (unverified)
﻿11:50:37 : Verified GUID (c2a9b9e975c3a16bc843e3b1437182ca) of player #7 PRISMIC
﻿11:50:37 : Player #7 PRISMIC - Legacy GUID: 40b9483bb39fdbf38ebf22597947cee7
﻿11:50:49 : Player #8 MeGa_Koffiepot (83.134.94.231:39969) connected
﻿11:50:50 : Player #8 MeGa_Koffiepot - GUID: ea606236675be7338700aba8ceeb732f (unverified)
﻿11:50:51 : Verified GUID (ea606236675be7338700aba8ceeb732f) of player #8 MeGa_Koffiepot
﻿11:50:51 : Player #8 MeGa_Koffiepot - Legacy GUID: 5751e0bee4be76b7ae681d971364c3ec
﻿11:55:37 : Player #0 Turmoil disconnected
﻿11:59:52 : RCon admin #4: (Global) BASES MUST BE MAINTAINED VIA THE PLOT POLE EVERY 7 DAYS!!
﻿12:01:37 : Player #3 2DIE4 (97b8e8b63e4439b2b62c99dde2b8b8a1) has been kicked by BattlEye: Client not responding
﻿12:04:52 : RCon admin #4: (Global) NO SQUAD XML: ENGLISH ONLY IN SIDE CHAT: VEHICLES AND GEAR CAN BE STOLEN ANYWHERE
﻿12:04:55 : Player #0 Joel (110.55.1.63:2304) connected
﻿12:04:57 : Player #0 Joel - GUID: 95bb6b87c7713f508384eaf802f57709 (unverified)
﻿12:04:58 : Verified GUID (95bb6b87c7713f508384eaf802f57709) of player #0 Joel
﻿12:04:58 : Player #0 Joel - Legacy GUID: 14f1fb14785e3be3f2131a84677c57ee
﻿12:05:48 : Player #0 Joel (95bb6b87c7713f508384eaf802f57709) has been kicked by BattlEye: Ping too high (391)
﻿12:09:42 : Player #1 [NG2] Jesse disconnected
﻿12:15:52 : RCon admin #4: (Global) ADMINS: LWB AND SIERRA | VISIT THE WEBSITE FOR DONATION PERKS | SURVIVALIST-DAYZ.COM
﻿12:27:53 : Player #4 Arne disconnected
﻿12:29:31 : RCon admin #5 (86.162.43.39:53481) logged in
﻿12:29:52 : RCon admin #4: (Global) BASES MUST BE MAINTAINED VIA THE PLOT POLE EVERY 7 DAYS!!
﻿12:31:29 : Player #0 JohnnyFloss (5.137.228.162:2302) connected
﻿12:31:31 : Player #0 JohnnyFloss - GUID: bd56846e73e93d587013c543164efa8f (unverified)
﻿12:31:31 : Player #0 JohnnyFloss - Legacy GUID: 24c9a4d7568fcf5facddb4ef166bb899
﻿12:31:31 : Verified GUID (bd56846e73e93d587013c543164efa8f) of player #0 JohnnyFloss
﻿12:31:41 : Player #8 MeGa_Koffiepot (ea606236675be7338700aba8ceeb732f) has been kicked by BattlEye: Client not responding
﻿12:33:19 : Player #0 JohnnyFloss disconnected
﻿12:34:52 : RCon admin #4: (Global) NO SQUAD XML: ENGLISH ONLY IN SIDE CHAT: VEHICLES AND GEAR CAN BE STOLEN ANYWHERE
﻿12:45:52 : RCon admin #4: (Global) ADMINS: LWB AND SIERRA | VISIT THE WEBSITE FOR DONATION PERKS | SURVIVALIST-DAYZ.COM
﻿12:54:43 : Player #2 II TheElite II disconnected
﻿12:59:52 : RCon admin #4: (Global) BASES MUST BE MAINTAINED VIA THE PLOT POLE EVERY 7 DAYS!!
﻿13:01:06 : Player #0 Lancer_AUT (95.143.239.48:3302) connected
﻿13:01:07 : Player #0 Lancer_AUT - GUID: b42a20759761f93da692304507020f60 (unverified)
﻿13:01:07 : Verified GUID (b42a20759761f93da692304507020f60) of player #0 Lancer_AUT
﻿13:01:08 : Player #0 Lancer_AUT - Legacy GUID: 28eb1dca4e5273a77e319f6e9e56e7af
﻿13:04:53 : RCon admin #4: (Global) NO SQUAD XML: ENGLISH ONLY IN SIDE CHAT: VEHICLES AND GEAR CAN BE STOLEN ANYWHERE
﻿13:10:52 : RCon admin #4: (Global) Server will restart in 10 minutes
﻿13:12:12 : Player #1 2DIE4 (84.130.106.88:3302) connected
﻿13:12:14 : Player #1 2DIE4 - GUID: 97b8e8b63e4439b2b62c99dde2b8b8a1 (unverified)
﻿13:12:14 : Verified GUID (97b8e8b63e4439b2b62c99dde2b8b8a1) of player #1 2DIE4
﻿13:12:14 : Player #1 2DIE4 - Legacy GUID: e56dc54c0a6d92faa8a284d7c54bffab
﻿13:13:04 : Player #2 Turmoil (85.164.44.228:3302) connected
﻿13:13:05 : Player #2 Turmoil - GUID: 078d3175e22fad797d9a152aaaa83806 (unverified)
﻿13:13:06 : Verified GUID (078d3175e22fad797d9a152aaaa83806) of player #2 Turmoil
﻿13:13:06 : Player #2 Turmoil - Legacy GUID: 153330a3c1eb9ccf7092e322ab07ebb0
﻿13:15:52 : RCon admin #4: (Global) ADMINS: LWB AND SIERRA | VISIT THE WEBSITE FOR DONATION PERKS | SURVIVALIST-DAYZ.COM
﻿13:15:53 : RCon admin #4: (Global) Server will restart in 5 minutes: Prepare to Logout
﻿13:18:52 : RCon admin #4: (Global) The Server is about to restart. LOG OUT NOW OR YOUR GEAR MAY BE LOST!!
﻿13:19:43 : Player #1 2DIE4 disconnected
﻿13:19:47 : Player #7 PRISMIC disconnected
﻿13:20:06 : Player #5 Michael disconnected
﻿13:20:11 : Player #6 Legend disconnected
﻿13:20:22 : RCon admin #4: (Global) YOU SHOULD BE LOGGED OUT BY NOW! IF YOU ARENT YOU WILL BE AUTO KICKED AND YOUR GEAR MAY BE LOST! NO REFUNDS!
﻿13:21:26 : Rcon client logging in
﻿13:21:26 : RCon admin #4 (78.31.67.100:62351) logged in
﻿13:21:35 : Player #1 Lancer_AUT (95.143.239.48:3302) connected
﻿13:21:36 : Player #1 Lancer_AUT - GUID: b42a20759761f93da692304507020f60 (unverified)
﻿13:21:36 : Verified GUID (b42a20759761f93da692304507020f60) of player #1 Lancer_AUT
﻿13:21:37 : Player #2 2DIE4 (84.130.106.88:3302) connected
﻿13:21:37 : Player #1 Lancer_AUT - Legacy GUID: 28eb1dca4e5273a77e319f6e9e56e7af
﻿13:21:38 : Player #2 2DIE4 - GUID: 97b8e8b63e4439b2b62c99dde2b8b8a1 (unverified)
﻿13:21:38 : Verified GUID (97b8e8b63e4439b2b62c99dde2b8b8a1) of player #2 2DIE4
﻿13:21:39 : Player #2 2DIE4 - Legacy GUID: e56dc54c0a6d92faa8a284d7c54bffab
﻿13:22:02 : Player #3 PRISMIC (195.39.192.48:3302) connected
﻿13:22:03 : Player #3 PRISMIC - GUID: c2a9b9e975c3a16bc843e3b1437182ca (unverified)
﻿13:22:03 : Verified GUID (c2a9b9e975c3a16bc843e3b1437182ca) of player #3 PRISMIC
﻿13:22:04 : Player #3 PRISMIC - Legacy GUID: 40b9483bb39fdbf38ebf22597947cee7
﻿13:22:55 : Player #4 Turmoil (85.164.44.228:3302) connected
﻿13:22:56 : Player #4 Turmoil - GUID: 078d3175e22fad797d9a152aaaa83806 (unverified)
﻿13:22:57 : Verified GUID (078d3175e22fad797d9a152aaaa83806) of player #4 Turmoil
﻿13:22:57 : Player #4 Turmoil - Legacy GUID: 153330a3c1eb9ccf7092e322ab07ebb0
﻿13:24:44 : Player #3 PRISMIC disconnected
﻿13:25:04 : Player #3 Legend (84.115.138.244:3302) connected
﻿13:25:05 : Player #3 Legend - GUID: 679742a9f21160e2f6a938eb2f072a0d (unverified)
﻿13:25:06 : Player #3 Legend - Legacy GUID: 0693da7613ae258d7f1270e3882f2e56
﻿13:25:09 : Verified GUID (679742a9f21160e2f6a938eb2f072a0d) of player #3 Legend
﻿13:25:14 : Player #5 Michael (84.115.53.158:3302) connected
﻿13:25:15 : Player #5 Michael - GUID: e5adcb858b33000b81c2c55fbbbb8111 (unverified)
﻿13:25:16 : Verified GUID (e5adcb858b33000b81c2c55fbbbb8111) of player #5 Michael
﻿13:25:16 : Player #5 Michael - Legacy GUID: f2dbf0663a9bdef5d4cdb9b30c410ecc
﻿13:27:33 : Player #4 Turmoil disconnected
﻿13:28:16 : Player #4 Turmoil (85.164.44.228:3302) connected
﻿13:28:17 : Player #4 Turmoil - GUID: 078d3175e22fad797d9a152aaaa83806 (unverified)
﻿13:28:18 : Verified GUID (078d3175e22fad797d9a152aaaa83806) of player #4 Turmoil
﻿13:28:18 : Player #4 Turmoil - Legacy GUID: 153330a3c1eb9ccf7092e322ab07ebb0
﻿13:28:39 : RCon admin #5 (86.162.43.39:59373) logged in
﻿13:29:55 : Player #6 PRISMIC (195.39.192.48:3302) connected
﻿13:29:56 : Player #6 PRISMIC - GUID: c2a9b9e975c3a16bc843e3b1437182ca (unverified)
﻿13:29:56 : Verified GUID (c2a9b9e975c3a16bc843e3b1437182ca) of player #6 PRISMIC
﻿13:29:57 : Player #6 PRISMIC - Legacy GUID: 40b9483bb39fdbf38ebf22597947cee7
﻿13:35:26 : RCon admin #4: (Global) NO SQUAD XML: ENGLISH ONLY IN SIDE CHAT: VEHICLES AND GEAR CAN BE STOLEN ANYWHERE
﻿13:41:04 : Player #7 [KRT]Uku (194.150.65.21:25507) connected
﻿13:41:07 : Player #7 [KRT]Uku - GUID: 034501771ec05eeb04f30763667193f4 (unverified)
﻿13:41:07 : Verified GUID (034501771ec05eeb04f30763667193f4) of player #7 [KRT]Uku
﻿13:41:09 : Player #7 [KRT]Uku - Legacy GUID: ece7fdbcf3f9d4ac31032230c3c6e98e
﻿13:44:03 : Player #8 Sir LongSleeves (94.213.214.56:3302) connected
﻿13:44:04 : Player #8 Sir LongSleeves - GUID: 98158632fa2959a6acbbeeb0b18f80f6 (unverified)
﻿13:44:04 : Verified GUID (98158632fa2959a6acbbeeb0b18f80f6) of player #8 Sir LongSleeves
﻿13:44:05 : Player #8 Sir LongSleeves - Legacy GUID: 60d8062a5857101f95a9a16178742f93
﻿13:44:47 : Player #6 PRISMIC disconnected
﻿13:45:37 : Player #6 PRISMIC (195.39.192.48:3302) connected
﻿13:45:38 : Player #6 PRISMIC - GUID: c2a9b9e975c3a16bc843e3b1437182ca (unverified)
﻿13:45:39 : Verified GUID (c2a9b9e975c3a16bc843e3b1437182ca) of player #6 PRISMIC
﻿13:45:39 : Player #6 PRISMIC - Legacy GUID: 40b9483bb39fdbf38ebf22597947cee7
﻿13:46:27 : RCon admin #4: (Global) ADMINS: LWB AND SIERRA | VISIT THE WEBSITE FOR DONATION PERKS | SURVIVALIST-DAYZ.COM
﻿13:48:27 : Player #5 Michael disconnected
﻿13:56:58 : Player #3 Legend disconnected
﻿14:00:27 : RCon admin #4: (Global) BASES MUST BE MAINTAINED VIA THE PLOT POLE EVERY 7 DAYS!!
﻿14:04:19 : Player #3 -SDS-Ban (91.137.41.229:3302) connected
﻿14:04:20 : Player #3 -SDS-Ban - GUID: 1bda1d7f7f9ae72702de431a4bc55b4a (unverified)
﻿14:04:21 : Player #3 -SDS-Ban - Legacy GUID: 38e5e3e9b10fb9c9d083aef35e291fde
﻿14:04:31 : Player #3 -SDS-Ban disconnected
﻿14:05:27 : RCon admin #4: (Global) NO SQUAD XML: ENGLISH ONLY IN SIDE CHAT: VEHICLES AND GEAR CAN BE STOLEN ANYWHERE
﻿14:08:33 : Player #3 Simon (37.201.243.85:18711) connected
﻿14:08:34 : Player #3 Simon - GUID: cb5dc201021e36f1f6116a6833a38b97 (unverified)
﻿14:08:35 : Verified GUID (cb5dc201021e36f1f6116a6833a38b97) of player #3 Simon
﻿14:08:35 : Player #3 Simon - Legacy GUID: 0bbf35f28140b26e7eeb08d5bd7edefc
﻿14:09:17 : Player #5 -SDS-Ban (91.137.41.229:3302) connected
﻿14:09:18 : Player #5 -SDS-Ban - GUID: 1bda1d7f7f9ae72702de431a4bc55b4a (unverified)
﻿14:09:19 : Verified GUID (1bda1d7f7f9ae72702de431a4bc55b4a) of player #5 -SDS-Ban
﻿14:09:19 : Player #5 -SDS-Ban - Legacy GUID: 38e5e3e9b10fb9c9d083aef35e291fde
﻿14:16:27 : RCon admin #4: (Global) ADMINS: LWB AND SIERRA | VISIT THE WEBSITE FOR DONATION PERKS | SURVIVALIST-DAYZ.COM
﻿14:18:29 : Player #4 Turmoil disconnected
﻿14:19:25 : Player #4 Turmoil (85.164.44.228:3302) connected
﻿14:19:26 : Player #4 Turmoil - GUID: 078d3175e22fad797d9a152aaaa83806 (unverified)
﻿14:19:27 : Player #4 Turmoil - Legacy GUID: 153330a3c1eb9ccf7092e322ab07ebb0
﻿14:19:29 : Player #4 Turmoil disconnected
﻿14:21:12 : Player #4 Turmoil (85.164.44.228:3302) connected
﻿14:21:14 : Player #4 Turmoil - GUID: 078d3175e22fad797d9a152aaaa83806 (unverified)
﻿14:21:14 : Verified GUID (078d3175e22fad797d9a152aaaa83806) of player #4 Turmoil
﻿14:21:15 : Player #4 Turmoil - Legacy GUID: 153330a3c1eb9ccf7092e322ab07ebb0
﻿14:23:19 : Player #6 PRISMIC disconnected
﻿14:26:35 : Player #0 [NG2] Jesse disconnected
﻿14:30:27 : RCon admin #4: (Global) BASES MUST BE MAINTAINED VIA THE PLOT POLE EVERY 7 DAYS!!
﻿14:35:27 : RCon admin #4: (Global) NO SQUAD XML: ENGLISH ONLY IN SIDE CHAT: VEHICLES AND GEAR CAN BE STOLEN ANYWHERE
﻿14:37:31 : Player #0 Winans (178.200.93.19:3302) connected
﻿14:37:32 : Player #0 Winans - GUID: 5cfd15b84e558bc0ef1f0210efc34126 (unverified)
﻿14:37:33 : Verified GUID (5cfd15b84e558bc0ef1f0210efc34126) of player #0 Winans
﻿14:37:33 : Player #0 Winans - Legacy GUID: a5953aeb5d5414bdf99a6fe9cbecf6c4
﻿14:38:20 : Player #6 Kev (91.19.224.129:3302) connected
﻿14:38:21 : Player #6 Kev - GUID: af78371e93270a906886de7319dc02a2 (unverified)
﻿14:38:22 : Verified GUID (af78371e93270a906886de7319dc02a2) of player #6 Kev
﻿14:38:22 : Player #6 Kev - Owner GUID: 36c1d4ace124035b6f681160109834ae
﻿14:38:22 : Player #6 Kev - Legacy GUID: 0b9033dfdfbdc6d6ab41de4439764ed0
﻿14:38:26 : Player #9 Legend (84.115.138.244:3302) connected
﻿14:38:27 : Player #9 Legend - GUID: 679742a9f21160e2f6a938eb2f072a0d (unverified)
﻿14:38:28 : Player #9 Legend - Legacy GUID: 0693da7613ae258d7f1270e3882f2e56
﻿14:38:33 : Verified GUID (679742a9f21160e2f6a938eb2f072a0d) of player #9 Legend
﻿14:39:21 : Player #4 Turmoil disconnected
﻿14:40:34 : RCon admin #0 (86.162.43.39:65147) logged in
﻿14:43:00 : Player #0 Winans disconnected
﻿14:43:52 : Player #2 2DIE4 disconnected
﻿14:44:33 : Player #0 Joshuaa (151.227.59.78:2304) connected
﻿14:44:34 : Player #0 Joshuaa - GUID: b49ef5033d1e6ae4e10a59a4830e0c53 (unverified)
﻿14:44:34 : Verified GUID (b49ef5033d1e6ae4e10a59a4830e0c53) of player #0 Joshuaa
﻿14:44:35 : Player #0 Joshuaa - Legacy GUID: d3a50ec0b3c8a1b05ecf53e7a4ae2f00
﻿14:46:27 : RCon admin #4: (Global) ADMINS: LWB AND SIERRA | VISIT THE WEBSITE FOR DONATION PERKS | SURVIVALIST-DAYZ.COM
﻿14:46:49 : Player #2 Winans (178.200.93.19:3302) connected
﻿14:46:51 : Player #2 Winans - GUID: 5cfd15b84e558bc0ef1f0210efc34126 (unverified)
﻿14:46:51 : Verified GUID (5cfd15b84e558bc0ef1f0210efc34126) of player #2 Winans
﻿14:46:51 : Player #2 Winans - Legacy GUID: a5953aeb5d5414bdf99a6fe9cbecf6c4
﻿14:48:14 : Player #2 Winans (5cfd15b84e558bc0ef1f0210efc34126) has been kicked by BattlEye: Client not responding
﻿14:49:44 : RCon admin #2 (86.162.43.39:61102) logged in
﻿14:50:49 : Player #2 Winans (178.200.93.19:3302) connected
﻿14:50:50 : Player #2 Winans - GUID: 5cfd15b84e558bc0ef1f0210efc34126 (unverified)
﻿14:50:51 : Verified GUID (5cfd15b84e558bc0ef1f0210efc34126) of player #2 Winans
﻿14:50:51 : Player #2 Winans - Legacy GUID: a5953aeb5d5414bdf99a6fe9cbecf6c4
﻿14:51:17 : RCon admin #3 (86.162.43.39:49605) logged in
﻿14:59:54 : Player #3 Simon disconnected
﻿15:00:27 : RCon admin #4: (Global) BASES MUST BE MAINTAINED VIA THE PLOT POLE EVERY 7 DAYS!!
﻿15:05:27 : RCon admin #4: (Global) NO SQUAD XML: ENGLISH ONLY IN SIDE CHAT: VEHICLES AND GEAR CAN BE STOLEN ANYWHERE
﻿15:09:09 : RCon admin #2 (86.162.43.39:53677) logged in
﻿15:10:24 : RCon admin #1 (86.162.43.39:63437) logged in
﻿15:11:09 : RCon admin #3 (86.162.43.39:50225) logged in
﻿15:12:38 : RCon admin #1 (86.162.43.39:49683) logged in
﻿15:13:22 : Player #3 CrY you Die (80.141.198.86:3302) connected
﻿15:13:24 : Player #3 CrY you Die - GUID: 4c1b86eeddeb14c68998f62c2e580795 (unverified)
﻿15:13:24 : Verified GUID (4c1b86eeddeb14c68998f62c2e580795) of player #3 CrY you Die
﻿15:13:24 : Player #3 CrY you Die - Legacy GUID: 0a448d4dec0435c8ed53649862687db8
﻿15:16:27 : RCon admin #4: (Global) ADMINS: LWB AND SIERRA | VISIT THE WEBSITE FOR DONATION PERKS | SURVIVALIST-DAYZ.COM
﻿15:16:52 : RCon admin #3 (86.162.43.39:55392) logged in
﻿15:18:37 : Player #0 Joshuaa disconnected
﻿15:18:39 : RCon admin #1 (86.162.43.39:64275) logged in
﻿15:19:02 : Player #7 [KRT]Uku disconnected
﻿15:25:48 : Player #0 Hagebutte (217.86.120.168:3302) connected
﻿15:25:52 : Player #0 Hagebutte - GUID: 7a8e819869a4ef60a5d4612d458be4b0 (unverified)
﻿15:25:52 : Player #0 Hagebutte - Legacy GUID: 85163eaf47fbe25f0ad8d7afd78b3cbe
﻿15:25:52 : Verified GUID (7a8e819869a4ef60a5d4612d458be4b0) of player #0 Hagebutte
﻿15:29:02 : Player #4 Laurence Gommersil (91.84.65.136:3302) connected
﻿15:29:03 : Player #4 Laurence Gommersil - GUID: f1f45f96a2cdd71b21097c87e6cef51a (unverified)
﻿15:29:04 : Player #4 Laurence Gommersil - Legacy GUID: 968c41ae2194f0cd7392781b4dee481b
﻿15:29:05 : Verified GUID (f1f45f96a2cdd71b21097c87e6cef51a) of player #4 Laurence Gommersil
﻿15:29:50 : RCon admin #3 (86.162.43.39:65303) logged in
﻿15:30:27 : RCon admin #4: (Global) BASES MUST BE MAINTAINED VIA THE PLOT POLE EVERY 7 DAYS!!
﻿15:34:27 : Player #0 Hagebutte disconnected
﻿15:35:26 : RCon admin #4: (Global) NO SQUAD XML: ENGLISH ONLY IN SIDE CHAT: VEHICLES AND GEAR CAN BE STOLEN ANYWHERE
﻿15:35:31 : Player #4 Laurence Gommersil disconnected
﻿15:35:33 : Player #0 Heisenberg (62.226.221.8:2304) connected
﻿15:35:35 : Player #0 Heisenberg - GUID: b370b1c38c4f9302e47ecb9d36cd45c7 (unverified)
﻿15:35:35 : Player #0 Heisenberg - Legacy GUID: 31978475de382df4613ffa4c23aeebef
﻿15:35:36 : Verified GUID (b370b1c38c4f9302e47ecb9d36cd45c7) of player #0 Heisenberg
﻿15:35:37 : Player #0 Heisenberg disconnected
﻿15:36:16 : Player #3 CrY you Die disconnected
﻿15:36:28 : Player #0 -SDS- Meliodas (93.128.237.40:3302) connected
﻿15:36:30 : Player #0 -SDS- Meliodas disconnected
﻿15:38:01 : Player #8 Sir LongSleeves disconnected
﻿15:41:26 : RCon admin #4: (Global) Server will restart in 10 minutes
﻿15:45:38 : Player #2 Winans disconnected
﻿15:46:26 : RCon admin #4: (Global) ADMINS: LWB AND SIERRA | VISIT THE WEBSITE FOR DONATION PERKS | SURVIVALIST-DAYZ.COM
﻿15:46:27 : RCon admin #4: (Global) Server will restart in 5 minutes: Prepare to Logout
﻿15:46:44 : Player #9 Legend disconnected
﻿15:46:44 : Player #6 Kev disconnected
﻿15:48:54 : Player #5 -SDS-Ban disconnected
﻿15:49:26 : RCon admin #4: (Global) The Server is about to restart. LOG OUT NOW OR YOUR GEAR MAY BE LOST!!
﻿15:50:56 : RCon admin #4: (Global) YOU SHOULD BE LOGGED OUT BY NOW! IF YOU ARENT YOU WILL BE AUTO KICKED AND YOUR GEAR MAY BE LOST! NO REFUNDS!
﻿15:52:00 : Rcon client logging in
﻿15:52:00 : RCon admin #4 (78.31.67.100:65021) logged in
﻿15:52:19 : Player #0 Winans (178.200.93.19:3302) connected
﻿15:52:20 : Player #0 Winans - GUID: 5cfd15b84e558bc0ef1f0210efc34126 (unverified)
﻿15:52:21 : Verified GUID (5cfd15b84e558bc0ef1f0210efc34126) of player #0 Winans
﻿15:52:21 : Player #0 Winans - Legacy GUID: a5953aeb5d5414bdf99a6fe9cbecf6c4
﻿15:52:29 : Player #1 Hailstorm (93.222.250.59:3302) connected
﻿15:52:30 : Player #1 Hailstorm - GUID: 0692c4867addd58d9591110bb02a6244 (unverified)
﻿15:52:31 : Verified GUID (0692c4867addd58d9591110bb02a6244) of player #1 Hailstorm
﻿15:52:31 : Player #1 Hailstorm - Legacy GUID: e22681f3383bb6138a608cbe99764fe1
﻿15:52:41 : Player #2 alexxx (89.136.244.33:2304) connected
﻿15:52:42 : Player #2 alexxx - GUID: 5fce12544baf95cb7c7a5198aa969cc0 (unverified)
﻿15:52:43 : Verified GUID (5fce12544baf95cb7c7a5198aa969cc0) of player #2 alexxx
﻿15:52:43 : Player #2 alexxx - Legacy GUID: 5383ad7e1815bcc36bf991e764af88d0
﻿15:54:25 : Player #3 Laurence Gommersil (91.84.65.136:3302) connected
﻿15:54:27 : Player #3 Laurence Gommersil - GUID: f1f45f96a2cdd71b21097c87e6cef51a (unverified)
﻿15:54:28 : Verified GUID (f1f45f96a2cdd71b21097c87e6cef51a) of player #3 Laurence Gommersil
﻿15:54:29 : Player #3 Laurence Gommersil - Legacy GUID: 968c41ae2194f0cd7392781b4dee481b
﻿15:54:33 : Player #3 Laurence Gommersil disconnected
﻿15:56:29 : Player #3 M.K. (109.101.224.92:2304) connected
﻿15:56:31 : Player #3 M.K. - GUID: 571fb2e0f2eb39ffd202006f98ed4e00 (unverified)
﻿15:56:31 : Verified GUID (571fb2e0f2eb39ffd202006f98ed4e00) of player #3 M.K.
﻿15:56:31 : Player #3 M.K. - Legacy GUID: 88cbf0cb339b2fdd89e58c1466b5f40f
﻿16:02:13 : Player #4 Sir LongSleeves (94.213.214.56:3302) connected
﻿16:02:15 : Player #4 Sir LongSleeves - GUID: 98158632fa2959a6acbbeeb0b18f80f6 (unverified)
﻿16:02:15 : Verified GUID (98158632fa2959a6acbbeeb0b18f80f6) of player #4 Sir LongSleeves
﻿16:02:16 : Player #4 Sir LongSleeves - Legacy GUID: 60d8062a5857101f95a9a16178742f93
﻿16:02:41 : Player #5 Laurence Gommersil (91.84.65.136:3302) connected
﻿16:02:43 : Player #5 Laurence Gommersil - GUID: f1f45f96a2cdd71b21097c87e6cef51a (unverified)
﻿16:02:43 : Player #5 Laurence Gommersil - Legacy GUID: 968c41ae2194f0cd7392781b4dee481b
﻿16:02:43 : Verified GUID (f1f45f96a2cdd71b21097c87e6cef51a) of player #5 Laurence Gommersil
﻿16:04:59 : Player #6 -SDS- Meliodas (93.128.237.40:3302) connected
﻿16:05:01 : Player #6 -SDS- Meliodas disconnected
﻿16:05:19 : Player #6 -SDS-Ban (91.137.41.229:3302) connected
﻿16:05:20 : Player #6 -SDS-Ban - GUID: 1bda1d7f7f9ae72702de431a4bc55b4a (unverified)
﻿16:05:20 : Verified GUID (1bda1d7f7f9ae72702de431a4bc55b4a) of player #6 -SDS-Ban
﻿16:05:21 : Player #6 -SDS-Ban - Legacy GUID: 38e5e3e9b10fb9c9d083aef35e291fde
﻿16:05:51 : RCon admin #3: (Global) LWB: Poles are in the trader, caled metal poles :D
﻿16:06:01 : RCon admin #4: (Global) NO SQUAD XML: ENGLISH ONLY IN SIDE CHAT: VEHICLES AND GEAR CAN BE STOLEN ANYWHERE
﻿16:06:03 : Player #7 -SDS- Gowther (188.103.244.110:3302) connected
﻿16:06:04 : Player #7 -SDS- Gowther - GUID: 03492c7dbb4087e80f5c95d1df0aebac (unverified)
﻿16:06:05 : Verified GUID (03492c7dbb4087e80f5c95d1df0aebac) of player #7 -SDS- Gowther
﻿16:06:05 : Player #7 -SDS- Gowther - Legacy GUID: 459161ad2315d6e5e544515528714548
﻿16:06:29 : RCon admin #3: (Global) LWB: Pole The others are pipes
﻿16:06:33 : Player #8 -SDS- Meliodas (93.128.237.40:3302) connected
﻿16:06:35 : Player #8 -SDS- Meliodas disconnected
﻿16:07:28 : RCon admin #3: (Global) LWB: Bewteen fence and cinder block
﻿16:08:10 : Player #8 -SDS- Meliodas (93.128.237.40:3302) connected
﻿16:08:11 : Player #8 -SDS- Meliodas disconnected
﻿16:09:25 : Player #8 -SDS- Meliodas (93.128.237.40:3302) connected
﻿16:09:27 : Player #8 -SDS- Meliodas disconnected
﻿16:12:29 : Player #8 -SDS- Meliodas (93.128.237.40:3302) connected
﻿16:12:30 : Player #8 -SDS- Meliodas disconnected
﻿16:15:43 : Player #8 -SDS- Meliodas (93.128.237.40:3302) connected
﻿16:15:45 : Player #8 -SDS- Meliodas disconnected
﻿16:17:01 : RCon admin #4: (Global) ADMINS: LWB AND SIERRA | VISIT THE WEBSITE FOR DONATION PERKS | SURVIVALIST-DAYZ.COM
﻿16:17:03 : Player #8 Cory (151.227.74.224:3302) connected
﻿16:17:04 : Player #8 Cory - GUID: 21b434654a14e1fc6d63fe19c2006159 (unverified)
﻿16:17:04 : Verified GUID (21b434654a14e1fc6d63fe19c2006159) of player #8 Cory
﻿16:17:04 : Player #8 Cory - Owner GUID: be4a8d66af9591f89960c0dad42bd12c
﻿16:17:05 : Player #8 Cory disconnected
﻿16:18:46 : Player #8 2DIE4 (84.130.106.88:3302) connected
﻿16:18:47 : Player #8 2DIE4 - GUID: 97b8e8b63e4439b2b62c99dde2b8b8a1 (unverified)
﻿16:18:48 : Verified GUID (97b8e8b63e4439b2b62c99dde2b8b8a1) of player #8 2DIE4
﻿16:18:48 : Player #8 2DIE4 - Legacy GUID: e56dc54c0a6d92faa8a284d7c54bffab
﻿16:24:54 : Player #5 Laurence Gommersil disconnected
﻿16:25:05 : Player #5 -SDS- Meliodas (93.128.237.40:3302) connected
﻿16:25:06 : Player #5 -SDS- Meliodas - GUID: 4b9356a371e11a19d8bdd196f9cc814d (unverified)
﻿16:25:07 : Verified GUID (4b9356a371e11a19d8bdd196f9cc814d) of player #5 -SDS- Meliodas
﻿16:25:07 : Player #5 -SDS- Meliodas - Legacy GUID: 85ce520f606fe7cd95f4aa41f68397ec
﻿16:30:30 : RCon admin #3: (Global) LWB: You'd need a toolbox to repair it....
﻿16:30:58 : RCon admin #3: (Global) LWB: Think about that for a second
﻿16:31:01 : RCon admin #4: (Global) BASES MUST BE MAINTAINED VIA THE PLOT POLE EVERY 7 DAYS!!
﻿16:31:30 : Player #9 Hagebutte (217.86.120.168:3302) connected
﻿16:31:31 : Player #9 Hagebutte - GUID: 7a8e819869a4ef60a5d4612d458be4b0 (unverified)
﻿16:31:32 : Verified GUID (7a8e819869a4ef60a5d4612d458be4b0) of player #9 Hagebutte
﻿16:31:32 : Player #9 Hagebutte - Legacy GUID: 85163eaf47fbe25f0ad8d7afd78b3cbe
﻿16:31:42 : RCon admin #3: (Global) LWB: well carry two toolboxes, if you break a bike, spawn another
﻿16:31:48 : RCon admin #3: (Global) LWB: or use the handbrake and dont crash
﻿16:31:57 : Player #10 Laurence Gommersil (91.84.65.136:3302) connected
﻿16:31:58 : Player #10 Laurence Gommersil - GUID: f1f45f96a2cdd71b21097c87e6cef51a (unverified)
﻿16:31:59 : Verified GUID (f1f45f96a2cdd71b21097c87e6cef51a) of player #10 Laurence Gommersil
﻿16:31:59 : Player #10 Laurence Gommersil - Legacy GUID: 968c41ae2194f0cd7392781b4dee481b
﻿16:32:58 : RCon admin #3: (Global) LWB: There is no logic in repairing bikes
﻿16:33:04 : RCon admin #3: (Global) LWB: You need a toolbox to repair it
﻿16:33:08 : RCon admin #3: (Global) LWB: so just spawn a new bike
﻿16:34:15 : RCon admin #3: (Global) LWB: Yes, but you need the toolbox to repair it in the first place
﻿16:34:29 : RCon admin #3: (Global) LWB: you cant repair without a toolbox, if you crach the bike, you have no toolbox
﻿16:35:53 : Player #9 Hagebutte disconnected
﻿16:36:00 : RCon admin #3: (Global) LWB: without carrying two toolboxes there is no way to repair a bike, its annoying but thats how it is
﻿16:36:01 : RCon admin #4: (Global) NO SQUAD XML: ENGLISH ONLY IN SIDE CHAT: VEHICLES AND GEAR CAN BE STOLEN ANYWHERE
﻿16:37:47 : RCon admin #3: (Global) LWB: He wants to repack a broken bike and have it spawn fixed
﻿16:47:01 : RCon admin #4: (Global) ADMINS: LWB AND SIERRA | VISIT THE WEBSITE FOR DONATION PERKS | SURVIVALIST-DAYZ.COM
﻿16:49:15 : Player #4 Sir LongSleeves disconnected
﻿16:50:52 : Player #4 Cory (151.227.74.224:3302) connected
﻿16:50:53 : Player #4 Cory - GUID: 21b434654a14e1fc6d63fe19c2006159 (unverified)
﻿16:50:53 : Verified GUID (21b434654a14e1fc6d63fe19c2006159) of player #4 Cory
﻿16:50:53 : Player #4 Cory - Owner GUID: be4a8d66af9591f89960c0dad42bd12c
﻿16:50:54 : Player #4 Cory - Legacy GUID: 2018cdcb3ea2a17da6317ae7a44d6d13
﻿16:52:29 : Player #9 [NG2] Jesse (145.133.183.236:3302) connected
﻿16:52:30 : Player #9 [NG2] Jesse - GUID: 1f7a31a6c97ae9822a9e4dcb3de0e9a0 (unverified)
﻿16:52:31 : Verified GUID (1f7a31a6c97ae9822a9e4dcb3de0e9a0) of player #9 [NG2] Jesse
﻿16:52:31 : Player #9 [NG2] Jesse - Legacy GUID: aa29d15133c89f949e71190836ad19cb
﻿16:53:45 : RCon admin #3: (Global) LWB: After retart the bike will be packable with upto 30% damage rather than the current 10%
﻿16:54:07 : RCon admin #3: (Global) LWB: Thats about 2-3 tree hits by my testing
﻿16:56:13 : RCon admin #5 (86.162.43.39:56897) logged in
﻿17:01:01 : RCon admin #4: (Global) BASES MUST BE MAINTAINED VIA THE PLOT POLE EVERY 7 DAYS!!
﻿17:06:01 : RCon admin #4: (Global) NO SQUAD XML: ENGLISH ONLY IN SIDE CHAT: VEHICLES AND GEAR CAN BE STOLEN ANYWHERE
﻿17:14:15 : Player #11 PRISMIC (195.39.192.48:3302) connected
﻿17:14:16 : Player #11 PRISMIC - GUID: c2a9b9e975c3a16bc843e3b1437182ca (unverified)
﻿17:14:17 : Player #11 PRISMIC - Legacy GUID: 40b9483bb39fdbf38ebf22597947cee7
﻿17:14:25 : Player #11 PRISMIC disconnected
﻿17:15:39 : Player #11 PRISMIC (195.39.192.48:3302) connected
﻿17:15:40 : Player #11 PRISMIC - GUID: c2a9b9e975c3a16bc843e3b1437182ca (unverified)
﻿17:15:41 : Verified GUID (c2a9b9e975c3a16bc843e3b1437182ca) of player #11 PRISMIC
﻿17:15:41 : Player #11 PRISMIC - Legacy GUID: 40b9483bb39fdbf38ebf22597947cee7
﻿17:17:01 : RCon admin #4: (Global) ADMINS: LWB AND SIERRA | VISIT THE WEBSITE FOR DONATION PERKS | SURVIVALIST-DAYZ.COM
﻿17:18:59 : Player #3 M.K. disconnected
﻿17:19:51 : Player #3 [RussianMafia]ICEE (95.27.172.194:3302) connected
﻿17:19:53 : Player #3 [RussianMafia]ICEE - Legacy GUID: c93d360e6f729bb538949a040f4c4618
﻿17:19:54 : Player #3 [RussianMafia]ICEE - GUID: 0fd142389ccf36b1ed32a4c19e53f394 (unverified)
﻿17:19:54 : Verified GUID (0fd142389ccf36b1ed32a4c19e53f394) of player #3 [RussianMafia]ICEE
﻿17:21:20 : Player #12 GG_LEE_SIN (195.19.34.40:3302) connected
﻿17:21:22 : Player #12 GG_LEE_SIN - GUID: 0635bb68e78ed192889660d0139ba63c (unverified)
﻿17:21:22 : Player #12 GG_LEE_SIN - Legacy GUID: ed91c122bd2998b1b8d3ed6c94ba74bf
﻿17:21:23 : Verified GUID (0635bb68e78ed192889660d0139ba63c) of player #12 GG_LEE_SIN
﻿17:22:01 : Player #3 [RussianMafia]ICEE (0fd142389ccf36b1ed32a4c19e53f394) has been kicked by BattlEye: Client not responding
﻿17:23:31 : Player #4 Cory disconnected
﻿17:24:25 : Player #3 [RussianMafia]ICEE (95.27.172.194:3302) connected
﻿17:24:26 : Player #3 [RussianMafia]ICEE - GUID: 0fd142389ccf36b1ed32a4c19e53f394 (unverified)
﻿17:24:27 : Player #3 [RussianMafia]ICEE - Legacy GUID: c93d360e6f729bb538949a040f4c4618
﻿17:24:29 : Verified GUID (0fd142389ccf36b1ed32a4c19e53f394) of player #3 [RussianMafia]ICEE
﻿17:26:09 : Player #6 -SDS-Ban (1bda1d7f7f9ae72702de431a4bc55b4a) has been kicked by BattlEye: CreateVehicle Restriction #1
﻿17:26:15 : Player #3 [RussianMafia]ICEE (0fd142389ccf36b1ed32a4c19e53f394) has been kicked by BattlEye: Client not responding
﻿17:28:40 : Player #12 GG_LEE_SIN disconnected
﻿17:28:42 : Player #3 [RussianMafia]ICEE (95.27.172.194:3302) connected
﻿17:28:44 : Player #3 [RussianMafia]ICEE - GUID: 0fd142389ccf36b1ed32a4c19e53f394 (unverified)
﻿17:28:44 : Verified GUID (0fd142389ccf36b1ed32a4c19e53f394) of player #3 [RussianMafia]ICEE
﻿17:28:44 : Player #3 [RussianMafia]ICEE - Legacy GUID: c93d360e6f729bb538949a040f4c4618
﻿17:30:37 : Player #3 [RussianMafia]ICEE (0fd142389ccf36b1ed32a4c19e53f394) has been kicked by BattlEye: Client not responding
﻿17:31:01 : RCon admin #4: (Global) BASES MUST BE MAINTAINED VIA THE PLOT POLE EVERY 7 DAYS!!
﻿17:36:01 : RCon admin #4: (Global) NO SQUAD XML: ENGLISH ONLY IN SIDE CHAT: VEHICLES AND GEAR CAN BE STOLEN ANYWHERE
﻿17:36:55 : Player #3 GG_LEE_SIN (195.19.49.242:3302) connected
﻿17:36:56 : Player #3 GG_LEE_SIN - GUID: 0635bb68e78ed192889660d0139ba63c (unverified)
﻿17:36:57 : Verified GUID (0635bb68e78ed192889660d0139ba63c) of player #3 GG_LEE_SIN
﻿17:36:57 : Player #3 GG_LEE_SIN - Legacy GUID: ed91c122bd2998b1b8d3ed6c94ba74bf
﻿17:38:04 : Player #7 -SDS- Gowther disconnected
﻿17:38:20 : Player #3 GG_LEE_SIN (0635bb68e78ed192889660d0139ba63c) has been kicked by BattlEye: Client not responding
﻿17:39:25 : Player #3 [RussianMafia]ICEE (95.27.172.194:3302) connected
﻿17:39:26 : Player #3 [RussianMafia]ICEE - GUID: 0fd142389ccf36b1ed32a4c19e53f394 (unverified)
﻿17:39:27 : Player #3 [RussianMafia]ICEE - Legacy GUID: c93d360e6f729bb538949a040f4c4618
﻿17:39:27 : Verified GUID (0fd142389ccf36b1ed32a4c19e53f394) of player #3 [RussianMafia]ICEE
﻿17:40:34 : Player #5 -SDS- Meliodas disconnected
﻿17:41:04 : Player #3 [RussianMafia]ICEE (0fd142389ccf36b1ed32a4c19e53f394) has been kicked by BattlEye: Client not responding
﻿17:42:56 : Player #3 GG_LEE_SIN (195.19.49.242:3302) connected
﻿17:42:57 : Player #3 GG_LEE_SIN - GUID: 0635bb68e78ed192889660d0139ba63c (unverified)
﻿17:42:58 : Player #3 GG_LEE_SIN - Legacy GUID: ed91c122bd2998b1b8d3ed6c94ba74bf
﻿17:42:58 : Verified GUID (0635bb68e78ed192889660d0139ba63c) of player #3 GG_LEE_SIN
﻿17:44:53 : Player #3 GG_LEE_SIN (0635bb68e78ed192889660d0139ba63c) has been kicked by BattlEye: Client not responding
﻿17:45:09 : Player #11 PRISMIC disconnected
﻿17:47:01 : RCon admin #4: (Global) ADMINS: LWB AND SIERRA | VISIT THE WEBSITE FOR DONATION PERKS | SURVIVALIST-DAYZ.COM
﻿17:48:09 : Player #3 M.K. (109.101.224.92:2304) connected
﻿17:48:10 : Player #3 M.K. - GUID: 571fb2e0f2eb39ffd202006f98ed4e00 (unverified)
﻿17:48:11 : Player #3 M.K. - Legacy GUID: 88cbf0cb339b2fdd89e58c1466b5f40f
﻿17:48:14 : Verified GUID (571fb2e0f2eb39ffd202006f98ed4e00) of player #3 M.K.
﻿17:49:33 : Player #4 GG_LEE_SIN (195.19.49.242:3302) connected
﻿17:49:35 : Player #4 GG_LEE_SIN - GUID: 0635bb68e78ed192889660d0139ba63c (unverified)
﻿17:49:36 : Player #4 GG_LEE_SIN - Legacy GUID: ed91c122bd2998b1b8d3ed6c94ba74bf
﻿17:49:36 : Verified GUID (0635bb68e78ed192889660d0139ba63c) of player #4 GG_LEE_SIN
﻿17:51:18 : Player #5 Joshuaa (151.227.59.78:2304) connected
﻿17:51:19 : Player #5 Joshuaa - GUID: b49ef5033d1e6ae4e10a59a4830e0c53 (unverified)
﻿17:51:20 : Verified GUID (b49ef5033d1e6ae4e10a59a4830e0c53) of player #5 Joshuaa
﻿17:51:20 : Player #5 Joshuaa - Legacy GUID: d3a50ec0b3c8a1b05ecf53e7a4ae2f00
﻿17:56:34 : Player #5 Joshuaa disconnected
﻿17:57:02 : Player #10 Laurence Gommersil disconnected
﻿17:57:05 : Player #1 Hailstorm disconnected
﻿17:57:07 : Player #0 Winans disconnected
﻿17:57:21 : Player #4 GG_LEE_SIN disconnected
﻿17:59:45 : Player #0 GG_LEE_SIN (195.19.49.242:3302) connected
﻿17:59:47 : Player #0 GG_LEE_SIN - GUID: 0635bb68e78ed192889660d0139ba63c (unverified)
﻿17:59:47 : Player #0 GG_LEE_SIN - Legacy GUID: ed91c122bd2998b1b8d3ed6c94ba74bf
﻿17:59:48 : Verified GUID (0635bb68e78ed192889660d0139ba63c) of player #0 GG_LEE_SIN
﻿18:01:01 : RCon admin #4: (Global) BASES MUST BE MAINTAINED VIA THE PLOT POLE EVERY 7 DAYS!!
﻿18:06:00 : RCon admin #4: (Global) NO SQUAD XML: ENGLISH ONLY IN SIDE CHAT: VEHICLES AND GEAR CAN BE STOLEN ANYWHERE
﻿18:07:17 : Player #0 GG_LEE_SIN disconnected
﻿18:11:53 : Player #0 hehexd (88.84.181.221:2304) connected
﻿18:11:54 : Player #0 hehexd - GUID: 51aabec53b0be7fc6e83b32d8b08c7d8 (unverified)
﻿18:11:55 : Verified GUID (51aabec53b0be7fc6e83b32d8b08c7d8) of player #0 hehexd
﻿18:11:55 : Player #0 hehexd - Legacy GUID: 93f2ecec9add17c3438526fca7fc69c8
﻿18:12:00 : RCon admin #4: (Global) Server will restart in 10 minutes
﻿18:15:03 : RCon admin #3: (Global) LWB: forever until its deleted
﻿18:15:22 : Player #1 Joshuaa (151.227.59.78:2304) connected
﻿18:15:23 : Player #1 Joshuaa - GUID: b49ef5033d1e6ae4e10a59a4830e0c53 (unverified)
﻿18:15:23 : Verified GUID (b49ef5033d1e6ae4e10a59a4830e0c53) of player #1 Joshuaa
﻿18:15:24 : Player #1 Joshuaa - Legacy GUID: d3a50ec0b3c8a1b05ecf53e7a4ae2f00
﻿18:15:58 : Player #0 hehexd disconnected
﻿18:17:00 : RCon admin #4: (Global) ADMINS: LWB AND SIERRA | VISIT THE WEBSITE FOR DONATION PERKS | SURVIVALIST-DAYZ.COM
﻿18:17:01 : RCon admin #4: (Global) Server will restart in 5 minutes: Prepare to Logout
﻿18:17:24 : Player #0 II TheElite II (83.86.22.79:3302) connected
﻿18:17:25 : Player #0 II TheElite II - GUID: e0d29edb33378bbc6d6506b5f581dd6a (unverified)
﻿18:17:26 : Player #0 II TheElite II - Legacy GUID: 0683f2e6246fca2d44581d59ce516fea
﻿18:17:30 : Player #0 II TheElite II disconnected
﻿18:18:11 : Player #1 Joshuaa disconnected
﻿18:20:00 : RCon admin #4: (Global) The Server is about to restart. LOG OUT NOW OR YOUR GEAR MAY BE LOST!!
﻿18:21:09 : Player #2 alexxx disconnected
﻿18:21:17 : Player #3 M.K. disconnected
﻿18:21:30 : RCon admin #4: (Global) YOU SHOULD BE LOGGED OUT BY NOW! IF YOU ARENT YOU WILL BE AUTO KICKED AND YOUR GEAR MAY BE LOST! NO REFUNDS!
﻿18:21:43 : Player #9 [NG2] Jesse disconnected
﻿18:22:34 : Rcon client logging in
﻿18:22:34 : RCon admin #4 (78.31.67.100:54885) logged in
﻿18:22:46 : Player #0 alexxx (89.136.244.33:2304) connected
﻿18:22:47 : Player #0 alexxx - GUID: 5fce12544baf95cb7c7a5198aa969cc0 (unverified)
﻿18:22:48 : Player #0 alexxx - Legacy GUID: 5383ad7e1815bcc36bf991e764af88d0
﻿18:22:48 : Verified GUID (5fce12544baf95cb7c7a5198aa969cc0) of player #0 alexxx
﻿18:22:53 : Player #1 [NG2] Jesse (145.133.183.236:3302) connected
﻿18:22:55 : Player #1 [NG2] Jesse - GUID: 1f7a31a6c97ae9822a9e4dcb3de0e9a0 (unverified)
﻿18:22:55 : Verified GUID (1f7a31a6c97ae9822a9e4dcb3de0e9a0) of player #1 [NG2] Jesse
﻿18:22:55 : Player #1 [NG2] Jesse - Legacy GUID: aa29d15133c89f949e71190836ad19cb
﻿18:23:17 : Player #2 II TheElite II (83.86.22.79:3302) connected
﻿18:23:18 : Player #2 II TheElite II - GUID: e0d29edb33378bbc6d6506b5f581dd6a (unverified)
﻿18:23:18 : Verified GUID (e0d29edb33378bbc6d6506b5f581dd6a) of player #2 II TheElite II
﻿18:23:19 : Player #2 II TheElite II - Legacy GUID: 0683f2e6246fca2d44581d59ce516fea
﻿18:23:38 : Player #3 xXSkylineXx (178.0.18.200:2304) connected
﻿18:23:39 : Player #3 xXSkylineXx - GUID: 614fb61dcc2dc3db085e2bcc537efd9d (unverified)
﻿18:23:39 : Verified GUID (614fb61dcc2dc3db085e2bcc537efd9d) of player #3 xXSkylineXx
﻿18:23:39 : Player #3 xXSkylineXx disconnected
﻿18:28:34 : Player #3 Sir LongSleeves (94.213.214.56:3302) connected
﻿18:28:35 : Player #3 Sir LongSleeves - GUID: 98158632fa2959a6acbbeeb0b18f80f6 (unverified)
﻿18:28:36 : Player #3 Sir LongSleeves - Legacy GUID: 60d8062a5857101f95a9a16178742f93
﻿18:28:42 : Verified GUID (98158632fa2959a6acbbeeb0b18f80f6) of player #3 Sir LongSleeves
﻿18:29:11 : Player #4 M.K. (109.101.224.92:2304) connected
﻿18:29:12 : Player #4 M.K. - GUID: 571fb2e0f2eb39ffd202006f98ed4e00 (unverified)
﻿18:29:13 : Player #4 M.K. - Legacy GUID: 88cbf0cb339b2fdd89e58c1466b5f40f
﻿18:29:17 : Player #4 M.K. disconnected
﻿18:29:32 : Player #4 M.K. (109.101.224.92:2304) connected
﻿18:29:33 : Player #4 M.K. - GUID: 571fb2e0f2eb39ffd202006f98ed4e00 (unverified)
﻿18:29:34 : Player #4 M.K. - Legacy GUID: 88cbf0cb339b2fdd89e58c1466b5f40f
﻿18:29:39 : Player #4 M.K. disconnected
﻿18:29:46 : Player #4 M.K. (109.101.224.92:2304) connected
﻿18:29:47 : Player #4 M.K. - GUID: 571fb2e0f2eb39ffd202006f98ed4e00 (unverified)
﻿18:29:47 : Verified GUID (571fb2e0f2eb39ffd202006f98ed4e00) of player #4 M.K.
﻿18:29:48 : Player #4 M.K. - Legacy GUID: 88cbf0cb339b2fdd89e58c1466b5f40f
﻿18:33:07 : Player #5 2DIE4 (84.130.106.88:3302) connected
﻿18:33:08 : Player #5 2DIE4 - GUID: 97b8e8b63e4439b2b62c99dde2b8b8a1 (unverified)
﻿18:33:08 : Verified GUID (97b8e8b63e4439b2b62c99dde2b8b8a1) of player #5 2DIE4
﻿18:33:09 : Player #5 2DIE4 - Legacy GUID: e56dc54c0a6d92faa8a284d7c54bffab
﻿18:35:25 : RCon admin #5 (86.162.43.39:61369) logged in
﻿18:36:34 : RCon admin #4: (Global) NO SQUAD XML: ENGLISH ONLY IN SIDE CHAT: VEHICLES AND GEAR CAN BE STOLEN ANYWHERE
﻿18:42:37 : Player #6 Fontes (145.133.89.241:3302) connected
﻿18:42:38 : Player #6 Fontes - GUID: 187a1e1810786b2322e86853e7abf1c6 (unverified)
﻿18:42:38 : Verified GUID (187a1e1810786b2322e86853e7abf1c6) of player #6 Fontes
﻿18:42:39 : Player #6 Fontes - Legacy GUID: b0975ebb07d96be3ad9fc48436bd1844
﻿18:46:03 : Player #7 Santiago (77.27.224.26:2304) connected
﻿18:46:04 : Player #7 Santiago - GUID: 89a5a6485166cfb957568760aeac81d7 (unverified)
﻿18:46:04 : Verified GUID (89a5a6485166cfb957568760aeac81d7) of player #7 Santiago
﻿18:46:04 : Player #7 Santiago disconnected
﻿18:47:09 : Player #6 Fontes (187a1e1810786b2322e86853e7abf1c6) has been kicked by BattlEye: Client not responding
﻿18:47:29 : Player #4 M.K. disconnected
﻿18:47:34 : RCon admin #4: (Global) ADMINS: LWB AND SIERRA | VISIT THE WEBSITE FOR DONATION PERKS | SURVIVALIST-DAYZ.COM
﻿18:52:01 : Player #4 Cristi (46.102.35.99:3302) connected
﻿18:52:03 : Player #4 Cristi - GUID: 6e68f6ea10c7beb00abc7bfedc9b6f54 (unverified)
﻿18:52:03 : Verified GUID (6e68f6ea10c7beb00abc7bfedc9b6f54) of player #4 Cristi
﻿18:52:03 : Player #4 Cristi - Legacy GUID: c9fadeaa2c29e36dd712aa14ff67f4c2
﻿18:52:11 : Player #6 Mario (188.26.79.21:3302) connected
﻿18:52:13 : Player #6 Mario - GUID: 1daf4deee2cb2cdbf48266893826a6d7 (unverified)
﻿18:52:13 : Player #6 Mario - Legacy GUID: 19c7c6a4420f22d99240bb7c03666bf1
﻿18:52:14 : Verified GUID (1daf4deee2cb2cdbf48266893826a6d7) of player #6 Mario
﻿19:01:34 : RCon admin #4: (Global) BASES MUST BE MAINTAINED VIA THE PLOT POLE EVERY 7 DAYS!!
﻿19:06:34 : RCon admin #4: (Global) NO SQUAD XML: ENGLISH ONLY IN SIDE CHAT: VEHICLES AND GEAR CAN BE STOLEN ANYWHERE
﻿19:08:51 : Player #7 Topor (188.209.102.156:3302) connected
﻿19:08:53 : Player #7 Topor - GUID: 5c9546208387bfbf6b56e1be73cff7a9 (unverified)
﻿19:08:53 : Player #7 Topor - Legacy GUID: b9efc6530665f213ca9b6c14576faff2
﻿19:08:53 : Verified GUID (5c9546208387bfbf6b56e1be73cff7a9) of player #7 Topor
﻿19:09:16 : Player #7 Topor disconnected
﻿19:12:25 : Player #7 [RussianMafia]ICEE (95.27.172.194:3302) connected
﻿19:12:26 : Player #7 [RussianMafia]ICEE - GUID: 0fd142389ccf36b1ed32a4c19e53f394 (unverified)
﻿19:12:27 : Verified GUID (0fd142389ccf36b1ed32a4c19e53f394) of player #7 [RussianMafia]ICEE
﻿19:12:27 : Player #7 [RussianMafia]ICEE - Legacy GUID: c93d360e6f729bb538949a040f4c4618
﻿19:14:15 : Player #7 [RussianMafia]ICEE (0fd142389ccf36b1ed32a4c19e53f394) has been kicked by BattlEye: Client not responding
﻿19:14:38 : Player #7 GG_LEE_SIN (195.19.49.242:3302) connected
﻿19:14:39 : Player #7 GG_LEE_SIN - GUID: 0635bb68e78ed192889660d0139ba63c (unverified)
﻿19:14:40 : Verified GUID (0635bb68e78ed192889660d0139ba63c) of player #7 GG_LEE_SIN
﻿19:14:40 : Player #7 GG_LEE_SIN - Legacy GUID: ed91c122bd2998b1b8d3ed6c94ba74bf
﻿19:17:34 : RCon admin #4: (Global) ADMINS: LWB AND SIERRA | VISIT THE WEBSITE FOR DONATION PERKS | SURVIVALIST-DAYZ.COM
﻿19:25:26 : RCon admin #3 (86.162.43.39:60566) logged in
﻿19:30:52 : Player #8 Komissar (95.27.172.194:3302) connected
﻿19:30:54 : Player #8 Komissar - GUID: 0fd142389ccf36b1ed32a4c19e53f394 (unverified)
﻿19:30:54 : Verified GUID (0fd142389ccf36b1ed32a4c19e53f394) of player #8 Komissar
﻿19:30:55 : Player #8 Komissar - Legacy GUID: c93d360e6f729bb538949a040f4c4618
﻿19:30:55 : Player #8 Komissar disconnected
﻿19:31:34 : RCon admin #4: (Global) BASES MUST BE MAINTAINED VIA THE PLOT POLE EVERY 7 DAYS!!
﻿19:32:12 : Player #8 [RussianMafia]ICEE (95.27.172.194:3302) connected
﻿19:32:13 : Player #8 [RussianMafia]ICEE - GUID: 0fd142389ccf36b1ed32a4c19e53f394 (unverified)
﻿19:32:13 : Verified GUID (0fd142389ccf36b1ed32a4c19e53f394) of player #8 [RussianMafia]ICEE
﻿19:32:14 : Player #8 [RussianMafia]ICEE - Legacy GUID: c93d360e6f729bb538949a040f4c4618
﻿19:36:34 : RCon admin #4: (Global) NO SQUAD XML: ENGLISH ONLY IN SIDE CHAT: VEHICLES AND GEAR CAN BE STOLEN ANYWHERE
﻿19:40:33 : Player #9 Laurence Gommersil (91.84.65.136:3302) connected
﻿19:40:34 : Player #9 Laurence Gommersil - GUID: f1f45f96a2cdd71b21097c87e6cef51a (unverified)
﻿19:40:35 : Verified GUID (f1f45f96a2cdd71b21097c87e6cef51a) of player #9 Laurence Gommersil
﻿19:40:35 : Player #9 Laurence Gommersil - Legacy GUID: 968c41ae2194f0cd7392781b4dee481b
﻿19:42:11 : Player #10 PRISMIC (195.39.192.48:3302) connected
﻿19:42:13 : Player #10 PRISMIC - GUID: c2a9b9e975c3a16bc843e3b1437182ca (unverified)
﻿19:42:14 : Player #10 PRISMIC - Legacy GUID: 40b9483bb39fdbf38ebf22597947cee7
﻿19:42:16 : Verified GUID (c2a9b9e975c3a16bc843e3b1437182ca) of player #10 PRISMIC
﻿19:43:12 : RCon admin #5 (86.162.43.39:58568) logged in
﻿19:46:30 : Player #11 M.K. (109.101.224.92:2304) connected
﻿19:46:31 : Player #11 M.K. - GUID: 571fb2e0f2eb39ffd202006f98ed4e00 (unverified)
﻿19:46:32 : Verified GUID (571fb2e0f2eb39ffd202006f98ed4e00) of player #11 M.K.
﻿19:46:32 : Player #11 M.K. - Legacy GUID: 88cbf0cb339b2fdd89e58c1466b5f40f
﻿19:47:34 : RCon admin #4: (Global) ADMINS: LWB AND SIERRA | VISIT THE WEBSITE FOR DONATION PERKS | SURVIVALIST-DAYZ.COM
﻿19:47:50 : Player #12 [AIS] Ghost (86.191.24.10:3302) connected
﻿19:47:56 : Player #12 [AIS] Ghost - GUID: d23baa251f60d4ec9c47eecaa04f94a3 (unverified)
﻿19:47:56 : Verified GUID (d23baa251f60d4ec9c47eecaa04f94a3) of player #12 [AIS] Ghost
﻿19:47:57 : Player #12 [AIS] Ghost - Legacy GUID: 92e541c823f1edb514e8339adefe3aa2
﻿19:49:09 : Player #13 jake (86.191.24.10:1024) connected
﻿19:49:11 : Player #13 jake - GUID: 93ddac439f864f27efc893cb1d43d219 (unverified)
﻿19:49:11 : Player #13 jake - Legacy GUID: 522a7a4424b75707bc8a5c7b7b4af6bf
﻿19:49:12 : Verified GUID (93ddac439f864f27efc893cb1d43d219) of player #13 jake
﻿19:49:42 : Player #12 [AIS] Ghost (d23baa251f60d4ec9c47eecaa04f94a3) has been kicked by BattlEye: Client not responding
﻿19:52:42 : Player #12 Winans (178.200.93.19:3302) connected
﻿19:52:43 : Player #12 Winans - GUID: 5cfd15b84e558bc0ef1f0210efc34126 (unverified)
﻿19:52:44 : Verified GUID (5cfd15b84e558bc0ef1f0210efc34126) of player #12 Winans
﻿19:52:44 : Player #12 Winans - Legacy GUID: a5953aeb5d5414bdf99a6fe9cbecf6c4
﻿19:52:47 : Player #14 Hailstorm (93.222.250.59:3302) connected
﻿19:52:48 : Player #14 Hailstorm - GUID: 0692c4867addd58d9591110bb02a6244 (unverified)
﻿19:52:48 : Verified GUID (0692c4867addd58d9591110bb02a6244) of player #14 Hailstorm
﻿19:52:49 : Player #14 Hailstorm - Legacy GUID: e22681f3383bb6138a608cbe99764fe1
﻿19:56:35 : Player #15 [AIS] Ghost (86.191.24.10:3302) connected
﻿19:56:36 : Player #15 [AIS] Ghost - GUID: d23baa251f60d4ec9c47eecaa04f94a3 (unverified)
﻿19:56:37 : Player #15 [AIS] Ghost - Legacy GUID: 92e541c823f1edb514e8339adefe3aa2
﻿19:56:38 : Verified GUID (d23baa251f60d4ec9c47eecaa04f94a3) of player #15 [AIS] Ghost
﻿19:56:55 : RCon admin #2: (Global) LWB: what does it say in the top right?
﻿19:57:56 : Player #13 jake disconnected
﻿19:58:44 : Player #15 [AIS] Ghost disconnected
﻿19:59:13 : Player #13 PC (188.220.205.19:3302) connected
﻿19:59:14 : Player #13 PC - GUID: df7740b574dc923c70680108ab797b11 (unverified)
﻿19:59:15 : Verified GUID (df7740b574dc923c70680108ab797b11) of player #13 PC
﻿19:59:15 : Player #13 PC - Legacy GUID: a54feb059b240b88b314465a4f0c93b0
﻿20:01:35 : RCon admin #4: (Global) BASES MUST BE MAINTAINED VIA THE PLOT POLE EVERY 7 DAYS!!
﻿20:01:46 : Player #2 II TheElite II disconnected
﻿20:01:53 : Player #2 ЗоХаН (178.141.184.226:2304) connected
﻿20:01:54 : Player #2 ЗоХаН - GUID: 6e191706f950105b16c23b96d53efce5 (unverified)
﻿20:01:54 : Player #2 ЗоХаН (6e191706f950105b16c23b96d53efce5) has been kicked by BattlEye: Admin Kick (BEC : Fix your player name, it needs to be ASCII chars only)
﻿20:03:00 : Player #2 Sierra [SD] (86.162.43.39:1024) connected
﻿20:03:01 : Player #2 Sierra [SD] - GUID: d5a7a204223d483926d292f4255aa428 (unverified)
﻿20:03:02 : Verified GUID (d5a7a204223d483926d292f4255aa428) of player #2 Sierra [SD]
﻿20:03:02 : Player #2 Sierra [SD] - Legacy GUID: 81e5f276acb3bd8401df80e28c6291a7
﻿20:04:46 : Player #15 Peasant (86.162.43.39:2304) connected
﻿20:04:47 : Player #15 Peasant - GUID: dea2d42442b9f7baf6c9441b3cdd4c28 (unverified)
﻿20:04:48 : Player #15 Peasant - Legacy GUID: 4fb7677ee2815a3907adb63d8d1637f4
﻿20:04:48 : Verified GUID (dea2d42442b9f7baf6c9441b3cdd4c28) of player #15 Peasant
﻿20:06:35 : RCon admin #4: (Global) NO SQUAD XML: ENGLISH ONLY IN SIDE CHAT: VEHICLES AND GEAR CAN BE STOLEN ANYWHERE
﻿20:07:45 : Player #16 venloP (93.185.23.150:38492) connected
﻿20:07:47 : Player #16 venloP - GUID: 3ef14403c1767dd498b1734bf1f55e51 (unverified)
﻿20:07:47 : Verified GUID (3ef14403c1767dd498b1734bf1f55e51) of player #16 venloP
﻿20:07:48 : Player #16 venloP - Legacy GUID: 04052f5abf6cb47622ae818f3fcba11b
﻿20:07:48 : Player #16 venloP disconnected
﻿20:08:16 : Player #16 Cr1stal1k (95.132.51.78:3302) connected
﻿20:08:18 : Player #16 Cr1stal1k - GUID: e2a8a191616d55f2fa930b9007cdf458 (unverified)
﻿20:08:19 : Player #16 Cr1stal1k - Legacy GUID: fe519089ce2f114d7dc01e2d3ef896e4
﻿20:08:19 : Verified GUID (e2a8a191616d55f2fa930b9007cdf458) of player #16 Cr1stal1k
﻿20:09:50 : Player #17 venloP (93.185.23.150:38492) connected
﻿20:09:51 : Player #17 venloP - GUID: 3ef14403c1767dd498b1734bf1f55e51 (unverified)
﻿20:09:52 : Player #17 venloP - Legacy GUID: 04052f5abf6cb47622ae818f3fcba11b
﻿20:09:52 : Verified GUID (3ef14403c1767dd498b1734bf1f55e51) of player #17 venloP
﻿20:09:53 : Player #17 venloP disconnected
﻿20:10:32 : Player #10 PRISMIC disconnected
﻿20:12:15 : Player #16 Cr1stal1k (e2a8a191616d55f2fa930b9007cdf458) has been kicked by BattlEye: Client not responding
﻿20:13:05 : Player #1 [NG2] Jesse disconnected
﻿20:16:21 : Player #6 Mario disconnected
﻿20:17:31 : Player #1 Cr1stal1k (95.132.51.78:3302) connected
﻿20:17:33 : Player #1 Cr1stal1k - GUID: e2a8a191616d55f2fa930b9007cdf458 (unverified)
﻿20:17:34 : Verified GUID (e2a8a191616d55f2fa930b9007cdf458) of player #1 Cr1stal1k
﻿20:17:34 : RCon admin #4: (Global) ADMINS: LWB AND SIERRA | VISIT THE WEBSITE FOR DONATION PERKS | SURVIVALIST-DAYZ.COM
﻿20:17:35 : Player #1 Cr1stal1k - Legacy GUID: fe519089ce2f114d7dc01e2d3ef896e4
﻿20:17:52 : Player #9 Laurence Gommersil disconnected
﻿20:18:44 : Player #6 [RussianMafia]Godfather (5.137.254.93:3302) connected
﻿20:18:46 : Player #6 [RussianMafia]Godfather - GUID: a9698e20f14a308a1b025b5caafa087d (unverified)
﻿20:18:46 : Player #6 [RussianMafia]Godfather - Legacy GUID: 4038a9cd13dd704888d47c3887532753
﻿20:18:46 : Verified GUID (a9698e20f14a308a1b025b5caafa087d) of player #6 [RussianMafia]Godfather
﻿20:21:30 : Player #4 Cristi disconnected
﻿20:22:12 : Player #4 userpc (176.58.140.20:23139) connected
﻿20:22:14 : Player #4 userpc - GUID: e0728e1f87c2029ed0120a9c959a7d4b (unverified)
﻿20:22:15 : Player #4 userpc - Legacy GUID: c2e988daf01712f49b3c5f7aeb51f965
﻿20:22:15 : Verified GUID (e0728e1f87c2029ed0120a9c959a7d4b) of player #4 userpc
﻿20:23:16 : Player #9 PRISMIC (195.39.192.48:3302) connected
﻿20:23:17 : Player #9 PRISMIC - GUID: c2a9b9e975c3a16bc843e3b1437182ca (unverified)
﻿20:23:18 : Verified GUID (c2a9b9e975c3a16bc843e3b1437182ca) of player #9 PRISMIC
﻿20:23:18 : Player #9 PRISMIC - Legacy GUID: 40b9483bb39fdbf38ebf22597947cee7
﻿20:24:28 : Player #9 PRISMIC (c2a9b9e975c3a16bc843e3b1437182ca) has been kicked by BattlEye: CreateVehicle Restriction #1
﻿20:28:56 : Player #9 PRISMIC (195.39.192.48:3302) connected
﻿20:28:58 : Player #9 PRISMIC - GUID: c2a9b9e975c3a16bc843e3b1437182ca (unverified)
﻿20:28:58 : Verified GUID (c2a9b9e975c3a16bc843e3b1437182ca) of player #9 PRISMIC
﻿20:28:59 : Player #9 PRISMIC - Legacy GUID: 40b9483bb39fdbf38ebf22597947cee7
﻿20:31:35 : RCon admin #4: (Global) BASES MUST BE MAINTAINED VIA THE PLOT POLE EVERY 7 DAYS!!
﻿20:31:46 : Player #10 SecuroServ (79.237.242.61:2302) connected
﻿20:31:47 : Player #10 SecuroServ - GUID: a5aa6cdb148db4f7870dbbcaf6753ec2 (unverified)
﻿20:31:48 : Verified GUID (a5aa6cdb148db4f7870dbbcaf6753ec2) of player #10 SecuroServ
﻿20:31:48 : Player #10 SecuroServ - Legacy GUID: 21d6362ebe590791af18919290978a70
﻿20:32:12 : Player #16 -SDS-Ban (91.137.41.229:3302) connected
﻿20:32:13 : Player #16 -SDS-Ban - GUID: 1bda1d7f7f9ae72702de431a4bc55b4a (unverified)
﻿20:32:14 : Player #16 -SDS-Ban - Legacy GUID: 38e5e3e9b10fb9c9d083aef35e291fde
﻿20:32:14 : Verified GUID (1bda1d7f7f9ae72702de431a4bc55b4a) of player #16 -SDS-Ban
﻿20:33:56 : Player #13 PC disconnected
﻿20:34:25 : Player #13 Laurence Gommersil (91.84.65.136:3302) connected
﻿20:34:28 : Player #13 Laurence Gommersil - GUID: f1f45f96a2cdd71b21097c87e6cef51a (unverified)
﻿20:34:29 : Verified GUID (f1f45f96a2cdd71b21097c87e6cef51a) of player #13 Laurence Gommersil
﻿20:34:29 : Player #13 Laurence Gommersil - Legacy GUID: 968c41ae2194f0cd7392781b4dee481b
﻿20:35:08 : Player #10 SecuroServ disconnected
﻿20:35:33 : Player #10 -SDS- Merlin (93.218.202.214:63496) connected
﻿20:35:34 : Player #10 -SDS- Merlin - GUID: c91d2c4bdd2829b924d780d2b78ba593 (unverified)
﻿20:35:34 : Verified GUID (c91d2c4bdd2829b924d780d2b78ba593) of player #10 -SDS- Merlin
﻿20:35:35 : Player #10 -SDS- Merlin - Legacy GUID: e7962c015e7271f617650f8ecd20ee71
﻿20:36:34 : RCon admin #4: (Global) NO SQUAD XML: ENGLISH ONLY IN SIDE CHAT: VEHICLES AND GEAR CAN BE STOLEN ANYWHERE
﻿20:38:42 : Player #17 -SDS- Gowther (188.103.244.110:3302) connected
﻿20:38:43 : Player #17 -SDS- Gowther - GUID: 03492c7dbb4087e80f5c95d1df0aebac (unverified)
﻿20:38:44 : Verified GUID (03492c7dbb4087e80f5c95d1df0aebac) of player #17 -SDS- Gowther
﻿20:38:44 : Player #17 -SDS- Gowther - Legacy GUID: 459161ad2315d6e5e544515528714548
﻿20:39:16 : Player #10 -SDS- Merlin disconnected
﻿20:40:18 : Player #17 -SDS- Gowther (03492c7dbb4087e80f5c95d1df0aebac) has been kicked by BattlEye: Client not responding
﻿20:42:35 : RCon admin #4: (Global) Server will restart in 10 minutes
﻿20:45:32 : Player #16 -SDS-Ban disconnected
﻿20:47:34 : RCon admin #4: (Global) ADMINS: LWB AND SIERRA | VISIT THE WEBSITE FOR DONATION PERKS | SURVIVALIST-DAYZ.COM
﻿20:47:35 : RCon admin #4: (Global) Server will restart in 5 minutes: Prepare to Logout
﻿20:48:01 : Player #9 PRISMIC disconnected
﻿20:50:23 : Player #13 Laurence Gommersil disconnected
﻿20:50:29 : Player #3 Sir LongSleeves disconnected
﻿20:50:31 : Player #12 Winans disconnected
﻿20:50:34 : RCon admin #4: (Global) The Server is about to restart. LOG OUT NOW OR YOUR GEAR MAY BE LOST!!
﻿20:50:45 : Player #0 alexxx disconnected
﻿20:51:12 : Player #14 Hailstorm disconnected
﻿20:51:19 : Player #2 Sierra [SD] disconnected
﻿20:51:38 : Player #15 Peasant disconnected
﻿20:52:04 : RCon admin #4: (Global) YOU SHOULD BE LOGGED OUT BY NOW! IF YOU ARENT YOU WILL BE AUTO KICKED AND YOUR GEAR MAY BE LOST! NO REFUNDS!
﻿20:52:12 : Player #6 [RussianMafia]Godfather disconnected
﻿20:52:22 : Player #4 userpc disconnected
﻿20:52:29 : Player #8 [RussianMafia]ICEE disconnected
﻿20:52:30 : Player #7 GG_LEE_SIN disconnected
﻿20:53:08 : Rcon client logging in
﻿20:53:08 : RCon admin #4 (78.31.67.100:52369) logged in
﻿20:53:09 : Player #0 Sierra [SD] (86.162.43.39:1024) connected
﻿20:53:10 : Player #0 Sierra [SD] - GUID: d5a7a204223d483926d292f4255aa428 (unverified)
﻿20:53:10 : Verified GUID (d5a7a204223d483926d292f4255aa428) of player #0 Sierra [SD]
﻿20:53:11 : Player #0 Sierra [SD] - Legacy GUID: 81e5f276acb3bd8401df80e28c6291a7
﻿20:53:19 : Player #1 Peasant (86.162.43.39:2304) connected
﻿20:53:20 : Player #1 Peasant - GUID: dea2d42442b9f7baf6c9441b3cdd4c28 (unverified)
﻿20:53:21 : Verified GUID (dea2d42442b9f7baf6c9441b3cdd4c28) of player #1 Peasant
﻿20:53:21 : Player #1 Peasant - Legacy GUID: 4fb7677ee2815a3907adb63d8d1637f4
﻿20:53:26 : Player #2 M.K. (109.101.224.92:2304) connected
﻿20:53:27 : Player #2 M.K. - GUID: 571fb2e0f2eb39ffd202006f98ed4e00 (unverified)
﻿20:53:27 : Verified GUID (571fb2e0f2eb39ffd202006f98ed4e00) of player #2 M.K.
﻿20:53:28 : Player #2 M.K. - Legacy GUID: 88cbf0cb339b2fdd89e58c1466b5f40f
﻿20:53:37 : Player #3 Laurence Gommersil (91.84.65.136:3302) connected
﻿20:53:38 : Player #3 Laurence Gommersil - GUID: f1f45f96a2cdd71b21097c87e6cef51a (unverified)
﻿20:53:38 : Verified GUID (f1f45f96a2cdd71b21097c87e6cef51a) of player #3 Laurence Gommersil
﻿20:53:39 : Player #3 Laurence Gommersil - Legacy GUID: 968c41ae2194f0cd7392781b4dee481b
﻿20:53:58 : Player #4 Hailstorm (93.222.250.59:3302) connected
﻿20:53:59 : Player #4 Hailstorm - GUID: 0692c4867addd58d9591110bb02a6244 (unverified)
﻿20:54:00 : Verified GUID (0692c4867addd58d9591110bb02a6244) of player #4 Hailstorm
﻿20:54:00 : Player #4 Hailstorm - Legacy GUID: e22681f3383bb6138a608cbe99764fe1
﻿20:54:05 : Player #5 Winans (178.200.93.19:3302) connected
﻿20:54:07 : Player #5 Winans - GUID: 5cfd15b84e558bc0ef1f0210efc34126 (unverified)
﻿20:54:07 : Verified GUID (5cfd15b84e558bc0ef1f0210efc34126) of player #5 Winans
﻿20:54:07 : Player #5 Winans - Legacy GUID: a5953aeb5d5414bdf99a6fe9cbecf6c4
﻿20:54:11 : Player #6 -SDS-Ban (91.137.41.229:3302) connected
﻿20:54:13 : Player #6 -SDS-Ban - GUID: 1bda1d7f7f9ae72702de431a4bc55b4a (unverified)
﻿20:54:13 : Verified GUID (1bda1d7f7f9ae72702de431a4bc55b4a) of player #6 -SDS-Ban
﻿20:54:13 : Player #6 -SDS-Ban - Legacy GUID: 38e5e3e9b10fb9c9d083aef35e291fde
﻿20:57:32 : Player #7 Cr1stal1k (95.132.51.78:3302) connected
﻿20:57:36 : Player #7 Cr1stal1k - GUID: e2a8a191616d55f2fa930b9007cdf458 (unverified)
﻿20:57:36 : Verified GUID (e2a8a191616d55f2fa930b9007cdf458) of player #7 Cr1stal1k
﻿20:57:37 : Player #7 Cr1stal1k - Legacy GUID: fe519089ce2f114d7dc01e2d3ef896e4
﻿20:57:57 : Player #8 Faldehals (94.219.213.167:2304) connected
﻿20:57:59 : Player #8 Faldehals - GUID: e2dfd1a22f76dbc861d8a2c62272e0a2 (unverified)
﻿20:57:59 : Verified GUID (e2dfd1a22f76dbc861d8a2c62272e0a2) of player #8 Faldehals
﻿20:57:59 : Player #8 Faldehals - Legacy GUID: 7fb497ad8af0eff5840c19924878df22
﻿20:58:01 : Player #9 userpc (176.58.140.20:23530) connected
﻿20:58:03 : Player #9 userpc - GUID: e0728e1f87c2029ed0120a9c959a7d4b (unverified)
﻿20:58:03 : Verified GUID (e0728e1f87c2029ed0120a9c959a7d4b) of player #9 userpc
﻿20:58:04 : Player #9 userpc - Legacy GUID: c2e988daf01712f49b3c5f7aeb51f965
﻿20:58:34 : Player #10 2DIE4 (84.130.106.88:3302) connected
﻿20:58:35 : Player #10 2DIE4 - GUID: 97b8e8b63e4439b2b62c99dde2b8b8a1 (unverified)
﻿20:58:36 : Verified GUID (97b8e8b63e4439b2b62c99dde2b8b8a1) of player #10 2DIE4
﻿20:58:36 : Player #10 2DIE4 - Legacy GUID: e56dc54c0a6d92faa8a284d7c54bffab
﻿21:00:25 : Player #11 -SDS- Merlin (93.218.202.214:63777) connected
﻿21:00:26 : Player #11 -SDS- Merlin - GUID: c91d2c4bdd2829b924d780d2b78ba593 (unverified)
﻿21:00:26 : Verified GUID (c91d2c4bdd2829b924d780d2b78ba593) of player #11 -SDS- Merlin
﻿21:00:27 : Player #11 -SDS- Merlin - Legacy GUID: e7962c015e7271f617650f8ecd20ee71
﻿21:00:42 : Player #12 PRISMIC (195.39.192.48:3302) connected
﻿21:00:43 : Player #12 PRISMIC - GUID: c2a9b9e975c3a16bc843e3b1437182ca (unverified)
﻿21:00:44 : Verified GUID (c2a9b9e975c3a16bc843e3b1437182ca) of player #12 PRISMIC
﻿21:00:44 : Player #12 PRISMIC - Legacy GUID: 40b9483bb39fdbf38ebf22597947cee7
﻿21:01:20 : Player #13 -SDS- Gowther (188.103.244.110:3302) connected
﻿21:01:21 : Player #13 -SDS- Gowther - GUID: 03492c7dbb4087e80f5c95d1df0aebac (unverified)
﻿21:01:22 : Verified GUID (03492c7dbb4087e80f5c95d1df0aebac) of player #13 -SDS- Gowther
﻿21:01:22 : Player #13 -SDS- Gowther - Legacy GUID: 459161ad2315d6e5e544515528714548
﻿21:02:43 : Player #13 -SDS- Gowther (03492c7dbb4087e80f5c95d1df0aebac) has been kicked by BattlEye: Client not responding
﻿21:04:27 : Player #13 -SDS- Gowther (188.103.244.110:3302) connected
﻿21:04:28 : Player #13 -SDS- Gowther - GUID: 03492c7dbb4087e80f5c95d1df0aebac (unverified)
﻿21:04:29 : Verified GUID (03492c7dbb4087e80f5c95d1df0aebac) of player #13 -SDS- Gowther
﻿21:04:29 : Player #13 -SDS- Gowther - Legacy GUID: 459161ad2315d6e5e544515528714548
﻿21:07:08 : RCon admin #4: (Global) NO SQUAD XML: ENGLISH ONLY IN SIDE CHAT: VEHICLES AND GEAR CAN BE STOLEN ANYWHERE
﻿21:18:09 : RCon admin #4: (Global) ADMINS: LWB AND SIERRA | VISIT THE WEBSITE FOR DONATION PERKS | SURVIVALIST-DAYZ.COM
﻿21:26:11 : Player #12 PRISMIC disconnected
﻿21:32:08 : RCon admin #4: (Global) BASES MUST BE MAINTAINED VIA THE PLOT POLE EVERY 7 DAYS!!
﻿21:32:47 : Player #12 alexxx (89.136.244.33:2304) connected
﻿21:32:49 : Player #12 alexxx - Legacy GUID: 5383ad7e1815bcc36bf991e764af88d0
﻿21:32:49 : Player #12 alexxx - GUID: 5fce12544baf95cb7c7a5198aa969cc0 (unverified)
﻿21:32:50 : Verified GUID (5fce12544baf95cb7c7a5198aa969cc0) of player #12 alexxx
﻿21:37:09 : RCon admin #4: (Global) NO SQUAD XML: ENGLISH ONLY IN SIDE CHAT: VEHICLES AND GEAR CAN BE STOLEN ANYWHERE
﻿21:41:57 : Player #14 Sir LongSleeves (94.213.214.56:3302) connected
﻿21:41:58 : Player #14 Sir LongSleeves - GUID: 98158632fa2959a6acbbeeb0b18f80f6 (unverified)
﻿21:41:59 : Verified GUID (98158632fa2959a6acbbeeb0b18f80f6) of player #14 Sir LongSleeves
﻿21:41:59 : Player #14 Sir LongSleeves - Legacy GUID: 60d8062a5857101f95a9a16178742f93
﻿21:45:02 : Player #7 Cr1stal1k disconnected
﻿21:46:54 : Player #7 Turmoil (85.164.44.228:3302) connected
﻿21:46:55 : Player #7 Turmoil - GUID: 078d3175e22fad797d9a152aaaa83806 (unverified)
﻿21:46:56 : Player #7 Turmoil - Legacy GUID: 153330a3c1eb9ccf7092e322ab07ebb0
﻿21:46:56 : Verified GUID (078d3175e22fad797d9a152aaaa83806) of player #7 Turmoil
﻿21:48:09 : RCon admin #4: (Global) ADMINS: LWB AND SIERRA | VISIT THE WEBSITE FOR DONATION PERKS | SURVIVALIST-DAYZ.COM
﻿22:02:09 : RCon admin #4: (Global) BASES MUST BE MAINTAINED VIA THE PLOT POLE EVERY 7 DAYS!!
﻿22:07:09 : RCon admin #4: (Global) NO SQUAD XML: ENGLISH ONLY IN SIDE CHAT: VEHICLES AND GEAR CAN BE STOLEN ANYWHERE
﻿22:18:09 : RCon admin #4: (Global) ADMINS: LWB AND SIERRA | VISIT THE WEBSITE FOR DONATION PERKS | SURVIVALIST-DAYZ.COM
﻿22:24:48 : Player #5 Winans disconnected
﻿22:24:59 : Player #5 PRISMIC (195.39.192.48:3302) connected
﻿22:25:01 : Player #5 PRISMIC - GUID: c2a9b9e975c3a16bc843e3b1437182ca (unverified)
﻿22:25:01 : Player #5 PRISMIC - Legacy GUID: 40b9483bb39fdbf38ebf22597947cee7
﻿22:25:01 : Verified GUID (c2a9b9e975c3a16bc843e3b1437182ca) of player #5 PRISMIC
﻿22:27:25 : Player #5 PRISMIC (c2a9b9e975c3a16bc843e3b1437182ca) has been kicked by BattlEye: Client not responding
﻿22:27:29 : Player #6 -SDS-Ban disconnected
﻿22:30:18 : Player #11 -SDS- Merlin (c91d2c4bdd2829b924d780d2b78ba593) has been kicked by BattlEye: CreateVehicle Restriction #1
﻿22:30:54 : Player #4 Hailstorm disconnected
﻿22:32:09 : RCon admin #4: (Global) BASES MUST BE MAINTAINED VIA THE PLOT POLE EVERY 7 DAYS!!
﻿22:34:29 : Player #14 Sir LongSleeves disconnected
﻿22:36:14 : Player #4 -SDS- Merlin (93.218.202.214:64148) connected
﻿22:36:15 : Player #4 -SDS- Merlin - GUID: c91d2c4bdd2829b924d780d2b78ba593 (unverified)
﻿22:36:16 : Player #4 -SDS- Merlin - Legacy GUID: e7962c015e7271f617650f8ecd20ee71
﻿22:36:17 : Verified GUID (c91d2c4bdd2829b924d780d2b78ba593) of player #4 -SDS- Merlin
﻿22:37:09 : RCon admin #4: (Global) NO SQUAD XML: ENGLISH ONLY IN SIDE CHAT: VEHICLES AND GEAR CAN BE STOLEN ANYWHERE
﻿22:45:38 : Player #3 Laurence Gommersil disconnected
﻿22:48:09 : RCon admin #4: (Global) ADMINS: LWB AND SIERRA | VISIT THE WEBSITE FOR DONATION PERKS | SURVIVALIST-DAYZ.COM
﻿22:53:10 : RCon admin #1: (Global) Sierra [SD]: I'm not sure I can help. If you alt + f4 you would have combat logged. LWB might be able to check the logs possibly.
﻿22:56:04 : RCon admin #1: (Global) Sierra [SD]: Yeah I understand what you mean. I can't do much about it though. I don't have access to the logs. I'm not even sure we can roll you back because you have logged in since.
﻿22:56:38 : RCon admin #1: (Global) Sierra [SD]: I will ask LWB though
﻿22:56:54 : RCon admin #1: (Global) Sierra [SD]: oh ok then
﻿22:57:04 : RCon admin #1: (Global) Sierra [SD]: lol well that is good xD problem solved :D
﻿22:59:08 : Player #4 -SDS- Merlin disconnected
﻿22:59:47 : Player #0 Sierra [SD] disconnected
﻿23:02:09 : RCon admin #4: (Global) BASES MUST BE MAINTAINED VIA THE PLOT POLE EVERY 7 DAYS!!
﻿23:05:21 : Player #0 Ryan (73.228.74.113:3302) connected
﻿23:05:23 : Player #0 Ryan - GUID: 94d09d174e279b17d9c2da18b066a3e8 (unverified)
﻿23:05:23 : Verified GUID (94d09d174e279b17d9c2da18b066a3e8) of player #0 Ryan
﻿23:05:24 : Player #0 Ryan - Legacy GUID: e212a8a546ac6125a97a6bbe46cd26d1
﻿23:05:38 : Player #0 Ryan disconnected
﻿23:07:07 : RCon admin #2: (Global) LWB: move 500m away
﻿23:07:08 : RCon admin #4: (Global) NO SQUAD XML: ENGLISH ONLY IN SIDE CHAT: VEHICLES AND GEAR CAN BE STOLEN ANYWHERE
﻿23:12:17 : Player #10 2DIE4 disconnected
﻿23:12:58 : Player #0 2DIE4 (84.130.106.88:3302) connected
﻿23:12:59 : Player #0 2DIE4 - GUID: 97b8e8b63e4439b2b62c99dde2b8b8a1 (unverified)
﻿23:13:00 : Verified GUID (97b8e8b63e4439b2b62c99dde2b8b8a1) of player #0 2DIE4
﻿23:13:00 : Player #0 2DIE4 - Legacy GUID: e56dc54c0a6d92faa8a284d7c54bffab
﻿23:13:08 : RCon admin #4: (Global) Server will restart in 10 minutes
﻿23:15:48 : Player #3 Wagner (79.251.56.100:3302) connected
﻿23:15:49 : Player #3 Wagner - GUID: bdff0188252c7469dabafbd557d4b531 (unverified)
﻿23:15:50 : Player #3 Wagner - Legacy GUID: 0f8c8597b1b99c9c0608538771bb1e23
﻿23:15:50 : Verified GUID (bdff0188252c7469dabafbd557d4b531) of player #3 Wagner
﻿23:18:08 : RCon admin #4: (Global) ADMINS: LWB AND SIERRA | VISIT THE WEBSITE FOR DONATION PERKS | SURVIVALIST-DAYZ.COM
﻿23:18:09 : RCon admin #4: (Global) Server will restart in 5 minutes: Prepare to Logout
﻿23:19:01 : Player #3 Wagner disconnected
﻿23:19:04 : Player #12 alexxx disconnected
﻿23:21:08 : RCon admin #4: (Global) The Server is about to restart. LOG OUT NOW OR YOUR GEAR MAY BE LOST!!
﻿23:21:13 : Player #7 Turmoil disconnected
﻿23:21:35 : Player #1 Peasant disconnected
﻿23:21:43 : Player #0 2DIE4 disconnected
﻿23:22:19 : Player #9 userpc disconnected
﻿23:22:38 : RCon admin #4: (Global) YOU SHOULD BE LOGGED OUT BY NOW! IF YOU ARENT YOU WILL BE AUTO KICKED AND YOUR GEAR MAY BE LOST! NO REFUNDS!
﻿23:23:42 : Rcon client logging in
﻿23:23:42 : RCon admin #4 (78.31.67.100:54951) logged in
﻿23:23:54 : Player #1 M.K. (109.101.224.92:2304) connected
﻿23:23:55 : Player #1 M.K. - GUID: 571fb2e0f2eb39ffd202006f98ed4e00 (unverified)
﻿23:23:56 : Verified GUID (571fb2e0f2eb39ffd202006f98ed4e00) of player #1 M.K.
﻿23:23:56 : Player #1 M.K. - Legacy GUID: 88cbf0cb339b2fdd89e58c1466b5f40f
﻿23:25:28 : Player #2 Wagner (79.251.56.100:3302) connected
﻿23:25:29 : Player #2 Wagner - GUID: bdff0188252c7469dabafbd557d4b531 (unverified)
﻿23:25:30 : Verified GUID (bdff0188252c7469dabafbd557d4b531) of player #2 Wagner
﻿23:25:30 : Player #2 Wagner - Legacy GUID: 0f8c8597b1b99c9c0608538771bb1e23
﻿23:26:07 : Player #3 Turmoil (85.164.44.228:3302) connected
﻿23:26:09 : Player #3 Turmoil - GUID: 078d3175e22fad797d9a152aaaa83806 (unverified)
﻿23:26:09 : Verified GUID (078d3175e22fad797d9a152aaaa83806) of player #3 Turmoil
﻿23:26:09 : Player #3 Turmoil - Legacy GUID: 153330a3c1eb9ccf7092e322ab07ebb0
﻿23:28:27 : Player #4 userpc (176.58.140.20:26560) connected
﻿23:28:28 : Player #4 userpc - GUID: e0728e1f87c2029ed0120a9c959a7d4b (unverified)
﻿23:28:29 : Verified GUID (e0728e1f87c2029ed0120a9c959a7d4b) of player #4 userpc
﻿23:28:29 : Player #4 userpc - Legacy GUID: c2e988daf01712f49b3c5f7aeb51f965
﻿23:28:57 : Player #5 -SDS- Gowther (188.103.244.110:3302) connected
﻿23:28:59 : Player #5 -SDS- Gowther - GUID: 03492c7dbb4087e80f5c95d1df0aebac (unverified)
﻿23:28:59 : Verified GUID (03492c7dbb4087e80f5c95d1df0aebac) of player #5 -SDS- Gowther
﻿23:28:59 : Player #5 -SDS- Gowther - Legacy GUID: 459161ad2315d6e5e544515528714548
﻿23:29:16 : Player #6 Lancer_AUT (95.143.239.48:3302) connected
﻿23:29:17 : Player #6 Lancer_AUT - GUID: b42a20759761f93da692304507020f60 (unverified)
﻿23:29:18 : Player #6 Lancer_AUT - Legacy GUID: 28eb1dca4e5273a77e319f6e9e56e7af
﻿23:29:18 : Verified GUID (b42a20759761f93da692304507020f60) of player #6 Lancer_AUT
﻿23:37:42 : RCon admin #4: (Global) NO SQUAD XML: ENGLISH ONLY IN SIDE CHAT: VEHICLES AND GEAR CAN BE STOLEN ANYWHERE
﻿23:39:03 : Player #5 -SDS- Gowther disconnected
﻿23:42:39 : Player #2 Wagner disconnected
﻿23:48:42 : RCon admin #4: (Global) ADMINS: LWB AND SIERRA | VISIT THE WEBSITE FOR DONATION PERKS | SURVIVALIST-DAYZ.COM
﻿23:53:03 : Player #2 Sergio (179.26.239.137:19893) connected
﻿23:53:05 : Player #2 Sergio - GUID: fe0876ecc546e9c2d484bac1dbac2c82 (unverified)
﻿23:53:05 : Verified GUID (fe0876ecc546e9c2d484bac1dbac2c82) of player #2 Sergio
﻿23:53:06 : Player #2 Sergio - Legacy GUID: 4ed0ed508937ec13cea9a33b15806a2c
﻿23:56:19 : Player #2 Sergio disconnected
﻿23:57:11 : Player #2 Sergio (179.26.239.137:19893) connected
﻿23:57:13 : Player #2 Sergio - GUID: fe0876ecc546e9c2d484bac1dbac2c82 (unverified)
﻿23:57:13 : Verified GUID (fe0876ecc546e9c2d484bac1dbac2c82) of player #2 Sergio
﻿23:57:13 : Player #2 Sergio - Legacy GUID: 4ed0ed508937ec13cea9a33b15806a2c
﻿23:57:47 : Player #5 2DIE4 (84.130.106.88:3302) connected
﻿23:57:48 : Player #5 2DIE4 - GUID: 97b8e8b63e4439b2b62c99dde2b8b8a1 (unverified)
﻿23:57:49 : Verified GUID (97b8e8b63e4439b2b62c99dde2b8b8a1) of player #5 2DIE4
﻿23:57:49 : Player #5 2DIE4 - Legacy GUID: e56dc54c0a6d92faa8a284d7c54bffab
﻿23:58:26 : Player #7 Ryan (73.228.74.113:3302) connected
﻿23:58:28 : Player #7 Ryan - GUID: 94d09d174e279b17d9c2da18b066a3e8 (unverified)
﻿23:58:29 : Verified GUID (94d09d174e279b17d9c2da18b066a3e8) of player #7 Ryan
﻿23:58:30 : Player #7 Ryan - Legacy GUID: e212a8a546ac6125a97a6bbe46cd26d1
﻿23:59:40 : Player #6 Lancer_AUT disconnected
