00:00:04 : Rcon client logging in
﻿00:00:04 : RCon admin #2 (78.31.67.100:63118) logged in
﻿00:00:14 : RCon admin #3 (86.133.162.23:49728) logged in
﻿00:00:52 : Player #0 iHostiiX (91.4.57.224:3302) connected
﻿00:00:53 : Player #0 iHostiiX - GUID: 65bf3319a1a4ca33372a1e9b4a7b8452 (unverified)
﻿00:00:54 : Verified GUID (65bf3319a1a4ca33372a1e9b4a7b8452) of player #0 iHostiiX
﻿00:00:54 : Player #0 iHostiiX - Legacy GUID: 472f98ea7fa03438684612f08930cf34
﻿00:04:25 : Player #1 BIG BOLO* (5.172.237.21:27399) connected
﻿00:04:26 : Player #1 BIG BOLO* - GUID: 23ba3b72c27f9037a89a5be52475278a (unverified)
﻿00:04:27 : Verified GUID (23ba3b72c27f9037a89a5be52475278a) of player #1 BIG BOLO*
﻿00:04:27 : Player #1 BIG BOLO* - Legacy GUID: 3ae9f2bd0cfa61de1e742c02f56f7f78
﻿00:04:28 : Player #2 Rudy (79.191.215.224:2304) connected
﻿00:04:30 : Player #2 Rudy - GUID: 6a3857cee80ec33e642c8045f6fcd106 (unverified)
﻿00:04:30 : Verified GUID (6a3857cee80ec33e642c8045f6fcd106) of player #2 Rudy
﻿00:04:30 : Player #2 Rudy - Legacy GUID: cad8a6611e188b258a9af656d9abe0e8
﻿00:04:30 : Player #2 Rudy disconnected
﻿00:05:48 : Player #2 willi (46.59.171.219:41741) connected
﻿00:05:49 : Player #2 willi - GUID: 415117d21e0cc4bd4ad168345c1a0439 (unverified)
﻿00:05:49 : Verified GUID (415117d21e0cc4bd4ad168345c1a0439) of player #2 willi
﻿00:05:50 : Player #2 willi - Legacy GUID: 13c900257215747b9a38385d10e4de53
﻿00:06:34 : Player #3 kemna (87.123.221.11:3302) connected
﻿00:06:35 : Player #3 kemna - GUID: b305a024feae9f6f6c0cb1fe93d1be1e (unverified)
﻿00:06:36 : Verified GUID (b305a024feae9f6f6c0cb1fe93d1be1e) of player #3 kemna
﻿00:06:36 : Player #3 kemna - Legacy GUID: 460127d03a4a7a87be239b67b880bab2
﻿00:10:58 : RCon admin #4 (86.133.162.23:51279) logged in
﻿00:14:05 : RCon admin #2: (Global) NO SQUAD XML: ENGLISH ONLY IN SIDE CHAT: VEHICLES AND GEAR CAN BE STOLEN ANYWHERE
﻿00:25:04 : RCon admin #2: (Global) ADMINS: LWB AND SIERRA | VISIT THE WEBSITE SURVIVALIST-DAYZ.COM
﻿00:39:05 : RCon admin #2: (Global) BASES MUST BE MAINTAINED VIA THE PLOT POLE EVERY 7 DAYS!! VEHICLES MUST BE USED EVERY 3 DAYS!!
﻿00:44:05 : RCon admin #2: (Global) NO SQUAD XML: ENGLISH ONLY IN SIDE CHAT: VEHICLES AND GEAR CAN BE STOLEN ANYWHERE
﻿00:55:05 : RCon admin #2: (Global) ADMINS: LWB AND SIERRA | VISIT THE WEBSITE SURVIVALIST-DAYZ.COM
﻿01:06:26 : Player #2 willi disconnected
﻿01:09:04 : RCon admin #2: (Global) BASES MUST BE MAINTAINED VIA THE PLOT POLE EVERY 7 DAYS!! VEHICLES MUST BE USED EVERY 3 DAYS!!
﻿01:14:05 : RCon admin #2: (Global) NO SQUAD XML: ENGLISH ONLY IN SIDE CHAT: VEHICLES AND GEAR CAN BE STOLEN ANYWHERE
﻿01:15:53 : Player #2 RationalGov (66.168.16.50:3302) connected
﻿01:15:54 : Player #2 RationalGov - GUID: c8a3abee832a0419ac7545b864133858 (unverified)
﻿01:15:55 : Verified GUID (c8a3abee832a0419ac7545b864133858) of player #2 RationalGov
﻿01:15:55 : Player #2 RationalGov - Legacy GUID: b3918e957c0cb5831a8c3b52dc24455b
﻿01:17:32 : Player #4 2DIE4 (84.130.106.88:3302) connected
﻿01:17:33 : Player #4 2DIE4 - GUID: 97b8e8b63e4439b2b62c99dde2b8b8a1 (unverified)
﻿01:17:34 : Player #4 2DIE4 - Legacy GUID: e56dc54c0a6d92faa8a284d7c54bffab
﻿01:17:34 : Verified GUID (97b8e8b63e4439b2b62c99dde2b8b8a1) of player #4 2DIE4
﻿01:21:41 : Player #3 kemna disconnected
﻿01:25:05 : RCon admin #2: (Global) ADMINS: LWB AND SIERRA | VISIT THE WEBSITE SURVIVALIST-DAYZ.COM
﻿01:39:05 : RCon admin #2: (Global) BASES MUST BE MAINTAINED VIA THE PLOT POLE EVERY 7 DAYS!! VEHICLES MUST BE USED EVERY 3 DAYS!!
﻿01:43:16 : Player #3 Freedom (173.85.71.79:2304) connected
﻿01:43:17 : Player #3 Freedom - GUID: 32974eed83d84dab3c6a86016f1a1d12 (unverified)
﻿01:43:18 : Verified GUID (32974eed83d84dab3c6a86016f1a1d12) of player #3 Freedom
﻿01:43:18 : Player #3 Freedom - Legacy GUID: 97a8c85ef5bf1164b1deba8cac447118
﻿01:44:04 : RCon admin #2: (Global) NO SQUAD XML: ENGLISH ONLY IN SIDE CHAT: VEHICLES AND GEAR CAN BE STOLEN ANYWHERE
﻿01:46:31 : Player #3 Freedom (32974eed83d84dab3c6a86016f1a1d12) has been kicked by BattlEye: Ping too high (344)
﻿01:55:04 : RCon admin #2: (Global) ADMINS: LWB AND SIERRA | VISIT THE WEBSITE SURVIVALIST-DAYZ.COM
﻿01:58:18 : Player #0 iHostiiX disconnected
﻿02:06:29 : Player #2 RationalGov disconnected
﻿02:09:04 : RCon admin #2: (Global) BASES MUST BE MAINTAINED VIA THE PLOT POLE EVERY 7 DAYS!! VEHICLES MUST BE USED EVERY 3 DAYS!!
﻿02:14:05 : RCon admin #2: (Global) NO SQUAD XML: ENGLISH ONLY IN SIDE CHAT: VEHICLES AND GEAR CAN BE STOLEN ANYWHERE
﻿02:20:04 : RCon admin #2: (Global) Server will restart in 10 minutes
﻿02:25:04 : RCon admin #2: (Global) ADMINS: LWB AND SIERRA | VISIT THE WEBSITE SURVIVALIST-DAYZ.COM
﻿02:25:05 : RCon admin #2: (Global) Server will restart in 5 minutes: Prepare to Logout
﻿02:27:18 : Player #4 2DIE4 disconnected
﻿02:28:04 : RCon admin #2: (Global) The Server is about to restart. LOG OUT NOW OR YOUR GEAR MAY BE LOST!!
﻿02:29:34 : RCon admin #2: (Global) YOU SHOULD BE LOGGED OUT BY NOW! IF YOU ARENT YOU WILL BE AUTO KICKED AND YOUR GEAR MAY BE LOST! NO REFUNDS!
﻿02:29:50 : Player #1 BIG BOLO* disconnected
﻿02:30:38 : Rcon client logging in
﻿02:30:38 : RCon admin #3 (78.31.67.100:57422) logged in
﻿02:31:06 : Player #0 2DIE4 (84.130.106.88:3302) connected
﻿02:31:07 : Player #0 2DIE4 - GUID: 97b8e8b63e4439b2b62c99dde2b8b8a1 (unverified)
﻿02:31:08 : Verified GUID (97b8e8b63e4439b2b62c99dde2b8b8a1) of player #0 2DIE4
﻿02:31:08 : Player #0 2DIE4 - Legacy GUID: e56dc54c0a6d92faa8a284d7c54bffab
﻿02:31:37 : Player #1 BL4CK_SP1DER (91.158.161.63:2304) connected
﻿02:31:38 : Player #1 BL4CK_SP1DER - GUID: 09a3f91323b66ec42c1055fdc4dbb541 (unverified)
﻿02:31:38 : Verified GUID (09a3f91323b66ec42c1055fdc4dbb541) of player #1 BL4CK_SP1DER
﻿02:31:39 : Player #1 BL4CK_SP1DER - Legacy GUID: 22fca81f2194a686c3ff3723c67ced34
﻿02:44:38 : RCon admin #3: (Global) NO SQUAD XML: ENGLISH ONLY IN SIDE CHAT: VEHICLES AND GEAR CAN BE STOLEN ANYWHERE
﻿02:55:38 : RCon admin #3: (Global) ADMINS: LWB AND SIERRA | VISIT THE WEBSITE SURVIVALIST-DAYZ.COM
﻿03:01:14 : Player #2 Freedom (173.85.71.79:2304) connected
﻿03:01:15 : Player #2 Freedom - GUID: 32974eed83d84dab3c6a86016f1a1d12 (unverified)
﻿03:01:15 : Verified GUID (32974eed83d84dab3c6a86016f1a1d12) of player #2 Freedom
﻿03:01:16 : Player #2 Freedom - Legacy GUID: 97a8c85ef5bf1164b1deba8cac447118
﻿03:09:38 : RCon admin #3: (Global) BASES MUST BE MAINTAINED VIA THE PLOT POLE EVERY 7 DAYS!! VEHICLES MUST BE USED EVERY 3 DAYS!!
﻿03:14:38 : RCon admin #3: (Global) NO SQUAD XML: ENGLISH ONLY IN SIDE CHAT: VEHICLES AND GEAR CAN BE STOLEN ANYWHERE
﻿03:25:38 : RCon admin #3: (Global) ADMINS: LWB AND SIERRA | VISIT THE WEBSITE SURVIVALIST-DAYZ.COM
﻿03:28:48 : RCon admin #4 (86.133.162.23:58882) logged in
﻿03:39:38 : RCon admin #3: (Global) BASES MUST BE MAINTAINED VIA THE PLOT POLE EVERY 7 DAYS!! VEHICLES MUST BE USED EVERY 3 DAYS!!
﻿03:40:03 : RCon admin #0 (86.133.162.23:64238) logged in
﻿03:44:38 : RCon admin #3: (Global) NO SQUAD XML: ENGLISH ONLY IN SIDE CHAT: VEHICLES AND GEAR CAN BE STOLEN ANYWHERE
﻿03:55:38 : RCon admin #3: (Global) ADMINS: LWB AND SIERRA | VISIT THE WEBSITE SURVIVALIST-DAYZ.COM
﻿04:03:29 : Player #1 BL4CK_SP1DER disconnected
﻿04:09:38 : RCon admin #3: (Global) BASES MUST BE MAINTAINED VIA THE PLOT POLE EVERY 7 DAYS!! VEHICLES MUST BE USED EVERY 3 DAYS!!
﻿04:13:09 : RCon admin #1 (86.133.162.23:62110) logged in
﻿04:14:38 : RCon admin #3: (Global) NO SQUAD XML: ENGLISH ONLY IN SIDE CHAT: VEHICLES AND GEAR CAN BE STOLEN ANYWHERE
﻿04:25:38 : RCon admin #3: (Global) ADMINS: LWB AND SIERRA | VISIT THE WEBSITE SURVIVALIST-DAYZ.COM
﻿04:39:38 : RCon admin #3: (Global) BASES MUST BE MAINTAINED VIA THE PLOT POLE EVERY 7 DAYS!! VEHICLES MUST BE USED EVERY 3 DAYS!!
﻿04:40:34 : RCon admin #0 (86.133.162.23:63108) logged in
﻿04:44:38 : RCon admin #3: (Global) NO SQUAD XML: ENGLISH ONLY IN SIDE CHAT: VEHICLES AND GEAR CAN BE STOLEN ANYWHERE
﻿04:50:38 : RCon admin #3: (Global) Server will restart in 10 minutes
﻿04:55:38 : RCon admin #3: (Global) ADMINS: LWB AND SIERRA | VISIT THE WEBSITE SURVIVALIST-DAYZ.COM
﻿04:55:39 : RCon admin #3: (Global) Server will restart in 5 minutes: Prepare to Logout
﻿04:58:38 : RCon admin #3: (Global) The Server is about to restart. LOG OUT NOW OR YOUR GEAR MAY BE LOST!!
﻿04:59:05 : RCon admin #1 (86.133.162.23:53714) logged in
﻿04:59:27 : Player #2 Freedom disconnected
﻿05:00:08 : RCon admin #3: (Global) YOU SHOULD BE LOGGED OUT BY NOW! IF YOU ARENT YOU WILL BE AUTO KICKED AND YOUR GEAR MAY BE LOST! NO REFUNDS!
﻿05:01:12 : Rcon client logging in
﻿05:01:12 : RCon admin #2 (78.31.67.100:65099) logged in
﻿05:01:12 : Player #0 2DIE4 - Legacy GUID: e56dc54c0a6d92faa8a284d7c54bffab
﻿05:01:12 : Verified GUID (97b8e8b63e4439b2b62c99dde2b8b8a1) of player #0 2DIE4
﻿05:02:32 : Player #1 Freedom (173.85.71.79:2304) connected
﻿05:02:33 : Player #1 Freedom - GUID: 32974eed83d84dab3c6a86016f1a1d12 (unverified)
﻿05:02:34 : Player #1 Freedom - Legacy GUID: 97a8c85ef5bf1164b1deba8cac447118
﻿05:02:41 : Verified GUID (32974eed83d84dab3c6a86016f1a1d12) of player #1 Freedom
﻿05:03:17 : Player #2 G21M (66.30.19.144:3302) connected
﻿05:03:18 : Player #2 G21M - GUID: fe34d048c52645dc3eb42da9dc7ab436 (unverified)
﻿05:03:18 : Verified GUID (fe34d048c52645dc3eb42da9dc7ab436) of player #2 G21M
﻿05:03:19 : Player #2 G21M - Legacy GUID: c49dd2a50afdb9f706f24086cee67a22
﻿05:06:29 : Player #2 G21M disconnected
﻿05:07:14 : Player #2 G21M (66.30.19.144:3302) connected
﻿05:07:15 : Player #2 G21M - GUID: fe34d048c52645dc3eb42da9dc7ab436 (unverified)
﻿05:07:16 : Verified GUID (fe34d048c52645dc3eb42da9dc7ab436) of player #2 G21M
﻿05:07:16 : Player #2 G21M - Legacy GUID: c49dd2a50afdb9f706f24086cee67a22
﻿05:07:22 : Player #2 G21M disconnected
﻿05:15:12 : RCon admin #2: (Global) NO SQUAD XML: ENGLISH ONLY IN SIDE CHAT: VEHICLES AND GEAR CAN BE STOLEN ANYWHERE
﻿05:21:11 : Player #0 2DIE4 disconnected
﻿05:21:52 : Player #0 2DIE4 (84.130.106.88:3302) connected
﻿05:21:54 : Player #0 2DIE4 - GUID: 97b8e8b63e4439b2b62c99dde2b8b8a1 (unverified)
﻿05:21:55 : Player #0 2DIE4 - Legacy GUID: e56dc54c0a6d92faa8a284d7c54bffab
﻿05:21:55 : Verified GUID (97b8e8b63e4439b2b62c99dde2b8b8a1) of player #0 2DIE4
﻿05:26:13 : RCon admin #2: (Global) ADMINS: LWB AND SIERRA | VISIT THE WEBSITE SURVIVALIST-DAYZ.COM
﻿05:40:12 : RCon admin #2: (Global) BASES MUST BE MAINTAINED VIA THE PLOT POLE EVERY 7 DAYS!! VEHICLES MUST BE USED EVERY 3 DAYS!!
﻿05:45:12 : RCon admin #2: (Global) NO SQUAD XML: ENGLISH ONLY IN SIDE CHAT: VEHICLES AND GEAR CAN BE STOLEN ANYWHERE
﻿05:56:12 : RCon admin #2: (Global) ADMINS: LWB AND SIERRA | VISIT THE WEBSITE SURVIVALIST-DAYZ.COM
﻿06:10:12 : RCon admin #2: (Global) BASES MUST BE MAINTAINED VIA THE PLOT POLE EVERY 7 DAYS!! VEHICLES MUST BE USED EVERY 3 DAYS!!
﻿06:15:12 : RCon admin #2: (Global) NO SQUAD XML: ENGLISH ONLY IN SIDE CHAT: VEHICLES AND GEAR CAN BE STOLEN ANYWHERE
﻿06:18:09 : Player #0 2DIE4 disconnected
﻿06:26:12 : RCon admin #2: (Global) ADMINS: LWB AND SIERRA | VISIT THE WEBSITE SURVIVALIST-DAYZ.COM
﻿06:40:12 : RCon admin #2: (Global) BASES MUST BE MAINTAINED VIA THE PLOT POLE EVERY 7 DAYS!! VEHICLES MUST BE USED EVERY 3 DAYS!!
﻿06:45:12 : RCon admin #2: (Global) NO SQUAD XML: ENGLISH ONLY IN SIDE CHAT: VEHICLES AND GEAR CAN BE STOLEN ANYWHERE
﻿06:56:12 : RCon admin #2: (Global) ADMINS: LWB AND SIERRA | VISIT THE WEBSITE SURVIVALIST-DAYZ.COM
﻿07:10:12 : RCon admin #2: (Global) BASES MUST BE MAINTAINED VIA THE PLOT POLE EVERY 7 DAYS!! VEHICLES MUST BE USED EVERY 3 DAYS!!
﻿07:15:12 : RCon admin #2: (Global) NO SQUAD XML: ENGLISH ONLY IN SIDE CHAT: VEHICLES AND GEAR CAN BE STOLEN ANYWHERE
﻿07:21:12 : RCon admin #2: (Global) Server will restart in 10 minutes
﻿07:24:55 : Player #1 Freedom disconnected
﻿07:26:12 : RCon admin #2: (Global) ADMINS: LWB AND SIERRA | VISIT THE WEBSITE SURVIVALIST-DAYZ.COM
﻿07:26:13 : RCon admin #2: (Global) Server will restart in 5 minutes: Prepare to Logout
﻿07:29:12 : RCon admin #2: (Global) The Server is about to restart. LOG OUT NOW OR YOUR GEAR MAY BE LOST!!
﻿07:30:42 : RCon admin #2: (Global) YOU SHOULD BE LOGGED OUT BY NOW! IF YOU ARENT YOU WILL BE AUTO KICKED AND YOUR GEAR MAY BE LOST! NO REFUNDS!
﻿07:31:46 : Rcon client logging in
﻿07:31:46 : RCon admin #2 (78.31.67.100:58228) logged in
﻿07:34:02 : Player #0 Freedom (173.85.71.79:2304) connected
﻿07:34:03 : Player #0 Freedom - GUID: 32974eed83d84dab3c6a86016f1a1d12 (unverified)
﻿07:34:03 : Verified GUID (32974eed83d84dab3c6a86016f1a1d12) of player #0 Freedom
﻿07:34:04 : Player #0 Freedom - Legacy GUID: 97a8c85ef5bf1164b1deba8cac447118
﻿07:45:46 : RCon admin #2: (Global) NO SQUAD XML: ENGLISH ONLY IN SIDE CHAT: VEHICLES AND GEAR CAN BE STOLEN ANYWHERE
﻿07:54:07 : Player #0 Freedom disconnected
﻿07:56:46 : RCon admin #2: (Global) ADMINS: LWB AND SIERRA | VISIT THE WEBSITE SURVIVALIST-DAYZ.COM
﻿08:10:46 : RCon admin #2: (Global) BASES MUST BE MAINTAINED VIA THE PLOT POLE EVERY 7 DAYS!! VEHICLES MUST BE USED EVERY 3 DAYS!!
﻿08:15:46 : RCon admin #2: (Global) NO SQUAD XML: ENGLISH ONLY IN SIDE CHAT: VEHICLES AND GEAR CAN BE STOLEN ANYWHERE
﻿08:26:46 : RCon admin #2: (Global) ADMINS: LWB AND SIERRA | VISIT THE WEBSITE SURVIVALIST-DAYZ.COM
﻿08:40:46 : RCon admin #2: (Global) BASES MUST BE MAINTAINED VIA THE PLOT POLE EVERY 7 DAYS!! VEHICLES MUST BE USED EVERY 3 DAYS!!
﻿08:45:46 : RCon admin #2: (Global) NO SQUAD XML: ENGLISH ONLY IN SIDE CHAT: VEHICLES AND GEAR CAN BE STOLEN ANYWHERE
﻿08:46:22 : Player #0 Jano (86.101.148.250:29022) connected
﻿08:46:23 : Player #0 Jano - GUID: 4340192a3222f0e9f416748346fa6058 (unverified)
﻿08:46:23 : Verified GUID (4340192a3222f0e9f416748346fa6058) of player #0 Jano
﻿08:46:24 : Player #0 Jano - Legacy GUID: d6b2b378075a96216ec61838a9d2fc33
﻿08:48:13 : Player #1 Hirni (78.55.122.13:3302) connected
﻿08:48:14 : Player #1 Hirni - GUID: 00beb2399d2696c67fa3c7105087e60d (unverified)
﻿08:48:14 : Verified GUID (00beb2399d2696c67fa3c7105087e60d) of player #1 Hirni
﻿08:48:15 : Player #1 Hirni - Legacy GUID: d3fbda91411177867307c4d61f508ff3
﻿08:56:46 : RCon admin #2: (Global) ADMINS: LWB AND SIERRA | VISIT THE WEBSITE SURVIVALIST-DAYZ.COM
﻿08:58:20 : Player #2 Rambler (85.129.100.201:3302) connected
﻿08:58:21 : Player #2 Rambler - GUID: 71321dcd4370aea32a6bdbc8c46e2faa (unverified)
﻿08:58:22 : Verified GUID (71321dcd4370aea32a6bdbc8c46e2faa) of player #2 Rambler
﻿08:58:22 : Player #2 Rambler - Legacy GUID: 39140cad8ee2ed9422a8eba287acea50
﻿09:10:46 : RCon admin #2: (Global) BASES MUST BE MAINTAINED VIA THE PLOT POLE EVERY 7 DAYS!! VEHICLES MUST BE USED EVERY 3 DAYS!!
﻿09:12:40 : Player #0 Jano disconnected
﻿09:13:01 : Player #1 Hirni disconnected
﻿09:13:35 : Player #2 Rambler disconnected
﻿09:15:46 : RCon admin #2: (Global) NO SQUAD XML: ENGLISH ONLY IN SIDE CHAT: VEHICLES AND GEAR CAN BE STOLEN ANYWHERE
﻿09:26:46 : RCon admin #2: (Global) ADMINS: LWB AND SIERRA | VISIT THE WEBSITE SURVIVALIST-DAYZ.COM
﻿09:40:46 : RCon admin #2: (Global) BASES MUST BE MAINTAINED VIA THE PLOT POLE EVERY 7 DAYS!! VEHICLES MUST BE USED EVERY 3 DAYS!!
﻿09:45:46 : RCon admin #2: (Global) NO SQUAD XML: ENGLISH ONLY IN SIDE CHAT: VEHICLES AND GEAR CAN BE STOLEN ANYWHERE
﻿09:51:46 : RCon admin #2: (Global) Server will restart in 10 minutes
﻿09:52:35 : Player #0 Chytry_Dimitri (77.46.97.84:3302) connected
﻿09:52:37 : Player #0 Chytry_Dimitri - GUID: 67f3c0f361a58bd844418f1a1266d7c2 (unverified)
﻿09:52:37 : Player #0 Chytry_Dimitri - Legacy GUID: 11e0c7ce68936743bb27d80fc9a6c200
﻿09:52:38 : Verified GUID (67f3c0f361a58bd844418f1a1266d7c2) of player #0 Chytry_Dimitri
﻿09:56:46 : RCon admin #2: (Global) ADMINS: LWB AND SIERRA | VISIT THE WEBSITE SURVIVALIST-DAYZ.COM
﻿09:56:47 : RCon admin #2: (Global) Server will restart in 5 minutes: Prepare to Logout
﻿09:58:16 : RCon admin #3 (86.133.162.23:54045) logged in
﻿09:59:46 : RCon admin #2: (Global) The Server is about to restart. LOG OUT NOW OR YOUR GEAR MAY BE LOST!!
﻿10:01:16 : RCon admin #2: (Global) YOU SHOULD BE LOGGED OUT BY NOW! IF YOU ARENT YOU WILL BE AUTO KICKED AND YOUR GEAR MAY BE LOST! NO REFUNDS!
﻿10:02:20 : Rcon client logging in
﻿10:02:20 : RCon admin #2 (78.31.67.100:59640) logged in
﻿10:15:42 : RCon admin #3 (86.133.162.23:50936) logged in
﻿10:16:13 : Player #0 QuickScoper420 (178.200.93.19:3302) connected
﻿10:16:15 : Player #0 QuickScoper420 - GUID: 5cfd15b84e558bc0ef1f0210efc34126 (unverified)
﻿10:16:15 : Verified GUID (5cfd15b84e558bc0ef1f0210efc34126) of player #0 QuickScoper420
﻿10:16:15 : Player #0 QuickScoper420 - Legacy GUID: a5953aeb5d5414bdf99a6fe9cbecf6c4
﻿10:16:20 : RCon admin #2: (Global) NO SQUAD XML: ENGLISH ONLY IN SIDE CHAT: VEHICLES AND GEAR CAN BE STOLEN ANYWHERE
﻿10:19:17 : Player #1 Buster (46.172.87.67:2304) connected
﻿10:19:19 : Player #1 Buster - GUID: 9392c9109b6a8a68e01932509bb92678 (unverified)
﻿10:19:19 : Verified GUID (9392c9109b6a8a68e01932509bb92678) of player #1 Buster
﻿10:19:19 : Player #1 Buster - Legacy GUID: 10954138ecdf08685e48609ed7b9b2ae
﻿10:27:20 : RCon admin #2: (Global) ADMINS: LWB AND SIERRA | VISIT THE WEBSITE SURVIVALIST-DAYZ.COM
﻿10:37:56 : Player #2 Poeschel (93.199.40.154:2304) connected
﻿10:37:57 : Player #2 Poeschel - GUID: cd7e26656b648f20bfb10cd8ac602a46 (unverified)
﻿10:37:57 : Verified GUID (cd7e26656b648f20bfb10cd8ac602a46) of player #2 Poeschel
﻿10:37:58 : Player #2 Poeschel disconnected
﻿10:41:20 : RCon admin #2: (Global) BASES MUST BE MAINTAINED VIA THE PLOT POLE EVERY 7 DAYS!! VEHICLES MUST BE USED EVERY 3 DAYS!!
﻿10:41:54 : Player #2 Sierra [SD] (82.35.201.180:2304) connected
﻿10:41:55 : Player #2 Sierra [SD] - GUID: d5a7a204223d483926d292f4255aa428 (unverified)
﻿10:41:56 : Player #2 Sierra [SD] - Legacy GUID: 81e5f276acb3bd8401df80e28c6291a7
﻿10:41:56 : Verified GUID (d5a7a204223d483926d292f4255aa428) of player #2 Sierra [SD]
﻿10:46:20 : RCon admin #2: (Global) NO SQUAD XML: ENGLISH ONLY IN SIDE CHAT: VEHICLES AND GEAR CAN BE STOLEN ANYWHERE
﻿10:55:16 : Player #1 Buster disconnected
﻿10:57:20 : RCon admin #2: (Global) ADMINS: LWB AND SIERRA | VISIT THE WEBSITE SURVIVALIST-DAYZ.COM
﻿11:11:20 : RCon admin #2: (Global) BASES MUST BE MAINTAINED VIA THE PLOT POLE EVERY 7 DAYS!! VEHICLES MUST BE USED EVERY 3 DAYS!!
﻿11:16:20 : RCon admin #2: (Global) NO SQUAD XML: ENGLISH ONLY IN SIDE CHAT: VEHICLES AND GEAR CAN BE STOLEN ANYWHERE
﻿11:17:41 : Player #2 Sierra [SD] disconnected
﻿11:18:29 : Player #1 2DIE4 (84.130.106.88:3302) connected
﻿11:18:31 : Player #1 2DIE4 - GUID: 97b8e8b63e4439b2b62c99dde2b8b8a1 (unverified)
﻿11:18:31 : Verified GUID (97b8e8b63e4439b2b62c99dde2b8b8a1) of player #1 2DIE4
﻿11:18:31 : Player #1 2DIE4 - Legacy GUID: e56dc54c0a6d92faa8a284d7c54bffab
﻿11:27:20 : RCon admin #2: (Global) ADMINS: LWB AND SIERRA | VISIT THE WEBSITE SURVIVALIST-DAYZ.COM
﻿11:41:20 : RCon admin #2: (Global) BASES MUST BE MAINTAINED VIA THE PLOT POLE EVERY 7 DAYS!! VEHICLES MUST BE USED EVERY 3 DAYS!!
﻿11:46:20 : RCon admin #2: (Global) NO SQUAD XML: ENGLISH ONLY IN SIDE CHAT: VEHICLES AND GEAR CAN BE STOLEN ANYWHERE
﻿11:57:20 : RCon admin #2: (Global) ADMINS: LWB AND SIERRA | VISIT THE WEBSITE SURVIVALIST-DAYZ.COM
﻿12:11:20 : RCon admin #2: (Global) BASES MUST BE MAINTAINED VIA THE PLOT POLE EVERY 7 DAYS!! VEHICLES MUST BE USED EVERY 3 DAYS!!
﻿12:13:38 : Player #1 2DIE4 disconnected
﻿12:16:20 : RCon admin #2: (Global) NO SQUAD XML: ENGLISH ONLY IN SIDE CHAT: VEHICLES AND GEAR CAN BE STOLEN ANYWHERE
﻿12:22:20 : RCon admin #2: (Global) Server will restart in 10 minutes
﻿12:24:00 : Player #1 Doriny (95.65.38.9:3302) connected
﻿12:24:01 : Player #1 Doriny - GUID: 758d222f75a434723f89f12ce31ede21 (unverified)
﻿12:24:02 : Verified GUID (758d222f75a434723f89f12ce31ede21) of player #1 Doriny
﻿12:24:02 : Player #1 Doriny - Legacy GUID: 91a3f73c8f47a727597bca7cc2f2d115
﻿12:27:20 : RCon admin #2: (Global) ADMINS: LWB AND SIERRA | VISIT THE WEBSITE SURVIVALIST-DAYZ.COM
﻿12:27:21 : RCon admin #2: (Global) Server will restart in 5 minutes: Prepare to Logout
﻿12:29:20 : Player #0 QuickScoper420 disconnected
﻿12:30:20 : RCon admin #2: (Global) The Server is about to restart. LOG OUT NOW OR YOUR GEAR MAY BE LOST!!
﻿12:31:50 : RCon admin #2: (Global) YOU SHOULD BE LOGGED OUT BY NOW! IF YOU ARENT YOU WILL BE AUTO KICKED AND YOUR GEAR MAY BE LOST! NO REFUNDS!
﻿12:32:54 : Rcon client logging in
﻿12:32:54 : RCon admin #2 (78.31.67.100:56968) logged in
﻿12:35:33 : Player #0 Doriny (95.65.38.9:3302) connected
﻿12:35:35 : Player #0 Doriny - GUID: 758d222f75a434723f89f12ce31ede21 (unverified)
﻿12:35:35 : Verified GUID (758d222f75a434723f89f12ce31ede21) of player #0 Doriny
﻿12:35:35 : Player #0 Doriny - Legacy GUID: 91a3f73c8f47a727597bca7cc2f2d115
﻿12:35:53 : Player #1 QuickScoper420 (178.200.93.19:3302) connected
﻿12:35:54 : Player #1 QuickScoper420 - GUID: 5cfd15b84e558bc0ef1f0210efc34126 (unverified)
﻿12:35:55 : Verified GUID (5cfd15b84e558bc0ef1f0210efc34126) of player #1 QuickScoper420
﻿12:35:55 : Player #1 QuickScoper420 - Legacy GUID: a5953aeb5d5414bdf99a6fe9cbecf6c4
﻿12:40:05 : RCon admin #3 (86.133.162.23:54977) logged in
﻿12:46:54 : Player #2 nils (77.13.61.109:2304) connected
﻿12:46:54 : RCon admin #2: (Global) NO SQUAD XML: ENGLISH ONLY IN SIDE CHAT: VEHICLES AND GEAR CAN BE STOLEN ANYWHERE
﻿12:46:55 : Player #2 nils - GUID: 95f0ff8bbdeb60d24a96be10b7ea1a8a (unverified)
﻿12:46:56 : Verified GUID (95f0ff8bbdeb60d24a96be10b7ea1a8a) of player #2 nils
﻿12:46:56 : Player #2 nils disconnected
﻿12:52:39 : Player #2 iHostiiX (91.4.57.224:3302) connected
﻿12:52:40 : Player #2 iHostiiX - GUID: 65bf3319a1a4ca33372a1e9b4a7b8452 (unverified)
﻿12:52:41 : Player #2 iHostiiX - Legacy GUID: 472f98ea7fa03438684612f08930cf34
﻿12:52:41 : Verified GUID (65bf3319a1a4ca33372a1e9b4a7b8452) of player #2 iHostiiX
﻿12:56:45 : Player #3 Hailstorm (93.222.250.59:3302) connected
﻿12:56:47 : Player #3 Hailstorm - GUID: 0692c4867addd58d9591110bb02a6244 (unverified)
﻿12:56:48 : Player #3 Hailstorm - Legacy GUID: e22681f3383bb6138a608cbe99764fe1
﻿12:56:48 : Verified GUID (0692c4867addd58d9591110bb02a6244) of player #3 Hailstorm
﻿12:57:54 : RCon admin #2: (Global) ADMINS: LWB AND SIERRA | VISIT THE WEBSITE SURVIVALIST-DAYZ.COM
﻿13:11:54 : RCon admin #2: (Global) BASES MUST BE MAINTAINED VIA THE PLOT POLE EVERY 7 DAYS!! VEHICLES MUST BE USED EVERY 3 DAYS!!
﻿13:16:54 : RCon admin #2: (Global) NO SQUAD XML: ENGLISH ONLY IN SIDE CHAT: VEHICLES AND GEAR CAN BE STOLEN ANYWHERE
﻿13:27:54 : RCon admin #2: (Global) ADMINS: LWB AND SIERRA | VISIT THE WEBSITE SURVIVALIST-DAYZ.COM
﻿13:32:16 : RCon admin #0 (86.133.162.23:63821) logged in
﻿13:41:54 : RCon admin #2: (Global) BASES MUST BE MAINTAINED VIA THE PLOT POLE EVERY 7 DAYS!! VEHICLES MUST BE USED EVERY 3 DAYS!!
﻿13:42:31 : RCon admin #3 (86.133.162.23:51803) logged in
﻿13:44:11 : Player #4 Sierra [SD] (82.35.201.180:2304) connected
﻿13:44:12 : Player #4 Sierra [SD] - GUID: d5a7a204223d483926d292f4255aa428 (unverified)
﻿13:44:13 : Player #4 Sierra [SD] - Legacy GUID: 81e5f276acb3bd8401df80e28c6291a7
﻿13:44:14 : Verified GUID (d5a7a204223d483926d292f4255aa428) of player #4 Sierra [SD]
﻿13:46:54 : RCon admin #2: (Global) NO SQUAD XML: ENGLISH ONLY IN SIDE CHAT: VEHICLES AND GEAR CAN BE STOLEN ANYWHERE
﻿13:57:54 : RCon admin #2: (Global) ADMINS: LWB AND SIERRA | VISIT THE WEBSITE SURVIVALIST-DAYZ.COM
﻿14:01:34 : Player #5 Turmoil (85.164.44.228:3302) connected
﻿14:01:35 : Player #5 Turmoil - GUID: 078d3175e22fad797d9a152aaaa83806 (unverified)
﻿14:01:35 : Verified GUID (078d3175e22fad797d9a152aaaa83806) of player #5 Turmoil
﻿14:01:36 : Player #5 Turmoil - Legacy GUID: 153330a3c1eb9ccf7092e322ab07ebb0
﻿14:09:31 : RCon admin #0 (86.133.162.23:55568) logged in
﻿14:11:54 : RCon admin #2: (Global) BASES MUST BE MAINTAINED VIA THE PLOT POLE EVERY 7 DAYS!! VEHICLES MUST BE USED EVERY 3 DAYS!!
﻿14:13:44 : Player #6 BIG BOLO* (5.172.237.21:25368) connected
﻿14:13:45 : Player #6 BIG BOLO* - GUID: 23ba3b72c27f9037a89a5be52475278a (unverified)
﻿14:13:45 : Verified GUID (23ba3b72c27f9037a89a5be52475278a) of player #6 BIG BOLO*
﻿14:13:46 : Player #6 BIG BOLO* - Legacy GUID: 3ae9f2bd0cfa61de1e742c02f56f7f78
﻿14:16:54 : RCon admin #2: (Global) NO SQUAD XML: ENGLISH ONLY IN SIDE CHAT: VEHICLES AND GEAR CAN BE STOLEN ANYWHERE
﻿14:20:13 : Player #7 Freedom (173.85.71.79:2304) connected
﻿14:20:15 : Player #7 Freedom - GUID: 32974eed83d84dab3c6a86016f1a1d12 (unverified)
﻿14:20:15 : Verified GUID (32974eed83d84dab3c6a86016f1a1d12) of player #7 Freedom
﻿14:20:17 : Player #7 Freedom - Legacy GUID: 97a8c85ef5bf1164b1deba8cac447118
﻿14:22:18 : Player #7 Freedom disconnected
﻿14:22:21 : Player #7 Freedom (173.85.71.79:2304) connected
﻿14:22:23 : Player #7 Freedom - GUID: 32974eed83d84dab3c6a86016f1a1d12 (unverified)
﻿14:22:23 : Player #7 Freedom - Legacy GUID: 97a8c85ef5bf1164b1deba8cac447118
﻿14:22:24 : Verified GUID (32974eed83d84dab3c6a86016f1a1d12) of player #7 Freedom
﻿14:23:18 : Player #7 Freedom (32974eed83d84dab3c6a86016f1a1d12) has been kicked by BattlEye: PublicVariable Value Restriction #77
﻿14:25:20 : Player #7 Freedom (173.85.71.79:2304) connected
﻿14:25:22 : Player #7 Freedom - GUID: 32974eed83d84dab3c6a86016f1a1d12 (unverified)
﻿14:25:22 : Verified GUID (32974eed83d84dab3c6a86016f1a1d12) of player #7 Freedom
﻿14:25:23 : Player #7 Freedom - Legacy GUID: 97a8c85ef5bf1164b1deba8cac447118
﻿14:27:08 : Player #1 QuickScoper420 disconnected
﻿14:27:21 : Player #1 Winans (178.200.93.19:3302) connected
﻿14:27:22 : Player #1 Winans - GUID: 5cfd15b84e558bc0ef1f0210efc34126 (unverified)
﻿14:27:23 : Verified GUID (5cfd15b84e558bc0ef1f0210efc34126) of player #1 Winans
﻿14:27:23 : Player #1 Winans - Legacy GUID: a5953aeb5d5414bdf99a6fe9cbecf6c4
﻿14:27:54 : RCon admin #2: (Global) ADMINS: LWB AND SIERRA | VISIT THE WEBSITE SURVIVALIST-DAYZ.COM
﻿14:29:57 : Player #0 Doriny disconnected
﻿14:32:13 : Player #0 Doriny (95.65.38.9:3302) connected
﻿14:32:14 : Player #0 Doriny - GUID: 758d222f75a434723f89f12ce31ede21 (unverified)
﻿14:32:15 : Verified GUID (758d222f75a434723f89f12ce31ede21) of player #0 Doriny
﻿14:32:15 : Player #0 Doriny - Legacy GUID: 91a3f73c8f47a727597bca7cc2f2d115
﻿14:35:32 : Player #2 iHostiiX disconnected
﻿14:36:13 : Player #7 Freedom disconnected
﻿14:37:07 : Player #2 [NG2] Jesse (145.133.183.236:3302) connected
﻿14:37:08 : Player #2 [NG2] Jesse - GUID: 1f7a31a6c97ae9822a9e4dcb3de0e9a0 (unverified)
﻿14:37:09 : Verified GUID (1f7a31a6c97ae9822a9e4dcb3de0e9a0) of player #2 [NG2] Jesse
﻿14:37:09 : Player #2 [NG2] Jesse - Legacy GUID: aa29d15133c89f949e71190836ad19cb
﻿14:37:40 : Player #7 Freedom (173.85.71.79:2304) connected
﻿14:37:42 : Player #7 Freedom - GUID: 32974eed83d84dab3c6a86016f1a1d12 (unverified)
﻿14:37:42 : Player #7 Freedom - Legacy GUID: 97a8c85ef5bf1164b1deba8cac447118
﻿14:37:43 : Verified GUID (32974eed83d84dab3c6a86016f1a1d12) of player #7 Freedom
﻿14:38:53 : Player #5 Turmoil disconnected
﻿14:39:35 : Player #5 Turmoil (85.164.44.228:3302) connected
﻿14:39:36 : Player #5 Turmoil - GUID: 078d3175e22fad797d9a152aaaa83806 (unverified)
﻿14:39:37 : Verified GUID (078d3175e22fad797d9a152aaaa83806) of player #5 Turmoil
﻿14:39:37 : Player #5 Turmoil - Legacy GUID: 153330a3c1eb9ccf7092e322ab07ebb0
﻿14:41:20 : Player #0 Doriny disconnected
﻿14:41:54 : RCon admin #2: (Global) BASES MUST BE MAINTAINED VIA THE PLOT POLE EVERY 7 DAYS!! VEHICLES MUST BE USED EVERY 3 DAYS!!
﻿14:44:30 : Player #0 2DIE4 (84.130.106.88:3302) connected
﻿14:44:31 : Player #0 2DIE4 - GUID: 97b8e8b63e4439b2b62c99dde2b8b8a1 (unverified)
﻿14:44:32 : Verified GUID (97b8e8b63e4439b2b62c99dde2b8b8a1) of player #0 2DIE4
﻿14:44:32 : Player #0 2DIE4 - Legacy GUID: e56dc54c0a6d92faa8a284d7c54bffab
﻿14:46:54 : RCon admin #2: (Global) NO SQUAD XML: ENGLISH ONLY IN SIDE CHAT: VEHICLES AND GEAR CAN BE STOLEN ANYWHERE
﻿14:47:33 : RCon admin #3 (86.133.162.23:62059) logged in
﻿14:52:54 : RCon admin #2: (Global) Server will restart in 10 minutes
﻿14:54:17 : Player #0 2DIE4 disconnected
﻿14:57:54 : RCon admin #2: (Global) ADMINS: LWB AND SIERRA | VISIT THE WEBSITE SURVIVALIST-DAYZ.COM
﻿14:57:55 : RCon admin #2: (Global) Server will restart in 5 minutes: Prepare to Logout
﻿14:58:30 : Player #1 Winans disconnected
﻿15:00:47 : Player #7 Freedom disconnected
﻿15:00:54 : RCon admin #2: (Global) The Server is about to restart. LOG OUT NOW OR YOUR GEAR MAY BE LOST!!
﻿15:01:21 : Player #3 Hailstorm disconnected
﻿15:01:58 : Player #5 Turmoil disconnected
﻿15:02:24 : RCon admin #2: (Global) YOU SHOULD BE LOGGED OUT BY NOW! IF YOU ARENT YOU WILL BE AUTO KICKED AND YOUR GEAR MAY BE LOST! NO REFUNDS!
﻿15:03:28 : Rcon client logging in
﻿15:03:28 : RCon admin #2 (78.31.67.100:59165) logged in
﻿15:03:29 : Player #0 2DIE4 (84.130.106.88:3302) connected
﻿15:03:30 : Player #0 2DIE4 - GUID: 97b8e8b63e4439b2b62c99dde2b8b8a1 (unverified)
﻿15:03:31 : Verified GUID (97b8e8b63e4439b2b62c99dde2b8b8a1) of player #0 2DIE4
﻿15:03:31 : Player #0 2DIE4 - Legacy GUID: e56dc54c0a6d92faa8a284d7c54bffab
﻿15:03:33 : Player #1 Turmoil (85.164.44.228:3302) connected
﻿15:03:35 : Player #1 Turmoil - GUID: 078d3175e22fad797d9a152aaaa83806 (unverified)
﻿15:03:35 : Verified GUID (078d3175e22fad797d9a152aaaa83806) of player #1 Turmoil
﻿15:03:35 : Player #1 Turmoil - Legacy GUID: 153330a3c1eb9ccf7092e322ab07ebb0
﻿15:03:38 : RCon admin #3 (86.133.162.23:58642) logged in
﻿15:03:40 : Player #2 [NG2] Jesse (145.133.183.236:3302) connected
﻿15:03:41 : Player #2 [NG2] Jesse - GUID: 1f7a31a6c97ae9822a9e4dcb3de0e9a0 (unverified)
﻿15:03:42 : Verified GUID (1f7a31a6c97ae9822a9e4dcb3de0e9a0) of player #2 [NG2] Jesse
﻿15:03:42 : Player #2 [NG2] Jesse - Legacy GUID: aa29d15133c89f949e71190836ad19cb
﻿15:05:10 : Player #3 BIG BOLO* (5.172.237.21:25368) connected
﻿15:05:13 : Player #3 BIG BOLO* - GUID: 23ba3b72c27f9037a89a5be52475278a (unverified)
﻿15:05:13 : Verified GUID (23ba3b72c27f9037a89a5be52475278a) of player #3 BIG BOLO*
﻿15:05:14 : Player #3 BIG BOLO* - Legacy GUID: 3ae9f2bd0cfa61de1e742c02f56f7f78
﻿15:06:01 : Player #4 Hailstorm (93.222.250.59:3302) connected
﻿15:06:02 : Player #4 Hailstorm - GUID: 0692c4867addd58d9591110bb02a6244 (unverified)
﻿15:06:03 : Verified GUID (0692c4867addd58d9591110bb02a6244) of player #4 Hailstorm
﻿15:06:03 : Player #4 Hailstorm - Legacy GUID: e22681f3383bb6138a608cbe99764fe1
﻿15:07:19 : Player #5 Freedom (173.85.71.79:2304) connected
﻿15:07:20 : Player #5 Freedom - GUID: 32974eed83d84dab3c6a86016f1a1d12 (unverified)
﻿15:07:21 : Verified GUID (32974eed83d84dab3c6a86016f1a1d12) of player #5 Freedom
﻿15:07:21 : Player #5 Freedom - Legacy GUID: 97a8c85ef5bf1164b1deba8cac447118
﻿15:08:49 : Player #6 Winans (178.200.93.19:3302) connected
﻿15:08:50 : Player #6 Winans - GUID: 5cfd15b84e558bc0ef1f0210efc34126 (unverified)
﻿15:08:51 : Verified GUID (5cfd15b84e558bc0ef1f0210efc34126) of player #6 Winans
﻿15:08:51 : Player #6 Winans - Legacy GUID: a5953aeb5d5414bdf99a6fe9cbecf6c4
﻿15:17:29 : RCon admin #2: (Global) NO SQUAD XML: ENGLISH ONLY IN SIDE CHAT: VEHICLES AND GEAR CAN BE STOLEN ANYWHERE
﻿15:28:29 : RCon admin #2: (Global) ADMINS: LWB AND SIERRA | VISIT THE WEBSITE SURVIVALIST-DAYZ.COM
﻿15:39:54 : Player #3 BIG BOLO* (23ba3b72c27f9037a89a5be52475278a) has been kicked by BattlEye: Client not responding
﻿15:42:28 : RCon admin #2: (Global) BASES MUST BE MAINTAINED VIA THE PLOT POLE EVERY 7 DAYS!! VEHICLES MUST BE USED EVERY 3 DAYS!!
﻿15:47:02 : Player #3 BIG BOLO* (5.172.234.33:7688) connected
﻿15:47:03 : Player #3 BIG BOLO* - GUID: 23ba3b72c27f9037a89a5be52475278a (unverified)
﻿15:47:04 : Verified GUID (23ba3b72c27f9037a89a5be52475278a) of player #3 BIG BOLO*
﻿15:47:04 : Player #3 BIG BOLO* - Legacy GUID: 3ae9f2bd0cfa61de1e742c02f56f7f78
﻿15:47:28 : RCon admin #2: (Global) NO SQUAD XML: ENGLISH ONLY IN SIDE CHAT: VEHICLES AND GEAR CAN BE STOLEN ANYWHERE
﻿15:52:48 : Player #2 [NG2] Jesse disconnected
﻿15:55:03 : Player #1 Turmoil disconnected
﻿15:58:29 : RCon admin #2: (Global) ADMINS: LWB AND SIERRA | VISIT THE WEBSITE SURVIVALIST-DAYZ.COM
﻿16:01:37 : Player #3 BIG BOLO* disconnected
﻿16:03:50 : RCon admin #4 (86.133.162.23:58966) logged in
﻿16:12:28 : RCon admin #2: (Global) BASES MUST BE MAINTAINED VIA THE PLOT POLE EVERY 7 DAYS!! VEHICLES MUST BE USED EVERY 3 DAYS!!
﻿16:17:28 : RCon admin #2: (Global) NO SQUAD XML: ENGLISH ONLY IN SIDE CHAT: VEHICLES AND GEAR CAN BE STOLEN ANYWHERE
﻿16:24:49 : Player #6 Winans disconnected
﻿16:28:28 : RCon admin #2: (Global) ADMINS: LWB AND SIERRA | VISIT THE WEBSITE SURVIVALIST-DAYZ.COM
﻿16:34:25 : Player #1 Fortunet (109.62.218.60:3302) connected
﻿16:34:27 : Player #1 Fortunet - GUID: 34c13f3f492ecd92df5bc5e7c4345f73 (unverified)
﻿16:34:27 : Player #1 Fortunet - Legacy GUID: b4ea2d1ebb85dc5a4fe5e3c30e8e7213
﻿16:34:28 : Verified GUID (34c13f3f492ecd92df5bc5e7c4345f73) of player #1 Fortunet
﻿16:35:25 : RCon admin #0 (86.133.162.23:61626) logged in
﻿16:37:36 : Player #1 Fortunet disconnected
﻿16:42:18 : Player #1 Zarag (178.4.245.94:3302) connected
﻿16:42:20 : Player #1 Zarag - GUID: b7ce1912c6e8b310619580a835164f3b (unverified)
﻿16:42:20 : Player #1 Zarag - Legacy GUID: 7cd853dcfb617582079edc28feebd7a3
﻿16:42:21 : Verified GUID (b7ce1912c6e8b310619580a835164f3b) of player #1 Zarag
﻿16:42:28 : RCon admin #2: (Global) BASES MUST BE MAINTAINED VIA THE PLOT POLE EVERY 7 DAYS!! VEHICLES MUST BE USED EVERY 3 DAYS!!
﻿16:47:28 : RCon admin #2: (Global) NO SQUAD XML: ENGLISH ONLY IN SIDE CHAT: VEHICLES AND GEAR CAN BE STOLEN ANYWHERE
﻿16:48:29 : Player #2 userpc (37.6.111.183:14058) connected
﻿16:48:30 : Player #2 userpc - GUID: e0728e1f87c2029ed0120a9c959a7d4b (unverified)
﻿16:48:31 : Player #2 userpc - Legacy GUID: c2e988daf01712f49b3c5f7aeb51f965
﻿16:48:31 : Verified GUID (e0728e1f87c2029ed0120a9c959a7d4b) of player #2 userpc
﻿16:56:03 : Player #3 kemna (87.123.213.248:3302) connected
﻿16:56:05 : Player #3 kemna - GUID: b305a024feae9f6f6c0cb1fe93d1be1e (unverified)
﻿16:56:05 : Player #3 kemna - Legacy GUID: 460127d03a4a7a87be239b67b880bab2
﻿16:56:05 : Verified GUID (b305a024feae9f6f6c0cb1fe93d1be1e) of player #3 kemna
﻿16:58:28 : RCon admin #2: (Global) ADMINS: LWB AND SIERRA | VISIT THE WEBSITE SURVIVALIST-DAYZ.COM
﻿16:59:22 : Player #5 Freedom disconnected
﻿16:59:34 : Player #5 iHostiiX (91.4.57.224:3302) connected
﻿16:59:36 : Player #5 iHostiiX - GUID: 65bf3319a1a4ca33372a1e9b4a7b8452 (unverified)
﻿16:59:36 : Verified GUID (65bf3319a1a4ca33372a1e9b4a7b8452) of player #5 iHostiiX
﻿16:59:37 : Player #5 iHostiiX - Legacy GUID: 472f98ea7fa03438684612f08930cf34
﻿17:12:29 : RCon admin #2: (Global) BASES MUST BE MAINTAINED VIA THE PLOT POLE EVERY 7 DAYS!! VEHICLES MUST BE USED EVERY 3 DAYS!!
﻿17:17:28 : RCon admin #2: (Global) NO SQUAD XML: ENGLISH ONLY IN SIDE CHAT: VEHICLES AND GEAR CAN BE STOLEN ANYWHERE
﻿17:22:12 : Player #6 Luca (95.246.246.250:3302) connected
﻿17:22:13 : Player #6 Luca - GUID: 6e7c40a61724544b4275966bd75de0e6 (unverified)
﻿17:22:14 : Player #6 Luca - Legacy GUID: 9d6f7df8f28bf750a2189a9c4d05f558
﻿17:22:22 : Player #6 Luca disconnected
﻿17:23:29 : RCon admin #2: (Global) Server will restart in 10 minutes
﻿17:26:36 : Player #6 Luca (95.246.246.250:3302) connected
﻿17:26:38 : Player #6 Luca - GUID: 6e7c40a61724544b4275966bd75de0e6 (unverified)
﻿17:26:38 : Player #6 Luca - Legacy GUID: 9d6f7df8f28bf750a2189a9c4d05f558
﻿17:26:42 : Verified GUID (6e7c40a61724544b4275966bd75de0e6) of player #6 Luca
﻿17:27:33 : Player #3 kemna disconnected
﻿17:27:56 : Player #5 iHostiiX disconnected
﻿17:28:28 : RCon admin #2: (Global) ADMINS: LWB AND SIERRA | VISIT THE WEBSITE SURVIVALIST-DAYZ.COM
﻿17:28:29 : RCon admin #2: (Global) Server will restart in 5 minutes: Prepare to Logout
﻿17:31:29 : RCon admin #2: (Global) The Server is about to restart. LOG OUT NOW OR YOUR GEAR MAY BE LOST!!
﻿17:31:39 : Player #6 Luca disconnected
﻿17:32:14 : Player #4 Hailstorm disconnected
﻿17:32:51 : Player #1 Zarag disconnected
﻿17:32:58 : RCon admin #2: (Global) YOU SHOULD BE LOGGED OUT BY NOW! IF YOU ARENT YOU WILL BE AUTO KICKED AND YOUR GEAR MAY BE LOST! NO REFUNDS!
﻿17:34:41 : Rcon client logging in
﻿17:34:41 : RCon admin #2 (78.31.67.100:62982) logged in
﻿17:34:52 : RCon admin #3 (86.133.162.23:54999) logged in
﻿17:35:55 : Player #0 Alonso (92.114.52.92:3302) connected
﻿17:35:56 : Player #0 Alonso - GUID: 7df969c92ad86496670af3d3105fa7f9 (unverified)
﻿17:35:56 : Verified GUID (7df969c92ad86496670af3d3105fa7f9) of player #0 Alonso
﻿17:35:57 : Player #0 Alonso - Legacy GUID: ee925f9f455bcdecc7328b5bb06d44c0
﻿17:36:02 : Player #1 iHostiiX (91.4.57.224:3302) connected
﻿17:36:03 : Player #1 iHostiiX - GUID: 65bf3319a1a4ca33372a1e9b4a7b8452 (unverified)
﻿17:36:03 : Verified GUID (65bf3319a1a4ca33372a1e9b4a7b8452) of player #1 iHostiiX
﻿17:36:04 : Player #1 iHostiiX - Legacy GUID: 472f98ea7fa03438684612f08930cf34
﻿17:36:16 : Player #2 Arne (2.104.45.123:3302) connected
﻿17:36:18 : Player #2 Arne - GUID: 438b3f774367dfe1203639f51a6f5c4f (unverified)
﻿17:36:18 : Player #2 Arne - Legacy GUID: 8aec1d74ca7b7b889f081e10656686f1
﻿17:36:27 : Player #2 Arne disconnected
﻿17:37:52 : Player #2 Arne (2.104.45.123:3302) connected
﻿17:37:54 : Player #2 Arne - GUID: 438b3f774367dfe1203639f51a6f5c4f (unverified)
﻿17:37:54 : Player #2 Arne - Legacy GUID: 8aec1d74ca7b7b889f081e10656686f1
﻿17:37:56 : Player #2 Arne disconnected
﻿17:39:13 : Player #2 userpc (37.6.111.183:14791) connected
﻿17:39:14 : Player #3 Arne (2.104.45.123:3302) connected
﻿17:39:14 : Player #2 userpc - GUID: e0728e1f87c2029ed0120a9c959a7d4b (unverified)
﻿17:39:15 : Player #2 userpc - Legacy GUID: c2e988daf01712f49b3c5f7aeb51f965
﻿17:39:16 : Player #3 Arne - GUID: 438b3f774367dfe1203639f51a6f5c4f (unverified)
﻿17:39:16 : Player #3 Arne - Legacy GUID: 8aec1d74ca7b7b889f081e10656686f1
﻿17:39:18 : Player #3 Arne disconnected
﻿17:39:18 : Player #2 userpc disconnected
﻿17:40:42 : Player #2 kemna (87.123.213.248:3302) connected
﻿17:40:43 : Player #3 Arne (2.104.45.123:3302) connected
﻿17:40:44 : Player #2 kemna - GUID: b305a024feae9f6f6c0cb1fe93d1be1e (unverified)
﻿17:40:44 : Player #3 Arne - GUID: 438b3f774367dfe1203639f51a6f5c4f (unverified)
﻿17:40:45 : Player #2 kemna - Legacy GUID: 460127d03a4a7a87be239b67b880bab2
﻿17:40:45 : Player #3 Arne - Legacy GUID: 8aec1d74ca7b7b889f081e10656686f1
﻿17:40:52 : Verified GUID (b305a024feae9f6f6c0cb1fe93d1be1e) of player #2 kemna
﻿17:40:52 : Player #3 Arne disconnected
﻿17:41:28 : Player #3 userpc (37.6.111.183:14791) connected
﻿17:41:29 : Player #3 userpc - GUID: e0728e1f87c2029ed0120a9c959a7d4b (unverified)
﻿17:41:30 : Player #3 userpc - Legacy GUID: c2e988daf01712f49b3c5f7aeb51f965
﻿17:41:36 : Player #3 userpc disconnected
﻿17:42:33 : Player #3 Arne (2.104.45.123:3302) connected
﻿17:42:34 : Player #3 Arne - GUID: 438b3f774367dfe1203639f51a6f5c4f (unverified)
﻿17:42:35 : Player #3 Arne - Legacy GUID: 8aec1d74ca7b7b889f081e10656686f1
﻿17:42:39 : Player #3 Arne disconnected
﻿17:43:41 : Player #3 userpc (37.6.111.183:14791) connected
﻿17:43:42 : Player #3 userpc - GUID: e0728e1f87c2029ed0120a9c959a7d4b (unverified)
﻿17:43:42 : Verified GUID (e0728e1f87c2029ed0120a9c959a7d4b) of player #3 userpc
﻿17:43:43 : Player #3 userpc - Legacy GUID: c2e988daf01712f49b3c5f7aeb51f965
﻿17:47:11 : Player #4 Arne (2.104.45.123:3302) connected
﻿17:47:12 : Player #4 Arne - GUID: 438b3f774367dfe1203639f51a6f5c4f (unverified)
﻿17:47:13 : Player #4 Arne - Legacy GUID: 8aec1d74ca7b7b889f081e10656686f1
﻿17:47:16 : Player #4 Arne disconnected
﻿17:48:41 : RCon admin #2: (Global) NO SQUAD XML: ENGLISH ONLY IN SIDE CHAT: VEHICLES AND GEAR CAN BE STOLEN ANYWHERE
﻿17:52:34 : Player #0 Alonso disconnected
﻿17:57:55 : RCon admin #4 (86.133.162.23:62151) logged in
﻿17:58:59 : Player #0 2DIE4 (84.130.106.88:3302) connected
﻿17:59:00 : Player #0 2DIE4 - GUID: 97b8e8b63e4439b2b62c99dde2b8b8a1 (unverified)
﻿17:59:01 : Verified GUID (97b8e8b63e4439b2b62c99dde2b8b8a1) of player #0 2DIE4
﻿17:59:01 : Player #0 2DIE4 - Legacy GUID: e56dc54c0a6d92faa8a284d7c54bffab
﻿17:59:29 : RCon admin #1 (86.133.162.23:62152) logged in
﻿17:59:41 : RCon admin #2: (Global) ADMINS: LWB AND SIERRA | VISIT THE WEBSITE SURVIVALIST-DAYZ.COM
﻿18:03:07 : Player #2 kemna disconnected
﻿18:03:57 : Player #2 Arne (2.104.45.123:3302) connected
﻿18:03:58 : Player #2 Arne - GUID: 438b3f774367dfe1203639f51a6f5c4f (unverified)
﻿18:03:58 : Verified GUID (438b3f774367dfe1203639f51a6f5c4f) of player #2 Arne
﻿18:03:59 : Player #2 Arne - Legacy GUID: 8aec1d74ca7b7b889f081e10656686f1
﻿18:04:02 : Player #1 iHostiiX (65bf3319a1a4ca33372a1e9b4a7b8452) has been kicked by BattlEye: Client not responding
﻿18:05:46 : Player #1 Boogsta (109.150.98.51:3302) connected
﻿18:05:47 : Player #1 Boogsta - GUID: 001afa8b358da1ebddfecb849f1906dc (unverified)
﻿18:05:48 : Verified GUID (001afa8b358da1ebddfecb849f1906dc) of player #1 Boogsta
﻿18:05:48 : Player #1 Boogsta - Legacy GUID: 498834ef7e6b9fd110f0bdca480c1c50
﻿18:08:52 : RCon admin #4 (86.133.162.23:59188) logged in
﻿18:11:25 : Player #4 Sebastian (84.118.159.31:3302) connected
﻿18:11:26 : Player #4 Sebastian - GUID: 9a799dfc537287cfac575dda5f04f439 (unverified)
﻿18:11:27 : Verified GUID (9a799dfc537287cfac575dda5f04f439) of player #4 Sebastian
﻿18:11:27 : Player #4 Sebastian - Legacy GUID: 49d332f8760d380209db3cece2ab1a70
﻿18:13:41 : RCon admin #2: (Global) BASES MUST BE MAINTAINED VIA THE PLOT POLE EVERY 7 DAYS!! VEHICLES MUST BE USED EVERY 3 DAYS!!
﻿18:16:32 : Player #2 Arne disconnected
﻿18:18:41 : RCon admin #2: (Global) NO SQUAD XML: ENGLISH ONLY IN SIDE CHAT: VEHICLES AND GEAR CAN BE STOLEN ANYWHERE
﻿18:18:45 : Player #2 Alonso (92.114.52.92:3302) connected
﻿18:18:46 : Player #2 Alonso - GUID: 7df969c92ad86496670af3d3105fa7f9 (unverified)
﻿18:18:46 : Verified GUID (7df969c92ad86496670af3d3105fa7f9) of player #2 Alonso
﻿18:18:47 : Player #2 Alonso - Legacy GUID: ee925f9f455bcdecc7328b5bb06d44c0
﻿18:20:54 : Player #5 Freedom (173.85.71.79:2304) connected
﻿18:20:55 : Player #5 Freedom - GUID: 32974eed83d84dab3c6a86016f1a1d12 (unverified)
﻿18:20:56 : Verified GUID (32974eed83d84dab3c6a86016f1a1d12) of player #5 Freedom
﻿18:20:56 : Player #5 Freedom - Legacy GUID: 97a8c85ef5bf1164b1deba8cac447118
﻿18:24:20 : Player #6 PLAY (176.146.84.185:2304) connected
﻿18:24:22 : Player #6 PLAY - GUID: 7e3ee4f88930e1171b7455436eefadcf (unverified)
﻿18:24:22 : Player #6 PLAY - Legacy GUID: 90a435eb5c19db761282a47e3ce77f94
﻿18:24:22 : Verified GUID (7e3ee4f88930e1171b7455436eefadcf) of player #6 PLAY
﻿18:24:23 : Player #6 PLAY disconnected
﻿18:24:27 : Player #6 Arne (2.104.45.123:3302) connected
﻿18:24:28 : Player #6 Arne - GUID: 438b3f774367dfe1203639f51a6f5c4f (unverified)
﻿18:24:29 : Player #6 Arne - Legacy GUID: 8aec1d74ca7b7b889f081e10656686f1
﻿18:24:35 : Verified GUID (438b3f774367dfe1203639f51a6f5c4f) of player #6 Arne
﻿18:24:59 : Player #7 Sigma (91.124.30.127:3302) connected
﻿18:25:00 : Player #7 Sigma - GUID: 0b4b08d7fc92de692c6c3a8c9d50f12e (unverified)
﻿18:25:01 : Player #7 Sigma - Legacy GUID: 9e4c262a00027b8bf521999f85997858
﻿18:25:06 : Player #7 Sigma disconnected
﻿18:26:19 : Player #7 Lirox (81.224.42.58:53617) connected
﻿18:26:20 : Player #7 Lirox - GUID: 218da0063720da0ff4207001fb067f34 (unverified)
﻿18:26:21 : Player #7 Lirox - Legacy GUID: 97d64e63a134153b380d8ae8d6a4882a
﻿18:26:21 : Player #7 Lirox disconnected
﻿18:26:37 : Player #6 Arne disconnected
﻿18:27:32 : Player #6 Arne (2.104.45.123:3302) connected
﻿18:27:33 : Player #6 Arne - GUID: 438b3f774367dfe1203639f51a6f5c4f (unverified)
﻿18:27:34 : Player #6 Arne - Legacy GUID: 8aec1d74ca7b7b889f081e10656686f1
﻿18:27:37 : Player #6 Arne disconnected
﻿18:27:45 : Player #6 Lirox (81.224.42.58:53617) connected
﻿18:27:47 : Player #6 Lirox - GUID: 218da0063720da0ff4207001fb067f34 (unverified)
﻿18:27:47 : Player #6 Lirox - Legacy GUID: 97d64e63a134153b380d8ae8d6a4882a
﻿18:27:50 : Verified GUID (218da0063720da0ff4207001fb067f34) of player #6 Lirox
﻿18:28:57 : Player #7 Arne (2.104.45.123:3302) connected
﻿18:28:58 : Player #7 Arne - GUID: 438b3f774367dfe1203639f51a6f5c4f (unverified)
﻿18:28:59 : Player #7 Arne - Legacy GUID: 8aec1d74ca7b7b889f081e10656686f1
﻿18:29:02 : Player #7 Arne disconnected
﻿18:29:41 : RCon admin #2: (Global) ADMINS: LWB AND SIERRA | VISIT THE WEBSITE SURVIVALIST-DAYZ.COM
﻿18:30:38 : Player #7 Scuri (212.91.17.2:3302) connected
﻿18:30:40 : Player #7 Scuri - GUID: c522ac60bf3125fb6c679e7983fe8ac1 (unverified)
﻿18:30:40 : Player #7 Scuri - Legacy GUID: 9f56eb0311adcb3201803b093f351c96
﻿18:30:40 : Verified GUID (c522ac60bf3125fb6c679e7983fe8ac1) of player #7 Scuri
﻿18:30:54 : Player #8 Arne (2.104.45.123:3302) connected
﻿18:30:55 : Player #8 Arne - GUID: 438b3f774367dfe1203639f51a6f5c4f (unverified)
﻿18:30:56 : Player #8 Arne - Legacy GUID: 8aec1d74ca7b7b889f081e10656686f1
﻿18:31:03 : Verified GUID (438b3f774367dfe1203639f51a6f5c4f) of player #8 Arne
﻿18:42:33 : Player #7 Scuri disconnected
﻿18:43:41 : RCon admin #2: (Global) BASES MUST BE MAINTAINED VIA THE PLOT POLE EVERY 7 DAYS!! VEHICLES MUST BE USED EVERY 3 DAYS!!
﻿18:48:41 : RCon admin #2: (Global) NO SQUAD XML: ENGLISH ONLY IN SIDE CHAT: VEHICLES AND GEAR CAN BE STOLEN ANYWHERE
﻿18:50:12 : Player #7 Winans (178.200.93.19:3302) connected
﻿18:50:13 : Player #7 Winans - GUID: 5cfd15b84e558bc0ef1f0210efc34126 (unverified)
﻿18:50:14 : Verified GUID (5cfd15b84e558bc0ef1f0210efc34126) of player #7 Winans
﻿18:50:14 : Player #7 Winans - Legacy GUID: a5953aeb5d5414bdf99a6fe9cbecf6c4
﻿18:55:11 : Player #2 Alonso disconnected
﻿18:57:04 : Player #2 Vladi (84.44.215.135:3302) connected
﻿18:57:06 : Player #2 Vladi - GUID: 3191ddbc4f2985a26ad17faee29ee7a3 (unverified)
﻿18:57:06 : Player #2 Vladi - Legacy GUID: ad96aa17fa54f089c0569d85fe78be14
﻿18:57:07 : Verified GUID (3191ddbc4f2985a26ad17faee29ee7a3) of player #2 Vladi
﻿18:59:41 : RCon admin #2: (Global) ADMINS: LWB AND SIERRA | VISIT THE WEBSITE SURVIVALIST-DAYZ.COM
﻿19:02:38 : Player #9 Hailstorm (93.222.250.59:3302) connected
﻿19:02:39 : Player #9 Hailstorm - GUID: 0692c4867addd58d9591110bb02a6244 (unverified)
﻿19:02:40 : Verified GUID (0692c4867addd58d9591110bb02a6244) of player #9 Hailstorm
﻿19:02:40 : Player #9 Hailstorm - Legacy GUID: e22681f3383bb6138a608cbe99764fe1
﻿19:10:02 : Player #1 Boogsta disconnected
﻿19:13:41 : RCon admin #2: (Global) BASES MUST BE MAINTAINED VIA THE PLOT POLE EVERY 7 DAYS!! VEHICLES MUST BE USED EVERY 3 DAYS!!
﻿19:17:19 : Player #1 Will (2.220.60.101:2304) connected
﻿19:17:21 : Player #1 Will - GUID: c961f50f3f375d8de466abeee48f7ced (unverified)
﻿19:17:21 : Player #1 Will - Legacy GUID: b4bbd559852f294a3a0f48dc670024c6
﻿19:17:21 : Verified GUID (c961f50f3f375d8de466abeee48f7ced) of player #1 Will
﻿19:18:41 : RCon admin #2: (Global) NO SQUAD XML: ENGLISH ONLY IN SIDE CHAT: VEHICLES AND GEAR CAN BE STOLEN ANYWHERE
﻿19:28:30 : Player #7 Winans disconnected
﻿19:28:53 : Player #9 Hailstorm disconnected
﻿19:29:41 : RCon admin #2: (Global) ADMINS: LWB AND SIERRA | VISIT THE WEBSITE SURVIVALIST-DAYZ.COM
﻿19:37:12 : Player #6 Lirox disconnected
﻿19:39:32 : Player #4 Sebastian disconnected
﻿19:43:41 : RCon admin #2: (Global) BASES MUST BE MAINTAINED VIA THE PLOT POLE EVERY 7 DAYS!! VEHICLES MUST BE USED EVERY 3 DAYS!!
﻿19:44:07 : Player #1 Will disconnected
﻿19:44:28 : RCon admin #3 (86.133.162.23:49477) logged in
﻿19:47:51 : Player #1 NEGAN (194.135.16.42:3302) connected
﻿19:47:52 : Player #1 NEGAN - GUID: 4d5241c1fd33ddbc9dd8fc236fbc1edd (unverified)
﻿19:47:53 : Verified GUID (4d5241c1fd33ddbc9dd8fc236fbc1edd) of player #1 NEGAN
﻿19:47:53 : Player #1 NEGAN - Legacy GUID: c900ba533f5f2e1347e26f45aad72197
﻿19:48:41 : RCon admin #2: (Global) NO SQUAD XML: ENGLISH ONLY IN SIDE CHAT: VEHICLES AND GEAR CAN BE STOLEN ANYWHERE
﻿19:48:46 : Player #4 Cochice (193.106.163.67:27258) connected
﻿19:48:47 : Player #4 Cochice - GUID: e520188ccc08413e0987fb0a4d9310f5 (unverified)
﻿19:48:48 : Player #4 Cochice - Legacy GUID: d2647f97bad154c8c5ddd1d4bc02169c
﻿19:48:48 : Verified GUID (e520188ccc08413e0987fb0a4d9310f5) of player #4 Cochice
﻿19:51:18 : Player #6 Turmoil (85.164.44.228:3302) connected
﻿19:51:19 : Player #6 Turmoil - GUID: 078d3175e22fad797d9a152aaaa83806 (unverified)
﻿19:51:20 : Verified GUID (078d3175e22fad797d9a152aaaa83806) of player #6 Turmoil
﻿19:51:20 : Player #6 Turmoil - Legacy GUID: 153330a3c1eb9ccf7092e322ab07ebb0
﻿19:51:42 : RCon admin #4 (86.133.162.23:60278) logged in
﻿19:54:41 : RCon admin #2: (Global) Server will restart in 10 minutes
﻿19:56:24 : RCon admin #3 (86.133.162.23:54026) logged in
﻿19:56:25 : RCon admin #1: (Global) LWB: pfft, newb.. I have over 5000 xD
﻿19:57:30 : Player #5 Freedom disconnected
﻿19:57:38 : Player #3 userpc disconnected
﻿19:57:54 : Player #2 Vladi disconnected
﻿19:58:02 : RCon admin #1: (Global) LWB: 2die4 was playing dayz before the zombie apocalypse :D
﻿19:59:12 : Player #8 Arne disconnected
﻿19:59:37 : Player #2 Peasant (86.133.162.23:2304) connected
﻿19:59:39 : Player #2 Peasant - GUID: bc07c7c39c76cf95a7a434d686d9df66 (unverified)
﻿19:59:39 : Player #2 Peasant - Legacy GUID: 977383e15b6c706cac44ca953ba440c7
﻿19:59:40 : Verified GUID (bc07c7c39c76cf95a7a434d686d9df66) of player #2 Peasant
﻿19:59:42 : RCon admin #2: (Global) ADMINS: LWB AND SIERRA | VISIT THE WEBSITE SURVIVALIST-DAYZ.COM
﻿19:59:42 : RCon admin #2: (Global) Server will restart in 5 minutes: Prepare to Logout
﻿20:02:42 : RCon admin #2: (Global) The Server is about to restart. LOG OUT NOW OR YOUR GEAR MAY BE LOST!!
﻿20:03:05 : Player #0 2DIE4 disconnected
﻿20:03:25 : Player #4 Cochice disconnected
﻿20:03:53 : Player #2 Peasant disconnected
﻿20:04:08 : Player #6 Turmoil disconnected
﻿20:04:11 : RCon admin #2: (Global) YOU SHOULD BE LOGGED OUT BY NOW! IF YOU ARENT YOU WILL BE AUTO KICKED AND YOUR GEAR MAY BE LOST! NO REFUNDS!
﻿20:04:23 : Player #1 NEGAN disconnected
﻿20:05:15 : Rcon client logging in
﻿20:05:15 : RCon admin #4 (78.31.67.100:55463) logged in
﻿20:05:28 : Player #0 Turmoil (85.164.44.228:3302) connected
﻿20:05:29 : Player #0 Turmoil - GUID: 078d3175e22fad797d9a152aaaa83806 (unverified)
﻿20:05:30 : Verified GUID (078d3175e22fad797d9a152aaaa83806) of player #0 Turmoil
﻿20:05:30 : Player #0 Turmoil - Legacy GUID: 153330a3c1eb9ccf7092e322ab07ebb0
﻿20:05:46 : Player #1 Peasant (86.133.162.23:2304) connected
﻿20:05:47 : Player #1 Peasant - GUID: bc07c7c39c76cf95a7a434d686d9df66 (unverified)
﻿20:05:48 : Verified GUID (bc07c7c39c76cf95a7a434d686d9df66) of player #1 Peasant
﻿20:05:48 : Player #1 Peasant - Legacy GUID: 977383e15b6c706cac44ca953ba440c7
﻿20:06:10 : RCon admin #5 (86.133.162.23:51842) logged in
﻿20:06:20 : Player #2 Digupherbones (86.133.162.23:1026) connected
﻿20:06:21 : Player #2 Digupherbones - GUID: 6f7cdbb1e69bf4eb8b32fb87af0a3dcc (unverified)
﻿20:06:22 : Verified GUID (6f7cdbb1e69bf4eb8b32fb87af0a3dcc) of player #2 Digupherbones
﻿20:06:22 : Player #2 Digupherbones - Owner GUID: d5a7a204223d483926d292f4255aa428
﻿20:06:22 : Player #2 Digupherbones - Legacy GUID: 81e5f276acb3bd8401df80e28c6291a7
﻿20:06:35 : Player #3 2DIE4 (84.130.106.88:3302) connected
﻿20:06:36 : Player #3 2DIE4 - GUID: 97b8e8b63e4439b2b62c99dde2b8b8a1 (unverified)
﻿20:06:37 : Verified GUID (97b8e8b63e4439b2b62c99dde2b8b8a1) of player #3 2DIE4
﻿20:06:37 : Player #3 2DIE4 - Legacy GUID: e56dc54c0a6d92faa8a284d7c54bffab
﻿20:06:42 : Player #4 Cochice (193.106.163.67:27258) connected
﻿20:06:43 : Player #4 Cochice - GUID: e520188ccc08413e0987fb0a4d9310f5 (unverified)
﻿20:06:44 : Verified GUID (e520188ccc08413e0987fb0a4d9310f5) of player #4 Cochice
﻿20:06:44 : Player #4 Cochice - Legacy GUID: d2647f97bad154c8c5ddd1d4bc02169c
﻿20:07:24 : Player #5 NEGAN (194.135.16.42:3302) connected
﻿20:07:25 : Player #5 NEGAN - GUID: 4d5241c1fd33ddbc9dd8fc236fbc1edd (unverified)
﻿20:07:25 : Verified GUID (4d5241c1fd33ddbc9dd8fc236fbc1edd) of player #5 NEGAN
﻿20:07:26 : Player #5 NEGAN - Legacy GUID: c900ba533f5f2e1347e26f45aad72197
﻿20:19:15 : RCon admin #4: (Global) NO SQUAD XML: ENGLISH ONLY IN SIDE CHAT: VEHICLES AND GEAR CAN BE STOLEN ANYWHERE
﻿20:30:15 : RCon admin #4: (Global) ADMINS: LWB AND SIERRA | VISIT THE WEBSITE SURVIVALIST-DAYZ.COM
﻿20:44:15 : RCon admin #4: (Global) BASES MUST BE MAINTAINED VIA THE PLOT POLE EVERY 7 DAYS!! VEHICLES MUST BE USED EVERY 3 DAYS!!
﻿20:49:15 : RCon admin #4: (Global) NO SQUAD XML: ENGLISH ONLY IN SIDE CHAT: VEHICLES AND GEAR CAN BE STOLEN ANYWHERE
﻿20:52:34 : RCon admin #2 (86.133.162.23:54259) logged in
﻿20:52:35 : RCon admin #6 (86.133.162.23:58549) logged in
﻿21:00:15 : RCon admin #4: (Global) ADMINS: LWB AND SIERRA | VISIT THE WEBSITE SURVIVALIST-DAYZ.COM
﻿21:01:09 : Player #5 NEGAN (4d5241c1fd33ddbc9dd8fc236fbc1edd) has been kicked by BattlEye: Client not responding
﻿21:04:25 : Player #5 NEGAN (194.135.16.42:3302) connected
﻿21:04:26 : Player #5 NEGAN - GUID: 4d5241c1fd33ddbc9dd8fc236fbc1edd (unverified)
﻿21:04:27 : Verified GUID (4d5241c1fd33ddbc9dd8fc236fbc1edd) of player #5 NEGAN
﻿21:04:27 : Player #5 NEGAN - Legacy GUID: c900ba533f5f2e1347e26f45aad72197
﻿21:08:17 : Player #5 NEGAN (4d5241c1fd33ddbc9dd8fc236fbc1edd) has been kicked by BattlEye: Client not responding
﻿21:11:17 : Player #4 Cochice disconnected
﻿21:14:15 : RCon admin #4: (Global) BASES MUST BE MAINTAINED VIA THE PLOT POLE EVERY 7 DAYS!! VEHICLES MUST BE USED EVERY 3 DAYS!!
﻿21:19:15 : RCon admin #4: (Global) NO SQUAD XML: ENGLISH ONLY IN SIDE CHAT: VEHICLES AND GEAR CAN BE STOLEN ANYWHERE
﻿21:30:15 : RCon admin #4: (Global) ADMINS: LWB AND SIERRA | VISIT THE WEBSITE SURVIVALIST-DAYZ.COM
﻿21:32:26 : Player #4 Sanchez (95.54.167.124:3302) connected
﻿21:32:27 : Player #4 Sanchez - GUID: 6673198a0e78e290e626ab726e73a11c (unverified)
﻿21:32:28 : Verified GUID (6673198a0e78e290e626ab726e73a11c) of player #4 Sanchez
﻿21:32:28 : Player #4 Sanchez - Legacy GUID: cc14a9fdf1879de528883529e74ffb14
﻿21:41:52 : Player #4 Sanchez disconnected
﻿21:44:15 : RCon admin #4: (Global) BASES MUST BE MAINTAINED VIA THE PLOT POLE EVERY 7 DAYS!! VEHICLES MUST BE USED EVERY 3 DAYS!!
﻿21:49:15 : RCon admin #4: (Global) NO SQUAD XML: ENGLISH ONLY IN SIDE CHAT: VEHICLES AND GEAR CAN BE STOLEN ANYWHERE
﻿21:53:20 : Player #4 Doriny (95.65.38.9:3302) connected
﻿21:53:21 : Player #4 Doriny - GUID: 758d222f75a434723f89f12ce31ede21 (unverified)
﻿21:53:22 : Verified GUID (758d222f75a434723f89f12ce31ede21) of player #4 Doriny
﻿21:53:22 : Player #4 Doriny - Legacy GUID: 91a3f73c8f47a727597bca7cc2f2d115
﻿21:57:32 : Player #4 Doriny disconnected
﻿22:00:16 : RCon admin #4: (Global) ADMINS: LWB AND SIERRA | VISIT THE WEBSITE SURVIVALIST-DAYZ.COM
﻿22:05:16 : Player #4 PipPip (67.163.228.78:3302) connected
﻿22:05:17 : Player #4 PipPip - GUID: f7c659ce8b8bcb5c87f848df5c2acf60 (unverified)
﻿22:05:18 : Verified GUID (f7c659ce8b8bcb5c87f848df5c2acf60) of player #4 PipPip
﻿22:05:18 : Player #4 PipPip - Owner GUID: d914524b62ce2e7519101a8f4afcac76
﻿22:05:18 : Player #4 PipPip - Legacy GUID: 060586b727f6b7cb669a9f131739e807
﻿22:05:31 : Player #4 PipPip disconnected
﻿22:14:16 : RCon admin #4: (Global) BASES MUST BE MAINTAINED VIA THE PLOT POLE EVERY 7 DAYS!! VEHICLES MUST BE USED EVERY 3 DAYS!!
﻿22:19:15 : RCon admin #4: (Global) NO SQUAD XML: ENGLISH ONLY IN SIDE CHAT: VEHICLES AND GEAR CAN BE STOLEN ANYWHERE
﻿22:19:49 : Player #4 [NG2] Jesse (145.133.183.236:3302) connected
﻿22:19:50 : Player #4 [NG2] Jesse - GUID: 1f7a31a6c97ae9822a9e4dcb3de0e9a0 (unverified)
﻿22:19:51 : Player #4 [NG2] Jesse - Legacy GUID: aa29d15133c89f949e71190836ad19cb
﻿22:19:53 : Verified GUID (1f7a31a6c97ae9822a9e4dcb3de0e9a0) of player #4 [NG2] Jesse
﻿22:22:12 : Player #2 Digupherbones disconnected
﻿22:23:16 : Player #1 Peasant disconnected
﻿22:25:16 : RCon admin #4: (Global) Server will restart in 10 minutes
﻿22:28:58 : Player #3 2DIE4 disconnected
﻿22:29:42 : Player #1 PipPip (67.163.228.78:3302) connected
﻿22:29:43 : Player #1 PipPip - GUID: f7c659ce8b8bcb5c87f848df5c2acf60 (unverified)
﻿22:29:44 : Verified GUID (f7c659ce8b8bcb5c87f848df5c2acf60) of player #1 PipPip
﻿22:29:44 : Player #1 PipPip - Owner GUID: d914524b62ce2e7519101a8f4afcac76
﻿22:29:44 : Player #1 PipPip - Legacy GUID: 060586b727f6b7cb669a9f131739e807
﻿22:30:16 : RCon admin #4: (Global) ADMINS: LWB AND SIERRA | VISIT THE WEBSITE SURVIVALIST-DAYZ.COM
﻿22:30:16 : RCon admin #4: (Global) Server will restart in 5 minutes: Prepare to Logout
﻿22:30:44 : RCon admin #1 (86.133.162.23:50563) logged in
﻿22:31:55 : Player #0 Turmoil disconnected
﻿22:33:16 : RCon admin #4: (Global) The Server is about to restart. LOG OUT NOW OR YOUR GEAR MAY BE LOST!!
﻿22:33:24 : Player #1 PipPip disconnected
﻿22:33:39 : Player #4 [NG2] Jesse disconnected
﻿22:34:45 : RCon admin #4: (Global) YOU SHOULD BE LOGGED OUT BY NOW! IF YOU ARENT YOU WILL BE AUTO KICKED AND YOUR GEAR MAY BE LOST! NO REFUNDS!
﻿22:35:49 : Rcon client logging in
﻿22:35:49 : RCon admin #4 (78.31.67.100:52602) logged in
﻿22:35:50 : Player #0 Turmoil - GUID: 078d3175e22fad797d9a152aaaa83806 (unverified)
﻿22:35:51 : Player #0 Turmoil - Legacy GUID: 153330a3c1eb9ccf7092e322ab07ebb0
﻿22:35:53 : Verified GUID (078d3175e22fad797d9a152aaaa83806) of player #0 Turmoil
﻿22:35:58 : Player #1 willi (46.59.255.194:63038) connected
﻿22:35:59 : Player #1 willi - GUID: 415117d21e0cc4bd4ad168345c1a0439 (unverified)
﻿22:36:00 : Player #1 willi - Legacy GUID: 13c900257215747b9a38385d10e4de53
﻿22:36:00 : Verified GUID (415117d21e0cc4bd4ad168345c1a0439) of player #1 willi
﻿22:36:49 : Player #2 [NG2] Jesse (145.133.183.236:3302) connected
﻿22:36:50 : Player #2 [NG2] Jesse - GUID: 1f7a31a6c97ae9822a9e4dcb3de0e9a0 (unverified)
﻿22:36:51 : Verified GUID (1f7a31a6c97ae9822a9e4dcb3de0e9a0) of player #2 [NG2] Jesse
﻿22:36:51 : Player #2 [NG2] Jesse - Legacy GUID: aa29d15133c89f949e71190836ad19cb
﻿22:39:44 : RCon admin #5 (86.133.162.23:54297) logged in
﻿22:40:14 : RCon admin #1 (86.133.162.23:54298) logged in
﻿22:42:14 : RCon admin #5 (86.133.162.23:54299) logged in
﻿22:42:59 : RCon admin #1 (86.133.162.23:54300) logged in
﻿22:43:42 : Player #3 PipPip (67.163.228.78:3302) connected
﻿22:43:43 : Player #3 PipPip - GUID: f7c659ce8b8bcb5c87f848df5c2acf60 (unverified)
﻿22:43:44 : Verified GUID (f7c659ce8b8bcb5c87f848df5c2acf60) of player #3 PipPip
﻿22:43:44 : Player #3 PipPip - Owner GUID: d914524b62ce2e7519101a8f4afcac76
﻿22:43:44 : Player #3 PipPip - Legacy GUID: 060586b727f6b7cb669a9f131739e807
﻿22:44:44 : RCon admin #5 (86.133.162.23:62897) logged in
﻿22:47:29 : RCon admin #1 (86.133.162.23:61495) logged in
﻿22:49:49 : RCon admin #4: (Global) NO SQUAD XML: ENGLISH ONLY IN SIDE CHAT: VEHICLES AND GEAR CAN BE STOLEN ANYWHERE
﻿22:50:14 : RCon admin #5 (86.133.162.23:61496) logged in
﻿22:55:04 : RCon admin #1 (86.133.162.23:61497) logged in
﻿22:55:59 : RCon admin #5 (86.133.162.23:61498) logged in
﻿22:56:46 : Player #3 PipPip disconnected
﻿22:57:24 : RCon admin #1 (86.133.162.23:61502) logged in
﻿22:58:02 : RCon admin #5 (86.133.162.23:64380) logged in
﻿22:58:29 : RCon admin #1 (86.133.162.23:64381) logged in
﻿22:58:51 : RCon admin #5 (86.133.162.23:64382) logged in
﻿23:00:40 : RCon admin #1 (86.133.162.23:59906) logged in
﻿23:00:49 : RCon admin #4: (Global) ADMINS: LWB AND SIERRA | VISIT THE WEBSITE SURVIVALIST-DAYZ.COM
﻿23:01:14 : RCon admin #5 (86.133.162.23:59907) logged in
﻿23:02:35 : RCon admin #1 (86.133.162.23:59908) logged in
﻿23:14:48 : Player #3 Freedom (173.85.71.79:2304) connected
﻿23:14:49 : Player #3 Freedom - GUID: 32974eed83d84dab3c6a86016f1a1d12 (unverified)
﻿23:14:49 : RCon admin #4: (Global) BASES MUST BE MAINTAINED VIA THE PLOT POLE EVERY 7 DAYS!! VEHICLES MUST BE USED EVERY 3 DAYS!!
﻿23:14:50 : Verified GUID (32974eed83d84dab3c6a86016f1a1d12) of player #3 Freedom
﻿23:14:50 : Player #3 Freedom - Legacy GUID: 97a8c85ef5bf1164b1deba8cac447118
﻿23:19:49 : RCon admin #4: (Global) NO SQUAD XML: ENGLISH ONLY IN SIDE CHAT: VEHICLES AND GEAR CAN BE STOLEN ANYWHERE
﻿23:30:49 : RCon admin #4: (Global) ADMINS: LWB AND SIERRA | VISIT THE WEBSITE SURVIVALIST-DAYZ.COM
﻿23:41:55 : Player #1 willi disconnected
﻿23:44:49 : RCon admin #4: (Global) BASES MUST BE MAINTAINED VIA THE PLOT POLE EVERY 7 DAYS!! VEHICLES MUST BE USED EVERY 3 DAYS!!
﻿23:49:49 : RCon admin #4: (Global) NO SQUAD XML: ENGLISH ONLY IN SIDE CHAT: VEHICLES AND GEAR CAN BE STOLEN ANYWHERE
﻿23:55:31 : RCon admin #5 (86.133.162.23:50731) logged in
﻿23:56:31 : RCon admin #1 (86.133.162.23:50732) logged in
