00:04:02 : Player #4 MeGa_Koffiepot (83.134.83.11:35692) connected
﻿00:04:03 : Player #4 MeGa_Koffiepot disconnected
﻿00:05:40 : RCon admin #4: (Global) NO SQUAD XML: ENGLISH ONLY IN SIDE CHAT: VEHICLES AND GEAR CAN BE STOLEN ANYWHERE
﻿00:16:40 : RCon admin #4: (Global) ADMINS: LWB AND SIERRA | VISIT THE WEBSITE FOR DONATION PERKS | SURVIVALIST-DAYZ.COM
﻿00:23:47 : RCon admin #5 (86.162.43.39:62223) logged in
﻿00:30:41 : RCon admin #4: (Global) BASES MUST BE MAINTAINED VIA THE PLOT POLE EVERY 7 DAYS!!
﻿00:35:41 : RCon admin #4: (Global) NO SQUAD XML: ENGLISH ONLY IN SIDE CHAT: VEHICLES AND GEAR CAN BE STOLEN ANYWHERE
﻿00:37:48 : RCon admin #1 (86.162.43.39:58815) logged in
﻿00:45:00 : Player #1 Turmoil disconnected
﻿00:45:35 : Player #2 [NG2] Jesse disconnected
﻿00:46:41 : RCon admin #4: (Global) ADMINS: LWB AND SIERRA | VISIT THE WEBSITE FOR DONATION PERKS | SURVIVALIST-DAYZ.COM
﻿00:46:46 : Player #1 freedom (173.85.71.79:2304) connected
﻿00:46:48 : Player #1 freedom - GUID: 32974eed83d84dab3c6a86016f1a1d12 (unverified)
﻿00:46:48 : Verified GUID (32974eed83d84dab3c6a86016f1a1d12) of player #1 freedom
﻿00:46:49 : Player #1 freedom - Legacy GUID: 97a8c85ef5bf1164b1deba8cac447118
﻿00:48:02 : Player #1 freedom (32974eed83d84dab3c6a86016f1a1d12) has been kicked by BattlEye: Ping too high (1063)
﻿00:49:33 : RCon admin #5 (86.162.43.39:53270) logged in
﻿01:00:41 : RCon admin #4: (Global) BASES MUST BE MAINTAINED VIA THE PLOT POLE EVERY 7 DAYS!!
﻿01:05:41 : RCon admin #4: (Global) NO SQUAD XML: ENGLISH ONLY IN SIDE CHAT: VEHICLES AND GEAR CAN BE STOLEN ANYWHERE
﻿01:16:23 : Player #1 John (85.75.201.167:3302) connected
﻿01:16:24 : Player #1 John - GUID: 94339c8a5031afd874c950202d7acb01 (unverified)
﻿01:16:25 : Verified GUID (94339c8a5031afd874c950202d7acb01) of player #1 John
﻿01:16:25 : Player #1 John - Legacy GUID: da2f6edaf4ab9038514d692bec365139
﻿01:16:41 : RCon admin #4: (Global) ADMINS: LWB AND SIERRA | VISIT THE WEBSITE FOR DONATION PERKS | SURVIVALIST-DAYZ.COM
﻿01:29:29 : RCon admin #1 (86.162.43.39:55936) logged in
﻿01:30:41 : RCon admin #4: (Global) BASES MUST BE MAINTAINED VIA THE PLOT POLE EVERY 7 DAYS!!
﻿01:34:04 : RCon admin #5 (86.162.43.39:55937) logged in
﻿01:35:40 : Player #0 KZEEBEX disconnected
﻿01:35:41 : RCon admin #4: (Global) NO SQUAD XML: ENGLISH ONLY IN SIDE CHAT: VEHICLES AND GEAR CAN BE STOLEN ANYWHERE
﻿01:38:55 : Player #0 2DIE4 (84.130.106.88:3302) connected
﻿01:38:57 : Player #0 2DIE4 - GUID: 97b8e8b63e4439b2b62c99dde2b8b8a1 (unverified)
﻿01:38:57 : Verified GUID (97b8e8b63e4439b2b62c99dde2b8b8a1) of player #0 2DIE4
﻿01:38:57 : Player #0 2DIE4 - Legacy GUID: e56dc54c0a6d92faa8a284d7c54bffab
﻿01:46:41 : RCon admin #4: (Global) ADMINS: LWB AND SIERRA | VISIT THE WEBSITE FOR DONATION PERKS | SURVIVALIST-DAYZ.COM
﻿02:00:41 : RCon admin #4: (Global) BASES MUST BE MAINTAINED VIA THE PLOT POLE EVERY 7 DAYS!!
﻿02:05:40 : RCon admin #4: (Global) NO SQUAD XML: ENGLISH ONLY IN SIDE CHAT: VEHICLES AND GEAR CAN BE STOLEN ANYWHERE
﻿02:11:41 : RCon admin #4: (Global) Server will restart in 10 minutes
﻿02:16:41 : RCon admin #4: (Global) ADMINS: LWB AND SIERRA | VISIT THE WEBSITE FOR DONATION PERKS | SURVIVALIST-DAYZ.COM
﻿02:16:41 : RCon admin #4: (Global) Server will restart in 5 minutes: Prepare to Logout
﻿02:17:19 : Player #1 John disconnected
﻿02:19:41 : RCon admin #4: (Global) The Server is about to restart. LOG OUT NOW OR YOUR GEAR MAY BE LOST!!
﻿02:20:29 : Player #0 2DIE4 disconnected
﻿02:21:10 : RCon admin #4: (Global) YOU SHOULD BE LOGGED OUT BY NOW! IF YOU ARENT YOU WILL BE AUTO KICKED AND YOUR GEAR MAY BE LOST! NO REFUNDS!
﻿02:22:14 : Rcon client logging in
﻿02:22:14 : RCon admin #4 (78.31.67.100:55905) logged in
﻿02:22:21 : Player #0 2DIE4 (84.130.106.88:3302) connected
﻿02:22:22 : Player #0 2DIE4 - GUID: 97b8e8b63e4439b2b62c99dde2b8b8a1 (unverified)
﻿02:22:22 : Verified GUID (97b8e8b63e4439b2b62c99dde2b8b8a1) of player #0 2DIE4
﻿02:22:23 : Player #0 2DIE4 - Legacy GUID: e56dc54c0a6d92faa8a284d7c54bffab
﻿02:23:41 : Player #1 Faldehals (94.219.213.167:3302) connected
﻿02:23:42 : Player #1 Faldehals - GUID: e2dfd1a22f76dbc861d8a2c62272e0a2 (unverified)
﻿02:23:43 : Verified GUID (e2dfd1a22f76dbc861d8a2c62272e0a2) of player #1 Faldehals
﻿02:23:43 : Player #1 Faldehals - Legacy GUID: 7fb497ad8af0eff5840c19924878df22
﻿02:36:14 : RCon admin #4: (Global) NO SQUAD XML: ENGLISH ONLY IN SIDE CHAT: VEHICLES AND GEAR CAN BE STOLEN ANYWHERE
﻿02:47:14 : RCon admin #4: (Global) ADMINS: LWB AND SIERRA | VISIT THE WEBSITE FOR DONATION PERKS | SURVIVALIST-DAYZ.COM
﻿03:01:14 : RCon admin #4: (Global) BASES MUST BE MAINTAINED VIA THE PLOT POLE EVERY 7 DAYS!!
﻿03:02:23 : Player #2 freedom (173.85.71.79:2304) connected
﻿03:02:24 : Player #2 freedom - GUID: 32974eed83d84dab3c6a86016f1a1d12 (unverified)
﻿03:02:24 : Verified GUID (32974eed83d84dab3c6a86016f1a1d12) of player #2 freedom
﻿03:02:25 : Player #2 freedom - Legacy GUID: 97a8c85ef5bf1164b1deba8cac447118
﻿03:06:14 : RCon admin #4: (Global) NO SQUAD XML: ENGLISH ONLY IN SIDE CHAT: VEHICLES AND GEAR CAN BE STOLEN ANYWHERE
﻿03:06:36 : Player #2 freedom (32974eed83d84dab3c6a86016f1a1d12) has been kicked by BattlEye: Ping too high (469)
﻿03:07:43 : Could not connect to BE Master
﻿03:07:43 : Update attempt failed
﻿03:10:04 : Failed to receive from BE Master (2)
﻿03:10:04 : Update attempt failed
﻿03:17:14 : RCon admin #4: (Global) ADMINS: LWB AND SIERRA | VISIT THE WEBSITE FOR DONATION PERKS | SURVIVALIST-DAYZ.COM
﻿03:31:14 : RCon admin #4: (Global) BASES MUST BE MAINTAINED VIA THE PLOT POLE EVERY 7 DAYS!!
﻿03:36:14 : RCon admin #4: (Global) NO SQUAD XML: ENGLISH ONLY IN SIDE CHAT: VEHICLES AND GEAR CAN BE STOLEN ANYWHERE
﻿03:46:32 : Player #2 freedom (173.85.71.79:2304) connected
﻿03:46:34 : Player #2 freedom - GUID: 32974eed83d84dab3c6a86016f1a1d12 (unverified)
﻿03:46:34 : Verified GUID (32974eed83d84dab3c6a86016f1a1d12) of player #2 freedom
﻿03:46:35 : Player #2 freedom - Legacy GUID: 97a8c85ef5bf1164b1deba8cac447118
﻿03:47:14 : RCon admin #4: (Global) ADMINS: LWB AND SIERRA | VISIT THE WEBSITE FOR DONATION PERKS | SURVIVALIST-DAYZ.COM
﻿03:51:57 : Player #2 freedom disconnected
﻿03:55:46 : Player #2 freedom (173.85.71.79:2304) connected
﻿03:55:47 : Player #2 freedom - GUID: 32974eed83d84dab3c6a86016f1a1d12 (unverified)
﻿03:55:48 : Verified GUID (32974eed83d84dab3c6a86016f1a1d12) of player #2 freedom
﻿03:55:48 : Player #2 freedom - Legacy GUID: 97a8c85ef5bf1164b1deba8cac447118
﻿04:00:36 : Player #0 2DIE4 disconnected
﻿04:01:14 : RCon admin #4: (Global) BASES MUST BE MAINTAINED VIA THE PLOT POLE EVERY 7 DAYS!!
﻿04:06:14 : RCon admin #4: (Global) NO SQUAD XML: ENGLISH ONLY IN SIDE CHAT: VEHICLES AND GEAR CAN BE STOLEN ANYWHERE
﻿04:14:08 : Player #0 2DIE4 (84.130.106.88:3302) connected
﻿04:14:10 : Player #0 2DIE4 - GUID: 97b8e8b63e4439b2b62c99dde2b8b8a1 (unverified)
﻿04:14:10 : Verified GUID (97b8e8b63e4439b2b62c99dde2b8b8a1) of player #0 2DIE4
﻿04:14:11 : Player #0 2DIE4 - Legacy GUID: e56dc54c0a6d92faa8a284d7c54bffab
﻿04:17:14 : RCon admin #4: (Global) ADMINS: LWB AND SIERRA | VISIT THE WEBSITE FOR DONATION PERKS | SURVIVALIST-DAYZ.COM
﻿04:31:14 : RCon admin #4: (Global) BASES MUST BE MAINTAINED VIA THE PLOT POLE EVERY 7 DAYS!!
﻿04:36:14 : RCon admin #4: (Global) NO SQUAD XML: ENGLISH ONLY IN SIDE CHAT: VEHICLES AND GEAR CAN BE STOLEN ANYWHERE
﻿04:42:14 : RCon admin #4: (Global) Server will restart in 10 minutes
﻿04:47:14 : RCon admin #4: (Global) ADMINS: LWB AND SIERRA | VISIT THE WEBSITE FOR DONATION PERKS | SURVIVALIST-DAYZ.COM
﻿04:47:15 : RCon admin #4: (Global) Server will restart in 5 minutes: Prepare to Logout
﻿04:50:02 : Player #2 freedom disconnected
﻿04:50:14 : RCon admin #4: (Global) The Server is about to restart. LOG OUT NOW OR YOUR GEAR MAY BE LOST!!
﻿04:50:26 : Player #0 2DIE4 disconnected
﻿04:51:44 : RCon admin #4: (Global) YOU SHOULD BE LOGGED OUT BY NOW! IF YOU ARENT YOU WILL BE AUTO KICKED AND YOUR GEAR MAY BE LOST! NO REFUNDS!
﻿04:52:48 : Rcon client logging in
﻿04:52:48 : Player #0 Faldehals - Legacy GUID: 7fb497ad8af0eff5840c19924878df22
﻿04:52:48 : RCon admin #4 (78.31.67.100:56817) logged in
﻿04:54:31 : Player #1 2DIE4 (84.130.106.88:3302) connected
﻿04:54:35 : Player #1 2DIE4 - GUID: 97b8e8b63e4439b2b62c99dde2b8b8a1 (unverified)
﻿04:54:35 : Verified GUID (97b8e8b63e4439b2b62c99dde2b8b8a1) of player #1 2DIE4
﻿04:54:36 : Player #1 2DIE4 - Legacy GUID: e56dc54c0a6d92faa8a284d7c54bffab
﻿04:57:41 : Player #2 freedom (173.85.71.79:2304) connected
﻿04:57:43 : Player #2 freedom - GUID: 32974eed83d84dab3c6a86016f1a1d12 (unverified)
﻿04:57:43 : Verified GUID (32974eed83d84dab3c6a86016f1a1d12) of player #2 freedom
﻿04:57:43 : Player #2 freedom - Legacy GUID: 97a8c85ef5bf1164b1deba8cac447118
﻿05:06:48 : RCon admin #4: (Global) NO SQUAD XML: ENGLISH ONLY IN SIDE CHAT: VEHICLES AND GEAR CAN BE STOLEN ANYWHERE
﻿05:17:48 : RCon admin #4: (Global) ADMINS: LWB AND SIERRA | VISIT THE WEBSITE FOR DONATION PERKS | SURVIVALIST-DAYZ.COM
﻿05:31:48 : RCon admin #4: (Global) BASES MUST BE MAINTAINED VIA THE PLOT POLE EVERY 7 DAYS!!
﻿05:36:48 : RCon admin #4: (Global) NO SQUAD XML: ENGLISH ONLY IN SIDE CHAT: VEHICLES AND GEAR CAN BE STOLEN ANYWHERE
﻿05:47:48 : RCon admin #4: (Global) ADMINS: LWB AND SIERRA | VISIT THE WEBSITE FOR DONATION PERKS | SURVIVALIST-DAYZ.COM
﻿06:01:48 : RCon admin #4: (Global) BASES MUST BE MAINTAINED VIA THE PLOT POLE EVERY 7 DAYS!!
﻿06:06:48 : RCon admin #4: (Global) NO SQUAD XML: ENGLISH ONLY IN SIDE CHAT: VEHICLES AND GEAR CAN BE STOLEN ANYWHERE
﻿06:15:45 : Player #1 2DIE4 disconnected
﻿06:17:48 : RCon admin #4: (Global) ADMINS: LWB AND SIERRA | VISIT THE WEBSITE FOR DONATION PERKS | SURVIVALIST-DAYZ.COM
﻿06:31:48 : RCon admin #4: (Global) BASES MUST BE MAINTAINED VIA THE PLOT POLE EVERY 7 DAYS!!
﻿06:36:48 : RCon admin #4: (Global) NO SQUAD XML: ENGLISH ONLY IN SIDE CHAT: VEHICLES AND GEAR CAN BE STOLEN ANYWHERE
﻿06:40:43 : RCon admin #5 (86.162.43.39:54172) logged in
﻿06:47:48 : RCon admin #4: (Global) ADMINS: LWB AND SIERRA | VISIT THE WEBSITE FOR DONATION PERKS | SURVIVALIST-DAYZ.COM
﻿07:01:48 : RCon admin #4: (Global) BASES MUST BE MAINTAINED VIA THE PLOT POLE EVERY 7 DAYS!!
﻿07:06:48 : RCon admin #4: (Global) NO SQUAD XML: ENGLISH ONLY IN SIDE CHAT: VEHICLES AND GEAR CAN BE STOLEN ANYWHERE
﻿07:12:48 : RCon admin #4: (Global) Server will restart in 10 minutes
﻿07:17:48 : RCon admin #4: (Global) ADMINS: LWB AND SIERRA | VISIT THE WEBSITE FOR DONATION PERKS | SURVIVALIST-DAYZ.COM
﻿07:17:49 : RCon admin #4: (Global) Server will restart in 5 minutes: Prepare to Logout
﻿07:19:43 : Player #2 freedom disconnected
﻿07:20:48 : RCon admin #4: (Global) The Server is about to restart. LOG OUT NOW OR YOUR GEAR MAY BE LOST!!
﻿07:22:18 : RCon admin #4: (Global) YOU SHOULD BE LOGGED OUT BY NOW! IF YOU ARENT YOU WILL BE AUTO KICKED AND YOUR GEAR MAY BE LOST! NO REFUNDS!
﻿07:23:22 : Rcon client logging in
﻿07:23:22 : RCon admin #4 (78.31.67.100:52371) logged in
﻿07:23:38 : Player #0 Faldehals (94.219.213.167:3302) connected
﻿07:23:39 : Player #0 Faldehals - GUID: e2dfd1a22f76dbc861d8a2c62272e0a2 (unverified)
﻿07:23:40 : Verified GUID (e2dfd1a22f76dbc861d8a2c62272e0a2) of player #0 Faldehals
﻿07:23:40 : Player #0 Faldehals - Legacy GUID: 7fb497ad8af0eff5840c19924878df22
﻿07:27:06 : Player #1 freedom (173.85.71.79:2304) connected
﻿07:27:07 : Player #1 freedom - GUID: 32974eed83d84dab3c6a86016f1a1d12 (unverified)
﻿07:27:08 : Verified GUID (32974eed83d84dab3c6a86016f1a1d12) of player #1 freedom
﻿07:27:08 : Player #1 freedom - Legacy GUID: 97a8c85ef5bf1164b1deba8cac447118
﻿07:37:22 : RCon admin #4: (Global) NO SQUAD XML: ENGLISH ONLY IN SIDE CHAT: VEHICLES AND GEAR CAN BE STOLEN ANYWHERE
﻿07:48:22 : RCon admin #4: (Global) ADMINS: LWB AND SIERRA | VISIT THE WEBSITE FOR DONATION PERKS | SURVIVALIST-DAYZ.COM
﻿08:02:22 : RCon admin #4: (Global) BASES MUST BE MAINTAINED VIA THE PLOT POLE EVERY 7 DAYS!!
﻿08:07:22 : RCon admin #4: (Global) NO SQUAD XML: ENGLISH ONLY IN SIDE CHAT: VEHICLES AND GEAR CAN BE STOLEN ANYWHERE
﻿08:18:22 : RCon admin #4: (Global) ADMINS: LWB AND SIERRA | VISIT THE WEBSITE FOR DONATION PERKS | SURVIVALIST-DAYZ.COM
﻿08:32:22 : RCon admin #4: (Global) BASES MUST BE MAINTAINED VIA THE PLOT POLE EVERY 7 DAYS!!
﻿08:37:22 : RCon admin #4: (Global) NO SQUAD XML: ENGLISH ONLY IN SIDE CHAT: VEHICLES AND GEAR CAN BE STOLEN ANYWHERE
﻿08:46:10 : Player #0 Faldehals disconnected
﻿08:48:22 : RCon admin #4: (Global) ADMINS: LWB AND SIERRA | VISIT THE WEBSITE FOR DONATION PERKS | SURVIVALIST-DAYZ.COM
﻿09:01:36 : Player #0 Rassel (37.192.148.31:2302) connected
﻿09:01:38 : Player #0 Rassel - GUID: b69ea44143d49de8f692ae9e935a5f20 (unverified)
﻿09:01:38 : Verified GUID (b69ea44143d49de8f692ae9e935a5f20) of player #0 Rassel
﻿09:01:38 : Player #0 Rassel - Legacy GUID: e8ca687b74854fca2ef5b8102b6f6b54
﻿09:02:22 : RCon admin #4: (Global) BASES MUST BE MAINTAINED VIA THE PLOT POLE EVERY 7 DAYS!!
﻿09:03:43 : Player #0 Rassel disconnected
﻿09:07:22 : RCon admin #4: (Global) NO SQUAD XML: ENGLISH ONLY IN SIDE CHAT: VEHICLES AND GEAR CAN BE STOLEN ANYWHERE
﻿09:15:33 : Player #0 yavvs (88.84.181.221:3302) connected
﻿09:15:40 : Player #0 yavvs - GUID: 51aabec53b0be7fc6e83b32d8b08c7d8 (unverified)
﻿09:15:40 : Verified GUID (51aabec53b0be7fc6e83b32d8b08c7d8) of player #0 yavvs
﻿09:15:41 : Player #0 yavvs - Legacy GUID: 93f2ecec9add17c3438526fca7fc69c8
﻿09:18:22 : RCon admin #4: (Global) ADMINS: LWB AND SIERRA | VISIT THE WEBSITE FOR DONATION PERKS | SURVIVALIST-DAYZ.COM
﻿09:22:33 : Player #2 Patriks (213.110.82.122:2304) connected
﻿09:22:35 : Player #2 Patriks - GUID: 0097ee7032ce1f1873329744381ed958 (unverified)
﻿09:22:35 : Verified GUID (0097ee7032ce1f1873329744381ed958) of player #2 Patriks
﻿09:22:35 : Player #2 Patriks - Legacy GUID: d42052aefc0430ea96308cca973f1428
﻿09:29:06 : Player #0 yavvs disconnected
﻿09:30:42 : Player #1 freedom disconnected
﻿09:32:22 : RCon admin #4: (Global) BASES MUST BE MAINTAINED VIA THE PLOT POLE EVERY 7 DAYS!!
﻿09:37:22 : RCon admin #4: (Global) NO SQUAD XML: ENGLISH ONLY IN SIDE CHAT: VEHICLES AND GEAR CAN BE STOLEN ANYWHERE
﻿09:39:20 : Player #0 Turmoil (85.164.44.228:3302) connected
﻿09:39:21 : Player #0 Turmoil - GUID: 078d3175e22fad797d9a152aaaa83806 (unverified)
﻿09:39:21 : Verified GUID (078d3175e22fad797d9a152aaaa83806) of player #0 Turmoil
﻿09:39:22 : Player #0 Turmoil - Legacy GUID: 153330a3c1eb9ccf7092e322ab07ebb0
﻿09:42:40 : Player #1 Dogar (91.193.166.99:2304) connected
﻿09:42:41 : Player #1 Dogar - GUID: 258673fb8cd434f732a7f3d1e4539a98 (unverified)
﻿09:42:42 : Verified GUID (258673fb8cd434f732a7f3d1e4539a98) of player #1 Dogar
﻿09:42:42 : Player #1 Dogar - Legacy GUID: 0455a731c8dd8bb5a4450ea6d01f8dda
﻿09:43:22 : RCon admin #4: (Global) Server will restart in 10 minutes
﻿09:44:38 : Player #1 Dogar disconnected
﻿09:48:22 : RCon admin #4: (Global) ADMINS: LWB AND SIERRA | VISIT THE WEBSITE FOR DONATION PERKS | SURVIVALIST-DAYZ.COM
﻿09:48:23 : RCon admin #4: (Global) Server will restart in 5 minutes: Prepare to Logout
﻿09:51:22 : RCon admin #4: (Global) The Server is about to restart. LOG OUT NOW OR YOUR GEAR MAY BE LOST!!
﻿09:51:43 : Player #2 Patriks disconnected
﻿09:52:23 : Player #0 Turmoil disconnected
﻿09:52:52 : RCon admin #4: (Global) YOU SHOULD BE LOGGED OUT BY NOW! IF YOU ARENT YOU WILL BE AUTO KICKED AND YOUR GEAR MAY BE LOST! NO REFUNDS!
﻿09:53:56 : Rcon client logging in
﻿09:53:56 : RCon admin #4 (78.31.67.100:64855) logged in
﻿09:54:10 : Player #0 Sierra [SD] (82.35.201.180:2304) connected
﻿09:54:11 : Player #0 Sierra [SD] - GUID: d5a7a204223d483926d292f4255aa428 (unverified)
﻿09:54:11 : Verified GUID (d5a7a204223d483926d292f4255aa428) of player #0 Sierra [SD]
﻿09:54:12 : Player #0 Sierra [SD] - Legacy GUID: 81e5f276acb3bd8401df80e28c6291a7
﻿09:54:44 : Player #1 Patriks (213.110.82.122:2304) connected
﻿09:54:45 : Player #1 Patriks - GUID: 0097ee7032ce1f1873329744381ed958 (unverified)
﻿09:54:46 : Verified GUID (0097ee7032ce1f1873329744381ed958) of player #1 Patriks
﻿09:54:46 : Player #1 Patriks - Legacy GUID: d42052aefc0430ea96308cca973f1428
﻿09:54:50 : Player #2 Turmoil (85.164.44.228:3302) connected
﻿09:54:51 : Player #2 Turmoil - GUID: 078d3175e22fad797d9a152aaaa83806 (unverified)
﻿09:54:51 : Verified GUID (078d3175e22fad797d9a152aaaa83806) of player #2 Turmoil
﻿09:54:52 : Player #2 Turmoil - Legacy GUID: 153330a3c1eb9ccf7092e322ab07ebb0
﻿10:03:49 : Player #0 Sierra [SD] disconnected
﻿10:05:39 : Player #0 KZEEBEX (88.196.32.120:2304) connected
﻿10:05:40 : Player #0 KZEEBEX - GUID: 01fa97319b8120d5dc76c803f4b462e2 (unverified)
﻿10:05:41 : Verified GUID (01fa97319b8120d5dc76c803f4b462e2) of player #0 KZEEBEX
﻿10:05:41 : Player #0 KZEEBEX - Legacy GUID: a7792ab60fde4686107b4c281f094a21
﻿10:05:44 : Player #0 KZEEBEX disconnected
﻿10:06:53 : Player #0 KZEEBEX (88.196.32.120:2304) connected
﻿10:06:54 : Player #0 KZEEBEX - GUID: 01fa97319b8120d5dc76c803f4b462e2 (unverified)
﻿10:06:54 : Verified GUID (01fa97319b8120d5dc76c803f4b462e2) of player #0 KZEEBEX
﻿10:06:55 : Player #0 KZEEBEX - Legacy GUID: a7792ab60fde4686107b4c281f094a21
﻿10:07:56 : RCon admin #4: (Global) NO SQUAD XML: ENGLISH ONLY IN SIDE CHAT: VEHICLES AND GEAR CAN BE STOLEN ANYWHERE
﻿10:12:40 : RCon admin #5 (86.162.43.39:51137) logged in
﻿10:18:56 : RCon admin #4: (Global) ADMINS: LWB AND SIERRA | VISIT THE WEBSITE FOR DONATION PERKS | SURVIVALIST-DAYZ.COM
﻿10:23:46 : Player #3 Sir LongSleeves (94.213.214.56:3302) connected
﻿10:23:47 : Player #3 Sir LongSleeves - GUID: 98158632fa2959a6acbbeeb0b18f80f6 (unverified)
﻿10:23:48 : Verified GUID (98158632fa2959a6acbbeeb0b18f80f6) of player #3 Sir LongSleeves
﻿10:23:48 : Player #3 Sir LongSleeves - Legacy GUID: 60d8062a5857101f95a9a16178742f93
﻿10:32:56 : RCon admin #4: (Global) BASES MUST BE MAINTAINED VIA THE PLOT POLE EVERY 7 DAYS!!
﻿10:37:56 : RCon admin #4: (Global) NO SQUAD XML: ENGLISH ONLY IN SIDE CHAT: VEHICLES AND GEAR CAN BE STOLEN ANYWHERE
﻿10:39:36 : Player #2 Turmoil (078d3175e22fad797d9a152aaaa83806) has been kicked by BattlEye: Ping too high (468)
﻿10:40:23 : Player #2 Turmoil (85.164.44.228:3302) connected
﻿10:40:24 : Player #2 Turmoil - GUID: 078d3175e22fad797d9a152aaaa83806 (unverified)
﻿10:40:25 : Verified GUID (078d3175e22fad797d9a152aaaa83806) of player #2 Turmoil
﻿10:40:25 : Player #2 Turmoil - Legacy GUID: 153330a3c1eb9ccf7092e322ab07ebb0
﻿10:41:30 : Player #3 Sir LongSleeves disconnected
﻿10:48:56 : RCon admin #4: (Global) ADMINS: LWB AND SIERRA | VISIT THE WEBSITE FOR DONATION PERKS | SURVIVALIST-DAYZ.COM
﻿10:59:17 : Player #3 [NG2] Jesse (145.133.183.236:3302) connected
﻿10:59:18 : Player #3 [NG2] Jesse - GUID: 1f7a31a6c97ae9822a9e4dcb3de0e9a0 (unverified)
﻿10:59:18 : Verified GUID (1f7a31a6c97ae9822a9e4dcb3de0e9a0) of player #3 [NG2] Jesse
﻿10:59:19 : Player #3 [NG2] Jesse - Legacy GUID: aa29d15133c89f949e71190836ad19cb
﻿10:59:33 : Player #3 [NG2] Jesse disconnected
﻿10:59:59 : Player #3 [NG2] Jesse (145.133.183.236:3302) connected
﻿11:00:01 : Player #3 [NG2] Jesse - GUID: 1f7a31a6c97ae9822a9e4dcb3de0e9a0 (unverified)
﻿11:00:01 : Verified GUID (1f7a31a6c97ae9822a9e4dcb3de0e9a0) of player #3 [NG2] Jesse
﻿11:00:01 : Player #3 [NG2] Jesse - Legacy GUID: aa29d15133c89f949e71190836ad19cb
﻿11:02:56 : RCon admin #4: (Global) BASES MUST BE MAINTAINED VIA THE PLOT POLE EVERY 7 DAYS!!
﻿11:07:56 : RCon admin #4: (Global) NO SQUAD XML: ENGLISH ONLY IN SIDE CHAT: VEHICLES AND GEAR CAN BE STOLEN ANYWHERE
﻿11:18:56 : RCon admin #4: (Global) ADMINS: LWB AND SIERRA | VISIT THE WEBSITE FOR DONATION PERKS | SURVIVALIST-DAYZ.COM
﻿11:20:43 : Player #4 PRISMIC (195.39.192.48:3302) connected
﻿11:20:45 : Player #4 PRISMIC - GUID: c2a9b9e975c3a16bc843e3b1437182ca (unverified)
﻿11:20:46 : Verified GUID (c2a9b9e975c3a16bc843e3b1437182ca) of player #4 PRISMIC
﻿11:20:47 : Player #4 PRISMIC - Legacy GUID: 40b9483bb39fdbf38ebf22597947cee7
﻿11:23:52 : Player #4 PRISMIC disconnected
﻿11:25:10 : Player #4 PRISMIC (195.39.192.48:3302) connected
﻿11:25:11 : Player #4 PRISMIC - GUID: c2a9b9e975c3a16bc843e3b1437182ca (unverified)
﻿11:25:12 : Player #4 PRISMIC - Legacy GUID: 40b9483bb39fdbf38ebf22597947cee7
﻿11:25:12 : Verified GUID (c2a9b9e975c3a16bc843e3b1437182ca) of player #4 PRISMIC
﻿11:32:56 : RCon admin #4: (Global) BASES MUST BE MAINTAINED VIA THE PLOT POLE EVERY 7 DAYS!!
﻿11:37:56 : RCon admin #4: (Global) NO SQUAD XML: ENGLISH ONLY IN SIDE CHAT: VEHICLES AND GEAR CAN BE STOLEN ANYWHERE
﻿11:47:05 : Player #1 Patriks disconnected
﻿11:48:56 : RCon admin #4: (Global) ADMINS: LWB AND SIERRA | VISIT THE WEBSITE FOR DONATION PERKS | SURVIVALIST-DAYZ.COM
﻿11:54:07 : Player #4 PRISMIC disconnected
﻿11:54:47 : RCon admin #3 (86.162.43.39:56554) logged in
﻿11:54:50 : Player #1 PRISMIC (195.39.192.48:3302) connected
﻿11:54:51 : Player #1 PRISMIC - GUID: c2a9b9e975c3a16bc843e3b1437182ca (unverified)
﻿11:54:52 : Verified GUID (c2a9b9e975c3a16bc843e3b1437182ca) of player #1 PRISMIC
﻿11:54:52 : Player #1 PRISMIC - Legacy GUID: 40b9483bb39fdbf38ebf22597947cee7
﻿11:56:31 : Player #1 PRISMIC disconnected
﻿12:02:56 : RCon admin #4: (Global) BASES MUST BE MAINTAINED VIA THE PLOT POLE EVERY 7 DAYS!!
﻿12:04:57 : RCon admin #5 (86.162.43.39:52597) logged in
﻿12:07:56 : RCon admin #4: (Global) NO SQUAD XML: ENGLISH ONLY IN SIDE CHAT: VEHICLES AND GEAR CAN BE STOLEN ANYWHERE
﻿12:13:56 : RCon admin #4: (Global) Server will restart in 10 minutes
﻿12:17:46 : Player #1 PRISMIC (195.39.192.48:3302) connected
﻿12:17:47 : Player #1 PRISMIC - GUID: c2a9b9e975c3a16bc843e3b1437182ca (unverified)
﻿12:17:47 : Verified GUID (c2a9b9e975c3a16bc843e3b1437182ca) of player #1 PRISMIC
﻿12:17:48 : Player #1 PRISMIC - Legacy GUID: 40b9483bb39fdbf38ebf22597947cee7
﻿12:18:44 : Player #3 [NG2] Jesse disconnected
﻿12:18:56 : RCon admin #4: (Global) ADMINS: LWB AND SIERRA | VISIT THE WEBSITE FOR DONATION PERKS | SURVIVALIST-DAYZ.COM
﻿12:18:57 : RCon admin #4: (Global) Server will restart in 5 minutes: Prepare to Logout
﻿12:20:31 : Player #3 2DIE4 (84.130.106.88:3302) connected
﻿12:20:32 : Player #3 2DIE4 - GUID: 97b8e8b63e4439b2b62c99dde2b8b8a1 (unverified)
﻿12:20:33 : Verified GUID (97b8e8b63e4439b2b62c99dde2b8b8a1) of player #3 2DIE4
﻿12:20:33 : Player #3 2DIE4 - Legacy GUID: e56dc54c0a6d92faa8a284d7c54bffab
﻿12:21:56 : RCon admin #4: (Global) The Server is about to restart. LOG OUT NOW OR YOUR GEAR MAY BE LOST!!
﻿12:22:19 : Player #2 Turmoil disconnected
﻿12:22:21 : Player #1 PRISMIC disconnected
﻿12:23:12 : Player #0 KZEEBEX disconnected
﻿12:23:26 : RCon admin #4: (Global) YOU SHOULD BE LOGGED OUT BY NOW! IF YOU ARENT YOU WILL BE AUTO KICKED AND YOUR GEAR MAY BE LOST! NO REFUNDS!
﻿12:24:30 : Rcon client logging in
﻿12:24:30 : RCon admin #4 (78.31.67.100:53158) logged in
﻿12:24:51 : Player #0 PRISMIC (195.39.192.48:3302) connected
﻿12:24:52 : Player #0 PRISMIC - GUID: c2a9b9e975c3a16bc843e3b1437182ca (unverified)
﻿12:24:52 : Verified GUID (c2a9b9e975c3a16bc843e3b1437182ca) of player #0 PRISMIC
﻿12:24:53 : Player #0 PRISMIC - Legacy GUID: 40b9483bb39fdbf38ebf22597947cee7
﻿12:25:19 : Player #1 Turmoil (85.164.44.228:3302) connected
﻿12:25:20 : Player #1 Turmoil - GUID: 078d3175e22fad797d9a152aaaa83806 (unverified)
﻿12:25:21 : Verified GUID (078d3175e22fad797d9a152aaaa83806) of player #1 Turmoil
﻿12:25:21 : Player #1 Turmoil - Legacy GUID: 153330a3c1eb9ccf7092e322ab07ebb0
﻿12:26:12 : Player #2 [NG2] Jesse (145.133.183.236:3302) connected
﻿12:26:13 : Player #2 [NG2] Jesse - GUID: 1f7a31a6c97ae9822a9e4dcb3de0e9a0 (unverified)
﻿12:26:13 : Verified GUID (1f7a31a6c97ae9822a9e4dcb3de0e9a0) of player #2 [NG2] Jesse
﻿12:26:14 : Player #2 [NG2] Jesse - Legacy GUID: aa29d15133c89f949e71190836ad19cb
﻿12:26:26 : Player #0 PRISMIC disconnected
﻿12:26:58 : Player #0 PRISMIC (195.39.192.48:3302) connected
﻿12:26:59 : Player #0 PRISMIC - GUID: c2a9b9e975c3a16bc843e3b1437182ca (unverified)
﻿12:26:59 : Verified GUID (c2a9b9e975c3a16bc843e3b1437182ca) of player #0 PRISMIC
﻿12:27:00 : Player #0 PRISMIC - Legacy GUID: 40b9483bb39fdbf38ebf22597947cee7
﻿12:27:06 : Player #3 KZEEBEX (88.196.32.120:2304) connected
﻿12:27:07 : Player #3 KZEEBEX - GUID: 01fa97319b8120d5dc76c803f4b462e2 (unverified)
﻿12:27:07 : Verified GUID (01fa97319b8120d5dc76c803f4b462e2) of player #3 KZEEBEX
﻿12:27:08 : Player #3 KZEEBEX - Legacy GUID: a7792ab60fde4686107b4c281f094a21
﻿12:29:59 : Player #4 2DIE4 (84.130.106.88:3302) connected
﻿12:30:00 : Player #4 2DIE4 - GUID: 97b8e8b63e4439b2b62c99dde2b8b8a1 (unverified)
﻿12:30:01 : Verified GUID (97b8e8b63e4439b2b62c99dde2b8b8a1) of player #4 2DIE4
﻿12:30:01 : Player #4 2DIE4 - Legacy GUID: e56dc54c0a6d92faa8a284d7c54bffab
﻿12:35:02 : Player #0 PRISMIC disconnected
﻿12:38:30 : RCon admin #4: (Global) NO SQUAD XML: ENGLISH ONLY IN SIDE CHAT: VEHICLES AND GEAR CAN BE STOLEN ANYWHERE
﻿12:41:42 : Player #0 Sir LongSleeves (94.213.214.56:3302) connected
﻿12:41:43 : Player #0 Sir LongSleeves - GUID: 98158632fa2959a6acbbeeb0b18f80f6 (unverified)
﻿12:41:44 : Verified GUID (98158632fa2959a6acbbeeb0b18f80f6) of player #0 Sir LongSleeves
﻿12:41:44 : Player #0 Sir LongSleeves - Legacy GUID: 60d8062a5857101f95a9a16178742f93
﻿12:47:54 : Player #5 Asus (91.93.52.243:30544) connected
﻿12:47:56 : Player #5 Asus - GUID: 2bae89db10c19c5664cf4debb2da9391 (unverified)
﻿12:47:56 : Player #5 Asus - Legacy GUID: 1ba12a2a3c095b435305952571bc39ec
﻿12:47:57 : Verified GUID (2bae89db10c19c5664cf4debb2da9391) of player #5 Asus
﻿12:49:07 : Player #6 PRISMIC (195.39.192.48:3302) connected
﻿12:49:09 : Player #6 PRISMIC - GUID: c2a9b9e975c3a16bc843e3b1437182ca (unverified)
﻿12:49:09 : Player #6 PRISMIC - Legacy GUID: 40b9483bb39fdbf38ebf22597947cee7
﻿12:49:09 : Verified GUID (c2a9b9e975c3a16bc843e3b1437182ca) of player #6 PRISMIC
﻿12:49:30 : RCon admin #4: (Global) ADMINS: LWB AND SIERRA | VISIT THE WEBSITE FOR DONATION PERKS | SURVIVALIST-DAYZ.COM
﻿12:52:39 : Player #0 Sir LongSleeves disconnected
﻿12:55:29 : Player #0 Sir LongSleeves (94.213.214.56:3302) connected
﻿12:55:31 : Player #0 Sir LongSleeves - GUID: 98158632fa2959a6acbbeeb0b18f80f6 (unverified)
﻿12:55:32 : Verified GUID (98158632fa2959a6acbbeeb0b18f80f6) of player #0 Sir LongSleeves
﻿12:55:33 : Player #0 Sir LongSleeves - Legacy GUID: 60d8062a5857101f95a9a16178742f93
﻿12:58:30 : Player #0 Sir LongSleeves disconnected
﻿12:58:31 : Player #6 PRISMIC disconnected
﻿13:00:11 : Player #0 Paul (79.95.1.64:3302) connected
﻿13:00:13 : Player #0 Paul - GUID: 121fdb8d6f91480138f854c8d10e8b64 (unverified)
﻿13:00:13 : Verified GUID (121fdb8d6f91480138f854c8d10e8b64) of player #0 Paul
﻿13:00:13 : Player #0 Paul - Legacy GUID: 99d7743dc085ee1f119244b9aec57a5b
﻿13:03:30 : RCon admin #4: (Global) BASES MUST BE MAINTAINED VIA THE PLOT POLE EVERY 7 DAYS!!
﻿13:07:19 : RCon admin #5 (86.162.43.39:61464) logged in
﻿13:07:44 : RCon admin #3 (86.162.43.39:61465) logged in
﻿13:08:30 : RCon admin #4: (Global) NO SQUAD XML: ENGLISH ONLY IN SIDE CHAT: VEHICLES AND GEAR CAN BE STOLEN ANYWHERE
﻿13:09:59 : RCon admin #5 (86.162.43.39:61466) logged in
﻿13:10:29 : RCon admin #3 (86.162.43.39:61467) logged in
﻿13:12:23 : No Valid response. Trying to reconnect.!
﻿13:12:23 : Rcon client logging in
﻿13:12:23 : RCon admin #4 (78.31.67.100:53158) logged in
﻿13:13:14 : RCon admin #5 (86.162.43.39:54181) logged in
﻿13:16:29 : Player #6 Sir LongSleeves (94.213.214.56:3302) connected
﻿13:16:30 : Player #6 Sir LongSleeves - GUID: 98158632fa2959a6acbbeeb0b18f80f6 (unverified)
﻿13:16:31 : Verified GUID (98158632fa2959a6acbbeeb0b18f80f6) of player #6 Sir LongSleeves
﻿13:16:31 : Player #6 Sir LongSleeves - Legacy GUID: 60d8062a5857101f95a9a16178742f93
﻿13:19:30 : RCon admin #4: (Global) ADMINS: LWB AND SIERRA | VISIT THE WEBSITE FOR DONATION PERKS | SURVIVALIST-DAYZ.COM
﻿13:21:34 : Player #6 Sir LongSleeves disconnected
﻿13:24:22 : Player #6 Sir LongSleeves (94.213.214.56:3302) connected
﻿13:24:23 : Player #6 Sir LongSleeves - GUID: 98158632fa2959a6acbbeeb0b18f80f6 (unverified)
﻿13:24:23 : Verified GUID (98158632fa2959a6acbbeeb0b18f80f6) of player #6 Sir LongSleeves
﻿13:24:24 : Player #6 Sir LongSleeves - Legacy GUID: 60d8062a5857101f95a9a16178742f93
﻿13:26:30 : Player #6 Sir LongSleeves disconnected
﻿13:29:15 : RCon admin #3 (86.162.43.39:49782) logged in
﻿13:33:30 : RCon admin #4: (Global) BASES MUST BE MAINTAINED VIA THE PLOT POLE EVERY 7 DAYS!!
﻿13:33:43 : Player #6 Sir LongSleeves (94.213.214.56:3302) connected
﻿13:33:44 : Player #6 Sir LongSleeves - GUID: 98158632fa2959a6acbbeeb0b18f80f6 (unverified)
﻿13:33:44 : Verified GUID (98158632fa2959a6acbbeeb0b18f80f6) of player #6 Sir LongSleeves
﻿13:33:45 : Player #6 Sir LongSleeves - Legacy GUID: 60d8062a5857101f95a9a16178742f93
﻿13:36:15 : Player #6 Sir LongSleeves disconnected
﻿13:38:30 : RCon admin #4: (Global) NO SQUAD XML: ENGLISH ONLY IN SIDE CHAT: VEHICLES AND GEAR CAN BE STOLEN ANYWHERE
﻿13:49:30 : RCon admin #4: (Global) ADMINS: LWB AND SIERRA | VISIT THE WEBSITE FOR DONATION PERKS | SURVIVALIST-DAYZ.COM
﻿13:57:57 : Player #5 Asus disconnected
﻿14:01:28 : Player #3 KZEEBEX disconnected
﻿14:01:34 : Player #3 matsa (88.84.170.77:3302) connected
﻿14:01:36 : Player #3 matsa - GUID: 137924a3a9f7fe8fd94b9512a5161983 (unverified)
﻿14:01:37 : Verified GUID (137924a3a9f7fe8fd94b9512a5161983) of player #3 matsa
﻿14:01:38 : Player #3 matsa - Legacy GUID: d6248849c6f8aa7570c93fb165895310
﻿14:03:30 : RCon admin #4: (Global) BASES MUST BE MAINTAINED VIA THE PLOT POLE EVERY 7 DAYS!!
﻿14:07:00 : Player #5 Sir LongSleeves (94.213.214.56:3302) connected
﻿14:07:01 : Player #5 Sir LongSleeves - GUID: 98158632fa2959a6acbbeeb0b18f80f6 (unverified)
﻿14:07:01 : Verified GUID (98158632fa2959a6acbbeeb0b18f80f6) of player #5 Sir LongSleeves
﻿14:07:02 : Player #5 Sir LongSleeves - Legacy GUID: 60d8062a5857101f95a9a16178742f93
﻿14:08:30 : RCon admin #4: (Global) NO SQUAD XML: ENGLISH ONLY IN SIDE CHAT: VEHICLES AND GEAR CAN BE STOLEN ANYWHERE
﻿14:10:34 : Player #1 Turmoil disconnected
﻿14:19:09 : Player #1 PRISMIC (195.39.192.48:3302) connected
﻿14:19:10 : Player #1 PRISMIC - GUID: c2a9b9e975c3a16bc843e3b1437182ca (unverified)
﻿14:19:10 : Verified GUID (c2a9b9e975c3a16bc843e3b1437182ca) of player #1 PRISMIC
﻿14:19:11 : Player #1 PRISMIC - Legacy GUID: 40b9483bb39fdbf38ebf22597947cee7
﻿14:19:30 : RCon admin #4: (Global) ADMINS: LWB AND SIERRA | VISIT THE WEBSITE FOR DONATION PERKS | SURVIVALIST-DAYZ.COM
﻿14:33:30 : RCon admin #4: (Global) BASES MUST BE MAINTAINED VIA THE PLOT POLE EVERY 7 DAYS!!
﻿14:38:30 : RCon admin #4: (Global) NO SQUAD XML: ENGLISH ONLY IN SIDE CHAT: VEHICLES AND GEAR CAN BE STOLEN ANYWHERE
﻿14:44:30 : RCon admin #4: (Global) Server will restart in 10 minutes
﻿14:49:30 : RCon admin #4: (Global) ADMINS: LWB AND SIERRA | VISIT THE WEBSITE FOR DONATION PERKS | SURVIVALIST-DAYZ.COM
﻿14:49:30 : RCon admin #4: (Global) Server will restart in 5 minutes: Prepare to Logout
﻿14:51:28 : Player #2 [NG2] Jesse disconnected
﻿14:51:31 : Player #4 2DIE4 disconnected
﻿14:51:46 : Player #3 matsa disconnected
﻿14:52:30 : RCon admin #4: (Global) The Server is about to restart. LOG OUT NOW OR YOUR GEAR MAY BE LOST!!
﻿14:52:49 : Player #1 PRISMIC disconnected
﻿14:53:22 : Player #5 Sir LongSleeves disconnected
﻿14:54:00 : RCon admin #4: (Global) YOU SHOULD BE LOGGED OUT BY NOW! IF YOU ARENT YOU WILL BE AUTO KICKED AND YOUR GEAR MAY BE LOST! NO REFUNDS!
﻿14:55:04 : Rcon client logging in
﻿14:55:04 : RCon admin #4 (78.31.67.100:56002) logged in
﻿14:55:08 : Player #0 Arne (2.104.45.123:3302) connected
﻿14:55:10 : Player #0 Arne - GUID: 438b3f774367dfe1203639f51a6f5c4f (unverified)
﻿14:55:10 : Verified GUID (438b3f774367dfe1203639f51a6f5c4f) of player #0 Arne
﻿14:55:10 : Player #0 Arne - Legacy GUID: 8aec1d74ca7b7b889f081e10656686f1
﻿14:55:22 : Player #1 PRISMIC (195.39.192.48:3302) connected
﻿14:55:23 : Player #1 PRISMIC - GUID: c2a9b9e975c3a16bc843e3b1437182ca (unverified)
﻿14:55:23 : Verified GUID (c2a9b9e975c3a16bc843e3b1437182ca) of player #1 PRISMIC
﻿14:55:24 : Player #1 PRISMIC - Legacy GUID: 40b9483bb39fdbf38ebf22597947cee7
﻿14:56:40 : Player #2 Paul (79.95.1.64:3302) connected
﻿14:56:41 : Player #2 Paul - GUID: 121fdb8d6f91480138f854c8d10e8b64 (unverified)
﻿14:56:41 : Player #2 Paul - Legacy GUID: 99d7743dc085ee1f119244b9aec57a5b
﻿14:56:41 : Verified GUID (121fdb8d6f91480138f854c8d10e8b64) of player #2 Paul
﻿14:56:58 : Player #3 Sir LongSleeves (94.213.214.56:3302) connected
﻿14:56:59 : Player #3 Sir LongSleeves - GUID: 98158632fa2959a6acbbeeb0b18f80f6 (unverified)
﻿14:57:00 : Verified GUID (98158632fa2959a6acbbeeb0b18f80f6) of player #3 Sir LongSleeves
﻿14:57:00 : Player #3 Sir LongSleeves - Legacy GUID: 60d8062a5857101f95a9a16178742f93
﻿15:02:41 : Player #4 matsa (88.84.170.77:3302) connected
﻿15:02:43 : Player #4 matsa - GUID: 137924a3a9f7fe8fd94b9512a5161983 (unverified)
﻿15:02:43 : Player #4 matsa - Legacy GUID: d6248849c6f8aa7570c93fb165895310
﻿15:02:44 : Verified GUID (137924a3a9f7fe8fd94b9512a5161983) of player #4 matsa
﻿15:09:04 : RCon admin #4: (Global) NO SQUAD XML: ENGLISH ONLY IN SIDE CHAT: VEHICLES AND GEAR CAN BE STOLEN ANYWHERE
﻿15:20:04 : RCon admin #4: (Global) ADMINS: LWB AND SIERRA | VISIT THE WEBSITE FOR DONATION PERKS | SURVIVALIST-DAYZ.COM
﻿15:22:36 : Player #5 LWB [SD] (86.162.43.39:1024) connected
﻿15:22:37 : Player #5 LWB [SD] - GUID: bc07c7c39c76cf95a7a434d686d9df66 (unverified)
﻿15:22:38 : Verified GUID (bc07c7c39c76cf95a7a434d686d9df66) of player #5 LWB [SD]
﻿15:22:38 : Player #5 LWB [SD] - Legacy GUID: 977383e15b6c706cac44ca953ba440c7
﻿15:24:56 : Player #6 yavvs (88.84.181.221:3302) connected
﻿15:24:57 : Player #6 yavvs - GUID: 51aabec53b0be7fc6e83b32d8b08c7d8 (unverified)
﻿15:24:58 : Player #6 yavvs - Legacy GUID: 93f2ecec9add17c3438526fca7fc69c8
﻿15:24:58 : Verified GUID (51aabec53b0be7fc6e83b32d8b08c7d8) of player #6 yavvs
﻿15:31:50 : Player #0 Arne (438b3f774367dfe1203639f51a6f5c4f) has been kicked by BattlEye: Client not responding
﻿15:32:19 : Player #0 II TheElite II (83.86.22.79:3302) connected
﻿15:32:21 : Player #0 II TheElite II - GUID: e0d29edb33378bbc6d6506b5f581dd6a (unverified)
﻿15:32:21 : Player #0 II TheElite II - Legacy GUID: 0683f2e6246fca2d44581d59ce516fea
﻿15:32:21 : Verified GUID (e0d29edb33378bbc6d6506b5f581dd6a) of player #0 II TheElite II
﻿15:32:59 : Player #7 Arne (2.104.45.123:3302) connected
﻿15:33:00 : Player #7 Arne - GUID: 438b3f774367dfe1203639f51a6f5c4f (unverified)
﻿15:33:01 : Verified GUID (438b3f774367dfe1203639f51a6f5c4f) of player #7 Arne
﻿15:33:01 : Player #7 Arne - Legacy GUID: 8aec1d74ca7b7b889f081e10656686f1
﻿15:34:04 : RCon admin #4: (Global) BASES MUST BE MAINTAINED VIA THE PLOT POLE EVERY 7 DAYS!!
﻿15:35:16 : Player #8 Hailstorm (93.222.250.59:3302) connected
﻿15:35:17 : Player #8 Hailstorm - GUID: 0692c4867addd58d9591110bb02a6244 (unverified)
﻿15:35:17 : Verified GUID (0692c4867addd58d9591110bb02a6244) of player #8 Hailstorm
﻿15:35:18 : Player #8 Hailstorm - Legacy GUID: e22681f3383bb6138a608cbe99764fe1
﻿15:37:39 : RCon admin #5 (86.162.43.39:55874) logged in
﻿15:39:04 : RCon admin #4: (Global) NO SQUAD XML: ENGLISH ONLY IN SIDE CHAT: VEHICLES AND GEAR CAN BE STOLEN ANYWHERE
﻿15:39:45 : Player #1 PRISMIC disconnected
﻿15:49:27 : Player #1 PRISMIC (195.39.192.48:3302) connected
﻿15:49:28 : Player #1 PRISMIC - GUID: c2a9b9e975c3a16bc843e3b1437182ca (unverified)
﻿15:49:29 : Verified GUID (c2a9b9e975c3a16bc843e3b1437182ca) of player #1 PRISMIC
﻿15:49:29 : Player #1 PRISMIC - Legacy GUID: 40b9483bb39fdbf38ebf22597947cee7
﻿15:50:04 : RCon admin #4: (Global) ADMINS: LWB AND SIERRA | VISIT THE WEBSITE FOR DONATION PERKS | SURVIVALIST-DAYZ.COM
﻿15:56:34 : Player #9 Turmoil (85.164.44.228:3302) connected
﻿15:56:35 : Player #9 Turmoil - GUID: 078d3175e22fad797d9a152aaaa83806 (unverified)
﻿15:56:36 : Verified GUID (078d3175e22fad797d9a152aaaa83806) of player #9 Turmoil
﻿15:56:36 : Player #9 Turmoil - Legacy GUID: 153330a3c1eb9ccf7092e322ab07ebb0
﻿16:04:04 : RCon admin #4: (Global) BASES MUST BE MAINTAINED VIA THE PLOT POLE EVERY 7 DAYS!!
﻿16:09:04 : RCon admin #4: (Global) NO SQUAD XML: ENGLISH ONLY IN SIDE CHAT: VEHICLES AND GEAR CAN BE STOLEN ANYWHERE
﻿16:15:47 : Player #10 -SDS- King (88.73.114.66:3302) connected
﻿16:15:48 : Player #10 -SDS- King - GUID: 513c3deb4a6986a9108718c20658f233 (unverified)
﻿16:15:49 : Player #10 -SDS- King - Legacy GUID: 9c4afe2f01736425f74faf2be50d01ee
﻿16:15:53 : Player #10 -SDS- King disconnected
﻿16:16:33 : Player #10 -SDS- Gowther (188.103.244.110:3302) connected
﻿16:16:34 : Player #10 -SDS- Gowther - GUID: 03492c7dbb4087e80f5c95d1df0aebac (unverified)
﻿16:16:35 : Player #10 -SDS- Gowther - Legacy GUID: 459161ad2315d6e5e544515528714548
﻿16:16:38 : Player #10 -SDS- Gowther disconnected
﻿16:18:01 : Player #10 -SDS- King (88.73.114.66:3302) connected
﻿16:18:03 : Player #10 -SDS- King - GUID: 513c3deb4a6986a9108718c20658f233 (unverified)
﻿16:18:03 : Player #10 -SDS- King - Legacy GUID: 9c4afe2f01736425f74faf2be50d01ee
﻿16:18:04 : Verified GUID (513c3deb4a6986a9108718c20658f233) of player #10 -SDS- King
﻿16:18:31 : Player #11 -SDS- Gowther (188.103.244.110:3302) connected
﻿16:18:32 : Player #11 -SDS- Gowther - GUID: 03492c7dbb4087e80f5c95d1df0aebac (unverified)
﻿16:18:33 : Player #11 -SDS- Gowther - Legacy GUID: 459161ad2315d6e5e544515528714548
﻿16:18:33 : Verified GUID (03492c7dbb4087e80f5c95d1df0aebac) of player #11 -SDS- Gowther
﻿16:20:05 : RCon admin #4: (Global) ADMINS: LWB AND SIERRA | VISIT THE WEBSITE FOR DONATION PERKS | SURVIVALIST-DAYZ.COM
﻿16:23:22 : RCon admin #3 (86.162.43.39:64558) logged in
﻿16:25:59 : Player #4 matsa disconnected
﻿16:31:10 : Player #4 matsa (88.84.170.77:3302) connected
﻿16:31:12 : Player #4 matsa - GUID: 137924a3a9f7fe8fd94b9512a5161983 (unverified)
﻿16:31:12 : Player #4 matsa - Legacy GUID: d6248849c6f8aa7570c93fb165895310
﻿16:31:13 : Verified GUID (137924a3a9f7fe8fd94b9512a5161983) of player #4 matsa
﻿16:34:04 : RCon admin #4: (Global) BASES MUST BE MAINTAINED VIA THE PLOT POLE EVERY 7 DAYS!!
﻿16:34:10 : Player #12 Faldehals (94.219.213.167:2304) connected
﻿16:34:11 : Player #12 Faldehals - GUID: e2dfd1a22f76dbc861d8a2c62272e0a2 (unverified)
﻿16:34:12 : Player #12 Faldehals - Legacy GUID: 7fb497ad8af0eff5840c19924878df22
﻿16:34:12 : Verified GUID (e2dfd1a22f76dbc861d8a2c62272e0a2) of player #12 Faldehals
﻿16:39:04 : RCon admin #4: (Global) NO SQUAD XML: ENGLISH ONLY IN SIDE CHAT: VEHICLES AND GEAR CAN BE STOLEN ANYWHERE
﻿16:39:56 : RCon admin #5 (86.162.43.39:51195) logged in
﻿16:41:11 : Player #6 yavvs disconnected
﻿16:42:30 : Player #6 yavvs (88.84.181.221:2304) connected
﻿16:42:33 : Player #6 yavvs - GUID: 51aabec53b0be7fc6e83b32d8b08c7d8 (unverified)
﻿16:42:34 : Player #6 yavvs disconnected
﻿16:43:21 : Player #6 yavvs (88.84.181.221:2304) connected
﻿16:43:22 : Player #6 yavvs - GUID: 51aabec53b0be7fc6e83b32d8b08c7d8 (unverified)
﻿16:43:23 : Player #6 yavvs - Legacy GUID: 93f2ecec9add17c3438526fca7fc69c8
﻿16:43:25 : Verified GUID (51aabec53b0be7fc6e83b32d8b08c7d8) of player #6 yavvs
﻿16:48:26 : Player #0 II TheElite II disconnected
﻿16:49:03 : Player #0 jinx (46.227.32.42:2304) connected
﻿16:49:04 : Player #0 jinx - GUID: 4da57ac020f0b6ea57a206b5a0fb97b1 (unverified)
﻿16:49:05 : Verified GUID (4da57ac020f0b6ea57a206b5a0fb97b1) of player #0 jinx
﻿16:49:05 : Player #0 jinx - Legacy GUID: 250883e51687d4ce9ae9d98bc0cdbe73
﻿16:49:06 : Player #0 jinx disconnected
﻿16:50:04 : RCon admin #4: (Global) ADMINS: LWB AND SIERRA | VISIT THE WEBSITE FOR DONATION PERKS | SURVIVALIST-DAYZ.COM
﻿16:51:02 : Player #2 Paul disconnected
﻿16:53:16 : Player #0 freedom (173.85.71.79:2304) connected
﻿16:53:18 : Player #0 freedom - GUID: 32974eed83d84dab3c6a86016f1a1d12 (unverified)
﻿16:53:19 : Verified GUID (32974eed83d84dab3c6a86016f1a1d12) of player #0 freedom
﻿16:53:20 : Player #0 freedom - Legacy GUID: 97a8c85ef5bf1164b1deba8cac447118
﻿16:57:26 : Player #2 SooqaBlyat (88.196.32.120:2304) connected
﻿16:57:27 : Player #2 SooqaBlyat - GUID: 01fa97319b8120d5dc76c803f4b462e2 (unverified)
﻿16:57:28 : Verified GUID (01fa97319b8120d5dc76c803f4b462e2) of player #2 SooqaBlyat
﻿16:57:28 : Player #2 SooqaBlyat - Legacy GUID: a7792ab60fde4686107b4c281f094a21
﻿16:57:30 : Player #2 SooqaBlyat disconnected
﻿16:57:38 : Player #2 2DIE4 (84.130.106.88:3302) connected
﻿16:57:39 : Player #2 2DIE4 - GUID: 97b8e8b63e4439b2b62c99dde2b8b8a1 (unverified)
﻿16:57:40 : Verified GUID (97b8e8b63e4439b2b62c99dde2b8b8a1) of player #2 2DIE4
﻿16:57:40 : Player #2 2DIE4 - Legacy GUID: e56dc54c0a6d92faa8a284d7c54bffab
﻿16:58:58 : Player #13 SooqaBlyat (88.196.32.120:2304) connected
﻿16:58:59 : Player #13 SooqaBlyat - GUID: 01fa97319b8120d5dc76c803f4b462e2 (unverified)
﻿16:59:00 : Verified GUID (01fa97319b8120d5dc76c803f4b462e2) of player #13 SooqaBlyat
﻿16:59:00 : Player #13 SooqaBlyat - Legacy GUID: a7792ab60fde4686107b4c281f094a21
﻿17:00:34 : Player #1 PRISMIC disconnected
﻿17:00:45 : Player #3 Sir LongSleeves disconnected
﻿17:03:04 : Player #1 Annoyora (141.135.81.236:2304) connected
﻿17:03:05 : Player #1 Annoyora - GUID: d7124c2ccdf623eea41151580375b94e (unverified)
﻿17:03:06 : Player #1 Annoyora - Legacy GUID: 9625bf8619500085b144c3ca44477088
﻿17:03:06 : Verified GUID (d7124c2ccdf623eea41151580375b94e) of player #1 Annoyora
﻿17:03:25 : Player #1 Annoyora disconnected
﻿17:04:04 : RCon admin #4: (Global) BASES MUST BE MAINTAINED VIA THE PLOT POLE EVERY 7 DAYS!!
﻿17:07:30 : Player #1 Paul (79.95.1.64:3302) connected
﻿17:07:30 : Player #3 -SDS- Merlin (93.218.209.36:61951) connected
﻿17:07:31 : Player #1 Paul - GUID: 121fdb8d6f91480138f854c8d10e8b64 (unverified)
﻿17:07:31 : Verified GUID (121fdb8d6f91480138f854c8d10e8b64) of player #1 Paul
﻿17:07:32 : Player #1 Paul - Legacy GUID: 99d7743dc085ee1f119244b9aec57a5b
﻿17:07:32 : Player #3 -SDS- Merlin - Legacy GUID: e7962c015e7271f617650f8ecd20ee71
﻿17:07:32 : Player #3 -SDS- Merlin - GUID: c91d2c4bdd2829b924d780d2b78ba593 (unverified)
﻿17:07:33 : Verified GUID (c91d2c4bdd2829b924d780d2b78ba593) of player #3 -SDS- Merlin
﻿17:08:19 : Player #5 LWB [SD] disconnected
﻿17:08:30 : Player #7 Arne disconnected
﻿17:09:04 : RCon admin #4: (Global) NO SQUAD XML: ENGLISH ONLY IN SIDE CHAT: VEHICLES AND GEAR CAN BE STOLEN ANYWHERE
﻿17:10:22 : Player #5 Digupherbones (86.162.43.39:2304) connected
﻿17:10:23 : Player #5 Digupherbones - GUID: 6f7cdbb1e69bf4eb8b32fb87af0a3dcc (unverified)
﻿17:10:24 : Player #5 Digupherbones - Legacy GUID: 81e5f276acb3bd8401df80e28c6291a7
﻿17:10:25 : Verified GUID (6f7cdbb1e69bf4eb8b32fb87af0a3dcc) of player #5 Digupherbones
﻿17:10:25 : Player #5 Digupherbones - Owner GUID: d5a7a204223d483926d292f4255aa428
﻿17:10:47 : RCon admin #3 (86.162.43.39:49317) logged in
﻿17:11:08 : RCon admin #1 (86.162.43.39:1027) logged in
﻿17:12:17 : RCon admin #3 (86.162.43.39:63313) logged in
﻿17:15:00 : Player #7 [NG2] Jesse (145.133.183.236:3302) connected
﻿17:15:01 : Player #7 [NG2] Jesse - GUID: 1f7a31a6c97ae9822a9e4dcb3de0e9a0 (unverified)
﻿17:15:02 : Player #7 [NG2] Jesse - Legacy GUID: aa29d15133c89f949e71190836ad19cb
﻿17:15:02 : Verified GUID (1f7a31a6c97ae9822a9e4dcb3de0e9a0) of player #7 [NG2] Jesse
﻿17:15:04 : RCon admin #4: (Global) Server will restart in 10 minutes
﻿17:15:28 : Player #14 Nemzoff (93.40.208.243:54403) connected
﻿17:15:29 : Player #14 Nemzoff - GUID: 5c7a2ad22ecfb5368f7fa7323f4af2f4 (unverified)
﻿17:15:30 : Player #14 Nemzoff disconnected
﻿17:16:28 : Player #1 Paul disconnected
﻿17:18:06 : Player #11 -SDS- Gowther disconnected
﻿17:20:04 : RCon admin #4: (Global) ADMINS: LWB AND SIERRA | VISIT THE WEBSITE FOR DONATION PERKS | SURVIVALIST-DAYZ.COM
﻿17:20:05 : RCon admin #4: (Global) Server will restart in 5 minutes: Prepare to Logout
﻿17:21:48 : Player #0 freedom disconnected
﻿17:21:59 : Player #5 Digupherbones disconnected
﻿17:22:39 : Player #2 2DIE4 disconnected
﻿17:22:52 : Player #8 Hailstorm disconnected
﻿17:23:04 : RCon admin #4: (Global) The Server is about to restart. LOG OUT NOW OR YOUR GEAR MAY BE LOST!!
﻿17:23:34 : Player #4 matsa disconnected
﻿17:23:45 : Player #10 -SDS- King disconnected
﻿17:23:49 : Player #9 Turmoil disconnected
﻿17:24:01 : Player #6 yavvs disconnected
﻿17:24:34 : RCon admin #4: (Global) YOU SHOULD BE LOGGED OUT BY NOW! IF YOU ARENT YOU WILL BE AUTO KICKED AND YOUR GEAR MAY BE LOST! NO REFUNDS!
﻿17:25:38 : Rcon client logging in
﻿17:25:38 : RCon admin #4 (78.31.67.100:63763) logged in
﻿17:25:39 : Player #0 SooqaBlyat (88.196.32.120:2304) connected
﻿17:25:40 : Player #0 SooqaBlyat - GUID: 01fa97319b8120d5dc76c803f4b462e2 (unverified)
﻿17:25:41 : Verified GUID (01fa97319b8120d5dc76c803f4b462e2) of player #0 SooqaBlyat
﻿17:25:41 : Player #0 SooqaBlyat - Legacy GUID: a7792ab60fde4686107b4c281f094a21
﻿17:25:43 : Player #1 2DIE4 (84.130.106.88:3302) connected
﻿17:25:44 : Player #1 2DIE4 - GUID: 97b8e8b63e4439b2b62c99dde2b8b8a1 (unverified)
﻿17:25:45 : Verified GUID (97b8e8b63e4439b2b62c99dde2b8b8a1) of player #1 2DIE4
﻿17:25:45 : Player #1 2DIE4 - Legacy GUID: e56dc54c0a6d92faa8a284d7c54bffab
﻿17:25:46 : Player #2 [NG2] Jesse (145.133.183.236:3302) connected
﻿17:25:48 : Player #2 [NG2] Jesse - GUID: 1f7a31a6c97ae9822a9e4dcb3de0e9a0 (unverified)
﻿17:25:48 : Verified GUID (1f7a31a6c97ae9822a9e4dcb3de0e9a0) of player #2 [NG2] Jesse
﻿17:25:51 : Player #3 Faldehals (94.219.213.167:2304) connected
﻿17:25:51 : Player #2 [NG2] Jesse - Legacy GUID: aa29d15133c89f949e71190836ad19cb
﻿17:25:53 : Player #3 Faldehals - GUID: e2dfd1a22f76dbc861d8a2c62272e0a2 (unverified)
﻿17:25:53 : Player #0 SooqaBlyat (01fa97319b8120d5dc76c803f4b462e2) has been kicked by BattlEye: Admin Kick
﻿17:25:53 : Verified GUID (e2dfd1a22f76dbc861d8a2c62272e0a2) of player #3 Faldehals
﻿17:25:53 : Player #3 Faldehals - Legacy GUID: 7fb497ad8af0eff5840c19924878df22
﻿17:25:58 : Player #0 SooqaBlyat (88.196.32.120:2304) connected
﻿17:25:59 : Player #0 SooqaBlyat - GUID: 01fa97319b8120d5dc76c803f4b462e2 (unverified)
﻿17:26:00 : Verified GUID (01fa97319b8120d5dc76c803f4b462e2) of player #0 SooqaBlyat
﻿17:26:00 : Player #0 SooqaBlyat - Legacy GUID: a7792ab60fde4686107b4c281f094a21
﻿17:26:01 : Player #4 Turmoil (85.164.44.228:3302) connected
﻿17:26:02 : Player #4 Turmoil - GUID: 078d3175e22fad797d9a152aaaa83806 (unverified)
﻿17:26:02 : Verified GUID (078d3175e22fad797d9a152aaaa83806) of player #4 Turmoil
﻿17:26:03 : Player #4 Turmoil - Legacy GUID: 153330a3c1eb9ccf7092e322ab07ebb0
﻿17:26:26 : RCon admin #5 (86.162.43.39:64863) logged in
﻿17:27:20 : Player #5 -SDS- King (88.73.114.66:3302) connected
﻿17:27:21 : Player #5 -SDS- King - GUID: 513c3deb4a6986a9108718c20658f233 (unverified)
﻿17:27:21 : Verified GUID (513c3deb4a6986a9108718c20658f233) of player #5 -SDS- King
﻿17:27:22 : Player #5 -SDS- King - Legacy GUID: 9c4afe2f01736425f74faf2be50d01ee
﻿17:27:54 : Player #6 -SDS- Gowther (188.103.244.110:3302) connected
﻿17:27:55 : Player #6 -SDS- Gowther - GUID: 03492c7dbb4087e80f5c95d1df0aebac (unverified)
﻿17:27:56 : Verified GUID (03492c7dbb4087e80f5c95d1df0aebac) of player #6 -SDS- Gowther
﻿17:27:56 : Player #6 -SDS- Gowther - Legacy GUID: 459161ad2315d6e5e544515528714548
﻿17:27:57 : RCon admin #0 (86.162.43.39:53084) logged in
﻿17:28:22 : Player #7 -SDS- Merlin (93.218.209.36:62246) connected
﻿17:28:23 : Player #7 -SDS- Merlin - GUID: c91d2c4bdd2829b924d780d2b78ba593 (unverified)
﻿17:28:24 : Player #7 -SDS- Merlin - Legacy GUID: e7962c015e7271f617650f8ecd20ee71
﻿17:28:24 : Verified GUID (c91d2c4bdd2829b924d780d2b78ba593) of player #7 -SDS- Merlin
﻿17:29:03 : Player #8 jinx (46.227.32.42:2304) connected
﻿17:29:04 : Player #8 jinx - GUID: 4da57ac020f0b6ea57a206b5a0fb97b1 (unverified)
﻿17:29:05 : Verified GUID (4da57ac020f0b6ea57a206b5a0fb97b1) of player #8 jinx
﻿17:29:05 : Player #8 jinx - Legacy GUID: 250883e51687d4ce9ae9d98bc0cdbe73
﻿17:29:05 : Player #8 jinx disconnected
﻿17:29:16 : Player #8 Hailstorm (93.222.250.59:3302) connected
﻿17:29:17 : Player #8 Hailstorm - GUID: 0692c4867addd58d9591110bb02a6244 (unverified)
﻿17:29:18 : Verified GUID (0692c4867addd58d9591110bb02a6244) of player #8 Hailstorm
﻿17:29:18 : Player #8 Hailstorm - Legacy GUID: e22681f3383bb6138a608cbe99764fe1
﻿17:29:26 : Player #9 Sierra [SD] (86.162.43.39:2304) connected
﻿17:29:27 : Player #9 Sierra [SD] - GUID: d5a7a204223d483926d292f4255aa428 (unverified)
﻿17:29:28 : Player #9 Sierra [SD] - Legacy GUID: 81e5f276acb3bd8401df80e28c6291a7
﻿17:29:29 : Verified GUID (d5a7a204223d483926d292f4255aa428) of player #9 Sierra [SD]
﻿17:30:56 : Player #0 SooqaBlyat (01fa97319b8120d5dc76c803f4b462e2) has been kicked by BattlEye: PublicVariable Restriction #2
﻿17:32:01 : Player #0 yavvs (88.84.181.221:2304) connected
﻿17:32:02 : Player #0 yavvs - GUID: 51aabec53b0be7fc6e83b32d8b08c7d8 (unverified)
﻿17:32:02 : Verified GUID (51aabec53b0be7fc6e83b32d8b08c7d8) of player #0 yavvs
﻿17:32:03 : Player #10 matsa (88.84.170.77:3302) connected
﻿17:32:03 : Player #0 yavvs - Legacy GUID: 93f2ecec9add17c3438526fca7fc69c8
﻿17:32:05 : Player #10 matsa - GUID: 137924a3a9f7fe8fd94b9512a5161983 (unverified)
﻿17:32:05 : Player #10 matsa - Legacy GUID: d6248849c6f8aa7570c93fb165895310
﻿17:32:05 : Verified GUID (137924a3a9f7fe8fd94b9512a5161983) of player #10 matsa
﻿17:32:22 : Player #11 SooqaBlyat (88.196.32.120:2304) connected
﻿17:32:23 : Player #11 SooqaBlyat - GUID: 01fa97319b8120d5dc76c803f4b462e2 (unverified)
﻿17:32:24 : Verified GUID (01fa97319b8120d5dc76c803f4b462e2) of player #11 SooqaBlyat
﻿17:32:24 : Player #11 SooqaBlyat - Legacy GUID: a7792ab60fde4686107b4c281f094a21
﻿17:32:26 : Player #11 SooqaBlyat disconnected
﻿17:32:36 : Player #11 jinx (46.227.32.42:2304) connected
﻿17:32:37 : Player #11 jinx - GUID: 4da57ac020f0b6ea57a206b5a0fb97b1 (unverified)
﻿17:32:37 : Verified GUID (4da57ac020f0b6ea57a206b5a0fb97b1) of player #11 jinx
﻿17:32:38 : Player #11 jinx disconnected
﻿17:33:48 : Player #11 SooqaBlyat (88.196.32.120:2304) connected
﻿17:33:49 : Player #11 SooqaBlyat - GUID: 01fa97319b8120d5dc76c803f4b462e2 (unverified)
﻿17:33:50 : Verified GUID (01fa97319b8120d5dc76c803f4b462e2) of player #11 SooqaBlyat
﻿17:33:50 : Player #11 SooqaBlyat - Legacy GUID: a7792ab60fde4686107b4c281f094a21
﻿17:34:52 : Player #11 SooqaBlyat (01fa97319b8120d5dc76c803f4b462e2) has been kicked by BattlEye: PublicVariable Restriction #2
﻿17:36:01 : Player #11 SooqaBlyat (88.196.32.120:2304) connected
﻿17:36:02 : Player #11 SooqaBlyat - GUID: 01fa97319b8120d5dc76c803f4b462e2 (unverified)
﻿17:36:03 : Verified GUID (01fa97319b8120d5dc76c803f4b462e2) of player #11 SooqaBlyat
﻿17:36:03 : Player #11 SooqaBlyat - Legacy GUID: a7792ab60fde4686107b4c281f094a21
﻿17:36:05 : Player #11 SooqaBlyat disconnected
﻿17:37:15 : Player #11 SooqaBlyat (88.196.32.120:2304) connected
﻿17:37:16 : Player #11 SooqaBlyat - GUID: 01fa97319b8120d5dc76c803f4b462e2 (unverified)
﻿17:37:16 : Verified GUID (01fa97319b8120d5dc76c803f4b462e2) of player #11 SooqaBlyat
﻿17:37:17 : Player #11 SooqaBlyat - Legacy GUID: a7792ab60fde4686107b4c281f094a21
﻿17:39:38 : Player #11 SooqaBlyat (01fa97319b8120d5dc76c803f4b462e2) has been kicked by BattlEye: PublicVariable Restriction #2
﻿17:39:38 : RCon admin #4: (Global) NO SQUAD XML: ENGLISH ONLY IN SIDE CHAT: VEHICLES AND GEAR CAN BE STOLEN ANYWHERE
﻿17:40:51 : RCon admin #5 (86.162.43.39:53702) logged in
﻿17:45:41 : Player #10 matsa disconnected
﻿17:46:22 : Player #10 matsa (88.84.170.77:3302) connected
﻿17:46:23 : Player #10 matsa - GUID: 137924a3a9f7fe8fd94b9512a5161983 (unverified)
﻿17:46:24 : Player #10 matsa - Legacy GUID: d6248849c6f8aa7570c93fb165895310
﻿17:46:24 : Verified GUID (137924a3a9f7fe8fd94b9512a5161983) of player #10 matsa
﻿17:47:54 : Player #9 Sierra [SD] disconnected
﻿17:49:06 : RCon admin #2 (86.162.43.39:60760) logged in
﻿17:50:39 : RCon admin #4: (Global) ADMINS: LWB AND SIERRA | VISIT THE WEBSITE FOR DONATION PERKS | SURVIVALIST-DAYZ.COM
﻿17:50:47 : RCon admin #3 (86.162.43.39:65419) logged in
﻿17:51:11 : Player #9 Sierra [SD] (86.162.43.39:2304) connected
﻿17:51:12 : Player #9 Sierra [SD] - GUID: 6f7cdbb1e69bf4eb8b32fb87af0a3dcc (unverified)
﻿17:51:12 : Verified GUID (6f7cdbb1e69bf4eb8b32fb87af0a3dcc) of player #9 Sierra [SD]
﻿17:51:12 : Player #9 Sierra [SD] - Owner GUID: d5a7a204223d483926d292f4255aa428
﻿17:51:13 : Player #9 Sierra [SD] - Legacy GUID: 81e5f276acb3bd8401df80e28c6291a7
﻿17:51:57 : Player #9 Sierra [SD] disconnected
﻿17:52:56 : Player #9 jinx (46.227.32.42:2304) connected
﻿17:52:58 : Player #9 jinx - GUID: 4da57ac020f0b6ea57a206b5a0fb97b1 (unverified)
﻿17:52:58 : Player #9 jinx - Legacy GUID: 250883e51687d4ce9ae9d98bc0cdbe73
﻿17:52:59 : Verified GUID (4da57ac020f0b6ea57a206b5a0fb97b1) of player #9 jinx
﻿17:52:59 : Player #9 jinx disconnected
﻿17:53:37 : Player #9 Digupherbones (86.162.43.39:2304) connected
﻿17:53:39 : Player #9 Digupherbones - GUID: 6f7cdbb1e69bf4eb8b32fb87af0a3dcc (unverified)
﻿17:53:39 : Verified GUID (6f7cdbb1e69bf4eb8b32fb87af0a3dcc) of player #9 Digupherbones
﻿17:53:39 : Player #9 Digupherbones - Owner GUID: d5a7a204223d483926d292f4255aa428
﻿17:53:39 : Player #9 Digupherbones - Legacy GUID: 81e5f276acb3bd8401df80e28c6291a7
﻿17:53:50 : Player #11 LWB [SD] (86.162.43.39:1029) connected
﻿17:53:51 : Player #11 LWB [SD] - GUID: bc07c7c39c76cf95a7a434d686d9df66 (unverified)
﻿17:53:52 : Verified GUID (bc07c7c39c76cf95a7a434d686d9df66) of player #11 LWB [SD]
﻿17:53:52 : Player #11 LWB [SD] - Legacy GUID: 977383e15b6c706cac44ca953ba440c7
﻿17:54:32 : Player #12 Paul (79.95.1.64:3302) connected
﻿17:54:33 : Player #12 Paul - GUID: 121fdb8d6f91480138f854c8d10e8b64 (unverified)
﻿17:54:34 : Verified GUID (121fdb8d6f91480138f854c8d10e8b64) of player #12 Paul
﻿17:54:34 : Player #12 Paul - Legacy GUID: 99d7743dc085ee1f119244b9aec57a5b
﻿17:55:00 : RCon admin #5 (86.162.43.39:52708) logged in
﻿17:56:08 : Player #13 jinx (46.227.32.42:3302) connected
﻿17:56:10 : Player #13 jinx - GUID: 4da57ac020f0b6ea57a206b5a0fb97b1 (unverified)
﻿17:56:10 : Verified GUID (4da57ac020f0b6ea57a206b5a0fb97b1) of player #13 jinx
﻿17:56:11 : Player #13 jinx - Legacy GUID: 250883e51687d4ce9ae9d98bc0cdbe73
﻿17:57:13 : Player #6 -SDS- Gowther disconnected
﻿17:58:40 : Player #3 Faldehals disconnected
﻿17:58:41 : Player #13 jinx - Legacy GUID: 250883e51687d4ce9ae9d98bc0cdbe73
﻿17:59:58 : Player #3 LiikE (93.238.127.119:3302) connected
﻿17:59:59 : Player #3 LiikE - GUID: 041b90c32544fbf9725252bbd2bc6d9d (unverified)
﻿18:00:00 : Player #3 LiikE - Legacy GUID: 9e60a90ed4cf0dc70b3ce91abbe61505
﻿18:00:01 : Verified GUID (041b90c32544fbf9725252bbd2bc6d9d) of player #3 LiikE
﻿18:01:36 : Player #5 -SDS- King disconnected
﻿18:04:39 : RCon admin #4: (Global) BASES MUST BE MAINTAINED VIA THE PLOT POLE EVERY 7 DAYS!!
﻿18:04:54 : Player #5 Faldehals (94.219.213.167:2304) connected
﻿18:04:55 : Player #5 Faldehals - GUID: e2dfd1a22f76dbc861d8a2c62272e0a2 (unverified)
﻿18:04:56 : Player #5 Faldehals - Legacy GUID: 7fb497ad8af0eff5840c19924878df22
﻿18:04:56 : Verified GUID (e2dfd1a22f76dbc861d8a2c62272e0a2) of player #5 Faldehals
﻿18:06:34 : Player #6 Arne (2.104.45.123:3302) connected
﻿18:06:36 : Player #6 Arne - GUID: 438b3f774367dfe1203639f51a6f5c4f (unverified)
﻿18:06:37 : Player #6 Arne - Legacy GUID: 8aec1d74ca7b7b889f081e10656686f1
﻿18:06:37 : Verified GUID (438b3f774367dfe1203639f51a6f5c4f) of player #6 Arne
﻿18:08:44 : Player #1 2DIE4 disconnected
﻿18:09:39 : RCon admin #4: (Global) NO SQUAD XML: ENGLISH ONLY IN SIDE CHAT: VEHICLES AND GEAR CAN BE STOLEN ANYWHERE
﻿18:18:07 : Player #1 freedom (173.85.71.79:2304) connected
﻿18:18:09 : Player #1 freedom - GUID: 32974eed83d84dab3c6a86016f1a1d12 (unverified)
﻿18:18:10 : Player #1 freedom - Legacy GUID: 97a8c85ef5bf1164b1deba8cac447118
﻿18:18:10 : Verified GUID (32974eed83d84dab3c6a86016f1a1d12) of player #1 freedom
﻿18:20:39 : RCon admin #4: (Global) ADMINS: LWB AND SIERRA | VISIT THE WEBSITE FOR DONATION PERKS | SURVIVALIST-DAYZ.COM
﻿18:32:22 : Player #7 -SDS- Merlin disconnected
﻿18:34:39 : RCon admin #4: (Global) BASES MUST BE MAINTAINED VIA THE PLOT POLE EVERY 7 DAYS!!
﻿18:35:09 : Player #9 Digupherbones disconnected
﻿18:38:08 : RCon admin #3 (86.162.43.39:62022) logged in
﻿18:39:34 : Player #7 Fontes (145.133.89.241:3302) connected
﻿18:39:35 : Player #7 Fontes - GUID: 187a1e1810786b2322e86853e7abf1c6 (unverified)
﻿18:39:36 : Player #7 Fontes - Legacy GUID: b0975ebb07d96be3ad9fc48436bd1844
﻿18:39:36 : Verified GUID (187a1e1810786b2322e86853e7abf1c6) of player #7 Fontes
﻿18:39:39 : RCon admin #4: (Global) NO SQUAD XML: ENGLISH ONLY IN SIDE CHAT: VEHICLES AND GEAR CAN BE STOLEN ANYWHERE
﻿18:45:05 : Player #4 Turmoil disconnected
﻿18:47:38 : Player #13 jinx disconnected
﻿18:48:53 : Player #4 II TheElite II (83.86.22.79:3302) connected
﻿18:48:54 : Player #4 II TheElite II - GUID: e0d29edb33378bbc6d6506b5f581dd6a (unverified)
﻿18:48:55 : Verified GUID (e0d29edb33378bbc6d6506b5f581dd6a) of player #4 II TheElite II
﻿18:48:55 : Player #4 II TheElite II - Legacy GUID: 0683f2e6246fca2d44581d59ce516fea
﻿18:49:06 : Player #4 II TheElite II disconnected
﻿18:50:39 : RCon admin #4: (Global) ADMINS: LWB AND SIERRA | VISIT THE WEBSITE FOR DONATION PERKS | SURVIVALIST-DAYZ.COM
﻿18:57:35 : Player #11 LWB [SD] disconnected
﻿19:04:39 : RCon admin #4: (Global) BASES MUST BE MAINTAINED VIA THE PLOT POLE EVERY 7 DAYS!!
﻿19:08:12 : RCon admin #2 (86.162.43.39:58012) logged in
﻿19:09:39 : RCon admin #4: (Global) NO SQUAD XML: ENGLISH ONLY IN SIDE CHAT: VEHICLES AND GEAR CAN BE STOLEN ANYWHERE
﻿19:10:13 : RCon admin #3 (86.162.43.39:58013) logged in
﻿19:10:40 : RCon admin #2 (86.162.43.39:65368) logged in
﻿19:14:59 : RCon admin #5 (86.162.43.39:56250) logged in
﻿19:15:34 : Player #4 Ovidiu (92.114.52.92:3302) connected
﻿19:15:35 : Player #4 Ovidiu disconnected
﻿19:15:47 : Player #4 Joshuaa (151.227.59.78:2304) connected
﻿19:15:49 : Player #4 Joshuaa - GUID: b49ef5033d1e6ae4e10a59a4830e0c53 (unverified)
﻿19:15:50 : Player #4 Joshuaa - Legacy GUID: d3a50ec0b3c8a1b05ecf53e7a4ae2f00
﻿19:15:50 : Verified GUID (b49ef5033d1e6ae4e10a59a4830e0c53) of player #4 Joshuaa
﻿19:17:00 : Player #4 Joshuaa disconnected
﻿19:18:53 : Player #4 Joshuaa (151.227.59.78:2304) connected
﻿19:18:54 : Player #4 Joshuaa - GUID: b49ef5033d1e6ae4e10a59a4830e0c53 (unverified)
﻿19:18:55 : Verified GUID (b49ef5033d1e6ae4e10a59a4830e0c53) of player #4 Joshuaa
﻿19:18:55 : Player #4 Joshuaa - Legacy GUID: d3a50ec0b3c8a1b05ecf53e7a4ae2f00
﻿19:18:57 : Player #4 Joshuaa disconnected
﻿19:20:25 : Player #4 Joshuaa (151.227.59.78:2304) connected
﻿19:20:26 : Player #4 Joshuaa - GUID: b49ef5033d1e6ae4e10a59a4830e0c53 (unverified)
﻿19:20:26 : Verified GUID (b49ef5033d1e6ae4e10a59a4830e0c53) of player #4 Joshuaa
﻿19:20:27 : Player #4 Joshuaa - Legacy GUID: d3a50ec0b3c8a1b05ecf53e7a4ae2f00
﻿19:20:39 : RCon admin #4: (Global) ADMINS: LWB AND SIERRA | VISIT THE WEBSITE FOR DONATION PERKS | SURVIVALIST-DAYZ.COM
﻿19:22:09 : Player #3 LiikE disconnected
﻿19:23:43 : Player #3 Alonso (92.114.52.92:3302) connected
﻿19:23:45 : Player #3 Alonso disconnected
﻿19:24:14 : Player #3 Mario (188.26.79.21:3302) connected
﻿19:24:15 : Player #3 Mario - GUID: 1daf4deee2cb2cdbf48266893826a6d7 (unverified)
﻿19:24:16 : Player #3 Mario - Legacy GUID: 19c7c6a4420f22d99240bb7c03666bf1
﻿19:24:16 : Verified GUID (1daf4deee2cb2cdbf48266893826a6d7) of player #3 Mario
﻿19:24:19 : Player #3 Mario disconnected
﻿19:24:45 : Player #3 Sergio (179.26.63.205:20885) connected
﻿19:24:47 : Player #3 Sergio - Legacy GUID: 4ed0ed508937ec13cea9a33b15806a2c
﻿19:24:48 : Player #3 Sergio - GUID: fe0876ecc546e9c2d484bac1dbac2c82 (unverified)
﻿19:24:50 : Verified GUID (fe0876ecc546e9c2d484bac1dbac2c82) of player #3 Sergio
﻿19:27:27 : RCon admin #3 (86.162.43.39:49606) logged in
﻿19:29:04 : Player #3 Sergio disconnected
﻿19:29:27 : Player #3 Ovidiu (92.114.52.92:3302) connected
﻿19:29:28 : Player #3 Ovidiu disconnected
﻿19:30:55 : Player #3 Sergio (179.26.63.205:20885) connected
﻿19:30:56 : Player #3 Sergio - GUID: fe0876ecc546e9c2d484bac1dbac2c82 (unverified)
﻿19:30:57 : Verified GUID (fe0876ecc546e9c2d484bac1dbac2c82) of player #3 Sergio
﻿19:30:57 : Player #3 Sergio - Legacy GUID: 4ed0ed508937ec13cea9a33b15806a2c
﻿19:32:50 : Player #3 Sergio disconnected
﻿19:33:42 : Player #3 Sergio (179.26.63.205:20885) connected
﻿19:33:44 : Player #3 Sergio - GUID: fe0876ecc546e9c2d484bac1dbac2c82 (unverified)
﻿19:33:44 : Player #3 Sergio - Legacy GUID: 4ed0ed508937ec13cea9a33b15806a2c
﻿19:33:45 : Verified GUID (fe0876ecc546e9c2d484bac1dbac2c82) of player #3 Sergio
﻿19:34:39 : RCon admin #4: (Global) BASES MUST BE MAINTAINED VIA THE PLOT POLE EVERY 7 DAYS!!
﻿19:36:31 : Player #1 freedom (32974eed83d84dab3c6a86016f1a1d12) has been kicked by BattlEye: Ping too high (796)
﻿19:38:07 : Player #1 freedom (173.85.71.79:2304) connected
﻿19:38:08 : Player #1 freedom - GUID: 32974eed83d84dab3c6a86016f1a1d12 (unverified)
﻿19:38:09 : Player #1 freedom - Legacy GUID: 97a8c85ef5bf1164b1deba8cac447118
﻿19:38:09 : Verified GUID (32974eed83d84dab3c6a86016f1a1d12) of player #1 freedom
﻿19:38:33 : RCon admin #4: (To Paul) Watch your language. No Warnings left. Next badword will result in kick
﻿19:39:38 : RCon admin #4: (Global) NO SQUAD XML: ENGLISH ONLY IN SIDE CHAT: VEHICLES AND GEAR CAN BE STOLEN ANYWHERE
﻿19:43:02 : Player #9 Peaches (212.159.68.89:3302) connected
﻿19:43:04 : Player #9 Peaches - GUID: 88775deef134d016b608de35b27628bb (unverified)
﻿19:43:04 : Player #9 Peaches - Legacy GUID: a555a97b53da7931fc784cb5d6dca50a
﻿19:43:04 : Verified GUID (88775deef134d016b608de35b27628bb) of player #9 Peaches
﻿19:44:19 : RCon admin #2: (Global) LWB: Whats up Jesse?
﻿19:45:39 : RCon admin #4: (Global) Server will restart in 10 minutes
﻿19:45:56 : Player #9 Peaches disconnected
﻿19:46:13 : RCon admin #2: (Global) LWB: Where does it say its 11% damaged?
﻿19:46:55 : Player #9 LiikE (93.238.127.119:3302) connected
﻿19:46:57 : Player #9 LiikE - GUID: 041b90c32544fbf9725252bbd2bc6d9d (unverified)
﻿19:46:58 : Player #9 LiikE - Legacy GUID: 9e60a90ed4cf0dc70b3ce91abbe61505
﻿19:46:58 : Verified GUID (041b90c32544fbf9725252bbd2bc6d9d) of player #9 LiikE
﻿19:47:02 : RCon admin #2: (Global) LWB: Just maintainance damage probably
﻿19:47:06 : RCon admin #2: (Global) LWB: so you can mainatin it
﻿19:47:48 : Player #11 LWB [SD] (86.162.43.39:2304) connected
﻿19:47:49 : Player #11 LWB [SD] - GUID: bc07c7c39c76cf95a7a434d686d9df66 (unverified)
﻿19:47:50 : Verified GUID (bc07c7c39c76cf95a7a434d686d9df66) of player #11 LWB [SD]
﻿19:47:50 : Player #11 LWB [SD] - Legacy GUID: 977383e15b6c706cac44ca953ba440c7
﻿19:48:54 : RCon admin #5 (86.162.43.39:54020) logged in
﻿19:49:15 : RCon admin #2 (86.162.43.39:49398) logged in
﻿19:49:37 : Player #13 Winans (178.200.93.19:3302) connected
﻿19:49:38 : Player #13 Winans - GUID: 5cfd15b84e558bc0ef1f0210efc34126 (unverified)
﻿19:49:39 : Player #13 Winans - Legacy GUID: a5953aeb5d5414bdf99a6fe9cbecf6c4
﻿19:49:39 : Verified GUID (5cfd15b84e558bc0ef1f0210efc34126) of player #13 Winans
﻿19:49:57 : Player #14 Fedequeso (179.26.63.205:21516) connected
﻿19:50:01 : Player #3 Sergio (fe0876ecc546e9c2d484bac1dbac2c82) has been kicked by BattlEye: Ping too high (1953)
﻿19:50:02 : Player #14 Fedequeso - Legacy GUID: d0e2adc9034332e96bd0c3fb6c246660
﻿19:50:04 : Player #14 Fedequeso - Legacy GUID: d0e2adc9034332e96bd0c3fb6c246660
﻿19:50:06 : Player #14 Fedequeso - GUID: 62316b054581b2bcf2fb402c103e1e21 (unverified)
﻿19:50:09 : Verified GUID (62316b054581b2bcf2fb402c103e1e21) of player #14 Fedequeso
﻿19:50:30 : RCon admin #3 (86.162.43.39:60933) logged in
﻿19:50:39 : RCon admin #4: (Global) ADMINS: LWB AND SIERRA | VISIT THE WEBSITE FOR DONATION PERKS | SURVIVALIST-DAYZ.COM
﻿19:50:39 : RCon admin #4: (Global) Server will restart in 5 minutes: Prepare to Logout
﻿19:50:49 : Player #7 Fontes disconnected
﻿19:51:00 : Player #3 Sergio (179.26.63.205:20885) connected
﻿19:51:02 : Player #3 Sergio - GUID: fe0876ecc546e9c2d484bac1dbac2c82 (unverified)
﻿19:51:03 : Player #3 Sergio - Legacy GUID: 4ed0ed508937ec13cea9a33b15806a2c
﻿19:51:03 : Verified GUID (fe0876ecc546e9c2d484bac1dbac2c82) of player #3 Sergio
﻿19:51:48 : RCon admin #5 (86.162.43.39:62775) logged in
﻿19:52:00 : Player #1 freedom disconnected
﻿19:53:25 : RCon admin #0 (86.162.43.39:57116) logged in
﻿19:53:39 : RCon admin #4: (Global) The Server is about to restart. LOG OUT NOW OR YOUR GEAR MAY BE LOST!!
﻿19:53:55 : Player #6 Arne disconnected
﻿19:54:03 : Player #0 yavvs disconnected
﻿19:54:11 : Player #8 Hailstorm disconnected
﻿19:54:25 : Player #10 matsa disconnected
﻿19:54:55 : Player #13 Winans disconnected
﻿19:55:05 : Player #3 Sergio disconnected
﻿19:55:05 : Player #11 LWB [SD] disconnected
﻿19:55:08 : RCon admin #4: (Global) YOU SHOULD BE LOGGED OUT BY NOW! IF YOU ARENT YOU WILL BE AUTO KICKED AND YOUR GEAR MAY BE LOST! NO REFUNDS!
﻿19:55:15 : Player #2 [NG2] Jesse disconnected
﻿19:56:12 : Rcon client logging in
﻿19:56:14 : RCon admin #4 (78.31.67.100:65105) logged in
﻿19:56:23 : Player #1 Hailstorm (93.222.250.59:3302) connected
﻿19:56:24 : Player #1 Hailstorm - GUID: 0692c4867addd58d9591110bb02a6244 (unverified)
﻿19:56:25 : Verified GUID (0692c4867addd58d9591110bb02a6244) of player #1 Hailstorm
﻿19:56:25 : Player #1 Hailstorm - Legacy GUID: e22681f3383bb6138a608cbe99764fe1
﻿19:56:36 : Player #2 yavvs (88.84.181.221:2304) connected
﻿19:56:37 : Player #2 yavvs - GUID: 51aabec53b0be7fc6e83b32d8b08c7d8 (unverified)
﻿19:56:38 : Player #2 yavvs disconnected
﻿19:56:39 : Player #2 Sergio (179.26.63.205:20885) connected
﻿19:56:40 : Player #3 Fontes (145.133.89.241:3302) connected
﻿19:56:41 : Player #4 yavvs (88.84.181.221:2304) connected
﻿19:56:42 : Player #3 Fontes - GUID: 187a1e1810786b2322e86853e7abf1c6 (unverified)
﻿19:56:42 : Player #2 Sergio - GUID: fe0876ecc546e9c2d484bac1dbac2c82 (unverified)
﻿19:56:42 : Player #4 yavvs - GUID: 51aabec53b0be7fc6e83b32d8b08c7d8 (unverified)
﻿19:56:42 : Verified GUID (187a1e1810786b2322e86853e7abf1c6) of player #3 Fontes
﻿19:56:42 : Verified GUID (fe0876ecc546e9c2d484bac1dbac2c82) of player #2 Sergio
﻿19:56:42 : Player #2 Sergio - Legacy GUID: 4ed0ed508937ec13cea9a33b15806a2c
﻿19:56:42 : Verified GUID (51aabec53b0be7fc6e83b32d8b08c7d8) of player #4 yavvs
﻿19:56:42 : Player #3 Fontes - Legacy GUID: b0975ebb07d96be3ad9fc48436bd1844
﻿19:56:43 : Player #4 yavvs - Legacy GUID: 93f2ecec9add17c3438526fca7fc69c8
﻿19:56:58 : Player #5 freedom (173.85.71.79:2304) connected
﻿19:57:00 : Player #5 freedom - GUID: 32974eed83d84dab3c6a86016f1a1d12 (unverified)
﻿19:57:00 : Player #6 matsa (88.84.170.77:3302) connected
﻿19:57:00 : Verified GUID (32974eed83d84dab3c6a86016f1a1d12) of player #5 freedom
﻿19:57:00 : Player #7 Faldehals (94.219.213.167:2304) connected
﻿19:57:00 : Player #5 freedom - Legacy GUID: 97a8c85ef5bf1164b1deba8cac447118
﻿19:57:01 : Player #6 matsa - GUID: 137924a3a9f7fe8fd94b9512a5161983 (unverified)
﻿19:57:01 : Player #5 freedom disconnected
﻿19:57:02 : Verified GUID (137924a3a9f7fe8fd94b9512a5161983) of player #6 matsa
﻿19:57:02 : Player #7 Faldehals - GUID: e2dfd1a22f76dbc861d8a2c62272e0a2 (unverified)
﻿19:57:02 : Player #6 matsa - Legacy GUID: d6248849c6f8aa7570c93fb165895310
﻿19:57:02 : Verified GUID (e2dfd1a22f76dbc861d8a2c62272e0a2) of player #7 Faldehals
﻿19:57:02 : Player #7 Faldehals - Legacy GUID: 7fb497ad8af0eff5840c19924878df22
﻿19:57:11 : Player #5 Fedequeso (179.26.63.205:21516) connected
﻿19:57:13 : Player #5 Fedequeso - GUID: 62316b054581b2bcf2fb402c103e1e21 (unverified)
﻿19:57:14 : Player #5 Fedequeso - Legacy GUID: d0e2adc9034332e96bd0c3fb6c246660
﻿19:57:14 : Verified GUID (62316b054581b2bcf2fb402c103e1e21) of player #5 Fedequeso
﻿19:57:24 : Player #8 Arne (2.104.45.123:3302) connected
﻿19:57:25 : Player #8 Arne - GUID: 438b3f774367dfe1203639f51a6f5c4f (unverified)
﻿19:57:25 : Verified GUID (438b3f774367dfe1203639f51a6f5c4f) of player #8 Arne
﻿19:57:26 : Player #8 Arne - Legacy GUID: 8aec1d74ca7b7b889f081e10656686f1
﻿19:57:28 : Player #9 freedom (173.85.71.79:2304) connected
﻿19:57:30 : Player #9 freedom - GUID: 32974eed83d84dab3c6a86016f1a1d12 (unverified)
﻿19:57:30 : Verified GUID (32974eed83d84dab3c6a86016f1a1d12) of player #9 freedom
﻿19:57:30 : Player #9 freedom - Legacy GUID: 97a8c85ef5bf1164b1deba8cac447118
﻿19:57:33 : Player #9 freedom disconnected
﻿19:58:06 : Player #9 freedom (173.85.71.79:2304) connected
﻿19:58:08 : Player #9 freedom - GUID: 32974eed83d84dab3c6a86016f1a1d12 (unverified)
﻿19:58:08 : Verified GUID (32974eed83d84dab3c6a86016f1a1d12) of player #9 freedom
﻿19:58:09 : Player #9 freedom - Legacy GUID: 97a8c85ef5bf1164b1deba8cac447118
﻿19:58:57 : Player #10 Joshuaa (151.227.59.78:2304) connected
﻿19:58:58 : Player #10 Joshuaa - GUID: b49ef5033d1e6ae4e10a59a4830e0c53 (unverified)
﻿19:58:59 : Verified GUID (b49ef5033d1e6ae4e10a59a4830e0c53) of player #10 Joshuaa
﻿19:58:59 : Player #10 Joshuaa - Legacy GUID: d3a50ec0b3c8a1b05ecf53e7a4ae2f00
﻿19:59:15 : Player #2 Sergio disconnected
﻿19:59:17 : Player #2 Master (91.86.154.171:3302) connected
﻿19:59:18 : Player #2 Master - GUID: 9d011eba2f321be9d0ef6ab724c732fe (unverified)
﻿19:59:19 : Verified GUID (9d011eba2f321be9d0ef6ab724c732fe) of player #2 Master
﻿19:59:19 : Player #2 Master - Legacy GUID: 63e6848d6e8a00d2c7e9a9f4514b396a
﻿19:59:34 : Player #11 LWB [SD] (86.162.43.39:2304) connected
﻿19:59:35 : Player #11 LWB [SD] - GUID: bc07c7c39c76cf95a7a434d686d9df66 (unverified)
﻿19:59:36 : Verified GUID (bc07c7c39c76cf95a7a434d686d9df66) of player #11 LWB [SD]
﻿19:59:36 : Player #11 LWB [SD] - Legacy GUID: 977383e15b6c706cac44ca953ba440c7
﻿19:59:44 : Player #12 NEGAN (194.135.16.55:3302) connected
﻿19:59:48 : Player #12 NEGAN - GUID: 4d5241c1fd33ddbc9dd8fc236fbc1edd (unverified)
﻿19:59:48 : Verified GUID (4d5241c1fd33ddbc9dd8fc236fbc1edd) of player #12 NEGAN
﻿19:59:48 : Player #12 NEGAN - Legacy GUID: c900ba533f5f2e1347e26f45aad72197
﻿20:00:00 : Player #13 Sergio (179.26.63.205:20885) connected
﻿20:00:01 : Player #13 Sergio - GUID: fe0876ecc546e9c2d484bac1dbac2c82 (unverified)
﻿20:00:02 : Verified GUID (fe0876ecc546e9c2d484bac1dbac2c82) of player #13 Sergio
﻿20:00:02 : Player #13 Sergio - Legacy GUID: 4ed0ed508937ec13cea9a33b15806a2c
﻿20:00:48 : Player #14 Ovidiu (92.114.52.92:3302) connected
﻿20:00:50 : Player #14 Ovidiu disconnected
﻿20:02:58 : Player #14 Winans (178.200.93.19:3302) connected
﻿20:02:59 : Player #14 Winans - GUID: 5cfd15b84e558bc0ef1f0210efc34126 (unverified)
﻿20:02:59 : Verified GUID (5cfd15b84e558bc0ef1f0210efc34126) of player #14 Winans
﻿20:03:00 : Player #14 Winans - Legacy GUID: a5953aeb5d5414bdf99a6fe9cbecf6c4
﻿20:06:07 : Player #15 Cochice (193.106.163.67:27258) connected
﻿20:06:08 : Player #15 Cochice - GUID: e520188ccc08413e0987fb0a4d9310f5 (unverified)
﻿20:06:09 : Verified GUID (e520188ccc08413e0987fb0a4d9310f5) of player #15 Cochice
﻿20:06:09 : Player #15 Cochice - Legacy GUID: d2647f97bad154c8c5ddd1d4bc02169c
﻿20:07:11 : Player #16 LiikE (93.238.127.119:3302) connected
﻿20:07:12 : Player #16 LiikE - GUID: 041b90c32544fbf9725252bbd2bc6d9d (unverified)
﻿20:07:13 : Verified GUID (041b90c32544fbf9725252bbd2bc6d9d) of player #16 LiikE
﻿20:07:13 : Player #16 LiikE - Legacy GUID: 9e60a90ed4cf0dc70b3ce91abbe61505
﻿20:08:29 : Player #17 Peaches (212.159.68.89:3302) connected
﻿20:08:30 : Player #17 Peaches - GUID: 88775deef134d016b608de35b27628bb (unverified)
﻿20:08:31 : Verified GUID (88775deef134d016b608de35b27628bb) of player #17 Peaches
﻿20:08:31 : Player #17 Peaches - Legacy GUID: a555a97b53da7931fc784cb5d6dca50a
﻿20:10:00 : Player #9 freedom disconnected
﻿20:10:12 : RCon admin #4: (Global) NO SQUAD XML: ENGLISH ONLY IN SIDE CHAT: VEHICLES AND GEAR CAN BE STOLEN ANYWHERE
﻿20:10:42 : Player #9 Turmoil (85.164.44.228:3302) connected
﻿20:10:43 : Player #9 Turmoil - GUID: 078d3175e22fad797d9a152aaaa83806 (unverified)
﻿20:10:43 : Verified GUID (078d3175e22fad797d9a152aaaa83806) of player #9 Turmoil
﻿20:10:44 : Player #9 Turmoil - Legacy GUID: 153330a3c1eb9ccf7092e322ab07ebb0
﻿20:11:09 : RCon admin #5 (86.162.43.39:50673) logged in
﻿20:16:12 : Player #9 Turmoil disconnected
﻿20:21:12 : RCon admin #4: (Global) ADMINS: LWB AND SIERRA | VISIT THE WEBSITE FOR DONATION PERKS | SURVIVALIST-DAYZ.COM
﻿20:27:29 : Player #9 Ovidiu (92.114.52.92:3302) connected
﻿20:27:31 : Player #9 Ovidiu disconnected
﻿20:31:50 : Player #9 M.K. (109.101.224.92:2304) connected
﻿20:31:52 : Player #9 M.K. - GUID: 571fb2e0f2eb39ffd202006f98ed4e00 (unverified)
﻿20:31:52 : Player #9 M.K. - Legacy GUID: 88cbf0cb339b2fdd89e58c1466b5f40f
﻿20:31:52 : Verified GUID (571fb2e0f2eb39ffd202006f98ed4e00) of player #9 M.K.
﻿20:32:45 : Player #18 Kolychyi (91.225.20.248:2304) connected
﻿20:32:47 : Player #18 Kolychyi - GUID: 0f946215604c57e24fb6343d77a26b27 (unverified)
﻿20:32:47 : Verified GUID (0f946215604c57e24fb6343d77a26b27) of player #18 Kolychyi
﻿20:32:47 : Player #18 Kolychyi - Legacy GUID: 0f4d7aa66dc5febc647625b75a500571
﻿20:33:00 : Player #19 [NG2] Jesse (145.133.183.236:3302) connected
﻿20:33:01 : Player #19 [NG2] Jesse - GUID: 1f7a31a6c97ae9822a9e4dcb3de0e9a0 (unverified)
﻿20:33:02 : Player #20 JOKKER (31.183.181.94:55216) connected
﻿20:33:02 : Player #19 [NG2] Jesse - Legacy GUID: aa29d15133c89f949e71190836ad19cb
﻿20:33:03 : Player #20 JOKKER - GUID: 9b50f96b0bc3642de439efe5eca92b07 (unverified)
﻿20:33:04 : Player #20 JOKKER - Legacy GUID: ce7adedb0255e76074897984eefe044f
﻿20:33:07 : Player #19 [NG2] Jesse disconnected
﻿20:33:08 : Verified GUID (9b50f96b0bc3642de439efe5eca92b07) of player #20 JOKKER
﻿20:33:54 : Player #19 justd (31.183.164.1:29371) connected
﻿20:33:55 : Player #19 justd - GUID: 36f828101044602a8cba1fdc2431b9e4 (unverified)
﻿20:33:56 : Verified GUID (36f828101044602a8cba1fdc2431b9e4) of player #19 justd
﻿20:33:56 : Player #19 justd - Legacy GUID: 483be746b22de409c7b109f8010191e7
﻿20:33:57 : Player #19 justd disconnected
﻿20:35:12 : RCon admin #4: (Global) BASES MUST BE MAINTAINED VIA THE PLOT POLE EVERY 7 DAYS!!
﻿20:35:23 : Player #19 [NG2] Jesse (145.133.183.236:3302) connected
﻿20:35:24 : Player #19 [NG2] Jesse - GUID: 1f7a31a6c97ae9822a9e4dcb3de0e9a0 (unverified)
﻿20:35:25 : Verified GUID (1f7a31a6c97ae9822a9e4dcb3de0e9a0) of player #19 [NG2] Jesse
﻿20:35:25 : Player #19 [NG2] Jesse - Legacy GUID: aa29d15133c89f949e71190836ad19cb
﻿20:35:50 : Player #1 Hailstorm disconnected
﻿20:36:34 : Player #14 Winans disconnected
﻿20:37:10 : Player #1 justd (31.183.164.1:29412) connected
﻿20:37:11 : Player #1 justd - GUID: 36f828101044602a8cba1fdc2431b9e4 (unverified)
﻿20:37:12 : Verified GUID (36f828101044602a8cba1fdc2431b9e4) of player #1 justd
﻿20:37:12 : Player #1 justd - Legacy GUID: 483be746b22de409c7b109f8010191e7
﻿20:37:13 : Player #1 justd disconnected
﻿20:37:32 : Player #7 Faldehals disconnected
﻿20:37:49 : Player #16 LiikE disconnected
﻿20:39:53 : Player #19 [NG2] Jesse disconnected
﻿20:40:13 : RCon admin #4: (Global) NO SQUAD XML: ENGLISH ONLY IN SIDE CHAT: VEHICLES AND GEAR CAN BE STOLEN ANYWHERE
﻿20:40:54 : Player #1 freedom (173.85.71.79:2304) connected
﻿20:40:55 : Player #1 freedom - GUID: 32974eed83d84dab3c6a86016f1a1d12 (unverified)
﻿20:40:56 : Verified GUID (32974eed83d84dab3c6a86016f1a1d12) of player #1 freedom
﻿20:40:56 : Player #1 freedom - Legacy GUID: 97a8c85ef5bf1164b1deba8cac447118
﻿20:42:40 : RCon admin #1 (86.162.43.39:52529) logged in
﻿20:43:33 : Player #3 Fontes disconnected
﻿20:43:56 : Player #13 Sergio disconnected
﻿20:44:41 : Player #3 Sergio (179.26.63.205:20885) connected
﻿20:44:42 : Player #3 Sergio - GUID: fe0876ecc546e9c2d484bac1dbac2c82 (unverified)
﻿20:44:43 : Player #3 Sergio - Legacy GUID: 4ed0ed508937ec13cea9a33b15806a2c
﻿20:44:43 : Verified GUID (fe0876ecc546e9c2d484bac1dbac2c82) of player #3 Sergio
﻿20:45:05 : Player #8 Arne disconnected
﻿20:46:39 : Player #3 Sergio (fe0876ecc546e9c2d484bac1dbac2c82) has been kicked by BattlEye: Client not responding
﻿20:46:40 : Player #5 Fedequeso (62316b054581b2bcf2fb402c103e1e21) has been kicked by BattlEye: Client not responding
﻿20:47:51 : Player #3 justd (31.183.164.1:26488) connected
﻿20:47:52 : Player #3 justd - GUID: 36f828101044602a8cba1fdc2431b9e4 (unverified)
﻿20:47:53 : Player #3 justd - Legacy GUID: 483be746b22de409c7b109f8010191e7
﻿20:47:55 : Player #3 justd disconnected
﻿20:48:20 : Player #3 Paul (79.95.1.64:3302) connected
﻿20:48:22 : Player #3 Paul - GUID: 121fdb8d6f91480138f854c8d10e8b64 (unverified)
﻿20:48:23 : Player #3 Paul - Legacy GUID: 99d7743dc085ee1f119244b9aec57a5b
﻿20:48:23 : Verified GUID (121fdb8d6f91480138f854c8d10e8b64) of player #3 Paul
﻿20:49:10 : Player #5 justd (31.183.164.1:32074) connected
﻿20:49:12 : Player #5 justd - GUID: 36f828101044602a8cba1fdc2431b9e4 (unverified)
﻿20:49:12 : Verified GUID (36f828101044602a8cba1fdc2431b9e4) of player #5 justd
﻿20:49:13 : Player #5 justd - Legacy GUID: 483be746b22de409c7b109f8010191e7
﻿20:49:46 : Player #7 Turmoil (85.164.44.228:3302) connected
﻿20:49:47 : Player #7 Turmoil - GUID: 078d3175e22fad797d9a152aaaa83806 (unverified)
﻿20:49:48 : Player #7 Turmoil - Legacy GUID: 153330a3c1eb9ccf7092e322ab07ebb0
﻿20:49:48 : Verified GUID (078d3175e22fad797d9a152aaaa83806) of player #7 Turmoil
﻿20:49:50 : Player #8 [NG2] Jesse (145.133.183.236:3302) connected
﻿20:49:52 : Player #8 [NG2] Jesse - GUID: 1f7a31a6c97ae9822a9e4dcb3de0e9a0 (unverified)
﻿20:49:52 : Verified GUID (1f7a31a6c97ae9822a9e4dcb3de0e9a0) of player #8 [NG2] Jesse
﻿20:49:52 : Player #8 [NG2] Jesse - Legacy GUID: aa29d15133c89f949e71190836ad19cb
﻿20:50:02 : Player #13 Fedequeso (186.48.46.121:22185) connected
﻿20:50:03 : Player #13 Fedequeso - GUID: 62316b054581b2bcf2fb402c103e1e21 (unverified)
﻿20:50:04 : Player #13 Fedequeso - Legacy GUID: d0e2adc9034332e96bd0c3fb6c246660
﻿20:50:05 : Verified GUID (62316b054581b2bcf2fb402c103e1e21) of player #13 Fedequeso
﻿20:51:13 : RCon admin #4: (Global) ADMINS: LWB AND SIERRA | VISIT THE WEBSITE FOR DONATION PERKS | SURVIVALIST-DAYZ.COM
﻿20:51:54 : Player #13 Fedequeso (62316b054581b2bcf2fb402c103e1e21) has been kicked by BattlEye: Ping too high (328)
﻿20:54:13 : Player #13 Ovidiu (92.114.52.92:3302) connected
﻿20:54:15 : Player #13 Ovidiu - GUID: 7df969c92ad86496670af3d3105fa7f9 (unverified)
﻿20:54:16 : Player #13 Ovidiu - Legacy GUID: ee925f9f455bcdecc7328b5bb06d44c0
﻿20:54:16 : Verified GUID (7df969c92ad86496670af3d3105fa7f9) of player #13 Ovidiu
﻿20:54:16 : Player #13 Ovidiu disconnected
﻿20:58:28 : Player #13 Ovidiu (92.114.52.92:3302) connected
﻿20:58:29 : Player #13 Ovidiu - GUID: 7df969c92ad86496670af3d3105fa7f9 (unverified)
﻿20:58:30 : Player #13 Ovidiu - Legacy GUID: ee925f9f455bcdecc7328b5bb06d44c0
﻿20:58:32 : Verified GUID (7df969c92ad86496670af3d3105fa7f9) of player #13 Ovidiu
﻿20:58:32 : Player #13 Ovidiu disconnected
﻿20:58:41 : Player #13 bubonic (98.109.143.103:2304) connected
﻿20:58:45 : Player #13 bubonic - GUID: ce9e2529e3652b286093af86e2a3e35d (unverified)
﻿20:58:45 : Player #13 bubonic - Legacy GUID: 6f15400a07b5e91507620078bdba7fcb
﻿20:58:47 : Verified GUID (ce9e2529e3652b286093af86e2a3e35d) of player #13 bubonic
﻿20:59:48 : Player #14 Plump_Puffin (81.140.24.139:2304) connected
﻿20:59:49 : Player #14 Plump_Puffin - GUID: fe7acf8fabd01a92b100cf5de6e9ba17 (unverified)
﻿20:59:50 : Player #14 Plump_Puffin - Legacy GUID: 3864cfa9cd2cbac80b622ae556fda959
﻿20:59:53 : Verified GUID (fe7acf8fabd01a92b100cf5de6e9ba17) of player #14 Plump_Puffin
﻿20:59:54 : Player #14 Plump_Puffin disconnected
﻿21:00:48 : Player #14 Ovidiu (92.114.52.92:3302) connected
﻿21:00:49 : Player #14 Ovidiu - GUID: 7df969c92ad86496670af3d3105fa7f9 (unverified)
﻿21:00:50 : Player #14 Ovidiu - Legacy GUID: ee925f9f455bcdecc7328b5bb06d44c0
﻿21:00:50 : Verified GUID (7df969c92ad86496670af3d3105fa7f9) of player #14 Ovidiu
﻿21:01:37 : Player #16 Hailstorm (93.222.250.59:3302) connected
﻿21:01:38 : Player #16 Hailstorm - GUID: 0692c4867addd58d9591110bb02a6244 (unverified)
﻿21:01:39 : Player #16 Hailstorm - Legacy GUID: e22681f3383bb6138a608cbe99764fe1
﻿21:01:40 : Verified GUID (0692c4867addd58d9591110bb02a6244) of player #16 Hailstorm
﻿21:01:50 : Player #19 Fedequeso (186.48.46.121:25923) connected
﻿21:01:51 : Player #19 Fedequeso - GUID: 62316b054581b2bcf2fb402c103e1e21 (unverified)
﻿21:01:52 : Player #19 Fedequeso - Legacy GUID: d0e2adc9034332e96bd0c3fb6c246660
﻿21:01:55 : Verified GUID (62316b054581b2bcf2fb402c103e1e21) of player #19 Fedequeso
﻿21:02:10 : Player #21 Winans (178.200.93.19:3302) connected
﻿21:02:12 : Player #21 Winans - GUID: 5cfd15b84e558bc0ef1f0210efc34126 (unverified)
﻿21:02:13 : Player #21 Winans - Legacy GUID: a5953aeb5d5414bdf99a6fe9cbecf6c4
﻿21:02:13 : Verified GUID (5cfd15b84e558bc0ef1f0210efc34126) of player #21 Winans
﻿21:02:31 : Player #13 bubonic disconnected
﻿21:03:20 : Player #14 Ovidiu - Legacy GUID: ee925f9f455bcdecc7328b5bb06d44c0
﻿21:05:13 : RCon admin #4: (Global) BASES MUST BE MAINTAINED VIA THE PLOT POLE EVERY 7 DAYS!!
﻿21:07:01 : Player #17 Peaches disconnected
﻿21:08:34 : Player #13 SeregaKGB (5.228.63.40:3302) connected
﻿21:08:35 : Player #13 SeregaKGB - GUID: 148e533093a1a4e31a42832e3f810ba5 (unverified)
﻿21:08:36 : Verified GUID (148e533093a1a4e31a42832e3f810ba5) of player #13 SeregaKGB
﻿21:08:36 : Player #13 SeregaKGB - Legacy GUID: 339e77db759228367038831a40e159b4
﻿21:10:13 : RCon admin #4: (Global) NO SQUAD XML: ENGLISH ONLY IN SIDE CHAT: VEHICLES AND GEAR CAN BE STOLEN ANYWHERE
﻿21:11:34 : Player #14 Ovidiu disconnected
﻿21:12:05 : Player #1 freedom (32974eed83d84dab3c6a86016f1a1d12) has been kicked by BattlEye: Ping too high (609)
﻿21:12:32 : Player #1 freedom (173.85.71.79:2304) connected
﻿21:12:35 : Player #1 freedom - GUID: 32974eed83d84dab3c6a86016f1a1d12 (unverified)
﻿21:12:36 : Player #1 freedom - Legacy GUID: 97a8c85ef5bf1164b1deba8cac447118
﻿21:12:37 : Player #1 freedom disconnected
﻿21:12:43 : Player #1 freedom (173.85.71.79:2304) connected
﻿21:12:45 : Player #1 freedom - GUID: 32974eed83d84dab3c6a86016f1a1d12 (unverified)
﻿21:12:45 : Player #1 freedom - Legacy GUID: 97a8c85ef5bf1164b1deba8cac447118
﻿21:12:45 : Verified GUID (32974eed83d84dab3c6a86016f1a1d12) of player #1 freedom
﻿21:13:17 : Player #14 ZOMBIE SNIFFER (86.151.161.80:3302) connected
﻿21:13:19 : Player #14 ZOMBIE SNIFFER disconnected
﻿21:13:37 : Player #18 Kolychyi (0f946215604c57e24fb6343d77a26b27) has been kicked by BattlEye: Admin Kick (ENGLISH ONLY)
﻿21:15:05 : Player #14 Ming Wu (81.100.188.102:3302) connected
﻿21:15:06 : Player #14 Ming Wu - GUID: 762106ad97d1baf8ab8fc1702391289e (unverified)
﻿21:15:07 : Player #14 Ming Wu - Legacy GUID: e181a65bd589be3b1baf3cc8ee2891a5
﻿21:15:15 : Player #14 Ming Wu disconnected
﻿21:15:16 : Player #17 ZOMBIE SNIFFER (86.151.161.80:3302) connected
﻿21:15:17 : Player #17 ZOMBIE SNIFFER disconnected
﻿21:18:14 : Player #14 Ovidiu (92.114.52.92:3302) connected
﻿21:18:16 : Player #14 Ovidiu disconnected
﻿21:19:03 : Player #9 M.K. disconnected
﻿21:19:13 : Player #9 Cristi (46.102.35.99:3302) connected
﻿21:19:14 : Player #9 Cristi - GUID: 6e68f6ea10c7beb00abc7bfedc9b6f54 (unverified)
﻿21:19:15 : Player #9 Cristi - Legacy GUID: c9fadeaa2c29e36dd712aa14ff67f4c2
﻿21:19:16 : Verified GUID (6e68f6ea10c7beb00abc7bfedc9b6f54) of player #9 Cristi
﻿21:19:26 : Player #14 Ovidiu (92.114.52.92:3302) connected
﻿21:19:28 : Player #14 Ovidiu disconnected
﻿21:20:36 : Player #14 Centralsnipez (90.218.7.106:3302) connected
﻿21:20:37 : Player #14 Centralsnipez - GUID: 982e7e069726c60fb056dcd70ffc80e0 (unverified)
﻿21:20:38 : Player #14 Centralsnipez - Legacy GUID: e2ed61d2d23d60c6f040b0708d91d26f
﻿21:20:38 : Verified GUID (982e7e069726c60fb056dcd70ffc80e0) of player #14 Centralsnipez
﻿21:20:40 : Player #14 Centralsnipez disconnected
﻿21:21:13 : RCon admin #4: (Global) ADMINS: LWB AND SIERRA | VISIT THE WEBSITE FOR DONATION PERKS | SURVIVALIST-DAYZ.COM
﻿21:21:13 : Player #1 freedom disconnected
﻿21:24:04 : Player #1 Ovidiu (92.114.52.92:3302) connected
﻿21:24:05 : Player #1 Ovidiu disconnected
﻿21:25:40 : Player #19 Fedequeso disconnected
﻿21:26:54 : Player #1 Fedequeso (186.48.46.121:25923) connected
﻿21:26:56 : Player #1 Fedequeso - GUID: 62316b054581b2bcf2fb402c103e1e21 (unverified)
﻿21:26:57 : Player #1 Fedequeso - Legacy GUID: d0e2adc9034332e96bd0c3fb6c246660
﻿21:27:00 : Verified GUID (62316b054581b2bcf2fb402c103e1e21) of player #1 Fedequeso
﻿21:27:56 : Player #14 Sergio (186.48.46.121:26506) connected
﻿21:27:57 : Player #14 Sergio - GUID: fe0876ecc546e9c2d484bac1dbac2c82 (unverified)
﻿21:27:58 : Player #14 Sergio - Legacy GUID: 4ed0ed508937ec13cea9a33b15806a2c
﻿21:27:58 : Verified GUID (fe0876ecc546e9c2d484bac1dbac2c82) of player #14 Sergio
﻿21:28:08 : Player #17 Patriks (213.110.82.122:2304) connected
﻿21:28:10 : Player #17 Patriks - GUID: 0097ee7032ce1f1873329744381ed958 (unverified)
﻿21:28:11 : Player #17 Patriks - Legacy GUID: d42052aefc0430ea96308cca973f1428
﻿21:28:11 : Verified GUID (0097ee7032ce1f1873329744381ed958) of player #17 Patriks
﻿21:28:55 : Player #12 NEGAN (4d5241c1fd33ddbc9dd8fc236fbc1edd) has been kicked by BattlEye: Client not responding
﻿21:30:10 : Player #12 Ovidiu (92.114.52.92:3302) connected
﻿21:30:12 : Player #12 Ovidiu - GUID: 7df969c92ad86496670af3d3105fa7f9 (unverified)
﻿21:30:13 : Player #12 Ovidiu - Legacy GUID: ee925f9f455bcdecc7328b5bb06d44c0
﻿21:30:13 : Verified GUID (7df969c92ad86496670af3d3105fa7f9) of player #12 Ovidiu
﻿21:31:27 : RCon admin #0 (86.162.43.39:51601) logged in
﻿21:32:32 : RCon admin #4: (To Cristi) Watch your language. No Warnings left. Next badword will result in kick
﻿21:32:40 : Player #18 NEGAN (194.135.16.55:3302) connected
﻿21:32:42 : Player #18 NEGAN - GUID: 4d5241c1fd33ddbc9dd8fc236fbc1edd (unverified)
﻿21:32:43 : Player #18 NEGAN - Legacy GUID: c900ba533f5f2e1347e26f45aad72197
﻿21:32:43 : Verified GUID (4d5241c1fd33ddbc9dd8fc236fbc1edd) of player #18 NEGAN
﻿21:32:45 : Player #12 Ovidiu - Legacy GUID: ee925f9f455bcdecc7328b5bb06d44c0
﻿21:35:13 : RCon admin #4: (Global) BASES MUST BE MAINTAINED VIA THE PLOT POLE EVERY 7 DAYS!!
﻿21:36:31 : Player #19 ZOMBIE SNIFFER (86.151.161.80:3302) connected
﻿21:36:33 : Player #19 ZOMBIE SNIFFER disconnected
﻿21:39:51 : Player #17 Patriks disconnected
﻿21:40:13 : RCon admin #4: (Global) NO SQUAD XML: ENGLISH ONLY IN SIDE CHAT: VEHICLES AND GEAR CAN BE STOLEN ANYWHERE
﻿21:42:20 : Player #17 ZOMBIE SNIFFER (86.151.161.80:3302) connected
﻿21:42:22 : Player #17 ZOMBIE SNIFFER disconnected
﻿21:45:28 : Player #17 ZOMBIE SNIFFER (86.151.161.80:3302) connected
﻿21:45:29 : Player #17 ZOMBIE SNIFFER disconnected
﻿21:51:13 : RCon admin #4: (Global) ADMINS: LWB AND SIERRA | VISIT THE WEBSITE FOR DONATION PERKS | SURVIVALIST-DAYZ.COM
﻿21:52:24 : Player #10 Joshuaa disconnected
﻿21:55:42 : RCon admin #2 (86.162.43.39:61343) logged in
﻿21:58:01 : Player #4 yavvs (51aabec53b0be7fc6e83b32d8b08c7d8) has been kicked by BattlEye: Admin Ban
﻿21:58:07 : Player #6 matsa (137924a3a9f7fe8fd94b9512a5161983) has been kicked by BattlEye: Admin Ban
﻿21:59:52 : Player #13 SeregaKGB (148e533093a1a4e31a42832e3f810ba5) has been kicked by BattlEye: Admin Ban
﻿21:59:57 : Player #15 Cochice disconnected
﻿22:02:41 : Player #18 NEGAN disconnected
﻿22:05:13 : RCon admin #4: (Global) BASES MUST BE MAINTAINED VIA THE PLOT POLE EVERY 7 DAYS!!
﻿22:10:08 : Player #4 Joshuaa (151.227.59.78:2304) connected
﻿22:10:09 : Player #4 Joshuaa - GUID: b49ef5033d1e6ae4e10a59a4830e0c53 (unverified)
﻿22:10:10 : Player #4 Joshuaa - Legacy GUID: d3a50ec0b3c8a1b05ecf53e7a4ae2f00
﻿22:10:10 : Verified GUID (b49ef5033d1e6ae4e10a59a4830e0c53) of player #4 Joshuaa
﻿22:10:12 : RCon admin #4: (Global) NO SQUAD XML: ENGLISH ONLY IN SIDE CHAT: VEHICLES AND GEAR CAN BE STOLEN ANYWHERE
﻿22:10:19 : Player #4 Joshuaa disconnected
﻿22:10:40 : RCon admin #0 (86.162.43.39:57699) logged in
﻿22:11:08 : Player #4 Joshuaa (151.227.59.78:2304) connected
﻿22:11:09 : Player #4 Joshuaa - GUID: b49ef5033d1e6ae4e10a59a4830e0c53 (unverified)
﻿22:11:10 : Verified GUID (b49ef5033d1e6ae4e10a59a4830e0c53) of player #4 Joshuaa
﻿22:11:10 : Player #4 Joshuaa - Legacy GUID: d3a50ec0b3c8a1b05ecf53e7a4ae2f00
﻿22:14:15 : Player #1 Fedequeso (62316b054581b2bcf2fb402c103e1e21) has been kicked by BattlEye: Ping too high (328)
﻿22:14:17 : Player #14 Sergio (fe0876ecc546e9c2d484bac1dbac2c82) has been kicked by BattlEye: Ping too high (359)
﻿22:14:22 : Player #3 Paul disconnected
﻿22:15:18 : Player #1 Fedequeso (186.48.46.121:25923) connected
﻿22:15:19 : Player #3 Sergio (186.48.46.121:26506) connected
﻿22:15:19 : Player #1 Fedequeso - GUID: 62316b054581b2bcf2fb402c103e1e21 (unverified)
﻿22:15:20 : Player #1 Fedequeso - Legacy GUID: d0e2adc9034332e96bd0c3fb6c246660
﻿22:15:21 : Player #3 Sergio - Legacy GUID: 4ed0ed508937ec13cea9a33b15806a2c
﻿22:15:21 : Verified GUID (62316b054581b2bcf2fb402c103e1e21) of player #1 Fedequeso
﻿22:15:26 : Player #3 Sergio - GUID: fe0876ecc546e9c2d484bac1dbac2c82 (unverified)
﻿22:15:27 : Verified GUID (fe0876ecc546e9c2d484bac1dbac2c82) of player #3 Sergio
﻿22:16:07 : Player #1 Fedequeso (62316b054581b2bcf2fb402c103e1e21) has been kicked by BattlEye: Ping too high (344)
﻿22:16:13 : RCon admin #4: (Global) Server will restart in 10 minutes
﻿22:16:23 : Player #3 Sergio (fe0876ecc546e9c2d484bac1dbac2c82) has been kicked by BattlEye: Ping too high (406)
﻿22:17:02 : Player #1 Tronald Drump (81.158.86.108:2304) connected
﻿22:17:03 : Player #1 Tronald Drump - GUID: 0a284a6a46609b331d1223430dd16b65 (unverified)
﻿22:17:04 : Verified GUID (0a284a6a46609b331d1223430dd16b65) of player #1 Tronald Drump
﻿22:17:04 : Player #1 Tronald Drump - Legacy GUID: 027258a5ca093cff49d644af0998ae97
﻿22:18:17 : Player #3 Fedequeso (186.48.46.121:25923) connected
﻿22:18:18 : Player #3 Fedequeso - GUID: 62316b054581b2bcf2fb402c103e1e21 (unverified)
﻿22:18:19 : Player #3 Fedequeso - Legacy GUID: d0e2adc9034332e96bd0c3fb6c246660
﻿22:18:21 : Verified GUID (62316b054581b2bcf2fb402c103e1e21) of player #3 Fedequeso
﻿22:19:40 : Player #6 ZOMBIE SNIFFER (86.151.161.80:3302) connected
﻿22:19:42 : Player #6 ZOMBIE SNIFFER - GUID: b8ca479a1ab6f53a82cc8cf675c592fb (unverified)
﻿22:19:42 : Player #6 ZOMBIE SNIFFER - Legacy GUID: a830056c39f7a387c41bf30144c50896
﻿22:19:43 : Player #10 Skabora (151.226.137.70:2304) connected
﻿22:19:43 : Verified GUID (b8ca479a1ab6f53a82cc8cf675c592fb) of player #6 ZOMBIE SNIFFER
﻿22:19:44 : Player #10 Skabora - GUID: 46c95e54c0f8d4117f2721fe0655e642 (unverified)
﻿22:19:45 : Verified GUID (46c95e54c0f8d4117f2721fe0655e642) of player #10 Skabora
﻿22:19:45 : Player #10 Skabora - Legacy GUID: f6657ca057171ba47dd7041c816cd394
﻿22:21:13 : RCon admin #4: (Global) ADMINS: LWB AND SIERRA | VISIT THE WEBSITE FOR DONATION PERKS | SURVIVALIST-DAYZ.COM
﻿22:21:13 : RCon admin #4: (Global) Server will restart in 5 minutes: Prepare to Logout
﻿22:21:43 : Player #8 [NG2] Jesse disconnected
﻿22:22:09 : Player #8 Sergio (186.48.46.121:27503) connected
﻿22:22:10 : Player #8 Sergio - GUID: fe0876ecc546e9c2d484bac1dbac2c82 (unverified)
﻿22:22:11 : Player #8 Sergio - Legacy GUID: 4ed0ed508937ec13cea9a33b15806a2c
﻿22:22:12 : Player #6 ZOMBIE SNIFFER - Legacy GUID: a830056c39f7a387c41bf30144c50896
﻿22:22:13 : Verified GUID (fe0876ecc546e9c2d484bac1dbac2c82) of player #8 Sergio
﻿22:22:38 : Player #6 ZOMBIE SNIFFER disconnected
﻿22:22:42 : Player #5 justd disconnected
﻿22:22:51 : Player #20 JOKKER disconnected
﻿22:23:47 : Player #4 Joshuaa disconnected
﻿22:24:13 : RCon admin #4: (Global) The Server is about to restart. LOG OUT NOW OR YOUR GEAR MAY BE LOST!!
﻿22:24:28 : Player #12 Ovidiu disconnected
﻿22:24:30 : Player #21 Winans disconnected
﻿22:24:44 : Player #9 Cristi disconnected
﻿22:24:46 : Player #16 Hailstorm disconnected
﻿22:25:06 : Player #3 Fedequeso disconnected
﻿22:25:22 : Player #7 Turmoil disconnected
﻿22:25:42 : RCon admin #4: (Global) YOU SHOULD BE LOGGED OUT BY NOW! IF YOU ARENT YOU WILL BE AUTO KICKED AND YOUR GEAR MAY BE LOST! NO REFUNDS!
﻿22:26:46 : Rcon client logging in
﻿22:26:46 : RCon admin #4 (78.31.67.100:59087) logged in
﻿22:26:46 : Verified GUID (0a284a6a46609b331d1223430dd16b65) of player #1 Tronald Drump
﻿22:26:47 : Player #1 Tronald Drump - Legacy GUID: 027258a5ca093cff49d644af0998ae97
﻿22:27:15 : Player #2 Sergio (186.48.46.121:27503) connected
﻿22:27:17 : Player #2 Sergio - Legacy GUID: 4ed0ed508937ec13cea9a33b15806a2c
﻿22:27:18 : Player #2 Sergio - GUID: fe0876ecc546e9c2d484bac1dbac2c82 (unverified)
﻿22:27:18 : Verified GUID (fe0876ecc546e9c2d484bac1dbac2c82) of player #2 Sergio
﻿22:27:49 : Player #3 Turmoil (85.164.44.228:3302) connected
﻿22:27:51 : Player #3 Turmoil - GUID: 078d3175e22fad797d9a152aaaa83806 (unverified)
﻿22:27:51 : Verified GUID (078d3175e22fad797d9a152aaaa83806) of player #3 Turmoil
﻿22:27:52 : Player #3 Turmoil - Legacy GUID: 153330a3c1eb9ccf7092e322ab07ebb0
﻿22:28:36 : Player #4 [NG2] Jesse (145.133.183.236:3302) connected
﻿22:28:37 : Player #4 [NG2] Jesse - GUID: 1f7a31a6c97ae9822a9e4dcb3de0e9a0 (unverified)
﻿22:28:38 : Verified GUID (1f7a31a6c97ae9822a9e4dcb3de0e9a0) of player #4 [NG2] Jesse
﻿22:28:38 : Player #4 [NG2] Jesse - Legacy GUID: aa29d15133c89f949e71190836ad19cb
﻿22:29:24 : Player #5 Fedequeso (186.48.46.121:27849) connected
﻿22:29:25 : Player #5 Fedequeso - GUID: 62316b054581b2bcf2fb402c103e1e21 (unverified)
﻿22:29:26 : Player #5 Fedequeso - Legacy GUID: d0e2adc9034332e96bd0c3fb6c246660
﻿22:29:29 : Verified GUID (62316b054581b2bcf2fb402c103e1e21) of player #5 Fedequeso
﻿22:30:55 : Player #1 Tronald Drump disconnected
﻿22:31:57 : Player #1 Paul (79.95.1.64:3302) connected
﻿22:31:58 : Player #1 Paul - GUID: 121fdb8d6f91480138f854c8d10e8b64 (unverified)
﻿22:31:58 : Verified GUID (121fdb8d6f91480138f854c8d10e8b64) of player #1 Paul
﻿22:31:59 : Player #1 Paul - Legacy GUID: 99d7743dc085ee1f119244b9aec57a5b
﻿22:33:34 : Player #0 Skabora disconnected
﻿22:38:53 : Player #0 Master (91.86.154.171:3302) connected
﻿22:38:55 : Player #0 Master - Legacy GUID: 63e6848d6e8a00d2c7e9a9f4514b396a
﻿22:38:55 : Player #0 Master - GUID: 9d011eba2f321be9d0ef6ab724c732fe (unverified)
﻿22:38:57 : Player #0 Master disconnected
﻿22:39:49 : Player #5 Fedequeso disconnected
﻿22:40:46 : RCon admin #4: (Global) NO SQUAD XML: ENGLISH ONLY IN SIDE CHAT: VEHICLES AND GEAR CAN BE STOLEN ANYWHERE
﻿22:40:56 : Player #0 Fedequeso (186.48.46.121:27849) connected
﻿22:40:58 : Player #0 Fedequeso - GUID: 62316b054581b2bcf2fb402c103e1e21 (unverified)
﻿22:40:59 : Player #0 Fedequeso - Legacy GUID: d0e2adc9034332e96bd0c3fb6c246660
﻿22:41:02 : Player #0 Fedequeso disconnected
﻿22:42:16 : Player #0 Fedequeso (186.48.46.121:27849) connected
﻿22:42:18 : Player #0 Fedequeso - GUID: 62316b054581b2bcf2fb402c103e1e21 (unverified)
﻿22:42:18 : Player #0 Fedequeso - Legacy GUID: d0e2adc9034332e96bd0c3fb6c246660
﻿22:42:19 : Verified GUID (62316b054581b2bcf2fb402c103e1e21) of player #0 Fedequeso
﻿22:51:46 : RCon admin #4: (Global) ADMINS: LWB AND SIERRA | VISIT THE WEBSITE FOR DONATION PERKS | SURVIVALIST-DAYZ.COM
﻿22:56:06 : Player #5 freedom (173.85.71.79:2304) connected
﻿22:56:07 : Player #5 freedom - GUID: 32974eed83d84dab3c6a86016f1a1d12 (unverified)
﻿22:56:07 : Verified GUID (32974eed83d84dab3c6a86016f1a1d12) of player #5 freedom
﻿22:56:08 : Player #5 freedom - Legacy GUID: 97a8c85ef5bf1164b1deba8cac447118
﻿22:59:08 : Player #6 SooqaBlyat (88.196.32.120:2304) connected
﻿22:59:09 : Player #6 SooqaBlyat - GUID: 01fa97319b8120d5dc76c803f4b462e2 (unverified)
﻿22:59:10 : Verified GUID (01fa97319b8120d5dc76c803f4b462e2) of player #6 SooqaBlyat
﻿22:59:10 : Player #6 SooqaBlyat - Legacy GUID: a7792ab60fde4686107b4c281f094a21
﻿22:59:12 : Player #6 SooqaBlyat disconnected
﻿23:00:31 : Player #6 SooqaBlyat (88.196.32.120:2304) connected
﻿23:00:32 : Player #6 SooqaBlyat - GUID: 01fa97319b8120d5dc76c803f4b462e2 (unverified)
﻿23:00:33 : Player #6 SooqaBlyat - Legacy GUID: a7792ab60fde4686107b4c281f094a21
﻿23:00:39 : Verified GUID (01fa97319b8120d5dc76c803f4b462e2) of player #6 SooqaBlyat
﻿23:05:46 : RCon admin #4: (Global) BASES MUST BE MAINTAINED VIA THE PLOT POLE EVERY 7 DAYS!!
﻿23:10:46 : RCon admin #4: (Global) NO SQUAD XML: ENGLISH ONLY IN SIDE CHAT: VEHICLES AND GEAR CAN BE STOLEN ANYWHERE
﻿23:21:46 : RCon admin #4: (Global) ADMINS: LWB AND SIERRA | VISIT THE WEBSITE FOR DONATION PERKS | SURVIVALIST-DAYZ.COM
﻿23:26:01 : Player #7 Ryan (73.228.74.113:3302) connected
﻿23:26:02 : Player #7 Ryan - GUID: 94d09d174e279b17d9c2da18b066a3e8 (unverified)
﻿23:26:03 : Player #7 Ryan - Legacy GUID: e212a8a546ac6125a97a6bbe46cd26d1
﻿23:26:04 : Verified GUID (94d09d174e279b17d9c2da18b066a3e8) of player #7 Ryan
﻿23:26:42 : Player #8 Tomahawwk (73.228.74.113:1067) connected
﻿23:26:44 : Player #8 Tomahawwk - GUID: 4df3205ce40699e4ae1dd7e70aebdfa4 (unverified)
﻿23:26:44 : Player #8 Tomahawwk - Legacy GUID: cd64818205c717b6e25f802d6b891461
﻿23:26:44 : Verified GUID (4df3205ce40699e4ae1dd7e70aebdfa4) of player #8 Tomahawwk
﻿23:28:45 : RCon admin #5 (86.162.43.39:59262) logged in
﻿23:35:47 : RCon admin #4: (Global) BASES MUST BE MAINTAINED VIA THE PLOT POLE EVERY 7 DAYS!!
﻿23:37:10 : Player #8 Tomahawwk disconnected
﻿23:37:37 : Player #8 Tomahawwk (73.228.74.113:1067) connected
﻿23:37:38 : Player #8 Tomahawwk - GUID: 4df3205ce40699e4ae1dd7e70aebdfa4 (unverified)
﻿23:37:39 : Verified GUID (4df3205ce40699e4ae1dd7e70aebdfa4) of player #8 Tomahawwk
﻿23:37:39 : Player #8 Tomahawwk - Legacy GUID: cd64818205c717b6e25f802d6b891461
﻿23:38:52 : Could not connect to BE Master
﻿23:38:52 : Update attempt failed
﻿23:40:46 : RCon admin #4: (Global) NO SQUAD XML: ENGLISH ONLY IN SIDE CHAT: VEHICLES AND GEAR CAN BE STOLEN ANYWHERE
﻿23:51:46 : RCon admin #4: (Global) ADMINS: LWB AND SIERRA | VISIT THE WEBSITE FOR DONATION PERKS | SURVIVALIST-DAYZ.COM
﻿23:52:19 : RCon admin #2 (86.162.43.39:54905) logged in
