00:01:35 : RCon admin #4: (Global) BASES MUST BE MAINTAINED VIA THE PLOT POLE EVERY 7 DAYS!! VEHICLES MUST BE USED EVERY 3 DAYS!!
﻿00:06:35 : RCon admin #4: (Global) NO SQUAD XML: ENGLISH ONLY IN SIDE CHAT: VEHICLES AND GEAR CAN BE STOLEN ANYWHERE
﻿00:10:29 : Player #1 mr.whale disconnected
﻿00:17:35 : RCon admin #4: (Global) ADMINS: LWB AND SIERRA | VISIT THE WEBSITE SURVIVALIST-DAYZ.COM
﻿00:31:35 : RCon admin #4: (Global) BASES MUST BE MAINTAINED VIA THE PLOT POLE EVERY 7 DAYS!! VEHICLES MUST BE USED EVERY 3 DAYS!!
﻿00:35:13 : Player #1 Vytautas (78.58.170.168:2304) connected
﻿00:35:14 : Player #1 Vytautas - GUID: 453ce96a5442c069cec6d2cd8b88f237 (unverified)
﻿00:35:15 : Player #1 Vytautas - Legacy GUID: d2cd66eedb20727e1c4a79a23a2742bc
﻿00:35:15 : Verified GUID (453ce96a5442c069cec6d2cd8b88f237) of player #1 Vytautas
﻿00:35:16 : Player #1 Vytautas disconnected
﻿00:36:35 : RCon admin #4: (Global) NO SQUAD XML: ENGLISH ONLY IN SIDE CHAT: VEHICLES AND GEAR CAN BE STOLEN ANYWHERE
﻿00:44:28 : Player #5 Winans disconnected
﻿00:45:10 : Player #0 PRISMIC disconnected
﻿00:47:35 : RCon admin #4: (Global) ADMINS: LWB AND SIERRA | VISIT THE WEBSITE SURVIVALIST-DAYZ.COM
﻿00:59:05 : Player #6 2DIE4 disconnected
﻿01:01:35 : RCon admin #4: (Global) BASES MUST BE MAINTAINED VIA THE PLOT POLE EVERY 7 DAYS!! VEHICLES MUST BE USED EVERY 3 DAYS!!
﻿01:02:23 : Player #3 Turmoil disconnected
﻿01:06:35 : RCon admin #4: (Global) NO SQUAD XML: ENGLISH ONLY IN SIDE CHAT: VEHICLES AND GEAR CAN BE STOLEN ANYWHERE
﻿01:17:35 : RCon admin #4: (Global) ADMINS: LWB AND SIERRA | VISIT THE WEBSITE SURVIVALIST-DAYZ.COM
﻿01:22:16 : Player #0 Zarag (92.217.90.29:3302) connected
﻿01:22:18 : Player #0 Zarag - GUID: b7ce1912c6e8b310619580a835164f3b (unverified)
﻿01:22:19 : Player #0 Zarag - Legacy GUID: 7cd853dcfb617582079edc28feebd7a3
﻿01:22:26 : Verified GUID (b7ce1912c6e8b310619580a835164f3b) of player #0 Zarag
﻿01:24:09 : Player #0 Zarag disconnected
﻿01:31:35 : RCon admin #4: (Global) BASES MUST BE MAINTAINED VIA THE PLOT POLE EVERY 7 DAYS!! VEHICLES MUST BE USED EVERY 3 DAYS!!
﻿01:36:35 : RCon admin #4: (Global) NO SQUAD XML: ENGLISH ONLY IN SIDE CHAT: VEHICLES AND GEAR CAN BE STOLEN ANYWHERE
﻿01:42:35 : RCon admin #4: (Global) Server will restart in 10 minutes
﻿01:47:35 : RCon admin #4: (Global) ADMINS: LWB AND SIERRA | VISIT THE WEBSITE SURVIVALIST-DAYZ.COM
﻿01:47:35 : RCon admin #4: (Global) Server will restart in 5 minutes: Prepare to Logout
﻿01:50:35 : RCon admin #4: (Global) The Server is about to restart. LOG OUT NOW OR YOUR GEAR MAY BE LOST!!
﻿01:52:05 : RCon admin #4: (Global) YOU SHOULD BE LOGGED OUT BY NOW! IF YOU ARENT YOU WILL BE AUTO KICKED AND YOUR GEAR MAY BE LOST! NO REFUNDS!
﻿01:53:08 : Rcon client logging in
﻿01:53:08 : RCon admin #4 (78.31.67.100:62219) logged in
﻿01:53:26 : Player #0 Freedom (173.85.71.79:2304) connected
﻿01:53:28 : Player #0 Freedom - GUID: 32974eed83d84dab3c6a86016f1a1d12 (unverified)
﻿01:53:28 : Player #0 Freedom - Legacy GUID: 97a8c85ef5bf1164b1deba8cac447118
﻿01:53:35 : Player #1 [NG2] Jesse (145.133.183.236:3302) connected
﻿01:53:36 : Player #1 [NG2] Jesse - GUID: 1f7a31a6c97ae9822a9e4dcb3de0e9a0 (unverified)
﻿01:53:37 : Player #1 [NG2] Jesse - Legacy GUID: aa29d15133c89f949e71190836ad19cb
﻿01:53:37 : Verified GUID (32974eed83d84dab3c6a86016f1a1d12) of player #0 Freedom
﻿01:53:37 : Player #1 [NG2] Jesse disconnected
﻿01:55:04 : Player #1 [NG2] Jesse (145.133.183.236:3302) connected
﻿01:55:05 : Player #1 [NG2] Jesse - GUID: 1f7a31a6c97ae9822a9e4dcb3de0e9a0 (unverified)
﻿01:55:06 : Player #1 [NG2] Jesse - Legacy GUID: aa29d15133c89f949e71190836ad19cb
﻿01:55:07 : Verified GUID (1f7a31a6c97ae9822a9e4dcb3de0e9a0) of player #1 [NG2] Jesse
﻿02:03:02 : Player #1 [NG2] Jesse disconnected
﻿02:07:08 : RCon admin #4: (Global) NO SQUAD XML: ENGLISH ONLY IN SIDE CHAT: VEHICLES AND GEAR CAN BE STOLEN ANYWHERE
﻿02:18:08 : RCon admin #4: (Global) ADMINS: LWB AND SIERRA | VISIT THE WEBSITE SURVIVALIST-DAYZ.COM
﻿02:27:22 : Player #1 galina (77.76.179.121:3302) connected
﻿02:27:24 : Player #1 galina - GUID: 7bdf1adcfd25802ba1120432f49b4058 (unverified)
﻿02:27:24 : Player #1 galina - Legacy GUID: 6524ed6d5f2f99eb3947c0bfe57aa42a
﻿02:27:29 : Verified GUID (7bdf1adcfd25802ba1120432f49b4058) of player #1 galina
﻿02:32:08 : RCon admin #4: (Global) BASES MUST BE MAINTAINED VIA THE PLOT POLE EVERY 7 DAYS!! VEHICLES MUST BE USED EVERY 3 DAYS!!
﻿02:33:24 : Player #2 Shady (78.90.100.167:3302) connected
﻿02:33:25 : Player #2 Shady - GUID: c2a1472c57add02281a826cc6d663a2f (unverified)
﻿02:33:26 : Verified GUID (c2a1472c57add02281a826cc6d663a2f) of player #2 Shady
﻿02:33:26 : Player #2 Shady - Legacy GUID: 65200b6018fe99954448217477c5f9ce
﻿02:37:08 : RCon admin #4: (Global) NO SQUAD XML: ENGLISH ONLY IN SIDE CHAT: VEHICLES AND GEAR CAN BE STOLEN ANYWHERE
﻿02:48:08 : RCon admin #4: (Global) ADMINS: LWB AND SIERRA | VISIT THE WEBSITE SURVIVALIST-DAYZ.COM
﻿03:02:08 : RCon admin #4: (Global) BASES MUST BE MAINTAINED VIA THE PLOT POLE EVERY 7 DAYS!! VEHICLES MUST BE USED EVERY 3 DAYS!!
﻿03:07:08 : RCon admin #4: (Global) NO SQUAD XML: ENGLISH ONLY IN SIDE CHAT: VEHICLES AND GEAR CAN BE STOLEN ANYWHERE
﻿03:18:08 : RCon admin #4: (Global) ADMINS: LWB AND SIERRA | VISIT THE WEBSITE SURVIVALIST-DAYZ.COM
﻿03:32:09 : RCon admin #4: (Global) BASES MUST BE MAINTAINED VIA THE PLOT POLE EVERY 7 DAYS!! VEHICLES MUST BE USED EVERY 3 DAYS!!
﻿03:37:09 : RCon admin #4: (Global) NO SQUAD XML: ENGLISH ONLY IN SIDE CHAT: VEHICLES AND GEAR CAN BE STOLEN ANYWHERE
﻿03:48:09 : RCon admin #4: (Global) ADMINS: LWB AND SIERRA | VISIT THE WEBSITE SURVIVALIST-DAYZ.COM
﻿04:02:09 : RCon admin #4: (Global) BASES MUST BE MAINTAINED VIA THE PLOT POLE EVERY 7 DAYS!! VEHICLES MUST BE USED EVERY 3 DAYS!!
﻿04:07:08 : RCon admin #4: (Global) NO SQUAD XML: ENGLISH ONLY IN SIDE CHAT: VEHICLES AND GEAR CAN BE STOLEN ANYWHERE
﻿04:13:09 : RCon admin #4: (Global) Server will restart in 10 minutes
﻿04:16:42 : Player #3 Lucy Cat (91.96.238.63:3302) connected
﻿04:16:44 : Player #3 Lucy Cat - GUID: f320c630b63c0b3bee14afa87c1180e1 (unverified)
﻿04:16:44 : Player #3 Lucy Cat - Legacy GUID: e18c49b082d04e874cf337dc659ad858
﻿04:16:44 : Verified GUID (f320c630b63c0b3bee14afa87c1180e1) of player #3 Lucy Cat
﻿04:16:44 : Player #3 Lucy Cat - Owner GUID: 0dd8d88eb6859c8bbeb752b6f0d7b6ad
﻿04:18:09 : RCon admin #4: (Global) ADMINS: LWB AND SIERRA | VISIT THE WEBSITE SURVIVALIST-DAYZ.COM
﻿04:18:09 : RCon admin #4: (Global) Server will restart in 5 minutes: Prepare to Logout
﻿04:19:16 : Player #3 Lucy Cat disconnected
﻿04:19:22 : Player #2 Shady disconnected
﻿04:21:09 : RCon admin #4: (Global) The Server is about to restart. LOG OUT NOW OR YOUR GEAR MAY BE LOST!!
﻿04:22:38 : RCon admin #4: (Global) YOU SHOULD BE LOGGED OUT BY NOW! IF YOU ARENT YOU WILL BE AUTO KICKED AND YOUR GEAR MAY BE LOST! NO REFUNDS!
﻿04:23:42 : Rcon client logging in
﻿04:23:42 : RCon admin #4 (78.31.67.100:52151) logged in
﻿04:24:12 : Player #0 Freedom (173.85.71.79:2304) connected
﻿04:24:13 : Player #0 Freedom - GUID: 32974eed83d84dab3c6a86016f1a1d12 (unverified)
﻿04:24:14 : Verified GUID (32974eed83d84dab3c6a86016f1a1d12) of player #0 Freedom
﻿04:24:14 : Player #0 Freedom - Legacy GUID: 97a8c85ef5bf1164b1deba8cac447118
﻿04:25:37 : Player #1 galina (77.76.179.121:3302) connected
﻿04:25:38 : Player #1 galina - GUID: 7bdf1adcfd25802ba1120432f49b4058 (unverified)
﻿04:25:39 : Verified GUID (7bdf1adcfd25802ba1120432f49b4058) of player #1 galina
﻿04:25:39 : Player #1 galina - Legacy GUID: 6524ed6d5f2f99eb3947c0bfe57aa42a
﻿04:28:04 : Player #2 Shady (78.90.100.167:3302) connected
﻿04:28:05 : Player #2 Shady - GUID: c2a1472c57add02281a826cc6d663a2f (unverified)
﻿04:28:05 : Verified GUID (c2a1472c57add02281a826cc6d663a2f) of player #2 Shady
﻿04:28:06 : Player #2 Shady - Legacy GUID: 65200b6018fe99954448217477c5f9ce
﻿04:37:42 : RCon admin #4: (Global) NO SQUAD XML: ENGLISH ONLY IN SIDE CHAT: VEHICLES AND GEAR CAN BE STOLEN ANYWHERE
﻿04:48:42 : RCon admin #4: (Global) ADMINS: LWB AND SIERRA | VISIT THE WEBSITE SURVIVALIST-DAYZ.COM
﻿05:02:42 : RCon admin #4: (Global) BASES MUST BE MAINTAINED VIA THE PLOT POLE EVERY 7 DAYS!! VEHICLES MUST BE USED EVERY 3 DAYS!!
﻿05:07:42 : RCon admin #4: (Global) NO SQUAD XML: ENGLISH ONLY IN SIDE CHAT: VEHICLES AND GEAR CAN BE STOLEN ANYWHERE
﻿05:18:42 : RCon admin #4: (Global) ADMINS: LWB AND SIERRA | VISIT THE WEBSITE SURVIVALIST-DAYZ.COM
﻿05:32:42 : RCon admin #4: (Global) BASES MUST BE MAINTAINED VIA THE PLOT POLE EVERY 7 DAYS!! VEHICLES MUST BE USED EVERY 3 DAYS!!
﻿05:37:42 : RCon admin #4: (Global) NO SQUAD XML: ENGLISH ONLY IN SIDE CHAT: VEHICLES AND GEAR CAN BE STOLEN ANYWHERE
﻿05:48:42 : RCon admin #4: (Global) ADMINS: LWB AND SIERRA | VISIT THE WEBSITE SURVIVALIST-DAYZ.COM
﻿06:02:42 : RCon admin #4: (Global) BASES MUST BE MAINTAINED VIA THE PLOT POLE EVERY 7 DAYS!! VEHICLES MUST BE USED EVERY 3 DAYS!!
﻿06:07:42 : RCon admin #4: (Global) NO SQUAD XML: ENGLISH ONLY IN SIDE CHAT: VEHICLES AND GEAR CAN BE STOLEN ANYWHERE
﻿06:18:42 : RCon admin #4: (Global) ADMINS: LWB AND SIERRA | VISIT THE WEBSITE SURVIVALIST-DAYZ.COM
﻿06:32:42 : RCon admin #4: (Global) BASES MUST BE MAINTAINED VIA THE PLOT POLE EVERY 7 DAYS!! VEHICLES MUST BE USED EVERY 3 DAYS!!
﻿06:36:55 : Player #3 Boosted Outlaw (67.199.166.242:3302) connected
﻿06:36:57 : Player #3 Boosted Outlaw - GUID: 939696351dc0920212559d46fe5f594a (unverified)
﻿06:36:57 : Player #3 Boosted Outlaw - Legacy GUID: 86ebaa8a4625fccdb3da3708caa5a915
﻿06:36:57 : Verified GUID (939696351dc0920212559d46fe5f594a) of player #3 Boosted Outlaw
﻿06:37:42 : RCon admin #4: (Global) NO SQUAD XML: ENGLISH ONLY IN SIDE CHAT: VEHICLES AND GEAR CAN BE STOLEN ANYWHERE
﻿06:42:59 : Player #3 Boosted Outlaw disconnected
﻿06:43:42 : RCon admin #4: (Global) Server will restart in 10 minutes
﻿06:46:02 : Player #1 galina disconnected
﻿06:48:37 : Player #2 Shady disconnected
﻿06:48:42 : RCon admin #4: (Global) ADMINS: LWB AND SIERRA | VISIT THE WEBSITE SURVIVALIST-DAYZ.COM
﻿06:48:43 : RCon admin #4: (Global) Server will restart in 5 minutes: Prepare to Logout
﻿06:49:24 : Player #0 Freedom disconnected
﻿06:51:42 : RCon admin #4: (Global) The Server is about to restart. LOG OUT NOW OR YOUR GEAR MAY BE LOST!!
﻿06:53:12 : RCon admin #4: (Global) YOU SHOULD BE LOGGED OUT BY NOW! IF YOU ARENT YOU WILL BE AUTO KICKED AND YOUR GEAR MAY BE LOST! NO REFUNDS!
﻿06:54:16 : Rcon client logging in
﻿06:54:16 : RCon admin #4 (78.31.67.100:49822) logged in
﻿07:08:16 : RCon admin #4: (Global) NO SQUAD XML: ENGLISH ONLY IN SIDE CHAT: VEHICLES AND GEAR CAN BE STOLEN ANYWHERE
﻿07:19:16 : RCon admin #4: (Global) ADMINS: LWB AND SIERRA | VISIT THE WEBSITE SURVIVALIST-DAYZ.COM
﻿07:30:57 : RCon admin #5 (86.133.162.23:61234) logged in
﻿07:33:16 : RCon admin #4: (Global) BASES MUST BE MAINTAINED VIA THE PLOT POLE EVERY 7 DAYS!! VEHICLES MUST BE USED EVERY 3 DAYS!!
﻿07:38:16 : RCon admin #4: (Global) NO SQUAD XML: ENGLISH ONLY IN SIDE CHAT: VEHICLES AND GEAR CAN BE STOLEN ANYWHERE
﻿07:49:16 : RCon admin #4: (Global) ADMINS: LWB AND SIERRA | VISIT THE WEBSITE SURVIVALIST-DAYZ.COM
﻿08:03:16 : RCon admin #4: (Global) BASES MUST BE MAINTAINED VIA THE PLOT POLE EVERY 7 DAYS!! VEHICLES MUST BE USED EVERY 3 DAYS!!
﻿08:08:16 : RCon admin #4: (Global) NO SQUAD XML: ENGLISH ONLY IN SIDE CHAT: VEHICLES AND GEAR CAN BE STOLEN ANYWHERE
﻿08:19:16 : RCon admin #4: (Global) ADMINS: LWB AND SIERRA | VISIT THE WEBSITE SURVIVALIST-DAYZ.COM
﻿08:27:34 : RCon admin #1 (86.133.162.23:51459) logged in
﻿08:33:16 : RCon admin #4: (Global) BASES MUST BE MAINTAINED VIA THE PLOT POLE EVERY 7 DAYS!! VEHICLES MUST BE USED EVERY 3 DAYS!!
﻿08:38:16 : RCon admin #4: (Global) NO SQUAD XML: ENGLISH ONLY IN SIDE CHAT: VEHICLES AND GEAR CAN BE STOLEN ANYWHERE
﻿08:49:16 : RCon admin #4: (Global) ADMINS: LWB AND SIERRA | VISIT THE WEBSITE SURVIVALIST-DAYZ.COM
﻿08:59:11 : Player #1 Laurence Gommersil (91.84.65.136:3302) connected
﻿08:59:12 : Player #1 Laurence Gommersil - GUID: f1f45f96a2cdd71b21097c87e6cef51a (unverified)
﻿08:59:13 : Verified GUID (f1f45f96a2cdd71b21097c87e6cef51a) of player #1 Laurence Gommersil
﻿08:59:13 : Player #1 Laurence Gommersil - Legacy GUID: 968c41ae2194f0cd7392781b4dee481b
﻿09:03:16 : RCon admin #4: (Global) BASES MUST BE MAINTAINED VIA THE PLOT POLE EVERY 7 DAYS!! VEHICLES MUST BE USED EVERY 3 DAYS!!
﻿09:08:16 : RCon admin #4: (Global) NO SQUAD XML: ENGLISH ONLY IN SIDE CHAT: VEHICLES AND GEAR CAN BE STOLEN ANYWHERE
﻿09:14:16 : RCon admin #4: (Global) Server will restart in 10 minutes
﻿09:19:16 : RCon admin #4: (Global) ADMINS: LWB AND SIERRA | VISIT THE WEBSITE SURVIVALIST-DAYZ.COM
﻿09:19:17 : RCon admin #4: (Global) Server will restart in 5 minutes: Prepare to Logout
﻿09:22:04 : Player #0 Freedom disconnected
﻿09:22:16 : RCon admin #4: (Global) The Server is about to restart. LOG OUT NOW OR YOUR GEAR MAY BE LOST!!
﻿09:22:32 : Player #1 Laurence Gommersil disconnected
﻿09:23:46 : RCon admin #4: (Global) YOU SHOULD BE LOGGED OUT BY NOW! IF YOU ARENT YOU WILL BE AUTO KICKED AND YOUR GEAR MAY BE LOST! NO REFUNDS!
﻿09:24:50 : Rcon client logging in
﻿09:24:50 : RCon admin #4 (78.31.67.100:53675) logged in
﻿09:25:03 : Player #0 Laurence Gommersil (91.84.65.136:3302) connected
﻿09:25:05 : Player #0 Laurence Gommersil - GUID: f1f45f96a2cdd71b21097c87e6cef51a (unverified)
﻿09:25:05 : Verified GUID (f1f45f96a2cdd71b21097c87e6cef51a) of player #0 Laurence Gommersil
﻿09:25:05 : Player #0 Laurence Gommersil - Legacy GUID: 968c41ae2194f0cd7392781b4dee481b
﻿09:25:45 : Player #1 Freedom (173.85.71.79:2304) connected
﻿09:25:47 : Player #1 Freedom - GUID: 32974eed83d84dab3c6a86016f1a1d12 (unverified)
﻿09:25:47 : Verified GUID (32974eed83d84dab3c6a86016f1a1d12) of player #1 Freedom
﻿09:25:48 : Player #1 Freedom - Legacy GUID: 97a8c85ef5bf1164b1deba8cac447118
﻿09:38:50 : RCon admin #4: (Global) NO SQUAD XML: ENGLISH ONLY IN SIDE CHAT: VEHICLES AND GEAR CAN BE STOLEN ANYWHERE
﻿09:43:24 : RCon admin #5 (86.133.162.23:57771) logged in
﻿09:49:50 : RCon admin #4: (Global) ADMINS: LWB AND SIERRA | VISIT THE WEBSITE SURVIVALIST-DAYZ.COM
﻿09:55:05 : Player #2 chervonec (46.38.12.224:27258) connected
﻿09:55:27 : Player #2 chervonec - GUID: 3da05822f49979bcba029240234d02a3 (unverified)
﻿09:55:27 : Player #2 chervonec - Legacy GUID: 428e548da6554567d4efb37c5bb6b90d
﻿09:55:29 : Player #2 chervonec - Legacy GUID: 428e548da6554567d4efb37c5bb6b90d
﻿09:55:30 : Player #2 chervonec - Legacy GUID: 428e548da6554567d4efb37c5bb6b90d
﻿09:55:30 : Verified GUID (3da05822f49979bcba029240234d02a3) of player #2 chervonec
﻿09:55:31 : Player #2 chervonec - Legacy GUID: 428e548da6554567d4efb37c5bb6b90d
﻿09:55:32 : Player #2 chervonec - Legacy GUID: 428e548da6554567d4efb37c5bb6b90d
﻿09:55:36 : Player #2 chervonec - Legacy GUID: 428e548da6554567d4efb37c5bb6b90d
﻿09:56:30 : Player #2 chervonec disconnected
﻿09:58:10 : RCon admin #1 (86.133.162.23:55805) logged in
﻿10:03:50 : RCon admin #4: (Global) BASES MUST BE MAINTAINED VIA THE PLOT POLE EVERY 7 DAYS!! VEHICLES MUST BE USED EVERY 3 DAYS!!
﻿10:08:50 : RCon admin #4: (Global) NO SQUAD XML: ENGLISH ONLY IN SIDE CHAT: VEHICLES AND GEAR CAN BE STOLEN ANYWHERE
﻿10:10:39 : Player #2 Winans (178.200.93.19:3302) connected
﻿10:10:40 : Player #2 Winans - GUID: 5cfd15b84e558bc0ef1f0210efc34126 (unverified)
﻿10:10:41 : Player #2 Winans - Legacy GUID: a5953aeb5d5414bdf99a6fe9cbecf6c4
﻿10:10:46 : Verified GUID (5cfd15b84e558bc0ef1f0210efc34126) of player #2 Winans
﻿10:19:50 : RCon admin #4: (Global) ADMINS: LWB AND SIERRA | VISIT THE WEBSITE SURVIVALIST-DAYZ.COM
﻿10:25:55 : Player #3 Wilkomir (94.254.162.95:35881) connected
﻿10:25:56 : Player #3 Wilkomir - GUID: cd66016de5dc3919b2c8f1b5bd22f784 (unverified)
﻿10:25:57 : Verified GUID (cd66016de5dc3919b2c8f1b5bd22f784) of player #3 Wilkomir
﻿10:25:57 : Player #3 Wilkomir - Legacy GUID: 8ef45e78ca951bbf85934b5913052161
﻿10:33:51 : RCon admin #4: (Global) BASES MUST BE MAINTAINED VIA THE PLOT POLE EVERY 7 DAYS!! VEHICLES MUST BE USED EVERY 3 DAYS!!
﻿10:38:51 : RCon admin #4: (Global) NO SQUAD XML: ENGLISH ONLY IN SIDE CHAT: VEHICLES AND GEAR CAN BE STOLEN ANYWHERE
﻿10:46:46 : RCon admin #0: (Global) Sierra [SD]: Everyone alright?
﻿10:47:16 : RCon admin #0: (Global) Sierra [SD]: Hi :) - Yes good thanks :)
﻿10:48:03 : RCon admin #3 (86.133.162.23:49438) logged in
﻿10:49:50 : RCon admin #4: (Global) ADMINS: LWB AND SIERRA | VISIT THE WEBSITE SURVIVALIST-DAYZ.COM
﻿11:03:50 : RCon admin #4: (Global) BASES MUST BE MAINTAINED VIA THE PLOT POLE EVERY 7 DAYS!! VEHICLES MUST BE USED EVERY 3 DAYS!!
﻿11:08:50 : RCon admin #4: (Global) NO SQUAD XML: ENGLISH ONLY IN SIDE CHAT: VEHICLES AND GEAR CAN BE STOLEN ANYWHERE
﻿11:09:37 : Player #4 2DIE4 (84.130.106.88:3302) connected
﻿11:09:38 : Player #4 2DIE4 - GUID: 97b8e8b63e4439b2b62c99dde2b8b8a1 (unverified)
﻿11:09:39 : Verified GUID (97b8e8b63e4439b2b62c99dde2b8b8a1) of player #4 2DIE4
﻿11:09:39 : Player #4 2DIE4 - Legacy GUID: e56dc54c0a6d92faa8a284d7c54bffab
﻿11:16:37 : Player #5 mr.whale (89.98.123.225:3302) connected
﻿11:16:38 : Player #5 mr.whale - GUID: 3998207dba65071f0c7ff01eba34e78d (unverified)
﻿11:16:39 : Player #5 mr.whale - Legacy GUID: 0a9744b59c5e62cb0e20a755c8e2e6c0
﻿11:16:39 : Verified GUID (3998207dba65071f0c7ff01eba34e78d) of player #5 mr.whale
﻿11:19:51 : RCon admin #4: (Global) ADMINS: LWB AND SIERRA | VISIT THE WEBSITE SURVIVALIST-DAYZ.COM
﻿11:33:50 : RCon admin #4: (Global) BASES MUST BE MAINTAINED VIA THE PLOT POLE EVERY 7 DAYS!! VEHICLES MUST BE USED EVERY 3 DAYS!!
﻿11:37:16 : Player #5 mr.whale disconnected
﻿11:38:50 : RCon admin #4: (Global) NO SQUAD XML: ENGLISH ONLY IN SIDE CHAT: VEHICLES AND GEAR CAN BE STOLEN ANYWHERE
﻿11:44:50 : RCon admin #4: (Global) Server will restart in 10 minutes
﻿11:46:54 : Player #5 Brother Harris. (86.167.227.171:3302) connected
﻿11:46:56 : Player #5 Brother Harris. - GUID: fe869446f8d303244bec0e67e531caf2 (unverified)
﻿11:46:56 : Verified GUID (fe869446f8d303244bec0e67e531caf2) of player #5 Brother Harris.
﻿11:46:56 : Player #5 Brother Harris. - Legacy GUID: 1d731850e9dd26ad4dc2347f68150591
﻿11:48:22 : Player #6 PRISMIC (195.39.192.26:3302) connected
﻿11:48:24 : Player #6 PRISMIC - GUID: c2a9b9e975c3a16bc843e3b1437182ca (unverified)
﻿11:48:24 : Player #6 PRISMIC - Legacy GUID: 40b9483bb39fdbf38ebf22597947cee7
﻿11:48:25 : Verified GUID (c2a9b9e975c3a16bc843e3b1437182ca) of player #6 PRISMIC
﻿11:49:51 : RCon admin #4: (Global) ADMINS: LWB AND SIERRA | VISIT THE WEBSITE SURVIVALIST-DAYZ.COM
﻿11:49:51 : RCon admin #4: (Global) Server will restart in 5 minutes: Prepare to Logout
﻿11:51:34 : Player #5 Brother Harris. disconnected
﻿11:51:48 : Player #3 Wilkomir disconnected
﻿11:52:50 : RCon admin #4: (Global) The Server is about to restart. LOG OUT NOW OR YOUR GEAR MAY BE LOST!!
﻿11:53:04 : Player #6 PRISMIC disconnected
﻿11:53:05 : Player #0 Laurence Gommersil disconnected
﻿11:53:58 : Player #1 Freedom disconnected
﻿11:54:20 : RCon admin #4: (Global) YOU SHOULD BE LOGGED OUT BY NOW! IF YOU ARENT YOU WILL BE AUTO KICKED AND YOUR GEAR MAY BE LOST! NO REFUNDS!
﻿11:55:24 : Rcon client logging in
﻿11:55:24 : RCon admin #4 (78.31.67.100:50032) logged in
﻿11:55:41 : Player #1 Laurence Gommersil (91.84.65.136:3302) connected
﻿11:55:42 : Player #2 PRISMIC (195.39.192.26:3302) connected
﻿11:55:43 : Player #1 Laurence Gommersil - GUID: f1f45f96a2cdd71b21097c87e6cef51a (unverified)
﻿11:55:43 : Verified GUID (f1f45f96a2cdd71b21097c87e6cef51a) of player #1 Laurence Gommersil
﻿11:55:43 : Player #2 PRISMIC - GUID: c2a9b9e975c3a16bc843e3b1437182ca (unverified)
﻿11:55:44 : Player #1 Laurence Gommersil - Legacy GUID: 968c41ae2194f0cd7392781b4dee481b
﻿11:55:46 : Verified GUID (c2a9b9e975c3a16bc843e3b1437182ca) of player #2 PRISMIC
﻿11:55:46 : Player #2 PRISMIC - Legacy GUID: 40b9483bb39fdbf38ebf22597947cee7
﻿11:56:36 : Player #3 nutzer (2.174.219.237:3302) connected
﻿11:56:37 : Player #3 nutzer - GUID: 0476c272db61da86d0cfa3243eb1335e (unverified)
﻿11:56:37 : Verified GUID (0476c272db61da86d0cfa3243eb1335e) of player #3 nutzer
﻿11:56:38 : Player #3 nutzer - Legacy GUID: 275c6ddb7545b8dea19dabea63dceae2
﻿11:58:38 : Player #4 2DIE4 (84.130.106.88:3302) connected
﻿11:58:40 : Player #4 2DIE4 - GUID: 97b8e8b63e4439b2b62c99dde2b8b8a1 (unverified)
﻿11:58:40 : Player #4 2DIE4 - Legacy GUID: e56dc54c0a6d92faa8a284d7c54bffab
﻿11:58:40 : Verified GUID (97b8e8b63e4439b2b62c99dde2b8b8a1) of player #4 2DIE4
﻿11:58:50 : Player #5 Wilkomir (94.254.162.95:35880) connected
﻿11:58:51 : Player #5 Wilkomir - GUID: cd66016de5dc3919b2c8f1b5bd22f784 (unverified)
﻿11:58:51 : Verified GUID (cd66016de5dc3919b2c8f1b5bd22f784) of player #5 Wilkomir
﻿11:58:52 : Player #5 Wilkomir - Legacy GUID: 8ef45e78ca951bbf85934b5913052161
﻿12:09:25 : RCon admin #4: (Global) NO SQUAD XML: ENGLISH ONLY IN SIDE CHAT: VEHICLES AND GEAR CAN BE STOLEN ANYWHERE
﻿12:13:08 : RCon admin #5 (86.133.162.23:53328) logged in
﻿12:13:09 : RCon admin #6 (86.133.162.23:61475) logged in
﻿12:16:39 : Player #0 Freedom disconnected
﻿12:20:25 : RCon admin #4: (Global) ADMINS: LWB AND SIERRA | VISIT THE WEBSITE SURVIVALIST-DAYZ.COM
﻿12:23:36 : Player #0 Sebastian (84.118.159.31:3302) connected
﻿12:23:37 : Player #0 Sebastian - GUID: 9a799dfc537287cfac575dda5f04f439 (unverified)
﻿12:23:38 : Verified GUID (9a799dfc537287cfac575dda5f04f439) of player #0 Sebastian
﻿12:23:38 : Player #0 Sebastian - Legacy GUID: 49d332f8760d380209db3cece2ab1a70
﻿12:28:09 : Player #6 Winans (178.200.93.19:3302) connected
﻿12:28:11 : Player #6 Winans - GUID: 5cfd15b84e558bc0ef1f0210efc34126 (unverified)
﻿12:28:11 : Verified GUID (5cfd15b84e558bc0ef1f0210efc34126) of player #6 Winans
﻿12:28:12 : Player #6 Winans - Legacy GUID: a5953aeb5d5414bdf99a6fe9cbecf6c4
﻿12:30:33 : RCon admin #5: (Global) Sierra [SD]: Everyone alright still?
﻿12:31:17 : RCon admin #5: (Global) Sierra [SD]: Hi again :)
﻿12:32:26 : RCon admin #5: (Global) Sierra [SD]: I'll take that as a yes ;)
﻿12:32:54 : RCon admin #5: (Global) Sierra [SD]: Why what is up Prismic?
﻿12:33:48 : RCon admin #5: (Global) Sierra [SD]: I'm not near a computer with teamspeak atm
﻿12:34:25 : RCon admin #4: (Global) BASES MUST BE MAINTAINED VIA THE PLOT POLE EVERY 7 DAYS!! VEHICLES MUST BE USED EVERY 3 DAYS!!
﻿12:37:05 : RCon admin #5: (Global) Sierra [SD]: Just on my little portable thing unfortunately, it only has rcon installed - will be on ts later though...
﻿12:38:04 : Player #7 SonderBarDD (109.46.1.197:55536) connected
﻿12:38:06 : Player #7 SonderBarDD - GUID: ebb22fb4371ed33c1768f684de3b98d5 (unverified)
﻿12:38:06 : Verified GUID (ebb22fb4371ed33c1768f684de3b98d5) of player #7 SonderBarDD
﻿12:38:06 : Player #7 SonderBarDD - Legacy GUID: 4b7297ec15fb6dadf3e43afa540fd076
﻿12:38:06 : Player #7 SonderBarDD disconnected
﻿12:39:25 : RCon admin #4: (Global) NO SQUAD XML: ENGLISH ONLY IN SIDE CHAT: VEHICLES AND GEAR CAN BE STOLEN ANYWHERE
﻿12:50:25 : RCon admin #4: (Global) ADMINS: LWB AND SIERRA | VISIT THE WEBSITE SURVIVALIST-DAYZ.COM
﻿13:04:25 : RCon admin #4: (Global) BASES MUST BE MAINTAINED VIA THE PLOT POLE EVERY 7 DAYS!! VEHICLES MUST BE USED EVERY 3 DAYS!!
﻿13:09:25 : RCon admin #4: (Global) NO SQUAD XML: ENGLISH ONLY IN SIDE CHAT: VEHICLES AND GEAR CAN BE STOLEN ANYWHERE
﻿13:16:36 : RCon admin #0 (86.133.162.23:61830) logged in
﻿13:20:25 : RCon admin #4: (Global) ADMINS: LWB AND SIERRA | VISIT THE WEBSITE SURVIVALIST-DAYZ.COM
﻿13:22:26 : RCon admin #2 (86.133.162.23:61831) logged in
﻿13:24:52 : RCon admin #0 (86.133.162.23:57855) logged in
﻿13:25:14 : Player #5 Wilkomir disconnected
﻿13:34:25 : RCon admin #4: (Global) BASES MUST BE MAINTAINED VIA THE PLOT POLE EVERY 7 DAYS!! VEHICLES MUST BE USED EVERY 3 DAYS!!
﻿13:39:25 : RCon admin #4: (Global) NO SQUAD XML: ENGLISH ONLY IN SIDE CHAT: VEHICLES AND GEAR CAN BE STOLEN ANYWHERE
﻿13:44:05 : Player #6 Winans disconnected
﻿13:50:25 : RCon admin #4: (Global) ADMINS: LWB AND SIERRA | VISIT THE WEBSITE SURVIVALIST-DAYZ.COM
﻿13:52:47 : Player #5 duckdick (77.251.237.179:3302) connected
﻿13:52:48 : Player #5 duckdick - GUID: 7edc37aa1327d59c33d3dfcaedc589e1 (unverified)
﻿13:52:49 : Verified GUID (7edc37aa1327d59c33d3dfcaedc589e1) of player #5 duckdick
﻿13:52:49 : Player #5 duckdick - Legacy GUID: 2c1eea9e0ac9426fcca1908beadaef25
﻿13:52:52 : Player #5 duckdick disconnected
﻿13:55:03 : Player #5 duckdick (77.251.237.179:2304) connected
﻿13:55:04 : Player #5 duckdick - GUID: 7edc37aa1327d59c33d3dfcaedc589e1 (unverified)
﻿13:55:04 : Verified GUID (7edc37aa1327d59c33d3dfcaedc589e1) of player #5 duckdick
﻿13:55:05 : Player #5 duckdick - Legacy GUID: 2c1eea9e0ac9426fcca1908beadaef25
﻿14:04:25 : RCon admin #4: (Global) BASES MUST BE MAINTAINED VIA THE PLOT POLE EVERY 7 DAYS!! VEHICLES MUST BE USED EVERY 3 DAYS!!
﻿14:09:25 : RCon admin #4: (Global) NO SQUAD XML: ENGLISH ONLY IN SIDE CHAT: VEHICLES AND GEAR CAN BE STOLEN ANYWHERE
﻿14:15:25 : RCon admin #4: (Global) Server will restart in 10 minutes
﻿14:20:25 : RCon admin #4: (Global) ADMINS: LWB AND SIERRA | VISIT THE WEBSITE SURVIVALIST-DAYZ.COM
﻿14:20:25 : RCon admin #4: (Global) Server will restart in 5 minutes: Prepare to Logout
﻿14:21:31 : Player #3 nutzer disconnected
﻿14:23:25 : RCon admin #4: (Global) The Server is about to restart. LOG OUT NOW OR YOUR GEAR MAY BE LOST!!
﻿14:23:31 : Player #0 Sebastian disconnected
﻿14:24:19 : Player #2 PRISMIC disconnected
﻿14:24:31 : Player #1 Laurence Gommersil disconnected
﻿14:24:55 : RCon admin #4: (Global) YOU SHOULD BE LOGGED OUT BY NOW! IF YOU ARENT YOU WILL BE AUTO KICKED AND YOUR GEAR MAY BE LOST! NO REFUNDS!
﻿14:25:58 : Rcon client logging in
﻿14:25:58 : RCon admin #4 (78.31.67.100:62506) logged in
﻿14:26:52 : Player #0 duckdick (77.251.237.179:2304) connected
﻿14:26:53 : Player #0 duckdick - GUID: 7edc37aa1327d59c33d3dfcaedc589e1 (unverified)
﻿14:26:54 : Verified GUID (7edc37aa1327d59c33d3dfcaedc589e1) of player #0 duckdick
﻿14:26:54 : Player #0 duckdick - Legacy GUID: 2c1eea9e0ac9426fcca1908beadaef25
﻿14:27:04 : Player #1 Laurence Gommersil (91.84.65.136:3302) connected
﻿14:27:05 : Player #1 Laurence Gommersil - GUID: f1f45f96a2cdd71b21097c87e6cef51a (unverified)
﻿14:27:06 : Verified GUID (f1f45f96a2cdd71b21097c87e6cef51a) of player #1 Laurence Gommersil
﻿14:27:06 : Player #1 Laurence Gommersil - Legacy GUID: 968c41ae2194f0cd7392781b4dee481b
﻿14:31:04 : Player #2 PRISMIC (195.39.192.26:3302) connected
﻿14:31:05 : Player #2 PRISMIC - GUID: c2a9b9e975c3a16bc843e3b1437182ca (unverified)
﻿14:31:06 : Player #2 PRISMIC - Legacy GUID: 40b9483bb39fdbf38ebf22597947cee7
﻿14:31:06 : Verified GUID (c2a9b9e975c3a16bc843e3b1437182ca) of player #2 PRISMIC
﻿14:38:19 : Player #3 Sebastian (84.118.159.31:3302) connected
﻿14:38:20 : Player #3 Sebastian - GUID: 9a799dfc537287cfac575dda5f04f439 (unverified)
﻿14:38:21 : Player #3 Sebastian - Legacy GUID: 49d332f8760d380209db3cece2ab1a70
﻿14:38:21 : Verified GUID (9a799dfc537287cfac575dda5f04f439) of player #3 Sebastian
﻿14:39:58 : RCon admin #4: (Global) NO SQUAD XML: ENGLISH ONLY IN SIDE CHAT: VEHICLES AND GEAR CAN BE STOLEN ANYWHERE
﻿14:44:45 : Player #4 nutzer (2.174.219.237:3302) connected
﻿14:44:46 : Player #4 nutzer - GUID: 0476c272db61da86d0cfa3243eb1335e (unverified)
﻿14:44:47 : Verified GUID (0476c272db61da86d0cfa3243eb1335e) of player #4 nutzer
﻿14:44:47 : Player #4 nutzer - Legacy GUID: 275c6ddb7545b8dea19dabea63dceae2
﻿14:45:08 : RCon admin #5 (86.133.162.23:50663) logged in
﻿14:50:14 : Player #0 duckdick (7edc37aa1327d59c33d3dfcaedc589e1) has been kicked by BattlEye: Client not responding
﻿14:50:58 : RCon admin #4: (Global) ADMINS: LWB AND SIERRA | VISIT THE WEBSITE SURVIVALIST-DAYZ.COM
﻿15:00:38 : Player #0 MeGa_Koffiepot (83.134.138.224:44119) connected
﻿15:00:40 : Player #0 MeGa_Koffiepot - Legacy GUID: 5751e0bee4be76b7ae681d971364c3ec
﻿15:00:40 : Player #0 MeGa_Koffiepot disconnected
﻿15:03:46 : Player #0 DayZ-Player (93.139.43.178:3302) connected
﻿15:03:47 : Player #0 DayZ-Player - GUID: ac20e0cf7d66b38b1df435243d982d77 (unverified)
﻿15:03:48 : Player #0 DayZ-Player - Legacy GUID: 5d29a4bf33272827ad8fb69a47719767
﻿15:03:52 : Player #0 DayZ-Player disconnected
﻿15:04:58 : RCon admin #4: (Global) BASES MUST BE MAINTAINED VIA THE PLOT POLE EVERY 7 DAYS!! VEHICLES MUST BE USED EVERY 3 DAYS!!
﻿15:09:58 : RCon admin #4: (Global) NO SQUAD XML: ENGLISH ONLY IN SIDE CHAT: VEHICLES AND GEAR CAN BE STOLEN ANYWHERE
﻿15:12:28 : Player #0 Sir LongSleeves (94.213.214.56:3302) connected
﻿15:12:29 : Player #0 Sir LongSleeves - GUID: 98158632fa2959a6acbbeeb0b18f80f6 (unverified)
﻿15:12:30 : Verified GUID (98158632fa2959a6acbbeeb0b18f80f6) of player #0 Sir LongSleeves
﻿15:12:30 : Player #0 Sir LongSleeves - Legacy GUID: 60d8062a5857101f95a9a16178742f93
﻿15:12:30 : Player #0 Sir LongSleeves disconnected
﻿15:14:22 : Player #0 Sir LongSleeves (94.213.214.56:3302) connected
﻿15:14:23 : Player #0 Sir LongSleeves - GUID: 98158632fa2959a6acbbeeb0b18f80f6 (unverified)
﻿15:14:24 : Verified GUID (98158632fa2959a6acbbeeb0b18f80f6) of player #0 Sir LongSleeves
﻿15:14:31 : Player #0 Sir LongSleeves disconnected
﻿15:18:38 : RCon admin #1 (86.133.162.23:52006) logged in
﻿15:20:58 : RCon admin #4: (Global) ADMINS: LWB AND SIERRA | VISIT THE WEBSITE SURVIVALIST-DAYZ.COM
﻿15:23:24 : Player #0 Sir LongSleeves (94.213.214.56:3302) connected
﻿15:23:25 : Player #0 Sir LongSleeves - GUID: 98158632fa2959a6acbbeeb0b18f80f6 (unverified)
﻿15:23:25 : Verified GUID (98158632fa2959a6acbbeeb0b18f80f6) of player #0 Sir LongSleeves
﻿15:23:26 : Player #0 Sir LongSleeves disconnected
﻿15:33:31 : Player #4 nutzer disconnected
﻿15:34:58 : RCon admin #4: (Global) BASES MUST BE MAINTAINED VIA THE PLOT POLE EVERY 7 DAYS!! VEHICLES MUST BE USED EVERY 3 DAYS!!
﻿15:39:58 : RCon admin #4: (Global) NO SQUAD XML: ENGLISH ONLY IN SIDE CHAT: VEHICLES AND GEAR CAN BE STOLEN ANYWHERE
﻿15:50:58 : RCon admin #4: (Global) ADMINS: LWB AND SIERRA | VISIT THE WEBSITE SURVIVALIST-DAYZ.COM
﻿16:00:25 : Player #0 Wilkomir (94.254.162.95:35898) connected
﻿16:00:27 : Player #0 Wilkomir - GUID: cd66016de5dc3919b2c8f1b5bd22f784 (unverified)
﻿16:00:27 : Player #0 Wilkomir - Legacy GUID: 8ef45e78ca951bbf85934b5913052161
﻿16:00:31 : Player #0 Wilkomir disconnected
﻿16:01:30 : Player #3 Sebastian disconnected
﻿16:02:02 : Player #0 Wilkomir (94.254.162.95:35898) connected
﻿16:02:03 : Player #0 Wilkomir - GUID: cd66016de5dc3919b2c8f1b5bd22f784 (unverified)
﻿16:02:04 : Player #0 Wilkomir - Legacy GUID: 8ef45e78ca951bbf85934b5913052161
﻿16:02:08 : Verified GUID (cd66016de5dc3919b2c8f1b5bd22f784) of player #0 Wilkomir
﻿16:04:58 : RCon admin #4: (Global) BASES MUST BE MAINTAINED VIA THE PLOT POLE EVERY 7 DAYS!! VEHICLES MUST BE USED EVERY 3 DAYS!!
﻿16:09:58 : RCon admin #4: (Global) NO SQUAD XML: ENGLISH ONLY IN SIDE CHAT: VEHICLES AND GEAR CAN BE STOLEN ANYWHERE
﻿16:15:12 : Player #3 WujekZoltax (213.199.214.3:3302) connected
﻿16:15:13 : Player #3 WujekZoltax - GUID: 006e18d88fb7a79d4001b34a9d7c2e2e (unverified)
﻿16:15:14 : Player #3 WujekZoltax - Legacy GUID: 0b2ad2582fb65c0c7738da545477b2ea
﻿16:15:18 : Verified GUID (006e18d88fb7a79d4001b34a9d7c2e2e) of player #3 WujekZoltax
﻿16:18:57 : Player #3 WujekZoltax disconnected
﻿16:20:58 : RCon admin #4: (Global) ADMINS: LWB AND SIERRA | VISIT THE WEBSITE SURVIVALIST-DAYZ.COM
﻿16:21:19 : Player #3 DayZ-Player (93.139.43.178:3302) connected
﻿16:21:20 : Player #3 DayZ-Player - GUID: ac20e0cf7d66b38b1df435243d982d77 (unverified)
﻿16:21:21 : Player #3 DayZ-Player - Legacy GUID: 5d29a4bf33272827ad8fb69a47719767
﻿16:21:21 : Verified GUID (ac20e0cf7d66b38b1df435243d982d77) of player #3 DayZ-Player
﻿16:22:50 : Player #4 DELETED (185.9.184.206:3302) connected
﻿16:22:51 : Player #4 DELETED - GUID: 1939647ee6f4ab5dfdbbf8f30642bbde (unverified)
﻿16:22:52 : Player #4 DELETED - Legacy GUID: 658415c10e5f6061e1aec62e330afbbc
﻿16:22:52 : Verified GUID (1939647ee6f4ab5dfdbbf8f30642bbde) of player #4 DELETED
﻿16:23:23 : Player #2 PRISMIC disconnected
﻿16:23:55 : Player #1 Laurence Gommersil disconnected
﻿16:25:53 : Player #3 DayZ-Player disconnected
﻿16:27:25 : Player #1 picachy (86.8.65.187:3302) connected
﻿16:27:26 : Player #1 picachy - GUID: 58c0aabf7091f6177db750296655f986 (unverified)
﻿16:27:27 : Verified GUID (58c0aabf7091f6177db750296655f986) of player #1 picachy
﻿16:27:27 : Player #1 picachy - Legacy GUID: cd58e9c6d3a105833447db551ed82d76
﻿16:28:00 : Player #2 Misa (89.28.14.34:2304) connected
﻿16:28:01 : Player #2 Misa - GUID: d7ca440e01bb6c96aec422a007d66c0d (unverified)
﻿16:28:01 : Verified GUID (d7ca440e01bb6c96aec422a007d66c0d) of player #2 Misa
﻿16:28:02 : Player #2 Misa - Legacy GUID: f8b8db6482ee112f128666b6589b42c1
﻿16:28:55 : RCon admin #5 (86.133.162.23:61486) logged in
﻿16:34:36 : Player #3 [NG2] Jesse (145.133.183.236:3302) connected
﻿16:34:38 : Player #3 [NG2] Jesse - GUID: 1f7a31a6c97ae9822a9e4dcb3de0e9a0 (unverified)
﻿16:34:38 : Player #3 [NG2] Jesse - Legacy GUID: aa29d15133c89f949e71190836ad19cb
﻿16:34:38 : Verified GUID (1f7a31a6c97ae9822a9e4dcb3de0e9a0) of player #3 [NG2] Jesse
﻿16:34:58 : RCon admin #4: (Global) BASES MUST BE MAINTAINED VIA THE PLOT POLE EVERY 7 DAYS!! VEHICLES MUST BE USED EVERY 3 DAYS!!
﻿16:37:14 : Player #3 [NG2] Jesse disconnected
﻿16:39:58 : RCon admin #4: (Global) NO SQUAD XML: ENGLISH ONLY IN SIDE CHAT: VEHICLES AND GEAR CAN BE STOLEN ANYWHERE
﻿16:45:49 : Player #3 Sotni (109.61.219.162:3302) connected
﻿16:45:51 : Player #3 Sotni - Legacy GUID: 0935a9ac3e36f91f007f3a4746e6a427
﻿16:45:51 : Player #3 Sotni - GUID: 990e68830c62ae3a0bb99b58bfc3122e (unverified)
﻿16:45:52 : Verified GUID (990e68830c62ae3a0bb99b58bfc3122e) of player #3 Sotni
﻿16:45:58 : RCon admin #4: (Global) Server will restart in 10 minutes
﻿16:45:59 : Player #3 Sotni disconnected
﻿16:50:12 : Player #4 DELETED disconnected
﻿16:50:58 : RCon admin #4: (Global) ADMINS: LWB AND SIERRA | VISIT THE WEBSITE SURVIVALIST-DAYZ.COM
﻿16:50:59 : RCon admin #4: (Global) Server will restart in 5 minutes: Prepare to Logout
﻿16:53:58 : RCon admin #4: (Global) The Server is about to restart. LOG OUT NOW OR YOUR GEAR MAY BE LOST!!
﻿16:54:31 : Player #1 picachy disconnected
﻿16:54:33 : Player #2 Misa disconnected
﻿16:55:28 : RCon admin #4: (Global) YOU SHOULD BE LOGGED OUT BY NOW! IF YOU ARENT YOU WILL BE AUTO KICKED AND YOUR GEAR MAY BE LOST! NO REFUNDS!
﻿16:56:32 : Rcon client logging in
﻿16:56:32 : RCon admin #3 (78.31.67.100:54705) logged in
﻿16:56:42 : RCon admin #4 (86.133.162.23:62108) logged in
﻿16:56:54 : Player #0 Wilkomir (94.254.162.95:35898) connected
﻿16:56:56 : Player #0 Wilkomir - GUID: cd66016de5dc3919b2c8f1b5bd22f784 (unverified)
﻿16:56:56 : Verified GUID (cd66016de5dc3919b2c8f1b5bd22f784) of player #0 Wilkomir
﻿16:56:56 : Player #0 Wilkomir - Legacy GUID: 8ef45e78ca951bbf85934b5913052161
﻿16:57:43 : Player #1 Misa (89.28.14.34:2304) connected
﻿16:57:44 : Player #1 Misa - GUID: d7ca440e01bb6c96aec422a007d66c0d (unverified)
﻿16:57:44 : Verified GUID (d7ca440e01bb6c96aec422a007d66c0d) of player #1 Misa
﻿16:57:45 : Player #1 Misa - Legacy GUID: f8b8db6482ee112f128666b6589b42c1
﻿16:59:11 : Player #2 GBK (186.48.176.143:23577) connected
﻿16:59:13 : Player #2 GBK - GUID: fe0876ecc546e9c2d484bac1dbac2c82 (unverified)
﻿16:59:13 : Player #2 GBK - Legacy GUID: 4ed0ed508937ec13cea9a33b15806a2c
﻿16:59:13 : Verified GUID (fe0876ecc546e9c2d484bac1dbac2c82) of player #2 GBK
﻿16:59:45 : Player #3 jemyl (86.182.62.188:3302) connected
﻿16:59:46 : Player #3 jemyl - GUID: 8fd8092b92ebcabdebd615a1fa835fcd (unverified)
﻿16:59:47 : Verified GUID (8fd8092b92ebcabdebd615a1fa835fcd) of player #3 jemyl
﻿16:59:47 : Player #3 jemyl - Legacy GUID: dfbf43e25fad80c499c933e4180215ad
﻿17:01:22 : Player #4 picachy (86.8.65.187:3302) connected
﻿17:01:23 : Player #4 picachy - GUID: 58c0aabf7091f6177db750296655f986 (unverified)
﻿17:01:24 : Verified GUID (58c0aabf7091f6177db750296655f986) of player #4 picachy
﻿17:01:24 : Player #4 picachy - Legacy GUID: cd58e9c6d3a105833447db551ed82d76
﻿17:03:06 : Could not connect to BE Master
﻿17:03:06 : Update attempt failed
﻿17:07:04 : Player #5 DELETED (185.9.184.206:3302) connected
﻿17:07:06 : Player #5 DELETED - GUID: 1939647ee6f4ab5dfdbbf8f30642bbde (unverified)
﻿17:07:06 : Player #5 DELETED - Legacy GUID: 658415c10e5f6061e1aec62e330afbbc
﻿17:07:06 : Verified GUID (1939647ee6f4ab5dfdbbf8f30642bbde) of player #5 DELETED
﻿17:07:51 : Player #6 Laurence Gommersil (91.84.65.136:3302) connected
﻿17:07:53 : Player #6 Laurence Gommersil - GUID: f1f45f96a2cdd71b21097c87e6cef51a (unverified)
﻿17:07:53 : Verified GUID (f1f45f96a2cdd71b21097c87e6cef51a) of player #6 Laurence Gommersil
﻿17:07:53 : Player #6 Laurence Gommersil - Legacy GUID: 968c41ae2194f0cd7392781b4dee481b
﻿17:10:33 : RCon admin #3: (Global) NO SQUAD XML: ENGLISH ONLY IN SIDE CHAT: VEHICLES AND GEAR CAN BE STOLEN ANYWHERE
﻿17:13:00 : Player #7 Peasant (86.133.162.23:1024) connected
﻿17:13:01 : Player #7 Peasant - GUID: bc07c7c39c76cf95a7a434d686d9df66 (unverified)
﻿17:13:02 : Verified GUID (bc07c7c39c76cf95a7a434d686d9df66) of player #7 Peasant
﻿17:13:02 : Player #7 Peasant - Legacy GUID: 977383e15b6c706cac44ca953ba440c7
﻿17:16:41 : Player #8 aLittleFatKid (5.66.58.122:3302) connected
﻿17:16:51 : Player #8 aLittleFatKid - GUID: 76c688352020afe5b8e44f9972eaa856 (unverified)
﻿17:16:51 : Verified GUID (76c688352020afe5b8e44f9972eaa856) of player #8 aLittleFatKid
﻿17:16:53 : Player #8 aLittleFatKid - Legacy GUID: be7ae01116d4e0971fbd622503b6b7b3
﻿17:16:54 : Player #9 ImaginationOfATomato (79.77.244.193:3302) connected
﻿17:16:56 : Player #9 ImaginationOfATomato - GUID: ac9a863be60072b71e8f9593c1e7a3cf (unverified)
﻿17:16:56 : Player #9 ImaginationOfATomato - Legacy GUID: fa4d043bc368b7ed7a662e7ac8bd5228
﻿17:16:57 : Verified GUID (ac9a863be60072b71e8f9593c1e7a3cf) of player #9 ImaginationOfATomato
﻿17:20:28 : Player #6 Laurence Gommersil disconnected
﻿17:21:33 : RCon admin #3: (Global) ADMINS: LWB AND SIERRA | VISIT THE WEBSITE SURVIVALIST-DAYZ.COM
﻿17:25:55 : Player #3 jemyl disconnected
﻿17:35:33 : RCon admin #3: (Global) BASES MUST BE MAINTAINED VIA THE PLOT POLE EVERY 7 DAYS!! VEHICLES MUST BE USED EVERY 3 DAYS!!
﻿17:37:51 : Player #0 Wilkomir disconnected
﻿17:40:33 : RCon admin #3: (Global) NO SQUAD XML: ENGLISH ONLY IN SIDE CHAT: VEHICLES AND GEAR CAN BE STOLEN ANYWHERE
﻿17:42:31 : RCon admin #5 (86.133.162.23:52386) logged in
﻿17:42:52 : RCon admin #4 (86.133.162.23:55268) logged in
﻿17:43:18 : Player #2 GBK disconnected
﻿17:44:00 : Player #0 GBK (186.48.176.143:23577) connected
﻿17:44:05 : Player #0 GBK - GUID: fe0876ecc546e9c2d484bac1dbac2c82 (unverified)
﻿17:44:06 : Verified GUID (fe0876ecc546e9c2d484bac1dbac2c82) of player #0 GBK
﻿17:44:07 : Player #0 GBK - Legacy GUID: 4ed0ed508937ec13cea9a33b15806a2c
﻿17:44:42 : Could not connect to BE Master
﻿17:44:42 : Update attempt failed
﻿17:51:33 : RCon admin #3: (Global) ADMINS: LWB AND SIERRA | VISIT THE WEBSITE SURVIVALIST-DAYZ.COM
﻿17:58:42 : Could not connect to BE Master
﻿17:58:42 : Update attempt failed
﻿18:05:33 : RCon admin #3: (Global) BASES MUST BE MAINTAINED VIA THE PLOT POLE EVERY 7 DAYS!! VEHICLES MUST BE USED EVERY 3 DAYS!!
﻿18:10:33 : RCon admin #3: (Global) NO SQUAD XML: ENGLISH ONLY IN SIDE CHAT: VEHICLES AND GEAR CAN BE STOLEN ANYWHERE
﻿18:17:40 : Player #2 Sierra [SD] (86.133.162.23:1025) connected
﻿18:17:41 : Player #2 Sierra [SD] - GUID: d5a7a204223d483926d292f4255aa428 (unverified)
﻿18:17:42 : Player #2 Sierra [SD] - Legacy GUID: 81e5f276acb3bd8401df80e28c6291a7
﻿18:17:46 : Player #2 Sierra [SD] disconnected
﻿18:18:15 : Player #2 Sierra [SD] (86.133.162.23:1025) connected
﻿18:18:17 : Player #2 Sierra [SD] - GUID: d5a7a204223d483926d292f4255aa428 (unverified)
﻿18:18:17 : Verified GUID (d5a7a204223d483926d292f4255aa428) of player #2 Sierra [SD]
﻿18:18:17 : Player #2 Sierra [SD] - Legacy GUID: 81e5f276acb3bd8401df80e28c6291a7
﻿18:21:33 : RCon admin #3: (Global) ADMINS: LWB AND SIERRA | VISIT THE WEBSITE SURVIVALIST-DAYZ.COM
﻿18:28:14 : Could not connect to BE Master
﻿18:28:14 : Update attempt failed
﻿18:32:24 : Player #3 Sandvic (90.191.101.200:3302) connected
﻿18:32:25 : Player #3 Sandvic - GUID: 310587f20559ebbdcfe0127a4b86a7ca (unverified)
﻿18:32:26 : Verified GUID (310587f20559ebbdcfe0127a4b86a7ca) of player #3 Sandvic
﻿18:32:26 : Player #3 Sandvic - Legacy GUID: f3edd2dab671004ff6e6d07e8bef72ad
﻿18:35:33 : RCon admin #3: (Global) BASES MUST BE MAINTAINED VIA THE PLOT POLE EVERY 7 DAYS!! VEHICLES MUST BE USED EVERY 3 DAYS!!
﻿18:40:29 : Player #5 DELETED (1939647ee6f4ab5dfdbbf8f30642bbde) has been kicked by BattlEye: Admin Kick
﻿18:40:33 : RCon admin #3: (Global) NO SQUAD XML: ENGLISH ONLY IN SIDE CHAT: VEHICLES AND GEAR CAN BE STOLEN ANYWHERE
﻿18:41:43 : Player #3 Sandvic disconnected
﻿18:44:09 : Could not connect to BE Master
﻿18:44:09 : Update attempt failed
﻿18:51:09 : Player #3 2DIE4 (84.130.106.88:3302) connected
﻿18:51:11 : Player #3 2DIE4 - GUID: 97b8e8b63e4439b2b62c99dde2b8b8a1 (unverified)
﻿18:51:11 : Verified GUID (97b8e8b63e4439b2b62c99dde2b8b8a1) of player #3 2DIE4
﻿18:51:11 : Player #3 2DIE4 - Legacy GUID: e56dc54c0a6d92faa8a284d7c54bffab
﻿18:51:33 : RCon admin #3: (Global) ADMINS: LWB AND SIERRA | VISIT THE WEBSITE SURVIVALIST-DAYZ.COM
﻿18:53:00 : Player #5 Jauski (93.106.20.204:2294) connected
﻿18:53:01 : Player #5 Jauski - GUID: 7b362c43453a6b1eb2abf980333c4fb9 (unverified)
﻿18:53:02 : Verified GUID (7b362c43453a6b1eb2abf980333c4fb9) of player #5 Jauski
﻿18:53:02 : Player #5 Jauski - Legacy GUID: 6cd0d4966dabbe39a0e2ff3d0a3f3dea
﻿19:05:33 : RCon admin #3: (Global) BASES MUST BE MAINTAINED VIA THE PLOT POLE EVERY 7 DAYS!! VEHICLES MUST BE USED EVERY 3 DAYS!!
﻿19:08:52 : Player #0 GBK disconnected
﻿19:10:32 : RCon admin #3: (Global) NO SQUAD XML: ENGLISH ONLY IN SIDE CHAT: VEHICLES AND GEAR CAN BE STOLEN ANYWHERE
﻿19:12:02 : Could not connect to BE Master
﻿19:12:02 : Update attempt failed
﻿19:14:18 : Could not connect to BE Master
﻿19:14:18 : Update attempt failed
﻿19:16:33 : RCon admin #3: (Global) Server will restart in 10 minutes
﻿19:17:25 : Player #0 II TheElite II (83.86.22.79:3302) connected
﻿19:17:27 : Player #0 II TheElite II - GUID: e0d29edb33378bbc6d6506b5f581dd6a (unverified)
﻿19:17:28 : Player #0 II TheElite II - Legacy GUID: 0683f2e6246fca2d44581d59ce516fea
﻿19:17:28 : Verified GUID (e0d29edb33378bbc6d6506b5f581dd6a) of player #0 II TheElite II
﻿19:20:07 : Player #1 Misa disconnected
﻿19:21:33 : RCon admin #3: (Global) ADMINS: LWB AND SIERRA | VISIT THE WEBSITE SURVIVALIST-DAYZ.COM
﻿19:21:33 : RCon admin #3: (Global) Server will restart in 5 minutes: Prepare to Logout
﻿19:22:18 : Player #0 II TheElite II disconnected
﻿19:24:33 : RCon admin #3: (Global) The Server is about to restart. LOG OUT NOW OR YOUR GEAR MAY BE LOST!!
﻿19:24:35 : Player #8 aLittleFatKid disconnected
﻿19:24:43 : Player #5 Jauski disconnected
﻿19:24:46 : Player #9 ImaginationOfATomato disconnected
﻿19:25:01 : Player #2 Sierra [SD] disconnected
﻿19:25:17 : Player #4 picachy disconnected
﻿19:25:40 : Player #3 2DIE4 disconnected
﻿19:25:45 : Player #7 Peasant disconnected
﻿19:26:02 : RCon admin #3: (Global) YOU SHOULD BE LOGGED OUT BY NOW! IF YOU ARENT YOU WILL BE AUTO KICKED AND YOUR GEAR MAY BE LOST! NO REFUNDS!
﻿19:27:06 : Rcon client logging in
﻿19:27:06 : RCon admin #4 (78.31.67.100:65147) logged in
﻿19:27:21 : Player #0 Peasant (86.133.162.23:1024) connected
﻿19:27:23 : Player #0 Peasant - GUID: bc07c7c39c76cf95a7a434d686d9df66 (unverified)
﻿19:27:23 : Verified GUID (bc07c7c39c76cf95a7a434d686d9df66) of player #0 Peasant
﻿19:27:23 : Player #0 Peasant - Legacy GUID: 977383e15b6c706cac44ca953ba440c7
﻿19:27:36 : Player #1 Sierra [SD] (86.133.162.23:1025) connected
﻿19:27:37 : Player #1 Sierra [SD] - GUID: d5a7a204223d483926d292f4255aa428 (unverified)
﻿19:27:41 : Verified GUID (d5a7a204223d483926d292f4255aa428) of player #1 Sierra [SD]
﻿19:27:41 : Player #1 Sierra [SD] - Legacy GUID: 81e5f276acb3bd8401df80e28c6291a7
﻿19:27:52 : Player #2 aLittleFatKid (5.66.58.122:3302) connected
﻿19:27:55 : Player #2 aLittleFatKid - GUID: 76c688352020afe5b8e44f9972eaa856 (unverified)
﻿19:27:57 : Verified GUID (76c688352020afe5b8e44f9972eaa856) of player #2 aLittleFatKid
﻿19:27:57 : Player #2 aLittleFatKid - Legacy GUID: be7ae01116d4e0971fbd622503b6b7b3
﻿19:27:58 : Player #3 2DIE4 (84.130.106.88:3302) connected
﻿19:27:59 : Player #3 2DIE4 - GUID: 97b8e8b63e4439b2b62c99dde2b8b8a1 (unverified)
﻿19:27:59 : Verified GUID (97b8e8b63e4439b2b62c99dde2b8b8a1) of player #3 2DIE4
﻿19:28:00 : Player #3 2DIE4 - Legacy GUID: e56dc54c0a6d92faa8a284d7c54bffab
﻿19:29:03 : Player #4 ImaginationOfATomato (79.77.244.193:3302) connected
﻿19:29:04 : Player #4 ImaginationOfATomato - GUID: ac9a863be60072b71e8f9593c1e7a3cf (unverified)
﻿19:29:05 : Verified GUID (ac9a863be60072b71e8f9593c1e7a3cf) of player #4 ImaginationOfATomato
﻿19:29:05 : Player #4 ImaginationOfATomato - Legacy GUID: fa4d043bc368b7ed7a662e7ac8bd5228
﻿19:39:23 : Player #5 Freedom (173.85.71.79:2304) connected
﻿19:39:24 : Player #5 Freedom - GUID: 32974eed83d84dab3c6a86016f1a1d12 (unverified)
﻿19:39:25 : Verified GUID (32974eed83d84dab3c6a86016f1a1d12) of player #5 Freedom
﻿19:39:25 : Player #5 Freedom - Legacy GUID: 97a8c85ef5bf1164b1deba8cac447118
﻿19:41:06 : RCon admin #4: (Global) NO SQUAD XML: ENGLISH ONLY IN SIDE CHAT: VEHICLES AND GEAR CAN BE STOLEN ANYWHERE
﻿19:43:38 : Player #6 Winans (178.200.93.19:3302) connected
﻿19:43:39 : Player #6 Winans - GUID: 5cfd15b84e558bc0ef1f0210efc34126 (unverified)
﻿19:43:40 : Verified GUID (5cfd15b84e558bc0ef1f0210efc34126) of player #6 Winans
﻿19:43:40 : Player #6 Winans - Legacy GUID: a5953aeb5d5414bdf99a6fe9cbecf6c4
﻿19:52:06 : RCon admin #4: (Global) ADMINS: LWB AND SIERRA | VISIT THE WEBSITE SURVIVALIST-DAYZ.COM
﻿20:04:03 : Player #7 NEGAN (194.135.16.58:3302) connected
﻿20:04:04 : Player #7 NEGAN - GUID: 4d5241c1fd33ddbc9dd8fc236fbc1edd (unverified)
﻿20:04:05 : Verified GUID (4d5241c1fd33ddbc9dd8fc236fbc1edd) of player #7 NEGAN
﻿20:04:05 : Player #7 NEGAN - Legacy GUID: c900ba533f5f2e1347e26f45aad72197
﻿20:04:30 : Player #8 Cochice (193.106.163.67:27258) connected
﻿20:04:31 : Player #8 Cochice - GUID: e520188ccc08413e0987fb0a4d9310f5 (unverified)
﻿20:04:31 : Verified GUID (e520188ccc08413e0987fb0a4d9310f5) of player #8 Cochice
﻿20:04:32 : Player #8 Cochice - Legacy GUID: d2647f97bad154c8c5ddd1d4bc02169c
﻿20:06:06 : RCon admin #4: (Global) BASES MUST BE MAINTAINED VIA THE PLOT POLE EVERY 7 DAYS!! VEHICLES MUST BE USED EVERY 3 DAYS!!
﻿20:07:07 : Player #8 Cochice disconnected
﻿20:08:44 : Player #8 Cochice (193.106.163.67:27258) connected
﻿20:08:45 : Player #8 Cochice - GUID: e520188ccc08413e0987fb0a4d9310f5 (unverified)
﻿20:08:46 : Verified GUID (e520188ccc08413e0987fb0a4d9310f5) of player #8 Cochice
﻿20:08:46 : Player #8 Cochice - Legacy GUID: d2647f97bad154c8c5ddd1d4bc02169c
﻿20:09:22 : Player #7 NEGAN disconnected
﻿20:09:40 : Player #7 NEGAN (194.135.16.58:3302) connected
﻿20:09:41 : Player #7 NEGAN - GUID: 4d5241c1fd33ddbc9dd8fc236fbc1edd (unverified)
﻿20:09:42 : Verified GUID (4d5241c1fd33ddbc9dd8fc236fbc1edd) of player #7 NEGAN
﻿20:09:42 : Player #7 NEGAN - Legacy GUID: c900ba533f5f2e1347e26f45aad72197
﻿20:11:06 : RCon admin #4: (Global) NO SQUAD XML: ENGLISH ONLY IN SIDE CHAT: VEHICLES AND GEAR CAN BE STOLEN ANYWHERE
﻿20:12:36 : RCon admin #5 (86.133.162.23:60219) logged in
﻿20:13:01 : RCon admin #3 (86.133.162.23:60220) logged in
﻿20:15:36 : RCon admin #5 (86.133.162.23:61903) logged in
﻿20:16:06 : RCon admin #3 (86.133.162.23:61904) logged in
﻿20:16:31 : RCon admin #5 (86.133.162.23:61905) logged in
﻿20:18:37 : RCon admin #3 (86.133.162.23:61907) logged in
﻿20:18:42 : Could not connect to BE Master
﻿20:18:42 : Update attempt failed
﻿20:21:02 : RCon admin #5 (86.133.162.23:61910) logged in
﻿20:21:24 : RCon admin #3 (86.133.162.23:57035) logged in
﻿20:21:46 : RCon admin #5 (86.133.162.23:57036) logged in
﻿20:22:06 : RCon admin #4: (Global) ADMINS: LWB AND SIERRA | VISIT THE WEBSITE SURVIVALIST-DAYZ.COM
﻿20:23:03 : RCon admin #3 (86.133.162.23:49614) logged in
﻿20:23:08 : RCon admin #6 (86.133.162.23:57208) logged in
﻿20:23:13 : RCon admin #7 (86.133.162.23:50840) logged in
﻿20:23:15 : Player #0 Peasant (bc07c7c39c76cf95a7a434d686d9df66) has been kicked by BattlEye: Client not responding
﻿20:23:19 : RCon admin #2 (86.133.162.23:58758) logged in
﻿20:23:23 : RCon admin #3 (86.133.162.23:58759) logged in
﻿20:23:24 : Player #5 Freedom disconnected
﻿20:23:30 : RCon admin #2 (86.133.162.23:58760) logged in
﻿20:23:33 : RCon admin #6 (86.133.162.23:58761) logged in
﻿20:23:38 : RCon admin #3 (86.133.162.23:58762) logged in
﻿20:23:43 : RCon admin #2 (86.133.162.23:58763) logged in
﻿20:23:48 : RCon admin #6 (86.133.162.23:58764) logged in
﻿20:23:53 : RCon admin #3 (86.133.162.23:58765) logged in
﻿20:23:58 : RCon admin #2 (86.133.162.23:63535) logged in
﻿20:24:03 : RCon admin #6 (86.133.162.23:63306) logged in
﻿20:24:08 : RCon admin #3 (86.133.162.23:63307) logged in
﻿20:24:14 : RCon admin #2 (86.133.162.23:63308) logged in
﻿20:24:18 : RCon admin #6 (86.133.162.23:50081) logged in
﻿20:24:23 : RCon admin #3 (86.133.162.23:54216) logged in
﻿20:24:28 : RCon admin #2 (86.133.162.23:49355) logged in
﻿20:24:33 : RCon admin #6 (86.133.162.23:64512) logged in
﻿20:24:38 : RCon admin #3 (86.133.162.23:61670) logged in
﻿20:24:38 : RCon admin #7 (86.133.162.23:61671) logged in
﻿20:24:43 : RCon admin #2 (86.133.162.23:63731) logged in
﻿20:24:48 : RCon admin #6 (86.133.162.23:54781) logged in
﻿20:24:51 : Could not connect to BE Master
﻿20:24:52 : Update attempt failed
﻿20:24:53 : RCon admin #3 (86.133.162.23:53054) logged in
﻿20:24:58 : RCon admin #2 (86.133.162.23:53055) logged in
﻿20:25:02 : RCon admin #6 (86.133.162.23:57580) logged in
﻿20:25:07 : RCon admin #3 (86.133.162.23:57581) logged in
﻿20:25:12 : RCon admin #2 (86.133.162.23:57582) logged in
﻿20:25:18 : RCon admin #3 (86.133.162.23:57583) logged in
﻿20:25:37 : RCon admin #2 (86.133.162.23:64275) logged in
﻿20:25:44 : RCon admin #3 (86.133.162.23:58004) logged in
﻿20:26:05 : RCon admin #6 (86.133.162.23:58175) logged in
﻿20:26:57 : RCon admin #5 (86.133.162.23:49290) logged in
﻿20:27:18 : RCon admin #6 (86.133.162.23:60534) logged in
﻿20:27:40 : RCon admin #2 (86.133.162.23:57024) logged in
﻿20:28:01 : RCon admin #5 (86.133.162.23:60535) logged in
﻿20:28:01 : RCon admin #7 (86.133.162.23:57025) logged in
﻿20:28:22 : RCon admin #2 (86.133.162.23:62728) logged in
﻿20:28:43 : RCon admin #6 (86.133.162.23:64357) logged in
﻿20:29:20 : RCon admin #3 (86.133.162.23:64358) logged in
﻿20:29:41 : RCon admin #6 (86.133.162.23:64359) logged in
﻿20:30:25 : Player #7 NEGAN (4d5241c1fd33ddbc9dd8fc236fbc1edd) has been kicked by BattlEye: Client not responding
﻿20:32:45 : Player #0 NEGAN (194.135.16.230:3302) connected
﻿20:32:47 : Player #0 NEGAN - GUID: 4d5241c1fd33ddbc9dd8fc236fbc1edd (unverified)
﻿20:32:47 : Verified GUID (4d5241c1fd33ddbc9dd8fc236fbc1edd) of player #0 NEGAN
﻿20:32:48 : Player #0 NEGAN - Legacy GUID: c900ba533f5f2e1347e26f45aad72197
﻿20:36:06 : RCon admin #4: (Global) BASES MUST BE MAINTAINED VIA THE PLOT POLE EVERY 7 DAYS!! VEHICLES MUST BE USED EVERY 3 DAYS!!
﻿20:41:06 : RCon admin #4: (Global) NO SQUAD XML: ENGLISH ONLY IN SIDE CHAT: VEHICLES AND GEAR CAN BE STOLEN ANYWHERE
﻿20:45:47 : RCon admin #5 (86.133.162.23:57327) logged in
﻿20:46:05 : Player #5 HbishoP (65.185.105.201:3302) connected
﻿20:46:07 : Player #5 HbishoP - GUID: 6f35f78c146dc7dda5f9ff204e99d509 (unverified)
﻿20:46:07 : Verified GUID (6f35f78c146dc7dda5f9ff204e99d509) of player #5 HbishoP
﻿20:46:07 : Player #5 HbishoP - Legacy GUID: 5dab2a4b26644b80b47b09a68b202040
﻿20:48:01 : Player #5 HbishoP disconnected
﻿20:48:34 : Player #5 HbishoP (65.185.105.201:3302) connected
﻿20:48:35 : Player #5 HbishoP - GUID: 6f35f78c146dc7dda5f9ff204e99d509 (unverified)
﻿20:48:35 : Verified GUID (6f35f78c146dc7dda5f9ff204e99d509) of player #5 HbishoP
﻿20:48:36 : Player #5 HbishoP - Legacy GUID: 5dab2a4b26644b80b47b09a68b202040
﻿20:52:06 : RCon admin #4: (Global) ADMINS: LWB AND SIERRA | VISIT THE WEBSITE SURVIVALIST-DAYZ.COM
﻿20:53:56 : Player #7 BIG BOLO* (5.172.232.120:25856) connected
﻿20:53:58 : Player #7 BIG BOLO* - GUID: 23ba3b72c27f9037a89a5be52475278a (unverified)
﻿20:53:58 : Player #7 BIG BOLO* - Legacy GUID: 3ae9f2bd0cfa61de1e742c02f56f7f78
﻿20:53:58 : Verified GUID (23ba3b72c27f9037a89a5be52475278a) of player #7 BIG BOLO*
﻿20:56:12 : Player #9 TwXMaster (187.115.46.249:10548) connected
﻿20:56:14 : Player #9 TwXMaster - Legacy GUID: ba10ab4717b8114ca713fb0084dde92f
﻿20:56:15 : Player #9 TwXMaster - GUID: 98a120330d66054a90c5aae90a885b01 (unverified)
﻿20:56:15 : Verified GUID (98a120330d66054a90c5aae90a885b01) of player #9 TwXMaster
﻿20:57:24 : Player #10 TNT | ReiCrazzY (177.152.155.174:3302) connected
﻿20:57:25 : Player #10 TNT | ReiCrazzY - GUID: edaaa3e7d929f16ab12988dbca29941c (unverified)
﻿20:57:26 : Verified GUID (edaaa3e7d929f16ab12988dbca29941c) of player #10 TNT | ReiCrazzY
﻿20:57:26 : Player #10 TNT | ReiCrazzY - Legacy GUID: add7ab92fc275fc5f1e56375c5c48705
﻿20:59:13 : Player #10 TNT | ReiCrazzY disconnected
﻿21:00:10 : Player #10 TNT | ReiCrazzY (177.152.155.174:3302) connected
﻿21:00:12 : Player #10 TNT | ReiCrazzY - GUID: edaaa3e7d929f16ab12988dbca29941c (unverified)
﻿21:00:13 : Player #10 TNT | ReiCrazzY - Legacy GUID: add7ab92fc275fc5f1e56375c5c48705
﻿21:00:13 : Verified GUID (edaaa3e7d929f16ab12988dbca29941c) of player #10 TNT | ReiCrazzY
﻿21:00:15 : Could not connect to BE Master
﻿21:00:15 : Update attempt failed
﻿21:06:06 : RCon admin #4: (Global) BASES MUST BE MAINTAINED VIA THE PLOT POLE EVERY 7 DAYS!! VEHICLES MUST BE USED EVERY 3 DAYS!!
﻿21:07:34 : Player #10 TNT | ReiCrazzY (edaaa3e7d929f16ab12988dbca29941c) has been kicked by BattlEye: Ping too high (343)
﻿21:08:44 : Player #10 TNT | ReiCrazzY (177.152.155.174:3302) connected
﻿21:08:47 : Player #10 TNT | ReiCrazzY - GUID: edaaa3e7d929f16ab12988dbca29941c (unverified)
﻿21:08:47 : Verified GUID (edaaa3e7d929f16ab12988dbca29941c) of player #10 TNT | ReiCrazzY
﻿21:08:49 : Player #10 TNT | ReiCrazzY - Legacy GUID: add7ab92fc275fc5f1e56375c5c48705
﻿21:09:50 : Player #10 TNT | ReiCrazzY (edaaa3e7d929f16ab12988dbca29941c) has been kicked by BattlEye: Ping too high (344)
﻿21:11:06 : RCon admin #4: (Global) NO SQUAD XML: ENGLISH ONLY IN SIDE CHAT: VEHICLES AND GEAR CAN BE STOLEN ANYWHERE
﻿21:11:26 : Player #10 TNT | ReiCrazzY (143.208.235.191:3302) connected
﻿21:11:28 : Player #10 TNT | ReiCrazzY - GUID: edaaa3e7d929f16ab12988dbca29941c (unverified)
﻿21:11:28 : Player #10 TNT | ReiCrazzY - Legacy GUID: add7ab92fc275fc5f1e56375c5c48705
﻿21:11:32 : Player #10 TNT | ReiCrazzY disconnected
﻿21:12:26 : Player #10 TNT | ReiCrazzY (143.208.235.191:3302) connected
﻿21:12:28 : Player #10 TNT | ReiCrazzY - GUID: edaaa3e7d929f16ab12988dbca29941c (unverified)
﻿21:12:29 : Verified GUID (edaaa3e7d929f16ab12988dbca29941c) of player #10 TNT | ReiCrazzY
﻿21:12:29 : Player #10 TNT | ReiCrazzY - Legacy GUID: add7ab92fc275fc5f1e56375c5c48705
﻿21:15:15 : Player #10 TNT | ReiCrazzY disconnected
﻿21:15:25 : Player #10 Staneles (89.80.27.28:3302) connected
﻿21:15:27 : Player #10 Staneles - GUID: 5fdb413239d328e1141505035259b366 (unverified)
﻿21:15:28 : Player #10 Staneles - Legacy GUID: da5b1f93c14f6cec83b9c6438b0b4d1d
﻿21:15:31 : Verified GUID (5fdb413239d328e1141505035259b366) of player #10 Staneles
﻿21:16:19 : Player #11 TNT | ReiCrazzY (143.208.235.191:3302) connected
﻿21:16:22 : Player #11 TNT | ReiCrazzY - Legacy GUID: add7ab92fc275fc5f1e56375c5c48705
﻿21:16:22 : Player #11 TNT | ReiCrazzY - GUID: edaaa3e7d929f16ab12988dbca29941c (unverified)
﻿21:16:22 : Verified GUID (edaaa3e7d929f16ab12988dbca29941c) of player #11 TNT | ReiCrazzY
﻿21:17:35 : Player #12 Andy (5.64.195.25:3302) connected
﻿21:17:37 : Player #12 Andy - GUID: c1ef953f2295859f10aad09d7512d89c (unverified)
﻿21:17:38 : Player #12 Andy - Legacy GUID: 61751af9b21d4ba7d26d8890b2e1085c
﻿21:17:38 : Verified GUID (c1ef953f2295859f10aad09d7512d89c) of player #12 Andy
﻿21:18:23 : Player #13 Hailstorm (93.222.250.59:3302) connected
﻿21:18:25 : Player #13 Hailstorm - GUID: 0692c4867addd58d9591110bb02a6244 (unverified)
﻿21:18:25 : Verified GUID (0692c4867addd58d9591110bb02a6244) of player #13 Hailstorm
﻿21:18:26 : Player #13 Hailstorm - Legacy GUID: e22681f3383bb6138a608cbe99764fe1
﻿21:22:06 : RCon admin #4: (Global) ADMINS: LWB AND SIERRA | VISIT THE WEBSITE SURVIVALIST-DAYZ.COM
﻿21:23:27 : Player #12 Andy disconnected
﻿21:25:00 : Player #8 Cochice disconnected
﻿21:27:16 : Player #8 Cochice (193.106.163.67:27258) connected
﻿21:27:17 : Player #8 Cochice - GUID: e520188ccc08413e0987fb0a4d9310f5 (unverified)
﻿21:27:18 : Verified GUID (e520188ccc08413e0987fb0a4d9310f5) of player #8 Cochice
﻿21:27:18 : Player #8 Cochice - Legacy GUID: d2647f97bad154c8c5ddd1d4bc02169c
﻿21:27:23 : Player #8 Cochice disconnected
﻿21:28:19 : RCon admin #2 (86.133.162.23:65015) logged in
﻿21:31:29 : Player #11 TNT | ReiCrazzY disconnected
﻿21:36:06 : RCon admin #4: (Global) BASES MUST BE MAINTAINED VIA THE PLOT POLE EVERY 7 DAYS!! VEHICLES MUST BE USED EVERY 3 DAYS!!
﻿21:40:33 : RCon admin #5 (86.133.162.23:64245) logged in
﻿21:41:06 : RCon admin #4: (Global) NO SQUAD XML: ENGLISH ONLY IN SIDE CHAT: VEHICLES AND GEAR CAN BE STOLEN ANYWHERE
﻿21:41:23 : Player #9 TwXMaster disconnected
﻿21:43:26 : Player #10 Staneles disconnected
﻿21:44:38 : RCon admin #2 (86.133.162.23:56521) logged in
﻿21:47:06 : RCon admin #4: (Global) Server will restart in 10 minutes
﻿21:51:53 : Player #13 Hailstorm disconnected
﻿21:52:06 : RCon admin #4: (Global) ADMINS: LWB AND SIERRA | VISIT THE WEBSITE SURVIVALIST-DAYZ.COM
﻿21:52:07 : RCon admin #4: (Global) Server will restart in 5 minutes: Prepare to Logout
﻿21:53:18 : Player #0 NEGAN disconnected
﻿21:53:44 : Player #0 ChineseBandit (86.27.32.173:3302) connected
﻿21:53:46 : Player #0 ChineseBandit - GUID: 47221b179e557805fb9c6616639d3aff (unverified)
﻿21:53:46 : Verified GUID (47221b179e557805fb9c6616639d3aff) of player #0 ChineseBandit
﻿21:53:47 : Player #0 ChineseBandit - Legacy GUID: 5a4b88db81da74b7763eeddc3f64ac8e
﻿21:53:58 : Player #8 SleevlessBand1t (151.230.59.237:3302) connected
﻿21:53:59 : Player #8 SleevlessBand1t - GUID: 746db915fb2e131aecd384aed9dff599 (unverified)
﻿21:54:00 : Player #8 SleevlessBand1t - Legacy GUID: ce72db8048ab693784d148e119b9ffec
﻿21:54:00 : Player #8 SleevlessBand1t disconnected
﻿21:54:48 : Player #2 aLittleFatKid disconnected
﻿21:55:01 : Player #6 Winans disconnected
﻿21:55:06 : RCon admin #4: (Global) The Server is about to restart. LOG OUT NOW OR YOUR GEAR MAY BE LOST!!
﻿21:55:11 : Player #4 ImaginationOfATomato disconnected
﻿21:55:22 : Player #5 HbishoP disconnected
﻿21:55:28 : Player #1 Sierra [SD] disconnected
﻿21:55:35 : Player #3 2DIE4 disconnected
﻿21:56:09 : RCon admin #5 (86.133.162.23:56113) logged in
﻿21:56:36 : RCon admin #4: (Global) YOU SHOULD BE LOGGED OUT BY NOW! IF YOU ARENT YOU WILL BE AUTO KICKED AND YOUR GEAR MAY BE LOST! NO REFUNDS!
﻿21:57:03 : RCon admin #3 (86.133.162.23:51008) logged in
﻿21:57:40 : Rcon client logging in
﻿21:57:40 : RCon admin #5 (78.31.67.100:53063) logged in
﻿21:57:41 : Player #0 Sierra [SD] - GUID: d5a7a204223d483926d292f4255aa428 (unverified)
﻿21:57:41 : Verified GUID (d5a7a204223d483926d292f4255aa428) of player #0 Sierra [SD]
﻿21:57:42 : Player #0 Sierra [SD] - Legacy GUID: 81e5f276acb3bd8401df80e28c6291a7
﻿21:58:01 : Player #1 ChineseBandit (86.27.32.173:3302) connected
﻿21:58:02 : Player #1 ChineseBandit - GUID: 47221b179e557805fb9c6616639d3aff (unverified)
﻿21:58:03 : Player #1 ChineseBandit - Legacy GUID: 5a4b88db81da74b7763eeddc3f64ac8e
﻿21:58:11 : Verified GUID (47221b179e557805fb9c6616639d3aff) of player #1 ChineseBandit
﻿21:58:22 : Player #2 SleevlessBand1t (151.230.59.237:3302) connected
﻿21:58:23 : Player #2 SleevlessBand1t - GUID: 746db915fb2e131aecd384aed9dff599 (unverified)
﻿21:58:24 : Player #2 SleevlessBand1t - Legacy GUID: ce72db8048ab693784d148e119b9ffec
﻿21:58:25 : Player #2 SleevlessBand1t disconnected
﻿21:58:31 : Player #2 Staneles (89.80.27.28:3302) connected
﻿21:58:32 : Player #2 Staneles - GUID: 5fdb413239d328e1141505035259b366 (unverified)
﻿21:58:32 : Verified GUID (5fdb413239d328e1141505035259b366) of player #2 Staneles
﻿21:58:33 : Player #2 Staneles - Legacy GUID: da5b1f93c14f6cec83b9c6438b0b4d1d
﻿21:59:11 : Player #3 Winans (178.200.93.19:3302) connected
﻿21:59:12 : Player #3 Winans - GUID: 5cfd15b84e558bc0ef1f0210efc34126 (unverified)
﻿21:59:13 : Verified GUID (5cfd15b84e558bc0ef1f0210efc34126) of player #3 Winans
﻿21:59:13 : Player #3 Winans - Legacy GUID: a5953aeb5d5414bdf99a6fe9cbecf6c4
﻿21:59:40 : Player #4 Hailstorm (93.222.250.59:3302) connected
﻿21:59:41 : Player #4 Hailstorm - GUID: 0692c4867addd58d9591110bb02a6244 (unverified)
﻿21:59:42 : Player #4 Hailstorm - Legacy GUID: e22681f3383bb6138a608cbe99764fe1
﻿21:59:43 : Player #5 2DIE4 (84.130.106.88:3302) connected
﻿21:59:44 : Player #5 2DIE4 - GUID: 97b8e8b63e4439b2b62c99dde2b8b8a1 (unverified)
﻿21:59:45 : Player #5 2DIE4 - Legacy GUID: e56dc54c0a6d92faa8a284d7c54bffab
﻿21:59:48 : Player #4 Hailstorm disconnected
﻿21:59:48 : Player #5 2DIE4 disconnected
﻿21:59:52 : Player #4 2DIE4 (84.130.106.88:3302) connected
﻿21:59:53 : Player #4 2DIE4 - GUID: 97b8e8b63e4439b2b62c99dde2b8b8a1 (unverified)
﻿21:59:54 : Verified GUID (97b8e8b63e4439b2b62c99dde2b8b8a1) of player #4 2DIE4
﻿21:59:54 : Player #4 2DIE4 - Legacy GUID: e56dc54c0a6d92faa8a284d7c54bffab
﻿22:00:09 : Player #5 SleevlessBand1t (151.230.59.237:3302) connected
﻿22:00:11 : Player #5 SleevlessBand1t - GUID: 746db915fb2e131aecd384aed9dff599 (unverified)
﻿22:00:11 : Verified GUID (746db915fb2e131aecd384aed9dff599) of player #5 SleevlessBand1t
﻿22:00:11 : Player #5 SleevlessBand1t - Legacy GUID: ce72db8048ab693784d148e119b9ffec
﻿22:00:40 : Player #6 VLADIMIR>*** (5.172.232.120:25872) connected
﻿22:00:41 : Player #6 VLADIMIR>*** - GUID: 23ba3b72c27f9037a89a5be52475278a (unverified)
﻿22:00:41 : Verified GUID (23ba3b72c27f9037a89a5be52475278a) of player #6 VLADIMIR>***
﻿22:00:42 : Player #6 VLADIMIR>*** - Legacy GUID: 3ae9f2bd0cfa61de1e742c02f56f7f78
﻿22:02:08 : Player #7 Hailstorm (93.222.250.59:3302) connected
﻿22:02:09 : Player #7 Hailstorm - GUID: 0692c4867addd58d9591110bb02a6244 (unverified)
﻿22:02:10 : Player #7 Hailstorm - Legacy GUID: e22681f3383bb6138a608cbe99764fe1
﻿22:02:14 : Verified GUID (0692c4867addd58d9591110bb02a6244) of player #7 Hailstorm
﻿22:02:40 : RCon admin #2: (Global) LWB: Started December 2016
﻿22:02:42 : Player #8 Turmoil (85.164.44.228:3302) connected
﻿22:02:43 : Player #8 Turmoil - GUID: 078d3175e22fad797d9a152aaaa83806 (unverified)
﻿22:02:44 : Player #8 Turmoil - Legacy GUID: 153330a3c1eb9ccf7092e322ab07ebb0
﻿22:02:51 : Player #8 Turmoil disconnected
﻿22:05:23 : Player #8 Turmoil (85.164.44.228:3302) connected
﻿22:05:24 : Player #8 Turmoil - GUID: 078d3175e22fad797d9a152aaaa83806 (unverified)
﻿22:05:25 : Verified GUID (078d3175e22fad797d9a152aaaa83806) of player #8 Turmoil
﻿22:05:25 : Player #8 Turmoil - Legacy GUID: 153330a3c1eb9ccf7092e322ab07ebb0
﻿22:10:27 : Player #9 Laurence Gommersil (91.84.65.136:3302) connected
﻿22:10:29 : Player #9 Laurence Gommersil - GUID: f1f45f96a2cdd71b21097c87e6cef51a (unverified)
﻿22:10:29 : Player #9 Laurence Gommersil - Legacy GUID: 968c41ae2194f0cd7392781b4dee481b
﻿22:10:30 : Verified GUID (f1f45f96a2cdd71b21097c87e6cef51a) of player #9 Laurence Gommersil
﻿22:10:49 : Player #10 PRISMIC (195.39.192.26:3302) connected
﻿22:10:51 : Player #10 PRISMIC - GUID: c2a9b9e975c3a16bc843e3b1437182ca (unverified)
﻿22:10:51 : Player #10 PRISMIC - Legacy GUID: 40b9483bb39fdbf38ebf22597947cee7
﻿22:10:59 : Player #10 PRISMIC disconnected
﻿22:11:21 : Player #10 aLittleFatKid (5.66.58.122:3302) connected
﻿22:11:22 : Player #10 aLittleFatKid - GUID: 76c688352020afe5b8e44f9972eaa856 (unverified)
﻿22:11:23 : Player #10 aLittleFatKid - Legacy GUID: be7ae01116d4e0971fbd622503b6b7b3
﻿22:11:27 : Verified GUID (76c688352020afe5b8e44f9972eaa856) of player #10 aLittleFatKid
﻿22:11:41 : RCon admin #5: (Global) NO SQUAD XML: ENGLISH ONLY IN SIDE CHAT: VEHICLES AND GEAR CAN BE STOLEN ANYWHERE
﻿22:12:35 : Player #11 PRISMIC (195.39.192.26:3302) connected
﻿22:12:37 : Player #11 PRISMIC - GUID: c2a9b9e975c3a16bc843e3b1437182ca (unverified)
﻿22:12:38 : Player #11 PRISMIC - Legacy GUID: 40b9483bb39fdbf38ebf22597947cee7
﻿22:12:38 : Verified GUID (c2a9b9e975c3a16bc843e3b1437182ca) of player #11 PRISMIC
﻿22:16:31 : Player #12 HbishoP (65.185.105.201:3302) connected
﻿22:16:32 : Player #12 HbishoP - GUID: 6f35f78c146dc7dda5f9ff204e99d509 (unverified)
﻿22:16:33 : Verified GUID (6f35f78c146dc7dda5f9ff204e99d509) of player #12 HbishoP
﻿22:16:33 : Player #12 HbishoP - Legacy GUID: 5dab2a4b26644b80b47b09a68b202040
﻿22:17:53 : Player #13 ImaginationOfATomato (79.77.244.193:3302) connected
﻿22:17:54 : Player #13 ImaginationOfATomato - GUID: ac9a863be60072b71e8f9593c1e7a3cf (unverified)
﻿22:17:55 : Player #13 ImaginationOfATomato - Legacy GUID: fa4d043bc368b7ed7a662e7ac8bd5228
﻿22:17:59 : Verified GUID (ac9a863be60072b71e8f9593c1e7a3cf) of player #13 ImaginationOfATomato
﻿22:18:38 : Player #5 SleevlessBand1t disconnected
﻿22:19:53 : RCon admin #2: (Global) LWB: he issnt admin
﻿22:19:55 : RCon admin #2: (Global) LWB: lol
﻿22:20:37 : RCon admin #2: (Global) LWB: seeya
﻿22:21:29 : Player #1 ChineseBandit disconnected
﻿22:22:35 : RCon admin #2: (Global) LWB: Get a room
﻿22:22:41 : RCon admin #5: (Global) ADMINS: LWB AND SIERRA | VISIT THE WEBSITE SURVIVALIST-DAYZ.COM
﻿22:23:30 : RCon admin #2: (Global) LWB: done and done
﻿22:24:29 : RCon admin #2: (Global) LWB: hey
﻿22:25:03 : RCon admin #2: (Global) LWB: Ive searched every orrifice
﻿22:25:17 : RCon admin #2: (Global) LWB: Found some scary stuff to be fair
﻿22:25:41 : RCon admin #6 (86.133.162.23:61803) logged in
﻿22:26:22 : RCon admin #2: (Global) LWB: That aint hard though
﻿22:29:22 : Player #8 Turmoil disconnected
﻿22:32:29 : Player #3 Winans disconnected
﻿22:33:21 : Player #7 Hailstorm disconnected
﻿22:33:52 : Player #13 ImaginationOfATomato disconnected
﻿22:35:05 : Player #0 Sierra [SD] disconnected
﻿22:36:41 : RCon admin #5: (Global) BASES MUST BE MAINTAINED VIA THE PLOT POLE EVERY 7 DAYS!! VEHICLES MUST BE USED EVERY 3 DAYS!!
﻿22:40:27 : Could not connect to BE Master
﻿22:40:27 : Update attempt failed
﻿22:41:41 : RCon admin #5: (Global) NO SQUAD XML: ENGLISH ONLY IN SIDE CHAT: VEHICLES AND GEAR CAN BE STOLEN ANYWHERE
﻿22:47:37 : Player #0 Jacob (162.198.130.60:2304) connected
﻿22:47:38 : Player #0 Jacob - GUID: 83dca45482b1508d97a70ccadde3890b (unverified)
﻿22:47:39 : Player #0 Jacob - Legacy GUID: 7c5b75e1c727d5021985aae6f5714d5c
﻿22:47:39 : Verified GUID (83dca45482b1508d97a70ccadde3890b) of player #0 Jacob
﻿22:47:39 : Player #0 Jacob disconnected
﻿22:52:41 : RCon admin #5: (Global) ADMINS: LWB AND SIERRA | VISIT THE WEBSITE SURVIVALIST-DAYZ.COM
﻿22:54:41 : Player #0 Jacob (162.198.130.60:2304) connected
﻿22:54:43 : Player #0 Jacob - GUID: 83dca45482b1508d97a70ccadde3890b (unverified)
﻿22:54:43 : Verified GUID (83dca45482b1508d97a70ccadde3890b) of player #0 Jacob
﻿22:54:43 : Player #0 Jacob - Legacy GUID: 7c5b75e1c727d5021985aae6f5714d5c
﻿22:54:44 : Player #0 Jacob disconnected
﻿23:05:30 : Player #0 salli (81.159.196.103:3302) connected
﻿23:05:32 : Player #0 salli - GUID: 487166d50e8886174d61205319f3edca (unverified)
﻿23:05:32 : Verified GUID (487166d50e8886174d61205319f3edca) of player #0 salli
﻿23:06:41 : RCon admin #5: (Global) BASES MUST BE MAINTAINED VIA THE PLOT POLE EVERY 7 DAYS!! VEHICLES MUST BE USED EVERY 3 DAYS!!
﻿23:11:41 : RCon admin #5: (Global) NO SQUAD XML: ENGLISH ONLY IN SIDE CHAT: VEHICLES AND GEAR CAN BE STOLEN ANYWHERE
﻿23:22:32 : Player #11 PRISMIC disconnected
﻿23:22:41 : RCon admin #5: (Global) ADMINS: LWB AND SIERRA | VISIT THE WEBSITE SURVIVALIST-DAYZ.COM
﻿23:23:37 : Player #1 [NG2] Jesse (145.133.183.236:3302) connected
﻿23:23:38 : Player #1 [NG2] Jesse - GUID: 1f7a31a6c97ae9822a9e4dcb3de0e9a0 (unverified)
﻿23:23:38 : Verified GUID (1f7a31a6c97ae9822a9e4dcb3de0e9a0) of player #1 [NG2] Jesse
﻿23:23:39 : Player #1 [NG2] Jesse - Legacy GUID: aa29d15133c89f949e71190836ad19cb
﻿23:24:54 : Player #3 PRISMIC (195.39.192.26:3302) connected
﻿23:24:55 : Player #3 PRISMIC - GUID: c2a9b9e975c3a16bc843e3b1437182ca (unverified)
﻿23:24:56 : Verified GUID (c2a9b9e975c3a16bc843e3b1437182ca) of player #3 PRISMIC
﻿23:24:56 : Player #3 PRISMIC - Legacy GUID: 40b9483bb39fdbf38ebf22597947cee7
﻿23:25:47 : Player #10 aLittleFatKid disconnected
﻿23:25:55 : Player #12 HbishoP disconnected
﻿23:29:13 : Player #0 salli disconnected
﻿23:30:25 : Player #0 Turmoil (85.164.44.228:3302) connected
﻿23:30:27 : Player #0 Turmoil - GUID: 078d3175e22fad797d9a152aaaa83806 (unverified)
﻿23:30:27 : Verified GUID (078d3175e22fad797d9a152aaaa83806) of player #0 Turmoil
﻿23:30:27 : Player #0 Turmoil - Legacy GUID: 153330a3c1eb9ccf7092e322ab07ebb0
﻿23:31:38 : RCon admin #0 (86.133.162.23:53231) logged in
﻿23:31:51 : Player #9 Laurence Gommersil disconnected
﻿23:36:41 : RCon admin #5: (Global) BASES MUST BE MAINTAINED VIA THE PLOT POLE EVERY 7 DAYS!! VEHICLES MUST BE USED EVERY 3 DAYS!!
﻿23:36:54 : Player #5 [RM] flo-rider (128.86.156.28:3302) connected
﻿23:36:55 : Player #5 [RM] flo-rider - GUID: 2159005d0fd3694e2ab76e2107e23da4 (unverified)
﻿23:36:56 : Player #5 [RM] flo-rider - Legacy GUID: 086e5d1c75f275bcb583cb02364a54a5
﻿23:36:56 : Verified GUID (2159005d0fd3694e2ab76e2107e23da4) of player #5 [RM] flo-rider
﻿23:38:50 : Player #5 [RM] flo-rider disconnected
﻿23:41:41 : RCon admin #5: (Global) NO SQUAD XML: ENGLISH ONLY IN SIDE CHAT: VEHICLES AND GEAR CAN BE STOLEN ANYWHERE
﻿23:52:37 : Player #5 Luca (95.246.246.250:3302) connected
﻿23:52:38 : Player #5 Luca - GUID: 6e7c40a61724544b4275966bd75de0e6 (unverified)
﻿23:52:39 : Verified GUID (6e7c40a61724544b4275966bd75de0e6) of player #5 Luca
﻿23:52:39 : Player #5 Luca - Legacy GUID: 9d6f7df8f28bf750a2189a9c4d05f558
﻿23:52:41 : RCon admin #5: (Global) ADMINS: LWB AND SIERRA | VISIT THE WEBSITE SURVIVALIST-DAYZ.COM
