00:09:06 : RCon admin #4: (Global) ADMINS: LWB AND SIERRA | VISIT THE WEBSITE FOR DONATION PERKS | SURVIVALIST-DAYZ.COM
﻿00:19:49 : Player #0 Boosted Outlaw disconnected
﻿00:23:06 : RCon admin #4: (Global) BASES MUST BE MAINTAINED VIA THE PLOT POLE EVERY 7 DAYS!!
﻿00:28:06 : RCon admin #4: (Global) NO SQUAD XML: ENGLISH ONLY IN SIDE CHAT: VEHICLES AND GEAR CAN BE STOLEN ANYWHERE
﻿00:37:25 : Player #0 Shadow-Hawk (51.6.83.57:3302) connected
﻿00:37:26 : Player #0 Shadow-Hawk - GUID: bbcdc00309a816b6bce55c6e435e1326 (unverified)
﻿00:37:27 : Player #0 Shadow-Hawk - Legacy GUID: e7de03038a1fa94f80fd1c5176164b15
﻿00:37:27 : Verified GUID (bbcdc00309a816b6bce55c6e435e1326) of player #0 Shadow-Hawk
﻿00:39:06 : RCon admin #4: (Global) ADMINS: LWB AND SIERRA | VISIT THE WEBSITE FOR DONATION PERKS | SURVIVALIST-DAYZ.COM
﻿00:45:48 : Player #8 GoForthAndMultiply (81.135.88.21:3302) connected
﻿00:45:49 : Player #8 GoForthAndMultiply - GUID: cfbbbdf74cca620aa69095163448174b (unverified)
﻿00:45:50 : Verified GUID (cfbbbdf74cca620aa69095163448174b) of player #8 GoForthAndMultiply
﻿00:45:50 : Player #8 GoForthAndMultiply - Legacy GUID: 5226ab94922d4d986dbe9869af8a5a34
﻿00:50:15 : Player #9 Christmas (86.134.101.193:2304) connected
﻿00:50:17 : Player #9 Christmas - GUID: 2c29b4a5e8c5b39bc6b05ac32f806ee6 (unverified)
﻿00:50:18 : Player #9 Christmas - Legacy GUID: e772f5805de3abb4f55e73e66390b647
﻿00:50:18 : Verified GUID (2c29b4a5e8c5b39bc6b05ac32f806ee6) of player #9 Christmas
﻿00:53:06 : RCon admin #4: (Global) BASES MUST BE MAINTAINED VIA THE PLOT POLE EVERY 7 DAYS!!
﻿00:58:07 : RCon admin #4: (Global) NO SQUAD XML: ENGLISH ONLY IN SIDE CHAT: VEHICLES AND GEAR CAN BE STOLEN ANYWHERE
﻿01:07:27 : Player #5 Turmoil disconnected
﻿01:09:06 : RCon admin #4: (Global) ADMINS: LWB AND SIERRA | VISIT THE WEBSITE FOR DONATION PERKS | SURVIVALIST-DAYZ.COM
﻿01:10:01 : Player #1 PRISMIC disconnected
﻿01:12:25 : Player #9 Christmas disconnected
﻿01:20:42 : Player #6 [NG2] Jesse disconnected
﻿01:21:59 : RCon admin #5 (86.162.43.39:62102) logged in
﻿01:23:06 : RCon admin #4: (Global) BASES MUST BE MAINTAINED VIA THE PLOT POLE EVERY 7 DAYS!!
﻿01:23:17 : Player #0 Shadow-Hawk disconnected
﻿01:25:02 : Player #8 GoForthAndMultiply disconnected
﻿01:28:06 : RCon admin #4: (Global) NO SQUAD XML: ENGLISH ONLY IN SIDE CHAT: VEHICLES AND GEAR CAN BE STOLEN ANYWHERE
﻿01:34:06 : RCon admin #4: (Global) Server will restart in 10 minutes
﻿01:38:24 : Player #7 RationalGov disconnected
﻿01:39:06 : RCon admin #4: (Global) ADMINS: LWB AND SIERRA | VISIT THE WEBSITE FOR DONATION PERKS | SURVIVALIST-DAYZ.COM
﻿01:39:07 : RCon admin #4: (Global) Server will restart in 5 minutes: Prepare to Logout
﻿01:40:13 : Player #4 Ryan disconnected
﻿01:40:43 : Player #3 Tomahawwk disconnected
﻿01:42:06 : RCon admin #4: (Global) The Server is about to restart. LOG OUT NOW OR YOUR GEAR MAY BE LOST!!
﻿01:42:58 : Player #2 Burpman777 disconnected
﻿01:43:36 : RCon admin #4: (Global) YOU SHOULD BE LOGGED OUT BY NOW! IF YOU ARENT YOU WILL BE AUTO KICKED AND YOUR GEAR MAY BE LOST! NO REFUNDS!
﻿01:44:40 : Rcon client logging in
﻿01:44:40 : RCon admin #4 (78.31.67.100:50059) logged in
﻿01:44:42 : Player #0 Tomahawwk disconnected
﻿01:45:08 : Player #0 Burpman777 (75.128.214.20:3302) connected
﻿01:45:09 : Player #0 Burpman777 - GUID: dea50a789f8fea5254dcd5e895a8b7b8 (unverified)
﻿01:45:10 : Player #0 Burpman777 - Legacy GUID: 99a3960865b12aa2e627a18094dadc96
﻿01:45:13 : Verified GUID (dea50a789f8fea5254dcd5e895a8b7b8) of player #0 Burpman777
﻿01:45:32 : Player #1 Ryan (73.228.74.113:1067) connected
﻿01:45:34 : Player #1 Ryan - GUID: 94d09d174e279b17d9c2da18b066a3e8 (unverified)
﻿01:45:35 : Verified GUID (94d09d174e279b17d9c2da18b066a3e8) of player #1 Ryan
﻿01:45:37 : Player #1 Ryan - Legacy GUID: e212a8a546ac6125a97a6bbe46cd26d1
﻿01:48:17 : Player #0 Burpman777 disconnected
﻿01:50:22 : Player #0 Tomahawwk (73.228.74.113:3302) connected
﻿01:50:25 : Player #0 Tomahawwk - GUID: 4df3205ce40699e4ae1dd7e70aebdfa4 (unverified)
﻿01:50:26 : Player #0 Tomahawwk - Legacy GUID: cd64818205c717b6e25f802d6b891461
﻿01:50:28 : Verified GUID (4df3205ce40699e4ae1dd7e70aebdfa4) of player #0 Tomahawwk
﻿01:58:40 : RCon admin #4: (Global) NO SQUAD XML: ENGLISH ONLY IN SIDE CHAT: VEHICLES AND GEAR CAN BE STOLEN ANYWHERE
﻿02:06:05 : Player #0 Tomahawwk (4df3205ce40699e4ae1dd7e70aebdfa4) has been kicked by BattlEye: Client not responding
﻿02:09:40 : RCon admin #4: (Global) ADMINS: LWB AND SIERRA | VISIT THE WEBSITE FOR DONATION PERKS | SURVIVALIST-DAYZ.COM
﻿02:23:40 : RCon admin #4: (Global) BASES MUST BE MAINTAINED VIA THE PLOT POLE EVERY 7 DAYS!!
﻿02:28:40 : RCon admin #4: (Global) NO SQUAD XML: ENGLISH ONLY IN SIDE CHAT: VEHICLES AND GEAR CAN BE STOLEN ANYWHERE
﻿02:39:40 : RCon admin #4: (Global) ADMINS: LWB AND SIERRA | VISIT THE WEBSITE FOR DONATION PERKS | SURVIVALIST-DAYZ.COM
﻿02:53:40 : RCon admin #4: (Global) BASES MUST BE MAINTAINED VIA THE PLOT POLE EVERY 7 DAYS!!
﻿02:55:02 : Player #0 ellio (173.90.122.53:3302) connected
﻿02:55:04 : Player #0 ellio - GUID: efe85919edb3f909a6007ce9af5905a9 (unverified)
﻿02:55:04 : Verified GUID (efe85919edb3f909a6007ce9af5905a9) of player #0 ellio
﻿02:55:04 : Player #0 ellio - Legacy GUID: 4db7502ed95a8275f148bad63b067023
﻿02:58:40 : RCon admin #4: (Global) NO SQUAD XML: ENGLISH ONLY IN SIDE CHAT: VEHICLES AND GEAR CAN BE STOLEN ANYWHERE
﻿03:09:40 : RCon admin #4: (Global) ADMINS: LWB AND SIERRA | VISIT THE WEBSITE FOR DONATION PERKS | SURVIVALIST-DAYZ.COM
﻿03:14:31 : Player #0 ellio disconnected
﻿03:16:06 : Player #1 Ryan disconnected
﻿03:23:40 : RCon admin #4: (Global) BASES MUST BE MAINTAINED VIA THE PLOT POLE EVERY 7 DAYS!!
﻿03:28:40 : RCon admin #4: (Global) NO SQUAD XML: ENGLISH ONLY IN SIDE CHAT: VEHICLES AND GEAR CAN BE STOLEN ANYWHERE
﻿03:39:40 : RCon admin #4: (Global) ADMINS: LWB AND SIERRA | VISIT THE WEBSITE FOR DONATION PERKS | SURVIVALIST-DAYZ.COM
﻿03:53:40 : RCon admin #4: (Global) BASES MUST BE MAINTAINED VIA THE PLOT POLE EVERY 7 DAYS!!
﻿03:55:15 : Player #0 Freedom (173.85.71.79:2304) connected
﻿03:55:16 : Player #0 Freedom - GUID: 32974eed83d84dab3c6a86016f1a1d12 (unverified)
﻿03:55:17 : Verified GUID (32974eed83d84dab3c6a86016f1a1d12) of player #0 Freedom
﻿03:55:17 : Player #0 Freedom - Legacy GUID: 97a8c85ef5bf1164b1deba8cac447118
﻿03:58:40 : RCon admin #4: (Global) NO SQUAD XML: ENGLISH ONLY IN SIDE CHAT: VEHICLES AND GEAR CAN BE STOLEN ANYWHERE
﻿04:04:40 : RCon admin #4: (Global) Server will restart in 10 minutes
﻿04:09:40 : RCon admin #4: (Global) ADMINS: LWB AND SIERRA | VISIT THE WEBSITE FOR DONATION PERKS | SURVIVALIST-DAYZ.COM
﻿04:09:41 : RCon admin #4: (Global) Server will restart in 5 minutes: Prepare to Logout
﻿04:09:51 : Player #0 Freedom disconnected
﻿04:12:40 : RCon admin #4: (Global) The Server is about to restart. LOG OUT NOW OR YOUR GEAR MAY BE LOST!!
﻿04:14:10 : RCon admin #4: (Global) YOU SHOULD BE LOGGED OUT BY NOW! IF YOU ARENT YOU WILL BE AUTO KICKED AND YOUR GEAR MAY BE LOST! NO REFUNDS!
﻿04:15:14 : Rcon client logging in
﻿04:15:14 : RCon admin #4 (78.31.67.100:61146) logged in
﻿04:16:24 : Player #0 Freedom (173.85.71.79:2304) connected
﻿04:16:25 : Player #0 Freedom - GUID: 32974eed83d84dab3c6a86016f1a1d12 (unverified)
﻿04:16:26 : Verified GUID (32974eed83d84dab3c6a86016f1a1d12) of player #0 Freedom
﻿04:16:26 : Player #0 Freedom - Legacy GUID: 97a8c85ef5bf1164b1deba8cac447118
﻿04:29:14 : RCon admin #4: (Global) NO SQUAD XML: ENGLISH ONLY IN SIDE CHAT: VEHICLES AND GEAR CAN BE STOLEN ANYWHERE
﻿04:40:14 : RCon admin #4: (Global) ADMINS: LWB AND SIERRA | VISIT THE WEBSITE FOR DONATION PERKS | SURVIVALIST-DAYZ.COM
﻿04:54:14 : RCon admin #4: (Global) BASES MUST BE MAINTAINED VIA THE PLOT POLE EVERY 7 DAYS!!
﻿04:59:14 : RCon admin #4: (Global) NO SQUAD XML: ENGLISH ONLY IN SIDE CHAT: VEHICLES AND GEAR CAN BE STOLEN ANYWHERE
﻿05:10:14 : RCon admin #4: (Global) ADMINS: LWB AND SIERRA | VISIT THE WEBSITE FOR DONATION PERKS | SURVIVALIST-DAYZ.COM
﻿05:24:14 : RCon admin #4: (Global) BASES MUST BE MAINTAINED VIA THE PLOT POLE EVERY 7 DAYS!!
﻿05:29:14 : RCon admin #4: (Global) NO SQUAD XML: ENGLISH ONLY IN SIDE CHAT: VEHICLES AND GEAR CAN BE STOLEN ANYWHERE
﻿05:40:14 : RCon admin #4: (Global) ADMINS: LWB AND SIERRA | VISIT THE WEBSITE FOR DONATION PERKS | SURVIVALIST-DAYZ.COM
﻿05:44:14 : Player #1 2DIE4 (84.130.106.88:3302) connected
﻿05:44:16 : Player #1 2DIE4 - GUID: 97b8e8b63e4439b2b62c99dde2b8b8a1 (unverified)
﻿05:44:16 : Verified GUID (97b8e8b63e4439b2b62c99dde2b8b8a1) of player #1 2DIE4
﻿05:44:17 : Player #1 2DIE4 - Legacy GUID: e56dc54c0a6d92faa8a284d7c54bffab
﻿05:54:14 : RCon admin #4: (Global) BASES MUST BE MAINTAINED VIA THE PLOT POLE EVERY 7 DAYS!!
﻿05:59:14 : RCon admin #4: (Global) NO SQUAD XML: ENGLISH ONLY IN SIDE CHAT: VEHICLES AND GEAR CAN BE STOLEN ANYWHERE
﻿06:10:14 : RCon admin #4: (Global) ADMINS: LWB AND SIERRA | VISIT THE WEBSITE FOR DONATION PERKS | SURVIVALIST-DAYZ.COM
﻿06:11:14 : RCon admin #5 (86.162.43.39:49597) logged in
﻿06:24:14 : RCon admin #4: (Global) BASES MUST BE MAINTAINED VIA THE PLOT POLE EVERY 7 DAYS!!
﻿06:29:14 : RCon admin #4: (Global) NO SQUAD XML: ENGLISH ONLY IN SIDE CHAT: VEHICLES AND GEAR CAN BE STOLEN ANYWHERE
﻿06:35:14 : RCon admin #4: (Global) Server will restart in 10 minutes
﻿06:40:14 : RCon admin #4: (Global) ADMINS: LWB AND SIERRA | VISIT THE WEBSITE FOR DONATION PERKS | SURVIVALIST-DAYZ.COM
﻿06:40:15 : RCon admin #4: (Global) Server will restart in 5 minutes: Prepare to Logout
﻿06:43:14 : Player #1 2DIE4 disconnected
﻿06:43:14 : RCon admin #4: (Global) The Server is about to restart. LOG OUT NOW OR YOUR GEAR MAY BE LOST!!
﻿06:43:31 : Player #0 Freedom disconnected
﻿06:44:44 : RCon admin #4: (Global) YOU SHOULD BE LOGGED OUT BY NOW! IF YOU ARENT YOU WILL BE AUTO KICKED AND YOUR GEAR MAY BE LOST! NO REFUNDS!
﻿06:45:48 : Rcon client logging in
﻿06:45:48 : RCon admin #4 (78.31.67.100:50536) logged in
﻿06:45:53 : Player #0 2DIE4 (84.130.106.88:3302) connected
﻿06:45:55 : Player #0 2DIE4 - GUID: 97b8e8b63e4439b2b62c99dde2b8b8a1 (unverified)
﻿06:45:55 : Verified GUID (97b8e8b63e4439b2b62c99dde2b8b8a1) of player #0 2DIE4
﻿06:45:55 : Player #0 2DIE4 - Legacy GUID: e56dc54c0a6d92faa8a284d7c54bffab
﻿06:47:11 : Player #1 Freedom (173.85.71.79:2304) connected
﻿06:47:13 : Player #1 Freedom - GUID: 32974eed83d84dab3c6a86016f1a1d12 (unverified)
﻿06:47:13 : Player #1 Freedom - Legacy GUID: 97a8c85ef5bf1164b1deba8cac447118
﻿06:47:14 : Verified GUID (32974eed83d84dab3c6a86016f1a1d12) of player #1 Freedom
﻿06:57:16 : Player #2 -SDS-Ban (91.137.51.1:3302) connected
﻿06:57:17 : Player #2 -SDS-Ban - GUID: 1bda1d7f7f9ae72702de431a4bc55b4a (unverified)
﻿06:57:18 : Player #2 -SDS-Ban - Legacy GUID: 38e5e3e9b10fb9c9d083aef35e291fde
﻿06:57:19 : Verified GUID (1bda1d7f7f9ae72702de431a4bc55b4a) of player #2 -SDS-Ban
﻿06:59:48 : RCon admin #4: (Global) NO SQUAD XML: ENGLISH ONLY IN SIDE CHAT: VEHICLES AND GEAR CAN BE STOLEN ANYWHERE
﻿07:10:48 : RCon admin #4: (Global) ADMINS: LWB AND SIERRA | VISIT THE WEBSITE FOR DONATION PERKS | SURVIVALIST-DAYZ.COM
﻿07:23:35 : Player #3 -SDS- Gowther (188.103.244.110:3302) connected
﻿07:23:36 : Player #3 -SDS- Gowther disconnected
﻿07:24:48 : RCon admin #4: (Global) BASES MUST BE MAINTAINED VIA THE PLOT POLE EVERY 7 DAYS!!
﻿07:24:51 : Player #3 GreenMike (88.133.13.199:2304) connected
﻿07:24:52 : Player #3 GreenMike - GUID: 8f553b2c9a60ead2b058fd0e258945c2 (unverified)
﻿07:24:53 : Player #3 GreenMike - Legacy GUID: 1735b84ca1f7758f97b7b1a49d8ed949
﻿07:24:54 : Verified GUID (8f553b2c9a60ead2b058fd0e258945c2) of player #3 GreenMike
﻿07:25:16 : Player #3 GreenMike disconnected
﻿07:27:35 : Player #3 -SDS- Gowther (188.103.244.110:3302) connected
﻿07:27:36 : Player #3 -SDS- Gowther disconnected
﻿07:29:25 : Player #3 -SDS- Gowther (188.103.244.110:3302) connected
﻿07:29:26 : Player #3 -SDS- Gowther disconnected
﻿07:29:48 : RCon admin #4: (Global) NO SQUAD XML: ENGLISH ONLY IN SIDE CHAT: VEHICLES AND GEAR CAN BE STOLEN ANYWHERE
﻿07:32:29 : Player #3 -SDS- Gowther (188.103.244.110:3302) connected
﻿07:32:31 : Player #3 -SDS- Gowther disconnected
﻿07:35:58 : Player #3 -SDS- Gowther (188.103.244.110:3302) connected
﻿07:36:00 : Player #3 -SDS- Gowther - GUID: 03492c7dbb4087e80f5c95d1df0aebac (unverified)
﻿07:36:00 : Verified GUID (03492c7dbb4087e80f5c95d1df0aebac) of player #3 -SDS- Gowther
﻿07:36:00 : Player #3 -SDS- Gowther - Legacy GUID: 459161ad2315d6e5e544515528714548
﻿07:40:48 : RCon admin #4: (Global) ADMINS: LWB AND SIERRA | VISIT THE WEBSITE FOR DONATION PERKS | SURVIVALIST-DAYZ.COM
﻿07:54:48 : RCon admin #4: (Global) BASES MUST BE MAINTAINED VIA THE PLOT POLE EVERY 7 DAYS!!
﻿07:59:48 : RCon admin #4: (Global) NO SQUAD XML: ENGLISH ONLY IN SIDE CHAT: VEHICLES AND GEAR CAN BE STOLEN ANYWHERE
﻿08:01:51 : Player #0 2DIE4 disconnected
﻿08:10:48 : RCon admin #4: (Global) ADMINS: LWB AND SIERRA | VISIT THE WEBSITE FOR DONATION PERKS | SURVIVALIST-DAYZ.COM
﻿08:21:42 : RCon admin #5 (86.162.43.39:58669) logged in
﻿08:24:48 : RCon admin #4: (Global) BASES MUST BE MAINTAINED VIA THE PLOT POLE EVERY 7 DAYS!!
﻿08:25:38 : Player #2 -SDS-Ban disconnected
﻿08:29:48 : RCon admin #4: (Global) NO SQUAD XML: ENGLISH ONLY IN SIDE CHAT: VEHICLES AND GEAR CAN BE STOLEN ANYWHERE
﻿08:29:57 : Player #3 -SDS- Gowther disconnected
﻿08:40:48 : RCon admin #4: (Global) ADMINS: LWB AND SIERRA | VISIT THE WEBSITE FOR DONATION PERKS | SURVIVALIST-DAYZ.COM
﻿08:54:48 : RCon admin #4: (Global) BASES MUST BE MAINTAINED VIA THE PLOT POLE EVERY 7 DAYS!!
﻿08:57:03 : Player #1 Freedom disconnected
﻿08:59:48 : RCon admin #4: (Global) NO SQUAD XML: ENGLISH ONLY IN SIDE CHAT: VEHICLES AND GEAR CAN BE STOLEN ANYWHERE
﻿09:05:48 : RCon admin #4: (Global) Server will restart in 10 minutes
﻿09:10:48 : RCon admin #4: (Global) ADMINS: LWB AND SIERRA | VISIT THE WEBSITE FOR DONATION PERKS | SURVIVALIST-DAYZ.COM
﻿09:10:49 : RCon admin #4: (Global) Server will restart in 5 minutes: Prepare to Logout
﻿09:13:48 : RCon admin #4: (Global) The Server is about to restart. LOG OUT NOW OR YOUR GEAR MAY BE LOST!!
﻿09:15:18 : RCon admin #4: (Global) YOU SHOULD BE LOGGED OUT BY NOW! IF YOU ARENT YOU WILL BE AUTO KICKED AND YOUR GEAR MAY BE LOST! NO REFUNDS!
﻿09:16:22 : Rcon client logging in
﻿09:16:22 : RCon admin #4 (78.31.67.100:57057) logged in
﻿09:30:22 : RCon admin #4: (Global) NO SQUAD XML: ENGLISH ONLY IN SIDE CHAT: VEHICLES AND GEAR CAN BE STOLEN ANYWHERE
﻿09:41:22 : RCon admin #4: (Global) ADMINS: LWB AND SIERRA | VISIT THE WEBSITE FOR DONATION PERKS | SURVIVALIST-DAYZ.COM
﻿09:55:22 : RCon admin #4: (Global) BASES MUST BE MAINTAINED VIA THE PLOT POLE EVERY 7 DAYS!!
﻿09:56:27 : Player #0 Ovidiu (92.114.52.92:3302) connected
﻿09:56:28 : Player #0 Ovidiu - GUID: 7df969c92ad86496670af3d3105fa7f9 (unverified)
﻿09:56:28 : Verified GUID (7df969c92ad86496670af3d3105fa7f9) of player #0 Ovidiu
﻿09:56:29 : Player #0 Ovidiu - Legacy GUID: ee925f9f455bcdecc7328b5bb06d44c0
﻿10:00:22 : RCon admin #4: (Global) NO SQUAD XML: ENGLISH ONLY IN SIDE CHAT: VEHICLES AND GEAR CAN BE STOLEN ANYWHERE
﻿10:11:22 : RCon admin #4: (Global) ADMINS: LWB AND SIERRA | VISIT THE WEBSITE FOR DONATION PERKS | SURVIVALIST-DAYZ.COM
﻿10:16:01 : Player #1 Turmoil (85.164.44.228:3302) connected
﻿10:16:02 : Player #1 Turmoil - GUID: 078d3175e22fad797d9a152aaaa83806 (unverified)
﻿10:16:03 : Player #1 Turmoil - Legacy GUID: 153330a3c1eb9ccf7092e322ab07ebb0
﻿10:16:04 : Verified GUID (078d3175e22fad797d9a152aaaa83806) of player #1 Turmoil
﻿10:25:22 : RCon admin #4: (Global) BASES MUST BE MAINTAINED VIA THE PLOT POLE EVERY 7 DAYS!!
﻿10:30:22 : RCon admin #4: (Global) NO SQUAD XML: ENGLISH ONLY IN SIDE CHAT: VEHICLES AND GEAR CAN BE STOLEN ANYWHERE
﻿10:41:22 : RCon admin #4: (Global) ADMINS: LWB AND SIERRA | VISIT THE WEBSITE FOR DONATION PERKS | SURVIVALIST-DAYZ.COM
﻿10:55:22 : RCon admin #4: (Global) BASES MUST BE MAINTAINED VIA THE PLOT POLE EVERY 7 DAYS!!
﻿10:56:50 : Player #2 -SDS- Gowther (188.103.244.110:3302) connected
﻿10:56:51 : Player #2 -SDS- Gowther - GUID: 03492c7dbb4087e80f5c95d1df0aebac (unverified)
﻿10:56:51 : Verified GUID (03492c7dbb4087e80f5c95d1df0aebac) of player #2 -SDS- Gowther
﻿10:56:52 : Player #2 -SDS- Gowther - Legacy GUID: 459161ad2315d6e5e544515528714548
﻿11:00:22 : RCon admin #4: (Global) NO SQUAD XML: ENGLISH ONLY IN SIDE CHAT: VEHICLES AND GEAR CAN BE STOLEN ANYWHERE
﻿11:11:22 : RCon admin #4: (Global) ADMINS: LWB AND SIERRA | VISIT THE WEBSITE FOR DONATION PERKS | SURVIVALIST-DAYZ.COM
﻿11:13:38 : Player #3 -SDS-Ban (91.137.51.1:3302) connected
﻿11:13:40 : Player #3 -SDS-Ban - GUID: 1bda1d7f7f9ae72702de431a4bc55b4a (unverified)
﻿11:13:40 : Verified GUID (1bda1d7f7f9ae72702de431a4bc55b4a) of player #3 -SDS-Ban
﻿11:13:40 : Player #3 -SDS-Ban - Legacy GUID: 38e5e3e9b10fb9c9d083aef35e291fde
﻿11:25:17 : No Valid response. Trying to reconnect.!
﻿11:25:17 : Rcon client logging in
﻿11:25:17 : RCon admin #4 (78.31.67.100:57057) logged in
﻿11:25:22 : RCon admin #4: (Global) BASES MUST BE MAINTAINED VIA THE PLOT POLE EVERY 7 DAYS!!
﻿11:30:22 : RCon admin #4: (Global) NO SQUAD XML: ENGLISH ONLY IN SIDE CHAT: VEHICLES AND GEAR CAN BE STOLEN ANYWHERE
﻿11:34:00 : Player #1 Turmoil disconnected
﻿11:36:22 : RCon admin #4: (Global) Server will restart in 10 minutes
﻿11:40:37 : Player #0 Ovidiu disconnected
﻿11:41:22 : RCon admin #4: (Global) ADMINS: LWB AND SIERRA | VISIT THE WEBSITE FOR DONATION PERKS | SURVIVALIST-DAYZ.COM
﻿11:41:22 : RCon admin #4: (Global) Server will restart in 5 minutes: Prepare to Logout
﻿11:44:22 : RCon admin #4: (Global) The Server is about to restart. LOG OUT NOW OR YOUR GEAR MAY BE LOST!!
﻿11:44:23 : Player #2 -SDS- Gowther disconnected
﻿11:44:24 : Player #3 -SDS-Ban disconnected
﻿11:45:52 : RCon admin #4: (Global) YOU SHOULD BE LOGGED OUT BY NOW! IF YOU ARENT YOU WILL BE AUTO KICKED AND YOUR GEAR MAY BE LOST! NO REFUNDS!
﻿11:46:56 : Rcon client logging in
﻿11:46:56 : RCon admin #3 (78.31.67.100:60956) logged in
﻿11:47:06 : RCon admin #4 (86.162.43.39:54045) logged in
﻿11:50:04 : Player #0 -SDS- Gowther (188.103.244.110:3302) connected
﻿11:50:05 : Player #0 -SDS- Gowther - GUID: 03492c7dbb4087e80f5c95d1df0aebac (unverified)
﻿11:50:06 : Verified GUID (03492c7dbb4087e80f5c95d1df0aebac) of player #0 -SDS- Gowther
﻿11:50:06 : Player #0 -SDS- Gowther - Legacy GUID: 459161ad2315d6e5e544515528714548
﻿11:50:39 : Player #1 -SDS-Ban (91.137.51.1:3302) connected
﻿11:50:40 : Player #1 -SDS-Ban - GUID: 1bda1d7f7f9ae72702de431a4bc55b4a (unverified)
﻿11:50:40 : Verified GUID (1bda1d7f7f9ae72702de431a4bc55b4a) of player #1 -SDS-Ban
﻿11:50:41 : Player #1 -SDS-Ban - Legacy GUID: 38e5e3e9b10fb9c9d083aef35e291fde
﻿12:00:56 : RCon admin #3: (Global) NO SQUAD XML: ENGLISH ONLY IN SIDE CHAT: VEHICLES AND GEAR CAN BE STOLEN ANYWHERE
﻿12:05:52 : Player #2 Jonas Kroll (31.150.46.220:2602) connected
﻿12:05:53 : Player #2 Jonas Kroll - GUID: 79cd8ca939ef75329ef2642377dfcbf0 (unverified)
﻿12:05:54 : Verified GUID (79cd8ca939ef75329ef2642377dfcbf0) of player #2 Jonas Kroll
﻿12:05:54 : Player #2 Jonas Kroll disconnected
﻿12:11:56 : RCon admin #3: (Global) ADMINS: LWB AND SIERRA | VISIT THE WEBSITE FOR DONATION PERKS | SURVIVALIST-DAYZ.COM
﻿12:23:59 : Player #2 Turmoil (85.164.44.228:3302) connected
﻿12:24:01 : Player #2 Turmoil - GUID: 078d3175e22fad797d9a152aaaa83806 (unverified)
﻿12:24:01 : Verified GUID (078d3175e22fad797d9a152aaaa83806) of player #2 Turmoil
﻿12:24:01 : Player #2 Turmoil - Legacy GUID: 153330a3c1eb9ccf7092e322ab07ebb0
﻿12:25:56 : RCon admin #3: (Global) BASES MUST BE MAINTAINED VIA THE PLOT POLE EVERY 7 DAYS!!
﻿12:30:56 : RCon admin #3: (Global) NO SQUAD XML: ENGLISH ONLY IN SIDE CHAT: VEHICLES AND GEAR CAN BE STOLEN ANYWHERE
﻿12:41:56 : RCon admin #3: (Global) ADMINS: LWB AND SIERRA | VISIT THE WEBSITE FOR DONATION PERKS | SURVIVALIST-DAYZ.COM
﻿12:44:05 : Player #1 -SDS-Ban disconnected
﻿12:47:47 : Player #2 Turmoil disconnected
﻿12:55:56 : RCon admin #3: (Global) BASES MUST BE MAINTAINED VIA THE PLOT POLE EVERY 7 DAYS!!
﻿13:00:56 : RCon admin #3: (Global) NO SQUAD XML: ENGLISH ONLY IN SIDE CHAT: VEHICLES AND GEAR CAN BE STOLEN ANYWHERE
﻿13:09:59 : Player #1 PRISMIC (195.39.192.48:3302) connected
﻿13:10:01 : Player #1 PRISMIC - GUID: c2a9b9e975c3a16bc843e3b1437182ca (unverified)
﻿13:10:01 : Player #1 PRISMIC - Legacy GUID: 40b9483bb39fdbf38ebf22597947cee7
﻿13:10:01 : Verified GUID (c2a9b9e975c3a16bc843e3b1437182ca) of player #1 PRISMIC
﻿13:11:56 : RCon admin #3: (Global) ADMINS: LWB AND SIERRA | VISIT THE WEBSITE FOR DONATION PERKS | SURVIVALIST-DAYZ.COM
﻿13:16:49 : Player #1 PRISMIC disconnected
﻿13:25:56 : RCon admin #3: (Global) BASES MUST BE MAINTAINED VIA THE PLOT POLE EVERY 7 DAYS!!
﻿13:30:56 : RCon admin #3: (Global) NO SQUAD XML: ENGLISH ONLY IN SIDE CHAT: VEHICLES AND GEAR CAN BE STOLEN ANYWHERE
﻿13:41:56 : RCon admin #3: (Global) ADMINS: LWB AND SIERRA | VISIT THE WEBSITE FOR DONATION PERKS | SURVIVALIST-DAYZ.COM
﻿13:48:18 : Player #1 Hailstorm (93.222.250.59:3302) connected
﻿13:48:19 : Player #1 Hailstorm - GUID: 0692c4867addd58d9591110bb02a6244 (unverified)
﻿13:48:19 : Verified GUID (0692c4867addd58d9591110bb02a6244) of player #1 Hailstorm
﻿13:48:20 : Player #1 Hailstorm - Legacy GUID: e22681f3383bb6138a608cbe99764fe1
﻿13:55:56 : RCon admin #3: (Global) BASES MUST BE MAINTAINED VIA THE PLOT POLE EVERY 7 DAYS!!
﻿14:00:56 : RCon admin #3: (Global) NO SQUAD XML: ENGLISH ONLY IN SIDE CHAT: VEHICLES AND GEAR CAN BE STOLEN ANYWHERE
﻿14:06:56 : RCon admin #3: (Global) Server will restart in 10 minutes
﻿14:11:56 : RCon admin #3: (Global) ADMINS: LWB AND SIERRA | VISIT THE WEBSITE FOR DONATION PERKS | SURVIVALIST-DAYZ.COM
﻿14:11:57 : RCon admin #3: (Global) Server will restart in 5 minutes: Prepare to Logout
﻿14:13:33 : Player #0 -SDS- Gowther disconnected
﻿14:14:56 : RCon admin #3: (Global) The Server is about to restart. LOG OUT NOW OR YOUR GEAR MAY BE LOST!!
﻿14:15:20 : Player #1 Hailstorm disconnected
﻿14:16:26 : RCon admin #3: (Global) YOU SHOULD BE LOGGED OUT BY NOW! IF YOU ARENT YOU WILL BE AUTO KICKED AND YOUR GEAR MAY BE LOST! NO REFUNDS!
﻿14:17:30 : Rcon client logging in
﻿14:17:30 : RCon admin #4 (78.31.67.100:50483) logged in
﻿14:18:55 : Player #0 Freedom (173.85.71.79:2304) connected
﻿14:18:58 : Player #0 Freedom - GUID: 32974eed83d84dab3c6a86016f1a1d12 (unverified)
﻿14:18:58 : Verified GUID (32974eed83d84dab3c6a86016f1a1d12) of player #0 Freedom
﻿14:18:59 : Player #0 Freedom - Legacy GUID: 97a8c85ef5bf1164b1deba8cac447118
﻿14:23:49 : Player #1 Hailstorm (93.222.250.59:3302) connected
﻿14:23:50 : Player #1 Hailstorm - GUID: 0692c4867addd58d9591110bb02a6244 (unverified)
﻿14:23:50 : Verified GUID (0692c4867addd58d9591110bb02a6244) of player #1 Hailstorm
﻿14:23:51 : Player #1 Hailstorm - Legacy GUID: e22681f3383bb6138a608cbe99764fe1
﻿14:25:16 : Player #2 Arne (2.104.45.123:3302) connected
﻿14:25:16 : Player #3 Marton (84.2.129.235:3302) connected
﻿14:25:17 : Player #2 Arne - GUID: 438b3f774367dfe1203639f51a6f5c4f (unverified)
﻿14:25:17 : Verified GUID (438b3f774367dfe1203639f51a6f5c4f) of player #2 Arne
﻿14:25:17 : Player #3 Marton - GUID: e22677b80a82d86200fdf874f6d7729f (unverified)
﻿14:25:18 : Player #2 Arne - Legacy GUID: 8aec1d74ca7b7b889f081e10656686f1
﻿14:25:18 : Verified GUID (e22677b80a82d86200fdf874f6d7729f) of player #3 Marton
﻿14:25:18 : Player #3 Marton - Legacy GUID: 7ea9b3d694ab2cc19466cf11f5b15bc0
﻿14:27:21 : Player #4 GBK (179.26.106.78:14841) connected
﻿14:27:22 : Player #4 GBK - GUID: fe0876ecc546e9c2d484bac1dbac2c82 (unverified)
﻿14:27:23 : Verified GUID (fe0876ecc546e9c2d484bac1dbac2c82) of player #4 GBK
﻿14:27:23 : Player #4 GBK - Legacy GUID: 4ed0ed508937ec13cea9a33b15806a2c
﻿14:29:14 : Player #3 Marton disconnected
﻿14:31:30 : RCon admin #4: (Global) NO SQUAD XML: ENGLISH ONLY IN SIDE CHAT: VEHICLES AND GEAR CAN BE STOLEN ANYWHERE
﻿14:31:32 : Player #3 Hgabor (217.197.178.4:3302) connected
﻿14:31:34 : Player #3 Hgabor - GUID: 72b8f9990e04ece90f5131d023521349 (unverified)
﻿14:31:34 : Verified GUID (72b8f9990e04ece90f5131d023521349) of player #3 Hgabor
﻿14:31:34 : Player #3 Hgabor - Legacy GUID: 08b49097c80027b9c7ae04d44a03cc0e
﻿14:31:36 : Player #5 t3hl34d3r (84.2.129.235:3302) connected
﻿14:31:38 : Player #5 t3hl34d3r - GUID: e22677b80a82d86200fdf874f6d7729f (unverified)
﻿14:31:38 : Verified GUID (e22677b80a82d86200fdf874f6d7729f) of player #5 t3hl34d3r
﻿14:31:39 : Player #5 t3hl34d3r - Legacy GUID: 7ea9b3d694ab2cc19466cf11f5b15bc0
﻿14:42:30 : RCon admin #4: (Global) ADMINS: LWB AND SIERRA | VISIT THE WEBSITE FOR DONATION PERKS | SURVIVALIST-DAYZ.COM
﻿14:44:11 : Player #6 SimbaGUY (2.84.51.250:2304) connected
﻿14:44:12 : Player #6 SimbaGUY - GUID: 8c1447c87468417a91d787cb36839cb7 (unverified)
﻿14:44:12 : Verified GUID (8c1447c87468417a91d787cb36839cb7) of player #6 SimbaGUY
﻿14:44:13 : Player #6 SimbaGUY - Legacy GUID: 594f0a12e01d770c88a5fd5aef7d3475
﻿14:44:13 : Player #6 SimbaGUY disconnected
﻿14:56:31 : RCon admin #4: (Global) BASES MUST BE MAINTAINED VIA THE PLOT POLE EVERY 7 DAYS!!
﻿14:58:21 : Player #6 [NG2] Jesse (145.133.183.236:3302) connected
﻿14:58:22 : Player #6 [NG2] Jesse - GUID: 1f7a31a6c97ae9822a9e4dcb3de0e9a0 (unverified)
﻿14:58:23 : Player #6 [NG2] Jesse - Legacy GUID: aa29d15133c89f949e71190836ad19cb
﻿14:58:23 : Verified GUID (1f7a31a6c97ae9822a9e4dcb3de0e9a0) of player #6 [NG2] Jesse
﻿15:01:17 : Player #7 Sebastian (84.118.159.31:3302) connected
﻿15:01:18 : Player #7 Sebastian - GUID: 9a799dfc537287cfac575dda5f04f439 (unverified)
﻿15:01:19 : Verified GUID (9a799dfc537287cfac575dda5f04f439) of player #7 Sebastian
﻿15:01:19 : Player #7 Sebastian - Legacy GUID: 49d332f8760d380209db3cece2ab1a70
﻿15:01:31 : RCon admin #4: (Global) NO SQUAD XML: ENGLISH ONLY IN SIDE CHAT: VEHICLES AND GEAR CAN BE STOLEN ANYWHERE
﻿15:05:52 : Player #8 2DIE4 (84.130.106.88:3302) connected
﻿15:05:53 : Player #8 2DIE4 - GUID: 97b8e8b63e4439b2b62c99dde2b8b8a1 (unverified)
﻿15:05:54 : Verified GUID (97b8e8b63e4439b2b62c99dde2b8b8a1) of player #8 2DIE4
﻿15:05:54 : Player #8 2DIE4 - Legacy GUID: e56dc54c0a6d92faa8a284d7c54bffab
﻿15:07:57 : Player #9 Turmoil (85.164.44.228:3302) connected
﻿15:07:58 : Player #9 Turmoil - GUID: 078d3175e22fad797d9a152aaaa83806 (unverified)
﻿15:07:59 : Verified GUID (078d3175e22fad797d9a152aaaa83806) of player #9 Turmoil
﻿15:07:59 : Player #9 Turmoil - Legacy GUID: 153330a3c1eb9ccf7092e322ab07ebb0
﻿15:12:04 : Player #4 GBK (fe0876ecc546e9c2d484bac1dbac2c82) has been kicked by BattlEye: Ping too high (500)
﻿15:12:31 : RCon admin #4: (Global) ADMINS: LWB AND SIERRA | VISIT THE WEBSITE FOR DONATION PERKS | SURVIVALIST-DAYZ.COM
﻿15:24:06 : RCon admin #5 (86.162.43.39:61209) logged in
﻿15:24:30 : Player #6 [NG2] Jesse disconnected
﻿15:25:15 : Player #4 [NG2] Jesse (145.133.183.236:3302) connected
﻿15:25:17 : Player #4 [NG2] Jesse - GUID: 1f7a31a6c97ae9822a9e4dcb3de0e9a0 (unverified)
﻿15:25:17 : Verified GUID (1f7a31a6c97ae9822a9e4dcb3de0e9a0) of player #4 [NG2] Jesse
﻿15:25:17 : Player #4 [NG2] Jesse - Legacy GUID: aa29d15133c89f949e71190836ad19cb
﻿15:26:31 : RCon admin #4: (Global) BASES MUST BE MAINTAINED VIA THE PLOT POLE EVERY 7 DAYS!!
﻿15:30:36 : Player #6 Laurence Gommersil (91.84.65.136:3302) connected
﻿15:30:38 : Player #6 Laurence Gommersil - GUID: f1f45f96a2cdd71b21097c87e6cef51a (unverified)
﻿15:30:38 : Verified GUID (f1f45f96a2cdd71b21097c87e6cef51a) of player #6 Laurence Gommersil
﻿15:30:38 : Player #6 Laurence Gommersil - Legacy GUID: 968c41ae2194f0cd7392781b4dee481b
﻿15:31:31 : RCon admin #4: (Global) NO SQUAD XML: ENGLISH ONLY IN SIDE CHAT: VEHICLES AND GEAR CAN BE STOLEN ANYWHERE
﻿15:33:44 : RCon admin #5: (Global) LWB: you boys alright?
﻿15:34:12 : RCon admin #5: (Global) LWB: good good :)
﻿15:38:14 : RCon admin #5: (Global) LWB: you will have to tell me about it later Turmoil :)
﻿15:42:31 : RCon admin #4: (Global) ADMINS: LWB AND SIERRA | VISIT THE WEBSITE FOR DONATION PERKS | SURVIVALIST-DAYZ.COM
﻿15:51:03 : Player #1 Hailstorm disconnected
﻿15:56:31 : RCon admin #4: (Global) BASES MUST BE MAINTAINED VIA THE PLOT POLE EVERY 7 DAYS!!
﻿16:01:24 : Player #0 Freedom disconnected
﻿16:01:31 : RCon admin #4: (Global) NO SQUAD XML: ENGLISH ONLY IN SIDE CHAT: VEHICLES AND GEAR CAN BE STOLEN ANYWHERE
﻿16:04:17 : Player #0 PRISMIC (195.39.192.48:3302) connected
﻿16:04:18 : Player #0 PRISMIC - GUID: c2a9b9e975c3a16bc843e3b1437182ca (unverified)
﻿16:04:19 : Player #0 PRISMIC - Legacy GUID: 40b9483bb39fdbf38ebf22597947cee7
﻿16:04:19 : Verified GUID (c2a9b9e975c3a16bc843e3b1437182ca) of player #0 PRISMIC
﻿16:10:55 : Player #1 Mario (188.26.79.21:3302) connected
﻿16:10:57 : Player #1 Mario - GUID: 1daf4deee2cb2cdbf48266893826a6d7 (unverified)
﻿16:10:57 : Player #1 Mario - Legacy GUID: 19c7c6a4420f22d99240bb7c03666bf1
﻿16:10:57 : Verified GUID (1daf4deee2cb2cdbf48266893826a6d7) of player #1 Mario
﻿16:12:31 : RCon admin #4: (Global) ADMINS: LWB AND SIERRA | VISIT THE WEBSITE FOR DONATION PERKS | SURVIVALIST-DAYZ.COM
﻿16:12:39 : Player #2 Arne disconnected
﻿16:26:25 : Player #3 Hgabor disconnected
﻿16:26:29 : Player #5 t3hl34d3r disconnected
﻿16:26:31 : RCon admin #4: (Global) BASES MUST BE MAINTAINED VIA THE PLOT POLE EVERY 7 DAYS!!
﻿16:26:58 : Player #4 [NG2] Jesse disconnected
﻿16:27:06 : Player #9 Turmoil disconnected
﻿16:29:36 : Player #2 Freedom (173.85.71.79:2304) connected
﻿16:29:39 : Player #2 Freedom - GUID: 32974eed83d84dab3c6a86016f1a1d12 (unverified)
﻿16:29:40 : Verified GUID (32974eed83d84dab3c6a86016f1a1d12) of player #2 Freedom
﻿16:29:40 : Player #2 Freedom - Legacy GUID: 97a8c85ef5bf1164b1deba8cac447118
﻿16:31:31 : RCon admin #4: (Global) NO SQUAD XML: ENGLISH ONLY IN SIDE CHAT: VEHICLES AND GEAR CAN BE STOLEN ANYWHERE
﻿16:32:20 : Player #2 Freedom disconnected
﻿16:37:30 : RCon admin #4: (Global) Server will restart in 10 minutes
﻿16:38:45 : Player #7 Sebastian disconnected
﻿16:41:19 : Player #2 Arne (2.104.45.123:3302) connected
﻿16:41:20 : Player #2 Arne - GUID: 438b3f774367dfe1203639f51a6f5c4f (unverified)
﻿16:41:21 : Verified GUID (438b3f774367dfe1203639f51a6f5c4f) of player #2 Arne
﻿16:41:21 : Player #2 Arne - Legacy GUID: 8aec1d74ca7b7b889f081e10656686f1
﻿16:42:31 : RCon admin #4: (Global) ADMINS: LWB AND SIERRA | VISIT THE WEBSITE FOR DONATION PERKS | SURVIVALIST-DAYZ.COM
﻿16:42:31 : RCon admin #4: (Global) Server will restart in 5 minutes: Prepare to Logout
﻿16:45:09 : Player #2 Arne disconnected
﻿16:45:15 : Player #1 Mario disconnected
﻿16:45:23 : Player #0 PRISMIC disconnected
﻿16:45:30 : RCon admin #4: (Global) The Server is about to restart. LOG OUT NOW OR YOUR GEAR MAY BE LOST!!
﻿16:45:37 : Player #6 Laurence Gommersil disconnected
﻿16:46:29 : Player #8 2DIE4 disconnected
﻿16:47:00 : RCon admin #4: (Global) YOU SHOULD BE LOGGED OUT BY NOW! IF YOU ARENT YOU WILL BE AUTO KICKED AND YOUR GEAR MAY BE LOST! NO REFUNDS!
﻿16:48:04 : Rcon client logging in
﻿16:48:06 : RCon admin #3 (78.31.67.100:56200) logged in
﻿16:48:14 : RCon admin #4 (86.162.43.39:51605) logged in
﻿16:48:28 : Player #1 Laurence Gommersil (91.84.65.136:3302) connected
﻿16:48:29 : Player #1 Laurence Gommersil - GUID: f1f45f96a2cdd71b21097c87e6cef51a (unverified)
﻿16:48:29 : Verified GUID (f1f45f96a2cdd71b21097c87e6cef51a) of player #1 Laurence Gommersil
﻿16:48:30 : Player #1 Laurence Gommersil - Legacy GUID: 968c41ae2194f0cd7392781b4dee481b
﻿16:48:40 : Player #2 PRISMIC (195.39.192.48:3302) connected
﻿16:48:41 : Player #2 PRISMIC - GUID: c2a9b9e975c3a16bc843e3b1437182ca (unverified)
﻿16:48:42 : Verified GUID (c2a9b9e975c3a16bc843e3b1437182ca) of player #2 PRISMIC
﻿16:48:42 : Player #2 PRISMIC - Legacy GUID: 40b9483bb39fdbf38ebf22597947cee7
﻿16:49:09 : Player #3 2DIE4 (84.130.106.88:3302) connected
﻿16:49:10 : Player #3 2DIE4 - GUID: 97b8e8b63e4439b2b62c99dde2b8b8a1 (unverified)
﻿16:49:11 : Verified GUID (97b8e8b63e4439b2b62c99dde2b8b8a1) of player #3 2DIE4
﻿16:49:14 : Player #3 2DIE4 - Legacy GUID: e56dc54c0a6d92faa8a284d7c54bffab
﻿16:49:15 : Player #3 2DIE4 - Legacy GUID: e56dc54c0a6d92faa8a284d7c54bffab
﻿16:49:41 : Player #4 proje_000 (213.127.119.75:4650) connected
﻿16:49:42 : Player #4 proje_000 - GUID: 98fccd68611aff9c5a7bea71dc66d232 (unverified)
﻿16:49:42 : Verified GUID (98fccd68611aff9c5a7bea71dc66d232) of player #4 proje_000
﻿16:49:43 : Player #4 proje_000 - Legacy GUID: 4328612d429da867a63a4f014ca81b36
﻿16:49:43 : Player #4 proje_000 (98fccd68611aff9c5a7bea71dc66d232) has been kicked by BattlEye: Global Ban #432861
﻿16:51:10 : Player #3 2DIE4 disconnected
﻿16:51:58 : Player #3 2DIE4 (84.130.106.88:3302) connected
﻿16:52:00 : Player #3 2DIE4 - GUID: 97b8e8b63e4439b2b62c99dde2b8b8a1 (unverified)
﻿16:52:00 : Verified GUID (97b8e8b63e4439b2b62c99dde2b8b8a1) of player #3 2DIE4
﻿16:52:01 : Player #3 2DIE4 - Legacy GUID: e56dc54c0a6d92faa8a284d7c54bffab
﻿16:52:03 : Player #4 Freedom (173.85.71.79:2304) connected
﻿16:52:04 : Player #4 Freedom - GUID: 32974eed83d84dab3c6a86016f1a1d12 (unverified)
﻿16:52:05 : Verified GUID (32974eed83d84dab3c6a86016f1a1d12) of player #4 Freedom
﻿16:52:05 : Player #4 Freedom - Legacy GUID: 97a8c85ef5bf1164b1deba8cac447118
﻿16:52:25 : Player #5 Mario (188.26.79.21:3302) connected
﻿16:52:26 : Player #5 Mario - GUID: 1daf4deee2cb2cdbf48266893826a6d7 (unverified)
﻿16:52:26 : Verified GUID (1daf4deee2cb2cdbf48266893826a6d7) of player #5 Mario
﻿16:52:27 : Player #5 Mario - Legacy GUID: 19c7c6a4420f22d99240bb7c03666bf1
﻿16:54:27 : Player #6 Arne (2.104.45.123:3302) connected
﻿16:54:28 : Player #6 Arne - GUID: 438b3f774367dfe1203639f51a6f5c4f (unverified)
﻿16:54:29 : Verified GUID (438b3f774367dfe1203639f51a6f5c4f) of player #6 Arne
﻿16:54:29 : Player #6 Arne - Legacy GUID: 8aec1d74ca7b7b889f081e10656686f1
﻿16:55:15 : Player #0 alexxx disconnected
﻿16:55:52 : Player #0 Sebastian (84.118.159.31:3302) connected
﻿16:55:53 : Player #0 Sebastian - GUID: 9a799dfc537287cfac575dda5f04f439 (unverified)
﻿16:55:54 : Verified GUID (9a799dfc537287cfac575dda5f04f439) of player #0 Sebastian
﻿16:55:54 : Player #0 Sebastian - Legacy GUID: 49d332f8760d380209db3cece2ab1a70
﻿16:56:27 : Player #5 Mario disconnected
﻿17:00:29 : Player #5 Mario (188.26.79.21:3302) connected
﻿17:00:30 : Player #5 Mario - GUID: 1daf4deee2cb2cdbf48266893826a6d7 (unverified)
﻿17:00:31 : Verified GUID (1daf4deee2cb2cdbf48266893826a6d7) of player #5 Mario
﻿17:00:31 : Player #5 Mario - Legacy GUID: 19c7c6a4420f22d99240bb7c03666bf1
﻿17:02:04 : RCon admin #3: (Global) NO SQUAD XML: ENGLISH ONLY IN SIDE CHAT: VEHICLES AND GEAR CAN BE STOLEN ANYWHERE
﻿17:07:48 : Player #7 -SDS- Gowther (188.103.244.110:3302) connected
﻿17:07:50 : Player #7 -SDS- Gowther - GUID: 03492c7dbb4087e80f5c95d1df0aebac (unverified)
﻿17:07:50 : Verified GUID (03492c7dbb4087e80f5c95d1df0aebac) of player #7 -SDS- Gowther
﻿17:07:51 : Player #7 -SDS- Gowther - Legacy GUID: 459161ad2315d6e5e544515528714548
﻿17:10:07 : Player #5 Mario disconnected
﻿17:11:28 : Player #5 -SDS- Merlin (93.218.225.49:63072) connected
﻿17:11:30 : Player #5 -SDS- Merlin - Legacy GUID: e7962c015e7271f617650f8ecd20ee71
﻿17:11:30 : Player #5 -SDS- Merlin - GUID: c91d2c4bdd2829b924d780d2b78ba593 (unverified)
﻿17:11:30 : Verified GUID (c91d2c4bdd2829b924d780d2b78ba593) of player #5 -SDS- Merlin
﻿17:12:37 : Player #8 [NG2] Jesse (145.133.183.236:3302) connected
﻿17:12:39 : Player #8 [NG2] Jesse - GUID: 1f7a31a6c97ae9822a9e4dcb3de0e9a0 (unverified)
﻿17:12:40 : Verified GUID (1f7a31a6c97ae9822a9e4dcb3de0e9a0) of player #8 [NG2] Jesse
﻿17:12:41 : Player #8 [NG2] Jesse - Legacy GUID: aa29d15133c89f949e71190836ad19cb
﻿17:13:04 : RCon admin #3: (Global) ADMINS: LWB AND SIERRA | VISIT THE WEBSITE FOR DONATION PERKS | SURVIVALIST-DAYZ.COM
﻿17:19:37 : No Valid response. Trying to reconnect.!
﻿17:19:37 : Rcon client logging in
﻿17:19:37 : RCon admin #3 (78.31.67.100:56200) logged in
﻿17:25:06 : Player #0 Sebastian disconnected
﻿17:27:04 : RCon admin #3: (Global) BASES MUST BE MAINTAINED VIA THE PLOT POLE EVERY 7 DAYS!!
﻿17:32:04 : RCon admin #3: (Global) NO SQUAD XML: ENGLISH ONLY IN SIDE CHAT: VEHICLES AND GEAR CAN BE STOLEN ANYWHERE
﻿17:38:03 : Player #4 Freedom disconnected
﻿17:43:04 : RCon admin #3: (Global) ADMINS: LWB AND SIERRA | VISIT THE WEBSITE FOR DONATION PERKS | SURVIVALIST-DAYZ.COM
﻿17:57:04 : RCon admin #3: (Global) BASES MUST BE MAINTAINED VIA THE PLOT POLE EVERY 7 DAYS!!
﻿18:00:44 : Player #0 Fedain (159.205.243.9:3302) connected
﻿18:00:45 : Player #0 Fedain - GUID: 927931e65884ab1fdbe6cb16e986da20 (unverified)
﻿18:00:46 : Verified GUID (927931e65884ab1fdbe6cb16e986da20) of player #0 Fedain
﻿18:00:46 : Player #0 Fedain - Legacy GUID: d357e6cec56be90d962c64429bf2ca9c
﻿18:02:04 : RCon admin #3: (Global) NO SQUAD XML: ENGLISH ONLY IN SIDE CHAT: VEHICLES AND GEAR CAN BE STOLEN ANYWHERE
﻿18:05:13 : Player #0 Fedain disconnected
﻿18:08:12 : RCon admin #3: (To Arne) Watch your language. No Warnings left. Next badword will result in kick
﻿18:10:55 : Player #6 Arne disconnected
﻿18:12:42 : Player #0 PRISMIC (195.39.192.48:3302) connected
﻿18:12:44 : Player #0 PRISMIC - GUID: c2a9b9e975c3a16bc843e3b1437182ca (unverified)
﻿18:12:45 : Player #0 PRISMIC - Legacy GUID: 40b9483bb39fdbf38ebf22597947cee7
﻿18:12:48 : Player #0 PRISMIC disconnected
﻿18:13:04 : RCon admin #3: (Global) ADMINS: LWB AND SIERRA | VISIT THE WEBSITE FOR DONATION PERKS | SURVIVALIST-DAYZ.COM
﻿18:13:20 : Player #0 PRISMIC (195.39.192.48:3302) connected
﻿18:13:21 : Player #0 PRISMIC - GUID: c2a9b9e975c3a16bc843e3b1437182ca (unverified)
﻿18:13:22 : Player #0 PRISMIC - Legacy GUID: 40b9483bb39fdbf38ebf22597947cee7
﻿18:13:22 : Verified GUID (c2a9b9e975c3a16bc843e3b1437182ca) of player #0 PRISMIC
﻿18:23:45 : Player #2 Dennis (77.248.123.17:62720) connected
﻿18:23:46 : Player #2 Dennis - GUID: d936c72d71661f33c59c140f285b717d (unverified)
﻿18:23:46 : Verified GUID (d936c72d71661f33c59c140f285b717d) of player #2 Dennis
﻿18:23:47 : Player #2 Dennis - Legacy GUID: e5c22bf0dc8a9fb038146c598c362157
﻿18:23:54 : Player #2 Dennis disconnected
﻿18:26:16 : Player #2 Freedom (173.85.71.79:2304) connected
﻿18:26:17 : Player #2 Freedom - GUID: 32974eed83d84dab3c6a86016f1a1d12 (unverified)
﻿18:26:18 : Verified GUID (32974eed83d84dab3c6a86016f1a1d12) of player #2 Freedom
﻿18:26:18 : Player #2 Freedom - Legacy GUID: 97a8c85ef5bf1164b1deba8cac447118
﻿18:26:56 : Player #4 Winans (178.200.93.19:3302) connected
﻿18:26:57 : Player #4 Winans - GUID: 5cfd15b84e558bc0ef1f0210efc34126 (unverified)
﻿18:26:58 : Verified GUID (5cfd15b84e558bc0ef1f0210efc34126) of player #4 Winans
﻿18:26:58 : Player #4 Winans - Legacy GUID: a5953aeb5d5414bdf99a6fe9cbecf6c4
﻿18:27:04 : RCon admin #3: (Global) BASES MUST BE MAINTAINED VIA THE PLOT POLE EVERY 7 DAYS!!
﻿18:32:04 : RCon admin #3: (Global) NO SQUAD XML: ENGLISH ONLY IN SIDE CHAT: VEHICLES AND GEAR CAN BE STOLEN ANYWHERE
﻿18:43:04 : RCon admin #3: (Global) ADMINS: LWB AND SIERRA | VISIT THE WEBSITE FOR DONATION PERKS | SURVIVALIST-DAYZ.COM
﻿18:43:31 : Player #4 Winans disconnected
﻿18:43:37 : Player #4 Winans (178.200.93.19:3302) connected
﻿18:43:38 : Player #4 Winans - GUID: 5cfd15b84e558bc0ef1f0210efc34126 (unverified)
﻿18:43:39 : Verified GUID (5cfd15b84e558bc0ef1f0210efc34126) of player #4 Winans
﻿18:43:39 : Player #4 Winans - Legacy GUID: a5953aeb5d5414bdf99a6fe9cbecf6c4
﻿18:43:40 : Player #6 Trankvilan (176.234.64.250:2304) connected
﻿18:43:41 : Player #6 Trankvilan - GUID: a03f9c9034af621803c10b2b667448ca (unverified)
﻿18:43:42 : Player #6 Trankvilan - Legacy GUID: 2ce69efcb326a9879b55255888bbe1b3
﻿18:43:43 : Verified GUID (a03f9c9034af621803c10b2b667448ca) of player #6 Trankvilan
﻿18:43:43 : Player #6 Trankvilan disconnected
﻿18:57:05 : RCon admin #3: (Global) BASES MUST BE MAINTAINED VIA THE PLOT POLE EVERY 7 DAYS!!
﻿19:02:04 : RCon admin #3: (Global) NO SQUAD XML: ENGLISH ONLY IN SIDE CHAT: VEHICLES AND GEAR CAN BE STOLEN ANYWHERE
﻿19:05:48 : Player #7 -SDS- Gowther disconnected
﻿19:06:51 : Player #4 Winans disconnected
﻿19:08:04 : RCon admin #3: (Global) Server will restart in 10 minutes
﻿19:12:20 : Player #0 PRISMIC disconnected
﻿19:13:04 : RCon admin #3: (Global) ADMINS: LWB AND SIERRA | VISIT THE WEBSITE FOR DONATION PERKS | SURVIVALIST-DAYZ.COM
﻿19:13:04 : RCon admin #3: (Global) Server will restart in 5 minutes: Prepare to Logout
﻿19:13:59 : Player #1 Laurence Gommersil disconnected
﻿19:16:04 : RCon admin #3: (Global) The Server is about to restart. LOG OUT NOW OR YOUR GEAR MAY BE LOST!!
﻿19:16:21 : Player #2 Freedom disconnected
﻿19:17:34 : RCon admin #3: (Global) YOU SHOULD BE LOGGED OUT BY NOW! IF YOU ARENT YOU WILL BE AUTO KICKED AND YOUR GEAR MAY BE LOST! NO REFUNDS!
﻿19:18:38 : Rcon client logging in
﻿19:18:38 : RCon admin #2 (78.31.67.100:63401) logged in
﻿19:18:47 : RCon admin #3 (86.162.43.39:59955) logged in
﻿19:18:48 : RCon admin #4 (86.162.43.39:60295) logged in
﻿19:19:06 : Player #0 t3hl34d3r (84.2.129.235:3302) connected
﻿19:19:08 : Player #0 t3hl34d3r - GUID: e22677b80a82d86200fdf874f6d7729f (unverified)
﻿19:19:08 : Verified GUID (e22677b80a82d86200fdf874f6d7729f) of player #0 t3hl34d3r
﻿19:19:08 : Player #0 t3hl34d3r - Legacy GUID: 7ea9b3d694ab2cc19466cf11f5b15bc0
﻿19:19:09 : Player #1 Hgabor (188.143.56.216:3302) connected
﻿19:19:10 : Player #1 Hgabor - GUID: 72b8f9990e04ece90f5131d023521349 (unverified)
﻿19:19:13 : Verified GUID (72b8f9990e04ece90f5131d023521349) of player #1 Hgabor
﻿19:19:14 : Player #1 Hgabor - Legacy GUID: 08b49097c80027b9c7ae04d44a03cc0e
﻿19:21:50 : Player #2 Freedom (173.85.71.79:2304) connected
﻿19:21:51 : Player #2 Freedom - GUID: 32974eed83d84dab3c6a86016f1a1d12 (unverified)
﻿19:21:51 : Verified GUID (32974eed83d84dab3c6a86016f1a1d12) of player #2 Freedom
﻿19:21:52 : Player #2 Freedom - Legacy GUID: 97a8c85ef5bf1164b1deba8cac447118
﻿19:22:32 : Player #1 Hgabor disconnected
﻿19:23:07 : Player #1 Hgabor (188.143.56.216:3302) connected
﻿19:23:08 : Player #1 Hgabor - GUID: 72b8f9990e04ece90f5131d023521349 (unverified)
﻿19:23:09 : Verified GUID (72b8f9990e04ece90f5131d023521349) of player #1 Hgabor
﻿19:23:09 : Player #1 Hgabor - Legacy GUID: 08b49097c80027b9c7ae04d44a03cc0e
﻿19:27:58 : Player #3 Digupherbones (86.162.43.39:2304) connected
﻿19:27:59 : Player #3 Digupherbones - GUID: 6f7cdbb1e69bf4eb8b32fb87af0a3dcc (unverified)
﻿19:27:59 : Verified GUID (6f7cdbb1e69bf4eb8b32fb87af0a3dcc) of player #3 Digupherbones
﻿19:27:59 : Player #3 Digupherbones - Owner GUID: d5a7a204223d483926d292f4255aa428
﻿19:28:00 : Player #3 Digupherbones - Legacy GUID: 81e5f276acb3bd8401df80e28c6291a7
﻿19:29:38 : Player #4 -NFG- Hudson   (176.254.82.55:3302) connected
﻿19:29:39 : Player #4 -NFG- Hudson   - GUID: 2cebfd07255fa70992e2966d4cf7de54 (unverified)
﻿19:29:40 : Player #4 -NFG- Hudson   - Legacy GUID: aa865ac87540f3d432c32a308b455e74
﻿19:29:40 : Verified GUID (2cebfd07255fa70992e2966d4cf7de54) of player #4 -NFG- Hudson  
﻿19:32:38 : RCon admin #2: (Global) NO SQUAD XML: ENGLISH ONLY IN SIDE CHAT: VEHICLES AND GEAR CAN BE STOLEN ANYWHERE
﻿19:34:01 : Player #4 -NFG- Hudson   disconnected
﻿19:35:19 : Player #4 -NFG- Hudson   (176.254.82.55:3302) connected
﻿19:35:20 : Player #4 -NFG- Hudson   - GUID: 2cebfd07255fa70992e2966d4cf7de54 (unverified)
﻿19:35:21 : Verified GUID (2cebfd07255fa70992e2966d4cf7de54) of player #4 -NFG- Hudson  
﻿19:35:21 : Player #4 -NFG- Hudson   - Legacy GUID: aa865ac87540f3d432c32a308b455e74
﻿19:37:13 : Player #5 [NG2] Jesse (145.133.183.236:3302) connected
﻿19:37:14 : Player #5 [NG2] Jesse - GUID: 1f7a31a6c97ae9822a9e4dcb3de0e9a0 (unverified)
﻿19:37:15 : Player #5 [NG2] Jesse - Legacy GUID: aa29d15133c89f949e71190836ad19cb
﻿19:37:16 : Player #5 [NG2] Jesse disconnected
﻿19:38:44 : Player #5 [NG2] Jesse (145.133.183.236:3302) connected
﻿19:38:45 : Player #5 [NG2] Jesse - GUID: 1f7a31a6c97ae9822a9e4dcb3de0e9a0 (unverified)
﻿19:38:45 : Verified GUID (1f7a31a6c97ae9822a9e4dcb3de0e9a0) of player #5 [NG2] Jesse
﻿19:38:46 : Player #5 [NG2] Jesse - Legacy GUID: aa29d15133c89f949e71190836ad19cb
﻿19:39:07 : Player #6 Laurence Gommersil (91.84.65.136:3302) connected
﻿19:39:08 : Player #6 Laurence Gommersil - GUID: f1f45f96a2cdd71b21097c87e6cef51a (unverified)
﻿19:39:09 : Player #6 Laurence Gommersil - Legacy GUID: 968c41ae2194f0cd7392781b4dee481b
﻿19:39:09 : Player #6 Laurence Gommersil disconnected
﻿19:40:30 : Player #6 Laurence Gommersil (91.84.65.136:3302) connected
﻿19:40:34 : Player #6 Laurence Gommersil - GUID: f1f45f96a2cdd71b21097c87e6cef51a (unverified)
﻿19:40:34 : Player #6 Laurence Gommersil - Legacy GUID: 968c41ae2194f0cd7392781b4dee481b
﻿19:40:36 : Player #6 Laurence Gommersil disconnected
﻿19:43:13 : Player #6 Laurence Gommersil (91.84.65.136:3302) connected
﻿19:43:15 : Player #6 Laurence Gommersil - GUID: f1f45f96a2cdd71b21097c87e6cef51a (unverified)
﻿19:43:15 : Player #6 Laurence Gommersil - Legacy GUID: 968c41ae2194f0cd7392781b4dee481b
﻿19:43:15 : Verified GUID (f1f45f96a2cdd71b21097c87e6cef51a) of player #6 Laurence Gommersil
﻿19:43:38 : RCon admin #2: (Global) ADMINS: LWB AND SIERRA | VISIT THE WEBSITE FOR DONATION PERKS | SURVIVALIST-DAYZ.COM
﻿19:45:21 : Player #7 Turmoil (85.164.44.228:3302) connected
﻿19:45:22 : Player #7 Turmoil - GUID: 078d3175e22fad797d9a152aaaa83806 (unverified)
﻿19:45:22 : Verified GUID (078d3175e22fad797d9a152aaaa83806) of player #7 Turmoil
﻿19:45:23 : Player #7 Turmoil - Legacy GUID: 153330a3c1eb9ccf7092e322ab07ebb0
﻿19:57:38 : RCon admin #2: (Global) BASES MUST BE MAINTAINED VIA THE PLOT POLE EVERY 7 DAYS!!
﻿20:02:10 : Player #8 Pibe (82.51.183.15:52723) connected
﻿20:02:11 : Player #8 Pibe - GUID: db019d7abee4e75a3d01d99ff45bfec5 (unverified)
﻿20:02:11 : Verified GUID (db019d7abee4e75a3d01d99ff45bfec5) of player #8 Pibe
﻿20:02:12 : Player #8 Pibe - Legacy GUID: df1af60c27a8b4e01079091e4b66044b
﻿20:02:38 : RCon admin #2: (Global) NO SQUAD XML: ENGLISH ONLY IN SIDE CHAT: VEHICLES AND GEAR CAN BE STOLEN ANYWHERE
﻿20:04:21 : Player #9 Luca (79.49.242.58:3302) connected
﻿20:04:23 : Player #9 Luca - GUID: 6e7c40a61724544b4275966bd75de0e6 (unverified)
﻿20:04:23 : Player #9 Luca - Legacy GUID: 9d6f7df8f28bf750a2189a9c4d05f558
﻿20:04:24 : Verified GUID (6e7c40a61724544b4275966bd75de0e6) of player #9 Luca
﻿20:06:26 : Player #9 Luca disconnected
﻿20:08:28 : Player #9 Luca (79.49.242.58:3302) connected
﻿20:08:30 : Player #9 Luca - GUID: 6e7c40a61724544b4275966bd75de0e6 (unverified)
﻿20:08:30 : Player #9 Luca - Legacy GUID: 9d6f7df8f28bf750a2189a9c4d05f558
﻿20:08:38 : Verified GUID (6e7c40a61724544b4275966bd75de0e6) of player #9 Luca
﻿20:12:54 : Player #2 Freedom disconnected
﻿20:13:38 : RCon admin #2: (Global) ADMINS: LWB AND SIERRA | VISIT THE WEBSITE FOR DONATION PERKS | SURVIVALIST-DAYZ.COM
﻿20:17:23 : Player #2 alexxx (89.136.244.33:2304) connected
﻿20:17:25 : Player #2 alexxx - GUID: 5fce12544baf95cb7c7a5198aa969cc0 (unverified)
﻿20:17:25 : Player #2 alexxx - Legacy GUID: 5383ad7e1815bcc36bf991e764af88d0
﻿20:17:32 : Verified GUID (5fce12544baf95cb7c7a5198aa969cc0) of player #2 alexxx
﻿20:20:46 : Player #10 Arne (2.104.45.123:3302) connected
﻿20:20:47 : Player #10 Arne - GUID: 438b3f774367dfe1203639f51a6f5c4f (unverified)
﻿20:20:48 : Verified GUID (438b3f774367dfe1203639f51a6f5c4f) of player #10 Arne
﻿20:20:48 : Player #10 Arne - Legacy GUID: 8aec1d74ca7b7b889f081e10656686f1
﻿20:27:16 : Player #4 -NFG- Hudson   disconnected
﻿20:27:39 : RCon admin #2: (Global) BASES MUST BE MAINTAINED VIA THE PLOT POLE EVERY 7 DAYS!!
﻿20:30:15 : Player #1 Hgabor disconnected
﻿20:30:34 : Player #0 t3hl34d3r disconnected
﻿20:32:15 : Player #0 PRISMIC (195.39.192.48:3302) connected
﻿20:32:17 : Player #0 PRISMIC - GUID: c2a9b9e975c3a16bc843e3b1437182ca (unverified)
﻿20:32:18 : Player #0 PRISMIC - Legacy GUID: 40b9483bb39fdbf38ebf22597947cee7
﻿20:32:18 : Verified GUID (c2a9b9e975c3a16bc843e3b1437182ca) of player #0 PRISMIC
﻿20:32:38 : RCon admin #2: (Global) NO SQUAD XML: ENGLISH ONLY IN SIDE CHAT: VEHICLES AND GEAR CAN BE STOLEN ANYWHERE
﻿20:33:29 : Player #1 Winans (178.200.93.19:3302) connected
﻿20:33:31 : Player #1 Winans - GUID: 5cfd15b84e558bc0ef1f0210efc34126 (unverified)
﻿20:33:31 : Player #1 Winans - Legacy GUID: a5953aeb5d5414bdf99a6fe9cbecf6c4
﻿20:33:31 : Verified GUID (5cfd15b84e558bc0ef1f0210efc34126) of player #1 Winans
﻿20:35:37 : Player #0 PRISMIC disconnected
﻿20:36:36 : Player #0 SoomqaBlyet (88.196.32.120:2304) connected
﻿20:36:37 : Player #0 SoomqaBlyet disconnected
﻿20:39:00 : Player #0 lucas (2.108.154.47:3302) connected
﻿20:39:01 : Player #0 lucas - GUID: e26ad1644ea180d22c08553156ea6b32 (unverified)
﻿20:39:02 : Player #0 lucas - Legacy GUID: 6d89ec8b82a4501fe8b41f5eeb9a7528
﻿20:39:02 : Verified GUID (e26ad1644ea180d22c08553156ea6b32) of player #0 lucas
﻿20:39:15 : Player #7 Turmoil disconnected
﻿20:39:22 : Player #4 serhi (176.104.54.105:3302) connected
﻿20:39:23 : Player #4 serhi - GUID: eb6bca655cbd8b7146b551ace03d3378 (unverified)
﻿20:39:24 : Player #4 serhi - Legacy GUID: 7cfba711a600d814688973e7fa7eb716
﻿20:39:26 : Verified GUID (eb6bca655cbd8b7146b551ace03d3378) of player #4 serhi
﻿20:39:39 : Player #4 serhi disconnected
﻿20:43:38 : RCon admin #2: (Global) ADMINS: LWB AND SIERRA | VISIT THE WEBSITE FOR DONATION PERKS | SURVIVALIST-DAYZ.COM
﻿20:45:43 : Player #4 SoomqaBlyet (88.196.32.120:2304) connected
﻿20:45:44 : Player #4 SoomqaBlyet disconnected
﻿20:46:14 : Player #4 lostyet444 (68.187.77.3:3302) connected
﻿20:46:17 : Player #4 lostyet444 - GUID: 417b61a341ceecb7781dec31438bd27d (unverified)
﻿20:46:17 : Player #4 lostyet444 - Legacy GUID: 0a8aec94321388627bdf1898634b9aa4
﻿20:46:17 : Verified GUID (417b61a341ceecb7781dec31438bd27d) of player #4 lostyet444
﻿20:47:04 : Player #4 lostyet444 (417b61a341ceecb7781dec31438bd27d) has been kicked by BattlEye: Ping too high (422)
﻿20:47:30 : Player #4 SoomqaBlyet (88.196.32.120:2304) connected
﻿20:47:31 : Player #4 SoomqaBlyet - GUID: 01fa97319b8120d5dc76c803f4b462e2 (unverified)
﻿20:47:32 : Verified GUID (01fa97319b8120d5dc76c803f4b462e2) of player #4 SoomqaBlyet
﻿20:47:32 : Player #4 SoomqaBlyet - Legacy GUID: a7792ab60fde4686107b4c281f094a21
﻿20:47:34 : Player #4 SoomqaBlyet disconnected
﻿20:47:53 : Player #6 Laurence Gommersil disconnected
﻿20:48:54 : Player #4 SoomqaBlyet (88.196.32.120:2304) connected
﻿20:48:55 : Player #4 SoomqaBlyet - GUID: 01fa97319b8120d5dc76c803f4b462e2 (unverified)
﻿20:48:56 : Verified GUID (01fa97319b8120d5dc76c803f4b462e2) of player #4 SoomqaBlyet
﻿20:48:56 : Player #4 SoomqaBlyet - Legacy GUID: a7792ab60fde4686107b4c281f094a21
﻿20:56:38 : Player #0 lucas disconnected
﻿20:57:38 : RCon admin #2: (Global) BASES MUST BE MAINTAINED VIA THE PLOT POLE EVERY 7 DAYS!!
﻿20:58:24 : Player #4 SoomqaBlyet disconnected
﻿21:02:38 : RCon admin #2: (Global) NO SQUAD XML: ENGLISH ONLY IN SIDE CHAT: VEHICLES AND GEAR CAN BE STOLEN ANYWHERE
﻿21:06:52 : Player #0 Turmoil (85.164.44.228:3302) connected
﻿21:06:53 : Player #0 Turmoil - GUID: 078d3175e22fad797d9a152aaaa83806 (unverified)
﻿21:06:54 : Verified GUID (078d3175e22fad797d9a152aaaa83806) of player #0 Turmoil
﻿21:06:54 : Player #0 Turmoil - Legacy GUID: 153330a3c1eb9ccf7092e322ab07ebb0
﻿21:11:34 : Player #10 Arne disconnected
﻿21:13:38 : RCon admin #2: (Global) ADMINS: LWB AND SIERRA | VISIT THE WEBSITE FOR DONATION PERKS | SURVIVALIST-DAYZ.COM
﻿21:15:43 : Player #4 Freedom (173.85.71.79:2304) connected
﻿21:15:44 : Player #4 Freedom - GUID: 32974eed83d84dab3c6a86016f1a1d12 (unverified)
﻿21:15:45 : Player #4 Freedom - Legacy GUID: 97a8c85ef5bf1164b1deba8cac447118
﻿21:15:45 : Verified GUID (32974eed83d84dab3c6a86016f1a1d12) of player #4 Freedom
﻿21:22:58 : Player #4 Freedom (32974eed83d84dab3c6a86016f1a1d12) has been kicked by BattlEye: Ping too high (532)
﻿21:23:28 : Player #4 Freedom (173.85.71.79:2304) connected
﻿21:23:30 : Player #4 Freedom - GUID: 32974eed83d84dab3c6a86016f1a1d12 (unverified)
﻿21:23:30 : Player #4 Freedom disconnected
﻿21:23:38 : Player #4 Freedom (173.85.71.79:2304) connected
﻿21:23:40 : Player #4 Freedom - GUID: 32974eed83d84dab3c6a86016f1a1d12 (unverified)
﻿21:23:41 : Verified GUID (32974eed83d84dab3c6a86016f1a1d12) of player #4 Freedom
﻿21:23:41 : Player #4 Freedom - Legacy GUID: 97a8c85ef5bf1164b1deba8cac447118
﻿21:27:38 : RCon admin #2: (Global) BASES MUST BE MAINTAINED VIA THE PLOT POLE EVERY 7 DAYS!!
﻿21:28:32 : Player #6 Ovidiu (92.114.52.92:3302) connected
﻿21:28:33 : Player #6 Ovidiu - GUID: 7df969c92ad86496670af3d3105fa7f9 (unverified)
﻿21:28:33 : Verified GUID (7df969c92ad86496670af3d3105fa7f9) of player #6 Ovidiu
﻿21:28:34 : Player #6 Ovidiu - Legacy GUID: ee925f9f455bcdecc7328b5bb06d44c0
﻿21:32:38 : RCon admin #2: (Global) NO SQUAD XML: ENGLISH ONLY IN SIDE CHAT: VEHICLES AND GEAR CAN BE STOLEN ANYWHERE
﻿21:35:08 : Player #7 Hailstorm (93.222.250.59:3302) connected
﻿21:35:09 : Player #7 Hailstorm - GUID: 0692c4867addd58d9591110bb02a6244 (unverified)
﻿21:35:09 : Verified GUID (0692c4867addd58d9591110bb02a6244) of player #7 Hailstorm
﻿21:35:10 : Player #7 Hailstorm - Legacy GUID: e22681f3383bb6138a608cbe99764fe1
﻿21:38:16 : Player #10 2DIE4 (84.130.106.88:3302) connected
﻿21:38:18 : Player #10 2DIE4 - GUID: 97b8e8b63e4439b2b62c99dde2b8b8a1 (unverified)
﻿21:38:19 : Player #10 2DIE4 - Legacy GUID: e56dc54c0a6d92faa8a284d7c54bffab
﻿21:38:23 : Player #10 2DIE4 disconnected
﻿21:38:31 : Player #10 2DIE4 (84.130.106.88:3302) connected
﻿21:38:32 : Player #10 2DIE4 - GUID: 97b8e8b63e4439b2b62c99dde2b8b8a1 (unverified)
﻿21:38:33 : Verified GUID (97b8e8b63e4439b2b62c99dde2b8b8a1) of player #10 2DIE4
﻿21:38:33 : Player #10 2DIE4 - Legacy GUID: e56dc54c0a6d92faa8a284d7c54bffab
﻿21:38:38 : RCon admin #2: (Global) Server will restart in 10 minutes
﻿21:43:38 : RCon admin #2: (Global) ADMINS: LWB AND SIERRA | VISIT THE WEBSITE FOR DONATION PERKS | SURVIVALIST-DAYZ.COM
﻿21:43:39 : RCon admin #2: (Global) Server will restart in 5 minutes: Prepare to Logout
﻿21:45:52 : Player #9 Luca disconnected
﻿21:46:14 : Player #8 Pibe disconnected
﻿21:46:38 : RCon admin #2: (Global) The Server is about to restart. LOG OUT NOW OR YOUR GEAR MAY BE LOST!!
﻿21:46:47 : Player #4 Freedom disconnected
﻿21:46:54 : Player #6 Ovidiu disconnected
﻿21:47:06 : Player #3 Digupherbones disconnected
﻿21:47:18 : Player #0 Turmoil disconnected
﻿21:47:31 : Player #1 Winans disconnected
﻿21:47:44 : Player #5 [NG2] Jesse disconnected
﻿21:47:44 : Player #10 2DIE4 disconnected
﻿21:48:08 : RCon admin #2: (Global) YOU SHOULD BE LOGGED OUT BY NOW! IF YOU ARENT YOU WILL BE AUTO KICKED AND YOUR GEAR MAY BE LOST! NO REFUNDS!
﻿21:48:17 : Player #7 Hailstorm disconnected
﻿21:49:12 : Rcon client logging in
﻿21:49:12 : RCon admin #4 (78.31.67.100:52127) logged in
﻿21:49:36 : Player #1 Turmoil (85.164.44.228:3302) connected
﻿21:49:37 : Player #1 Turmoil - GUID: 078d3175e22fad797d9a152aaaa83806 (unverified)
﻿21:49:38 : Verified GUID (078d3175e22fad797d9a152aaaa83806) of player #1 Turmoil
﻿21:49:38 : Player #1 Turmoil - Legacy GUID: 153330a3c1eb9ccf7092e322ab07ebb0
﻿21:49:46 : Player #2 Ovidiu (92.114.52.92:3302) connected
﻿21:49:47 : Player #2 Ovidiu - GUID: 7df969c92ad86496670af3d3105fa7f9 (unverified)
﻿21:49:48 : Verified GUID (7df969c92ad86496670af3d3105fa7f9) of player #2 Ovidiu
﻿21:49:48 : Player #2 Ovidiu - Legacy GUID: ee925f9f455bcdecc7328b5bb06d44c0
﻿21:49:55 : Player #3 2DIE4 (84.130.106.88:3302) connected
﻿21:49:57 : Player #3 2DIE4 - GUID: 97b8e8b63e4439b2b62c99dde2b8b8a1 (unverified)
﻿21:49:57 : Verified GUID (97b8e8b63e4439b2b62c99dde2b8b8a1) of player #3 2DIE4
﻿21:49:57 : Player #3 2DIE4 - Legacy GUID: e56dc54c0a6d92faa8a284d7c54bffab
﻿21:50:06 : Player #4 Winans (178.200.93.19:3302) connected
﻿21:50:07 : Player #4 Winans - GUID: 5cfd15b84e558bc0ef1f0210efc34126 (unverified)
﻿21:50:07 : Verified GUID (5cfd15b84e558bc0ef1f0210efc34126) of player #4 Winans
﻿21:50:08 : Player #4 Winans - Legacy GUID: a5953aeb5d5414bdf99a6fe9cbecf6c4
﻿21:50:17 : Player #5 Pibe (82.51.183.15:52723) connected
﻿21:50:18 : Player #5 Pibe - GUID: db019d7abee4e75a3d01d99ff45bfec5 (unverified)
﻿21:50:19 : Verified GUID (db019d7abee4e75a3d01d99ff45bfec5) of player #5 Pibe
﻿21:50:19 : Player #5 Pibe - Legacy GUID: df1af60c27a8b4e01079091e4b66044b
﻿21:50:23 : Player #6 [NG2] Jesse (145.133.183.236:3302) connected
﻿21:50:24 : Player #6 [NG2] Jesse - GUID: 1f7a31a6c97ae9822a9e4dcb3de0e9a0 (unverified)
﻿21:50:24 : Verified GUID (1f7a31a6c97ae9822a9e4dcb3de0e9a0) of player #6 [NG2] Jesse
﻿21:50:25 : Player #6 [NG2] Jesse - Legacy GUID: aa29d15133c89f949e71190836ad19cb
﻿21:50:43 : Player #7 Luca (79.49.242.58:3302) connected
﻿21:50:45 : Player #7 Luca - GUID: 6e7c40a61724544b4275966bd75de0e6 (unverified)
﻿21:50:45 : Player #7 Luca - Legacy GUID: 9d6f7df8f28bf750a2189a9c4d05f558
﻿21:50:45 : Verified GUID (6e7c40a61724544b4275966bd75de0e6) of player #7 Luca
﻿21:50:48 : Player #8 Digupherbones (86.162.43.39:2304) connected
﻿21:50:50 : Player #8 Digupherbones - GUID: 6f7cdbb1e69bf4eb8b32fb87af0a3dcc (unverified)
﻿21:50:50 : Verified GUID (6f7cdbb1e69bf4eb8b32fb87af0a3dcc) of player #8 Digupherbones
﻿21:50:50 : Player #8 Digupherbones - Owner GUID: d5a7a204223d483926d292f4255aa428
﻿21:50:51 : Player #8 Digupherbones - Legacy GUID: 81e5f276acb3bd8401df80e28c6291a7
﻿21:51:00 : Player #9 Freedom (173.85.71.79:2304) connected
﻿21:51:01 : Player #9 Freedom - GUID: 32974eed83d84dab3c6a86016f1a1d12 (unverified)
﻿21:51:02 : Verified GUID (32974eed83d84dab3c6a86016f1a1d12) of player #9 Freedom
﻿21:51:02 : Player #9 Freedom - Legacy GUID: 97a8c85ef5bf1164b1deba8cac447118
﻿21:52:54 : Player #9 Freedom (32974eed83d84dab3c6a86016f1a1d12) has been kicked by BattlEye: Ping too high (828)
﻿21:53:58 : Player #9 Fedain (159.205.243.9:3302) connected
﻿21:53:59 : Player #9 Fedain - GUID: 927931e65884ab1fdbe6cb16e986da20 (unverified)
﻿21:54:00 : Verified GUID (927931e65884ab1fdbe6cb16e986da20) of player #9 Fedain
﻿21:54:00 : Player #9 Fedain - Legacy GUID: d357e6cec56be90d962c64429bf2ca9c
﻿21:54:08 : RCon admin #4: (To 2DIE4) Watch your language. No Warnings left. Next badword will result in kick
﻿21:55:35 : Player #10 Hailstorm (93.222.250.59:3302) connected
﻿21:55:36 : Player #10 Hailstorm - GUID: 0692c4867addd58d9591110bb02a6244 (unverified)
﻿21:55:36 : Verified GUID (0692c4867addd58d9591110bb02a6244) of player #10 Hailstorm
﻿21:55:37 : Player #10 Hailstorm - Legacy GUID: e22681f3383bb6138a608cbe99764fe1
﻿22:02:29 : Player #11 LWB [SD] (86.162.43.39:1025) connected
﻿22:02:30 : Player #11 LWB [SD] - GUID: bc07c7c39c76cf95a7a434d686d9df66 (unverified)
﻿22:02:31 : Verified GUID (bc07c7c39c76cf95a7a434d686d9df66) of player #11 LWB [SD]
﻿22:02:31 : Player #11 LWB [SD] - Legacy GUID: 977383e15b6c706cac44ca953ba440c7
﻿22:03:12 : RCon admin #4: (Global) NO SQUAD XML: ENGLISH ONLY IN SIDE CHAT: VEHICLES AND GEAR CAN BE STOLEN ANYWHERE
﻿22:04:06 : Player #12 PRISMIC (195.39.192.48:3302) connected
﻿22:04:08 : Player #12 PRISMIC - GUID: c2a9b9e975c3a16bc843e3b1437182ca (unverified)
﻿22:04:08 : Player #12 PRISMIC - Legacy GUID: 40b9483bb39fdbf38ebf22597947cee7
﻿22:04:09 : Verified GUID (c2a9b9e975c3a16bc843e3b1437182ca) of player #12 PRISMIC
﻿22:04:50 : Player #13 Caramba (37.24.146.164:19514) connected
﻿22:04:51 : Player #13 Caramba - GUID: c84d3b5923fe870867fe3748dcf5dd64 (unverified)
﻿22:04:52 : Player #13 Caramba - Legacy GUID: f17125644488c1838bf54c2c796af2bf
﻿22:04:53 : Verified GUID (c84d3b5923fe870867fe3748dcf5dd64) of player #13 Caramba
﻿22:05:50 : Player #0 alexxx disconnected
﻿22:12:22 : Player #0 Faldehals (94.219.213.167:3302) connected
﻿22:12:23 : Player #0 Faldehals - GUID: e2dfd1a22f76dbc861d8a2c62272e0a2 (unverified)
﻿22:12:23 : Verified GUID (e2dfd1a22f76dbc861d8a2c62272e0a2) of player #0 Faldehals
﻿22:12:24 : Player #0 Faldehals - Legacy GUID: 7fb497ad8af0eff5840c19924878df22
﻿22:13:32 : Player #13 Caramba disconnected
﻿22:14:13 : RCon admin #4: (Global) ADMINS: LWB AND SIERRA | VISIT THE WEBSITE FOR DONATION PERKS | SURVIVALIST-DAYZ.COM
﻿22:24:55 : Player #12 PRISMIC disconnected
﻿22:25:21 : Player #10 Hailstorm disconnected
﻿22:25:54 : Player #4 Winans disconnected
﻿22:27:03 : Player #8 Digupherbones disconnected
﻿22:28:03 : Player #4 Freedom (173.85.71.79:2304) connected
﻿22:28:05 : Player #4 Freedom - GUID: 32974eed83d84dab3c6a86016f1a1d12 (unverified)
﻿22:28:05 : Verified GUID (32974eed83d84dab3c6a86016f1a1d12) of player #4 Freedom
﻿22:28:05 : Player #4 Freedom - Legacy GUID: 97a8c85ef5bf1164b1deba8cac447118
﻿22:28:13 : RCon admin #4: (Global) BASES MUST BE MAINTAINED VIA THE PLOT POLE EVERY 7 DAYS!!
﻿22:28:34 : RCon admin #5 (86.162.43.39:64022) logged in
﻿22:28:36 : Player #4 Freedom disconnected
﻿22:31:01 : Player #4 Szary (5.174.1.211:3302) connected
﻿22:31:02 : Player #4 Szary - GUID: e46edde2fa0a7c578660c1b35dbce6b8 (unverified)
﻿22:31:03 : Verified GUID (e46edde2fa0a7c578660c1b35dbce6b8) of player #4 Szary
﻿22:31:03 : Player #4 Szary - Legacy GUID: ef5f0041414002874b6d2e14292a2370
﻿22:33:13 : RCon admin #4: (Global) NO SQUAD XML: ENGLISH ONLY IN SIDE CHAT: VEHICLES AND GEAR CAN BE STOLEN ANYWHERE
﻿22:44:13 : RCon admin #4: (Global) ADMINS: LWB AND SIERRA | VISIT THE WEBSITE FOR DONATION PERKS | SURVIVALIST-DAYZ.COM
﻿22:48:04 : Player #11 LWB [SD] disconnected
﻿22:58:13 : RCon admin #4: (Global) BASES MUST BE MAINTAINED VIA THE PLOT POLE EVERY 7 DAYS!!
﻿23:01:28 : Player #8 PRISMIC (195.39.192.48:3302) connected
﻿23:01:30 : Player #8 PRISMIC - GUID: c2a9b9e975c3a16bc843e3b1437182ca (unverified)
﻿23:01:30 : Verified GUID (c2a9b9e975c3a16bc843e3b1437182ca) of player #8 PRISMIC
﻿23:01:31 : Player #8 PRISMIC - Legacy GUID: 40b9483bb39fdbf38ebf22597947cee7
﻿23:03:13 : RCon admin #4: (Global) NO SQUAD XML: ENGLISH ONLY IN SIDE CHAT: VEHICLES AND GEAR CAN BE STOLEN ANYWHERE
﻿23:05:51 : Player #10 Asus (91.93.52.199:28602) connected
﻿23:05:52 : Player #10 Asus - GUID: 2bae89db10c19c5664cf4debb2da9391 (unverified)
﻿23:05:53 : Verified GUID (2bae89db10c19c5664cf4debb2da9391) of player #10 Asus
﻿23:05:53 : Player #10 Asus - Legacy GUID: 1ba12a2a3c095b435305952571bc39ec
﻿23:10:52 : Player #11 Hailstorm (93.222.250.59:3302) connected
﻿23:10:53 : Player #11 Hailstorm - GUID: 0692c4867addd58d9591110bb02a6244 (unverified)
﻿23:10:54 : Verified GUID (0692c4867addd58d9591110bb02a6244) of player #11 Hailstorm
﻿23:10:54 : Player #11 Hailstorm - Legacy GUID: e22681f3383bb6138a608cbe99764fe1
﻿23:14:13 : RCon admin #4: (Global) ADMINS: LWB AND SIERRA | VISIT THE WEBSITE FOR DONATION PERKS | SURVIVALIST-DAYZ.COM
﻿23:17:53 : Player #4 Szary disconnected
﻿23:18:02 : Player #11 Hailstorm disconnected
﻿23:19:20 : Player #0 Faldehals disconnected
﻿23:23:56 : Player #9 Fedain disconnected
﻿23:27:39 : Player #5 Pibe disconnected
﻿23:28:13 : RCon admin #4: (Global) BASES MUST BE MAINTAINED VIA THE PLOT POLE EVERY 7 DAYS!!
﻿23:33:13 : RCon admin #4: (Global) NO SQUAD XML: ENGLISH ONLY IN SIDE CHAT: VEHICLES AND GEAR CAN BE STOLEN ANYWHERE
﻿23:43:00 : Player #10 Asus (2bae89db10c19c5664cf4debb2da9391) has been kicked by BattlEye: Client not responding
﻿23:44:13 : RCon admin #4: (Global) ADMINS: LWB AND SIERRA | VISIT THE WEBSITE FOR DONATION PERKS | SURVIVALIST-DAYZ.COM
﻿23:45:30 : Player #0 Ryan (73.228.74.113:3302) connected
﻿23:45:32 : Player #0 Ryan - GUID: 94d09d174e279b17d9c2da18b066a3e8 (unverified)
﻿23:45:32 : Verified GUID (94d09d174e279b17d9c2da18b066a3e8) of player #0 Ryan
﻿23:45:33 : Player #0 Ryan - Legacy GUID: e212a8a546ac6125a97a6bbe46cd26d1
﻿23:46:42 : Player #4 Asus (88.232.246.165:29322) connected
﻿23:46:44 : Player #4 Asus - GUID: 2bae89db10c19c5664cf4debb2da9391 (unverified)
﻿23:46:44 : Player #4 Asus - Legacy GUID: 1ba12a2a3c095b435305952571bc39ec
﻿23:46:44 : Verified GUID (2bae89db10c19c5664cf4debb2da9391) of player #4 Asus
﻿23:51:30 : Player #0 Ryan disconnected
﻿23:56:09 : Player #4 Asus disconnected
﻿23:58:13 : RCon admin #4: (Global) BASES MUST BE MAINTAINED VIA THE PLOT POLE EVERY 7 DAYS!!
