00:00:38 : Player #0 BwBoy (50.110.209.77:3302) connected
﻿00:00:39 : Player #0 BwBoy - GUID: de4e9697bd61a82b4deec5b3684ed82f (unverified)
﻿00:00:40 : Verified GUID (de4e9697bd61a82b4deec5b3684ed82f) of player #0 BwBoy
﻿00:00:40 : Player #0 BwBoy - Legacy GUID: 76a09ceeac457681380838ed896fd338
﻿00:00:57 : Player #14 Arne disconnected
﻿00:01:35 : Player #7 [RD]Chief (174.107.131.7:3302) connected
﻿00:01:36 : Player #7 [RD]Chief - GUID: 7a8e27283ccb3b963379bbf183481a55 (unverified)
﻿00:01:37 : Player #7 [RD]Chief - Legacy GUID: b04b6981e748167c009fccf64b03de4f
﻿00:01:37 : Verified GUID (7a8e27283ccb3b963379bbf183481a55) of player #7 [RD]Chief
﻿00:01:49 : Player #2 RipTiiide|Snow disconnected
﻿00:02:00 : Player #0 BwBoy disconnected
﻿00:02:33 : RCon admin #3: (Global) ADMINS: LWB AND SIERRA | VISIT THE WEBSITE FOR DONATION PERKS | SURVIVALIST-DAYZ.COM
﻿00:03:19 : Player #0 RationalGov (66.168.16.50:3302) connected
﻿00:03:21 : Player #0 RationalGov - GUID: c8a3abee832a0419ac7545b864133858 (unverified)
﻿00:03:21 : Player #0 RationalGov - Legacy GUID: b3918e957c0cb5831a8c3b52dc24455b
﻿00:03:22 : Verified GUID (c8a3abee832a0419ac7545b864133858) of player #0 RationalGov
﻿00:05:26 : Player #2 ZuhanyRozsaXXL (188.6.209.93:3302) connected
﻿00:05:27 : Player #2 ZuhanyRozsaXXL - GUID: d82a0995bd4084e4493399883baab924 (unverified)
﻿00:05:28 : Player #2 ZuhanyRozsaXXL - Legacy GUID: ec30fc297ad6a0f5bbc88b8cfb8398d5
﻿00:05:29 : Verified GUID (d82a0995bd4084e4493399883baab924) of player #2 ZuhanyRozsaXXL
﻿00:05:50 : Player #16 Peaches disconnected
﻿00:10:21 : Player #9 xxtay (76.95.173.143:3302) connected
﻿00:10:23 : Player #9 xxtay - GUID: 2cc3000bb0e8c8dae73cf442d9572552 (unverified)
﻿00:10:23 : Verified GUID (2cc3000bb0e8c8dae73cf442d9572552) of player #9 xxtay
﻿00:10:23 : Player #9 xxtay - Legacy GUID: 1f621d54f7814da012086fd4a917f239
﻿00:10:24 : Player #9 xxtay (2cc3000bb0e8c8dae73cf442d9572552) has been kicked by BattlEye: Global Ban #1f621d
﻿00:11:04 : Player #7 [RD]Chief disconnected
﻿00:11:37 : Player #2 ZuhanyRozsaXXL disconnected
﻿00:12:20 : Player #20 Sebastian disconnected
﻿00:12:21 : Player #19 KuruczDani disconnected
﻿00:16:33 : RCon admin #3: (Global) BASES MUST BE MAINTAINED VIA THE PLOT POLE EVERY 7 DAYS!!
﻿00:21:32 : RCon admin #3: (Global) NO SQUAD XML: ENGLISH ONLY IN SIDE CHAT: VEHICLES AND GEAR CAN BE STOLEN ANYWHERE
﻿00:27:07 : Player #1 [NG2] Jesse disconnected
﻿00:27:33 : RCon admin #3: (Global) Server will restart in 10 minutes
﻿00:27:51 : Player #6 2DIE4 disconnected
﻿00:28:39 : Player #1 BROOKLYN (94.247.59.227:3302) connected
﻿00:28:41 : Player #1 BROOKLYN - GUID: c2ebb0cba24081b238f24ce631c1135f (unverified)
﻿00:28:42 : Player #1 BROOKLYN - Legacy GUID: ac1f8b4f8e9e92534000d89e51f888e1
﻿00:28:42 : Verified GUID (c2ebb0cba24081b238f24ce631c1135f) of player #1 BROOKLYN
﻿00:28:47 : Player #1 BROOKLYN disconnected
﻿00:31:10 : Player #10 justd disconnected
﻿00:31:18 : Player #11 JOKKER disconnected
﻿00:32:33 : RCon admin #3: (Global) ADMINS: LWB AND SIERRA | VISIT THE WEBSITE FOR DONATION PERKS | SURVIVALIST-DAYZ.COM
﻿00:32:33 : RCon admin #3: (Global) Server will restart in 5 minutes: Prepare to Logout
﻿00:35:33 : RCon admin #3: (Global) The Server is about to restart. LOG OUT NOW OR YOUR GEAR MAY BE LOST!!
﻿00:35:54 : Player #13 Burpman777 disconnected
﻿00:36:00 : Player #4 Turmoil disconnected
﻿00:36:13 : Player #0 RationalGov disconnected
﻿00:36:19 : Player #21 Twinphaser disconnected
﻿00:36:20 : Player #5 II TheElite II disconnected
﻿00:37:02 : RCon admin #3: (Global) YOU SHOULD BE LOGGED OUT BY NOW! IF YOU ARENT YOU WILL BE AUTO KICKED AND YOUR GEAR MAY BE LOST! NO REFUNDS!
﻿00:38:06 : Rcon client logging in
﻿00:38:06 : RCon admin #4 (78.31.67.100:61994) logged in
﻿00:38:37 : Player #0 Burpman777 (75.128.214.20:3302) connected
﻿00:38:39 : Player #0 Burpman777 - GUID: dea50a789f8fea5254dcd5e895a8b7b8 (unverified)
﻿00:38:39 : Verified GUID (dea50a789f8fea5254dcd5e895a8b7b8) of player #0 Burpman777
﻿00:38:39 : Player #0 Burpman777 - Legacy GUID: 99a3960865b12aa2e627a18094dadc96
﻿00:41:00 : Player #1 Pling (84.104.43.13:3302) connected
﻿00:41:01 : Player #1 Pling - GUID: d24612133aa37a6f212a9cc825055260 (unverified)
﻿00:41:01 : Verified GUID (d24612133aa37a6f212a9cc825055260) of player #1 Pling
﻿00:41:02 : Player #1 Pling - Legacy GUID: 843299db9414780051b161c875d78fa0
﻿00:41:10 : Player #2 Turmoil (85.164.44.228:3302) connected
﻿00:41:12 : Player #2 Turmoil - GUID: 078d3175e22fad797d9a152aaaa83806 (unverified)
﻿00:41:12 : Verified GUID (078d3175e22fad797d9a152aaaa83806) of player #2 Turmoil
﻿00:41:12 : Player #2 Turmoil - Legacy GUID: 153330a3c1eb9ccf7092e322ab07ebb0
﻿00:41:23 : Player #3 Neoaza (84.104.43.13:61005) connected
﻿00:41:24 : Player #3 Neoaza - GUID: 2992403d269059695cc264461c581892 (unverified)
﻿00:41:25 : Verified GUID (2992403d269059695cc264461c581892) of player #3 Neoaza
﻿00:41:25 : Player #3 Neoaza - Legacy GUID: e0a3f54c66bdba7d2e2327070af7195b
﻿00:42:03 : Player #4 II TheElite II (83.86.22.79:3302) connected
﻿00:42:04 : Player #4 II TheElite II - GUID: e0d29edb33378bbc6d6506b5f581dd6a (unverified)
﻿00:42:04 : Verified GUID (e0d29edb33378bbc6d6506b5f581dd6a) of player #4 II TheElite II
﻿00:42:05 : Player #4 II TheElite II - Legacy GUID: 0683f2e6246fca2d44581d59ce516fea
﻿00:43:13 : Player #5 RationalGov (66.168.16.50:3302) connected
﻿00:43:14 : Player #5 RationalGov - GUID: c8a3abee832a0419ac7545b864133858 (unverified)
﻿00:43:15 : Verified GUID (c8a3abee832a0419ac7545b864133858) of player #5 RationalGov
﻿00:43:15 : Player #5 RationalGov - Legacy GUID: b3918e957c0cb5831a8c3b52dc24455b
﻿00:45:25 : Player #6 Twinphaser (84.104.43.13:61062) connected
﻿00:45:26 : Player #6 Twinphaser - GUID: b73a6704ca52404933e579c8c26f442c (unverified)
﻿00:45:26 : Verified GUID (b73a6704ca52404933e579c8c26f442c) of player #6 Twinphaser
﻿00:45:27 : Player #6 Twinphaser - Legacy GUID: b044b17ac15d6e15120969997a5e6e53
﻿00:47:45 : Player #7 [NG2] Jesse (145.133.183.236:3302) connected
﻿00:47:46 : Player #7 [NG2] Jesse - GUID: 1f7a31a6c97ae9822a9e4dcb3de0e9a0 (unverified)
﻿00:47:47 : Verified GUID (1f7a31a6c97ae9822a9e4dcb3de0e9a0) of player #7 [NG2] Jesse
﻿00:47:47 : Player #7 [NG2] Jesse - Legacy GUID: aa29d15133c89f949e71190836ad19cb
﻿00:50:14 : Player #7 [NG2] Jesse disconnected
﻿00:50:52 : Player #7 [NG2] Jesse (145.133.183.236:3302) connected
﻿00:50:53 : Player #7 [NG2] Jesse - GUID: 1f7a31a6c97ae9822a9e4dcb3de0e9a0 (unverified)
﻿00:50:54 : Verified GUID (1f7a31a6c97ae9822a9e4dcb3de0e9a0) of player #7 [NG2] Jesse
﻿00:50:54 : Player #7 [NG2] Jesse - Legacy GUID: aa29d15133c89f949e71190836ad19cb
﻿00:52:06 : RCon admin #4: (Global) NO SQUAD XML: ENGLISH ONLY IN SIDE CHAT: VEHICLES AND GEAR CAN BE STOLEN ANYWHERE
﻿00:55:05 : Player #8 Franticcbeezy (73.146.105.131:3302) connected
﻿00:55:07 : Player #8 Franticcbeezy - GUID: a4e6ed335e66091c01075db4d61b16f7 (unverified)
﻿00:55:07 : Player #8 Franticcbeezy - Legacy GUID: cffc7592583313f9a66851cb9f8962b3
﻿00:55:07 : Verified GUID (a4e6ed335e66091c01075db4d61b16f7) of player #8 Franticcbeezy
﻿01:02:13 : Player #4 II TheElite II disconnected
﻿01:03:06 : RCon admin #4: (Global) ADMINS: LWB AND SIERRA | VISIT THE WEBSITE FOR DONATION PERKS | SURVIVALIST-DAYZ.COM
﻿01:14:48 : Player #8 Franticcbeezy disconnected
﻿01:17:07 : RCon admin #4: (Global) BASES MUST BE MAINTAINED VIA THE PLOT POLE EVERY 7 DAYS!!
﻿01:22:07 : RCon admin #4: (Global) NO SQUAD XML: ENGLISH ONLY IN SIDE CHAT: VEHICLES AND GEAR CAN BE STOLEN ANYWHERE
﻿01:26:10 : Player #2 Turmoil disconnected
﻿01:29:14 : Player #3 Neoaza disconnected
﻿01:33:06 : RCon admin #4: (Global) ADMINS: LWB AND SIERRA | VISIT THE WEBSITE FOR DONATION PERKS | SURVIVALIST-DAYZ.COM
﻿01:44:38 : Player #2 Tomahawwk (73.228.74.113:3302) connected
﻿01:45:10 : Player #2 Tomahawwk (-) has been kicked by BattlEye: Client not responding
﻿01:45:19 : Player #2 Tomahawwk (73.228.74.113:3302) connected
﻿01:45:22 : Player #2 Tomahawwk disconnected
﻿01:45:51 : Player #2 Tomahawwk (73.228.74.113:3302) connected
﻿01:45:53 : Player #2 Tomahawwk disconnected
﻿01:47:06 : Player #6 Twinphaser disconnected
﻿01:47:06 : RCon admin #4: (Global) BASES MUST BE MAINTAINED VIA THE PLOT POLE EVERY 7 DAYS!!
﻿01:47:28 : Player #1 Pling disconnected
﻿01:48:37 : Player #1 Sir Dickens (71.12.235.85:3302) connected
﻿01:48:38 : Player #1 Sir Dickens - GUID: cf6b5831febcb97a746fd66faf25c692 (unverified)
﻿01:48:39 : Verified GUID (cf6b5831febcb97a746fd66faf25c692) of player #1 Sir Dickens
﻿01:48:39 : Player #1 Sir Dickens - Legacy GUID: c303d14777d57109c753e9f551b41e93
﻿01:49:30 : Player #2 Franticcbeezy (73.146.105.131:3302) connected
﻿01:49:32 : Player #2 Franticcbeezy - GUID: a4e6ed335e66091c01075db4d61b16f7 (unverified)
﻿01:49:32 : Player #2 Franticcbeezy - Legacy GUID: cffc7592583313f9a66851cb9f8962b3
﻿01:49:32 : Verified GUID (a4e6ed335e66091c01075db4d61b16f7) of player #2 Franticcbeezy
﻿01:50:38 : Player #2 Franticcbeezy disconnected
﻿01:50:59 : Player #1 Sir Dickens disconnected
﻿01:51:15 : Player #1 Franticcbeezy (73.146.105.131:3302) connected
﻿01:51:17 : Player #1 Franticcbeezy - GUID: a4e6ed335e66091c01075db4d61b16f7 (unverified)
﻿01:51:17 : Verified GUID (a4e6ed335e66091c01075db4d61b16f7) of player #1 Franticcbeezy
﻿01:51:17 : Player #1 Franticcbeezy - Legacy GUID: cffc7592583313f9a66851cb9f8962b3
﻿01:52:06 : RCon admin #4: (Global) NO SQUAD XML: ENGLISH ONLY IN SIDE CHAT: VEHICLES AND GEAR CAN BE STOLEN ANYWHERE
﻿01:52:15 : Player #2 Sir Dickens (71.12.235.85:3302) connected
﻿01:52:17 : Player #2 Sir Dickens - GUID: cf6b5831febcb97a746fd66faf25c692 (unverified)
﻿01:52:18 : Player #2 Sir Dickens - Legacy GUID: c303d14777d57109c753e9f551b41e93
﻿01:52:21 : Verified GUID (cf6b5831febcb97a746fd66faf25c692) of player #2 Sir Dickens
﻿01:52:37 : Player #3 Tomahawwk (73.228.74.113:3302) connected
﻿01:52:39 : Player #3 Tomahawwk disconnected
﻿01:53:15 : Player #3 Tomahawwk (73.228.74.113:3302) connected
﻿01:53:17 : Player #3 Tomahawwk disconnected
﻿01:58:41 : Player #2 Sir Dickens (cf6b5831febcb97a746fd66faf25c692) has been kicked by BattlEye: Ping too high (453)
﻿02:01:30 : Player #2 Tomahawwk (73.228.74.113:3302) connected
﻿02:01:32 : Player #2 Tomahawwk disconnected
﻿02:02:13 : Player #2 Sir Dickens (71.12.235.85:3302) connected
﻿02:02:14 : Player #2 Sir Dickens - GUID: cf6b5831febcb97a746fd66faf25c692 (unverified)
﻿02:02:15 : Player #2 Sir Dickens - Legacy GUID: c303d14777d57109c753e9f551b41e93
﻿02:02:16 : Verified GUID (cf6b5831febcb97a746fd66faf25c692) of player #2 Sir Dickens
﻿02:02:54 : Player #3 Tomahawwk (73.228.74.113:3302) connected
﻿02:02:56 : Player #3 Tomahawwk disconnected
﻿02:03:02 : Player #2 Sir Dickens (cf6b5831febcb97a746fd66faf25c692) has been kicked by BattlEye: Ping too high (328)
﻿02:03:06 : RCon admin #4: (Global) ADMINS: LWB AND SIERRA | VISIT THE WEBSITE FOR DONATION PERKS | SURVIVALIST-DAYZ.COM
﻿02:04:45 : Player #7 [NG2] Jesse disconnected
﻿02:05:28 : Player #1 Franticcbeezy disconnected
﻿02:17:06 : RCon admin #4: (Global) BASES MUST BE MAINTAINED VIA THE PLOT POLE EVERY 7 DAYS!!
﻿02:20:20 : Player #1 Tomahawwk (73.228.74.113:3302) connected
﻿02:20:22 : Player #1 Tomahawwk disconnected
﻿02:22:01 : Player #1 Ryan (73.228.74.113:1067) connected
﻿02:22:03 : Player #1 Ryan - GUID: 94d09d174e279b17d9c2da18b066a3e8 (unverified)
﻿02:22:03 : Player #1 Ryan - Legacy GUID: e212a8a546ac6125a97a6bbe46cd26d1
﻿02:22:03 : Verified GUID (94d09d174e279b17d9c2da18b066a3e8) of player #1 Ryan
﻿02:22:06 : RCon admin #4: (Global) NO SQUAD XML: ENGLISH ONLY IN SIDE CHAT: VEHICLES AND GEAR CAN BE STOLEN ANYWHERE
﻿02:22:53 : Player #2 Tomahawwk (73.228.74.113:3302) connected
﻿02:22:55 : Player #2 Tomahawwk disconnected
﻿02:24:36 : Player #2 Tomahawwk (73.228.74.113:3302) connected
﻿02:24:38 : Player #2 Tomahawwk disconnected
﻿02:27:38 : Player #2 Tomahawwk (73.228.74.113:3302) connected
﻿02:27:39 : Player #2 Tomahawwk disconnected
﻿02:29:13 : Player #2 Tomahawwk (73.228.74.113:3302) connected
﻿02:29:15 : Player #2 Tomahawwk disconnected
﻿02:33:06 : RCon admin #4: (Global) ADMINS: LWB AND SIERRA | VISIT THE WEBSITE FOR DONATION PERKS | SURVIVALIST-DAYZ.COM
﻿02:36:59 : Player #2 Tomahawwk (73.228.74.113:3302) connected
﻿02:37:01 : Player #2 Tomahawwk - Legacy GUID: cd64818205c717b6e25f802d6b891461
﻿02:37:01 : Player #2 Tomahawwk - GUID: 4df3205ce40699e4ae1dd7e70aebdfa4 (unverified)
﻿02:37:02 : Verified GUID (4df3205ce40699e4ae1dd7e70aebdfa4) of player #2 Tomahawwk
﻿02:47:06 : RCon admin #4: (Global) BASES MUST BE MAINTAINED VIA THE PLOT POLE EVERY 7 DAYS!!
﻿02:52:07 : RCon admin #4: (Global) NO SQUAD XML: ENGLISH ONLY IN SIDE CHAT: VEHICLES AND GEAR CAN BE STOLEN ANYWHERE
﻿02:58:06 : RCon admin #4: (Global) Server will restart in 10 minutes
﻿03:00:48 : Player #3 Caleb (75.128.214.20:2304) connected
﻿03:00:50 : Player #3 Caleb disconnected
﻿03:03:06 : RCon admin #4: (Global) ADMINS: LWB AND SIERRA | VISIT THE WEBSITE FOR DONATION PERKS | SURVIVALIST-DAYZ.COM
﻿03:03:07 : RCon admin #4: (Global) Server will restart in 5 minutes: Prepare to Logout
﻿03:05:06 : Player #1 Ryan disconnected
﻿03:05:23 : Player #2 Tomahawwk disconnected
﻿03:06:06 : RCon admin #4: (Global) The Server is about to restart. LOG OUT NOW OR YOUR GEAR MAY BE LOST!!
﻿03:06:37 : Player #0 Burpman777 disconnected
﻿03:06:55 : Player #5 RationalGov disconnected
﻿03:07:36 : RCon admin #4: (Global) YOU SHOULD BE LOGGED OUT BY NOW! IF YOU ARENT YOU WILL BE AUTO KICKED AND YOUR GEAR MAY BE LOST! NO REFUNDS!
﻿03:08:40 : Rcon client logging in
﻿03:08:40 : RCon admin #4 (78.31.67.100:51967) logged in
﻿03:09:30 : Player #0 Burpman777 (75.128.214.20:3302) connected
﻿03:09:31 : Player #0 Burpman777 - GUID: dea50a789f8fea5254dcd5e895a8b7b8 (unverified)
﻿03:09:32 : Player #0 Burpman777 - Legacy GUID: 99a3960865b12aa2e627a18094dadc96
﻿03:09:32 : Verified GUID (dea50a789f8fea5254dcd5e895a8b7b8) of player #0 Burpman777
﻿03:10:18 : Player #1 Ryan (73.228.74.113:1067) connected
﻿03:10:20 : Player #1 Ryan - GUID: 94d09d174e279b17d9c2da18b066a3e8 (unverified)
﻿03:10:20 : Verified GUID (94d09d174e279b17d9c2da18b066a3e8) of player #1 Ryan
﻿03:10:22 : Player #1 Ryan - Legacy GUID: e212a8a546ac6125a97a6bbe46cd26d1
﻿03:13:08 : Player #2 Tomahawwk (73.228.74.113:3302) connected
﻿03:13:10 : Player #2 Tomahawwk - GUID: 4df3205ce40699e4ae1dd7e70aebdfa4 (unverified)
﻿03:13:10 : Player #2 Tomahawwk - Legacy GUID: cd64818205c717b6e25f802d6b891461
﻿03:13:10 : Verified GUID (4df3205ce40699e4ae1dd7e70aebdfa4) of player #2 Tomahawwk
﻿03:17:44 : Player #3 RationalGov (66.168.16.50:3302) connected
﻿03:17:45 : Player #3 RationalGov - GUID: c8a3abee832a0419ac7545b864133858 (unverified)
﻿03:17:46 : Verified GUID (c8a3abee832a0419ac7545b864133858) of player #3 RationalGov
﻿03:17:46 : Player #3 RationalGov - Legacy GUID: b3918e957c0cb5831a8c3b52dc24455b
﻿03:22:40 : RCon admin #4: (Global) NO SQUAD XML: ENGLISH ONLY IN SIDE CHAT: VEHICLES AND GEAR CAN BE STOLEN ANYWHERE
﻿03:32:13 : Player #1 Ryan disconnected
﻿03:33:06 : Player #1 Ryan (73.228.74.113:1067) connected
﻿03:33:08 : Player #1 Ryan - GUID: 94d09d174e279b17d9c2da18b066a3e8 (unverified)
﻿03:33:08 : Player #1 Ryan - Legacy GUID: e212a8a546ac6125a97a6bbe46cd26d1
﻿03:33:09 : Verified GUID (94d09d174e279b17d9c2da18b066a3e8) of player #1 Ryan
﻿03:33:40 : RCon admin #4: (Global) ADMINS: LWB AND SIERRA | VISIT THE WEBSITE FOR DONATION PERKS | SURVIVALIST-DAYZ.COM
﻿03:37:16 : Player #4 Boosted Outlaw (67.199.166.242:3302) connected
﻿03:37:17 : Player #4 Boosted Outlaw - GUID: 939696351dc0920212559d46fe5f594a (unverified)
﻿03:37:18 : Verified GUID (939696351dc0920212559d46fe5f594a) of player #4 Boosted Outlaw
﻿03:37:18 : Player #4 Boosted Outlaw - Legacy GUID: 86ebaa8a4625fccdb3da3708caa5a915
﻿03:47:40 : RCon admin #4: (Global) BASES MUST BE MAINTAINED VIA THE PLOT POLE EVERY 7 DAYS!!
﻿03:52:40 : RCon admin #4: (Global) NO SQUAD XML: ENGLISH ONLY IN SIDE CHAT: VEHICLES AND GEAR CAN BE STOLEN ANYWHERE
﻿04:00:50 : Player #5 Freedom (173.85.71.79:2304) connected
﻿04:00:51 : Player #5 Freedom - GUID: 32974eed83d84dab3c6a86016f1a1d12 (unverified)
﻿04:00:52 : Verified GUID (32974eed83d84dab3c6a86016f1a1d12) of player #5 Freedom
﻿04:00:52 : Player #5 Freedom - Legacy GUID: 97a8c85ef5bf1164b1deba8cac447118
﻿04:03:40 : RCon admin #4: (Global) ADMINS: LWB AND SIERRA | VISIT THE WEBSITE FOR DONATION PERKS | SURVIVALIST-DAYZ.COM
﻿04:17:40 : RCon admin #4: (Global) BASES MUST BE MAINTAINED VIA THE PLOT POLE EVERY 7 DAYS!!
﻿04:22:40 : RCon admin #4: (Global) NO SQUAD XML: ENGLISH ONLY IN SIDE CHAT: VEHICLES AND GEAR CAN BE STOLEN ANYWHERE
﻿04:33:40 : RCon admin #4: (Global) ADMINS: LWB AND SIERRA | VISIT THE WEBSITE FOR DONATION PERKS | SURVIVALIST-DAYZ.COM
﻿04:38:25 : Player #3 RationalGov disconnected
﻿04:47:40 : RCon admin #4: (Global) BASES MUST BE MAINTAINED VIA THE PLOT POLE EVERY 7 DAYS!!
﻿04:51:54 : Player #0 Burpman777 disconnected
﻿04:52:40 : RCon admin #4: (Global) NO SQUAD XML: ENGLISH ONLY IN SIDE CHAT: VEHICLES AND GEAR CAN BE STOLEN ANYWHERE
﻿05:03:40 : RCon admin #4: (Global) ADMINS: LWB AND SIERRA | VISIT THE WEBSITE FOR DONATION PERKS | SURVIVALIST-DAYZ.COM
﻿05:07:57 : Player #2 Tomahawwk disconnected
﻿05:08:25 : Player #0 Tomahawwk (73.228.74.113:3302) connected
﻿05:08:28 : Player #0 Tomahawwk - Legacy GUID: cd64818205c717b6e25f802d6b891461
﻿05:08:28 : Player #0 Tomahawwk - GUID: 4df3205ce40699e4ae1dd7e70aebdfa4 (unverified)
﻿05:08:28 : Verified GUID (4df3205ce40699e4ae1dd7e70aebdfa4) of player #0 Tomahawwk
﻿05:17:40 : RCon admin #4: (Global) BASES MUST BE MAINTAINED VIA THE PLOT POLE EVERY 7 DAYS!!
﻿05:22:40 : RCon admin #4: (Global) NO SQUAD XML: ENGLISH ONLY IN SIDE CHAT: VEHICLES AND GEAR CAN BE STOLEN ANYWHERE
﻿05:28:40 : RCon admin #4: (Global) Server will restart in 10 minutes
﻿05:33:40 : RCon admin #4: (Global) ADMINS: LWB AND SIERRA | VISIT THE WEBSITE FOR DONATION PERKS | SURVIVALIST-DAYZ.COM
﻿05:33:41 : RCon admin #4: (Global) Server will restart in 5 minutes: Prepare to Logout
﻿05:34:39 : Player #5 Freedom disconnected
﻿05:36:40 : RCon admin #4: (Global) The Server is about to restart. LOG OUT NOW OR YOUR GEAR MAY BE LOST!!
﻿05:37:19 : Player #4 Boosted Outlaw disconnected
﻿05:37:39 : Player #0 Tomahawwk disconnected
﻿05:37:39 : Player #1 Ryan disconnected
﻿05:38:10 : RCon admin #4: (Global) YOU SHOULD BE LOGGED OUT BY NOW! IF YOU ARENT YOU WILL BE AUTO KICKED AND YOUR GEAR MAY BE LOST! NO REFUNDS!
﻿05:39:14 : Rcon client logging in
﻿05:39:14 : RCon admin #3 (78.31.67.100:53654) logged in
﻿05:39:24 : RCon admin #4 (86.162.43.39:56528) logged in
﻿05:39:49 : Player #0 Tomahawwk (73.228.74.113:3302) connected
﻿05:39:50 : Player #0 Tomahawwk - GUID: 4df3205ce40699e4ae1dd7e70aebdfa4 (unverified)
﻿05:39:51 : Verified GUID (4df3205ce40699e4ae1dd7e70aebdfa4) of player #0 Tomahawwk
﻿05:39:51 : Player #0 Tomahawwk - Legacy GUID: cd64818205c717b6e25f802d6b891461
﻿05:39:57 : Player #1 Ryan (73.228.74.113:1067) connected
﻿05:39:59 : Player #1 Ryan - Legacy GUID: e212a8a546ac6125a97a6bbe46cd26d1
﻿05:40:00 : Player #1 Ryan - GUID: 94d09d174e279b17d9c2da18b066a3e8 (unverified)
﻿05:40:06 : Verified GUID (94d09d174e279b17d9c2da18b066a3e8) of player #1 Ryan
﻿05:40:31 : Player #0 Tomahawwk disconnected
﻿05:40:57 : Player #0 Tomahawwk (73.228.74.113:3302) connected
﻿05:40:58 : Player #0 Tomahawwk - GUID: 4df3205ce40699e4ae1dd7e70aebdfa4 (unverified)
﻿05:40:59 : Player #0 Tomahawwk - Legacy GUID: cd64818205c717b6e25f802d6b891461
﻿05:41:00 : Player #0 Tomahawwk disconnected
﻿05:41:23 : Player #1 Ryan (94d09d174e279b17d9c2da18b066a3e8) has been kicked by BattlEye: PublicVariable Restriction #25
﻿05:42:12 : Player #0 Tomahawwk (73.228.74.113:3302) connected
﻿05:42:13 : Player #0 Tomahawwk - GUID: 4df3205ce40699e4ae1dd7e70aebdfa4 (unverified)
﻿05:42:14 : Verified GUID (4df3205ce40699e4ae1dd7e70aebdfa4) of player #0 Tomahawwk
﻿05:42:14 : Player #0 Tomahawwk - Legacy GUID: cd64818205c717b6e25f802d6b891461
﻿05:42:44 : Player #1 Freedom (173.85.71.79:2304) connected
﻿05:42:45 : Player #1 Freedom - GUID: 32974eed83d84dab3c6a86016f1a1d12 (unverified)
﻿05:42:46 : Verified GUID (32974eed83d84dab3c6a86016f1a1d12) of player #1 Freedom
﻿05:42:46 : Player #1 Freedom - Legacy GUID: 97a8c85ef5bf1164b1deba8cac447118
﻿05:46:00 : Player #2 Boosted Outlaw (67.199.166.242:3302) connected
﻿05:46:01 : Player #2 Boosted Outlaw - GUID: 939696351dc0920212559d46fe5f594a (unverified)
﻿05:46:02 : Verified GUID (939696351dc0920212559d46fe5f594a) of player #2 Boosted Outlaw
﻿05:46:02 : Player #2 Boosted Outlaw - Legacy GUID: 86ebaa8a4625fccdb3da3708caa5a915
﻿05:50:26 : Player #3 Ryan (73.228.74.113:1067) connected
﻿05:50:27 : Player #3 Ryan - GUID: 94d09d174e279b17d9c2da18b066a3e8 (unverified)
﻿05:50:28 : Player #3 Ryan - Legacy GUID: e212a8a546ac6125a97a6bbe46cd26d1
﻿05:50:28 : Verified GUID (94d09d174e279b17d9c2da18b066a3e8) of player #3 Ryan
﻿05:53:14 : RCon admin #3: (Global) NO SQUAD XML: ENGLISH ONLY IN SIDE CHAT: VEHICLES AND GEAR CAN BE STOLEN ANYWHERE
﻿06:04:14 : RCon admin #3: (Global) ADMINS: LWB AND SIERRA | VISIT THE WEBSITE FOR DONATION PERKS | SURVIVALIST-DAYZ.COM
﻿06:18:14 : RCon admin #3: (Global) BASES MUST BE MAINTAINED VIA THE PLOT POLE EVERY 7 DAYS!!
﻿06:23:14 : RCon admin #3: (Global) NO SQUAD XML: ENGLISH ONLY IN SIDE CHAT: VEHICLES AND GEAR CAN BE STOLEN ANYWHERE
﻿06:34:14 : RCon admin #3: (Global) ADMINS: LWB AND SIERRA | VISIT THE WEBSITE FOR DONATION PERKS | SURVIVALIST-DAYZ.COM
﻿06:48:14 : RCon admin #3: (Global) BASES MUST BE MAINTAINED VIA THE PLOT POLE EVERY 7 DAYS!!
﻿06:53:14 : RCon admin #3: (Global) NO SQUAD XML: ENGLISH ONLY IN SIDE CHAT: VEHICLES AND GEAR CAN BE STOLEN ANYWHERE
﻿07:04:14 : RCon admin #3: (Global) ADMINS: LWB AND SIERRA | VISIT THE WEBSITE FOR DONATION PERKS | SURVIVALIST-DAYZ.COM
﻿07:18:14 : RCon admin #3: (Global) BASES MUST BE MAINTAINED VIA THE PLOT POLE EVERY 7 DAYS!!
﻿07:23:14 : RCon admin #3: (Global) NO SQUAD XML: ENGLISH ONLY IN SIDE CHAT: VEHICLES AND GEAR CAN BE STOLEN ANYWHERE
﻿07:34:13 : Player #0 Tomahawwk disconnected
﻿07:34:14 : RCon admin #3: (Global) ADMINS: LWB AND SIERRA | VISIT THE WEBSITE FOR DONATION PERKS | SURVIVALIST-DAYZ.COM
﻿07:48:14 : RCon admin #3: (Global) BASES MUST BE MAINTAINED VIA THE PLOT POLE EVERY 7 DAYS!!
﻿07:53:14 : RCon admin #3: (Global) NO SQUAD XML: ENGLISH ONLY IN SIDE CHAT: VEHICLES AND GEAR CAN BE STOLEN ANYWHERE
﻿07:59:14 : RCon admin #3: (Global) Server will restart in 10 minutes
﻿08:04:14 : RCon admin #3: (Global) ADMINS: LWB AND SIERRA | VISIT THE WEBSITE FOR DONATION PERKS | SURVIVALIST-DAYZ.COM
﻿08:04:15 : RCon admin #3: (Global) Server will restart in 5 minutes: Prepare to Logout
﻿08:06:39 : Player #3 Ryan disconnected
﻿08:06:47 : Player #2 Boosted Outlaw disconnected
﻿08:06:54 : Player #1 Freedom disconnected
﻿08:07:14 : RCon admin #3: (Global) The Server is about to restart. LOG OUT NOW OR YOUR GEAR MAY BE LOST!!
﻿08:08:44 : RCon admin #3: (Global) YOU SHOULD BE LOGGED OUT BY NOW! IF YOU ARENT YOU WILL BE AUTO KICKED AND YOUR GEAR MAY BE LOST! NO REFUNDS!
﻿08:09:48 : Rcon client logging in
﻿08:09:48 : RCon admin #4 (78.31.67.100:60159) logged in
﻿08:13:46 : Player #0 Freedom (173.85.71.79:2304) connected
﻿08:13:47 : Player #0 Freedom - GUID: 32974eed83d84dab3c6a86016f1a1d12 (unverified)
﻿08:13:48 : Verified GUID (32974eed83d84dab3c6a86016f1a1d12) of player #0 Freedom
﻿08:13:48 : Player #0 Freedom - Legacy GUID: 97a8c85ef5bf1164b1deba8cac447118
﻿08:23:48 : RCon admin #4: (Global) NO SQUAD XML: ENGLISH ONLY IN SIDE CHAT: VEHICLES AND GEAR CAN BE STOLEN ANYWHERE
﻿08:34:48 : RCon admin #4: (Global) ADMINS: LWB AND SIERRA | VISIT THE WEBSITE FOR DONATION PERKS | SURVIVALIST-DAYZ.COM
﻿08:42:22 : Player #1 PC (176.24.60.12:3302) connected
﻿08:42:23 : Player #1 PC disconnected
﻿08:48:33 : Player #1 2DIE4 (84.130.106.88:3302) connected
﻿08:48:34 : Player #1 2DIE4 - GUID: 97b8e8b63e4439b2b62c99dde2b8b8a1 (unverified)
﻿08:48:34 : Verified GUID (97b8e8b63e4439b2b62c99dde2b8b8a1) of player #1 2DIE4
﻿08:48:35 : Player #1 2DIE4 - Legacy GUID: e56dc54c0a6d92faa8a284d7c54bffab
﻿08:48:48 : RCon admin #4: (Global) BASES MUST BE MAINTAINED VIA THE PLOT POLE EVERY 7 DAYS!!
﻿08:53:48 : RCon admin #4: (Global) NO SQUAD XML: ENGLISH ONLY IN SIDE CHAT: VEHICLES AND GEAR CAN BE STOLEN ANYWHERE
﻿08:57:49 : Player #2 Laurence Gommersil (91.84.65.136:3302) connected
﻿08:57:50 : Player #2 Laurence Gommersil - GUID: f1f45f96a2cdd71b21097c87e6cef51a (unverified)
﻿08:57:50 : Verified GUID (f1f45f96a2cdd71b21097c87e6cef51a) of player #2 Laurence Gommersil
﻿08:57:51 : Player #2 Laurence Gommersil - Legacy GUID: 968c41ae2194f0cd7392781b4dee481b
﻿09:04:48 : RCon admin #4: (Global) ADMINS: LWB AND SIERRA | VISIT THE WEBSITE FOR DONATION PERKS | SURVIVALIST-DAYZ.COM
﻿09:06:37 : Player #1 2DIE4 disconnected
﻿09:18:48 : RCon admin #4: (Global) BASES MUST BE MAINTAINED VIA THE PLOT POLE EVERY 7 DAYS!!
﻿09:23:48 : RCon admin #4: (Global) NO SQUAD XML: ENGLISH ONLY IN SIDE CHAT: VEHICLES AND GEAR CAN BE STOLEN ANYWHERE
﻿09:34:48 : RCon admin #4: (Global) ADMINS: LWB AND SIERRA | VISIT THE WEBSITE FOR DONATION PERKS | SURVIVALIST-DAYZ.COM
﻿09:48:31 : Player #2 Laurence Gommersil disconnected
﻿09:48:48 : RCon admin #4: (Global) BASES MUST BE MAINTAINED VIA THE PLOT POLE EVERY 7 DAYS!!
﻿09:53:48 : RCon admin #4: (Global) NO SQUAD XML: ENGLISH ONLY IN SIDE CHAT: VEHICLES AND GEAR CAN BE STOLEN ANYWHERE
﻿09:55:54 : Player #1 Mario (188.26.79.21:3302) connected
﻿09:55:55 : Player #1 Mario - GUID: 1daf4deee2cb2cdbf48266893826a6d7 (unverified)
﻿09:55:55 : Verified GUID (1daf4deee2cb2cdbf48266893826a6d7) of player #1 Mario
﻿09:55:56 : Player #1 Mario - Legacy GUID: 19c7c6a4420f22d99240bb7c03666bf1
﻿09:56:35 : Player #2 Ovidiu (92.114.52.92:3302) connected
﻿09:56:36 : Player #2 Ovidiu - GUID: 7df969c92ad86496670af3d3105fa7f9 (unverified)
﻿09:56:37 : Player #2 Ovidiu - Legacy GUID: ee925f9f455bcdecc7328b5bb06d44c0
﻿09:56:43 : Player #2 Ovidiu disconnected
﻿09:58:20 : Player #2 Ovidiu (92.114.52.92:3302) connected
﻿09:58:21 : Player #2 Ovidiu - GUID: 7df969c92ad86496670af3d3105fa7f9 (unverified)
﻿09:58:22 : Verified GUID (7df969c92ad86496670af3d3105fa7f9) of player #2 Ovidiu
﻿09:58:22 : Player #2 Ovidiu - Legacy GUID: ee925f9f455bcdecc7328b5bb06d44c0
﻿10:04:48 : RCon admin #4: (Global) ADMINS: LWB AND SIERRA | VISIT THE WEBSITE FOR DONATION PERKS | SURVIVALIST-DAYZ.COM
﻿10:12:53 : Player #3 -SDS-Ban (91.137.32.195:3302) connected
﻿10:12:54 : Player #3 -SDS-Ban - GUID: 1bda1d7f7f9ae72702de431a4bc55b4a (unverified)
﻿10:12:55 : Verified GUID (1bda1d7f7f9ae72702de431a4bc55b4a) of player #3 -SDS-Ban
﻿10:12:55 : Player #3 -SDS-Ban - Legacy GUID: 38e5e3e9b10fb9c9d083aef35e291fde
﻿10:18:48 : RCon admin #4: (Global) BASES MUST BE MAINTAINED VIA THE PLOT POLE EVERY 7 DAYS!!
﻿10:23:12 : RCon admin #5 (86.162.43.39:62973) logged in
﻿10:23:48 : RCon admin #4: (Global) NO SQUAD XML: ENGLISH ONLY IN SIDE CHAT: VEHICLES AND GEAR CAN BE STOLEN ANYWHERE
﻿10:29:48 : RCon admin #4: (Global) Server will restart in 10 minutes
﻿10:33:07 : Player #0 Freedom disconnected
﻿10:34:48 : RCon admin #4: (Global) ADMINS: LWB AND SIERRA | VISIT THE WEBSITE FOR DONATION PERKS | SURVIVALIST-DAYZ.COM
﻿10:34:49 : RCon admin #4: (Global) Server will restart in 5 minutes: Prepare to Logout
﻿10:37:02 : Player #2 Ovidiu disconnected
﻿10:37:39 : Player #1 Mario disconnected
﻿10:37:48 : RCon admin #4: (Global) The Server is about to restart. LOG OUT NOW OR YOUR GEAR MAY BE LOST!!
﻿10:38:49 : Player #3 -SDS-Ban disconnected
﻿10:39:18 : RCon admin #4: (Global) YOU SHOULD BE LOGGED OUT BY NOW! IF YOU ARENT YOU WILL BE AUTO KICKED AND YOUR GEAR MAY BE LOST! NO REFUNDS!
﻿10:40:22 : Rcon client logging in
﻿10:40:22 : RCon admin #4 (78.31.67.100:52309) logged in
﻿10:42:25 : Player #0 Freedom (173.85.71.79:2304) connected
﻿10:42:26 : Player #0 Freedom - GUID: 32974eed83d84dab3c6a86016f1a1d12 (unverified)
﻿10:42:27 : Player #0 Freedom - Legacy GUID: 97a8c85ef5bf1164b1deba8cac447118
﻿10:42:27 : Verified GUID (32974eed83d84dab3c6a86016f1a1d12) of player #0 Freedom
﻿10:42:51 : Player #1 Mario (188.26.79.21:3302) connected
﻿10:42:52 : Player #1 Mario - GUID: 1daf4deee2cb2cdbf48266893826a6d7 (unverified)
﻿10:42:53 : Verified GUID (1daf4deee2cb2cdbf48266893826a6d7) of player #1 Mario
﻿10:42:53 : Player #1 Mario - Legacy GUID: 19c7c6a4420f22d99240bb7c03666bf1
﻿10:43:52 : Player #2 Ovidiu (92.114.52.92:3302) connected
﻿10:43:53 : Player #2 Ovidiu disconnected
﻿10:45:19 : Player #2 Ovidiu (92.114.52.92:3302) connected
﻿10:45:20 : Player #2 Ovidiu - GUID: 7df969c92ad86496670af3d3105fa7f9 (unverified)
﻿10:45:20 : Verified GUID (7df969c92ad86496670af3d3105fa7f9) of player #2 Ovidiu
﻿10:45:21 : Player #2 Ovidiu - Legacy GUID: ee925f9f455bcdecc7328b5bb06d44c0
﻿10:54:22 : RCon admin #4: (Global) NO SQUAD XML: ENGLISH ONLY IN SIDE CHAT: VEHICLES AND GEAR CAN BE STOLEN ANYWHERE
﻿10:55:31 : Player #3 2DIE4 (84.130.106.88:3302) connected
﻿10:55:32 : Player #3 2DIE4 - GUID: 97b8e8b63e4439b2b62c99dde2b8b8a1 (unverified)
﻿10:55:32 : Verified GUID (97b8e8b63e4439b2b62c99dde2b8b8a1) of player #3 2DIE4
﻿10:55:33 : Player #3 2DIE4 - Legacy GUID: e56dc54c0a6d92faa8a284d7c54bffab
﻿10:56:43 : Player #4 -SDS-Ban (91.137.32.195:3302) connected
﻿10:56:44 : Player #4 -SDS-Ban - GUID: 1bda1d7f7f9ae72702de431a4bc55b4a (unverified)
﻿10:56:44 : Verified GUID (1bda1d7f7f9ae72702de431a4bc55b4a) of player #4 -SDS-Ban
﻿10:56:45 : Player #4 -SDS-Ban - Legacy GUID: 38e5e3e9b10fb9c9d083aef35e291fde
﻿11:05:22 : RCon admin #4: (Global) ADMINS: LWB AND SIERRA | VISIT THE WEBSITE FOR DONATION PERKS | SURVIVALIST-DAYZ.COM
﻿11:06:44 : Player #5 Turmoil (85.164.44.228:3302) connected
﻿11:06:45 : Player #5 Turmoil - GUID: 078d3175e22fad797d9a152aaaa83806 (unverified)
﻿11:06:46 : Verified GUID (078d3175e22fad797d9a152aaaa83806) of player #5 Turmoil
﻿11:06:46 : Player #5 Turmoil - Legacy GUID: 153330a3c1eb9ccf7092e322ab07ebb0
﻿11:19:23 : RCon admin #4: (Global) BASES MUST BE MAINTAINED VIA THE PLOT POLE EVERY 7 DAYS!!
﻿11:19:56 : Player #6 -SDS- Gowther (188.103.244.110:3302) connected
﻿11:19:57 : Player #6 -SDS- Gowther - GUID: 03492c7dbb4087e80f5c95d1df0aebac (unverified)
﻿11:19:58 : Verified GUID (03492c7dbb4087e80f5c95d1df0aebac) of player #6 -SDS- Gowther
﻿11:19:58 : Player #6 -SDS- Gowther - Legacy GUID: 459161ad2315d6e5e544515528714548
﻿11:24:22 : RCon admin #4: (Global) NO SQUAD XML: ENGLISH ONLY IN SIDE CHAT: VEHICLES AND GEAR CAN BE STOLEN ANYWHERE
﻿11:34:48 : RCon admin #5 (86.162.43.39:65235) logged in
﻿11:35:23 : RCon admin #4: (Global) ADMINS: LWB AND SIERRA | VISIT THE WEBSITE FOR DONATION PERKS | SURVIVALIST-DAYZ.COM
﻿11:49:23 : RCon admin #4: (Global) BASES MUST BE MAINTAINED VIA THE PLOT POLE EVERY 7 DAYS!!
﻿11:54:23 : RCon admin #4: (Global) NO SQUAD XML: ENGLISH ONLY IN SIDE CHAT: VEHICLES AND GEAR CAN BE STOLEN ANYWHERE
﻿11:56:52 : Player #7 SoomqaBlyet (88.196.32.120:2304) connected
﻿11:56:53 : Player #7 SoomqaBlyet - GUID: 01fa97319b8120d5dc76c803f4b462e2 (unverified)
﻿11:56:53 : Verified GUID (01fa97319b8120d5dc76c803f4b462e2) of player #7 SoomqaBlyet
﻿11:56:54 : Player #7 SoomqaBlyet - Legacy GUID: a7792ab60fde4686107b4c281f094a21
﻿11:56:56 : Player #7 SoomqaBlyet disconnected
﻿11:58:17 : Player #7 SoomqaBlyet (88.196.32.120:2304) connected
﻿11:58:18 : Player #7 SoomqaBlyet - GUID: 01fa97319b8120d5dc76c803f4b462e2 (unverified)
﻿11:58:18 : Verified GUID (01fa97319b8120d5dc76c803f4b462e2) of player #7 SoomqaBlyet
﻿11:58:19 : Player #7 SoomqaBlyet - Legacy GUID: a7792ab60fde4686107b4c281f094a21
﻿12:05:23 : RCon admin #4: (Global) ADMINS: LWB AND SIERRA | VISIT THE WEBSITE FOR DONATION PERKS | SURVIVALIST-DAYZ.COM
﻿12:13:09 : Player #0 Freedom disconnected
﻿12:19:23 : RCon admin #4: (Global) BASES MUST BE MAINTAINED VIA THE PLOT POLE EVERY 7 DAYS!!
﻿12:24:23 : RCon admin #4: (Global) NO SQUAD XML: ENGLISH ONLY IN SIDE CHAT: VEHICLES AND GEAR CAN BE STOLEN ANYWHERE
﻿12:30:51 : Player #0 II TheElite II (83.86.22.79:3302) connected
﻿12:30:53 : Player #0 II TheElite II - GUID: e0d29edb33378bbc6d6506b5f581dd6a (unverified)
﻿12:30:53 : Player #0 II TheElite II - Legacy GUID: 0683f2e6246fca2d44581d59ce516fea
﻿12:30:53 : Verified GUID (e0d29edb33378bbc6d6506b5f581dd6a) of player #0 II TheElite II
﻿12:35:23 : RCon admin #4: (Global) ADMINS: LWB AND SIERRA | VISIT THE WEBSITE FOR DONATION PERKS | SURVIVALIST-DAYZ.COM
﻿12:35:49 : Player #8 VPr3stigious (5.151.46.193:2574) connected
﻿12:35:50 : Player #8 VPr3stigious - GUID: 520fde90e3adb9004c83a89995a83881 (unverified)
﻿12:35:51 : Verified GUID (520fde90e3adb9004c83a89995a83881) of player #8 VPr3stigious
﻿12:35:51 : Player #8 VPr3stigious - Legacy GUID: a714e2dbd79e3ef15fafcfc3f61bb65b
﻿12:43:35 : Player #8 VPr3stigious disconnected
﻿12:44:16 : Player #8 VPr3stigious (5.151.46.193:2574) connected
﻿12:44:17 : Player #8 VPr3stigious - GUID: 520fde90e3adb9004c83a89995a83881 (unverified)
﻿12:44:17 : Verified GUID (520fde90e3adb9004c83a89995a83881) of player #8 VPr3stigious
﻿12:44:18 : Player #8 VPr3stigious - Legacy GUID: a714e2dbd79e3ef15fafcfc3f61bb65b
﻿12:49:22 : RCon admin #4: (Global) BASES MUST BE MAINTAINED VIA THE PLOT POLE EVERY 7 DAYS!!
﻿12:51:36 : Player #4 -SDS-Ban disconnected
﻿12:53:23 : Player #6 -SDS- Gowther disconnected
﻿12:54:22 : RCon admin #4: (Global) NO SQUAD XML: ENGLISH ONLY IN SIDE CHAT: VEHICLES AND GEAR CAN BE STOLEN ANYWHERE
﻿12:55:18 : Player #0 II TheElite II disconnected
﻿12:55:43 : Player #5 Turmoil disconnected
﻿12:56:59 : Player #0 Winans (178.200.93.19:3302) connected
﻿12:57:00 : Player #0 Winans - GUID: 5cfd15b84e558bc0ef1f0210efc34126 (unverified)
﻿12:57:01 : Verified GUID (5cfd15b84e558bc0ef1f0210efc34126) of player #0 Winans
﻿12:57:01 : Player #0 Winans - Legacy GUID: a5953aeb5d5414bdf99a6fe9cbecf6c4
﻿12:59:31 : RCon admin #0 (86.162.43.39:61349) logged in
﻿13:00:23 : RCon admin #4: (Global) Server will restart in 10 minutes
﻿13:04:59 : Player #1 Mario disconnected
﻿13:05:22 : RCon admin #4: (Global) ADMINS: LWB AND SIERRA | VISIT THE WEBSITE FOR DONATION PERKS | SURVIVALIST-DAYZ.COM
﻿13:05:23 : RCon admin #4: (Global) Server will restart in 5 minutes: Prepare to Logout
﻿13:07:35 : Player #2 Ovidiu disconnected
﻿13:07:42 : Player #3 2DIE4 disconnected
﻿13:08:22 : RCon admin #4: (Global) The Server is about to restart. LOG OUT NOW OR YOUR GEAR MAY BE LOST!!
﻿13:08:46 : Player #8 VPr3stigious disconnected
﻿13:08:47 : Player #7 SoomqaBlyet disconnected
﻿13:08:53 : Player #0 Winans disconnected
﻿13:09:52 : RCon admin #4: (Global) YOU SHOULD BE LOGGED OUT BY NOW! IF YOU ARENT YOU WILL BE AUTO KICKED AND YOUR GEAR MAY BE LOST! NO REFUNDS!
﻿13:10:56 : Rcon client logging in
﻿13:10:56 : RCon admin #3 (78.31.67.100:49862) logged in
﻿13:11:06 : RCon admin #4 (86.162.43.39:58209) logged in
﻿13:11:43 : Player #0 Mario (188.26.79.21:3302) connected
﻿13:11:45 : Player #0 Mario - GUID: 1daf4deee2cb2cdbf48266893826a6d7 (unverified)
﻿13:11:45 : Verified GUID (1daf4deee2cb2cdbf48266893826a6d7) of player #0 Mario
﻿13:11:45 : Player #0 Mario - Legacy GUID: 19c7c6a4420f22d99240bb7c03666bf1
﻿13:13:04 : Player #1 VPr3stigious (5.151.46.193:2574) connected
﻿13:13:05 : Player #1 VPr3stigious - GUID: 520fde90e3adb9004c83a89995a83881 (unverified)
﻿13:13:05 : Verified GUID (520fde90e3adb9004c83a89995a83881) of player #1 VPr3stigious
﻿13:13:06 : Player #1 VPr3stigious - Legacy GUID: a714e2dbd79e3ef15fafcfc3f61bb65b
﻿13:13:23 : Player #2 -SDS-Ban (91.137.32.195:3302) connected
﻿13:13:24 : Player #2 -SDS-Ban - GUID: 1bda1d7f7f9ae72702de431a4bc55b4a (unverified)
﻿13:13:24 : Verified GUID (1bda1d7f7f9ae72702de431a4bc55b4a) of player #2 -SDS-Ban
﻿13:13:25 : Player #2 -SDS-Ban - Legacy GUID: 38e5e3e9b10fb9c9d083aef35e291fde
﻿13:13:34 : Player #3 -SDS- Gowther (188.103.244.110:3302) connected
﻿13:13:35 : Player #3 -SDS- Gowther - GUID: 03492c7dbb4087e80f5c95d1df0aebac (unverified)
﻿13:13:36 : Verified GUID (03492c7dbb4087e80f5c95d1df0aebac) of player #3 -SDS- Gowther
﻿13:13:36 : Player #3 -SDS- Gowther - Legacy GUID: 459161ad2315d6e5e544515528714548
﻿13:14:38 : Player #4 Ovidiu (92.114.52.92:3302) connected
﻿13:14:39 : Player #4 Ovidiu disconnected
﻿13:14:59 : Player #4 Laurence Gommersil (91.84.65.136:3302) connected
﻿13:15:00 : Player #4 Laurence Gommersil - GUID: f1f45f96a2cdd71b21097c87e6cef51a (unverified)
﻿13:15:01 : Verified GUID (f1f45f96a2cdd71b21097c87e6cef51a) of player #4 Laurence Gommersil
﻿13:15:01 : Player #4 Laurence Gommersil - Legacy GUID: 968c41ae2194f0cd7392781b4dee481b
﻿13:15:46 : Player #5 Winans (178.200.93.19:3302) connected
﻿13:15:47 : Player #5 Winans - GUID: 5cfd15b84e558bc0ef1f0210efc34126 (unverified)
﻿13:15:47 : Verified GUID (5cfd15b84e558bc0ef1f0210efc34126) of player #5 Winans
﻿13:15:48 : Player #5 Winans - Legacy GUID: a5953aeb5d5414bdf99a6fe9cbecf6c4
﻿13:15:52 : Player #4 Laurence Gommersil disconnected
﻿13:16:24 : Player #4 Ovidiu (92.114.52.92:3302) connected
﻿13:16:25 : Player #4 Ovidiu - GUID: 7df969c92ad86496670af3d3105fa7f9 (unverified)
﻿13:16:26 : Verified GUID (7df969c92ad86496670af3d3105fa7f9) of player #4 Ovidiu
﻿13:16:26 : Player #4 Ovidiu - Legacy GUID: ee925f9f455bcdecc7328b5bb06d44c0
﻿13:17:34 : Player #6 Laurence Gommersil (91.84.65.136:3302) connected
﻿13:17:36 : Player #6 Laurence Gommersil - GUID: f1f45f96a2cdd71b21097c87e6cef51a (unverified)
﻿13:17:36 : Player #6 Laurence Gommersil - Legacy GUID: 968c41ae2194f0cd7392781b4dee481b
﻿13:17:36 : Verified GUID (f1f45f96a2cdd71b21097c87e6cef51a) of player #6 Laurence Gommersil
﻿13:17:47 : RCon admin #1 (86.162.43.39:50865) logged in
﻿13:20:30 : Player #7 2DIE4 (84.130.106.88:3302) connected
﻿13:20:31 : Player #7 2DIE4 - GUID: 97b8e8b63e4439b2b62c99dde2b8b8a1 (unverified)
﻿13:20:32 : Verified GUID (97b8e8b63e4439b2b62c99dde2b8b8a1) of player #7 2DIE4
﻿13:20:32 : Player #7 2DIE4 - Legacy GUID: e56dc54c0a6d92faa8a284d7c54bffab
﻿13:24:56 : RCon admin #3: (Global) NO SQUAD XML: ENGLISH ONLY IN SIDE CHAT: VEHICLES AND GEAR CAN BE STOLEN ANYWHERE
﻿13:30:54 : Player #5 Winans disconnected
﻿13:31:20 : Player #0 Mario disconnected
﻿13:34:41 : Player #4 Ovidiu disconnected
﻿13:35:56 : RCon admin #3: (Global) ADMINS: LWB AND SIERRA | VISIT THE WEBSITE FOR DONATION PERKS | SURVIVALIST-DAYZ.COM
﻿13:48:21 : Player #7 2DIE4 disconnected
﻿13:48:58 : Player #2 -SDS-Ban disconnected
﻿13:49:56 : RCon admin #3: (Global) BASES MUST BE MAINTAINED VIA THE PLOT POLE EVERY 7 DAYS!!
﻿13:50:06 : Player #6 Laurence Gommersil disconnected
﻿13:54:56 : RCon admin #3: (Global) NO SQUAD XML: ENGLISH ONLY IN SIDE CHAT: VEHICLES AND GEAR CAN BE STOLEN ANYWHERE
﻿14:05:56 : RCon admin #3: (Global) ADMINS: LWB AND SIERRA | VISIT THE WEBSITE FOR DONATION PERKS | SURVIVALIST-DAYZ.COM
﻿14:19:56 : RCon admin #3: (Global) BASES MUST BE MAINTAINED VIA THE PLOT POLE EVERY 7 DAYS!!
﻿14:22:27 : Player #0 ANDPOMEDbI4 (31.162.64.171:2304) connected
﻿14:22:29 : Player #0 ANDPOMEDbI4 - GUID: 108184b9bffd234efe730cb016b4e0e5 (unverified)
﻿14:22:29 : Verified GUID (108184b9bffd234efe730cb016b4e0e5) of player #0 ANDPOMEDbI4
﻿14:22:29 : Player #0 ANDPOMEDbI4 - Legacy GUID: 11247d98410a42f3e23da3702f2a6ee9
﻿14:23:01 : Player #2 Stread (92.248.216.9:53441) connected
﻿14:23:02 : Player #2 Stread - GUID: f7ffab7a731b27cebcbe541c870447e3 (unverified)
﻿14:23:03 : Verified GUID (f7ffab7a731b27cebcbe541c870447e3) of player #2 Stread
﻿14:23:03 : Player #2 Stread - Legacy GUID: a2a4c5fd635d2bb30789a5e487b1713b
﻿14:24:56 : RCon admin #3: (Global) NO SQUAD XML: ENGLISH ONLY IN SIDE CHAT: VEHICLES AND GEAR CAN BE STOLEN ANYWHERE
﻿14:31:34 : Player #4 -SDS-Ban (91.137.32.195:3302) connected
﻿14:31:35 : Player #4 -SDS-Ban - GUID: 1bda1d7f7f9ae72702de431a4bc55b4a (unverified)
﻿14:31:35 : Verified GUID (1bda1d7f7f9ae72702de431a4bc55b4a) of player #4 -SDS-Ban
﻿14:31:36 : Player #4 -SDS-Ban - Legacy GUID: 38e5e3e9b10fb9c9d083aef35e291fde
﻿14:35:56 : RCon admin #3: (Global) ADMINS: LWB AND SIERRA | VISIT THE WEBSITE FOR DONATION PERKS | SURVIVALIST-DAYZ.COM
﻿14:39:45 : Player #5 Sergio (179.25.160.8:29917) connected
﻿14:39:46 : Player #5 Sergio - GUID: fe0876ecc546e9c2d484bac1dbac2c82 (unverified)
﻿14:39:47 : Verified GUID (fe0876ecc546e9c2d484bac1dbac2c82) of player #5 Sergio
﻿14:39:47 : Player #5 Sergio - Legacy GUID: 4ed0ed508937ec13cea9a33b15806a2c
﻿14:39:57 : Player #5 Sergio disconnected
﻿14:40:46 : Player #5 2DIE4 (84.130.106.88:3302) connected
﻿14:40:47 : Player #5 2DIE4 - GUID: 97b8e8b63e4439b2b62c99dde2b8b8a1 (unverified)
﻿14:40:48 : Verified GUID (97b8e8b63e4439b2b62c99dde2b8b8a1) of player #5 2DIE4
﻿14:40:48 : Player #5 2DIE4 - Legacy GUID: e56dc54c0a6d92faa8a284d7c54bffab
﻿14:41:34 : Player #6 chefkoch (87.143.140.11:3302) connected
﻿14:41:36 : Player #6 chefkoch - GUID: e9490bce65a7dd83ad8d3623c6f3d23a (unverified)
﻿14:41:36 : Verified GUID (e9490bce65a7dd83ad8d3623c6f3d23a) of player #6 chefkoch
﻿14:41:36 : Player #6 chefkoch - Legacy GUID: 090011f4a502bdebb3379c966cc15597
﻿14:44:05 : Player #7 GBK (179.25.160.8:10115) connected
﻿14:44:07 : Player #7 GBK - GUID: fe0876ecc546e9c2d484bac1dbac2c82 (unverified)
﻿14:44:07 : Verified GUID (fe0876ecc546e9c2d484bac1dbac2c82) of player #7 GBK
﻿14:44:08 : Player #7 GBK - Legacy GUID: 4ed0ed508937ec13cea9a33b15806a2c
﻿14:49:42 : Player #7 GBK (fe0876ecc546e9c2d484bac1dbac2c82) has been kicked by BattlEye: Ping too high (1141)
﻿14:49:56 : RCon admin #3: (Global) BASES MUST BE MAINTAINED VIA THE PLOT POLE EVERY 7 DAYS!!
﻿14:50:43 : Player #7 GBK (179.25.160.8:10115) connected
﻿14:50:44 : Player #7 GBK - GUID: fe0876ecc546e9c2d484bac1dbac2c82 (unverified)
﻿14:50:45 : Verified GUID (fe0876ecc546e9c2d484bac1dbac2c82) of player #7 GBK
﻿14:50:45 : Player #7 GBK - Legacy GUID: 4ed0ed508937ec13cea9a33b15806a2c
﻿14:53:17 : Player #1 VPr3stigious disconnected
﻿14:54:56 : RCon admin #3: (Global) NO SQUAD XML: ENGLISH ONLY IN SIDE CHAT: VEHICLES AND GEAR CAN BE STOLEN ANYWHERE
﻿15:05:56 : RCon admin #3: (Global) ADMINS: LWB AND SIERRA | VISIT THE WEBSITE FOR DONATION PERKS | SURVIVALIST-DAYZ.COM
﻿15:10:14 : Player #1 PRISMIC (195.39.192.48:3302) connected
﻿15:10:15 : Player #1 PRISMIC - GUID: c2a9b9e975c3a16bc843e3b1437182ca (unverified)
﻿15:10:16 : Verified GUID (c2a9b9e975c3a16bc843e3b1437182ca) of player #1 PRISMIC
﻿15:10:16 : Player #1 PRISMIC - Legacy GUID: 40b9483bb39fdbf38ebf22597947cee7
﻿15:10:25 : Player #8 Laurence Gommersil (91.84.65.136:3302) connected
﻿15:10:26 : Player #8 Laurence Gommersil - GUID: f1f45f96a2cdd71b21097c87e6cef51a (unverified)
﻿15:10:26 : Verified GUID (f1f45f96a2cdd71b21097c87e6cef51a) of player #8 Laurence Gommersil
﻿15:10:27 : Player #8 Laurence Gommersil - Legacy GUID: 968c41ae2194f0cd7392781b4dee481b
﻿15:19:13 : Player #9 M.K. (109.101.224.92:2304) connected
﻿15:19:15 : Player #9 M.K. - GUID: 571fb2e0f2eb39ffd202006f98ed4e00 (unverified)
﻿15:19:15 : Player #9 M.K. - Legacy GUID: 88cbf0cb339b2fdd89e58c1466b5f40f
﻿15:19:16 : Verified GUID (571fb2e0f2eb39ffd202006f98ed4e00) of player #9 M.K.
﻿15:19:57 : RCon admin #3: (Global) BASES MUST BE MAINTAINED VIA THE PLOT POLE EVERY 7 DAYS!!
﻿15:24:57 : RCon admin #3: (Global) NO SQUAD XML: ENGLISH ONLY IN SIDE CHAT: VEHICLES AND GEAR CAN BE STOLEN ANYWHERE
﻿15:27:57 : Player #6 chefkoch disconnected
﻿15:30:57 : RCon admin #3: (Global) Server will restart in 10 minutes
﻿15:31:59 : Player #2 Stread disconnected
﻿15:32:02 : Player #0 ANDPOMEDbI4 disconnected
﻿15:35:57 : RCon admin #3: (Global) ADMINS: LWB AND SIERRA | VISIT THE WEBSITE FOR DONATION PERKS | SURVIVALIST-DAYZ.COM
﻿15:35:57 : RCon admin #3: (Global) Server will restart in 5 minutes: Prepare to Logout
﻿15:36:49 : Player #5 2DIE4 disconnected
﻿15:38:56 : RCon admin #3: (Global) The Server is about to restart. LOG OUT NOW OR YOUR GEAR MAY BE LOST!!
﻿15:39:40 : Player #1 PRISMIC disconnected
﻿15:39:48 : Player #8 Laurence Gommersil disconnected
﻿15:40:10 : Player #7 GBK disconnected
﻿15:40:26 : RCon admin #3: (Global) YOU SHOULD BE LOGGED OUT BY NOW! IF YOU ARENT YOU WILL BE AUTO KICKED AND YOUR GEAR MAY BE LOST! NO REFUNDS!
﻿15:41:30 : Rcon client logging in
﻿15:41:30 : RCon admin #4 (78.31.67.100:55623) logged in
﻿15:41:47 : Player #0 Laurence Gommersil (91.84.65.136:3302) connected
﻿15:41:48 : Player #0 Laurence Gommersil - GUID: f1f45f96a2cdd71b21097c87e6cef51a (unverified)
﻿15:41:48 : Verified GUID (f1f45f96a2cdd71b21097c87e6cef51a) of player #0 Laurence Gommersil
﻿15:41:49 : Player #0 Laurence Gommersil - Legacy GUID: 968c41ae2194f0cd7392781b4dee481b
﻿15:41:49 : Player #1 PRISMIC (195.39.192.48:3302) connected
﻿15:41:50 : Player #1 PRISMIC - GUID: c2a9b9e975c3a16bc843e3b1437182ca (unverified)
﻿15:41:51 : Verified GUID (c2a9b9e975c3a16bc843e3b1437182ca) of player #1 PRISMIC
﻿15:41:51 : Player #1 PRISMIC - Legacy GUID: 40b9483bb39fdbf38ebf22597947cee7
﻿15:42:27 : Player #2 M.K. (109.101.224.92:2304) connected
﻿15:42:29 : Player #2 M.K. - GUID: 571fb2e0f2eb39ffd202006f98ed4e00 (unverified)
﻿15:42:29 : Verified GUID (571fb2e0f2eb39ffd202006f98ed4e00) of player #2 M.K.
﻿15:42:29 : Player #2 M.K. - Legacy GUID: 88cbf0cb339b2fdd89e58c1466b5f40f
﻿15:43:44 : Player #3 GBK (179.25.160.8:12939) connected
﻿15:43:45 : Player #3 GBK - GUID: fe0876ecc546e9c2d484bac1dbac2c82 (unverified)
﻿15:43:45 : Verified GUID (fe0876ecc546e9c2d484bac1dbac2c82) of player #3 GBK
﻿15:43:46 : Player #3 GBK - Legacy GUID: 4ed0ed508937ec13cea9a33b15806a2c
﻿15:45:51 : Player #4 chefkoch (87.143.140.11:3302) connected
﻿15:45:52 : Player #4 chefkoch - GUID: e9490bce65a7dd83ad8d3623c6f3d23a (unverified)
﻿15:45:53 : Verified GUID (e9490bce65a7dd83ad8d3623c6f3d23a) of player #4 chefkoch
﻿15:45:53 : Player #4 chefkoch - Legacy GUID: 090011f4a502bdebb3379c966cc15597
﻿15:46:21 : Player #5 -SDS-Ban (91.137.32.195:3302) connected
﻿15:46:22 : Player #5 -SDS-Ban - GUID: 1bda1d7f7f9ae72702de431a4bc55b4a (unverified)
﻿15:46:23 : Verified GUID (1bda1d7f7f9ae72702de431a4bc55b4a) of player #5 -SDS-Ban
﻿15:46:23 : Player #5 -SDS-Ban - Legacy GUID: 38e5e3e9b10fb9c9d083aef35e291fde
﻿15:49:40 : Player #6 Banan (46.164.131.86:2304) connected
﻿15:49:41 : Player #6 Banan - GUID: ddfeba1dcfe654fd12151d9451026e66 (unverified)
﻿15:49:42 : Verified GUID (ddfeba1dcfe654fd12151d9451026e66) of player #6 Banan
﻿15:49:42 : Player #6 Banan - Legacy GUID: a3466bb0a505e6f41d544f132d50a5d4
﻿15:49:43 : Player #6 Banan disconnected
﻿15:50:14 : Player #6 -SDS- Gowther (188.103.244.110:3302) connected
﻿15:50:15 : Player #6 -SDS- Gowther - GUID: 03492c7dbb4087e80f5c95d1df0aebac (unverified)
﻿15:50:16 : Verified GUID (03492c7dbb4087e80f5c95d1df0aebac) of player #6 -SDS- Gowther
﻿15:50:16 : Player #6 -SDS- Gowther - Legacy GUID: 459161ad2315d6e5e544515528714548
﻿15:55:30 : RCon admin #4: (Global) NO SQUAD XML: ENGLISH ONLY IN SIDE CHAT: VEHICLES AND GEAR CAN BE STOLEN ANYWHERE
﻿16:06:30 : RCon admin #4: (Global) ADMINS: LWB AND SIERRA | VISIT THE WEBSITE FOR DONATION PERKS | SURVIVALIST-DAYZ.COM
﻿16:13:02 : Player #7 karimzerkettane (176.182.243.69:2304) connected
﻿16:13:03 : Player #7 karimzerkettane - GUID: fb370e5d483f5fd420c7255a3e74be2f (unverified)
﻿16:13:04 : Verified GUID (fb370e5d483f5fd420c7255a3e74be2f) of player #7 karimzerkettane
﻿16:13:04 : Player #7 karimzerkettane - Legacy GUID: d9ccf431f585110f979468b5c4fa0e05
﻿16:13:05 : Player #7 karimzerkettane disconnected
﻿16:20:30 : RCon admin #4: (Global) BASES MUST BE MAINTAINED VIA THE PLOT POLE EVERY 7 DAYS!!
﻿16:21:28 : Player #7 [NG2] Jesse (145.133.183.236:3302) connected
﻿16:21:29 : Player #7 [NG2] Jesse - GUID: 1f7a31a6c97ae9822a9e4dcb3de0e9a0 (unverified)
﻿16:21:30 : Verified GUID (1f7a31a6c97ae9822a9e4dcb3de0e9a0) of player #7 [NG2] Jesse
﻿16:21:30 : Player #7 [NG2] Jesse - Legacy GUID: aa29d15133c89f949e71190836ad19cb
﻿16:23:58 : Player #8 Rassel (37.192.148.31:3302) connected
﻿16:24:00 : Player #8 Rassel - GUID: b69ea44143d49de8f692ae9e935a5f20 (unverified)
﻿16:24:00 : Player #8 Rassel - Legacy GUID: e8ca687b74854fca2ef5b8102b6f6b54
﻿16:24:00 : Verified GUID (b69ea44143d49de8f692ae9e935a5f20) of player #8 Rassel
﻿16:24:03 : Player #8 Rassel disconnected
﻿16:25:30 : RCon admin #4: (Global) NO SQUAD XML: ENGLISH ONLY IN SIDE CHAT: VEHICLES AND GEAR CAN BE STOLEN ANYWHERE
﻿16:31:14 : Player #8 VPr3stigious (5.151.46.77:1827) connected
﻿16:31:16 : Player #8 VPr3stigious - GUID: 520fde90e3adb9004c83a89995a83881 (unverified)
﻿16:31:16 : Player #8 VPr3stigious - Legacy GUID: a714e2dbd79e3ef15fafcfc3f61bb65b
﻿16:31:17 : Verified GUID (520fde90e3adb9004c83a89995a83881) of player #8 VPr3stigious
﻿16:34:21 : Player #4 chefkoch disconnected
﻿16:36:30 : RCon admin #4: (Global) ADMINS: LWB AND SIERRA | VISIT THE WEBSITE FOR DONATION PERKS | SURVIVALIST-DAYZ.COM
﻿16:39:45 : Player #3 GBK disconnected
﻿16:46:52 : Player #3 nutzer (185.75.148.2:3302) connected
﻿16:46:54 : Player #3 nutzer - GUID: 0476c272db61da86d0cfa3243eb1335e (unverified)
﻿16:46:54 : Player #3 nutzer - Legacy GUID: 275c6ddb7545b8dea19dabea63dceae2
﻿16:46:55 : Verified GUID (0476c272db61da86d0cfa3243eb1335e) of player #3 nutzer
﻿16:47:06 : Player #4 Sebastian (84.118.159.31:3302) connected
﻿16:47:07 : Player #4 Sebastian - GUID: 9a799dfc537287cfac575dda5f04f439 (unverified)
﻿16:47:07 : Verified GUID (9a799dfc537287cfac575dda5f04f439) of player #4 Sebastian
﻿16:47:08 : Player #4 Sebastian - Legacy GUID: 49d332f8760d380209db3cece2ab1a70
﻿16:49:45 : Player #3 nutzer disconnected
﻿16:50:30 : RCon admin #4: (Global) BASES MUST BE MAINTAINED VIA THE PLOT POLE EVERY 7 DAYS!!
﻿16:55:30 : RCon admin #4: (Global) NO SQUAD XML: ENGLISH ONLY IN SIDE CHAT: VEHICLES AND GEAR CAN BE STOLEN ANYWHERE
﻿16:57:20 : Player #3 SoomqaBlyet (88.196.32.120:2304) connected
﻿16:57:21 : Player #3 SoomqaBlyet - GUID: 01fa97319b8120d5dc76c803f4b462e2 (unverified)
﻿16:57:21 : Verified GUID (01fa97319b8120d5dc76c803f4b462e2) of player #3 SoomqaBlyet
﻿16:57:22 : Player #3 SoomqaBlyet - Legacy GUID: a7792ab60fde4686107b4c281f094a21
﻿16:57:24 : Player #3 SoomqaBlyet disconnected
﻿16:58:35 : Player #3 SoomqaBlyet (88.196.32.120:2304) connected
﻿16:58:36 : Player #3 SoomqaBlyet - GUID: 01fa97319b8120d5dc76c803f4b462e2 (unverified)
﻿16:58:36 : Verified GUID (01fa97319b8120d5dc76c803f4b462e2) of player #3 SoomqaBlyet
﻿16:58:37 : Player #3 SoomqaBlyet - Legacy GUID: a7792ab60fde4686107b4c281f094a21
﻿17:00:34 : Player #9 nutzer (185.75.148.2:3302) connected
﻿17:00:36 : Player #9 nutzer - GUID: 0476c272db61da86d0cfa3243eb1335e (unverified)
﻿17:00:36 : Player #9 nutzer - Legacy GUID: 275c6ddb7545b8dea19dabea63dceae2
﻿17:00:36 : Verified GUID (0476c272db61da86d0cfa3243eb1335e) of player #9 nutzer
﻿17:01:34 : Player #10 Diego (186.60.173.215:3302) connected
﻿17:01:35 : Player #10 Diego - GUID: 64dcabe0e1c50e6886495bbbc04c8086 (unverified)
﻿17:01:36 : Verified GUID (64dcabe0e1c50e6886495bbbc04c8086) of player #10 Diego
﻿17:01:36 : Player #10 Diego - Legacy GUID: c909444da746fa0fc671017264087877
﻿17:05:25 : Player #11 2DIE4 (84.130.106.88:3302) connected
﻿17:05:26 : Player #11 2DIE4 - GUID: 97b8e8b63e4439b2b62c99dde2b8b8a1 (unverified)
﻿17:05:27 : Verified GUID (97b8e8b63e4439b2b62c99dde2b8b8a1) of player #11 2DIE4
﻿17:05:27 : Player #11 2DIE4 - Legacy GUID: e56dc54c0a6d92faa8a284d7c54bffab
﻿17:06:30 : RCon admin #4: (Global) ADMINS: LWB AND SIERRA | VISIT THE WEBSITE FOR DONATION PERKS | SURVIVALIST-DAYZ.COM
﻿17:06:33 : Player #10 Diego disconnected
﻿17:10:42 : Player #10 Tomorr0w_land (31.42.120.129:2304) connected
﻿17:10:44 : Player #10 Tomorr0w_land - GUID: 951ec988e855f5973918d6bfa64b7528 (unverified)
﻿17:10:44 : Verified GUID (951ec988e855f5973918d6bfa64b7528) of player #10 Tomorr0w_land
﻿17:10:44 : Player #10 Tomorr0w_land - Legacy GUID: 48d33f2563e7d39a20e55118f010d44f
﻿17:10:45 : Player #10 Tomorr0w_land disconnected
﻿17:14:21 : RCon admin #5 (86.162.43.39:51837) logged in
﻿17:20:31 : RCon admin #4: (Global) BASES MUST BE MAINTAINED VIA THE PLOT POLE EVERY 7 DAYS!!
﻿17:25:30 : RCon admin #4: (Global) NO SQUAD XML: ENGLISH ONLY IN SIDE CHAT: VEHICLES AND GEAR CAN BE STOLEN ANYWHERE
﻿17:27:00 : Player #6 -SDS- Gowther disconnected
﻿17:27:25 : Player #5 -SDS-Ban disconnected
﻿17:28:13 : Player #5 Turmoil (85.164.44.228:3302) connected
﻿17:28:14 : Player #5 Turmoil - GUID: 078d3175e22fad797d9a152aaaa83806 (unverified)
﻿17:28:15 : Verified GUID (078d3175e22fad797d9a152aaaa83806) of player #5 Turmoil
﻿17:28:15 : Player #5 Turmoil - Legacy GUID: 153330a3c1eb9ccf7092e322ab07ebb0
﻿17:32:07 : RCon admin #2 (86.162.43.39:52124) logged in
﻿17:36:31 : RCon admin #4: (Global) ADMINS: LWB AND SIERRA | VISIT THE WEBSITE FOR DONATION PERKS | SURVIVALIST-DAYZ.COM
﻿17:37:40 : Player #6 Thonton (89.2.87.208:3302) connected
﻿17:37:41 : Player #6 Thonton - GUID: a239b6f363f0351d361597ab64438bb9 (unverified)
﻿17:37:42 : Player #6 Thonton - Legacy GUID: 1718190fb37c9c46ee1d97a65fb74aee
﻿17:37:46 : Verified GUID (a239b6f363f0351d361597ab64438bb9) of player #6 Thonton
﻿17:40:34 : Player #9 nutzer disconnected
﻿17:48:47 : Player #6 Thonton disconnected
﻿17:50:31 : RCon admin #4: (Global) BASES MUST BE MAINTAINED VIA THE PLOT POLE EVERY 7 DAYS!!
﻿17:53:35 : Player #3 SoomqaBlyet disconnected
﻿17:55:30 : RCon admin #4: (Global) NO SQUAD XML: ENGLISH ONLY IN SIDE CHAT: VEHICLES AND GEAR CAN BE STOLEN ANYWHERE
﻿17:58:49 : Player #2 M.K. disconnected
﻿18:01:31 : RCon admin #4: (Global) Server will restart in 10 minutes
﻿18:03:09 : Player #7 [NG2] Jesse disconnected
﻿18:03:46 : Player #5 Turmoil disconnected
﻿18:06:30 : RCon admin #4: (Global) ADMINS: LWB AND SIERRA | VISIT THE WEBSITE FOR DONATION PERKS | SURVIVALIST-DAYZ.COM
﻿18:06:31 : RCon admin #4: (Global) Server will restart in 5 minutes: Prepare to Logout
﻿18:07:16 : Player #8 VPr3stigious disconnected
﻿18:07:25 : Player #1 PRISMIC (c2a9b9e975c3a16bc843e3b1437182ca) has been kicked by BattlEye: Client not responding
﻿18:07:32 : Player #4 Sebastian disconnected
﻿18:09:23 : Player #0 Laurence Gommersil disconnected
﻿18:09:30 : RCon admin #4: (Global) The Server is about to restart. LOG OUT NOW OR YOUR GEAR MAY BE LOST!!
﻿18:10:09 : Player #11 2DIE4 disconnected
﻿18:11:00 : RCon admin #4: (Global) YOU SHOULD BE LOGGED OUT BY NOW! IF YOU ARENT YOU WILL BE AUTO KICKED AND YOUR GEAR MAY BE LOST! NO REFUNDS!
﻿18:12:58 : Rcon client logging in
﻿18:12:58 : RCon admin #4 (78.31.67.100:50665) logged in
﻿18:12:59 : Player #0 LWB [SD] (86.162.43.39:1025) connected
﻿18:13:00 : Player #0 LWB [SD] - GUID: bc07c7c39c76cf95a7a434d686d9df66 (unverified)
﻿18:13:00 : Verified GUID (bc07c7c39c76cf95a7a434d686d9df66) of player #0 LWB [SD]
﻿18:13:01 : Player #0 LWB [SD] - Legacy GUID: 977383e15b6c706cac44ca953ba440c7
﻿18:14:20 : Player #1 GBK (179.25.160.8:20198) connected
﻿18:14:23 : Player #1 GBK - GUID: fe0876ecc546e9c2d484bac1dbac2c82 (unverified)
﻿18:14:24 : Verified GUID (fe0876ecc546e9c2d484bac1dbac2c82) of player #1 GBK
﻿18:14:24 : Player #1 GBK - Legacy GUID: 4ed0ed508937ec13cea9a33b15806a2c
﻿18:14:26 : Player #1 GBK - Legacy GUID: 4ed0ed508937ec13cea9a33b15806a2c
﻿18:15:12 : Player #2 Turmoil (85.164.44.228:3302) connected
﻿18:15:13 : Player #2 Turmoil - GUID: 078d3175e22fad797d9a152aaaa83806 (unverified)
﻿18:15:14 : Verified GUID (078d3175e22fad797d9a152aaaa83806) of player #2 Turmoil
﻿18:15:14 : Player #2 Turmoil - Legacy GUID: 153330a3c1eb9ccf7092e322ab07ebb0
﻿18:15:24 : Player #1 GBK (fe0876ecc546e9c2d484bac1dbac2c82) has been kicked by BattlEye: Ping too high (438)
﻿18:16:47 : Player #1 GBK (179.25.160.8:20198) connected
﻿18:16:48 : Player #1 GBK - GUID: fe0876ecc546e9c2d484bac1dbac2c82 (unverified)
﻿18:16:48 : Verified GUID (fe0876ecc546e9c2d484bac1dbac2c82) of player #1 GBK
﻿18:16:49 : Player #1 GBK - Legacy GUID: 4ed0ed508937ec13cea9a33b15806a2c
﻿18:18:39 : Player #3 [NG2] Jesse (145.133.183.236:3302) connected
﻿18:18:40 : Player #3 [NG2] Jesse - GUID: 1f7a31a6c97ae9822a9e4dcb3de0e9a0 (unverified)
﻿18:18:41 : Player #3 [NG2] Jesse - Legacy GUID: aa29d15133c89f949e71190836ad19cb
﻿18:18:49 : Player #3 [NG2] Jesse disconnected
﻿18:20:24 : Player #3 [NG2] Jesse (145.133.183.236:3302) connected
﻿18:20:25 : Player #3 [NG2] Jesse - GUID: 1f7a31a6c97ae9822a9e4dcb3de0e9a0 (unverified)
﻿18:20:26 : Player #3 [NG2] Jesse - Legacy GUID: aa29d15133c89f949e71190836ad19cb
﻿18:20:32 : Player #3 [NG2] Jesse disconnected
﻿18:22:02 : Player #3 [NG2] Jesse (145.133.183.236:3302) connected
﻿18:22:03 : Player #3 [NG2] Jesse - GUID: 1f7a31a6c97ae9822a9e4dcb3de0e9a0 (unverified)
﻿18:22:04 : Player #3 [NG2] Jesse - Legacy GUID: aa29d15133c89f949e71190836ad19cb
﻿18:22:06 : Player #3 [NG2] Jesse disconnected
﻿18:24:19 : Player #3 [NG2] Jesse (145.133.183.236:3302) connected
﻿18:24:20 : Player #3 [NG2] Jesse - GUID: 1f7a31a6c97ae9822a9e4dcb3de0e9a0 (unverified)
﻿18:24:21 : Player #3 [NG2] Jesse - Legacy GUID: aa29d15133c89f949e71190836ad19cb
﻿18:24:27 : Verified GUID (1f7a31a6c97ae9822a9e4dcb3de0e9a0) of player #3 [NG2] Jesse
﻿18:26:58 : RCon admin #4: (Global) NO SQUAD XML: ENGLISH ONLY IN SIDE CHAT: VEHICLES AND GEAR CAN BE STOLEN ANYWHERE
﻿18:29:37 : Player #4 Sebastian (84.118.159.31:3302) connected
﻿18:29:38 : Player #4 Sebastian - GUID: 9a799dfc537287cfac575dda5f04f439 (unverified)
﻿18:29:39 : Player #4 Sebastian - Legacy GUID: 49d332f8760d380209db3cece2ab1a70
﻿18:29:42 : Player #4 Sebastian disconnected
﻿18:31:17 : Player #4 Sebastian (84.118.159.31:3302) connected
﻿18:31:18 : Player #4 Sebastian - GUID: 9a799dfc537287cfac575dda5f04f439 (unverified)
﻿18:31:18 : Verified GUID (9a799dfc537287cfac575dda5f04f439) of player #4 Sebastian
﻿18:31:19 : Player #4 Sebastian - Legacy GUID: 49d332f8760d380209db3cece2ab1a70
﻿18:37:58 : RCon admin #4: (Global) ADMINS: LWB AND SIERRA | VISIT THE WEBSITE FOR DONATION PERKS | SURVIVALIST-DAYZ.COM
﻿18:40:44 : Player #2 Turmoil (078d3175e22fad797d9a152aaaa83806) has been kicked by BattlEye: CreateVehicle Restriction #0
﻿18:41:47 : Player #2 Turmoil (85.164.44.228:3302) connected
﻿18:41:48 : Player #2 Turmoil - GUID: 078d3175e22fad797d9a152aaaa83806 (unverified)
﻿18:41:49 : Verified GUID (078d3175e22fad797d9a152aaaa83806) of player #2 Turmoil
﻿18:41:50 : Player #2 Turmoil - Legacy GUID: 153330a3c1eb9ccf7092e322ab07ebb0
﻿18:46:47 : Player #5 Laurence Gommersil (91.84.65.136:3302) connected
﻿18:46:48 : Player #5 Laurence Gommersil - GUID: f1f45f96a2cdd71b21097c87e6cef51a (unverified)
﻿18:46:49 : Player #5 Laurence Gommersil - Legacy GUID: 968c41ae2194f0cd7392781b4dee481b
﻿18:46:49 : Verified GUID (f1f45f96a2cdd71b21097c87e6cef51a) of player #5 Laurence Gommersil
﻿18:51:46 : Player #6 Burpman777 (75.128.214.20:3302) connected
﻿18:51:48 : Player #6 Burpman777 - GUID: dea50a789f8fea5254dcd5e895a8b7b8 (unverified)
﻿18:51:48 : Player #6 Burpman777 - Legacy GUID: 99a3960865b12aa2e627a18094dadc96
﻿18:51:49 : Verified GUID (dea50a789f8fea5254dcd5e895a8b7b8) of player #6 Burpman777
﻿18:51:58 : RCon admin #4: (Global) BASES MUST BE MAINTAINED VIA THE PLOT POLE EVERY 7 DAYS!!
﻿18:56:58 : RCon admin #4: (Global) NO SQUAD XML: ENGLISH ONLY IN SIDE CHAT: VEHICLES AND GEAR CAN BE STOLEN ANYWHERE
﻿18:58:55 : Player #1 GBK disconnected
﻿18:59:59 : Player #1 -SDS-Ban (91.137.32.195:3302) connected
﻿19:00:00 : Player #1 -SDS-Ban - GUID: 1bda1d7f7f9ae72702de431a4bc55b4a (unverified)
﻿19:00:01 : Verified GUID (1bda1d7f7f9ae72702de431a4bc55b4a) of player #1 -SDS-Ban
﻿19:00:01 : Player #1 -SDS-Ban - Legacy GUID: 38e5e3e9b10fb9c9d083aef35e291fde
﻿19:03:10 : Player #7 Peasant (86.162.43.39:1026) connected
﻿19:03:12 : Player #7 Peasant - GUID: dea2d42442b9f7baf6c9441b3cdd4c28 (unverified)
﻿19:03:12 : Player #7 Peasant - Legacy GUID: 4fb7677ee2815a3907adb63d8d1637f4
﻿19:03:13 : Verified GUID (dea2d42442b9f7baf6c9441b3cdd4c28) of player #7 Peasant
﻿19:07:58 : RCon admin #4: (Global) ADMINS: LWB AND SIERRA | VISIT THE WEBSITE FOR DONATION PERKS | SURVIVALIST-DAYZ.COM
﻿19:12:43 : Player #8 Digupherbones (86.162.43.39:2304) connected
﻿19:12:44 : Player #8 Digupherbones - GUID: 6f7cdbb1e69bf4eb8b32fb87af0a3dcc (unverified)
﻿19:12:45 : Player #8 Digupherbones - Legacy GUID: 81e5f276acb3bd8401df80e28c6291a7
﻿19:12:47 : Player #8 Digupherbones disconnected
﻿19:13:00 : Player #8 Digupherbones (86.162.43.39:2304) connected
﻿19:13:01 : Player #8 Digupherbones - GUID: 6f7cdbb1e69bf4eb8b32fb87af0a3dcc (unverified)
﻿19:13:02 : Player #8 Digupherbones - Legacy GUID: 81e5f276acb3bd8401df80e28c6291a7
﻿19:13:04 : Verified GUID (6f7cdbb1e69bf4eb8b32fb87af0a3dcc) of player #8 Digupherbones
﻿19:13:04 : Player #8 Digupherbones - Owner GUID: d5a7a204223d483926d292f4255aa428
﻿19:19:11 : Player #9 PRISMIC (195.39.192.48:3302) connected
﻿19:19:13 : Player #9 PRISMIC - GUID: c2a9b9e975c3a16bc843e3b1437182ca (unverified)
﻿19:19:13 : Player #9 PRISMIC - Legacy GUID: 40b9483bb39fdbf38ebf22597947cee7
﻿19:19:14 : Verified GUID (c2a9b9e975c3a16bc843e3b1437182ca) of player #9 PRISMIC
﻿19:21:58 : RCon admin #4: (Global) BASES MUST BE MAINTAINED VIA THE PLOT POLE EVERY 7 DAYS!!
﻿19:22:11 : Player #10 II TheElite II (83.86.22.79:3302) connected
﻿19:22:13 : Player #10 II TheElite II - GUID: e0d29edb33378bbc6d6506b5f581dd6a (unverified)
﻿19:22:13 : Player #10 II TheElite II - Legacy GUID: 0683f2e6246fca2d44581d59ce516fea
﻿19:22:14 : Verified GUID (e0d29edb33378bbc6d6506b5f581dd6a) of player #10 II TheElite II
﻿19:26:58 : RCon admin #4: (Global) NO SQUAD XML: ENGLISH ONLY IN SIDE CHAT: VEHICLES AND GEAR CAN BE STOLEN ANYWHERE
﻿19:29:39 : Player #9 PRISMIC disconnected
﻿19:30:29 : Player #9 PRISMIC (195.39.192.48:3302) connected
﻿19:30:30 : Player #9 PRISMIC - GUID: c2a9b9e975c3a16bc843e3b1437182ca (unverified)
﻿19:30:31 : Player #9 PRISMIC - Legacy GUID: 40b9483bb39fdbf38ebf22597947cee7
﻿19:30:34 : Verified GUID (c2a9b9e975c3a16bc843e3b1437182ca) of player #9 PRISMIC
﻿19:37:58 : RCon admin #4: (Global) ADMINS: LWB AND SIERRA | VISIT THE WEBSITE FOR DONATION PERKS | SURVIVALIST-DAYZ.COM
﻿19:41:53 : Player #6 Burpman777 disconnected
﻿19:42:30 : Player #6 -SDS- King (92.78.147.137:3302) connected
﻿19:42:31 : Player #6 -SDS- King - GUID: 513c3deb4a6986a9108718c20658f233 (unverified)
﻿19:42:32 : Player #6 -SDS- King - Legacy GUID: 9c4afe2f01736425f74faf2be50d01ee
﻿19:42:32 : Verified GUID (513c3deb4a6986a9108718c20658f233) of player #6 -SDS- King
﻿19:42:34 : Player #11 Burpman777 (75.128.214.20:3302) connected
﻿19:42:35 : Player #11 Burpman777 - GUID: dea50a789f8fea5254dcd5e895a8b7b8 (unverified)
﻿19:42:36 : Player #11 Burpman777 - Legacy GUID: 99a3960865b12aa2e627a18094dadc96
﻿19:42:37 : Verified GUID (dea50a789f8fea5254dcd5e895a8b7b8) of player #11 Burpman777
﻿19:45:45 : Player #12 Prononame (31.178.219.148:3302) connected
﻿19:45:46 : Player #12 Prononame - GUID: 9a93a9005623c38d3905a66beea5e01b (unverified)
﻿19:45:47 : Verified GUID (9a93a9005623c38d3905a66beea5e01b) of player #12 Prononame
﻿19:45:47 : Player #12 Prononame - Legacy GUID: cd92a6950a92489348d4fe236b272c03
﻿19:46:36 : Player #13 Freedom (173.85.71.79:2304) connected
﻿19:46:37 : Player #13 Freedom - GUID: 32974eed83d84dab3c6a86016f1a1d12 (unverified)
﻿19:46:38 : Player #13 Freedom - Legacy GUID: 97a8c85ef5bf1164b1deba8cac447118
﻿19:46:38 : Verified GUID (32974eed83d84dab3c6a86016f1a1d12) of player #13 Freedom
﻿19:51:59 : RCon admin #4: (Global) BASES MUST BE MAINTAINED VIA THE PLOT POLE EVERY 7 DAYS!!
﻿19:56:02 : Player #14 Ryan (73.228.74.113:3302) connected
﻿19:56:04 : Player #14 Ryan - GUID: 94d09d174e279b17d9c2da18b066a3e8 (unverified)
﻿19:56:04 : Player #14 Ryan - Legacy GUID: e212a8a546ac6125a97a6bbe46cd26d1
﻿19:56:04 : Verified GUID (94d09d174e279b17d9c2da18b066a3e8) of player #14 Ryan
﻿19:56:59 : RCon admin #4: (Global) NO SQUAD XML: ENGLISH ONLY IN SIDE CHAT: VEHICLES AND GEAR CAN BE STOLEN ANYWHERE
﻿19:59:31 : Player #8 Digupherbones disconnected
﻿20:05:48 : Player #8 Hailstorm (93.222.250.59:3302) connected
﻿20:05:49 : Player #8 Hailstorm - GUID: 0692c4867addd58d9591110bb02a6244 (unverified)
﻿20:05:50 : Verified GUID (0692c4867addd58d9591110bb02a6244) of player #8 Hailstorm
﻿20:05:50 : Player #8 Hailstorm - Legacy GUID: e22681f3383bb6138a608cbe99764fe1
﻿20:07:15 : Player #12 Prononame disconnected
﻿20:07:59 : RCon admin #4: (Global) ADMINS: LWB AND SIERRA | VISIT THE WEBSITE FOR DONATION PERKS | SURVIVALIST-DAYZ.COM
﻿20:10:27 : Player #12 Pibe (79.52.75.39:61332) connected
﻿20:10:29 : Player #12 Pibe - GUID: db019d7abee4e75a3d01d99ff45bfec5 (unverified)
﻿20:10:29 : Player #12 Pibe - Legacy GUID: df1af60c27a8b4e01079091e4b66044b
﻿20:10:29 : Verified GUID (db019d7abee4e75a3d01d99ff45bfec5) of player #12 Pibe
﻿20:11:09 : Player #15 Luca (79.47.245.147:3302) connected
﻿20:11:10 : Player #15 Luca - GUID: 6e7c40a61724544b4275966bd75de0e6 (unverified)
﻿20:11:11 : Player #15 Luca - Legacy GUID: 9d6f7df8f28bf750a2189a9c4d05f558
﻿20:11:11 : Verified GUID (6e7c40a61724544b4275966bd75de0e6) of player #15 Luca
﻿20:12:12 : Player #14 Ryan disconnected
﻿20:20:37 : Player #6 -SDS- King (513c3deb4a6986a9108718c20658f233) has been kicked by BattlEye: Ping too high (921)
﻿20:21:48 : Player #6 -SDS- King (92.78.147.137:3302) connected
﻿20:21:50 : Player #6 -SDS- King - GUID: 513c3deb4a6986a9108718c20658f233 (unverified)
﻿20:21:51 : Player #6 -SDS- King - Legacy GUID: 9c4afe2f01736425f74faf2be50d01ee
﻿20:21:51 : Verified GUID (513c3deb4a6986a9108718c20658f233) of player #6 -SDS- King
﻿20:21:59 : RCon admin #4: (Global) BASES MUST BE MAINTAINED VIA THE PLOT POLE EVERY 7 DAYS!!
﻿20:24:09 : Player #14 paraz (77.40.31.152:3302) connected
﻿20:24:11 : Player #14 paraz - GUID: 1c9f6978a29530fe5a1f2360d239eb6b (unverified)
﻿20:24:12 : Verified GUID (1c9f6978a29530fe5a1f2360d239eb6b) of player #14 paraz
﻿20:24:14 : Player #14 paraz disconnected
﻿20:25:11 : Player #14 paraz (77.40.31.152:3302) connected
﻿20:25:12 : Player #14 paraz - GUID: 1c9f6978a29530fe5a1f2360d239eb6b (unverified)
﻿20:25:13 : Player #14 paraz - Legacy GUID: b6fd8e9c8605b2ba09e0c01007a8e73c
﻿20:25:13 : Verified GUID (1c9f6978a29530fe5a1f2360d239eb6b) of player #14 paraz
﻿20:25:16 : Player #14 paraz disconnected
﻿20:25:29 : Player #14 VPr3stigious (5.151.46.77:7336) connected
﻿20:25:30 : Player #14 VPr3stigious - GUID: 520fde90e3adb9004c83a89995a83881 (unverified)
﻿20:25:31 : Player #14 VPr3stigious - Legacy GUID: a714e2dbd79e3ef15fafcfc3f61bb65b
﻿20:25:31 : Verified GUID (520fde90e3adb9004c83a89995a83881) of player #14 VPr3stigious
﻿20:26:59 : RCon admin #4: (Global) NO SQUAD XML: ENGLISH ONLY IN SIDE CHAT: VEHICLES AND GEAR CAN BE STOLEN ANYWHERE
﻿20:32:59 : RCon admin #4: (Global) Server will restart in 10 minutes
﻿20:35:55 : Player #4 Sebastian disconnected
﻿20:37:59 : RCon admin #4: (Global) ADMINS: LWB AND SIERRA | VISIT THE WEBSITE FOR DONATION PERKS | SURVIVALIST-DAYZ.COM
﻿20:37:59 : RCon admin #4: (Global) Server will restart in 5 minutes: Prepare to Logout
﻿20:38:47 : Player #15 Luca disconnected
﻿20:39:01 : Player #12 Pibe disconnected
﻿20:39:07 : Player #8 Hailstorm disconnected
﻿20:39:53 : Player #14 VPr3stigious disconnected
﻿20:40:59 : RCon admin #4: (Global) The Server is about to restart. LOG OUT NOW OR YOUR GEAR MAY BE LOST!!
﻿20:41:03 : Player #6 -SDS- King disconnected
﻿20:41:06 : Player #13 Freedom disconnected
﻿20:41:18 : Player #5 Laurence Gommersil disconnected
﻿20:41:26 : Player #1 -SDS-Ban disconnected
﻿20:41:33 : Player #7 Peasant disconnected
﻿20:41:44 : Player #9 PRISMIC disconnected
﻿20:41:45 : Player #10 II TheElite II disconnected
﻿20:42:28 : RCon admin #4: (Global) YOU SHOULD BE LOGGED OUT BY NOW! IF YOU ARENT YOU WILL BE AUTO KICKED AND YOUR GEAR MAY BE LOST! NO REFUNDS!
﻿20:42:36 : Player #2 Turmoil disconnected
﻿20:42:40 : Player #3 [NG2] Jesse disconnected
﻿20:43:32 : Rcon client logging in
﻿20:43:32 : RCon admin #4 (78.31.67.100:58671) logged in
﻿20:43:53 : Player #0 Laurence Gommersil (91.84.65.136:3302) connected
﻿20:43:54 : Player #0 Laurence Gommersil - GUID: f1f45f96a2cdd71b21097c87e6cef51a (unverified)
﻿20:43:54 : Verified GUID (f1f45f96a2cdd71b21097c87e6cef51a) of player #0 Laurence Gommersil
﻿20:43:55 : Player #0 Laurence Gommersil - Legacy GUID: 968c41ae2194f0cd7392781b4dee481b
﻿20:43:58 : Player #1 PRISMIC (195.39.192.48:3302) connected
﻿20:43:59 : Player #1 PRISMIC - GUID: c2a9b9e975c3a16bc843e3b1437182ca (unverified)
﻿20:43:59 : Verified GUID (c2a9b9e975c3a16bc843e3b1437182ca) of player #1 PRISMIC
﻿20:44:00 : Player #1 PRISMIC - Legacy GUID: 40b9483bb39fdbf38ebf22597947cee7
﻿20:44:38 : Player #2 Freedom (173.85.71.79:2304) connected
﻿20:44:39 : Player #2 Freedom - GUID: 32974eed83d84dab3c6a86016f1a1d12 (unverified)
﻿20:44:40 : Verified GUID (32974eed83d84dab3c6a86016f1a1d12) of player #2 Freedom
﻿20:44:40 : Player #2 Freedom - Legacy GUID: 97a8c85ef5bf1164b1deba8cac447118
﻿20:44:43 : Player #3 -SDS-Ban (91.137.32.195:3302) connected
﻿20:44:45 : Player #3 -SDS-Ban - GUID: 1bda1d7f7f9ae72702de431a4bc55b4a (unverified)
﻿20:44:45 : Player #4 Burpman777 (75.128.214.20:3302) connected
﻿20:44:45 : Verified GUID (1bda1d7f7f9ae72702de431a4bc55b4a) of player #3 -SDS-Ban
﻿20:44:45 : Player #3 -SDS-Ban - Legacy GUID: 38e5e3e9b10fb9c9d083aef35e291fde
﻿20:44:46 : Player #4 Burpman777 - GUID: dea50a789f8fea5254dcd5e895a8b7b8 (unverified)
﻿20:44:46 : Verified GUID (dea50a789f8fea5254dcd5e895a8b7b8) of player #4 Burpman777
﻿20:44:47 : Player #4 Burpman777 - Legacy GUID: 99a3960865b12aa2e627a18094dadc96
﻿20:45:46 : Player #5 -SDS- King (92.78.147.137:3302) connected
﻿20:45:48 : Player #5 -SDS- King - GUID: 513c3deb4a6986a9108718c20658f233 (unverified)
﻿20:45:48 : Player #5 -SDS- King - Legacy GUID: 9c4afe2f01736425f74faf2be50d01ee
﻿20:45:54 : Verified GUID (513c3deb4a6986a9108718c20658f233) of player #5 -SDS- King
﻿20:45:56 : Player #6 VPr3stigious (5.151.46.77:2543) connected
﻿20:45:57 : Player #6 VPr3stigious - GUID: 520fde90e3adb9004c83a89995a83881 (unverified)
﻿20:45:57 : Verified GUID (520fde90e3adb9004c83a89995a83881) of player #6 VPr3stigious
﻿20:45:58 : Player #6 VPr3stigious - Legacy GUID: a714e2dbd79e3ef15fafcfc3f61bb65b
﻿20:46:11 : Player #7 RationalGov (66.168.16.50:3302) connected
﻿20:46:12 : Player #7 RationalGov - GUID: c8a3abee832a0419ac7545b864133858 (unverified)
﻿20:46:13 : Verified GUID (c8a3abee832a0419ac7545b864133858) of player #7 RationalGov
﻿20:46:13 : Player #7 RationalGov - Legacy GUID: b3918e957c0cb5831a8c3b52dc24455b
﻿20:46:17 : Player #8 Peasant (86.162.43.39:1026) connected
﻿20:46:18 : Player #8 Peasant - GUID: dea2d42442b9f7baf6c9441b3cdd4c28 (unverified)
﻿20:46:18 : Verified GUID (dea2d42442b9f7baf6c9441b3cdd4c28) of player #8 Peasant
﻿20:46:19 : Player #8 Peasant - Legacy GUID: 4fb7677ee2815a3907adb63d8d1637f4
﻿20:46:35 : Player #9 II TheElite II (83.86.22.79:3302) connected
﻿20:46:36 : Player #9 II TheElite II - GUID: e0d29edb33378bbc6d6506b5f581dd6a (unverified)
﻿20:46:36 : Verified GUID (e0d29edb33378bbc6d6506b5f581dd6a) of player #9 II TheElite II
﻿20:46:37 : Player #9 II TheElite II - Legacy GUID: 0683f2e6246fca2d44581d59ce516fea
﻿20:46:51 : Player #10 [NG2] Jesse (145.133.183.236:3302) connected
﻿20:46:52 : Player #10 [NG2] Jesse - GUID: 1f7a31a6c97ae9822a9e4dcb3de0e9a0 (unverified)
﻿20:46:53 : Verified GUID (1f7a31a6c97ae9822a9e4dcb3de0e9a0) of player #10 [NG2] Jesse
﻿20:46:53 : Player #10 [NG2] Jesse - Legacy GUID: aa29d15133c89f949e71190836ad19cb
﻿20:47:47 : Player #11 Turmoil (85.164.44.228:3302) connected
﻿20:47:48 : Player #11 Turmoil - GUID: 078d3175e22fad797d9a152aaaa83806 (unverified)
﻿20:47:48 : Verified GUID (078d3175e22fad797d9a152aaaa83806) of player #11 Turmoil
﻿20:47:49 : Player #11 Turmoil - Legacy GUID: 153330a3c1eb9ccf7092e322ab07ebb0
﻿20:50:10 : Player #12 Olliec (86.63.29.217:3302) connected
﻿20:50:11 : Player #12 Olliec - GUID: 0b08120bddb36b4325986317219a6bb6 (unverified)
﻿20:50:11 : Verified GUID (0b08120bddb36b4325986317219a6bb6) of player #12 Olliec
﻿20:50:12 : Player #12 Olliec - Legacy GUID: 18d22234b2912db16cfa4a14f3e5ba4c
﻿20:52:09 : Player #13 Fragx (178.199.38.192:2304) connected
﻿20:52:10 : Player #13 Fragx - GUID: 14551b71363dd42c87278f94a291fadf (unverified)
﻿20:52:11 : Verified GUID (14551b71363dd42c87278f94a291fadf) of player #13 Fragx
﻿20:52:11 : Player #13 Fragx disconnected
﻿20:53:03 : Player #13 Sebastian (84.118.159.31:3302) connected
﻿20:53:04 : Player #13 Sebastian - GUID: 9a799dfc537287cfac575dda5f04f439 (unverified)
﻿20:53:05 : Verified GUID (9a799dfc537287cfac575dda5f04f439) of player #13 Sebastian
﻿20:53:05 : Player #13 Sebastian - Legacy GUID: 49d332f8760d380209db3cece2ab1a70
﻿20:55:41 : Player #12 Olliec disconnected
﻿20:57:33 : RCon admin #4: (Global) NO SQUAD XML: ENGLISH ONLY IN SIDE CHAT: VEHICLES AND GEAR CAN BE STOLEN ANYWHERE
﻿21:00:00 : Player #9 II TheElite II disconnected
﻿21:01:38 : Player #6 VPr3stigious disconnected
﻿21:03:50 : Player #6 Pibe (79.52.75.39:51563) connected
﻿21:03:51 : Player #6 Pibe - GUID: db019d7abee4e75a3d01d99ff45bfec5 (unverified)
﻿21:03:52 : Player #6 Pibe - Legacy GUID: df1af60c27a8b4e01079091e4b66044b
﻿21:03:52 : Verified GUID (db019d7abee4e75a3d01d99ff45bfec5) of player #6 Pibe
﻿21:05:15 : Player #9 Luca (79.47.245.147:3302) connected
﻿21:05:17 : Player #9 Luca - GUID: 6e7c40a61724544b4275966bd75de0e6 (unverified)
﻿21:05:17 : Verified GUID (6e7c40a61724544b4275966bd75de0e6) of player #9 Luca
﻿21:05:17 : Player #9 Luca - Legacy GUID: 9d6f7df8f28bf750a2189a9c4d05f558
﻿21:08:32 : RCon admin #4: (Global) ADMINS: LWB AND SIERRA | VISIT THE WEBSITE FOR DONATION PERKS | SURVIVALIST-DAYZ.COM
﻿21:15:49 : Player #12 Sledge (89.73.194.34:2304) connected
﻿21:15:51 : Player #12 Sledge - GUID: 4baef2ea5f5bb9846d1f81424a52d864 (unverified)
﻿21:15:51 : Player #12 Sledge - Legacy GUID: c7e005a73ffc7281fc69fbc7405ecfb1
﻿21:15:52 : Verified GUID (4baef2ea5f5bb9846d1f81424a52d864) of player #12 Sledge
﻿21:15:53 : Player #12 Sledge disconnected
﻿21:16:40 : Player #0 Laurence Gommersil disconnected
﻿21:18:26 : Player #10 [NG2] Jesse disconnected
﻿21:18:28 : Player #8 Peasant disconnected
﻿21:18:57 : RCon admin #5 (86.162.43.39:63891) logged in
﻿21:19:03 : Player #2 Freedom disconnected
﻿21:19:17 : Player #11 Turmoil disconnected
﻿21:22:32 : RCon admin #4: (Global) BASES MUST BE MAINTAINED VIA THE PLOT POLE EVERY 7 DAYS!!
﻿21:23:14 : Player #0 Freedom (173.85.71.79:2304) connected
﻿21:23:16 : Player #0 Freedom - GUID: 32974eed83d84dab3c6a86016f1a1d12 (unverified)
﻿21:23:17 : Player #0 Freedom - Legacy GUID: 97a8c85ef5bf1164b1deba8cac447118
﻿21:23:17 : Verified GUID (32974eed83d84dab3c6a86016f1a1d12) of player #0 Freedom
﻿21:27:32 : RCon admin #4: (Global) NO SQUAD XML: ENGLISH ONLY IN SIDE CHAT: VEHICLES AND GEAR CAN BE STOLEN ANYWHERE
﻿21:30:01 : Player #3 -SDS-Ban disconnected
﻿21:31:20 : Player #2 -SDS-Ban (91.137.32.195:3302) connected
﻿21:31:21 : Player #2 -SDS-Ban - GUID: 1bda1d7f7f9ae72702de431a4bc55b4a (unverified)
﻿21:31:22 : Verified GUID (1bda1d7f7f9ae72702de431a4bc55b4a) of player #2 -SDS-Ban
﻿21:31:22 : Player #2 -SDS-Ban - Legacy GUID: 38e5e3e9b10fb9c9d083aef35e291fde
﻿21:37:06 : Player #0 Freedom (32974eed83d84dab3c6a86016f1a1d12) has been kicked by BattlEye: Ping too high (406)
﻿21:38:32 : RCon admin #4: (Global) ADMINS: LWB AND SIERRA | VISIT THE WEBSITE FOR DONATION PERKS | SURVIVALIST-DAYZ.COM
﻿21:51:34 : Player #0 [NG2] Jesse (145.133.183.236:3302) connected
﻿21:51:35 : Player #0 [NG2] Jesse - GUID: 1f7a31a6c97ae9822a9e4dcb3de0e9a0 (unverified)
﻿21:51:36 : Verified GUID (1f7a31a6c97ae9822a9e4dcb3de0e9a0) of player #0 [NG2] Jesse
﻿21:51:36 : Player #0 [NG2] Jesse - Legacy GUID: aa29d15133c89f949e71190836ad19cb
﻿21:52:32 : RCon admin #4: (Global) BASES MUST BE MAINTAINED VIA THE PLOT POLE EVERY 7 DAYS!!
﻿21:54:02 : Player #3 Turmoil (85.164.44.228:3302) connected
﻿21:54:03 : Player #3 Turmoil - GUID: 078d3175e22fad797d9a152aaaa83806 (unverified)
﻿21:54:04 : Player #3 Turmoil - Legacy GUID: 153330a3c1eb9ccf7092e322ab07ebb0
﻿21:54:04 : Verified GUID (078d3175e22fad797d9a152aaaa83806) of player #3 Turmoil
﻿21:57:32 : RCon admin #4: (Global) NO SQUAD XML: ENGLISH ONLY IN SIDE CHAT: VEHICLES AND GEAR CAN BE STOLEN ANYWHERE
﻿21:57:48 : Player #5 -SDS- King (513c3deb4a6986a9108718c20658f233) has been kicked by BattlEye: Client not responding
﻿22:01:52 : Player #5 boombeast (93.84.38.192:45476) connected
﻿22:01:53 : Player #5 boombeast - GUID: 47d7fbb43b7d93e62cf0f99eebb27d0e (unverified)
﻿22:01:54 : Verified GUID (47d7fbb43b7d93e62cf0f99eebb27d0e) of player #5 boombeast
﻿22:01:54 : Player #5 boombeast - Legacy GUID: e4cbd21bcd6094a4af7caf773ea5c117
﻿22:07:48 : Player #5 boombeast disconnected
﻿22:07:58 : Player #13 Sebastian disconnected
﻿22:08:25 : Player #5 Tomahawwk (73.228.74.113:3302) connected
﻿22:08:27 : Player #5 Tomahawwk - GUID: 4df3205ce40699e4ae1dd7e70aebdfa4 (unverified)
﻿22:08:28 : Player #5 Tomahawwk - Legacy GUID: cd64818205c717b6e25f802d6b891461
﻿22:08:28 : Verified GUID (4df3205ce40699e4ae1dd7e70aebdfa4) of player #5 Tomahawwk
﻿22:08:31 : Player #8 Ryan (73.228.74.113:1067) connected
﻿22:08:32 : Player #8 Ryan - GUID: 94d09d174e279b17d9c2da18b066a3e8 (unverified)
﻿22:08:32 : RCon admin #4: (Global) ADMINS: LWB AND SIERRA | VISIT THE WEBSITE FOR DONATION PERKS | SURVIVALIST-DAYZ.COM
﻿22:08:33 : Verified GUID (94d09d174e279b17d9c2da18b066a3e8) of player #8 Ryan
﻿22:08:33 : Player #8 Ryan - Legacy GUID: e212a8a546ac6125a97a6bbe46cd26d1
﻿22:09:03 : Player #5 Tomahawwk disconnected
﻿22:09:20 : Player #5 SoomqaBlyet (88.196.32.120:2304) connected
﻿22:09:21 : Player #5 SoomqaBlyet - GUID: 01fa97319b8120d5dc76c803f4b462e2 (unverified)
﻿22:09:22 : Player #5 SoomqaBlyet - Legacy GUID: a7792ab60fde4686107b4c281f094a21
﻿22:09:22 : Verified GUID (01fa97319b8120d5dc76c803f4b462e2) of player #5 SoomqaBlyet
﻿22:09:24 : Player #5 SoomqaBlyet disconnected
﻿22:10:42 : Player #5 SoomqaBlyet (88.196.32.120:2304) connected
﻿22:10:43 : Player #5 SoomqaBlyet - GUID: 01fa97319b8120d5dc76c803f4b462e2 (unverified)
﻿22:10:44 : Verified GUID (01fa97319b8120d5dc76c803f4b462e2) of player #5 SoomqaBlyet
﻿22:10:44 : Player #5 SoomqaBlyet - Legacy GUID: a7792ab60fde4686107b4c281f094a21
﻿22:12:26 : Player #10 Tomahawwk (73.228.74.113:3302) connected
﻿22:12:28 : Player #10 Tomahawwk disconnected
﻿22:13:10 : Player #10 Tomahawwk (73.228.74.113:3302) connected
﻿22:13:11 : Player #10 Tomahawwk disconnected
﻿22:15:56 : Player #10 Tomahawwk (73.228.74.113:3302) connected
﻿22:15:58 : Player #10 Tomahawwk - GUID: 4df3205ce40699e4ae1dd7e70aebdfa4 (unverified)
﻿22:15:58 : Verified GUID (4df3205ce40699e4ae1dd7e70aebdfa4) of player #10 Tomahawwk
﻿22:15:58 : Player #10 Tomahawwk - Legacy GUID: cd64818205c717b6e25f802d6b891461
﻿22:22:33 : RCon admin #4: (Global) BASES MUST BE MAINTAINED VIA THE PLOT POLE EVERY 7 DAYS!!
﻿22:27:32 : RCon admin #4: (Global) NO SQUAD XML: ENGLISH ONLY IN SIDE CHAT: VEHICLES AND GEAR CAN BE STOLEN ANYWHERE
﻿22:32:55 : Player #11 Boosted Outlaw (67.199.166.242:3302) connected
﻿22:32:57 : Player #11 Boosted Outlaw - GUID: 939696351dc0920212559d46fe5f594a (unverified)
﻿22:32:57 : Verified GUID (939696351dc0920212559d46fe5f594a) of player #11 Boosted Outlaw
﻿22:32:58 : Player #11 Boosted Outlaw - Legacy GUID: 86ebaa8a4625fccdb3da3708caa5a915
﻿22:37:42 : Player #12 boombeast (93.84.38.192:19598) connected
﻿22:37:43 : Player #12 boombeast - GUID: 47d7fbb43b7d93e62cf0f99eebb27d0e (unverified)
﻿22:37:44 : Player #12 boombeast - Legacy GUID: e4cbd21bcd6094a4af7caf773ea5c117
﻿22:37:44 : Verified GUID (47d7fbb43b7d93e62cf0f99eebb27d0e) of player #12 boombeast
﻿22:38:32 : RCon admin #4: (Global) ADMINS: LWB AND SIERRA | VISIT THE WEBSITE FOR DONATION PERKS | SURVIVALIST-DAYZ.COM
﻿22:38:47 : Player #12 boombeast disconnected
﻿22:42:59 : Player #10 Tomahawwk disconnected
﻿22:43:26 : Player #10 Tomahawwk (73.228.74.113:3302) connected
﻿22:43:27 : Player #10 Tomahawwk - GUID: 4df3205ce40699e4ae1dd7e70aebdfa4 (unverified)
﻿22:43:28 : Verified GUID (4df3205ce40699e4ae1dd7e70aebdfa4) of player #10 Tomahawwk
﻿22:43:28 : Player #10 Tomahawwk - Legacy GUID: cd64818205c717b6e25f802d6b891461
﻿22:44:56 : Player #10 Tomahawwk disconnected
﻿22:45:27 : Player #10 Tomahawwk (73.228.74.113:3302) connected
﻿22:45:29 : Player #10 Tomahawwk - GUID: 4df3205ce40699e4ae1dd7e70aebdfa4 (unverified)
﻿22:45:30 : Player #10 Tomahawwk - Legacy GUID: cd64818205c717b6e25f802d6b891461
﻿22:45:30 : Verified GUID (4df3205ce40699e4ae1dd7e70aebdfa4) of player #10 Tomahawwk
﻿22:52:32 : RCon admin #4: (Global) BASES MUST BE MAINTAINED VIA THE PLOT POLE EVERY 7 DAYS!!
﻿22:57:10 : Player #8 Ryan disconnected
﻿22:57:32 : RCon admin #4: (Global) NO SQUAD XML: ENGLISH ONLY IN SIDE CHAT: VEHICLES AND GEAR CAN BE STOLEN ANYWHERE
﻿22:58:11 : Player #8 Ryan (73.228.74.113:1067) connected
﻿22:58:12 : Player #8 Ryan - GUID: 94d09d174e279b17d9c2da18b066a3e8 (unverified)
﻿22:58:13 : Verified GUID (94d09d174e279b17d9c2da18b066a3e8) of player #8 Ryan
﻿22:58:13 : Player #8 Ryan - Legacy GUID: e212a8a546ac6125a97a6bbe46cd26d1
﻿23:02:45 : Player #6 Pibe disconnected
﻿23:03:33 : RCon admin #4: (Global) Server will restart in 10 minutes
﻿23:03:52 : Player #2 -SDS-Ban disconnected
﻿23:08:33 : RCon admin #4: (Global) ADMINS: LWB AND SIERRA | VISIT THE WEBSITE FOR DONATION PERKS | SURVIVALIST-DAYZ.COM
﻿23:08:33 : RCon admin #4: (Global) Server will restart in 5 minutes: Prepare to Logout
﻿23:09:34 : Player #0 [NG2] Jesse disconnected
﻿23:10:00 : Player #3 Turmoil disconnected
﻿23:10:24 : Player #9 Luca disconnected
﻿23:11:33 : RCon admin #4: (Global) The Server is about to restart. LOG OUT NOW OR YOUR GEAR MAY BE LOST!!
﻿23:11:48 : Player #11 Boosted Outlaw disconnected
﻿23:11:57 : Player #4 Burpman777 disconnected
﻿23:11:57 : Player #1 PRISMIC disconnected
﻿23:12:04 : Player #5 SoomqaBlyet disconnected
﻿23:12:27 : Player #8 Ryan disconnected
﻿23:12:44 : Player #10 Tomahawwk disconnected
﻿23:13:02 : RCon admin #4: (Global) YOU SHOULD BE LOGGED OUT BY NOW! IF YOU ARENT YOU WILL BE AUTO KICKED AND YOUR GEAR MAY BE LOST! NO REFUNDS!
﻿23:14:06 : Rcon client logging in
﻿23:14:06 : RCon admin #4 (78.31.67.100:52609) logged in
﻿23:14:23 : Player #1 PRISMIC (195.39.192.48:3302) connected
﻿23:14:25 : Player #1 PRISMIC - GUID: c2a9b9e975c3a16bc843e3b1437182ca (unverified)
﻿23:14:25 : Verified GUID (c2a9b9e975c3a16bc843e3b1437182ca) of player #1 PRISMIC
﻿23:14:25 : Player #1 PRISMIC - Legacy GUID: 40b9483bb39fdbf38ebf22597947cee7
﻿23:14:36 : Player #2 Burpman777 (75.128.214.20:3302) connected
﻿23:14:37 : Player #2 Burpman777 - GUID: dea50a789f8fea5254dcd5e895a8b7b8 (unverified)
﻿23:14:38 : Verified GUID (dea50a789f8fea5254dcd5e895a8b7b8) of player #2 Burpman777
﻿23:14:38 : Player #2 Burpman777 - Legacy GUID: 99a3960865b12aa2e627a18094dadc96
﻿23:14:51 : Player #3 Tomahawwk (73.228.74.113:3302) connected
﻿23:14:53 : Player #3 Tomahawwk - GUID: 4df3205ce40699e4ae1dd7e70aebdfa4 (unverified)
﻿23:14:54 : Verified GUID (4df3205ce40699e4ae1dd7e70aebdfa4) of player #3 Tomahawwk
﻿23:14:54 : Player #3 Tomahawwk - Legacy GUID: cd64818205c717b6e25f802d6b891461
﻿23:15:38 : Player #4 Ryan (73.228.74.113:1067) connected
﻿23:15:40 : Player #4 Ryan - GUID: 94d09d174e279b17d9c2da18b066a3e8 (unverified)
﻿23:15:40 : Player #4 Ryan - Legacy GUID: e212a8a546ac6125a97a6bbe46cd26d1
﻿23:15:40 : Verified GUID (94d09d174e279b17d9c2da18b066a3e8) of player #4 Ryan
﻿23:16:20 : Player #5 Turmoil (85.164.44.228:3302) connected
﻿23:16:21 : Player #6 [NG2] Jesse (145.133.183.236:3302) connected
﻿23:16:21 : Player #5 Turmoil - GUID: 078d3175e22fad797d9a152aaaa83806 (unverified)
﻿23:16:21 : Verified GUID (078d3175e22fad797d9a152aaaa83806) of player #5 Turmoil
﻿23:16:22 : Player #6 [NG2] Jesse - GUID: 1f7a31a6c97ae9822a9e4dcb3de0e9a0 (unverified)
﻿23:16:22 : Player #5 Turmoil - Legacy GUID: 153330a3c1eb9ccf7092e322ab07ebb0
﻿23:16:22 : Verified GUID (1f7a31a6c97ae9822a9e4dcb3de0e9a0) of player #6 [NG2] Jesse
﻿23:16:23 : Player #6 [NG2] Jesse - Legacy GUID: aa29d15133c89f949e71190836ad19cb
﻿23:26:30 : Player #7 RationalGov (66.168.16.50:3302) connected
﻿23:26:32 : Player #7 RationalGov - GUID: c8a3abee832a0419ac7545b864133858 (unverified)
﻿23:26:32 : Player #7 RationalGov - Legacy GUID: b3918e957c0cb5831a8c3b52dc24455b
﻿23:26:32 : Verified GUID (c8a3abee832a0419ac7545b864133858) of player #7 RationalGov
﻿23:28:06 : RCon admin #4: (Global) NO SQUAD XML: ENGLISH ONLY IN SIDE CHAT: VEHICLES AND GEAR CAN BE STOLEN ANYWHERE
﻿23:39:06 : RCon admin #4: (Global) ADMINS: LWB AND SIERRA | VISIT THE WEBSITE FOR DONATION PERKS | SURVIVALIST-DAYZ.COM
﻿23:39:25 : Player #1 PRISMIC disconnected
﻿23:39:51 : Player #1 PRISMIC (195.39.192.48:3302) connected
﻿23:39:53 : Player #1 PRISMIC - GUID: c2a9b9e975c3a16bc843e3b1437182ca (unverified)
﻿23:39:53 : Verified GUID (c2a9b9e975c3a16bc843e3b1437182ca) of player #1 PRISMIC
﻿23:39:53 : Player #1 PRISMIC - Legacy GUID: 40b9483bb39fdbf38ebf22597947cee7
﻿23:47:45 : Player #3 Tomahawwk disconnected
﻿23:48:19 : Player #3 Tomahawwk (73.228.74.113:3302) connected
﻿23:48:23 : Player #3 Tomahawwk - GUID: 4df3205ce40699e4ae1dd7e70aebdfa4 (unverified)
﻿23:48:23 : Verified GUID (4df3205ce40699e4ae1dd7e70aebdfa4) of player #3 Tomahawwk
﻿23:48:23 : Player #3 Tomahawwk - Legacy GUID: cd64818205c717b6e25f802d6b891461
﻿23:51:55 : Player #3 Tomahawwk (4df3205ce40699e4ae1dd7e70aebdfa4) has been kicked by BattlEye: Client not responding
﻿23:53:06 : RCon admin #4: (Global) BASES MUST BE MAINTAINED VIA THE PLOT POLE EVERY 7 DAYS!!
﻿23:54:00 : Player #3 Tomahawwk (73.228.74.113:3302) connected
﻿23:54:03 : Player #3 Tomahawwk - GUID: 4df3205ce40699e4ae1dd7e70aebdfa4 (unverified)
﻿23:54:03 : Verified GUID (4df3205ce40699e4ae1dd7e70aebdfa4) of player #3 Tomahawwk
﻿23:54:05 : Player #3 Tomahawwk - Legacy GUID: cd64818205c717b6e25f802d6b891461
﻿23:58:06 : RCon admin #4: (Global) NO SQUAD XML: ENGLISH ONLY IN SIDE CHAT: VEHICLES AND GEAR CAN BE STOLEN ANYWHERE
