00:02:52 : Player #9 That Dude (82.22.182.70:2304) connected
﻿00:02:53 : Player #9 That Dude - GUID: de717c692bd18915b3bd42163612fb4c (unverified)
﻿00:02:53 : Verified GUID (de717c692bd18915b3bd42163612fb4c) of player #9 That Dude
﻿00:02:54 : Player #9 That Dude - Legacy GUID: 972ae6cbcf6dd6a2714b96c9edac1939
﻿00:03:03 : RCon admin #3: (Global) BASES MUST BE MAINTAINED VIA THE PLOT POLE EVERY 7 DAYS!! VEHICLES MUST BE USED EVERY 3 DAYS!!
﻿00:03:43 : Player #10 Major Laugh (90.221.33.206:3302) connected
﻿00:03:44 : Player #10 Major Laugh - GUID: 465950d6d81c48545d3d0f79b6f0badb (unverified)
﻿00:03:45 : Verified GUID (465950d6d81c48545d3d0f79b6f0badb) of player #10 Major Laugh
﻿00:03:45 : Player #10 Major Laugh - Legacy GUID: 83d733b6cdb3cd32b544d456e1d7c61d
﻿00:07:28 : Player #1 picachy disconnected
﻿00:08:03 : RCon admin #3: (Global) NO SQUAD XML: ENGLISH ONLY IN SIDE CHAT: VEHICLES AND GEAR CAN BE STOLEN ANYWHERE
﻿00:12:19 : Player #8 Tom disconnected
﻿00:12:40 : RCon admin #2 (86.133.162.23:58986) logged in
﻿00:19:03 : RCon admin #3: (Global) ADMINS: LWB AND SIERRA | VISIT THE WEBSITE SURVIVALIST-DAYZ.COM
﻿00:33:03 : RCon admin #3: (Global) BASES MUST BE MAINTAINED VIA THE PLOT POLE EVERY 7 DAYS!! VEHICLES MUST BE USED EVERY 3 DAYS!!
﻿00:33:23 : Player #5 Pibe disconnected
﻿00:38:03 : RCon admin #3: (Global) NO SQUAD XML: ENGLISH ONLY IN SIDE CHAT: VEHICLES AND GEAR CAN BE STOLEN ANYWHERE
﻿00:49:03 : RCon admin #3: (Global) ADMINS: LWB AND SIERRA | VISIT THE WEBSITE SURVIVALIST-DAYZ.COM
﻿01:03:03 : RCon admin #3: (Global) BASES MUST BE MAINTAINED VIA THE PLOT POLE EVERY 7 DAYS!! VEHICLES MUST BE USED EVERY 3 DAYS!!
﻿01:08:03 : RCon admin #3: (Global) NO SQUAD XML: ENGLISH ONLY IN SIDE CHAT: VEHICLES AND GEAR CAN BE STOLEN ANYWHERE
﻿01:14:03 : RCon admin #3: (Global) Server will restart in 10 minutes
﻿01:18:00 : RCon admin #4 (86.133.162.23:51984) logged in
﻿01:18:48 : Player #3 Ryan disconnected
﻿01:19:03 : RCon admin #3: (Global) ADMINS: LWB AND SIERRA | VISIT THE WEBSITE SURVIVALIST-DAYZ.COM
﻿01:19:04 : RCon admin #3: (Global) Server will restart in 5 minutes: Prepare to Logout
﻿01:19:34 : Player #2 Tomahawwk disconnected
﻿01:20:37 : Player #7 Boosted Outlaw disconnected
﻿01:21:25 : Player #0 Luca disconnected
﻿01:22:03 : RCon admin #3: (Global) The Server is about to restart. LOG OUT NOW OR YOUR GEAR MAY BE LOST!!
﻿01:22:17 : Player #4 Misa disconnected
﻿01:23:07 : Player #6 Doriny disconnected
﻿01:23:08 : Player #9 That Dude disconnected
﻿01:23:25 : Player #10 Major Laugh disconnected
﻿01:23:33 : RCon admin #3: (Global) YOU SHOULD BE LOGGED OUT BY NOW! IF YOU ARENT YOU WILL BE AUTO KICKED AND YOUR GEAR MAY BE LOST! NO REFUNDS!
﻿01:24:37 : Rcon client logging in
﻿01:24:37 : RCon admin #3 (78.31.67.100:51391) logged in
﻿01:28:52 : Player #0 Misa (89.28.14.34:2304) connected
﻿01:28:53 : Player #0 Misa - GUID: d7ca440e01bb6c96aec422a007d66c0d (unverified)
﻿01:28:54 : Verified GUID (d7ca440e01bb6c96aec422a007d66c0d) of player #0 Misa
﻿01:28:54 : Player #0 Misa - Legacy GUID: f8b8db6482ee112f128666b6589b42c1
﻿01:30:37 : Player #1 Ryan (73.228.74.113:3302) connected
﻿01:30:39 : Player #1 Ryan - GUID: 94d09d174e279b17d9c2da18b066a3e8 (unverified)
﻿01:30:40 : Player #1 Ryan - Legacy GUID: e212a8a546ac6125a97a6bbe46cd26d1
﻿01:30:40 : Verified GUID (94d09d174e279b17d9c2da18b066a3e8) of player #1 Ryan
﻿01:30:58 : Player #2 Boosted Outlaw (67.199.166.242:3302) connected
﻿01:31:00 : Player #2 Boosted Outlaw - GUID: 939696351dc0920212559d46fe5f594a (unverified)
﻿01:31:00 : Verified GUID (939696351dc0920212559d46fe5f594a) of player #2 Boosted Outlaw
﻿01:31:01 : Player #2 Boosted Outlaw - Legacy GUID: 86ebaa8a4625fccdb3da3708caa5a915
﻿01:36:19 : Player #3 Tomahawwk (73.228.74.113:1024) connected
﻿01:36:21 : Player #3 Tomahawwk - GUID: 4df3205ce40699e4ae1dd7e70aebdfa4 (unverified)
﻿01:36:21 : Player #3 Tomahawwk - Legacy GUID: cd64818205c717b6e25f802d6b891461
﻿01:36:21 : Verified GUID (4df3205ce40699e4ae1dd7e70aebdfa4) of player #3 Tomahawwk
﻿01:38:37 : RCon admin #3: (Global) NO SQUAD XML: ENGLISH ONLY IN SIDE CHAT: VEHICLES AND GEAR CAN BE STOLEN ANYWHERE
﻿01:49:37 : RCon admin #3: (Global) ADMINS: LWB AND SIERRA | VISIT THE WEBSITE SURVIVALIST-DAYZ.COM
﻿01:51:00 : Player #4 iHostiiX (91.4.57.224:3302) connected
﻿01:51:01 : Player #4 iHostiiX - GUID: 65bf3319a1a4ca33372a1e9b4a7b8452 (unverified)
﻿01:51:02 : Verified GUID (65bf3319a1a4ca33372a1e9b4a7b8452) of player #4 iHostiiX
﻿01:51:02 : Player #4 iHostiiX - Legacy GUID: 472f98ea7fa03438684612f08930cf34
﻿02:03:37 : RCon admin #3: (Global) BASES MUST BE MAINTAINED VIA THE PLOT POLE EVERY 7 DAYS!! VEHICLES MUST BE USED EVERY 3 DAYS!!
﻿02:05:02 : Player #0 Misa disconnected
﻿02:08:37 : RCon admin #3: (Global) NO SQUAD XML: ENGLISH ONLY IN SIDE CHAT: VEHICLES AND GEAR CAN BE STOLEN ANYWHERE
﻿02:18:31 : Player #3 Tomahawwk disconnected
﻿02:19:37 : RCon admin #3: (Global) ADMINS: LWB AND SIERRA | VISIT THE WEBSITE SURVIVALIST-DAYZ.COM
﻿02:20:17 : Player #0 Tomahawwk (73.228.74.113:1024) connected
﻿02:20:21 : Player #0 Tomahawwk - GUID: 4df3205ce40699e4ae1dd7e70aebdfa4 (unverified)
﻿02:20:21 : Player #0 Tomahawwk - Legacy GUID: cd64818205c717b6e25f802d6b891461
﻿02:20:22 : Verified GUID (4df3205ce40699e4ae1dd7e70aebdfa4) of player #0 Tomahawwk
﻿02:33:37 : RCon admin #3: (Global) BASES MUST BE MAINTAINED VIA THE PLOT POLE EVERY 7 DAYS!! VEHICLES MUST BE USED EVERY 3 DAYS!!
﻿02:37:38 : Player #4 iHostiiX disconnected
﻿02:38:37 : RCon admin #3: (Global) NO SQUAD XML: ENGLISH ONLY IN SIDE CHAT: VEHICLES AND GEAR CAN BE STOLEN ANYWHERE
﻿02:49:37 : RCon admin #3: (Global) ADMINS: LWB AND SIERRA | VISIT THE WEBSITE SURVIVALIST-DAYZ.COM
﻿02:58:06 : Player #1 Ryan disconnected
﻿02:58:16 : Player #0 Tomahawwk disconnected
﻿03:00:38 : Player #2 Boosted Outlaw disconnected
﻿03:03:37 : RCon admin #3: (Global) BASES MUST BE MAINTAINED VIA THE PLOT POLE EVERY 7 DAYS!! VEHICLES MUST BE USED EVERY 3 DAYS!!
﻿03:07:17 : RCon admin #4 (86.133.162.23:52357) logged in
﻿03:08:37 : RCon admin #3: (Global) NO SQUAD XML: ENGLISH ONLY IN SIDE CHAT: VEHICLES AND GEAR CAN BE STOLEN ANYWHERE
﻿03:11:15 : Player #0 Freedom (173.85.71.79:2304) connected
﻿03:11:16 : Player #0 Freedom - GUID: 32974eed83d84dab3c6a86016f1a1d12 (unverified)
﻿03:11:16 : Verified GUID (32974eed83d84dab3c6a86016f1a1d12) of player #0 Freedom
﻿03:11:17 : Player #0 Freedom - Legacy GUID: 97a8c85ef5bf1164b1deba8cac447118
﻿03:19:37 : RCon admin #3: (Global) ADMINS: LWB AND SIERRA | VISIT THE WEBSITE SURVIVALIST-DAYZ.COM
﻿03:20:04 : RCon admin #2 (86.133.162.23:58042) logged in
﻿03:33:37 : RCon admin #3: (Global) BASES MUST BE MAINTAINED VIA THE PLOT POLE EVERY 7 DAYS!! VEHICLES MUST BE USED EVERY 3 DAYS!!
﻿03:38:37 : RCon admin #3: (Global) NO SQUAD XML: ENGLISH ONLY IN SIDE CHAT: VEHICLES AND GEAR CAN BE STOLEN ANYWHERE
﻿03:44:37 : RCon admin #3: (Global) Server will restart in 10 minutes
﻿03:49:37 : RCon admin #3: (Global) ADMINS: LWB AND SIERRA | VISIT THE WEBSITE SURVIVALIST-DAYZ.COM
﻿03:49:38 : RCon admin #3: (Global) Server will restart in 5 minutes: Prepare to Logout
﻿03:51:19 : Player #1 11th (178.155.5.240:58173) connected
﻿03:51:20 : Player #1 11th - GUID: c95dd1e30e0ce3d1a554843c5c59a882 (unverified)
﻿03:51:21 : Verified GUID (c95dd1e30e0ce3d1a554843c5c59a882) of player #1 11th
﻿03:51:21 : Player #1 11th - Legacy GUID: 5fa0281857b6f73f4eda9cf5c3ef6ea6
﻿03:51:25 : Player #1 11th disconnected
﻿03:52:09 : Player #0 Freedom disconnected
﻿03:52:37 : RCon admin #3: (Global) The Server is about to restart. LOG OUT NOW OR YOUR GEAR MAY BE LOST!!
﻿03:54:07 : RCon admin #3: (Global) YOU SHOULD BE LOGGED OUT BY NOW! IF YOU ARENT YOU WILL BE AUTO KICKED AND YOUR GEAR MAY BE LOST! NO REFUNDS!
﻿03:55:11 : Rcon client logging in
﻿03:55:11 : RCon admin #2 (78.31.67.100:54555) logged in
﻿03:55:21 : RCon admin #3 (86.133.162.23:56386) logged in
﻿04:05:21 : Player #0 Freedom (173.85.71.79:2304) connected
﻿04:05:23 : Player #0 Freedom - GUID: 32974eed83d84dab3c6a86016f1a1d12 (unverified)
﻿04:05:24 : Player #0 Freedom - Legacy GUID: 97a8c85ef5bf1164b1deba8cac447118
﻿04:05:24 : Verified GUID (32974eed83d84dab3c6a86016f1a1d12) of player #0 Freedom
﻿04:09:11 : RCon admin #2: (Global) NO SQUAD XML: ENGLISH ONLY IN SIDE CHAT: VEHICLES AND GEAR CAN BE STOLEN ANYWHERE
﻿04:18:50 : RCon admin #4 (86.133.162.23:61461) logged in
﻿04:20:11 : RCon admin #2: (Global) ADMINS: LWB AND SIERRA | VISIT THE WEBSITE SURVIVALIST-DAYZ.COM
﻿04:34:11 : RCon admin #2: (Global) BASES MUST BE MAINTAINED VIA THE PLOT POLE EVERY 7 DAYS!! VEHICLES MUST BE USED EVERY 3 DAYS!!
﻿04:39:11 : RCon admin #2: (Global) NO SQUAD XML: ENGLISH ONLY IN SIDE CHAT: VEHICLES AND GEAR CAN BE STOLEN ANYWHERE
﻿04:50:11 : RCon admin #2: (Global) ADMINS: LWB AND SIERRA | VISIT THE WEBSITE SURVIVALIST-DAYZ.COM
﻿05:04:11 : RCon admin #2: (Global) BASES MUST BE MAINTAINED VIA THE PLOT POLE EVERY 7 DAYS!! VEHICLES MUST BE USED EVERY 3 DAYS!!
﻿05:09:11 : RCon admin #2: (Global) NO SQUAD XML: ENGLISH ONLY IN SIDE CHAT: VEHICLES AND GEAR CAN BE STOLEN ANYWHERE
﻿05:20:11 : RCon admin #2: (Global) ADMINS: LWB AND SIERRA | VISIT THE WEBSITE SURVIVALIST-DAYZ.COM
﻿05:24:11 : Player #1 2DIE4 (84.130.106.88:3302) connected
﻿05:24:13 : Player #1 2DIE4 - GUID: 97b8e8b63e4439b2b62c99dde2b8b8a1 (unverified)
﻿05:24:14 : Verified GUID (97b8e8b63e4439b2b62c99dde2b8b8a1) of player #1 2DIE4
﻿05:24:15 : Player #1 2DIE4 - Legacy GUID: e56dc54c0a6d92faa8a284d7c54bffab
﻿05:34:11 : RCon admin #2: (Global) BASES MUST BE MAINTAINED VIA THE PLOT POLE EVERY 7 DAYS!! VEHICLES MUST BE USED EVERY 3 DAYS!!
﻿05:39:11 : RCon admin #2: (Global) NO SQUAD XML: ENGLISH ONLY IN SIDE CHAT: VEHICLES AND GEAR CAN BE STOLEN ANYWHERE
﻿05:50:11 : RCon admin #2: (Global) ADMINS: LWB AND SIERRA | VISIT THE WEBSITE SURVIVALIST-DAYZ.COM
﻿06:02:16 : RCon admin #3 (86.133.162.23:51669) logged in
﻿06:04:11 : RCon admin #2: (Global) BASES MUST BE MAINTAINED VIA THE PLOT POLE EVERY 7 DAYS!! VEHICLES MUST BE USED EVERY 3 DAYS!!
﻿06:09:11 : RCon admin #2: (Global) NO SQUAD XML: ENGLISH ONLY IN SIDE CHAT: VEHICLES AND GEAR CAN BE STOLEN ANYWHERE
﻿06:15:11 : RCon admin #2: (Global) Server will restart in 10 minutes
﻿06:20:11 : RCon admin #2: (Global) ADMINS: LWB AND SIERRA | VISIT THE WEBSITE SURVIVALIST-DAYZ.COM
﻿06:20:12 : RCon admin #2: (Global) Server will restart in 5 minutes: Prepare to Logout
﻿06:22:36 : Player #0 Freedom disconnected
﻿06:23:11 : RCon admin #2: (Global) The Server is about to restart. LOG OUT NOW OR YOUR GEAR MAY BE LOST!!
﻿06:24:41 : RCon admin #2: (Global) YOU SHOULD BE LOGGED OUT BY NOW! IF YOU ARENT YOU WILL BE AUTO KICKED AND YOUR GEAR MAY BE LOST! NO REFUNDS!
﻿06:25:45 : Rcon client logging in
﻿06:25:45 : RCon admin #3 (78.31.67.100:52451) logged in
﻿06:36:08 : Player #0 Freedom (173.85.71.79:2304) connected
﻿06:36:09 : Player #0 Freedom - GUID: 32974eed83d84dab3c6a86016f1a1d12 (unverified)
﻿06:36:10 : Verified GUID (32974eed83d84dab3c6a86016f1a1d12) of player #0 Freedom
﻿06:36:10 : Player #0 Freedom - Legacy GUID: 97a8c85ef5bf1164b1deba8cac447118
﻿06:39:45 : RCon admin #3: (Global) NO SQUAD XML: ENGLISH ONLY IN SIDE CHAT: VEHICLES AND GEAR CAN BE STOLEN ANYWHERE
﻿06:42:22 : RCon admin #4 (86.133.162.23:54995) logged in
﻿06:50:45 : RCon admin #3: (Global) ADMINS: LWB AND SIERRA | VISIT THE WEBSITE SURVIVALIST-DAYZ.COM
﻿07:04:13 : Player #0 Freedom disconnected
﻿07:04:45 : RCon admin #3: (Global) BASES MUST BE MAINTAINED VIA THE PLOT POLE EVERY 7 DAYS!! VEHICLES MUST BE USED EVERY 3 DAYS!!
﻿07:09:45 : RCon admin #3: (Global) NO SQUAD XML: ENGLISH ONLY IN SIDE CHAT: VEHICLES AND GEAR CAN BE STOLEN ANYWHERE
﻿07:12:03 : RCon admin #2 (86.133.162.23:58550) logged in
﻿07:20:45 : RCon admin #3: (Global) ADMINS: LWB AND SIERRA | VISIT THE WEBSITE SURVIVALIST-DAYZ.COM
﻿07:34:45 : RCon admin #3: (Global) BASES MUST BE MAINTAINED VIA THE PLOT POLE EVERY 7 DAYS!! VEHICLES MUST BE USED EVERY 3 DAYS!!
﻿07:39:45 : RCon admin #3: (Global) NO SQUAD XML: ENGLISH ONLY IN SIDE CHAT: VEHICLES AND GEAR CAN BE STOLEN ANYWHERE
﻿07:40:39 : Player #0 Mario (188.26.79.56:3302) connected
﻿07:40:41 : Player #0 Mario - GUID: 1daf4deee2cb2cdbf48266893826a6d7 (unverified)
﻿07:40:41 : Verified GUID (1daf4deee2cb2cdbf48266893826a6d7) of player #0 Mario
﻿07:40:41 : Player #0 Mario - Legacy GUID: 19c7c6a4420f22d99240bb7c03666bf1
﻿07:42:20 : Player #1 2DIE4 (84.130.106.88:3302) connected
﻿07:42:22 : Player #1 2DIE4 - GUID: 97b8e8b63e4439b2b62c99dde2b8b8a1 (unverified)
﻿07:42:22 : Verified GUID (97b8e8b63e4439b2b62c99dde2b8b8a1) of player #1 2DIE4
﻿07:42:23 : Player #1 2DIE4 - Legacy GUID: e56dc54c0a6d92faa8a284d7c54bffab
﻿07:44:30 : Player #2 PRISMIC (195.39.192.26:3302) connected
﻿07:44:32 : Player #2 PRISMIC - GUID: c2a9b9e975c3a16bc843e3b1437182ca (unverified)
﻿07:44:32 : Verified GUID (c2a9b9e975c3a16bc843e3b1437182ca) of player #2 PRISMIC
﻿07:44:32 : Player #2 PRISMIC - Legacy GUID: 40b9483bb39fdbf38ebf22597947cee7
﻿07:48:02 : Player #3 willi (46.59.174.76:17909) connected
﻿07:48:03 : Player #3 willi - GUID: 415117d21e0cc4bd4ad168345c1a0439 (unverified)
﻿07:48:04 : Verified GUID (415117d21e0cc4bd4ad168345c1a0439) of player #3 willi
﻿07:48:04 : Player #3 willi - Legacy GUID: 13c900257215747b9a38385d10e4de53
﻿07:50:45 : RCon admin #3: (Global) ADMINS: LWB AND SIERRA | VISIT THE WEBSITE SURVIVALIST-DAYZ.COM
﻿08:04:45 : RCon admin #3: (Global) BASES MUST BE MAINTAINED VIA THE PLOT POLE EVERY 7 DAYS!! VEHICLES MUST BE USED EVERY 3 DAYS!!
﻿08:05:13 : Player #4 Hillary Clinton (93.222.250.59:3302) connected
﻿08:05:14 : Player #4 Hillary Clinton - GUID: 0692c4867addd58d9591110bb02a6244 (unverified)
﻿08:05:15 : Verified GUID (0692c4867addd58d9591110bb02a6244) of player #4 Hillary Clinton
﻿08:05:15 : Player #4 Hillary Clinton - Legacy GUID: e22681f3383bb6138a608cbe99764fe1
﻿08:05:17 : Player #4 Hillary Clinton disconnected
﻿08:06:24 : Player #4 Echo (93.222.250.59:3302) connected
﻿08:06:25 : Player #4 Echo - GUID: 0692c4867addd58d9591110bb02a6244 (unverified)
﻿08:06:26 : Player #4 Echo - Legacy GUID: e22681f3383bb6138a608cbe99764fe1
﻿08:06:28 : Verified GUID (0692c4867addd58d9591110bb02a6244) of player #4 Echo
﻿08:08:50 : Player #5 Gunjack (88.88.251.207:3302) connected
﻿08:08:51 : Player #5 Gunjack - GUID: 8dc767ca5dd8132cd72ec9d3dea3f245 (unverified)
﻿08:08:51 : Verified GUID (8dc767ca5dd8132cd72ec9d3dea3f245) of player #5 Gunjack
﻿08:08:52 : Player #5 Gunjack - Legacy GUID: 73399ebfddcab2d5890aa044bc8e8086
﻿08:09:37 : Player #0 Mario disconnected
﻿08:09:45 : RCon admin #3: (Global) NO SQUAD XML: ENGLISH ONLY IN SIDE CHAT: VEHICLES AND GEAR CAN BE STOLEN ANYWHERE
﻿08:20:45 : RCon admin #3: (Global) ADMINS: LWB AND SIERRA | VISIT THE WEBSITE SURVIVALIST-DAYZ.COM
﻿08:34:45 : RCon admin #3: (Global) BASES MUST BE MAINTAINED VIA THE PLOT POLE EVERY 7 DAYS!! VEHICLES MUST BE USED EVERY 3 DAYS!!
﻿08:36:20 : RCon admin #4 (86.133.162.23:53973) logged in
﻿08:39:45 : RCon admin #3: (Global) NO SQUAD XML: ENGLISH ONLY IN SIDE CHAT: VEHICLES AND GEAR CAN BE STOLEN ANYWHERE
﻿08:42:10 : Player #2 PRISMIC disconnected
﻿08:45:36 : Player #4 Echo disconnected
﻿08:45:45 : RCon admin #3: (Global) Server will restart in 10 minutes
﻿08:50:45 : RCon admin #3: (Global) ADMINS: LWB AND SIERRA | VISIT THE WEBSITE SURVIVALIST-DAYZ.COM
﻿08:50:46 : RCon admin #3: (Global) Server will restart in 5 minutes: Prepare to Logout
﻿08:51:20 : Player #5 Gunjack disconnected
﻿08:53:45 : RCon admin #3: (Global) The Server is about to restart. LOG OUT NOW OR YOUR GEAR MAY BE LOST!!
﻿08:55:15 : RCon admin #3: (Global) YOU SHOULD BE LOGGED OUT BY NOW! IF YOU ARENT YOU WILL BE AUTO KICKED AND YOUR GEAR MAY BE LOST! NO REFUNDS!
﻿08:56:19 : Rcon client logging in
﻿08:56:19 : RCon admin #3 (78.31.67.100:58216) logged in
﻿08:56:58 : Player #0 Misa (89.28.14.34:2304) connected
﻿08:56:59 : Player #0 Misa - GUID: d7ca440e01bb6c96aec422a007d66c0d (unverified)
﻿08:57:00 : Verified GUID (d7ca440e01bb6c96aec422a007d66c0d) of player #0 Misa
﻿08:57:00 : Player #0 Misa - Legacy GUID: f8b8db6482ee112f128666b6589b42c1
﻿08:57:03 : Player #0 Misa disconnected
﻿08:58:33 : Player #0 Misa (89.28.14.34:2304) connected
﻿08:58:34 : Player #0 Misa - GUID: d7ca440e01bb6c96aec422a007d66c0d (unverified)
﻿08:58:34 : Verified GUID (d7ca440e01bb6c96aec422a007d66c0d) of player #0 Misa
﻿08:58:35 : Player #0 Misa - Legacy GUID: f8b8db6482ee112f128666b6589b42c1
﻿08:59:03 : Player #1 willi (46.59.174.76:17909) connected
﻿08:59:04 : Player #1 willi - GUID: 415117d21e0cc4bd4ad168345c1a0439 (unverified)
﻿08:59:05 : Verified GUID (415117d21e0cc4bd4ad168345c1a0439) of player #1 willi
﻿08:59:05 : Player #1 willi - Legacy GUID: 13c900257215747b9a38385d10e4de53
﻿09:04:49 : Player #2 Donald Trump (178.200.93.19:3302) connected
﻿09:04:50 : Player #2 Donald Trump - GUID: 5cfd15b84e558bc0ef1f0210efc34126 (unverified)
﻿09:04:50 : Verified GUID (5cfd15b84e558bc0ef1f0210efc34126) of player #2 Donald Trump
﻿09:04:51 : Player #2 Donald Trump - Legacy GUID: a5953aeb5d5414bdf99a6fe9cbecf6c4
﻿09:04:56 : Player #2 Donald Trump disconnected
﻿09:06:49 : Player #2 Donald Trump (178.200.93.19:3302) connected
﻿09:06:50 : Player #2 Donald Trump - GUID: 5cfd15b84e558bc0ef1f0210efc34126 (unverified)
﻿09:06:50 : Verified GUID (5cfd15b84e558bc0ef1f0210efc34126) of player #2 Donald Trump
﻿09:06:51 : Player #2 Donald Trump - Legacy GUID: a5953aeb5d5414bdf99a6fe9cbecf6c4
﻿09:10:19 : RCon admin #3: (Global) NO SQUAD XML: ENGLISH ONLY IN SIDE CHAT: VEHICLES AND GEAR CAN BE STOLEN ANYWHERE
﻿09:15:05 : Player #3 Naboneon (92.109.19.51:2304) connected
﻿09:15:07 : Player #3 Naboneon - GUID: af218458e5de06a0ea4de6756ae5f86c (unverified)
﻿09:15:08 : Player #3 Naboneon - Legacy GUID: d637c39d6aab59dc385fc6c0a372cc32
﻿09:15:08 : Verified GUID (af218458e5de06a0ea4de6756ae5f86c) of player #3 Naboneon
﻿09:15:09 : Player #3 Naboneon disconnected
﻿09:18:41 : Player #3 PRISMIC (195.39.192.26:3302) connected
﻿09:18:42 : Player #3 PRISMIC - GUID: c2a9b9e975c3a16bc843e3b1437182ca (unverified)
﻿09:18:43 : Verified GUID (c2a9b9e975c3a16bc843e3b1437182ca) of player #3 PRISMIC
﻿09:18:48 : Player #3 PRISMIC - Legacy GUID: 40b9483bb39fdbf38ebf22597947cee7
﻿09:19:56 : Player #3 PRISMIC disconnected
﻿09:20:29 : Player #3 PRISMIC (195.39.192.26:3302) connected
﻿09:20:30 : Player #3 PRISMIC - GUID: c2a9b9e975c3a16bc843e3b1437182ca (unverified)
﻿09:20:31 : Player #3 PRISMIC - Legacy GUID: 40b9483bb39fdbf38ebf22597947cee7
﻿09:20:32 : Verified GUID (c2a9b9e975c3a16bc843e3b1437182ca) of player #3 PRISMIC
﻿09:21:19 : RCon admin #3: (Global) ADMINS: LWB AND SIERRA | VISIT THE WEBSITE SURVIVALIST-DAYZ.COM
﻿09:26:09 : Player #4 Turmoil (85.164.44.228:3302) connected
﻿09:26:11 : Player #4 Turmoil - GUID: 078d3175e22fad797d9a152aaaa83806 (unverified)
﻿09:26:11 : Verified GUID (078d3175e22fad797d9a152aaaa83806) of player #4 Turmoil
﻿09:26:11 : Player #4 Turmoil - Legacy GUID: 153330a3c1eb9ccf7092e322ab07ebb0
﻿09:28:24 : Player #5 Echo (93.222.250.59:3302) connected
﻿09:28:25 : Player #5 Echo - GUID: 0692c4867addd58d9591110bb02a6244 (unverified)
﻿09:28:26 : Player #5 Echo - Legacy GUID: e22681f3383bb6138a608cbe99764fe1
﻿09:28:29 : Verified GUID (0692c4867addd58d9591110bb02a6244) of player #5 Echo
﻿09:30:36 : RCon admin #4 (86.133.162.23:49767) logged in
﻿09:35:19 : RCon admin #3: (Global) BASES MUST BE MAINTAINED VIA THE PLOT POLE EVERY 7 DAYS!! VEHICLES MUST BE USED EVERY 3 DAYS!!
﻿09:35:44 : Player #1 willi disconnected
﻿09:38:56 : Player #3 PRISMIC disconnected
﻿09:40:19 : RCon admin #3: (Global) NO SQUAD XML: ENGLISH ONLY IN SIDE CHAT: VEHICLES AND GEAR CAN BE STOLEN ANYWHERE
﻿09:41:23 : RCon admin #3: (To Echo) Watch your language. No Warnings left. Next badword will result in kick
﻿09:44:03 : Player #1 Shady (78.90.100.167:3302) connected
﻿09:44:04 : Player #1 Shady - GUID: c2a1472c57add02281a826cc6d663a2f (unverified)
﻿09:44:05 : Verified GUID (c2a1472c57add02281a826cc6d663a2f) of player #1 Shady
﻿09:44:05 : Player #1 Shady - Legacy GUID: 65200b6018fe99954448217477c5f9ce
﻿09:51:19 : RCon admin #3: (Global) ADMINS: LWB AND SIERRA | VISIT THE WEBSITE SURVIVALIST-DAYZ.COM
﻿09:51:40 : RCon admin #0 (86.133.162.23:49721) logged in
﻿09:59:16 : Player #1 Shady disconnected
﻿10:05:19 : RCon admin #3: (Global) BASES MUST BE MAINTAINED VIA THE PLOT POLE EVERY 7 DAYS!! VEHICLES MUST BE USED EVERY 3 DAYS!!
﻿10:05:31 : Player #4 Turmoil disconnected
﻿10:10:19 : RCon admin #3: (Global) NO SQUAD XML: ENGLISH ONLY IN SIDE CHAT: VEHICLES AND GEAR CAN BE STOLEN ANYWHERE
﻿10:21:19 : RCon admin #3: (Global) ADMINS: LWB AND SIERRA | VISIT THE WEBSITE SURVIVALIST-DAYZ.COM
﻿10:21:43 : Player #1 Mario (188.26.79.56:3302) connected
﻿10:21:45 : Player #1 Mario - GUID: 1daf4deee2cb2cdbf48266893826a6d7 (unverified)
﻿10:21:45 : Player #1 Mario - Legacy GUID: 19c7c6a4420f22d99240bb7c03666bf1
﻿10:21:51 : Verified GUID (1daf4deee2cb2cdbf48266893826a6d7) of player #1 Mario
﻿10:27:52 : RCon admin #4 (86.133.162.23:64272) logged in
﻿10:29:46 : Player #1 Mario disconnected
﻿10:35:19 : RCon admin #3: (Global) BASES MUST BE MAINTAINED VIA THE PLOT POLE EVERY 7 DAYS!! VEHICLES MUST BE USED EVERY 3 DAYS!!
﻿10:36:41 : Player #1 Doriny (95.65.38.9:3302) connected
﻿10:36:43 : Player #1 Doriny - GUID: 758d222f75a434723f89f12ce31ede21 (unverified)
﻿10:36:43 : Player #1 Doriny - Legacy GUID: 91a3f73c8f47a727597bca7cc2f2d115
﻿10:36:44 : Verified GUID (758d222f75a434723f89f12ce31ede21) of player #1 Doriny
﻿10:40:19 : RCon admin #3: (Global) NO SQUAD XML: ENGLISH ONLY IN SIDE CHAT: VEHICLES AND GEAR CAN BE STOLEN ANYWHERE
﻿10:51:19 : RCon admin #3: (Global) ADMINS: LWB AND SIERRA | VISIT THE WEBSITE SURVIVALIST-DAYZ.COM
﻿11:02:54 : Player #3 Tarık (78.176.214.205:2304) connected
﻿11:02:55 : Player #3 Tarık - GUID: 2b7dc363649baa667e8809dea613671c (unverified)
﻿11:02:55 : Player #3 Tarık (2b7dc363649baa667e8809dea613671c) has been kicked by BattlEye: Admin Kick (BEC : Fix your player name, it needs to be ASCII chars only)
﻿11:05:19 : RCon admin #3: (Global) BASES MUST BE MAINTAINED VIA THE PLOT POLE EVERY 7 DAYS!! VEHICLES MUST BE USED EVERY 3 DAYS!!
﻿11:10:19 : RCon admin #3: (Global) NO SQUAD XML: ENGLISH ONLY IN SIDE CHAT: VEHICLES AND GEAR CAN BE STOLEN ANYWHERE
﻿11:16:19 : RCon admin #3: (Global) Server will restart in 10 minutes
﻿11:21:19 : RCon admin #3: (Global) ADMINS: LWB AND SIERRA | VISIT THE WEBSITE SURVIVALIST-DAYZ.COM
﻿11:21:20 : RCon admin #3: (Global) Server will restart in 5 minutes: Prepare to Logout
﻿11:22:34 : Player #5 Echo disconnected
﻿11:22:39 : Player #2 Donald Trump disconnected
﻿11:24:19 : RCon admin #3: (Global) The Server is about to restart. LOG OUT NOW OR YOUR GEAR MAY BE LOST!!
﻿11:25:18 : Player #0 Misa disconnected
﻿11:25:49 : RCon admin #3: (Global) YOU SHOULD BE LOGGED OUT BY NOW! IF YOU ARENT YOU WILL BE AUTO KICKED AND YOUR GEAR MAY BE LOST! NO REFUNDS!
﻿11:26:53 : Rcon client logging in
﻿11:26:53 : RCon admin #3 (78.31.67.100:56353) logged in
﻿11:27:13 : Player #0 Echo (93.222.250.59:3302) connected
﻿11:27:15 : Player #0 Echo - GUID: 0692c4867addd58d9591110bb02a6244 (unverified)
﻿11:27:15 : Verified GUID (0692c4867addd58d9591110bb02a6244) of player #0 Echo
﻿11:27:15 : Player #0 Echo - Legacy GUID: e22681f3383bb6138a608cbe99764fe1
﻿11:27:24 : Player #1 Doriny (95.65.38.9:3302) connected
﻿11:27:26 : Player #1 Doriny - GUID: 758d222f75a434723f89f12ce31ede21 (unverified)
﻿11:27:26 : Verified GUID (758d222f75a434723f89f12ce31ede21) of player #1 Doriny
﻿11:27:26 : Player #1 Doriny - Legacy GUID: 91a3f73c8f47a727597bca7cc2f2d115
﻿11:27:40 : Player #2 Donald Trump (178.200.93.19:3302) connected
﻿11:27:41 : Player #2 Donald Trump - GUID: 5cfd15b84e558bc0ef1f0210efc34126 (unverified)
﻿11:27:42 : Verified GUID (5cfd15b84e558bc0ef1f0210efc34126) of player #2 Donald Trump
﻿11:27:42 : Player #2 Donald Trump - Legacy GUID: a5953aeb5d5414bdf99a6fe9cbecf6c4
﻿11:28:18 : Player #3 Misa (89.28.14.34:2304) connected
﻿11:28:19 : Player #3 Misa - GUID: d7ca440e01bb6c96aec422a007d66c0d (unverified)
﻿11:28:19 : Verified GUID (d7ca440e01bb6c96aec422a007d66c0d) of player #3 Misa
﻿11:28:20 : Player #3 Misa - Legacy GUID: f8b8db6482ee112f128666b6589b42c1
﻿11:40:53 : RCon admin #3: (Global) NO SQUAD XML: ENGLISH ONLY IN SIDE CHAT: VEHICLES AND GEAR CAN BE STOLEN ANYWHERE
﻿11:51:53 : RCon admin #3: (Global) ADMINS: LWB AND SIERRA | VISIT THE WEBSITE SURVIVALIST-DAYZ.COM
﻿12:05:53 : RCon admin #3: (Global) BASES MUST BE MAINTAINED VIA THE PLOT POLE EVERY 7 DAYS!! VEHICLES MUST BE USED EVERY 3 DAYS!!
﻿12:10:53 : RCon admin #3: (Global) NO SQUAD XML: ENGLISH ONLY IN SIDE CHAT: VEHICLES AND GEAR CAN BE STOLEN ANYWHERE
﻿12:21:53 : RCon admin #3: (Global) ADMINS: LWB AND SIERRA | VISIT THE WEBSITE SURVIVALIST-DAYZ.COM
﻿12:27:31 : Player #4 -SDS- Gowther (188.103.244.110:3302) connected
﻿12:27:32 : Player #4 -SDS- Gowther - GUID: 03492c7dbb4087e80f5c95d1df0aebac (unverified)
﻿12:27:33 : Verified GUID (03492c7dbb4087e80f5c95d1df0aebac) of player #4 -SDS- Gowther
﻿12:27:33 : Player #4 -SDS- Gowther - Legacy GUID: 459161ad2315d6e5e544515528714548
﻿12:35:53 : RCon admin #3: (Global) BASES MUST BE MAINTAINED VIA THE PLOT POLE EVERY 7 DAYS!! VEHICLES MUST BE USED EVERY 3 DAYS!!
﻿12:36:31 : Player #5 Nxstyy (79.225.161.8:3302) connected
﻿12:36:32 : Player #5 Nxstyy - GUID: 270bcdf721d7a6b71579272b78c99d0b (unverified)
﻿12:36:32 : Verified GUID (270bcdf721d7a6b71579272b78c99d0b) of player #5 Nxstyy
﻿12:36:33 : Player #5 Nxstyy - Legacy GUID: 1d2eba88ae615fec88ce0e2f34de9cec
﻿12:40:11 : Player #5 Nxstyy disconnected
﻿12:40:53 : RCon admin #3: (Global) NO SQUAD XML: ENGLISH ONLY IN SIDE CHAT: VEHICLES AND GEAR CAN BE STOLEN ANYWHERE
﻿12:47:07 : RCon admin #4 (86.133.162.23:50026) logged in
﻿12:51:53 : RCon admin #3: (Global) ADMINS: LWB AND SIERRA | VISIT THE WEBSITE SURVIVALIST-DAYZ.COM
﻿12:54:31 : Player #4 -SDS- Gowther disconnected
﻿12:55:42 : Player #4 iHostiiX (91.4.57.224:3302) connected
﻿12:55:44 : Player #4 iHostiiX - GUID: 65bf3319a1a4ca33372a1e9b4a7b8452 (unverified)
﻿12:55:44 : Player #4 iHostiiX - Legacy GUID: 472f98ea7fa03438684612f08930cf34
﻿12:55:45 : Verified GUID (65bf3319a1a4ca33372a1e9b4a7b8452) of player #4 iHostiiX
﻿13:05:32 : RCon admin #2 (86.133.162.23:58454) logged in
﻿13:05:53 : RCon admin #3: (Global) BASES MUST BE MAINTAINED VIA THE PLOT POLE EVERY 7 DAYS!! VEHICLES MUST BE USED EVERY 3 DAYS!!
﻿13:10:53 : RCon admin #3: (Global) NO SQUAD XML: ENGLISH ONLY IN SIDE CHAT: VEHICLES AND GEAR CAN BE STOLEN ANYWHERE
﻿13:21:53 : RCon admin #3: (Global) ADMINS: LWB AND SIERRA | VISIT THE WEBSITE SURVIVALIST-DAYZ.COM
﻿13:22:10 : Player #4 iHostiiX disconnected
﻿13:29:52 : Player #4 kemna (87.123.221.11:3302) connected
﻿13:29:54 : Player #4 kemna - GUID: b305a024feae9f6f6c0cb1fe93d1be1e (unverified)
﻿13:29:54 : Verified GUID (b305a024feae9f6f6c0cb1fe93d1be1e) of player #4 kemna
﻿13:29:54 : Player #4 kemna - Legacy GUID: 460127d03a4a7a87be239b67b880bab2
﻿13:35:53 : RCon admin #3: (Global) BASES MUST BE MAINTAINED VIA THE PLOT POLE EVERY 7 DAYS!! VEHICLES MUST BE USED EVERY 3 DAYS!!
﻿13:40:53 : RCon admin #3: (Global) NO SQUAD XML: ENGLISH ONLY IN SIDE CHAT: VEHICLES AND GEAR CAN BE STOLEN ANYWHERE
﻿13:46:37 : Player #4 kemna disconnected
﻿13:46:53 : RCon admin #3: (Global) Server will restart in 10 minutes
﻿13:49:14 : Player #4 Freedom (173.85.71.79:2304) connected
﻿13:49:16 : Player #4 Freedom - GUID: 32974eed83d84dab3c6a86016f1a1d12 (unverified)
﻿13:49:16 : Verified GUID (32974eed83d84dab3c6a86016f1a1d12) of player #4 Freedom
﻿13:49:16 : Player #4 Freedom - Legacy GUID: 97a8c85ef5bf1164b1deba8cac447118
﻿13:51:53 : RCon admin #3: (Global) ADMINS: LWB AND SIERRA | VISIT THE WEBSITE SURVIVALIST-DAYZ.COM
﻿13:51:54 : RCon admin #3: (Global) Server will restart in 5 minutes: Prepare to Logout
﻿13:54:53 : RCon admin #3: (Global) The Server is about to restart. LOG OUT NOW OR YOUR GEAR MAY BE LOST!!
﻿13:55:14 : Player #4 Freedom disconnected
﻿13:55:17 : Player #2 Donald Trump disconnected
﻿13:55:18 : Player #0 Echo disconnected
﻿13:55:58 : Player #3 Misa disconnected
﻿13:56:23 : RCon admin #3: (Global) YOU SHOULD BE LOGGED OUT BY NOW! IF YOU ARENT YOU WILL BE AUTO KICKED AND YOUR GEAR MAY BE LOST! NO REFUNDS!
﻿13:57:27 : Rcon client logging in
﻿13:57:27 : RCon admin #3 (78.31.67.100:60680) logged in
﻿13:58:21 : Player #0 iHostiiX (91.4.57.224:3302) connected
﻿13:58:22 : Player #0 iHostiiX - GUID: 65bf3319a1a4ca33372a1e9b4a7b8452 (unverified)
﻿13:58:23 : Verified GUID (65bf3319a1a4ca33372a1e9b4a7b8452) of player #0 iHostiiX
﻿13:58:23 : Player #0 iHostiiX - Legacy GUID: 472f98ea7fa03438684612f08930cf34
﻿13:58:33 : Player #1 Freedom (173.85.71.79:2304) connected
﻿13:58:34 : Player #1 Freedom - GUID: 32974eed83d84dab3c6a86016f1a1d12 (unverified)
﻿13:58:34 : Verified GUID (32974eed83d84dab3c6a86016f1a1d12) of player #1 Freedom
﻿13:58:38 : Player #1 Freedom - Legacy GUID: 97a8c85ef5bf1164b1deba8cac447118
﻿13:59:13 : Player #2 Echo (93.222.250.59:3302) connected
﻿13:59:14 : Player #2 Echo - GUID: 0692c4867addd58d9591110bb02a6244 (unverified)
﻿13:59:15 : Verified GUID (0692c4867addd58d9591110bb02a6244) of player #2 Echo
﻿13:59:15 : Player #2 Echo - Legacy GUID: e22681f3383bb6138a608cbe99764fe1
﻿14:00:18 : Player #3 2DIE4 (84.130.106.88:3302) connected
﻿14:00:20 : Player #3 2DIE4 - GUID: 97b8e8b63e4439b2b62c99dde2b8b8a1 (unverified)
﻿14:00:20 : Verified GUID (97b8e8b63e4439b2b62c99dde2b8b8a1) of player #3 2DIE4
﻿14:00:20 : Player #3 2DIE4 - Legacy GUID: e56dc54c0a6d92faa8a284d7c54bffab
﻿14:03:35 : Player #4 Doriny (95.65.38.9:3302) connected
﻿14:03:36 : Player #4 Doriny - GUID: 758d222f75a434723f89f12ce31ede21 (unverified)
﻿14:03:37 : Player #4 Doriny - Legacy GUID: 91a3f73c8f47a727597bca7cc2f2d115
﻿14:03:37 : Verified GUID (758d222f75a434723f89f12ce31ede21) of player #4 Doriny
﻿14:04:08 : Player #5 Misa (89.28.14.34:2304) connected
﻿14:04:09 : Player #5 Misa - GUID: d7ca440e01bb6c96aec422a007d66c0d (unverified)
﻿14:04:09 : Verified GUID (d7ca440e01bb6c96aec422a007d66c0d) of player #5 Misa
﻿14:04:10 : Player #5 Misa - Legacy GUID: f8b8db6482ee112f128666b6589b42c1
﻿14:08:23 : Player #6 kemna (87.123.221.11:3302) connected
﻿14:08:24 : Player #6 kemna - GUID: b305a024feae9f6f6c0cb1fe93d1be1e (unverified)
﻿14:08:25 : Verified GUID (b305a024feae9f6f6c0cb1fe93d1be1e) of player #6 kemna
﻿14:08:25 : Player #6 kemna - Legacy GUID: 460127d03a4a7a87be239b67b880bab2
﻿14:11:27 : Player #7 Donald Trump (178.200.93.19:3302) connected
﻿14:11:27 : RCon admin #3: (Global) NO SQUAD XML: ENGLISH ONLY IN SIDE CHAT: VEHICLES AND GEAR CAN BE STOLEN ANYWHERE
﻿14:11:28 : Player #7 Donald Trump - GUID: 5cfd15b84e558bc0ef1f0210efc34126 (unverified)
﻿14:11:29 : Verified GUID (5cfd15b84e558bc0ef1f0210efc34126) of player #7 Donald Trump
﻿14:11:29 : Player #7 Donald Trump - Legacy GUID: a5953aeb5d5414bdf99a6fe9cbecf6c4
﻿14:20:30 : Player #8 Ken (188.96.127.82:3302) connected
﻿14:20:32 : Player #8 Ken - GUID: 5bea63a72d81f798360ea40cbb65c9ef (unverified)
﻿14:20:32 : Verified GUID (5bea63a72d81f798360ea40cbb65c9ef) of player #8 Ken
﻿14:20:33 : Player #8 Ken - Legacy GUID: ee3ab93a6a54a2b36eedaca5d48c62a1
﻿14:22:27 : RCon admin #3: (Global) ADMINS: LWB AND SIERRA | VISIT THE WEBSITE SURVIVALIST-DAYZ.COM
﻿14:36:28 : RCon admin #3: (Global) BASES MUST BE MAINTAINED VIA THE PLOT POLE EVERY 7 DAYS!! VEHICLES MUST BE USED EVERY 3 DAYS!!
﻿14:39:43 : RCon admin #4 (86.133.162.23:52493) logged in
﻿14:41:28 : RCon admin #3: (Global) NO SQUAD XML: ENGLISH ONLY IN SIDE CHAT: VEHICLES AND GEAR CAN BE STOLEN ANYWHERE
﻿14:42:31 : Player #9 Arne (2.104.45.123:3302) connected
﻿14:42:32 : Player #9 Arne - GUID: 438b3f774367dfe1203639f51a6f5c4f (unverified)
﻿14:42:33 : Verified GUID (438b3f774367dfe1203639f51a6f5c4f) of player #9 Arne
﻿14:42:33 : Player #9 Arne - Legacy GUID: 8aec1d74ca7b7b889f081e10656686f1
﻿14:51:06 : Player #7 Donald Trump disconnected
﻿14:52:28 : RCon admin #3: (Global) ADMINS: LWB AND SIERRA | VISIT THE WEBSITE SURVIVALIST-DAYZ.COM
﻿14:53:35 : Player #4 Doriny disconnected
﻿14:57:21 : Player #4 PickupmyPoop (87.117.189.87:9762) connected
﻿14:57:23 : Player #4 PickupmyPoop - GUID: 9a386e7b4014a5620f7c60e37f3ded70 (unverified)
﻿14:57:23 : Verified GUID (9a386e7b4014a5620f7c60e37f3ded70) of player #4 PickupmyPoop
﻿14:57:23 : Player #4 PickupmyPoop - Legacy GUID: 1d256e4ba38ace39bc53df8c325a738b
﻿15:06:28 : RCon admin #3: (Global) BASES MUST BE MAINTAINED VIA THE PLOT POLE EVERY 7 DAYS!! VEHICLES MUST BE USED EVERY 3 DAYS!!
﻿15:11:28 : RCon admin #3: (Global) NO SQUAD XML: ENGLISH ONLY IN SIDE CHAT: VEHICLES AND GEAR CAN BE STOLEN ANYWHERE
﻿15:22:27 : RCon admin #3: (Global) ADMINS: LWB AND SIERRA | VISIT THE WEBSITE SURVIVALIST-DAYZ.COM
﻿15:26:22 : Player #7 Turmoil (85.164.44.228:3302) connected
﻿15:26:23 : Player #7 Turmoil - GUID: 078d3175e22fad797d9a152aaaa83806 (unverified)
﻿15:26:24 : Verified GUID (078d3175e22fad797d9a152aaaa83806) of player #7 Turmoil
﻿15:26:24 : Player #7 Turmoil - Legacy GUID: 153330a3c1eb9ccf7092e322ab07ebb0
﻿15:36:27 : RCon admin #3: (Global) BASES MUST BE MAINTAINED VIA THE PLOT POLE EVERY 7 DAYS!! VEHICLES MUST BE USED EVERY 3 DAYS!!
﻿15:41:27 : RCon admin #3: (Global) NO SQUAD XML: ENGLISH ONLY IN SIDE CHAT: VEHICLES AND GEAR CAN BE STOLEN ANYWHERE
﻿15:51:18 : RCon admin #3: (To Turmoil) Watch your language. No Warnings left. Next badword will result in kick
﻿15:52:20 : RCon admin #3: (To Echo) Watch your language. No Warnings left. Next badword will result in kick
﻿15:52:27 : RCon admin #3: (Global) ADMINS: LWB AND SIERRA | VISIT THE WEBSITE SURVIVALIST-DAYZ.COM
﻿15:52:29 : Player #5 Misa disconnected
﻿15:54:23 : Player #5 Doriny (95.65.38.9:3302) connected
﻿15:54:25 : Player #5 Doriny - GUID: 758d222f75a434723f89f12ce31ede21 (unverified)
﻿15:54:25 : Verified GUID (758d222f75a434723f89f12ce31ede21) of player #5 Doriny
﻿15:54:26 : Player #5 Doriny - Legacy GUID: 91a3f73c8f47a727597bca7cc2f2d115
﻿15:56:44 : Player #10 Misa (89.28.14.34:2304) connected
﻿15:56:45 : Player #10 Misa - GUID: d7ca440e01bb6c96aec422a007d66c0d (unverified)
﻿15:56:46 : Verified GUID (d7ca440e01bb6c96aec422a007d66c0d) of player #10 Misa
﻿15:56:47 : Player #10 Misa - Legacy GUID: f8b8db6482ee112f128666b6589b42c1
﻿15:56:49 : Player #10 Misa disconnected
﻿15:57:46 : Player #10 Misa (89.28.14.34:2304) connected
﻿15:57:48 : Player #10 Misa - GUID: d7ca440e01bb6c96aec422a007d66c0d (unverified)
﻿15:57:48 : Verified GUID (d7ca440e01bb6c96aec422a007d66c0d) of player #10 Misa
﻿15:57:48 : Player #10 Misa - Legacy GUID: f8b8db6482ee112f128666b6589b42c1
﻿15:59:42 : Player #4 PickupmyPoop disconnected
﻿16:00:18 : RCon admin #1 (86.133.162.23:50003) logged in
﻿16:06:27 : RCon admin #3: (Global) BASES MUST BE MAINTAINED VIA THE PLOT POLE EVERY 7 DAYS!! VEHICLES MUST BE USED EVERY 3 DAYS!!
﻿16:10:11 : No Valid response. Trying to reconnect.!
﻿16:10:11 : Rcon client logging in
﻿16:10:11 : RCon admin #3 (78.31.67.100:60680) logged in
﻿16:10:59 : Player #8 Ken disconnected
﻿16:11:27 : RCon admin #3: (Global) NO SQUAD XML: ENGLISH ONLY IN SIDE CHAT: VEHICLES AND GEAR CAN BE STOLEN ANYWHERE
﻿16:12:06 : Player #0 iHostiiX disconnected
﻿16:12:29 : Player #7 Turmoil disconnected
﻿16:14:31 : Player #0 Turmoil (85.164.44.228:3302) connected
﻿16:14:32 : Player #0 Turmoil - GUID: 078d3175e22fad797d9a152aaaa83806 (unverified)
﻿16:14:33 : Player #0 Turmoil - Legacy GUID: 153330a3c1eb9ccf7092e322ab07ebb0
﻿16:14:33 : Verified GUID (078d3175e22fad797d9a152aaaa83806) of player #0 Turmoil
﻿16:15:24 : Player #4 MeGa_Koffiepot (83.134.182.154:47162) connected
﻿16:15:25 : Player #4 MeGa_Koffiepot disconnected
﻿16:16:09 : RCon admin #2: (Global) LWB: Not new lol, its always been there
﻿16:16:53 : RCon admin #2: (Global) LWB: Id go with destroyed by sds tbh
﻿16:17:05 : Player #6 kemna disconnected
﻿16:17:27 : RCon admin #3: (Global) Server will restart in 10 minutes
﻿16:17:34 : Player #9 Arne disconnected
﻿16:22:27 : RCon admin #3: (Global) ADMINS: LWB AND SIERRA | VISIT THE WEBSITE SURVIVALIST-DAYZ.COM
﻿16:22:27 : RCon admin #3: (Global) Server will restart in 5 minutes: Prepare to Logout
﻿16:23:26 : Player #4 Patriks (213.110.82.122:2304) connected
﻿16:23:27 : Player #4 Patriks - GUID: 0097ee7032ce1f1873329744381ed958 (unverified)
﻿16:23:28 : Verified GUID (0097ee7032ce1f1873329744381ed958) of player #4 Patriks
﻿16:23:28 : Player #4 Patriks - Legacy GUID: d42052aefc0430ea96308cca973f1428
﻿16:24:58 : Player #1 Freedom disconnected
﻿16:25:27 : RCon admin #3: (Global) The Server is about to restart. LOG OUT NOW OR YOUR GEAR MAY BE LOST!!
﻿16:25:49 : Player #2 Echo disconnected
﻿16:26:00 : Player #4 Patriks disconnected
﻿16:26:33 : Player #10 Misa disconnected
﻿16:26:55 : Player #0 Turmoil disconnected
﻿16:26:57 : RCon admin #3: (Global) YOU SHOULD BE LOGGED OUT BY NOW! IF YOU ARENT YOU WILL BE AUTO KICKED AND YOUR GEAR MAY BE LOST! NO REFUNDS!
﻿16:28:22 : Rcon client logging in
﻿16:28:25 : RCon admin #3 (78.31.67.100:55065) logged in
﻿16:28:56 : Player #0 Doriny (95.65.38.9:3302) connected
﻿16:28:57 : Player #0 Doriny - GUID: 758d222f75a434723f89f12ce31ede21 (unverified)
﻿16:28:58 : Verified GUID (758d222f75a434723f89f12ce31ede21) of player #0 Doriny
﻿16:28:58 : Player #0 Doriny - Legacy GUID: 91a3f73c8f47a727597bca7cc2f2d115
﻿16:29:17 : Player #2 Misa (89.28.14.34:2304) connected
﻿16:29:18 : Player #2 Misa - GUID: d7ca440e01bb6c96aec422a007d66c0d (unverified)
﻿16:29:18 : Verified GUID (d7ca440e01bb6c96aec422a007d66c0d) of player #2 Misa
﻿16:29:19 : Player #2 Misa - Legacy GUID: f8b8db6482ee112f128666b6589b42c1
﻿16:29:31 : Player #3 Winans (178.200.93.19:3302) connected
﻿16:29:33 : Player #3 Winans - GUID: 5cfd15b84e558bc0ef1f0210efc34126 (unverified)
﻿16:29:33 : Verified GUID (5cfd15b84e558bc0ef1f0210efc34126) of player #3 Winans
﻿16:29:33 : Player #3 Winans - Legacy GUID: a5953aeb5d5414bdf99a6fe9cbecf6c4
﻿16:29:42 : Player #4 Hailstorm (93.222.250.59:3302) connected
﻿16:29:44 : Player #4 Hailstorm - GUID: 0692c4867addd58d9591110bb02a6244 (unverified)
﻿16:29:44 : Verified GUID (0692c4867addd58d9591110bb02a6244) of player #4 Hailstorm
﻿16:29:44 : Player #4 Hailstorm - Legacy GUID: e22681f3383bb6138a608cbe99764fe1
﻿16:30:25 : Player #5 2DIE4 (84.130.106.88:3302) connected
﻿16:30:26 : Player #5 2DIE4 - GUID: 97b8e8b63e4439b2b62c99dde2b8b8a1 (unverified)
﻿16:30:27 : Player #5 2DIE4 - Legacy GUID: e56dc54c0a6d92faa8a284d7c54bffab
﻿16:30:27 : Verified GUID (97b8e8b63e4439b2b62c99dde2b8b8a1) of player #5 2DIE4
﻿16:31:29 : Player #6 Freedom (173.85.71.79:2304) connected
﻿16:31:30 : Player #6 Freedom - GUID: 32974eed83d84dab3c6a86016f1a1d12 (unverified)
﻿16:31:31 : Verified GUID (32974eed83d84dab3c6a86016f1a1d12) of player #6 Freedom
﻿16:31:31 : Player #6 Freedom - Legacy GUID: 97a8c85ef5bf1164b1deba8cac447118
﻿16:34:33 : Player #7 kemna (87.123.221.11:3302) connected
﻿16:34:35 : Player #7 kemna - GUID: b305a024feae9f6f6c0cb1fe93d1be1e (unverified)
﻿16:34:35 : Player #7 kemna - Legacy GUID: 460127d03a4a7a87be239b67b880bab2
﻿16:34:35 : Verified GUID (b305a024feae9f6f6c0cb1fe93d1be1e) of player #7 kemna
﻿16:36:49 : Player #8 Turmoil (85.164.44.228:3302) connected
﻿16:36:50 : Player #8 Turmoil - GUID: 078d3175e22fad797d9a152aaaa83806 (unverified)
﻿16:36:50 : Verified GUID (078d3175e22fad797d9a152aaaa83806) of player #8 Turmoil
﻿16:36:51 : Player #8 Turmoil - Legacy GUID: 153330a3c1eb9ccf7092e322ab07ebb0
﻿16:42:22 : RCon admin #3: (Global) NO SQUAD XML: ENGLISH ONLY IN SIDE CHAT: VEHICLES AND GEAR CAN BE STOLEN ANYWHERE
﻿16:43:07 : Player #9 iHostiiX (91.4.57.224:3302) connected
﻿16:43:08 : Player #9 iHostiiX - GUID: 65bf3319a1a4ca33372a1e9b4a7b8452 (unverified)
﻿16:43:09 : Verified GUID (65bf3319a1a4ca33372a1e9b4a7b8452) of player #9 iHostiiX
﻿16:43:09 : Player #9 iHostiiX - Legacy GUID: 472f98ea7fa03438684612f08930cf34
﻿16:49:14 : Player #10 seth (86.180.134.33:3302) connected
﻿16:49:15 : Player #10 seth - GUID: 314bfb0c5b3a2e20bcb0710eca4409ae (unverified)
﻿16:49:16 : Player #10 seth - Legacy GUID: 69e2c17d742bf73f77669bfdcd5cf111
﻿16:49:16 : Verified GUID (314bfb0c5b3a2e20bcb0710eca4409ae) of player #10 seth
﻿16:52:12 : Player #10 seth (314bfb0c5b3a2e20bcb0710eca4409ae) has been kicked by BattlEye: PublicVariable Value Restriction #114
﻿16:53:22 : RCon admin #3: (Global) ADMINS: LWB AND SIERRA | VISIT THE WEBSITE SURVIVALIST-DAYZ.COM
﻿16:53:23 : Player #10 seth (86.180.134.33:3302) connected
﻿16:53:25 : Player #10 seth - GUID: 314bfb0c5b3a2e20bcb0710eca4409ae (unverified)
﻿16:53:25 : Player #10 seth - Legacy GUID: 69e2c17d742bf73f77669bfdcd5cf111
﻿16:53:26 : Verified GUID (314bfb0c5b3a2e20bcb0710eca4409ae) of player #10 seth
﻿16:55:41 : Player #11 kral_ (46.196.193.101:2304) connected
﻿16:55:42 : Player #11 kral_ - GUID: 477243bec4300a51617aedc1e50c3e17 (unverified)
﻿16:55:43 : Player #11 kral_ - Legacy GUID: cbe3e062a5bd29e1a58bb12f67baefd3
﻿16:55:43 : Verified GUID (477243bec4300a51617aedc1e50c3e17) of player #11 kral_
﻿16:55:44 : Player #11 kral_ disconnected
﻿16:57:38 : Player #11 Arne (2.104.45.123:3302) connected
﻿16:57:40 : Player #11 Arne - GUID: 438b3f774367dfe1203639f51a6f5c4f (unverified)
﻿16:57:40 : Verified GUID (438b3f774367dfe1203639f51a6f5c4f) of player #11 Arne
﻿16:57:41 : Player #11 Arne - Legacy GUID: 8aec1d74ca7b7b889f081e10656686f1
﻿17:03:00 : Player #1 Patriks disconnected
﻿17:07:23 : RCon admin #3: (Global) BASES MUST BE MAINTAINED VIA THE PLOT POLE EVERY 7 DAYS!! VEHICLES MUST BE USED EVERY 3 DAYS!!
﻿17:12:23 : RCon admin #3: (Global) NO SQUAD XML: ENGLISH ONLY IN SIDE CHAT: VEHICLES AND GEAR CAN BE STOLEN ANYWHERE
﻿17:14:28 : Player #8 Turmoil disconnected
﻿17:20:48 : Player #1 Peasant (86.133.162.23:2304) connected
﻿17:20:49 : Player #1 Peasant - GUID: bc07c7c39c76cf95a7a434d686d9df66 (unverified)
﻿17:20:50 : Player #1 Peasant - Legacy GUID: 977383e15b6c706cac44ca953ba440c7
﻿17:20:50 : Player #1 Peasant disconnected
﻿17:20:56 : Player #1 Peasant (86.133.162.23:2304) connected
﻿17:20:57 : Player #1 Peasant - GUID: bc07c7c39c76cf95a7a434d686d9df66 (unverified)
﻿17:20:58 : Player #1 Peasant - Legacy GUID: 977383e15b6c706cac44ca953ba440c7
﻿17:21:05 : Player #1 Peasant disconnected
﻿17:21:32 : Player #1 Peasant (86.133.162.23:2304) connected
﻿17:21:33 : Player #1 Peasant - GUID: bc07c7c39c76cf95a7a434d686d9df66 (unverified)
﻿17:21:34 : Player #1 Peasant disconnected
﻿17:21:34 : Player #1 Peasant - Legacy GUID: 977383e15b6c706cac44ca953ba440c7
﻿17:21:43 : Player #1 Peasant (86.133.162.23:2304) connected
﻿17:21:44 : Player #1 Peasant - GUID: bc07c7c39c76cf95a7a434d686d9df66 (unverified)
﻿17:21:45 : Player #1 Peasant - Legacy GUID: 977383e15b6c706cac44ca953ba440c7
﻿17:21:49 : Player #1 Peasant disconnected
﻿17:23:23 : RCon admin #3: (Global) ADMINS: LWB AND SIERRA | VISIT THE WEBSITE SURVIVALIST-DAYZ.COM
﻿17:24:22 : Player #1 Peasant (86.133.162.23:2304) connected
﻿17:24:23 : Player #1 Peasant - GUID: bc07c7c39c76cf95a7a434d686d9df66 (unverified)
﻿17:24:24 : Player #1 Peasant - Legacy GUID: 977383e15b6c706cac44ca953ba440c7
﻿17:24:26 : Player #1 Peasant disconnected
﻿17:24:51 : Player #6 Freedom disconnected
﻿17:25:26 : Player #1 Peasant (86.133.162.23:2304) connected
﻿17:25:28 : Player #1 Peasant - GUID: bc07c7c39c76cf95a7a434d686d9df66 (unverified)
﻿17:25:29 : Player #1 Peasant - Legacy GUID: 977383e15b6c706cac44ca953ba440c7
﻿17:25:29 : Verified GUID (bc07c7c39c76cf95a7a434d686d9df66) of player #1 Peasant
﻿17:27:59 : Player #1 Peasant - Legacy GUID: 977383e15b6c706cac44ca953ba440c7
﻿17:37:23 : RCon admin #3: (Global) BASES MUST BE MAINTAINED VIA THE PLOT POLE EVERY 7 DAYS!! VEHICLES MUST BE USED EVERY 3 DAYS!!
﻿17:41:44 : Player #6 finnmakool (94.192.210.42:2304) connected
﻿17:41:46 : Player #6 finnmakool - GUID: b475cf615ac51062ec2b40c5a6837349 (unverified)
﻿17:41:47 : Player #6 finnmakool - Legacy GUID: 1418dd68741cba4ddf56a56127e5a74c
﻿17:41:47 : Verified GUID (b475cf615ac51062ec2b40c5a6837349) of player #6 finnmakool
﻿17:41:47 : Player #6 finnmakool disconnected
﻿17:42:07 : Player #6 Razboi (178.187.197.162:3302) connected
﻿17:42:09 : Player #6 Razboi - GUID: 67d61b5bd0467422d035fb53e3e1664f (unverified)
﻿17:42:09 : Player #6 Razboi - Legacy GUID: 3af1b75dc85e2039f9b9b802e09edfb7
﻿17:42:17 : Verified GUID (67d61b5bd0467422d035fb53e3e1664f) of player #6 Razboi
﻿17:42:23 : RCon admin #3: (Global) NO SQUAD XML: ENGLISH ONLY IN SIDE CHAT: VEHICLES AND GEAR CAN BE STOLEN ANYWHERE
﻿17:53:23 : RCon admin #3: (Global) ADMINS: LWB AND SIERRA | VISIT THE WEBSITE SURVIVALIST-DAYZ.COM
﻿17:57:32 : Player #8 Monkey McFife (86.92.206.130:2304) connected
﻿17:57:34 : Player #8 Monkey McFife - GUID: 67608a1e1de9deee58f55034133b44cb (unverified)
﻿17:57:35 : Player #8 Monkey McFife - Legacy GUID: 512d4e176bd9c04ca175619972659c26
﻿17:57:35 : Verified GUID (67608a1e1de9deee58f55034133b44cb) of player #8 Monkey McFife
﻿17:57:37 : Player #8 Monkey McFife disconnected
﻿17:59:23 : Player #6 Razboi disconnected
﻿18:02:50 : Player #6 Turmoil (85.164.44.228:3302) connected
﻿18:02:51 : Player #6 Turmoil - GUID: 078d3175e22fad797d9a152aaaa83806 (unverified)
﻿18:02:52 : Verified GUID (078d3175e22fad797d9a152aaaa83806) of player #6 Turmoil
﻿18:02:52 : Player #6 Turmoil - Legacy GUID: 153330a3c1eb9ccf7092e322ab07ebb0
﻿18:05:44 : Player #9 iHostiiX disconnected
﻿18:07:23 : RCon admin #3: (Global) BASES MUST BE MAINTAINED VIA THE PLOT POLE EVERY 7 DAYS!! VEHICLES MUST BE USED EVERY 3 DAYS!!
﻿18:12:23 : RCon admin #3: (Global) NO SQUAD XML: ENGLISH ONLY IN SIDE CHAT: VEHICLES AND GEAR CAN BE STOLEN ANYWHERE
﻿18:13:53 : Player #8 Laurence Gommersil (91.84.65.136:3302) connected
﻿18:13:55 : Player #8 Laurence Gommersil - GUID: f1f45f96a2cdd71b21097c87e6cef51a (unverified)
﻿18:13:55 : Player #8 Laurence Gommersil - Legacy GUID: 968c41ae2194f0cd7392781b4dee481b
﻿18:13:57 : Player #8 Laurence Gommersil disconnected
﻿18:14:35 : Player #8 Laurence Gommersil (91.84.65.136:3302) connected
﻿18:14:37 : Player #8 Laurence Gommersil - GUID: f1f45f96a2cdd71b21097c87e6cef51a (unverified)
﻿18:14:37 : Player #8 Laurence Gommersil - Legacy GUID: 968c41ae2194f0cd7392781b4dee481b
﻿18:14:38 : Verified GUID (f1f45f96a2cdd71b21097c87e6cef51a) of player #8 Laurence Gommersil
﻿18:18:04 : Player #8 Laurence Gommersil disconnected
﻿18:18:12 : Player #8 Freedom (173.85.71.79:2304) connected
﻿18:18:15 : Player #8 Freedom - GUID: 32974eed83d84dab3c6a86016f1a1d12 (unverified)
﻿18:18:16 : Player #8 Freedom - Legacy GUID: 97a8c85ef5bf1164b1deba8cac447118
﻿18:18:16 : Verified GUID (32974eed83d84dab3c6a86016f1a1d12) of player #8 Freedom
﻿18:19:20 : Player #9 Laurence Gommersil (91.84.65.136:3302) connected
﻿18:19:23 : Player #9 Laurence Gommersil - GUID: c2a9b9e975c3a16bc843e3b1437182ca (unverified)
﻿18:19:24 : Player #9 Laurence Gommersil - Legacy GUID: 40b9483bb39fdbf38ebf22597947cee7
﻿18:19:29 : Verified GUID (c2a9b9e975c3a16bc843e3b1437182ca) of player #9 Laurence Gommersil
﻿18:20:20 : Player #3 Winans disconnected
﻿18:20:23 : Player #4 Hailstorm disconnected
﻿18:21:04 : Player #7 kemna disconnected
﻿18:21:25 : Player #11 Arne disconnected
﻿18:22:51 : Player #8 Freedom disconnected
﻿18:22:54 : Player #3 Freedom (173.85.71.79:2304) connected
﻿18:22:55 : Player #3 Freedom - GUID: 32974eed83d84dab3c6a86016f1a1d12 (unverified)
﻿18:22:56 : Player #3 Freedom disconnected
﻿18:23:00 : Player #3 Freedom (173.85.71.79:2304) connected
﻿18:23:01 : Player #3 Freedom - GUID: 32974eed83d84dab3c6a86016f1a1d12 (unverified)
﻿18:23:01 : Verified GUID (32974eed83d84dab3c6a86016f1a1d12) of player #3 Freedom
﻿18:23:02 : Player #3 Freedom - Legacy GUID: 97a8c85ef5bf1164b1deba8cac447118
﻿18:23:23 : RCon admin #3: (Global) ADMINS: LWB AND SIERRA | VISIT THE WEBSITE SURVIVALIST-DAYZ.COM
﻿18:28:41 : Player #4 picachy (86.8.65.187:3302) connected
﻿18:28:42 : Player #4 picachy - GUID: 58c0aabf7091f6177db750296655f986 (unverified)
﻿18:28:43 : Player #4 picachy - Legacy GUID: cd58e9c6d3a105833447db551ed82d76
﻿18:28:43 : Verified GUID (58c0aabf7091f6177db750296655f986) of player #4 picachy
﻿18:37:23 : RCon admin #3: (Global) BASES MUST BE MAINTAINED VIA THE PLOT POLE EVERY 7 DAYS!! VEHICLES MUST BE USED EVERY 3 DAYS!!
﻿18:39:52 : Player #9 Laurence Gommersil disconnected
﻿18:42:22 : RCon admin #3: (Global) NO SQUAD XML: ENGLISH ONLY IN SIDE CHAT: VEHICLES AND GEAR CAN BE STOLEN ANYWHERE
﻿18:44:36 : Player #3 Freedom (32974eed83d84dab3c6a86016f1a1d12) has been kicked by BattlEye: Ping too high (422)
﻿18:45:08 : Player #3 Freedom (173.85.71.79:2304) connected
﻿18:45:10 : Player #3 Freedom - GUID: 32974eed83d84dab3c6a86016f1a1d12 (unverified)
﻿18:45:10 : Verified GUID (32974eed83d84dab3c6a86016f1a1d12) of player #3 Freedom
﻿18:45:10 : Player #3 Freedom - Legacy GUID: 97a8c85ef5bf1164b1deba8cac447118
﻿18:46:51 : Player #1 Peasant disconnected
﻿18:46:51 : Player #6 Turmoil disconnected
﻿18:48:23 : RCon admin #3: (Global) Server will restart in 10 minutes
﻿18:51:02 : Player #10 seth disconnected
﻿18:51:36 : Player #3 Freedom disconnected
﻿18:53:23 : RCon admin #3: (Global) ADMINS: LWB AND SIERRA | VISIT THE WEBSITE SURVIVALIST-DAYZ.COM
﻿18:53:23 : RCon admin #3: (Global) Server will restart in 5 minutes: Prepare to Logout
﻿18:56:23 : RCon admin #3: (Global) The Server is about to restart. LOG OUT NOW OR YOUR GEAR MAY BE LOST!!
﻿18:57:13 : Player #2 Misa disconnected
﻿18:57:15 : Player #4 picachy disconnected
﻿18:57:22 : Player #0 Doriny disconnected
﻿18:57:52 : RCon admin #3: (Global) YOU SHOULD BE LOGGED OUT BY NOW! IF YOU ARENT YOU WILL BE AUTO KICKED AND YOUR GEAR MAY BE LOST! NO REFUNDS!
﻿18:58:56 : Rcon client logging in
﻿18:58:56 : RCon admin #3 (78.31.67.100:65181) logged in
﻿18:59:02 : Player #0 Misa (89.28.14.34:2304) connected
﻿18:59:04 : Player #0 Misa - GUID: d7ca440e01bb6c96aec422a007d66c0d (unverified)
﻿18:59:04 : Verified GUID (d7ca440e01bb6c96aec422a007d66c0d) of player #0 Misa
﻿18:59:04 : Player #0 Misa - Legacy GUID: f8b8db6482ee112f128666b6589b42c1
﻿19:05:16 : Player #1 picachy (86.8.65.187:3302) connected
﻿19:05:18 : Player #1 picachy - GUID: 58c0aabf7091f6177db750296655f986 (unverified)
﻿19:05:18 : Verified GUID (58c0aabf7091f6177db750296655f986) of player #1 picachy
﻿19:05:18 : Player #1 picachy - Legacy GUID: cd58e9c6d3a105833447db551ed82d76
﻿19:06:42 : Player #0 Misa disconnected
﻿19:12:56 : RCon admin #3: (Global) NO SQUAD XML: ENGLISH ONLY IN SIDE CHAT: VEHICLES AND GEAR CAN BE STOLEN ANYWHERE
﻿19:14:05 : Player #0 -SDS- Gowther (188.103.244.110:3302) connected
﻿19:14:07 : Player #0 -SDS- Gowther - GUID: 03492c7dbb4087e80f5c95d1df0aebac (unverified)
﻿19:14:07 : Player #0 -SDS- Gowther - Legacy GUID: 459161ad2315d6e5e544515528714548
﻿19:14:08 : Verified GUID (03492c7dbb4087e80f5c95d1df0aebac) of player #0 -SDS- Gowther
﻿19:19:24 : Player #2 -SDS-Ban (91.137.52.4:3302) connected
﻿19:19:26 : Player #2 -SDS-Ban - GUID: 1bda1d7f7f9ae72702de431a4bc55b4a (unverified)
﻿19:19:26 : Player #2 -SDS-Ban - Legacy GUID: 38e5e3e9b10fb9c9d083aef35e291fde
﻿19:19:27 : Verified GUID (1bda1d7f7f9ae72702de431a4bc55b4a) of player #2 -SDS-Ban
﻿19:21:10 : Player #3 Misa (89.28.14.34:2304) connected
﻿19:21:12 : Player #3 Misa - GUID: d7ca440e01bb6c96aec422a007d66c0d (unverified)
﻿19:21:12 : Verified GUID (d7ca440e01bb6c96aec422a007d66c0d) of player #3 Misa
﻿19:21:13 : Player #3 Misa - Legacy GUID: f8b8db6482ee112f128666b6589b42c1
﻿19:23:56 : RCon admin #3: (Global) ADMINS: LWB AND SIERRA | VISIT THE WEBSITE SURVIVALIST-DAYZ.COM
﻿19:24:19 : Player #4 Freedom (173.85.71.79:2304) connected
﻿19:24:20 : Player #4 Freedom - GUID: 32974eed83d84dab3c6a86016f1a1d12 (unverified)
﻿19:24:21 : Verified GUID (32974eed83d84dab3c6a86016f1a1d12) of player #4 Freedom
﻿19:24:21 : Player #4 Freedom - Legacy GUID: 97a8c85ef5bf1164b1deba8cac447118
﻿19:25:51 : Player #1 picachy disconnected
﻿19:32:34 : Player #1 2DIE4 (84.130.106.88:3302) connected
﻿19:32:35 : Player #1 2DIE4 - GUID: 97b8e8b63e4439b2b62c99dde2b8b8a1 (unverified)
﻿19:32:36 : Player #1 2DIE4 - Legacy GUID: e56dc54c0a6d92faa8a284d7c54bffab
﻿19:32:36 : Verified GUID (97b8e8b63e4439b2b62c99dde2b8b8a1) of player #1 2DIE4
﻿19:36:12 : Failed to send to BE Master (1)
﻿19:36:12 : Update attempt failed
﻿19:37:56 : RCon admin #3: (Global) BASES MUST BE MAINTAINED VIA THE PLOT POLE EVERY 7 DAYS!! VEHICLES MUST BE USED EVERY 3 DAYS!!
﻿19:42:56 : RCon admin #3: (Global) NO SQUAD XML: ENGLISH ONLY IN SIDE CHAT: VEHICLES AND GEAR CAN BE STOLEN ANYWHERE
﻿19:47:46 : Player #5 SirBlastelot (178.116.84.253:3302) connected
﻿19:47:48 : Player #5 SirBlastelot - GUID: 974180dad04f2be611ef66db49314c6e (unverified)
﻿19:47:48 : Player #5 SirBlastelot - Legacy GUID: 5b92af288c0a5fa769c4f0cd4d6c83ed
﻿19:47:49 : Verified GUID (974180dad04f2be611ef66db49314c6e) of player #5 SirBlastelot
﻿19:53:51 : Player #6 picachy (86.8.65.187:3302) connected
﻿19:53:53 : Player #6 picachy - GUID: 58c0aabf7091f6177db750296655f986 (unverified)
﻿19:53:53 : Verified GUID (58c0aabf7091f6177db750296655f986) of player #6 picachy
﻿19:53:53 : Player #6 picachy - Legacy GUID: cd58e9c6d3a105833447db551ed82d76
﻿19:53:56 : RCon admin #3: (Global) ADMINS: LWB AND SIERRA | VISIT THE WEBSITE SURVIVALIST-DAYZ.COM
﻿19:58:21 : Player #7 ArtamStart (80.145.159.124:3302) connected
﻿19:58:22 : Player #7 ArtamStart - GUID: 3e318f904bfdc5f96546e9e01b89a694 (unverified)
﻿19:58:23 : Verified GUID (3e318f904bfdc5f96546e9e01b89a694) of player #7 ArtamStart
﻿19:58:24 : Player #7 ArtamStart - Legacy GUID: 4398a39c42c494eaddc98870a71fb2fe
﻿20:03:52 : Player #8 Endy (87.65.208.246:3302) connected
﻿20:03:54 : Player #8 Endy - Legacy GUID: 5f18e0f6afd97c9b7466b22bd021973d
﻿20:03:54 : Player #8 Endy - GUID: 9d6c69ac21b068137fb101f8cd359180 (unverified)
﻿20:03:55 : Verified GUID (9d6c69ac21b068137fb101f8cd359180) of player #8 Endy
﻿20:07:56 : RCon admin #3: (Global) BASES MUST BE MAINTAINED VIA THE PLOT POLE EVERY 7 DAYS!! VEHICLES MUST BE USED EVERY 3 DAYS!!
﻿20:08:37 : RCon admin #4 (86.133.162.23:62087) logged in
﻿20:11:55 : Player #9 Peasant (86.133.162.23:2304) connected
﻿20:11:56 : Player #9 Peasant - GUID: bc07c7c39c76cf95a7a434d686d9df66 (unverified)
﻿20:11:57 : Verified GUID (bc07c7c39c76cf95a7a434d686d9df66) of player #9 Peasant
﻿20:11:57 : Player #9 Peasant - Legacy GUID: 977383e15b6c706cac44ca953ba440c7
﻿20:12:40 : Player #4 Freedom disconnected
﻿20:12:52 : Player #4 BIG BOLO* (5.172.237.21:27406) connected
﻿20:12:54 : Player #4 BIG BOLO* - GUID: 23ba3b72c27f9037a89a5be52475278a (unverified)
﻿20:12:54 : Verified GUID (23ba3b72c27f9037a89a5be52475278a) of player #4 BIG BOLO*
﻿20:12:54 : Player #4 BIG BOLO* - Legacy GUID: 3ae9f2bd0cfa61de1e742c02f56f7f78
﻿20:12:56 : RCon admin #3: (Global) NO SQUAD XML: ENGLISH ONLY IN SIDE CHAT: VEHICLES AND GEAR CAN BE STOLEN ANYWHERE
﻿20:15:43 : Player #10 Digupherbones (86.133.162.23:1025) connected
﻿20:15:44 : Player #10 Digupherbones - GUID: 6f7cdbb1e69bf4eb8b32fb87af0a3dcc (unverified)
﻿20:15:45 : Verified GUID (6f7cdbb1e69bf4eb8b32fb87af0a3dcc) of player #10 Digupherbones
﻿20:15:45 : Player #10 Digupherbones - Owner GUID: d5a7a204223d483926d292f4255aa428
﻿20:15:45 : Player #10 Digupherbones - Legacy GUID: 81e5f276acb3bd8401df80e28c6291a7
﻿20:22:02 : Player #11 Ragnar (84.0.99.167:3302) connected
﻿20:22:03 : Player #11 Ragnar disconnected
﻿20:23:12 : Player #11 Hailstorm (93.222.250.59:3302) connected
﻿20:23:14 : Player #11 Hailstorm - GUID: 0692c4867addd58d9591110bb02a6244 (unverified)
﻿20:23:14 : Verified GUID (0692c4867addd58d9591110bb02a6244) of player #11 Hailstorm
﻿20:23:15 : Player #11 Hailstorm - Legacy GUID: e22681f3383bb6138a608cbe99764fe1
﻿20:23:25 : Player #12 Zarag (92.217.83.206:3302) connected
﻿20:23:26 : Player #12 Zarag - GUID: b7ce1912c6e8b310619580a835164f3b (unverified)
﻿20:23:27 : Verified GUID (b7ce1912c6e8b310619580a835164f3b) of player #12 Zarag
﻿20:23:27 : Player #12 Zarag - Legacy GUID: 7cd853dcfb617582079edc28feebd7a3
﻿20:23:56 : RCon admin #3: (Global) ADMINS: LWB AND SIERRA | VISIT THE WEBSITE SURVIVALIST-DAYZ.COM
﻿20:24:49 : Player #3 Misa (d7ca440e01bb6c96aec422a007d66c0d) has been kicked by BattlEye: Client not responding
﻿20:24:49 : Player #3 Ragnar (84.0.99.167:3302) connected
﻿20:24:51 : Player #3 Ragnar disconnected
﻿20:27:34 : Player #3 Winans (178.200.93.19:3302) connected
﻿20:27:35 : Player #3 Winans - GUID: 5cfd15b84e558bc0ef1f0210efc34126 (unverified)
﻿20:27:36 : Verified GUID (5cfd15b84e558bc0ef1f0210efc34126) of player #3 Winans
﻿20:27:36 : Player #3 Winans - Legacy GUID: a5953aeb5d5414bdf99a6fe9cbecf6c4
﻿20:28:24 : Player #13 Misa (89.28.14.34:2304) connected
﻿20:28:26 : Player #13 Misa - GUID: d7ca440e01bb6c96aec422a007d66c0d (unverified)
﻿20:28:26 : Player #13 Misa - Legacy GUID: f8b8db6482ee112f128666b6589b42c1
﻿20:28:27 : Verified GUID (d7ca440e01bb6c96aec422a007d66c0d) of player #13 Misa
﻿20:30:08 : Player #14 Luca (95.246.246.250:3302) connected
﻿20:30:10 : Player #14 Luca - GUID: 6e7c40a61724544b4275966bd75de0e6 (unverified)
﻿20:30:10 : Player #14 Luca - Legacy GUID: 9d6f7df8f28bf750a2189a9c4d05f558
﻿20:30:11 : Verified GUID (6e7c40a61724544b4275966bd75de0e6) of player #14 Luca
﻿20:30:40 : Player #13 Misa (d7ca440e01bb6c96aec422a007d66c0d) has been kicked by BattlEye: Client not responding
﻿20:31:40 : Player #14 Luca (6e7c40a61724544b4275966bd75de0e6) has been kicked by BattlEye: PublicVariable Restriction #46
﻿20:32:48 : Player #13 mojo (98.184.189.162:3302) connected
﻿20:32:50 : Player #13 mojo - GUID: 38a79ecdd15b2227fbfef766a817beb4 (unverified)
﻿20:32:50 : Verified GUID (38a79ecdd15b2227fbfef766a817beb4) of player #13 mojo
﻿20:32:51 : Player #13 mojo - Legacy GUID: c77c2c06de18a5ce28433158e4e19c76
﻿20:34:50 : Player #14 Misa (89.28.14.34:2304) connected
﻿20:34:52 : Player #14 Misa - GUID: d7ca440e01bb6c96aec422a007d66c0d (unverified)
﻿20:34:52 : Player #14 Misa - Legacy GUID: f8b8db6482ee112f128666b6589b42c1
﻿20:34:52 : Verified GUID (d7ca440e01bb6c96aec422a007d66c0d) of player #14 Misa
﻿20:36:05 : Player #13 mojo disconnected
﻿20:36:28 : Player #13 Luca (95.246.246.250:3302) connected
﻿20:36:29 : Player #13 Luca - GUID: 6e7c40a61724544b4275966bd75de0e6 (unverified)
﻿20:36:30 : Verified GUID (6e7c40a61724544b4275966bd75de0e6) of player #13 Luca
﻿20:36:30 : Player #13 Luca - Legacy GUID: 9d6f7df8f28bf750a2189a9c4d05f558
﻿20:36:31 : Player #15 Chytry_Dimitri (77.46.97.84:3302) connected
﻿20:36:32 : Player #15 Chytry_Dimitri - GUID: 67f3c0f361a58bd844418f1a1266d7c2 (unverified)
﻿20:36:33 : Player #15 Chytry_Dimitri - Legacy GUID: 11e0c7ce68936743bb27d80fc9a6c200
﻿20:36:33 : Verified GUID (67f3c0f361a58bd844418f1a1266d7c2) of player #15 Chytry_Dimitri
﻿20:37:57 : RCon admin #3: (Global) BASES MUST BE MAINTAINED VIA THE PLOT POLE EVERY 7 DAYS!! VEHICLES MUST BE USED EVERY 3 DAYS!!
﻿20:38:45 : Player #16 Freedom (173.85.71.79:2304) connected
﻿20:38:47 : Player #16 Freedom - GUID: 32974eed83d84dab3c6a86016f1a1d12 (unverified)
﻿20:38:48 : Player #16 Freedom - Legacy GUID: 97a8c85ef5bf1164b1deba8cac447118
﻿20:38:48 : Verified GUID (32974eed83d84dab3c6a86016f1a1d12) of player #16 Freedom
﻿20:42:39 : RCon admin #3: (To -SDS-Ban) Watch your language. No Warnings left. Next badword will result in kick
﻿20:42:57 : RCon admin #3: (Global) NO SQUAD XML: ENGLISH ONLY IN SIDE CHAT: VEHICLES AND GEAR CAN BE STOLEN ANYWHERE
﻿20:43:17 : RCon admin #4: (Global) LWB: huh?
﻿20:44:20 : RCon admin #4: (Global) LWB: I presume you mean the swear warning?
﻿20:44:28 : RCon admin #4: (Global) LWB: only the person who says it sees it
﻿20:45:34 : Player #17 ThePriceIsRice (47.201.41.61:2304) connected
﻿20:45:35 : Player #17 ThePriceIsRice - GUID: 62d76e855bd15607f92328e6f27e0265 (unverified)
﻿20:45:36 : Verified GUID (62d76e855bd15607f92328e6f27e0265) of player #17 ThePriceIsRice
﻿20:45:36 : Player #17 ThePriceIsRice - Legacy GUID: 264dad17d86b6dbc8153aadf03337558
﻿20:45:37 : Player #17 ThePriceIsRice disconnected
﻿20:45:46 : Player #17 Turmoil (85.164.44.228:3302) connected
﻿20:45:47 : Player #17 Turmoil - GUID: 078d3175e22fad797d9a152aaaa83806 (unverified)
﻿20:45:48 : Player #17 Turmoil - Legacy GUID: 153330a3c1eb9ccf7092e322ab07ebb0
﻿20:45:48 : Verified GUID (078d3175e22fad797d9a152aaaa83806) of player #17 Turmoil
﻿20:48:32 : Player #2 -SDS-Ban disconnected
﻿20:50:36 : Player #2 Doriny (95.65.38.9:3302) connected
﻿20:50:37 : Player #2 Doriny - GUID: 758d222f75a434723f89f12ce31ede21 (unverified)
﻿20:50:38 : Player #2 Doriny - Legacy GUID: 91a3f73c8f47a727597bca7cc2f2d115
﻿20:50:38 : Verified GUID (758d222f75a434723f89f12ce31ede21) of player #2 Doriny
﻿20:51:08 : Player #0 -SDS- Gowther disconnected
﻿20:52:38 : RCon admin #0 (86.133.162.23:65481) logged in
﻿20:53:09 : RCon admin #4 (86.133.162.23:62302) logged in
﻿20:53:31 : RCon admin #1 (86.133.162.23:59055) logged in
﻿20:53:57 : RCon admin #3: (Global) ADMINS: LWB AND SIERRA | VISIT THE WEBSITE SURVIVALIST-DAYZ.COM
﻿20:54:17 : RCon admin #0 (86.133.162.23:50611) logged in
﻿20:55:20 : RCon admin #4 (86.133.162.23:55696) logged in
﻿20:57:49 : RCon admin #1: (Global) LWB: whats up
﻿20:59:10 : RCon admin #1: (Global) LWB: ??
﻿20:59:42 : RCon admin #1: (Global) LWB: I think view distance is set pretty high already but ill look at it
﻿21:00:14 : RCon admin #2 (86.133.162.23:58163) logged in
﻿21:03:22 : Player #0 Max (68.115.89.207:3302) connected
﻿21:03:23 : Player #0 Max - GUID: acc1d33e429adc22906ec0760e39146c (unverified)
﻿21:03:24 : Player #0 Max - Legacy GUID: bf2387c87a9622fb474c5aae8b9aac5a
﻿21:03:24 : Verified GUID (acc1d33e429adc22906ec0760e39146c) of player #0 Max
﻿21:07:57 : RCon admin #3: (Global) BASES MUST BE MAINTAINED VIA THE PLOT POLE EVERY 7 DAYS!! VEHICLES MUST BE USED EVERY 3 DAYS!!
﻿21:09:14 : RCon admin #1 (86.133.162.23:51925) logged in
﻿21:09:27 : RCon admin #0: (Global) Sierra [SD]: what's up?
﻿21:09:47 : RCon admin #2 (86.133.162.23:58334) logged in
﻿21:10:43 : RCon admin #0: (Global) Sierra [SD]: Well I guess someone blew them up
﻿21:12:56 : RCon admin #3: (Global) NO SQUAD XML: ENGLISH ONLY IN SIDE CHAT: VEHICLES AND GEAR CAN BE STOLEN ANYWHERE
﻿21:13:48 : RCon admin #0: (Global) Sierra [SD]: someone blew your vehicles up
﻿21:13:55 : Player #18 DeviL (188.242.142.205:3302) connected
﻿21:13:56 : Player #18 DeviL - GUID: c70e0a5568901c7c9fbe1f99575a0303 (unverified)
﻿21:13:57 : Player #18 DeviL - Legacy GUID: 2c55e1f5d577ce850e74c30567b56178
﻿21:13:57 : Verified GUID (c70e0a5568901c7c9fbe1f99575a0303) of player #18 DeviL
﻿21:14:48 : Player #19 TexnoBannY (109.87.192.96:3302) connected
﻿21:14:49 : Player #19 TexnoBannY - GUID: bba5532fa299b77c8b49a2a793d60860 (unverified)
﻿21:14:50 : Player #19 TexnoBannY - Legacy GUID: b7c5aec39d44dbd28d89c04544675f51
﻿21:14:51 : Verified GUID (bba5532fa299b77c8b49a2a793d60860) of player #19 TexnoBannY
﻿21:14:52 : Player #19 TexnoBannY disconnected
﻿21:17:05 : Player #4 BIG BOLO* disconnected
﻿21:17:10 : RCon admin #0: (Global) Sierra [SD]: someone blew your vehicles up
﻿21:17:17 : Player #4 TexnoBannY (109.87.192.96:2306) connected
﻿21:17:18 : Player #4 TexnoBannY - GUID: bba5532fa299b77c8b49a2a793d60860 (unverified)
﻿21:17:19 : Player #4 TexnoBannY - Legacy GUID: b7c5aec39d44dbd28d89c04544675f51
﻿21:17:19 : Verified GUID (bba5532fa299b77c8b49a2a793d60860) of player #4 TexnoBannY
﻿21:17:20 : Player #19 Ragnar (84.0.99.167:3302) connected
﻿21:17:21 : Player #19 Ragnar - GUID: 9c15a864c2cf865e3b438f858fe9a8a3 (unverified)
﻿21:17:22 : Player #19 Ragnar - Legacy GUID: 75eb299905f6633e6da3af4f05941504
﻿21:17:22 : Verified GUID (9c15a864c2cf865e3b438f858fe9a8a3) of player #19 Ragnar
﻿21:18:57 : RCon admin #3: (Global) Server will restart in 10 minutes
﻿21:19:27 : RCon admin #0: (Global) Sierra [SD]: yes - someone blew them up
﻿21:21:06 : Player #19 Ragnar disconnected
﻿21:21:44 : Player #6 picachy disconnected
﻿21:23:57 : RCon admin #3: (Global) ADMINS: LWB AND SIERRA | VISIT THE WEBSITE SURVIVALIST-DAYZ.COM
﻿21:23:57 : RCon admin #3: (Global) Server will restart in 5 minutes: Prepare to Logout
﻿21:24:00 : Player #13 Luca disconnected
﻿21:25:43 : Player #3 Winans disconnected
﻿21:26:15 : Player #16 Freedom (32974eed83d84dab3c6a86016f1a1d12) has been kicked by BattlEye: Ping too high (797)
﻿21:26:56 : RCon admin #3: (Global) The Server is about to restart. LOG OUT NOW OR YOUR GEAR MAY BE LOST!!
﻿21:27:01 : Player #8 Endy disconnected
﻿21:27:07 : Player #12 Zarag disconnected
﻿21:27:16 : Player #11 Hailstorm disconnected
﻿21:27:23 : RCon admin #0: (Global) Sierra [SD]: welcome
﻿21:27:36 : Player #18 DeviL disconnected
﻿21:27:36 : Player #9 Peasant disconnected
﻿21:27:50 : Player #17 Turmoil disconnected
﻿21:27:51 : Player #4 TexnoBannY disconnected
﻿21:28:04 : Player #10 Digupherbones disconnected
﻿21:28:08 : Player #1 2DIE4 disconnected
﻿21:28:11 : Player #2 Doriny disconnected
﻿21:28:26 : RCon admin #3: (Global) YOU SHOULD BE LOGGED OUT BY NOW! IF YOU ARENT YOU WILL BE AUTO KICKED AND YOUR GEAR MAY BE LOST! NO REFUNDS!
﻿21:28:47 : Player #5 SirBlastelot disconnected
﻿21:28:54 : Player #15 Chytry_Dimitri disconnected
﻿21:29:30 : Rcon client logging in
﻿21:29:30 : RCon admin #3 (78.31.67.100:57329) logged in
﻿21:29:33 : Player #0 DeviL (188.242.142.205:3302) connected
﻿21:29:33 : Player #1 TexnoBannY (109.87.192.96:2306) connected
﻿21:29:34 : Player #0 DeviL - GUID: c70e0a5568901c7c9fbe1f99575a0303 (unverified)
﻿21:29:34 : Verified GUID (c70e0a5568901c7c9fbe1f99575a0303) of player #0 DeviL
﻿21:29:35 : Player #0 DeviL - Legacy GUID: 2c55e1f5d577ce850e74c30567b56178
﻿21:29:35 : Player #1 TexnoBannY - GUID: bba5532fa299b77c8b49a2a793d60860 (unverified)
﻿21:29:35 : Verified GUID (bba5532fa299b77c8b49a2a793d60860) of player #1 TexnoBannY
﻿21:29:35 : Player #1 TexnoBannY - Legacy GUID: b7c5aec39d44dbd28d89c04544675f51
﻿21:29:41 : Player #2 2DIE4 (84.130.106.88:3302) connected
﻿21:29:43 : Player #2 2DIE4 - GUID: 97b8e8b63e4439b2b62c99dde2b8b8a1 (unverified)
﻿21:29:43 : Player #2 2DIE4 - Legacy GUID: e56dc54c0a6d92faa8a284d7c54bffab
﻿21:29:44 : Verified GUID (97b8e8b63e4439b2b62c99dde2b8b8a1) of player #2 2DIE4
﻿21:29:53 : Player #3 Max (68.115.89.207:3302) connected
﻿21:29:54 : Player #3 Max - GUID: acc1d33e429adc22906ec0760e39146c (unverified)
﻿21:29:55 : Verified GUID (acc1d33e429adc22906ec0760e39146c) of player #3 Max
﻿21:29:55 : Player #3 Max - Legacy GUID: bf2387c87a9622fb474c5aae8b9aac5a
﻿21:30:32 : Player #4 Chytry_Dimitri (77.46.97.84:3302) connected
﻿21:30:33 : Player #4 Chytry_Dimitri - GUID: 67f3c0f361a58bd844418f1a1266d7c2 (unverified)
﻿21:30:34 : Verified GUID (67f3c0f361a58bd844418f1a1266d7c2) of player #4 Chytry_Dimitri
﻿21:30:34 : Player #4 Chytry_Dimitri - Legacy GUID: 11e0c7ce68936743bb27d80fc9a6c200
﻿21:30:53 : Player #5 QuickScoper420 (178.200.93.19:3302) connected
﻿21:30:54 : Player #5 QuickScoper420 - GUID: 5cfd15b84e558bc0ef1f0210efc34126 (unverified)
﻿21:30:55 : Verified GUID (5cfd15b84e558bc0ef1f0210efc34126) of player #5 QuickScoper420
﻿21:30:55 : Player #5 QuickScoper420 - Legacy GUID: a5953aeb5d5414bdf99a6fe9cbecf6c4
﻿21:32:01 : Player #6 Major Troutman (93.222.250.59:3302) connected
﻿21:32:02 : Player #6 Major Troutman - GUID: 0692c4867addd58d9591110bb02a6244 (unverified)
﻿21:32:03 : Player #6 Major Troutman - Legacy GUID: e22681f3383bb6138a608cbe99764fe1
﻿21:32:03 : Verified GUID (0692c4867addd58d9591110bb02a6244) of player #6 Major Troutman
﻿21:32:13 : Player #7 Turmoil (85.164.44.228:3302) connected
﻿21:32:14 : Player #7 Turmoil - GUID: 078d3175e22fad797d9a152aaaa83806 (unverified)
﻿21:32:15 : Player #7 Turmoil - Legacy GUID: 153330a3c1eb9ccf7092e322ab07ebb0
﻿21:32:15 : Verified GUID (078d3175e22fad797d9a152aaaa83806) of player #7 Turmoil
﻿21:34:37 : Player #8 BIG BOLO* (5.172.237.21:27471) connected
﻿21:34:39 : Player #8 BIG BOLO* - GUID: 23ba3b72c27f9037a89a5be52475278a (unverified)
﻿21:34:39 : Player #8 BIG BOLO* - Legacy GUID: 3ae9f2bd0cfa61de1e742c02f56f7f78
﻿21:34:40 : Verified GUID (23ba3b72c27f9037a89a5be52475278a) of player #8 BIG BOLO*
﻿21:35:02 : Player #9 Digupherbones (86.133.162.23:1025) connected
﻿21:35:04 : Player #9 Digupherbones - GUID: 6f7cdbb1e69bf4eb8b32fb87af0a3dcc (unverified)
﻿21:35:04 : Verified GUID (6f7cdbb1e69bf4eb8b32fb87af0a3dcc) of player #9 Digupherbones
﻿21:35:04 : Player #9 Digupherbones - Owner GUID: d5a7a204223d483926d292f4255aa428
﻿21:35:05 : Player #9 Digupherbones - Legacy GUID: 81e5f276acb3bd8401df80e28c6291a7
﻿21:41:15 : Player #3 Max disconnected
﻿21:41:40 : Player #3 ArtamStart (80.145.159.124:3302) connected
﻿21:41:41 : Player #3 ArtamStart - GUID: 3e318f904bfdc5f96546e9e01b89a694 (unverified)
﻿21:41:42 : Verified GUID (3e318f904bfdc5f96546e9e01b89a694) of player #3 ArtamStart
﻿21:41:42 : Player #3 ArtamStart - Legacy GUID: 4398a39c42c494eaddc98870a71fb2fe
﻿21:42:22 : Player #10 Peasant (86.133.162.23:2304) connected
﻿21:42:23 : Player #10 Peasant - GUID: bc07c7c39c76cf95a7a434d686d9df66 (unverified)
﻿21:42:24 : Verified GUID (bc07c7c39c76cf95a7a434d686d9df66) of player #10 Peasant
﻿21:42:24 : Player #10 Peasant - Legacy GUID: 977383e15b6c706cac44ca953ba440c7
﻿21:43:30 : RCon admin #3: (Global) NO SQUAD XML: ENGLISH ONLY IN SIDE CHAT: VEHICLES AND GEAR CAN BE STOLEN ANYWHERE
﻿21:47:13 : Player #11 -[S]Cofield- (91.16.67.189:2304) connected
﻿21:47:14 : Player #11 -[S]Cofield- - GUID: a5aa6cdb148db4f7870dbbcaf6753ec2 (unverified)
﻿21:47:15 : Player #11 -[S]Cofield- - Legacy GUID: 21d6362ebe590791af18919290978a70
﻿21:47:15 : Verified GUID (a5aa6cdb148db4f7870dbbcaf6753ec2) of player #11 -[S]Cofield-
﻿21:49:36 : Player #11 -[S]Cofield- disconnected
﻿21:50:46 : RCon admin #4 (86.133.162.23:58479) logged in
﻿21:54:30 : RCon admin #3: (Global) ADMINS: LWB AND SIERRA | VISIT THE WEBSITE SURVIVALIST-DAYZ.COM
﻿22:03:25 : RCon admin #1 (86.133.162.23:64270) logged in
﻿22:03:46 : RCon admin #2 (86.133.162.23:64271) logged in
﻿22:06:40 : RCon admin #1 (86.133.162.23:60631) logged in
﻿22:08:10 : RCon admin #2 (86.133.162.23:59638) logged in
﻿22:08:31 : RCon admin #3: (Global) BASES MUST BE MAINTAINED VIA THE PLOT POLE EVERY 7 DAYS!! VEHICLES MUST BE USED EVERY 3 DAYS!!
﻿22:08:31 : RCon admin #1 (86.133.162.23:59639) logged in
﻿22:10:46 : Player #4 Chytry_Dimitri disconnected
﻿22:11:10 : RCon admin #2 (86.133.162.23:59640) logged in
﻿22:11:32 : RCon admin #1 (86.133.162.23:59641) logged in
﻿22:11:55 : RCon admin #2 (86.133.162.23:55364) logged in
﻿22:13:31 : RCon admin #3: (Global) NO SQUAD XML: ENGLISH ONLY IN SIDE CHAT: VEHICLES AND GEAR CAN BE STOLEN ANYWHERE
﻿22:16:31 : RCon admin #1 (86.133.162.23:50286) logged in
﻿22:24:31 : RCon admin #3: (Global) ADMINS: LWB AND SIERRA | VISIT THE WEBSITE SURVIVALIST-DAYZ.COM
﻿22:29:33 : Player #9 Digupherbones disconnected
﻿22:29:55 : Player #10 Peasant disconnected
﻿22:35:21 : Player #5 QuickScoper420 disconnected
﻿22:38:31 : RCon admin #3: (Global) BASES MUST BE MAINTAINED VIA THE PLOT POLE EVERY 7 DAYS!! VEHICLES MUST BE USED EVERY 3 DAYS!!
﻿22:40:41 : Player #3 ArtamStart disconnected
﻿22:43:31 : RCon admin #3: (Global) NO SQUAD XML: ENGLISH ONLY IN SIDE CHAT: VEHICLES AND GEAR CAN BE STOLEN ANYWHERE
﻿22:43:43 : Player #3 kemna (87.123.221.11:3302) connected
﻿22:43:45 : Player #3 kemna - GUID: b305a024feae9f6f6c0cb1fe93d1be1e (unverified)
﻿22:43:45 : Verified GUID (b305a024feae9f6f6c0cb1fe93d1be1e) of player #3 kemna
﻿22:43:45 : Player #3 kemna - Legacy GUID: 460127d03a4a7a87be239b67b880bab2
﻿22:46:59 : Player #6 Major Troutman disconnected
﻿22:52:14 : Player #2 2DIE4 (97b8e8b63e4439b2b62c99dde2b8b8a1) has been kicked by BattlEye: SetPos Restriction #0
﻿22:52:20 : Player #2 2DIE4 (84.130.106.88:3302) connected
﻿22:52:21 : Player #2 2DIE4 - GUID: 97b8e8b63e4439b2b62c99dde2b8b8a1 (unverified)
﻿22:52:22 : Verified GUID (97b8e8b63e4439b2b62c99dde2b8b8a1) of player #2 2DIE4
﻿22:52:22 : Player #2 2DIE4 - Legacy GUID: e56dc54c0a6d92faa8a284d7c54bffab
﻿22:54:31 : RCon admin #3: (Global) ADMINS: LWB AND SIERRA | VISIT THE WEBSITE SURVIVALIST-DAYZ.COM
﻿22:59:52 : Player #0 DeviL disconnected
﻿23:00:33 : Player #0 DeviL (188.242.142.205:3302) connected
﻿23:00:35 : Player #0 DeviL - Legacy GUID: 2c55e1f5d577ce850e74c30567b56178
﻿23:00:35 : Player #0 DeviL - GUID: c70e0a5568901c7c9fbe1f99575a0303 (unverified)
﻿23:00:36 : Verified GUID (c70e0a5568901c7c9fbe1f99575a0303) of player #0 DeviL
﻿23:02:11 : RCon admin #2 (86.133.162.23:49765) logged in
﻿23:05:07 : Player #4 iHostiiX (91.4.57.224:3302) connected
﻿23:05:08 : Player #4 iHostiiX - GUID: 65bf3319a1a4ca33372a1e9b4a7b8452 (unverified)
﻿23:05:09 : Verified GUID (65bf3319a1a4ca33372a1e9b4a7b8452) of player #4 iHostiiX
﻿23:05:09 : Player #4 iHostiiX - Legacy GUID: 472f98ea7fa03438684612f08930cf34
﻿23:08:31 : RCon admin #3: (Global) BASES MUST BE MAINTAINED VIA THE PLOT POLE EVERY 7 DAYS!! VEHICLES MUST BE USED EVERY 3 DAYS!!
﻿23:11:01 : Player #0 DeviL disconnected
﻿23:11:37 : Player #1 TexnoBannY disconnected
﻿23:12:50 : Player #0 ALTER (217.118.93.148:17952) connected
﻿23:12:51 : Player #0 ALTER - GUID: b0e78dd1768c511cfe29788d3087e3f4 (unverified)
﻿23:12:52 : Player #0 ALTER - Legacy GUID: d7d582f82707b39ab7e8bd91b3260e15
﻿23:12:52 : Player #0 ALTER disconnected
﻿23:13:31 : RCon admin #3: (Global) NO SQUAD XML: ENGLISH ONLY IN SIDE CHAT: VEHICLES AND GEAR CAN BE STOLEN ANYWHERE
﻿23:24:31 : RCon admin #3: (Global) ADMINS: LWB AND SIERRA | VISIT THE WEBSITE SURVIVALIST-DAYZ.COM
﻿23:28:05 : Player #0 willi (46.59.171.219:41741) connected
﻿23:28:06 : Player #0 willi - GUID: 415117d21e0cc4bd4ad168345c1a0439 (unverified)
﻿23:28:06 : Verified GUID (415117d21e0cc4bd4ad168345c1a0439) of player #0 willi
﻿23:28:07 : Player #0 willi - Legacy GUID: 13c900257215747b9a38385d10e4de53
﻿23:28:46 : Player #7 Turmoil disconnected
﻿23:32:12 : Player #2 2DIE4 disconnected
﻿23:38:31 : RCon admin #3: (Global) BASES MUST BE MAINTAINED VIA THE PLOT POLE EVERY 7 DAYS!! VEHICLES MUST BE USED EVERY 3 DAYS!!
﻿23:43:30 : RCon admin #3: (Global) NO SQUAD XML: ENGLISH ONLY IN SIDE CHAT: VEHICLES AND GEAR CAN BE STOLEN ANYWHERE
﻿23:44:27 : RCon admin #1 (86.133.162.23:56868) logged in
﻿23:49:31 : RCon admin #3: (Global) Server will restart in 10 minutes
﻿23:54:31 : RCon admin #3: (Global) ADMINS: LWB AND SIERRA | VISIT THE WEBSITE SURVIVALIST-DAYZ.COM
﻿23:54:31 : RCon admin #3: (Global) Server will restart in 5 minutes: Prepare to Logout
﻿23:55:06 : Player #0 willi disconnected
﻿23:56:31 : Player #3 kemna disconnected
﻿23:57:31 : RCon admin #3: (Global) The Server is about to restart. LOG OUT NOW OR YOUR GEAR MAY BE LOST!!
﻿23:57:37 : Player #4 iHostiiX disconnected
﻿23:58:16 : Player #8 BIG BOLO* disconnected
﻿23:59:00 : RCon admin #3: (Global) YOU SHOULD BE LOGGED OUT BY NOW! IF YOU ARENT YOU WILL BE AUTO KICKED AND YOUR GEAR MAY BE LOST! NO REFUNDS!
