00:00:43 : Player #3 Specner (a3f0db66aeaebc3bdc91428b21f9dc4e) has been kicked by BattlEye: Ping too high (453)
﻿00:02:21 : RCon admin #4: (Global) ADMINS: LWB AND SIERRA | VISIT THE WEBSITE SURVIVALIST-DAYZ.COM
﻿00:12:31 : RCon admin #5 (5.80.3.54:52599) logged in
﻿00:16:21 : RCon admin #4: (Global) BASES MUST BE MAINTAINED VIA THE PLOT POLE EVERY 7 DAYS!! VEHICLES MUST BE USED EVERY 3 DAYS!!
﻿00:21:20 : RCon admin #4: (Global) NO SQUAD XML: ENGLISH ONLY IN SIDE CHAT: VEHICLES AND GEAR CAN BE STOLEN ANYWHERE
﻿00:24:23 : RCon admin #0 (5.80.3.54:51471) logged in
﻿00:24:23 : RCon admin #1 (5.80.3.54:51339) logged in
﻿00:27:21 : RCon admin #4: (Global) Server will restart in 10 minutes
﻿00:32:21 : RCon admin #4: (Global) ADMINS: LWB AND SIERRA | VISIT THE WEBSITE SURVIVALIST-DAYZ.COM
﻿00:32:21 : RCon admin #4: (Global) Server will restart in 5 minutes: Prepare to Logout
﻿00:32:55 : Player #2 Tamago (47fefcd2f1f4552be6f02ff058554a1a) has been kicked by BattlEye: Ping too high (375)
﻿00:35:21 : RCon admin #4: (Global) The Server is about to restart. LOG OUT NOW OR YOUR GEAR MAY BE LOST!!
﻿00:36:51 : RCon admin #4: (Global) YOU SHOULD BE LOGGED OUT BY NOW! IF YOU ARENT YOU WILL BE AUTO KICKED AND YOUR GEAR MAY BE LOST! NO REFUNDS!
﻿00:37:54 : Rcon client logging in
﻿00:37:54 : RCon admin #4 (78.31.67.100:64648) logged in
﻿00:38:22 : Player #0 Turmoil (88.89.200.214:3302) connected
﻿00:38:23 : Player #0 Turmoil - GUID: 078d3175e22fad797d9a152aaaa83806 (unverified)
﻿00:38:23 : Verified GUID (078d3175e22fad797d9a152aaaa83806) of player #0 Turmoil
﻿00:38:24 : Player #0 Turmoil - Legacy GUID: 153330a3c1eb9ccf7092e322ab07ebb0
﻿00:39:26 : Player #1 [NG2] Jesse (145.133.183.236:3302) connected
﻿00:39:27 : Player #1 [NG2] Jesse - GUID: 1f7a31a6c97ae9822a9e4dcb3de0e9a0 (unverified)
﻿00:39:27 : Verified GUID (1f7a31a6c97ae9822a9e4dcb3de0e9a0) of player #1 [NG2] Jesse
﻿00:39:28 : Player #1 [NG2] Jesse - Legacy GUID: aa29d15133c89f949e71190836ad19cb
﻿00:45:27 : Player #2 Tamago (83.29.170.127:2304) connected
﻿00:45:30 : Player #2 Tamago - GUID: 47fefcd2f1f4552be6f02ff058554a1a (unverified)
﻿00:45:31 : Player #2 Tamago - Legacy GUID: e7990920bf11d20ee9c09ceae0c69808
﻿00:46:47 : Verified GUID (47fefcd2f1f4552be6f02ff058554a1a) of player #2 Tamago
﻿00:51:54 : RCon admin #4: (Global) NO SQUAD XML: ENGLISH ONLY IN SIDE CHAT: VEHICLES AND GEAR CAN BE STOLEN ANYWHERE
﻿01:00:54 : RCon admin #4: (To Tamago) Watch your language. No Warnings left. Next badword will result in kick
﻿01:02:54 : RCon admin #4: (Global) ADMINS: LWB AND SIERRA | VISIT THE WEBSITE SURVIVALIST-DAYZ.COM
﻿01:16:54 : RCon admin #4: (Global) BASES MUST BE MAINTAINED VIA THE PLOT POLE EVERY 7 DAYS!! VEHICLES MUST BE USED EVERY 3 DAYS!!
﻿01:21:15 : Player #0 Turmoil disconnected
﻿01:21:54 : RCon admin #4: (Global) NO SQUAD XML: ENGLISH ONLY IN SIDE CHAT: VEHICLES AND GEAR CAN BE STOLEN ANYWHERE
﻿01:26:07 : RCon admin #5 (5.80.3.54:60712) logged in
﻿01:26:28 : RCon admin #2 (5.80.3.54:59426) logged in
﻿01:27:00 : Player #1 [NG2] Jesse disconnected
﻿01:32:54 : RCon admin #4: (Global) ADMINS: LWB AND SIERRA | VISIT THE WEBSITE SURVIVALIST-DAYZ.COM
﻿01:46:54 : RCon admin #4: (Global) BASES MUST BE MAINTAINED VIA THE PLOT POLE EVERY 7 DAYS!! VEHICLES MUST BE USED EVERY 3 DAYS!!
﻿01:51:54 : RCon admin #4: (Global) NO SQUAD XML: ENGLISH ONLY IN SIDE CHAT: VEHICLES AND GEAR CAN BE STOLEN ANYWHERE
﻿02:02:05 : Player #2 Tamago disconnected
﻿02:02:54 : RCon admin #4: (Global) ADMINS: LWB AND SIERRA | VISIT THE WEBSITE SURVIVALIST-DAYZ.COM
﻿02:16:54 : RCon admin #4: (Global) BASES MUST BE MAINTAINED VIA THE PLOT POLE EVERY 7 DAYS!! VEHICLES MUST BE USED EVERY 3 DAYS!!
﻿02:21:54 : RCon admin #4: (Global) NO SQUAD XML: ENGLISH ONLY IN SIDE CHAT: VEHICLES AND GEAR CAN BE STOLEN ANYWHERE
﻿02:32:54 : RCon admin #4: (Global) ADMINS: LWB AND SIERRA | VISIT THE WEBSITE SURVIVALIST-DAYZ.COM
﻿02:46:54 : RCon admin #4: (Global) BASES MUST BE MAINTAINED VIA THE PLOT POLE EVERY 7 DAYS!! VEHICLES MUST BE USED EVERY 3 DAYS!!
﻿02:51:54 : RCon admin #4: (Global) NO SQUAD XML: ENGLISH ONLY IN SIDE CHAT: VEHICLES AND GEAR CAN BE STOLEN ANYWHERE
﻿02:57:54 : RCon admin #4: (Global) Server will restart in 10 minutes
﻿03:02:54 : RCon admin #4: (Global) ADMINS: LWB AND SIERRA | VISIT THE WEBSITE SURVIVALIST-DAYZ.COM
﻿03:02:55 : RCon admin #4: (Global) Server will restart in 5 minutes: Prepare to Logout
﻿03:05:54 : RCon admin #4: (Global) The Server is about to restart. LOG OUT NOW OR YOUR GEAR MAY BE LOST!!
﻿03:07:24 : RCon admin #4: (Global) YOU SHOULD BE LOGGED OUT BY NOW! IF YOU ARENT YOU WILL BE AUTO KICKED AND YOUR GEAR MAY BE LOST! NO REFUNDS!
﻿03:08:28 : Rcon client logging in
﻿03:08:28 : RCon admin #4 (78.31.67.100:58445) logged in
﻿03:22:28 : RCon admin #4: (Global) NO SQUAD XML: ENGLISH ONLY IN SIDE CHAT: VEHICLES AND GEAR CAN BE STOLEN ANYWHERE
﻿03:33:28 : RCon admin #4: (Global) ADMINS: LWB AND SIERRA | VISIT THE WEBSITE SURVIVALIST-DAYZ.COM
﻿03:47:29 : RCon admin #4: (Global) BASES MUST BE MAINTAINED VIA THE PLOT POLE EVERY 7 DAYS!! VEHICLES MUST BE USED EVERY 3 DAYS!!
﻿03:49:51 : Player #0 VLADIMIR>*** (31.0.122.186:9245) connected
﻿03:49:53 : Player #0 VLADIMIR>*** - GUID: 23ba3b72c27f9037a89a5be52475278a (unverified)
﻿03:49:53 : Verified GUID (23ba3b72c27f9037a89a5be52475278a) of player #0 VLADIMIR>***
﻿03:49:53 : Player #0 VLADIMIR>*** - Legacy GUID: 3ae9f2bd0cfa61de1e742c02f56f7f78
﻿03:52:28 : RCon admin #4: (Global) NO SQUAD XML: ENGLISH ONLY IN SIDE CHAT: VEHICLES AND GEAR CAN BE STOLEN ANYWHERE
﻿04:03:28 : RCon admin #4: (Global) ADMINS: LWB AND SIERRA | VISIT THE WEBSITE SURVIVALIST-DAYZ.COM
﻿04:17:28 : RCon admin #4: (Global) BASES MUST BE MAINTAINED VIA THE PLOT POLE EVERY 7 DAYS!! VEHICLES MUST BE USED EVERY 3 DAYS!!
﻿04:22:28 : RCon admin #4: (Global) NO SQUAD XML: ENGLISH ONLY IN SIDE CHAT: VEHICLES AND GEAR CAN BE STOLEN ANYWHERE
﻿04:33:28 : RCon admin #4: (Global) ADMINS: LWB AND SIERRA | VISIT THE WEBSITE SURVIVALIST-DAYZ.COM
﻿04:47:28 : RCon admin #4: (Global) BASES MUST BE MAINTAINED VIA THE PLOT POLE EVERY 7 DAYS!! VEHICLES MUST BE USED EVERY 3 DAYS!!
﻿04:52:28 : RCon admin #4: (Global) NO SQUAD XML: ENGLISH ONLY IN SIDE CHAT: VEHICLES AND GEAR CAN BE STOLEN ANYWHERE
﻿05:03:28 : RCon admin #4: (Global) ADMINS: LWB AND SIERRA | VISIT THE WEBSITE SURVIVALIST-DAYZ.COM
﻿05:17:28 : RCon admin #4: (Global) BASES MUST BE MAINTAINED VIA THE PLOT POLE EVERY 7 DAYS!! VEHICLES MUST BE USED EVERY 3 DAYS!!
﻿05:22:28 : RCon admin #4: (Global) NO SQUAD XML: ENGLISH ONLY IN SIDE CHAT: VEHICLES AND GEAR CAN BE STOLEN ANYWHERE
﻿05:28:28 : RCon admin #4: (Global) Server will restart in 10 minutes
﻿05:33:28 : RCon admin #4: (Global) ADMINS: LWB AND SIERRA | VISIT THE WEBSITE SURVIVALIST-DAYZ.COM
﻿05:33:29 : RCon admin #4: (Global) Server will restart in 5 minutes: Prepare to Logout
﻿05:36:28 : RCon admin #4: (Global) The Server is about to restart. LOG OUT NOW OR YOUR GEAR MAY BE LOST!!
﻿05:37:52 : Player #0 VLADIMIR>*** disconnected
﻿05:37:58 : RCon admin #4: (Global) YOU SHOULD BE LOGGED OUT BY NOW! IF YOU ARENT YOU WILL BE AUTO KICKED AND YOUR GEAR MAY BE LOST! NO REFUNDS!
﻿05:39:02 : Rcon client logging in
﻿05:39:02 : RCon admin #4 (78.31.67.100:50883) logged in
﻿05:39:23 : Player #0 VLADIMIR>*** (31.0.122.186:9245) connected
﻿05:39:24 : Player #0 VLADIMIR>*** - GUID: 23ba3b72c27f9037a89a5be52475278a (unverified)
﻿05:39:25 : Verified GUID (23ba3b72c27f9037a89a5be52475278a) of player #0 VLADIMIR>***
﻿05:39:25 : Player #0 VLADIMIR>*** - Legacy GUID: 3ae9f2bd0cfa61de1e742c02f56f7f78
﻿05:53:02 : RCon admin #4: (Global) NO SQUAD XML: ENGLISH ONLY IN SIDE CHAT: VEHICLES AND GEAR CAN BE STOLEN ANYWHERE
﻿06:04:02 : RCon admin #4: (Global) ADMINS: LWB AND SIERRA | VISIT THE WEBSITE SURVIVALIST-DAYZ.COM
﻿06:18:02 : RCon admin #4: (Global) BASES MUST BE MAINTAINED VIA THE PLOT POLE EVERY 7 DAYS!! VEHICLES MUST BE USED EVERY 3 DAYS!!
﻿06:23:02 : RCon admin #4: (Global) NO SQUAD XML: ENGLISH ONLY IN SIDE CHAT: VEHICLES AND GEAR CAN BE STOLEN ANYWHERE
﻿06:34:02 : RCon admin #4: (Global) ADMINS: LWB AND SIERRA | VISIT THE WEBSITE SURVIVALIST-DAYZ.COM
﻿06:36:43 : Player #1 mixer_90 (37.29.107.19:3302) connected
﻿06:36:45 : Player #1 mixer_90 - GUID: 225eaee16a920dfb288d307ed9e8bae7 (unverified)
﻿06:36:45 : Verified GUID (225eaee16a920dfb288d307ed9e8bae7) of player #1 mixer_90
﻿06:36:45 : Player #1 mixer_90 - Legacy GUID: 87be43bcc74af3ec2e902dae859d3842
﻿06:48:02 : RCon admin #4: (Global) BASES MUST BE MAINTAINED VIA THE PLOT POLE EVERY 7 DAYS!! VEHICLES MUST BE USED EVERY 3 DAYS!!
﻿06:53:02 : RCon admin #4: (Global) NO SQUAD XML: ENGLISH ONLY IN SIDE CHAT: VEHICLES AND GEAR CAN BE STOLEN ANYWHERE
﻿06:58:23 : RCon admin #5 (5.80.3.54:63628) logged in
﻿07:04:02 : RCon admin #4: (Global) ADMINS: LWB AND SIERRA | VISIT THE WEBSITE SURVIVALIST-DAYZ.COM
﻿07:18:02 : RCon admin #4: (Global) BASES MUST BE MAINTAINED VIA THE PLOT POLE EVERY 7 DAYS!! VEHICLES MUST BE USED EVERY 3 DAYS!!
﻿07:23:02 : RCon admin #4: (Global) NO SQUAD XML: ENGLISH ONLY IN SIDE CHAT: VEHICLES AND GEAR CAN BE STOLEN ANYWHERE
﻿07:34:02 : RCon admin #4: (Global) ADMINS: LWB AND SIERRA | VISIT THE WEBSITE SURVIVALIST-DAYZ.COM
﻿07:48:02 : RCon admin #4: (Global) BASES MUST BE MAINTAINED VIA THE PLOT POLE EVERY 7 DAYS!! VEHICLES MUST BE USED EVERY 3 DAYS!!
﻿07:51:55 : RCon admin #0 (5.80.3.54:50119) logged in
﻿07:53:02 : RCon admin #4: (Global) NO SQUAD XML: ENGLISH ONLY IN SIDE CHAT: VEHICLES AND GEAR CAN BE STOLEN ANYWHERE
﻿07:59:02 : RCon admin #4: (Global) Server will restart in 10 minutes
﻿08:01:33 : Player #1 mixer_90 disconnected
﻿08:04:02 : RCon admin #4: (Global) ADMINS: LWB AND SIERRA | VISIT THE WEBSITE SURVIVALIST-DAYZ.COM
﻿08:04:03 : RCon admin #4: (Global) Server will restart in 5 minutes: Prepare to Logout
﻿08:07:02 : RCon admin #4: (Global) The Server is about to restart. LOG OUT NOW OR YOUR GEAR MAY BE LOST!!
﻿08:08:32 : RCon admin #4: (Global) YOU SHOULD BE LOGGED OUT BY NOW! IF YOU ARENT YOU WILL BE AUTO KICKED AND YOUR GEAR MAY BE LOST! NO REFUNDS!
﻿08:09:36 : Rcon client logging in
﻿08:09:36 : RCon admin #4 (78.31.67.100:60947) logged in
﻿08:10:05 : Player #0 mixer_90 (37.29.107.19:3302) connected
﻿08:10:07 : Player #0 mixer_90 - GUID: 225eaee16a920dfb288d307ed9e8bae7 (unverified)
﻿08:10:07 : Verified GUID (225eaee16a920dfb288d307ed9e8bae7) of player #0 mixer_90
﻿08:10:07 : Player #0 mixer_90 - Legacy GUID: 87be43bcc74af3ec2e902dae859d3842
﻿08:23:37 : RCon admin #4: (Global) NO SQUAD XML: ENGLISH ONLY IN SIDE CHAT: VEHICLES AND GEAR CAN BE STOLEN ANYWHERE
﻿08:34:36 : RCon admin #4: (Global) ADMINS: LWB AND SIERRA | VISIT THE WEBSITE SURVIVALIST-DAYZ.COM
﻿08:48:36 : RCon admin #4: (Global) BASES MUST BE MAINTAINED VIA THE PLOT POLE EVERY 7 DAYS!! VEHICLES MUST BE USED EVERY 3 DAYS!!
﻿08:53:36 : RCon admin #4: (Global) NO SQUAD XML: ENGLISH ONLY IN SIDE CHAT: VEHICLES AND GEAR CAN BE STOLEN ANYWHERE
﻿09:01:05 : RCon admin #0 (86.131.103.232:54258) logged in
﻿09:01:07 : RCon admin #1 (86.131.103.232:62814) logged in
﻿09:01:07 : RCon admin #2 (86.131.103.232:59594) logged in
﻿09:01:28 : RCon admin #3 (86.131.103.232:61704) logged in
﻿09:04:36 : RCon admin #4: (Global) ADMINS: LWB AND SIERRA | VISIT THE WEBSITE SURVIVALIST-DAYZ.COM
﻿09:12:39 : Player #1 Tamago (83.29.170.127:2304) connected
﻿09:12:41 : Player #1 Tamago - GUID: 47fefcd2f1f4552be6f02ff058554a1a (unverified)
﻿09:12:41 : Player #1 Tamago - Legacy GUID: e7990920bf11d20ee9c09ceae0c69808
﻿09:12:42 : Verified GUID (47fefcd2f1f4552be6f02ff058554a1a) of player #1 Tamago
﻿09:18:37 : RCon admin #4: (Global) BASES MUST BE MAINTAINED VIA THE PLOT POLE EVERY 7 DAYS!! VEHICLES MUST BE USED EVERY 3 DAYS!!
﻿09:23:37 : RCon admin #4: (Global) NO SQUAD XML: ENGLISH ONLY IN SIDE CHAT: VEHICLES AND GEAR CAN BE STOLEN ANYWHERE
﻿09:34:37 : RCon admin #4: (Global) ADMINS: LWB AND SIERRA | VISIT THE WEBSITE SURVIVALIST-DAYZ.COM
﻿09:36:08 : Player #2 User (223.206.233.237:2304) connected
﻿09:36:09 : Player #2 User - GUID: a6c5d30224fa39fae730b31cabd95b20 (unverified)
﻿09:36:10 : Verified GUID (a6c5d30224fa39fae730b31cabd95b20) of player #2 User
﻿09:36:10 : Player #2 User - Legacy GUID: 8c1eead1cf989b47cb8d2c352a9b640d
﻿09:37:03 : Player #2 User disconnected
﻿09:39:06 : Player #2 User (223.206.233.237:2304) connected
﻿09:39:08 : Player #2 User - GUID: a6c5d30224fa39fae730b31cabd95b20 (unverified)
﻿09:39:08 : Verified GUID (a6c5d30224fa39fae730b31cabd95b20) of player #2 User
﻿09:39:09 : Player #2 User - Legacy GUID: 8c1eead1cf989b47cb8d2c352a9b640d
﻿09:39:18 : Player #2 User disconnected
﻿09:48:36 : RCon admin #4: (Global) BASES MUST BE MAINTAINED VIA THE PLOT POLE EVERY 7 DAYS!! VEHICLES MUST BE USED EVERY 3 DAYS!!
﻿09:50:04 : Player #2 User (223.206.233.237:2304) connected
﻿09:50:05 : Player #2 User - GUID: a6c5d30224fa39fae730b31cabd95b20 (unverified)
﻿09:50:06 : Verified GUID (a6c5d30224fa39fae730b31cabd95b20) of player #2 User
﻿09:50:06 : Player #2 User - Legacy GUID: 8c1eead1cf989b47cb8d2c352a9b640d
﻿09:50:17 : Player #2 User disconnected
﻿09:53:37 : RCon admin #4: (Global) NO SQUAD XML: ENGLISH ONLY IN SIDE CHAT: VEHICLES AND GEAR CAN BE STOLEN ANYWHERE
﻿10:04:36 : RCon admin #4: (Global) ADMINS: LWB AND SIERRA | VISIT THE WEBSITE SURVIVALIST-DAYZ.COM
﻿10:10:54 : Player #2 User (223.206.233.237:2304) connected
﻿10:10:55 : Player #2 User - GUID: a6c5d30224fa39fae730b31cabd95b20 (unverified)
﻿10:10:55 : Verified GUID (a6c5d30224fa39fae730b31cabd95b20) of player #2 User
﻿10:10:56 : Player #2 User - Legacy GUID: 8c1eead1cf989b47cb8d2c352a9b640d
﻿10:11:31 : Player #2 User disconnected
﻿10:11:36 : Player #2 User (223.206.233.237:2304) connected
﻿10:11:37 : Player #2 User - GUID: a6c5d30224fa39fae730b31cabd95b20 (unverified)
﻿10:11:38 : Verified GUID (a6c5d30224fa39fae730b31cabd95b20) of player #2 User
﻿10:11:38 : Player #2 User - Legacy GUID: 8c1eead1cf989b47cb8d2c352a9b640d
﻿10:12:12 : Player #2 User disconnected
﻿10:14:21 : Player #2 User (223.206.233.237:2304) connected
﻿10:14:22 : Player #2 User - GUID: a6c5d30224fa39fae730b31cabd95b20 (unverified)
﻿10:14:23 : Verified GUID (a6c5d30224fa39fae730b31cabd95b20) of player #2 User
﻿10:14:23 : Player #2 User - Legacy GUID: 8c1eead1cf989b47cb8d2c352a9b640d
﻿10:14:46 : Player #2 User disconnected
﻿10:17:22 : Player #1 Tamago disconnected
﻿10:18:36 : RCon admin #4: (Global) BASES MUST BE MAINTAINED VIA THE PLOT POLE EVERY 7 DAYS!! VEHICLES MUST BE USED EVERY 3 DAYS!!
﻿10:23:37 : RCon admin #4: (Global) NO SQUAD XML: ENGLISH ONLY IN SIDE CHAT: VEHICLES AND GEAR CAN BE STOLEN ANYWHERE
﻿10:29:36 : RCon admin #4: (Global) Server will restart in 10 minutes
﻿10:34:36 : RCon admin #4: (Global) ADMINS: LWB AND SIERRA | VISIT THE WEBSITE SURVIVALIST-DAYZ.COM
﻿10:34:37 : RCon admin #4: (Global) Server will restart in 5 minutes: Prepare to Logout
﻿10:37:37 : RCon admin #4: (Global) The Server is about to restart. LOG OUT NOW OR YOUR GEAR MAY BE LOST!!
﻿10:38:21 : Player #0 mixer_90 disconnected
﻿10:39:06 : RCon admin #4: (Global) YOU SHOULD BE LOGGED OUT BY NOW! IF YOU ARENT YOU WILL BE AUTO KICKED AND YOUR GEAR MAY BE LOST! NO REFUNDS!
﻿10:40:10 : Rcon client logging in
﻿10:40:10 : RCon admin #4 (78.31.67.100:50917) logged in
﻿10:42:19 : Player #0 mixer_90 (37.29.107.19:3302) connected
﻿10:42:20 : Player #0 mixer_90 - GUID: 225eaee16a920dfb288d307ed9e8bae7 (unverified)
﻿10:42:21 : Verified GUID (225eaee16a920dfb288d307ed9e8bae7) of player #0 mixer_90
﻿10:42:21 : Player #0 mixer_90 - Legacy GUID: 87be43bcc74af3ec2e902dae859d3842
﻿10:54:10 : RCon admin #4: (Global) NO SQUAD XML: ENGLISH ONLY IN SIDE CHAT: VEHICLES AND GEAR CAN BE STOLEN ANYWHERE
﻿11:05:10 : RCon admin #4: (Global) ADMINS: LWB AND SIERRA | VISIT THE WEBSITE SURVIVALIST-DAYZ.COM
﻿11:14:32 : Player #1 Tamago (83.29.170.127:2304) connected
﻿11:14:35 : Player #1 Tamago - GUID: 47fefcd2f1f4552be6f02ff058554a1a (unverified)
﻿11:14:36 : Verified GUID (47fefcd2f1f4552be6f02ff058554a1a) of player #1 Tamago
﻿11:14:36 : Player #1 Tamago - Legacy GUID: e7990920bf11d20ee9c09ceae0c69808
﻿11:19:10 : RCon admin #4: (Global) BASES MUST BE MAINTAINED VIA THE PLOT POLE EVERY 7 DAYS!! VEHICLES MUST BE USED EVERY 3 DAYS!!
﻿11:22:14 : Player #1 Tamago (47fefcd2f1f4552be6f02ff058554a1a) has been kicked by BattlEye: Client not responding
﻿11:22:35 : RCon admin #5 (86.131.103.232:65444) logged in
﻿11:24:10 : RCon admin #4: (Global) NO SQUAD XML: ENGLISH ONLY IN SIDE CHAT: VEHICLES AND GEAR CAN BE STOLEN ANYWHERE
﻿11:25:43 : Player #1 Tamago (83.4.143.193:2304) connected
﻿11:25:46 : Player #1 Tamago - GUID: 47fefcd2f1f4552be6f02ff058554a1a (unverified)
﻿11:25:47 : Verified GUID (47fefcd2f1f4552be6f02ff058554a1a) of player #1 Tamago
﻿11:25:47 : Player #1 Tamago - Legacy GUID: e7990920bf11d20ee9c09ceae0c69808
﻿11:31:45 : Player #1 Tamago disconnected
﻿11:31:50 : Player #1 Tamago (83.4.143.193:2304) connected
﻿11:31:51 : Player #1 Tamago - GUID: 47fefcd2f1f4552be6f02ff058554a1a (unverified)
﻿11:31:52 : Verified GUID (47fefcd2f1f4552be6f02ff058554a1a) of player #1 Tamago
﻿11:31:52 : Player #1 Tamago - Legacy GUID: e7990920bf11d20ee9c09ceae0c69808
﻿11:35:10 : RCon admin #4: (Global) ADMINS: LWB AND SIERRA | VISIT THE WEBSITE SURVIVALIST-DAYZ.COM
﻿11:37:46 : Player #2 raph (92.141.142.193:2304) connected
﻿11:37:47 : Player #2 raph - GUID: 885b1bcffa944527cb13fe0086a90205 (unverified)
﻿11:37:47 : Verified GUID (885b1bcffa944527cb13fe0086a90205) of player #2 raph
﻿11:37:47 : Player #2 raph disconnected
﻿11:49:10 : RCon admin #4: (Global) BASES MUST BE MAINTAINED VIA THE PLOT POLE EVERY 7 DAYS!! VEHICLES MUST BE USED EVERY 3 DAYS!!
﻿11:54:10 : RCon admin #4: (Global) NO SQUAD XML: ENGLISH ONLY IN SIDE CHAT: VEHICLES AND GEAR CAN BE STOLEN ANYWHERE
﻿12:05:10 : RCon admin #4: (Global) ADMINS: LWB AND SIERRA | VISIT THE WEBSITE SURVIVALIST-DAYZ.COM
﻿12:11:32 : Player #2 admiraile (188.244.137.96:19908) connected
﻿12:11:33 : Player #2 admiraile - GUID: 453463c1929251fbbe387e003d9c5d53 (unverified)
﻿12:11:33 : Verified GUID (453463c1929251fbbe387e003d9c5d53) of player #2 admiraile
﻿12:11:34 : Player #2 admiraile disconnected
﻿12:18:55 : Player #2 GoForthAndMultiply (86.160.6.18:3302) connected
﻿12:18:57 : Player #2 GoForthAndMultiply - GUID: cfbbbdf74cca620aa69095163448174b (unverified)
﻿12:18:57 : Verified GUID (cfbbbdf74cca620aa69095163448174b) of player #2 GoForthAndMultiply
﻿12:18:57 : Player #2 GoForthAndMultiply - Legacy GUID: 5226ab94922d4d986dbe9869af8a5a34
﻿12:19:10 : RCon admin #4: (Global) BASES MUST BE MAINTAINED VIA THE PLOT POLE EVERY 7 DAYS!! VEHICLES MUST BE USED EVERY 3 DAYS!!
﻿12:24:10 : RCon admin #4: (Global) NO SQUAD XML: ENGLISH ONLY IN SIDE CHAT: VEHICLES AND GEAR CAN BE STOLEN ANYWHERE
﻿12:35:10 : RCon admin #4: (Global) ADMINS: LWB AND SIERRA | VISIT THE WEBSITE SURVIVALIST-DAYZ.COM
﻿12:35:22 : Player #0 mixer_90 disconnected
﻿12:47:11 : RCon admin #4: (To GoForthAndMultiply) Watch your language. No Warnings left. Next badword will result in kick
﻿12:49:10 : RCon admin #4: (Global) BASES MUST BE MAINTAINED VIA THE PLOT POLE EVERY 7 DAYS!! VEHICLES MUST BE USED EVERY 3 DAYS!!
﻿12:49:15 : Player #1 Tamago (47fefcd2f1f4552be6f02ff058554a1a) has been kicked by BattlEye: Ping too high (625)
﻿12:49:23 : Player #0 Tamago (83.4.143.193:2304) connected
﻿12:49:28 : Player #0 Tamago - Legacy GUID: e7990920bf11d20ee9c09ceae0c69808
﻿12:49:28 : Player #0 Tamago - GUID: 47fefcd2f1f4552be6f02ff058554a1a (unverified)
﻿12:49:28 : Verified GUID (47fefcd2f1f4552be6f02ff058554a1a) of player #0 Tamago
﻿12:49:29 : Player #0 Tamago - Legacy GUID: e7990920bf11d20ee9c09ceae0c69808
﻿12:50:06 : Player #0 Tamago (47fefcd2f1f4552be6f02ff058554a1a) has been kicked by BattlEye: PublicVariable Value Restriction #77
﻿12:50:13 : Player #0 Tamago (83.4.143.193:2304) connected
﻿12:50:14 : Player #0 Tamago - GUID: 47fefcd2f1f4552be6f02ff058554a1a (unverified)
﻿12:50:15 : Verified GUID (47fefcd2f1f4552be6f02ff058554a1a) of player #0 Tamago
﻿12:50:15 : Player #0 Tamago - Legacy GUID: e7990920bf11d20ee9c09ceae0c69808
﻿12:54:10 : RCon admin #4: (Global) NO SQUAD XML: ENGLISH ONLY IN SIDE CHAT: VEHICLES AND GEAR CAN BE STOLEN ANYWHERE
﻿12:56:47 : Player #0 Tamago disconnected
﻿12:56:57 : Player #0 Tamago (83.4.143.193:2304) connected
﻿12:56:59 : Player #0 Tamago - GUID: 47fefcd2f1f4552be6f02ff058554a1a (unverified)
﻿12:57:00 : Verified GUID (47fefcd2f1f4552be6f02ff058554a1a) of player #0 Tamago
﻿12:57:01 : Player #0 Tamago - Legacy GUID: e7990920bf11d20ee9c09ceae0c69808
﻿13:00:10 : RCon admin #4: (Global) Server will restart in 10 minutes
﻿13:05:10 : RCon admin #4: (Global) ADMINS: LWB AND SIERRA | VISIT THE WEBSITE SURVIVALIST-DAYZ.COM
﻿13:05:11 : RCon admin #4: (Global) Server will restart in 5 minutes: Prepare to Logout
﻿13:08:10 : RCon admin #4: (Global) The Server is about to restart. LOG OUT NOW OR YOUR GEAR MAY BE LOST!!
﻿13:08:23 : Player #0 Tamago disconnected
﻿13:09:21 : Player #2 GoForthAndMultiply disconnected
﻿13:09:40 : RCon admin #4: (Global) YOU SHOULD BE LOGGED OUT BY NOW! IF YOU ARENT YOU WILL BE AUTO KICKED AND YOUR GEAR MAY BE LOST! NO REFUNDS!
﻿13:10:44 : Rcon client logging in
﻿13:10:44 : RCon admin #4 (78.31.67.100:59388) logged in
﻿13:11:31 : Player #2 GoForthAndMultiply (86.160.6.18:3302) connected
﻿13:11:32 : Player #2 GoForthAndMultiply - GUID: cfbbbdf74cca620aa69095163448174b (unverified)
﻿13:11:33 : Verified GUID (cfbbbdf74cca620aa69095163448174b) of player #2 GoForthAndMultiply
﻿13:11:33 : Player #2 GoForthAndMultiply - Legacy GUID: 5226ab94922d4d986dbe9869af8a5a34
﻿13:22:44 : Player #1 Tamago disconnected
﻿13:22:59 : Player #1 Tamago (83.4.143.193:2304) connected
﻿13:23:02 : Player #1 Tamago - GUID: 47fefcd2f1f4552be6f02ff058554a1a (unverified)
﻿13:23:02 : Verified GUID (47fefcd2f1f4552be6f02ff058554a1a) of player #1 Tamago
﻿13:23:04 : Player #1 Tamago - Legacy GUID: e7990920bf11d20ee9c09ceae0c69808
﻿13:24:44 : RCon admin #4: (Global) NO SQUAD XML: ENGLISH ONLY IN SIDE CHAT: VEHICLES AND GEAR CAN BE STOLEN ANYWHERE
﻿13:30:57 : Player #3 VLADIMIR>*** (31.0.122.186:9230) connected
﻿13:30:59 : Player #3 VLADIMIR>*** - GUID: 23ba3b72c27f9037a89a5be52475278a (unverified)
﻿13:30:59 : Verified GUID (23ba3b72c27f9037a89a5be52475278a) of player #3 VLADIMIR>***
﻿13:31:00 : Player #3 VLADIMIR>*** - Legacy GUID: 3ae9f2bd0cfa61de1e742c02f56f7f78
﻿13:35:45 : RCon admin #4: (Global) ADMINS: LWB AND SIERRA | VISIT THE WEBSITE SURVIVALIST-DAYZ.COM
﻿13:49:03 : Player #0 danila disconnected
﻿13:49:34 : RCon admin #5 (86.131.103.232:56483) logged in
﻿13:49:45 : RCon admin #4: (Global) BASES MUST BE MAINTAINED VIA THE PLOT POLE EVERY 7 DAYS!! VEHICLES MUST BE USED EVERY 3 DAYS!!
﻿13:54:45 : RCon admin #4: (Global) NO SQUAD XML: ENGLISH ONLY IN SIDE CHAT: VEHICLES AND GEAR CAN BE STOLEN ANYWHERE
﻿14:05:45 : RCon admin #4: (Global) ADMINS: LWB AND SIERRA | VISIT THE WEBSITE SURVIVALIST-DAYZ.COM
﻿14:19:45 : RCon admin #4: (Global) BASES MUST BE MAINTAINED VIA THE PLOT POLE EVERY 7 DAYS!! VEHICLES MUST BE USED EVERY 3 DAYS!!
﻿14:24:44 : RCon admin #4: (Global) NO SQUAD XML: ENGLISH ONLY IN SIDE CHAT: VEHICLES AND GEAR CAN BE STOLEN ANYWHERE
﻿14:34:23 : RCon admin #2 (86.131.103.232:58881) logged in
﻿14:34:26 : RCon admin #0 (86.131.103.232:56006) logged in
﻿14:35:45 : RCon admin #4: (Global) ADMINS: LWB AND SIERRA | VISIT THE WEBSITE SURVIVALIST-DAYZ.COM
﻿14:38:53 : Player #0 2DIE4 (84.130.119.146:3302) connected
﻿14:38:54 : Player #0 2DIE4 - GUID: 97b8e8b63e4439b2b62c99dde2b8b8a1 (unverified)
﻿14:38:55 : Verified GUID (97b8e8b63e4439b2b62c99dde2b8b8a1) of player #0 2DIE4
﻿14:38:55 : Player #0 2DIE4 - Legacy GUID: e56dc54c0a6d92faa8a284d7c54bffab
﻿14:41:03 : Player #2 GoForthAndMultiply disconnected
﻿14:49:45 : RCon admin #4: (Global) BASES MUST BE MAINTAINED VIA THE PLOT POLE EVERY 7 DAYS!! VEHICLES MUST BE USED EVERY 3 DAYS!!
﻿14:54:45 : RCon admin #4: (Global) NO SQUAD XML: ENGLISH ONLY IN SIDE CHAT: VEHICLES AND GEAR CAN BE STOLEN ANYWHERE
﻿15:05:45 : RCon admin #4: (Global) ADMINS: LWB AND SIERRA | VISIT THE WEBSITE SURVIVALIST-DAYZ.COM
﻿15:09:42 : RCon admin #3 (86.131.103.232:51870) logged in
﻿15:09:44 : Player #3 VLADIMIR>*** disconnected
﻿15:11:11 : Player #2 VLADIMIR>*** (31.0.122.186:9230) connected
﻿15:11:12 : Player #2 VLADIMIR>*** - GUID: 23ba3b72c27f9037a89a5be52475278a (unverified)
﻿15:11:13 : Verified GUID (23ba3b72c27f9037a89a5be52475278a) of player #2 VLADIMIR>***
﻿15:11:13 : Player #2 VLADIMIR>*** - Legacy GUID: 3ae9f2bd0cfa61de1e742c02f56f7f78
﻿15:13:28 : Player #1 Tamago disconnected
﻿15:19:44 : RCon admin #4: (Global) BASES MUST BE MAINTAINED VIA THE PLOT POLE EVERY 7 DAYS!! VEHICLES MUST BE USED EVERY 3 DAYS!!
﻿15:24:44 : RCon admin #4: (Global) NO SQUAD XML: ENGLISH ONLY IN SIDE CHAT: VEHICLES AND GEAR CAN BE STOLEN ANYWHERE
﻿15:30:44 : RCon admin #4: (Global) Server will restart in 10 minutes
﻿15:35:45 : RCon admin #4: (Global) ADMINS: LWB AND SIERRA | VISIT THE WEBSITE SURVIVALIST-DAYZ.COM
﻿15:35:45 : RCon admin #4: (Global) Server will restart in 5 minutes: Prepare to Logout
﻿15:36:13 : Player #0 2DIE4 disconnected
﻿15:38:45 : RCon admin #4: (Global) The Server is about to restart. LOG OUT NOW OR YOUR GEAR MAY BE LOST!!
﻿15:40:11 : Player #2 VLADIMIR>*** disconnected
﻿15:40:14 : RCon admin #4: (Global) YOU SHOULD BE LOGGED OUT BY NOW! IF YOU ARENT YOU WILL BE AUTO KICKED AND YOUR GEAR MAY BE LOST! NO REFUNDS!
﻿15:41:18 : Rcon client logging in
﻿15:41:18 : RCon admin #4 (78.31.67.100:61631) logged in
﻿15:55:18 : RCon admin #4: (Global) NO SQUAD XML: ENGLISH ONLY IN SIDE CHAT: VEHICLES AND GEAR CAN BE STOLEN ANYWHERE
﻿15:55:39 : RCon admin #5 (86.131.103.232:52737) logged in
﻿15:56:16 : Player #1 2DIE4 (84.130.119.146:3302) connected
﻿15:56:17 : Player #1 2DIE4 - GUID: 97b8e8b63e4439b2b62c99dde2b8b8a1 (unverified)
﻿15:56:17 : Verified GUID (97b8e8b63e4439b2b62c99dde2b8b8a1) of player #1 2DIE4
﻿15:56:18 : Player #1 2DIE4 - Legacy GUID: e56dc54c0a6d92faa8a284d7c54bffab
﻿16:06:18 : RCon admin #4: (Global) ADMINS: LWB AND SIERRA | VISIT THE WEBSITE SURVIVALIST-DAYZ.COM
﻿16:16:50 : Player #2 mixer_90 (37.29.107.19:3302) connected
﻿16:16:51 : Player #2 mixer_90 - GUID: 225eaee16a920dfb288d307ed9e8bae7 (unverified)
﻿16:16:52 : Verified GUID (225eaee16a920dfb288d307ed9e8bae7) of player #2 mixer_90
﻿16:16:52 : Player #2 mixer_90 - Legacy GUID: 87be43bcc74af3ec2e902dae859d3842
﻿16:20:18 : RCon admin #4: (Global) BASES MUST BE MAINTAINED VIA THE PLOT POLE EVERY 7 DAYS!! VEHICLES MUST BE USED EVERY 3 DAYS!!
﻿16:25:18 : RCon admin #4: (Global) NO SQUAD XML: ENGLISH ONLY IN SIDE CHAT: VEHICLES AND GEAR CAN BE STOLEN ANYWHERE
﻿16:29:56 : RCon admin #2 (86.131.103.232:56699) logged in
﻿16:32:53 : Player #0 VLADIMIR>*** disconnected
﻿16:34:39 : RCon admin #0 (86.131.103.232:53065) logged in
﻿16:36:18 : RCon admin #4: (Global) ADMINS: LWB AND SIERRA | VISIT THE WEBSITE SURVIVALIST-DAYZ.COM
﻿16:39:24 : RCon admin #2 (86.131.103.232:54737) logged in
﻿16:46:35 : Player #1 2DIE4 disconnected
﻿16:50:18 : RCon admin #4: (Global) BASES MUST BE MAINTAINED VIA THE PLOT POLE EVERY 7 DAYS!! VEHICLES MUST BE USED EVERY 3 DAYS!!
﻿16:55:18 : RCon admin #4: (Global) NO SQUAD XML: ENGLISH ONLY IN SIDE CHAT: VEHICLES AND GEAR CAN BE STOLEN ANYWHERE
﻿17:06:18 : RCon admin #4: (Global) ADMINS: LWB AND SIERRA | VISIT THE WEBSITE SURVIVALIST-DAYZ.COM
﻿17:20:18 : RCon admin #4: (Global) BASES MUST BE MAINTAINED VIA THE PLOT POLE EVERY 7 DAYS!! VEHICLES MUST BE USED EVERY 3 DAYS!!
﻿17:22:49 : Player #0 Sgt. Crowbar (109.252.86.189:3975) connected
﻿17:22:51 : Player #0 Sgt. Crowbar - GUID: 7aa32c08e9fc6e9d326a2ff9a269582a (unverified)
﻿17:22:52 : Player #0 Sgt. Crowbar - Legacy GUID: 4622c1319defba8e6a544617559cdeac
﻿17:22:52 : Verified GUID (7aa32c08e9fc6e9d326a2ff9a269582a) of player #0 Sgt. Crowbar
﻿17:24:17 : Player #1 Dontlootpls (188.32.45.114:2304) connected
﻿17:24:18 : Player #1 Dontlootpls - GUID: 0a9a6a74e21007df4d7231c0d9b194bd (unverified)
﻿17:24:19 : Verified GUID (0a9a6a74e21007df4d7231c0d9b194bd) of player #1 Dontlootpls
﻿17:24:19 : Player #1 Dontlootpls - Legacy GUID: e589902d501e9040aaf2051aaed23393
﻿17:25:18 : RCon admin #4: (Global) NO SQUAD XML: ENGLISH ONLY IN SIDE CHAT: VEHICLES AND GEAR CAN BE STOLEN ANYWHERE
﻿17:27:10 : RCon admin #0 (86.131.103.232:60321) logged in
﻿17:36:18 : RCon admin #4: (Global) ADMINS: LWB AND SIERRA | VISIT THE WEBSITE SURVIVALIST-DAYZ.COM
﻿17:47:56 : RCon admin #2 (86.131.103.232:57570) logged in
﻿17:50:18 : RCon admin #4: (Global) BASES MUST BE MAINTAINED VIA THE PLOT POLE EVERY 7 DAYS!! VEHICLES MUST BE USED EVERY 3 DAYS!!
﻿17:55:18 : RCon admin #4: (Global) NO SQUAD XML: ENGLISH ONLY IN SIDE CHAT: VEHICLES AND GEAR CAN BE STOLEN ANYWHERE
﻿18:01:18 : RCon admin #4: (Global) Server will restart in 10 minutes
﻿18:01:56 : Player #3 Smoothie (86.157.49.215:3302) connected
﻿18:01:58 : Player #3 Smoothie - GUID: a98eb12c8c38eceb9844e4845db9af2c (unverified)
﻿18:01:59 : Verified GUID (a98eb12c8c38eceb9844e4845db9af2c) of player #3 Smoothie
﻿18:02:00 : Player #3 Smoothie - Legacy GUID: e1e785a38226723760cfb484e59a630b
﻿18:02:03 : Player #3 Smoothie disconnected
﻿18:06:18 : RCon admin #4: (Global) ADMINS: LWB AND SIERRA | VISIT THE WEBSITE SURVIVALIST-DAYZ.COM
﻿18:06:19 : RCon admin #4: (Global) Server will restart in 5 minutes: Prepare to Logout
﻿18:08:42 : Player #1 Dontlootpls disconnected
﻿18:08:48 : Player #0 Sgt. Crowbar disconnected
﻿18:09:18 : RCon admin #4: (Global) The Server is about to restart. LOG OUT NOW OR YOUR GEAR MAY BE LOST!!
﻿18:10:21 : Player #2 mixer_90 disconnected
﻿18:10:48 : RCon admin #4: (Global) YOU SHOULD BE LOGGED OUT BY NOW! IF YOU ARENT YOU WILL BE AUTO KICKED AND YOUR GEAR MAY BE LOST! NO REFUNDS!
﻿18:11:52 : Rcon client logging in
﻿18:11:52 : RCon admin #4 (78.31.67.100:55089) logged in
﻿18:13:17 : Player #0 Sgt. Crowbar (109.252.86.189:1327) connected
﻿18:13:19 : Player #0 Sgt. Crowbar - GUID: 7aa32c08e9fc6e9d326a2ff9a269582a (unverified)
﻿18:13:19 : Player #0 Sgt. Crowbar - Legacy GUID: 4622c1319defba8e6a544617559cdeac
﻿18:13:19 : Verified GUID (7aa32c08e9fc6e9d326a2ff9a269582a) of player #0 Sgt. Crowbar
﻿18:13:53 : Player #1 Dontlootpls (188.32.45.114:2304) connected
﻿18:13:54 : Player #1 Dontlootpls - GUID: 0a9a6a74e21007df4d7231c0d9b194bd (unverified)
﻿18:13:54 : Verified GUID (0a9a6a74e21007df4d7231c0d9b194bd) of player #1 Dontlootpls
﻿18:13:55 : Player #1 Dontlootpls - Legacy GUID: e589902d501e9040aaf2051aaed23393
﻿18:25:52 : RCon admin #4: (Global) NO SQUAD XML: ENGLISH ONLY IN SIDE CHAT: VEHICLES AND GEAR CAN BE STOLEN ANYWHERE
﻿18:36:52 : RCon admin #4: (Global) ADMINS: LWB AND SIERRA | VISIT THE WEBSITE SURVIVALIST-DAYZ.COM
﻿18:50:52 : RCon admin #4: (Global) BASES MUST BE MAINTAINED VIA THE PLOT POLE EVERY 7 DAYS!! VEHICLES MUST BE USED EVERY 3 DAYS!!
﻿18:55:52 : RCon admin #4: (Global) NO SQUAD XML: ENGLISH ONLY IN SIDE CHAT: VEHICLES AND GEAR CAN BE STOLEN ANYWHERE
﻿19:00:13 : Player #2 WQX (178.168.72.197:2304) connected
﻿19:00:15 : Player #2 WQX - GUID: d60292c6db0ce9c47f6feb32804d4c04 (unverified)
﻿19:00:15 : Verified GUID (d60292c6db0ce9c47f6feb32804d4c04) of player #2 WQX
﻿19:00:15 : Player #2 WQX - Legacy GUID: 1ab877daeb02632b78bb42fb29ce129b
﻿19:06:52 : RCon admin #4: (Global) ADMINS: LWB AND SIERRA | VISIT THE WEBSITE SURVIVALIST-DAYZ.COM
﻿19:20:52 : RCon admin #4: (Global) BASES MUST BE MAINTAINED VIA THE PLOT POLE EVERY 7 DAYS!! VEHICLES MUST BE USED EVERY 3 DAYS!!
﻿19:25:52 : RCon admin #4: (Global) NO SQUAD XML: ENGLISH ONLY IN SIDE CHAT: VEHICLES AND GEAR CAN BE STOLEN ANYWHERE
﻿19:27:24 : Player #3 mosun (188.187.177.185:3302) connected
﻿19:27:26 : Player #3 mosun - GUID: f5e6ec43f085a8d841f4b4a08ad095c7 (unverified)
﻿19:27:26 : Verified GUID (f5e6ec43f085a8d841f4b4a08ad095c7) of player #3 mosun
﻿19:27:26 : Player #3 mosun - Legacy GUID: 66593b731130ba2c9bb7d5e761695910
﻿19:28:27 : Player #4 nabekren (188.32.35.18:3302) connected
﻿19:28:29 : Player #4 nabekren - Legacy GUID: 20ae4b63115beb9c922bbba6c4a837b4
﻿19:28:29 : Player #4 nabekren - GUID: 7ce9241b7db6bc69cdbe2964de0b8c40 (unverified)
﻿19:28:29 : Verified GUID (7ce9241b7db6bc69cdbe2964de0b8c40) of player #4 nabekren
﻿19:30:54 : Player #5 ???? (176.106.255.149:3302) connected
﻿19:30:55 : Player #5 ???? - GUID: 1a59aff414dfd690a2d20e4936ee5d19 (unverified)
﻿19:30:55 : Verified GUID (1a59aff414dfd690a2d20e4936ee5d19) of player #5 ????
﻿19:30:56 : Player #5 ???? - Legacy GUID: 6518c02783f4ea1935d4b383a75af74d
﻿19:36:52 : RCon admin #4: (Global) ADMINS: LWB AND SIERRA | VISIT THE WEBSITE SURVIVALIST-DAYZ.COM
﻿19:38:16 : Player #6 [OCB]Dodgy Embalmer (81.104.140.9:3302) connected
﻿19:38:17 : Player #6 [OCB]Dodgy Embalmer - GUID: 1040809194018063e4fd1d1e040ec1b9 (unverified)
﻿19:38:18 : Player #6 [OCB]Dodgy Embalmer - Legacy GUID: 0fcc0ed1413307fa7772e9f32f7b71ee
﻿19:38:18 : Verified GUID (1040809194018063e4fd1d1e040ec1b9) of player #6 [OCB]Dodgy Embalmer
﻿19:50:52 : RCon admin #4: (Global) BASES MUST BE MAINTAINED VIA THE PLOT POLE EVERY 7 DAYS!! VEHICLES MUST BE USED EVERY 3 DAYS!!
﻿19:55:45 : Player #7 Legolas Greengusset (81.104.140.9:1026) connected
﻿19:55:47 : Player #7 Legolas Greengusset - GUID: 38a93b9f0b2c7b7eb033f1a4b2026f75 (unverified)
﻿19:55:47 : Player #7 Legolas Greengusset - Legacy GUID: 4be85e1b432b4692c09a26acd7cd89f7
﻿19:55:47 : Verified GUID (38a93b9f0b2c7b7eb033f1a4b2026f75) of player #7 Legolas Greengusset
﻿19:55:52 : RCon admin #4: (Global) NO SQUAD XML: ENGLISH ONLY IN SIDE CHAT: VEHICLES AND GEAR CAN BE STOLEN ANYWHERE
﻿19:59:07 : Player #7 Legolas Greengusset (38a93b9f0b2c7b7eb033f1a4b2026f75) has been kicked by BattlEye: PublicVariable Value Restriction #187
﻿19:59:22 : Player #7 Legolas Greengusset (81.104.140.9:1026) connected
﻿19:59:23 : Player #7 Legolas Greengusset - GUID: 38a93b9f0b2c7b7eb033f1a4b2026f75 (unverified)
﻿19:59:23 : Verified GUID (38a93b9f0b2c7b7eb033f1a4b2026f75) of player #7 Legolas Greengusset
﻿19:59:24 : Player #7 Legolas Greengusset - Legacy GUID: 4be85e1b432b4692c09a26acd7cd89f7
﻿20:05:14 : Player #2 WQX disconnected
﻿20:06:46 : RCon admin #1: (Global) LWB: Whats up?
﻿20:06:52 : RCon admin #4: (Global) ADMINS: LWB AND SIERRA | VISIT THE WEBSITE SURVIVALIST-DAYZ.COM
﻿20:07:23 : RCon admin #1: (Global) LWB: Ok, go ahead
﻿20:08:18 : Player #2 ARTaRDD (95.161.239.194:3302) connected
﻿20:08:20 : Player #2 ARTaRDD - GUID: 40eaa3eef0dcc1f702790be25e77973e (unverified)
﻿20:08:20 : Verified GUID (40eaa3eef0dcc1f702790be25e77973e) of player #2 ARTaRDD
﻿20:08:20 : Player #2 ARTaRDD - Legacy GUID: 04123b41d47574b7739d23168e6a2019
﻿20:08:34 : RCon admin #1: (Global) LWB: yes
﻿20:09:25 : RCon admin #1: (Global) LWB: yes
﻿20:17:49 : Player #8 Vlad (81.101.187.162:3302) connected
﻿20:17:50 : Player #8 Vlad - GUID: 805a9be2b2271647227694234975fc6a (unverified)
﻿20:17:50 : Verified GUID (805a9be2b2271647227694234975fc6a) of player #8 Vlad
﻿20:17:51 : Player #8 Vlad - Legacy GUID: 395ceca97ebcc0e268b7c75bf90340c7
﻿20:20:52 : RCon admin #4: (Global) BASES MUST BE MAINTAINED VIA THE PLOT POLE EVERY 7 DAYS!! VEHICLES MUST BE USED EVERY 3 DAYS!!
﻿20:25:52 : RCon admin #4: (Global) NO SQUAD XML: ENGLISH ONLY IN SIDE CHAT: VEHICLES AND GEAR CAN BE STOLEN ANYWHERE
﻿20:31:52 : RCon admin #4: (Global) Server will restart in 10 minutes
﻿20:36:53 : RCon admin #4: (Global) ADMINS: LWB AND SIERRA | VISIT THE WEBSITE SURVIVALIST-DAYZ.COM
﻿20:36:53 : RCon admin #4: (Global) Server will restart in 5 minutes: Prepare to Logout
﻿20:37:30 : RCon admin #5 (86.131.103.232:49451) logged in
﻿20:38:05 : Player #1 Dontlootpls disconnected
﻿20:38:11 : Player #0 Sgt. Crowbar disconnected
﻿20:39:12 : Player #8 Vlad disconnected
﻿20:39:52 : RCon admin #4: (Global) The Server is about to restart. LOG OUT NOW OR YOUR GEAR MAY BE LOST!!
﻿20:40:36 : Player #4 nabekren disconnected
﻿20:40:59 : Player #2 ARTaRDD disconnected
﻿20:40:59 : Player #5 ???? disconnected
﻿20:41:22 : RCon admin #4: (Global) YOU SHOULD BE LOGGED OUT BY NOW! IF YOU ARENT YOU WILL BE AUTO KICKED AND YOUR GEAR MAY BE LOST! NO REFUNDS!
﻿20:42:26 : Rcon client logging in
﻿20:42:26 : RCon admin #3 (78.31.67.100:53042) logged in
﻿20:42:36 : RCon admin #4 (86.131.103.232:49453) logged in
﻿20:44:12 : Player #0 Vlad (81.101.187.162:3302) connected
﻿20:44:14 : Player #0 Vlad - GUID: 805a9be2b2271647227694234975fc6a (unverified)
﻿20:44:14 : Verified GUID (805a9be2b2271647227694234975fc6a) of player #0 Vlad
﻿20:44:15 : Player #0 Vlad - Legacy GUID: 395ceca97ebcc0e268b7c75bf90340c7
﻿20:46:18 : Player #1 nabekren (188.32.35.18:3302) connected
﻿20:46:20 : Player #1 nabekren - GUID: 7ce9241b7db6bc69cdbe2964de0b8c40 (unverified)
﻿20:46:20 : Player #1 nabekren - Legacy GUID: 20ae4b63115beb9c922bbba6c4a837b4
﻿20:46:20 : Verified GUID (7ce9241b7db6bc69cdbe2964de0b8c40) of player #1 nabekren
﻿20:46:38 : Player #2 Luca (82.49.204.96:3302) connected
﻿20:46:39 : Player #2 Luca - GUID: 6e7c40a61724544b4275966bd75de0e6 (unverified)
﻿20:46:40 : Verified GUID (6e7c40a61724544b4275966bd75de0e6) of player #2 Luca
﻿20:46:40 : Player #2 Luca - Legacy GUID: 9d6f7df8f28bf750a2189a9c4d05f558
﻿20:46:54 : Player #3 ???? (176.106.255.149:3302) connected
﻿20:46:55 : Player #3 ???? - GUID: 1a59aff414dfd690a2d20e4936ee5d19 (unverified)
﻿20:46:56 : Verified GUID (1a59aff414dfd690a2d20e4936ee5d19) of player #3 ????
﻿20:46:56 : Player #3 ???? - Legacy GUID: 6518c02783f4ea1935d4b383a75af74d
﻿20:48:30 : Player #4 Tamago (83.4.143.193:2304) connected
﻿20:48:30 : RCon admin #5 (86.131.103.232:58545) logged in
﻿20:48:32 : Player #4 Tamago - GUID: 47fefcd2f1f4552be6f02ff058554a1a (unverified)
﻿20:48:33 : Verified GUID (47fefcd2f1f4552be6f02ff058554a1a) of player #4 Tamago
﻿20:48:34 : Player #4 Tamago - Legacy GUID: e7990920bf11d20ee9c09ceae0c69808
﻿20:48:46 : Player #4 Tamago disconnected
﻿20:51:48 : Player #4 ARTaRDD (95.161.239.194:3302) connected
﻿20:51:49 : Player #4 ARTaRDD - GUID: 40eaa3eef0dcc1f702790be25e77973e (unverified)
﻿20:51:50 : Verified GUID (40eaa3eef0dcc1f702790be25e77973e) of player #4 ARTaRDD
﻿20:51:50 : Player #4 ARTaRDD - Legacy GUID: 04123b41d47574b7739d23168e6a2019
﻿20:52:01 : Player #5 mosun (188.187.177.185:3302) connected
﻿20:52:02 : Player #5 mosun - GUID: f5e6ec43f085a8d841f4b4a08ad095c7 (unverified)
﻿20:52:03 : Verified GUID (f5e6ec43f085a8d841f4b4a08ad095c7) of player #5 mosun
﻿20:52:03 : Player #5 mosun - Legacy GUID: 66593b731130ba2c9bb7d5e761695910
﻿20:53:51 : RCon admin #4 (86.131.103.232:55740) logged in
﻿20:56:26 : RCon admin #3: (Global) NO SQUAD XML: ENGLISH ONLY IN SIDE CHAT: VEHICLES AND GEAR CAN BE STOLEN ANYWHERE
﻿21:00:55 : Player #0 Vlad disconnected
﻿21:07:27 : RCon admin #3: (Global) ADMINS: LWB AND SIERRA | VISIT THE WEBSITE SURVIVALIST-DAYZ.COM
﻿21:09:22 : Player #0 2DIE4 (84.130.119.146:3302) connected
﻿21:09:23 : Player #0 2DIE4 - GUID: 97b8e8b63e4439b2b62c99dde2b8b8a1 (unverified)
﻿21:09:23 : Verified GUID (97b8e8b63e4439b2b62c99dde2b8b8a1) of player #0 2DIE4
﻿21:09:24 : Player #0 2DIE4 - Legacy GUID: e56dc54c0a6d92faa8a284d7c54bffab
﻿21:21:26 : RCon admin #3: (Global) BASES MUST BE MAINTAINED VIA THE PLOT POLE EVERY 7 DAYS!! VEHICLES MUST BE USED EVERY 3 DAYS!!
﻿21:26:26 : RCon admin #3: (Global) NO SQUAD XML: ENGLISH ONLY IN SIDE CHAT: VEHICLES AND GEAR CAN BE STOLEN ANYWHERE
﻿21:29:08 : Player #6 GGTeemo (195.19.61.64:3302) connected
﻿21:29:10 : Player #6 GGTeemo - GUID: 0635bb68e78ed192889660d0139ba63c (unverified)
﻿21:29:10 : Player #6 GGTeemo - Legacy GUID: ed91c122bd2998b1b8d3ed6c94ba74bf
﻿21:29:10 : Verified GUID (0635bb68e78ed192889660d0139ba63c) of player #6 GGTeemo
﻿21:32:38 : Player #6 GGTeemo disconnected
﻿21:37:26 : RCon admin #3: (Global) ADMINS: LWB AND SIERRA | VISIT THE WEBSITE SURVIVALIST-DAYZ.COM
﻿21:37:29 : Player #4 ARTaRDD disconnected
﻿21:38:38 : Player #5 mosun disconnected
﻿21:51:26 : RCon admin #3: (Global) BASES MUST BE MAINTAINED VIA THE PLOT POLE EVERY 7 DAYS!! VEHICLES MUST BE USED EVERY 3 DAYS!!
﻿21:56:26 : RCon admin #3: (Global) NO SQUAD XML: ENGLISH ONLY IN SIDE CHAT: VEHICLES AND GEAR CAN BE STOLEN ANYWHERE
﻿22:01:47 : RCon admin #5 (86.131.103.232:51221) logged in
﻿22:07:27 : RCon admin #3: (Global) ADMINS: LWB AND SIERRA | VISIT THE WEBSITE SURVIVALIST-DAYZ.COM
﻿22:13:47 : RCon admin #4 (86.131.103.232:58471) logged in
﻿22:21:26 : RCon admin #3: (Global) BASES MUST BE MAINTAINED VIA THE PLOT POLE EVERY 7 DAYS!! VEHICLES MUST BE USED EVERY 3 DAYS!!
﻿22:24:03 : RCon admin #5 (86.131.103.232:58696) logged in
﻿22:24:24 : RCon admin #4 (86.131.103.232:58697) logged in
﻿22:25:18 : RCon admin #5 (86.131.103.232:58698) logged in
﻿22:25:40 : RCon admin #4 (86.131.103.232:58699) logged in
﻿22:26:26 : RCon admin #3: (Global) NO SQUAD XML: ENGLISH ONLY IN SIDE CHAT: VEHICLES AND GEAR CAN BE STOLEN ANYWHERE
﻿22:28:18 : RCon admin #5 (86.131.103.232:58700) logged in
﻿22:30:09 : RCon admin #4 (86.131.103.232:63066) logged in
﻿22:30:33 : RCon admin #5 (86.131.103.232:63067) logged in
﻿22:32:03 : RCon admin #4 (86.131.103.232:63068) logged in
﻿22:33:18 : RCon admin #5 (86.131.103.232:56757) logged in
﻿22:34:09 : RCon admin #4 (86.131.103.232:56759) logged in
﻿22:34:40 : RCon admin #5 (86.131.103.232:56761) logged in
﻿22:37:27 : RCon admin #3: (Global) ADMINS: LWB AND SIERRA | VISIT THE WEBSITE SURVIVALIST-DAYZ.COM
﻿22:37:41 : Player #0 2DIE4 disconnected
﻿22:51:26 : RCon admin #3: (Global) BASES MUST BE MAINTAINED VIA THE PLOT POLE EVERY 7 DAYS!! VEHICLES MUST BE USED EVERY 3 DAYS!!
﻿22:53:14 : RCon admin #4 (86.131.103.232:58189) logged in
﻿22:56:26 : RCon admin #3: (Global) NO SQUAD XML: ENGLISH ONLY IN SIDE CHAT: VEHICLES AND GEAR CAN BE STOLEN ANYWHERE
﻿23:02:26 : RCon admin #3: (Global) Server will restart in 10 minutes
﻿23:07:26 : RCon admin #3: (Global) ADMINS: LWB AND SIERRA | VISIT THE WEBSITE SURVIVALIST-DAYZ.COM
﻿23:07:27 : RCon admin #3: (Global) Server will restart in 5 minutes: Prepare to Logout
﻿23:09:04 : Player #3 ???? disconnected
﻿23:10:26 : RCon admin #3: (Global) The Server is about to restart. LOG OUT NOW OR YOUR GEAR MAY BE LOST!!
﻿23:10:37 : Player #2 Luca disconnected
﻿23:11:56 : RCon admin #3: (Global) YOU SHOULD BE LOGGED OUT BY NOW! IF YOU ARENT YOU WILL BE AUTO KICKED AND YOUR GEAR MAY BE LOST! NO REFUNDS!
﻿23:13:00 : Rcon client logging in
﻿23:13:00 : RCon admin #2 (78.31.67.100:51511) logged in
﻿23:13:10 : RCon admin #3 (86.131.103.232:65329) logged in
﻿23:18:58 : Player #0 Luca (82.49.204.96:3302) connected
﻿23:18:59 : Player #0 Luca - GUID: 6e7c40a61724544b4275966bd75de0e6 (unverified)
﻿23:19:00 : Verified GUID (6e7c40a61724544b4275966bd75de0e6) of player #0 Luca
﻿23:19:00 : Player #0 Luca - Legacy GUID: 9d6f7df8f28bf750a2189a9c4d05f558
﻿23:27:00 : RCon admin #2: (Global) NO SQUAD XML: ENGLISH ONLY IN SIDE CHAT: VEHICLES AND GEAR CAN BE STOLEN ANYWHERE
﻿23:30:53 : Player #1 Dominik (185.22.142.137:2304) connected
﻿23:30:54 : Player #1 Dominik - GUID: a5edabce76ada348b07510dd3fec08e6 (unverified)
﻿23:30:55 : Verified GUID (a5edabce76ada348b07510dd3fec08e6) of player #1 Dominik
﻿23:30:55 : Player #1 Dominik disconnected
﻿23:31:31 : Player #1 2DIE4 (84.130.119.146:3302) connected
﻿23:31:33 : Player #1 2DIE4 - GUID: 97b8e8b63e4439b2b62c99dde2b8b8a1 (unverified)
﻿23:31:33 : Verified GUID (97b8e8b63e4439b2b62c99dde2b8b8a1) of player #1 2DIE4
﻿23:31:33 : Player #1 2DIE4 - Legacy GUID: e56dc54c0a6d92faa8a284d7c54bffab
﻿23:34:22 : Player #1 2DIE4 disconnected
﻿23:38:00 : RCon admin #2: (Global) ADMINS: LWB AND SIERRA | VISIT THE WEBSITE SURVIVALIST-DAYZ.COM
﻿23:47:11 : RCon admin #1 (86.131.103.232:61504) logged in
﻿23:47:14 : RCon admin #3 (86.131.103.232:62232) logged in
﻿23:52:00 : RCon admin #2: (Global) BASES MUST BE MAINTAINED VIA THE PLOT POLE EVERY 7 DAYS!! VEHICLES MUST BE USED EVERY 3 DAYS!!
﻿23:57:00 : RCon admin #2: (Global) NO SQUAD XML: ENGLISH ONLY IN SIDE CHAT: VEHICLES AND GEAR CAN BE STOLEN ANYWHERE
