00:00:32 : RCon admin #3: (Global) NO SQUAD XML: ENGLISH ONLY IN SIDE CHAT: VEHICLES AND GEAR CAN BE STOLEN ANYWHERE
﻿00:06:32 : RCon admin #3: (Global) Server will restart in 10 minutes
﻿00:09:59 : Player #0 Freedom (32974eed83d84dab3c6a86016f1a1d12) has been kicked by BattlEye: Client not responding
﻿00:11:32 : RCon admin #3: (Global) ADMINS: LWB AND SIERRA | VISIT THE WEBSITE SURVIVALIST-DAYZ.COM
﻿00:11:33 : RCon admin #3: (Global) Server will restart in 5 minutes: Prepare to Logout
﻿00:13:47 : Player #2 [NG2] Jesse disconnected
﻿00:14:32 : RCon admin #3: (Global) The Server is about to restart. LOG OUT NOW OR YOUR GEAR MAY BE LOST!!
﻿00:16:02 : RCon admin #3: (Global) YOU SHOULD BE LOGGED OUT BY NOW! IF YOU ARENT YOU WILL BE AUTO KICKED AND YOUR GEAR MAY BE LOST! NO REFUNDS!
﻿00:17:06 : Rcon client logging in
﻿00:17:06 : RCon admin #3 (78.31.67.100:56357) logged in
﻿00:19:16 : Player #0 Aloscha (37.201.242.141:23898) connected
﻿00:19:17 : Player #0 Aloscha - GUID: ff5f67d2a005e8e54b066feee14223f9 (unverified)
﻿00:19:18 : Verified GUID (ff5f67d2a005e8e54b066feee14223f9) of player #0 Aloscha
﻿00:19:18 : Player #0 Aloscha - Legacy GUID: 90408a8f3a4feccdbc466a8742027f13
﻿00:31:06 : RCon admin #3: (Global) NO SQUAD XML: ENGLISH ONLY IN SIDE CHAT: VEHICLES AND GEAR CAN BE STOLEN ANYWHERE
﻿00:31:13 : Player #1 Luca (95.246.246.250:3302) connected
﻿00:31:14 : Player #1 Luca - GUID: 6e7c40a61724544b4275966bd75de0e6 (unverified)
﻿00:31:15 : Verified GUID (6e7c40a61724544b4275966bd75de0e6) of player #1 Luca
﻿00:31:15 : Player #1 Luca - Legacy GUID: 9d6f7df8f28bf750a2189a9c4d05f558
﻿00:39:03 : Player #0 Aloscha disconnected
﻿00:42:07 : RCon admin #3: (Global) ADMINS: LWB AND SIERRA | VISIT THE WEBSITE SURVIVALIST-DAYZ.COM
﻿00:56:07 : RCon admin #3: (Global) BASES MUST BE MAINTAINED VIA THE PLOT POLE EVERY 7 DAYS!! VEHICLES MUST BE USED EVERY 3 DAYS!!
﻿01:01:07 : RCon admin #3: (Global) NO SQUAD XML: ENGLISH ONLY IN SIDE CHAT: VEHICLES AND GEAR CAN BE STOLEN ANYWHERE
﻿01:12:07 : RCon admin #3: (Global) ADMINS: LWB AND SIERRA | VISIT THE WEBSITE SURVIVALIST-DAYZ.COM
﻿01:18:53 : Player #0 2DIE4 (93.204.234.137:3302) connected
﻿01:18:54 : Player #0 2DIE4 - GUID: 97b8e8b63e4439b2b62c99dde2b8b8a1 (unverified)
﻿01:18:54 : Verified GUID (97b8e8b63e4439b2b62c99dde2b8b8a1) of player #0 2DIE4
﻿01:18:55 : Player #0 2DIE4 - Legacy GUID: e56dc54c0a6d92faa8a284d7c54bffab
﻿01:22:30 : Player #0 2DIE4 disconnected
﻿01:26:07 : RCon admin #3: (Global) BASES MUST BE MAINTAINED VIA THE PLOT POLE EVERY 7 DAYS!! VEHICLES MUST BE USED EVERY 3 DAYS!!
﻿01:31:07 : RCon admin #3: (Global) NO SQUAD XML: ENGLISH ONLY IN SIDE CHAT: VEHICLES AND GEAR CAN BE STOLEN ANYWHERE
﻿01:42:07 : RCon admin #3: (Global) ADMINS: LWB AND SIERRA | VISIT THE WEBSITE SURVIVALIST-DAYZ.COM
﻿01:56:07 : RCon admin #3: (Global) BASES MUST BE MAINTAINED VIA THE PLOT POLE EVERY 7 DAYS!! VEHICLES MUST BE USED EVERY 3 DAYS!!
﻿02:01:07 : RCon admin #3: (Global) NO SQUAD XML: ENGLISH ONLY IN SIDE CHAT: VEHICLES AND GEAR CAN BE STOLEN ANYWHERE
﻿02:03:15 : RCon admin #4 (5.80.3.54:63481) logged in
﻿02:03:35 : RCon admin #2 (5.80.3.54:64633) logged in
﻿02:12:07 : RCon admin #3: (Global) ADMINS: LWB AND SIERRA | VISIT THE WEBSITE SURVIVALIST-DAYZ.COM
﻿02:26:07 : RCon admin #3: (Global) BASES MUST BE MAINTAINED VIA THE PLOT POLE EVERY 7 DAYS!! VEHICLES MUST BE USED EVERY 3 DAYS!!
﻿02:31:07 : RCon admin #3: (Global) NO SQUAD XML: ENGLISH ONLY IN SIDE CHAT: VEHICLES AND GEAR CAN BE STOLEN ANYWHERE
﻿02:37:07 : RCon admin #3: (Global) Server will restart in 10 minutes
﻿02:42:07 : RCon admin #3: (Global) ADMINS: LWB AND SIERRA | VISIT THE WEBSITE SURVIVALIST-DAYZ.COM
﻿02:42:07 : RCon admin #3: (Global) Server will restart in 5 minutes: Prepare to Logout
﻿02:45:07 : RCon admin #3: (Global) The Server is about to restart. LOG OUT NOW OR YOUR GEAR MAY BE LOST!!
﻿02:45:28 : Player #1 Luca disconnected
﻿02:46:37 : RCon admin #3: (Global) YOU SHOULD BE LOGGED OUT BY NOW! IF YOU ARENT YOU WILL BE AUTO KICKED AND YOUR GEAR MAY BE LOST! NO REFUNDS!
﻿02:47:40 : Rcon client logging in
﻿02:47:40 : RCon admin #3 (78.31.67.100:57604) logged in
﻿02:49:43 : Player #0 Luca (95.246.246.250:3302) connected
﻿02:49:44 : Player #0 Luca - GUID: 6e7c40a61724544b4275966bd75de0e6 (unverified)
﻿02:49:45 : Verified GUID (6e7c40a61724544b4275966bd75de0e6) of player #0 Luca
﻿02:49:45 : Player #0 Luca - Legacy GUID: 9d6f7df8f28bf750a2189a9c4d05f558
﻿02:52:45 : RCon admin #4 (5.80.3.54:59351) logged in
﻿02:53:05 : RCon admin #1 (5.80.3.54:64558) logged in
﻿03:01:40 : RCon admin #3: (Global) NO SQUAD XML: ENGLISH ONLY IN SIDE CHAT: VEHICLES AND GEAR CAN BE STOLEN ANYWHERE
﻿03:09:44 : RCon admin #0 (5.80.3.54:65050) logged in
﻿03:09:45 : RCon admin #5 (5.80.3.54:54819) logged in
﻿03:12:40 : RCon admin #3: (Global) ADMINS: LWB AND SIERRA | VISIT THE WEBSITE SURVIVALIST-DAYZ.COM
﻿03:26:40 : RCon admin #3: (Global) BASES MUST BE MAINTAINED VIA THE PLOT POLE EVERY 7 DAYS!! VEHICLES MUST BE USED EVERY 3 DAYS!!
﻿03:31:40 : RCon admin #3: (Global) NO SQUAD XML: ENGLISH ONLY IN SIDE CHAT: VEHICLES AND GEAR CAN BE STOLEN ANYWHERE
﻿03:42:40 : RCon admin #3: (Global) ADMINS: LWB AND SIERRA | VISIT THE WEBSITE SURVIVALIST-DAYZ.COM
﻿03:56:40 : RCon admin #3: (Global) BASES MUST BE MAINTAINED VIA THE PLOT POLE EVERY 7 DAYS!! VEHICLES MUST BE USED EVERY 3 DAYS!!
﻿04:01:40 : RCon admin #3: (Global) NO SQUAD XML: ENGLISH ONLY IN SIDE CHAT: VEHICLES AND GEAR CAN BE STOLEN ANYWHERE
﻿04:03:46 : Player #0 Luca disconnected
﻿04:05:04 : Player #0 Freedom (173.85.71.79:2304) connected
﻿04:05:06 : Player #0 Freedom - GUID: 32974eed83d84dab3c6a86016f1a1d12 (unverified)
﻿04:05:06 : Verified GUID (32974eed83d84dab3c6a86016f1a1d12) of player #0 Freedom
﻿04:05:06 : Player #0 Freedom - Legacy GUID: 97a8c85ef5bf1164b1deba8cac447118
﻿04:12:40 : RCon admin #3: (Global) ADMINS: LWB AND SIERRA | VISIT THE WEBSITE SURVIVALIST-DAYZ.COM
﻿04:26:40 : RCon admin #3: (Global) BASES MUST BE MAINTAINED VIA THE PLOT POLE EVERY 7 DAYS!! VEHICLES MUST BE USED EVERY 3 DAYS!!
﻿04:31:40 : RCon admin #3: (Global) NO SQUAD XML: ENGLISH ONLY IN SIDE CHAT: VEHICLES AND GEAR CAN BE STOLEN ANYWHERE
﻿04:42:40 : RCon admin #3: (Global) ADMINS: LWB AND SIERRA | VISIT THE WEBSITE SURVIVALIST-DAYZ.COM
﻿04:56:40 : RCon admin #3: (Global) BASES MUST BE MAINTAINED VIA THE PLOT POLE EVERY 7 DAYS!! VEHICLES MUST BE USED EVERY 3 DAYS!!
﻿05:01:40 : RCon admin #3: (Global) NO SQUAD XML: ENGLISH ONLY IN SIDE CHAT: VEHICLES AND GEAR CAN BE STOLEN ANYWHERE
﻿05:02:23 : Player #1 sexuallydelicious (24.189.236.99:3302) connected
﻿05:02:24 : Player #1 sexuallydelicious - GUID: d701d36f2fcbef43b8a82d82bc3a560d (unverified)
﻿05:02:24 : Verified GUID (d701d36f2fcbef43b8a82d82bc3a560d) of player #1 sexuallydelicious
﻿05:02:25 : Player #1 sexuallydelicious - Legacy GUID: 80f96527360ab413c0f6b4a81f8fe569
﻿05:07:40 : RCon admin #3: (Global) Server will restart in 10 minutes
﻿05:08:12 : Player #1 sexuallydelicious disconnected
﻿05:12:40 : RCon admin #3: (Global) ADMINS: LWB AND SIERRA | VISIT THE WEBSITE SURVIVALIST-DAYZ.COM
﻿05:12:41 : RCon admin #3: (Global) Server will restart in 5 minutes: Prepare to Logout
﻿05:15:40 : RCon admin #3: (Global) The Server is about to restart. LOG OUT NOW OR YOUR GEAR MAY BE LOST!!
﻿05:16:22 : Player #0 Freedom disconnected
﻿05:17:10 : RCon admin #3: (Global) YOU SHOULD BE LOGGED OUT BY NOW! IF YOU ARENT YOU WILL BE AUTO KICKED AND YOUR GEAR MAY BE LOST! NO REFUNDS!
﻿05:18:14 : Rcon client logging in
﻿05:18:14 : RCon admin #3 (78.31.67.100:55254) logged in
﻿05:20:51 : Player #0 Freedom (173.85.71.79:2304) connected
﻿05:20:53 : Player #0 Freedom - GUID: 32974eed83d84dab3c6a86016f1a1d12 (unverified)
﻿05:20:53 : Verified GUID (32974eed83d84dab3c6a86016f1a1d12) of player #0 Freedom
﻿05:20:53 : Player #0 Freedom - Legacy GUID: 97a8c85ef5bf1164b1deba8cac447118
﻿05:32:15 : RCon admin #3: (Global) NO SQUAD XML: ENGLISH ONLY IN SIDE CHAT: VEHICLES AND GEAR CAN BE STOLEN ANYWHERE
﻿05:43:15 : RCon admin #3: (Global) ADMINS: LWB AND SIERRA | VISIT THE WEBSITE SURVIVALIST-DAYZ.COM
﻿05:57:15 : RCon admin #3: (Global) BASES MUST BE MAINTAINED VIA THE PLOT POLE EVERY 7 DAYS!! VEHICLES MUST BE USED EVERY 3 DAYS!!
﻿06:02:15 : RCon admin #3: (Global) NO SQUAD XML: ENGLISH ONLY IN SIDE CHAT: VEHICLES AND GEAR CAN BE STOLEN ANYWHERE
﻿06:13:14 : RCon admin #3: (Global) ADMINS: LWB AND SIERRA | VISIT THE WEBSITE SURVIVALIST-DAYZ.COM
﻿06:27:15 : RCon admin #3: (Global) BASES MUST BE MAINTAINED VIA THE PLOT POLE EVERY 7 DAYS!! VEHICLES MUST BE USED EVERY 3 DAYS!!
﻿06:32:15 : RCon admin #3: (Global) NO SQUAD XML: ENGLISH ONLY IN SIDE CHAT: VEHICLES AND GEAR CAN BE STOLEN ANYWHERE
﻿06:38:20 : Player #1 VLADIMIR>*** (31.0.126.1:9472) connected
﻿06:38:22 : Player #1 VLADIMIR>*** - GUID: 23ba3b72c27f9037a89a5be52475278a (unverified)
﻿06:38:22 : Verified GUID (23ba3b72c27f9037a89a5be52475278a) of player #1 VLADIMIR>***
﻿06:38:22 : Player #1 VLADIMIR>*** - Legacy GUID: 3ae9f2bd0cfa61de1e742c02f56f7f78
﻿06:43:14 : RCon admin #3: (Global) ADMINS: LWB AND SIERRA | VISIT THE WEBSITE SURVIVALIST-DAYZ.COM
﻿06:50:57 : RCon admin #4 (5.80.3.54:65270) logged in
﻿06:57:15 : RCon admin #3: (Global) BASES MUST BE MAINTAINED VIA THE PLOT POLE EVERY 7 DAYS!! VEHICLES MUST BE USED EVERY 3 DAYS!!
﻿07:02:15 : RCon admin #3: (Global) NO SQUAD XML: ENGLISH ONLY IN SIDE CHAT: VEHICLES AND GEAR CAN BE STOLEN ANYWHERE
﻿07:13:15 : RCon admin #3: (Global) ADMINS: LWB AND SIERRA | VISIT THE WEBSITE SURVIVALIST-DAYZ.COM
﻿07:22:58 : RCon admin #2 (5.80.3.54:53051) logged in
﻿07:27:15 : RCon admin #3: (Global) BASES MUST BE MAINTAINED VIA THE PLOT POLE EVERY 7 DAYS!! VEHICLES MUST BE USED EVERY 3 DAYS!!
﻿07:32:15 : RCon admin #3: (Global) NO SQUAD XML: ENGLISH ONLY IN SIDE CHAT: VEHICLES AND GEAR CAN BE STOLEN ANYWHERE
﻿07:38:15 : RCon admin #3: (Global) Server will restart in 10 minutes
﻿07:41:28 : RCon admin #4 (5.80.3.54:57194) logged in
﻿07:43:15 : RCon admin #3: (Global) ADMINS: LWB AND SIERRA | VISIT THE WEBSITE SURVIVALIST-DAYZ.COM
﻿07:43:15 : RCon admin #3: (Global) Server will restart in 5 minutes: Prepare to Logout
﻿07:43:46 : RCon admin #2 (5.80.3.54:57195) logged in
﻿07:44:56 : Player #0 Freedom disconnected
﻿07:46:15 : RCon admin #3: (Global) The Server is about to restart. LOG OUT NOW OR YOUR GEAR MAY BE LOST!!
﻿07:47:45 : RCon admin #3: (Global) YOU SHOULD BE LOGGED OUT BY NOW! IF YOU ARENT YOU WILL BE AUTO KICKED AND YOUR GEAR MAY BE LOST! NO REFUNDS!
﻿07:48:48 : Rcon client logging in
﻿07:48:48 : RCon admin #3 (78.31.67.100:55039) logged in
﻿07:52:22 : Player #0 VLADIMIR>*** (31.0.126.1:9551) connected
﻿07:52:23 : Player #0 VLADIMIR>*** - GUID: 23ba3b72c27f9037a89a5be52475278a (unverified)
﻿07:52:24 : Player #0 VLADIMIR>*** - Legacy GUID: 3ae9f2bd0cfa61de1e742c02f56f7f78
﻿07:52:24 : Verified GUID (23ba3b72c27f9037a89a5be52475278a) of player #0 VLADIMIR>***
﻿07:52:57 : Player #1 Freedom (173.85.71.79:2304) connected
﻿07:52:58 : Player #1 Freedom - GUID: 32974eed83d84dab3c6a86016f1a1d12 (unverified)
﻿07:52:58 : Verified GUID (32974eed83d84dab3c6a86016f1a1d12) of player #1 Freedom
﻿07:52:59 : Player #1 Freedom - Legacy GUID: 97a8c85ef5bf1164b1deba8cac447118
﻿08:02:48 : RCon admin #3: (Global) NO SQUAD XML: ENGLISH ONLY IN SIDE CHAT: VEHICLES AND GEAR CAN BE STOLEN ANYWHERE
﻿08:13:48 : RCon admin #3: (Global) ADMINS: LWB AND SIERRA | VISIT THE WEBSITE SURVIVALIST-DAYZ.COM
﻿08:26:46 : Player #2 Alonso (92.114.52.92:3302) connected
﻿08:26:47 : Player #2 Alonso disconnected
﻿08:27:48 : RCon admin #3: (Global) BASES MUST BE MAINTAINED VIA THE PLOT POLE EVERY 7 DAYS!! VEHICLES MUST BE USED EVERY 3 DAYS!!
﻿08:31:21 : Player #2 Sierra [SD] (82.35.201.180:2304) connected
﻿08:31:22 : Player #2 Sierra [SD] - GUID: d5a7a204223d483926d292f4255aa428 (unverified)
﻿08:31:23 : Verified GUID (d5a7a204223d483926d292f4255aa428) of player #2 Sierra [SD]
﻿08:31:23 : Player #2 Sierra [SD] - Legacy GUID: 81e5f276acb3bd8401df80e28c6291a7
﻿08:32:48 : RCon admin #3: (Global) NO SQUAD XML: ENGLISH ONLY IN SIDE CHAT: VEHICLES AND GEAR CAN BE STOLEN ANYWHERE
﻿08:32:49 : Player #3 Alonso (92.114.52.92:3302) connected
﻿08:32:50 : Player #3 Alonso - GUID: 7df969c92ad86496670af3d3105fa7f9 (unverified)
﻿08:32:51 : Verified GUID (7df969c92ad86496670af3d3105fa7f9) of player #3 Alonso
﻿08:32:51 : Player #3 Alonso - Legacy GUID: ee925f9f455bcdecc7328b5bb06d44c0
﻿08:40:39 : Player #1 Freedom disconnected
﻿08:43:48 : RCon admin #3: (Global) ADMINS: LWB AND SIERRA | VISIT THE WEBSITE SURVIVALIST-DAYZ.COM
﻿08:51:00 : Player #1 Kumar (188.26.77.120:3302) connected
﻿08:51:02 : Player #1 Kumar - GUID: 1daf4deee2cb2cdbf48266893826a6d7 (unverified)
﻿08:51:02 : Player #1 Kumar - Legacy GUID: 19c7c6a4420f22d99240bb7c03666bf1
﻿08:51:02 : Verified GUID (1daf4deee2cb2cdbf48266893826a6d7) of player #1 Kumar
﻿08:54:26 : Player #1 Kumar disconnected
﻿08:57:01 : Player #3 Alonso disconnected
﻿08:57:48 : RCon admin #3: (Global) BASES MUST BE MAINTAINED VIA THE PLOT POLE EVERY 7 DAYS!! VEHICLES MUST BE USED EVERY 3 DAYS!!
﻿09:02:48 : RCon admin #3: (Global) NO SQUAD XML: ENGLISH ONLY IN SIDE CHAT: VEHICLES AND GEAR CAN BE STOLEN ANYWHERE
﻿09:04:06 : Player #0 VLADIMIR>*** disconnected
﻿09:07:33 : Player #0 WUKONS (80.5.37.197:3302) connected
﻿09:07:34 : Player #0 WUKONS - GUID: f4f0584888724b524d86deb26b66d272 (unverified)
﻿09:07:34 : Verified GUID (f4f0584888724b524d86deb26b66d272) of player #0 WUKONS
﻿09:07:35 : Player #0 WUKONS - Legacy GUID: baa07ea9148b5fb35306dc7fc312a134
﻿09:13:48 : RCon admin #3: (Global) ADMINS: LWB AND SIERRA | VISIT THE WEBSITE SURVIVALIST-DAYZ.COM
﻿09:17:51 : RCon admin #4 (5.80.3.54:61018) logged in
﻿09:18:51 : Player #1 PiidriPCJAJA (90.190.67.167:3302) connected
﻿09:18:52 : Player #1 PiidriPCJAJA - GUID: 700a28c1647efdff5112d165e59dfb79 (unverified)
﻿09:18:53 : Verified GUID (700a28c1647efdff5112d165e59dfb79) of player #1 PiidriPCJAJA
﻿09:18:53 : Player #1 PiidriPCJAJA - Legacy GUID: cc2eb54a25de0c07debf04aef38f0ab6
﻿09:24:24 : Player #3 Hunter (91.246.101.3:1324) connected
﻿09:24:25 : Player #3 Hunter - GUID: ecea7ea9d4580117a470bcc4b3537b51 (unverified)
﻿09:24:26 : Verified GUID (ecea7ea9d4580117a470bcc4b3537b51) of player #3 Hunter
﻿09:24:26 : Player #3 Hunter - Legacy GUID: d5ef62969f0df59871e79cf4193d0cf1
﻿09:24:31 : Player #3 Hunter disconnected
﻿09:27:48 : RCon admin #3: (Global) BASES MUST BE MAINTAINED VIA THE PLOT POLE EVERY 7 DAYS!! VEHICLES MUST BE USED EVERY 3 DAYS!!
﻿09:32:48 : RCon admin #3: (Global) NO SQUAD XML: ENGLISH ONLY IN SIDE CHAT: VEHICLES AND GEAR CAN BE STOLEN ANYWHERE
﻿09:35:08 : Player #1 PiidriPCJAJA disconnected
﻿09:43:48 : RCon admin #3: (Global) ADMINS: LWB AND SIERRA | VISIT THE WEBSITE SURVIVALIST-DAYZ.COM
﻿09:57:35 : Player #1 Gr4n4t4 (2.235.225.10:54568) connected
﻿09:57:36 : Player #1 Gr4n4t4 - GUID: 0da68c9a1162b2d564fe359f55f1c70e (unverified)
﻿09:57:37 : Verified GUID (0da68c9a1162b2d564fe359f55f1c70e) of player #1 Gr4n4t4
﻿09:57:37 : Player #1 Gr4n4t4 - Legacy GUID: f2de3ad72f3a550112f547a73caf0893
﻿09:57:48 : RCon admin #3: (Global) BASES MUST BE MAINTAINED VIA THE PLOT POLE EVERY 7 DAYS!! VEHICLES MUST BE USED EVERY 3 DAYS!!
﻿10:02:48 : RCon admin #3: (Global) NO SQUAD XML: ENGLISH ONLY IN SIDE CHAT: VEHICLES AND GEAR CAN BE STOLEN ANYWHERE
﻿10:05:12 : Player #1 Gr4n4t4 disconnected
﻿10:08:48 : RCon admin #3: (Global) Server will restart in 10 minutes
﻿10:12:24 : Player #0 WUKONS disconnected
﻿10:13:48 : RCon admin #3: (Global) ADMINS: LWB AND SIERRA | VISIT THE WEBSITE SURVIVALIST-DAYZ.COM
﻿10:13:49 : RCon admin #3: (Global) Server will restart in 5 minutes: Prepare to Logout
﻿10:16:48 : RCon admin #3: (Global) The Server is about to restart. LOG OUT NOW OR YOUR GEAR MAY BE LOST!!
﻿10:17:01 : Player #2 Sierra [SD] disconnected
﻿10:18:18 : RCon admin #3: (Global) YOU SHOULD BE LOGGED OUT BY NOW! IF YOU ARENT YOU WILL BE AUTO KICKED AND YOUR GEAR MAY BE LOST! NO REFUNDS!
﻿10:19:22 : Rcon client logging in
﻿10:19:22 : RCon admin #3 (78.31.67.100:64469) logged in
﻿10:19:24 : Player #0 Sierra [SD] (82.35.201.180:2304) connected
﻿10:19:25 : Player #0 Sierra [SD] - GUID: d5a7a204223d483926d292f4255aa428 (unverified)
﻿10:19:26 : Verified GUID (d5a7a204223d483926d292f4255aa428) of player #0 Sierra [SD]
﻿10:19:26 : Player #0 Sierra [SD] - Legacy GUID: 81e5f276acb3bd8401df80e28c6291a7
﻿10:19:41 : Player #1 galina (77.76.179.121:3302) connected
﻿10:19:43 : Player #1 galina - GUID: 7bdf1adcfd25802ba1120432f49b4058 (unverified)
﻿10:19:43 : Player #1 galina - Legacy GUID: 6524ed6d5f2f99eb3947c0bfe57aa42a
﻿10:19:43 : Verified GUID (7bdf1adcfd25802ba1120432f49b4058) of player #1 galina
﻿10:21:09 : Player #2 WUKONS (80.5.37.197:3302) connected
﻿10:21:10 : Player #2 WUKONS - GUID: f4f0584888724b524d86deb26b66d272 (unverified)
﻿10:21:10 : Verified GUID (f4f0584888724b524d86deb26b66d272) of player #2 WUKONS
﻿10:21:11 : Player #2 WUKONS - Legacy GUID: baa07ea9148b5fb35306dc7fc312a134
﻿10:33:23 : RCon admin #3: (Global) NO SQUAD XML: ENGLISH ONLY IN SIDE CHAT: VEHICLES AND GEAR CAN BE STOLEN ANYWHERE
﻿10:36:27 : Player #3 Bacon (80.203.101.130:3302) connected
﻿10:36:28 : Player #3 Bacon - GUID: 0e9e1f7b6a7ed66fa630a6d0926baf2d (unverified)
﻿10:36:29 : Verified GUID (0e9e1f7b6a7ed66fa630a6d0926baf2d) of player #3 Bacon
﻿10:36:29 : Player #3 Bacon - Legacy GUID: 1bf5a18000c0793a88253090a1893c80
﻿10:39:18 : Player #3 Bacon disconnected
﻿10:39:50 : Player #3 Bacon (80.203.101.130:3302) connected
﻿10:39:51 : Player #3 Bacon - GUID: 0e9e1f7b6a7ed66fa630a6d0926baf2d (unverified)
﻿10:39:52 : Verified GUID (0e9e1f7b6a7ed66fa630a6d0926baf2d) of player #3 Bacon
﻿10:39:52 : Player #3 Bacon - Legacy GUID: 1bf5a18000c0793a88253090a1893c80
﻿10:41:45 : Player #3 Bacon disconnected
﻿10:42:14 : Player #3 Bacon (80.203.101.130:3302) connected
﻿10:42:15 : Player #3 Bacon - GUID: 0e9e1f7b6a7ed66fa630a6d0926baf2d (unverified)
﻿10:42:16 : Verified GUID (0e9e1f7b6a7ed66fa630a6d0926baf2d) of player #3 Bacon
﻿10:42:16 : Player #3 Bacon - Legacy GUID: 1bf5a18000c0793a88253090a1893c80
﻿10:44:23 : RCon admin #3: (Global) ADMINS: LWB AND SIERRA | VISIT THE WEBSITE SURVIVALIST-DAYZ.COM
﻿10:58:23 : RCon admin #3: (Global) BASES MUST BE MAINTAINED VIA THE PLOT POLE EVERY 7 DAYS!! VEHICLES MUST BE USED EVERY 3 DAYS!!
﻿11:03:23 : RCon admin #3: (Global) NO SQUAD XML: ENGLISH ONLY IN SIDE CHAT: VEHICLES AND GEAR CAN BE STOLEN ANYWHERE
﻿11:09:33 : RCon admin #4 (5.80.3.54:55372) logged in
﻿11:14:23 : RCon admin #3: (Global) ADMINS: LWB AND SIERRA | VISIT THE WEBSITE SURVIVALIST-DAYZ.COM
﻿11:28:23 : RCon admin #3: (Global) BASES MUST BE MAINTAINED VIA THE PLOT POLE EVERY 7 DAYS!! VEHICLES MUST BE USED EVERY 3 DAYS!!
﻿11:33:23 : RCon admin #3: (Global) NO SQUAD XML: ENGLISH ONLY IN SIDE CHAT: VEHICLES AND GEAR CAN BE STOLEN ANYWHERE
﻿11:44:23 : RCon admin #3: (Global) ADMINS: LWB AND SIERRA | VISIT THE WEBSITE SURVIVALIST-DAYZ.COM
﻿11:46:47 : RCon admin #1 (5.80.3.54:49806) logged in
﻿11:47:08 : RCon admin #0 (5.80.3.54:56123) logged in
﻿11:58:23 : RCon admin #3: (Global) BASES MUST BE MAINTAINED VIA THE PLOT POLE EVERY 7 DAYS!! VEHICLES MUST BE USED EVERY 3 DAYS!!
﻿12:03:23 : RCon admin #3: (Global) NO SQUAD XML: ENGLISH ONLY IN SIDE CHAT: VEHICLES AND GEAR CAN BE STOLEN ANYWHERE
﻿12:04:34 : Player #1 galina disconnected
﻿12:14:23 : RCon admin #3: (Global) ADMINS: LWB AND SIERRA | VISIT THE WEBSITE SURVIVALIST-DAYZ.COM
﻿12:19:19 : Player #1 Franck (2.0.194.245:3302) connected
﻿12:19:20 : Player #1 Franck - GUID: b0eeec307d4d4c3bc56693a164d8fb75 (unverified)
﻿12:19:21 : Verified GUID (b0eeec307d4d4c3bc56693a164d8fb75) of player #1 Franck
﻿12:19:21 : Player #1 Franck - Legacy GUID: a87de3b6b46ba0437d5b1affa01b1002
﻿12:19:45 : Player #4 Maxno (178.68.178.126:3302) connected
﻿12:19:47 : Player #4 Maxno - GUID: bb5c5224d08aa457dfd151fb778bdc54 (unverified)
﻿12:19:48 : Verified GUID (bb5c5224d08aa457dfd151fb778bdc54) of player #4 Maxno
﻿12:19:48 : Player #4 Maxno - Legacy GUID: 180a87588078ce6ef868688ac4ddd069
﻿12:28:23 : RCon admin #3: (Global) BASES MUST BE MAINTAINED VIA THE PLOT POLE EVERY 7 DAYS!! VEHICLES MUST BE USED EVERY 3 DAYS!!
﻿12:33:23 : RCon admin #3: (Global) NO SQUAD XML: ENGLISH ONLY IN SIDE CHAT: VEHICLES AND GEAR CAN BE STOLEN ANYWHERE
﻿12:33:39 : Player #0 Sierra [SD] disconnected
﻿12:34:50 : Player #0 Sierra [SD] (82.35.201.180:2304) connected
﻿12:34:51 : Player #0 Sierra [SD] - GUID: d5a7a204223d483926d292f4255aa428 (unverified)
﻿12:34:52 : Verified GUID (d5a7a204223d483926d292f4255aa428) of player #0 Sierra [SD]
﻿12:34:52 : Player #0 Sierra [SD] - Legacy GUID: 81e5f276acb3bd8401df80e28c6291a7
﻿12:38:06 : Player #1 Franck disconnected
﻿12:38:47 : Player #4 Maxno disconnected
﻿12:39:23 : RCon admin #3: (Global) Server will restart in 10 minutes
﻿12:40:35 : Player #1 schar (95.90.249.251:8638) connected
﻿12:40:37 : Player #1 schar - GUID: 741da604b3f50062970248e9ff9ed382 (unverified)
﻿12:40:37 : Player #1 schar - Legacy GUID: 722801343cbf8cc9b0c03af1ad6e0bac
﻿12:40:38 : Verified GUID (741da604b3f50062970248e9ff9ed382) of player #1 schar
﻿12:43:07 : Player #1 schar - Legacy GUID: 722801343cbf8cc9b0c03af1ad6e0bac
﻿12:44:23 : RCon admin #3: (Global) ADMINS: LWB AND SIERRA | VISIT THE WEBSITE SURVIVALIST-DAYZ.COM
﻿12:44:23 : RCon admin #3: (Global) Server will restart in 5 minutes: Prepare to Logout
﻿12:47:23 : RCon admin #3: (Global) The Server is about to restart. LOG OUT NOW OR YOUR GEAR MAY BE LOST!!
﻿12:47:38 : Player #0 Sierra [SD] disconnected
﻿12:47:42 : Player #2 WUKONS disconnected
﻿12:47:58 : Player #1 schar disconnected
﻿12:48:53 : RCon admin #3: (Global) YOU SHOULD BE LOGGED OUT BY NOW! IF YOU ARENT YOU WILL BE AUTO KICKED AND YOUR GEAR MAY BE LOST! NO REFUNDS!
﻿12:49:05 : Player #3 Bacon disconnected
﻿12:49:56 : Rcon client logging in
﻿12:49:56 : RCon admin #3 (78.31.67.100:61408) logged in
﻿12:50:07 : Player #0 Gr4n4t4 (2.235.225.10:54358) connected
﻿12:50:12 : Player #0 Gr4n4t4 disconnected
﻿12:51:27 : Player #0 Gr4n4t4 (2.235.225.10:54358) connected
﻿12:51:28 : Player #0 Gr4n4t4 - GUID: 0da68c9a1162b2d564fe359f55f1c70e (unverified)
﻿12:51:29 : Verified GUID (0da68c9a1162b2d564fe359f55f1c70e) of player #0 Gr4n4t4
﻿12:51:29 : Player #0 Gr4n4t4 - Legacy GUID: f2de3ad72f3a550112f547a73caf0893
﻿12:52:06 : RCon admin #4 (5.80.3.54:58905) logged in
﻿12:52:15 : Player #1 schar (95.90.249.251:8638) connected
﻿12:52:16 : Player #1 schar - GUID: 741da604b3f50062970248e9ff9ed382 (unverified)
﻿12:52:16 : Verified GUID (741da604b3f50062970248e9ff9ed382) of player #1 schar
﻿12:52:17 : Player #1 schar - Legacy GUID: 722801343cbf8cc9b0c03af1ad6e0bac
﻿12:52:40 : Player #2 Sierra [SD] (82.35.201.180:2304) connected
﻿12:52:41 : Player #2 Sierra [SD] - GUID: d5a7a204223d483926d292f4255aa428 (unverified)
﻿12:52:41 : Verified GUID (d5a7a204223d483926d292f4255aa428) of player #2 Sierra [SD]
﻿12:52:42 : Player #2 Sierra [SD] - Legacy GUID: 81e5f276acb3bd8401df80e28c6291a7
﻿12:52:47 : Player #3 WUKONS (80.5.37.197:3302) connected
﻿12:52:48 : Player #3 WUKONS - GUID: f4f0584888724b524d86deb26b66d272 (unverified)
﻿12:52:49 : Verified GUID (f4f0584888724b524d86deb26b66d272) of player #3 WUKONS
﻿12:52:49 : Player #3 WUKONS - Legacy GUID: baa07ea9148b5fb35306dc7fc312a134
﻿12:53:40 : Player #4 Bacon (80.203.101.130:3302) connected
﻿12:53:41 : Player #4 Bacon - GUID: 0e9e1f7b6a7ed66fa630a6d0926baf2d (unverified)
﻿12:53:41 : Verified GUID (0e9e1f7b6a7ed66fa630a6d0926baf2d) of player #4 Bacon
﻿12:53:42 : Player #4 Bacon - Legacy GUID: 1bf5a18000c0793a88253090a1893c80
﻿12:55:30 : Player #0 Gr4n4t4 disconnected
﻿13:03:56 : RCon admin #3: (Global) NO SQUAD XML: ENGLISH ONLY IN SIDE CHAT: VEHICLES AND GEAR CAN BE STOLEN ANYWHERE
﻿13:07:06 : RCon admin #0 (5.80.3.54:54538) logged in
﻿13:12:03 : RCon admin #4 (5.80.3.54:56420) logged in
﻿13:14:03 : Player #0 Steven (188.96.208.79:2304) connected
﻿13:14:04 : Player #0 Steven - GUID: 4f0e977131479e7d17a4a6f07f09e41f (unverified)
﻿13:14:05 : Verified GUID (4f0e977131479e7d17a4a6f07f09e41f) of player #0 Steven
﻿13:14:05 : Player #0 Steven - Legacy GUID: 643a41d8c676e8b931cac33b5efed362
﻿13:14:06 : Player #0 Steven disconnected
﻿13:14:56 : Player #3 WUKONS disconnected
﻿13:14:56 : RCon admin #3: (Global) ADMINS: LWB AND SIERRA | VISIT THE WEBSITE SURVIVALIST-DAYZ.COM
﻿13:18:25 : Player #4 Bacon disconnected
﻿13:26:04 : Player #1 schar disconnected
﻿13:28:56 : RCon admin #3: (Global) BASES MUST BE MAINTAINED VIA THE PLOT POLE EVERY 7 DAYS!! VEHICLES MUST BE USED EVERY 3 DAYS!!
﻿13:33:56 : RCon admin #3: (Global) NO SQUAD XML: ENGLISH ONLY IN SIDE CHAT: VEHICLES AND GEAR CAN BE STOLEN ANYWHERE
﻿13:44:56 : RCon admin #3: (Global) ADMINS: LWB AND SIERRA | VISIT THE WEBSITE SURVIVALIST-DAYZ.COM
﻿13:56:10 : Player #0 Maxno (178.65.23.193:3302) connected
﻿13:56:12 : Player #0 Maxno - Legacy GUID: 180a87588078ce6ef868688ac4ddd069
﻿13:56:12 : Player #0 Maxno - GUID: bb5c5224d08aa457dfd151fb778bdc54 (unverified)
﻿13:56:13 : Verified GUID (bb5c5224d08aa457dfd151fb778bdc54) of player #0 Maxno
﻿13:58:56 : RCon admin #3: (Global) BASES MUST BE MAINTAINED VIA THE PLOT POLE EVERY 7 DAYS!! VEHICLES MUST BE USED EVERY 3 DAYS!!
﻿14:03:56 : RCon admin #3: (Global) NO SQUAD XML: ENGLISH ONLY IN SIDE CHAT: VEHICLES AND GEAR CAN BE STOLEN ANYWHERE
﻿14:14:56 : RCon admin #3: (Global) ADMINS: LWB AND SIERRA | VISIT THE WEBSITE SURVIVALIST-DAYZ.COM
﻿14:23:42 : Player #1 Freedom (173.85.71.79:2304) connected
﻿14:23:43 : Player #1 Freedom - GUID: 32974eed83d84dab3c6a86016f1a1d12 (unverified)
﻿14:23:43 : Verified GUID (32974eed83d84dab3c6a86016f1a1d12) of player #1 Freedom
﻿14:23:44 : Player #1 Freedom - Legacy GUID: 97a8c85ef5bf1164b1deba8cac447118
﻿14:28:56 : RCon admin #3: (Global) BASES MUST BE MAINTAINED VIA THE PLOT POLE EVERY 7 DAYS!! VEHICLES MUST BE USED EVERY 3 DAYS!!
﻿14:33:56 : RCon admin #3: (Global) NO SQUAD XML: ENGLISH ONLY IN SIDE CHAT: VEHICLES AND GEAR CAN BE STOLEN ANYWHERE
﻿14:42:23 : RCon admin #2 (5.80.3.54:60705) logged in
﻿14:44:56 : RCon admin #3: (Global) ADMINS: LWB AND SIERRA | VISIT THE WEBSITE SURVIVALIST-DAYZ.COM
﻿14:58:56 : RCon admin #3: (Global) BASES MUST BE MAINTAINED VIA THE PLOT POLE EVERY 7 DAYS!! VEHICLES MUST BE USED EVERY 3 DAYS!!
﻿15:03:56 : RCon admin #3: (Global) NO SQUAD XML: ENGLISH ONLY IN SIDE CHAT: VEHICLES AND GEAR CAN BE STOLEN ANYWHERE
﻿15:09:56 : RCon admin #3: (Global) Server will restart in 10 minutes
﻿15:14:18 : RCon admin #0 (5.80.3.54:51834) logged in
﻿15:14:34 : Player #3 Archion (77.199.21.170:3302) connected
﻿15:14:37 : Player #3 Archion disconnected
﻿15:14:56 : RCon admin #3: (Global) ADMINS: LWB AND SIERRA | VISIT THE WEBSITE SURVIVALIST-DAYZ.COM
﻿15:14:57 : RCon admin #3: (Global) Server will restart in 5 minutes: Prepare to Logout
﻿15:15:18 : RCon admin #4 (5.80.3.54:55418) logged in
﻿15:17:35 : Player #1 Freedom disconnected
﻿15:17:56 : RCon admin #3: (Global) The Server is about to restart. LOG OUT NOW OR YOUR GEAR MAY BE LOST!!
﻿15:18:19 : Player #2 Sierra [SD] disconnected
﻿15:18:31 : Player #0 Maxno disconnected
﻿15:19:26 : RCon admin #3: (Global) YOU SHOULD BE LOGGED OUT BY NOW! IF YOU ARENT YOU WILL BE AUTO KICKED AND YOUR GEAR MAY BE LOST! NO REFUNDS!
﻿15:20:30 : Rcon client logging in
﻿15:20:30 : RCon admin #3 (78.31.67.100:57835) logged in
﻿15:21:09 : RCon admin #4 (5.80.3.54:55421) logged in
﻿15:21:39 : Player #1 Walasznikow (46.76.133.92:3302) connected
﻿15:21:40 : Player #1 Walasznikow - GUID: d29dbfa4a3d5d5c51df67a3d52ed76b5 (unverified)
﻿15:21:41 : Verified GUID (d29dbfa4a3d5d5c51df67a3d52ed76b5) of player #1 Walasznikow
﻿15:21:41 : Player #1 Walasznikow - Legacy GUID: 15dc2c7c756f1ff3a94cd8605fa50dc2
﻿15:22:49 : Player #2 VLADIMIR>*** (31.0.120.112:12820) connected
﻿15:22:50 : Player #2 VLADIMIR>*** - GUID: 23ba3b72c27f9037a89a5be52475278a (unverified)
﻿15:22:50 : Verified GUID (23ba3b72c27f9037a89a5be52475278a) of player #2 VLADIMIR>***
﻿15:22:51 : Player #2 VLADIMIR>*** - Legacy GUID: 3ae9f2bd0cfa61de1e742c02f56f7f78
﻿15:26:32 : Player #0 geistfrei disconnected
﻿15:34:30 : RCon admin #3: (Global) NO SQUAD XML: ENGLISH ONLY IN SIDE CHAT: VEHICLES AND GEAR CAN BE STOLEN ANYWHERE
﻿15:45:30 : RCon admin #3: (Global) ADMINS: LWB AND SIERRA | VISIT THE WEBSITE SURVIVALIST-DAYZ.COM
﻿15:59:30 : RCon admin #3: (Global) BASES MUST BE MAINTAINED VIA THE PLOT POLE EVERY 7 DAYS!! VEHICLES MUST BE USED EVERY 3 DAYS!!
﻿16:04:30 : RCon admin #3: (Global) NO SQUAD XML: ENGLISH ONLY IN SIDE CHAT: VEHICLES AND GEAR CAN BE STOLEN ANYWHERE
﻿16:15:30 : RCon admin #3: (Global) ADMINS: LWB AND SIERRA | VISIT THE WEBSITE SURVIVALIST-DAYZ.COM
﻿16:19:04 : Player #2 VLADIMIR>*** disconnected
﻿16:19:21 : Player #0 Maxno (178.65.23.193:3302) connected
﻿16:19:23 : Player #0 Maxno - Legacy GUID: 180a87588078ce6ef868688ac4ddd069
﻿16:19:23 : Player #0 Maxno - GUID: bb5c5224d08aa457dfd151fb778bdc54 (unverified)
﻿16:19:24 : Verified GUID (bb5c5224d08aa457dfd151fb778bdc54) of player #0 Maxno
﻿16:20:50 : Player #2 zathe..HUN.. (188.6.118.72:3302) connected
﻿16:20:51 : Player #2 zathe..HUN.. - GUID: ee3cb0b5bc98670f6e96ef75181936b2 (unverified)
﻿16:20:52 : Verified GUID (ee3cb0b5bc98670f6e96ef75181936b2) of player #2 zathe..HUN..
﻿16:20:52 : Player #2 zathe..HUN.. - Legacy GUID: 9bbb7aa32181ef98b0d55ffd00c1e472
﻿16:21:14 : Player #3 EVSYUK (213.24.132.78:3036) connected
﻿16:21:18 : Player #3 EVSYUK - GUID: 7ede369ed182158934ddcc73e3c440ae (unverified)
﻿16:21:18 : Player #3 EVSYUK - Legacy GUID: 085f0b3b8a05ed11da4f7fa955be3da9
﻿16:21:18 : Verified GUID (7ede369ed182158934ddcc73e3c440ae) of player #3 EVSYUK
﻿16:27:23 : Player #4 2DIE4 (93.204.234.137:3302) connected
﻿16:27:24 : Player #4 2DIE4 - GUID: 97b8e8b63e4439b2b62c99dde2b8b8a1 (unverified)
﻿16:27:25 : Player #4 2DIE4 - Legacy GUID: e56dc54c0a6d92faa8a284d7c54bffab
﻿16:27:25 : Verified GUID (97b8e8b63e4439b2b62c99dde2b8b8a1) of player #4 2DIE4
﻿16:29:30 : RCon admin #3: (Global) BASES MUST BE MAINTAINED VIA THE PLOT POLE EVERY 7 DAYS!! VEHICLES MUST BE USED EVERY 3 DAYS!!
﻿16:34:30 : RCon admin #3: (Global) NO SQUAD XML: ENGLISH ONLY IN SIDE CHAT: VEHICLES AND GEAR CAN BE STOLEN ANYWHERE
﻿16:36:42 : Player #1 Walasznikow disconnected
﻿16:37:24 : Player #1 alnic (2.246.131.112:3302) connected
﻿16:37:26 : Player #1 alnic - GUID: bc28cf57d7a137483bbac2321c0ae791 (unverified)
﻿16:37:26 : Verified GUID (bc28cf57d7a137483bbac2321c0ae791) of player #1 alnic
﻿16:37:27 : Player #1 alnic - Legacy GUID: 065dfb678b9560cafab1ef82ef71109b
﻿16:42:56 : RCon admin #0 (5.80.3.54:56577) logged in
﻿16:44:52 : Player #2 zathe..HUN.. disconnected
﻿16:45:30 : RCon admin #3: (Global) ADMINS: LWB AND SIERRA | VISIT THE WEBSITE SURVIVALIST-DAYZ.COM
﻿16:51:04 : Player #3 EVSYUK disconnected
﻿16:51:09 : Player #0 Maxno disconnected
﻿16:59:30 : RCon admin #3: (Global) BASES MUST BE MAINTAINED VIA THE PLOT POLE EVERY 7 DAYS!! VEHICLES MUST BE USED EVERY 3 DAYS!!
﻿17:03:58 : Player #1 alnic disconnected
﻿17:04:30 : RCon admin #3: (Global) NO SQUAD XML: ENGLISH ONLY IN SIDE CHAT: VEHICLES AND GEAR CAN BE STOLEN ANYWHERE
﻿17:08:20 : Player #0 Kekus Attilus (195.191.175.247:48803) connected
﻿17:08:21 : Player #0 Kekus Attilus - GUID: d0fbaa5c1260c82034576f6e7c9ebfb5 (unverified)
﻿17:08:22 : Player #0 Kekus Attilus - Legacy GUID: fbaac5e141a8b99ced468648b58aa0fe
﻿17:08:22 : Verified GUID (d0fbaa5c1260c82034576f6e7c9ebfb5) of player #0 Kekus Attilus
﻿17:10:08 : Player #1 Wilkomir (94.254.160.75:4001) connected
﻿17:10:09 : Player #1 Wilkomir - GUID: cd66016de5dc3919b2c8f1b5bd22f784 (unverified)
﻿17:10:09 : Verified GUID (cd66016de5dc3919b2c8f1b5bd22f784) of player #1 Wilkomir
﻿17:10:10 : Player #1 Wilkomir - Legacy GUID: 8ef45e78ca951bbf85934b5913052161
﻿17:11:12 : RCon admin #4 (5.80.3.54:60366) logged in
﻿17:14:27 : Player #2 Awaken (91.224.99.227:33447) connected
﻿17:14:29 : Player #2 Awaken - Legacy GUID: 4610743979c67c6fb2ae698a9c277233
﻿17:14:29 : Player #2 Awaken - GUID: 0036a2a13de5bc2efa2e0ec64e308625 (unverified)
﻿17:14:30 : Verified GUID (0036a2a13de5bc2efa2e0ec64e308625) of player #2 Awaken
﻿17:15:30 : RCon admin #3: (Global) ADMINS: LWB AND SIERRA | VISIT THE WEBSITE SURVIVALIST-DAYZ.COM
﻿17:15:51 : Player #3 Asklon (176.144.220.172:3302) connected
﻿17:15:53 : Player #3 Asklon - GUID: 742d545df1f3e57f94bfbbe003444f0e (unverified)
﻿17:15:53 : Verified GUID (742d545df1f3e57f94bfbbe003444f0e) of player #3 Asklon
﻿17:15:53 : Player #3 Asklon - Owner GUID: fb3b662ae8ace8a880cdae60018304e0
﻿17:15:53 : Player #3 Asklon - Legacy GUID: d29bfa8d89c5b85fc1086136c6c2c87a
﻿17:29:31 : RCon admin #3: (Global) BASES MUST BE MAINTAINED VIA THE PLOT POLE EVERY 7 DAYS!! VEHICLES MUST BE USED EVERY 3 DAYS!!
﻿17:34:31 : RCon admin #3: (Global) NO SQUAD XML: ENGLISH ONLY IN SIDE CHAT: VEHICLES AND GEAR CAN BE STOLEN ANYWHERE
﻿17:40:31 : RCon admin #3: (Global) Server will restart in 10 minutes
﻿17:45:13 : RCon admin #0 (5.80.3.54:50384) logged in
﻿17:45:31 : RCon admin #3: (Global) ADMINS: LWB AND SIERRA | VISIT THE WEBSITE SURVIVALIST-DAYZ.COM
﻿17:45:31 : RCon admin #3: (Global) Server will restart in 5 minutes: Prepare to Logout
﻿17:48:31 : RCon admin #3: (Global) The Server is about to restart. LOG OUT NOW OR YOUR GEAR MAY BE LOST!!
﻿17:48:49 : Player #1 Wilkomir disconnected
﻿17:48:59 : Player #3 Asklon disconnected
﻿17:49:10 : Player #0 Kekus Attilus disconnected
﻿17:49:16 : Player #2 Awaken disconnected
﻿17:50:00 : RCon admin #3: (Global) YOU SHOULD BE LOGGED OUT BY NOW! IF YOU ARENT YOU WILL BE AUTO KICKED AND YOUR GEAR MAY BE LOST! NO REFUNDS!
﻿17:51:04 : Rcon client logging in
﻿17:51:04 : RCon admin #3 (78.31.67.100:58367) logged in
﻿17:51:05 : Player #0 Asklon - GUID: 742d545df1f3e57f94bfbbe003444f0e (unverified)
﻿17:51:06 : Verified GUID (742d545df1f3e57f94bfbbe003444f0e) of player #0 Asklon
﻿17:51:06 : Player #0 Asklon - Owner GUID: fb3b662ae8ace8a880cdae60018304e0
﻿17:51:06 : Player #0 Asklon - Legacy GUID: d29bfa8d89c5b85fc1086136c6c2c87a
﻿17:51:29 : Player #1 Wilkomir (94.254.160.75:4001) connected
﻿17:51:33 : Player #1 Wilkomir - GUID: cd66016de5dc3919b2c8f1b5bd22f784 (unverified)
﻿17:51:33 : Verified GUID (cd66016de5dc3919b2c8f1b5bd22f784) of player #1 Wilkomir
﻿17:51:34 : Player #1 Wilkomir - Legacy GUID: 8ef45e78ca951bbf85934b5913052161
﻿17:55:20 : Player #2 Kekus Attilus (195.191.175.247:49314) connected
﻿17:55:22 : Player #2 Kekus Attilus - GUID: d0fbaa5c1260c82034576f6e7c9ebfb5 (unverified)
﻿17:55:22 : Player #2 Kekus Attilus - Legacy GUID: fbaac5e141a8b99ced468648b58aa0fe
﻿17:55:23 : Verified GUID (d0fbaa5c1260c82034576f6e7c9ebfb5) of player #2 Kekus Attilus
﻿18:01:20 : Player #3 NextHype (86.186.183.191:3302) connected
﻿18:01:22 : Player #3 NextHype - GUID: 939d62d7dec81c86ebf63f4bf9b6379a (unverified)
﻿18:01:22 : Player #3 NextHype - Legacy GUID: b70869eb056f31d876c54fc9e2968154
﻿18:01:22 : Verified GUID (939d62d7dec81c86ebf63f4bf9b6379a) of player #3 NextHype
﻿18:03:42 : Player #4 Awaken (91.224.99.227:57863) connected
﻿18:03:44 : Player #4 Awaken - GUID: 0036a2a13de5bc2efa2e0ec64e308625 (unverified)
﻿18:03:44 : Player #4 Awaken - Legacy GUID: 4610743979c67c6fb2ae698a9c277233
﻿18:03:44 : Verified GUID (0036a2a13de5bc2efa2e0ec64e308625) of player #4 Awaken
﻿18:05:04 : RCon admin #3: (Global) NO SQUAD XML: ENGLISH ONLY IN SIDE CHAT: VEHICLES AND GEAR CAN BE STOLEN ANYWHERE
﻿18:16:04 : RCon admin #3: (Global) ADMINS: LWB AND SIERRA | VISIT THE WEBSITE SURVIVALIST-DAYZ.COM
﻿18:26:16 : Player #5 Luca (95.246.246.250:3302) connected
﻿18:26:17 : Player #5 Luca - GUID: 6e7c40a61724544b4275966bd75de0e6 (unverified)
﻿18:26:17 : Verified GUID (6e7c40a61724544b4275966bd75de0e6) of player #5 Luca
﻿18:26:18 : Player #5 Luca - Legacy GUID: 9d6f7df8f28bf750a2189a9c4d05f558
﻿18:30:04 : RCon admin #3: (Global) BASES MUST BE MAINTAINED VIA THE PLOT POLE EVERY 7 DAYS!! VEHICLES MUST BE USED EVERY 3 DAYS!!
﻿18:35:04 : RCon admin #3: (Global) NO SQUAD XML: ENGLISH ONLY IN SIDE CHAT: VEHICLES AND GEAR CAN BE STOLEN ANYWHERE
﻿18:38:48 : Player #4 Awaken disconnected
﻿18:39:21 : Player #4 2DIE4 (93.204.234.137:3302) connected
﻿18:39:22 : Player #4 2DIE4 - GUID: 97b8e8b63e4439b2b62c99dde2b8b8a1 (unverified)
﻿18:39:22 : Verified GUID (97b8e8b63e4439b2b62c99dde2b8b8a1) of player #4 2DIE4
﻿18:39:23 : Player #4 2DIE4 - Legacy GUID: e56dc54c0a6d92faa8a284d7c54bffab
﻿18:39:33 : Player #4 2DIE4 disconnected
﻿18:39:36 : Player #2 Kekus Attilus disconnected
﻿18:44:30 : Player #2 Freedom (173.85.71.79:2304) connected
﻿18:44:32 : Player #2 Freedom - GUID: 32974eed83d84dab3c6a86016f1a1d12 (unverified)
﻿18:44:32 : Verified GUID (32974eed83d84dab3c6a86016f1a1d12) of player #2 Freedom
﻿18:44:32 : Player #2 Freedom - Legacy GUID: 97a8c85ef5bf1164b1deba8cac447118
﻿18:46:04 : RCon admin #3: (Global) ADMINS: LWB AND SIERRA | VISIT THE WEBSITE SURVIVALIST-DAYZ.COM
﻿19:00:04 : RCon admin #3: (Global) BASES MUST BE MAINTAINED VIA THE PLOT POLE EVERY 7 DAYS!! VEHICLES MUST BE USED EVERY 3 DAYS!!
﻿19:03:00 : Player #1 Wilkomir disconnected
﻿19:05:04 : RCon admin #3: (Global) NO SQUAD XML: ENGLISH ONLY IN SIDE CHAT: VEHICLES AND GEAR CAN BE STOLEN ANYWHERE
﻿19:13:43 : Player #1 2DIE4 (93.204.234.137:3302) connected
﻿19:13:45 : Player #1 2DIE4 - GUID: 97b8e8b63e4439b2b62c99dde2b8b8a1 (unverified)
﻿19:13:45 : Verified GUID (97b8e8b63e4439b2b62c99dde2b8b8a1) of player #1 2DIE4
﻿19:13:45 : Player #1 2DIE4 - Legacy GUID: e56dc54c0a6d92faa8a284d7c54bffab
﻿19:15:21 : Player #5 Luca disconnected
﻿19:16:04 : RCon admin #3: (Global) ADMINS: LWB AND SIERRA | VISIT THE WEBSITE SURVIVALIST-DAYZ.COM
﻿19:19:51 : Player #4 Master (79.230.67.60:2304) connected
﻿19:19:52 : Player #4 Master - GUID: 4e5c6cafbec84538348ce05e9077ff61 (unverified)
﻿19:19:52 : Verified GUID (4e5c6cafbec84538348ce05e9077ff61) of player #4 Master
﻿19:19:52 : Player #4 Master disconnected
﻿19:24:15 : RCon admin #4 (5.80.3.54:59804) logged in
﻿19:27:18 : Player #4 Awaken (91.224.99.227:46913) connected
﻿19:27:20 : Player #4 Awaken - Legacy GUID: 4610743979c67c6fb2ae698a9c277233
﻿19:27:20 : Player #4 Awaken - GUID: 0036a2a13de5bc2efa2e0ec64e308625 (unverified)
﻿19:27:21 : Verified GUID (0036a2a13de5bc2efa2e0ec64e308625) of player #4 Awaken
﻿19:29:33 : Player #5 Winans (178.200.93.19:3302) connected
﻿19:29:34 : Player #5 Winans - GUID: 5cfd15b84e558bc0ef1f0210efc34126 (unverified)
﻿19:29:35 : Verified GUID (5cfd15b84e558bc0ef1f0210efc34126) of player #5 Winans
﻿19:29:35 : Player #5 Winans - Legacy GUID: a5953aeb5d5414bdf99a6fe9cbecf6c4
﻿19:29:49 : Player #6 Kekus Attilus (195.191.175.247:42238) connected
﻿19:29:51 : Player #6 Kekus Attilus - GUID: d0fbaa5c1260c82034576f6e7c9ebfb5 (unverified)
﻿19:29:51 : Player #6 Kekus Attilus - Legacy GUID: fbaac5e141a8b99ced468648b58aa0fe
﻿19:29:51 : Verified GUID (d0fbaa5c1260c82034576f6e7c9ebfb5) of player #6 Kekus Attilus
﻿19:30:04 : RCon admin #3: (Global) BASES MUST BE MAINTAINED VIA THE PLOT POLE EVERY 7 DAYS!! VEHICLES MUST BE USED EVERY 3 DAYS!!
﻿19:35:04 : RCon admin #3: (Global) NO SQUAD XML: ENGLISH ONLY IN SIDE CHAT: VEHICLES AND GEAR CAN BE STOLEN ANYWHERE
﻿19:40:32 : Player #7 Maxno (178.65.23.193:3302) connected
﻿19:40:34 : Player #7 Maxno - GUID: bb5c5224d08aa457dfd151fb778bdc54 (unverified)
﻿19:40:34 : Verified GUID (bb5c5224d08aa457dfd151fb778bdc54) of player #7 Maxno
﻿19:40:35 : Player #7 Maxno - Legacy GUID: 180a87588078ce6ef868688ac4ddd069
﻿19:45:39 : Player #3 NextHype disconnected
﻿19:46:04 : RCon admin #3: (Global) ADMINS: LWB AND SIERRA | VISIT THE WEBSITE SURVIVALIST-DAYZ.COM
﻿20:00:04 : RCon admin #3: (Global) BASES MUST BE MAINTAINED VIA THE PLOT POLE EVERY 7 DAYS!! VEHICLES MUST BE USED EVERY 3 DAYS!!
﻿20:02:46 : Player #2 Freedom disconnected
﻿20:03:49 : Player #2 Pibe (87.6.25.209:54145) connected
﻿20:03:50 : Player #2 Pibe - GUID: db019d7abee4e75a3d01d99ff45bfec5 (unverified)
﻿20:03:51 : Verified GUID (db019d7abee4e75a3d01d99ff45bfec5) of player #2 Pibe
﻿20:03:51 : Player #2 Pibe - Legacy GUID: df1af60c27a8b4e01079091e4b66044b
﻿20:05:04 : RCon admin #3: (Global) NO SQUAD XML: ENGLISH ONLY IN SIDE CHAT: VEHICLES AND GEAR CAN BE STOLEN ANYWHERE
﻿20:05:24 : Player #7 Maxno disconnected
﻿20:11:04 : RCon admin #3: (Global) Server will restart in 10 minutes
﻿20:15:25 : Player #6 Kekus Attilus disconnected
﻿20:15:27 : Player #4 Awaken disconnected
﻿20:16:05 : RCon admin #3: (Global) ADMINS: LWB AND SIERRA | VISIT THE WEBSITE SURVIVALIST-DAYZ.COM
﻿20:16:05 : RCon admin #3: (Global) Server will restart in 5 minutes: Prepare to Logout
﻿20:18:00 : Player #1 2DIE4 disconnected
﻿20:19:05 : RCon admin #3: (Global) The Server is about to restart. LOG OUT NOW OR YOUR GEAR MAY BE LOST!!
﻿20:19:34 : Player #5 Winans disconnected
﻿20:19:40 : Player #0 Asklon disconnected
﻿20:19:44 : Player #2 Pibe disconnected
﻿20:20:34 : RCon admin #3: (Global) YOU SHOULD BE LOGGED OUT BY NOW! IF YOU ARENT YOU WILL BE AUTO KICKED AND YOUR GEAR MAY BE LOST! NO REFUNDS!
﻿20:21:38 : Rcon client logging in
﻿20:21:38 : RCon admin #2 (78.31.67.100:52383) logged in
﻿20:21:48 : RCon admin #3 (5.80.3.54:53533) logged in
﻿20:22:59 : Player #0 Winans (178.200.93.19:3302) connected
﻿20:23:00 : Player #0 Winans - GUID: 5cfd15b84e558bc0ef1f0210efc34126 (unverified)
﻿20:23:01 : Verified GUID (5cfd15b84e558bc0ef1f0210efc34126) of player #0 Winans
﻿20:23:01 : Player #0 Winans - Legacy GUID: a5953aeb5d5414bdf99a6fe9cbecf6c4
﻿20:23:47 : RCon admin #4 (5.80.3.54:63828) logged in
﻿20:24:20 : Player #1 Hailstorm (217.82.100.38:3302) connected
﻿20:24:21 : Player #1 Hailstorm - GUID: 0692c4867addd58d9591110bb02a6244 (unverified)
﻿20:24:22 : Verified GUID (0692c4867addd58d9591110bb02a6244) of player #1 Hailstorm
﻿20:24:22 : Player #1 Hailstorm - Legacy GUID: e22681f3383bb6138a608cbe99764fe1
﻿20:31:09 : Player #2 Luca (95.246.246.250:3302) connected
﻿20:31:10 : Player #2 Luca - GUID: 6e7c40a61724544b4275966bd75de0e6 (unverified)
﻿20:31:10 : Verified GUID (6e7c40a61724544b4275966bd75de0e6) of player #2 Luca
﻿20:31:11 : Player #2 Luca - Legacy GUID: 9d6f7df8f28bf750a2189a9c4d05f558
﻿20:35:39 : RCon admin #2: (Global) NO SQUAD XML: ENGLISH ONLY IN SIDE CHAT: VEHICLES AND GEAR CAN BE STOLEN ANYWHERE
﻿20:41:53 : Player #3 Pibe (87.6.25.209:57194) connected
﻿20:41:55 : Player #3 Pibe - GUID: db019d7abee4e75a3d01d99ff45bfec5 (unverified)
﻿20:41:55 : Verified GUID (db019d7abee4e75a3d01d99ff45bfec5) of player #3 Pibe
﻿20:41:55 : Player #3 Pibe - Legacy GUID: df1af60c27a8b4e01079091e4b66044b
﻿20:46:39 : RCon admin #2: (Global) ADMINS: LWB AND SIERRA | VISIT THE WEBSITE SURVIVALIST-DAYZ.COM
﻿20:51:37 : Player #4 Aloscha (37.201.242.141:24941) connected
﻿20:51:39 : Player #4 Aloscha - GUID: ff5f67d2a005e8e54b066feee14223f9 (unverified)
﻿20:51:39 : Verified GUID (ff5f67d2a005e8e54b066feee14223f9) of player #4 Aloscha
﻿20:51:39 : Player #4 Aloscha - Legacy GUID: 90408a8f3a4feccdbc466a8742027f13
﻿20:55:30 : Player #1 Hailstorm disconnected
﻿20:58:14 : Player #0 Winans disconnected
﻿21:00:39 : RCon admin #2: (Global) BASES MUST BE MAINTAINED VIA THE PLOT POLE EVERY 7 DAYS!! VEHICLES MUST BE USED EVERY 3 DAYS!!
﻿21:05:39 : RCon admin #2: (Global) NO SQUAD XML: ENGLISH ONLY IN SIDE CHAT: VEHICLES AND GEAR CAN BE STOLEN ANYWHERE
﻿21:16:39 : RCon admin #2: (Global) ADMINS: LWB AND SIERRA | VISIT THE WEBSITE SURVIVALIST-DAYZ.COM
﻿21:23:43 : Player #0 [OCB]Dodgy Embalmer (81.104.140.9:3302) connected
﻿21:23:44 : Player #0 [OCB]Dodgy Embalmer - GUID: 90846aacf42a72c8faf4e6afc8a20d07 (unverified)
﻿21:23:45 : Verified GUID (90846aacf42a72c8faf4e6afc8a20d07) of player #0 [OCB]Dodgy Embalmer
﻿21:23:45 : Player #0 [OCB]Dodgy Embalmer - Legacy GUID: 789450bc0b93ad4feb8a4f171506b316
﻿21:24:00 : Player #1 Legolas Greengusset (81.104.140.9:1025) connected
﻿21:24:01 : Player #1 Legolas Greengusset - GUID: 1040809194018063e4fd1d1e040ec1b9 (unverified)
﻿21:24:02 : Verified GUID (1040809194018063e4fd1d1e040ec1b9) of player #1 Legolas Greengusset
﻿21:24:02 : Player #1 Legolas Greengusset - Legacy GUID: 0fcc0ed1413307fa7772e9f32f7b71ee
﻿21:24:23 : RCon admin #3 (5.80.3.54:53592) logged in
﻿21:30:39 : RCon admin #2: (Global) BASES MUST BE MAINTAINED VIA THE PLOT POLE EVERY 7 DAYS!! VEHICLES MUST BE USED EVERY 3 DAYS!!
﻿21:32:31 : Player #5 kentavros (188.4.13.232:56098) connected
﻿21:32:32 : Player #5 kentavros - GUID: 2d22f392e15988b47e6febf45a1cceff (unverified)
﻿21:32:33 : Verified GUID (2d22f392e15988b47e6febf45a1cceff) of player #5 kentavros
﻿21:32:33 : Player #5 kentavros - Legacy GUID: fb24b14870484783a12a156179a42b05
﻿21:32:33 : Player #5 kentavros disconnected
﻿21:35:39 : RCon admin #2: (Global) NO SQUAD XML: ENGLISH ONLY IN SIDE CHAT: VEHICLES AND GEAR CAN BE STOLEN ANYWHERE
﻿21:46:39 : RCon admin #2: (Global) ADMINS: LWB AND SIERRA | VISIT THE WEBSITE SURVIVALIST-DAYZ.COM
﻿22:00:39 : RCon admin #2: (Global) BASES MUST BE MAINTAINED VIA THE PLOT POLE EVERY 7 DAYS!! VEHICLES MUST BE USED EVERY 3 DAYS!!
﻿22:05:39 : RCon admin #2: (Global) NO SQUAD XML: ENGLISH ONLY IN SIDE CHAT: VEHICLES AND GEAR CAN BE STOLEN ANYWHERE
﻿22:08:24 : Player #5 Freedom (173.85.71.79:2304) connected
﻿22:08:25 : Player #5 Freedom - GUID: 32974eed83d84dab3c6a86016f1a1d12 (unverified)
﻿22:08:26 : Verified GUID (32974eed83d84dab3c6a86016f1a1d12) of player #5 Freedom
﻿22:08:26 : Player #5 Freedom - Legacy GUID: 97a8c85ef5bf1164b1deba8cac447118
﻿22:12:50 : RCon admin #4 (5.80.3.54:64058) logged in
﻿22:16:39 : RCon admin #2: (Global) ADMINS: LWB AND SIERRA | VISIT THE WEBSITE SURVIVALIST-DAYZ.COM
﻿22:17:59 : Player #1 Legolas Greengusset disconnected
﻿22:18:02 : Player #0 [OCB]Dodgy Embalmer disconnected
﻿22:22:20 : RCon admin #3 (5.80.3.54:64751) logged in
﻿22:24:18 : Player #0 Ryan (73.228.74.113:3302) connected
﻿22:24:19 : Player #0 Ryan - GUID: 94d09d174e279b17d9c2da18b066a3e8 (unverified)
﻿22:24:20 : Verified GUID (94d09d174e279b17d9c2da18b066a3e8) of player #0 Ryan
﻿22:24:20 : Player #0 Ryan - Legacy GUID: e212a8a546ac6125a97a6bbe46cd26d1
﻿22:24:40 : RCon admin #4 (5.80.3.54:49515) logged in
﻿22:30:39 : RCon admin #2: (Global) BASES MUST BE MAINTAINED VIA THE PLOT POLE EVERY 7 DAYS!! VEHICLES MUST BE USED EVERY 3 DAYS!!
﻿22:34:27 : Player #0 Ryan disconnected
﻿22:35:39 : RCon admin #2: (Global) NO SQUAD XML: ENGLISH ONLY IN SIDE CHAT: VEHICLES AND GEAR CAN BE STOLEN ANYWHERE
﻿22:41:39 : RCon admin #2: (Global) Server will restart in 10 minutes
﻿22:46:39 : RCon admin #2: (Global) ADMINS: LWB AND SIERRA | VISIT THE WEBSITE SURVIVALIST-DAYZ.COM
﻿22:46:39 : RCon admin #2: (Global) Server will restart in 5 minutes: Prepare to Logout
﻿22:47:23 : Player #3 Pibe disconnected
﻿22:47:27 : Player #2 Luca disconnected
﻿22:49:39 : RCon admin #2: (Global) The Server is about to restart. LOG OUT NOW OR YOUR GEAR MAY BE LOST!!
﻿22:50:10 : Player #5 Freedom disconnected
﻿22:50:42 : Player #4 Aloscha disconnected
﻿22:51:09 : RCon admin #2: (Global) YOU SHOULD BE LOGGED OUT BY NOW! IF YOU ARENT YOU WILL BE AUTO KICKED AND YOUR GEAR MAY BE LOST! NO REFUNDS!
﻿22:52:12 : Rcon client logging in
﻿22:52:12 : RCon admin #3 (78.31.67.100:54177) logged in
﻿22:52:52 : Player #0 Freedom (173.85.71.79:2304) connected
﻿22:52:53 : Player #0 Freedom - GUID: 32974eed83d84dab3c6a86016f1a1d12 (unverified)
﻿22:52:53 : Verified GUID (32974eed83d84dab3c6a86016f1a1d12) of player #0 Freedom
﻿22:52:54 : Player #0 Freedom - Legacy GUID: 97a8c85ef5bf1164b1deba8cac447118
﻿22:53:48 : Player #1 Luca (95.246.246.250:3302) connected
﻿22:53:49 : Player #1 Luca - GUID: 6e7c40a61724544b4275966bd75de0e6 (unverified)
﻿22:53:50 : Verified GUID (6e7c40a61724544b4275966bd75de0e6) of player #1 Luca
﻿22:53:50 : Player #1 Luca - Legacy GUID: 9d6f7df8f28bf750a2189a9c4d05f558
﻿22:56:30 : Player #2 Ryan (73.228.74.113:3302) connected
﻿22:56:32 : Player #2 Ryan - GUID: 94d09d174e279b17d9c2da18b066a3e8 (unverified)
﻿22:56:33 : Player #2 Ryan - Legacy GUID: e212a8a546ac6125a97a6bbe46cd26d1
﻿22:56:33 : Verified GUID (94d09d174e279b17d9c2da18b066a3e8) of player #2 Ryan
﻿23:02:23 : Player #3 Pibe (87.6.25.209:60511) connected
﻿23:02:24 : Player #3 Pibe - GUID: db019d7abee4e75a3d01d99ff45bfec5 (unverified)
﻿23:02:24 : Verified GUID (db019d7abee4e75a3d01d99ff45bfec5) of player #3 Pibe
﻿23:02:25 : Player #3 Pibe - Legacy GUID: df1af60c27a8b4e01079091e4b66044b
﻿23:06:13 : RCon admin #3: (Global) NO SQUAD XML: ENGLISH ONLY IN SIDE CHAT: VEHICLES AND GEAR CAN BE STOLEN ANYWHERE
﻿23:14:12 : Player #4 SmokyArcher (176.8.204.123:3302) connected
﻿23:14:14 : Player #4 SmokyArcher - GUID: 5b48406b96b09062b2080a5e4dd830a4 (unverified)
﻿23:14:14 : Verified GUID (5b48406b96b09062b2080a5e4dd830a4) of player #4 SmokyArcher
﻿23:14:14 : Player #4 SmokyArcher - Legacy GUID: 1931f846949c99a1c86cc6eec7f49fff
﻿23:16:40 : Player #4 SmokyArcher disconnected
﻿23:17:12 : RCon admin #3: (Global) ADMINS: LWB AND SIERRA | VISIT THE WEBSITE SURVIVALIST-DAYZ.COM
﻿23:18:10 : Player #4 SmokyArcher (176.8.204.123:3302) connected
﻿23:18:11 : Player #4 SmokyArcher - GUID: 5b48406b96b09062b2080a5e4dd830a4 (unverified)
﻿23:18:11 : Verified GUID (5b48406b96b09062b2080a5e4dd830a4) of player #4 SmokyArcher
﻿23:18:12 : Player #4 SmokyArcher - Legacy GUID: 1931f846949c99a1c86cc6eec7f49fff
﻿23:20:31 : Player #5 Aloscha (37.201.242.141:53671) connected
﻿23:20:32 : Player #5 Aloscha - GUID: ff5f67d2a005e8e54b066feee14223f9 (unverified)
﻿23:20:33 : Verified GUID (ff5f67d2a005e8e54b066feee14223f9) of player #5 Aloscha
﻿23:20:33 : Player #5 Aloscha - Legacy GUID: 90408a8f3a4feccdbc466a8742027f13
﻿23:31:13 : RCon admin #3: (Global) BASES MUST BE MAINTAINED VIA THE PLOT POLE EVERY 7 DAYS!! VEHICLES MUST BE USED EVERY 3 DAYS!!
﻿23:36:13 : RCon admin #3: (Global) NO SQUAD XML: ENGLISH ONLY IN SIDE CHAT: VEHICLES AND GEAR CAN BE STOLEN ANYWHERE
﻿23:37:22 : RCon admin #4 (5.80.3.54:58050) logged in
﻿23:47:13 : RCon admin #3: (Global) ADMINS: LWB AND SIERRA | VISIT THE WEBSITE SURVIVALIST-DAYZ.COM
﻿23:53:12 : RCon admin #0 (5.80.3.54:62528) logged in
﻿23:54:28 : RCon admin #4 (5.80.3.54:53655) logged in
﻿23:55:32 : Player #0 Freedom disconnected
