

=====================================================================
== C:\Users\Administrator\Desktop\epoch\arma2oaserver.exe
== "arma2oaserver.exe"  -ip=78.31.67.100 -port=3300 -maxmem=2047 -noPause "-config=instance_11_Chernarus\config.cfg" "-cfg=instance_11_Chernarus\basic.cfg" "-profiles=instance_11_Chernarus" -name=instance_11_Chernarus "-mod=@DayZ_Epoch;@DayZ_Epoch_Server;"
=====================================================================
Exe timestamp: 2016/12/12 14:39:47
Current time:  2017/04/03 11:35:46

Version 1.63.131129
Updating base class ->NonStrategic, by ca\config.bin/CfgVehicles/HouseBase/
Updating base class ->HouseBase, by ca\config.bin/CfgVehicles/Ruins/
Updating base class ->DestructionEffects, by ca\config.bin/CfgVehicles/House/DestructionEffects/
Updating base class ->FlagCarrierCore, by ca\ca_pmc\config.bin/CfgVehicles/FlagCarrier/
Updating base class ->VehicleMagazine, by ca\weapons\config.bin/CfgMagazines/14Rnd_FFAR/
Updating base class Default->RifleCore, by ca\weapons\config.bin/cfgWeapons/Rifle/
Updating base class ->LauncherCore, by ca\weapons\config.bin/cfgWeapons/RocketPods/
Updating base class ->RocketPods, by ca\weapons\config.bin/cfgWeapons/FFARLauncher/
Updating base class ->UH60_Base, by ca\air\config.bin/CfgVehicles/MH60S/
Updating base class ->Car, by ca\wheeled2\lada\config.bin/CfgVehicles/Lada_base/
Updating base class Small_items->ReammoBox, by dayz_equip\config.cpp/CfgVehicles/CardboardBox/
Updating base class StreetLamp_EP1->StreetLamp, by z\addons\dayz_code\config.bin/CfgNonAIVehicles/Land_Lamp_Small_EP1/
Updating base class StreetLamp_EP1->StreetLamp, by z\addons\dayz_code\config.bin/CfgNonAIVehicles/Land_Lamp_Street1_EP1/
Updating base class StreetLamp_EP1->StreetLamp, by z\addons\dayz_code\config.bin/CfgNonAIVehicles/Land_Lamp_Street2_EP1/
Updating base class StreetLamp_EP1->StreetLamp, by z\addons\dayz_code\config.bin/CfgNonAIVehicles/Land_Lampa_Ind_EP1/
Updating base class StreetLamp_EP1->StreetLamp, by z\addons\dayz_code\config.bin/CfgNonAIVehicles/Land_PowLines_Conc2L_EP1/
Updating base class StreetLamp_BaseMediumOrange->StreetLamp, by z\addons\dayz_code\config.bin/CfgNonAIVehicles/Land_lampa_sidl/
Updating base class StreetLamp_BaseMediumOrange->StreetLamp, by z\addons\dayz_code\config.bin/CfgNonAIVehicles/Land_lampa_sidl_2/
Updating base class StreetLamp_BaseMediumOrange->StreetLamp, by z\addons\dayz_code\config.bin/CfgNonAIVehicles/Land_lampa_sidl_3/
Updating base class StreetLamp_BaseWeakYellow->StreetLamp, by z\addons\dayz_code\config.bin/CfgNonAIVehicles/Land_lampa_ind/
Updating base class StreetLamp_BaseWeakYellow->StreetLamp, by z\addons\dayz_code\config.bin/CfgNonAIVehicles/Land_lampa_ind_zebr/
Updating base class RscStandardDisplay->, by z\addons\dayz_code\config.bin/RscDisplayStart/
Updating base class RscShortcutButton->RscShortcutButtonMain, by z\addons\dayz_code\config.bin/RscDisplayMain/controls/CA_Exit/
Updating base class CA_IGUI_Title->RscText, by z\addons\dayz_code\config.bin/RscDisplayGear/Controls/Gear_Title/
Updating base class Available_items_Text->RscText, by z\addons\dayz_code\config.bin/RscDisplayGear/Controls/CA_ItemName/
Updating base class CA_Gear_slot_item7->CA_Gear_slot_item1, by z\addons\dayz_code\config.bin/RscDisplayGear/Controls/G_GearItems/Controls/CA_Gear_slot_item8/
Updating base class CA_Gear_slot_item7->CA_Gear_slot_item1, by z\addons\dayz_code\config.bin/RscDisplayGear/Controls/G_GearItems/Controls/CA_Gear_slot_item9/
Updating base class CA_Gear_slot_item7->CA_Gear_slot_item1, by z\addons\dayz_code\config.bin/RscDisplayGear/Controls/G_GearItems/Controls/CA_Gear_slot_item10/
Updating base class CA_Gear_slot_item7->CA_Gear_slot_item1, by z\addons\dayz_code\config.bin/RscDisplayGear/Controls/G_GearItems/Controls/CA_Gear_slot_item11/
Updating base class CA_Gear_slot_item7->CA_Gear_slot_item1, by z\addons\dayz_code\config.bin/RscDisplayGear/Controls/G_GearItems/Controls/CA_Gear_slot_item12/
Updating base class CA_Gear_slot_handgun_item5->CA_Gear_slot_handgun_item1, by z\addons\dayz_code\config.bin/RscDisplayGear/Controls/G_GearItems/Controls/CA_Gear_slot_handgun_item6/
Updating base class CA_Gear_slot_handgun_item5->CA_Gear_slot_handgun_item1, by z\addons\dayz_code\config.bin/RscDisplayGear/Controls/G_GearItems/Controls/CA_Gear_slot_handgun_item7/
Updating base class CA_Gear_slot_handgun_item5->CA_Gear_slot_handgun_item1, by z\addons\dayz_code\config.bin/RscDisplayGear/Controls/G_GearItems/Controls/CA_Gear_slot_handgun_item8/
Updating base class CA_Gear_slot_special1->CA_Gear_slot_handgun_item1, by z\addons\dayz_code\config.bin/RscDisplayGear/Controls/G_GearItems/Controls/CA_Gear_slot_inventory1/
Updating base class CA_Gear_slot_inventory7->CA_Gear_slot_inventory1, by z\addons\dayz_code\config.bin/RscDisplayGear/Controls/G_GearItems/Controls/CA_Gear_slot_inventory8/
Updating base class CA_Gear_slot_inventory7->CA_Gear_slot_inventory1, by z\addons\dayz_code\config.bin/RscDisplayGear/Controls/G_GearItems/Controls/CA_Gear_slot_inventory9/
Updating base class CA_Gear_slot_inventory7->CA_Gear_slot_inventory1, by z\addons\dayz_code\config.bin/RscDisplayGear/Controls/G_GearItems/Controls/CA_Gear_slot_inventory10/
Updating base class CA_Gear_slot_inventory7->CA_Gear_slot_inventory1, by z\addons\dayz_code\config.bin/RscDisplayGear/Controls/G_GearItems/Controls/CA_Gear_slot_inventory11/
Updating base class CA_Gear_slot_inventory7->CA_Gear_slot_inventory1, by z\addons\dayz_code\config.bin/RscDisplayGear/Controls/G_GearItems/Controls/CA_Gear_slot_inventory12/
Updating base class CA_Gear_slot_item1->CA_Gear_slot_handgun, by z\addons\dayz_code\config.bin/RscDisplayGear/Controls/G_GearItems/Controls/CA_Gear_slot_special1/
Updating base class RscIGUIShortcutButton->RscActiveText, by z\addons\dayz_code\config.bin/RscDisplayGear/Controls/ButtonClose/
Updating base class RscText->, by z\addons\dayz_code\config.bin/RscTitles/Default/
Updating base class ->ViewOptics, by z\addons\dayz_code\config.bin/CfgVehicles/Mi17_base/Turrets/MainTurret/ViewOptics/
Updating base class ->ViewOptics, by z\addons\dayz_code\config.bin/CfgVehicles/UH1H_base/Turrets/MainTurret/ViewOptics/
Updating base class ->ViewOptics, by z\addons\dayz_code\config.bin/CfgVehicles/UH1_Base/Turrets/MainTurret/ViewOptics/
Updating base class Strategic->, by z\addons\dayz_code\config.bin/CfgVehicles/Bomb/
Updating base class HighCommand->Logic, by z\addons\dayz_code\config.bin/CfgVehicles/HighCommandSubordinate/
Updating base class NonStrategic->BuiltItems, by z\addons\dayz_code\config.bin/CfgVehicles/Fort_RazorWire/
Updating base class ->DefaultEventhandlers, by z\addons\dayz_code\config.bin/CfgVehicles/CSJ_GyroP/EventHandlers/
Updating base class AnimationSources->AnimationSources, by z\addons\dayz_code\config.bin/CfgVehicles/CSJ_GyroC/AnimationSources/
Updating base class ->DefaultEventhandlers, by z\addons\dayz_code\config.bin/CfgVehicles/CSJ_GyroC/EventHandlers/
Updating base class BuiltItems->Generator_Base, by z\addons\dayz_code\config.bin/CfgVehicles/Generator_DZ/
Updating base class VehicleMagazine->CA_Magazine, by z\addons\dayz_code\config.bin/CfgMagazines/29Rnd_30mm_AGS30/
Updating base class VehicleMagazine->CA_Magazine, by z\addons\dayz_code\config.bin/CfgMagazines/48Rnd_40mm_MK19/
Updating base class 4000Rnd_762x51_M134->CA_Magazine, by z\addons\dayz_code\config.bin/CfgMagazines/2000Rnd_762x51_M134/
Updating base class VehicleMagazine->CA_Magazine, by z\addons\dayz_code\config.bin/CfgMagazines/100Rnd_127x99_M2/
Updating base class VehicleMagazine->CA_Magazine, by z\addons\dayz_code\config.bin/CfgMagazines/50Rnd_127x107_DSHKM/
Updating base class 4000Rnd_762x51_M134->CA_Magazine, by z\addons\dayz_code\config.bin/CfgMagazines/pook_1300Rnd_762x51_M60/
Updating base class 100Rnd_762x51_M240->CA_Magazine, by z\addons\dayz_code\config.bin/CfgMagazines/pook_250Rnd_762x51/
Updating base class 6Rnd_Grenade_Camel->CA_Magazine, by z\addons\dayz_code\config.bin/CfgMagazines/pook_12Rnd_Grenade_Camel/
Updating base class VehicleMagazine->CA_Magazine, by z\addons\dayz_code\config.bin/CfgMagazines/3Rnd_GyroGrenade/
Updating base class DropWeapon->None, by z\addons\dayz_code\config.bin/CfgActions/PutWeapon/
Updating base class DropMagazine->None, by z\addons\dayz_code\config.bin/CfgActions/PutMagazine/
Updating base class Land_HouseV_1I2->House, by zero_buildings\config.cpp/CfgVehicles/Land_HouseV_1L2/
Updating base class Land_HouseV_1I2->House, by zero_buildings\config.cpp/CfgVehicles/Land_HouseV_3I3/
Updating base class House->DZE_OpenHouse, by warehouse\config.bin/CfgVehicles/Land_Ind_Pec_03/
11:35:50 Initializing Steam server - Game Port: 3300, Steam Query Port: 3301
11:35:51 Connected to Steam servers
11:44:01 Server error: Player without identity Chaba de Hadd (id 134984025)
11:44:01 Server error: Player without identity Chaba de Hadd (id 134984025)
11:44:01 Server error: Player without identity Chaba de Hadd (id 134984025)
11:44:01 Server error: Player without identity Chaba de Hadd (id 134984025)
11:44:01 Server error: Player without identity Chaba de Hadd (id 134984025)
11:44:01 Server error: Player without identity Chaba de Hadd (id 134984025)
11:44:01 Server error: Player without identity Chaba de Hadd (id 134984025)
11:44:01 Server error: Player without identity Chaba de Hadd (id 134984025)
11:44:01 Server error: Player without identity Chaba de Hadd (id 134984025)
11:44:01 Server error: Player without identity Chaba de Hadd (id 134984025)
11:44:01 Server error: Player without identity Chaba de Hadd (id 134984025)
11:44:01 Server error: Player without identity Chaba de Hadd (id 134984025)
11:44:01 Server error: Player without identity Chaba de Hadd (id 134984025)
11:44:01 Server error: Player without identity Chaba de Hadd (id 134984025)
11:44:01 Server error: Player without identity Chaba de Hadd (id 134984025)
11:44:01 Server error: Player without identity Chaba de Hadd (id 134984025)
11:44:01 Server error: Player without identity Chaba de Hadd (id 134984025)
11:44:01 Server error: Player without identity Chaba de Hadd (id 134984025)
11:44:01 Server error: Player without identity Chaba de Hadd (id 134984025)
11:44:13 Strange convex component81 in zero_buildings\models\housev_3i3_i.p3d:geometryFire
11:44:14 Strange convex component288 in warehouse\models\warehouse.p3d:geometry
11:44:14 Strange convex component289 in warehouse\models\warehouse.p3d:geometry
11:44:14 Strange convex component290 in warehouse\models\warehouse.p3d:geometry
11:44:14 Strange convex component291 in warehouse\models\warehouse.p3d:geometry
11:44:14 Strange convex component292 in warehouse\models\warehouse.p3d:geometry
11:44:14 Strange convex component293 in warehouse\models\warehouse.p3d:geometry
11:44:14 Strange convex component294 in warehouse\models\warehouse.p3d:geometry
11:44:14 Strange convex component295 in warehouse\models\warehouse.p3d:geometry
11:44:14 Strange convex component296 in warehouse\models\warehouse.p3d:geometry
11:44:14 Strange convex component297 in warehouse\models\warehouse.p3d:geometry
11:44:14 Strange convex component298 in warehouse\models\warehouse.p3d:geometry
11:44:14 Strange convex component299 in warehouse\models\warehouse.p3d:geometry
11:44:14 Strange convex component300 in warehouse\models\warehouse.p3d:geometry
11:44:14 Strange convex component301 in warehouse\models\warehouse.p3d:geometry
11:44:14 Strange convex component302 in warehouse\models\warehouse.p3d:geometry
11:44:14 Strange convex component303 in warehouse\models\warehouse.p3d:geometry
11:44:14 Strange convex component304 in warehouse\models\warehouse.p3d:geometry
11:44:14 Strange convex component305 in warehouse\models\warehouse.p3d:geometry
11:44:14 Strange convex component306 in warehouse\models\warehouse.p3d:geometry
11:44:14 Strange convex component307 in warehouse\models\warehouse.p3d:geometry
11:44:14 Strange convex component308 in warehouse\models\warehouse.p3d:geometry
11:44:14 Strange convex component309 in warehouse\models\warehouse.p3d:geometry
11:44:14 Strange convex component310 in warehouse\models\warehouse.p3d:geometry
11:44:14 Strange convex component311 in warehouse\models\warehouse.p3d:geometry
11:44:14 Strange convex component312 in warehouse\models\warehouse.p3d:geometry
11:44:14 Strange convex component313 in warehouse\models\warehouse.p3d:geometry
11:44:14 Strange convex component314 in warehouse\models\warehouse.p3d:geometry
11:44:14 Strange convex component315 in warehouse\models\warehouse.p3d:geometry
11:44:14 Strange convex component316 in warehouse\models\warehouse.p3d:geometry
11:44:14 Strange convex component317 in warehouse\models\warehouse.p3d:geometry
11:44:14 Strange convex component252 in warehouse\models\warehouse.p3d:geometryFire
11:44:14 Strange convex component253 in warehouse\models\warehouse.p3d:geometryFire
11:44:14 Strange convex component254 in warehouse\models\warehouse.p3d:geometryFire
11:44:14 Strange convex component255 in warehouse\models\warehouse.p3d:geometryFire
11:44:14 Strange convex component256 in warehouse\models\warehouse.p3d:geometryFire
11:44:14 Strange convex component257 in warehouse\models\warehouse.p3d:geometryFire
11:44:14 Strange convex component258 in warehouse\models\warehouse.p3d:geometryFire
11:44:14 Strange convex component259 in warehouse\models\warehouse.p3d:geometryFire
11:44:14 Strange convex component260 in warehouse\models\warehouse.p3d:geometryFire
11:44:14 Strange convex component261 in warehouse\models\warehouse.p3d:geometryFire
11:44:14 Strange convex component262 in warehouse\models\warehouse.p3d:geometryFire
11:44:14 Strange convex component263 in warehouse\models\warehouse.p3d:geometryFire
11:44:14 Strange convex component264 in warehouse\models\warehouse.p3d:geometryFire
11:44:14 Strange convex component265 in warehouse\models\warehouse.p3d:geometryFire
11:44:14 Strange convex component266 in warehouse\models\warehouse.p3d:geometryFire
11:44:14 Strange convex component267 in warehouse\models\warehouse.p3d:geometryFire
11:44:14 Strange convex component268 in warehouse\models\warehouse.p3d:geometryFire
11:44:14 Strange convex component269 in warehouse\models\warehouse.p3d:geometryFire
11:44:14 Strange convex component270 in warehouse\models\warehouse.p3d:geometryFire
11:44:14 Strange convex component271 in warehouse\models\warehouse.p3d:geometryFire
11:44:14 Strange convex component272 in warehouse\models\warehouse.p3d:geometryFire
11:44:14 Strange convex component273 in warehouse\models\warehouse.p3d:geometryFire
11:44:14 Strange convex component274 in warehouse\models\warehouse.p3d:geometryFire
11:44:14 Strange convex component275 in warehouse\models\warehouse.p3d:geometryFire
11:44:14 Strange convex component276 in warehouse\models\warehouse.p3d:geometryFire
11:44:14 Strange convex component277 in warehouse\models\warehouse.p3d:geometryFire
11:44:14 Strange convex component278 in warehouse\models\warehouse.p3d:geometryFire
11:44:14 Strange convex component279 in warehouse\models\warehouse.p3d:geometryFire
11:44:14 Strange convex component280 in warehouse\models\warehouse.p3d:geometryFire
11:44:14 Strange convex component281 in warehouse\models\warehouse.p3d:geometryFire
11:44:14 Strange convex component249 in warehouse\models\warehouse.p3d:geometryView
11:44:14 Strange convex component250 in warehouse\models\warehouse.p3d:geometryView
11:44:14 Strange convex component251 in warehouse\models\warehouse.p3d:geometryView
11:44:14 Strange convex component252 in warehouse\models\warehouse.p3d:geometryView
11:44:14 Strange convex component253 in warehouse\models\warehouse.p3d:geometryView
11:44:14 Strange convex component254 in warehouse\models\warehouse.p3d:geometryView
11:44:14 Strange convex component255 in warehouse\models\warehouse.p3d:geometryView
11:44:14 Strange convex component256 in warehouse\models\warehouse.p3d:geometryView
11:44:14 Strange convex component257 in warehouse\models\warehouse.p3d:geometryView
11:44:14 Strange convex component258 in warehouse\models\warehouse.p3d:geometryView
11:44:14 Strange convex component259 in warehouse\models\warehouse.p3d:geometryView
11:44:14 Strange convex component260 in warehouse\models\warehouse.p3d:geometryView
11:44:14 Strange convex component261 in warehouse\models\warehouse.p3d:geometryView
11:44:14 Strange convex component262 in warehouse\models\warehouse.p3d:geometryView
11:44:14 Strange convex component263 in warehouse\models\warehouse.p3d:geometryView
11:44:14 Strange convex component264 in warehouse\models\warehouse.p3d:geometryView
11:44:14 Strange convex component265 in warehouse\models\warehouse.p3d:geometryView
11:44:14 Strange convex component266 in warehouse\models\warehouse.p3d:geometryView
11:44:14 Strange convex component267 in warehouse\models\warehouse.p3d:geometryView
11:44:14 Strange convex component268 in warehouse\models\warehouse.p3d:geometryView
11:44:14 Strange convex component269 in warehouse\models\warehouse.p3d:geometryView
11:44:14 Strange convex component270 in warehouse\models\warehouse.p3d:geometryView
11:44:14 Strange convex component271 in warehouse\models\warehouse.p3d:geometryView
11:44:14 Strange convex component272 in warehouse\models\warehouse.p3d:geometryView
11:44:14 Strange convex component273 in warehouse\models\warehouse.p3d:geometryView
11:44:14 Strange convex component274 in warehouse\models\warehouse.p3d:geometryView
11:44:14 Strange convex component275 in warehouse\models\warehouse.p3d:geometryView
11:44:14 Strange convex component276 in warehouse\models\warehouse.p3d:geometryView
11:44:14 Strange convex component277 in warehouse\models\warehouse.p3d:geometryView
11:44:14 Strange convex component278 in warehouse\models\warehouse.p3d:geometryView
11:44:16 "PRELOAD_ Functions\init [[<No group>:0 (FunctionsManager)],any]"
11:44:16 "MPframework inited"
11:44:16 "dayz_preloadFinished reset"
11:44:17 "infiSTAR.de - Waiting for BIS_fnc_init..."
11:44:17 "Epoch detected"
11:44:17 "infiSTAR.de - BIS_fnc_init done - AntiHack STARTING...!"
11:44:17 Warning Message: Script low_admins.sqf not found
11:44:17 Warning Message: Script normal_admins.sqf not found
11:44:17 Warning Message: Script super_admins.sqf not found
11:44:17 Warning Message: Script blacklist.sqf not found
11:44:17 "infiSTAR.de - iproductVersion: 14-Mar-2017 13-45-25-v1438 | Server productVersion: ["ArmA 2 OA","ArmA2OA",163,131129] | worldName: Chernarus | dayz_instance: 11 | missionName: DayZ_Epoch_11"
11:44:17 "infiSTAR.de - _fnc_RandomGen: {
_abc = ['z','y','x','w','v','u','t','s','r','q','p','o','n','m','l','k','j','i','h','g','f','e','d','c','b','a'];
_gen = _abc select (random ((count _abc)-1));
_arr = ['6','U','1','l','w','q','e','L','Q','c','1','c','k','H','D','C','d','U','X','W','8','w','Q','e','X','T','j','b','h','M'];
for '_i' from 0 to (8+(round(random 3))) do {_gen = _gen + str(round(random 9)) + (_arr select (random ((count _arr)-1)));};
_gen
}"
11:44:17 "infiSTAR.de - _simple: d2l4U9b6D8w1l4e6b4Q"
11:44:17 "infiSTAR.de - _dialogIds: h5M211Q6e8U4w618U3W8C"
11:44:17 "infiSTAR.de - _badtxts: q8j1Q5w8L8e3h4U7D110U1b3X"
11:44:17 "infiSTAR.de - _randvar1: h8w488H8j2e0w4D5e8W7e"
11:44:17 "infiSTAR.de - _randvar2: l265X3U6Q2U9b510D7j3W1U4U"
11:44:17 "infiSTAR.de - _randvar0: j1L8U3U688j118l8j6Q2X8U4U"
11:44:17 "infiSTAR.de - _randvar3: c7U8Q2l4l5X466L712L"
11:44:17 "infiSTAR.de - _randvar4: l5X3X6k0j2b7H7D8q7L1X8X"
11:44:17 "infiSTAR.de - _randvar5: e618j418H3e48418k687k"
11:44:17 "infiSTAR.de - _randvar6: e7C2Q7e4b1b3M212c7k7k3k"
11:44:17 "infiSTAR.de - _randvar8: p1T7b7X4W1e6T5Q9l3X116d2U"
11:44:17 "infiSTAR.de - _randvar9: l7e6H813U9W6Q8d9w7M7Q6U"
11:44:17 "infiSTAR.de - _randvar11: q2j2d5X3W4T2U4Q5d7k"
11:44:17 "infiSTAR.de - _randvar12: i4Q3H3q4W1C4C5T0H3C68"
11:44:17 "infiSTAR.de - _randvar13: m7h1Q3e3w8D9D5k5c0w"
11:44:17 "infiSTAR.de - _randvar19: b5U4U3X4j8H6e1T810w"
11:44:17 "infiSTAR.de - _randvar20: z6d4M611l8X6q3j3C4d7W"
11:44:17 "infiSTAR.de - _randvar27: j3e2Q6e3w3T3d6D3c7q"
11:44:17 "infiSTAR.de - _randvar26: l616Q0U889D4X9U1c387D"
11:44:17 "infiSTAR.de - _randvar25: l4W9151866e8Q4M8W9H"
11:44:17 "infiSTAR.de - _randvar31: p2U5C1w2U36813Q8h2w1D8e4q"
11:44:17 "infiSTAR.de - _randvar33: b3M4c4X5c313b9T5U2j8M7L"
11:44:17 "infiSTAR.de - _randvar34: f2T1U11112l0q3U5l812c6D"
11:44:17 "infiSTAR.de - _randvar35: g5D6X4b2e5M1U6e3Q0C4w0e2D"
11:44:17 "infiSTAR.de - _randvar36: r28316w216e1l8h8l8q4X71"
11:44:17 "infiSTAR.de - _randvar327537: v5q3U6l7Q681c6U117h3e"
11:44:17 "infiSTAR.de - _randvar39: u9j5w8C2w6w3b8w0q9q4k6k"
11:44:17 "infiSTAR.de - _clickOnMapTimer: g2U8k7h7b2U3e3w6W6b9U4c7W"
11:44:17 "infiSTAR.de - _clickOnMapCaught: e1l6c5W1k3L9d1U4X4L5U"
11:44:17 "infiSTAR.de - _fnc_handlerandvar10: s8e5T2H1e7L5Q5X1U5h21"
11:44:17 "infiSTAR.de - _remark: u8q3Q3Q6Q4e3C3T5Q6e4e"
11:44:17 "infiSTAR.de - _AHpos: i6Q3M6T7X5U8h5M284q1w2l"
11:44:17 "infiSTAR.de - _loadedcheckpos: j3L8X8U462X4e8q5l1X1j5U"
11:44:17 "infiSTAR.de - _loadedchecktime: c2k0Q3X91686X319X0Q5U1D8W"
11:44:17 "infiSTAR.de - _MenuChecksRunningx: h4W5U8X6Q4k5M8k2h5Q6U4X1e"
11:44:17 "infiSTAR.de - _oneachframe: x4w5c9w9W7k0c7e2b2c9w5c"
11:44:17 "infiSTAR.de - _anotherloop: l8L2q0X2w4H1l4h7U1w0d9e61"
11:44:17 "infiSTAR.de - _clientoncetwo: y912h5Q3c5H4L6b8U3e4c2X4e"
11:44:17 "infiSTAR.de - _lastUnlock: d0d9w1w7X4w6d7C986M7D1d11"
11:44:17 "infiSTAR.de - _AdminReqCheck: t5M3M5w7k6D681d468w3k0w"
11:44:17 "infiSTAR.de - _antidupeCheckVar: e415e4c8C4k4c2h7c0w5D2h"
11:44:17 "infiSTAR.de - _antiantihack1_rndvar: y7e4q4q1w2L2h3h2C1T9w1H"
11:44:17 "infiSTAR.de - _antiantihack2_rndvar: j7H7e1l1D3U7c8C4w2U1X0M"
11:44:17 "infiSTAR.de - _antidupePVResVar: x4l2T4b6L4D6k8w4Q2T41"
11:44:17 "infiSTAR.de - _antidupePVCheckVar: PVAHR_0_t511D1D6w0k0d1U6T9w"
11:44:17 "infiSTAR.de - _randvar327510: PVAHR_0_b1q9C4q710Q4T8e1e8Q5w"
11:44:17 "infiSTAR.de - AntiHack LOADED!"
11:44:17 "infiSTAR.de - CREATING AdminMenu"
11:44:17 "infiSTAR.de - AdminMenu LOADED!"
11:44:17 "infiSTAR.de - ADDING PublicVariableEventHandlers"
11:44:17 "infiSTAR.de - AntiHack FULLY LOADED"
11:44:17 "Loading custom server compiles"
11:44:17 BIKE: loading version 2.8.2 ...
11:44:17 BIKE: adding bike to safe vehicle list...
11:44:18 Strange convex component93 in zero_buildings\models\mil_house_i.p3d:geometryView
11:44:18 Strange convex component94 in zero_buildings\models\mil_house_i.p3d:geometryView
11:44:18 Strange convex component95 in zero_buildings\models\mil_house_i.p3d:geometryView
11:44:18 Strange convex component96 in zero_buildings\models\mil_house_i.p3d:geometryView
11:44:18 Strange convex component99 in zero_buildings\models\mil_house_i.p3d:geometryView
11:44:18 Strange convex component100 in zero_buildings\models\mil_house_i.p3d:geometryView
11:44:18 Strange convex component101 in zero_buildings\models\mil_house_i.p3d:geometryView
11:44:18 Strange convex component102 in zero_buildings\models\mil_house_i.p3d:geometryView
11:44:18 Strange convex component103 in zero_buildings\models\mil_house_i.p3d:geometryView
11:44:18 Strange convex component104 in zero_buildings\models\mil_house_i.p3d:geometryView
11:44:18 Strange convex component105 in zero_buildings\models\mil_house_i.p3d:geometryView
11:44:18 Strange convex component106 in zero_buildings\models\mil_house_i.p3d:geometryView
11:44:18 Strange convex component107 in zero_buildings\models\mil_house_i.p3d:geometryView
11:44:18 Strange convex component108 in zero_buildings\models\mil_house_i.p3d:geometryView
11:44:18 Strange convex component109 in zero_buildings\models\mil_house_i.p3d:geometryView
11:44:18 Strange convex component110 in zero_buildings\models\mil_house_i.p3d:geometryView
11:44:18 Strange convex component111 in zero_buildings\models\mil_house_i.p3d:geometryView
11:44:18 Strange convex component112 in zero_buildings\models\mil_house_i.p3d:geometryView
11:44:18 Strange convex component113 in zero_buildings\models\mil_house_i.p3d:geometryView
11:44:18 Strange convex component114 in zero_buildings\models\mil_house_i.p3d:geometryView
11:44:18 Strange convex component115 in zero_buildings\models\mil_house_i.p3d:geometryView
11:44:18 Strange convex component116 in zero_buildings\models\mil_house_i.p3d:geometryView
11:44:18 Strange convex component117 in zero_buildings\models\mil_house_i.p3d:geometryView
11:44:18 Strange convex component118 in zero_buildings\models\mil_house_i.p3d:geometryView
11:44:18 Strange convex component119 in zero_buildings\models\mil_house_i.p3d:geometryView
11:44:18 Strange convex component120 in zero_buildings\models\mil_house_i.p3d:geometryView
11:44:18 Strange convex component121 in zero_buildings\models\mil_house_i.p3d:geometryView
11:44:18 Strange convex component122 in zero_buildings\models\mil_house_i.p3d:geometryView
11:44:18 Strange convex component123 in zero_buildings\models\mil_house_i.p3d:geometryView
11:44:18 Strange convex component124 in zero_buildings\models\mil_house_i.p3d:geometryView
11:44:18 Strange convex component125 in zero_buildings\models\mil_house_i.p3d:geometryView
11:44:18 Strange convex component126 in zero_buildings\models\mil_house_i.p3d:geometryView
11:44:18 Strange convex component127 in zero_buildings\models\mil_house_i.p3d:geometryView
11:44:18 Strange convex component128 in zero_buildings\models\mil_house_i.p3d:geometryView
11:44:18 Strange convex component129 in zero_buildings\models\mil_house_i.p3d:geometryView
11:44:18 Strange convex component130 in zero_buildings\models\mil_house_i.p3d:geometryView
11:44:18 Strange convex component131 in zero_buildings\models\mil_house_i.p3d:geometryView
11:44:18 Strange convex component132 in zero_buildings\models\mil_house_i.p3d:geometryView
11:44:18 Strange convex component133 in zero_buildings\models\mil_house_i.p3d:geometryView
11:44:18 Strange convex component134 in zero_buildings\models\mil_house_i.p3d:geometryView
11:44:19 Cannot create non-ai vehicle Land_stanek_3,
11:44:19 Cannot create non-ai vehicle LAND_MASH,
11:44:19 Cannot create non-ai vehicle LAND_Stan_east,
11:44:19 Cannot create non-ai vehicle LAND_P_Stavebni_kozy,
11:44:19 Cannot create non-ai vehicle LAND_Misc_palletsfoiled,
11:44:19 Cannot create non-ai vehicle LAND_Misc_palletsfoiled_heap,
11:44:19 Cannot create non-ai vehicle LAND_P_ytong,
11:44:19 Cannot create non-ai vehicle LAND_Misc_palletsfoiled,
11:44:19 Cannot create non-ai vehicle LAND_Misc_palletsfoiled,
11:44:19 Cannot create non-ai vehicle LAND_P_Ladder,
11:44:19 Cannot create non-ai vehicle LAND_garbage_misc,
11:44:19 ca\structures\ruins\glass_cullet_01.p3d: No geometry and no visual shape
11:44:19 ca\structures\ruins\glass_cullet_01.p3d: No geometry and no visual shape
11:44:19 ca\structures\ruins\glass_cullet_01.p3d: No geometry and no visual shape
11:44:19 ca\structures\ruins\glass_cullet_01.p3d: No geometry and no visual shape
11:44:19 ca\structures\ruins\glass_cullet_01.p3d: No geometry and no visual shape
11:44:19 ca\structures\ruins\glass_cullet_01.p3d: No geometry and no visual shape
11:44:19 ca\structures\ruins\glass_cullet_01.p3d: No geometry and no visual shape
11:44:19 ca\structures\ruins\glass_cullet_01.p3d: No geometry and no visual shape
11:44:19 ca\structures\ruins\glass_cullet_01.p3d: No geometry and no visual shape
11:44:19 ca\structures\ruins\glass_cullet_01.p3d: No geometry and no visual shape
11:44:19 ca\structures\ruins\glass_cullet_01.p3d: No geometry and no visual shape
11:44:19 ca\structures\ruins\glass_cullet_01.p3d: No geometry and no visual shape
11:44:19 ca\structures\ruins\glass_cullet_01.p3d: No geometry and no visual shape
11:44:19 ca\structures\ruins\glass_cullet_01.p3d: No geometry and no visual shape
11:44:19 ca\structures\ruins\glass_cullet_01.p3d: No geometry and no visual shape
11:44:19 ca\structures\ruins\glass_cullet_01.p3d: No geometry and no visual shape
11:44:19 ca\structures\ruins\glass_cullet_01.p3d: No geometry and no visual shape
11:44:19 ca\structures\ruins\glass_cullet_01.p3d: No geometry and no visual shape
11:44:19 ca\structures\ruins\glass_cullet_01.p3d: No geometry and no visual shape
11:44:19 ca\structures\ruins\glass_cullet_01.p3d: No geometry and no visual shape
11:44:20 No owner
11:44:21 "HIVE: Starting"
11:44:21 ["TIME SYNC: Local Time set to:",[2012,8,2,13,44],"Fullmoon:",true,"Date given by HiveExt.dll:",[2017,4,3,13,44]]
11:44:21 "HIVE: trying to get objects"
11:44:21 "HIVE: found 2491 objects"
11:44:21 "HIVE: Request sent"
11:44:21 "HIVE: Streamed 2491 objects"
11:44:23 "Res3tting B!S effects..."
11:44:24 "SERVER FPS: 43  PLAYERS: 1"
11:44:24 "[VEHICLE CLEANUP ZONE]: selecting world to cleanup ..."
11:44:27 No owner
11:44:32 No owner
11:44:32 "infiSTAR.de - Player-Log: Chaba de Hadd(76561198332858359) - 0h 08min"
11:44:33 "HIVE: BENCHMARK - Server_monitor.sqf finished streaming 2491 objects in 11.821 seconds (unscheduled)"
11:44:33 "Total Number of spawn locations 6"
11:44:33 "[DZAI] Initializing DZAI version 2.2.1 Release Build 20141208 using base path z\addons\dayz_server\DZAI."
11:44:33 "[DZAI] Reading DZAI configuration file."
11:44:33 "[DZAI] DZAI configuration file loaded."
11:44:33 "[DZAI] Compiling DZAI functions."
11:44:33 "[DZAI] DZAI functions compiled."
11:44:33 "DZAI Debug: Detected mod variant dayz_epoch."
11:44:33 "DayZ (Default) classnames loaded."
11:44:33 "[DZAI] DZAI settings: Debug Level: 1. DebugMarkers: false. WorldName: chernarus. ModName:  (Ver: dayz epoch 1.0.6.1). DZAI_dynamicWeaponList: true. VerifyTables: true."
11:44:33 "[DZAI] AI spawn settings: Static: false. Dynamic: false. Random: false. Air: false. Land: false."
11:44:33 "[DZAI] AI settings: DZAI_findKiller: true. DZAI_useHealthSystem: true. DZAI_weaponNoise: false. DZAI_zombieEnemy: false."
11:44:33 "[DZAI] DZAI loading completed in 0.150024 seconds."
11:44:33 "DZAI Debug: DZAI Startup is running required script files..."
11:44:33 "[DZAI] DZAI finished building weighted weapongrade tables in 0.000976563 seconds."
11:44:33 "DEBUG: Spawning a care package (Misc_cargo_cont_net1) at [6104.15,7525.52,0] with 5 items."
11:44:33 "DEBUG: Spawning a care package (Misc_cargo_cont_net2) at [1424.47,4711.88,0] with 8 items."
11:44:33 "DEBUG: Spawning a care package (Misc_cargo_cont_net2) at [10845.4,8503.17,0] with 5 items."
11:44:33 "DEBUG: Spawning a care package (Misc_cargo_cont_net1) at [8457.5,9600.44,0] with 5 items."
11:44:33 "DEBUG: Spawning a care package (Misc_cargo_cont_net3) at [6943.81,9622.17,0] with 8 items."
11:44:34 "DEBUG: Spawning a care package (Misc_cargo_cont_net1) at [10554.6,8754.08,0] with 4 items."
11:44:34 "CRASHSPAWNER: Starting crash site spawner. Frequency: 25±20 min. Spawn chance: 0.75"
11:44:34 "CRASHSPAWNER: Spawning crash site (CrashSite_US) at [3394.29,8243.6,0] with 8 items."
11:44:34 CrashSite_US: MainTurret - unknown animation source MainTurret
11:44:34 CrashSite_US: MainGun - unknown animation source mainGun
11:44:34 CrashSite_US: Gatling - unknown animation source Gatling
11:44:37 "HIVE: Vehicle Spawn limit reached!"
11:44:37 "HIVE: Spawning # of Debris: 0"
11:44:37 "HIVE: Spawning # of Ammo Boxes: 3"
11:44:37 "HIVE: Spawning # of Veins: 5"
11:44:37 "HIVE: BENCHMARK - Server finished spawning 0 DynamicVehicles, 0 Debris, 3 SupplyCrates and 5 MineVeins in 3.59302 seconds (scheduled)"
11:44:37 "EPOCH EVENTS INIT"
11:44:38 "DZAI Debug: Spawning in serverside objects... Reading from file CfgTownGeneratorChernarus."
11:44:38 Warning Message: Script z\addons\dayz_server\WAI\customsettings.sqf not found
11:44:38 "WAI: AI Config File Loaded"
11:44:38 "DZAI Debug: Building DZAI weapon arrays using CfgBuildingLoot data."
11:44:38 "DZAI Debug: Weapon classname tables created in 0.000976563 seconds."
11:44:38 "WAI: AI Monitor Started"
11:44:38 "WAI: Initialising missions"
11:44:39 "[DZAI] Removing invalid classname: Winchester1866."
11:44:39 "[DZAI] Removing invalid classname: MR43."
11:44:39 "[DZAI] Removing invalid classname: MR43."
11:44:39 "[DZAI] Contents of DZAI_Rifles0 failed verification. Invalid entries removed."
11:44:39 "[DZAI] Verified 85 unique classnames in 0.427002 seconds."
11:44:39 "CLEANUP: INITIALIZING Vehicle SCRIPT"
11:44:40 "DZAI Server Monitor will start in 1 minute."
11:44:54 "DZAI Debug: Location configuration completed with 77 locations found in 14.071 seconds."
11:44:54 "infiSTAR.de PlayerConnected: CONNECT - Chaba de Hadd(76561198332858359)"
11:44:55 "infiSTAR.de PlayerConnected: CONNECT - __SERVER__()"
11:44:55 "DZAI Debug: Created custom spawn area Novy at 093038 with 4 AI units, weapongrade 2, respawn true, respawn time 0."
11:44:55 "DZAI Debug: Created custom spawn area Dichina at 044070 with 4 AI units, weapongrade 2, respawn true, respawn time 0."
11:44:55 "DZAI Debug: Created custom spawn area Threevalley at 128097 with 4 AI units, weapongrade 2, respawn true, respawn time 0."
11:44:55 "DZAI Debug: Created custom spawn area Krutoy at 131113 with 4 AI units, weapongrade 2, respawn true, respawn time 0."
11:44:55 "DZAI Debug: Created custom spawn area NWAF1 at 041045 with 4 AI units, weapongrade 3, respawn true, respawn time 0."
11:44:55 "DZAI Debug: Created custom spawn area NWAF2 at 041046 with 4 AI units, weapongrade 3, respawn true, respawn time 0."
11:44:55 "Chernarus static spawn configuration loaded."
11:44:56 "HIVE: WRITE: "CHILD:306:19165:[["glass1",0],["glass2",0],["glass3",0],["glass4",0],["wheel_1_1_steering",0],["wheel_2_1_steering",0],["wheel_1_4_steering",0],["wheel_2_4_steering",0],["wheel_1_3_steering",0],["wheel_2_3_steering",0],["wheel_1_2_steering",0.299],["wheel_2_2_steering",0],["motor",0],["sklo predni P",0],["sklo predni L",0],["karoserie",0],["palivo",0]]:0.039:""
11:44:56 "INFO: needUpdate_objects=[28cbf040# 1059985: ural.p3d]"
11:44:56 "HIVE: WRITE: "CHILD:306:19165:[["glass1",0],["glass2",0],["glass3",0],["glass4",0],["wheel_1_1_steering",0],["wheel_2_1_steering",0],["wheel_1_4_steering",0],["wheel_2_4_steering",0],["wheel_1_3_steering",0],["wheel_2_3_steering",0],["wheel_1_2_steering",0.309398],["wheel_2_2_steering",0],["motor",0],["sklo predni P",0],["sklo predni L",0],["karoserie",0],["palivo",0]]:0.0418116:""
11:45:13 "INFO - Player: PID#3(Chaba de Hadd)(UID:76561198332858359/CID:8483) Status: LOGGING IN"
11:45:13 "INFO - Player: PID#3(Chaba de Hadd)(UID:76561198332858359/CID:8483) Status: LOGIN PUBLISHING, Location airfield [043043]"
11:45:24 "DZAI Debug: Serverside object patch completed in 46.197 seconds."
11:45:29 "INFO - Player: Chaba de Hadd(UID:76561198332858359/CID:8483) Status: CLIENT LOADED & PLAYING"
11:45:31 "B 1-1-B:1 (Chaba de Hadd) REMOTE, SafeZoneState, [0], 3"
11:45:31 "infiSTAR.de Log: Chaba de Hadd(76561198332858359) -    Left SafeZone @043043"
11:45:33 Warning: looped for animation: ca\anims\characters\data\anim\sdr\mov\erc\stp\non\non\amovpercmstpsnonwnondnon_amovpercmstpsraswpstdnon_end.rtm differs (looped now 0)! MoveName: amovpercmstpsnonwnondnon_amovpercmstpsraswpstdnon_end
11:45:35 "DZAI Debug: Processed static trigger spawn data in 0 seconds (Custom Spawn)."
11:45:35 "DZAI Debug: Spawned a group of 4 units in 0.0450439 seconds at NWAF2 (Custom Spawn)."
11:45:35 "DZAI Debug: Unit O 1-1-A:1 loadout: [["AKM_DZ"],["30Rnd_762x39_AK47"]]. Weapongrade 3. Blood: 8071.8."
11:45:35 "DZAI Debug: Unit O 1-1-A:2 loadout: [["M16A2_DZ"],["30Rnd_556x45_Stanag"]]. Weapongrade 3. Blood: 10689.1."
11:45:35 "DZAI Debug: Unit O 1-1-A:3 loadout: [["Mk48_CCO_DZ"],["100Rnd_762x51_M240"]]. Weapongrade 3. Blood: 8461.5."
11:45:35 "DZAI Debug: Unit O 1-1-A:4 loadout: [["M4A1_HWS_GL_camo"],["30Rnd_556x45_Stanag"]]. Weapongrade 3. Blood: 11181.8."
11:45:36 "DZAI Debug: Processed static trigger spawn data in 0 seconds (Custom Spawn)."
11:45:36 No owner
11:45:36 No owner
11:45:36 "DZAI Debug: Spawned a group of 4 units in 0.0299683 seconds at NWAF1 (Custom Spawn)."
11:45:36 "DZAI Debug: Unit O 1-1-B:1 loadout: [["M4A1_HWS_GL_camo"],["30Rnd_556x45_Stanag"]]. Weapongrade 3. Blood: 9936.43."
11:45:36 "DZAI Debug: Unit O 1-1-B:2 loadout: [["AK74_Kobra_DZ"],["30Rnd_545x39_AK"]]. Weapongrade 3. Blood: 9334.6."
11:45:36 "DZAI Debug: Unit O 1-1-B:3 loadout: [["AK74_Kobra_DZ"],["30Rnd_545x39_AK"]]. Weapongrade 3. Blood: 9087.68."
11:45:36 "DZAI Debug: Unit O 1-1-B:4 loadout: [["M24_DZ"],["5Rnd_762x51_M24"]]. Weapongrade 3. Blood: 10480.6."
11:46:22 "infiSTAR.de PlayerConnected: CONNECT - agss(76561197996820470)"
11:46:22 "infiSTAR.de - Player-Log: agss(76561197996820470) - 0h 10min"
11:46:25 "INFO - Player: PID#4(agss)(UID:76561197996820470/CID:8376) Status: LOGGING IN"
11:46:26 "INFO - Player: PID#4(agss)(UID:76561197996820470/CID:8376) Status: LOGIN PUBLISHING, Location Lopatino [028055]"
11:46:30 "INFO - Player: agss(UID:76561197996820470/CID:8376) Status: CLIENT LOADED & PLAYING"
11:46:32 "HIVE: WRITE: "CHILD:303:22449:[[["RPG7V","RPG18"],[2,1]],[["10Rnd_762x54_SVD","ItemPainkiller","20Rnd_762x51_DMR","ItemBloodbag","FoodCanBeef","ItemSodaCoke","30Rnd_556x45_Stanag","ItemBriefcase100oz","ItemBriefcase40oz","ItemGoldBar7oz","ItemBriefcaseS50oz","ItemSilverBar5oz"],[1,3,1,3,5,5,1,1,1,1,1,1]],[[],[]]]:""
11:46:33 "B 1-1-C:1 (agss) REMOTE, SafeZoneState, [0], 4"
11:46:33 "infiSTAR.de Log: agss(76561197996820470) -    Left SafeZone @028055"
11:46:43 "HIVE: WRITE: "CHILD:305:22449:[187.939026,[2852.25293,9762.65918,0.707001]]:0.945:""
11:46:43 "HIVE: WRITE: "CHILD:306:22449:[["",0],["",0],["wheel_1_1_steering",0],["wheel_1_2_steering",0],["wheel_1_3_steering",0],["wheel_1_4_steering",0],["wheel_2_1_steering",0],["wheel_2_2_steering",0],["wheel_2_3_steering",0],["wheel_2_4_steering",0],["zbytek",0],["sklo predni P",0],["sklo predni L",0],["glass1",0],["glass2",0],["glass3",0],["glass4",0]]:0:""
11:46:52 "HIVE: WRITE: "CHILD:305:22449:[159.954041,[2854.00170898,9746.450195,0.692078]]:0.944811:""
11:47:00 "HIVE: WRITE: "CHILD:303:22827:[[[],[]],[["ItemMorphine","ItemPainkiller","ItemBloodbag","ItemAntibiotic"],[2,2,3,2]],[[],[]]]:""
11:47:06 "HIVE: WRITE: "CHILD:305:22449:[218.167236,[2856.547607,9742.869141,0.697815]]:0.944061:""
11:47:06 "HIVE: WRITE: "CHILD:306:22449:[["",0],["",0],["wheel_1_1_steering",0],["wheel_1_2_steering",0],["wheel_1_3_steering",0],["wheel_1_4_steering",0],["wheel_2_1_steering",0],["wheel_2_2_steering",0],["wheel_2_3_steering",0],["wheel_2_4_steering",0],["zbytek",0],["sklo predni P",0],["sklo predni L",0],["glass1",0],["glass2",0],["glass3",0],["glass4",0]]:0:""
11:47:07 "HIVE: WRITE: "CHILD:305:22827:[251.327957,[4365.953125,11025.929688,0]]:0.969:""
11:47:07 "HIVE: WRITE: "CHILD:306:22827:[["wheel_1_1_steering",0],["wheel_1_2_steering",0],["wheel_2_1_steering",0],["wheel_2_2_steering",0],["palivo",0],["motor",0],["glass1",0],["glass2",0],["glass3",0],["glass4",0],["sklo predni P",0],["sklo predni L",0],["karoserie",0],["wheel_1_4_steering",0],["wheel_2_4_steering",0],["wheel_1_3_steering",0],["wheel_2_3_steering",0]]:0:""
11:47:13 "HIVE: WRITE: "CHILD:305:22449:[218.168854,[2856.547607,9742.869141,0.697845]]:0.944061:""
11:47:13 "HIVE: WRITE: "CHILD:306:22449:[["",0],["",0],["wheel_1_1_steering",0],["wheel_1_2_steering",0],["wheel_1_3_steering",0],["wheel_1_4_steering",0],["wheel_2_1_steering",0],["wheel_2_2_steering",0],["wheel_2_3_steering",0],["wheel_2_4_steering",0],["zbytek",0],["sklo predni P",0],["sklo predni L",0],["glass1",0],["glass2",0],["glass3",0],["glass4",0]]:0:""
11:47:14 "HIVE: WRITE: "CHILD:305:22827:[224.925552,[4366.146484,10999.0253906,-0.000244141]]:0.968056:""
11:47:17 "HIVE: WRITE: "CHILD:305:22449:[278.683563,[2838.723633,9732.514648,0.0171814]]:0.943837:""
11:47:28 "HIVE: WRITE: "CHILD:305:22827:[154.171478,[4483.0585938,10773.973633,0]]:0.965165:""
11:47:31 "HIVE: WRITE: "CHILD:305:22449:[271.295288,[2630.897949,9774.933594,-0.0169983]]:0.942559:""
11:47:43 "HIVE: WRITE: "CHILD:305:22827:[160.132324,[4556.313477,10594.882813,0]]:0.963036:""
11:47:45 "HIVE: WRITE: "CHILD:305:22449:[249.897461,[2385.36084,9776.666016,-0.0080719]]:0.941458:""
11:47:57 "HIVE: WRITE: "CHILD:305:22827:[160.128754,[4556.313477,10594.882813,0]]:0.961505:""
11:47:59 "HIVE: WRITE: "CHILD:305:22449:[283.628937,[2169.0754395,9791.286133,-0.0296783]]:0.940329:""
11:48:13 "HIVE: WRITE: "CHILD:305:22449:[271.187561,[1948.311279,9830.222656,-0.00831604]]:0.939188:""
11:48:27 "HIVE: WRITE: "CHILD:305:22449:[298.869293,[1820.77417,9854.72168,0.553818]]:0.938103:""
11:48:41 "HIVE: WRITE: "CHILD:305:22449:[284.962006,[1765.321411,9877.334961,0.40918]]:0.937147:""
11:48:46 "HIVE: WRITE: "CHILD:305:22827:[160.0844574,[4560.709473,10582.734375,0]]:0.956098:""
11:48:55 "WAI: [Mission:[Bandit] Medical Supply Camp]: Starting... [7660.04,11700.3,0]"
11:48:55 "WAI: Spawned a group of 2 AI (Hero) at [7660.04,11700.3,0]"
11:48:55 "WAI: Spawned a group of 2 AI (Hero) at [7660.04,11700.3,0]"
11:48:55 No owner
11:48:55 No owner
11:48:55 No owner
11:48:55 No owner
11:48:55 "WAI: Spawned a group of 2 AI (Hero) at [7660.04,11700.3,0]"
11:48:56 "HIVE: WRITE: "CHILD:305:22449:[249.74881,[1644.75415,9879.0517578,0.0145874]]:0.935913:""
11:49:00 "HIVE: WRITE: "CHILD:305:22827:[149.582809,[4717.683594,10300.898438,0]]:0.953269:""
11:49:10 "HIVE: WRITE: "CHILD:305:22449:[315.624756,[1487.4646,9916.769531,0.00848389]]:0.934478:""
11:49:13 "HIVE: WRITE: "CHILD:305:22449:[315.663727,[1487.522583,9916.709961,0.00866699]]:0.934422:""
11:49:13 "HIVE: WRITE: "CHILD:306:22449:[["",0],["",0],["wheel_1_1_steering",0],["wheel_1_2_steering",0],["wheel_1_3_steering",0],["wheel_1_4_steering",0],["wheel_2_1_steering",0],["wheel_2_2_steering",0],["wheel_2_3_steering",0],["wheel_2_4_steering",0],["zbytek",0],["sklo predni P",0],["sklo predni L",0],["glass1",0],["glass2",0],["glass3",0],["glass4",0]]:0:""
11:49:15 "HIVE: WRITE: "CHILD:305:22827:[103.833794,[4797.174805,10238.78418,-0.000823975]]:0.95131:""
11:49:20 "agss (76561197996820470) true true with code: 0 @015054 ([1503.14,9916.72,-0.067])"
11:49:29 "HIVE: WRITE: "CHILD:305:22827:[309.746399,[4886.581055,10284.486328,-0.0145569]]:0.949285:""
11:49:34 "agss (76561197996820470) true true with code: 0 @015054 ([1503.14,9916.72,-0.067])"
11:49:38 "agss (76561197996820470) UNLOCKED Safe with code: 8944 @015054 ([1515.41,9929.85,6.104e-005])"
11:49:40 "DZAI Monitor :: Server Uptime: 0:13:59. Active AI Groups: 2."
11:49:40 "DZAI Monitor :: Static Spawns: 2. Respawn Queue: 0 groups queued."
11:49:43 "HIVE: WRITE: "CHILD:305:22827:[350.526794,[4702.0625,10454.360352,0.0010376]]:0.946557:""
11:49:57 "HIVE: WRITE: "CHILD:305:22827:[58.712959,[4688.980469,10717.891602,0]]:0.943782:""
11:50:01 "HIVE: WRITE: "CHILD:303:22373:[[[],[]],[["ItemBriefcase100oz","ItemTopaz","ItemHotwireKit"],[78,8,11]],[[],[]]]:""
11:50:09 "agss (76561197996820470) LOCKED Safe with code: 8944 @015054 ([1515.41,9929.85,6.104e-005])"
11:50:11 "HIVE: WRITE: "CHILD:305:22827:[64.718964,[4853.0439453,10793.790039,0.00463867]]:0.941429:""
11:50:15 "agss (76561197996820470) UNLOCKED Safe with code: 5546 @015054 ([1502.8,9930.21,0])"
11:50:25 "HIVE: WRITE: "CHILD:305:22827:[87.227303,[5042.387207,10902.450195,0.0323792]]:0.938841:""
11:50:27 "SERVER FPS: 48  PLAYERS: 2"
11:50:36 "WAI: [Mission:[Hero] Weapon Cache]: Starting... [2166.66,10469.9,0]"
11:50:36 No owner
11:50:36 No owner
11:50:36 No owner
11:50:36 "WAI: Spawned a group of 5 AI (Bandit) at [2166.66,10469.9,0]"
11:50:36 "WAI: Spawned a group of 5 AI (Bandit) at [2166.66,10469.9,0]"
11:50:36 No owner
11:50:36 No owner
11:50:36 No owner
11:50:36 No owner
11:50:36 No owner
11:50:36 No owner
11:50:36 No owner
11:50:36 No owner
11:50:36 No owner
11:50:36 No owner
11:50:36 No owner
11:50:36 No owner
11:50:36 "WAI: Spawned a group of 5 AI (Bandit) at [2166.66,10469.9,0]"
11:50:36 No owner
11:50:36 No owner
11:50:36 No owner
11:50:36 "WAI: Spawned a group of 5 AI (Bandit) at [2166.66,10469.9,0]"
11:50:37 "HIVE: WRITE: "CHILD:303:22372:[[["RPG18","RPG7V","ItemGPS","m240_scoped_EP1_DZE","DMR_DZ"],[3,2,1,1,1]],[["150Rnd_127x107_DSHKM","29Rnd_30mm_AGS30","100Rnd_127x99_M2","RPG18","MAAWS_HEAT","PG7V","48Rnd_40mm_MK19","2000Rnd_762x51_M134","50Rnd_127x107_DSHKM","Mine","ItemBriefcase40oz","20Rnd_762x51_DMR"],[21,5,38,21,2,6,5,32,3,8,1,3]],[[],[]]]:""
11:50:39 "HIVE: WRITE: "CHILD:305:22827:[93.423241,[5314.332031,10882.511719,3.05176e-005]]:0.936338:""
11:50:45 "agss (76561197996820470) LOCKED Safe with code: 5546 @015054 ([1502.8,9930.21,0])"
11:50:50 "agss (76561197996820470) UNLOCKED Safe with code: 8944 @015054 ([1515.41,9929.85,6.104e-005])"
11:50:53 "HIVE: WRITE: "CHILD:305:22827:[359.177887,[5349.599121,10880.97168,-0.0017395]]:0.934555:""
11:51:01 "DZAI Debug: Despawned AI units at NWAF1. Reset trigger's group array to: []."
11:51:03 "DZAI Debug: Despawned AI units at NWAF2. Reset trigger's group array to: []."
11:51:05 "HIVE: WRITE: "CHILD:303:22373:[[[],[]],[["ItemBriefcase100oz","ItemTopaz","ItemHotwireKit","30Rnd_556x45_Stanag"],[78,8,11,1]],[[],[]]]:""
11:51:07 "HIVE: WRITE: "CHILD:305:22827:[276.813446,[5172.915527,10888.549805,0.00192261]]:0.932163:""
11:51:13 "agss (76561197996820470) LOCKED Safe with code: 8944 @015054 ([1515.41,9929.85,6.104e-005])"
11:51:15 "DZAI Debug: Deleting static group O 1-1-A."
11:51:15 "DZAI Debug: Deleting static group O 1-1-B."
11:51:21 "HIVE: WRITE: "CHILD:305:22827:[246.225281,[4943.97168,10881.230469,0.0280762]]:0.929516:""
11:51:36 "HIVE: WRITE: "CHILD:305:22827:[251.786407,[4808.639648,10778.0664063,0.00640869]]:0.927105:""
11:51:37 "agss (76561197996820470) true true with code: 0 @015054 ([1503.14,9916.72,-0.067])"
11:51:44 "DZAI Debug: Processed static trigger spawn data in 0 seconds (Custom Spawn)."
11:51:44 No owner
11:51:44 "DZAI Debug: Spawned a group of 4 units in 0.0159912 seconds at NWAF2 (Custom Spawn)."
11:51:44 "DZAI Debug: Unit O 1-1-A:1 loadout: [["M4A1_CCO_DZ"],["30Rnd_556x45_Stanag"]]. Weapongrade 3. Blood: 9810.02."
11:51:44 "DZAI Debug: Unit O 1-1-A:2 loadout: [["M4A3_CCO_EP1"],["30Rnd_556x45_Stanag"]]. Weapongrade 3. Blood: 11573.5."
11:51:44 "DZAI Debug: Unit O 1-1-A:3 loadout: [["M14_CCO_DZ"],["20Rnd_762x51_DMR"]]. Weapongrade 3. Blood: 11642.9."
11:51:44 "DZAI Debug: Unit O 1-1-A:4 loadout: [["M4A3_CCO_EP1"],["30Rnd_556x45_Stanag"]]. Weapongrade 3. Blood: 9797.24."
11:51:45 "DZAI Debug: Processed static trigger spawn data in 0 seconds (Custom Spawn)."
11:51:45 "DZAI Debug: Spawned a group of 4 units in 0.0209961 seconds at NWAF1 (Custom Spawn)."
11:51:45 "DZAI Debug: Unit O 1-1-B:1 loadout: [["AK74_DZ"],["30Rnd_545x39_AK"]]. Weapongrade 3. Blood: 11963.7."
11:51:45 "DZAI Debug: Unit O 1-1-B:2 loadout: [["SA58_DZ"],["30Rnd_762x39_SA58"]]. Weapongrade 3. Blood: 8256.46."
11:51:45 "DZAI Debug: Unit O 1-1-B:3 loadout: [["M16A2_GL_DZ"],["30Rnd_556x45_Stanag"]]. Weapongrade 3. Blood: 11847.8."
11:51:45 "DZAI Debug: Unit O 1-1-B:4 loadout: [["AK74_DZ"],["30Rnd_545x39_AK"]]. Weapongrade 3. Blood: 10368.7."
11:51:50 "HIVE: WRITE: "CHILD:305:22827:[234.87619,[4603.504883,10665.652344,0.00930786]]:0.924436:""
11:51:54 "WAI: [Mission:[Bandit] Medical Supply Camp]: Starting... [8011.97,5085.66,0]"
11:51:54 "WAI: Spawned a group of 2 AI (Hero) at [8011.97,5085.66,0]"
11:51:54 "WAI: Spawned a group of 2 AI (Hero) at [8011.97,5085.66,0]"
11:51:54 "WAI: Spawned a group of 2 AI (Hero) at [8011.97,5085.66,0]"
11:52:02 "infiSTAR.de PlayerConnected: DISCONNECT - agss(76561197996820470)"
11:52:02 "INFO - Player: agss(UID:76561197996820470/CID:8376) Status: LOGGED OUT, Location Wilderness [014054]"
11:52:02 No player found for channel 682313280 - message ignored
11:52:02 Client: Remote object 4:3 not found
11:52:02 Client: Remote object 4:2 not found
11:52:02 Client: Remote object 4:0 not found
11:52:04 "HIVE: WRITE: "CHILD:305:22827:[264.811188,[4372.632813,10642.991211,0.0281677]]:0.921848:""
11:52:16 "HIVE: WRITE: "CHILD:305:22827:[262.779205,[4187.897461,10617.675781,0]]:0.919685:""
11:52:28 "HIVE: WRITE: "CHILD:305:22827:[256.221893,[4067.182617,10596.427734,0.00604248]]:0.917762:""
11:52:40 "HIVE: WRITE: "CHILD:305:22827:[327.184631,[4023.0915527,10620.74707,0.00161743]]:0.916153:""
11:52:52 "HIVE: WRITE: "CHILD:305:22827:[260.0370483,[3894.750977,10636.876953,-0.0174866]]:0.914276:""
11:53:02 "HIVE: WRITE: "CHILD:305:22827:[258.0372314,[3890.400391,10636.102539,0.00100708]]:0.913002:""
11:53:02 "HIVE: WRITE: "CHILD:306:22827:[["wheel_1_1_steering",1],["wheel_1_2_steering",0.0370983],["wheel_2_1_steering",1],["wheel_2_2_steering",0.020904],["palivo",0.0150227],["motor",0.411186],["glass1",0.161968],["glass2",0.0688359],["glass3",0.0328326],["glass4",0],["sklo predni P",0],["sklo predni L",0],["karoserie",0.0732963],["wheel_1_4_steering",0],["wheel_2_4_steering",0],["wheel_1_3_steering",0],["wheel_2_3_steering",0]]:0.023622:""
11:54:23 "HIVE: WRITE: "CHILD:303:17521:[[["SVD_des_EP1","M1014_DZ","AKS74U_DZ"],[1,1,1]],[["ItemBriefcase40oz","ItemGoldBar7oz","ItemSilverBar5oz","ItemBriefcaseS30oz","50Rnd_762x54_UK59","ItemPainkiller","ItemBandage"],[1,1,1,1,1,1,2]],[[],[]]]:""
11:54:30 "infiSTAR.de PlayerConnected: CONNECT - agss(76561197996820470)"
11:54:33 "INFO - Player: PID#5(agss)(UID:76561197996820470/CID:8376) Status: LOGGING IN"
11:54:34 "INFO - Player: PID#5(agss)(UID:76561197996820470/CID:8376) Status: LOGIN PUBLISHING, Location Wilderness [014054]"
11:54:40 "DZAI Monitor :: Server Uptime: 0:18:59. Active AI Groups: 2."
11:54:40 "DZAI Monitor :: Static Spawns: 2. Respawn Queue: 0 groups queued."
11:54:43 "B 1-1-C:1 (agss) REMOTE, SafeZoneState, [0], 5"
11:54:43 "infiSTAR.de Log: agss(76561197996820470) -    Left SafeZone @014054"
11:54:45 "INFO - Player: agss(UID:76561197996820470/CID:8376) Status: CLIENT LOADED & PLAYING"
11:55:11 Server: Object 5:14 not found (message 137)
11:55:11 NetServer::SendMsg: cannot find channel #484936516, users.card=1
11:55:11 NetServer: users.get failed when sending to 484936516
11:55:11 Message not sent - error 0, message ID = ffffffff, to 484936516 (agss)
11:55:11 "infiSTAR.de PlayerConnected: DISCONNECT - agss(76561197996820470)"
11:55:11 "INFO - Player: agss(UID:76561197996820470/CID:8376) Status: LOGGED OUT, Location Wilderness [014054]"
11:55:11 Client: Remote object 5:0 not found
11:55:11 Client: Remote object 5:5 not found
11:56:27 "SERVER FPS: 48  PLAYERS: 1"
11:57:10 "HIVE: WRITE: "CHILD:309:1:[[[],[]],[[],[]],[[],[]]]:""
11:57:24 "HIVE: WRITE: "CHILD:305:0:[247.4198,[3838.5625,10605.313477,0.0602722]]:1:""
11:57:38 "HIVE: WRITE: "CHILD:305:0:[269.619293,[3716.533447,10594.761719,-0.0420837]]:1:""
11:57:49 "WAI: [Mission:[Hero] Mayors Mansion]: Starting... [3760.49,7733.88,0]"
11:57:49 No owner
11:57:49 No owner
11:57:49 No owner
11:57:49 No owner
11:57:49 No owner
11:57:49 No owner
11:57:49 No owner
11:57:49 No owner
11:57:50 No owner
11:57:50 No owner
11:57:50 No owner
11:57:50 No owner
11:57:50 "WAI: Spawned a group of 5 AI (Bandit) at [3760.49,7733.88,0]"
11:57:50 No owner
11:57:50 No owner
11:57:50 No owner
11:57:50 No owner
11:57:50 "WAI: Spawned a group of 2 AI (Bandit) at [3760.49,7733.88,0]"
11:57:50 No owner
11:57:50 No owner
11:57:50 No owner
11:57:50 No owner
11:57:50 "WAI: Spawned a group of 5 AI (Bandit) at [3760.49,7733.88,0]"
11:57:50 No owner
11:57:50 No owner
11:57:50 No owner
11:57:50 No owner
11:57:50 "WAI: Spawned a group of 3 AI (Bandit) at [3760.49,7733.88,0]"
11:57:50 "WAI: Spawned a group of 1 AI (Bandit) at [3760.49,7733.88,0]"
11:57:50 No owner
11:57:50 No owner
11:57:50 No owner
11:57:50 No owner
11:57:50 "WAI: Spawned in 2 M2StaticMG"
11:57:52 "HIVE: WRITE: "CHILD:305:0:[288.873474,[3592.285889,10603.822266,-0.0211182]]:1:""
11:58:03 "infiSTAR.de PlayerConnected: CONNECT - agss(76561197996820470)"
11:58:06 "INFO - Player: PID#6(agss)(UID:76561197996820470/CID:8376) Status: LOGGING IN"
11:58:06 "INFO - Player: PID#6(agss)(UID:76561197996820470/CID:8376) Status: LOGIN PUBLISHING, Location Wilderness [014054]"
11:58:07 "HIVE: WRITE: "CHILD:305:0:[265.650269,[3465.574707,10591.124023,-0.0102234]]:1:""
11:58:14 "INFO - Player: agss(UID:76561197996820470/CID:8376) Status: CLIENT LOADED & PLAYING"
11:58:16 "B 1-1-C:1 (agss) REMOTE, SafeZoneState, [0], 6"
11:58:16 "infiSTAR.de Log: agss(76561197996820470) -    Left SafeZone @014054"
11:58:21 "HIVE: WRITE: "CHILD:305:0:[265.159027,[3296.525146,10579.654297,-0.0104675]]:1:""
11:58:35 "HIVE: WRITE: "CHILD:305:0:[263.783813,[3123.497559,10548.130859,0.0857544]]:1:""
11:58:49 "HIVE: WRITE: "CHILD:305:0:[245.840256,[2886.887939,10526.349609,0.0405273]]:1:""
11:59:03 "HIVE: WRITE: "CHILD:305:0:[272.942627,[2671.409424,10520.169922,0.114502]]:1:""
11:59:17 "HIVE: WRITE: "CHILD:305:0:[263.610321,[2501.50293,10516.107422,0.168854]]:1:""
11:59:23 "HIVE: WRITE: "CHILD:305:22449:[315.667175,[1487.525391,9916.708008,0.00897217]]:0.934422:""
11:59:23 "HIVE: WRITE: "CHILD:306:22449:[["",0],["",0],["wheel_1_1_steering",0],["wheel_1_2_steering",0],["wheel_1_3_steering",0],["wheel_1_4_steering",0],["wheel_2_1_steering",0],["wheel_2_2_steering",0],["wheel_2_3_steering",0],["wheel_2_4_steering",0],["zbytek",0],["sklo predni P",0],["sklo predni L",0],["glass1",0],["glass2",0],["glass3",0],["glass4",0]]:0:""
11:59:26 "HIVE: WRITE: "CHILD:305:22449:[315.667175,[1487.525391,9916.708008,0.00897217]]:0.934422:""
11:59:31 "HIVE: WRITE: "CHILD:305:0:[30.934952,[2367.460205,10490.941406,0.000152588]]:1:""
11:59:34 "HIVE: WRITE: "CHILD:305:22449:[315.667175,[1487.525391,9916.708008,0.00869751]]:0.934163:""
11:59:34 "HIVE: WRITE: "CHILD:303:22449:[[["RPG7V","RPG18"],[2,1]],[["10Rnd_762x54_SVD","ItemPainkiller","20Rnd_762x51_DMR","ItemBloodbag","FoodCanBeef","ItemSodaCoke","30Rnd_556x45_Stanag"],[1,3,1,3,5,5,1]],[[],[]]]:""
11:59:34 "HIVE: WRITE: "CHILD:305:22449:[315.667175,[1487.525391,9916.708008,0.00869751]]:0.934163:""
11:59:40 "DZAI Monitor :: Server Uptime: 0:23:59. Active AI Groups: 2."
11:59:40 "DZAI Monitor :: Static Spawns: 2. Respawn Queue: 0 groups queued."
11:59:44 "HIVE: WRITE: "CHILD:305:22449:[315.667175,[1487.525391,9916.708008,0.00869751]]:0.934422:""
11:59:44 "HIVE: WRITE: "CHILD:306:22449:[["",0],["",0],["wheel_1_1_steering",0],["wheel_1_2_steering",0],["wheel_1_3_steering",0],["wheel_1_4_steering",0],["wheel_2_1_steering",0],["wheel_2_2_steering",0],["wheel_2_3_steering",0],["wheel_2_4_steering",0],["zbytek",0],["sklo predni P",0],["sklo predni L",0],["glass1",0],["glass2",0],["glass3",0],["glass4",0]]:0:""
11:59:44 "HIVE: WRITE: "CHILD:305:22449:[315.667175,[1487.525391,9916.708008,0.00869751]]:0.934422:""
11:59:44 "HIVE: WRITE: "CHILD:306:22449:[["",0],["",0],["wheel_1_1_steering",0],["wheel_1_2_steering",0],["wheel_1_3_steering",0],["wheel_1_4_steering",0],["wheel_2_1_steering",0],["wheel_2_2_steering",0],["wheel_2_3_steering",0],["wheel_2_4_steering",0],["zbytek",0],["sklo predni P",0],["sklo predni L",0],["glass1",0],["glass2",0],["glass3",0],["glass4",0]]:0:""
11:59:49 "HIVE: WRITE: "CHILD:305:22449:[36.0938568,[1488.693481,9936.932617,-0.0187988]]:0.934117:""
11:59:55 "HIVE: WRITE: "CHILD:305:22449:[61.541603,[1505.943848,9947.275391,0.0641479]]:0.933749:""
11:59:59 "HIVE: WRITE: "CHILD:305:22449:[60.673824,[1506.0057373,9947.396484,0.0718079]]:0.933563:""
11:59:59 "HIVE: WRITE: "CHILD:306:22449:[["",0],["",0],["wheel_1_1_steering",0],["wheel_1_2_steering",0],["wheel_1_3_steering",0],["wheel_1_4_steering",0],["wheel_2_1_steering",0],["wheel_2_2_steering",0],["wheel_2_3_steering",0],["wheel_2_4_steering",0],["zbytek",0],["sklo predni P",0],["sklo predni L",0],["glass1",0],["glass2",0],["glass3",0],["glass4",0]]:0:""
12:00:04 "HIVE: WRITE: "CHILD:305:22449:[60.72723,[1506.141846,9947.597656,0.0827637]]:0.933563:""
12:00:04 "HIVE: WRITE: "CHILD:306:22449:[["",0],["",0],["wheel_1_1_steering",0],["wheel_1_2_steering",0],["wheel_1_3_steering",0],["wheel_1_4_steering",0],["wheel_2_1_steering",0],["wheel_2_2_steering",0],["wheel_2_3_steering",0],["wheel_2_4_steering",0],["zbytek",0],["sklo predni P",0],["sklo predni L",0],["glass1",0],["glass2",0],["glass3",0],["glass4",0]]:0:""
12:00:09 "DZAI Debug: Despawned AI units at NWAF2. Reset trigger's group array to: []."
12:00:09 "HIVE: WRITE: "CHILD:305:22449:[60.915188,[1505.966919,9947.329102,0.0676575]]:0.93355:""
12:00:10 "DZAI Debug: Despawned AI units at NWAF1. Reset trigger's group array to: []."
12:00:13 "DZAI Debug: Deleting static group O 1-1-A."
12:00:15 "DZAI Debug: Deleting static group O 1-1-B."
12:00:22 "P1ayer PID#3(Chaba de Hadd) hit by PID#1(Mahmood Nazari) with Pecheneg_DZ/B_762x54_Ball <ammo left:95> from 173 meters in head_hit for 0 damage"
12:00:22 "P1ayer PID#3(Chaba de Hadd) hit by PID#1(George Allen) with m8_sharpshooter/B_556x45_Ball <ammo left:23> from 183 meters in head_hit for 0.70994 damage"
12:00:47 "P1ayer PID#3(Chaba de Hadd) hit by PID#1(Mahmood Nazari) with Pecheneg_DZ/B_762x54_Ball <ammo left:89> from 131 meters in head_hit for 0.527954 damage"
12:00:58 "Player UID#76561198332858359 CID#8483 PID#3(Chaba de Hadd) as TK_Special_Forces_MG_EP1_DZ died at Lopatino [023048]"
12:00:58 "DeathMessage: Chaba de Hadd was killed by AI with a Pecheneg_DZ from 120m"
12:01:09 "HIVE: WRITE: "CHILD:306:22642:[["NEtrup",0],["motor",0],["elektronika",0],["mala vrtule",0],["velka vrtule",0],["munice",0],["sklo predni P",0],["sklo predni L",0],["glass1",0],["glass2",0],["glass3",0],["glass4",0],["glass5",0],["glass6",0]]:0:""
12:01:09 "INFO: needUpdate_objects=[2bd5d0c0# 1061571: csj_gyroc.p3d]"
12:01:09 "HIVE: WRITE: "CHILD:306:22642:[["NEtrup",0],["motor",0],["elektronika",0],["mala vrtule",0],["velka vrtule",0],["munice",0],["sklo predni P",0],["sklo predni L",0],["glass1",0],["glass2",0],["glass3",0],["glass4",0],["glass5",0],["glass6",0]]:0.41147:""
12:01:10 "infiSTAR.de PlayerConnected: DISCONNECT - Chaba de Hadd(76561198332858359)"
12:01:10 "INFO: OnPlayerDisconnect exiting. Player is near respawn_west. This is normal after death. ["76561198332858359","Chaba de Hadd"]"
12:01:23 Warning: Cleanup player - person 3:242 not found
12:02:27 "SERVER FPS: 48  PLAYERS: 1"
12:02:50 "HIVE: WRITE: "CHILD:305:22449:[60.915188,[1505.966919,9947.329102,0.0676575]]:0.926062:""
12:03:33 "HIVE: WRITE: "CHILD:305:22449:[60.915188,[1505.966919,9947.329102,0.0676575]]:0.924039:""
12:03:46 "HIVE: WRITE: "CHILD:305:22449:[45.0404663,[1616.166382,10071.621094,0.0641785]]:0.92301:""
12:03:58 "HIVE: WRITE: "CHILD:305:22449:[52.633862,[1774.981934,10212.508789,-0.00917053]]:0.922134:""
12:04:10 "HIVE: WRITE: "CHILD:305:22449:[46.435581,[1913.863281,10303.838867,-0.0122375]]:0.921085:""
12:04:22 "HIVE: WRITE: "CHILD:305:22449:[38.960865,[2061.935791,10407.978516,-0.000869751]]:0.919907:""
12:04:31 "HIVE: WRITE: "CHILD:305:22449:[27.387363,[2086.369629,10444.255859,0.00912476]]:0.91939:""
12:04:41 "DZAI Monitor :: Server Uptime: 0:29:0. Active AI Groups: 0."
12:04:41 "DZAI Monitor :: Static Spawns: 0. Respawn Queue: 0 groups queued."
12:04:44 "HIVE: WRITE: "CHILD:305:22449:[64.309593,[2101.41748,10452.947266,0.0175781]]:0.918674:""
12:05:02 "HIVE: WRITE: "CHILD:305:22449:[64.30439,[2101.429443,10452.930664,0.0175171]]:0.917838:""
12:05:23 "HIVE: WRITE: "CHILD:305:22449:[64.30439,[2101.429443,10452.930664,0.0175171]]:0.91688:""
12:05:29 "HIVE: WRITE: "CHILD:305:22449:[64.30439,[2101.429443,10452.930664,0.0175323]]:0.916677:""
12:05:29 "HIVE: WRITE: "CHILD:306:22449:[["",0],["",0],["wheel_1_1_steering",0],["wheel_1_2_steering",0],["wheel_1_3_steering",0],["wheel_1_4_steering",0],["wheel_2_1_steering",0],["wheel_2_2_steering",0],["wheel_2_3_steering",0],["wheel_2_4_steering",0],["zbytek",0],["sklo predni P",0],["sklo predni L",0],["glass1",0],["glass2",0],["glass3",0],["glass4",0]]:0:""
12:05:42 "WAI: [Mission:[Bandit] Medical Supply Camp]: Ended at [7660.04,11700.3,0]"
12:07:11 "WAI: [Mission:[Hero] Weapon Cache]: Ended at [2166.66,10469.9,0]"
12:07:37 "HIVE: WRITE: "CHILD:305:22449:[64.30439,[2101.429443,10452.930664,0.0175323]]:0.916677:""
12:07:37 "HIVE: WRITE: "CHILD:306:22449:[["",0],["",0],["wheel_1_1_steering",0],["wheel_1_2_steering",0],["wheel_1_3_steering",0],["wheel_1_4_steering",0],["wheel_2_1_steering",0],["wheel_2_2_steering",0],["wheel_2_3_steering",0],["wheel_2_4_steering",0],["zbytek",0],["sklo predni P",0],["sklo predni L",0],["glass1",0],["glass2",0],["glass3",0],["glass4",0]]:0:""
12:08:15 "HIVE: WRITE: "CHILD:305:22449:[117.933838,[2119.759033,10444.9375,0.0184021]]:0.914932:""
12:08:25 "HIVE: WRITE: "CHILD:305:22449:[117.903,[2122.101318,10443.589844,0.0186768]]:0.914425:""
12:08:27 "SERVER FPS: 48  PLAYERS: 1"
12:08:39 "HIVE: WRITE: "CHILD:305:22449:[219.0677948,[2221.238525,10351.698242,-0.0110168]]:0.913078:""
12:08:44 "WAI: [Mission:[Bandit] Medical Supply Camp]: Ended at [8011.97,5085.66,0]"
12:08:51 "HIVE: WRITE: "CHILD:305:22449:[190.189392,[2154.026123,10165.229492,0.00505066]]:0.912116:""
12:09:02 "HIVE: WRITE: "CHILD:305:22449:[140.261169,[2145.426025,10104.345703,0.00906372]]:0.911654:""
12:09:02 "HIVE: WRITE: "CHILD:306:22449:[["",0],["",0],["wheel_1_1_steering",0],["wheel_1_2_steering",0],["wheel_1_3_steering",0],["wheel_1_4_steering",0],["wheel_2_1_steering",0],["wheel_2_2_steering",0],["wheel_2_3_steering",0],["wheel_2_4_steering",0],["zbytek",0],["sklo predni P",0],["sklo predni L",0],["glass1",0],["glass2",0],["glass3",0],["glass4",0]]:0:""
12:09:24 "infiSTAR.de PlayerConnected: DISCONNECT - agss(76561197996820470)"
12:09:24 "INFO - Player: agss(UID:76561197996820470/CID:8376) Status: LOGGED OUT, Location Lopatino [021052]"
12:09:24 Client: Remote object 6:0 not found
12:09:24 Client: Remote object 6:5 not found
12:09:31 Warning: Cleanup player - person 6:4 not found
12:09:36 "CRASHSPAWNER: Spawning crash site (CrashSite_EU) at [10050.1,7740.68,0] with 8 items."
12:09:41 "DZAI Monitor :: Server Uptime: 0:34:0. Active AI Groups: 0."
12:09:41 "DZAI Monitor :: Static Spawns: 0. Respawn Queue: 0 groups queued."
