02:05:21 : Side: Ryan (2): who decided to take my name
02:05:30 : Side: Morrison: lol
02:05:34 : Side: Ryan: hahahah
02:06:14 : Side: Ryan: oh well dont shoot a fellow ryan then haha
02:06:21 : Side: Ryan (2): true
02:06:56 : Side: Ryan (2): you new to this server?
02:07:30 : Side: Ryan: meh me and morrison are yes and no.......were on and off with thirdeyephoenix
02:07:40 : Side: Ryan (2): got it
02:08:23 : Side: Ryan: were cool just scavenging and building and the dude adam thats fixing to get on is cool
02:08:39 : Side: Ryan (2): got it im a hero anyways so
02:09:15 : Side: Ryan: cool deal we just keep to ourselves attempting missions against bandits trying to build humanity
02:09:35 : Side: Ryan (2): nice thats what i usually do on here to
02:10:03 : Side: Ryan: if you normally get on here most of the guys are cool cept two but youll know who they are
02:10:16 : Side: Ryan (2): 2die4 is one of them
02:10:36 : Side: Ryan: haha yeah he let me live earlier not morrison tho
02:10:44 : Side: Ryan (2): lol
02:10:54 : Side: Morrison: i wouldnt say he isnt cool i mean he killed me earlier but left my gear lol
02:11:18 : Side: Ryan (2): yeah hes not horrible but he is the biggest bandit
02:11:38 : Side: Ryan: nah theres on dude on here that isnt so cool 
02:11:59 : Side: Ryan (2): most the people on here are pretty chill thought
02:12:03 : Side: Ryan (2): though
02:12:39 : Side: Ryan: yeah theyve been helpin since we been on 
02:16:12 : Side: Ryan (2): sup just saw ya
02:16:26 : Side: Ryan: haha saw that
02:20:32 : Side: Ryan (2): k getting off maybe see you guys another time
02:20:47 : Side: Ryan: ok see ya
06:19:53 : Side: Ryan: hey vladmir
13:01:48 : Side: Greg: allah akbar
13:02:06 : Side: VLADIMIR>***: salam:)
19:30:25 : Side: ThirdEyeSphinx: Whos doing missions?
19:45:25 : Side: Juiles: hello
19:45:30 : Side: cristoffer: hi
19:45:41 : Side: Juiles: this server have donate?
19:59:45 : Side: ThirdEyeSphinx: Cristoffer go away
19:59:55 : Side: cristoffer: ?
20:00:03 : Side: ThirdEyeSphinx: We know where your new base is.
20:01:49 : Side: ThirdEyeSphinx: Sorry lol. we mistaked you for an AI
20:02:13 : Side: cristoffer: wow
20:07:53 : Side: Juiles: bash trader not work
20:08:04 : Side: Juiles: ok work
22:28:04 : Side: ThirdEyeSphinx: Sup
