12:22:00 : Side: Qwarl: hm
12:22:14 : Side: Greg: karma
12:22:25 : Side: Qwarl: mmm
12:22:49 : Side: Greg: nic
12:22:54 : Side: Qwarl: fuck you
12:23:17 : Side: Greg: hahah
12:44:29 : Side: Tamago: nice heli on gvozdno mission
12:44:51 : Side: Qwarl: ea
12:44:59 : Side: Tamago: ?
12:45:03 : Side: Qwarl: yas
12:45:06 : Side: Qwarl: yes
12:45:14 : Side: Tamago: k
12:45:19 : Side: Qwarl: ))
12:45:53 : Side: Qwarl: your how clear misshion?
12:46:38 : Side: Qwarl: go all clear misshion 
12:46:58 : Side: Tamago: i dislike back hawks
12:47:21 : Side: Greg: you can take it
12:47:34 : Side: Qwarl: snipers
12:47:47 : Side: Qwarl: your hell?
12:47:55 : Side: Tamago: we left
12:48:02 : Side: Tamago: no worry
12:48:08 : Side: Greg: mission is all yours ;)
12:48:16 : Side: Qwarl: go clear
12:48:21 : Side: Qwarl: real 
12:48:25 : Side: Qwarl: im not war
12:49:06 : Side: Qwarl: m?
12:50:12 : Side: Qwarl: ok
12:50:20 : Side: Qwarl: you kill me 
12:50:25 : Side: Qwarl: yes?
12:50:42 : Side: Tamago: no?
12:51:27 : Side: Qwarl: you evil
12:51:50 : Side: Greg: yeah
12:51:52 : Side: Tamago: you have -10000 umanity we have 35k+
12:51:59 : Side: Tamago: you are bandit = you are evil =p
12:52:14 : Side: Qwarl: WHAT
12:52:20 : Side: Tamago: yes
12:52:24 : Side: Qwarl: no
12:52:38 : Side: Qwarl: be lenin has war
12:52:41 : Side: Qwarl: me no
12:52:47 : Side: Tamago: ?
12:53:06 : Side: Qwarl: lenin war a your 
12:53:09 : Side: Tamago: ok ok
12:53:16 : Side: Qwarl: huek
12:58:44 : Side: Qwarl: you see me?
12:58:51 : Side: Tamago: we are far away
12:59:01 : Side: Tamago: idk where you are
12:59:02 : Side: Qwarl: ?
12:59:06 : Side: Tamago: we are in heli
12:59:08 : Side: Qwarl: a
12:59:13 : Side: Qwarl: greg
12:59:18 : Side: Tamago: greg with me
12:59:24 : Side: Qwarl: ok
13:17:55 : Side: Qwarl: go misshoin weapon chach
13:18:58 : Side: Qwarl: greg, tamago
13:19:03 : Side: Tamago: ?
13:19:21 : Side: Greg: weapon cache yeah
13:19:23 : Side: Qwarl: weapon cache 
13:19:26 : Side: Tamago: we are good
13:19:28 : Side: Tamago: thanks
13:43:30 : Side: Qwarl: nice base
13:43:54 : Side: Tamago: you are not even close to me xD who are you talking too?
13:44:11 : Side: Qwarl: good base 
13:44:21 : Side: Qwarl: you
13:44:39 : Side: Qwarl: )))
13:44:49 : Side: Tamago: where is that base?
13:45:19 : Side: Qwarl: sosnovka
13:45:33 : Side: Tamago: oh that one yes
14:46:32 : Side: Qwarl: 100% greg fire
14:46:47 : Side: Qwarl: yes?
14:47:12 : Side: Tamago: idk 5 people online could be anyone
14:47:22 : Side: Qwarl: 4
14:47:26 : Side: Qwarl: 3
14:47:35 : Side: Tamago: was 5 a minut ago
14:47:40 : Side: Qwarl: you group
14:56:30 : Side: Qwarl: hi
14:57:11 : Side: Qwarl: ei
14:57:16 : Side: Tamago: xD
14:57:23 : Side: Qwarl: EVIL
14:57:23 : Side: Tamago: go
14:57:28 : Side: Qwarl: ?
14:57:35 : Side: Tamago: drive away
14:57:38 : Side: Qwarl: GHO
14:58:05 : Side: Tamago: 5 secs to go away
14:58:21 : Side: Qwarl: ////
14:58:27 : Side: Qwarl: EEE
15:00:31 : Side: Tamago: told you to go away dude
15:00:33 : Side: Qwarl: tamago no love me?
15:00:44 : Side: Tamago: no. this is pvp game and i dont trust you
15:00:48 : Side: Tamago: easy
15:00:53 : Side: Tamago: you would live if you go away
15:00:55 : Side: Qwarl: bebebe
15:01:00 : Side: Qwarl: New car
15:01:02 : Side: Tamago: wtf
15:01:03 : Side: Qwarl: 3 bref
15:01:25 : Side: Greg: lol
15:01:31 : Side: Qwarl:  
15:03:00 : Side: Qwarl: wath kill me
15:03:09 : Side: Qwarl: blat'
15:03:18 : Side: Tamago: mine on mission
15:03:50 : Side: Qwarl: ..
15:04:08 : Side: Qwarl: fucking junggle
17:22:34 : Side: agss: qrwal, i like your m22
17:22:45 : Side: Qwarl: thx
17:23:01 : Side: agss: its good taxi
17:23:05 : Side: Qwarl: )))
17:23:12 : Side: Qwarl: 400km
17:23:18 : Side: Qwarl: spd
17:24:09 : Side: Qwarl: you kill me?
17:26:45 : Side: agss: qrwal 3 brc :)))))))))) mv22 free loot
17:27:00 : Side: Greg: lol
17:27:02 : Side: Qwarl: 1 brif me
17:27:15 : Side: agss: ok, where are you now?
17:27:17 : Side: Qwarl: ok?)
17:27:27 : Side: agss: 2die4 give you 1 brc
17:37:03 : Side: agss: 2die4 how are you?
