02:16:56 : Side: Skone: hi luca, What are you doing?
02:17:36 : Side: Skone: im friendly
02:17:40 : Side: Luca: hi. i've selled some stuff
02:17:58 : Side: Skone: dont shoot me please
02:18:05 : Side: Skone: :)
02:18:06 : Side: Luca: ok
02:18:36 : Side: Skone: Are you doing missions?
02:18:38 : Side: Luca: before i have killed 2 guys
02:18:50 : Side: Luca: by mistake
02:19:10 : Side: Luca: they was heroes
02:19:20 : Side: Skone: often happens
02:19:25 : Side: Skone: im hero
02:19:38 : Side: Skone: Are you doing any mission
02:20:16 : Side: Luca: is hard to understand if one is friendly or not when you have an encounter
02:20:59 : Side: Skone: yes
02:21:25 : Side: Luca: before i had 5000 humanity
02:21:33 : Side: Luca: now i have - 457
02:21:43 : Side: Skone: im 14578
02:21:55 : Side: Luca: good for you! :)
02:22:30 : Side: Skone: You want to be a hero or a bandit?
02:22:38 : Side: Luca: hero!
02:22:50 : Side: Luca: now i kill some zombies
02:22:58 : Side: Luca: to improve humanity
02:23:02 : Side: Skone: You have to do bandits missions
02:23:32 : Side: Luca: and the hero missions?
02:24:25 : Side: Skone: Humanity falls if you kill heroes
02:24:40 : Side: Skone: Go up when you kill bandits
02:24:43 : Side: Luca: ok. but i have to to red missions or green?
02:25:00 : Side: Skone: red
02:25:10 : Side: Luca: ok and the grey missions?
02:25:53 : Side: Skone: red: kill bandit
02:26:03 : Side: Skone: green: kill hero
02:26:53 : Side: Luca: ok. tx
02:27:02 : Side: Luca: but the grey ones?
02:27:39 : Side: Skone: Random
02:28:08 : Side: Luca: ok tx
02:32:33 : Side: Skone:   If you come for a bandit mission, be careful with the heli gunship
02:33:04 : Side: Skone: I was about to die
02:33:19 : Side: Luca: sorry i havent readed
02:33:25 : Side: Luca: can you repeat?
02:34:04 : Side: Skone: If you come to base bandit, beware of the heli gunship
02:34:21 : Side: Skone: be careful
02:34:24 : Side: Luca: ok
02:34:29 : Side: Luca: tx
02:38:34 : Side: Skone: Who killed me?w
02:38:53 : Side: Luca: i think AI
02:39:07 : Side: Skone: lol
02:39:24 : Side: Luca: :)
02:54:50 : Side: Luca: i go sleep. bye!
02:55:05 : Side: Skone: bye :)
04:44:52 : Side: Faldehals: hey ho :/
04:45:13 : Side: galina: hi
04:47:10 : Side: Shady: sup
04:47:56 : Side: Freedom: hello buddy how are ya?
04:48:29 : Side: Faldehals: hmm i was thinking i keep stuff for a mozzie at me but ... sh. ha. lol
04:48:48 : Side: Freedom: you need mossie parts
04:49:40 : Side: Faldehals: na dont need something for a bike
04:50:00 : Side: Freedom: alright
04:51:10 : Side: Faldehals: bad .. he sayd they will maintain the base but , he didnt
04:59:55 : Side: Faldehals: found a playboy in a dokument hehe
05:00:15 : Side: Freedom: haha very nice
05:06:29 : Side: Shady: aw shit niggu
05:07:02 : Side: Faldehals: cant tow the chessna with my bike :(
05:16:57 : Side: Freedom: anyone at mayors mansion?
05:17:22 : Side: galina: nop
05:17:30 : Side: Shady: why ?
05:17:57 : Side: Freedom: cause i am there and im friendly want to make sure the other is
05:18:21 : Side: galina: well shady just past by me in trader so its the other guy
05:18:39 : Side: Faldehals: nope not me im in klen
05:18:39 : Side: galina: and since he's not talking you can be sure he is friendly xD
05:19:16 : Side: galina: well i guess you only have npc's there
05:19:24 : Side: Freedom: copy that 
05:19:32 : Side: Shady: roger doger
05:19:39 : Side: Faldehals: wtf how long there is a superherotrader ?
05:19:49 : Side: Freedom: few weeks
05:19:53 : Side: Faldehals: pfff
05:20:20 : Side: Freedom: your hero arnt you
05:20:47 : Side: galina: what's to buy at that super hero and what are the requirements ?
05:21:10 : Side: Freedom: 30k humanity just better discounts few extra vehicals
05:21:24 : Side: Faldehals: idk... ill make a look
05:21:32 : Side: Faldehals: 30k aha
05:22:07 : Side: galina: i need a bit more humanity then i'll check it out
05:22:32 : Side: Faldehals: 13k more only löl
05:22:49 : Side: Freedom: 9k left for me
05:23:15 : Side: galina: 20k :/
05:23:40 : Side: Freedom: all you are heros?
05:24:19 : Side: galina: yup
05:24:34 : Side: Freedom: cool
06:08:04 : Side: Faldehals: someone make this black mission ?
06:16:17 : Side: Shady: freedon u kay budd ?
06:16:40 : Side: Faldehals: thats suicide with a pkp lol
06:16:48 : Side: Freedom: i finished it lol
06:16:49 : Side: Shady: :D 
06:16:52 : Side: Shady: gj
06:16:58 : Side: Freedom: damn mayor got me
06:17:23 : Side: Freedom: but i stole his suit so joke is on him
06:17:55 : Side: Shady: :D hah
06:31:55 : Side: Faldehals: lol
06:32:32 : Side: Faldehals: pfff
06:32:46 : Side: Faldehals: haha
06:32:50 : Side: Faldehals: omg
06:33:31 : Side: Faldehals: drive it out the safezone
10:05:35 : Side: Hailstorm: good morning everybody
10:06:02 : Side: PRISMIC: good morning mate
10:10:54 : Side: Hailstorm: think SDS clan is gone ^^
10:11:08 : Side: PRISMIC: thank god  !  i hated them  aha
10:11:14 : Side: Hailstorm: yeah, me too
10:11:27 : Side: Hailstorm: thats the only base i rade with einans XD
10:11:45 : Side: Hailstorm: winans removed everything of their base ^^
10:11:49 : Side: PRISMIC: do you know where there base is ?
10:11:59 : Side: Hailstorm: there are only the safes left
10:12:01 : Side: Hailstorm: yes
10:12:08 : Side: Hailstorm: but it was there ^^
10:12:09 : Side: PRISMIC: noice !
10:13:06 : Side: Hailstorm: i killed sds ban if he tried to get into my garage, after that he shout that he will rade my base when i am offline
10:13:14 : Side: Hailstorm: but i was faster ^^
10:13:29 : Side: PRISMIC: noice
10:13:50 : Side: Hailstorm: if he want to try this when i am online is ok, but offline rade is for pussyyys
10:14:19 : Side: Hailstorm: but i havent a choice, i had to rade their base offline....
10:14:35 : Side: Hailstorm: there are still 6 safes
10:17:32 : Side: Laurence Gommersil: hail that you shooting>~
10:17:36 : Side: PRISMIC: you at mission  ?
10:17:42 : Side: Hailstorm: no, i am in my base
10:19:43 : Side: Hailstorm: can u invite me to the group?
10:20:27 : Side: Hailstorm: oh, again pls, oushed the wrong button
12:17:51 : Side: PRISMIC: 2die4 can i pay you to do a favour ?
12:36:01 : Side: Laurence Gommersil: heyyy
12:36:35 : Side: Laurence Gommersil: 2die4
12:36:41 : Side: 2DIE4:  =)
12:36:53 : Side: Laurence Gommersil: you got a spare breef we can pay you back just dont wanna fly all the way back xD
12:38:40 : Side: Laurence Gommersil: not even a breef xD just 6 10z
12:57:32 : Side: Laurence Gommersil: 2die4
12:57:45 : Side: 2DIE4: ?
12:57:51 : Side: Laurence Gommersil: how much topaz u gotw
12:58:06 : Side: 2DIE4:  u dont wanna know  =)
12:58:22 : Side: Laurence Gommersil: i got half a safe of topaz
12:59:02 : Side: 2DIE4: where did u get those?
12:59:11 : Side: Laurence Gommersil: 20 missions in a day
12:59:21 : Side: Laurence Gommersil: all armoured vehicles
12:59:30 : Side: 2DIE4:  should i believe that?  
12:59:39 : Side: 2DIE4:  u dying more than u finish missions
13:01:11 : Side: 2DIE4:  or did u dupe them?
13:01:19 : Side: Laurence Gommersil: no xD
13:01:57 : Side: Laurence Gommersil: dont even know how
13:02:07 : Side: 2DIE4:  i t about 80   
13:02:19 : Side: 2DIE4:  and a safe full of briefs
13:02:24 : Side: 2DIE4:   now off =)
13:02:30 : Side: 2DIE4:  later mate
14:19:12 : Side: Staneles: hi everone
14:19:19 : Side: Staneles: everyone*
14:19:19 : Side: Sebastian: hia
14:19:28 : Side: Freedom: hello buddy
14:19:57 : Side: Freedom: whos the bandit here?
14:20:04 : Side: Staneles: not me
14:20:09 : Side: Staneles: i am a friendly
14:20:18 : Side: Staneles: you bandit ?
14:20:19 : Side: Freedom: me too 24k hero
14:20:35 : Side: Staneles: me new so 0 hero and 0 bandit ahah
14:20:50 : Side: Sebastian: on my way to hero
14:20:50 : Side: Freedom: lol you will get there 
14:20:58 : Side: Sebastian: actually minus 900:D
14:21:17 : Side: Freedom: lol cant shoot survivors
14:22:35 : Side: Sebastian: freedom wanna team up and do some missions with me?
14:23:21 : Side: Freedom: sure give me a min on way back to base to gear up
14:23:30 : Side: Sebastian: ok
14:24:30 : Side: Freedom: do you have a mossie or parts for one
14:25:13 : Side: Sebastian: got parts
14:27:09 : Side: Freedom: you need anything ?
14:27:33 : Side: Sebastian: got all i need where shold we meet?
14:29:27 : Side: Freedom: both are mayor mansion and they suck for loot so wait for next bandit mission the go from there
14:29:41 : Side: Sebastian: ok
14:29:58 : Side: Freedom: if you want to do the heli crash if your close thats where i live in hero town
14:31:26 : Side: Freedom: whats up hailstorm
14:31:47 : Side: Hailstorm: hi, basebuilding is on the row again
14:31:57 : Side: Freedom: lol it never ends man
14:32:34 : Side: Sebastian: i think im gonna drive to stary and wait for a mission there
14:33:04 : Side: Freedom: ok ill meet with yeah you can pick what one you want to do and ill help yeah
14:33:18 : Side: Sebastian: ok
14:34:20 : Side: Sebastian: free dom what about the disabled mi17
14:34:44 : Side: Freedom: thats fine ill meet you there 
14:34:48 : Side: Sebastian: ok
14:35:00 : Side: Freedom: sending you a group invite now
14:38:19 : Side: Hailstorm: is there a way to become a static m2 with donation?
14:38:55 : Side: Freedom: did not see it on the web site donations get you nothing but there are starter packs you can buy
14:39:05 : Side: Hailstorm: :/
14:39:52 : Side: Hailstorm: cause an vehicle with 50. cal is a little bit to expensive to place it ontop of the tower
14:40:01 : Side: Hailstorm: to easy to destroy or steal
14:40:21 : Side: Freedom: yeah jesse has a tank on his lol
14:40:44 : Side: Hailstorm: yeah, saw it, but think thats to riski
14:41:16 : Side: Freedom: be afraid some one hot wire and turn it around on me
14:41:48 : Side: Freedom: that thing could destroy hero town lol
14:41:57 : Side: Hailstorm: yeah, probably a bandit which will use it against hero town or worst scenario agains ME
14:42:06 : Side: Freedom: lol
14:42:07 : Side: Hailstorm: XD
14:45:36 : Side: Hailstorm: ok, my ACT looks like a prison tower XD
14:46:05 : Side: Freedom: lol
14:51:18 : Side: [NG2] Jesse: yo
14:51:30 : Side: Freedom: what up buddy
14:51:52 : Side: [NG2] Jesse: good^^
14:52:34 : Side: [NG2] Jesse: invite me 2 group so i dont shoot you :P 
14:52:49 : Side: Freedom: copy that
14:58:47 : Side: Hailstorm: Jesse, which rocketlauncher can u buy at superhero?
14:59:00 : Side: Hailstorm: or sell
14:59:05 : Side: [NG2] Jesse: rpg 7
14:59:20 : Side: Hailstorm: only rpg7?
15:02:58 : Side: Laurence Gommersil: freedom inv me to group
15:14:20 : Side: Hailstorm: uk-59 is onehit XD
15:33:09 : Side: 2DIE4:  hail dont land  =)
15:33:26 : Side: Hailstorm: u in mozzie
15:33:30 : Side: Freedom: i am
15:33:33 : Side: Freedom: ass
15:33:35 : Side: Hailstorm: oh
15:33:36 : Side: Freedom: lol
15:33:44 : Side: Hailstorm: say something -.-
15:33:57 : Side: Freedom: you were bad shot was not worried lol
15:34:18 : Side: Hailstorm: yeah, have a turkish gunner XD
15:34:22 : Side: Freedom: hahaha
15:34:32 : Side: Zarag: moma, may i have cookie?
15:34:41 : Side: Hailstorm: :/
15:34:42 : Side: Zarag: no diabeto, roll back to kitchen
15:51:54 : Side: [NG2] Jesse: pris you are in lb!
15:52:02 : Side: Laurence Gommersil: ye
15:52:18 : Side: Laurence Gommersil: join our grou[?
15:56:01 : Side: Hailstorm: ouuuuu, a pavelow :)
15:56:29 : Side: Hailstorm: flying tank
15:56:35 : Side: PRISMIC: sup jesse
18:55:15 : Side: Winans: hi
18:55:22 : Side: Winans: longsleeves inv plz :)
18:55:34 : Side: Freedom: hello
18:55:47 : Side: Luca: hi
18:56:01 : Side: Winans: ty
18:57:25 : Side: Peasant: oops
18:57:52 : Side: Laurence Gommersil: PEASANT
18:57:55 : Side: Laurence Gommersil: wtf!
18:58:06 : Side: Peasant: sorry lol, was trying to scare not hit
18:58:15 : Side: Laurence Gommersil: dont loot it 
18:58:18 : Side: Peasant: I wont
18:58:34 : Side: Hailstorm: where was this f**king bot
18:58:43 : Side: Laurence Gommersil: Peasant
18:58:48 : Side: Peasant: I shot an ai before you cameback
18:58:50 : Side: Laurence Gommersil: you owe us a heli
18:59:06 : Side: Sir LongSleeves: you and ed have 60 briefs
18:59:11 : Side: Sir LongSleeves: just buy a new one
18:59:14 : Side: Peasant: you have 100x more money than I do. Im sure you can afforf a new one
18:59:26 : Side: Laurence Gommersil: sir longsleeves its not mine
18:59:29 : Side: Laurence Gommersil: its hails
18:59:36 : Side: Peasant: well they aint poor either
18:59:59 : Side: Sir LongSleeves: peasant, he and Prismic have 60 briefs in their safes
19:00:13 : Side: Sir LongSleeves: so they have nothing to whine about
19:00:15 : Side: Peasant: I dont doubt it
19:00:21 : Side: Peasant: I have about 3
19:00:37 : Side: Sir LongSleeves: i got just over 4
19:00:54 : Side: Peasant: only 4? I guess you been away a while though
19:00:58 : Side: Winans: its okay....
19:01:00 : Side: Winans: shit happens
19:01:01 : Side: Sir LongSleeves: yes i have xD
19:01:09 : Side: Laurence Gommersil: hail dont worry ill buy you the heli
19:01:23 : Side: Hailstorm: na
19:01:26 : Side: Peasant: I will send my good wishes:D
19:16:14 : Side: 2DIE4: think 3 BC  
19:28:30 : Side: Staneles: hi
19:29:08 : Side: Peasant: hey
19:46:23 : Side: Winans: 2die4...group real qucik?
19:46:53 : Side: Winans: come into my group buddy
20:16:23 : Side: 2DIE4: xd LOL
20:16:33 : Side: Laurence Gommersil: xD
20:16:36 : Side: Laurence Gommersil: glitch
20:16:43 : Side: Laurence Gommersil: i was trying to get hero
21:45:38 : Side: Staneles: hi  guys
21:45:56 : Side: Freedom: hello
21:49:21 : Side: Staneles: where can i get metal pol ?
21:49:38 : Side: Freedom: trader 
21:49:44 : Side: Staneles: only ?
21:50:07 : Side: Freedom: industrial sites
21:50:18 : Side: Staneles: okok thx for your help dude ;)
21:50:39 : Side: Freedom: two pieces of scrap metal will craft a pole
21:52:03 : Side: Staneles: okoko
22:00:42 : Side: Freedom: what do you need poles for
22:00:50 : Side: Staneles: for craft me a tent
22:01:10 : Side: Staneles: i am new so i try everything ^^
22:01:39 : Side: Freedom: ok well if you cant find let me know i have some
22:02:15 : Side: Staneles: ok thx dude :) i will try my ownm first ;)
22:02:31 : Side: Freedom: how i am too man
22:02:52 : Side: Staneles: are you a bandits ? :p
22:03:12 : Side: Freedom: nope 26K hero
22:03:25 : Side: Staneles: okok^^ i can trust you so 
22:03:37 : Side: Freedom: yes you can
22:03:46 : Side: Staneles: there is any bandits on this server ?
22:03:51 : Side: Freedom: yup
22:05:05 : Side: Staneles: i make my base on a place but i don't know if i am really hide ^^
22:05:49 : Side: Freedom: never hidden in dayz man
22:06:04 : Side: Staneles: okok ^^ i want belive ahah
22:40:28 : Side: [NG2] Jesse: 40k Humanity!!! :P 
22:40:37 : Side: Staneles: gg
22:54:40 : Side: Staneles: i see q yellow car. She is to someone ?
23:43:49 : Side: Turmoil: you home 2DIE4?
23:43:55 : Side: chrismech: suup guys
23:43:59 : Side: 2DIE4:  NOPE  09
23:44:07 : Side: chrismech: ai at nw i see lol
23:44:12 : Side: Turmoil: alrighty 
23:44:20 : Side: Turmoil: yes there are ai at NWAF
23:44:48 : Side: chrismech: no shit i jst got rekt lol
23:45:36 : Side: Turmoil: tho the stories say that there is something even more dangerous than ai at the NWAF
23:45:48 : Side: chrismech: ooo XD
23:46:23 : Side: Turmoil: some says its a hero gone bandit, others say its a ghost... but everyone calls him the same
23:46:26 : Side: Turmoil: 2DIE4
23:46:35 : Side: 2DIE4: xd
23:46:37 : Side: Freedom: lol
23:46:41 : Side: chrismech: i think its my mate ahaha
23:47:27 : Side: Turmoil: bombombom bombombadilla life, dududududududududu
23:49:06 : Side: [NG2] Jesse: bye bye
23:52:39 : Side: Almasty: do safes unlock /
23:52:54 : Side: Turmoil: after 7 days if no use yes
23:53:01 : Side: Almasty: ok ty 0000 ?
23:53:03 : Side: 2DIE4:  AFTER / DAYS THEY GO TO 0000
23:53:08 : Side: Turmoil: yep
23:53:12 : Side: Almasty: thanks
