00:01:13 : Side: MeDyK89: hey all XD
00:04:06 : Side: MeDyK89: wtf?xd
00:04:25 : Side: MeDyK89: Xd KILED ME AHHAHA
00:04:37 : Side: [UND] KingKong: guess they didnt want to be friends...?  :D
00:15:52 : Side: Smokervonsmokenstine: hello everyone 
00:16:00 : Side: willi: hello
00:16:06 : Side: Patrick: hi
00:16:09 : Side: [UND] KingKong: hello
00:16:16 : Side: Sprutmuskel: hello
00:16:26 : Side: Smokervonsmokenstine: Fernando did you ever play combat arms?
00:17:29 : Side: Fernando: hey, no
00:46:36 : Side: Patrick: is there night on this server?
00:46:41 : Side: Odlkanack: no
00:52:25 : Side: Fernando: who was the people driving the humbee?
00:59:59 : Side: MeDyK89: ktos pl?
01:55:29 : Side: MeDyK89: helo all xD
02:56:21 : Side: Marco: heya
02:56:28 : Side: MeDyK89: yo
02:56:37 : Side: MeDyK89: pl?XD
02:56:40 : Side: Marco: anything happening?
02:56:46 : Side: Marco: nl
02:57:04 : Side: MeDyK89: wer are you xD?
02:57:16 : Side: Marco: not saying :P
02:57:26 : Side: MeDyK89: xD
02:57:33 : Side: Marco: not anything to worry about.
02:57:44 : Side: MeDyK89: men you frendli?
02:57:45 : Side: Marco: i'm no threat.
02:57:49 : Side: Marco: ye
02:58:02 : Side: MeDyK89: me frendli no bandit!!
02:58:25 : Side: MeDyK89: have hero?
02:58:30 : Side: MeDyK89: or bandit?
02:58:52 : Side: Marco: neutral
02:59:14 : Side: MeDyK89: yes end no have humaniti ? 5000??
02:59:40 : Side: Marco: 500
03:00:13 : Side: Marco: yes, i shot someone, but I do not hunt people.
03:00:48 : Side: MeDyK89: me need sel suv gpk heh :( im no have humanity
03:01:39 : Side: Marco: ah, you can only sell that in the hero base?
03:02:01 : Side: MeDyK89: ? me  need sel suv XD
03:07:54 : Side: MeDyK89: :((( heh 3000 have humanity no 5000 xD no sel suv lol xD
03:08:14 : Side: Marco: need to kill more zombies ;p
03:08:23 : Side: MeDyK89: XDDD
03:08:27 : Side: MeDyK89: thx men
03:08:41 : Side: MeDyK89: hero = 5000?
03:28:14 : Side: MeDyK89: wtf you have problems 2 for dc?
04:55:51 : Side: 2DIE4:  lol what the fuxK happened to the rightclick option in the inventory? cant even built a  shitty bike now
04:56:08 : Side: MeDyK89: ?
04:56:11 : Side: MeDyK89: me poland
04:57:05 : Side: 2DIE4: nvm
05:25:24 : Side: MeDyK89: wer are you frends xD
05:26:10 : Side: 2DIE4: ????
05:26:33 : Side: MeDyK89: you frendli? end wer are you youu for mision?
05:26:48 : Side: 2DIE4: NW
05:26:57 : Side: MeDyK89: XD nwa?
05:27:08 : Side: 2DIE4:  around
05:35:54 : Side: 2DIE4:  AI is glitching  XD
05:36:11 : Side: MeDyK89: hahaha tyli?XD
05:36:43 : Side: 2DIE4:  ill tell the admin to ban them =)
05:36:50 : Side: MeDyK89: XDD
05:36:57 : Side: MeDyK89: :P
05:37:31 : Side: MeDyK89: ok bb gl for misions end gold xD bb me go sleep
05:37:43 : Side: 2DIE4:  bb g night
09:01:38 : Side: [HWB] Penetrator: moinsen
09:01:49 : Side: 2DIE4:  MOIN MOIN
09:22:27 : Side: [HWB] Penetrator: lol ?
09:22:48 : Side: 2DIE4: xd AHHHAA
09:22:56 : Side: [HWB] Penetrator: warst du das ?
09:23:00 : Side: 2DIE4: NÖ
09:23:04 : Side: [HWB] Penetrator: lol
09:23:43 : Side: [HWB] Penetrator: da hätt ich auch kein bock mehr haha
09:23:51 : Side: 2DIE4: XD
09:24:21 : Side: [HWB] Penetrator: voll wech geknüppelt 
09:24:29 : Side: 2DIE4: jop   
09:25:17 : Side: [HWB] Penetrator: der wird sich das ding selbst voll auf die nuss gekloppt ham ..
09:25:28 : Side: 2DIE4:  warst du das in tder barn mit dem MTVR vorhin?
09:25:40 : Side: [HWB] Penetrator: ja du im mozzie
09:25:45 : Side: 2DIE4:  yop
09:26:09 : Side: [HWB] Penetrator: bin aber auch mit mozzilla grad gekommen
09:26:18 : Side: 2DIE4:  ich wollte erst runter und böse sein aber bei 3 man 
09:26:51 : Side: [HWB] Penetrator: da war ich sicher schon nimmer da
09:27:23 : Side: [HWB] Penetrator: is ja net so als hätt ich net auch voll reinhalten könne
09:27:49 : Side: [HWB] Penetrator: lol ich trockne grad aus
09:28:23 : Side: [HWB] Penetrator: bots voll am campen
09:28:29 : Side: 2DIE4: =)
09:31:29 : Side: [HWB] Penetrator: warum wurdest dz gekickt ?
09:31:35 : Side: 2DIE4: ka 
11:44:32 : Side: EditedSnow: Is the admin on?
11:46:07 : Side: SierraDeltaZ [SD]: What is up Snow?
11:46:31 : Side: EditedSnow: Do you guys have like a site or any thing?
11:47:35 : Side: EditedSnow: and can someone tell me why i keep losing blood?
11:47:47 : Side: EditedSnow: even if i take anti biotics
11:47:58 : Side: Pimp.Star: bandage ?
11:48:10 : Side: SierraDeltaZ [SD]: the web address is at the top and you prob are infected
11:48:19 : Side: Headshot: mb cold?
11:48:33 : Side: Pimp.Star: or a genital herpes :P
11:48:38 : Side: EditedSnow: :P
11:55:50 : Side: EditedSnow: y do i always die just before restart -_-
11:56:04 : Side: SierraDeltaZ [SD]: sods law
11:56:14 : Side: EditedSnow: sods?
11:56:33 : Side: SierraDeltaZ [SD]: typical  :D
11:56:37 : Side: SierraDeltaZ [SD]: well not sods
11:56:41 : Side: SierraDeltaZ [SD]: but sods law
11:56:57 : Side: SierraDeltaZ [SD]: sod on its own is an insult :)
11:57:00 : Side: EditedSnow: lol wut
11:58:12 : Side: SierraDeltaZ [SD]: in other words if something can go wrong it will & at the worst possible time :D
11:58:20 : Side: EditedSnow: yep
11:58:40 : Side: EditedSnow: i can make it i think
11:58:47 : Side: EditedSnow: q click out
11:58:50 : Side: EditedSnow: 1*'
11:59:04 : Side: SierraDeltaZ [SD]: yeah plenty of time - just dont get shot again :P
11:59:23 : Side: EditedSnow: are you veiwing me?
11:59:30 : Side: EditedSnow: viewing*
11:59:33 : Side: SierraDeltaZ [SD]: no - you said you were 1 click out
11:59:48 : Side: EditedSnow: yea, but if i was walking i wouldn't
11:59:54 : Side: EditedSnow: im on a bike :D
12:00:00 : Side: SierraDeltaZ [SD]: you would - was still 5  mins to go
12:00:05 : Side: SierraDeltaZ [SD]: easily doable
12:00:14 : Side: EditedSnow: you think?
12:00:21 : Side: EditedSnow: yea you could be right tho
12:00:21 : Side: SierraDeltaZ [SD]: yar :)
12:00:31 : Side: EditedSnow: so you're the admin?
12:00:31 : Side: Pimp.Star: cya later
12:00:35 : Side: EditedSnow: cya
12:00:41 : Side: SierraDeltaZ [SD]: byee :)
12:00:43 : Side: SierraDeltaZ [SD]: yeah
12:03:13 : Side: EditedSnow: zombies are tuff on this sevre
12:03:16 : Side: EditedSnow: server*
12:03:36 : Side: SierraDeltaZ [SD]: ;)
12:03:49 : Side: EditedSnow: shii cant log out because im in combat
12:03:54 : Side: EditedSnow: im good JK
12:03:57 : Side: EditedSnow: cya guys
12:07:04 : Side: 2DIE4:  did u lower the vehicle span? 
12:07:19 : Side: 2DIE4:  seems there is not as many as usual ?!
12:07:26 : Side: 2DIE4: *spawn
12:07:32 : Side: SierraDeltaZ [SD]: no - but if there are more locked ones about less spawn
12:07:39 : Side: 2DIE4:  ok 
12:08:00 : Side: SierraDeltaZ [SD]: i'll go see if there are any i can clear at the vehicle pound
12:08:36 : Side: 2DIE4:  i usually do it  by blowing them up if they r njot worth takin
12:09:12 : Side: SierraDeltaZ [SD]: yeah :)
12:09:18 : Side: 2DIE4: XD
12:19:30 : Side: 2DIE4:  r u gonna make the USAC  salable?
12:21:08 : Side: SierraDeltaZ [SD]: yeah - thought it was already
12:21:20 : Side: 2DIE4:  i wasnt avle to yet
12:21:34 : Side: SierraDeltaZ [SD]: no - we can see - fixing :)
12:21:43 : Side: 2DIE4:  aight
12:27:25 : Side: 2DIE4: u goin 4  a mission?
12:27:55 : Side: SierraDeltaZ [SD]: Nah - I'm not playing right now :)
12:27:57 : Side: 2DIE4:  just askin   cuz w 2 ppl we dont neccerarily need to shoot each other
12:28:33 : Side: SierraDeltaZ [SD]: yeah :) - I'm a hero anyway 
12:28:51 : Side: 2DIE4:  ud get some good points  on  me  Xd
12:28:58 : Side: SierraDeltaZ [SD]: wouldn't very well do to have the admins going around shooting everyone! ;)
12:29:11 : Side: SierraDeltaZ [SD]: lol :D
12:29:49 : Side: 2DIE4:  question is bases destructable?
12:29:56 : Side: SierraDeltaZ [SD]: yeah they are
12:30:05 : Side: 2DIE4:  damn
12:30:25 : Side: SierraDeltaZ [SD]: cinder is pretty hard to get through though
12:30:29 : Side: 2DIE4:  vehicles  parked inside the plot also i guess
12:30:39 : Side: SierraDeltaZ [SD]: yeah
12:30:50 : Side: 2DIE4:  so better have a  good garage  Xd
12:30:57 : Side: SierraDeltaZ [SD]: :D yep!
12:45:07 : Side: 2DIE4: r u around? 
12:45:16 : Side: 2DIE4:  thought i had my killcount right
12:45:37 : Side: SierraDeltaZ [SD]: hi yep
12:46:03 : Side: 2DIE4:  u just watchin or on a kill mission? XD
12:46:24 : Side: SierraDeltaZ [SD]: no I'm not doing anything atm
12:46:45 : Side: 2DIE4:  but u r somewhere clso to me?
12:46:51 : Side: 2DIE4: close?
12:47:24 : Side: 2DIE4:  just need to know cuz otherwise there is one more AI somewhere
12:47:40 : Side: SierraDeltaZ [SD]: I don't think so - I'm at Stary
12:47:48 : Side: SierraDeltaZ [SD]: or near Stary anyway
12:47:49 : Side: 2DIE4:  ok then i need to scout
12:48:10 : Side: SierraDeltaZ [SD]: sometimes the ai run off quite away from their original locations
12:50:16 : Side: 2DIE4:  fouind him
12:50:26 : Side: SierraDeltaZ [SD]: oh good :D gg
12:54:58 : Side: 2DIE4: ffs
12:55:26 : Side: SierraDeltaZ [SD]: crashed?
12:55:55 : Side: 2DIE4:  hate when the 22 goes into flight mode with just lil speed when  u dont use autohover
12:56:11 : Side: SierraDeltaZ [SD]: xD i always use auto hover lol
13:03:46 : Side: SierraDeltaZ [SD]: afk for a bit
13:04:05 : Side: 2DIE4: kk
13:05:34 : Side: willi: hello guys
13:05:46 : Side: 2DIE4: sup
13:38:27 : Side: SierraDeltaZ [SD]: logging 4 a bit - anyone need anything urgent before i go?
13:38:36 : Side: 2DIE4: naaa
13:38:52 : Side: willi: nope
13:38:59 : Side: SierraDeltaZ [SD]: rightyo - catch you later then gg
13:50:08 : Side: 2DIE4: looks like somebody got his MI lit up by  a DShKm?!  =)
13:50:54 : Side: Teren: whos that??
13:51:06 : Side: 2DIE4:  dunno there is one burning here  =)
13:51:50 : Side: Teren: must be ai 
13:52:17 : Side: 2DIE4:  the DShKM?  yap i spotted them  
13:52:24 : Side: 2DIE4:  the MI  dunno  =)
13:53:14 : Side: Teren: you doing the ai missions then?
13:53:26 : Side: 2DIE4: nope
13:54:10 : Side: Teren: why not theres three people on its a gold mine!
13:54:34 : Side: 2DIE4:  want me come over n shoot u?
13:54:42 : Side: 2DIE4: XD
13:54:48 : Side: Teren: bit hostile 
13:55:09 : Side: Blackfyre: pls we r nice xD
13:55:15 : Side: 2DIE4:    =)  
15:10:12 : Side: EditedSnow: Are you the real Legend27?
15:10:23 : Side: EditedSnow: the first game of war player?
15:10:27 : Side: EditedSnow: born from fire?
15:10:28 : Side: TheLegend27: i throw boulders thurther than a catapult
15:10:33 : Side: EditedSnow: :0
15:10:35 : Side: ziba: omg
15:10:39 : Side: EditedSnow: omfg
15:10:45 : Side: EditedSnow: this is unreal
15:10:46 : Side: ziba: jizz
15:11:06 : Side: EditedSnow: do zombies run away from you?
15:11:32 : Side: TheLegend27: *Looks at zombie bodies around him* Urm... no.
15:11:52 : Side: EditedSnow: but you can defeat a whole army with a single blow right?
15:11:58 : Side: TheLegend27: hell yeh
15:12:14 : Side: TheLegend27: I can take out an AI mission with only my thumb
15:12:21 : Side: EditedSnow: omg
15:12:58 : Side: EditedSnow: btw is it possible to heal yourself at the docter in trader city stary?
15:13:29 : Side: BaffledBambi: yes,you buy med supplies from him
15:14:18 : Side: EditedSnow: ah oke, in the earlier days of epoch you could just click this button and you were healed for like 5 gold. but you need to buy seperate meds
15:36:45 : Side: TheLegend27: who stole the usec?w
15:36:59 : Side: 2DIE4: cant steal whats not yours
15:37:22 : Side: TheLegend27: what you just said
15:37:29 : Side: TheLegend27: is the definition of stealing xD
15:37:42 : Side: 2DIE4:  whatever its mine now
15:37:51 : Side: TheLegend27: enjoy :)
15:37:58 : Side: 2DIE4: lways
15:40:20 : Side: EditedSnow: are there always AI on these military bases?
15:40:26 : Side: 2DIE4: yap
15:40:44 : Side: EditedSnow: how many>?
15:40:52 : Side: 2DIE4: 3-6  or so
15:50:29 : Side: EditedSnow: well conclusion there isn't always AI at military bases
15:50:54 : Side: 2DIE4: ul see  XD
15:51:25 : Side: EditedSnow: well i won't because i scanned the whole base, and there aren't any of them
15:51:43 : Side: 2DIE4:  get em tiger
15:51:54 : Side: EditedSnow: well i cant because they are not there :P
16:10:34 : Side: ziba: PATRICK there i only room for one of us 
16:10:46 : Side: ziba: i will find you and i will kill you
16:11:08 : Side: Patrick: channel acceptet
16:11:08 : Side: MeDyK89: yo all
16:11:09 : Side: ziba: always keep an eye open 
16:11:18 : Side: ziba: you never know when im there 
16:11:19 : Side: Marco: *LIAM NEESSON INENSIFIES*
16:11:24 : Side: ziba: but im there 
16:11:30 : Side: ziba: dont worry im there
16:25:21 : Side: EditedSnow: y cant i sell my mk48 at a normal trader?
16:25:27 : Side: EditedSnow: same goes with the SVD camo
16:25:32 : Side: 2DIE4:  u can
16:25:37 : Side: EditedSnow: well i cant
16:25:41 : Side: 2DIE4:  dismantle the scope
16:25:49 : Side: EditedSnow: thnks
16:25:50 : Side: 2DIE4:  or the camp netting
16:25:58 : Side: 2DIE4: camo
16:26:24 : Side: EditedSnow: thnks guys
16:26:31 : Side: 2DIE4: np
16:29:55 : Side: EditedSnow: cya guys
16:30:06 : Side: Pimp.Star: cya
16:30:06 : Side: 2DIE4: bb
16:30:08 : Side: Headshot: cyq
18:57:10 : Side: Marco: back the fuck off bro
18:57:42 : Side: [GOC] hairy: hu 
18:59:25 : Side: [GOC] hairy: dose anyone want to team up 
18:59:43 : Side: [GOC] hairy: aint played in about a year
19:07:27 : Side: Marco: hey dmr piece of trash, why don't you back off before you get hurt
19:07:45 : Side: [GOC] hairy: on bike
19:13:59 : Side: Marco: smart move to back off
19:25:02 : Side: ziba: dmr guy so bad cant even kill from suprise 
19:25:33 : Side: ziba: mucho potatoe 
20:04:19 : Side: wielePa: this game lol xD
20:04:38 : Side: wielePa: spawning in krasnostaw, got spawned right in the middle of the NEAF field
20:04:46 : Side: wielePa: right in front of a dude on top of a fire station
20:04:54 : Side: wielePa: lived for no more than 10 seconds :D
20:05:15 : Side: ziba: then dont aim for my face 
20:05:23 : Side: wielePa: was that you? :P
20:05:26 : Side: ziba: yup
20:05:36 : Side: wielePa: sure thing i was gonna defenitely kill you with a makarov from like 100m xD
20:05:44 : Side: ziba: you aimed for me 
20:05:45 : Side: wielePa: i saluted myself to honor my death
20:05:49 : Side: ziba: so you tried 
20:05:54 : Side: wielePa: well i looked at you and said to myslef
20:05:56 : Side: wielePa: f#ck me
20:06:04 : Side: ziba: ^^ 
20:06:05 : Side: wielePa: i knew i was dead no matter what i did
20:06:11 : Side: Marco: what a wonderful world?
20:06:12 : Side: wielePa: so i saluted and kissed my arse goodbye
20:06:13 : Side: ziba: better luck next time 
20:06:13 : Side: Marco: oh
20:33:37 : Side: Marco: leave now, or this will end bad for you
20:33:44 : Side: wielePa: wut?
20:34:05 : Side: Marco: there's a guy trying to fuck us over.
20:34:24 : Side: wielePa: k none of my business
20:34:43 : Side: ziba: its you ? 
20:34:58 : Side: Marco: no
20:35:52 : Side: wielePa: off topic questions since im new here, is stealing in traders prohibited on this server?
20:36:07 : Side: TheLegend27: Yes.
20:36:07 : Side: Ola: no. it says rules on map
20:36:10 : Side: TheLegend27: oh
20:36:15 : Side: wielePa: k just making sure
20:36:19 : Side: TheLegend27: well shows what i know xD
20:58:09 : Side: TheLegend27: hans ur not doing too well r ye?
21:35:33 : Side: Marco: yoo
21:35:39 : Side: Marco: dont shoot
21:35:53 : Side: TheLegend27: y tho
21:35:56 : Side: TheLegend27: u stealin
21:36:06 : Side: Marco: no
21:36:10 : Side: Marco: we just died here
21:36:15 : Side: Marco: came to retrieve
21:36:54 : Side: Marco: dude
21:37:09 : Side: TheLegend27: u took the heli
21:37:12 : Side: TheLegend27: i wanted it
21:37:20 : Side: Marco: no i fucken didnt
21:44:16 : Side: Marco: ola you motherfucker
21:44:16 : Side: ziba: RIP OLA 
21:44:27 : Side: Marco: i knew it
21:44:29 : Side: ziba: IM COMMING FOR YOU F8
21:45:02 : Side: Marco: you know your base is awesome when fagits try to rip it.
21:45:24 : Side: TheLegend27: faggot*
22:26:33 : Side: willi: i will finbe u frenado
22:26:48 : Side: Fernando: u have the truck in the same place, sorry mate
22:27:26 : Side: Fernando: we dont take anything of your inventory mate, sorry again
22:27:26 : Side: Sprutmuskel: thx
22:27:37 : Side: Fernando: sorry really
22:36:15 : Side: Fernando: did u take the truck?
22:36:23 : Side: Sprutmuskel: no
22:36:25 : Side: Sprutmuskel: not yet
22:36:36 : Side: Fernando: accept the invitation and we help u
22:36:47 : Side: Sprutmuskel: inv again
22:36:58 : Side: Sprutmuskel: ay
22:37:22 : Side: Fernando: omw
