10:25:07 : Side: agss: hello, you are friendly?
10:25:15 : Side: Bunraku San: i am
10:25:22 : Side: Bunraku San: morning
10:25:23 : Side: agss: i am too :)
11:22:39 : Side: agss: what mission you do now?
11:55:06 : Side: Bunraku San: hey
11:55:15 : Side: agss: hello friend :)
11:55:31 : Side: Bunraku San: you just land near me in a mozzie
11:55:39 : Side: agss: yes :)
11:56:02 : Side: Bunraku San: suup
11:56:06 : Side: agss: how are you?
11:56:16 : Side: Bunraku San: im good, just looking for gems
11:56:33 : Side: Bunraku San: just had 1 ore vein, no gem though
11:56:37 : Side: agss: there is gold
11:57:08 : Side: Bunraku San: i like gtems
11:57:46 : Side: agss: you need samething>
11:57:51 : Side: agss: ?
11:57:55 : Side: Bunraku San: nah im cool man
11:58:11 : Side: agss: see you later
11:58:14 : Side: Bunraku San: thanks though
12:02:21 : Side: agss: when you need samething everytime you told me :)
13:59:36 : Side: agss: cze Grego, co tam?
15:25:05 : Side: agss: hello
15:26:04 : Side: Paul: hello
15:26:14 : Side: agss: you are friendly?
15:27:02 : Side: Paul: sure if you want to be
15:27:37 : Side: agss: yes, frien
15:27:58 : Side: Paul: ok then
15:56:58 : Side: agss: F5 zupran dawaj do grupy
17:16:45 : Side: 2DIE4: wow   must have been al couraged cowboy that either blew up my chopper or  stole it   =)
17:16:58 : Side: 2DIE4:  enjoy the few BCs ... hahahaha
17:17:23 : Side: 2DIE4:  no balls ppl here
17:28:35 : Side: agss: hello my friend 2DIE4, how are you? :_
17:28:49 : Side: 2DIE4: fine .. how was the chopper? =)
17:29:11 : Side: agss: that time is not I :)
17:29:33 : Side: 2DIE4:  well someone was really brave and either took it or blew it up 
17:29:39 : Side: agss: i see player name lenin,,,he flaying
17:30:07 : Side: agss: fly and destroy vehicles in base
17:30:20 : Side: 2DIE4:  well a  girl then ?!
17:30:31 : Side: Qwarl: hahahahah
17:30:37 : Side: agss: :) 
17:31:16 : Side: 2DIE4:  only pussies attack a base when the owner is not online
17:31:45 : Side: agss: i now, this is no sport :)
17:31:53 : Side: agss: no fair
20:00:07 : Side: 2DIE4:  hey lenin  =) 
20:00:22 : Side: Lenin: qq
20:00:46 : Side: 2DIE4:  u the girl without balls that attacks bases when ppl r offlin=?
20:00:51 : Side: 2DIE4: *offline?
20:00:57 : Side: Lenin: no
20:01:13 : Side: 2DIE4: hmmm u sure u didnt steal my chopper?
20:02:00 : Side: 2DIE4:  cuz if u did and u have a base u better pray that i dont find it
20:02:18 : Side: 2DIE4: it will be gone within one server restart!
20:02:23 : Side: Lenin: i not play day
20:03:03 : Side: 2DIE4:  but u fly from base to base blowing shit up right? 
20:03:32 : Side: Lenin: i dont undestend
20:03:39 : Side: Lenin: you
20:03:59 : Side: 2DIE4:  a chopper doesnt mean shit to me   just the fact that some whimps without balls or courage act like cowards attacking when pplp r not onin . 
20:04:21 : Side: 2DIE4: have u stolen or blown up a a CH53 lately?
20:05:16 : Side: 2DIE4:  lol and now any of u even blew up my SUV while i  was offline  hahahahah
20:05:23 : Side: 2DIE4:  i act like fucking pussies 
20:07:04 : Side: 2DIE4:  but i even rather think it was agss
20:13:09 : Side: 2DIE4: i mean .. u guys dont even have the balls to to say  ok hey i did it
20:13:52 : Side: agss: what?
20:14:05 : Side: 2DIE4:  breaking into bases while ppl r offline
20:14:21 : Side: agss: i now, you tell me
21:49:36 : Side: Qwarl: ЕФЬФПЩ
21:49:54 : Side: Qwarl: tamago
21:50:03 : Side: Qwarl: :(
21:50:36 : Side: Tamago: happens ;/
21:51:01 : Side: Qwarl: you atack base?
21:51:04 : Side: Qwarl: me
21:51:08 : Side: Qwarl: bese
21:51:09 : Side: Tamago: no.
21:51:14 : Side: Tamago: i dont attack base
21:51:14 : Side: Qwarl: ok
21:51:16 : Side: Tamago: just drive
21:51:28 : Side: Greg: i will
21:51:35 : Side: Qwarl: pidor
21:51:43 : Side: Tamago: ?
21:51:48 : Side: Qwarl: :)
21:51:53 : Side: Tamago: what is pidor
21:52:01 : Side: Qwarl: russha speak)))
21:52:20 : Side: Tamago: well idk putin sucks anyways
21:52:34 : Side: Tamago: =p
21:52:36 : Side: Qwarl: idk?
21:52:41 : Side: Tamago: i dont know
21:53:11 : Side: Qwarl: putin gay
21:53:15 : Side: Tamago: yes
21:53:22 : Side: Qwarl: ))
21:53:50 : Side: Qwarl: putin kiss my pissos
21:53:58 : Side: Tamago: whatever you say
21:55:28 : Side: Qwarl: how buy LUV?
21:55:46 : Side: Tamago: secret
21:55:54 : Side: Qwarl: :(
21:56:28 : Side: Qwarl: you how Humanity?
21:56:49 : Side: Tamago: hero lvl
21:56:59 : Side: Qwarl: yes
21:57:54 : Side: Qwarl: how lvl hero??d
21:57:58 : Side: Tamago: 5
21:58:03 : Side: Qwarl: rel>
21:58:11 : Side: Qwarl: real?
21:58:18 : Side: Tamago: maybe
21:58:39 : Side: Qwarl:  -_-
22:02:00 : Side: Qwarl: suka blad'
22:02:16 : Side: Tamago: ai?
22:02:36 : Side: Tamago: ai form mission still alive
22:02:43 : Side: Qwarl: im drink vodka
22:02:46 : Side: Tamago: lol
22:02:48 : Side: Tamago: enjoy
22:02:49 : Side: Qwarl: you pizdez
22:03:21 : Side: Qwarl: vodka putin balalaika
22:03:57 : Side: Qwarl: tamago you how old?
22:04:02 : Side: Tamago: 28
22:04:06 : Side: Qwarl: lol
22:04:17 : Side: Qwarl: AHAHAHAHHA
22:04:38 : Side: Qwarl: wathafuckmotherfucka
22:04:49 : Side: Tamago: u ok
22:04:55 : Side: Tamago: ?
22:05:05 : Side: Greg: not really smart arent you, Qwarl? ;)
22:05:05 : Side: Qwarl: you job?
22:05:28 : Side: Tamago: I iwll send you my CV
22:05:55 : Side: Qwarl: 28
22:05:58 : Side: Qwarl: omg
22:06:03 : Side: Tamago: you?
22:06:08 : Side: Greg: yeah we know you are 12
22:06:12 : Side: Qwarl: 20)))))
22:06:42 : Side: Qwarl: no kill mi
22:06:53 : Side: Tamago: we left
22:07:02 : Side: Greg: ok, g get your body 
22:07:53 : Side: Qwarl: i will talk
