02:05:21 : Group: Anton: its still here yay
02:05:38 : Group: Anton: are we gonna leave it here?
02:06:08 : Group: Adam: if you want, but we need to get a base up now,
02:07:59 : Group: Anton: it froze on me
02:12:01 : Side: Ryan: U GUYS HERO OR NAH
02:12:10 : Side: Adam: yep
02:12:19 : Side: Anton: Hero
02:14:42 : Group: Adam: you got the plot pole?
02:14:53 : Group: Anton: its at base?
02:15:02 : Group: Anton: i closed it up
02:15:08 : Group: Adam: wait you already made a base?
02:15:17 : Group: Anton: no just a thing
02:15:21 : Group: Adam: k
02:17:30 : Group: Anton: its gone!!
02:17:43 : Group: Anton: i put it out of reach
02:18:06 : Group: Adam: you can shoot then till they break...
02:18:29 : Group: Anton: i can remove the stuff
02:18:35 : Group: Anton: oh yeah damn
02:19:04 : Group: Adam: so lets go do a mission and get more gear to sell
02:19:12 : Group: Anton: okay sorry man
02:19:26 : Group: Adam: its fine, now we getta shoot ai more lol
02:19:31 : Group: Anton: lol
02:20:19 : Group: Anton: ready?
02:20:28 : Group: Adam: yeah
02:20:43 : Group: Anton: where to?
02:21:02 : Group: Adam: wanna do the abandoned trader mission?, its heros we're be killing but it will have good loot
02:26:55 : Group: Anton: look here
02:27:21 : Group: Anton: other mission behind
02:27:27 : Group: Anton: maybe leftovers
02:27:28 : Group: Adam: i see
02:27:37 : Group: Adam: lets go see first
02:28:59 : Group: Adam: yay for dmrs lol
02:29:10 : Group: Adam: theres a car up there aswell
02:29:22 : Group: Anton: lol score
02:29:36 : Group: Adam: nothing
02:29:43 : Group: Adam: it works
02:29:54 : Group: Anton: what luck
02:30:09 : Group: Anton: but its ugly af
02:30:20 : Group: Anton: drop me a block away lol
02:30:50 : Group: Adam: do we have any dmr mags?
02:31:04 : Group: Anton: come here
02:31:35 : Group: Anton: only have 4
02:31:40 : Group: Anton: got it?
02:31:51 : Group: Adam: thats 80 rounds, so wanna do 50/50?
02:32:13 : Group: Anton: yeah i gave it to you no?
02:32:14 : Group: Adam: no mags in my backpack
02:32:19 : Group: Anton: here
02:33:17 : Group: Anton: ready?
02:33:20 : Group: Adam: yeah
02:35:28 : Group: Adam: i got shot like 3 times
02:36:09 : Group: Anton: im screwd lol
02:36:33 : Group: Anton: im way to close
02:36:51 : Group: Adam: i'll help anyway i can
02:41:24 : Side: Ryan: WHAT MISSION YOU 2 AT
02:41:42 : Side: Anton: Trader
02:44:06 : Group: Adam: im 2600m away
02:44:19 : Group: Anton: im 800
03:01:48 : Group: Anton: so we gonna bail this one?
03:02:07 : Group: Adam: we may want to cus if we die again all the gear is gone
03:02:25 : Group: Anton: yup so lets go hide the truck
03:02:43 : Group: Anton: and i need to leave
03:06:03 : Group: Anton: nice base spot
03:06:11 : Group: Adam: yeah
03:06:22 : Group: Anton: log?
09:15:01 : Side: stux: hey dude, need help?
09:15:09 : Side: Tamago: nah im fine thanks
09:15:20 : Side: Tamago: why?
09:15:22 : Side: stux: k hf btw r u friendly?
09:15:28 : Side: Tamago: yes
09:15:52 : Side: stux: ok good luck bro
09:15:57 : Side: Tamago: you too mate
09:16:17 : Side: stux: ty
09:54:36 : Side: stux: hey^^
09:55:11 : Side: stux: what cant hear u clear^^
09:55:17 : Direct: Tamago: oh ok
09:55:24 : Direct: Tamago: were you looting nwaf just now?
09:55:28 : Direct: Tamago: like minutes ago
09:55:35 : Direct: stux: done^^
09:55:48 : Direct: stux: yeah
09:56:06 : Direct: Tamago: ok
09:56:18 : Direct: Tamago: i was thinking that i am being followed by someone xD
09:56:28 : Direct: stux: nah
09:56:31 : Direct: Tamago: but it turns out i was following you lol
09:56:44 : Direct: stux: i just do my thing
09:56:59 : Direct: Tamago: k well im going off so see yah around ^^
09:57:08 : Direct: stux: see ya
10:59:50 : Side: stux: biste friendly?
11:00:59 : Side: Kakaobohne: hi
11:01:04 : Side: stux: hi
11:01:40 : Side: Kakaobohne: i am looking for new server. this is a pve server? right?
11:01:53 : Side: stux: it looks like
11:01:58 : Side: stux: dont saw any pvp
11:02:36 : Side: Kakaobohne: after patch 1.0.6.1 i cannot play on my old server and a lot of ohter server too
11:03:03 : Side: stux: not cool
11:52:55 : Side: stux: friendly?
11:53:42 : Side: stux: hf with looting nwa^^
12:05:49 : Group: Greg: nie mam mic w pracy ;p
12:06:00 : Group: Greg: nice ;p
12:06:19 : Group: Greg: w miare
12:06:22 : Group: Greg: ;p
12:06:37 : Group: Greg: hahah
12:07:04 : Group: Greg: lol
12:07:20 : Group: Greg: możemy jechać na zakupy do trade po bloczki
12:07:37 : Group: Greg: wezme kase
12:08:40 : Group: Greg: upchniemy sto bloczków?
12:09:11 : Group: Greg: to bire 1k
12:09:59 : Side: GuanYu: hello guys
12:10:09 : Side: stux: hey
12:10:10 : Side: Greg: hi
12:10:24 : Group: Greg: nie słyszę ;p
12:10:28 : Side: Qwarl: SALAM
12:10:29 : Side: GuanYu:  i am looking for a new pve server. 
12:10:54 : Side: GuanYu: or is it pvp server?
12:10:55 : Group: Greg: źle trafił lekko ;p
12:11:04 : Side: Tamago: pvp
12:11:30 : Side: GuanYu: ok. thx
12:11:49 : Side: GuanYu: bye
12:11:58 : Group: Greg: co sphinx?
12:15:09 : Group: Greg: ktoś strzelał
12:15:15 : Group: Greg: sekunde przed tym jak wróciłeś
12:15:27 : Group: Greg: ta, po drodze
12:16:05 : Group: Greg: oki
12:16:48 : Group: Greg: to ta złodziejska menda ;p
12:16:52 : Direct: Qwarl: ?
12:17:00 : Direct: Tamago: ?
12:17:13 : Group: Greg: 50 miejsc jest?
12:17:52 : Group: Greg: nie widać ;p
12:18:13 : Group: Greg: to pełny 
12:18:40 : Group: Greg: 800
12:18:48 : Group: Greg: mamy mortary?
12:19:27 : Group: Greg: hahah
12:20:08 : Group: Greg: wziąłęm jeszcze 35
12:20:38 : Group: Greg: misja jest obok nas
12:21:04 : Group: Tamago: nie z tym kolesiem ;/
12:27:20 : Group: Greg: rotfl
12:27:25 : Group: Greg: gdzie ty jesteś? :D
12:28:38 : Group: Greg: wywaliło cię?
12:36:49 : Group: Greg: jeden został
12:43:15 : Group: Greg: tak
12:43:39 : Group: Greg: nie słyszę ;p
12:43:55 : Group: Tamago: prawie zdechlem
12:44:09 : Group: Tamago: shpinx poszet
12:44:17 : Group: Tamago: znudzilo mu sie granie solo xD
12:44:23 : Group: Greg: lol
12:44:39 : Group: Greg: był bc i ammo
12:45:16 : Group: Greg: 6 dsk 4 m134v i 7 m2
12:45:26 : Group: Greg: noo :D
12:45:52 : Group: Greg: otwórz sejf
12:49:33 : Group: Greg: mam pięc murów
12:50:26 : Group: Greg: sześć ;p
12:51:11 : Group: Greg: drzwi może wstawimy
12:51:27 : Group: Greg: jedne i drugie
12:53:22 : Group: Greg: wygląda nieźle chyba
12:53:57 : Group: Greg: heheh
12:54:19 : Group: Greg: tak?
12:54:51 : Group: Greg: inaczej nie da rady raczej
12:54:56 : Side: Qwarl: admin
12:55:16 : Group: Greg: no i git :)
12:55:54 : Group: Greg: mamy sześć ścian
12:56:10 : Group: Greg: chyba że tyczymy za szopą
12:56:23 : Group: Greg: wytyczamy ;p
12:56:32 : Group: Greg: po drugiej stronie 
12:56:36 : Group: Greg: drugą część
12:56:45 : Group: Greg: spoko :)
12:57:07 : Group: Greg: hahah
12:57:25 : Group: Greg: mtvr nie wdzie
12:57:38 : Group: Greg: każdy poza mtvr
12:57:45 : Group: Greg: tak
12:58:11 : Group: Greg: bo drzwiami ruszłąeś ;p
12:58:32 : Group: Greg: tak ;p 
12:58:40 : Group: Greg: no wiem
12:59:02 : Group: Greg: no tam myślałem
12:59:09 : Group: Greg: żeby tylko lookout zrobić
12:59:32 : Group: Greg: od tyłu wstawię
12:59:38 : Group: Greg: no jeszcze 43 chyba ;p
12:59:53 : Group: Greg: tylko mortarów nie ma
13:00:02 : Group: Greg: no ba :D
13:00:28 : Group: Greg: noo hahh
13:00:57 : Group: Greg: lol
13:02:10 : Group: Greg: oki ;p
13:02:30 : Group: Greg: hahahahhahah
13:02:54 : Group: Greg: koniec ścian ;p
13:03:14 : Group: Greg: 11
13:03:48 : Group: Greg: podłogi byśmy robili właśnie
13:04:24 : Group: Greg: 5 w jedną
13:04:40 : Group: Greg: i 5 albo 6 w drugą
13:04:46 : Group: Greg: czyli ze 30 potrzeba
13:05:09 : Group: Greg: jasne
13:05:38 : Group: Greg: 10 bc biorę ;p
13:05:55 : Group: Greg: e, po restarcie już chyba
13:06:23 : Group: Greg: taak :)
13:07:01 : Group: Greg: noo
13:07:31 : Group: Greg: no szybka
13:07:33 : Group: Greg: saiga?
13:08:22 : Group: Greg: dobra idę zapalić i po restarcie będę
13:08:36 : Group: Greg: no naraaaa ;p
13:22:00 : Group: Greg: yep
13:28:41 : Group: Greg: 20 moratrów wziąłem, bloczki do oporu jeszcze?
13:28:56 : Group: Tamago: mozesz
13:29:08 : Group: Greg: czy metal paneli trochę?
13:29:29 : Group: Tamago: paneli mam 50+ ale w sumie mozna by bylo dach skoinczyc
13:29:52 : Group: Greg: to wezmę jeszcze 16
13:29:57 : Group: Tamago: kkk
13:31:39 : Group: Tamago: najs
13:31:50 : Group: Tamago: ty rob sciany ja zaczne robic podlogi
13:31:57 : Group: Greg: k
13:32:10 : Group: Tamago: lol
13:32:12 : Group: Greg: ups ;p
13:32:59 : Group: Tamago: zw wc
13:34:54 : Group: Tamago: jestem
13:35:54 : Group: Tamago: trzeba jakies smiglo kupic z duza iloscia miejsc
13:36:06 : Group: Greg: można by
13:36:08 : Group: Tamago: heuy odpada bo tylko 25-50
13:36:17 : Group: Tamago: a black hawka nie chce
13:36:24 : Group: Greg: hahahw
13:36:31 : Group: Tamago: mam ich troche dosc =p
13:37:24 : Group: Tamago: nie da rady
13:37:27 : Group: Tamago: ?
13:37:36 : Group: Greg: dzi ;p
13:38:19 : Group: Tamago: lol
13:38:21 : Group: Tamago: ale g
13:38:52 : Group: Tamago: ale to ma kulek xD
13:40:44 : Group: Greg: mam
13:45:27 : Group: Greg: 13 ścian
13:45:33 : Group: Tamago: 10 podlog
13:45:44 : Group: Tamago: i jade dalje xD
13:45:47 : Group: Tamago: dalej*
13:45:57 : Group: Greg: ja już wyrobiłem wszystko ;p
13:46:01 : Group: Tamago: ja prawie
13:46:37 : Group: Tamago: bedzie 20 podlog + moze 2
13:46:51 : Group: Tamago: bo mam w sejfie kilka jeszcze
13:47:36 : Group: Tamago: 19 total jednak xD
13:47:49 : Group: Tamago: zrobic schody?
13:47:54 : Group: Greg: jasne
13:49:51 : Group: Tamago: ok jest ktos w okolicy 1500 metrow z nami
13:49:53 : Group: Tamago: wchodz
13:50:12 : Group: Tamago: jest poza 100 metrow
13:50:16 : Group: Tamago: poza 1000*
13:50:33 : Group: Tamago: hmm
13:51:15 : Group: Greg: a nie wejście wyżej tutaj? ;p
13:52:06 : Group: Greg: a może wejście przez wieżę na lądowisko?
13:52:27 : Group: Greg: tu drzwi dać, i po drugiej stronie wieża
13:52:59 : Group: Greg: no kumam
13:53:04 : Group: Greg: papą :D
13:53:35 : Group: Greg: taaa
13:54:44 : Group: Greg: pojechał
13:55:09 : Group: Greg: bandit trader ;p
13:55:32 : Group: Greg: heheh
13:56:01 : Group: Greg: myślę że tak
13:56:10 : Group: Greg: tylko drzwi zrobię
13:56:23 : Group: Greg: a chuj, mortaró nie ma :D
13:56:46 : Group: Greg: spoks
13:58:42 : Group: Greg: ściną dorobimy jak coś
13:58:48 : Group: Greg: podłogi niech będą równe
13:58:54 : Group: Greg: tak
13:59:07 : Group: Greg: jak będzie dziura to ścianę damy
13:59:52 : Group: Greg: nie wiem czy się rozumiemy ;p ja mówię o przerwie między podłogą a ścianą
14:00:04 : Group: Greg: w pionie
14:00:07 : Group: Greg: aaaa
14:00:25 : Group: Greg: to jeszcze podłogę trzeba dać i dorównać, ale to na koniec chyba
14:00:34 : Group: Greg: ja myślałem w pionie, ty w poziomie
14:01:11 : Group: Greg: tą przerwę na końcu wypełnimy może, zobaczymy jak poziomy
14:01:37 : Group: Greg: może zostaw na razie dziurę, przemyślimy
14:02:18 : Group: Greg: jedna walizka została ;p
14:09:21 : Group: Tamago: brakuje nam 9 podlog by wypełnic wszystkie dziury
14:09:30 : Group: Tamago: a tak to jest juz całośc + 1 podłoga została
14:09:42 : Group: Greg: super
14:09:46 : Group: Tamago: nom
14:10:08 : Group: Greg: trzeba kasy dorobić ;p
14:10:23 : Group: Tamago: rozbieram ta sciane gdzie drzwi robimy k?
14:10:29 : Group: Greg: k
14:10:46 : Group: Tamago: k zrobione
14:11:00 : Group: Tamago: odrazu postawie podłogo pod wieze
14:11:07 : Group: Greg: k
14:15:33 : Group: Tamago: lol łowie ryby xD
14:15:39 : Group: Greg: lol
14:18:18 : Group: Greg: ty, małolat ;p
14:18:27 : Group: Tamago: ?
14:18:42 : Group: Tamago: ja małolat?
14:18:42 : Group: Greg: co to za strzelanie ;p
14:18:52 : Group: Tamago: wedka jeblem w drzwi xD
14:19:33 : Group: Tamago: xD
14:19:36 : Group: Greg: tu ją stawiamy?
14:19:39 : Group: Tamago: mozna
14:20:58 : Group: Greg: schody teraz
14:21:01 : Group: Tamago: kk
14:21:12 : Group: Tamago: zrobilem ci wiezienie xD
14:21:16 : Group: Greg: widzę ;p
14:22:05 : Group: Greg: ok
14:22:09 : Group: Tamago: woz
14:22:21 : Group: Greg: lol
14:23:15 : Group: Tamago: ostrzegawczy
14:23:41 : Group: Greg: w tył głowy
14:23:52 : Group: Tamago: w bak xD
14:24:10 : Group: Tamago: bo to albo jonny albo lenin 
14:24:22 : Group: Tamago: ripuliko zdechl 10 minut temu
14:24:32 : Group: Tamago: o jeszcze qwarl zostal
14:24:55 : Group: Tamago: ok pojechal
14:25:50 : Group: Tamago: LOOOL
14:26:28 : Group: Greg: zw
14:26:44 : Group: Tamago: 3 graczy 100 metrow
14:27:18 : Group: Tamago: chodz mnie wyleczysz jak sie polamie
14:27:42 : Group: Tamago: jest spoko
14:32:56 : Group: Greg: coś się dzieje?
14:32:57 : Group: Tamago: jest ktosl 100 metrow
14:33:01 : Group: Tamago: 10000
14:33:04 : Group: Tamago: 1000*
14:33:06 : Group: Greg: lol
14:33:31 : Group: Greg: 5 ścian zostało
14:33:37 : Group: Tamago: aha
14:33:55 : Group: Tamago: stracilem dzwiek musze sie relognac
14:34:01 : Group: Greg: k
14:40:06 : Group: Tamago: biega na zewnatrz jakas pizda
14:40:29 : Group: Greg: gdzie?
14:40:56 : Group: Tamago: przed baza. widzialem jak jakis pizdus chcial wejsc do bazy przez sciane
14:41:05 : Group: Tamago: slysze jak biega
14:41:31 : Group: Tamago: 4 w okolicy 1500 metrow
14:41:41 : Group: Tamago: 3 w 1000m
14:41:47 : Group: Greg: ja nie słyszę
14:42:05 : Group: Tamago: ja juz tez nie. ale moze pod sciana gzies stac
14:44:26 : Group: Tamago: dmr
14:44:52 : Group: Tamago: lol?
14:44:52 : Group: Greg: lol
14:45:56 : Group: Tamago: nadal 3 1000 m
14:46:02 : Group: Greg: widziałem
14:46:35 : Group: Tamago: juz jakaz pizdeczke przywialo
14:46:43 : Group: Tamago: wiesz co
14:46:49 : Group: Tamago: jedziemy na patrol suvem
14:46:55 : Group: Tamago: masz ammo do miniguna
14:47:04 : Group: Tamago: 1 bc nam nie zaszkodzi
14:47:09 : Group: Tamago: chodz
14:47:28 : Group: Greg: m2 czy m134?
14:47:32 : Group: Tamago: m134
14:47:49 : Group: Greg: mam
14:47:54 : Group: Tamago: ide
14:50:35 : Group: Greg: nie ma go
14:50:56 : Group: Greg: na 1000 pusto
14:52:48 : Group: Greg: moja
14:52:55 : Group: Greg: hahah
14:53:25 : Group: Greg: 2
14:53:39 : Group: Greg: na 1000
14:53:54 : Side: riPuliukko: wtf crached my car and it burnet down and all my good stuf was in it :(
14:53:55 : Group: Greg: na misji mogą być pod zielono
14:54:57 : Group: Greg: nie załadowałem jeszcze ;p
14:55:04 : Group: Greg: wiem
14:55:57 : Group: Greg: nie mogę obrócić wieży
14:56:23 : Group: Greg: ok, mam
14:57:04 : Direct: Tamago: tyoe in chat your name
14:57:09 : Direct: Tamago: so we know who you are
14:57:14 : Direct: Tamago: or will will unload
14:59:33 : Group: Greg: 1k ammo zostało
14:59:55 : Group: Greg: rozjebać mu? hearo way ;p
15:00:30 : Direct: Greg: identify yourself
15:01:00 : Group: Greg: sra pewnie w gacie
15:01:15 : Direct: Tamago: we will leave you aslone if you will just type once
15:02:16 : Group: Greg: wracamy, musze kończyć pracę ;p
15:03:16 : Group: Greg: noo :D
15:05:32 : Group: Greg: zero na gps
15:06:40 : Group: Greg: ja spadam
15:06:49 : Group: Greg: do wieczora jak coś ;)
15:07:59 : Side: Tamago: yo riPulli next time talk back
15:08:09 : Side: riPuliukko: ?
15:08:20 : Side: Tamago: oh it wasnt you?
15:08:34 : Side: Tamago: search contoniues
15:08:39 : Side: Tamago: continues*
15:09:15 : Side: Tamago: well whoever that was talk abck next time
15:09:18 : Side: Tamago: back*
15:10:03 : Side: Qwarl: Tamago go for back
15:10:15 : Side: Tamago: what?
15:10:44 : Side: Qwarl: litel berd you destrover?
15:10:48 : Group: Lenin: litle bird
15:11:00 : Side: Tamago: oh that was you?
15:11:04 : Side: Tamago: why you didnt talk back
15:11:04 : Side: Qwarl: yes
15:11:10 : Side: Tamago: if i knew it was you xD
15:11:20 : Side: Qwarl: pidr ebanii
15:11:22 : Side: Tamago: i am looking for someone's base
15:11:37 : Side: Tamago: so i was patrolling with my mate
15:11:49 : Side: Tamago: randomly we found you and we bumped your lb
15:11:56 : Side: Tamago: we didnt shoot at it
15:11:57 : Side: Qwarl: i don undesnt you
15:11:59 : Side: Tamago: oh
15:12:15 : Side: Tamago: little bird boom = mistake = car hit 
15:12:18 : Side: Tamago: xD
15:12:46 : Side: Qwarl: i kill you)))))
15:12:51 : Side: Tamago: nah
15:12:58 : Side: Tamago: just wait there a moment
15:13:53 : Side: Tamago: i bring you heli
15:14:45 : Side: Lenin: sosi clen
15:14:50 : Side: Tamago: ?
15:14:58 : Side: Lenin: chlen
15:15:06 : Side: Tamago: still "?"
15:15:15 : Side: Qwarl: suck my pussi
15:15:16 : Side: Lenin: sosi
15:15:21 : Side: Lenin: chert
15:15:23 : Side: Tamago: what xD
15:15:24 : Side: Qwarl: transleat
15:15:34 : Side: Tamago: what did i even do to lenin?
15:15:49 : Side: Lenin: i from ukraine
15:16:09 : Side: Lenin: tvoego deda
15:16:10 : Side: Tamago: you are from Ukraine and you named yourself Lenin?
15:16:13 : Side: Lenin: ebal
15:16:19 : Side: Lenin: yeee
15:16:34 : Side: Lenin: i m russist
15:16:49 : Side: Tamago: srsly xD
15:17:00 : Side: Lenin: yeee
15:17:03 : Side: Tamago: kk
15:17:13 : Side: Lenin: i don like black gay
15:17:26 : Side: Lenin: i like gey
15:17:46 : Side: Lenin: :*
15:17:47 : Side: Tamago: well than dont type it out cause Admins
15:17:49 : Side: Tamago: lolw
15:17:58 : Side: riPuliukko: i like beer
15:18:11 : Side: Tamago: i like cider
15:18:18 : Side: Lenin: i like vodka
15:18:20 : Side: Qwarl: your from polsha?
15:18:24 : Side: Lenin: jaguar
15:18:24 : Side: riPuliukko: and whisky
15:18:26 : Side: Tamago: I am yes
15:18:32 : Side: Qwarl: aaa
15:18:40 : Side: Qwarl: ok
15:18:40 : Side: riPuliukko: im from finland
15:18:58 : Side: Qwarl: her SUV?
15:19:05 : Side: Tamago: ?
15:19:47 : Side: Qwarl: kk
15:20:10 : Side: Tamago: 5 minutes
15:22:58 : Side: Tamago: for bird
15:23:09 : Side: Qwarl: hi
15:23:35 : Side: Qwarl: rel?
15:23:43 : Side: Tamago: yes. key inside
15:23:49 : Side: Tamago: im a hero
15:23:52 : Side: Tamago: lelw
15:23:55 : Side: Qwarl: im dont kill
15:24:01 : Side: Qwarl: go bear?
15:24:07 : Side: Tamago: bear?
15:24:10 : Side: Qwarl: yea
15:24:22 : Side: Tamago: what is bear?
15:25:12 : Side: Lenin: HEYW
15:25:19 : Side: Lenin: STOP
15:25:26 : Side: Lenin: BRO
15:25:26 : Side: Tamago: ?
15:25:43 : Side: Qwarl: you need car?
15:25:51 : Side: Tamago: nah i am good :D
15:25:55 : Side: Tamago: bike =p
15:26:06 : Side: Qwarl: ok
15:26:11 : Side: Qwarl: thx
15:26:16 : Side: Tamago: enjoy heli :D
15:51:03 : Side: charlie kelly: i forgot to look at splash again, whats toggle button for debug?#
15:55:12 : Group: Bunraku San: yo dude
15:55:23 : Group: charlie kelly: sup
15:55:40 : Group: Bunraku San: what you need?
15:56:01 : Group: charlie kelly: everything ha, getting suppleis in vyb market now
15:56:04 : Group: charlie kelly: got a bat for zeds
15:56:06 : Group: charlie kelly: and a pistol
15:56:09 : Group: charlie kelly: so not screwed
15:56:59 : Group: Bunraku San: m14 do for a weapon?
15:57:16 : Group: charlie kelly: haha definitely
15:57:17 : Group: charlie kelly: beats bat
15:57:36 : Group: Bunraku San: ill buy a vodnk, best armour and then head to you
15:57:45 : Group: charlie kelly: sweet
15:58:09 : Group: Bunraku San: got 3 spare lockboxes in the safe too
15:58:15 : Group: Bunraku San: and combilocks
15:58:29 : Group: Bunraku San: and about 7 bc
15:58:48 : Group: charlie kelly: niiiice
15:59:08 : Group: charlie kelly: little base here
15:59:10 : Group: Bunraku San: best bit, i found it all. zeroed safe
15:59:15 : Group: charlie kelly: hahah yesss
16:02:07 : Group: Bunraku San: where do you want pickup from?
16:02:12 : Group: charlie kelly: coem v
16:02:13 : Group: Bunraku San: leaving stary now
16:02:20 : Group: charlie kelly: assessing base
16:02:30 : Group: charlie kelly: think we cant get in but its intersting
16:04:03 : Group: charlie kelly: ill be on road
16:04:41 : Group: charlie kelly: yo
16:04:45 : Group: Bunraku San: yo
16:04:47 : Group: charlie kelly: weird little base
16:04:57 : Group: charlie kelly: front door is in one of thsoe alley buildings, like with the alley straight through in elektro
16:05:02 : Group: charlie kelly: goes upstairs, its intersting
16:05:12 : Group: Bunraku San: cool
16:05:17 : Group: Bunraku San: weapon in fgear
16:05:17 : Group: charlie kelly: whats the plan
16:05:22 : Group: Bunraku San: dunno
16:05:36 : Group: Bunraku San: heli crash
16:05:42 : Group: charlie kelly: oh nice spot
16:06:21 : Group: charlie kelly: got sniper
16:06:39 : Group: Bunraku San: you got a bafg?
16:07:06 : Group: charlie kelly: back up a sec dude 
16:07:09 : Group: charlie kelly: apparentrly i cant pick bag up near you ahah
16:07:11 : Group: charlie kelly: weird
16:07:18 : Group: charlie kelly: sweet ta
16:07:27 : Group: Bunraku San: gps there
16:07:32 : Group: charlie kelly: found oen in vyb
16:07:40 : Group: charlie kelly: got a m20a4 whatever it is sniper
16:07:42 : Group: charlie kelly: and a mag
16:07:49 : Group: Bunraku San: cool
16:08:21 : Group: Bunraku San: to the safe? so you know location?
16:08:27 : Group: charlie kelly: i saw it on map
16:08:30 : Group: charlie kelly: was it gem hill?
16:08:32 : Group: Bunraku San: ah sweet
16:08:35 : Group: charlie kelly: well i saw where you were
16:08:37 : Group: Bunraku San: code is 8387
16:09:15 : Group: Bunraku San: plan?
16:09:20 : Group: charlie kelly: not sure
16:09:29 : Group: charlie kelly: idchina camp or a mission?
16:09:31 : Group: Bunraku San: you got a base location ibn mind?
16:09:38 : Group: charlie kelly: nah hadnt thought about it, havent played in ages
16:09:53 : Group: Bunraku San: dichina camp is just barracks
16:09:56 : Group: charlie kelly: ah
16:11:02 : Group: charlie kelly: 2 doros to our left
16:11:05 : Group: charlie kelly: could be a pp left over
16:11:08 : Group: Bunraku San: old base
16:11:26 : Group: charlie kelly: wtf
16:11:29 : Group: charlie kelly: how is it half a door
16:11:35 : Group: Bunraku San: sideways
16:12:25 : Group: charlie kelly: is that yours? lol
16:12:25 : Group: Bunraku San: gear
16:12:29 : Group: Bunraku San: nope
16:12:59 : Group: charlie kelly: tf
16:13:05 : Group: charlie kelly: mental
16:13:10 : Group: charlie kelly: is that sever spawned? must be
16:13:12 : Group: charlie kelly: to be only food and meds
16:13:18 : Group: Bunraku San: nah, old base again
16:13:22 : Group: charlie kelly: sweeeet
16:14:57 : Group: Bunraku San: there was a safe here too, someone else must have got it
16:15:21 : Group: charlie kelly: hmm
16:15:25 : Group: Bunraku San: bandit patrool near zeleno
16:15:28 : Group: charlie kelly: yeah
16:20:43 : Group: charlie kelly: i count 5
16:20:48 : Group: charlie kelly: and a vehicle
16:21:21 : Group: Bunraku San: coming to you
16:21:28 : Group: charlie kelly: yeah got a good area
16:21:31 : Group: charlie kelly: clear shot
16:21:59 : Group: charlie kelly: loot crate is slightly nroth of the 5
16:22:03 : Group: charlie kelly: south even
16:22:27 : Group: charlie kelly: once theyre dead grab the vodnik and get the loot, ive no room left lol
16:22:30 : Group: charlie kelly: to carry anytihng
16:22:45 : Group: charlie kelly: ready when you are
16:22:46 : Group: charlie kelly: either side
16:23:28 : Group: Bunraku San: fin zeds
16:23:45 : Group: charlie kelly: 3 hits 0 kills lol
16:24:42 : Group: charlie kelly: 500m with a CCO scope haha
16:24:49 : Group: Bunraku San: lol
16:24:52 : Group: Bunraku San: 4 kills
16:25:00 : Group: charlie kelly: should be all of them
16:25:17 : Group: Bunraku San: go in 
16:26:27 : Group: Bunraku San: you on overwatch?
16:26:32 : Group: charlie kelly: yeah got binocs
16:30:40 : Group: charlie kelly: vehicle
16:30:41 : Group: charlie kelly: hide
16:30:47 : Group: charlie kelly: oh
16:30:47 : Group: charlie kelly: its you
16:30:48 : Group: charlie kelly: ahahahhaa\
16:31:18 : Group: charlie kelly: niiiiice
16:31:22 : Group: Bunraku San: rangefinder in gear
16:31:39 : Group: Bunraku San: lockbox too
16:31:44 : Group: Bunraku San: and 2 rpgs
16:31:54 : Group: charlie kelly: wait
16:31:55 : Group: charlie kelly: thers no lockbox
16:32:00 : Group: charlie kelly: itll be on ground back there somehewere
16:32:06 : Group: Bunraku San: still in my gear
16:32:32 : Group: charlie kelly: sweet
16:32:43 : Group: Bunraku San: need etool, crowbar, compass?
16:32:51 : Group: charlie kelly: need etool but got rest
16:33:01 : Group: Bunraku San: in gear
16:33:08 : Group: charlie kelly: ta
16:34:04 : Group: charlie kelly: im gonna have to log in 10 and go to work unfortunately
16:34:05 : Group: charlie kelly: wheres nearest
16:35:49 : Group: Bunraku San: ill give you the key for the vodnik
16:36:02 : Group: charlie kelly: sweet ill be back on about 1130
16:36:27 : Group: Bunraku San: sweet, i should be on around then too
16:36:28 : Group: charlie kelly: weet
16:36:48 : Group: Bunraku San: tents up here
16:36:53 : Group: charlie kelly: oh nice
16:36:58 : Group: charlie kelly: im just gonna log now
17:21:24 : Group: Senych^^: Ассалам Алейкум
17:23:10 : Group: Qwarl:  в скуп
18:00:40 : Side: agss: cze, daj zape greg zebym nie nakurwial do Ciebie
18:01:17 : Group: agss: cze
18:01:36 : Group: Greg: wysłałem wcześniej już ale nie odebrałes ;p
18:01:55 : Group: Greg: jakieś chuje latają i strzelają
18:01:56 : Group: agss: bylem zalogowany ale nie bylo mnie przy kompie
18:02:57 : Group: Greg: zielonym hueyem i z m240 chyba walą
18:04:07 : Group: Greg: spadam odwieźć dzieciaka, będę później jak coś ;) wal do wszystkich, same chujki teraz są na serwerze :D
18:04:20 : Group: agss: spoko :)
18:37:10 : Group: Qwarl: марк ща заберу тебя
18:37:28 : Group: Lenin: ВСМ
18:37:30 : Group: Lenin: ,
18:37:33 : Group: Lenin: ?
18:37:37 : Group: Qwarl: ВПРЯМОМ
18:37:38 : Group: Lenin: ИЗ ДОМА?
18:37:53 : Group: Qwarl: НЕТ
18:37:54 : Group: Lenin: вы что молчите
18:38:08 : Group: Qwarl: ты из скупа вышел)))
18:39:07 : Group: Lenin: не не вышел
18:39:18 : Group: Lenin: да не пизди
18:39:20 : Group: Lenin: давай
18:39:22 : Group: Lenin: слышу
18:39:27 : Group: Lenin: шумц
18:40:29 : Group: Qwarl: тебе звонят
18:41:03 : Group: Paul: you in ts or discord
18:43:51 : Group: Qwarl: залетайте
18:44:48 : Vehicle: Lenin: ПОГНАЛИ В ДИСКОРД
18:44:53 : Vehicle: Lenin: ЕБАННЫЙ
18:44:54 : Vehicle: Lenin: СКАЙП
18:45:56 : Group: Qwarl: сань
18:46:01 : Group: Qwarl: за рудь
18:46:07 : Vehicle: Lenin: В ДИСКОРД
18:46:12 : Group: Qwarl: ща качаю
18:46:14 : Group: Senych^^: Куда ехаь?
18:46:18 : Group: Qwarl: зхахахаа
18:46:27 : Group: Qwarl: у сани есть дискорд?
18:46:43 : Group: Qwarl: КОРОВА
18:46:46 : Group: Qwarl: СТОЙ
18:47:37 : Group: Senych^^: Корову жалко
18:47:57 : Group: Qwarl: че саляру жжешь
18:47:59 : Group: Senych^^: Куда ехать?
18:48:24 : Group: Qwarl: 37 93
18:48:29 : Group: Qwarl: верх 37
18:48:38 : Group: Qwarl: хахаха
18:48:43 : Group: Qwarl: го скуп
18:48:46 : Group: Qwarl: марк
18:48:53 : Group: Lenin: не рубит
18:48:53 : Group: Qwarl: у тебя и так и так лагает
18:48:56 : Group: Lenin: упал
18:48:57 : Group: Qwarl: а
18:49:00 : Group: Lenin: он
18:49:02 : Group: Qwarl: сань
18:49:04 : Group: Lenin: вообще
18:49:10 : Group: Qwarl: есть дискорд,
18:49:18 : Group: Senych^^: Нету
18:50:08 : Group: Qwarl: скуп
18:51:38 : Group: Senych^^: Еблан
18:51:42 : Group: Senych^^: Открывай
18:51:48 : Group: Senych^^: Ворота
18:51:51 : Group: Qwarl: ЩА
18:51:55 : Group: Senych^^: Папа приехал
18:51:57 : Group: Qwarl: ОТКРОЮ
18:52:47 : Group: Senych^^: хахахах
18:53:03 : Group: Qwarl: БАЛЯЯЯ
18:53:04 : Group: Senych^^: Пизда
18:53:12 : Group: Senych^^: пхпхпхпхпх
18:53:17 : Group: Senych^^: хрхрхрзпхпзхпзпхпаз
18:53:21 : Group: Senych^^: ахазахзахзахазахзахазха
18:53:36 : Group: Senych^^: Ебаааааа
18:53:36 : Group: Qwarl: все чики пуки
18:54:06 : Group: Senych^^: Отцепи
18:54:12 : Group: Senych^^: эту хуйню
18:54:29 : Group: Qwarl: как микро вкл,
18:54:43 : Group: Qwarl: да
18:58:33 : Group: Senych^^: Я покекал
18:58:43 : Group: Senych^^: Спать!
18:58:46 : Group: Senych^^: Время
18:58:50 : Group: Senych^^: 22.00
18:58:56 : Group: Senych^^: Мне мамка спать
18:59:06 : Group: Senych^^: Гонит
18:59:23 : Group: Senych^^: Она сегодня в шарагу ездила
18:59:50 : Group: Senych^^: Сука
19:01:40 : Group: Senych^^: У меня не таб
19:06:17 : Side: Liner69: orion accept group invite m8
19:06:32 : Side: Tamago: so many new people wth
19:06:55 : Side: agss: hello tamago :)
19:07:07 : Side: Tamago: sup
19:08:53 : Side: Tamago: wanted to observe but these guys came too close
19:09:55 : Group: Paul: discord is not working for me 
19:10:03 : Group: Qwarl: марк
19:10:10 : Group: Qwarl: какую оружку взять
19:11:59 : Group: Qwarl: марк
19:19:26 : Side: Tamago: to the guys i killed your items are on body ai are full of loot
19:19:37 : Side: Tamago: i shot cause you came too close to my pos. i was observing you for a while
19:19:56 : Side: Tamago: i took 110 sniper but there will be mroe on ai. and sorry
19:24:29 : Side: Greg: hello 
19:24:42 : Group: agss: cze
19:24:55 : Side: Tamago: yo
19:25:11 : Side: Tamago: invite me
19:33:25 : Side: Qwarl: :(
19:35:28 : Side: Greg: dont shoot at ppl, they dont shoot at you
19:35:40 : Side: Qwarl: OK
19:41:04 : Side: Qwarl: greg
19:41:19 : Side: Greg: ?
19:41:59 : Side: Qwarl: you a mussion?
19:42:24 : Side: neshy33: i am quest
19:42:28 : Side: Liner69: yesh
19:42:29 : Side: Greg: someone else doing it
19:42:46 : Side: Liner69: U  Krain
19:43:20 : Side: Tamago: lewl
19:44:09 : Side: Qwarl: no kill you 
19:44:11 : Side: Qwarl: aaa
19:44:15 : Side: Qwarl: OKEY
19:45:03 : Side: Greg: dont touch your body, im leaving, go get it
20:00:11 : Side: Qwarl: Tamago you base?
20:00:15 : Side: Tamago: yes
20:00:19 : Side: Qwarl: lol
20:00:26 : Side: Tamago: didnt know it was you
20:00:44 : Side: Qwarl: ?
20:08:07 : Side: IronHide: hello
20:08:29 : Side: Tamago: hi
20:16:32 : Side: IronHide: anyone at mv22?
20:16:45 : Side: Tamago: now that you asked someone could come ;/
20:16:51 : Side: Greg: lol
20:16:54 : Side: Tamago: best option is to wait and camp it out
20:16:57 : Side: IronHide: well im a fresh spawn so it dont make much difference if they do
20:17:07 : Side: riPuliukko: im there
20:17:25 : Side: IronHide: do u have a dmr?
20:17:41 : Side: riPuliukko: killed 12 enemys allredy
20:17:53 : Side: IronHide: i killed 1 or 2 then a player shot at me so i dove and died to ai
20:18:04 : Side: IronHide: theres mines so be careful
20:18:16 : Side: riPuliukko: no dmr
20:18:20 : Side: riPuliukko: ok
20:18:42 : Side: IronHide: are u alright to let me loot a gun i just need something to take out another camp to start myself off
20:18:56 : Side: riPuliukko: ok
20:19:06 : Side: IronHide:  <3 ty bby
20:19:28 : Side: IronHide: i wont touch mv22 just the bodies if i find the keys ill give u them
20:21:11 : Side: riPuliukko: is there anymore enemies
20:21:32 : Side: IronHide: no clue
20:22:12 : Side: Greg: squerepants noooooooooooooooooo :p
20:23:18 : Side: IronHide: ill cycle in see if any ai shoot at me
20:23:48 : Side: Greg: go kamikaze go :)
20:24:17 : Side: Greg: gz
20:24:37 : Side: Greg: lol
20:24:40 : Side: Daniel: guess that answers your question
20:25:10 : Side: IronHide: 2 ai left
20:25:19 : Side: IronHide: u kill them take the heli and just leave w/e u dont want
20:31:48 : Side: Tamago: wtf AI rampage
20:31:55 : Side: neshy33: yea that one guy
20:32:05 : Side: Greg: really? :D
20:32:07 : Side: Tamago: one ai killed 5?
20:32:11 : Side: Tamago: holy crap
20:32:17 : Side: Daniel: 5 kd lol
20:32:22 : Side: Greg: ahahah
20:32:23 : Side: Tamago: op ai
20:33:01 : Side: IronHide: did u kill the last 2 ai then?
20:33:10 : Side: riPuliukko: 1
20:33:50 : Side: riPuliukko: and 2
20:33:57 : Side: IronHide: hey
20:34:05 : Direct: IronHide: take w/e u want
20:34:08 : Side: riPuliukko: hollo
20:34:10 : Direct: IronHide: ill take what u dont want
20:35:03 : Side: riPuliukko: here is the key
20:35:22 : Side: IronHide: all urs
20:35:29 : Side: IronHide: that heli ur friends?
20:35:47 : Side: riPuliukko: i dont have frends
20:35:55 : Side: Daniel: thats so sad XDDDD
20:36:00 : Side: Tamago: famous last words äre they your friends?"*headshot*
20:38:39 : Side: Tamago: welp
20:39:06 : Group: riPuliukko: fuuuuu
20:41:29 : Side: Daniel: when you reach a mission but realise there is 10 minutes left before restart :(((((((((
20:41:45 : Side: Tamago: you can still shoot for humanity :D
20:41:53 : Side: Daniel: How much per kill?
20:42:05 : Side: Tamago: depends on a mission i would say
20:42:24 : Side: Tamago: but tis something between 50-150 i think
20:42:27 : Side: Tamago: never checked
20:42:49 : Side: Daniel: holy shit
20:42:58 : Side: Daniel: i think i just hit one of my best kills in ARMA
20:43:04 : Side: Daniel: 600m with an L85 Holo
20:43:05 : Side: Tamago: xD
20:43:22 : Side: Daniel: HIP FIRING
20:43:26 : Side: Tamago: i once headshoted ai from 800 meters with a silenced g36 holo sight
20:43:35 : Side: Tamago: i was like whaaaaaat
20:43:42 : Side: Tamago: but gz
20:43:53 : Side: Tamago: see you after restart
20:44:01 : Side: Daniel: cya
20:54:27 : Side: Daniel: 112110
20:54:28 : Side: Daniel: baser
20:54:29 : Side: Daniel: base
20:54:32 : Side: Daniel: at the castle
20:55:49 : Side: Daniel: anyonr going?
20:55:58 : Side: Daniel: 112110
21:01:04 : Side: Tamago: and wb :D
21:09:54 : Side: johnny: 2die4 can you plz donate a few briefcases to us somebody raided us and now we lost like 7 briefcases
21:10:25 : Side: Tamago: 2die4 is offline?
21:10:32 : Side: Daniel: Yeah
21:11:00 : Side: johnny: can someone else then plz we are in need i will give my pkp with 4 mags
21:11:16 : Side: Tamago: go into military camps and sell what you find
21:11:52 : Side: johnny: can you come and help me then im new i could play it normally sunday last week
21:12:25 : Side: Tamago: sorry im in a tight situaton too
21:12:41 : Side: johnny: then we can team up :D
21:12:52 : Side: Tamago: someone took over my base that inviested 90+ bc in
21:12:57 : Side: Tamago: now its a ruin
21:12:59 : Side: Daniel: where you at bro?
21:13:01 : Side: Daniel: ill help
21:13:13 : Side: Tamago: and i alreayd have a team so thanks
21:13:16 : Side: johnny: can i trust you
21:13:22 : Side: Daniel: trust who you want
21:14:54 : Side: johnny: i only have pkp with 4 mags
21:15:05 : Side: Tamago: thats 400 rounds
21:15:14 : Side: johnny: yes not a lot
21:15:32 : Side: Daniel: my mate is coming on in half hour
21:15:33 : Side: Daniel: so
21:15:38 : Side: Daniel: i cant help you 
21:15:40 : Side: Tamago: for a red mission for 22 AI you need 2 dmr mags maybe
21:15:44 : Side: Daniel: unless its fas
21:15:46 : Side: Daniel: fast
21:16:04 : Side: Daniel: meet me at Elektro if you want my help
21:16:31 : Side: johnny: okay
21:18:47 : Side: Daniel: if you see my bike
21:18:52 : Side: Daniel: thats the building im in
21:19:48 : Side: johnny: i actually only need 1 20 l gas can for my merlin
21:20:28 : Side: Daniel: shooting zombies
21:20:32 : Side: Daniel: if you could hear me
21:21:03 : Side: Daniel: You coming to Elektro or???
21:21:49 : Side: johnny: naah im logging in ten minnutes and i have to run so
21:22:00 : Side: Daniel: alright
21:22:34 : Side: Daniel: black hawk down lol
21:23:15 : Side: johnny: we had 5 helocopters 3 black hawks a merlin and one more i dont know the name of and 4 vehicles
21:25:01 : Side: johnny: still thx :D
21:25:18 : Side: johnny: for you giving your support to me
21:25:23 : Side: Daniel: np
21:25:27 : Side: Daniel: anytime
21:26:39 : Side: Daniel: my in game vision is so blurry lol
21:26:46 : Side: IronHide: take morphine or w/e it is
21:26:53 : Side: Daniel: i have
21:27:04 : Side: 2DIE4:  did u get hit by a zombi?
21:27:07 : Side: Tamago: turn off atoc in video settings. blur in this game is garbage
21:27:07 : Side: Daniel: Yeah
21:27:13 : Side: 2DIE4:  use a whipe!
21:27:20 : Side: 2DIE4:  to desinfect the wound
21:27:28 : Side: Tamago: hello 2die4
21:27:29 : Side: Daniel: oh shit
21:27:43 : Side: johnny: 2die4 help me
21:27:44 : Side: 2DIE4: hi =)
21:27:59 : Side: johnny: im dehydrating
21:28:24 : Side: 2DIE4: bounty is 20 BCs to whoiever tells me where agss and Walasznikow have theoir base
21:28:42 : Side: Daniel: 009 110
21:28:47 : Side: Daniel: there WAS a base there
21:29:26 : Side: Daniel: when there is nothing in a hospital
21:29:27 : Side: Daniel: ffs
21:29:32 : Side: 2DIE4:  i need that confirmed
21:29:44 : Side: Daniel: if you have a heli
21:29:49 : Side: Daniel: fly over and see
21:30:05 : Side: johnny: waste of fuel if there is nothing
21:30:18 : Side: 2DIE4:  lol dude fuel is free XD
21:30:24 : Side: Daniel: OMD
21:30:25 : Side: Daniel: YAY
21:30:29 : Side: Daniel: MEDICAL STUFF
21:30:42 : Side: Daniel: thank fuck for that
21:31:34 : Side: Daniel: gonna log
21:31:38 : Side: Daniel: cya guys tomorrow
21:31:39 : Side: 2DIE4: bb
21:31:42 : Side: Tamago: see ya
21:31:46 : Side: 2DIE4:  ill check on that
21:41:34 : Side: IronHide: how hard are yellow missionms?w
21:41:42 : Side: Tamago: 8-13 ai
21:41:43 : Side: 2DIE4:  easy to get 
21:41:49 : Side: IronHide: ty
21:41:54 : Side: IronHide: black?
21:42:03 : Side: 2DIE4:  hardcore
21:42:05 : Side: Tamago: black 50+ai and armed cars
21:42:10 : Side: 2DIE4:  about 35 to 50 AI
21:42:15 : Side: IronHide: green?
21:42:23 : Side: 2DIE4:  piece of cake
21:48:15 : Side: Tamago: iron hide how come i dont see what kills you?
21:50:12 : Side: Tamago: thye need to add these AI to military camps...
21:51:16 : Side: Tamago: its so funny to watch someone loot from far away :D
21:53:53 : Side: Tamago: nice mk17 form dishna camp :D thats a decen weapon :D hope you got some ammo with it ^^
21:54:39 : Side: neshy33: they have ai in the overpoch server at the military camps
21:55:00 : Side: Tamago: this server had them too. but after 1.0.6.1 update they never added thme
21:55:27 : Side: neshy33: damn, hope they  get added back, makes it a challenge
21:55:38 : Side: Tamago: exacly
21:56:48 : Side: neshy33: pls :)
21:56:50 : Side: Tamago: its ok LWB we love you anyways
21:57:10 : Side: Tamago: no homo xD
21:57:44 : Side: VLADIMIR>***: LWB thanks:) my base is ok:)
21:58:13 : Side: VLADIMIR>***: yu profesional Dewelopment:)
22:06:39 : Side: IronHide: why 2die4
22:06:40 : Side: IronHide: why
22:07:04 : Side: IronHide: u give us all this help with info
22:07:10 : Side: IronHide: then u kill us when we do the work
22:07:15 : Side: 2DIE4: im getting my tribute
22:07:24 : Side: Oscar: you sly fuck
22:07:32 : Side: 2DIE4:  i leave the car 4 u i s that faitr or not?
22:07:34 : Side: Oscar: we would have shared
22:07:53 : Side: IronHide: ye if u are kind <3
22:07:54 : Side: 2DIE4:  ask i always get a kill and leave your stuff
22:08:01 : Side: IronHide: fine by us xd
22:08:04 : Side: Tamago: +1w
22:08:09 : Side: 2DIE4:  i see u u can come get the car  =)
22:08:15 : Side: IronHide: what level ba
22:08:19 : Side: IronHide: BANDIT
22:08:32 : Side: 2DIE4: grab the car pick aya mate up 
22:08:45 : Side: IronHide: what level bandit are u?
22:08:45 : Side: 2DIE4:  or ill come 4 u also 
22:08:52 : Side: IronHide: + do u have a blood bag my screen is grey
22:08:55 : Side: 2DIE4: . i got over 400 K miunus
22:09:06 : Side: 2DIE4:  the ammo is mine 
22:09:32 : Side: IronHide: this box?
22:09:44 : Side: 2DIE4:  the crate  is mine dude
22:09:49 : Side: IronHide: trying to get body
22:09:51 : Side: IronHide: want the ghille
22:10:51 : Side: 2DIE4:  dont try to puss someoff XD ill shred u in no time  =) 
22:11:01 : Side: 2DIE4:  *pull
22:11:05 : Side: IronHide: do u have a bloodbag
22:11:11 : Side: 2DIE4:  i do  
22:11:21 : Side: IronHide: can u lend me one xd
22:11:28 : Side: IronHide: ill pay u back when i next see u
22:11:31 : Side: 2DIE4: grab it
22:11:38 : Side: IronHide: where is it?
22:11:41 : Side: 2DIE4: car
22:12:02 : Side: IronHide: whats in the box?
22:12:09 : Side: 2DIE4:  i hope i find what i want in that crate  =)8
22:12:24 : Side: IronHide: what u loooking for
22:13:54 : Side: IronHide: he dared me ot
22:14:18 : Side: IronHide: dont believe his bs
22:14:49 : Side: Tamago: you can belive in everything 2die4 says
22:14:59 : Side: IronHide: no oscar told me to try shoot him
22:15:03 : Side: IronHide: so i was like i aint no bitch
22:15:03 : Side: Tamago: oh
22:15:05 : Side: IronHide: and shot his car
22:15:09 : Side: IronHide: and its bullet proof xd
22:15:12 : Side: Tamago: hahaw
22:15:43 : Side: IronHide: 2die4 do u still love me
22:15:49 : Side: IronHide: im just a friendly autobot
22:16:28 : Side: IronHide: dont belive him
22:16:32 : Side: IronHide: he is a lier and a thief
22:16:46 : Side: Tomahawwk: who is?
22:21:14 : Side: IronHide: where do u sell armoured suv's
22:21:24 : Side: IronHide: cause this one gonna disapeer at restart
22:21:33 : Direct: 2DIE4:  u bandit or or hero?
22:21:33 : Side: Tomahawwk: hero trader or bandit trader
22:21:40 : Direct: 2DIE4:  it will not
22:21:47 : Side: 2DIE4:  it will not
22:21:48 : Side: IronHide: im 145 humanity what do i class as xd
22:21:52 : Side: IronHide: :(
22:21:54 : Side: IronHide: wait
22:21:56 : Side: IronHide: its wont go?
22:22:01 : Side: 2DIE4: no
22:22:05 : Side: IronHide: why wont it
22:22:09 : Side: IronHide: its not a locked 1
22:22:27 : Direct: 2DIE4:  still doesnt dissapear
22:22:38 : Side: 2DIE4:  still doesnt dissapear
22:22:46 : Side: IronHide: well ima just drive it around
22:22:51 : Side: IronHide: and then leave it to someone else
22:23:21 : Side: Greg: ill can take it ;p
22:23:36 : Group: Tamago: we will give you landrover with a key
22:23:46 : Side: Tamago: we will give you landrover with a key
22:24:05 : Side: IronHide: how can i trust u
22:24:11 : Side: Tamago: ask 2die4
22:24:18 : Side: IronHide: and how do i not know u got multiple keys
22:24:34 : Side: Tamago: cause we can affoard mutiple landrovers
22:24:50 : Side: Greg: but we like better suv-s ;p
22:24:51 : Side: IronHide: whoever find mes
22:24:54 : Side: IronHide: can have it
22:24:56 : Side: 2DIE4:  he could buy a  new one then 
22:25:29 : Side: Tamago: or we could sell it for you and we could split bc
22:25:48 : Side: Tamago: we could but you something form hero trader for it
22:26:01 : Side: IronHide: i need a safe
22:26:03 : Side: IronHide: thats it
22:26:04 : Side: Tamago: np
22:26:12 : Side: Tamago: go hero trader
22:26:36 : Side: Tamago: give us a minute xD
22:26:48 : Side: IronHide: im far away so its k 
22:28:42 : Group: Greg: Bolorobisz stronghold?
22:28:52 : Group: VLADIMIR>***: yep
22:29:05 : Side: 2DIE4:  lol where u at?
22:29:06 : Group: Greg: i jak ci idzie?
22:29:09 : Side: IronHide: oscar had to go 2die3
22:29:17 : Group: VLADIMIR>***: dopiero zaczynam
22:29:18 : Side: IronHide: im a ninjaw
22:29:22 : Side: 2DIE4:  damn u got fat fingers  XD
22:29:30 : Side: IronHide: broke my headset
22:29:32 : Group: VLADIMIR>***: a Wy jak tam-za chwile na ts wskocze
22:29:35 : Side: IronHide: and u could prob hear me typing
22:29:37 : Group: Greg: wpadniemy tam za  min ;p
22:29:38 : Side: IronHide: when oscar spoke
22:29:44 : Group: VLADIMIR>***: hahahah okkkksss
22:29:46 : Group: Greg: 15
22:29:47 : Side: 2DIE4:  kinda  =)
22:30:36 : Side: IronHide: omw to hero trader now
22:30:50 : Side: Tamago: ikkw
22:33:31 : Side: IronHide: oscars mum just baby raged xd
22:33:45 : Side: IronHide: heard it all through skype xd
22:33:57 : Side: Bunraku San: haha
22:34:01 : Side: Bunraku San: fun times
22:34:13 : Side: Bunraku San: is it the poor kids bedtime
22:34:27 : Side: IronHide: me and him both in gcse year
22:34:34 : Side: IronHide: and his mum raging he aint revising 24/7
22:35:02 : Side: Bunraku San: yeah, i have a WORK, ALWAYS GAMINGH
22:35:20 : Side: Ryan: VLAD ARE U HERO
22:35:26 : Side: VLADIMIR>***: Ryyyyannnnn Sooooryyyyyyyy:(((((
22:35:33 : Side: Greg: lol
22:35:35 : Side: Ryan: K JUST PLZ LEAVE MY STUFF
22:35:42 : Side: VLADIMIR>***: okkkkkkkk 
22:35:50 : Side: Ryan: TAKE SOME DMR MAGS IF U NEED
22:36:29 : Side: Ryan: TOMAHAWK IS THERE TO DON'T KILL HIM
22:36:31 : Side: VLADIMIR>***: im protect yoor body:)
22:36:39 : Side: Ryan: THX BROSKI
22:36:42 : Side: VLADIMIR>***: ok ok
22:36:49 : Side: Ryan: SRY FOR CAPS
22:36:55 : Side: IronHide: xd peoples lal heroes then there is 2die4
22:37:13 : Side: Ryan: 2DIE 4 CHILL DO
22:37:25 : Side: IronHide: i like this server
22:37:31 : Side: IronHide: not everyone is shoot first questions later
22:39:41 : Side: Tamago: at trader 28tin
22:39:44 : Side: Tamago: w8tin*
22:39:51 : Side: 2DIE4:  ill leave loot in the crate and all vehicles at IKEA !!!!
22:39:54 : Side: IronHide: sorry was 10k away 6k now
22:40:12 : Side: Tamago: its we waiting
22:40:45 : Side: IronHide: what humanity for bandit level 10
22:40:50 : Side: Tamago: idk
22:41:16 : Side: 2DIE4:  lol TOmahawk rtying stroingjhold  =)
22:41:42 : Side: Tamago: go for it mate!
22:44:08 : Side: IronHide: in 2 days used 10gb of 4g to play dayz
22:44:14 : Side: Tomahawwk: VLAD WANT TO JOIN THE GROUP JUST FOR MISSION TO SEE US
22:44:20 : Side: IronHide: dayz uses like none but skype eats it
22:44:43 : Side: Tamago: use ts
22:44:51 : Side: IronHide: cant get it on my phone
22:44:53 : Side: IronHide: dog broke my headset
22:45:16 : Side: VLADIMIR>***: Ryan im protect your body
22:45:33 : Group: Ryan: SWEET
22:45:43 : Side: Ryan: WE ARE COMING NOW
22:48:54 : Side: IronHide: whos trying to shoot me
22:49:02 : Side: Tamago: im shooting a sedan
22:49:06 : Side: IronHide: KK
22:49:09 : Side: Tamago: its abandoned
22:49:13 : Side: Tamago: BOOM :D
22:50:00 : Side: IronHide: ho ho ho
22:50:10 : Side: Tamago: ?
22:50:13 : Side: IronHide: im here
22:50:47 : Direct: IronHide: hey
22:50:50 : Direct: IronHide: all urs for a safe
22:51:00 : Direct: IronHide: i needed something to drive off with after
22:51:52 : Group: Tamago: can yuo give us our weapoins xD
22:52:00 : Group: Tamago: briefs will be in car with key
22:52:00 : Direct: IronHide: where to
22:52:04 : Group: Tamago: dude
22:52:07 : Group: Tamago: stop xD
22:52:13 : Direct: IronHide: very little fuel but i can fill up somewhere
22:52:24 : Vehicle: Tamago: give us our weapons back and i will give you bc
22:52:29 : Direct: Greg: berezino
22:52:32 : Vehicle: IronHide: weapons?
22:52:37 : Vehicle: Tamago: from car
22:52:45 : Vehicle: Tamago: our car had weapons
22:52:51 : Vehicle: IronHide: wheres ur car?
22:52:55 : Vehicle: Tamago: this one xD
22:53:05 : Vehicle: Tamago: ok wait
22:53:06 : Vehicle: IronHide: all that was in it when i found it was morphine
22:53:10 : Vehicle: IronHide: was next to side of road on way here
22:53:33 : Direct: IronHide: got some guns in backpack if u need some
22:53:40 : Direct: Greg: lol
22:53:48 : Direct: Tamago: sorry i misunderstood
22:53:51 : Direct: Greg: we have our , sorry
22:53:54 : Direct: Tamago: i left you bc
22:53:59 : Direct: IronHide: cheers :)
22:54:00 : Direct: Tamago: go to kelm and there you can buy a safe
22:54:03 : Direct: Tamago: haha
22:54:03 : Direct: IronHide: need a gun?
22:54:08 : Direct: Tamago: i thout you had our car lol
22:54:12 : Direct: Tamago: nah nhah we got a gun xD
22:54:16 : Direct: Tamago: guns xD
22:54:29 : Direct: IronHide: well u can have this one if u need it
22:54:30 : Direct: Tamago: if you would need anything just ask me if im online ^^
22:54:30 : Direct: IronHide: ima go to bed
22:54:34 : Direct: Tamago: kk
22:54:36 : Direct: Tamago: see ya
22:54:37 : Direct: IronHide: cheers :)
22:54:39 : Direct: IronHide: ill see yya later
22:55:44 : Side: IronHide: good night alll
22:55:52 : Side: Greg: see ya
22:56:11 : Side: 2DIE4: bb
22:59:31 : Side: Ryan: who in dragon fly helicopter
22:59:38 : Side: Tamago: us
22:59:42 : Side: Ryan: i am hero i mean no harm
22:59:50 : Side: Tamago:  here
22:59:54 : Side: Tamago: same here
22:59:57 : Side: Greg: we on heli
23:00:05 : Side: Ryan: k
23:00:20 : Side: Ryan: we won't have time for loot but the humanity doe
23:01:50 : Side: Ryan: one of my guys are coming to you don't shoot he is hero
23:02:54 : Side: Ryan: vlad what gun you using
23:03:06 : Side: VLADIMIR>***: SD
23:03:13 : Side: Ryan: k
23:03:20 : Side: VLADIMIR>***: mk 17
23:03:26 : Side: Ryan: just wanting to know to here whos shooting
23:13:28 : Side: Ryan: me and tom are leaving have a nice day'
23:13:35 : Side: Tamago: seee ya
23:13:36 : Side: Greg: see ya
