00:02:46 : Side: Gandy: what is this II thing
00:02:50 : Side: Gandy: ИИ
00:02:58 : Side: Marco: AI
00:03:15 : Side: Gandy: oh
00:03:24 : Side: Gandy: but why does it display Ai and it 
00:04:00 : Side: Marco: what do you mean?
00:04:13 : Side: Gandy: i have seen the label AI as well as this II label
00:04:32 : Side: Marco: Don't know what the difference is.
00:04:56 : Side: Marco: maybe they needed different ID's for bandit and hero NPC's.
00:05:06 : Side: Gandy: thats a good point
00:22:51 : Side: Marco: jesus fuck. the atv's are darn fuel hogs. just driving it from the trader to base is gonna drain half my tank...
00:23:09 : Side: Gandy: is there a difference etween the drinks and foods
00:23:11 : Side: Gandy: ikr
00:23:27 : Side: Marco: yeah there is
00:23:29 : Side: matsa: yes
00:23:33 : Side: Gandy: what
00:23:36 : Side: Gandy: wahts better
00:23:38 : Side: matsa: meat gives more health
00:23:43 : Side: matsa: and fish
00:24:01 : Side: Marco: MRE's for example give a load of food AND drink.
00:27:09 : Side: [NG2] Jesse: yo can you add me at the group? 
00:27:17 : Group: Marco: heya, can you guys add jesse to group?
00:47:20 : Side: [NG2] Jesse: friendly aat mission!!! 
00:47:29 : Side: matsa: sorry
00:47:40 : Side: [NG2] Jesse: VODNIK! FRIENDLY! !
00:53:15 : Side: Marco: next time if you dont want your car shot up, dont start ramming ours.
00:53:34 : Side: Mr. Shortbottoms: haha
00:55:27 : Side: [NG2] Jesse: Matsa and pheatta whe warn you guys, .. we are hero,.. dant ram our car!!! 
00:55:44 : Side: Marco: lel I'm not xD
01:27:04 : Side: JOHNNYVAIN: hello?
01:27:19 : Side: Marco: hiya
01:27:22 : Side: Sashka: hello my friends
01:27:39 : Side: JOHNNYVAIN: omg its been so long.....hope THIS server will be the one i stick with
01:27:50 : Side: Marco: its a good server
01:28:03 : Side: Marco: and it has been getting increasingly popular.
01:28:21 : Side: Marco: 15-20 ppl online on average
01:28:31 : Side: JOHNNYVAIN: at this time?
01:28:39 : Side: Marco: nah daytime
01:28:43 : Side: JOHNNYVAIN: im in the US....so this is about the time i would be on...
01:28:53 : Side: Marco: ah sorry
01:29:09 : Side: Marco: well, at this time it varies
01:29:26 : Side: JOHNNYVAIN: thats fine....i play as a loaner...hide in woods....hunt....do a few ai...no big bases ..just simple stuff...
01:29:27 : Side: Marco: sometimes its like this but it also has been around 12 ppl
01:29:33 : Side: JOHNNYVAIN: thats how i play stand alone
01:29:59 : Side: Marco: Well, I think you'll like this server.
01:30:00 : Side: JOHNNYVAIN: its beena while ...forgot alot....how do i open my inventory...I seems to open some book
01:30:07 : Side: Marco: use G
01:30:18 : Side: Marco: I is some kind of crafting menu.
01:30:19 : Side: JOHNNYVAIN: ahhh G for gear ..ok
01:30:25 : Side: [NG2] Jesse: welcome dude ^^ 
01:31:23 : Side: JOHNNYVAIN: how bout..holster gun...tht it was ctrl H
01:31:41 : Side: [NG2] Jesse: just scroll.. 
01:31:53 : Side: Marco: no clue, personally I mostly use the scroll actions to switch weapons.
01:32:13 : Side: JOHNNYVAIN: all i have is the pistol tho....hmmm maybve this game doesnt have the option
01:34:17 : Side: JOHNNYVAIN: well today is not for real....next time i'll get on and start ..hmm melting bars and doing missions to get gold to buy stuff....to make a small camp.
01:35:09 : Side: Marco: yeah, if you can get a stash going you have a nice fallback base.
01:35:19 : Side: Marco: to begin with at least.
01:37:03 : Side: JOHNNYVAIN: well that was quick......dead
01:37:13 : Side: JOHNNYVAIN: i learned that the military bases have ai ...
01:38:12 : Side: JOHNNYVAIN: i ran there....seen a pink suv and tht...ok ok...someone made this a home like in other servers.....then got guned down...tht it was one of u
01:38:28 : Side: Marco: nope some camps indeed have AI
01:38:55 : Side: JOHNNYVAIN: ah yea it says dihini camp
01:38:57 : Side: [NG2] Jesse: yea know that camp
01:41:10 : Side: JOHNNYVAIN: standing in tree and bush still keep u safe from zeds?
01:41:30 : Side: Marco: I think so, pine trees should still do the trick.
01:41:59 : Side: JOHNNYVAIN: damn ....forgot..not SA...cant loot all the houses haha
01:43:43 : Side: JOHNNYVAIN: did one of u kill jesssee
01:43:48 : Side: Marco: yeah
01:43:55 : Side: Marco: that was a player
01:45:49 : Side: JOHNNYVAIN: OK..just making sure....i use to see it say "john was killed by adam with bla bla bla"
01:46:42 : Side: Marco: shashka, sorry to say, but you are a true pussy.
01:47:03 : Side: [NG2] Jesse: why ? shashka? 
01:48:23 : Side: JOHNNYVAIN: aha damn this game creeps me out more than the SA
01:48:35 : Side: Marco: because this one is better ;p
01:49:00 : Side: JOHNNYVAIN: cuz the ai are cut throats........and i cant be a total recluse because i have to go to ttown to trade and sell .....
01:49:02 : Side: Marco: SA still sucked monkeyballs last time I played it.
01:49:21 : Side: JOHNNYVAIN: in sa. i only use the bow, and i only hunt and fish for my food
01:49:26 : Side: Marco: hehe
01:49:44 : Side: JOHNNYVAIN: yea SA was so amazing..but it hasnt changed much so now everyone is like "well,   now what?"
01:50:05 : Side: Marco: it was exteremely laggy on my pc though.
01:50:48 : Side: JOHNNYVAIN: the forest is a fun ass game...if guys never tried it.....but this game ....is its only thing
01:50:54 : Side: JOHNNYVAIN: is its OWN thing
01:51:01 : Side: JOHNNYVAIN: it started it all
01:51:15 : Side: Marco: ah, cool.
01:51:47 : Side: JOHNNYVAIN: ok ...server is restarting soon so i guess i'll be done tonight....are you guys regulars tho....maybe i can tag along to re learn sometime...
01:51:58 : Side: Marco: yeah, sure mate :)
01:52:08 : Side: Marco: we are regulars indeed
01:52:16 : Side: [NG2] Jesse: me 2 ^^
01:52:18 : Side: Marco: we have quite an extensive camp
01:53:15 : Side: JOHNNYVAIN: i keep it simple...i had a ladder going up a tree and had a small tree house...then another time just enclosed a house and lived in it...
01:54:42 : Side: JOHNNYVAIN: damn...i THINK ai is gunnin me in a heli....if so they are hell of good shots...from that far away
01:55:22 : Side: JOHNNYVAIN: ahh see thats how i remember it
01:55:53 : Side: JOHNNYVAIN: are there like...pvp heavy zones like cherno or elektro?
01:58:01 : Side: JOHNNYVAIN: ok..yea ai was arond and i been layin in a tree and they finally caught up to me.....no way they KNEW i was in here
01:58:14 : Side: JOHNNYVAIN: apparantly trees are bullet proof?  they are doing unlimited shots at me
04:45:13 : Side: Faldehals: you in suv you saw me at the ground ?
06:01:00 : Side: James: peaceful server
06:35:53 : Direct: Faldehals: keep cool i dont take anything
06:36:12 : Direct: James: can't be too careful
06:36:31 : Direct: Faldehals: :D
06:36:50 : Direct: Faldehals: i know the behavior of the most aholes
06:37:33 : Direct: Faldehals: sell it
06:39:34 : Direct: Faldehals: cheers take the beer
06:40:10 : Direct: Faldehals: lol
06:40:49 : Direct: Faldehals: hier take it if you like cant sell
06:41:00 : Direct: James: it's okay
06:41:03 : Direct: James: i prefer to find my own stuff
06:41:07 : Direct: James: thank you though
06:41:17 : Direct: Faldehals: thats only antibiotics cmon
06:41:30 : Direct: James: lol i'll be fine
06:41:30 : Direct: Faldehals: ok i keeep one
06:42:06 : Direct: Faldehals: what kinde you are bandit or hero ?
06:42:35 : Direct: James: neither
06:42:38 : Direct: James: i just do whatever
06:44:29 : Direct: Faldehals: how many humanity you got ?
06:44:36 : Direct: James: 2655
06:44:54 : Direct: Faldehals: ahh k you are new here ?
06:45:06 : Direct: James: yeah i just came over from RGN
06:45:09 : Direct: James: they had dirty admins
06:45:34 : Direct: Faldehals: k 
06:45:46 : Direct: Faldehals: here are dirty players the most are
06:46:16 : Direct: James: how many?
06:46:56 : Direct: Faldehals: the most i think shoot all they can and carful with your stuff its alowed to steal 
06:47:05 : Direct: James: got it
06:47:18 : Direct: The Kraken: I am trying to be a Hero
06:47:47 : Direct: Faldehals: im but 8650 its not easy
06:48:07 : Direct: The Kraken: It never is
06:48:17 : Direct: Faldehals: bandit sucks that no problem to shoot all you can
06:49:11 : Direct: James: well i'm gonna go make some gold
06:49:18 : Direct: James: take care
06:49:19 : Direct: Faldehals: lol what you do with this gun ?
06:49:35 : Direct: Faldehals: you to hf and gl
06:50:10 : Direct: Faldehals: JAMES ?!?!
06:51:06 : Direct: Faldehals: cya
06:53:46 : Side: Faldehals: james there are much ai at the airfield and the camps with fishing you get easy money
06:55:12 : Side: Faldehals: lol RedRyder BB Gun what i can kill with it not sure its enough wums for a rabbit
07:00:54 : Side: Faldehals: AHA
07:06:50 : Side: Faldehals: die sach ma an bist schon bei 100k ?
07:07:16 : Side: 2DIE4:  lol loker und  bei über 2 KK  XD
07:07:26 : Side: 2DIE4:  ach du meinst humanity? nee net ganz
07:08:02 : Side: Faldehals: freak :)
07:11:03 : Side: Faldehals: wie schauts was willst für haben wenn ich dir ma nen headshoot geben darf aus interesse wieviel ich bekomm für den kill bei 100k- oder ists egal
07:17:20 : Direct: Faldehals: sec make music on
07:18:55 : Direct: Faldehals: sec we need beers 
07:20:00 : Direct: Faldehals: HERE
07:20:29 : Side: 2DIE4:  wenn man garage baut in welche richtung öffnet sich die tür noch ?
07:20:34 : Direct: Faldehals: cheers
07:20:42 : Side: Gazelkin54: thank you
07:20:42 : Direct: Faldehals: zu dir ?
07:20:46 : Side: 2DIE4:  sry
07:20:57 : Side: 2DIE4: anybody knows? 
07:20:58 : Side: Faldehals: zu dir ?
07:21:17 : Side: Faldehals: i think
07:21:24 : Side: 2DIE4:  if u built a cindergarage doorway.. wich side will the door open to?
07:21:58 : Side: Faldehals: you must build it from the outside
07:22:25 : Side: 2DIE4:  and now the tricky part... if i turn it upside down XD
07:22:26 : Side: Faldehals: ich denk so magst es haben
07:22:48 : Side: svvay: dank
07:32:22 : Side: svvay: after 7 days, what are the reset codes for lockbox?
07:32:55 : Side: 2DIE4:  if i can have a look at them ill tell u    =)
07:33:03 : Side: svvay: hihi
07:33:35 : Side: 2DIE4:  ill text u in group 
07:33:48 : Side: svvay: ait, send u inv
07:33:49 : Side: svvay: send new
07:34:28 : Group: 2DIE4:  codes would be first color and then 00
07:34:37 : Group: svvay: ahh, i see
07:34:39 : Group: svvay: cheers
07:34:40 : Group: 2DIE4:  should be red i think
07:34:44 : Group: svvay: red00?
07:34:47 : Group: 2DIE4:  yap
07:34:49 : Group: svvay: kk
07:34:50 : Group: svvay: thanks bro
07:34:54 : Group: 2DIE4:  np   =)
07:47:06 : Side: Faldehals: die noch in party würd dir gern was erzählen ...
07:48:05 : Group: Faldehals: sach ma gehn die wände zerstörn ?
07:48:10 : Group: 2DIE4: yap
07:48:14 : Group: Faldehals: ach
07:48:20 : Group: Faldehals: womit was brauchst ?
07:48:39 : Side: svvay: the bug where glasses made your chopper leak fuel
07:48:42 : Side: svvay: still a thing?
07:49:10 : Group: 2DIE4: viel munition oder geduld und gutes werkzeug
07:49:19 : Side: 2DIE4: yap
07:49:27 : Group: Faldehals: ich hab nen haufen he boxen abgesehn davon da steht bzw stand ne base unten links
07:49:44 : Group: Faldehals: die war offen da steht nen haufen drinne hab da nen plot gestellt
07:50:12 : Group: Faldehals: aber erstma nur holz was da am start war das ja dann fürn arsch oder ?
07:50:33 : Group: Faldehals: wie meinst das mit werkzeug ?
07:50:54 : Group: 2DIE4: kettensäge
07:51:28 : Group: Faldehals: sind safes auch nach 7 tagen offen
07:52:15 : Group: 2DIE4: yap
07:52:18 : Group: 2DIE4: 0000
07:52:39 : Group: Faldehals: kannst du von deim dach die missionen machen ? also die boxen solln auch mit 0000 aufgehn stimmt das ?
07:53:05 : Group: 2DIE4:  lockboxes gehn mit ro 00 auf
07:53:28 : Group: Faldehals: aha das aber server oder script abhängig oder ? 
07:53:36 : Group: 2DIE4:  ich kann net so viel schreiben ... meine mousescroll geht dann immer baden deswegen mach ich andauernd relog
07:53:49 : Group: 2DIE4:  yap is net bei allen so
07:53:55 : Group: Faldehals: was denkst wenn ich da mehrere cinderwalls übereinander bau denkst das geht =
07:54:05 : Group: 2DIE4:  wie jetzt?
07:54:23 : Group: Faldehals: damit da keiner rein kommt oder bzw net so einfach
07:54:33 : Group: Faldehals: ne blockade verstehst 
07:54:40 : Group: 2DIE4: yo 2 stk müssten schon langen ... 
07:54:41 : Group: Faldehals: 7 tage lang eben
07:54:49 : Group: 2DIE4:  relog )=) 
07:55:51 : Group: Faldehals: wegen muni ?
07:56:33 : Group: Faldehals: also den plot hab ich logicherweise unter nem safe nur kein plan was die hier von halten
07:58:07 : Group: Faldehals: da hier ja irgendwie alles erlaubt ist ... was die da allein in den zelten hatten an speerholzpacks und kisten mit tanktraps und scheiss
07:58:55 : Group: Faldehals: hab da vorhin alles was noch brauchbar war raus an plotpolen zum selbstmachen aus den dokumenten
07:59:33 : Group: Faldehals: war schon einiges und denk 5 safes und bald 10 boxen stehn da drinne
08:00:15 : Group: Faldehals: tracktor aha machst einen auf farmer wa lol
08:02:10 : Group: Faldehals: eins noch wegen der humanity bekomm ich wenn ich nen bandit mit deiner humanity wegballer mehr als wenn er nur sagen wa ma 10k nur hat ?
08:02:27 : Group: 2DIE4: yap
08:02:55 : Group: Faldehals: aber du verlierst aber nichts oder ?
08:03:05 : Group: Faldehals: alter mein deutsch heut
08:03:10 : Group: Faldehals: abedeabede
08:03:13 : Group: 2DIE4: nö
08:03:41 : Group: Faldehals: mich würd das echt ma interessiern hab dich vorhin was gefragt hasts mitbekommen ?
08:03:55 : Group: 2DIE4: yap
08:04:02 : Group: Faldehals: aber nix geantwortet
08:04:13 : Group: 2DIE4:  später
08:06:57 : Group: Faldehals: alles klar hau mich raus aus gruppe wenne willst oder nerv tucker noch ne runde mit mozziella und lass mucke laufen
08:07:10 : Group: 2DIE4: XD
08:08:19 : Group: Faldehals: die benzinpumpen konnte man mal aufbauen und wie nen servicepoint benutzen und wieder abbaun wie isn das hier ?
08:08:27 : Group: 2DIE4: ka
08:09:13 : Side: Faldehals: k danke 
08:09:23 : Side: 2DIE4: np
08:11:58 : Side: Sierra [SD]: Hi all, everything ok?
08:12:09 : Side: 2DIE4:  hi #
08:12:18 : Side: 2DIE4:  u culd do me  a favor pls
08:12:34 : Side: Sierra [SD]: depends on the favour ;)
08:12:36 : Side: Faldehals: hmmm
08:12:54 : Side: 2DIE4:  i had to put a new garage doorway on my base 
08:13:06 : Side: 2DIE4:  and its upside down wich is intended 
08:13:16 : Side: 2DIE4:  but it opens to the wrong side
08:14:09 : Side: 2DIE4: can u turn it so it opens to the outside  or at lest tell me wichside it opens to when i built i t 
08:14:44 : Side: Sierra [SD]: can't you deconstruct it and turn it the right way? - when you first place them, they open towards the way you are standing.
08:15:03 : Side: Faldehals: sacht ich doch
08:15:20 : Side: 2DIE4: they r modular and therefore they  dont get back to your inv
08:15:45 : Side: 2DIE4:  i will try  a new one then 
08:16:37 : Side: Sierra [SD]: I can't move them or change them around unfortunately. I can only delete which would have the same effect.
08:16:49 : Side: 2DIE4:  well thx anyway
08:16:51 : Side: Faldehals: im at the toilet at klen can someone bring me  toiletpaper its out here ? :/
08:17:06 : Side: 2DIE4:  XD
08:17:27 : Side: Faldehals: i saw it but it was to late ... lol
08:47:17 : Side: Turmoil: good morning people ^^
08:47:31 : Side: Sierra [SD]: Morning - alright?
08:47:33 : Side: KGB: салют
08:47:47 : Side: 2DIE4:  hey sierra  my key is gone ... 
08:47:47 : Direct: Faldehals: svd here
08:48:04 : Side: Turmoil: dont know if its alright yet, just in to play a bit before i leave ^^ lol
08:48:43 : Side: Sierra [SD]: what do you mean its gone? - Ah right yeah - you don't have long do you?
08:49:01 : Side: Turmoil: got like... umm
08:49:02 : Side: 2DIE4: like i keep it in the safe and i cant find it 
08:49:24 : Side: Turmoil: 09:50 now so another 40 min until i gotta get in the car ^^
08:49:24 : Side: 2DIE4:  off 4  a smoke and breakfast
08:49:51 : Side: Sierra [SD]: You will have to talk to LWB about that one - we don't usually give out keys 
08:50:01 : Side: Sierra [SD]: righty
08:50:30 : Side: Sierra [SD]: ah right - you have time to get something done then :)
08:53:14 : Side: Turmoil: why do cats have to be such A-Holes sometimes? -_-
08:53:39 : Side: Sierra [SD]: :D - why what happened?
08:54:01 : Side: Turmoil: jumped up on the kitchen counter and managed to break a glass *sighs*
08:54:53 : Side: Sierra [SD]: ah - to show their superiority to the human race? xD
08:55:10 : Side: Turmoil: i guess thats the reason... sometimes i just wanna strangle them
08:55:36 : Side: Sierra [SD]: xD
08:57:08 : Side: Sierra [SD]: sods law they will break something when you have little time because you are going out & want to enjoy playing your game! :P
08:57:25 : Side: Turmoil: yeah xD
08:57:47 : Side: Turmoil: well, most of the time they are cute and cuddly... but like you said, when you really dont have time for the stuff they do something wrong
09:00:09 : Side: Sierra [SD]: yep! Haven't actually had a cat in the house since I was a child but he was a sweet cat. Not very clever but sweet.
09:01:29 : Side: Turmoil: it seems to me like most cats act stupid...
09:01:47 : Side: Sierra [SD]: xD
09:01:56 : Side: Turmoil: but im sure that they secretly are planning to kill us and rule the world... they got to have a plan in all their madness xD
09:02:44 : Side: Sierra [SD]: lol yes - some of them do seem to look at you a bit shiftily when they think you arent looking! :P
09:03:57 : Direct: JohnnyFloss: Садись
09:03:57 : Group: Gazelkin54: дискорд за глючил
09:03:59 : Side: Turmoil: hows work today? ^^
09:04:15 : Side: Sierra [SD]: not too bad thanks - phone started early!
09:04:41 : Side: Turmoil: i watched a TV show last night, british hospital show
09:04:50 : Side: Turmoil: thought of you and LWB, liol
09:04:55 : Side: Turmoil: lol*
09:05:02 : Group: Gazelkin54: мне надо комп перегрузить
09:05:19 : Group: JohnnyFloss: Peregruzhai
09:05:20 : Side: Sierra [SD]: haha :D - what like a documentry or an entertainment show?
09:05:22 : Group: Gazelkin54: открой выйду
09:05:42 : Group: JohnnyFloss: vitek vse rovno k helkrashu pobezhal
09:05:50 : Group: Gazelkin54: машину открой
09:05:54 : Side: Turmoil: was just one of those documentaries where you follow the people who work there
09:06:00 : Group: Gazelkin54: выхожу
09:06:20 : Side: Sierra [SD]: ah right yeah - LWB watches one like - 24h in A&E or something like that
09:06:56 : Side: Turmoil: yeah, except this one was inside the main hospital, long term patients etc
09:07:09 : Side: Sierra [SD]: ah right - sounds interesting
09:07:38 : Side: Turmoil: hey, just wondering btw... are LWB planing on adding more guns and cars etc to the game? ^^
09:10:16 : Side: Sierra [SD]: oops lol
09:10:39 : Side: Turmoil: sucide or forgot to eat? xD
09:10:54 : Side: Sierra [SD]: neither - got up to let the dog back in at a mission xD
09:11:12 : Side: Turmoil: ooooh, lol
09:11:48 : Side: Sierra [SD]: This is why I can't do mythic dungeons and raids with people :D
09:11:58 : Side: Sierra [SD]: always things to be done :D
09:12:15 : Side: Turmoil: lol, well im the quite oposit... if i have to use the toilet etc i just keep it in until im done with what im doing xD
09:14:07 : Side: Sierra [SD]: lol - I wish! I have too many interuptions
09:14:38 : Side: Sierra [SD]: Would have been no chance for me yesterday! I must have peed 4 times over the space of an hour!
09:15:11 : Side: Turmoil: well, sometimes if you gotta go, you just gotta go xD
09:15:54 : Side: Turmoil: ummm, i wanna accuse a zombie of cheating...
09:16:08 : Side: Sierra [SD]: :D - oh lol why what have you seen?
09:16:22 : Side: Turmoil: i shot him 7 times with an M4 before he died xD 3 of them in the head
09:16:36 : Side: Sierra [SD]: lol :D he must have been glitchy
09:16:58 : Side: Dontir: ЗДЕСЬ РУССКИЕ!
09:17:09 : Side: Turmoil: thats what im gonna call him, the police officer zombie is hereby named Glitchy
09:17:34 : Side: Sierra [SD]: I am on teamspeak btw if you want to chat for a bit before you go. Can prob get away with 10-15 mins :D 
09:17:38 : Side: Sierra [SD]: haha :D
09:17:51 : Side: Turmoil: im already there :) been in chatroom one since i logged on the game
09:18:11 : Side: Sierra [SD]: oh i didnt see you come in
09:18:21 : Side: Turmoil: stealthy... i had my ghillie on xD
10:19:59 : Side: 2DIE4:  so sierra   im back ... 
10:20:10 : Side: 2DIE4:  can we find out what happend to my key? 
10:21:05 : Side: 2DIE4: relog  
10:29:49 : Side: Sierra [SD]: Hiya - sorry I wasn't on the screen 2DIE4 - I think you will have to speak to LWB later as I'm not sure what happened to your key and we don't 
10:29:54 : Side: Sierra [SD]: usually give out spares.
10:30:22 : Side: 2DIE4:   im just wondering since i havent moved the chopper and i keep it in the safe when its not in use
10:31:09 : Side: Sierra [SD]: Yeah. There isnt really any way of us telling how it has gone missing I'm afraid, but like I said you can speak to LWB later and see what he says.
10:31:38 : Side: 2DIE4:  ok   i will = )  thx
10:31:51 : Side: Sierra [SD]: I'm not sure exactly when he will be back but I have mentioned it to him already.
10:32:04 : Side: 2DIE4:  i know there is sometimes things buggin out the safe 4 no reason ... 
10:32:40 : Side: 2DIE4:  had it on the other server one day.. all my big boom booms and the toolbeltitems were gone .  like all weapon slots    
10:33:38 : Side: Sierra [SD]: Yeah. I don't think we have had any major problems like that yet. I'll remind him about it when I get in later.
10:37:10 : Side: MeGa_Koffiepot: can you boil your water bottel?
10:39:05 : Side: Sierra [SD]: yeah - on fire or over a fire barrel
10:39:16 : Side: MeGa_Koffiepot: copy thx 
10:40:26 : Side: Sierra [SD]: :)
10:41:46 : Side: PRISMIC: headshot you there
10:43:10 : Side: PRISMIC: okay soz
10:46:33 : Side: PRISMIC: WHAT  DO I  DO IF I HAVEBROKEN LEG ?
10:47:11 : Side: 2DIE4: use morphne
10:50:07 : Side: PRISMIC: coffe need help
10:50:12 : Side: MeGa_Koffiepot: copy omw
10:50:30 : Side: MeGa_Koffiepot: getting some medics en starting up ts
10:50:34 : Side: PRISMIC: got broken leg
10:50:38 : Side: MeGa_Koffiepot: copyµ
10:51:05 : Side: PRISMIC: im  at base
10:51:07 : Side: MeGa_Koffiepot: need blood to ?
10:51:32 : Side: MeGa_Koffiepot: omw
10:51:36 : Side: PRISMIC: no just morphine  whats your eta
10:52:57 : Group: MeGa_Koffiepot: 5 k 
10:52:59 : Side: PRISMIC: rta coffee ?
10:53:08 : Side: PRISMIC: okay you flying ?
10:53:17 : Group: MeGa_Koffiepot: yes take group chat ^^ 
10:53:36 : Group: MeGa_Koffiepot: 4k
10:54:02 : Group: MeGa_Koffiepot: 3 k ts is updating for the mom
10:54:07 : Group: MeGa_Koffiepot: 2k
10:54:15 : Side: PRISMIC: copy that
10:54:43 : Side: PRISMIC: am i glad to see you
10:55:12 : Side: PRISMIC: TS ?
10:55:13 : Group: MeGa_Koffiepot: lets see to ts
10:55:30 : Group: MeGa_Koffiepot: 65% download
11:04:21 : Side: 2DIE4:  hey sierra  
11:04:34 : Side: 2DIE4:  u should put  a minefield into the missions ... 
11:04:52 : Side: 2DIE4:  ppl just shoot the M2s and run over the rest with  a vodnik or so 
11:05:00 : Side: 2DIE4:   thats just pussy stile  acting =)
11:05:48 : Side: Sierra [SD]: ;)
11:06:10 : Side: 2DIE4:  dont u tzhink ?   i mean someone playing alone cant compete on vehicle missions 
11:08:30 : Side: Sierra [SD]: Yeah maybe - personally I don't know why people bother running over the ai anyway - 1/2 the fun of the mission is shooting out the ai. I'm not sure 
11:08:36 : Side: Sierra [SD]: you get humanity if you run them over
11:09:29 : Side: Sierra [SD]: I shall pass your suggestion onto LWB :)
11:09:34 : Side: 2DIE4:    =9 
11:09:36 : Side: 2DIE4:   =)
11:10:34 : Side: Sierra [SD]: I'm sure the mayors mansion used to have mines on our old server actually.
11:10:50 : Side: Sierra [SD]: on the old epoch rather I mean
11:11:10 : Side: 2DIE4:  i know servers that have them on every mission so u can just clear mission going there
11:11:38 : Side: Sierra [SD]: ah yeah
11:25:02 : Group: MeGa_Koffiepot: w8 in the heli en let it run quick buy a plot pole 
11:30:09 : Side: JohnnyFloss: kempedrist
12:15:39 : Side: Legend: yo guys, what does the vehicle pound do?
12:16:09 : Side: Brian: maybe its where the vehicles at the traders go when the server restarts
12:16:31 : Side: Legend: kk thanks
12:16:40 : Side: Brian: np
12:17:49 : Side: Brian: anyone wanna do that mission?
12:19:10 : Side: Brian: ??
12:23:36 : Side: Brian: can i get picked up?
12:30:29 : Side: Brian: can i get a pickup please?
12:30:45 : Side: 2DIE4:  y dont u run?
12:30:53 : Side: Brian: i am i have 2.7km to go
12:30:58 : Side: Brian: 3.7*
12:30:58 : Side: 2DIE4:  so what?
12:31:04 : Side: 2DIE4:  thats nuttin
12:31:15 : Side: Brian: im new this is alot for me
12:31:15 : Side: 2DIE4:  u just lazy
12:31:26 : Side: 2DIE4:  press 0   and its auto run
12:31:28 : Side: Brian: :I
12:31:36 : Side: Brian: oh cool
12:34:48 : Side: Brian: i have such an uncomfortable chair
12:36:27 : Side: Brian: is NN AI?
12:41:49 : Side: Sierra [SD]: Hi all
12:41:54 : Side: [KRT]Uku: Hey
13:05:01 : Direct: Sierra [SD]: knock knock
13:05:26 : Direct: 2DIE4:  hello  =)
13:05:27 : Direct: Sierra [SD]: hiya
13:05:53 : Direct: Sierra [SD]: oh right - yeah I've had to reinstall b4
13:06:02 : Direct: Sierra [SD]: it goes wrong sometimes for no reason lol
13:06:05 : Direct: Sierra [SD]: arma xD
13:06:15 : Direct: Sierra [SD]: I've spoken to LWB
13:06:35 : Direct: Sierra [SD]: he says on this occasion we will give you your key back - but in future for you to make copies
13:06:57 : Direct: Sierra [SD]: yeah 5xfood cans over fire
13:07:04 : Direct: Sierra [SD]: makes tin bar + keymaker kit
13:07:14 : Direct: Sierra [SD]: xD
13:07:20 : Direct: Sierra [SD]: your heli here?
13:07:40 : Direct: Sierra [SD]: ok I can make you a key if you show me
13:07:44 : Direct: Sierra [SD]: yep
13:08:59 : Direct: Sierra [SD]: hi :)
13:09:44 : Direct: Sierra [SD]: ah right I see - good idea
13:10:25 : Direct: Sierra [SD]: i can copy a new key from the heli -yeah
13:11:02 : Direct: Sierra [SD]: this one?
13:11:24 : Direct: Sierra [SD]: ah right that is weird it says it has no id
13:11:47 : Direct: Sierra [SD]: wont let me copy the key - will have to completely do a new one I think
13:12:09 : Direct: Sierra [SD]: which I will have to do outside as I dont want to blow up your base :D
13:12:19 : Direct: Sierra [SD]: ill delete this one and put new one outside
13:14:04 : Direct: Sierra [SD]: lol
13:14:39 : Direct: Sierra [SD]: np :) - but remember to keep copies perhaps in other safes. Yeah that is weird isnt it. I guess it glitched.
13:15:08 : Direct: Sierra [SD]: Np xD - ok then well I will see you later - have fun!
13:37:29 : Side: hitrec: Gazelkin, q ))
13:38:16 : Side: Gazelkin54: che?
13:38:28 : Side: hitrec: hi
13:38:35 : Side: Gazelkin54: hi
14:01:32 : Side: [RussianMafia]Hatter: vovan ckolko octalos?
14:01:40 : Side: BOBAH: 2k
14:01:43 : Side: BOBAH: ))
14:01:48 : Side: [RussianMafia]Hatter: ///
14:01:49 : Side: BOBAH: не на тех напали )ф
14:01:49 : Side: [RussianMafia]Hatter: ...
14:01:55 : Side: Michael: english only my russian friends
14:01:57 : Side: [RussianMafia]Hatter: da da
14:02:04 : Side: 2DIE4:  still english inside  
14:03:25 : Group: hitrec: ты опять что ли ник сменил?
14:18:44 : Side: Winans: wtf is the lag on this server
14:46:43 : Direct: Lancer: with 100% body damage this car explod nezt tree
14:47:08 : Side: [RussianMafia]Hatter: BoBAH
14:47:20 : Side: [RussianMafia]Hatter: Hy 4e c kem ne prokatbiBaet
14:47:40 : Side: BOBAH: chro ?
14:47:47 : Side: Lancer: is this english xd
14:47:55 : Side: [RussianMafia]Hatter: Udu HA Xyu
14:47:59 : Side: BOBAH: da
14:48:23 : Side: BOBAH: vas skolko tam bylo ?
14:48:29 : Side: [RussianMafia]Hatter: 9 1
14:48:31 : Side: [RussianMafia]Hatter: Ya 1
14:48:32 : Side: BOBAH: ya dvoix ebil
14:48:38 : Side: 2DIE4:  its still english   for fucks sake
14:49:08 : Side: Lancer: russen halt
14:49:45 : Side: BOBAH: nenavidyat russkih , nacionalisty grebannie
14:49:55 : Side: 2DIE4: if u russian dudes cant adapt to the server rules u need to leave
14:50:49 : Side: [RussianMafia]JeRaX: we don't know English
14:50:54 : Side: 2DIE4:  then leave
14:50:57 : Side: [RussianMafia]JeRaX: no
14:51:04 : Side: 2DIE4:  read the rules  
14:51:07 : Side: Lancer: than not use side chat
14:51:17 : Side: [RussianMafia]JeRaX: I'm not talking to you
14:51:20 : Side: 2DIE4:  yap use your  squad chat
14:51:28 : Side: [RussianMafia]JeRaX: don't read my messages
14:51:30 : Side: 2DIE4:  tzhat would be  a perfect solution
14:51:49 : Side: BOBAH: we knoow rools but we need communicate
14:51:58 : Side: 2DIE4:  then use the group chat  dude
14:52:11 : Side: BOBAH: we are enemys
14:52:13 : Side: [RussianMafia]JeRaX: we are not in the group
14:52:28 : Side: 2DIE4: then follow the fucking rules and speak english inside!
14:54:58 : Side: 2DIE4:   sounds good LWB 
14:55:01 : Side: 2DIE4:  and hi  =)
14:55:29 : Side: 2DIE4: thx  to the story  about earlier .... safes do crazy thing sometimes
14:59:03 : Side: 2DIE4: omg  LWB  can u pls help me ?  
14:59:49 : Side: 2DIE4:  i installed the damn door so it would open to the outside but it must have turned now that  humpty is opening to the inside 
15:00:11 : Side: 2DIE4:  just if u can otherwise ill get new stuff
15:00:27 : Side: 2DIE4:  i can do that  XD
15:00:38 : Side: 2DIE4:  ok   ill get a new one =) 
15:01:48 : Side: Winans: wtf
15:02:07 : Side: hitrec: xD
15:02:22 : Side: hitrec: rofl
15:02:47 : Side: hitrec: deach
15:05:50 : Direct: Gladstone: who dat?
15:06:45 : Direct: Gladstone: get outta there dude
15:13:25 : Group: PRISMIC: termil canu give me a lifty ?
15:13:36 : Group: PRISMIC: lift
15:13:37 : Group: Turmoil: dont have heli, i deleted my key :'(
15:13:56 : Group: PRISMIC: car ?
15:13:57 : Group: Turmoil: im soon gonna drive down to Klen tho :)
15:14:01 : Group: Turmoil: yeah
15:14:10 : Group: Turmoil: comon down, ill leave in a couple of mins
15:14:24 : Group: PRISMIC: can ugive me lift to  airecraft dealer then ill give u lift in heli /
15:14:32 : Group: PRISMIC: ill pay u /
15:14:35 : Group: Turmoil: sure ^^
15:14:50 : Group: Turmoil: dont need any payment for it, just nice to help out a neighbour ^^
15:14:55 : Group: PRISMIC: come  up to me ill meet u half way 
15:15:29 : Group: Sir LongSleeves: say again
15:15:36 : Group: Sir LongSleeves: wassnt looking on chat
15:15:41 : Group: PRISMIC: start drivin to me
15:15:50 : Group: Turmoil: yeah coming now
15:16:47 : Group: Turmoil: you in TS?
15:16:55 : Group: PRISMIC: YH MATW
15:18:42 : Side: [RussianMafia]ICEE: ЕЕЕЕЕЕЕЕЕЕЕЕЕЕЕЕЕЕЕЕЕЕЕЕЕЕЕЕЕЕЕЕ
15:19:05 : Direct: PRISMIC: spam
15:47:55 : Side: AvtozonA: зайди в ТС
15:48:02 : Side: 2DIE4: english in side pls
15:48:08 : Side: [RussianMafia]ICEE: Debil
15:48:18 : Side: AvtozonA: fack off
15:48:22 : Side: [RussianMafia]ICEE: Ne pichi na ruskom
15:48:25 : Side: 2DIE4:  thx    
15:48:40 : Side: 2DIE4:  u will be  on the report site later  
15:48:47 : Side: [RussianMafia]ICEE: Za eto ban daut
15:48:54 : Side: 2DIE4:  and learn to spell brainfart
15:49:08 : Side: [RussianMafia]ICEE: Pihi tak
15:49:48 : Group: [RussianMafia]gg_teemo: KEK
15:51:00 : Side: M.K.: what's with the whole carrying and holding in inventory?
15:51:17 : Side: M.K.: is it a addon from this server only or from the new epoch/dayz update?
15:51:41 : Side: M.K.: can someone answer plesae?
15:51:55 : Side: Winans: its the banana 3.3 mod
15:52:02 : Side: M.K.: thanks mate
15:52:06 : Side: M.K.: lwb
15:52:19 : Side: M.K.: so the new interface is also from the new dayz update?
15:52:58 : Side: M.K.: it seems a bit off / modded, i played a while ago a ton of dayz and now it seems a bit strange but in a good way
15:53:04 : Side: M.K.: i mean the inventory interface
15:53:30 : Side: M.K.: oh sweet so they update it, i thought it was on this server only
15:53:59 : Side: M.K.: meh its alright
15:54:00 : Side: M.K.: but
15:54:15 : Side: M.K.: i didnt see before this "carrying / holding " thing
15:54:21 : Side: Winans: how come i killed 2 ppl today but my humanity did not change at all
15:54:22 : Side: M.K.: so thats why i asked
15:55:04 : Side: M.K.: whenever im planing on starting to play dayz mod again im always looking for a good server to stay on , to worth the time spent on it
15:55:16 : Side: M.K.: without many addons and useless things
15:55:28 : Side: M.K.: and i hope i made the right choice with this one
15:55:31 : Side: M.K.: :D
15:55:34 : Side: Sir LongSleeves: any admin on? i logged off yesterday, came back today and we had 2 vodniks and 2 Camo SUV's and they all glitched out of the game
15:55:51 : Side: Sir LongSleeves: we still have the keys for them but they cant locate them
15:56:18 : Side: Sir LongSleeves: they were all locked
15:56:36 : Side: Sir LongSleeves: and we did use them yesterday
15:57:02 : Side: Sir LongSleeves: they werent blown up as far as i know
15:58:22 : Side: Sir LongSleeves: ok i know enough, ill get the guy who did it
15:59:08 : Side: _The_SnikerS_: /vote night
15:59:19 : Side: svvay: Hell yeah buddy!
16:23:09 : Side: Turmoil: Sierra?
16:23:18 : Side: Sierra [SD]: Hiya
16:23:27 : Side: Turmoil: are you or LWB close to me? 
16:23:46 : Direct: Sierra [SD]: what's up?
16:24:03 : Direct: Turmoil: i saw a character like superspeeding across this field
16:24:24 : Direct: Sierra [SD]: how long ago?
16:24:26 : Direct: Turmoil: might have been a glitch
16:24:40 : Direct: Turmoil: just before i typed and asked if u were close
16:26:53 : Group: Turmoil: want the safe?
16:31:35 : Direct: PRISMIC: searra 
16:41:25 : Side: Phaetta: How much KSVK sell for?
16:43:52 : Side: Logix: HI GUYS
16:43:59 : Side: Sierra [SD]: Hi :)
16:46:22 : Direct: PRISMIC: searra you there ?
16:46:49 : Direct: PRISMIC: where can you  sell nightvision ?
16:48:13 : Side: svvay: any kind admin wanna do me a favour? ^^
16:48:26 : Side: Sierra [SD]: what's up?
16:48:44 : Side: svvay: having the problem of not being able to fly as of all windows are broke
16:48:53 : Side: svvay: and have no petrol neither petrol station nearby :p
16:49:04 : Side: 2DIE4:  repair them  =)
16:49:05 : Side: PRISMIC: searre ?
16:49:10 : Side: PRISMIC: admin ?
16:49:14 : Side: 2DIE4:  get barrels and then get fuel  =)
16:49:16 : Side: Sierra [SD]: you will have to repair and buy some fuel
16:49:18 : Side: PRISMIC: can you  sell night  vision /
16:49:26 : Side: 2DIE4:  yes
16:49:32 : Side: Sierra [SD]: Should be able to yes
16:49:32 : Side: svvay: its work to run back and forths
16:49:33 : Side: svvay: xd
16:49:33 : Direct: PRISMIC: where
16:49:39 : Side: Sierra [SD]: lol :P
16:49:42 : Side: PRISMIC: where ?
16:50:04 : Side: PRISMIC: where can you sell nightvision ?
16:50:05 : Side: Sierra [SD]: i would have thought it would be in the toolbelt items
16:50:19 : Side: 2DIE4:  at the guy that hold toolbeltitems aswell
17:22:58 : Side: [NG2] Jesse: yo guys.. invite ?
17:23:12 : Side: PRISMIC: OKAY
17:23:18 : Side: MeGa_Koffiepot: hey jesse
17:23:45 : Side: MeGa_Koffiepot: oeps aggain rong butten 
17:23:50 : Side: MeGa_Koffiepot: ty
17:25:10 : Side: PRISMIC: COFFE  TS ?
17:29:55 : Side: svvay: as of not seen on the players list, who is NN?
17:31:20 : Side: M.K.: why a friend of mine cannot join or see the server?
17:31:25 : Side: M.K.: it says to him session lost?
17:31:43 : Side: svvay: for me it helped to just simply relog
17:31:54 : Side: M.K.: i experienced this issue myself a few times
17:33:09 : Side: [RussianMafia]DiZZy: Sorry guys, sorry. Russian Mafia
17:41:28 : Group: [NG2] Jesse: d?
17:43:30 : Side: Phaetta: Damn SnikerS ^^ 
17:43:37 : Side: Phaetta: OP
17:44:07 : Side: Phaetta: SnikerS is on fire! xD
17:47:44 : Side: M.K.: how can i turn off the Window to the upper right? debug i think it's called
17:48:22 : Side: M.K.: ty
17:49:21 : Group: SAMI   svvay: ay
17:53:59 : Group: [NG2] Jesse: ?w
17:54:23 : Group: PRISMIC: need evac
17:54:30 : Side: PRISMIC: need evac
17:55:33 : Side: PRISMIC: searra there is a  major bug
17:55:52 : Side: PRISMIC: with the mozze
17:57:09 : Side: Sir LongSleeves: mozzies committing suicide
18:00:04 : Side: Sir LongSleeves: losing power and dropping like a rock
18:00:31 : Side: PRISMIC: woth no damage  that happened  to me
18:02:58 : Side: M.K.: can you commit suicide?
18:03:26 : Side: PRISMIC: coffee come to me
18:04:20 : Group: MeGa_Koffiepot: yeah ? 
18:04:36 : Side: PRISMIC: what ?
18:04:43 : Group: MeGa_Koffiepot: im ganne go en bild the base 
18:05:04 : Group: MeGa_Koffiepot: take the group chat btw
18:05:06 : Side: PRISMIC: can u give  me  lift to traider
18:05:12 : Side: PRISMIC: aircraft traider
18:05:26 : Group: Sir LongSleeves: me too
18:05:26 : Group: MeGa_Koffiepot: coppy come
18:07:43 : Side: PRISMIC: DEEESINNKK
18:10:43 : Side: PRISMIC: serra you there /
18:18:50 : Side: VPr3stigious: my plot pole says nothing needs to be managed - when will it say that something needs maintanence?
18:19:01 : Side: VPr3stigious: and how long after then will the building dissapear?
18:19:56 : Side: VPr3stigious: thanks admin :) 
18:25:48 : Side: Winans: can u ban sean heinz admin?
18:26:10 : Side: Sean Heinz: XC
18:26:21 : Side: Colin: he is singing stupid songs
18:26:24 : Side: Winans: hes annoying :D
18:26:31 : Side: Phaetta: mute him then
18:27:53 : Group: SAMI   svvay: patrik?
18:27:55 : Group: SAMI   svvay: er det du? XD
18:28:10 : Side: VPr3stigious: Admin, in my opinion tank traps + wire fencing shouldnt need to be managed, only modular building items
18:28:41 : Side: VPr3stigious: or they shouldnt cost as much to manage.
18:29:52 : Group: [NG2] Jesse: hi
18:30:17 : Group: [NG2] Jesse: prismic
18:30:24 : Side: PRISMIC: yes
18:30:30 : Group: [NG2] Jesse: hi
18:30:38 : Side: PRISMIC: you doing ai
18:30:51 : Group: [NG2] Jesse: good yuo helping me with mission>? 
18:30:58 : Side: PRISMIC: yh
18:31:05 : Group: [NG2] Jesse: talk grou
18:31:09 : Group: [NG2] Jesse: group ^^ 
18:31:23 : Group: PRISMIC: k
18:31:43 : Group: [NG2] Jesse: i am going closer.. keep a eye
18:31:59 : Group: PRISMIC: notthewre
18:32:18 : Side: Fontes: Hi :)
18:33:33 : Group: PRISMIC: come here
18:36:11 : Side: Fontes: well hi there chopper 
18:36:24 : Group: Sir LongSleeves: dude he can easily buy them himself
18:36:46 : Group: PRISMIC: what  anddive to trader long ....
18:37:01 : Group: Sir LongSleeves: its the same for everyone else
18:37:54 : Group: PRISMIC: cheers mate
18:40:10 : Side: Fontes: hello guy at the chopper
18:40:16 : Side: Fontes: im friendly
18:40:25 : Side: VPr3stigious: what shirt am i wearing?
18:40:27 : Side: VPr3stigious: color?
18:40:43 : Side: Fontes: cant really see
18:40:50 : Side: Fontes: your prone
18:40:54 : Side: VPr3stigious: how about now
18:41:13 : Side: Fontes: you taking of now
18:41:22 : Side: VPr3stigious: im not taking off. it isnt me
18:41:25 : Side: VPr3stigious: cheers 
18:44:09 : Side: [RussianMafia]Hatter: This have lock car?
18:44:16 : Direct: Fontes: hello
18:44:35 : Side: 2DIE4:  u cant lock the mission vehicles
18:44:38 : Direct: Fontes: im friendly
18:44:46 : Direct: SAMI   svvay: hi
18:44:52 : Direct: Fontes: im unarmed
18:45:05 : Direct: SAMI   svvay: where ya at
18:45:14 : Direct: Fontes: outside the barn
18:45:44 : Direct: SAMI   svvay: ok
18:45:51 : Direct: SAMI   svvay: where you from
18:46:01 : Direct: Fontes: the netherlands
18:46:48 : Direct: Fontes: i just started this yesterday
18:47:08 : Direct: Fontes: new to the game
18:47:19 : Direct: Phaetta: srry missclicked xD
18:47:33 : Direct: Phaetta: Im friendly
18:47:54 : Direct: Fontes: ah k
18:48:02 : Direct: Fontes: can you perhaps help me
18:48:29 : Direct: Fontes: ah see you
18:48:39 : Direct: Fontes: hi :D
18:48:55 : Direct: SAMI   svvay: hi ^^
18:49:03 : Direct: Fontes: so this is your base ?
18:49:06 : Direct: SAMI   svvay: si senor
18:49:08 : Direct: SAMI   svvay: you alone?
18:49:12 : Direct: Fontes: yea
18:49:24 : Direct: SAMI   svvay: you could join us
18:51:32 : Direct: Fontes: hi :
18:51:56 : Direct: Fontes: well thanks !
18:52:05 : Direct: Fontes: how you do lower it ?
18:52:26 : Direct: Fontes: ah i see
18:52:52 : Direct: Fontes: well you guys are the first nice people i met
18:53:09 : Direct: Fontes: i started yesterday and got shot right away
18:53:45 : Direct: Fontes: i have a mic but my english isnt very good
18:54:08 : Direct: Phaetta: Not mine nither xD
18:54:24 : Direct: Fontes: where are you from ?
18:54:35 : Direct: Fontes: lol
18:54:43 : Direct: Fontes: i really like to go to norway sometime
18:55:13 : Direct: SAMI   svvay: sounds great!
18:55:17 : Direct: SAMI   svvay: its a wonderful place imo
18:55:20 : Direct: Phaetta: How old are you? :)
18:55:26 : Direct: Fontes: 18 lol
18:55:31 : Direct: Fontes: yeah the netherlands sucks
18:55:32 : Direct: Phaetta: 17 here
18:55:33 : Direct: SAMI   svvay: both 17 here
18:55:40 : Direct: Phaetta: 420
18:56:12 : Direct: Fontes: you guys have nice stuff
18:56:27 : Direct: Fontes: do you guys now frankie ?
18:56:40 : Side: Zerox: coin or gold ?
18:56:41 : Direct: Fontes: stupid question :D
18:57:02 : Side: Zerox: guys
18:57:05 : Side: VPr3stigious: gold
18:57:07 : Side: VPr3stigious: no coins
18:57:07 : Direct: SAMI   svvay: no stupid questions, only stupid answers
18:57:13 : Direct: Phaetta: Xd
18:57:14 : Direct: SAMI   svvay: join the group my friend
18:57:15 : Side: Zerox: good
18:57:26 : Direct: Phaetta: F5 and accept
18:57:40 : Direct: Fontes: nice
18:58:22 : Group: SAMI   svvay: there are m240 ammo's in the chopper
18:58:37 : Group: SAMI   svvay: lets roll
18:59:04 : Group: Fontes: well this i exciting ;D
18:59:17 : Group: SAMI   svvay: ;)
18:59:22 : Group: SAMI   svvay: just shoot whenever you see someone
18:59:56 : Group: Fontes: this game is so heavy though
19:00:03 : Group: SAMI   svvay: indeed it is
19:00:46 : Side: VPr3stigious: ores and ore hills
19:00:58 : Side: VPr3stigious: do you break them with pickax or hammer?
19:01:23 : Side: LWB [SD]: sledgehammer
19:01:29 : Side: VPr3stigious: thank you
19:01:40 : Side: VPr3stigious: so what is pickax for?
19:01:46 : Side: LWB [SD]: no clue
19:01:59 : Side: VPr3stigious: lol k
19:03:27 : Side: VPr3stigious: is there only one breaking/broken stage for the ore pile?
19:03:47 : Side: LWB [SD]: I havent done in since 1.0.5.1 so Im not sure
19:03:56 : Side: 2DIE4:  cani built a well ? 
19:04:00 : Side: VPr3stigious: alrighty. i just popped one open but no ore inside
19:04:02 : Side: VPr3stigious: :/
19:04:22 : Side: LWB [SD]: might need a crowbar/toolbox too, Im really not sure
19:04:34 : Side: 2DIE4:  u need a  crowbar aswell to get to it 
19:04:35 : Side: VPr3stigious: thanks anyway
19:04:39 : Side: VPr3stigious: ah okay
19:04:45 : Group: Fontes: if your speaking to me cant hear ya chopper is to loud ;)
19:05:05 : Group: SAMI   svvay: :P
19:05:05 : Vehicle: Phaetta: Press f1 ^^
19:05:18 : Group: Fontes: owh lol
19:06:35 : Side: 2DIE4:  so can i built a well or  not on this one?
19:06:42 : Side: VPr3stigious: i dont think so
19:06:43 : Side: LWB [SD]: dont think so
19:08:04 : Side: [RussianMafia]gg_teemo: whether it is possible to attack the server datebase?
19:08:14 : Side: LWB [SD]: ?
19:08:26 : Side: [RussianMafia]Hatter: raid bases?
19:08:32 : Side: [RussianMafia]gg_teemo: yes
19:08:48 : Side: VPr3stigious: do you hit the rubble pile with the crowbar?
19:08:49 : Side: LWB [SD]: you can bases yes, attack the database no!
19:08:50 : Side: [RussianMafia]gg_teemo: sorry for my English
19:09:04 : Group: Fontes: no ammo
19:09:13 : Group: SAMI   svvay: there are more in the chopper
19:09:22 : Group: SAMI   svvay: take them in your inventory
19:09:27 : Group: SAMI   svvay: then scroll "add ammo"
19:09:46 : Group: Fontes: found it
19:09:55 : Side: VPr3stigious: that person who know how to mine rocks
19:10:04 : Side: VPr3stigious: once i have the crowbar, then what?
19:10:14 : Side: VPr3stigious: ive knocked it down with the hammer and now its a pile
19:10:25 : Side: 2DIE4:  well crowbar + toolbox i think..... 
19:10:44 : Side: 2DIE4:  works like the ammo crates   that hold mainly vehicle ammo
19:10:53 : Side: LWB [SD]:  think it has a scroll wheel message like deconstuct
19:10:59 : Side: VPr3stigious: hmm 
19:11:01 : Side: 2DIE4:  u destroy it then u deconstruct the pile
19:11:03 : Side: VPr3stigious: thanks
19:11:09 : Group: Fontes: whats the plan :D
19:12:12 : Side: VPr3stigious: thank you it worked!
19:12:17 : Side: VPr3stigious: got a few gold and a bunch of silver :D
19:14:53 : Group: Fontes: hellooo
19:14:59 : Group: Joshuaa: sup guys
19:17:00 : Group: Joshuaa: i cant get in the base at green mountain, eye scan failed
19:17:14 : Group: SAMI   svvay: we had to re-build the door
19:17:20 : Group: Joshuaa: oh ok man
19:17:32 : Group: Phaetta: 485
19:18:21 : Group: Fontes: so how long did it took to build this
19:18:35 : Group: SAMI   svvay: probably a whole day
19:18:50 : Group: SAMI   svvay: the code for this lockbox is Green47
19:18:59 : Group: SAMI   svvay: so you can store value in there
19:20:23 : Group: Fontes: server restart in 13 min
19:20:30 : Group: SAMI   svvay: roger that
19:21:25 : Group: Joshuaa: you guys want any help or you all good?
19:21:48 : Group: SAMI   svvay: we fine bro
19:22:00 : Group: SAMI   svvay: I'll look up the code
19:22:06 : Group: Joshuaa: ok cool, wheres the dead body at green mountain?
19:22:14 : Group: SAMI   svvay: try 485
19:22:23 : Group: Joshuaa: ya it worked, thanks
19:22:28 : Group: SAMI   svvay: yep, no probs!
19:23:16 : Group: Fontes: should i come with you ?
19:24:53 : Group: Fontes: well we gotta be fast :D
19:25:42 : Group: Fontes: wow 5 guys parachuting
19:25:53 : Group: Fontes: coming
19:25:57 : Group: Joshuaa: should i come down>
19:26:04 : Group: Joshuaa: on my way
19:28:41 : Group: SAMI   svvay: that was a balsy move by me lol
19:29:35 : Group: Fontes: well i shot 3 of them :D
19:30:51 : Group: Fontes: where do i need to spawn ?
19:31:33 : Group: Joshuaa: trty pustoshka
19:31:36 : Group: Joshuaa: try
19:31:45 : Side: SAMI   svvay: the Level 4 hero, what extras do they have?
19:31:59 : Group: Joshuaa: or kabanino
19:32:11 : Group: SAMI   svvay: yea, I spawned in Lopatino
19:32:14 : Group: SAMI   svvay: just for ze lolz
19:32:23 : Group: Fontes: i spawned at kabanino
19:32:26 : Side: Sierra [SD]: m24, bloodbags, few other things
19:32:28 : Group: SAMI   svvay: ait
19:32:44 : Side: SAMI   svvay: damn, should maybe consider joining the "good" side
19:33:03 : Group: Fontes: lol spawned at the mansion
19:33:08 : Group: SAMI   svvay: XD
19:38:15 : Group: Fontes: im back
19:38:23 : Group: Joshuaa: yo
19:38:35 : Group: Fontes: so you at the bodies ?
19:38:47 : Group: Joshuaa: me?
19:38:56 : Group: Fontes: yea
19:39:03 : Group: Joshuaa: nah im at the base man
19:39:17 : Group: Joshuaa: you need help?
19:39:22 : Group: Fontes: can you pick me up?d
19:39:39 : Group: Joshuaa: aint got a vehicle on hand atm, sorry man
19:39:42 : Group: Fontes: i was just shot by that ikea crash
19:40:03 : Group: Joshuaa: ah i was gonna come and help but the restart
19:40:53 : Group: Fontes: lol 2114 m walk
19:40:56 : Side: VPr3stigious: oops
19:41:10 : Side: VPr3stigious: admin, i accidentally left my ATV in traders during restart
19:41:16 : Side: VPr3stigious: where was it transported to?
19:41:28 : Group: Joshuaa: ill bring you a toolbox hold on
19:41:30 : Side: Sierra [SD]: the vehicle pound - its marked on the map
19:41:36 : Side: Sierra [SD]: up north
19:41:48 : Side: VPr3stigious: ah yeah
19:41:52 : Side: VPr3stigious: what happens there?
19:42:14 : Side: Sierra [SD]: Nothing - just where the vehicles go - just need to go pick it up
19:42:23 : Side: VPr3stigious: okay cool thanks
19:42:28 : Side: Sierra [SD]: np :)
19:42:31 : Group: Joshuaa: ill bring you a bike man
19:42:44 : Group: Fontes: ah k i am close now though
19:42:55 : Group: Joshuaa: you going to bodies?
19:42:56 : Side: Marco: you forgot to mention that the admins spraypaint 'dummy' on the side of your vehilce.
19:43:01 : Group: Fontes: yeah
19:43:02 : Side: Marco: permanently
19:43:04 : Side: VPr3stigious: ahahah
19:43:09 : Group: Joshuaa: ill come and get some stuff as well
19:43:11 : Side: Sierra [SD]: har har xD
19:43:11 : Side: VPr3stigious: thats fair enough
19:43:17 : Side: LWB [SD]: And plant a timed bomb in it
19:43:26 : Side: VPr3stigious: OH NO 
19:43:28 : Side: VPr3stigious: lol
19:44:44 : Group: Joshuaa: you want bike?
19:44:58 : Group: Fontes: well i is close isnt it ?
19:45:01 : Group: Fontes: it is
19:45:05 : Group: Joshuaa: ok, we can walk
19:45:43 : Group: Joshuaa: where are the bodies?
19:45:51 : Group: Fontes: really close to the base
19:45:56 : Group: Fontes: about 300 metres from it
19:45:59 : Side: Marco: koffie, sleeves, you guys got a group going?
19:46:11 : Group: Joshuaa: dude they wont be there anymore
19:46:22 : Group: Joshuaa: after restart they go
19:46:28 : Group: Fontes: ah yeah forgot
19:46:39 : Group: Joshuaa: shit 
19:46:50 : Group: Fontes: lol my character is stuk
19:46:55 : Group: Fontes: stuck
19:47:07 : Group: Joshuaa: back to base?
19:47:09 : Group: Fontes: keeps aiming
19:47:18 : Group: Fontes: yea best we can do
19:47:35 : Group: Joshuaa: you want bike then?
19:47:49 : Group: Fontes: i`ll take the bike
19:47:56 : Group: Fontes: if my person allows it
19:48:00 : Group: Fontes: lol
19:48:18 : Group: Fontes: im just stuck aiming
19:48:35 : Group: Joshuaa: log out and in?
19:48:42 : Group: Fontes: will do
19:49:54 : Group: Joshuaa: get toolbox down there
19:50:40 : Group: Joshuaa: lol
19:51:00 : Group: Joshuaa: you got it?
19:51:08 : Group: Fontes: no how do i place it?
19:51:23 : Group: Joshuaa: go to gear, right click toolbox and build bike
19:51:40 : Group: Fontes: and then to build ?
19:51:48 : Group: Joshuaa: spacebar
19:51:54 : Group: Fontes: ah
19:52:01 : Group: Fontes: sorry new to the game :D
19:52:08 : Group: Joshuaa: no problem
19:54:03 : Direct: 2DIE4: wanna drink? 
19:54:26 : Group: Joshuaa: someone has been here
19:55:13 : Group: Fontes: oh you have 2 bases
19:55:19 : Group: Joshuaa: could you go search for the dead body? follow the sound
19:55:57 : Group: Joshuaa: hmm
19:56:44 : Group: Colin: admin, 2die4 stole my wepons and sell it, have picture for proof
19:56:49 : Group: Fontes: probably glitches
19:56:50 : Group: Joshuaa: strange
19:57:06 : Group: Fontes: dammit now i lost my good gun :d
19:57:24 : Group: Joshuaa: come in
19:57:27 : Group: Fontes: that was actually the first time i shot somebody in dayz
19:57:36 : Group: Fontes: i got 3 of em
19:57:41 : Group: Fontes: and*
19:57:50 : Group: Joshuaa: nice man, take a gun from that shed if you need one
19:58:00 : Group: Fontes: loool
19:58:17 : Group: Fontes: witch one can i have
19:58:34 : Group: Joshuaa: sny, just take 1 and some ammo
19:58:42 : Group: Joshuaa: any
19:58:56 : Group: Fontes: can i take a backpack as wel ?
19:59:12 : Group: Joshuaa: dont see why not
20:01:14 : Group: Joshuaa: phaetta you want help?
20:01:53 : Group: Phaetta: nah, im okay :)
20:01:57 : Group: Fontes: where is your other buddy ?
20:02:07 : Group: Phaetta: he's afk atm
20:02:14 : Group: Fontes: ah k
20:02:16 : Group: Joshuaa: ok man, if you do let me know
20:02:23 : Group: Fontes: what are we gonna do
20:02:32 : Group: Phaetta: we could go and do missions?
20:02:38 : Group: Joshuaa: sounds good
20:02:40 : Group: Fontes: i`m oke with that
20:02:48 : Group: Phaetta: cool ^^
20:02:51 : Group: Phaetta: Come to me 
20:02:56 : Group: Fontes: maybe im better of with an assault 
20:03:01 : Group: Fontes: dont you think
20:03:01 : Group: Phaetta: brb btw
20:03:13 : Group: Joshuaa: im taking both
20:03:17 : Group: Fontes: or i can scout if you like
20:06:08 : Group: Fontes: should we go to phaetta
20:06:56 : Group: Joshuaa: he said hes good atm, wait for him to finish that one
20:07:27 : Group: Fontes: k gonna grab some beer :D
20:07:34 : Group: Joshuaa: ok haha
20:07:46 : Group: Phaetta: you can come and help if ya want to :D
20:08:07 : Group: Fontes: me ? :D
20:08:13 : Group: Phaetta: both ^^
20:08:48 : Side: Colin: LWB, have a problem here, 2die4 stole my weapons out of my car and sell it. Have video evidence
20:08:53 : Group: Fontes: sure
20:08:54 : Group: Joshuaa: on our way
20:09:00 : Group: Joshuaa: lets gooo
20:09:04 : Side: LWB [SD]: Read the rules please.
20:09:06 : Side: 2DIE4:  i know i was a bad boy
20:09:15 : Side: [NG2] Jesse: admin can you delete a heli? beacause i lost the keys..
20:09:18 : Side: Colin: an asshole too
20:09:21 : Side: 2DIE4:  only  a  shitta 48 mod CCO and a M24
20:09:34 : Side: 2DIE4:  im a bandit what do u expect  ? = )
20:09:36 : Group: Joshuaa: bike
20:09:46 : Side: Marco: Too bad he still does that shit but cries when people steal his helo. Yes i heard the stories.
20:10:11 : Side: Sir LongSleeves: marco you were there xD
20:10:11 : Side: 2DIE4:  well i didnt cry about them stealing it    
20:10:12 : Side: [NG2] Jesse: haha
20:10:27 : Side: Colin: yeah guys like him are the biggest pussys ever
20:10:27 : Side: Marco: hahahaha
20:10:34 : Side: Marco: yap
20:10:35 : Side: 2DIE4:  i kinda found it funny they would fuck somebody over after being offered a fair trade
20:10:42 : Direct: LWB [SD]: which one
20:10:47 : Side: Marco: *fair trade*
20:10:49 : Direct: [NG2] Jesse: little bird
20:10:50 : Side: Sean Heinz: @2DIE4 : I will look for you, I will find you and I will kill you !
20:10:52 : Side: 2DIE4:  colin    ull see how much of a  pussy i am   =) 
20:11:00 : Direct: LWB [SD]: :)
20:11:01 : Group: Fontes: drm shots
20:11:03 : Direct: [NG2] Jesse: thanks! 
20:11:05 : Group: Fontes: dmr
20:11:07 : Direct: LWB [SD]: np
20:11:10 : Side: 2DIE4:  sean come at me  sissi
20:11:11 : Group: Joshuaa: its fine
20:11:15 : Group: Joshuaa: its pha
20:11:35 : Side: Marco: 2DIE4, I'll happily airdrop these people into your base for you.
20:11:51 : Side: 2DIE4:  go 4 it  =) 
20:11:51 : Side: Sean Heinz: coming soon honey ...
20:11:52 : Side: Marco: if that's a favor
20:12:03 : Side: 2DIE4:  u knwo im not  abad shot XD
20:12:35 : Side: Marco: gonna be tight with a halo jump
20:13:40 : Side: 2DIE4:  ill tell u a secret....
20:13:49 : Side: Colin: fuck you
20:13:50 : Side: Sean Heinz: listening
20:13:54 : Side: 2DIE4:  even on a HALO jump u gotta open the damn chute in time 
20:14:01 : Side: 2DIE4:  ;-)
20:14:05 : Side: Marco: well, of course.
20:14:07 : Side: 2DIE4:  colin behave
20:14:33 : Side: 2DIE4:  read the rules  ... and i have been nice even intrader  =) 
20:15:01 : Side: 2DIE4:  now i gotta do some business
20:15:32 : Side: Sean Heinz: jea i will be nice too, to your raped family when i kill them ... slowly ...
20:15:43 : Group: Joshuaa: to stary now
20:15:46 : Group: Joshuaa: ?
20:15:55 : Side: Colin: idiot
20:15:59 : Side: 2DIE4:  likke i said kid read the rules and leave ppl that cannot defend themselves out of it
20:16:01 : Side: Colin: i mean sean
20:16:16 : Group: Joshuaa: font lets go
20:16:20 : Side: Sir LongSleeves: i agree, i mean, nobody deserves that sort of insults
20:16:23 : Side: 2DIE4:  sean do u run an NVIDIA? 
20:17:06 : Group: Joshuaa: im going to trader
20:17:13 : Group: Phaetta: Wanna lift?
20:17:13 : Side: Colin: ok, we wait for seans answer....
20:17:20 : Group: Joshuaa: yeah plz man
20:17:22 : Side: 2DIE4:  because  then u should know that i can run shadowplay the whole damn night to provide video evidence 
20:17:25 : Side: Colin: have fun 2die4
20:17:32 : Side: 2DIE4:  i dont need his answer .
20:17:53 : Side: Sir LongSleeves: he better say sorry if he dont want a bullet from me
20:18:07 : Side: Sir LongSleeves: cuz he went way out of line
20:18:19 : Group: Phaetta: just wait
20:18:24 : Group: Phaetta: have to get my keys
20:18:27 : Side: 2DIE4:  long sleeve knows its business never personal    even i got him fucked over twice so far i think  XD
20:19:00 : Group: Joshuaa: shit
20:19:00 : Side: Sean Heinz: okay i gues that was to much sorry 
20:19:15 : Group: Joshuaa: dont make noise
20:19:21 : Side: 2DIE4:    and after all its a game ... if u want a friggin 48mod cco   either loot one  there is plenty of bases and barracks or do a mission ull find plenty
20:19:30 : Group: Joshuaa: where he at?
20:19:35 : Group: Phaetta: woaw
20:19:47 : Side: 2DIE4:  i accept the apolgy and the challange  =) 
20:19:48 : Side: Sean Heinz: hmmm... k
20:19:53 : Group: Phaetta: that was gay
20:19:54 : Group: Joshuaa: where he at man?
20:20:00 : Side: Sean Heinz: XD alright thx 
20:20:08 : Group: Joshuaa: how he get in?
20:20:30 : Group: Phaetta: I died from falling down the stairs
20:20:35 : Group: Phaetta: no worries
20:20:44 : Group: Fontes: lol
20:20:48 : Group: Joshuaa: said you were shot with a g17 wtf
20:20:56 : Group: Phaetta: xD
20:21:05 : Group: Joshuaa: i was ready to kick some ass man haha
20:21:26 : Group: Phaetta: ahah xD
20:21:26 : Group: Fontes: lol my m4oa3 is gone
20:22:45 : Group: Joshuaa: shit haha
20:23:08 : Group: Fontes: cant see him
20:23:19 : Group: Phaetta: w
20:23:34 : Group: Joshuaa: he was 850m man
20:24:15 : Group: Joshuaa: im coming
20:25:52 : Group: Fontes: well im stuck here :D
20:26:17 : Group: Joshuaa: almost here
20:26:40 : Group: Joshuaa: get donw ladder idf you can
20:27:02 : Group: Fontes: did he shoot ?
20:27:18 : Group: Phaetta: he is shooting
20:27:33 : Group: Fontes: almost hit me
20:27:44 : Group: Joshuaa: mark him on map if you can and ill sneak on him
20:28:21 : Group: Fontes: cant see im
20:28:27 : Group: Fontes: him
20:28:39 : Group: Joshuaa: shots infront of you or behind?
20:28:54 : Group: Fontes: infront
20:29:13 : Group: Joshuaa: mark 850m infront of you on map
20:29:15 : Group: Fontes: from the base tot sosnovka
20:31:10 : Group: Joshuaa: fuck
20:31:54 : Group: Joshuaa: how cna i get in?
20:31:59 : Group: Joshuaa: without being killed
20:32:22 : Group: Phaetta: come in infront
20:32:27 : Group: Phaetta: run
20:32:28 : Group: Joshuaa: ok
20:32:31 : Group: Phaetta: it's open
20:32:41 : Group: Fontes: well he shot me lol
20:33:05 : Group: Joshuaa: need to try and get gear shit
20:34:42 : Group: Joshuaa: shit man where is he
20:34:44 : Group: Fontes: svvay
20:34:50 : Group: SAMI   svvay: sup
20:34:54 : Group: Fontes: behind you
20:35:02 : Group: SAMI   svvay: heyy
20:35:21 : Group: Fontes: i kinda know where he is 
20:37:10 : Group: Joshuaa: i hit him
20:37:32 : Group: Fontes: well im coming your way but i need to walk
20:37:45 : Group: Joshuaa: he aint coming back
20:40:22 : Group: Joshuaa: cant find the ladder ffs haha
20:41:15 : Group: Fontes: this takes long :D
20:41:34 : Group: Joshuaa: therye back!
20:42:25 : Group: Joshuaa: fuck man
20:43:22 : Group: SAMI   svvay: fuk
20:43:26 : Group: SAMI   svvay: LOL
20:43:29 : Group: Joshuaa: yes!
20:43:33 : Group: SAMI   svvay: you got him?`
20:43:36 : Group: Fontes: im almost at his body
20:43:38 : Group: Joshuaa: yep
20:43:40 : Group: SAMI   svvay: sweet!
20:43:57 : Group: Joshuaa: i cant get off the roof man
20:44:12 : Group: SAMI   svvay: ill show you
20:44:13 : Group: SAMI   svvay: hold onw
20:44:24 : Side: Joshuaa: sniper 
20:44:26 : Group: Joshuaa: sniper tho
20:44:41 : Group: Fontes: lol phaetta
20:45:05 : Group: SAMI   svvay: :p
20:45:14 : Group: SAMI   svvay: ill just take some parts for the mozzie
20:45:15 : Group: Fontes: you scared the shit out of me
20:45:16 : Side: 2DIE4: gg  =)
20:45:17 : Group: SAMI   svvay: rest is yours
20:45:18 : Group: SAMI   svvay: ahahha
20:45:26 : Group: SAMI   svvay: btw, take the bike
20:45:35 : Side: [RussianMafia]Hatter: Sasha
20:45:42 : Side: SAMI   svvay: grey
20:45:56 : Side: Joshuaa: gg dude ;)
20:46:12 : Side: [RussianMafia]ICEE: sash mb perestanem xyuneu zanimatsi\
20:46:14 : Side: 2DIE4:  just sitting around is boring
20:46:24 : Side: SAMI   svvay: cant deny on that :p
20:46:30 : Side: SAMI   svvay: well played
20:46:42 : Side: 2DIE4:   could hav been better
20:46:46 : Side: Sashka: ja naugad bil 
20:47:19 : Side: [RussianMafia]ICEE: S DMR na 800 m
20:47:24 : Side: [RussianMafia]ICEE: ?
20:47:30 : Group: Joshuaa: i need to get off this roof man
20:47:30 : Side: Sashka: dak nika to nebilo
20:47:30 : Group: SAMI   svvay: josh
20:47:48 : Group: Joshuaa: sniper infront mind
20:47:54 : Group: SAMI   svvay: damn
20:48:07 : Group: SAMI   svvay: here come
20:48:23 : Side: Joshuaa: sweet
20:48:28 : Group: Joshuaa: sweet
20:48:29 : Group: SAMI   svvay: yee
20:49:14 : Group: Joshuaa: i gotta go to stary
20:49:33 : Group: SAMI   svvay: ait man
20:49:40 : Group: SAMI   svvay: you can take the mozzie upstairs
20:49:44 : Group: ReaperZA: need help
20:49:45 : Group: SAMI   svvay: let me get you the key
20:49:50 : Group: ReaperZA: ?
20:49:52 : Side: Marco: sup?
20:49:56 : Group: [NG2] Jesse: whats up?
20:49:56 : Group: Joshuaa: i dunno how to fly haha
20:50:01 : Group: Marco: what's up?
20:50:07 : Group: Joshuaa: never flown one before
20:50:14 : Group: ReaperZA: sorry that was a question
20:50:19 : Group: SAMI   svvay: hahaha
20:50:22 : Side: Sashka: prosti bratishka
20:50:24 : Group: ReaperZA: u raiding his base?
20:50:26 : Group: Marco: ah we're pretty fine
20:50:27 : Group: SAMI   svvay: i cant find the key anyways
20:50:28 : Group: Marco: yes
20:50:31 : Group: Joshuaa: oh well
20:50:32 : Group: SAMI   svvay: 10 of different ones
20:50:35 : Group: Marco: esken is inside
20:50:41 : Group: SAMI   svvay: not gonna start carrying all LOL
20:50:41 : Group: ReaperZA: well done
20:50:43 : Group: PRISMIC: whos touchen my safes
20:50:45 : Group: Marco: you also want in?
20:50:48 : Group: Joshuaa: haha
20:51:03 : Group: ReaperZA: i do hate the cunt
20:51:29 : Group: Marco: lemme know when you have decided. :P
20:52:12 : Group: Joshuaa: what was on the helicopter guys body?
20:52:22 : Direct: Sir LongSleeves: fabe
20:52:25 : Group: Fontes: not much 
20:52:29 : Direct: Sir LongSleeves: tow my car
20:52:41 : Group: Joshuaa: damn
20:52:42 : Group: SAMI   svvay: just some kamikaze loot
20:52:47 : Group: Joshuaa: cant believe i hit him
20:52:49 : Group: Fontes: :D
20:52:55 : Group: SAMI   svvay: it was a beautiful shot
20:53:01 : Group: Fontes: got some more food
20:53:06 : Group: Joshuaa: shitttt
20:53:15 : Group: SAMI   svvay: who shootin xd
20:53:29 : Group: Joshuaa: idk but he aint friendly hahaha
20:53:33 : Group: Joshuaa: that way
20:53:42 : Group: Fontes: he was shooting at you?
20:53:49 : Group: Joshuaa: yeah, hit me twice
20:53:59 : Group: SAMI   svvay: patrick heard steps at green mountain
20:54:01 : Group: SAMI   svvay: be careful
20:54:02 : Side: PRISMIC: any admins there ?
20:54:15 : Group: Joshuaa: everyone against us haha
20:54:21 : Side: Sierra [SD]: hello Prismic, what's wrong?
20:54:34 : Group: Joshuaa: didnt sound like a rifle either
20:54:50 : Group: Fontes: im gonna flank him
20:54:52 : Group: SAMI   svvay: did you guys reload a gun?
20:55:01 : Group: Fontes: no
20:55:02 : Group: Joshuaa: me
20:55:05 : Group: SAMI   svvay: ah lol
20:55:13 : Side: PRISMIC: my key from chopper  de spawned in restart ??
20:55:13 : Group: SAMI   svvay: fuck that scared the shit out of me
20:55:15 : Group: Fontes: is it good if i take this dmr and flank him
20:55:20 : Group: SAMI   svvay: yea no probs
20:55:24 : Group: Fontes: k
20:55:30 : Group: Joshuaa: font you know where he is>
20:55:35 : Group: Joshuaa: ?
20:55:36 : Side: Phaetta: Mine too :/
20:55:47 : Side: Sierra [SD]: Did you make a copy of it?
20:55:56 : Side: Phaetta: nop
20:56:01 : Side: PRISMIC: no i dont even know you coupd ?
20:56:02 : Group: Joshuaa: you hit font?
20:56:12 : Group: Fontes: yeah
20:56:14 : Side: Sierra [SD]: yes - you need tin bar and a keymakers kit
20:56:24 : Group: Joshuaa: fuck
20:56:30 : Side: Mr Sin: Sierra
20:56:37 : Group: Fontes: lol fuck
20:56:46 : Side: Sierra [SD]: Yes Mr Sin
20:56:49 : Side: PRISMIC: oh dont you need the key in the first place ?
20:56:58 : Group: Fontes: 3000 blood
20:57:00 : Side: Sierra [SD]: Yes
20:57:03 : Side: PRISMIC: to copy  it
20:57:04 : Group: Fontes: shot me 2/3 times
20:57:08 : Side: Mr Sin: Has this server applied for bohemia monetization?
20:57:10 : Group: Fontes: from green mountain i guess
20:57:17 : Side: PRISMIC: can i have a  key please
20:57:19 : Group: Fontes: really need a bloodbag
20:57:28 : Group: Joshuaa: hes at green mountain defo
20:57:31 : Side: [RussianMafia]ICEE: For What saha ?
20:57:57 : Side: Sir LongSleeves: no pris, i asked before too, they dont do that
20:57:59 : Side: PRISMIC: serra ?
20:57:59 : Side: LWB [SD]: Im sorry we dont give out keys, Its the players responsibilty to make and keep copies
20:58:19 : Side: PRISMIC: my names prismic
20:58:24 : Group: Joshuaa: surrounded man
20:58:35 : Group: Fontes: you guys have bloodbags?
20:58:41 : Group: Fontes: did he just shoot himself ?
20:58:49 : Group: Joshuaa: down stairs haha
20:59:00 : Side: PRISMIC: how is it my  responsability it de spawed in restart !!??
20:59:23 : Group: SAMI   svvay: lol thats bs
20:59:39 : Group: Fontes: i have a g36k if you want it
20:59:45 : Group: SAMI   svvay: im on my way
20:59:46 : Side: Mr Sin: Sierra, has this server applied for Bohemia monetization?
20:59:55 : Group: SAMI   svvay: please dont touch my gear :p
20:59:55 : Group: Fontes: cant see shit
21:00:04 : Group: Joshuaa: we wont dude
21:00:14 : Group: Fontes: josh
21:00:18 : Group: Joshuaa: yo
21:00:21 : Group: Fontes: can you give me a bloodbag
21:00:27 : Group: Joshuaa: none
21:00:32 : Group: Fontes: :D
21:01:04 : Group: Joshuaa: you got anti biotics
21:01:16 : Side: VPr3stigious: ghuille suits are only male gendered :/
21:01:22 : Group: Fontes: i got wipes
21:01:46 : Side: Mr Sin: Sierra
21:01:59 : Group: Joshuaa: fuck im gonna die if i dont have anti biotics
21:02:56 : Group: Joshuaa: i had some thank god
21:03:03 : Group: Joshuaa: phaetta
21:03:09 : Side: PRISMIC: HOW DO YOU TURN  OFFNIGHT VISION
21:03:14 : Side: Mr Sin: n
21:03:17 : Side: 2DIE4: N
21:03:23 : Group: Joshuaa: is there a sniper at green mountain
21:03:33 : Side: Mr Sin: LWB
21:03:34 : Group: Fontes: the one who shot me 
21:03:38 : Side: PRISMIC: cheers mate
21:03:40 : Group: Fontes: he was at green mountain 
21:03:44 : Group: Phaetta: didnt find him
21:03:46 : Side: 2DIE4:  welcome  =9 
21:03:49 : Group: Fontes: shots came from that direction
21:04:08 : Side: PRISMIC: can someone pick em up
21:04:09 : Group: Joshuaa: someone needs to bait him
21:04:12 : Side: PRISMIC: /
21:04:25 : Group: PRISMIC: can someone pick me up
21:04:32 : Side: LWB [SD]: We dont sell donation perks, so we dont need to. 
21:04:36 : Group: Fontes: if i can get out i can spot him
21:04:45 : Side: Mr Sin: So you don't sell build packages on your website?
21:04:50 : Side: LWB [SD]: nope
21:05:05 : Group: MeGa_Koffiepot: AT the base drom 2die4 later on mb
21:05:06 : Group: Fontes: i have your dmr phaetta
21:05:12 : Group: Fontes: do you want it back
21:05:14 : Side: Mr Sin: Whats a large base building package for 15 points
21:05:24 : Side: LWB [SD]: for points.. not money
21:05:36 : Side: Mr Sin: Thats still against their terms.
21:05:41 : Side: LWB [SD]: Im afraid it isnt
21:05:49 : Group: Fontes: you want your dmr back ?
21:05:50 : Side: Mr Sin: I'm afraid they would see differently.
21:05:56 : Side: LWB [SD]: Im afriad they wouldnt
21:05:58 : Group: Phaetta: sure man
21:05:59 : Group: PRISMIC: can someone get me in choppa
21:06:03 : Side: Mr Sin: Ok.
21:06:14 : Group: Joshuaa: we need to get the sniper
21:06:15 : Side: LWB [SD]: What does it matter to you anyhow?
21:06:18 : Group: Phaetta: ye
21:06:29 : Group: Fontes: blood is still 6000
21:06:37 : Side: Mr Sin: It doesn't
21:06:40 : Side: Mr Sin: A donation is a gift
21:06:44 : Side: Mr Sin: With nothing recieved in return
21:06:54 : Group: Phaetta: thx man
21:07:04 : Side: Mr Sin: It says, "you do not offere any perks or rewards for such donations and players do not expect anything back"
21:07:06 : Side: LWB [SD]: exactly.. Poeple can donate on the website and recieve nothing, thats made perfectly clear there
21:07:15 : Group: Fontes: finally i can see
21:07:20 : Group: PRISMIC: reaper can u take me  to  traider
21:07:21 : Side: Mr Sin: Its for your guys benefit, not mine.
21:07:27 : Group: Fontes: i can bait him if you like
21:07:31 : Side: Mr Sin: They will send cease and desists
21:07:35 : Side: LWB [SD]: I can assure you everything is above board
21:07:42 : Side: Mr Sin: It's clearly not.
21:07:57 : Side: Mr Sin: People give you money, they recieve points.
21:08:04 : Side: Mr Sin: Those points can be spent on build packages.
21:08:46 : Side: LWB [SD]: Points are given out in many ways, and can be used for whatever purpose players want
21:09:15 : Side: Mr Sin: Give them out in many ways, thats cool, just not when people give you money. That's bad
21:09:46 : Group: Fontes: did i miss something ?
21:09:49 : Side: LWB [SD]: If yu would like to discussthis further, please do, but not here. Eveything is above board whether you think it or not
21:10:08 : Group: Joshuaa: im gonna go on roof again
21:10:23 : Side: Mr Sin: Again, I was only trying to help you guys.
21:10:30 : Side: Mr Sin: It was for your benefit
21:10:32 : Side: Mr Sin: Not mine
21:10:48 : Side: LWB [SD]: Well, I appreciate it, but I know we are all good on that front
21:10:51 : Group: PRISMIC: marco #!
21:11:17 : Group: Sir LongSleeves: dude drive or fly yourself
21:11:27 : Group: Fontes: im gonna go to greenmountain
21:11:32 : Group: Fontes: see if i can spot some one
21:11:33 : Group: SAMI   svvay: roger!
21:11:36 : Group: SAMI   svvay: good luck
21:11:40 : Group: Fontes: thnx
21:11:43 : Group: Joshuaa: wair till im on roof and ill watch shots
21:11:52 : Group: Colin: nimm mal, kaufe chainsaw
21:11:53 : Group: Fontes: fine
21:12:36 : Group: Sir LongSleeves: fly yourself, you got a car, 2 helicopters
21:12:37 : Group: Joshuaa: ok im ready
21:13:04 : Group: Marco: klen?
21:13:05 : Group: PRISMIC: AIRCRAFT TRAIDER
21:13:58 : Group: Joshuaa: sniper gone i think
21:14:08 : Group: Colin: aufheben bitte
21:14:17 : Group: Winans: wtf
21:14:19 : Group: SAMI   svvay: anyone got matches?
21:14:58 : Group: Joshuaa: font, anything?
21:15:06 : Group: Fontes: dont see anybody
21:15:16 : Group: PRISMIC: Cheers
21:15:24 : Group: Joshuaa: go up the big tower
21:17:52 : Group: SAMI   svvay: choppers back
21:18:05 : Group: Joshuaa: im ready
21:18:17 : Group: SAMI   svvay: lets lock allw
21:18:35 : Side: [RussianMafia]Hatter: i see you
21:18:36 : Group: Joshuaa: gone
21:18:55 : Group: Fontes: i see it
21:19:03 : Group: Fontes: going for a flank i think
21:19:07 : Group: SAMI   svvay: dayum
21:19:11 : Group: SAMI   svvay: where should we place tht
21:19:12 : Group: Joshuaa: coming back round
21:19:23 : Group: Joshuaa: ?
21:19:32 : Group: Fontes: yeah i think
21:19:41 : Group: Joshuaa: ill try snipe it
21:20:12 : Side: eSkeN^^ : yo 2DIE4 you put me 2e on your most wanted list and when i want to come and settle it like man your not home \
21:20:18 : Group: SAMI   svvay: just for now
21:20:21 : Group: SAMI   svvay: this wood floow
21:20:26 : Side: eSkeN^^ : and one tip next time lock all your doors 
21:20:31 : Group: Joshuaa: sweet
21:20:38 : Group: SAMI   svvay: yea budy
21:20:40 : Side: eSkeN^^ : ^^
21:21:04 : Group: Joshuaa: is it 2die4 again?
21:21:06 : Side: eSkeN^^ : no response rly? 
21:21:21 : Side: eSkeN^^ : damn your less of a man then i thought
21:21:33 : Side: eSkeN^^ : byebye baby grill 
21:21:38 : Side: SAMI   svvay: xd
21:21:54 : Group: SAMI   svvay: if you have any sandbags
21:21:54 : Group: Fontes: dont see it anymore
21:21:54 : Group: Joshuaa: font anything?
21:21:58 : Group: SAMI   svvay: you can place em up on the roofw
21:22:01 : Group: SAMI   svvay: so we have some cover
21:22:04 : Group: Joshuaa: got none
21:22:09 : Group: SAMI   svvay: ahh
21:22:11 : Group: SAMI   svvay: ill go buy
21:22:25 : Group: SAMI   svvay: i got 2 topaz left
21:22:26 : Group: SAMI   svvay: :p
21:22:31 : Group: SAMI   svvay: IIRC
21:22:45 : Group: Joshuaa: i need a safe haha, how much are thye?
21:22:48 : Group: Joshuaa: they
21:23:07 : Group: SAMI   svvay: 100gold haha
21:23:13 : Group: Joshuaa: damn
21:23:27 : Group: SAMI   svvay: there is a lockbox in the green mountain base
21:23:30 : Group: SAMI   svvay: ill get you that
21:23:39 : Group: PRISMIC: need some help need to blow up choppa
21:23:44 : Group: Joshuaa: ah sweet, thanks
21:23:51 : Group: SAMI   svvay: yeah, np^^
21:24:17 : Group: PRISMIC: coffe you there ?
21:24:26 : Group: MeGa_Koffiepot: yeah
21:24:42 : Group: PRISMIC: need you to  destroy something
21:24:56 : Group: MeGa_Koffiepot: you heli i gess xp
21:24:59 : Group: PRISMIC: can i come pick you up
21:25:04 : Group: PRISMIC: yh aha
21:25:32 : Group: PRISMIC: u want me to pick u up ?
21:25:46 : Group: MeGa_Koffiepot: hmmm bilding ouwer base here ^^ 
21:25:50 : Group: Joshuaa: nothing font?
21:25:57 : Group: MeGa_Koffiepot: i get the key to the heli
21:26:11 : Group: Fontes: dont see anybody
21:26:22 : Group: Joshuaa: hmm ok
21:26:40 : Group: SAMI   svvay: hey josh
21:26:44 : Group: SAMI   svvay: if you need petrol
21:26:47 : Group: Joshuaa: was that someone outside?
21:26:51 : Group: SAMI   svvay: njetski
21:26:52 : Group: SAMI   svvay: me
21:26:58 : Group: Joshuaa: ah ok haha
21:26:58 : Group: SAMI   svvay: see this gap here
21:27:12 : Group: Joshuaa: ah sweet
21:27:13 : Group: SAMI   svvay: go there with a can and you can refill
21:28:58 : Group: Fontes: he probably was were i am now
21:29:15 : Side: [RussianMafia]Hatter: admin help
21:29:19 : Group: Joshuaa: hes still online
21:29:30 : Side: [RussianMafia]Hatter: i no have open safe 
21:29:32 : Group: PRISMIC: come to my base coffe 
21:29:44 : Group: PRISMIC: to blow up a heli
21:30:00 : Group: MeGa_Koffiepot: hahaha
21:30:12 : Side: Sierra [SD]: you don't have your code or it wont auto open for you?
21:30:22 : Side: Sierra [SD]: or the scroll wheel doesnt come up?
21:30:29 : Group: PRISMIC: what do i do
21:30:30 : Group: SAMI   svvay: wanna join me?w
21:30:32 : Group: SAMI   svvay: for stary
21:30:42 : Group: Joshuaa: yeah man 2 mins
21:30:46 : Group: Joshuaa: let me get my gold
21:30:50 : Group: SAMI   svvay: ait
21:30:54 : Group: SAMI   svvay: fuck
21:31:01 : Group: SAMI   svvay: forgot to add you lads to the door inside
21:31:05 : Group: MeGa_Koffiepot: cut down the tree's
21:31:18 : Group: MeGa_Koffiepot: nope
21:31:25 : Group: SAMI   svvay: fixed
21:31:38 : Group: PRISMIC: can u give me a lift to traider to get one
21:31:44 : Group: MeGa_Koffiepot: is it lockt ?
21:31:55 : Side: Sierra [SD]: if you have put it in a tree cut the tree down
21:31:58 : Group: Joshuaa: can we head to green mountain after bro?
21:32:02 : Side: Sierra [SD]: then pack the safe and move it
21:32:11 : Group: SAMI   svvay: sure thing mate
21:32:16 : Group: SAMI   svvay: do it first?a
21:32:25 : Group: Joshuaa: yeah ok man
21:32:29 : Side: [RussianMafia]Hatter: thx
21:32:48 : Side: Sierra [SD]: ok np :)
21:33:16 : Group: Fontes: if i where hostile you 2 would have been dead by now :D
21:33:17 : Group: SAMI   svvay: wanna join font?
21:33:21 : Group: SAMI   svvay: haha :D
21:33:26 : Group: Fontes: sure
21:34:03 : Group: PRISMIC: coffe can u come and blow up
21:34:08 : Group: Joshuaa: gotta grab some ammo
21:34:19 : Group: SAMI   svvay: ait
21:34:29 : Group: MeGa_Koffiepot: nope
21:34:41 : Group: MeGa_Koffiepot: bilding ower base come ne help ^^ 
21:34:51 : Group: SAMI   svvay: added you to the door
21:34:54 : Group: SAMI   svvay: so you can open it
21:35:02 : Group: SAMI   svvay: i dont know why it disappears all the timed
21:35:05 : Group: PRISMIC: can i borrow a grenade /
21:35:21 : Group: Marco: you gonna give it back after use then? xD
21:35:30 : Group: Fontes: you guys play this every evening ?
21:35:35 : Group: Joshuaa: most yeah
21:35:44 : Group: SAMI   svvay: hell yeah
21:35:48 : Group: SAMI   svvay: wbu
21:35:54 : Group: PRISMIC: marco can u XD
21:35:56 : Group: Joshuaa: what pc you guys got?
21:36:02 : Group: SAMI   svvay: custom built
21:36:07 : Group: Fontes: yea me 2
21:36:09 : Group: SAMI   svvay: old i7-3820 cpu with gtx 1080
21:36:17 : Group: Fontes: but i work alot
21:36:18 : Group: Joshuaa: yah same, i5 7600k and gtx 1070
21:36:28 : Group: Joshuaa: nice man
21:36:28 : Group: SAMI   svvay: no way
21:36:30 : Group: SAMI   svvay: kaby lake good?
21:36:36 : Group: Fontes: i got a custom built to
21:36:38 : Group: Joshuaa: not much better than skylake 
21:36:42 : Group: SAMI   svvay: dayum
21:36:47 : Group: SAMI   svvay: which one fontes?
21:36:48 : Group: SAMI   svvay: specs
21:36:56 : Group: Joshuaa: we ready to go?
21:36:59 : Group: Fontes: gtx 960
21:37:02 : Side: Marco: what asshole is shooting me and my awesome boat?
21:37:03 : Group: SAMI   svvay: yea bro
21:37:04 : Group: SAMI   svvay: omw
21:37:16 : Group: Fontes: with amd 8 core i think
21:37:16 : Group: Joshuaa: 960 is a good card tbh
21:37:23 : Group: PRISMIC: lol jk aha
21:37:29 : Side: VPr3stigious: anyone know how much cooked fish sells for?
21:37:31 : Group: Joshuaa: i used to have amd
21:37:39 : Group: SAMI   svvay: that shit is guud
21:37:41 : Side: Phaetta: 1 g i think
21:37:51 : Side: VPr3stigious: hmm maybe i could make a living fishing
21:37:54 : Group: Turmoil: was it you? xD
21:37:59 : Group: SAMI   svvay: you locked? 
21:38:03 : Group: PRISMIC: yh aha
21:38:04 : Group: Fontes: well my pc looks beast as well everything i have is from MSI
21:38:11 : Group: Turmoil: oh then im flying back xD 
21:38:16 : Group: Fontes: red lights every where
21:38:21 : Group: Joshuaa: nice, i've got a black and white build
21:38:21 : Group: SAMI   svvay: oohshit
21:38:43 : Group: Marco: dont -_-
21:38:56 : Group: SAMI   svvay: i have it as it comes :p
21:38:58 : Group: Sir LongSleeves: dont what?
21:39:01 : Group: Fontes: but still got to install a new SD card
21:39:12 : Group: Marco: shoot in my direction -_-
21:39:13 : Group: SAMI   svvay: for what?
21:39:21 : Group: Fontes: my pc
21:39:28 : Group: Joshuaa: ssd?
21:39:28 : Group: SAMI   svvay: ah as in OS?
21:39:32 : Group: Turmoil: hes paranoid <3 save his heart
21:39:47 : Group: Fontes: yeah ssd sorru
21:39:54 : Group: SAMI   svvay: np :pd
21:39:56 : Group: Joshuaa: ah sweet man
21:40:11 : Group: Fontes: loading takes some time right now
21:40:16 : Group: PRISMIC: who shot ae
21:40:23 : Group: Joshuaa: i couldnt live without ssd haha
21:40:29 : Group: SAMI   svvay: same :p
21:40:50 : Group: SAMI   svvay: arma 2 loading is crap
21:40:52 : Group: Fontes: well my internet is great and the rest of the pc to so untill now i am happy with it :D
21:41:04 : Group: SAMI   svvay: :D
21:41:15 : Group: Joshuaa: good stuff man
21:41:15 : Group: Fontes: but damm dayz was hard to download
21:41:26 : Group: Fontes: i just couldt get in a server
21:41:39 : Group: Fontes: dcouldnt
21:41:43 : Group: Joshuaa: after stary im gonna go off for the night dudes
21:41:50 : Group: Fontes: yeah me 2
21:41:59 : Group: Fontes: what time is it in norway?
21:42:09 : Group: SAMI   svvay: 22:42
21:42:09 : Side: Phaetta: 22.42
21:42:14 : Group: SAMI   svvay: 10:42 PM
21:42:17 : Group: Fontes: same here
21:42:21 : Side: VPr3stigious: whos got that nice boat?
21:42:23 : Group: SAMI   svvay: ooh shit
21:42:25 : Group: Joshuaa: font where you from?
21:42:30 : Group: SAMI   svvay: UTC ftw
21:42:31 : Group: Fontes: the netherlands
21:42:35 : Group: Fontes: :D
21:42:45 : Side: Marco: what boat? :D
21:42:56 : Side: VPr3stigious: you said you had a cool boat :D
21:43:00 : Side: Marco: yup
21:43:01 : Group: SAMI   svvay: lol lets kill him
21:43:02 : Side: VPr3stigious: wanna go fishing?
21:43:06 : Group: SAMI   svvay: get in lads
21:43:08 : Group: SAMI   svvay: we drive out
21:43:08 : Side: VPr3stigious: ahaha
21:43:08 : Group: Fontes: bad odea
21:43:15 : Side: Marco: can you even fish from a boat?
21:43:19 : Group: SAMI   svvay: lol nvmx d
21:43:19 : Side: VPr3stigious: yep
21:43:26 : Side: Marco: awesome :D
21:43:28 : Side: VPr3stigious: I think so, at least back in 1.0.5.1
21:43:38 : Side: Marco: fishing trip!!
21:43:44 : Side: VPr3stigious: you can just hold the fishing rod and scroll wheel to fish
21:44:00 : Group: Fontes: anybody need 7.62 nato round
21:44:06 : Side: VPr3stigious: ill bring matches and some wood in case we wanna cook it
21:44:10 : Group: Fontes: otherwise i sell it
21:44:25 : Side: Marco: where you at then?
21:44:31 : Side: VPr3stigious: up north
21:44:32 : Side: Bambie: where can i get plot poles?
21:44:36 : Side: VPr3stigious: i can get to you in a mozzie
21:44:42 : Side: 2DIE4:  i can sell u one
21:45:10 : Side: VPr3stigious: where are you?
21:45:16 : Side: VPr3stigious: / where you want to meet?
21:45:21 : Side: 2DIE4:  ill get to stary
21:45:26 : Group: SAMI   svvay: i forgot what I came for
21:45:27 : Side: VPr3stigious: no no, not you.
21:45:32 : Group: Joshuaa: haha
21:45:32 : Side: VPr3stigious: no offence...
21:45:33 : Side: 2DIE4: after rrestart
21:45:36 : Side: Marco: we can actually do that later :) I'm probably gonna go off in 5 mins. 
21:45:47 : Side: VPr3stigious: Alrighty marco
21:45:49 : Side: VPr3stigious: cheers
21:45:53 : Group: Fontes: why cant i sell nato rounds
21:46:05 : Group: SAMI   svvay: check the guy behind ya
21:46:09 : Group: SAMI   svvay: here
21:46:17 : Group: Fontes: cant
21:46:17 : Side: Marco: likewise mate :)
21:46:29 : Group: Joshuaa: cant access him haha
21:46:30 : Group: SAMI   svvay: nvm lol
21:46:30 : Group: SAMI   svvay: fk
21:46:33 : Group: SAMI   svvay: haha
21:46:55 : Side: 2DIE4:  it was a serious offer  
21:47:05 : Side: VPr3stigious: sorry what was the offer?
21:47:08 : Side: VPr3stigious: I totally forgot....
21:47:17 : Side: Bambie: how much?
21:47:36 : Side: 2DIE4:  whats the regular price on the plot ple?
21:47:39 : Group: SAMI   svvay: i got some tents
21:47:43 : Group: SAMI   svvay: so we can pitch em inside
21:47:45 : Side: Turmoil: 60oz
21:47:46 : Group: SAMI   svvay: put gear and loot in there
21:47:56 : Side: 2DIE4:  id sell it for 40 
21:48:14 : Side: Bambie: heding to Stary atm
21:48:17 : Side: 2DIE4:  but no offense ... i might scare u too much 
21:48:33 : Side: [AES]Maddox: nice kill
21:48:37 : Side: Ebse: dude are u realy so hopeless that we have to stay in here ??
21:48:37 : Side: [AES]Maddox: rangefinder
21:48:38 : Side: Joshuaa: damn a rangefinder kill, that takes some skill
21:48:42 : Side: 2DIE4:  loll   nice one  XD
21:48:46 : Side: [AES]Maddox: how the fuck?
21:48:51 : Side: [AES]Maddox: xD
21:49:00 : Side: 2DIE4: kill of da month  =)
21:49:16 : Direct: Ebse: dude are u realy so hopless to wait that we leave the cra ?
21:49:19 : Side: Joshuaa: im ready to go
21:49:26 : Group: Joshuaa: im ready to go
21:49:27 : Group: Fontes: i want a snipeeeeer
21:49:31 : Group: Fontes: :D
21:49:43 : Group: SAMI   svvay: we can go do missions
21:49:46 : Group: SAMI   svvay: grind gear
21:50:00 : Side: 2DIE4:  whos this in stary?
21:50:07 : Group: SAMI   svvay: wat
21:50:09 : Group: Joshuaa: erm
21:50:14 : Group: SAMI   svvay: wut
21:50:25 : Group: Joshuaa: omg hahaha
21:50:30 : Group: SAMI   svvay: ahhahah
21:50:41 : Group: SAMI   svvay: lets roll bros
21:50:47 : Group: SAMI   svvay: goto base
21:50:49 : Group: SAMI   svvay: then mission?
21:50:53 : Group: Joshuaa: we got a flying car bitches
21:50:59 : Group: SAMI   svvay: heeeell yea
21:51:15 : Group: Joshuaa: ill do 1 mission then go off
21:51:24 : Group: Fontes: sure me 2
21:51:31 : Group: SAMI   svvay: roger
21:52:12 : Group: SAMI   svvay: lol thats the guy we stole the base from XD
21:52:28 : Group: Joshuaa: omg hahah
21:52:37 : Group: SAMI   svvay: poor man
21:52:43 : Group: SAMI   svvay: for real i feel awful
21:53:53 : Group: Joshuaa: if anyone asks he cycled in to the car
21:53:59 : Group: SAMI   svvay: hjahaha
21:54:03 : Group: Fontes: lol
21:54:36 : Group: SAMI   svvay: josh want to get off GM?
21:54:39 : Group: SAMI   svvay: or the barn
21:54:46 : Group: Joshuaa: anywhere dude
21:55:13 : Group: SAMI   svvay: your call bro
21:55:20 : Group: Joshuaa: barn
21:55:23 : Group: SAMI   svvay: ait
21:55:47 : Group: Joshuaa: im gonna jump in shower before restart then mission after restart?
21:56:17 : Group: SAMI   svvay: where???
21:56:18 : Side: Marco: aah pussy tactics I hear Maddox. you're one of those?
21:56:20 : Group: Fontes: gm i think
21:56:24 : Group: SAMI   svvay: roger
21:56:32 : Group: SAMI   svvay: we'll have to drive around the entire place
21:56:48 : Group: Fontes: otherside
21:56:56 : Side: [AES]Maddox: pussy?
21:56:56 : Group: Fontes: left i think ?
21:56:58 : Side: [AES]Maddox: why?
21:57:08 : Side: Marco: waiting people out at traders
21:57:09 : Group: Joshuaa: fuck
21:57:15 : Side: [AES]Maddox: i was heading to the trader noob
21:57:21 : Side: Marco: that's the pussiest tactic ever.
21:57:32 : Group: Joshuaa: yo
21:57:38 : Side: [AES]Maddox: no tactic i just saw you and openend fire
21:57:41 : Side: Marco: lol, noob, right, i could teach you a thing or 2 son.
21:57:45 : Side: Marco: not me.
21:57:48 : Side: Legend: can u snap a wall to another one in a 90 degree angel?
21:57:54 : Group: Joshuaa: ok sweet
21:58:01 : Side: Legend: or does it only work straigt next to the first one?
21:58:01 : Group: Fontes: we have to get him
21:58:02 : Side: Turmoil: yeah, use the degrees and stuff
21:58:04 : Side: Sierra [SD]: yeah you might have to snap several times
21:58:33 : Side: Legend: it doesnt change anything when i try the "90 degrees stuff"
21:58:38 : Side: Sierra [SD]: i.e press f several times, but it usually gets there
21:58:51 : Side: Legend: kk gonna try, thanks
21:58:53 : Group: Joshuaa: could i get a pick up?
21:59:15 : Group: Fontes: cant here you very clear
21:59:25 : Group: Fontes: just stop around here
21:59:32 : Group: SAMI   svvay: you'll take him out
21:59:32 : Group: Joshuaa: i need my gear back haha
21:59:34 : Group: SAMI   svvay: ill drive to base
21:59:38 : Group: Mr. Shortbottoms: ray, u headed to the bandit trader?
22:00:44 : Group: Joshuaa: you know where i died?
22:00:54 : Group: Sir LongSleeves: RAY YOU NEED TO GIVE US THE KEY FOR THIS CHOPPER
22:01:01 : Group: Joshuaa: i got 4 mins to get gear
22:01:05 : Group: Mr. Shortbottoms: i have it xD
22:01:11 : Group: Sir LongSleeves: ok nvm xD
22:01:19 : Group: Joshuaa: on map
22:01:22 : Side: eSkeN^^ : maddox you little shit ^^ i will hunt you down 
22:01:31 : Side: [AES]Maddox: love you too <3
22:01:48 : Group: Joshuaa: damn this gonna be close
22:01:50 : Side: eSkeN^^ : ooh ill tell you you're not going to love it
22:01:51 : Side: [AES]Maddox: a
22:01:51 : Group: Fontes: i try to faln him
22:01:54 : Group: Fontes: flank
22:01:59 : Side: [AES]Maddox: babe its okay,
22:02:03 : Side: eSkeN^^ : ill probably make you leave the server 
22:02:35 : Side: Michael: does not work...the degrees option didnt do anything..
22:02:51 : Side: 2DIE4:  it works all
22:03:11 : Side: 2DIE4:  u can choose   the degrees from .1 up to 90 degrees
22:03:47 : Group: Joshuaa: got it
22:07:43 : Group: Joshuaa: got my gear with 10 seconds left 
22:07:55 : Group: SAMI   svvay: damn :s
22:08:02 : Group: Joshuaa: where you at?
22:08:26 : Group: Fontes: back
22:10:15 : Group: SAMI   svvay: hey josh
22:10:22 : Group: SAMI   svvay: could you invite matsa to our group
22:10:36 : Group: Joshuaa: YEAH
22:10:44 : Group: Fontes: damn 
22:10:51 : Group: Fontes: where that sniper shot from
22:11:10 : Group: Joshuaa: didnt hear it
22:11:23 : Group: Joshuaa: im not leader
22:12:05 : Group: Joshuaa: when was the shot font
22:12:16 : Group: Fontes: i really dont know
22:12:21 : Group: Fontes: i thought from here
22:12:59 : Group: Joshuaa: we shoudl go to base man
22:13:02 : Group: Fontes: yeah
22:13:24 : Group: Joshuaa: you got bike
22:13:33 : Group: Fontes: yea
22:13:49 : Group: SAMI   svvay: josh, he is logged on now
22:14:03 : Group: Joshuaa: im not leader
22:14:14 : Group: SAMI   svvay: oh
22:14:15 : Group: SAMI   svvay: xd
22:14:16 : Group: SAMI   svvay: mb
22:16:41 : Side: matsa: ayo
22:17:39 : Group: Joshuaa: heli coming
22:17:57 : Group: matsa: its me
22:18:08 : Group: matsa: nvm
22:19:05 : Group: Joshuaa: squad
22:19:13 : Group: matsa: :D
22:19:23 : Group: Fontes: so lets kill all of em :D
22:19:28 : Group: SAMI   svvay: hell yea :D
22:19:33 : Group: SAMI   svvay: oh you are bandit now
22:19:34 : Group: SAMI   svvay: oh shit
22:20:47 : Group: Phaetta: anyone wanna lift?
22:21:02 : Group: Fontes: nice thnx
22:21:03 : Group: Joshuaa: im good dude, im going off now guys! see ya tomorrow!
22:21:10 : Group: SAMI   svvay: see ya buddy!
22:21:11 : Group: Phaetta: cya
22:21:16 : Group: Fontes: bye!~
22:26:46 : Group: Fontes: well it`s quiet now
22:27:05 : Group: SAMI   svvay: there was a armored hummer passing by here
22:27:10 : Group: SAMI   svvay: couple minutes ago
22:27:50 : Group: Fontes: what do you want to do
22:30:39 : Side: matsa: you have no balls :D
22:31:24 : Side: Faldehals: sure but you cant belive where :)
22:32:01 : Group: Fontes: at the gate
22:33:19 : Group: Fontes: :D
22:33:55 : Group: Fontes: nicee
22:34:07 : Group: Fontes: sure mate
22:34:56 : Side: matsa: you fucked with the wrong neighbourhood 
22:36:22 : Group: Fontes: whos shooting ?|
22:37:14 : Group: Fontes: me ?| :D
22:37:45 : Group: Fontes: barely
22:41:17 : Group: matsa: fontes shoot that niggaa
22:43:46 : Group: Fontes: he`s gone isnt he
22:43:53 : Group: SAMI   svvay: yea :/w
22:44:23 : Group: Fontes: his name was maddox ?
22:48:02 : Group: Fontes: lol that was close
22:49:36 : Group: SAMI   svvay: fontes :((
22:49:51 : Group: matsa: sorry man :/
22:51:00 : Group: SAMI   svvay: shiit, u ait fontes?
22:51:05 : Group: Fontes: yea
22:51:09 : Group: Fontes: he at my body
22:51:14 : Group: Fontes: behind the barn
22:51:49 : Group: SAMI   svvay: roger
22:54:03 : Group: Fontes: nice
22:54:13 : Group: Fontes: he was dutch as well
22:54:19 : Group: Fontes: fucking bastard
22:58:26 : Group: Fontes: coming
23:01:42 : Group: Fontes: anyone had a sniper ?
23:01:53 : Group: SAMI   svvay: yea
23:01:59 : Group: Fontes: kd
23:04:25 : Group: Fontes: sweet
23:05:50 : Group: Fontes: yea thats cool
23:06:55 : Group: Fontes: witch tent is mine :D
23:12:09 : Side: matsa: ;)
23:12:14 : Side: SAMI   svvay: :p
23:16:35 : Group: Fontes: where you shooting matsa ?
23:17:57 : Group: Fontes: it looks good
23:19:45 : Group: Fontes: lol 
23:19:54 : Group: Fontes: im a carpenter in real life
23:20:11 : Group: SAMI   svvay: oh shit
23:20:14 : Side: 2DIE4:  M2 HMVEE  =)
23:20:20 : Group: SAMI   svvay: me and mats are apprentices
23:20:35 : Group: matsa: IM SOON AN APPRENTICE AS A CARPENTER 
23:20:46 : Group: matsa: lol caps lock
23:21:10 : Group: Fontes: lol thats nice
23:21:27 : Group: Fontes: i started my own company a couple of months ago
23:21:39 : Group: matsa: try walking down as i build to see if is in the way
23:22:44 : Group: Fontes: you guys all 17 then ?
23:22:56 : Group: matsa: im soon 18
23:23:05 : Group: matsa: 25 february
23:23:14 : Group: Fontes: ah k 
23:23:49 : Group: Fontes: but i need to go
23:23:56 : Group: Fontes: tired :D
23:24:03 : Group: SAMI   svvay: alright man ^^
23:24:09 : Group: SAMI   svvay: catch ya tomorrow i suppose?
23:24:09 : Group: matsa: cya <3
23:24:12 : Group: Fontes: it was nice meeting ya 
23:24:27 : Group: SAMI   svvay: same
23:24:32 : Group: Fontes: i hope so !
23:24:38 : Group: Fontes: bye
23:24:43 : Group: SAMI   svvay: byee!
23:49:25 : Side: Faldehals: held..
23:49:58 : Side: 2DIE4:  wo 
23:50:39 : Side: 2DIE4:  wo denn schnell
23:50:42 : Side: Faldehals: na der der mich im anflug auf stary ausm mozzie geballert hat mit seim gpk
23:50:58 : Side: SAMI   svvay: english only plz
23:51:06 : Side: 2DIE4:  sry
23:51:24 : Side: matsa: write that in english now
23:51:39 : Side: Faldehals: periokel space like sokel
23:51:46 : Side: matsa: i will ban
23:51:57 : Side: 2DIE4:  i just asked him what happend 
23:52:05 : Side: 2DIE4:  matsa u will do shi
23:52:11 : Side: 2DIE4:  hit u aint no admin 
23:52:16 : Side: Faldehals: ban ? banana thats all you do
23:52:23 : Side: matsa: XD
23:52:33 : Side: Faldehals: you liek bananas ?! hehe
23:52:37 : Side: Faldehals: like
23:53:34 : Side: 2DIE4:  ok
23:55:56 : Side: Faldehals: nice found the perfekt fishing outfit
