09:08:59 : Side: Tobimofat: Hey
09:09:15 : Side: Walasznikow: hey
09:09:40 : Side: Tobimofat: You played on this server before?
09:10:20 : Side: Walasznikow: I do not understand English
09:11:18 : Side: Tobimofat: That's fair enough, have a good day
10:04:39 : Side: ThirdEyeSphinx: Anyone want to do a mission?
10:34:23 : Group: Greg: ts?
10:40:04 : Side: Greg: hey phinx
10:40:13 : Side: ThirdEyeSphinx: Sup
10:40:14 : Side: Greg: Sphinx
10:40:44 : Side: ThirdEyeSphinx: Tried doing the mv22 mission
10:40:44 : Side: Greg: good, you?
10:41:09 : Side: Greg: need help? ;p
10:41:17 : Side: ThirdEyeSphinx: Yeah lol.
10:41:26 : Side: ThirdEyeSphinx: Next restart we can do one
10:41:40 : Side: Greg: oki doki ;)
10:43:14 : Side: ThirdEyeSphinx: Greg, got a mic?
10:43:18 : Side: ThirdEyeSphinx: Or steam?
10:43:23 : Side: Greg: yep
10:43:28 : Side: ThirdEyeSphinx: What's your steam?
10:43:45 : Side: Greg: GregOhara
10:44:11 : Side: ThirdEyeSphinx: Added
10:44:24 : Side: Greg: roger
10:45:14 : Side: ThirdEyeSphinx: Do you also use Disord?
10:45:26 : Side: Greg: nope
10:47:29 : Side: ThirdEyeSphinx: Added so we can VOIP
10:47:59 : Side: Greg: ts maybe?
10:48:19 : Side: Greg: be back after restart
10:48:24 : Side: ThirdEyeSphinx: Have to redownload TS >.> I use Discord because its quick, fast, and easy
10:48:34 : Side: ThirdEyeSphinx: Add me on steam lol.
11:13:51 : Direct: Bishop: рш
11:13:56 : Direct: Bishop: hi
11:14:52 : Direct: HectoR: u want money ?
11:14:55 : Direct: HectoR: ty dude
11:14:58 : Direct: Bishop: sorry i dont speek english
11:15:13 : Direct: HectoR: ok ty friend
14:34:34 : Side: ThirdEyeSphinx: Oh sghit
14:34:40 : Side: ThirdEyeSphinx: Lotsa people
15:30:52 : Side: Tobimofat: A man can be killed
16:22:55 : Side: HectoR: admin , cant use RPG7 ?
16:26:03 : Side: HectoR: i want use rgp but i cant 
16:26:15 : Side: Tamago: you have ammo for it?
16:26:16 : Side: HectoR: switch automaticly on primary weapon
16:26:21 : Side: HectoR: yup i have
16:26:29 : Side: Tamago: correct ammo?
16:26:36 : Side: HectoR: yup
16:26:50 : Side: Tamago: idk last time i checked i could fire rpg no problem
16:41:16 : Side: Tobimofat: Not cool HectoR
17:13:18 : Side: Tamago: why would you shoot a little bird>
17:13:30 : Side: Ryan: NOT KILLING AI
17:13:34 : Side: Tamago: ?
17:13:39 : Side: Ryan: IT WAS THE LAST ONE
17:13:47 : Side: Tamago: ahh ok lol
17:21:52 : Side: Tamago: just why?
17:24:46 : Side: ThirdEyeSphinx: Sup Morrison
17:25:02 : Side: Morrison: hey!
17:25:16 : Side: ThirdEyeSphinx: Just saw you and had to say hey.
17:26:36 : Side: Morrison: good deal, Ryan should be on later
17:29:29 : Side: Jakob: Im loosing blood what is happeing? I don't bleed, have taken antibiotics and har full in food and water
17:29:48 : Side: Tamago: was antibiotics pacage full?
17:30:00 : Side: Tamago: lect click on it and see fi it has usage
17:30:07 : Side: Jakob: yes
17:30:16 : Direct: Ryan: /
17:30:16 : Side: Tamago: did you heral in a car/heli?
17:30:27 : Side: Jakob: no
17:30:29 : Side: Ryan: log off then log back in
17:30:32 : Side: Tamago: yup
17:30:38 : Side: Denial Beans: its a glitch 
17:30:45 : Side: Denial Beans: just log and log back in
17:30:55 : Side: Jakob: oka thank u
17:31:22 : Side: Denial Beans: tamago who shot at you man i saw the whole thing, watched two people take that mission.
17:31:40 : Side: Tamago: idk. some jackass in 1 bc worth of a heli
17:32:01 : Side: Denial Beans: that thing is 4 bc
17:32:08 : Side: Tamago: no its not ^^
17:32:09 : Side: Denial Beans: the transport is 1
17:32:10 : Side: Tamago: its one
17:32:20 : Side: Tamago: it still has granades and a gunnner sit
17:32:32 : Side: Denial Beans: yeah but it only had pilot 
17:32:34 : Side: Tamago: so you bought pricy one for no reason i guess. maybe item slots
17:32:42 : Side: Tamago: ahh ok
17:33:53 : Side: Denial Beans: its not that bad of a heli ive taken down hueys and black hawks with it, just gotta hit the the rotor and engine.
17:34:05 : Side: Tamago: like with any toher heli xD
17:34:08 : Side: Tamago: other*
17:34:18 : Side: Denial Beans: basically
17:56:08 : Side: Tobimofat: Is buiding supplyes mission a thing?
17:56:19 : Side: Tamago: yes
17:56:35 : Side: Tobimofat: Do they happend often?
17:56:49 : Side: Tamago: its random but yeah its 1 to 3 each restart
17:56:51 : Side: Jakob: /vote day
17:58:15 : Side: Tobimofat: Okay ty
18:00:29 : Side: Ryan: donny don't f with my team
18:00:34 : Side: Tamago: xD
18:01:09 : Side: ThirdEyeSphinx: Ryan wassup.
18:01:13 : Side: Ryan: sup
18:01:23 : Side: Tamago: Denial is in your team Ryan?
18:01:27 : Side: Ryan: yes
18:01:39 : Side: Tamago: good to know than :Dw
18:02:44 : Side: Ryan: who is on donny's team
18:02:49 : Side: Tamago: idk
18:03:06 : Side: Ryan: i heard 2 guys here who the hell is it
18:03:16 : Side: ThirdEyeSphinx: Hey who's down for a bandit base mission after the restart?
18:03:18 : Side: Donny Burger: i dont have a teammate lol
18:04:18 : Side: Ryan: we are hero we don't want to kill but will if needed
18:04:28 : Side: Tamago: same here
18:06:50 : Side: Tamago: ns :D
18:11:03 : Side: Denial Beans: not nice having people shoot you on sight is it donny?
18:11:15 : Side: Tamago: is it Denial :D
18:11:18 : Side: Tamago: =p
18:11:25 : Side: Denial Beans: nope 
18:11:30 : Side: Tamago: xD
18:11:51 : Side: Denial Beans: they took forever to kill me it took me 2 rounds
18:12:02 : Side: Tamago: more experience
18:12:12 : Side: Denial Beans: yep and a scoped rifle
18:14:13 : Side: Denial Beans: hey tamago whats your humanity at?
18:14:18 : Side: Tamago: 19k
18:14:33 : Side: Denial Beans: mines 29.5k almost rank 5
18:14:39 : Side: Tamago: nice :D
18:14:42 : Side: Ryan: 32k
18:14:45 : Side: ThirdEyeSphinx: Mines at 18k
18:15:19 : Side: ThirdEyeSphinx: Ryan buy me a BTR when you reach 35k!
18:15:31 : Side: Denial Beans: hell no
18:15:32 : Side: ThirdEyeSphinx: I'll give you the brief cases :D
18:15:55 : Side: ThirdEyeSphinx: Hell no why?
18:16:03 : Side: Denial Beans: its a taknk
18:16:07 : Side: Denial Beans: tank
18:16:09 : Side: ThirdEyeSphinx: Ok and?
18:16:09 : Side: Tamago: and?
18:16:18 : Side: ThirdEyeSphinx: I'm not going to use it against you lol.
18:16:19 : Side: Denial Beans: it is a tank
18:16:37 : Side: ThirdEyeSphinx: And? What's wrong with it being a tank?
18:17:33 : Side: Denial Beans: nice shootin 2di34 but not quite enough buddy
18:17:49 : Side: Tamago: lol
18:17:50 : Side: 2DIE4: ?
18:18:28 : Side: ThirdEyeSphinx: 2die4 is like the John wick of this server.
18:18:38 : Side: 2DIE4:  XD
18:18:47 : Side: 2DIE4:  i likee that one  =)
18:19:31 : Side: ThirdEyeSphinx: "I saw him kill three men at a bar with a fucking pencil"
18:19:48 : Side: 2DIE4:  it was  ya crayon
18:19:50 : Side: Tamago: and than she sharpened the pencil
18:19:57 : Side: Tamago: he*
18:20:10 : Side: Denial Beans: yesterday i took down an attack chopper...... with a knife.
18:20:18 : Side: Denial Beans: lol
18:20:21 : Side: Tamago: xD
18:20:32 : Side: 2DIE4:  i killed someone with my rangefinder once  XD
18:20:39 : Side: ThirdEyeSphinx: lmao!
18:20:42 : Side: Tamago: I killed a dozen people whit a single granade and after that the granade exploded
18:20:56 : Side: 2DIE4:  was even in the damn killmessage  XD
18:21:24 : Side: Denial Beans: i eat nails for breakfast
18:21:31 : Side: Denial Beans: without any milk
18:21:35 : Side: Tamago: xD
18:21:45 : Side: 2DIE4: once i killed a room full of medics and nurses .-....
18:21:47 : Side: Tamago: you know cinder blocks? i shit them
18:21:54 : Side: 2DIE4:  and then birth was given to me
18:23:10 : Side: Denial Beans: hopefully youll get this
18:23:28 : Side: Denial Beans: little pig little pig..... let.... me.. in.
18:23:32 : Side: 2DIE4: u know y i dont eat honey?
18:23:38 : Side: 2DIE4:  i chew bees!
18:24:04 : Side: Denial Beans: if theyre upset bees does that make them BOObies?
18:24:05 : Side: 2DIE4:  and chuck norris tought me how to BBq under water
18:26:35 : Side: Tamago: damn your hunger goes down fast when you are crafting wth
18:26:42 : Side: 2DIE4: yap
18:26:45 : Side: Denial Beans: oh yeah dude 
18:27:07 : Side: Denial Beans: chopping trees makes you realise how big of a pussy you are in this game
18:27:17 : Side: Tamago: i just ate 2 mre. build 3 sandbag nests and im starving
18:29:48 : Side: 2DIE4: still got ammo to waste .. who will be he lucky one?
18:29:57 : Side: Tamago: im safe :D
18:29:58 : Side: Ryan: plz donny
18:32:14 : Side: 2DIE4: i see smoke in lopatino
18:32:35 : Side: Tamago: could be a normal heli crash site
18:32:46 : Side: 2DIE4:  i know =)
18:33:19 : Side: Tamago: SCORE
18:36:04 : Side: Tobimofat: :(
18:37:01 : Side: 2DIE4:  your loot is still there  =9
18:37:24 : Side: Tobimofat: Yeah sure..but in  1min it isen't
19:00:52 : Direct: Greg: wywaliło cię z głosowego?
19:01:52 : Group: Tamago: trak
19:02:01 : Group: Tamago: dic mi sie zwisil juz go reloaduje
19:07:25 : Side: Tamago: 2Die4 mission is done you see us on gps
19:07:45 : Side: 2DIE4:  so thats your lb down there?  =)
19:07:53 : Side: Tamago: nope. tis a random spawn
19:07:57 : Side: Greg: heh
19:08:10 : Side: Tamago: wanted to fly it but rear motor is damaged
19:08:15 : Side: 2DIE4:  ill give u free escord to the loot
19:08:24 : Side: Tamago: ncie thanks :D
19:08:32 : Side: Tamago: we will be at heli
19:08:34 : Side: 2DIE4:  iu will probably find some scrap metall
19:09:11 : Side: 2DIE4:  well get it then  w
19:09:21 : Side: Greg: coming
19:09:48 : Side: 2DIE4:  that should by far make up 4 what u lost b4  =) 
19:09:55 : Side: Tamago: its ok :D
19:10:30 : Side: Tamago: and thanks  ^^
19:10:52 : Side: 2DIE4:  np  i bet u would have shot me if i would have got out  XD
19:11:01 : Side: Greg: nooo :)
19:11:04 : Side: Tamago: nopew
19:11:12 : Side: Tamago: i have no intetnion of doing sow
19:11:40 : Side: Tamago: decent supplies :D
19:11:52 : Side: 2DIE4:  yalls base down here?
19:11:53 : Side: Denial Beans: 2die4 will gut you and dance in your chest cavity
19:11:57 : Side: Tamago: 2 of us
19:12:04 : Side: Denial Beans: lol
19:12:38 : Side: Denial Beans: 2die4 final words were......
19:12:48 : Side: Denial Beans: WALLAH AKBAR
19:13:26 : Side: 2DIE4:  naaa... im  a nice guy eventhough i kill ppl
19:13:32 : Side: Tamago: +1
19:13:40 : Side: Denial Beans: tis true
19:13:51 : Side: Denial Beans: i like you being bandit though
19:14:01 : Side: Denial Beans: keeps things interesting
19:14:05 : Side: 2DIE4:  u like to be sneaked up on?  XD
19:28:46 : Side: VLADIMIR>***: Greg i have rusion wodka and cigaret
19:33:23 : Side: 2DIE4: wasnt me
19:34:29 : Side: Tamago: ummm. unknown from 29meters?
19:34:35 : Side: Tamago: 29k*
19:34:40 : Side: 2DIE4:  not me
19:34:45 : Side: Tamago: well wth was that
19:34:58 : Side: Ryan: got removed for vehicle creation 
19:35:02 : Side: Tamago: 29000 meters killed by unknown
19:35:04 : Side: 2DIE4:  must be AI
19:35:23 : Side: 2DIE4: a lil off sometimes
19:35:29 : Side: Tamago: a lil off xD
19:35:41 : Side: Tamago: hell of a bullet drop
19:36:07 : Side: 2DIE4: arty  XD
19:36:17 : Side: Tamago: oh well arma i guess
19:36:32 : Side: Tamago: ahhh
19:36:39 : Side: Tamago: so my body is in debug?
19:37:59 : Side: Tamago: oh ok thanks :D
19:38:35 : Side: Tamago: seems legit =o
19:39:12 : Side: Tamago: oh btw. since you are on. what is needed for a mission to recieva a parashute drop?
19:39:32 : Side: 2DIE4:  u gotta get into the circle 
19:39:41 : Side: 2DIE4:  4  a cirtain amount of time  
19:39:46 : Side: Tamago: ohhh
19:40:04 : Side: Tamago: cool thanks :d
19:40:06 : Side: 2DIE4:  cirle =  AI more cautious
19:40:26 : Side: 2DIE4: = calling 4  reinforcements  =9
19:41:04 : Side: Tamago: it cna be shot down normally right?
19:41:28 : Side: Tamago: sweet thank you
19:49:19 : Side: Tamago: rpg
19:49:34 : Side: Ryan: don't use it u will get kicked
19:49:39 : Side: Tamago: yup
19:49:47 : Side: Tamago: i will test other one
19:50:00 : Side: Denial Beans: does the rpg18 work?
19:50:12 : Side: Tamago: trying rpg 18
19:50:18 : Side: 2DIE4:  works
19:50:24 : Side: Tamago: yes
19:50:38 : Side: 2DIE4:  i know  =)w
19:50:57 : Side: Tamago: 7v kicks people out
19:51:19 : Side: 2DIE4:  also know  XD
19:51:33 : Side: Tamago: but missile still hits target right?
19:51:51 : Side: 2DIE4:  couldnt check  got kicked XD
19:52:51 : Side: Tamago: i do and yes
19:52:57 : Side: Tamago: but i have Ai aggro on my base xD
19:55:52 : Side: Tamago: doing v7
19:56:16 : Side: Tamago: nothing O_O
19:56:21 : Side: Tamago: i didnt aim down sight
19:56:23 : Side: Tamago: aiming
19:56:30 : Side: Tamago: still here
19:56:35 : Side: Tamago: stillr
19:58:44 : Side: Tamago: i dfired 3 rounds and it was k :D
19:59:01 : Side: Tamago: +1
20:00:01 : Side: Tamago: wth mayors mansion. stanag crate?
20:06:41 : Side: Denial Beans: 2die4 whats your humanity?
20:06:49 : Side: Tamago: xD
20:06:54 : Side: 2DIE4:  u dont even wanna know  XD
20:06:59 : Side: Tamago: hahah
20:07:06 : Side: Denial Beans: just curious if it got lower
20:07:21 : Side: Tamago: you cant go lower than 2die4
20:07:22 : Side: Denial Beans: is it -100k
20:07:27 : Side: 2DIE4: 356359K negative 
20:07:47 : Side: 2DIE4: srxy 356359 exact
20:08:05 : Side: Denial Beans: killing heroes minus a lot huh
20:08:23 : Side: 2DIE4:  i even do bandit missions  XD
20:08:35 : Side: 2DIE4:  otherwise it would be like 500K or so
20:13:12 : Side: Tamago: great parashute drop on my base
20:13:26 : Side: Denial Beans: i know right
20:14:38 : Side: Tamago: oh well white little bird is me please do not shoot
20:14:58 : Side: Denial Beans: thats not me im joking
20:25:06 : Side: Tamago: what the speed of 6 breifs little bird in hero trader?
20:25:12 : Side: Tamago: the one with ,134
20:25:36 : Side: Tamago: is it same with ah-13h?
20:26:26 : Group: 2DIE4: the fuck? 
20:26:33 : Side: Tamago: gona test it out :D
20:27:15 : Side: Tamago: its normal lb speed
20:29:09 : Side: Tamago: hmm rocket lanuchers are not working on it ;/ that would bo so op O_O
20:38:12 : Side: Tamago: anyone doing disabled pickup?
20:38:15 : Side: Tamago: cause
20:38:20 : Side: Tamago: sorry if yes
20:38:39 : Side: Denial Beans: whatd you do grenade it
20:38:49 : Side: Tamago: no minigunned it and all ai but 1 is alive
20:39:07 : Side: Tamago: tahts why im asking
20:39:13 : Side: Denial Beans: well that is me
20:39:20 : Side: Tamago: ok xD
20:39:23 : Side: Tamago: going off now
20:39:23 : Side: Denial Beans: lol
20:39:47 : Side: Tamago: i was flying close and i was ahh wth lets shoot
20:39:57 : Side: Tamago: and than gps test 1 ai left wtf
20:44:31 : Group: 2DIE4: what killed me?  
20:44:37 : Group: 2DIE4:  im having massive lags
20:47:07 : Side: Tamago: can all enterable buildings get leveled?
20:47:23 : Side: Ryan: i think so
20:47:41 : Side: Tamago: best 6 briefs spend :D
20:48:07 : Side: Denial Beans: whatd you get
20:48:12 : Side: Tamago: lb with miniguns
20:50:00 : Side: Tamago: damn ammou is out ;/
20:55:05 : Side: Tamago: ok see you guys after restart
21:48:10 : Side: Tamago: 3 heli paratroopers incoming for your mission. care
21:48:28 : Side: Tamago: unless its just a start of a president mission
21:49:23 : Side: Walasznikow: very dimly I know English
21:49:51 : Side: Tamago: are you friend of Greg?
21:49:59 : Side: Walasznikow: yes
21:50:05 : Side: Tamago: aa to zajebioza :D
21:50:27 : Side: Walasznikow: :)
21:51:05 : Side: Tamago: pisalem ze wspacrie nadlatuje 3 helikoperami. aloe to byl tylko poczatek misji z prezydentem
21:51:28 : Side: Walasznikow: no to musi byc ciezka misja
21:51:47 : Side: Walasznikow: jak sie dorobie postaram sie ja zrobic
21:51:58 : Side: Tamago: idzesz w bandyte?
21:52:19 : Side: Walasznikow: nie
21:52:38 : Side: Tamago: pytam sie bo to misja dla bandytow
21:52:41 : Side: Tamago: =p
21:52:52 : Side: Tamago: nasz odpowiednik to misja z burmistrzem
21:53:44 : Side: Walasznikow: masz tu baze swoja
21:54:00 : Side: Tamago: mam gotowa juz na tyle ze czuje sie bezpiecznie w niej =p
21:54:23 : Side: Walasznikow: ok
21:54:26 : Side: Tamago: a co?
21:54:52 : Side: Walasznikow: tylko pytam
21:55:10 : Side: Tamago: kk =p
22:00:51 : Side: Walasznikow: ja dopiero mam zamiar sie budowac:)
22:01:03 : Side: Tamago: tak jak greg xD
22:01:25 : Side: Walasznikow: zgadza sie
22:01:34 : Side: Tamago: jak potrzebujesz transportu lub chcesz misje porobic to jestem wolny za 15 minut =p
22:02:29 : Side: Walasznikow: spoko dzieki ale dzis chyba nie bede robic misji juz
22:02:35 : Side: Tamago: k
22:49:28 : Group: Tamago: hello
22:51:30 : Group: Tamago: yup
22:54:12 : Group: Tamago: kk
22:54:20 : Group: Tamago: i will try to do a mission with this lil bird :D
22:54:45 : Group: Tamago: dont walk on the roof that has no metal walkway
22:55:07 : Group: Tamago: wait a sec i will gow tih you
22:55:30 : Group: Tamago: we will quicly do the mission. convy.
22:55:36 : Group: Tamago: its near and i will load 1 mingun clip
22:56:20 : Group: Tamago: oh
22:56:24 : Group: Tamago: yup
22:56:45 : Group: Tamago: i tried to do this convoy but there are 20 ai in a shit position
22:57:20 : Group: Tamago: and all we need now is metal floors and cinder blocks
22:57:25 : Group: Tamago: idk never saw them before
22:59:12 : Group: Tamago: heli? nah as log as any thing dosnt goes yellow is good
22:59:18 : Group: Tamago: after that run like hell
23:01:12 : Group: Tamago: sure auto hover to land
23:01:16 : Group: Tamago: use*
23:01:38 : Group: Tamago: its easier when you are remebering stuff
23:01:59 : Group: Tamago: x and c rotate heli on its axis
23:02:22 : Group: Tamago: yup
23:02:52 : Group: Tamago: yup it was fine :D
23:04:11 : Group: Tamago: nice
23:04:29 : Group: Tamago:  i will load left gunner position so be sure to keep mission on the left
23:04:42 : Group: Tamago: unless the miniguns will nto work again
23:05:00 : Group: Tamago: nah
23:05:15 : Group: Tamago: flares are a-a rockets. and yup you fly
23:05:21 : Group: Tamago: and use mingun
23:05:34 : Group: Tamago: and its stuck
23:05:36 : Group: Tamago: look
23:05:49 : Group: Tamago: i cant see where i am pointing
23:06:03 : Group: Tamago: see what
23:06:08 : Group: Tamago: no
23:06:11 : Group: Tamago: ;/
23:06:19 : Group: Tamago: ok i can
23:06:34 : Group: Tamago: yeah its working left gun
23:06:44 : Group: Tamago: mark that convoy mission
23:06:50 : Group: Tamago: i need building supplies
23:06:54 : Group: Tamago: LOTS of them
23:07:26 : Group: Tamago: i will try
23:07:34 : Group: Tamago: not sure if i will see ai
23:07:43 : Group: Tamago: if you will see we taking dmg just run
23:08:07 : Group: Tamago: its ok
23:08:19 : Group: Tamago: if it start going down try to land it
23:08:27 : Group: Tamago: unless it will be out of control than eject
23:08:39 : Group: Tamago: yup
23:08:48 : Group: Tamago: unless we land inside mission xD
23:09:06 : Group: Tamago: i mean when we eject
23:09:23 : Group: Tamago: almost 600 meters xD
23:09:32 : Group: Tamago: no
23:09:42 : Group: Tamago: yeah go 400
23:09:53 : Group: Tamago: 19
23:10:00 : Group: Tamago: 17*
23:10:07 : Group: Tamago: we can do it
23:11:33 : Group: Tamago: cant hit too far
23:11:45 : Group: Tamago: 1
23:12:19 : Group: Tamago: ig you stop moving than yes
23:12:21 : Group: Tamago: xD
23:12:51 : Group: Tamago: go
23:13:21 : Group: Tamago: 1 xD
23:13:25 : Group: Tamago: srsly im laughing
23:13:41 : Group: Tamago: is it engine or rotor
23:14:06 : Group: Tamago: i have a spare
23:14:17 : Group: Tamago: took it form russian lada. it shoudl work
23:14:22 : Group: Tamago: yeah hgero mission
23:14:35 : Group: Tamago: try to land
23:14:45 : Group: Tamago: snose up
23:15:01 : Group: Tamago: gj
23:15:04 : Group: Tamago: really gj
23:15:13 : Group: Tamago: lel
23:15:28 : Group: Tamago: in base
23:15:35 : Group: Tamago: lock it
23:15:50 : Group: Tamago: yup
23:16:33 : Group: Tamago: chinook?
23:16:46 : Group: Tamago: idk
23:16:59 : Group: Tamago: huh maybe
23:17:13 : Group: Tamago: my lb has 25 armnor
23:17:19 : Group: Tamago: xD
23:18:05 : Group: Tamago: yeah zombie hit
23:18:21 : Group: Tamago: sure
23:18:29 : Group: Tamago: i have no bandages
23:18:54 : Group: Tamago: ty
23:19:32 : Group: Tamago: well no use doing that convoy mission. 20 minutes left
23:19:40 : Group: Tamago: yup
23:19:48 : Group: Tamago: hopefully better spot
23:20:34 : Group: Tamago: i srsly runned out of bandawth
23:20:39 : Group: Tamago: bandages*
23:20:54 : Group: Tamago: btw that gree truck
23:21:00 : Group: Tamago: you drive this one in normally
23:21:02 : Group: Tamago: xD
23:21:26 : Group: Tamago: yup
23:21:33 : Group: Tamago: its low enough to get in without towing
23:21:50 : Group: Tamago: next to wooden
23:21:52 : Group: Tamago: yeah
23:22:05 : Group: Tamago: yup
23:22:25 : Group: Tamago: how do you like my bunker idea?
23:22:39 : Group: Tamago: double doors will go in every 2 concrete walls
23:22:48 : Group: Tamago: and it will go all around the base
23:22:59 : Group: Tamago: and above that will be one massive heli pad
23:23:03 : Group: Tamago: whole roof
23:23:10 : Group: Tamago: yup
23:23:24 : Group: Tamago: but we have to add mroe doorways inside of the tower in the middle
23:23:33 : Group: Tamago: you can take parts and fix it now
23:23:59 : Group: Tamago: we will fix it but i think fuel was fine
23:24:27 : Group: Tamago: mission
23:24:36 : Group: Tamago: paratroopers
23:24:55 : Group: Tamago: admin said that they all spawn 2 to 5 km behind our base xD
23:24:57 : Group: Tamago: nah
23:25:02 : Group: Tamago: thye went to a mission spot
23:25:15 : Group: Tamago: i think that someone is doing that convoy
23:25:36 : Group: Tamago: cause when you get into the mission circle and you will stay for too long paratroopers will get called in
23:25:40 : Group: Tamago: thats why they have it
23:25:54 : Group: Tamago: what missles?
23:26:16 : Group: Tamago: i think that all missiles are disabled on this server
23:26:22 : Group: Tamago: would make everything too easy
23:26:30 : Group: Tamago: like raiding a base would be a piece of cake
23:26:47 : Group: Tamago: oh and these helicopers can get shot down
23:26:55 : Group: Tamago: so we can pervent them reaching missions :D
23:27:11 : Group: Tamago: why not right?
23:27:13 : Group: Tamago: yup
23:27:15 : Group: Tamago: same here
23:49:20 : Group: Tamago: is taht you or me coughing
23:49:30 : Group: Tamago: me
23:50:27 : Group: Tamago: lol
23:51:34 : Group: Tamago: damn so far away
23:53:21 : Group: Tamago: sure
23:53:40 : Group: Tamago: do you have any spare bandages?
23:53:49 : Group: Tamago: can i get some? 
23:53:51 : Group: Tamago: xD
23:54:24 : Group: Tamago: ty
23:54:33 : Group: Tamago: same
23:54:37 : Group: Tamago: ural attack?
23:54:53 : Group: Tamago: get in. i will show you how this baby shoots :D
23:55:19 : Group: Tamago: boom
23:55:29 : Group: Tamago: xD
23:55:46 : Group: Tamago: so i leave you and attack from above?
23:56:19 : Group: Tamago: i got you a decent spot i hope
23:56:57 : Group: Tamago: 5
23:57:06 : Group: Tamago: good
23:58:07 : Group: Tamago: try to go to that weird empty spot
23:58:13 : Group: Tamago: o the other side of the forest
23:58:38 : Group: Tamago: yeah you nwws to tell me if you see them
23:58:42 : Group: Tamago: need*
23:59:21 : Group: Tamago: no
23:59:51 : Group: Tamago: same im going in
