14:21:07 : Direct: LWB [SD]: they are lying
14:21:14 : Direct: LWB [SD]: they were saying horribe stuff to her
14:21:31 : Direct: Freedom: thank you figured as much
21:38:22 : Direct: Freedom: you need mossie parts
21:38:28 : Direct: Digupherbones: hello :)
21:38:42 : Direct: Digupherbones: erm I dont have any atm
21:38:51 : Direct: Digupherbones: are we going somewhere?
21:38:51 : Direct: Freedom: ill give you some 
21:38:57 : Direct: Digupherbones: ok thanks
21:39:00 : Direct: Freedom: dunno lol
21:40:58 : Direct: Digupherbones: ty :)
21:41:03 : Direct: Freedom: you bet anytime
21:41:20 : Direct: Digupherbones: few bandit missions about
21:42:44 : Direct: Digupherbones: want to do one of the missions or something?
21:42:56 : Direct: Freedom: sure
21:42:59 : Direct: Digupherbones: or go help 2die4
21:43:22 : Direct: Freedom: dont matter think they are fine 
21:53:32 : Direct: Digupherbones: one near dichina maybe?
21:54:06 : Direct: Freedom: ok
22:12:00 : Direct: Freedom: blood bags you want any
22:36:45 : Direct: PRISMIC: no
22:47:50 : Direct: [NG2] Jesse: ok
23:36:22 : Direct: Rrazo165: /killme
23:37:35 : Direct: PRISMIC: oka
23:38:33 : Direct: PRISMIC: hello jacob
