00:33:25 : Side: Dr. Peniscillin: lol what a fukcing lame idiot shti i cant deplay a mozzie near my own pole after 1 week playing i can 
01:18:51 : Side: userpc: toma all i want is to get my gear back you can have all the loot from the AIs plz dont kill me again
01:27:41 : Side: Boosted Outlaw: userpc if you want you can help me take this thing im here already killed 7
01:28:22 : Side: userpc: all i want is my gear back nothing more 
01:28:46 : Side: Boosted Outlaw: no problem man i didnt kill you so go for it buy would you wanna help me out anyway?
01:29:01 : Side: userpc: sure if i can reach there sure
01:29:15 : Side: Boosted Outlaw: k let me know when you get a rifle
01:35:33 : Side: Boosted Outlaw: user where u at?
01:36:16 : Side: userpc: 8k away closing by
01:39:58 : Side: VPr3stigious: does it cost money to maintain base?
01:40:07 : Side: [NG2] Jesse: yes
01:40:12 : Side: VPr3stigious: how much?
01:53:31 : Side: Tomahawk: can i talk in side chat and btw ryan is with me
01:54:32 : Side: Tomahawk: cheeto's
05:14:10 : Side: JeRaX: pojiznenno
05:15:30 : Side: JeRaX: pojiznenno
06:27:48 : Side: JeRaX: vader
06:28:14 : Side: Darth_Vader_UA: ?
06:28:51 : Side: JeRaX: po russki razogovarivaesh?
06:29:06 : Side: Dr. Peniscillin: but not in sidechat
06:29:13 : Side: Darth_Vader_UA: da
06:29:39 : Side: JeRaX: go ts? 1 skuchno pzdc
06:30:02 : Side: Darth_Vader_UA: ne sorry
06:30:06 : Side: JeRaX: (
06:30:22 : Side: JeRaX: ya adekvatnii
06:30:36 : Side: Dr. Peniscillin: only english in sidechat
06:30:50 : Side: JeRaX: stfu pls
06:30:54 : Side: JeRaX: ty
06:31:18 : Side: Dr. Peniscillin: no i was at the same situation i talk german and must quit also you to
06:31:50 : Side: JeRaX: i don't understand you
06:31:53 : Side: JeRaX: bb
07:29:54 : Side: Franchi516: Дарт
07:30:01 : Side: Darth_Vader_UA: что
07:30:03 : Side: Franchi516: По русски говоришб?
07:30:08 : Side: Dr. Peniscillin: english !!!
07:30:16 : Side: Darth_Vader_UA: угу
07:30:22 : Side: Franchi516: go group
07:30:27 : Side: Darth_Vader_UA: не
07:30:35 : Side: Franchi516: ;c
07:37:05 : Side: Franchi516: Dart
07:37:12 : Side: Franchi516: Mayby go groop?
07:37:14 : Side: Darth_Vader_UA: ?
07:37:47 : Side: Franchi516: Go groop
07:37:55 : Side: Franchi516: Please
07:37:58 : Side: Darth_Vader_UA: ne
07:38:09 : Side: Franchi516: Hule
07:42:02 : Side: Franchi516: Dart you go to Mi-17?
07:42:12 : Side: Darth_Vader_UA: no
07:43:30 : Side: Franchi516: Doc
07:43:57 : Side: Franchi516: Dr
07:44:06 : Side: Dr. Peniscillin: ?
07:44:20 : Side: Franchi516: You going mi 17?
07:44:39 : Side: Dr. Peniscillin: nope i fly around with my mozzilla
07:44:47 : Side: Franchi516: :)
07:46:03 : Side: Franchi516: Sorry on my russian on side channel.Дарт ты со снапой?
07:48:44 : Side: Franchi516: Bloody,mayby go play together
07:48:47 : Side: Franchi516: ?
07:48:53 : Side: just4fun: maybe
07:48:56 : Side: just4fun: maybe not
07:49:04 : Side: Franchi516: okay
07:51:13 : Side: Franchi516: I find team with russian.ц
07:54:33 : Side: Franchi516: Who cleat Mi-17?
07:54:49 : Side: just4fun: me with makarov)
07:54:57 : Side: Franchi516: Lolw
07:55:56 : Side: Franchi516: Just,please i want play with normal team.ц
07:56:14 : Side: just4fun: we are Ukrainian
07:56:17 : Side: just4fun: dont now
07:56:20 : Side: just4fun: english
07:56:27 : Side: Franchi516: i tow
07:56:34 : Side: Franchi516: to Ukrainian
07:57:05 : Side: just4fun: do you play solo?
07:57:09 : Side: Franchi516: Yes
07:59:24 : Side: Franchi516: You invite me?
07:59:30 : Side: just4fun: Maybe
07:59:35 : Side: Dr. Peniscillin: lol
08:04:54 : Side: Franchi516: Just -1 M2
08:05:02 : Side: just4fun: i see
08:06:18 : Side: Franchi516: you camp mission?ц
08:06:23 : Side: just4fun: now now
08:06:27 : Side: just4fun: now no
08:08:23 : Side: just4fun: Lol
08:14:41 : Side: Franchi516: Just
08:14:46 : Side: Dr. Peniscillin: that was for your lol :)
08:14:51 : Side: just4fun: )
08:15:10 : Side: Franchi516: You clear M2?
08:15:15 : Side: just4fun: тщ
08:15:19 : Side: just4fun: no
08:15:26 : Side: Franchi516: Я понимаю\
08:15:35 : Side: just4fun: да ну
08:15:41 : Side: Franchi516: ;d
08:19:07 : Side: Franchi516: I going to heli
08:21:14 : Side: Dr. Peniscillin: ...
08:22:03 : Side: Franchi516: pasiba rebuat
08:26:10 : Side: just4fun: тю а чо ключа нету?
08:26:28 : Side: Franchi516: Зачем меня кильнули?
08:26:37 : Side: just4fun: а зачем прибежал?
08:26:50 : Side: Franchi516: Верт проверить
08:27:26 : Side: Franchi516: Примите в группу я один дно
09:38:19 : Side: Sierra [SD]: just4fun please log off and remove your squad xml. Many thanks
09:39:09 : Side: just4fun: why ?
09:39:27 : Side: Sierra [SD]: we don't allow squad xmls.
10:07:05 : Side: 2DIE4:  hey svaay
10:07:10 : Side: svvay: hey bro
10:07:13 : Side: 2DIE4: mean svvay
10:07:18 : Side: svvay: ^^
10:07:19 : Side: svvay: sup?
10:07:26 : Side: 2DIE4:   i klnow u in ya base  .. wanna go do that mission ?
10:08:25 : Side: svvay: prefer to go solo, thanks for the offer :)
10:08:34 : Side: 2DIE4:  well ok 
10:31:05 : Side: 2DIE4:  go collect   the mission wasnt even worth it   =) 
10:35:34 : Side: just4fun: hi all
10:35:48 : Side: 2DIE4: hi
10:56:00 : Side: 2DIE4:  whos here in Berenzino? =) 
10:56:33 : Side: 2DIE4:  dude stop turning around just answer  XD
10:57:46 : Side: 2DIE4:  i guess i know wqho it was  XD
10:57:59 : Side: Sir LongSleeves: who do you think
10:58:34 : Side: 2DIE4:  coffee
10:58:56 : Side: 2DIE4:  or no 
10:59:25 : Side: Sir LongSleeves: i dunno, last time i saw him he was around somewhere north
11:03:33 : Side: Aleksandr: тут танки есть ?
11:03:44 : Side: 2DIE4:  englih only in side pls
11:03:52 : Side: 2DIE4: *english
11:04:09 : Side: Aleksandr: переведешь
11:04:12 : Side: Aleksandr: сам
11:04:19 : Side: 2DIE4: dude english 
11:04:35 : Side: 2DIE4:  whats so hard to understand?
11:04:50 : Side: Aleksandr: да
11:21:49 : Side: Sir LongSleeves: dude really, shooting in the back?
11:21:59 : Side: Sir LongSleeves: grow a spine man, and some balls
11:32:52 : Side: Tobimofat: So what you all doing on a workday like today playing dayz? :)
11:34:32 : Side: Sierra [SD]: working - not playing :)
11:35:24 : Side: Sir LongSleeves: sierra, i got a question.
11:35:49 : Side: Sierra [SD]: Yes Sir Longsleeves, what's up?
11:35:51 : Side: Sir LongSleeves: i have a vodnik with a sh*tload of gear in it, but i lost my key after i crashed with a heli.
11:36:05 : Side: Tobimofat: That's sad :(
11:36:10 : Side: 2DIE4:  find  hotwire kit
11:36:12 : Side: Sir LongSleeves: my body glitched out somehow
11:36:14 : Side: Sierra [SD]: yeah I know you have already spoken to LWB about this.]
11:36:44 : Side: Sir LongSleeves: well both my and my friends body glitched out
11:36:46 : Side: Sierra [SD]: My answer is the same I'm afraid.
11:36:58 : Side: Sir LongSleeves: no i know but i had a other question haha
11:37:07 : Side: Sierra [SD]: righty - shoot :)
11:37:20 : Side: Sir LongSleeves: is it true that if you would hotwire it or break the lock, that you cant lock it afterwards anymore?
11:37:29 : Side: 2DIE4:  yap
11:37:32 : Side: Sierra [SD]: yes
11:37:33 : Side: 2DIE4:  gotta sell it
11:37:44 : Side: Sir LongSleeves: o well, no loss then ^^
11:38:39 : Side: Sierra [SD]: hopefully you can find one - unless you already have one of course :)
11:38:48 : Side: Sir LongSleeves: ill do my bes
11:38:52 : Side: Sir LongSleeves: best
11:38:57 : Side: Sierra [SD]: ;)
11:38:58 : Side: Sir LongSleeves: ;p
11:40:24 : Side: Tobimofat: Was i the only one getting insane low fps right before?
11:40:43 : Side: Tobimofat: For like 15-20 secs
11:41:30 : Side: Sierra [SD]: I guess it was just you ;)
11:49:50 : Side: Gandy: is the temperature working?
12:38:30 : Side: svvay: Gandy?
13:13:45 : Side: svvay: where do I get the mozzie grenade?
13:14:31 : Side: MeGa_Koffiepot: you can rearm at a fuelstation for some gold 
13:14:37 : Side: svvay: ait, cheers
13:27:12 : Side: RecDi [Ru: HI guys
13:27:21 : Side: Phaetta: hello
13:28:02 : Side: MeGa_Koffiepot: dqcht het zel 
13:34:05 : Side: RecDi [Ru: Who want a buy M134 NATo?
13:34:16 : Side: matsa: me
13:34:19 : Side: svvay: no me stfu mats
13:34:30 : Side: matsa: :(
13:34:41 : Side: svvay: :)
13:35:07 : Side: RecDi [Ru: You buy ammo?
13:35:20 : Side: svvay: Sure, how much?
13:35:30 : Side: RecDi [Ru: 1 brif
13:35:51 : Side: svvay: 60 gold, and you got a deal
13:36:08 : Side: RecDi [Ru: 6 OZ gold?
13:36:12 : Side: svvay: yea
13:36:22 : Side: RecDi [Ru: 6 10?
13:36:30 : Side: svvay: yes sir
13:36:47 : Side: RecDi [Ru: щ
13:36:49 : Side: RecDi [Ru: Okay
13:37:06 : Side: RecDi [Ru: Go on stary sobor
13:37:08 : Side: matsa: kartoshka
13:37:11 : Side: svvay: roger
13:37:15 : Side: svvay: ill be there in 5 min
13:37:23 : Side: svvay: need to retrieve the gold
13:37:36 : Side: RecDi [Ru: Svvay do you speak russian?
13:37:53 : Side: svvay: njetski
13:38:02 : Side: svvay: da dimitry
13:38:24 : Side: RecDi [Ru: otcuda ti znayesh kak menya zovut?
13:39:28 : Side: svvay: искал в интернете
13:39:43 : Side: RecDi [Ru: Пошли в группу
13:40:34 : Side: RecDi [Ru: stop
13:40:47 : Side: RecDi [Ru: Svvay you have safe?ц
13:40:57 : Side: svvay: yes
13:41:09 : Side: svvay: do you want a Lockbox for the ammo?
13:41:18 : Side: svvay: two lockboxes for the ammo
13:41:23 : Side: RecDi [Ru: ni
13:41:26 : Side: RecDi [Ru: Safed
13:41:32 : Side: RecDi [Ru: Safe
13:41:35 : Side: svvay: no
13:41:36 : Side: RecDi [Ru: Only safe
13:41:39 : Side: svvay: safe is mine
13:41:54 : Side: RecDi [Ru: you have 2 lock boxes?
13:41:57 : Side: svvay: yes
13:42:03 : Side: svvay: you can have those for the ammo
13:42:47 : Side: svvay: my friend, do we have a deal
13:43:09 : Side: RecDi [Ru: You can give me a 80 gold and i give you ammo
13:43:16 : Side: RecDi [Ru: Okay?
13:43:17 : Side: svvay: ok deal
13:43:21 : Side: svvay: stary in 5 min
13:43:22 : Side: svvay: davai
13:43:23 : Side: RecDi [Ru: Я в СС
13:46:49 : Side: RecDi [Ru: you in SS?
13:46:59 : Side: svvay: any minute
13:47:32 : Side: svvay: cinder indestructable here?
13:47:36 : Side: svvay: im here
13:48:19 : Side: RecDi [Ru: Ну ты же убивать меня не будешь)?
13:48:26 : Side: svvay: lol i dont speak russian
13:48:28 : Side: svvay: was just joking
14:41:19 : Side: [NG2] Jesse: can you build a fireplce that will stay for ever ? 
15:32:09 : Side: Tobimofat: How to locate vehicle with key?
15:32:27 : Side: [KRT]Uku: Right click on map
16:05:37 : Side: Kev: where to buy safes guys?
16:05:49 : Side: Gandy: traders
16:05:50 : Side: Phaetta: trader
16:05:54 : Side: Tobimofat: Trader
16:06:00 : Side: Kev: doesnt matter which one i mean?
16:06:17 : Side: Gandy: the toolbelt items one
16:06:32 : Side: Kev: ah i found it, thanks
16:06:35 : Side: Gandy: and vehicle parts
16:13:36 : Side: Kev: need plot to place safe?
16:13:41 : Side: Gandy: no
16:13:44 : Side: JeRaX: тщ
16:13:45 : Side: Kev: thanks
16:13:47 : Side: JeRaX: no
17:53:41 : Side: VPr3stigious: can you get fertilizer in this?
17:54:18 : Side: LWB [SD]: ive never seen it
17:54:30 : Side: LWB [SD]: whats its for
17:57:22 : Side: svvay: any way to increase visibility?
17:57:33 : Side: LWB [SD]: right click binos
17:57:34 : Side: 2DIE4: binos
17:57:57 : Side: svvay: thanks!
17:58:14 : Side: VPr3stigious: where can you buy fertilizer?
17:58:25 : Side: 2DIE4: u dont need no poo here
17:58:29 : Side: Mr.Rollin: any1 in cherno?
17:58:47 : Side: VPr3stigious: i want to grow a pumpkin patch
17:58:54 : Side: VPr3stigious: says i need fertilizer
17:59:38 : Side: LWB [SD]: this is dayz not farm simulator :D Ive never seen it, but it might be found somewhere. Didnt even know suck a thing exsitied
18:00:15 : Side: VPr3stigious: Yep it exists apparantly. 
18:00:24 : Side: 2DIE4:  havent seen furtelizer  either
18:00:28 : Side: VPr3stigious: I wanna survive in the wild
18:00:37 : Side: VPr3stigious: eating out of cans is not sustainable
18:00:44 : Side: LWB [SD]: in vanilla maybe. There are lots of things here that arwnt used that have been ported from vanilla
18:00:47 : Side: VPr3stigious: think of the future! we need to farm! :D
18:00:53 : Side: 2DIE4:  hunt gut  and cook .. gives u the best food
18:01:02 : Side: VPr3stigious: i do that too, and go fishing
18:01:12 : Side: 2DIE4:  so ?  thats all u need
18:01:23 : Side: VPr3stigious: but i want to have a safe source of food at my base
18:01:27 : Side: VPr3stigious: ei, a pumpkin patch
18:03:41 : Side: Logix: any friendly in cherno? that maybe need help?
18:10:27 : Side: Turmoil: its still locked...
18:10:47 : Side: Mr.Rollin: im new to epoch :D
18:10:49 : Side: Turmoil: ghillies dont hide you on a brick building
18:11:12 : Side: VPr3stigious: Welcome to the single best mod for DayZ, Mr Rollin!
18:11:18 : Side: VPr3stigious: imo
18:11:23 : Side: svvay: me2
18:15:01 : Side: Turmoil: kicked yourself LWB? xD
18:15:21 : Side: LWB [SD]: IED's dont work :D
18:15:45 : Side: Mr.Rollin: whats a mozzie?
18:15:59 : Side: Turmoil: helicopter
18:16:09 : Side: Mr.Rollin: k thanks :D
18:16:21 : Side: adrien: mini heli xd
18:16:26 : Side: Mr.Rollin: xD
18:17:55 : Side: Turmoil: enjoy it :) 
18:18:17 : Side: Turmoil: want the key too? :)
18:18:33 : Side: Turmoil: or just sell it xD lol
18:19:01 : Side: Turmoil: someone gets free veichles and dont even want the key for it *thumbs up
18:26:07 : Side: VPr3stigious: what gpus are you guys running?
18:26:16 : Side: VPr3stigious: and what fps?
18:26:29 : Side: OdlBrodler: gpu doesnt matter in this game running 39 fps with 980ti
18:26:40 : Side: VPr3stigious: so this game is cpu intensive?
18:27:04 : Side: svvay: this game is badly coded xdw
18:27:13 : Side: LWB [SD]: it runs on 1 core only
18:27:16 : Side: OdlBrodler: my friend is running 47 with 780.. no its just developed fucking bad xD
18:27:36 : Side: VPr3stigious: oh wow 1 core only?
18:27:40 : Side: VPr3stigious: thats really bad...
18:27:45 : Side: LWB [SD]: 980 in my main comp and get about 50-60
18:28:00 : Side: VPr3stigious: ive got a 1070 and am getting 50-60
18:28:05 : Side: LWB [SD]: 970 in my laptop and get about 10 less
18:28:10 : Side: Turmoil: i get around 34-40 on my laptop xD
18:28:11 : Side: OdlBrodler: i got i5 2500k.. you?
18:28:18 : Side: VPr3stigious: i5 6600k
18:28:51 : Side: LWB [SD]: 2600k :/ in pc 4720 in laptop
18:28:52 : Side: matsa: i have 17'
18:29:00 : Side: matsa: 6700k
18:29:05 : Side: VPr3stigious: what are your guys confidence rating for standalone? / 10
18:29:09 : Side: svvay: gtx 1080 here
18:29:21 : Side: VPr3stigious: frames, svvay?
18:29:30 : Side: svvay: about 30
18:29:35 : Side: VPr3stigious: ...
18:29:36 : Side: OdlBrodler: which cpu?
18:29:41 : Side: svvay: 3820
18:29:43 : Side: svvay: i7
18:30:16 : Side: Alex: gtx 970 3x windforce i5 over here running 35
18:30:42 : Side: OdlBrodler: tomorrow im going to get my i7 7700k.. then i can tell you the difference between i5 2500k and the new one :D
18:30:59 : Side: OdlBrodler: with same graphics card
18:31:08 : Side: LWB [SD]: that woud be interesting to know
18:31:11 : Side: VPr3stigious: nice
18:31:20 : Side: LWB [SD]: I was going to upgrade my cpu, but not sure if Its worth it
18:31:43 : Side: OdlBrodler: i have also seen guys who just bought a faster ram and their fps in arma increased by 10 - 20
18:32:06 : Side: LWB [SD]: yeah that would help, arma only used 2gb tho!
18:32:29 : Side: OdlBrodler: lets see tomorrow ;)
18:34:04 : Side: adrien: me i3 4370 3.8ghz .8gbram and gtx 750ti
18:34:13 : Side: adrien: is good for arma!
18:34:16 : Side: VPr3stigious: frames?
18:34:20 : Side: OdlBrodler: 30?
18:34:30 : Side: adrien: sorry 16gb ram 4x4
18:34:54 : Side: adrien: 38-42 of 1920x1080
18:35:08 : Side: VPr3stigious: oh yeah i forgot im running at 1440p
18:35:17 : Side: Sir LongSleeves: lol, here i come with a MSI Gaming Laptop running on an I7 with a GTX1070
18:35:18 : Side: Odlkanack: i7 4770k @4,2GHz gtx780 16gb ram frames: 25-50 :D
18:35:37 : Side: adrien: im screen s22d300 led samsung
18:35:51 : Side: VPr3stigious: how much is a chainsaw again?
18:35:53 : Side: adrien: full hd gaming!!
18:35:57 : Side: VPr3stigious: 100gold?
18:35:59 : Side: OdlBrodler: im running with i5 2500k @4,2GHZ, 16GB CL9 1866 MHz RAM and EVGA 980ti SC 6GB.. New System is i7 7700k @4,2GHZ, 16 GB RAM CL10 2400 MHz, EVGA 980ti SC
18:36:13 : Side: OdlBrodler: i will also give it a try ti run the game on an m2 sdd
18:38:40 : Side: Sir LongSleeves: was that an osprey flying over?
18:46:30 : Side: Mr.Rollin: why D:
18:55:44 : Side: 2DIE4:  u may now leave aint nuttin in here to nick
18:55:51 : Side: 2DIE4:  have  alook
18:56:10 : Side: 2DIE4: come here ghilli guy
18:56:25 : Side: Turmoil: oh the ghillie guys are at you now? 
18:56:25 : Side: 2DIE4:  have  a look
18:56:44 : Side: Turmoil: i offered them a truck WITH key, they just sold it xD
18:56:54 : Side: 2DIE4:  naa somebody nosy at bandit  XD
18:56:58 : Side: VPr3stigious: theres no female guille suit right?
18:57:07 : Side: 2DIE4:  ghillies r unisex
18:57:14 : Side: VPr3stigious: really?
18:57:23 : Side: VPr3stigious: thats awesome
18:57:44 : Side: Turmoil: can female characters wear ghillie? tought it was only for male characters
19:00:49 : Side: 2DIE4:  u even suck shooting idiot
19:01:27 : Side: Alex: ah the sounds of hostility
19:02:08 : Side: 2DIE4: i did the   UH 60 mission and this duchebag is claiming the chopper  Xd
19:02:24 : Side: 2DIE4:  now hes at bandit firing at me   while i sit in the safe zone  XD
19:02:45 : Side: 2DIE4:  where do all these retards come from?   XD
19:02:52 : Side: Alex: sounds like a stand up kinda person lol
19:03:06 : Side: 2DIE4:   kids  ... they just wanna play  =) 
19:03:36 : Side: svvay: "retards"w
19:03:42 : Side: svvay: not a nice thing to say :)
19:03:51 : Side: 2DIE4:  i know the truth hurts
19:04:03 : Side: svvay: which truth?
19:04:43 : Side: Alex: the inconvienient one 
19:04:44 : Side: 2DIE4:  well firing at someone whos in a  safe zone  is kinda brainless
19:04:45 : Side: Alex: boiiiii
19:05:24 : Side: svvay: doesnt give you the right to state someone as a retard
19:05:25 : Side: svvay: l0l
19:05:35 : Side: svvay: and you say they are kids
19:05:44 : Side: 2DIE4:  well prefere brainamputee?
19:05:52 : Side: Alex: its the internet guy, get a little tougher skin.....
19:06:10 : Side: 2DIE4:  well telling me to get out of my earned chopper is kinda childish   XD
19:06:43 : Side: svvay: who tells you to do that?
19:07:02 : Side: 2DIE4:  russian kindergarden  = )
19:07:07 : Side: 2DIE4:  sorry mafia
19:07:07 : Side: svvay: lel
19:07:22 : Side: Turmoil: LWB?
19:07:42 : Side: Alex: whos heli by klen?
19:08:00 : Side: JeRaX: stfu pizduk ebanii
19:08:13 : Side: Alex: wowzers
19:08:59 : Side: LWB [SD]: sup turmoil?
19:09:12 : Side: Turmoil: if you get shot... you WILL loose blood? no matter what?
19:09:29 : Side: 2DIE4:  lol what a  question
19:09:39 : Side: 2DIE4:   but maybe the wrong question  =) 
19:09:45 : Side: LWB [SD]: generally yes, but its arma, so...
19:09:50 : Side: Turmoil: just asking... couse i was just standing still and all of the sudden my leg broke :P
19:09:54 : Side: 2DIE4:   if u get hit    would be better i think?!  =)
19:10:00 : Side: Turmoil: but didnt hear a shot... but could be silenced... 
19:10:03 : Side: Turmoil: and i lost no blood
19:10:37 : Side: LWB [SD]: oh.. well that might be something else... bear trap, or if you walked over a rock or something
19:10:54 : Side: Phaetta: Can some give me a lift?
19:11:18 : Side: Alex: gotta be wary of them anklebreakin rocks
19:19:59 : Side: Marco: fuel pump on our base is gone. other players should not be able to remove those from our plot, right?
19:20:10 : Side: [AES]Maddox: they can
19:20:19 : Side: [AES]Maddox: you should place it safely inside
19:20:26 : Side: Marco: ah, okay.
19:20:31 : Side: 2DIE4: r u sure it was INSIDE the plot area?
19:20:37 : Side: [AES]Maddox: yep
19:20:39 : Side: [AES]Maddox: im sure
19:20:48 : Side: Marco: thought it counted as a regular construction item.
19:20:48 : Side: 2DIE4:  maybe destroyed   =)
19:21:01 : Side: [AES]Maddox: nah fuelpomps are stealeble
19:21:04 : Side: LWB [SD]: its the same as sandbags, anyone can remove
19:21:43 : Side: [AES]Maddox: shooting at the bird
19:21:45 : Side: [AES]Maddox: so mad
19:22:44 : Side: matsa: are there AI choppers?
19:22:53 : Side: LWB [SD]: only at certain missions
19:34:57 : Side: Turmoil: SirLongsleeves... is that you?
19:35:07 : Side: ReaperZA: ye
19:35:16 : Side: ReaperZA: just passing by
19:35:21 : Side: Sir LongSleeves: was that your 50.cal?
19:35:36 : Side: Turmoil: where?
19:35:54 : Side: Sir LongSleeves: we heard a shot from a 50.cal
19:36:02 : Side: Turmoil: might be the mission
19:36:15 : Side: Sir LongSleeves: it was not the mission, sounded too close
19:36:23 : Side: Turmoil: didnt hear anything here... 
19:36:25 : Side: Sir LongSleeves: but it was pretty far from where we were
19:36:56 : Side: Turmoil: btw the merlin is mine ^^ if you came from the top
19:37:24 : Side: Sir LongSleeves: we didnt see a merlin
19:37:29 : Side: Turmoil: okay ^^
19:43:43 : Side: Faldehals: hey guys , LWB you got a mom ?
19:44:17 : Side: Faldehals: OMG
19:44:33 : Side: Faldehals: after 3 trys to join lol
20:26:41 : Side: Phaetta: Admin?
20:27:12 : Side: 2DIE4: hes walkin the dog  =)
20:27:23 : Side: Phaetta: ah okaay
20:28:17 : Side: MeGa_Koffiepot: hey invite plz ^^ 
20:29:05 : Side: Christopher: Does anyone know the key bind for view distance?
20:29:33 : Side: 2DIE4: right click binos
20:29:44 : Side: Christopher: perfect, thank you
20:29:50 : Side: 2DIE4: np
20:35:09 : Side: LWB [SD]: Whats up Phaetta?
20:35:24 : Side: Phaetta: Can you tp to me?
20:53:10 : Side: Replicate: why you atack us?w
20:53:17 : Side: svvay: xd
20:53:23 : Side: matsa: CUZ U KILLED ME
20:53:29 : Side: Replicate: u kill me first
20:53:47 : Side: 2DIE4: mimmmimi
20:53:52 : Side: Replicate: so 
20:53:58 : Side: Replicate: stop war?
20:54:03 : Side: svvay: kek
20:54:06 : Side: Replicate: suka
20:54:07 : Side: svvay: pussy
20:54:12 : Side: Replicate: huyussi
20:54:15 : Side: svvay: da
20:54:16 : Side: 2DIE4:  yall should behave  =)
20:54:16 : Side: svvay: yea sure
20:54:18 : Side: svvay: peace
20:54:26 : Side: 2DIE4:  if u dont wanna get killed  fucking play chess
20:54:29 : Side: Replicate: ne nu realy
20:54:35 : Side: Replicate: vi ti pervie
20:54:38 : Side: svvay: fun ny
20:54:38 : Side: matsa: hinttari
20:54:42 : Side: svvay: perkele
20:55:00 : Side: Replicate: whera are you from?
20:55:04 : Side: Phaetta: thanks for the suv btw <3
20:55:07 : Side: svvay: finland
20:55:09 : Side: svvay: u?
20:55:12 : Side: Replicate: please leave it
20:55:17 : Side: Phaetta: nah ;*
20:55:21 : Side: Replicate: we from ukraune
20:55:29 : Side: Replicate: from donetsk
20:55:31 : Side: 2DIE4: precious SV  XD
20:55:38 : Side: Replicate: today my house blow up
20:55:44 : Side: Replicate: and you still our suv
20:55:50 : Side: Replicate: really?
20:56:12 : Side: svvay: like blew up irl
20:56:15 : Side: svvay: or 
20:56:39 : Side: Replicate: please give it back
20:56:49 : Side: Phaetta: we can trade :)
20:56:53 : Side: Replicate: for?w
20:57:02 : Side: svvay: 5 bc
21:11:00 : Side: Phaetta: why even try?
21:21:28 : Side: Phaetta: Did you give up guys? xD
21:56:19 : Side: Legend: guys, how can other people of my squad build stuff?
21:56:33 : Side: 2DIE4:  u need to add them to the plot
21:56:59 : Side: 2DIE4:  go to manage plot and then u add the names u want to be able to built   to the plot
21:57:06 : Side: Legend: kk thank you
21:57:09 : Side: 2DIE4:  np  
22:16:27 : Side: svvay: LWD?
22:16:31 : Side: svvay: lwb*
22:16:44 : Side: LWB [SD]: whatsup
22:16:59 : Side: svvay: bought 15 storepoints, but seem to not have been redeemed to my acc
22:17:06 : Side: svvay: could you check it out?
22:17:22 : Side: LWB [SD]: will do, going to bed in a sec so wont be back on here
22:17:34 : Side: svvay: alright, thanks!
22:37:50 : Side: svvay: no problem, thank you!
22:38:27 : Side: svvay: roger that, good night!
23:09:16 : Side: BaffledBambi: admins around?
23:09:51 : Side: 2DIE4:  guys  u should know by now whos admin ... press P  and check if they r online
23:09:53 : Side: BaffledBambi: those 2 faggots who just died glitched into my base#]
23:10:18 : Side: 2DIE4: do u have it recorded?
23:10:31 : Side: BaffledBambi: logged in to them running around inside
23:10:35 : Side: Phaetta: we did'nt clitch
23:10:36 : Side: BaffledBambi: doors are locked
23:10:43 : Side: Phaetta: doors where open
23:10:57 : Side: 2DIE4: zbeffle is it your base only?
23:11:09 : Side: BaffledBambi: funny how its still locked
23:11:11 : Side: 2DIE4:  or may have one of ya mates left them open`?
23:11:14 : Side: BaffledBambi: video going to admin
23:11:20 : Side: BaffledBambi: enjoy your ban
23:11:28 : Side: Phaetta: sure mate
23:11:29 : Side: 2DIE4:  fucking glitching cunts
23:11:35 : Side: BaffledBambi: also managed to build a shed next to my pp?
23:11:42 : Side: 2DIE4:  if u r u r lower than wormshit
23:11:55 : Side: Phaetta: xD
23:14:21 : Side: matsa: why you think he glitched?
23:14:37 : Side: BaffledBambi: dont think i know you little faggot
23:14:47 : Side: matsa: and how so?
23:14:48 : Side: 2DIE4: iuf the doors r locked  and someone is inside?!  
23:14:48 : Side: BaffledBambi: how else do you get past a locked metal door?
23:15:02 : Side: BaffledBambi: only way in/out
23:15:08 : Side: matsa: there was no door
23:15:13 : Side: BaffledBambi: fucking retard
23:15:16 : Side: Phaetta: it was open
23:15:22 : Side: Phaetta: so we build a new doors
23:15:25 : Side: Phaetta: door*
23:15:33 : Side: BaffledBambi: yh i'm sure it just locked itself after i shot you both
23:16:02 : Side: BaffledBambi: and you built a new door next to my plot pole
23:16:04 : Side: Phaetta: no stupid. we locked the door behind
23:16:05 : Side: BaffledBambi: i'm sure
23:16:15 : Side: Phaetta: we took down your plotpole
23:16:18 : Side: matsa: thats not your door
23:16:30 : Side: 2DIE4:  if u r NOT on the plot u cant built shit within 100 m
23:16:32 : Side: BaffledBambi: only the person planting it can remove it
23:16:50 : Side: matsa: are you noob?
23:17:00 : Side: BaffledBambi: are you?
23:17:07 : Side: Phaetta: are you fucking stupid?
23:17:14 : Side: Phaetta: everyone can remove plotpole
23:17:25 : Side: 2DIE4:  baffle is your plot reachable?
23:17:44 : Side: BaffledBambi: yes
23:17:55 : Side: BaffledBambi: rip armoured suv too
23:18:03 : Side: BaffledBambi: LOL
23:18:07 : Side: 2DIE4: u should hide it 
23:28:54 : Side: matsa: see
23:29:17 : Side: matsa: your shit will despanw if you dont log on from time to time
23:29:31 : Side: 2DIE4:  ,hes on pretty much every day  
23:29:41 : Side: BaffledBambi: i was on yesterday retard,and checked my pp nothing needed anything
23:29:49 : Side: matsa: and stillhe had such a shitty base
23:29:49 : Side: BaffledBambi: so go fuck yourself
23:29:57 : Side: BaffledBambi: lol
23:30:02 : Side: Phaetta: your so fucking salty
23:30:02 : Side: BaffledBambi: the butthurt is real
23:30:11 : Side: BaffledBambi: rekt
23:30:14 : Side: BaffledBambi: bitches
23:30:23 : Side: 2DIE4:  baffle dont feed the troll   just post  and add the vid   they will check in the logs
23:30:45 : Side: matsa: you can ask admin
23:30:55 : Side: matsa: we've done nothing wrong
