03:50:52 : Side: VLADIMIR>***: Fredom, hello buddy, how the sytuation in Czerno:)
03:51:27 : Side: VLADIMIR>***: what are you doing?
03:51:38 : Side: Freedom: hello there it has been peaceful my friend
03:51:56 : Side: Freedom: shooting bandits
03:53:07 : Side: VLADIMIR>***: i bilit my world
03:53:34 : Side: VLADIMIR>***: Ruby da chery is bandit man?
03:55:08 : Side: Freedom: ok ill keep that in mind :)
06:48:06 : Side: mixer_90: Hi, my friend)
06:48:43 : Side: VLADIMIR>***: Hey Ewgieni:)
06:49:24 : Side: VLADIMIR>***: whot ar yu dowing?
06:49:37 : Side: mixer_90: Doyou know who crash 2 heli and DSHK in my base?
06:50:24 : Side: VLADIMIR>***: destroy yu heliii?
06:50:44 : Side: mixer_90: Yes, mi17 and UN
06:51:14 : Side: VLADIMIR>***: yes i see mi 17-bandit!
06:51:38 : Side: mixer_90: Bandit? It is AI?
06:51:48 : Side: mixer_90: Or badguys?!)))
06:52:13 : Side: VLADIMIR>***: no badguays
06:52:31 : Side: mixer_90: Come to me, I show you somthing)
06:53:10 : Side: VLADIMIR>***: ok wheit then min-im in Traider
06:53:21 : Side: mixer_90: ok)
06:53:29 : Side: VLADIMIR>***: yu in your base?
06:53:36 : Side: mixer_90: Yes)
06:53:42 : Side: VLADIMIR>***: ok
06:54:08 : Side: VLADIMIR>***: yu ned somteng in Treider?
06:54:31 : Side: mixer_90: WHere you are?! Trade?
06:54:53 : Side: mixer_90: I have repear UN-h1
06:55:13 : Side: mixer_90: Can coming to you
06:55:14 : Side: VLADIMIR>***: in Klen
06:55:20 : Side: mixer_90: I go to you
06:55:26 : Side: VLADIMIR>***: ok
06:58:59 : Side: VLADIMIR>***: hhehe priviet:)
06:59:11 : Side: mixer_90: Your track?
06:59:16 : Side: VLADIMIR>***: yes
06:59:35 : Side: VLADIMIR>***: yu ned gold? wepon?
07:00:09 : Side: mixer_90: Think no) THanks)
07:00:22 : Side: VLADIMIR>***: bad player destroy your heli
07:00:45 : Side: mixer_90: Do you know who is it?
07:01:09 : Side: VLADIMIR>***: no:((
07:01:13 : Side: mixer_90: Ok
07:01:29 : Side: mixer_90: Drive you car for tow
07:01:43 : Side: mixer_90: And go to heli)
07:06:04 : Group: mixer_90: Are you ready
07:06:34 : Group: VLADIMIR>***: /wheit
07:06:49 : Group: mixer_90: +
07:06:51 : Group: VLADIMIR>***: yu gowing to mision?
07:07:09 : Group: mixer_90: Go to base, after to missions)
07:07:48 : Group: mixer_90: I look their heli in my base, wont destroy it)
07:08:02 : Group: VLADIMIR>***: ok. wheit
07:08:46 : Group: mixer_90: It is will be "Surprise twou mat`"
07:11:28 : Group: VLADIMIR>***: Ewgieni odajdi niemnozka'
07:12:07 : Group: mixer_90: Money?
07:12:37 : Group: VLADIMIR>***: yes:)
07:12:57 : Group: mixer_90: Take
07:13:21 : Group: VLADIMIR>***: woow thanks:)
07:13:26 : Group: mixer_90: )
07:13:28 : Group: VLADIMIR>***: ok ja gatow
07:14:07 : Group: mixer_90: Ostawlyai otkrito
07:14:23 : Group: mixer_90: Sadis
07:14:29 : Group: mixer_90: GUNNER)
07:17:39 : Group: VLADIMIR>***: good pilot:)
07:18:30 : Group: mixer_90: RABOTAET RPG
07:19:11 : Group: mixer_90: WTF? NOTHING)
07:20:10 : Group: mixer_90: CHort s nim
07:20:14 : Direct: VLADIMIR>***: no nie idiot
07:21:39 : Group: VLADIMIR>***: no charoszu bazu sdielal:)
07:22:13 : Group: mixer_90: Kak smog)
07:23:47 : Group: VLADIMIR>***: budiet charaszooo:)
07:23:59 : Group: mixer_90: ))))
07:24:45 : Group: mixer_90: Ti mozhesh hodit v dveri kak friend)
07:25:02 : Group: VLADIMIR>***: spasiba:)
07:26:20 : Group: mixer_90: Obichno ih net)
07:26:27 : Group: mixer_90: 1-2
07:26:36 : Group: mixer_90: A tut nashestvie)
07:27:37 : Group: VLADIMIR>***: spasiba Ewgieni:) ja jedu da swajoj :)))-budiem razom raobotat:)
07:28:28 : Group: mixer_90: Mozhem na heli rabotat po botam
07:29:07 : Group: VLADIMIR>***: mi 17 mozem naladit:)
07:31:31 : Group: mixer_90: ti na miss
07:31:53 : Group: VLADIMIR>***: niet-budu zakanczat igru siewodnia:)
07:32:05 : Group: mixer_90: ok
07:34:07 : Group: VLADIMIR>***: Ewgieni u mienia czetiri bazy-3 in Berezino, adna in Krutoy:)
07:34:33 : Group: mixer_90: Ok, budu znat)))
07:35:03 : Group: VLADIMIR>***: da sustreczy:)
07:35:26 : Group: mixer_90: Do Vstrechi)
07:35:49 : Group: VLADIMIR>***: oooo da da Vstreczi:)))))
07:36:29 : Group: mixer_90: Ya ponimaju)))
10:08:33 : Side: Tamago: hey dontlootpls can we make sure we are not doing same missions? :D
10:09:34 : Side: Dontlootpls: hey, we are not
10:09:54 : Side: Tamago: just asking xD cause i have 1 ai left and i can not locate him
10:20:09 : Side: Tamago: broken mission heli....
10:20:13 : Side: Tamago: almost all red wth
12:29:41 : Side: WQX: всем привет
13:55:50 : Side: Tamago: i thout that i got shot after i logged in but that was a "combat logging" pervention. ok i got power outage....
14:41:21 : Side: Tamago: it was you that shot down my heli or ai?
14:42:12 : Side: galina: i just got in
14:42:22 : Side: Tamago: ahh so it was 50 cal ai xD
14:43:09 : Side: galina: yea they fire up to 1km away
14:43:14 : Side: Tamago: mhm
14:44:01 : Side: galina: hi
14:44:05 : Side: Tamago: hello xD
22:35:55 : Side: MrCreepy: hi
23:34:52 : Side: [NG2] Jesse: hi!
