00:46:30 : Side: Turmoil: did you get your mozzie back freedom?
00:46:58 : Side: Freedom: lol no i had to take daughter to dance did not get to go look for it
00:47:14 : Side: Turmoil: you can have mine if u want a new one ^^
00:47:42 : Side: Freedom: i really just need a ride to a trader lol
00:47:59 : Side: Turmoil: oh, im flying mozzie so thats a bit difficult to do then xD
00:47:59 : Side: Freedom: long bike ride
00:48:07 : Side: Freedom: lol right 
00:48:25 : Side: Turmoil: someone stole my big heli so xD
00:48:34 : Side: Freedom: ill bike it out no worries
00:48:37 : Side: Freedom: that sucks man
00:48:46 : Side: Turmoil: yeah, 7BC down the toilet xD
00:49:00 : Side: Freedom: damn dude
00:50:11 : Side: Turmoil: all part of the game tho, so cant complain... 
00:50:39 : Side: Freedom: i hear yeah just pisses yeah off though
00:51:07 : Side: Turmoil: yeah 
01:00:43 : Side: Freedom: want to find me a dog lol
01:00:53 : Side: Turmoil: woff woff
01:01:26 : Side: Freedom: lwb said that they are turned on no idea why not spawning 
01:25:52 : Side: Freedom: longest bike ride ever
01:26:10 : Side: Turmoil: lol
07:02:16 : Side: 2DIE4:  freedom u want the MV22? =)
07:03:00 : Side: Freedom: im heading back to base was going to do one after restart ill do the one you dont want buddy
07:03:19 : Side: 2DIE4:  only 2 more AI wich i cant see right now .... 
07:03:31 : Side: Freedom: you leaving
07:03:34 : Side: 2DIE4:   get them  ill lof out and get breakfast
07:03:46 : Side: 2DIE4:  the one by my place 
07:04:03 : Side: 2DIE4:  u know where right?
07:04:03 : Side: Freedom: lol ok im way down south man
07:04:08 : Side: Freedom: no
07:04:16 : Side: 2DIE4:   lol get in the mozzi and get em 
07:04:21 : Side: 2DIE4:  altar
07:05:10 : Side: Freedom: i dont have any gear on me just wen to ttraders if i have time ill make it there
07:05:27 : Side: 2DIE4: o then
07:06:06 : Side: Freedom: thank you though i try to stay away from the ones you are doing lmao
08:55:17 : Side: -SDS- Gowther: 3
08:55:19 : Side: -SDS- Gowther: 2
08:55:21 : Side: -SDS- Gowther: 1
08:55:23 : Side: -SDS- Gowther: bb
08:56:31 : Side: Freedom: should have said somthing i would have brought you water
08:57:10 : Side: -SDS- Gowther: Die is a option too XD
08:57:20 : Side: -SDS- Gowther: ty nyway :)
08:57:24 : Side: Freedom: lol yep
08:57:39 : Side: -SDS- Gowther: 3
09:22:54 : Side: -SDS- Gowther: HOAAAH
09:51:18 : Side: -SDS- Gowther: Who did the bandit/hero base in gorka?
09:51:38 : Side: Ovidiu: mission">?
09:51:41 : Side: -SDS- Gowther: yes
09:51:46 : Side: Ovidiu: me
09:52:03 : Side: Ovidiu: why?
09:52:28 : Side: -SDS- Gowther: The M14 CCO and SVD Camo can be sold too u just need to make the CCO and the camo net off
09:52:57 : Side: Ovidiu: ee to much to work
09:53:09 : Side: Ovidiu: duuno that :)
09:53:10 : Side: -SDS- Gowther: If u sit in a vehicle it goes very fast
09:53:13 : Side: Ovidiu: thanks :)
09:53:27 : Side: -SDS- Gowther: the cco and the camo net give much gold too just sayn :D
09:53:57 : Side: Ovidiu: i'm new on the server....dunno that....thanks :)
09:54:08 : Side: -SDS- Gowther: Sure :D
09:54:17 : Side: -SDS- Gowther: ure not even newer than SDS XD
10:07:40 : Side: Ovidiu: hi 
10:12:42 : Side: Sierra [SD]: hi :)
10:40:25 : Side: Turmoil: Good morning guys ^^ 
10:40:25 : Side: -SDS- Gowther: yoo sierra
10:40:39 : Side: Sierra [SD]: Hi Gowther - alright?
10:41:03 : Side: -SDS- Gowther: im fine and u? :D
10:41:39 : Side: Turmoil: lol admin gets kicked xD
10:42:20 : Side: Turmoil: did you spawn in a mission today also gowther?
10:42:50 : Side: -SDS- Gowther: joined 2 times :D
10:42:59 : Side: -SDS- Gowther: And just once in mission :)
10:43:06 : Side: -SDS- Gowther: naah kidding XD
10:43:11 : Side: Turmoil: lol xD
10:43:24 : Side: -SDS- Gowther: today is allright... :D
10:43:35 : Side: -SDS- Gowther: Turmoil 
10:43:39 : Side: Turmoil: yeah? ^^
10:43:59 : Side: -SDS- Gowther: I search ammo for the UH-1Y do u wanna help me and than we play abit with the heli :D
10:44:19 : Side: -SDS- Gowther: doing some missions with boardgun :D
10:44:30 : Side: Turmoil: what ammo you need for it? M134?
10:44:35 : Side: -SDS- Gowther: yeah
10:44:42 : Side: -SDS- Gowther: im a awesome pilot ;)
10:44:50 : Side: Turmoil: i think i have a few :)
10:45:36 : Side: Turmoil: i will check my safe if i have some ^^
10:48:19 : Side: -SDS- Gowther: The problem is if there are gunners at the mission we get a problem
10:48:32 : Side: -SDS- Gowther: the big DShKM gunners
10:49:40 : Side: -SDS- Gowther: If u got 2 mags ovidiu can come with us XD
10:49:55 : Side: Turmoil: i will check in a sec, almost at base
10:52:10 : Side: Turmoil: i only have 1 M134 and one DSHKM mag
10:52:25 : Side: -SDS- Gowther: I buy one more
10:55:52 : Side: Turmoil: im ready
10:56:38 : Side: -SDS- Gowther: lol
10:57:30 : Side: Turmoil: DONT TOW IT!!!
10:57:54 : Side: -SDS- Gowther: yours?
10:58:06 : Side: Turmoil: nope :) but when you tow those helis they glitch
10:58:14 : Side: -SDS- Gowther: is it open?
10:58:18 : Side: Turmoil: yes
10:58:21 : Side: Turmoil: but empty
10:58:26 : Side: -SDS- Gowther: maybe we can play the secound mac of these :D
10:58:30 : Side: -SDS- Gowther: oh sad fce
10:58:34 : Side: -SDS- Gowther: face*
10:58:43 : Side: Turmoil: i towed it last night, it ended up over my heli insted of under
11:01:39 : Side: -SDS- Gowther: XD
11:03:45 : Side: Turmoil: i dont see any movement
11:03:53 : Side: -SDS- Gowther: neer he died
11:04:05 : Side: Ovidiu: red house
11:04:16 : Side: Ovidiu: there 1 more left
11:05:05 : Side: Turmoil: maybe better if i go in by foot?
11:05:25 : Side: Turmoil: i dont see the ai
11:05:32 : Side: -SDS- Gowther: thats not funny XD
11:06:49 : Side: Ovidiu: thanks guys :)
11:10:46 : Side: -SDS- Gowther: need some transport? XD
11:11:07 : Side: -SDS- Gowther: k
11:11:35 : Side: -SDS- Gowther: so do u want fly with us and i buy one more mag?
11:11:39 : Side: -SDS- Gowther: or u dont?
11:11:55 : Side: -SDS- Gowther: need maybe 5-10min for the mag
11:12:28 : Side: -SDS- Gowther: oh okaay :D
11:12:43 : Side: -SDS- Gowther: gorka next :D
11:13:59 : Side: -SDS- Gowther: cya
11:14:05 : Side: Turmoil: cya ^^
11:14:20 : Side: Turmoil: where we going now? ^^
11:14:35 : Side: -SDS- Gowther: here
11:14:54 : Side: Turmoil: heli down there in the field
11:14:58 : Side: Turmoil: right side
11:15:10 : Side: -SDS- Gowther: mission left
11:17:35 : Side: -SDS- Gowther: all dead?
11:17:44 : Side: Turmoil: think so
11:18:01 : Side: -SDS- Gowther: crash :(
11:18:39 : Side: -SDS- Gowther: yeah all done :D
11:19:11 : Side: -SDS- Gowther: wtf was this?
11:19:16 : Side: Turmoil: the zombie?
11:19:28 : Side: -SDS- Gowther: a pilot zombi
11:19:37 : Side: Turmoil: xD
11:19:47 : Side: -SDS- Gowther: i thought its a ai
11:20:30 : Side: Turmoil: hey Digup ^^
11:20:36 : Side: Digupherbones: Yo
11:20:38 : Side: -SDS- Gowther: Yoo
11:20:50 : Side: Digupherbones: sup?
11:20:53 : Side: Turmoil: just crappy stuff :(
11:20:57 : Side: Turmoil: doing missions ^^
11:21:12 : Side: Digupherbones: xD
11:21:38 : Side: Turmoil: wow thats alot of zombies'
11:22:11 : Side: Turmoil: i havent taken anything ^^ dont want any of it xD
11:22:19 : Side: -SDS- Gowther: yeah me 2
11:22:49 : Side: -SDS- Gowther: is it hard 2 shot?
11:23:03 : Side: Turmoil: not really ^^ ammo goes fast tho so shoot burst 
11:23:13 : Side: -SDS- Gowther: yeah
11:23:17 : Side: -SDS- Gowther: 152 left XD
11:23:30 : Side: Turmoil: there is a mission up by the dam, but i think that one has M2 machine guns maybe
12:58:34 : Side: [NG2] Jesse: hi ^^
12:58:36 : Side: 2DIE4:  hi
12:58:53 : Side: 2DIE4:  how r u ?`w
12:59:08 : Side: [NG2] Jesse: fine ^^ 
12:59:12 : Side: [NG2] Jesse: and you? 
12:59:23 : Side: 2DIE4:  im doin the lunch break  wanna get the MV?
12:59:27 : Side: 2DIE4:  doin aight
12:59:48 : Side: [NG2] Jesse: toghter? 
13:00:02 : Side: 2DIE4: i can come help u  when im done
13:00:08 : Side: 2DIE4:  u get the loot   =9
13:00:16 : Side: [NG2] Jesse: :P 
13:00:23 : Side: [NG2] Jesse: we can share np,.. 
13:05:17 : Side: [NG2] Jesse: ..
13:05:24 : Side: 2DIE4: come help
13:05:44 : Side: [NG2] Jesse: omw
13:08:07 : Side: 2DIE4: 2 more
13:08:45 : Side: 2DIE4:  one W  of me  about 100
13:08:48 : Side: [NG2] Jesse: 1 down
13:09:23 : Side: [NG2] Jesse: got he 1 close to barn
13:11:57 : Side: [NG2] Jesse: clear?? 
13:12:11 : Side: 2DIE4:  nope
13:12:48 : Side: 2DIE4: bush right in front of me
13:13:12 : Side: [NG2] Jesse: dead
13:13:37 : Side: [NG2] Jesse: do you need loot? 
13:13:42 : Side: 2DIE4:  that was me
13:13:55 : Side: [NG2] Jesse: ooogh!@!!@:! 
13:13:58 : Side: [NG2] Jesse: oops!@@!!
13:14:01 : Side: [NG2] Jesse: sotryy
13:14:20 : Side: 2DIE4:  i got him
13:14:39 : Side: [NG2] Jesse: sorry dude, 
13:14:39 : Side: 2DIE4:  this one  XD
13:14:51 : Side: 2DIE4:  happens  XD
13:15:00 : Side: [NG2] Jesse: thought you was more in the distanse!! 
13:15:16 : Side: 2DIE4:  na  i am pretty close  Xd
13:15:26 : Side: [NG2] Jesse: haha, 
13:15:32 : Side: 2DIE4:  anything good?
13:15:36 : Side: [NG2] Jesse: its yours 
13:15:40 : Side: 2DIE4:  get the saw
13:15:49 : Side: 2DIE4:  lets split up 50/50
13:15:58 : Side: [NG2] Jesse: ok ^^ 
13:16:20 : Side: 2DIE4:  take the locks  i got about 80
13:16:31 : Side: 2DIE4:  lightbulps i dont need  
13:16:53 : Side: [NG2] Jesse: dont need it also ^^ 
13:18:19 : Side: 2DIE4:  lets go bash sell the cars split the money  
13:18:43 : Side: 2DIE4:  or u wanna keep one?
13:18:54 : Side: [NG2] Jesse: no i dont need.. i got chopper here
13:19:08 : Side: 2DIE4:  well u can lift one  =)
13:19:17 : Side: [NG2] Jesse: so if you tow i lift 1 ^^
13:19:21 : Side: 2DIE4:  get the vodnik then
13:22:40 : Side: 2DIE4:  in ya chopper
13:22:50 : Side: [NG2] Jesse: thx mate ^^
13:22:53 : Side: 2DIE4:  np
13:24:13 : Side: [NG2] Jesse: whats next?
13:24:25 : Side: 2DIE4:  gotta pick something up  XD
13:24:28 : Side: [NG2] Jesse: disable pk is alot of money
13:24:41 : Side: 2DIE4:  lets get it 
13:28:55 : Side: 2DIE4:  i go fold my mozzi
13:30:33 : Side: [NG2] Jesse: there is also a base in the barn
13:30:39 : Side: 2DIE4:  ok
13:34:39 : Side: 2DIE4:  MG  down one more AI 
13:36:50 : Side: 2DIE4:  all don
13:36:54 : Side: 2DIE4:  down
13:39:16 : Side: 2DIE4:  lol no M134 ammO?
13:39:37 : Side: 2DIE4:  just DShkm  and M2
13:41:23 : Side: 2DIE4:  shitty base
13:42:27 : Side: 2DIE4:  ural attack?
13:42:35 : Side: 2DIE4:  get the suit
13:42:51 : Side: [NG2] Jesse: its heroes ^^ 
13:43:00 : Side: 2DIE4:  so?
13:43:04 : Side: 2DIE4:  ill get em  XD
13:43:11 : Side: [NG2] Jesse: i can watch ^^ ::P
13:43:53 : Side: [NG2] Jesse: after that we can sell the ammo and cars and the we got alot. .
13:44:02 : Side: 2DIE4:  yap
13:46:55 : Side: [NG2] Jesse: i will shoot at danger
13:49:12 : Side: 2DIE4:  done
13:49:51 : Side: 2DIE4:  stop mines
13:49:59 : Side: [NG2] Jesse: mission is cleard
13:51:08 : Side: 2DIE4:  just get whats in there
13:53:15 : Side: [NG2] Jesse: tought you go gor the quick chash ^^ 
13:53:51 : Side: 2DIE4:  lets sell the armed  and then go bash or stary sell this one   and the weapons
13:54:36 : Side: 2DIE4: arme has a base up on this tower
13:54:41 : Side: 2DIE4:  Arne
13:55:04 : Side: 2DIE4:   Xd
13:55:28 : Side: 2DIE4:  i blew Marios and ovous  or whatever his name is base up yesterday ..
13:55:33 : Side: 2DIE4:  i know = )
13:55:46 : Side: 2DIE4: right
13:56:03 : Side: 2DIE4:  ok meet u there
13:56:18 : Side: 2DIE4: yap
14:01:21 : Side: 2DIE4:  5 brief  just the ammo
14:01:47 : Side: [NG2] Jesse: i know right, mostly its 10 a 15 bc
14:03:17 : Side: 2DIE4:  lol 2 10 oz  
14:03:54 : Side: 2DIE4:  lemme get out  
14:04:03 : Side: [NG2] Jesse: ?
14:04:07 : Side: 2DIE4:   got the truck w weapons  Xd
14:04:47 : Side: [NG2] Jesse: you gonna drive?
14:04:53 : Side: 2DIE4:  yapd
14:04:58 : Side: [NG2] Jesse: ^^
14:05:45 : Side: [NG2] Jesse: alot of missions on the way
14:07:30 : Side: -SDS- Gowther: yoo 2die4
14:07:35 : Side: 2DIE4:  HI
14:08:16 : Side: -SDS- Gowther: Hast du ne tochter ~19 und gut aussehend? XD
14:08:41 : Side: 2DIE4: NÖW
14:08:47 : Side: -SDS- Gowther: Schade XD
14:08:49 : Side: Sebastian: haha die frage:D
14:11:51 : Side: 2DIE4:  TOTAL ( != OZ    GOLD  
14:12:04 : Side: 2DIE4:  ill keep that  i gave u 3 BC  
14:12:06 : Side: -SDS- Gowther: 810
14:12:08 : Side: 2DIE4:   sweet?  =9
14:12:14 : Side: 2DIE4:  keep the change  =)
14:12:35 : Side: [NG2] Jesse: got 4 bc total.. now
14:12:48 : Side: 2DIE4:  3 and a  half
14:13:01 : Side: 2DIE4:  naa keep it
14:13:04 : Side: [NG2] Jesse: but you did the most work ^^
14:13:22 : Side: 2DIE4:   fuck it  i got 70 + Topazes  Xd
14:13:36 : Side: 2DIE4:  this is just change 4 me  = ) 
14:13:37 : Side: [NG2] Jesse: haha, crazy ^^ 
14:13:47 : Side: 2DIE4:  since the other safe is full with briefs  XD
14:14:22 : Side: [NG2] Jesse: money is also not a problem for me anymore.. 
14:14:40 : Side: -SDS- Gowther: ill take it :D
14:14:43 : Side: 2DIE4:  aight mate  gonna spend some time w my fam  09
14:14:46 : Side: 2DIE4:  later  
14:14:55 : Side: -SDS- Gowther: bye bye :)
14:14:57 : Side: [NG2] Jesse: yea later ^^
14:15:29 : Side: -SDS- Gowther: Unfair... my father is a bastard and he play arma2...
14:15:45 : Side: -SDS- Gowther: yolo XD
14:15:51 : Side: [NG2] Jesse: lol ^^
14:19:27 : Side: -SDS- Gowther: can a uh1y lift?
14:55:02 : Side: -SDS- Gowther: Mario 
14:55:16 : Side: -SDS- Gowther: i can take u with heli
14:55:42 : Side: -SDS- Gowther: Mario?
14:57:00 : Side: -SDS- Gowther: guys?
14:57:10 : Side: -SDS- Gowther: need help to get loot back?
14:57:16 : Side: -SDS- Gowther: 5min restart#
14:57:34 : Side: Freedom: i would never make it in time buddy
14:57:50 : Side: -SDS- Gowther: ?
14:57:57 : Side: Freedom: im to far out
14:58:04 : Side: -SDS- Gowther: u died?
14:58:14 : Side: Freedom: no messin with base
14:58:42 : Side: -SDS- Gowther: U do it with 4?
14:59:20 : Side: Freedom: take me 4 to get mossie partslol
14:59:46 : Side: -SDS- Gowther: Mhhm i got no gun right now
14:59:50 : Side: -SDS- Gowther: need to take onew
14:59:58 : Side: -SDS- Gowther: so i would need longer
15:00:17 : Side: Freedom: i can bring you one after restart
15:00:34 : Side: -SDS- Gowther: I got like 15DMR camo
15:00:40 : Side: -SDS- Gowther: but all i safe
15:00:46 : Side: -SDS- Gowther: in*
15:01:14 : Side: Freedom: up to you i can bring you a dmr
16:22:34 : Side: Chytry_Dimitri: that red camp's markerd are with ai soldiers there?
16:22:44 : Side: 2DIE4:  yap
16:22:47 : Side: SoomqaBlyet: yes
16:23:10 : Side: Chytry_Dimitri: they're hiding inside? cuz i dont see anyone there
16:23:19 : Side: 2DIE4:  find out  09
16:49:44 : Side: Chytry_Dimitri: heloo
16:50:18 : Side: Mario: ok, bye
17:11:44 : Side: -SDS- Merlin: who is behind that shed aiming at a guy near a helicopter and mtvr's?
17:11:53 : Side: 2DIE4:   oh its me  =)   
17:11:58 : Side: 2DIE4:   weolo right on dude
17:12:03 : Side: -SDS- Merlin: well i dont want to kill anyone
17:12:12 : Side: 2DIE4:  didnt know it was SDS
17:12:16 : Side: -SDS- Merlin: ok
17:12:28 : Side: -SDS- Merlin: i just kill zombies fpor humanity :D
17:12:37 : Side: 2DIE4:   ok farm on ill move my way
17:12:42 : Side: -SDS- Merlin: roger
17:14:38 : Side: 2DIE4:  r u guys building there?w
17:15:27 : Side: 2DIE4:  merlin?w
17:15:34 : Side: -SDS- Merlin: yeah?
17:15:41 : Side: 2DIE4:   u guys building there?
17:15:59 : Side: 2DIE4:  i was just about to place a ploit  and hide your safes  XD
17:16:35 : Side: -SDS- Merlin: we are planning to build, but somehow nobody really builds anything :D
17:16:45 : Side: 2DIE4:  Xd
17:16:52 : Side: 2DIE4:  i buit my shit all alone   =)
17:20:33 : Side: -SDS- Gowther: Yoo 2die4
17:20:37 : Side: 2DIE4: YAPß
17:20:51 : Side: -SDS- Gowther: How was the time with the fam? :D
17:21:07 : Side: 2DIE4: good  =9
17:21:15 : Side: -SDS- Gowther: ^~^
18:12:15 : Side: -SDS- Gowther: Yoo guys
18:13:56 : Side: Turmoil: hey ^^
18:16:27 : Side: Turmoil: that you gowther?
18:16:44 : Side: -SDS- Gowther: Im gowther yes
18:16:49 : Side: Turmoil: landing at stary? xD
18:16:53 : Side: -SDS- Gowther: yeah
18:18:39 : Side: -SDS- Gowther: RADADADADADADA
18:19:01 : Side: -SDS- Gowther: sure
18:19:06 : Side: -SDS- Gowther: gimme 5min
18:23:45 : Side: -SDS- Gowther: .<3 #nohomo
18:25:33 : Side: -SDS- Gowther: I wait here
18:25:37 : Side: -SDS- Gowther: i bring ya back
18:25:41 : Side: -SDS- Gowther: where u wants to
18:25:47 : Side: Turmoil: thats ok, im gonna get a helicopter :)
18:25:59 : Side: Turmoil: thanks for the lift :D
18:41:19 : Side: -SDS- Gowther: :(
18:43:25 : Side: Turmoil: im alive!
18:43:30 : Side: Turmoil: false alarm
18:44:42 : Side: -SDS- Gowther: Snap Disabled: use action menu to enable?
18:44:55 : Side: -SDS- Gowther: AHHH
18:44:59 : Side: Turmoil: scroll and enable snap :)
18:45:00 : Side: -SDS- Gowther: got it my own
18:45:51 : Side: Freedom: yeah i figured it out after i built base
18:46:17 : Side: -SDS- Gowther: And why it dont snap? XD
18:46:22 : Side: -SDS- Gowther: i did auto snap
18:46:32 : Side: Freedom: my walls a crooked as hell
18:47:09 : Side: Freedom: gives it character though
18:58:36 : Side: Freedom: whos at weapon cache
18:58:49 : Side: -SDS- Merlin: me
18:58:54 : Side: -SDS- Gowther: Not me
18:59:01 : Side: -SDS- Merlin: you mean that mission which is over?
18:59:06 : Side: Freedom: roger im freindly
18:59:09 : Side: Freedom: yes sir
18:59:40 : Side: -SDS- Merlin: well get the loot you need
18:59:46 : Side: -SDS- Merlin: im away
18:59:54 : Side: Freedom: are you done with it
18:59:58 : Side: -SDS- Merlin: yep
19:00:09 : Side: Freedom: ok thanks
19:14:23 : Side: SoomqaBlyet: hummer :D
19:14:57 : Side: Mario: hello
19:15:21 : Side: -SDS- Gowther: Hey
19:26:55 : Side: Freedom: there was a plot poll in that stuff bro do you want it i dont need it
19:36:06 : Side: -SDS- Gowther: Who is in the mozzie?
19:36:15 : Side: Freedom: this guy
19:36:25 : Side: -SDS- Gowther: K
19:36:31 : Side: Freedom: that yours
19:39:58 : Side: -SDS- Gowther: 2DIE4 wenn man den türrahmen aus stein hat kann man den dann bauen und die tür hinzufügen oder muss ich das ding so noch upgreaden?
20:31:59 : Side: Chytry_Dimitri: why if i switch for machete it's change it back all time
20:32:56 : Side: -SDS- Gowther: Its a magic trick
20:34:01 : Side: Chytry_Dimitri: pls dont waste your time for writing bullshit
20:34:22 : Side: -SDS- Gowther: But i want to waste my time :O
21:14:59 : Side: -SDS- Gowther: Why is a englandflagg in stary... i thought were in russia? XD
21:49:29 : Side: Turmoil: hey you at dichina, you friendly?
21:49:42 : Side: Hailstorm: yes ^^
21:50:14 : Side: Turmoil: you werent very friendly when you attacked my base? 
21:51:13 : Side: Turmoil: or?
21:51:53 : Side: Hailstorm: that were friendly fire
21:52:12 : Side: Turmoil: friendly fire? everything on my roof was red and you almost killed me? :P lol
21:52:37 : Side: Hailstorm: sry, ricochets
21:52:46 : Side: Winans: happens when u team up with bandits and attack our base
21:52:59 : Side: Turmoil: wtf, i dont get why you say i attack your base? i never did?
21:53:05 : Side: Turmoil: im 100% hero 
21:53:09 : Side: Winans: yes yes
21:53:17 : Side: Turmoil: i dont even know where your base is
21:53:26 : Side: Hailstorm: maybe not you, but 2die4 he attackt us first and damaged our helis
21:53:42 : Side: Turmoil: i dont play with 2DIE4?? i just chat with him when he is on
21:53:49 : Side: Winans: no excuses
21:53:58 : Side: Winans: also we dont like asslickers
21:54:08 : Side: Turmoil: excuse me? 
21:54:13 : Side: [NG2] Jesse: dont ,mesh with herotown, we dont raid bases, we are 100% friendly 
21:54:16 : Side: Hailstorm: fight against 2die4, you are hero, he is bandit
21:54:24 : Side: Hailstorm: with -130000 humanity
21:54:35 : Side: Turmoil: i dont fight any players... i just enjoy the game and help players when they need it :) 
21:55:01 : Side: [NG2] Jesse: 2die4 dont attack us he is a good man if you talk normaly with him 
21:55:04 : Side: Winans: u heros ally with bandits whipping bases off the server that make players leave
21:55:19 : Side: [NG2] Jesse: haha
21:55:25 : Side: [NG2] Jesse: sure
21:55:34 : Side: Winans: glad u admitted
21:55:37 : Side: Turmoil: im not even gonna try and argue with you... we havent raided any bases, if you belive we did you are free to do so :)
21:55:39 : Side: [NG2] Jesse: haha 
21:55:42 : Side: Hailstorm: yes, the russian mafia is gone, cause of 2die4
21:55:51 : Side: [NG2] Jesse: crazy guy, your funny
21:55:56 : Side: Winans: many players left actually
21:56:32 : Side: [NG2] Jesse: we try to make friends on the server no enemy.. 
21:56:39 : Side: Winans: u ally with enemies
21:56:46 : Side: Winans: makes u worse
21:56:47 : Side: [NG2] Jesse: thats how we roll 
21:56:55 : Side: Turmoil: half of the russians also got banned becouse of duping, cheating, glitching or language :) 
21:57:41 : Side: Turmoil: hi there
21:57:50 : Side: Winans: hey admin
21:57:59 : Side: Turmoil: who are you in army clothes with M110?
21:58:02 : Side: Winans: is it true that tanks are available for heros only?
21:58:03 : Side: Turmoil: at dichina?
21:58:20 : Side: Turmoil: LAV :) not tanks
21:58:20 : Side: Winans: lav? btr?
21:58:31 : Side: Winans: for heros only?
21:58:42 : Side: Turmoil: 30k humanity 
21:58:45 : Side: [NG2] Jesse: superhero only
21:59:07 : Side: Hailstorm: yes, i saw that LAV, its to op, cause its a closed turret
21:59:25 : Side: Hailstorm: can you shot the gunner or the driver with an anzio?
21:59:27 : Side: Winans: admin?
21:59:31 : Side: [NG2] Jesse: so,? life of a hero is not easy .. 
21:59:56 : Side: Winans: will similar things be availible for bandits too?
22:00:02 : Side: Hailstorm: i know, respect for all heros here, but i think LAV is to much
22:00:23 : Side: Freedom: lol
22:00:31 : Side: [NG2] Jesse: haha
22:00:32 : Side: Hailstorm: really, less armored than vodnik
22:00:41 : Side: Winans: because we considering to leave the server... think its pretty unbalanced!
22:00:54 : Side: Winans: yeah
22:01:01 : Side: [NG2] Jesse: haha, that rage quite.. 
22:01:06 : Side: Winans: not really
22:01:07 : Side: Freedom: then be a hero 
22:01:34 : Side: Winans: just stating the fact thats in unbalanced to buff heros that way
22:01:44 : Side: [NG2] Jesse: yeah there is space egneugh for heros here!
22:01:53 : Side: Winans: but thats up to the admins its their server
22:02:03 : Side: Freedom: we dont shoot on site though big diff
22:02:49 : Side: Winans: yeah but the ppl who dont shoot every1 and play gm bandit are suffering from stuff like that
22:02:54 : Side: Turmoil: i just killed you and one other 
22:03:22 : Side: Freedom: whos at bandit url
22:03:44 : Side: Turmoil: how do you suffer?
22:03:54 : Side: Winans: arleady told
22:04:02 : Side: Turmoil: i died so didnt get it
22:04:11 : Side: Turmoil: or i comitted suicide actually
22:04:27 : Side: Freedom: guy is laying on the ground now
22:04:58 : Side: Turmoil: was it that the LAV was OP and its unfair that only superheroes have it?
22:05:06 : Side: Winans: not unfair
22:05:10 : Side: Winans: unbalanced
22:05:20 : Side: Winans: we joined the server because it was kinda bvanilla
22:05:26 : Side: Winans: and not militarized
22:05:35 : Side: Winans: lav is bs for everyone
22:05:56 : Side: [NG2] Jesse: if you shoot a tire you win almost?.. 
22:06:09 : Side: [NG2] Jesse: you cant rearm it with out fuelpump.. 
22:06:25 : Side: Turmoil: as far as i know i am the only one who is even close to buying a LAV and i dont kill players, so i guess that pretty much means no one uses them
22:06:53 : Side: Winans: its the fact that it even exist
22:07:41 : Side: [NG2] Jesse: in the time you are complaining you could become a hero ^^ 
22:07:49 : Side: Freedom: haha
22:07:53 : Side: Winans: dont even want to be one lol
22:08:07 : Side: [NG2] Jesse: but you like the lav so much :O 
22:08:13 : Side: Winans: in the time we talked i raided a base
22:08:15 : Side: Winans: so worth it
22:08:36 : Side: Turmoil: no one uses the lav anyways so dont see the reason to argue or complain about it... but thats ofc your choice :)
22:17:33 : Side: Ovidiu: good morning
22:42:22 : Side: Ovidiu: oh 2die don't see you for a loong time
22:42:47 : Side: 2DIE4:  hey ...
22:43:05 : Side: Ovidiu: what's up
22:43:12 : Side: 2DIE4:  i tried to hotwire your cuopper today  ,..  unfortunatly i crashed and blew it up ... 
22:43:19 : Side: 2DIE4: i want to refund it  
22:43:21 : Side: Turmoil: Hola Senöre Bandit
22:43:35 : Side: Ovidiu: :)))
22:43:38 : Side: 2DIE4: zwhat do u think
22:43:44 : Side: Fedequeso: hola (?
22:43:53 : Side: Turmoil: Hola, como estas?
22:44:05 : Side: Turmoil: nah, im not spanish so im not even gonna try
22:44:08 : Side: Ovidiu: try again
22:44:13 : Side: Fedequeso: xdw
22:44:32 : Side: GBK: you are my bitch, aliyia
22:44:38 : Side: Fedequeso: i speak spanish, im from Uruguay xd
22:44:55 : Side: Ovidiu: i don't think i have a chopper but...you are free to try
22:44:59 : Side: GBK: uruguaiano
22:45:10 : Side: Turmoil: maybe it was my chopper you stole 2DIE4? :D
22:45:18 : Side: 2DIE4:  nope 
22:45:18 : Side: GBK: im from congo
22:45:31 : Side: Ovidiu: maybe :)
22:45:32 : Side: 2DIE4:  i tried to land my mozzi and the pace was real tight
22:45:38 : Side: 2DIE4:  then i crashed
22:45:59 : Side: Ovidiu: to lang where?
22:46:03 : Side: Ovidiu: land
22:46:20 : Side: 2DIE4:  on ya new lil brick wall garage
22:47:03 : Side: Ovidiu: cool...to know...i don't have
22:47:23 : Side: 2DIE4:  hey then its not yours 
22:47:36 : Side: 2DIE4:  i thought u hang with mario
22:48:03 : Side: Ovidiu: nope
22:48:12 : Side: Ovidiu: i have only a safe
22:48:34 : Side: 2DIE4:  ewell ok 
22:48:55 : Side: Ovidiu: new here...if you don't see that
22:49:23 : Side: 2DIE4: welll ..yap but u can make fast money here
22:49:51 : Side: Ovidiu: to do mission...yes
22:50:03 : Side: 2DIE4:  so many waysw
22:50:07 : Side: Ovidiu: very hard to do a mission
22:50:22 : Side: 2DIE4:  i make min 10 BC a day  .. and thats when i m building also =) 
22:50:39 : Side: Ovidiu: nice
22:50:45 : Side: 2DIE4:  usually i make about 25 BC a day
22:50:52 : Side: 2DIE4:  ok 20
22:51:03 : Side: Fedequeso: gimme some, im poor :v
22:51:15 : Side: 2DIE4:  im ruch bitc* XD
22:51:21 : Side: 2DIE4:  rich
22:51:25 : Side: Ovidiu: you are a old player here...you know how the things are....i don;t
22:51:37 : Side: BIG BOLO*: admin heloo, im new here, and are roks with diamonds?
22:51:44 : Side: 2DIE4:  u shoot u get shot u loot u get looted 
22:51:49 : Side: 2DIE4:  that simple
22:51:59 : Side: Turmoil: you hero, you get raped
22:54:44 : Side: BIG BOLO*: hello , im new here, where i can find diamonds? in the rocks?
22:55:00 : Side: [NG2] Jesse: in minecraft
22:56:35 : Side: Turmoil: 2DIE4 - Where in germany are you from?
22:57:20 : Side: 2DIE4:  born ? near the danish border ... Flensburg...  living near luxemburg 
22:57:36 : Side: Ovidiu: how old are you?
22:57:51 : Side: 2DIE4: 41
22:57:53 : Side: Turmoil: ah cool, i've been in Flensburg ^^ an old lady at a grocery store got mad at me
22:58:00 : Side: Sierra [SD]: xD
22:58:08 : Side: Ovidiu: seriosly?
22:58:14 : Side: Turmoil: i asked her something like: Sprechen si english? 
22:58:24 : Side: Turmoil: answer was: NEEEEIN!!! in a very rude tone 
22:58:30 : Side: Turmoil: she looked very angry
23:00:05 : Side: BIG BOLO*: where minecraft?
23:00:55 : Side: Turmoil: you need to find special rocks that are very rare and mine them with sledgehammer or pickaxe
23:01:01 : Side: [NG2] Jesse: no diamonds in this game
23:01:11 : Side: Turmoil: mostly you get silver only
23:02:40 : Side: Ovidiu: traveling to germany every week
23:02:44 : Side: BIG BOLO*: i heve to look for special rocks
23:03:10 : Side: Fedequeso: d
23:03:33 : Side: BIG BOLO*: tenx Turmoil
23:03:42 : Side: Turmoil: yw ^^
23:04:01 : Side: BIG BOLO*: special rocks? yes?
23:04:16 : Side: Turmoil: yep, pointy rocks, spawn very rare
23:04:20 : Side: Fedequeso: if you smell what The Rock is cooking :v
23:05:10 : Side: BIG BOLO*: tenx Turmoil
23:05:42 : Side: GBK: big bolo adentro
23:13:37 : Side: Fedequeso: there's a war in Stary or some ?
23:14:01 : Side: Fedequeso: i think it is
23:14:06 : Side: [NG2] Jesse: lol
23:14:23 : Side: Ryan: ADMIN WE JUST GOT KILLED WITHIN 200 METERS OF STARY SAFEZONE AND GOT KILLED
23:14:36 : Side: Turmoil: admin is not here
23:14:55 : Side: Ryan: HORSE SHIT
23:14:56 : Side: Fedequeso: i see that
23:15:02 : Side: 2DIE4:  dude there is no fucking safe zone and i came baclk and shot u 
23:15:07 : Side: Turmoil: well, its better than chicken shit ^^
23:15:15 : Side: Turmoil: that smells awefull
23:15:19 : Side: [NG2] Jesse: bird shit
23:15:31 : Side: Turmoil: have you heard, that the bird is the word?
23:15:33 : Side: Ryan: RULES ARE CANT KILL WITHIN 200 METERS
23:15:55 : Side: Ryan: OF SAFEZONE
23:16:05 : Side: Turmoil: go to the website... www.survivalist-dayz.com and file a complaint :)
23:16:08 : Side: 2DIE4:  and whatever its way out of 200 m  so fucking stop crying or i sink ya body
23:16:33 : Side: Tomahawwk: OMG CAN WE JUST GET WHAT EVER YOU DONT WANT BACK?
23:16:52 : Side: 2DIE4:  found a bunch of keys  =9w
23:17:07 : Side: Turmoil: he can see your writing without caps lock, he might be old but he isnt blind as far as i know :)
23:17:11 : Side: Tomahawwk: GOOD T HING YOU DONT KNOW WHERE OUR CHOPPER IS?
23:17:21 : Side: 2DIE4:   XD
23:17:22 : Side: Tomahawwk: AND WE HAVE SPARES
23:17:33 : Side: 2DIE4:  wanna bet i do  =9
23:17:39 : Side: Tomahawwk: YEA 
23:17:52 : Side: Turmoil: incoming UH60, its me 2DIE4
23:17:52 : Side: 2DIE4:  one is MTVR   the other one too 
23:18:05 : Side: 2DIE4:  two  key s vehicle  dont exist no more  =)
23:18:07 : Side: Tomahawwk: WHAT ABOUT THE OTHER BLACK ONES?
23:19:04 : Side: Turmoil: you guys realise he can just track your vehicles on the map when he has the key, right?
23:19:34 : Side: Tomahawwk: SO IDK 
23:19:37 : Side: Tomahawwk: IDC
23:19:49 : Side: [NG2] Jesse: right click on the map item
23:20:04 : Side: 2DIE4:  YELLOW KEY
23:20:13 : Side: Turmoil: so unfortunatly he KNOWS were they are ;)
23:20:17 : Side: 2DIE4:  ANOTHER mTVR
23:20:35 : Side: 2DIE4:  WICH LOOKS BURNED  xd
23:21:45 : Side: Turmoil: where you at 2DIE4?
23:21:57 : Side: 2DIE4:  I SEE U 
23:22:01 : Side: Turmoil: i see you :D
23:22:03 : Side: 2DIE4:  UR RIGHT
23:22:32 : Side: 2DIE4:  SCOPUT AHEAD A LIL
23:22:39 : Side: 2DIE4:  scoutw
23:22:54 : Side: Ryan: IM HERO BY THE WAY 2DIE4
23:23:02 : Side: 2DIE4:  me NOT
23:28:03 : Side: Turmoil: where did u go? xD
23:28:04 : Side: Ryan: WHATCH OUT 2DIE4 WILL KILL U RIGHT OUT OF A TRADER
23:28:21 : Side: Tomahawwk: HELL CAMP FOR YOU LIKE ASS
23:28:46 : Side: 2DIE4:  loll  u noobs  believe in snta as well right
23:29:02 : Side: Tomahawwk: LEARN TO SPELL FAGGOT
23:29:14 : Side: Ryan: SO IM TALKING TO A 2 YEAR OLD RIGHT
23:29:18 : Side: [NG2] Jesse: HAHA, 
23:29:19 : Side: Turmoil: watch your language tomahawwk or you will be reported
23:29:33 : Side: Tomahawwk: ik i got the warning
23:29:48 : Side: 2DIE4:   =)   well as far as i can see i just killed two angry kids
23:29:55 : Side: Ryan: YO TURMOIL U STILL AT STARY
23:30:05 : Side: Turmoil: im not far away from stary ^^
23:30:13 : Side: Tomahawwk: 2die plz do what your name suggjests
23:30:24 : Side: Ryan: OH I WAS GOING TO SEE IF YOU MIGHT BUY ME SOMETHING
23:30:28 : Side: 2DIE4:  ok
23:30:40 : Side: Turmoil: i dont have any money on me atm
23:30:41 : Side: 2DIE4:  i make u 2 die 4 my wealth   =) 
23:30:46 : Side: Ryan: OK
23:30:55 : Side: Turmoil: what do you need+
23:30:55 : Side: Ryan: IS THAT U
23:30:56 : Side: Tomahawwk: hahaha so funny
23:31:04 : Side: Turmoil: yes
23:31:04 : Side: Ryan: JUST A LARGE GUNBAG PLZ
23:31:08 : Side: Ryan: OR COYOTE
23:31:13 : Side: Tomahawwk: can
23:31:22 : Side: Tomahawwk: i get one also plz
23:31:42 : Side: Ryan: THX
23:31:44 : Side: Turmoil: get in
23:31:45 : Side: Tomahawwk: nice chopper
23:31:56 : Side: Tomahawwk: one sec
23:32:08 : Side: Turmoil: one large in the heli
23:32:15 : Side: Ryan: thx
23:32:16 : Side: Turmoil: need to go to base to get another one
23:32:26 : Side: Ryan: k we promise not to raid
23:32:32 : Side: Tomahawwk: ok thanks you the best
23:32:37 : Side: Turmoil: if you do jesse will shot you in the head so thats ok :)
23:32:47 : Side: Ryan: lol
23:32:52 : Side: Tomahawwk: lol alright
23:32:56 : Side: Tomahawwk: sounds fair
23:32:57 : Side: 2DIE4:  lazy lil punks
23:32:58 : Side: Turmoil: he watches the base with an M107 whenever i go up there with players ^^
23:33:07 : Side: Ryan: how is this lazy
23:33:15 : Side: 2DIE4:  i run 10 mins and will kill u with full gear after getting shot 
23:33:17 : Side: Turmoil: dont blame me 2DIE4, im only helping ^^ so you get more stuff later i guess
23:33:36 : Side: Tomahawwk: 2die at least we dont camp out of stary waiting for players
23:33:36 : Side: Ryan: he kill on site 
23:33:40 : Side: Ryan: just saying
23:33:41 : Side: 2DIE4:  well u righ tTurm
23:34:01 : Side: Turmoil: i know, he is bandit... and he havent killed me becouse i talk with him and i also belive im friendly towards him
23:34:14 : Side: Turmoil: he may think otherwise, but i consider us to be at least netural to eachother
23:34:24 : Side: Tomahawwk: ight
23:34:26 : Side: Ryan: k
23:34:52 : Side: Turmoil: mission and players down there atm
23:35:36 : Side: Ryan: nice chopper you got
23:35:48 : Side: Ryan: im hoping to become hero lvl 5
23:36:13 : Side: [NG2] Jesse: who flys away from mission with mozzie?
23:37:12 : Side: 2DIE4:  hey ryan tommahawk
23:37:12 : Side: Turmoil: i will not let you in sorry ;) dont know you that well ;)
23:37:29 : Side: Ryan: ya 2die4
23:37:47 : Side: 2DIE4:   one MTVR in stary  at the lolipop  key is inside hurry up! next time pay me the respect due
23:38:01 : Side: Ryan: ?
23:38:13 : Side: Ryan: ok thx key to
23:38:15 : Side: 2DIE4:  i fucking parked it  in stary so u can get it
23:38:22 : Side: Ryan: thx
23:38:24 : Side: Ryan: dude
23:38:36 : Side: Tomahawwk: be careful what you say you might get kicked
23:39:03 : Side: 2DIE4:  believe me i know the filter  Xd
23:39:44 : Side: BIG BOLO*: hi gay
23:39:58 : Side: [NG2] Jesse: how you guys doing on the roof? 
23:40:01 : Side: Tomahawwk: hi fello homosexual
23:40:03 : Side: Ryan: good
23:40:07 : Side: Tomahawwk: good jesse
23:40:12 : Side: Ryan: just waiting for turmoil
23:40:33 : Side: [NG2] Jesse: goood^^
23:40:38 : Side: Ryan: guessing we are going back
23:40:39 : Side: [NG2] Jesse: have fun 
23:40:49 : Side: [NG2] Jesse: and be nice :P 
23:40:58 : Side: Ryan: thx turm
23:41:01 : Side: BIG BOLO*: soryy
23:41:11 : Side: Ryan: your the best hero on server and your squad
23:41:17 : Side: Ryan: probably
23:41:22 : Side: [NG2] Jesse: thx
23:41:35 : Side: Ryan: ya to stary
23:41:40 : Side: Tomahawwk: plz
23:41:42 : Side: [NG2] Jesse: did you guys see the sign in the field? 
23:41:54 : Side: Tomahawwk: no
23:41:59 : Side: Tomahawwk: whats it say jesse
23:42:17 : Side: [NG2] Jesse: hero town ^^ 
23:42:21 : Side: Tomahawwk: oh lol
23:42:23 : Side: Ryan: thing there turm
23:45:04 : Side: Ryan: where was it die
23:45:16 : Side: 2DIE4:  main street by the lollipop
23:45:27 : Side: Ryan: ?
23:45:32 : Side: Ryan: thx
23:46:00 : Side: Turmoil: your welcome, stay away from 2DIE4's crosshairs now ;)
23:46:08 : Side: Ryan: lol
23:46:17 : Side: Ryan: where is lollipop
23:46:31 : Side: 2DIE4:  check map  the damn water reservoir
23:47:05 : Side: Ryan: whats it near
23:47:17 : Side: Ryan: sry havent seen map alot
23:47:28 : Side: Ryan: see it thx
23:47:43 : Side: Turmoil: let them use the gear for more than 5 mins 2DIE4 xD 
23:47:53 : Side: Ryan: u are true to your word thx 2die4
23:48:07 : Side: Turmoil: hes actually quite a nice bandit once you get used to him ;)
23:48:09 : Side: 2DIE4:  np 
23:50:42 : Side: Turmoil: well, i guess that was 5 mins
23:50:44 : Side: 2DIE4:  guess yall went to DICHINA camp  XD
23:50:54 : Side: 2DIE4:  wasnt me
23:50:54 : Side: Turmoil: i trew them off at stary :)a
23:50:59 : Side: Turmoil: i saw that ^^ 
23:51:20 : Side: 2DIE4:  thats u up there? 
23:51:29 : Side: Turmoil: im flying yeah, UH60
23:54:05 : Side: Turmoil: well you waited 5 min xD
23:54:15 : Side: 2DIE4:  total differnet corner
23:54:24 : Side: 2DIE4:  ill leave all his stuff
23:55:29 : Side: 2DIE4:  Ryan i left all ya stuff right on the spot
23:55:46 : Side: Ryan: did u just want the kill
23:55:59 : Side: 2DIE4:  i shoot is i see some 
23:56:12 : Side: 2DIE4:  but i felt bad and so i left ya stuff  right there
23:56:23 : Side: Ryan: thx
23:56:41 : Side: 2DIE4:  the kill dont count out of the vehicole anyway
23:56:48 : Side: 2DIE4:  just the humanity
