00:00:08 : Side: Luca: i dont have parachte
00:00:13 : Side: Luca: parachute
00:00:21 : Side: Turmoil: you automatically get one if your over 50m 
00:00:29 : Side: Freedom: lol
00:00:31 : Side: Luca: ok
00:00:42 : Side: [NG2] Jesse: gogogo
00:00:47 : Side: Luca: bye!
00:03:26 : Side: Tamago: do your mission you are alone
00:04:47 : Group: Tamago: holy you landed
00:05:02 : Group: Tamago: i think there is someone in a car around here idk where
00:06:36 : Group: Tamago: you guys are doing this mission or you are fighting someone?
00:06:52 : Group: Turmoil: just flying xD
00:06:53 : Group: [NG2] Jesse: i shoot 1 guy with lmg
00:07:33 : Group: Turmoil: ah the silence
00:07:48 : Group: Turmoil: except freedom
00:07:56 : Group: Tamago: xD
00:08:02 : Group: Tamago: i am going out
00:08:10 : Group: Tamago: north west entrance
00:09:54 : Group: Tamago: killed one here
00:10:47 : Group: Tamago: well i tried to bandage
00:11:18 : Group: Tamago: i knocked him out but he took a weapon out and it canceled
00:11:22 : Group: Tamago: bandaging so he died
00:12:24 : Group: [NG2] Jesse: som good loot? 
00:12:29 : Group: Tamago: dmr
00:12:39 : Group: Tamago: and mk17 cco sd
00:12:45 : Group: Tamago: 2 keys
00:13:00 : Group: Tamago: i will give the keys back
00:13:05 : Group: [NG2] Jesse: take the keyS ! you can locate the cars
00:13:10 : Group: Tamago: can i?
00:13:15 : Group: [NG2] Jesse: yes
00:13:24 : Group: [NG2] Jesse: take the keys right klcik the map
00:13:32 : Group: [NG2] Jesse: the map item
00:14:15 : Group: Tamago: nothing happens
00:14:44 : Group: Turmoil: right click map - locate vehicle  and it will show if they are on the map
00:14:50 : Group: Turmoil: you need to have the keys in toolbelt
00:14:52 : Group: Tamago: kk got itw
00:15:06 : Group: Tamago: off road and something
00:15:20 : Group: Tamago: and uaz
00:15:23 : Group: Tamago: useless
00:15:29 : Group: [NG2] Jesse: in this building?
00:15:33 : Group: Tamago: i will give him the keys back i dont want to loose my  ase
00:15:43 : Group: Tamago: you hgavce me a heart attack
00:15:55 : Group: Tamago: and i lost 2.6k humanity >_>
00:16:06 : Group: [NG2] Jesse: where is the location of the cars? 
00:16:22 : Group: Tamago: off road is kabanino uaz is here in forest
00:16:42 : Group: [NG2] Jesse: yea maybe you can find is base.. :P 
00:16:45 : Group: Turmoil: one is prolly at his base :)
00:16:51 : Group: Tamago: dont wanna ;/
00:16:59 : Group: Tamago: i woundlt like to loose my crap
00:18:44 : Side: 2DIE4:  whos yalls daddy? =) 
00:18:55 : Side: Turmoil: daddy death <3
00:18:55 : Side: Freedom: lol
00:18:58 : Side: [NG2] Jesse: AAhh, Hi ^^ 
00:19:01 : Side: Tamago: yo Pablo i will give you your keays back they will be in your uaz
00:19:30 : Side: PABLO ZOZO ESCOBAR: :)
00:19:43 : Side: Tamago: and your weapons/. didnt want to kill just knock out
00:19:55 : Side: PABLO ZOZO ESCOBAR: ok
00:20:24 : Side: Tamago: i would bandage but you took out your weapon and animation got canceled
00:21:33 : Side: Tamago: going to farm humanity than =p
00:21:39 : Group: Tamago: yes
00:21:41 : Side: PABLO ZOZO ESCOBAR: :)
00:22:03 : Side: Turmoil: be nice 2die4 xD
00:22:04 : Side: [NG2] Jesse: NOO
00:22:13 : Side: Tamago: xD
00:22:14 : Side: 2DIE4: ooops
00:22:21 : Side: Turmoil: looool
00:22:21 : Side: Freedom: lol
00:22:30 : Side: Freedom: im in other
00:22:32 : Side: Turmoil: well here i am
00:22:45 : Side: 2DIE4:  mozzi?w
00:22:49 : Side: Tamago: me
00:22:55 : Side: Turmoil: yeah
00:23:22 : Side: [NG2] Jesse: lol that 2die4 ^^ 
00:23:22 : Side: 2DIE4: who in cesssna?
00:23:26 : Side: Turmoil: freedom
00:23:27 : Side: Freedom: me
00:23:50 : Side: [NG2] Jesse: we just want to show you our airshow skills
00:23:54 : Side: 2DIE4: ill guard here jesse  im terribly sry 
00:24:06 : Side: [NG2] Jesse: np, it was on my own risk,.. 
00:24:09 : Side: Turmoil: he will be fine, hes a dutchman xD
00:24:11 : Side: 2DIE4:  i cannot read chat and focus on shooting    and shooting comes first
00:24:18 : Side: Turmoil: lol
00:24:34 : Side: [NG2] Jesse: yea np, realy nice shooting btw ^^
00:24:40 : Side: Turmoil: unknown heli coming your way 2DIE4
00:24:43 : Side: Turmoil: large one
00:24:52 : Side: Freedom: im tailing him
00:24:56 : Side: [NG2] Jesse: mozzie incoming 
00:25:10 : Side: [NG2] Jesse: unkow merlisn here
00:25:23 : Side: Luca: i'm
00:27:31 : Side: [NG2] Jesse: got my stuff.. 
00:27:45 : Side: 2DIE4:  come loot
00:28:09 : Side: [NG2] Jesse: ok, i am in mozzie
00:28:29 : Side: 2DIE4:  pack it ther eis  aSUV here
00:28:55 : Side: 2DIE4:  scan negative u save to land
00:29:47 : Side: 2DIE4:  how much is  the friggin biplane?  ill give u the money = 
00:29:59 : Side: Freedom: lol 4 10 oz
00:29:59 : Side: [NG2] Jesse: np i found that one..
00:30:06 : Side: Freedom: they are cheap
00:30:12 : Side: 2DIE4:  grab som emore weapons
00:31:00 : Side: [NG2] Jesse: haha
00:31:11 : Side: 2DIE4:  i got tire aboard
00:31:21 : Side: 2DIE4:  grab som
00:31:23 : Side: [NG2] Jesse: np its not that good i have mozzie
00:32:04 : Side: 2DIE4:  damn desync
00:32:04 : Side: [NG2] Jesse: i am combat
00:32:26 : Side: 2DIE4:  ok u good?   stay outta trouble = ) 
00:32:35 : Side: 2DIE4:  hear a  cessna   =9
00:32:39 : Side: [NG2] Jesse: i am fine ^^ np , 
00:32:52 : Side: [NG2] Jesse: next time i will say if i fly over ^^ 
00:33:17 : Side: 2DIE4:  yeah good idea  XD
00:33:34 : Side: [NG2] Jesse: its was funny though ^^
00:33:41 : Side: 2DIE4:  sure was   =) 
00:34:29 : Side: Tamago: =o
00:34:59 : Side: Tamago: lol
00:35:16 : Side: Tamago: his mozzi almost crashed into me
00:35:29 : Side: Freedom: he was kicked
00:35:35 : Side: Tamago: yup i saw it
00:37:01 : Side: Tamago: broken cesna xD
00:37:19 : Side: Freedom: just  alittle smoke
00:37:23 : Side: Tamago: haha
00:37:49 : Side: Tamago: i dont see 3rd ai. its lurking somehwere
00:38:28 : Side: Tamago: 2 dead near right wall
00:38:34 : Side: Freedom: was shooting at me behind base
00:38:40 : Side: Tamago: yeah
00:39:05 : Side: Tamago: aww
00:39:17 : Side: Tamago: i just gave back his stuff to him after i killed him
00:39:26 : Side: Freedom: lol
00:39:31 : Side: 2DIE4: he can get his stuff 
00:39:34 : Side: Tamago: xD
00:39:36 : Side: 2DIE4:  i dont need anything 
00:39:46 : Side: [NG2] Jesse: i am not dead? 
00:39:52 : Side: Tamago: nope
00:39:52 : Side: 2DIE4:  ill even leave the mission loot 4 him
00:40:03 : Side: Tamago: your mozzie crashed tho
00:40:20 : Side: [NG2] Jesse: but i am stillalive ^^ 
00:40:25 : Side: Tamago: mhm
00:40:31 : Side: [NG2] Jesse: is my body over there?
00:40:41 : Side: Tamago: on my screen you landed somehow and than it rollbacked your mozzie into air and it came down
00:41:38 : Side: [NG2] Jesse: where is my deadbody?
00:41:45 : Side: Tamago: idk
00:41:50 : Side: Tamago: never saw it
00:42:35 : Group: [NG2] Jesse: there is 1 ai left.. 
00:42:39 : Side: Tamago: one left ai. im getting some humanity back from pablo kill =p
00:43:00 : Side: 2DIE4: pablo i left all ya stuff and the mission loot ther e
00:43:25 : Group: Tamago: ai is behind building
00:43:40 : Side: [NG2] Jesse: the big bandit i back! 
00:43:43 : Side: 2DIE4:  y am i so skilled?
00:43:52 : Side: Freedom: lol
00:43:56 : Side: [NG2] Jesse: love is in the air ^^ 
00:44:01 : Side: 2DIE4:  single in a  SUV  and from a  driving  car  XD
00:44:01 : Side: Tamago: Haxor xD
00:44:25 : Side: 2DIE4: never
00:44:33 : Group: [NG2] Jesse: he is in the back by tents
00:44:36 : Side: Tamago: im joking =p
00:44:40 : Side: Tamago: ahh
00:44:44 : Group: [NG2] Jesse: walks to road
00:44:46 : Side: 2DIE4:  pablo i might pass u   but dont worry
00:44:49 : Group: [NG2] Jesse: gate now
00:44:54 : Group: [NG2] Jesse: inside now
00:45:02 : Group: [NG2] Jesse: climbin back tower!
00:45:12 : Side: Tamago: cant see it trees in th way
00:45:13 : Group: [NG2] Jesse: inside towe!!!!!!! 
00:45:24 : Group: [NG2] Jesse: climbing down.. 
00:45:31 : Group: [NG2] Jesse: walk to middle 
00:45:37 : Group: Freedom: lol
00:45:39 : Group: [NG2] Jesse: in the middle now
00:45:47 : Group: [NG2] Jesse: walking to back gate
00:45:51 : Group: [NG2] Jesse: on the road
00:45:59 : Group: [NG2] Jesse: on the back by tents
00:46:16 : Group: [NG2] Jesse: standing still 
00:46:19 : Group: Tamago: invisible for me wtf
00:46:34 : Side: 2DIE4:  wasnt me
00:46:37 : Group: [NG2] Jesse: he is behind the wall on the back
00:46:44 : Side: [NG2] Jesse: haha
00:46:53 : Side: 2DIE4: XD
00:46:55 : Side: [NG2] Jesse: traight under me
00:47:02 : Group: [NG2] Jesse: straight under me
00:47:11 : Group: Tamago: well cant shoot it form here
00:47:18 : Side: 2DIE4:  i need 56K humanity
00:47:27 : Side: 2DIE4:  neg  to reach 400k
00:47:33 : Side: 2DIE4:  neg  =)w
00:47:35 : Group: [NG2] Jesse: try to move i will say if he moves
00:47:40 : Group: Tamago: kk
00:47:46 : Side: [NG2] Jesse: haha, 
00:48:01 : Side: [NG2] Jesse: me 53k+ now :P takes for every ^^ 
00:48:24 : Group: [NG2] Jesse: its save move to your left 
00:48:51 : Group: [NG2] Jesse: under me
00:49:22 : Side: 2DIE4: Pibe
00:49:36 : Side: 2DIE4:  your stuff is still in that bldg ----  just get it back 
00:49:39 : Group: [NG2] Jesse: you need to get eyes on the back
00:50:29 : Group: [NG2] Jesse: next o heli
00:50:37 : Group: [NG2] Jesse: under me
00:51:01 : Group: [NG2] Jesse: you got eyes now
00:51:38 : Group: [NG2] Jesse: he is behind in the trees
00:52:01 : Group: [NG2] Jesse: he walks to truck
00:52:07 : Group: [NG2] Jesse: in front!
00:52:27 : Group: [NG2] Jesse: under me
00:53:31 : Group: [NG2] Jesse: is it working?
00:53:38 : Group: [NG2] Jesse: do you zeriong? 
00:53:51 : Group: Tamago: yes/ zeds
00:53:53 : Group: [NG2] Jesse: ai under me
00:54:24 : Group: [NG2] Jesse: gj
00:54:31 : Group: Tamago: zeds overrune dme xD
00:54:36 : Group: Tamago: ty
00:54:56 : Group: Tamago: ai can spawn soon so care
00:56:09 : Group: Tamago: im going back to my spot on the hill
00:57:20 : Group: Freedom: invite jesse back
00:57:44 : Group: Tamago: you are leading freedom
00:57:56 : Group: Freedom: i died so you become leader
00:58:02 : Group: Tamago: oh lol
00:58:03 : Group: [NG2] Jesse: is this car yours?
00:58:08 : Group: Tamago: i gave it back to you
00:58:15 : Group: Tamago: nothing is mine here
00:58:20 : Group: Tamago: all locked
00:58:26 : Group: [NG2] Jesse: the car in barn? 
00:58:33 : Group: Tamago: not mine
00:58:41 : Group: Tamago: i have a "base" in barn near grishno
01:00:22 : Group: [NG2] Jesse: at start i always shoot the novylog ai, and loot the guns, sell it and come back
01:00:33 : Group: Tamago: xD
01:00:47 : Group: Tamago: i have base at grishno cause its 500meters from nwaf =p
01:01:06 : Group: Tamago: free baracks
01:01:21 : Group: Tamago: south ones at lest
01:02:00 : Group: Tamago: no ai still
01:02:09 : Group: [NG2] Jesse: no ai
01:02:10 : Group: Freedom: nope
01:03:47 : Group: Tamago: you guys wanna do some missions?
01:04:01 : Group: [NG2] Jesse: gonna quit soon
01:04:07 : Group: Tamago: ok
01:06:22 : Group: Tamago: ai up
01:06:42 : Group: [NG2] Jesse: nope i dont see
01:06:54 : Group: Tamago: my gps says 3 
01:07:01 : Group: Tamago: 1km radius
01:07:24 : Group: Freedom: thats us
01:07:28 : Group: Freedom: we are 3
01:07:29 : Group: [NG2] Jesse: ? okee i am at ground so there is 1 .. could also be aplayer
01:07:46 : Group: Tamago: hmm
01:08:09 : Group: Tamago: back enrtance wall
01:08:18 : Group: Tamago: if you look at me right
01:08:25 : Side: 2DIE4:  ne base at kabanino?
01:08:28 : Group: Tamago: where he exploded
01:08:54 : Group: [NG2] Jesse: i see only zombie.. 
01:09:05 : Group: Tamago: =o
01:09:16 : Group: [NG2] Jesse: its a player for sure
01:09:52 : Group: Tamago: maybe at black mountain
01:09:53 : Group: Freedom: glad these mossie are free
01:10:40 : Group: [NG2] Jesse: i try to see your treeline'
01:10:48 : Group: Tamago: kk ty
01:11:24 : Group: [NG2] Jesse: 2 ai now.. 
01:11:36 : Group: Tamago: where
01:11:45 : Group: [NG2] Jesse: so we are save.. 
01:11:49 : Group: Tamago: xD
01:12:01 : Group: [NG2] Jesse: i mean on gps ^^ :P 
01:12:25 : Group: Tamago: 4 atm
01:12:42 : Group: [NG2] Jesse: i got 3,.. so its close to krasnastov
01:13:28 : Group: [NG2] Jesse: mayb black mountain
01:13:32 : Group: Tamago: mhm
01:13:39 : Group: [NG2] Jesse: chopper
01:14:32 : Group: Tamago: gps says 3
01:14:47 : Group: [NG2] Jesse: yeah so save,, over now
01:15:34 : Direct: Freedom: i have extra mossie parts you want them lol
01:15:46 : Group: Tamago: i shuld have mozzie here
01:15:49 : Direct: Freedom: ok
01:16:10 : Group: Tamago: yup its here
01:16:16 : Group: Freedom: copy
01:16:16 : Group: Tamago: ty tho
01:16:23 : Group: Freedom: i have like 3 on me lol]
01:16:59 : Group: Tamago: i need to find a way to get bf fast ;/
01:17:13 : Group: [NG2] Jesse: bf?
01:17:17 : Group: Tamago: bc*
01:17:18 : Group: Freedom: bf?
01:17:40 : Group: Tamago: lol
01:17:40 : Group: [NG2] Jesse: aah, you to do more mission and sell loot and stuff
01:18:03 : Group: Tamago: yeah i did 3 missions. such crap loot it was just "wow"
01:18:22 : Group: Tamago: 5 guys for 2 gold pieces...
01:18:34 : Group: Tamago: not 2 10oz.
01:18:41 : Group: Tamago: 2 1 oz xD
01:18:49 : Group: Freedom: what are you wanting to buy
01:19:00 : Group: Tamago: cinders to make a logic base
01:19:08 : Group: Tamago: a heli pad would be nice
01:19:18 : Group: Tamago: and a heli xD
01:19:23 : Group: [NG2] Jesse: thats 1bc each ^^ or 90g if you craft :P 
01:19:26 : Group: Freedom: i have few metal floors you can have maybe some blocks too
01:19:43 : Group: Tamago: yeah well all i have is 3 bc xD maybe 3 in total
01:19:54 : Group: [NG2] Jesse: haha, 
01:20:03 : Group: Freedom: lol
01:20:12 : Group: Tamago: well i joined yesterday =p
01:20:19 : Group: [NG2] Jesse: just do loot session, or go fishing ^^
01:20:29 : Group: Tamago: fishing?
01:20:31 : Group: Freedom: let me go see what i have in my safe think i have building crap i dont need if you want it
01:20:44 : Group: Freedom: yeah fishing i used to do that
01:20:50 : Group: Tamago: that would be nice thanks :D
01:21:30 : Group: [NG2] Jesse: this new mission you need to do its like 8a15 bc of loot
01:21:43 : Group: Tamago: what. what it is called?
01:22:09 : Group: [NG2] Jesse: ooh i mean disable armed car truck.. 
01:22:28 : Group: Tamago: its doable if i will get a 50 cal
01:22:31 : Group: [NG2] Jesse: like the armed suv, vodnik or offroad PT missions
01:22:35 : Group: Freedom: you can come if you want or stay up to you
01:22:43 : Group: Tamago: omw xD
01:23:13 : Group: [NG2] Jesse: if you sell the ammo from the cars like the, M2, minigun ammo you got alot of money.. 
01:23:34 : Group: [NG2] Jesse: only you need to sell it at a hero trader or, bandit trader
01:23:50 : Group: Tamago: 3k mroe humanity
01:24:16 : Group: [NG2] Jesse: if you do more big bandit missions you wil gain fast.. 
01:24:33 : Group: [NG2] Jesse: next time i will help you wit missions.. 
01:24:41 : Group: [NG2] Jesse: and make some money for you.. 
01:25:00 : Group: [NG2] Jesse: but i need to go now.. 
01:25:19 : Group: Tamago: its ok. thanks :D and see you
01:25:43 : Group: Tamago: niiiice
01:26:05 : Group: Tamago: so many safes lol
01:26:13 : Group: Freedom: lol need one i have extras
01:26:23 : Group: Tamago: i have one its enough for now =p
01:27:01 : Group: Tamago: how much it costs to maintain this?
01:27:10 : Group: Freedom: almost 2 briefs
01:27:14 : Group: Tamago: wow
01:27:35 : Group: Freedom: hold on got to much crap on me lol
01:27:39 : Group: Tamago: xD
01:27:55 : Group: Tamago: maybe i will join you guys here haha. make my own base around =p
01:27:57 : Group: Tamago: xD
01:28:10 : Group: Tamago: LOOT
01:28:11 : Group: Freedom: Xd
01:28:31 : Group: Tamago: O_O_
01:28:32 : Group: Freedom: sell those if you want
01:28:52 : Group: Tamago: ty
01:29:13 : Group: Tamago: these plot poles xD
01:29:17 : Group: Freedom: sell plot poles too
01:29:22 : Group: Freedom: yeah
01:29:31 : Group: Tamago: haha xD
01:29:33 : Group: Tamago: ty
01:30:09 : Group: Tamago: how did you get so many?
01:30:17 : Group: Tamago: ikea trucks?
01:30:22 : Group: Freedom: robbing and missions lol
01:30:30 : Group: Tamago: wow
01:31:04 : Group: Freedom: still have room?
01:31:10 : Group: Tamago: yup
01:31:32 : Group: Tamago: wow thanks O_O
01:31:40 : Group: Freedom: yep go have fun lol 
01:31:53 : Group: Tamago: you gave mre in a minute than i would get for a week or so
01:32:05 : Group: Tamago: ikea XD
01:32:12 : Group: Freedom: lol no worrie been there
01:32:47 : Group: Tamago: thanks again
01:32:48 : Group: Freedom: stick with us we will get you set up lol
01:32:54 : Group: Freedom: you bet anytime 
01:33:19 : Group: Freedom: no blocks sorry but sell those locks you can get some
01:33:39 : Group: Tamago: i sure will :D
01:34:21 : Group: Freedom: im off for a bit be on later prolly im in usa so diff time then everyone else lol only 730 pm here
01:34:30 : Group: Tamago: haha ok xD
01:34:37 : Group: Freedom: see ya
01:34:39 : Group: Tamago: 2:30 am here lool
01:34:41 : Group: Tamago: byes
01:34:46 : Group: Freedom: lol yeah i figured
01:43:19 : Side: Tamago: gnight
01:43:48 : Side: 2DIE4:  night
02:49:34 : Side: PABLO ZOZO ESCOBAR: zaraz
02:53:34 : Side: PABLO ZOZO ESCOBAR: w aucie masz wszystko
02:53:43 : Side: PABLO ZOZO ESCOBAR: tak
02:55:39 : Side: PABLO ZOZO ESCOBAR: wszystko wziełes
06:53:36 : Side: PABLO ZOZO ESCOBAR: hi mixer
06:53:47 : Side: mixer_90: РШ!
06:53:55 : Side: mixer_90: Ups, HI!
06:54:07 : Side: PABLO ZOZO ESCOBAR: :_)
06:54:38 : Side: mixer_90: Are you ok?!
06:55:01 : Side: PABLO ZOZO ESCOBAR: yeah
06:55:16 : Side: mixer_90: Its good)
12:50:00 : Side: chrismech: hey mixer
12:50:22 : Side: mixer_90: Hi, friend)
15:33:31 : Side: VLADIMIR>***: wy yu shott mi
15:34:43 : Side: Ruby da Cherry: i didnt lol
15:34:45 : Side: Ruby da Cherry: wehre are u
15:35:27 : Side: VLADIMIR>***: im in Krutoi
15:35:35 : Side: VLADIMIR>***: yu to?
15:39:30 : Side: VLADIMIR>***: rubyy yu kill mee?
15:42:27 : Side: VLADIMIR>***: dyu fucking idiot yu day
15:43:11 : Side: Ruby da Cherry: hmm?
15:43:46 : Side: VLADIMIR>***: yu kill me in krutoy
15:43:59 : Side: Ruby da Cherry: i dont think so
15:46:43 : Side: Ruby da Cherry: i really didnt killed ypu
15:46:44 : Side: Ruby da Cherry: wehre?
15:46:47 : Side: Ruby da Cherry: where?
15:47:37 : Side: VLADIMIR>***: i killl yu
15:48:08 : Side: Ruby da Cherry: i didnt even killed u
15:48:23 : Side: VLADIMIR>***: wer is my merliinn idiot
15:50:10 : Side: VLADIMIR>***: me and my frend killlll yuuuuuuuu!!!!!!!!!!!!!!!!!!!!
15:50:22 : Side: Ruby da Cherry: if u want xD
15:50:40 : Side: VLADIMIR>***: im frendly playerrr
15:50:53 : Side: Ruby da Cherry: me too
15:52:43 : Side: VLADIMIR>***: why yu killll me and stole my heliiii
15:54:12 : Side: VLADIMIR>***: yu stole my merlin-i killl yu fuckin idiot
15:58:47 : Side: VLADIMIR>***: rubyy wher ar yuuu?
16:00:02 : Side: VLADIMIR>***: Vladimir Walasznikow and Pablo Escobar killll litle Rubyyyyy
16:01:32 : Side: Ruby da Cherry: try it xD
16:03:12 : Side: VLADIMIR>***: ok whe hunt for yu
16:03:23 : Side: Ruby da Cherry: stfu now
16:04:38 : Side: VLADIMIR>***: ddwait patiently
16:05:34 : Side: VLADIMIR>***: i am calm player
16:05:43 : Side: VLADIMIR>***: not yu
16:05:44 : Side: Ruby da Cherry: me toow
16:05:56 : Side: VLADIMIR>***: yu stole my heli
16:06:34 : Side: VLADIMIR>***: we kil yu
16:07:40 : Side: VLADIMIR>***: thief
16:07:49 : Side: Ruby da Cherry: i didnt took anything
16:08:14 : Side: VLADIMIR>***: yu kill me in krutoy
16:08:32 : Side: Ruby da Cherry: i didnt lmao
16:23:38 : Side: Ruby da Cherry: VLADIMIR HOW ARE U
23:41:46 : Side: Tamago: hello boyos
23:42:52 : Side: Tamago: nobody?
23:43:12 : Side: [NG2] Jesse: hi ^^
23:43:19 : Side: Tamago: hehe hello
23:43:43 : Side: Tamago: i got almost 10 bc thanks to you xD
23:43:50 : Group: Turmoil: ^
23:43:53 : Side: Turmoil: ^^
23:44:01 : Side: [NG2] Jesse: ooh you getting rich
23:44:15 : Side: Tamago: yeah i need a base spt now
23:49:42 : Side: Tamago: going to do some sweet missions tongiht :D
23:50:01 : Side: Turmoil: theres no one on so you can choose whatever missions you feel like ^^
23:50:09 : Side: Tamago: exactly :D
23:57:12 : Side: Turmoil: woooops
23:57:29 : Side: [NG2] Jesse: lol, thats 14 bc gone of stuff ^^ 
23:57:34 : Side: Tamago: what
23:57:47 : Side: Turmoil: crashed heli, whit LAV under it and stuff in the heli xD
