00:20:33 : Side: Mr.Zavatin: Vitea
10:55:13 : Side: BigMike: is there a black dealer?
11:10:25 : Side: riPuliukko: im not sooting you just need some ammo 
11:30:51 : Side: neshy33: nice try camper
11:41:42 : Side: Anton: OMG we have a noob!!
11:42:28 : Side: Lenin: you have base
11:42:34 : Side: Lenin: ?
11:42:40 : Side: Anton: who?
11:42:50 : Side: Lenin: you
11:42:54 : Side: Lenin: lox
11:43:08 : Side: Anton: maybe why?
11:43:22 : Side: Lenin: poshel naxyi
11:44:12 : Side: BigMike: faking russians
11:44:20 : Side: Qwarl: ))))
11:44:23 : Side: Anton: lol
11:44:49 : Side: Anton: lets hold hands and sing happy birthday
11:45:08 : Side: Qwarl: putin vodka bear
11:48:00 : Side: Qwarl: hi
11:48:11 : Side: IronHide: hey
11:48:18 : Side: Anton: hi
11:52:40 : Side: BigMike: go away
12:10:01 : Side: IronHide: what do u take if ur screen is really grey when u 12k blood
12:34:17 : Side: Tamago: good morning
12:34:29 : Side: agss: siema
12:34:39 : Side: Tamago: siem
12:34:40 : Side: Qwarl: SALAM 
12:34:47 : Side: Tamago: salami?
12:34:53 : Side: Qwarl: yes
12:34:59 : Side: Qwarl: )))
12:35:05 : Side: Tamago: yummy
12:35:14 : Side: Lenin: maiami
12:35:24 : Side: Lenin: alax agbar
12:35:36 : Side: Lenin: alah
12:35:45 : Side: Tamago: so many new people
12:35:51 : Side: Tamago: dayum
12:35:59 : Side: Lenin: sosi
12:36:02 : Side: Lenin: chlen
12:36:20 : Side: Lenin: mamu tvou ebal
12:36:44 : Side: IronHide: english plox
12:38:40 : Side: Tamago: who destroyed my LAV that was inside my base?
12:38:56 : Side: Tamago: srsly people glitching into other bases is not allowd
12:39:05 : Side: BigMike: lel
12:39:17 : Side: Lenin: lol
12:39:36 : Side: Tamago: this shit takes up to 3 RPG shots to be destroyed
12:39:42 : Side: Tamago: point blank
12:39:55 : Side: Tamago: so yeah i will get LBW to look into this
12:40:41 : Side: Qwarl: hi
12:40:42 : Side: Qwarl: )))
12:40:54 : Side: Qwarl: how are you?
12:41:13 : Side: Qwarl: hahahaha
12:42:19 : Side: IronHide: how fked up is ur heli
12:42:29 : Side: IronHide: i shot the rudder like 5-6 times and saw smoke coming out of it
12:42:30 : Side: Tamago: black hawks have really low armor
12:42:44 : Side: Tamago: thye are a bit more resistant thatn little birds to be honest
12:43:09 : Side: IronHide: but the thing should still be dammaged/
12:43:22 : Side: IronHide: took 3 mags of a svd and a few mag of w/e my friend was using
12:43:34 : Side: Tamago: it still has armour and if you didnt shoot back rotor thye can fly as long as main one spins 
12:43:42 : Side: IronHide: why where u just hovering over mission anway
12:43:49 : Side: IronHide: why do people just do that and not actually od the mission
12:43:54 : Side: Tamago: cause this black hawk have miniguns
12:44:04 : Side: IronHide: they wernt shooting though
12:44:07 : Side: IronHide: they just were hovering
12:44:08 : Side: Tamago: and these two are bandits
12:46:07 : Side: Qwarl: missions ural clear
12:53:08 : Side: Tamago: black hawk down?
12:53:25 : Side: BigMike: mb
12:53:47 : Side: Tamago: dzis wbijamy sie z gregiem moim suvem i rozjebie im baze
12:53:53 : Side: Tamago: wrong chat
12:54:20 : Side: agss: to pojedziemy jak chcesz na 2 suvy, mam duzo amunicji do m134
12:56:43 : Side: Tamago: Anton disable your squad.xml This server dislikes it a lot
12:57:02 : Side: Tamago: same goes for Adam
12:59:56 : Side: IronHide: how do u zero in
13:00:15 : Side: Tamago: page up and page down
13:00:24 : Side: Tamago: not all weapons has zeroing tho
13:00:45 : Side: Tamago: DMG dont have zeroing but you can shoot 900meters away with it and headshot easy after you practice with mil dots
13:00:48 : Side: Tamago: dmr*
13:08:46 : Side: Tamago: lol?
13:29:43 : Side: Lenin: why?
13:29:56 : Side: Lenin: suv arm
13:29:57 : Side: Lenin: ?
13:30:09 : Side: Lenin: kozel
13:30:15 : Side: Lenin: ebanii
13:30:19 : Side: Lenin: tibe pizda
13:33:55 : Side: Qwarl: WHO A SUF ARMORED??
13:38:42 : Side: Lenin: kurwa a suv arm
13:38:55 : Side: Tamago: ? where?
13:39:17 : Side: Qwarl: tamago you SUV arm ?
13:39:29 : Side: Tamago: mine is destroyed with LAV
13:39:35 : Side: Tamago: someone raided
13:41:48 : Side: Tamago: /vote night
13:42:18 : Side: Oscar: /vote day
14:42:59 : Side: Lenin: tamago kozel
14:43:12 : Side: Tamago: why you are calling me a goat?
14:44:06 : Side: Lenin: polskaya kurwa
14:44:17 : Side: Tamago: oh you are so dead for this. i gave you huey
14:44:35 : Side: Tamago: scew yopu your base is going down
14:44:42 : Side: Tamago: so bye bye
14:44:46 : Side: Qwarl: ahhahaahahahah
14:44:51 : Side: Tamago: just wait ^^
14:45:10 : Side: Qwarl: me to ^^
14:51:07 : Side: Tamago: nice base glitch
14:51:17 : Side: Tamago: banhammer incoming
14:52:00 : Side: Qwarl: nnoooo
14:52:08 : Side: Qwarl: me hammer
14:52:29 : Side: Lenin: lol
15:08:52 : Side: Lenin: lox
15:08:56 : Side: Lenin: eto sudiba
15:10:44 : Side: Tamago: you call "justice" glitching into base?
15:10:50 : Side: Tamago: grow balls and siege me
15:12:58 : Side: Tamago: COME AGAIN
15:13:44 : Side: Qwarl: lol
15:13:52 : Side: Tamago: come again
15:13:54 : Side: Tamago: i dare you
15:14:02 : Side: Tamago: russian scum
15:14:05 : Side: Lenin: you cheater
15:14:10 : Side: Tamago: i was in my base
15:14:14 : Side: Qwarl: :3
15:14:27 : Side: Lenin: my base
15:14:50 : Side: Qwarl: how are you?a
15:15:02 : Side: Qwarl: me no war
15:15:22 : Side: Qwarl: :#
15:16:01 : Side: Tamago: grow some spine and siege my base without glitching
15:16:28 : Side: Qwarl: go frend
15:16:50 : Side: Qwarl: no war
15:17:38 : Side: Qwarl: tomago no fire
15:17:55 : Side: Tamago: boom
15:18:35 : Side: Tamago: what do you want
15:18:35 : Side: Qwarl: go?
15:19:05 : Side: Tamago: i see you
15:19:05 : Side: Qwarl: not war
15:19:09 : Side: Tamago: go away
15:19:20 : Side: Tamago: dont want to see you again
15:19:27 : Side: Tamago: i give you free huey and you attack m y base
15:19:33 : Side: Qwarl: frend?
15:19:37 : Side: Tamago: neutral
15:19:40 : Side: Tamago: friend never
15:19:46 : Side: Qwarl: OKEY
15:19:55 : Side: Qwarl: :*
15:20:32 : Side: Tamago: i do not want your heli or rifle
15:27:08 : Side: agss: tamaga daj zape :)
15:31:23 : Side: Qwarl: tamago?
15:31:35 : Side: Tamago: what
15:31:50 : Side: Qwarl: you boom?
15:32:25 : Side: Tamago: i eject from your LB i do nto want it. mk17 and pistol was inside
15:32:42 : Side: Qwarl: )
16:03:40 : Side: Tamago: sup 2die4
16:03:48 : Side: 2DIE4:  hey hey
16:03:53 : Side: 2DIE4:  how yall doin? =)
16:04:20 : Side: Tamago: im fine. shpinx is taking a break form this game tho xD
16:04:26 : Side: Tamago: he played too much and got bored =p
16:04:34 : Side: 2DIE4: y is that?
16:04:40 : Side: Tamago: i was attacked by base glitchers today :D
16:04:43 : Side: 2DIE4:  ahh i see
16:05:02 : Side: 2DIE4:  well ppl have no balls but glitching   is sad
16:05:08 : Side: Tamago: yup
16:05:25 : Side: Tamago: I killed Lening 10 minutes after he glitched into my base to have proof of him being inside
16:05:34 : Side: Tamago: and outside of my gates i found 2 bikes
16:05:41 : Side: Tamago: so i reported it with screenshots on forums
16:05:57 : Side: 2DIE4:  yap always have evidence
16:06:05 : Side: Tamago: yup
16:06:12 : Side: Tamago: LBW said same
16:06:18 : Side: Tamago: now im waiting for him to check itw
16:06:30 : Side: 2DIE4:  did they get banned b4?  
16:06:35 : Side: Tamago: i have no idea
16:06:35 : Side: 2DIE4:  like temp?
16:06:53 : Side: Tamago: they are relatively new to this server so i wold say no
16:07:11 : Side: Tamago: but base glitching is bannable on all servers so its kinda no brainer
16:07:23 : Side: 2DIE4: +1
16:09:19 : Side: Tamago: so what aboutyou? anything happeneing?
16:09:43 : Side: 2DIE4: collecting kills on the overpoch server as well XD
16:09:46 : Side: Tamago: haha
16:10:07 : Side: 2DIE4:  now i gotta leave i gotta prepare some lil bit 4 BBQ  =) 
16:10:17 : Side: Tamago: oh nice :D enjoy ^^
16:10:18 : Side: 2DIE4:  sun is shining  =) 
16:10:34 : Side: 2DIE4:  will do =) - kill some base glitchers  =) 
16:10:34 : Side: Tamago: i got shitty weatherw
16:10:38 : Side: Tamago: i will :d
16:10:45 : Side: 2DIE4:  summer will come  = )
16:10:55 : Side: 2DIE4:  later yall =) 
16:11:02 : Side: Tamago: waiting for it :D see yah
18:26:46 : Side: agss: hello. you are friendly?
20:17:46 : Side: agss: CZE
20:53:26 : Side: Tamago: was it you in humvve ryan?
20:53:40 : Side: Ryan: YES GOOD TO KNOW YOUR FRIENDLY
20:53:44 : Side: Tamago: xD
20:53:59 : Side: Tomahawwk: im with him so if you see me dont shoot
20:54:14 : Side: Tamago: i knwo you are i remeber our stronghold battle :Dw
20:54:19 : Side: Tamago: we cleared it out
20:54:24 : Side: Tamago: after you two leftw
20:54:47 : Side: Tamago: loot was meh ;/
20:55:27 : Side: Tamago: is pork loin with you guys?
20:55:46 : Side: Ryan: NOPE
20:55:49 : Side: Tamago: kk
20:56:41 : Side: Bunraku San: im friendly too, if we meet
20:57:07 : Side: Bunraku San: kinda new to the server
20:57:08 : Side: Tamago: ok well we decide if you are friendly after we see you =p
20:57:14 : Side: Tamago: welcome than =p
20:57:16 : Side: Bunraku San: hahaha
20:59:19 : Side: Tamago: if you will see players named "Lenin"and "quwal"be on your guard. they are bandits and they are definetly not frinedly
20:59:52 : Side: Bunraku San: ty, i will keep that in mind
21:00:01 : Side: Tamago: np
21:02:20 : Side: Ryan: THERE IS LOOT LEFT FROM JUNK YARD WE ARE LEAVING SO REST IS FOR TAKING
23:34:26 : Side: Tamago: go away heli
23:34:32 : Side: Ryan: WHY?
23:34:36 : Side: Tamago: oh it you
23:34:39 : Side: Tamago: sorry
23:34:39 : Side: Tomahawwk: yea
23:34:40 : Side: Ryan: YA ASS
23:34:42 : Side: Tamago: ok alnd
23:34:46 : Side: Ryan: FREAKIN SHOT ME
23:34:47 : Side: Tamago: didnt know ti was you xD
23:34:54 : Side: Tamago: one warning shot =p
23:34:59 : Side: Tamago: but tis ok
23:35:39 : Side: Denial Beans: im comin in a mozzie too so dont kill me
23:35:49 : Side: Tamago: mission is almsot done so yeah
23:40:00 : Side: Tamago: you know that mission is ours
23:40:16 : Side: Ryan: YA I KNOW JUST WANT LEFTOVERS
23:40:24 : Side: Tamago: oh ok
23:41:12 : Side: Ryan: IS IT OKAY IF I LOOT BODIES
23:41:17 : Side: Tamago: ok
23:44:49 : Side: Tamago: base should be empty of ai so loot baracks there too
