09:59:18 : Direct: Kev: Man muss ja immer, mit dem Teil 1 anfangen oder?
09:59:52 : Direct: Faldehals: ich glaub das hatte ich net 
10:00:03 : Direct: Kev: war ja nur ne allgemeine frage?
10:00:04 : Direct: Faldehals: stell dich neben die kiste und versuchs
10:00:14 : Direct: Faldehals: kannst hier kaufen den scheiss den du brauchst
10:00:55 : Direct: Kev: ne, fehlt teil 1
10:01:02 : Direct: Kev: kein upgrades vorhanden steht da
10:01:12 : Direct: Faldehals: ich holse 
10:01:17 : Direct: Faldehals: bis glei
10:12:10 : Direct: Faldehals: da
10:12:28 : Direct: Faldehals: wie schnell muss die c130 sein um abzuheben ?
10:12:28 : Direct: Kev: alles klar, dank dir vielmals
10:12:35 : Direct: Kev: ca 120
10:12:51 : Direct: Faldehals: seht ja glei obse schnell genug war
10:12:58 : Direct: Kev: D
11:30:48 : Direct: Fontes: hey man
11:30:58 : Direct: Faldehals: hey
18:53:58 : Direct: PRISMIC: DW
22:16:06 : Direct: alexxx: hi
22:16:16 : Direct: alexxx: ty
22:16:21 : Direct: alexxx: u2
22:17:36 : Direct: alexxx: hi
22:18:50 : Direct: alexxx: 2 die
22:20:38 : Direct: alexxx: XD
