00:38:57 : Side: Staneles: so long to build wall..
00:49:15 : Side: Rrazo165: who ever is shooting at me with a dmr
00:49:17 : Side: Rrazo165: stopp
00:49:31 : Side: Luca: who are you
00:49:42 : Side: Rrazo165: im a friend
00:49:44 : Side: Rrazo165: dont shootme
00:50:02 : Side: Luca: you have shot to my friend
00:50:19 : Side: Rrazo165: im not shooting your friend
00:50:22 : Side: Rrazo165: im doing the mission
00:50:30 : Side: Rrazo165: dude im a hero
00:50:42 : Side: Luca: me and my frient too
00:50:46 : Side: Rrazo165: come over and give me a blood bag dude
00:51:00 : Side: Luca: i'm too far
00:51:27 : Side: Luca: sorry
00:51:36 : Side: Rrazo165: im going to invite you to my group
00:51:40 : Side: Rrazo165: then im going to come to you
00:51:43 : Side: Rrazo165: to get a blooddbag
00:52:00 : Side: Luca: i dont have
00:52:03 : Side: Luca: with me
00:52:14 : Side: Rrazo165: then why didnt you ask if i was friendly first
00:52:17 : Side: Rrazo165: jesus dude
00:52:25 : Side: Luca: sorry
00:52:47 : Side: Luca: we take down the mission and then i buy you a blod bag ok?
00:52:56 : Side: Rrazo165: ok 
00:53:08 : Side: Luca: ok
00:53:31 : Side: Luca: i sse you
00:53:34 : Side: Luca: now
00:53:37 : Side: Rrazo165: thats ok
00:53:44 : Side: Luca: dont warry
00:53:59 : Side: Rrazo165: i cant see anything
00:54:02 : Side: Rrazo165: 2k blood
00:54:05 : Side: Luca: we take down last bndit
00:54:13 : Side: Luca: cover yourself
00:54:59 : Side: Rrazo165: one of the ai
00:55:04 : Side: Rrazo165: will have a blood bag
00:55:18 : Side: Luca: i see bandits in the base behind you
00:55:23 : Side: Luca: stay down
00:55:24 : Side: Rrazo165: its fine
00:55:27 : Side: Rrazo165: they cant see me
00:55:30 : Side: Luca: ok
00:55:31 : Side: Rrazo165: i havent shot at them
00:57:32 : Side: Rrazo165: im losing blood dude
00:57:36 : Side: Rrazo165: hurry and kill those bandits
00:59:51 : Side: Luca: werw are you
01:00:31 : Side: Luca: stay 
01:00:55 : Side: Luca: i dont have blood
01:01:02 : Side: Luca: yes
01:01:13 : Side: Luca: come here
01:01:45 : Side: Luca: take for you
01:02:02 : Side: Luca: what do you need?
01:02:14 : Side: Luca: repeat please
01:02:23 : Side: Luca: ok
01:02:56 : Side: Luca: yes
01:04:04 : Side: Luca: np
01:04:08 : Side: Luca: come up
01:05:39 : Side: Luca: my friend coming
01:06:19 : Side: Luca: yes
01:06:32 : Side: Luca: my friend give me bllod bug
01:06:47 : Side: Luca: and we finish the mission
01:07:31 : Side: Luca: take meat
01:07:46 : Side: Luca: on the ground
01:08:03 : Side: Luca: better?
01:08:28 : Side: Luca: now take down bandits
01:08:37 : Side: Luca: they are 3
01:08:41 : Side: Luca: left
01:08:51 : Side: Luca: behind heli
01:12:51 : Side: Rrazo165: guys is it clear ?
01:13:05 : Side: Luca: it seems all right
01:13:34 : Side: Luca: clear
01:13:39 : Side: Rrazo165: gj
01:14:10 : Side: Luca: if you want lets do 50\50?
01:14:14 : Side: Luca: ok?
01:14:19 : Side: Rrazo165: take it all
01:14:27 : Side: Rrazo165: i just want the dmr magsa
01:14:34 : Side: Luca: ok
01:14:45 : Side: Luca: my friend have a blood
01:14:51 : Side: Luca: for you
01:15:13 : Side: Rrazo165: come give it to me dude
01:15:15 : Side: Luca: i go to take truck
01:15:27 : Side: Pibe: wait
01:15:55 : Side: Rrazo165: thanks dude
01:16:05 : Side: Pibe: ;)
01:16:08 : Side: Rrazo165: take this
01:16:33 : Side: Pibe: thnx
01:16:43 : Side: Pibe: do you need antibiotics?
01:16:46 : Side: Luca: do you want a lift?
01:16:55 : Side: Rrazo165: take me up to the hero mission
01:16:57 : Side: Rrazo165: plz
01:17:04 : Side: Rrazo165: my friend is ther
01:17:31 : Side: Luca: to north?
01:17:36 : Side: Rrazo165: yup
01:17:49 : Side: Luca: we acn take you
01:17:52 : Side: Luca: can
01:18:11 : Side: Rrazo165: ty
01:18:14 : Side: Luca: np
01:19:41 : Side: Luca: mission is vanished
01:19:52 : Side: Rrazo165: just go up north i will tell you when to stop
01:20:46 : Side: Rrazo165: ??
01:21:44 : Side: Rrazo165: wrong way dude
01:21:52 : Side: Rrazo165: its just past that other hero mission
01:22:42 : Side: Luca: here?
01:22:49 : Side: Rrazo165: yeah drive straight
01:23:07 : Side: Rrazo165: about another 500m
01:23:17 : Side: Rrazo165: stop
01:23:18 : Side: Rrazo165: stop
01:23:28 : Side: Rrazo165: thanks alot guys
01:23:30 : Side: Luca: you stay with freedom?
01:23:36 : Side: Rrazo165: nah
01:23:40 : Side: Rrazo165: im buds with him though
01:23:40 : Side: Luca: ok
01:23:43 : Side: Luca: bye!
01:23:49 : Side: Pibe: bye
01:23:50 : Side: Rrazo165: bye
01:34:10 : Side: Luca: bye to all
01:34:28 : Side: Zloy_negr: cya
01:37:59 : Side: Staneles: guys how can i sue a combination lock ?
01:38:08 : Side: Staneles: for lock a wood sheid
03:26:46 : Side: Freedom: hello 
03:27:11 : Side: Staneles: hi dude
03:27:38 : Side: Freedom: hey buddy how y abeen
03:27:54 : Side: Staneles: find qnd yu M
03:28:03 : Side: Denial Beans: who tou talkin too
03:28:07 : Side: Freedom: cant complain
03:28:30 : Side: Freedom: the person that is responding to me lol]
03:31:51 : Side: Freedom: anyone doing black hawk crash?
03:43:53 : Side: Denial Beans: whos doing black hawk?
03:44:12 : Side: Freedom: im there
03:44:34 : Side: Denial Beans: im parachuting
03:44:47 : Side: Freedom: you friendly?
03:45:02 : Side: Denial Beans: yeah. im boosted outlaw btw
03:45:08 : Side: Freedom: roger
03:50:38 : Side: Freedom: want any of this?
03:50:59 : Side: Freedom: anyone
03:53:38 : Side: Freedom: im marking it on map i took nothing theres a plot pole and few other things
04:25:09 : Side: Freedom: more loot marked on map cinderblocks anoth plot pole
04:25:24 : Side: Freedom: suv
04:57:29 : Side: Freedom: you going to be doing missions wallace?
04:57:47 : Side: Wallace: maybe... did it just restart?
04:57:59 : Side: Freedom: yeah i just dont want to shoot you
04:58:56 : Side: Freedom: ill make sure i double check and ask if it looks like you xD
06:35:26 : Side: SineaD: всем привет ))
06:35:40 : Side: Freedom: english only
06:35:54 : Side: SineaD: im russian 
06:36:26 : Side: SineaD: kik mi ?
06:36:26 : Side: Freedom: english in side 
06:36:37 : Side: SineaD: nooo
06:36:57 : Side: SineaD: fuck
07:26:42 : Side: mixer_90: Hi, guys!
07:26:59 : Side: Freedom: hello
07:27:35 : Side: mixer_90: Im friendly, if you are look me - calling or write in the chat, im didn/t shooting ferst
07:28:04 : Side: Freedom: im 33k hero i wont shoot you
07:53:43 : Side: Sierra [SD]: Hello, everyone alright?
07:53:58 : Side: Freedom: yes mam
07:54:07 : Side: mixer_90: hi! yes!
07:54:31 : Side: Sierra [SD]: That is good to hear :)
07:55:49 : Side: mixer_90: do you will update trade function for used "cash_money"?
07:56:16 : Side: Sierra [SD]: Possibly in the future.
07:56:45 : Side: mixer_90: ok! I think it will be good update)
07:56:54 : Side: Sierra [SD]: atm it wasn't running 100% to our satisfaction on 1.0.6
07:57:04 : Side: Sierra [SD]: :)
08:16:38 : Side: Sierra [SD]: Have any of you guys seen Prismic, Rrazo 165 or Zloy_negr on at all yesterday night or this morning btw?
08:17:02 : Side: Freedom: this morning i seen prismic
08:17:16 : Side: Freedom: other guy on now is new
08:17:47 : Side: Sierra [SD]: Ah ok, I will have to try and catch him for a chat when I next see him on.
08:18:17 : Side: Sierra [SD]: thanks
08:18:20 : Side: Freedom: anout 6-7 hours i would say he will be on 
08:18:29 : Side: Freedom: about*
08:18:35 : Side: Freedom: np
08:18:42 : Side: Sierra [SD]: :)
08:20:00 : Side: Sierra [SD]: Sorry I forgot where you are too when I asked.
08:20:10 : Side: Sierra [SD]: Not sure what time it is there :)
08:20:44 : Side: Freedom: lol yeah dident think about that im in usa its 2:27am
08:21:10 : Side: Sierra [SD]: xD - 08:21am here
08:21:31 : Side: Sierra [SD]: 6 hours difference
08:22:22 : Side: Freedom: yes mam i should prolly go to bed but ohh well
08:22:49 : Side: Sierra [SD]: Yes you naughty young man! Must be way past your bed time! ;) :P
08:23:08 : Side: Freedom: i wish i was young
08:23:26 : Side: Sierra [SD]: I'm sure we all wished we were a bit younger again :)
08:23:29 : Side: Sierra [SD]: wish
08:25:05 : Side: Sierra [SD]: and are for that matter - seem to be writing in the wrong tense this morning - done it twice now. must be tired :)
08:26:06 : Side: Freedom: lol sorry was shootingxD
08:26:14 : Side: Sierra [SD]: yeah I guessed xD
08:26:37 : Side: Freedom: your not at a mission are you?
08:27:06 : Side: Sierra [SD]: Nope :)
08:27:13 : Side: Freedom: oik
08:27:15 : Side: Freedom: ok
08:27:46 : Side: Freedom: that one stragler
08:28:14 : Side: Sierra [SD]: ah - will shoot you as soon as you get close to the loot :P
08:28:26 : Side: Sierra [SD]: there is always one left xD
08:28:32 : Side: Freedom: nuh uh you are a hero 
08:28:42 : Side: Sierra [SD]: no not me - I meant the ai :D
08:28:51 : Side: Sierra [SD]: I don't shoot anyone!
08:28:52 : Side: Freedom: ohh lol yes they do
08:28:57 : Side: Freedom: me either
08:29:01 : Side: Sierra [SD]: would get into trouble for admin abuse! lol
08:29:07 : Side: Freedom: haha
08:29:19 : Side: Sierra [SD]: I don't really play on here tbh - neither does LWB
08:29:23 : Side: Sierra [SD]: just admining
08:29:30 : Side: Freedom: i noticed
08:29:33 : Side: Sierra [SD]: although I admit I might do a few missions if it's quiet
08:30:08 : Side: Freedom: this is the funnest server i have been on the peoploe are great here
08:30:39 : Side: Sierra [SD]: People are (usually) really nice on here. It's a good group of people.
08:30:46 : Side: Freedom: yep
09:01:16 : Side: Freedom: well im off to bed see ya sierra
09:01:42 : Side: Sierra [SD]: see you later :) - sleep well!
09:01:47 : Side: mixer_90: BB
09:01:59 : Side: Freedom: thanks enjoy your morning xD
09:02:06 : Side: Sierra [SD]: thanks xD
09:08:17 : Side: Sierra [SD]: Logging for a little while Mixer, will see you later :)
09:08:50 : Side: mixer_90: )))
09:09:01 : Side: Sierra [SD]: have fun!
09:33:40 : Side: Anarhist: hi
09:33:48 : Side: mixer_90: hi!
11:13:43 : Side: Sierra [SD]: Everyone ok?
11:13:55 : Side: Winans: hey! yeah ty! u2?
11:14:10 : Side: mixer_90: oK!
11:14:28 : Side: Sierra [SD]: Good :) - yes good thanks :)
13:08:14 : Side: VLADIMIR>***: hi Luca
13:08:46 : Side: VLADIMIR>***: yu ned somteng?
13:08:55 : Side: VLADIMIR>***: wepon or gold?
13:09:00 : Side: VLADIMIR>***: oki
13:10:22 : Side: VLADIMIR>***: by frend
14:19:12 : Side: Freedom: morning all
14:19:28 : Side: Luca: hi freedom :)
14:19:44 : Side: Freedom: hey buudy
14:24:44 : Side: WUKONS: Hello everyone,
14:25:43 : Side: WUKONS: i'we got 980ti classified and its like 50fps in balota, the hell
14:26:25 : Side: Freedom: hello lol im rocking 25fps everywhere be happy
14:26:47 : Side: Freedom: haha
14:26:53 : Side: Luca: :)
14:44:49 : Side: WUKONS: see u after restart
15:09:07 : Side: OysterLover: whats wrong with oysterfucker?
15:09:23 : Side: Freedom: really
15:09:48 : Side: OysterLover: never had a problem with that name?
15:10:32 : Side: OysterLover: i see
15:12:49 : Side: 2DIE4: when it comes 
15:13:06 : Side: 2DIE4: to killig were all the same  XD
15:20:58 : Side: 2DIE4: i love how every new player underestimaes the AI XD
15:21:11 : Side: Freedom: lol
15:21:18 : Side: 2DIE4: *underestimates
15:21:22 : Side: Freedom: an m2 at that
15:22:06 : Side: Freedom: got killed by one other night at 1200m almost
15:22:14 : Side: Freedom: one shot
15:22:56 : Side: OysterLover: done the same with a makarov
15:23:13 : Side: 2DIE4: LWB  i think the markers here a totally buggy
15:23:31 : Side: 2DIE4: no matter what chat u use on map any player can see it
15:23:54 : Side: Peasant: I see no markers :/
15:24:19 : Side: 2DIE4:  ok then it must be mainly the groupschat 
15:24:32 : Side: 2DIE4: i see the easy marker
15:24:34 : Side: Freedom: i see it
15:24:37 : Side: Peasant: oh I see the arrow now
15:24:41 : Side: WUKONS: thats mine
15:24:54 : Side: WUKONS: you both need to be in same channel to see markers
15:24:55 : Side: 2DIE4: what chat did u place it on?
15:25:01 : Side: WUKONS: side
15:25:14 : Side: 2DIE4: we dont do sidechat markers here 
15:25:17 : Side: Peasant: 2die, do one on group or something
15:25:23 : Side: WUKONS: if u both switch to group and then place marker, it should work
15:25:31 : Side: 2DIE4: but i mean the markers onbly 4 your group    
15:25:47 : Side: 2DIE4:  ok ill do one in group at cherno
15:26:01 : Side: WUKONS: Loving this trader menu <3
15:26:44 : Side: 2DIE4: marker on cherno is set
15:27:01 : Side: Peasant: cant see it
15:27:10 : Side: 2DIE4: its just weird sometimes 
15:27:30 : Side: 2DIE4: true that
15:41:04 : Side: 2DIE4:  hey peasant freedom... at my place only one left  get the loot
15:41:55 : Side: WUKONS: how many bandits on?
15:42:40 : Side: Peasant: kk thanks
15:43:31 : Side: Freedom: im at mi-17 atm
15:45:53 : Side: 2DIE4: found him  XD
15:46:15 : Side: Freedom: xD
15:46:42 : Side: 2DIE4: well peasant bring a vehicle 4 the loot ... freedom M2s down?
15:46:50 : Side: Peasant: Man, Im up north and now a mission spawned and I cant take off
15:47:08 : Side: 2DIE4:  where?  at your place?
15:47:20 : Side: Freedom: one is one left foir sure i dunno if theres another cant see but 5 ai left
15:47:41 : Side: Freedom: im at mi-17 down south
15:47:50 : Side: 2DIE4: i know
15:48:44 : Side: 2DIE4:  pea i come get u  =) 
15:49:38 : Side: 2DIE4:  take some engine parts and  scrap metall and some fuel   i  bring u to a nother lb
15:50:00 : Side: 2DIE4: ok get the M"s  =)
15:50:01 : Side: Peasant: I only have engine and fueltank parts
15:50:13 : Side: 2DIE4: we get the rest at stary 
15:50:28 : Side: 2DIE4:  leeme know when M2 sown
15:51:18 : Side: Peasant: k, Im not atmission yet so wait a bit
15:51:31 : Side: 2DIE4: ok
15:54:13 : Side: 2DIE4: any M2? at all?
15:54:18 : Side: Peasant: no just ai
15:54:51 : Side: Peasant: think I got them all
15:55:25 : Side: Staneles: hi everyone
15:55:48 : Side: WUKONS: hi
15:56:03 : Side: Turmoil: heeeeeeeeeeeeeeeeeeeeeeeey <3
15:56:16 : Side: 2DIE4: on ts  =9
15:57:33 : Side: 2DIE4:  Jesse get the loot  =)
15:57:43 : Side: [NG2] Jesse: ? 
15:57:53 : Side: 2DIE4: there was a  mission 
15:58:03 : Side: 2DIE4:  at  ya crib uphill
15:58:20 : Side: 2DIE4:  the hollywood hill
15:58:28 : Side: Turmoil: haha xD
15:59:49 : Side: Turmoil: you didnt shoot at me 2DIE4? :O
16:00:02 : Side: Turmoil: i flew far above you, if you heard something flying by xD
16:00:05 : Side: 2DIE4: nope
16:00:27 : Side: 2DIE4: ok  then
16:00:35 : Side: 2DIE4:  thought i heard u  XD
16:00:38 : Side: Turmoil: xD
16:01:58 : Side: 2DIE4:  the ytook it
16:03:35 : Side: Freedom: i need training wheels
16:04:02 : Side: Turmoil: xD
16:34:23 : Side: 2DIE4:  just get bak
16:34:29 : Side: 2DIE4:  in the car  =)
16:35:34 : Side: 2DIE4: good
16:42:25 : Side: Turmoil: watcha shooting at 2DIE?
16:42:57 : Side: 2DIE4:  paras
16:43:40 : Side: Peasant: freedom, is that big heli yours at your base?
16:44:04 : Side: Freedom: the one on the ground is not no clue whos it is
16:44:14 : Side: Freedom: scar
16:44:16 : Side: Peasant: ok, Might try out my hotewire kit
16:44:19 : Side: 2DIE4:  winans and hail borrowed themn i thinkl
16:44:19 : Side: Peasant: hot
16:52:17 : Side: Rrazo165: jesse why arnt you in the group ?
16:52:41 : Side: [NG2] Jesse: i am in a group.. 
16:52:51 : Side: [NG2] Jesse: ??
16:52:59 : Side: Rrazo165: nvm
16:53:01 : Side: Rrazo165: its coolw
16:53:38 : Side: [NG2] Jesse: dont get it.. ? 
16:53:53 : Side: Rrazo165: its just you were in our group last time
16:54:33 : Side: [NG2] Jesse: i am ina group with neigbours so i dont shoot them ^^ 
16:54:44 : Side: Rrazo165: yeah i know who they are
16:54:49 : Side: Rrazo165: pris told me
16:55:08 : Side: [NG2] Jesse: you his buddy right? 
16:55:12 : Side: Rrazo165: yup
16:55:50 : Side: Rrazo165: you got a spare ghillie i could buy from youu
16:57:41 : Side: Rrazo165: p2w ?
17:09:21 : Side: Freedom: whos at bandit base
17:09:30 : Side: LaneQan: me
17:09:34 : Side: Freedom: that i just cleared
17:09:39 : Side: Freedom: you friendly
17:10:39 : Side: Staneles: if you talk about the base near polona im here and friendly
17:10:50 : Side: Staneles: polana
17:11:15 : Side: Freedom: are you by the loot now
17:11:22 : Side: Staneles: ye
17:11:31 : Side: Staneles: don't shoot me plz ^^
17:11:33 : Side: Freedom: ok
17:12:41 : Side: Freedom: im coming in
17:12:46 : Side: Staneles: and yu firendly ?
17:12:51 : Side: Freedom: yes hero
17:12:56 : Side: Staneles: okok
17:13:01 : Side: Freedom: 35k
17:13:07 : Side: [NG2] Jesse: you surrounded@!
17:13:16 : Side: [NG2] Jesse: we are from herotown 
17:13:21 : Side: [NG2] Jesse: we come in no harm! 
17:13:27 : Side: Wilkomir: Hello
17:13:32 : Side: Wilkomir: How are u guys?
17:15:41 : Side: [NG2] Jesse: thanks DIE$!@
17:15:43 : Side: LaneQan: 2DIE4 admin or what
17:16:12 : Side: LaneQan: how he repaired his heli
17:16:15 : Side: [NG2] Jesse: 2die die you shoot my heli@!
17:16:16 : Side: LaneQan: in the air
17:16:21 : Side: LaneQan: 2 times
17:16:23 : Side: [NG2] Jesse: ?
17:16:31 : Side: LaneQan: in the air?
17:16:36 : Side: 2DIE4:  was that u? 
17:17:07 : Side: LaneQan: it was on clear field
17:17:25 : Side: LaneQan: we killed his rotor and he fixed 
17:17:44 : Side: LaneQan: it's hacks or what
17:17:59 : Side: LaneQan: rotor sound like a *BEEP BEEP*
17:18:01 : Side: 2DIE4:  i know how the game works
17:18:09 : Side: LaneQan: when you killed it
17:18:18 : Side: 2DIE4:  and my chopper wasnt repaired after i fucked up the SUV ...     
17:18:36 : Side: 2DIE4: well beep beep doesnt mean that the chopper is wrecked
17:18:36 : Side: LaneQan: i crashed your rotor 2 TIMES!
17:18:41 : Side: LaneQan: really?
17:18:59 : Side: 2DIE4:  and u hit me  and u can fly with a  100% damaged rotor
17:19:28 : Side: Staneles: ye guys
17:19:32 : Side: Staneles: bye
17:19:39 : Side: Freedom: later man
17:20:20 : Side: 2DIE4: beep beep
17:20:25 : Side: 2DIE4: richy
17:34:21 : Side: Staneles: somone kill me just before server restart ... so don't retrieve my body ...
17:34:34 : Side: Wilkomir: Aww :c
17:34:38 : Side: Wilkomir: U need something?
17:34:46 : Side: Wilkomir: I can help u
17:34:48 : Side: Staneles: yes key of my car ^^
17:35:02 : Side: Wilkomir: ;-;
17:35:27 : Side: Staneles: thx but i have money at my base so i can esaly recover ;)
17:35:45 : Side: Wilkomir: I can give u a ride if u want
17:35:50 : Side: Wilkomir: Just give me a call
17:36:26 : Side: Staneles: if you can ride me to a trade city i would like :)
17:36:32 : Side: Wilkomir: where are u?
17:36:40 : Side: Staneles: wait 2 min
17:36:51 : Side: Wilkomir: ok
17:37:00 : Side: Staneles: near berezino
17:37:18 : Side: Staneles: are you hero ?
17:37:22 : Side: Wilkomir: On the way
17:37:29 : Side: Wilkomir: Just give me cords
17:37:33 : Side: Wilkomir: Yeah
17:37:46 : Side: Staneles: ok i just go to muy base and i give yu cords
17:37:57 : Side: Wilkomir: Coimg to berezino
17:38:13 : Side: Staneles: okok lot of love for you dude
17:39:48 : Side: Staneles: i arrived in 4 min
17:40:02 : Side: Wilkomir: Im on the place
17:40:07 : Side: Wilkomir: Will stand by
17:43:15 : Side: Wilkomir: are u here?
17:43:30 : Side: Staneles: hre
17:43:40 : Side: Staneles: look on your left
17:43:41 : Side: Wilkomir: Im fyilng around berezino
17:43:53 : Side: Staneles: see me ?
17:43:57 : Side: Wilkomir: no
17:44:02 : Side: Wilkomir: Im goind to land
17:44:38 : Side: Staneles: i see you i am here
17:45:31 : Side: Wilkomir: get in
17:45:53 : Side: Wilkomir: take whatever u want
17:45:56 : Side: Wilkomir: so 
17:46:00 : Side: Wilkomir: where now?
17:46:21 : Side: Wilkomir: m8?
17:50:30 : Side: Wilkomir: U need something?
18:11:23 : Side: Wilkomir: hello
18:11:29 : Side: Wilkomir: u need something?
18:12:17 : Side: Wilkomir: Nee something?
18:12:28 : Side: Wilkomir: LaneQan?
18:19:59 : Side: Freedom: anyone doing weapons cache
18:33:52 : Side: Wilkomir: xD
19:30:19 : Side: LaneQan: how to disable debug panel?
19:32:26 : Side: Shinobi: go
19:45:52 : Side: Freedom: glad i dident fly game crashed
19:46:21 : Side: Freedom: have horrible fps drops right now
20:05:11 : Side: WUKONS: is anyone at the hero missions right now?
20:05:27 : Side: PRISMIC: i am
20:05:50 : Side: WUKONS: alright. need help?
20:06:00 : Side: Denial Beans: theres too missions in that one spot guys
20:06:06 : Side: Denial Beans: two
20:06:13 : Side: WUKONS: o_O
20:06:13 : Side: PRISMIC: okay omw
20:17:20 : Side: WUKONS: how much for mozzie guys?
20:17:34 : Side: Rrazo165: 10 briefs
20:17:39 : Side: WUKONS: ahahahaha
20:19:29 : Side: WUKONS: whats the code for abandoned safes?
20:19:32 : Side: WUKONS: 0000?
20:55:04 : Side: Rxider: did i just seriously kill all of you
20:55:06 : Side: Rxider: wtf
20:55:33 : Side: Denial Beans: no those are AI
21:12:15 : Side: Freedom: invite?
21:12:27 : Side: Freedom: thanks
21:44:37 : Side: Laurence Gommersil: jesse group inv?
22:02:26 : Side: Denial Beans: whos at the bandit stronghold?
22:02:35 : Side: [NG2] Jesse: HEROS@!
22:02:38 : Side: PRISMIC: me
22:02:54 : Side: [NG2] Jesse: me
22:03:00 : Side: Turmoil: me
22:03:04 : Side: Freedom: me
22:03:14 : Side: Denial Beans: k im in the area as well
22:03:48 : Side: PRISMIC: who
22:03:49 : Side: Denial Beans: this your guys little bird?
22:04:00 : Side: Freedom: yes 
22:04:06 : Side: Denial Beans: k ill leave it
22:04:15 : Side: Freedom: thought i locked it
22:04:31 : Side: Denial Beans: i didnt check so you might have
22:05:14 : Side: [NG2] Jesse: sending you a invite so you dont shoot us
22:05:49 : Side: Denial Beans: im coming up on the supressed sniper whoever you are
22:06:09 : Side: Freedom: not us
22:06:19 : Side: Denial Beans: great
22:06:22 : Side: [NG2] Jesse: pris invite
22:18:38 : Side: [NG2] Jesse: /i need to go
22:19:04 : Side: Denial Beans: will do
