23:10:41 : Vehicle: Hailstorm: welcome on boardq
23:10:54 : Vehicle: Zarag: allahu akbar
23:11:03 : Vehicle: Boosted Outlaw: lol
23:11:05 : Vehicle: Hailstorm: ignore my sturad
23:11:11 : Vehicle: Hailstorm: *stuard
23:11:25 : Vehicle: Zarag: sturad good man builds wall in two hours
23:11:43 : Vehicle: Hailstorm: *-.-
23:11:45 : Vehicle: Boosted Outlaw: im just gonna sell this thing to get some more money for the base im building
23:11:52 : Vehicle: Boosted Outlaw: dont know how to fly it anyway
23:11:53 : Vehicle: Zarag: :*
23:12:08 : Vehicle: Hailstorm: can u drop in a trader city after celling ths
23:12:30 : Vehicle: Boosted Outlaw: drop what?
23:12:47 : Vehicle: Hailstorm: u have to turn on the autohover, after that u can fly like a plane
23:12:53 : Vehicle: Zarag: drop it like its hooooot
23:13:04 : Vehicle: Boosted Outlaw: oh i know
23:13:06 : Vehicle: Hailstorm: i can drop u after celling the mv22 in a tradercity if u want
23:13:19 : Vehicle: Hailstorm: selling 
23:13:21 : Vehicle: Hailstorm: :D
23:13:34 : Vehicle: Boosted Outlaw: nah im good. ive got a friend logging on soon up there so
23:13:38 : Vehicle: Hailstorm: where are u from?
23:13:46 : Vehicle: Hailstorm: ok
23:13:49 : Vehicle: Zarag: germania
23:13:52 : Vehicle: Boosted Outlaw: US
23:14:04 : Vehicle: Hailstorm: ok, sry for my english, i am from germany
23:14:49 : Vehicle: Boosted Outlaw: thanks for the lift boys
23:14:54 : Vehicle: Hailstorm: np
23:14:58 : Vehicle: Boosted Outlaw: drop right out front the hangar
23:15:00 : Vehicle: Zarag: np
23:15:03 : Vehicle: Zarag: 88
23:15:20 : Vehicle: Zarag: white dürü,
23:15:22 : Vehicle: Zarag: m
23:20:34 : Vehicle: Boosted Outlaw: thanks boys
23:20:39 : Vehicle: Hailstorm: np
