11:17:29 : Group: svvay: patrik
11:17:37 : Group: Phaetta: HEEY
11:17:42 : Group: svvay: YOO
11:17:44 : Group: svvay: kadu
11:17:47 : Group: Phaetta: waddup?
11:18:02 : Group: svvay: skole xd
11:18:04 : Group: svvay: dd
11:18:07 : Group: Phaetta: lal xD
11:18:11 : Group: Phaetta: mission
11:18:46 : Group: svvay: stikker
11:18:46 : Group: svvay: vi snx
11:18:51 : Group: Phaetta: cya
12:20:40 : Group: [RussianMafia]JeRaX: тим спик есть?
12:20:48 : Group: ICEE: нет (
12:20:53 : Group: [RussianMafia]JeRaX: (((
12:20:58 : Group: ICEE: дискорд есть
12:21:07 : Group: [RussianMafia]JeRaX: скайп?
12:21:14 : Group: ICEE: +
12:21:20 : Group: [RussianMafia]JeRaX: Makc.mtD
12:21:26 : Group: [RussianMafia]JeRaX: добавь
12:21:54 : Group: ICEE: Бля
12:22:01 : Group: [RussianMafia]JeRaX: ?
12:22:03 : Group: ICEE: Кинь ещё раз
12:22:13 : Group: [RussianMafia]JeRaX: Makc.mtD
12:23:12 : Group: ICEE: Пишит таких нет
12:23:18 : Group: [RussianMafia]JeRaX: дай свой
12:23:27 : Group: ICEE: kartmman.ru
12:24:05 : Group: [RussianMafia]JeRaX: все
12:24:08 : Group: [RussianMafia]JeRaX: отправил
12:24:28 : Group: ICEE: Ghbyzk
12:53:43 : Group: MeGa_Koffiepot: hey 
14:20:54 : Group: [RussianMafia]JeRaX: icce
14:21:05 : Group: [RussianMafia]JeRaX: как тебя зовут я забыл?))
14:21:32 : Group: [RussianMafia]JeRaX: меня слышно?
14:38:16 : Group: Phaetta: Someone is mad af xD
14:48:20 : Group: Joshuaa: gandy?
14:48:34 : Group: Gandy: aye
14:48:45 : Group: Joshuaa: you got gear?
14:48:52 : Group: Gandy: depends
14:48:55 : Group: Gandy: what do you mean
14:49:07 : Group: Joshuaa: guns? 
14:49:14 : Group: Gandy: i got one on me
14:49:29 : Group: Joshuaa: you want a dmr?
14:49:39 : Group: Gandy: ye, i like them
14:49:56 : Group: Joshuaa: come to me at stary trader
14:49:59 : Group: Gandy: omw
14:50:30 : Group: Joshuaa: you got vehicle?
14:50:38 : Group: Gandy: bike
14:53:00 : Group: Gandy: cheers
14:53:09 : Group: Joshuaa: no problem
14:53:17 : Group: Gandy: what r we doing now
14:53:20 : Group: Gandy: ?
14:53:35 : Group: Joshuaa: the best loot is at the north west air field
14:53:41 : Group: Gandy: true
14:53:46 : Group: Joshuaa: ive been there a few times but its crawling with ai
14:53:50 : Group: Gandy: and on missions
14:54:23 : Group: Joshuaa: we could go to balota and check that out
14:54:32 : Group: Gandy: yep
14:54:33 : Group: Gandy: how
14:54:38 : Group: Joshuaa: i got motorbike
14:54:42 : Group: Gandy: nice
14:55:27 : Group: Gandy: what is your bag
14:55:41 : Group: Joshuaa: actually, berezino might have barracks
14:55:46 : Group: Joshuaa: coyote
14:55:53 : Group: Gandy: it doesnt
14:56:00 : Group: Joshuaa: really?
14:56:04 : Group: Gandy: but if you want, we can go ne airfield
14:56:16 : Group: Gandy: it has one building, but still
14:56:17 : Group: Joshuaa: ok man, we gotta be careful though
14:56:30 : Group: Gandy: u know, baota better
14:56:34 : Group: Gandy: has more loots
14:56:39 : Group: Joshuaa: balota?
14:56:53 : Group: Gandy: yep
14:57:05 : Group: Gandy: the south airfield
14:57:18 : Group: Joshuaa: gonna be full of players
14:57:33 : Group: Gandy: :/
14:57:34 : Group: Gandy: true
14:57:40 : Group: Gandy: ok then
14:57:43 : Group: Gandy: lets go
14:57:48 : Group: Gandy: wherever you want
14:57:53 : Group: Joshuaa: balota then?
14:58:03 : Group: Gandy: ok
14:59:42 : Group: Gandy: this mission is close to our way
14:59:43 : Group: Gandy: care
15:00:04 : Group: Joshuaa: you up for it?
15:00:10 : Group: Gandy: we can try
15:00:15 : Group: Gandy: but we probably will die
15:00:16 : Group: Gandy: :D
15:00:31 : Group: Joshuaa: hmm probs need more than 2 tbh
15:00:37 : Group: Gandy: yeah
15:01:50 : Group: Gandy: mhm
15:03:03 : Group: Gandy: do you know that animals are valuable
15:03:09 : Group: Joshuaa: nah 
15:03:10 : Group: Gandy: when u kill and gut them
15:03:18 : Group: Gandy: and then cook the meat
15:03:19 : Group: Joshuaa: really?
15:03:24 : Group: Gandy: they are worth 10 gold
15:03:29 : Group: Gandy: approx
15:03:32 : Group: Joshuaa: holy shit
15:03:43 : Group: Gandy: chickens are 8
15:03:49 : Group: Gandy: sheep are 12
15:03:56 : Group: Gandy: pigs are 4
15:04:01 : Group: Gandy: and i havent  illed a cow yet
15:04:29 : Group: Joshuaa: ive only seen rabbit and cows
15:04:50 : Group: Gandy: i went  hunting once
15:04:58 : Group: Gandy: made like 30 gold out of it
15:05:04 : Group: Joshuaa: jeez
15:05:11 : Group: Gandy: and its safe, because no one goes to the fields
15:05:18 : Group: Gandy: if there are no missions
15:06:57 : Group: Gandy: have you got food and drinks?
15:07:04 : Group: Joshuaa: yeah
15:07:08 : Group: Gandy: can u give me
15:07:14 : Group: Joshuaa: we leave bike here and scout balota
15:07:15 : Group: Gandy: cos i havent eaten in a while
15:07:37 : Group: Joshuaa: yeah of course
15:07:44 : Group: Gandy: why did you lock me :s
15:07:54 : Group: Joshuaa: lol sorry
15:07:57 : Group: Gandy: :D 
15:08:45 : Group: Joshuaa: backpack
15:08:55 : Group: Gandy: thanks
15:09:19 : Group: Joshuaa: lets go, we need to look sof rplayers 1st tho
15:10:52 : Group: Joshuaa: look for zombies aswell
15:11:00 : Group: Gandy: none
15:12:50 : Group: Joshuaa: look for snipers in towers as well
15:13:18 : Group: Joshuaa: its probs best to head this way
15:15:30 : Group: Joshuaa: barrcks
15:16:29 : Group: Joshuaa: take anything with value
15:16:58 : Group: Gandy: thats it
15:17:18 : Group: Joshuaa: fire station then hospital
15:18:03 : Group: Gandy: im full
15:19:02 : Group: Gandy: wanna head back
15:19:07 : Group: Gandy: have you got much space
15:19:19 : Group: Joshuaa: i need bloodbags
15:19:26 : Group: Gandy: i have 1
15:19:35 : Group: Joshuaa: need more than 1 to survive haha
15:19:59 : Group: Gandy: need trasfuse?
15:20:04 : Group: Joshuaa: nah im good
15:20:30 : Group: Joshuaa: nothing, lets go back to bike
15:20:43 : Group: Joshuaa: tents
15:21:04 : Group: Gandy: weap in there
15:21:06 : Group: Gandy: take it
15:25:13 : Group: Joshuaa: my scroll wheel has broke wtf
15:25:23 : Group: Gandy: how much hp u have
15:25:29 : Group: Joshuaa: 10k im good
15:25:50 : Group: Joshuaa: wtf
15:26:02 : Group: Joshuaa: ill log out and in 2 mins
15:26:11 : Group: Gandy: kk
15:27:27 : Group: Gandy: u have one more drink
15:27:33 : Group: Gandy: i think i wont ake it to stary
15:29:43 : Group: Gandy: done
15:29:45 : Group: Gandy: gogo
15:29:56 : Group: Gandy: im completely full though
15:30:01 : Group: Gandy: next one is for you
15:30:09 : Group: Gandy: if you have slots
15:30:35 : Group: Gandy: it gave 6 steaks
15:30:41 : Group: Joshuaa: wow
15:30:44 : Group: Gandy: i don know how much they cost
15:30:54 : Group: Gandy: but i assume its more than 10 gold total
15:31:07 : Group: Gandy: slotwise, this is very good
15:31:18 : Group: Gandy: you cant find a pistol that is worth the same
15:31:23 : Group: Gandy: and the space is the same
15:31:24 : Group: Joshuaa: shittt
15:31:33 : Group: Joshuaa: fuck
15:31:40 : Group: Gandy: broke it?
15:31:54 : Group: Joshuaa: its fucked, i was looking at map...
15:32:41 : Group: Gandy: have u got a bike
15:32:43 : Group: Gandy: ?
15:33:12 : Group: Joshuaa: yeah
15:33:17 : Group: Gandy: gogo then
15:33:20 : Group: Gandy: lets do it before res
15:33:31 : Group: Joshuaa: ok 2 mins
15:35:16 : Group: Joshuaa: oh ffs
15:35:25 : Group: Gandy: broke it?
15:35:27 : Group: Gandy: :D
15:35:30 : Group: Joshuaa: you broke my bike haha
15:35:40 : Group: Gandy: did u get the loot in the moto though
15:35:41 : Group: Gandy: ?
15:35:49 : Group: Joshuaa: nothing in bie was there?
15:35:55 : Group: Gandy: i left things
15:35:59 : Group: Joshuaa: shit
15:36:01 : Group: Gandy: when i gt for the cow
15:36:11 : Group: Gandy: i dont have space
15:36:25 : Group: Joshuaa: ill gp get it
15:36:29 : Group: Gandy: shall i wait you
15:36:30 : Group: Gandy: ?
15:36:38 : Group: Joshuaa: yeah loads of zombies
15:37:48 : Group: Gandy: done?
15:37:52 : Group: Joshuaa: yeah
15:38:04 : Group: Gandy: go on a straight line
15:38:08 : Group: Gandy: ill go the road
15:44:34 : Group: Gandy: im there
15:44:59 : Group: Joshuaa: 100m out
15:45:02 : Group: Joshuaa: 1000
15:45:51 : Group: Joshuaa: we need a base
15:46:05 : Group: Gandy: true
15:46:13 : Group: Joshuaa: you know the barns?
15:46:28 : Group: Gandy: yes
15:46:34 : Group: Gandy: just 
15:46:35 : Group: Gandy: btw
15:46:43 : Group: Gandy: one beefsteak costs 5 gold
15:46:46 : Group: Gandy: i have 6 on me
15:46:52 : Group: Joshuaa: damn nice man
15:47:03 : Group: Gandy: cows are waling goldmines
15:47:05 : Group: Gandy: :D
15:47:12 : Group: Joshuaa: we could build a base in a barn
15:47:22 : Group: Gandy: mhm
15:47:37 : Group: Gandy: i have money for plot pole in me
15:47:38 : Group: Gandy: :D
15:48:53 : Group: Joshuaa: ones of these barns where i am
15:49:09 : Group: Joshuaa: walls on both the entrances and a door on one side
15:50:13 : Group: Joshuaa: goat meat is 2 gold each
15:50:19 : Group: Gandy: not bad
15:50:24 : Group: Gandy: not a cow, but still
15:51:07 : Group: Joshuaa: we could do a base in this type of barn?
15:51:18 : Group: Gandy: yes, i like them
15:51:30 : Group: Joshuaa: wouldn/t cost very mich either
15:52:15 : Group: Joshuaa: we'd only need to walls, a door, combination lock and a plot pokle
15:52:27 : Group: Joshuaa: two
15:52:32 : Group: Gandy: and we can craft some stuff
15:54:05 : Group: Joshuaa: ill have a look how much walls are and stuff
15:54:37 : Group: Joshuaa: 1 10 oz for wood wall
15:55:06 : Group: Joshuaa: restart in 2 mins
15:55:18 : Group: Gandy: i wont log back
15:55:21 : Group: Gandy: ee you around
15:55:27 : Group: Gandy: maybe tonight
15:55:28 : Group: Joshuaa: you back on later?
15:55:43 : Group: Joshuaa: ok man
16:56:00 : Group: ICEE: ICEE Commisar
17:09:11 : Group: LWB [SD]: bloody russians
17:10:21 : Group: Sierra [SD]: who was it?
17:10:40 : Group: LWB [SD]: those two.. russian mafiaand icee
17:10:50 : Group: Sierra [SD]: did you delete their vehicle?
17:10:54 : Group: LWB [SD]: yeah
17:11:02 : Group: Sierra [SD]: serves them right
17:11:14 : Group: LWB [SD]: Well I warned them
17:11:24 : Group: Sierra [SD]: yeah i saw
17:11:47 : Group: Sierra [SD]: were they ramming other vehicles or just people?
17:11:55 : Group: LWB [SD]: into an suv
17:12:10 : Group: Sierra [SD]: mmmm - its always the russians
17:12:18 : Group: LWB [SD]: yep
17:20:06 : Group: Sierra [SD]: food is coming
17:20:12 : Group: LWB [SD]: okies
17:22:15 : Group: Sierra [SD]: he was just firing at a player in bash
17:22:38 : Group: LWB [SD]: he dropped his backpack in there i think and someone else took it or opened it
17:26:49 : Group: Sierra [SD]: food nearly here
17:26:55 : Group: LWB [SD]: yay
17:28:36 : Group: Sierra [SD]: geforce is annoying me - keeps saying i am trying to record desktop
17:30:37 : Group: LWB [SD]: FOOOOOOOOOD
17:36:29 : Group: PRISMIC: .
17:51:42 : Group: Joshuaa: squad goals
17:52:28 : Group: Joshuaa: say that again man? helicopter is loud 
17:52:37 : Group: matsa: press f1
17:52:43 : Group: Joshuaa: done
17:53:08 : Group: matsa: WHERE YOU FROM?
17:53:09 : Group: Joshuaa: im from england, where you guys from?
17:53:19 : Group: Joshuaa: ah sweet
17:53:29 : Group: matsa: sorry caps lock
17:53:43 : Group: Kev: hau mich mal in den plot mit rein
17:53:50 : Group: Joshuaa: ypu got a base?
17:53:56 : Group: matsa: ye
17:54:02 : Group: Legend: bist
17:54:18 : Group: Joshuaa: showing off ;-)
17:54:33 : Group: matsa: :D
17:55:00 : Group: matsa: dont take gear now
17:55:12 : Group: Joshuaa: i wont man dont worry
17:55:23 : Group: Joshuaa: 17
17:55:31 : Group: svvay: same here
17:56:28 : Group: matsa: take if you want :D
17:56:49 : Group: Joshuaa: got some ammo
17:57:03 : Group: svvay: there are some dead guys further down
17:57:05 : Group: svvay: the hill
17:57:10 : Group: svvay: they have some decent gear for ya
17:57:37 : Group: Joshuaa: im full i think
17:57:40 : Group: matsa: aight loot
17:57:45 : Group: matsa: ok
17:58:21 : Group: Joshuaa: nothing
17:58:42 : Group: Joshuaa: tents down there
17:59:07 : Group: Joshuaa: we gonna check it out?
17:59:32 : Group: Joshuaa: wtf
18:00:16 : Group: Joshuaa: potatoes wtf
18:00:26 : Group: matsa: Xd
18:01:26 : Group: Joshuaa: never seen that before
18:03:31 : Group: matsa: where did we die?
18:03:38 : Group: Joshuaa: no idea man
18:03:49 : Group: Joshuaa: oh i see it 
18:03:58 : Group: Joshuaa: im 9000m away
18:04:46 : Group: matsa: sorry for that 
18:04:49 : Group: matsa: ...
18:04:54 : Group: Joshuaa: its fine haha
18:06:38 : Group: Joshuaa: gotta get body before restart
18:06:57 : Group: matsa: im 6k away and my bike broke
18:12:23 : Group: Joshuaa: almost there
18:12:47 : Group: svvay: josh
18:12:50 : Group: svvay: wanna join discord with us?
18:13:15 : Group: Joshuaa: yeah, ill do it on the restart
18:17:37 : Group: Joshuaa: i cant loot my body wtf
18:17:41 : Group: svvay: XD
18:19:27 : Group: matsa: atleast i have a bike now :P
18:20:21 : Group: Joshuaa: you got more helis?
18:20:25 : Group: svvay: two
18:20:30 : Group: svvay: kinda four
18:20:35 : Group: matsa: can't get on my bike
18:21:20 : Group: Joshuaa: yeah
18:22:32 : Group: Joshuaa: ill join back after restart
18:22:40 : Group: svvay: ait bru
18:32:41 : Group: Joshuaa: you guys on discord?
18:36:16 : Group: Joshuaa: WHERE WE HEADING?
18:43:24 : Group: matsa: 2x doors xD
18:43:45 : Group: Joshuaa: very nice base
18:44:05 : Group: matsa: ty
18:44:31 : Group: matsa: you can use the shed for storage till now til you get a safe
18:44:40 : Group: Joshuaa: thanks guys
18:44:59 : Group: Joshuaa: can i out anything in there?
18:45:01 : Group: Joshuaa: put
18:45:04 : Group: matsa: ye
18:46:56 : Group: matsa: we added you to the door
18:47:01 : Group: Joshuaa: thanks
18:47:12 : Group: matsa: lol
18:49:42 : Group: Joshuaa: where we heading?
18:50:00 : Group: matsa: to the others
18:50:08 : Group: matsa: if you wanna
18:50:11 : Group: Joshuaa: ok
18:51:46 : Group: matsa: he died i think
18:52:26 : Group: matsa: lol
18:53:26 : Group: Joshuaa: another base?
18:53:33 : Group: svvay: yep
18:53:38 : Group: Joshuaa: wow
18:53:41 : Group: svvay: xddx
18:53:54 : Group: matsa: added you to that door btw
18:54:26 : Group: Joshuaa: i can get it
18:55:39 : Group: Joshuaa: Im called Joshuaa on discord btw
18:55:41 : Group: matsa: you dont need to join, only if you want to tho :)
18:55:48 : Group: Phaetta: https://discord.gg/k84TV
18:56:05 : Group: Joshuaa: ill join now
18:56:26 : Group: matsa: you have steam?
18:57:14 : Group: Joshuaa: said invite expired
18:57:40 : Group: Phaetta: https://discord.gg/WqF2ZH8
19:06:16 : Group: Phaetta: /votenight
19:06:25 : Group: Phaetta: /vote night
19:06:26 : Group: svvay: votenightw
19:06:29 : Group: svvay: !votenight
19:06:31 : Group: svvay: votenight
19:17:17 : Group: svvay: /vote night
19:24:52 : Group: svvay: josh?
19:24:54 : Group: svvay: got antibiotics
19:27:06 : Group: matsa: E CRUEL WORLD
19:27:14 : Group: svvay: wat
20:30:54 : Group: Joshuaa: did you see where they were?
20:31:04 : Group: Phaetta: Nop
20:31:52 : Group: Joshuaa: what you wanna do?
20:32:02 : Group: Phaetta: idk, what about you?
20:32:50 : Group: Joshuaa: i say we get out of here, but they could be anywhere now
20:47:34 : Group: Phaetta: ye sure
22:14:58 : Group: Turmoil: invite marco? 
22:15:20 : Group: Marco: hiya fellas
22:15:45 : Group: Sir LongSleeves: marco we got a base we gonna build above you guys, top of the hill
22:15:59 : Group: Marco: cool :)
22:16:05 : Group: Marco: that's nice
22:16:23 : Group: Sir LongSleeves: got a perfect overwatch sniping position for you guys
22:16:53 : Group: Marco: yep, it's also the spot we're shooting missions from if they spawn near the dam. :)
22:21:41 : Group: [RussianMafia]JeRaX: /votenight
22:34:44 : Group: Turmoil: should really place out some camo nettings in the trees to cover those veichles ^^ 
22:35:05 : Group: ReaperZA: indeed
22:35:18 : Group: ReaperZA: where would one buy such item
22:35:38 : Group: Turmoil: do a Ikea mission, easiest way... not sure where you can buy
22:35:51 : Group: Turmoil: im guessing if you can buy em, the building suply trader
22:36:13 : Group: ReaperZA: mmmkay
22:40:36 : Group: Turmoil: anyone going to the trader? 
22:43:01 : Group: Turmoil: where you going shortbottoms?
22:47:20 : Group: Turmoil: prismic
22:50:37 : Group: Turmoil: would you mind giving me a lift to Klen? :)
22:50:43 : Group: PRISMIC: YH
22:51:36 : Group: PRISMIC: WHERE ?
22:51:42 : Group: Turmoil: Klen trader please :)
22:51:53 : Group: Turmoil: need to buy a car
22:53:44 : Group: Turmoil: thank you :)
22:53:57 : Group: Turmoil: that looks broken xD
