02:32:32 : Side: nutzer: guyyys
02:32:47 : Side: nutzer: what are you doin?
04:39:36 : Side: 2DIE4:  when there is like no one on the server ppl usually dont shoot each other 
04:39:39 : Side: 2DIE4:  =) 
05:35:38 : Side: HeddleZz: how do i swith to 3rd person
05:36:03 : Side: 2DIE4: i got in on enter (numpad)
05:36:32 : Side: HeddleZz: ty got it now
05:36:43 : Side: 2DIE4:  aight
06:05:33 : Side: HeddleZz: any1 in elektro@
11:15:53 : Side: 72rus: русские есть ?
11:16:07 : Side: Christmas: english in side only 
11:16:10 : Side: данил228: ДА
11:16:14 : Side: Christmas: 1 of the rules
11:16:24 : Side: 72rus: го вместе ??
11:16:42 : Side: Turmoil: ....
11:27:37 : Side: 72rus: о дарова
11:27:43 : Side: Turmoil: english....
11:28:03 : Side: Christmas: if you press M it takes you to the rules on the map 
11:28:07 : Side: Christmas: follow them 
11:28:12 : Side: 72rus: спс
11:28:19 : Side: данил228: ПРИВЕТ
11:28:33 : Side: Turmoil: omg... 
11:28:39 : Side: 72rus: го куда нибудь ?
11:28:49 : Side: данил228: ГО
11:28:53 : Side: Christmas: ENGLISH ONLY in side
11:29:16 : Side: [2ez]Zeus: cmon mate read the fucking rules
11:31:27 : Side: 72rus: пля топор нужен ?
11:31:47 : Side: 72rus: да
11:31:50 : Side: Christmas: i wish admin was around to kick them 
11:31:52 : Side: Turmoil: whats so hard to understand about ENGLISH ONLY in sidechat guys? 
11:32:22 : Side: [2ez]Zeus: maybe they canno speak english... or maybe they are dumb
11:32:43 : Side: Patrick: just report it to the admin when he is online
11:32:57 : Side: Christmas: well have to do that
11:34:33 : Side: 72rus: ты умееш строить тут ?
11:34:51 : Side: Christmas: use direct
11:35:04 : Side: Turmoil: finally :D
11:35:11 : Side: Christmas: there is a god :D
12:12:10 : Side: hitrec: 1.0.6 is better )
12:12:39 : Side: Christmas: ^ its so good all the new little features too 
12:13:10 : Side: [2ez]Zeus: gameplay is the same but the new feature are good indeed
12:13:40 : Side: Christmas: helis run out of fuel faster which i like personally
12:13:48 : Side: [2ez]Zeus: love the 2 weapon thing
12:14:02 : Side: Christmas: same you cant roll the mouse wheel for it tho
12:14:59 : Side: [2ez]Zeus: yeah.. but i hope in some fix soon
12:15:26 : Side: Christmas: same did you notice that fuel tanks near barns and that have a limit now
12:15:53 : Side: [2ez]Zeus: really did not noticed it
12:16:12 : Side: [2ez]Zeus: hey admin.... happy new year
12:16:19 : Side: [2ez]Zeus: :P
12:16:23 : Side: Christmas: yeah and the attatchment system is the bomb
12:29:08 : Side: hitrec: server realtime or only day?
12:29:12 : Side: Christmas: day only
13:23:47 : Side: Headshot: frendly at belota?
13:58:58 : Side: Val: sorry didn't realise that was you - guarding your body until you get back
13:59:09 : Side: Ola: thought you were ai :/
14:02:21 : Side: Turmoil: oLA :D
14:02:35 : Side: Ola: sorry :( Thought you were ai
14:02:37 : Side: Val: yeah i didnt realise it was you sorry
14:02:48 : Side: Val: i didnt think it was ai though lol
14:03:13 : Side: Val: I'm still guarding your body :D
14:03:25 : Side: Turmoil: you still there?
14:03:45 : Side: Turmoil: strifer is also friendly :)
14:03:50 : Side: Val: yeah - its ok I wont shoot you just making sure no one grabs your gear
14:03:59 : Side: Ola: Im running away
14:06:12 : Side: Turmoil: i hate bikes
14:06:34 : Side: Val: was having this conversation with Ola a min ago. Oh :(
14:07:28 : Side: Turmoil: oooooooh snap
14:07:42 : Side: Ola: was that here or somewhere else?
14:07:50 : Side: Turmoil: yeah
14:08:19 : Side: Val: I'm still by your body atm are you here Strifer because I can hear zombies
14:08:36 : Side: Val: dont want to shoot you by accident
14:09:49 : Side: Turmoil: im coming there now... hes coming up towards you Val
14:09:58 : Side: Val: ok cool
14:10:16 : Side: [NG2] Strifer: im with turmoil btw
14:10:23 : Side: Val: yeah :)
14:11:16 : Side: Val: you got eyes on Turmoil's body Strifer?
14:11:27 : Side: [NG2] Strifer: not yet
14:11:45 : Side: Val: ok - let me know when you guys are ready and I will leave
14:12:13 : Side: Turmoil: friendlies
14:12:30 : Side: Turmoil: hes killing zombie
14:12:33 : Side: Turmoil: strifer
14:13:02 : Side: Turmoil: oh zombie
14:13:31 : Side: Turmoil: thanks man and see ya <3
14:13:50 : Side: Val: :D
14:20:14 : Side: Turmoil: omg use TS!
14:59:50 : Side: Ola: lol, what a shot!?
15:03:57 : Side: SHELBY: xui
15:04:46 : Side: SHELBY: cyka
15:05:58 : Side: Seven937: Putin Vodka
15:06:19 : Side: Nevy: ooooo da
15:06:38 : Side: Seven937: lol)))
15:06:53 : Side: SHELBY: xui
15:06:56 : Side: SHELBY: bleat
15:07:01 : Side: SHELBY: idi naxui
15:07:12 : Side: hitrec: lol
15:07:24 : Side: Nevy: ahahahah
15:36:00 : Side: RuSSia72: есть кто русский?
15:36:12 : Side: Nevy: net
15:36:13 : Side: BaffledBambi: english only in side
15:36:14 : Side: SHELBY: нет
15:36:36 : Side: 72rus: да
15:36:52 : Side: BaffledBambi: any admins around?
15:37:01 : Side: RuSSia72: подскажите где столб на 30 м купить для стройки или где взять
15:37:16 : Side: SHELBY: у мамки моей
15:37:22 : Side: Seven937: Slava Kievskoi Rusi!!
15:37:23 : Side: 72rus: в талчке
15:37:56 : Side: RuSSia72: смотрю одни одекваты
15:38:05 : Side: SHELBY: sasi
15:38:24 : Side: BaffledBambi: do you see all chats or just side?
15:38:38 : Side: Rodgers: just side
15:38:40 : Side: Nevy: в чате можно писать только по английски
15:38:48 : Side: Rodgers: unless you're near someone, then direct
15:38:56 : Side: Seven937: lol))
15:38:58 : Side: nutzer: maybe they dont understand what "only english in side chat" means
15:39:03 : Side: BaffledBambi: really wanted to talk without broadcasting to all lol
15:39:11 : Side: nutzer: someone should translate it into russian :D
15:39:16 : Side: Rodgers: who are you trying to talk to
15:39:21 : Side: BaffledBambi: admin
15:39:46 : Side: Rodgers: there ya go
15:39:48 : Side: BaffledBambi: never thought of that lol
15:41:39 : Side: SHELBY: pls miss
15:45:36 : Side: BaffledBambi: whats the ts ip?
15:45:40 : Side: BaffledBambi: cant fiund it
15:45:45 : Side: BaffledBambi: find*
15:46:06 : Side: Val: on the map
15:46:16 : Side: BaffledBambi: ty knew id seen it
15:46:19 : Side: Rodgers: press esc
15:46:20 : Side: Val: xD
15:47:42 : Side: BaffledBambi: im in TS when you get a mo LWB :)
16:16:30 : Side: nutzer: so Sir Heinz just stole and sold a vehicle in the safe zone
16:16:45 : Side: nutzer: and then logged off
16:16:48 : Side: nutzer: in the safe zone
16:16:48 : Side: Christmas: you are aloud 
16:16:58 : Side: Christmas: its your responsiblity 
16:17:02 : Side: nutzer: its allowed?
16:17:04 : Side: nutzer: wow ok
16:17:09 : Side: nutzer: didnt know that
16:17:10 : Side: nutzer: thx 
16:17:22 : Side: Christmas: press m for the rules
16:25:55 : Side: Progger: Thanks
16:26:11 : Side: Progger: you are very Nice man
16:26:21 : Side: Ragnar Lodbrok: YES YES I KNOW
16:30:30 : Side: Progger: you realy Best man in this area
16:54:10 : Side: BaffledBambi: quick Q LWB......
16:54:21 : Side: BaffledBambi: bandits cannot buy building supplies?
16:54:41 : Side: BaffledBambi: i couldnt at klen
16:54:56 : Side: BaffledBambi: said my humanity was too low
16:55:03 : Side: Fernando: mates, the camp tent could dissaper in resets?
16:55:05 : Side: LWB [SD]: only in klen
16:55:12 : Side: BaffledBambi: ahh typical lol
16:55:14 : Side: nutzer: how much humanity for hero trader?
16:55:16 : Side: BaffledBambi: ok ty
16:55:20 : Side: LWB [SD]: 5000
16:55:21 : Side: Christmas: no they dont 
16:55:23 : Side: nutzer: thx
16:55:54 : Side: Fernando: could dissaper by anything? or only stealed?
16:56:03 : Side: Christmas: yeah 
16:56:29 : Side: Fernando: really thx mates :D
17:21:48 : Side: Bublik: in trader city stary
17:22:04 : Side: Bublik: there is a volga
17:22:15 : Side: Bublik: with key
17:22:23 : Side: Bublik: and 15 briefs in it
17:22:33 : Side: Christmas: sure
17:22:44 : Side: Bublik: you take it&
17:22:52 : Side: Bublik: ?
17:23:13 : Side: Bublik: if you want take it
17:24:55 : Side: Bublik: is someone in stary?
18:34:22 : Side: Marco: damn son
18:51:35 : Side: Marco: Ola, Val, heard you guys did a rescue on my friends earlier today. That was an awesome thing to do. :)
18:51:55 : Side: Ola: wasnt really a rescue lol, we shot trhwm by acciddent
18:52:08 : Side: Ola: then stayed to protect thier stuff
18:52:11 : Side: Val: Oh thanks - it was my fault in the 1st place though i accidently shot him. I just hung around to keep his body safe
18:52:35 : Side: Marco: Well, I guess that counts for something ;p
18:53:08 : Side: Turmoil: hey guys :)
18:53:15 : Side: Val: He's a nice guy - hiya :)
18:54:41 : Side: Marco: Turmoil and I had to crawl back to our helo from an AI mission after both our legs got shot up. About one KM. xD
18:55:05 : Side: Val: lol :D been there before!
18:55:51 : Side: Marco: them feels
18:56:57 : Side: Val: xD
19:27:38 : Side: Marco: what's the easiest way to obtain tin bars for key duplication?
19:27:48 : Side: Ola: tin cans from food
19:27:48 : Side: Val: drinking
19:27:57 : Side: Val: and eating xD
19:28:06 : Side: Marco: ah, but can I melt them at a fire or something?
19:28:14 : Side: Val: yeah just light a fire
19:28:17 : Side: Ola: yeah, thinks it 5
19:28:41 : Side: Val: might just be food actually
19:28:59 : Side: Marco: thanks pal, I tried scrolling at the fire, but apparently it's just like crafting through the inventory.
19:29:10 : Side: Ola: nah just scroll at fire
19:29:13 : Side: Ola: I did it yesterday
19:29:17 : Side: Val: need matches and then scroll at the fire
19:29:38 : Side: Marco: ok, I did not get the option, but I only had one can.
19:29:57 : Side: Ola: yeah its 3 or 5
19:29:57 : Side: Marco: through the inventory it says I had indeed to little and need 5.
19:36:22 : Side: Marco: ah, I discovered that soda cans actually yield Aluminium, so the tin food containers prolly give the Tin bars.
19:36:38 : Side: Ola: makes sense
19:36:47 : Side: Marco: But what's aluminium being used for then?
19:36:53 : Side: Ola: no idea
19:37:18 : Side: Turmoil: lets just put it this way, im neither hungry or thirsty anymore.....
19:37:26 : Side: Val: lol :D
20:54:43 : Side: Patrick: hi
20:54:52 : Side: Fernando: hi
20:54:57 : Side: Turmoil: hi sexy
20:55:03 : Side: Turmoil: well come over to your TS
20:55:09 : Side: Patrick: hello sexy
20:55:14 : Side: Patrick: okay
20:55:43 : Side: Patrick: i cant maximun players
20:56:01 : Side: Patrick: maximum
20:56:05 : Side: Marco: you can join ours
20:56:21 : Side: Marco: if you wanna
20:56:26 : Side: Turmoil: you happy again? <3
20:56:28 : Side: Patrick: can you inv to the group and send me it then?
20:56:36 : Side: Marco: yes
20:56:46 : Side: Patrick: not my fault my internet went dowm
20:57:10 : Side: Turmoil: oh
20:58:41 : Side: Turmoil: ill fix it
21:33:22 : Side: Marco: Guriwaka, you know you're on our death list now yeah?
21:39:01 : Side: Marco: wow, real ass move, hiding our bodies and destroying our car after already killing us.
21:39:12 : Side: Marco: next level jackass
21:43:28 : Side: Marco: wow, I discovered this special weapon on my heli when I was flying and hit Alt+F4!!
21:43:54 : Side: Wagner: i will give it a try
21:44:04 : Side: Wagner: what kind of weapon is it?
21:44:12 : Side: Marco: missiles
21:44:18 : Side: Wagner: Ahh ok nice
21:44:49 : Side: Wagner: hope mine got that too
21:45:23 : Side: Marco: i guess theres only one way to find out.
21:45:38 : Side: Turmoil: .....
21:45:42 : Side: Wagner: xD
21:45:54 : Side: Marco: :P
22:13:49 : Side: Wagner: nice that you need more than 1 to flip a vehicle... shitty bridges
22:14:19 : Side: Marco: need a hand? :P
22:14:40 : Side: Wagner: nah ^^ will try another way xD
22:14:51 : Side: Marco: cool :)
22:28:06 : Side: userpc: nice standoff there fellas had some good gear on me make sure to take it
22:42:56 : Side: Guriwaka: Marco, Marco...
22:51:05 : Side: Odlkanack: 2die4 baust du beim altar? :D
22:51:20 : Side: 2DIE4:  wie ?
22:51:37 : Side: Odlkanack: ne cinderbase?
22:51:39 : Side: 2DIE4:  und mon erstmal=)
22:51:45 : Side: 2DIE4: moin XD
22:51:50 : Side: 2DIE4:  bis gleich =) 
22:51:53 : Side: Odlkanack: hi
23:03:56 : Side: Odlkanack: huhu 
23:04:09 : Side: 2DIE4: =)
23:05:07 : Side: Odlkanack: hast du ein fundament für ne cinderbase gebautß
23:05:14 : Side: 2DIE4:  yap
23:05:24 : Side: Turmoil: english only in chat guys
23:05:34 : Side: 2DIE4: sry
23:05:36 : Side: Odlkanack: ok
23:05:50 : Side: Turmoil: admin insta kicks if he see :)
23:06:04 : Side: 2DIE4:  last one was cool with it  
23:06:40 : Side: Turmoil: alrighty, well, i he kicked 3 people earlier today, so tought i'd just say :)
23:14:38 : Side: Marco: *slow claps*
23:22:31 : Side: Jesse: DUde!! 
23:22:52 : Side: Jesse: dont be do that,.. 
23:23:43 : Side: Jesse: Zeus? , what are you doing? 
23:23:53 : Side: [2ez]Zeus: was you ?
23:24:06 : Side: [2ez]Zeus: u scare the shit out of me dude.... sorry
23:24:44 : Side: Jesse: thanks for the humantiy!! 
23:24:49 : Side: [2ez]Zeus: someone kill my chopper not so far from there and i was going to take back my shit
23:25:15 : Side: Jesse: oooh many you culd talk to me instend shootingh
23:25:44 : Side: Jesse: dont come to our base its to dangerus...
23:26:10 : Side: Jesse: i want to be a hero so dont do that again.. 
23:26:22 : Side: Jesse: i sa your heli crashing! 
23:26:23 : Side: [2ez]Zeus: nevermind pal... got to go now.. tomorrow i will wake up at 5 am
23:26:40 : Side: Jesse: plz leave the stuf over here, thanks
23:26:48 : Side: [2ez]Zeus: kk
23:27:00 : Side: Jesse: beter next time
23:27:20 : Side: Jesse: now i need to start over for me humity.. :(
23:53:33 : Side: nutzer: LOOOL
23:53:36 : Side: nutzer: n1
23:53:41 : Side: OdlBrodler: sweg
