00:40:02 : Group: Shadow-Hawk: HEREhhe
03:19:01 : Group: Han Solo: did you crash?
04:14:46 : Group: Phaetta: HEY
14:08:07 : Group: simon: anton?
14:08:12 : Group: Orange Ninja: ja
14:08:16 : Group: simon: skype?
14:08:20 : Group: Orange Ninja: ikke lige nu
14:08:24 : Group: simon: ok
15:11:13 : Group: PRISMIC: serra ??
16:22:42 : Group: PRISMIC: headshot join teamspeak ?
16:35:40 : Group: PRISMIC: headshot invite lesse
16:35:44 : Group: PRISMIC: jesse
16:35:56 : Group: PRISMIC: mr short bottmoms  invite  him aswell
16:36:18 : Group: Headshot: your the groupleader now ^^ 
16:36:27 : Group: Headshot: im bizzy bilding ma base
16:41:03 : Group: Headshot: there got dizzy for you guys
16:41:16 : Group: PRISMIC: gg dizzy
16:41:34 : Group: Headshot: nice
16:41:54 : Group: Headshot: how menny of them were there at stary ?
16:41:59 : Group: Headshot: dayz en his team
17:00:22 : Group: Turmoil: anyone got some food`? :O 
17:42:20 : Group: JeRaX: аааааааааа открой
17:48:40 : Group: Turmoil: HEADSHOT?
17:48:50 : Group: Headshot: yeah?
17:49:02 : Group: Turmoil: do you know wich rocks you can mine and wich you can't mine?
17:49:14 : Group: Turmoil: can you mine all rocks?
18:28:46 : Group: Turmoil: headshot?
18:28:53 : Group: Headshot: yeah
18:28:53 : Group: Turmoil: can you fly us to base?
18:29:00 : Group: Headshot: yup
18:29:16 : Group: Headshot: where to 
18:29:18 : Group: Turmoil: dam
18:29:23 : Group: Headshot: copy
18:30:19 : Group: [NG2] Jesse: do you know about mining? 
18:30:42 : Group: Turmoil: wasnt it fishing? 
18:30:45 : Group: [NG2] Jesse: we cant find some of the vine rocks.. 
18:30:55 : Group: Headshot: i do allot of missions thats my money machien 
18:31:31 : Group: Turmoil: i can only do bandit missions :D 
18:31:52 : Group: Turmoil: dont wanna mess up my humanity
18:32:50 : Group: Turmoil: we rode a motorbike down there.... those things are unstable and dangerous
18:33:26 : Group: Turmoil: thanks <3
18:33:34 : Group: Headshot: yw ^^ 
19:10:37 : Group: Headshot: yeah
19:34:52 : Group: simon: drenge?
19:35:01 : Group: Orange Ninja: hej
19:35:05 : Group: simon: skype?
19:35:27 : Group: Orange Ninja: ja
19:35:36 : Group: belfigamer: hej
19:40:51 : Group: MeGa_Koffiepot: oeps my controls sec there
19:41:31 : Group: PRISMIC: TERMOIL LOOK AT MAP !!
19:41:46 : Group: Sir LongSleeves: turmoil, bandit mission just below your base
19:41:56 : Group: Turmoil: yeah i see it... im just on becouse i forgot to lock my safe xD
19:42:12 : Group: Turmoil: gonna logg of again ^^ gonna get something to eat
19:42:35 : Group: Turmoil: cya <3
19:43:03 : Group: MeGa_Koffiepot: cya
21:48:11 : Group: [NG2] Jesse: headshot is that your base
21:48:19 : Group: Headshot: nope ^^
21:48:26 : Group: [NG2] Jesse: pff
21:48:40 : Group: [NG2] Jesse: beacause we stole a heli from there  ^^ 
21:49:00 : Group: Headshot: lol nice
21:49:16 : Group: [NG2] Jesse: just unlocked at the front
22:07:58 : Group: Headshot: how its going jess?
22:08:23 : Group: [NG2] Jesse: out of ammo ^^ 
22:08:50 : Group: Headshot: what gun?
22:09:09 : Group: [NG2] Jesse: i try to kill ai with pm now :P 
22:09:52 : Group: [NG2] Jesse: put i am fine, 1 ai left and no bullets .. :( 
22:11:26 : Group: Headshot: mission clear?
22:11:36 : Group: [NG2] Jesse: 1 ai
22:11:40 : Group: Headshot: copy
22:11:41 : Group: [NG2] Jesse: or more.. 
22:12:30 : Group: [NG2] Jesse: ty
22:13:04 : Group: Headshot: i got your back on dis one ^^ 
22:13:14 : Group: [NG2] Jesse: i was fighting to the outer side.. 
22:13:56 : Group: [NG2] Jesse: or the are more then 1 ^^ 
22:14:12 : Group: Headshot: hoooow shiit
22:14:20 : Group: Headshot: 50.call =o
22:14:25 : Group: Headshot: lol one left :p
22:14:39 : Group: Headshot: en were at 213 meters :p
22:14:51 : Group: Headshot: lol
22:15:01 : Group: Headshot: 50.call ai :o 
22:15:12 : Group: Headshot: 10 meters next to me bam bam :o 
22:15:34 : Group: [NG2] Jesse: dead? 
22:15:41 : Group: Headshot: nope
22:15:48 : Group: Headshot: i get your geer 
22:16:16 : Group: [NG2] Jesse: lets fall back.. 
22:16:27 : Group: [NG2] Jesse: to mozzie ? 
22:16:52 : Group: [NG2] Jesse: or you want to end mission?
22:17:05 : Group: Headshot: its your call z
22:17:26 : Group: Headshot: my hely is back at pusta somwherez
22:17:44 : Group: [NG2] Jesse: lets fall back ^^ 
22:18:25 : Group: [NG2] Jesse: 1.2k biking leftr
22:19:06 : Group: Headshot: lololol
22:20:12 : Group: Headshot: got your key's
22:20:23 : Group: [NG2] Jesse: thanks.. 
22:20:26 : Group: [NG2] Jesse: !! 
22:20:28 : Group: Headshot: oeps
22:20:33 : Group: [NG2] Jesse: your my hero
22:20:39 : Group: Headshot: fuelparts en moterposte
22:20:44 : Group: Headshot: nvm
22:20:46 : Group: Headshot: lol
22:21:17 : Group: Headshot: i got a sniper we can try
22:22:10 : Group: Headshot: its in q bqd spot .o
22:22:44 : Group: [NG2] Jesse: add nils headshot 
22:22:55 : Group: Headshot: aggain to clows hmm mb yess abbord
22:23:08 : Group: Headshot: player
22:23:30 : Group: Headshot: infrond
22:23:51 : Group: [NG2] Jesse: add nils with invite./. maybe he is
22:24:03 : Group: [NG2] Jesse: euuh :P 
22:24:13 : Group: Headshot: get cover
22:24:19 : Group: [NG2] Jesse: hahaha nvm
22:24:28 : Group: Headshot: here
22:26:19 : Group: Headshot: clows call :p
22:26:27 : Group: Headshot: qzq
22:26:59 : Group: Headshot: see the ia
22:27:54 : Group: [NG2] Jesse: you take shot .. 
22:27:55 : Group: Headshot: got em ,
22:27:57 : Group: [NG2] Jesse: beter gun
22:28:18 : Group: Headshot: lol lost em
22:28:25 : Group: Headshot: there
22:28:46 : Group: Headshot: down
22:30:15 : Group: Headshot: you wanne loot it ?
22:30:56 : Group: [NG2] Jesse: is it cleared? 
22:31:13 : Group: Headshot: yeah i see no movment
22:32:05 : Group: [NG2] Jesse: killed 1 more
22:32:25 : Group: Headshot: lol nic
22:32:50 : Group: [NG2] Jesse: i go for it? 
22:33:00 : Group: Headshot: i cover you
22:33:12 : Group: Headshot: yeah git a m107
22:33:56 : Group: Headshot: nice
22:34:04 : Group: Headshot: looking good
22:35:45 : Group: [NG2] Jesse: no room for more guns.. 
22:36:00 : Group: [NG2] Jesse: but nothing speacial also./.. :( 
22:36:52 : Group: Headshot: lets get out og here
22:37:48 : Group: Headshot: shots ?
22:38:08 : Group: [NG2] Jesse: i am not sure,.. but think so 
22:38:13 : Group: [NG2] Jesse: i go to my muzzie 
22:39:20 : Group: [NG2] Jesse: trouble? 
22:39:39 : Group: Headshot: im going to look what it is ^^ 
22:40:06 : Group: [NG2] Jesse: i followw
22:43:01 : Group: Headshot: hmm nvm
22:43:06 : Group: Headshot: to far
22:43:09 : Group: [NG2] Jesse: there are truck over here
22:43:23 : Group: Headshot: omw
22:43:58 : Group: [NG2] Jesse: found some m2 ammo :P 
22:44:11 : Group: Headshot: nice
22:44:30 : Group: [NG2] Jesse: you dind so this ?
22:44:42 : Group: Headshot: i got a heli nof so far en money lets rearm it en use it :)
22:44:52 : Group: Headshot: nope diddent see :p
22:45:03 : Group: [NG2] Jesse: yo can drive with this ^^ 
22:45:18 : Group: Headshot: sec getting a look on the map
22:45:36 : Group: Headshot: got it
22:45:49 : Group: Headshot: 4k
22:46:01 : Group: [NG2] Jesse: truck is locked
22:46:20 : Group: Headshot: nice 50 call :O
22:46:29 : Group: Headshot: what ammo ?
22:46:33 : Group: [NG2] Jesse: got ammo m2 
22:47:01 : Group: Headshot: down?
22:48:00 : Group: [NG2] Jesse: by wo?
22:48:17 : Group: Headshot: i pick u up i n a sec
22:49:28 : Group: [NG2] Jesse: who killed me? 
22:49:33 : Group: Headshot: jesse
22:49:57 : Group: [NG2] Jesse: ?
22:51:00 : Group: Headshot: olmowst at ma heli
22:51:47 : Group: [NG2] Jesse: keys are no importent .. so you know ^^ 
22:51:52 : Group: [NG2] Jesse: not
22:52:19 : Group: Sir LongSleeves: all the gear in my vodnik is
22:52:50 : Group: [NG2] Jesse: tss ... you need a safe man ^^ 
22:53:08 : Group: [NG2] Jesse: headshot think you left my body ?
22:55:52 : Group: Headshot: at the heli i gear u up at m a base
22:56:09 : Group: [NG2] Jesse: oke,.. 
23:02:21 : Group: [NG2] Jesse: the car.. :P 
23:02:42 : Group: Headshot: ^^
23:03:13 : Group: Headshot: 9k out
23:03:20 : Group: [NG2] Jesse: where we go ? 
23:03:28 : Group: Headshot: my base 
23:03:32 : Group: [NG2] Jesse: aah 
23:03:43 : Group: Headshot: park the car ^^ 
23:03:50 : Group: [NG2] Jesse: ;) 
23:04:25 : Group: Headshot: 5k
23:04:26 : Group: [NG2] Jesse: but who killed me>? 
23:04:53 : Group: Headshot: lol diddent se dammit ^^ 
23:05:03 : Group: [NG2] Jesse: :P
23:05:07 : Group: Headshot: only saw your name :<
23:05:26 : Group: [NG2] Jesse: lame
23:05:34 : Group: [NG2] Jesse: mozzie
23:06:01 : Group: [NG2] Jesse: so not importent
23:06:49 : Group: [NG2] Jesse: nice well build
23:07:48 : Group: [NG2] Jesse: you need to clean up men.. 
23:08:29 : Group: Headshot: lol yeah neet to clean lol
23:08:35 : Group: Headshot: here guns
23:08:55 : Group: Headshot: take 2 you like 
23:08:56 : Group: [NG2] Jesse: i dont need i guess .
23:09:37 : Group: [NG2] Jesse: i take also 1 gunback.. ? 
23:09:43 : Group: Headshot: yup
23:09:51 : Group: [NG2] Jesse: thanks men! 
23:49:32 : Group: Headshot: yup i saw it to :o
23:49:43 : Group: Headshot: that not long there 
23:49:46 : Group: Headshot: no ?
23:49:57 : Group: [NG2] Jesse: yea funny
23:50:20 : Group: [NG2] Jesse: damn forgot gps ..
23:51:12 : Group: [NG2] Jesse: do you fly with keyboard?
23:51:52 : Group: Headshot: :oeps
23:52:41 : Group: [NG2] Jesse: everthing oke! 
23:52:58 : Group: Headshot: sec
23:53:01 : Group: Headshot: nope
23:53:07 : Group: Headshot: hittit the car
23:53:10 : Group: Headshot: lol
23:53:17 : Group: Headshot: drive it down plz
23:53:43 : Group: [NG2] Jesse: who chopper is bouncing! 
23:53:46 : Group: Headshot: oeps
23:53:51 : Group: [NG2] Jesse: like crazy
23:53:58 : Group: Headshot: all down dammit
23:54:10 : Group: Headshot: here
23:54:23 : Group: [NG2] Jesse: he was bouncing like hell
23:54:58 : Group: Headshot: get some money
23:54:59 : Group: [NG2] Jesse: dindt touch min.. 
23:57:35 : Group: Headshot: car :p
23:57:42 : Group: Headshot: ple :)
23:58:36 : Group: Headshot: you can drive :p
