01:25:09 : Side: 2DIE4: luca
01:25:43 : Side: 2DIE4: Luca
01:25:55 : Side: Luca: yes?
01:26:03 : Side: 2DIE4:  ,r u doin th emission
01:26:24 : Side: Luca: nope
01:26:28 : Side: 2DIE4: we usually do not shoot other players when there is only 2 or 3 
01:26:35 : Side: 2DIE4:  just saying
01:26:52 : Side: Luca: you are bandit
01:27:01 : Side: 2DIE4:  i will not shoot anyway ...
01:27:17 : Side: Luca: of course XD
01:27:34 : Side: Luca: now i'm leaving
01:27:45 : Side: Luca: see you next time
01:27:52 : Side: Luca: bye
01:27:52 : Side: 2DIE4:  ok  mate 
01:27:57 : Side: 2DIE4:  gn8
07:57:05 : Side: Freedom: hello Mario.
07:57:23 : Side: Mario: hello
07:57:52 : Side: Freedom: im friendly and will be at missions just letting you know 
07:58:09 : Side: Freedom: your hero to right
07:58:49 : Side: Mario: i'm friendly to, herro also
07:58:59 : Side: Freedom: cool man
09:12:08 : Side: 2DIE4: AI PKP 74 m
09:12:45 : Side: Freedom: yeah i saw him i was fresh spawn got one with revolver not enough time for other
09:12:55 : Side: 2DIE4: ok  = )
09:13:01 : Side: Freedom: thanks you
10:03:42 : Side: SoomqaBlyet: good morning, 2die4
10:03:53 : Side: 2DIE4: HELLO=)
10:04:23 : Side: SoomqaBlyet: why so much players? xD
10:04:28 : Side: 2DIE4: u dunno =)
12:45:02 : Group: Turmoil: phoah
12:45:06 : Group: Turmoil: phone yeah
12:45:49 : Group: Turmoil: Therese
12:45:58 : Group: Turmoil: kiss kiss
13:03:45 : Group: Martin: faen.. nå kom de hjem... brb
13:04:56 : Group: Martin: orker ikke spille når de sitter å skravler her.. skal dere holde på en stund? 
13:05:40 : Group: Turmoil: probably yes
13:05:44 : Group: Martin: :D kan jeg logge ut her da?
13:06:07 : Group: [NG2] Jesse: yea sure
13:06:08 : Group: Turmoil: you can logg out there as well
13:06:29 : Group: Martin: awesome, I'll be back later then. Sorry to leave you guys, but you are big boys :D 
13:06:47 : Group: Turmoil: cya later sunshine <3
13:06:53 : Group: [NG2] Jesse: ^^ maybe next time we shoot AI
13:18:54 : Side: Turmoil: Hey JoElle, you hero or bandit?
13:19:20 : Side: JoElle: not sure yet 
13:19:31 : Side: Turmoil: alright
13:19:42 : Side: JoElle: just mainly joined in to see if i set it up right
13:19:59 : Side: Turmoil: me and Jesse are heroes at least, so we pose no danger unless you attack us ^^
13:20:35 : Side: JoElle: thats a good thing i problably wont go bandit
13:21:53 : Side: Turmoil: there are also some nasty bandits on here as well, but most of them are lone wolfs
13:22:35 : Side: JoElle: so long as i can see them first they shouldnt be much of a problem then
13:23:04 : Side: Turmoil: the biggest bandit, top 1 on bandits list is 2DIE4... he is also a good shoot and good at sneaking around ^^
13:32:34 : Group: PRISMIC: hello]
13:32:40 : Group: [NG2] Jesse: hihi lover
13:32:59 : Group: Turmoil: heya
13:40:26 : Group: Turmoil: what are you doing prissy?
13:44:17 : Group: PRISMIC: can we maybe  talk  on teamspeak ?
13:44:33 : Group: Turmoil: we are in chatrom 1 ^^
13:44:49 : Group: PRISMIC: copy
14:01:57 : Group: iHostiiX: Streichhölzer, Heliparts und Scrap metal, Fass, Treibstoff LKW
14:12:02 : Group: Turmoil: are you fapping Prismic?
15:02:49 : Side: -SDS-Ban: hello my firends
15:02:55 : Side: Turmoil: hey :)
15:02:58 : Side: Freedom: hello
15:03:30 : Side: [NG2] Jesse: hi
15:03:36 : Side: kemna: Hello my firend
15:04:08 : Side: Klumba: hi
15:07:03 : Group: iHostiiX: 966c
15:12:44 : Side: -SDS- Gowther: Thanks for the pink SUV guys :D
15:13:03 : Side: kemna: No probs
15:13:18 : Side: -SDS-Ban: i would allways hve an pink suv
15:13:19 : Side: Turmoil: lol, a presant from me and Jesse :)
15:13:35 : Side: -SDS- Gowther: .<3
15:13:43 : Side: -SDS-Ban: i love pink
15:13:59 : Side: -SDS- Gowther: We wished us a pink suv 
15:14:02 : Side: -SDS- Gowther: :)
15:14:31 : Side: Turmoil: haha ^^ :D we got it from a mission but we didnt want to take it whit us :D
15:15:22 : Side: -SDS- Gowther: Its very cute on the top of the base :3
15:15:39 : Side: Freedom: i just flew by and seen it looks good there
15:29:40 : Side: Laurence Gommersil: inv me
15:30:44 : Side: Laurence Gommersil: prismic inv me
15:33:09 : Group: PRISMIC: jacob u need pick up ?
15:33:25 : Group: Laurence Gommersil: no
15:34:33 : Group: Laurence Gommersil: i need my gear
15:34:55 : Group: PRISMIC: what geaR
15:35:05 : Group: Laurence Gommersil: the one u have
15:35:10 : Group: PRISMIC: ??
15:41:19 : Group: PRISMIC: wtttffff
15:41:24 : Group: Turmoil: what? 
15:41:30 : Group: PRISMIC: m107 ??
15:41:36 : Group: Turmoil: nope, something larger
15:41:45 : Group: Laurence Gommersil: as50?
15:41:52 : Group: Turmoil: Larger
15:42:07 : Group: Laurence Gommersil: anzio
15:42:10 : Group: Turmoil: yep
15:43:17 : Group: Turmoil: look at this then Prismic
15:43:23 : Group: PRISMIC: noooooooo]
15:44:15 : Group: Turmoil: good to have some defensive weapons ^^
15:44:48 : Group: PRISMIC: ofcorse !
15:48:36 : Group: PRISMIC: off to mission cya  xd
15:49:48 : Group: Freedom: alright waiting on jesse
15:50:01 : Group: PRISMIC: copy
16:09:04 : Side: SoomqaBlyet: fucking idiot 
16:09:10 : Side: SoomqaBlyet: I will rape you 
16:09:16 : Side: SoomqaBlyet: and your fucking family
16:09:24 : Side: -SDS- Gowther: :(
16:09:26 : Side: -SDS- Gowther: sry
16:09:27 : Side: kemna: Watch your language my firend
16:09:29 : Side: Laurence Gommersil: its just a game
16:09:33 : Side: SoomqaBlyet: fuck off
16:09:39 : Side: PRISMIC: lol
16:09:49 : Side: PRISMIC: someones  up set
16:09:49 : Direct: Roma: omg whats wrong with people
16:09:49 : Side: Laurence Gommersil: r.i.p homophobia
16:09:58 : Side: Roma: whats wron with people
16:10:02 : Side: Roma: only base camp
16:10:08 : Side: Roma: please suicide
16:10:20 : Side: Roma: hate this type of people
16:10:38 : Side: Peasant: I hate combat loggers, but heyho
16:10:42 : Side: -SDS- Gowther: deal with it
16:24:29 : Group: [NG2] Jesse: prismic? where rhe floors
16:25:08 : Group: PRISMIC: in the  safe ill  be  back at base in 5 mis  just  geting  vetul
16:25:16 : Group: PRISMIC: vtal
16:28:33 : Group: [NG2] Jesse: gonna make dinnenr now, so gonna be later tonight.. 
16:28:45 : Group: PRISMIC: okay
16:34:58 : Side: -SDS- Gowther: This was kinda unlucky -_-
16:35:04 : Side: Laurence Gommersil: xDDDDDD
16:36:25 : Side: -SDS- Gowther: who killed me?w
16:36:34 : Side: Dennis: ME
16:36:34 : Side: DeadlyTruth: laurence
16:38:59 : Side: Laurence Gommersil: sorry gowther i left ure loot didnt know it was u
16:39:08 : Side: -SDS- Gowther: ? lol
16:39:11 : Side: DeadlyTruth: any germans here who are willing to "recruit" me? started 3days ago with a friend but he already lost motivation to play ._.
16:39:27 : Side: -SDS- Gowther: u can play with me
16:39:29 : Side: Laurence Gommersil: what?
16:39:34 : Side: -SDS- Gowther: my mates are very inactive toow
16:39:46 : Side: -SDS- Gowther: Laurence i thought were enemys?
16:39:53 : Side: Laurence Gommersil: nah
16:40:07 : Side: Laurence Gommersil: were with turmoil and jesse
16:40:10 : Side: DeadlyTruth: are you german tho? I like talking to the people I play with and Im not that comfortable speaking english tbh :D
16:40:15 : Side: -SDS- Gowther: sure
16:40:33 : Side: -SDS- Gowther: F5
16:41:15 : Side: Dennis: SOMEONE IN CHERNOß
16:41:46 : Side: Dennis: IS SOMEONE IN CHERNO?
16:42:11 : Side: -SDS- Gowther: noone ever will go to chernow
16:42:18 : Group: DeadlyTruth: okay, haste nen teamspeak oder soll ich dir ne ip geben? :P
16:42:26 : Side: Dennis:  ^^
16:42:30 : Group: -SDS- Gowther: Bin aufm survival ts
16:42:36 : Group: DeadlyTruth: ah k, sekunde
16:42:41 : Group: -SDS- Gowther: yo
17:01:22 : Side: Dennis: IS ANYONE IN CHERNOGORSK?
17:02:02 : Side: kemna: He couldn't take that nobody was in cherno :(
17:02:18 : Side: Roma: he leave already)
17:33:19 : Side: -SDS- Gowther: Hehehehe
17:33:30 : Side: -SDS- Gowther: Feel bad for ken
17:36:09 : Side: Junkiii: deadlytruth?
17:36:40 : Group: -SDS- Gowther: Group
18:25:16 : Direct: Sebastian: hey guys
19:01:10 : Side: -SDS- Gowther: eyyy
19:01:15 : Side: -SDS- Gowther: :(
19:01:27 : Side: 2DIE4:  is he w u?
19:01:31 : Direct: Roma: eyyy
19:01:33 : Side: -SDS- Gowther: yes :D
19:01:44 : Side: 2DIE4:    well sry  =)  tell him hello   =)
19:01:54 : Side: -SDS- Gowther: komm ts :D
19:02:02 : Side: 2DIE4:  ok
19:02:13 : Group: SoomqaBlyet: u dunno
19:02:55 : Side: -SDS- Gowther: Du hast den mtvr kaputt gemacht ;(
19:15:38 : Side: Hillary Clinton: can u destroy cinder at this server?
19:15:49 : Side: Freedom: yes
19:16:07 : Side: Hillary Clinton: k, how long do u need to destroy a wall
19:16:31 : Side: Freedom: not sure alot im sure
19:16:44 : Side: Hillary Clinton: k, thx
19:27:22 : Side: Doriny: hi
19:27:29 : Side: Freedom: hello
19:27:32 : Side: Roma: Hello
19:27:43 : Side: Luca: hi
19:27:46 : Side: SoomqaBlyet: pidOr
19:27:52 : Side: -SDS-Ban: hai
19:28:04 : Side: Doriny: sam ti poidor
19:28:11 : Side: Doriny: dalban
19:28:23 : Side: SoomqaBlyet: eto detektor russkih
19:28:29 : Side: Doriny: )))
19:28:32 : Side: Doriny: ponel
19:28:32 : Side: SoomqaBlyet: spokistvie
19:28:35 : Side: Roma: proshel test
19:28:39 : Side: SoomqaBlyet: privet, drug
19:28:41 : Side: Roma: krasav4ik
19:28:45 : Side: Doriny: ky zemelea
19:28:53 : Side: Roma: This is inglish
19:29:03 : Side: Doriny: is sparta
19:29:19 : Side: 2DIE4:  i dont give a  f*ck   english only in side pls
19:29:54 : Side: Roma: no racism, but no english in side, its pity
19:30:22 : Side: Peasant: Its a UK server dude
19:30:24 : Side: 2DIE4:  englisjh only since more ppl speak english  than russian or any other jibberish
19:30:25 : Side: Peasant: deal with it
19:30:31 : Side: Doriny: UK
19:30:34 : Side: Roma: but rule is no racism(
19:30:46 : Side: Peasant: Its not racist
19:30:57 : Side: SoomqaBlyet: peasnt, you are idiot 
19:31:01 : Side: SoomqaBlyet: deal with it
19:31:02 : Side: Peasant: thx
19:31:25 : Side: -SDS- Gowther: Blyet no one ask about your opinion ... deal with it
19:31:49 : Side: SoomqaBlyet: you are smart boy
19:32:08 : Side: SoomqaBlyet: i like it
19:32:31 : Side: Doriny: vi na verte
19:32:42 : Side: SoomqaBlyet: no
19:32:58 : Side: SoomqaBlyet: we have tupoi jeep
19:33:30 : Side: Hillary Clinton: whats happend if you dont use your vehicle after 3 days
19:33:42 : Side: Freedom: it be gone
19:33:47 : Side: Hillary Clinton: oh, ok
19:33:55 : Side: Hillary Clinton: thats hard after 3 days
19:34:10 : Side: Freedom: cant just unlock and relock either must use it
19:35:23 : Side: Doriny: eu nu stiu engleza
19:35:39 : Side: Freedom: buh bye
19:37:08 : Side: Doriny: How much is being kicked.  I do not know English
19:37:15 : Side: Freedom: what happened to your guys pink suv
19:37:23 : Side: Peasant: Dont speak then lol
19:37:32 : Side: Doriny: google translate
19:37:37 : Side: SoomqaBlyet: oni are very tupie
19:37:48 : Side: SoomqaBlyet: do you ponimaesh?
19:37:49 : Side: Peasant: use group chat or ts, or stea,
19:37:55 : Side: Roma: we have slomali system
19:38:09 : Side: Doriny: you tuputus onius
19:40:31 : Side: Doriny: ].,
19:40:51 : Side: Doriny: ?
19:40:56 : Side: SoomqaBlyet: how are you moi drug?
19:41:30 : Side: SoomqaBlyet: pee door
19:41:42 : Side: SoomqaBlyet: this is russian
19:42:01 : Side: SoomqaBlyet: why I still on server?
19:42:22 : Side: Roma: LOOOOOL
19:42:26 : Side: Freedom: lmao
19:42:32 : Side: Roma: realy racism
19:42:56 : Side: Roma: ehm any reason?
19:42:59 : Side: 2DIE4:  thx LWB = ) 
19:43:05 : Side: Roma: omg
19:43:09 : Side: Hillary Clinton: lol
19:43:09 : Side: 2DIE4:   u  dont follow rules that simple
19:43:33 : Side: 2DIE4:  the simplest rules r to hard to follow 4 u knockleheads
19:43:36 : Side: Roma: he wrote this is russion and get banned, why
19:43:42 : Side: 2DIE4:  hey LWB... wuestion
19:43:48 : Side: Roma: word russian is not allowed?
19:43:52 : Side: 2DIE4:  NO
19:43:59 : Side: 2DIE4: =) 
19:44:04 : Side: 2DIE4:   question
19:44:21 : Side: 2DIE4: did u put RPGs on the loottable?
19:44:40 : Side: 2DIE4:    thats what i meant 
19:44:59 : Side: 2DIE4:   cuz i grabbed one  + ammo from the cold hands of an AI
19:45:12 : Side: Freedom: yup i have few as well
19:45:32 : Side: 2DIE4:  hey u new fellas .. if u really feel the need to speak russian ...
19:45:38 : Side: 2DIE4:  get on a russian server
19:45:50 : Side: 2DIE4:  or follow this server rules  thx
20:01:33 : Group: Peasant: :O
20:01:46 : Group: Digupherbones: I erm tried to pack a mozzie
20:02:03 : Group: Peasant: someoneelses?
20:02:15 : Group: Digupherbones: lol no i tried to spawn backpack
20:02:23 : Group: Peasant: ahh
20:02:26 : Group: Peasant: naughty!
20:02:30 : Group: Digupherbones: xD
20:12:41 : Group: Laurence Gommersil: /killme
20:12:58 : Side: Laurence Gommersil: yo 2die4
20:14:44 : Side: PRISMIC: i vote trump  !!
20:14:53 : Side: Laurence Gommersil: I vote hilary!!
20:15:01 : Side: -SDS-Ban: i kill bouth XD
20:15:02 : Side: -SDS- Gowther: I vote myself
20:15:09 : Side: PRISMIC: ha
20:15:41 : Side: Laurence Gommersil: i cant take this anymore!
20:15:54 : Group: Laurence Gommersil: GOOD BYE CRUEL WORLD
20:16:24 : Group: Peasant: what mission are ou at?
20:16:34 : Group: Digupherbones: bandits disabled m1 17
20:16:37 : Group: Peasant: ah
20:16:46 : Group: Digupherbones: did you see I killed one of the sds guys lol
20:16:50 : Group: Peasant: yes :D
20:16:57 : Group: Digupherbones: he tried to run upto the heli xD
20:17:08 : Group: Peasant: I shot 2die4 but he didnt die :(
20:17:36 : Group: Digupherbones: awww lol
20:17:43 : Group: Peasant: must have hax
20:17:53 : Group: Digupherbones: did you shoot him in the head?
20:18:04 : Group: Peasant: no arm ir leg I thjnk
20:18:08 : Group: Peasant: with m107
20:18:11 : Group: Digupherbones: ah ok
20:20:34 : Group: Peasant: loggin for restart xxx
20:27:31 : Group: Digupherbones: i am still hungry
20:27:37 : Group: Digupherbones: want the other pack of prawns lol
20:27:59 : Group: Peasant: :/
20:28:13 : Group: Digupherbones: dont know what is up with me lately
20:28:14 : Group: Laurence Gommersil: yo jesse
20:28:22 : Group: [NG2] Jesse: yo
20:28:23 : Group: Digupherbones: i really needed to finish that mission
20:28:27 : Group: Digupherbones: needed a backpack
20:28:37 : Group: Peasant: there will bemore
20:28:40 : Group: Digupherbones: yeah
20:28:53 : Group: Digupherbones: i got some humanity for killing whoever I killed
20:29:03 : Group: Digupherbones: I h ave done a mission with them before though
20:29:13 : Group: Digupherbones: but they were being cheeky and trying to nick my stuff
20:29:25 : Group: Peasant: they always camp missions
20:29:30 : Group: Digupherbones: yeah
20:29:38 : Group: Digupherbones: serves them right really
20:29:42 : Direct: Doriny: e baza cuiva
20:29:45 : Group: Digupherbones: they are nice to talk to though
20:29:59 : Group: Peasant: dont think they like me after yesterday
20:30:00 : Direct: Doriny: in regula e scris daca 4 zile nu folos masin o deschide
20:30:04 : Group: Digupherbones: oh?
20:30:23 : Group: Peasant: I killed one, then killed two more in a heli, which they crashed after I shot the gunner and pilot out
20:30:24 : Direct: Doriny: asteptam misia
20:30:31 : Group: Digupherbones: oh lol
20:30:39 : Group: Laurence Gommersil: ed..
20:30:41 : Group: Digupherbones: were they being annoying though?
20:30:43 : Group: Laurence Gommersil: join ts
20:30:52 : Group: Peasant: mission camping yea
20:31:02 : Group: Digupherbones: well their own fault then
20:31:11 : Direct: Doriny: in suvu sela sint 2 chenti mari de 60 lok
20:31:22 : Vehicle: picachy: stai sani eu 
20:31:43 : Group: Peasant: wanna go to ts?
20:31:55 : Group: Digupherbones: yeah ok 
20:32:07 : Group: Laurence Gommersil: join ts ed...
20:32:09 : Direct: picachy: stai plea
20:33:00 : Vehicle: picachy: am gasit si DMR in suv :D 
20:34:46 : Direct: Doriny: dicinaea
20:34:52 : Vehicle: picachy: ?
20:35:13 : Direct: Doriny: e linga noi
20:35:33 : Vehicle: picachy: api pe mine de akolo mo ushis dara botii atuncea :d 
20:36:23 : Direct: picachy: da sint boti aishea :d 
20:36:35 : Group: [NG2] Jesse: can you make a doorway
20:37:03 : Group: PRISMIC: I GOT ONWE
20:37:47 : Group: [NG2] Jesse: yep
20:38:29 : Group: Laurence Gommersil: is it gunna overhang this?
20:41:58 : Group: [NG2] Jesse: its done now.. you can add floors easy.. 
20:42:18 : Group: [NG2] Jesse: can make them need to buy it
20:42:23 : Group: [NG2] Jesse: cant!
20:42:48 : Vehicle: picachy: hai in starii
20:46:52 : Group: Laurence Gommersil: fuck
20:47:35 : Direct: picachy: aicea se vinde M110 
20:47:51 : Group: Doriny: tati granatile le vinzi cu 10 gold si granatile de la a4a1
20:48:05 : Group: PRISMIC: turmoil can i borrow  yourheli  ?
20:48:12 : Group: Doriny: da nu nafig
20:48:55 : Group: Doriny: 6 gild 1 mag la 110
20:48:55 : Group: PRISMIC: can i borrow your heli jesse or tumrmoil
20:49:07 : Group: PRISMIC: ill bring it back  in one peace
20:49:39 : Direct: picachy: am 160 gold :D 
20:49:45 : Group: Peasant: naughty tp to mission?
20:49:55 : Group: Digupherbones: yup! xD
20:50:38 : Group: Peasant: cant see it
20:50:42 : Group: Doriny: in suv ma este gold e si cumpara si vrei
20:54:22 : Group: Doriny: go
20:55:07 : Group: PRISMIC: nice shooting turmoil
20:55:38 : Group: Doriny: misiea
20:55:48 : Group: [NG2] Jesse: dude we do mission!@!!
20:55:55 : Group: Doriny: la plotina
20:56:18 : Vehicle: picachy: aga hai la platina
20:56:26 : Vehicle: picachy: inapoi
20:56:30 : Group: Peasant: someone coming
20:56:35 : Group: Digupherbones: yup
20:56:43 : Vehicle: picachy: sau dute pe unde shtii
20:57:15 : Vehicle: picachy: stinga
20:57:46 : Group: PRISMIC: turmoil im sorry please for give me darling !! baby dont  be upset
20:58:06 : Group: PRISMIC: owwwwwwwwwwwwccccccchhhhhhhhh
20:58:07 : Group: Turmoil: i forgive you <3
20:58:07 : Group: Laurence Gommersil: oh snap
20:58:27 : Group: Laurence Gommersil: shots fired
20:58:33 : Group: Laurence Gommersil: XD
20:58:54 : Group: PRISMIC: ill get u back
20:59:21 : Vehicle: picachy: la urmatoru povorot la stinga
20:59:36 : Group: Peasant: i see dude
20:59:41 : Vehicle: picachy: si amu 4ista inainte
20:59:43 : Group: Digupherbones: can shoot if you want
21:00:04 : Vehicle: picachy: gata o fakut misia
21:00:06 : Group: Peasant: missed
21:00:32 : Group: Laurence Gommersil: turmoil if theres scar mags can i get some or nah?
21:00:35 : Group: Doriny: go bereazino dupa misa
21:00:39 : Group: Laurence Gommersil: dm if not
21:00:54 : Group: [NG2] Jesse: go buy like us
21:00:58 : Group: Laurence Gommersil: ok
21:01:31 : Group: Turmoil: i love you prismic <3
21:01:43 : Group: [NG2] Jesse: me 2!@
21:01:48 : Group: Turmoil: tho i only wounded you, was jesse who killed you in my defence
21:01:56 : Vehicle: picachy: ia ibu tukma undei 
21:03:07 : Group: Turmoil: are you good at catching balls laurence?
21:03:18 : Group: [NG2] Jesse: you can take the loot from the mission,.. prismic
21:03:27 : Group: [NG2] Jesse: its save
21:03:32 : Group: Turmoil: i just took two rifles from the crate so everything else is yours if u want
21:04:44 : Group: [NG2] Jesse: never take the with bote its standing at my base for a raisen
21:05:06 : Group: PRISMIC: *boat
21:05:18 : Group: [NG2] Jesse: white boat 
21:06:32 : Vehicle: picachy: unde pl te doshi wai 
21:08:01 : Group: Peasant: naught!
21:08:04 : Group: Peasant: y
21:08:07 : Group: Digupherbones: lol]
21:08:50 : Vehicle: picachy: misie pe dreapta
21:09:00 : Vehicle: picachy: wai
21:09:05 : Vehicle: picachy: si pl esti kior
21:09:12 : Vehicle: picachy: misie pe dreapta zik ska
21:09:27 : Vehicle: Misa: ne ducem la vodnil
21:09:31 : Vehicle: Misa: k
21:10:35 : Vehicle: picachy: unde pl te doshi wai nahui nai mers tot inaite
21:10:45 : Vehicle: picachy: parka ai zis ca la vodnik ska
21:17:14 : Vehicle: picachy: pe gorka in drapta opreste
21:17:38 : Vehicle: picachy: opreste suka
21:23:48 : Vehicle: picachy: shi si pl sa fak ku dinsu nish nu pot sal vind :D 
21:24:14 : Vehicle: Misa: eu o sa ma catai cu dinsu
21:26:58 : Side: Turmoil: 2DIE4 :'/
21:27:23 : Side: 2DIE4: sry
21:27:28 : Side: Turmoil: you see me?
21:28:16 : Vehicle: picachy: este pulimiot ?
21:28:48 : Side: [NG2] Jesse: ^^
21:29:22 : Vehicle: picachy: hahahahahahha lol
21:29:38 : Side: Turmoil: i see u <3
21:29:49 : Side: 2DIE4: XD
21:31:13 : Side: [NG2] Jesse: i am going back to my body die2!
21:31:20 : Side: 2DIE4:  yap np
21:31:26 : Direct: picachy: si esti kon4enii?
21:31:40 : Direct: picachy: oaie plea
21:32:19 : Side: 2DIE4:  whos in survivor clothes?
21:32:26 : Side: Turmoil: where?
21:32:28 : Side: 2DIE4: SW of the mission?
21:32:44 : Side: Turmoil: none of us
21:34:54 : Side: [NG2] Jesse: its me!
21:35:05 : Side: 2DIE4:  at the ,ission?
21:35:14 : Side: [NG2] Jesse: at my body
21:35:21 : Side: 2DIE4:  someones at the mission
21:35:22 : Side: Freedom: lmao who put the pink suv at my place
21:36:00 : Direct: picachy: misha na vodniku
21:37:04 : Side: 2DIE4:  s u jesse?
21:37:09 : Side: [NG2] Jesse: merlin1
21:37:10 : Direct: picachy: am 170 de goluri : 
21:37:12 : Side: 2DIE4:  ok
21:37:12 : Group: Doriny: vitea e seif
21:37:20 : Side: 2DIE4:  someone at mission like i said
21:37:28 : Direct: picachy: ei fut da tu si nuti ei 
21:37:31 : Side: [NG2] Jesse: yep tur
21:37:37 : Direct: picachy: ca tu tot ai bani
21:37:43 : Group: Doriny: cumsa eu nam nika
21:37:58 : Side: 2DIE4:  ah ok
21:38:12 : Direct: picachy: ei fut shi asha ai vindut un suv plin ku arujii shi nu ai bani ,hai laso puli
21:38:32 : Side: Turmoil: that was an awesome mission, so many AI xD
21:40:59 : Side: Freedom: ohh shes real nice rides nice and smooth thanks
21:45:00 : Group: Doriny: HAI BLEA I DATA
21:45:17 : Group: Doriny: IN VODNIK IS 2 PULIMIOTAE VINDELE SI HADEM AL AMSISEA CONVOIAS
21:46:55 : Direct: Doriny: hai la convoi
21:47:40 : Direct: Doriny: dmr pot sa ti dau
21:47:50 : Direct: Doriny: cu 3 magazuri
21:48:45 : Group: Misa: amus 2 min
21:48:58 : Group: Doriny: witea o esit
21:49:06 : Group: Doriny: es si eu
22:05:57 : Side: Gunjack: hey 
22:06:03 : Side: Turmoil: hey
22:06:09 : Side: Digupherbones: hi
22:06:43 : Side: Gunjack: how do i change wiev distance
22:06:57 : Side: Turmoil: right click binos
22:07:05 : Side: Turmoil: in inventory
22:07:08 : Side: Gunjack: ty
22:07:12 : Side: Turmoil: your welcome :)
22:22:42 : Side: Gunjack: is there night in here
22:22:52 : Side: Turmoil: you can vote night
22:22:52 : Side: Freedom: only if voted
22:22:55 : Side: Turmoil: type /night
22:24:54 : Side: Gunjack: thank god i did find a nvgw
22:25:18 : Side: Peasant: lols
22:25:19 : Side: 2DIE4:  u kidding me?
22:25:21 : Side: -SDS- Gowther: Whats that?
22:25:24 : Side: Luca: wf
22:25:26 : Side: Turmoil: lol xD
22:25:27 : Side: Doriny: WTF??????
22:25:30 : Side: Luca: stop it please
22:25:40 : Side: Freedom: lol
22:25:41 : Side: Turmoil: voting must be glitched i presume
22:25:58 : Side: Pibe: :-O
22:26:33 : Side: Freedom: first time i have used night vision
22:26:38 : Side: Turmoil: same here xD
22:26:45 : Side: Peasant: I have none :(
22:26:55 : Side: Turmoil: i like night, so cozy
22:27:01 : Side: Gunjack: i found one in base camp
22:27:02 : Side: Freedom: same
22:27:20 : Side: Freedom: i stocked up on a few just for this reason
22:27:40 : Side: Turmoil: same here, i always have one in my gear xD
22:27:49 : Side: Freedom: yep
22:28:25 : Side: Turmoil: should be like 2x normal time, so two times dark two times light in 24H, would be cool ^^
22:28:43 : Side: Freedom: agree i like alittle night
22:32:28 : Side: Gunjack: what is ki
22:32:37 : Side: Peasant: ai in foriegn
22:32:37 : Side: Turmoil: its an ai
22:32:42 : Side: Gunjack: ok
22:32:46 : Side: Turmoil: or NPC
22:32:51 : Side: Turmoil: whatever you choose to call em ^^
22:34:36 : Side: Gunjack: lol i did take wrong spawn far away from trader 
22:40:05 : Side: Pibe: stoooooooooooop
22:40:11 : Side: 2DIE4: WTF
22:40:22 : Side: 2DIE4:  either or 
22:40:25 : Side: -SDS- Gowther: dafaq
22:40:28 : Side: Turmoil: the voting for night only lasts 15 mins
22:40:30 : Side: 2DIE4:   fucking stop pülaying with it
22:40:59 : Side: Turmoil: no ones playing with it, it lasts only 15 mins the night vote :)
22:41:18 : Side: 2DIE4:  well then it makes NO sense to vote at all
22:41:28 : Side: Turmoil: true
22:41:30 : Side: 2DIE4:  imagine this happens in a  firefight
22:44:04 : Side: Gunjack: dont shot
22:44:17 : Side: Gunjack: no reason to lose all 10min before restart
22:44:58 : Side: Turmoil: 12 players on, so it could be anyone shooting at u i guess :P
22:46:31 : Side: Peasant: that wsnasnt me :/
23:23:57 : Side: Ryan: why
23:25:11 : Side: Ryan: why did u kill me
23:25:35 : Side: Doriny: server pve&
23:25:38 : Side: Doriny: ?
23:25:50 : Side: Ryan: im hero though
23:25:56 : Side: Ryan: lvl 2
23:26:10 : Side: Doriny: 3000 hum 
23:26:23 : Side: Ryan: 11000
23:26:29 : Side: Ryan: almost 12000
