00:00:06 : Group: Freedom: the real money is in that loot the chain ammo
00:02:08 : Group: Freedom: they wont hurt you only on bike or car
00:02:21 : Group: Freedom: yeah
00:02:46 : Group: Freedom: here
00:03:05 : Group: Freedom: yup
00:03:16 : Group: Freedom: yuri here
00:03:44 : Group: Freedom: yep np
00:04:16 : Group: Freedom: it lets you duplicate your keys
00:04:26 : Group: Freedom: have to have iorn though too
00:04:45 : Group: Freedom: did you guys get the ammo
00:04:58 : Group: Freedom: are you selling or keeping
00:05:12 : Group: Freedom: talking the ammo out of crate
00:05:35 : Group: Freedom: its worth alot of money thats what i sold 
00:05:52 : Group: Freedom: prolly 7 brief cases fyi
00:05:53 : Side: 2DIE4: who r u in group with freedom?
00:07:03 : Side: Freedom: yuri and his buddy helping them
00:07:11 : Side: Freedom: whats up
00:07:19 : Side: 2DIE4: im out hunting  =)
00:07:48 : Side: Freedom: lol alrighty 
00:08:00 : Side: 2DIE4: ded he leave?   hahahahah
00:08:27 : Side: 2DIE4: someone just left   XD
00:08:38 : Side: Freedom: sell the ammo
00:08:49 : Side: Freedom: worth 7 briefs prolly
00:09:20 : Side: 2DIE4: have u done a mission close by my base? =) 
00:09:39 : Side: Freedom: yes leaving now
00:09:44 : Side: 2DIE4:  u lucky i didnt get the anzio out   =) 
00:09:47 : Side: YuRii26: ACCEPT INVITE
00:09:55 : Side: Freedom: haha  i was hurrying
00:12:04 : Group: Freedom: yes you can have it all
00:12:19 : Group: Freedom: your not super hero wont let you
00:12:40 : Group: Freedom: 4
00:13:08 : Group: Freedom: blue
00:14:08 : Group: Freedom: that all of it
00:14:29 : Group: Freedom: no
00:14:36 : Group: Freedom: nopr
00:14:55 : Group: Freedom: that ammo dont sell
00:15:10 : Group: Freedom: and the other ammo worth more the bigger rounds
00:15:20 : Group: Freedom: m134 cheap
00:15:48 : Group: Freedom: i have the push to talk off i always push it and get froze for 5 sec
00:16:40 : Group: Freedom: where to
00:17:03 : Group: Freedom: yeah
00:19:03 : Group: Freedom: yup
00:19:44 : Group: Freedom: have to get of for a bit after this i can drop you guys of where ever
00:20:16 : Group: Freedom: its fine ill wait
00:20:44 : Group: Freedom: ill take my m2 ammo back the one i had in here?
00:20:58 : Group: Freedom: i did it was in the heli gear
00:21:20 : Group: Freedom: no
00:23:43 : Group: Freedom: take attachment off
00:23:59 : Group: Freedom: have to be super hero
00:24:28 : Group: Freedom: the ones you find on ai you cant sell anywhere
00:25:45 : Group: Freedom: go into trader menu and click combine currency
00:25:52 : Group: Freedom: alot easier lol
00:26:28 : Side: GoForthAndMultiply: i wasnt dead last time i played? wtf
00:27:10 : Side: 2DIE4: maybe combat logged? 
00:27:17 : Side: GoForthAndMultiply: dont insult me
00:27:22 : Side: GoForthAndMultiply: im not a pussy
00:27:26 : Side: 2DIE4:   oh shutt
00:27:30 : Side: 2DIE4:  up
00:27:38 : Side: 2DIE4:  never said that
00:29:02 : Group: Freedom: basically a scar weapon is it tan
00:29:27 : Group: Freedom: its just assault rifle
00:30:25 : Group: Freedom: are you in third person
00:31:45 : Group: Freedom: you shop like a women
00:32:04 : Group: Freedom: feel like im waiting on my wife
00:32:54 : Group: Freedom: better hurry i gotta go
00:34:27 : Group: Freedom: yes
00:37:14 : Group: Freedom: /the ammo you took from my heli
00:37:55 : Group: Freedom: thank you
00:38:10 : Group: Freedom: it dont sell lol
00:38:20 : Group: Freedom: you cant
00:38:46 : Group: Freedom: ok im outa here
00:39:13 : Group: Freedom: dont you want your rpgs?]
00:39:39 : Group: Freedom: where to?
00:40:24 : Group: Freedom: where do yo want to go i have to leave ill drop you off
00:41:25 : Group: Freedom: lol 
00:41:35 : Group: Freedom: the one si gave you lol
00:42:59 : Group: Freedom: see ya
00:46:48 : Side: Freedom: later 2die4 happy hunting xD
00:46:59 : Side: 2DIE4: lol who stole my lb? =) 
00:47:42 : Side: Freedom: a guy kamikazied it with a plane earlier
00:47:53 : Side: 2DIE4: oh really?     
00:48:01 : Side: Freedom: turmoil said he told you os ts
00:48:02 : Side: GoForthAndMultiply: has there been a server wipe?
00:48:24 : Side: 2DIE4:  i wasnt online    =)  
00:48:27 : Side: Freedom: Mixer90 was the guy
00:48:38 : Side: 2DIE4:  ahh ok 
00:48:41 : Side: 2DIE4: . thx
00:48:57 : Side: Freedom: ya there was a mission by your base seen the whole thing
00:49:59 : Side: 2DIE4: omg  always shitty lil cowards  ..  kids these days  r  just reducolous  =) 
00:50:13 : Side: 2DIE4:  well a lb more or less  .. .dont give a  flying fuck  =)
00:51:24 : Side: Freedom: lol i figured as much but figured you might like to know who it was. i told him his stuff will be destroyed he said he has nothing so lol
00:52:14 : Side: 2DIE4: well    yaeh  F him  =) 
00:52:50 : Side: Freedom: lol ill be on later if your still on see ya
00:53:02 : Side: 2DIE4:  see  buddy
00:53:10 : Side: 2DIE4: see ya buddy   =) 
00:53:17 : Side: Freedom: xD
01:20:51 : Side: YuRii26: what just the fuck dude
01:20:55 : Side: YuRii26: where fucking friendly
01:21:14 : Side: Ryan: ill help u get stuff back promise am hero needed bike
01:21:28 : Side: YuRii26: then why you just fucking talkk to us
01:21:29 : Side: YuRii26: asshole
01:21:47 : Side: YuRii26: you fucking retired
01:21:53 : Side: YuRii26: you can fucking build your self
01:22:05 : Side: 2DIE4: YURI u better behave  
01:22:07 : Side: Rxider: LICK TOOL BOX 
01:22:17 : Side: 2DIE4:  we do not tolerate behaviour like that here
01:22:17 : Side: Rxider: YOU CAN*
01:22:22 : Side: Ryan: mine broke
01:23:04 : Side: Ryan: you can have your gear back ok just needed to get to body fast
01:23:04 : Side: Rxider: ryan u idiot restarts in 1 mibn and u wanted a bike ur acctually a idiot
01:23:22 : Side: YuRii26: eat my gear
01:23:29 : Side: YuRii26: you idiot
01:23:31 : Side: Rxider: same
01:23:40 : Side: YuRii26: you don't even know to talk to
01:27:34 : Side: YuRii26: did you get our gear Ryan !!!
01:27:48 : Side: Ryan: the important things
01:27:56 : Side: YuRii26: what is it
01:28:28 : Side: Ryan: the mk17 and all of its rounds
01:28:41 : Side: YuRii26: dude fuck thats not my geare
01:29:10 : Side: YuRii26: your sh**T retard
01:29:14 : Side: Ryan: sry will help in mission and get you assult rifle and everything back
01:29:30 : Side: 2DIE4:  yuri one more and ill report u 
01:30:02 : Side: Ryan: you can choose which mission and ill help with 2die4 plz don't interfere in the mission we are doing
01:30:10 : Side: 2DIE4:  do u understand? 
01:30:18 : Side: YuRii26: ill kill him
01:30:25 : Side: Ryan: ight
01:30:31 : Side: 2DIE4: who u killing?  
01:30:38 : Side: 2DIE4:  me? 
01:30:51 : Side: YuRii26: ask your mom
01:31:01 : Side: YuRii26: im not even talking to you
01:31:10 : Side: Ryan: don't want to just plz don't interfere with the mission
01:31:22 : Side: 2DIE4: ok    reported   u cant behave    ... and LWB is  goona kick u with pleasure
01:31:35 : Side: Ryan: me?
01:31:40 : Side: Rxider: y u suck a snitch
01:31:46 : Side: Rxider: such*
01:31:58 : Side: 2DIE4: nee u kids cant behave  
01:32:02 : Side: Rxider: 2die4
01:32:10 : Side: Rxider: how old r u then
01:32:23 : Side: Ryan: u guys probably should chill a little bit
01:32:24 : Side: Denial Beans: he cant handle getting shot in a game that your a gonna die playing all the time
01:32:26 : Side: 2DIE4:  u wont follow the rules   u gonna suffer the condequences
01:32:52 : Side: Rxider: wheres the rule saying we cant ask for our gear back?
01:33:11 : Side: Denial Beans: i think he means the swearing bro
01:33:14 : Side: Ryan: no its the swearing
01:33:20 : Side: Denial Beans: thats not tolerated on the server at all
01:33:21 : Side: 2DIE4:  its doesnt say  shit ybout that   but   its states  respectfull behaviour  ! 
01:33:34 : Side: Rxider: omg us kids cant behave but u cant handle swearingXDXDXD
01:33:41 : Side: Ryan: u guys want to come get loot from a mission
01:34:00 : Side: Denial Beans: im not the admin i dont care 
01:34:08 : Side: 2DIE4:  well daenial and ryan u see they dont even use that brain if there is any at all 
01:34:33 : Side: Denial Beans: theyre just being immature
01:34:35 : Side: Ryan: im just gonna stay out of this if thats ok
01:34:57 : Side: Denial Beans: youve killed us a couple times and sure its irritating but we dont moan about it constantly
01:35:04 : Side: YuRii26: don't be so have brain 2die4 can just be silent already you just proving your the kid in here
01:35:07 : Side: 2DIE4:     let them whine 4 their gear  .. ppl like that ill sink  with pleasure
01:35:20 : Group: Rxider: ryan join group to do the missions i j kms to respawn
01:35:27 : Side: Denial Beans: lolololol
01:35:33 : Side: Rxider: ryan join group i j kms to respawn
01:35:44 : Side: Ryan: i don't think ill give them theirs back now
01:35:49 : Side: 2DIE4:  yuri i play by the rules and i mean ALL rules u cannot even follow one of the simplest rules 
01:36:19 : Side: Rxider: wth bothers u so much about swearing
01:36:36 : Side: Denial Beans: 2di34 plays by the rules, hes a respected player on the server even though hes the biggest bandit hes a very skilled player
01:36:39 : Side: 2DIE4:  this conversation is over the hunt is on! 
01:36:49 : Side: Rxider: kk
01:36:59 : Side: Denial Beans: lololol your fucked
01:37:05 : Side: Rxider: where am i now if us so specialized at hunting
01:37:37 : Side: Denial Beans: he'll find you believe me he'll find you
01:37:40 : Side: Rxider: how
01:37:48 : Side: 2DIE4:  u can ask my lead later
01:38:00 : Side: Rxider: wdum lead
01:38:22 : Side: Ryan: you guys are screwed
01:38:43 : Side: YuRii26: ?? did we make him cry ??
01:38:49 : Side: Ryan: not going to give loot back because youll die right after i give it to you
01:38:53 : Side: YuRii26: sorry about that
01:38:54 : Side: Rxider: its a game of dayz y r u so serious were not skrewed were playin a game
01:39:04 : Side: Rxider: u all try kill eachother anyway
01:39:28 : Side: Rxider: so dont hype ur self up for killing some1 in dayz
01:40:04 : Side: 2DIE4:  lol listen to u ... we got players playing the hero way  and they will not shoot untill shot at 
01:40:19 : Side: Rxider: wot?
01:40:27 : Side: Rxider: 1 im typing
01:40:42 : Side: Rxider: 2 its still just a game 
01:40:46 : Side: Rxider: ur no pro
01:40:58 : Side: Ryan: 2die4 is trust me
01:41:15 : Side: Rxider: u love hyping people up dnt you
01:41:31 : Side: Ryan: no just saying he is a good player
01:41:34 : Side: 2DIE4:  well ull see ill sneak up your anus and then pull the trigger
01:41:37 : Side: Rxider: 1 sec im gon kms
01:41:48 : Side: Rxider: go ahead 
01:41:50 : Side: Ryan: with him you will have negative gear
01:42:00 : Side: Rxider: not possblie
01:42:06 : Side: Rxider: possible*
01:42:07 : Side: YuRii26: How sure you are
01:42:09 : Side: Ryan: with him maybe
01:42:14 : Side: YuRii26: im not scared on him
01:42:14 : Side: Rxider: i am sure
01:42:32 : Side: Ryan: wait till he kills you over and over and over
01:42:35 : Side: Rxider: ur not gonna make anyone scared of him by saying trus me hes good
01:42:55 : Side: Ryan: found out for urself then
01:43:04 : Side: Rxider: i will wont i
01:43:21 : Side: 2DIE4:  remember misa and picachy?   Sierra told me they  asked every two days to scan e 4  map tracker  XD
01:43:27 : Side: Ryan: god u 2 are so cocky
01:43:51 : Side: Rxider: just sut up no 1 rly cares its still just a game 
01:43:56 : Side: Rxider: shut*
01:44:12 : Side: Rxider: get i life man wth is wrong with u lot
01:44:26 : Side: 2DIE4: Ryan dont feed those trolls .. just shoot them .. if u have no use 4 the gear just sink the bodies
01:44:45 : Side: Rxider: lol go ahead i have other servers
01:44:55 : Side: Ryan: got it if not good people good people then keep loot on bodies
01:44:56 : Side: 2DIE4:  then pls go there
01:45:09 : Side: Rxider: i bet ur like a 40 yr old who lives in his moms basement lol
01:45:28 : Side: Ryan: or hes a respected adult that can buy a nice pc
01:45:45 : Side: 2DIE4:  im 41  got my own house  a  wife   2 kids    2 horses and a  dog 
01:46:03 : Side: 2DIE4:  everything payd off 
01:46:15 : Side: 2DIE4:  whats your excuse 4 life?
01:46:24 : Side: Rxider: your mom
01:47:22 : Side: 2DIE4:  wow u r grown .. but u miss being breastfeeded right?
01:47:38 : Side: Rxider: i bit late on the joke are we
01:48:03 : Side: 2DIE4: playing besides typing to immature kids
01:48:18 : Side: Rxider: ur prob a 40 yr old 
01:48:25 : Side: Rxider: thats all i have to say
01:48:38 : Side: Rxider: not a respected man who can buy a good pc
01:48:44 : Side: Rxider: gtfo
01:49:08 : Side: Rxider: if hes so respected why does he battle with ppl who say fuck
01:49:47 : Side: 2DIE4:  u can swear     if u want but   u r disrespecting payers 
01:49:55 : Side: 2DIE4:  thats the point   get it?
01:50:03 : Side: Denial Beans: lol
01:50:09 : Side: Rxider: i get it its just stupid
01:50:22 : Side: Denial Beans: that was big explosion
01:50:25 : Side: YuRii26: ahahah that he really think ??
01:50:37 : Side: Rxider: you have to be a real prick to be offended by swearwords on the internet 
01:50:38 : Side: 2DIE4:  well all i say is if u dont like the rules then u need to find another server
01:50:43 : Side: YuRii26: just ah damnd game
01:50:45 : Side: Rxider: definetly on day z
01:52:43 : Side: Rxider: hows your hunt goin
01:53:37 : Side: Rxider: not great i expect bcus i seem to still b alive
02:02:19 : Side: Rxider: there aint shizzle at neaf imakms
02:05:11 : Side: Ryan: 2die4 isn't going to be able to kill you if you keep killing yourselves
02:08:12 : Side: Ryan: lol
02:08:17 : Side: Ryan: told you
02:13:22 : Side: Ryan: what you been driving 2die4?
02:13:37 : Side: 2DIE4: ??? nothing 
02:13:55 : Side: Ryan: oh just wondering
02:21:40 : Side: 2DIE4:  idiots left  =) 
02:21:52 : Side: Ryan: lol
02:33:08 : Side: Denial Beans: so 2di34 how was the hunt i was afk
02:33:21 : Side: 2DIE4: got that rixa    =9 
02:33:41 : Side: Denial Beans: lol
03:33:30 : Side: 2DIE4: hey Ryan 
03:33:43 : Side: Ryan: sup
03:33:50 : Side: 2DIE4:  u and  D  can come up to my base mission ill finish it 4 u 
03:34:15 : Side: Ryan: nah we good cuz
03:34:29 : Side: 2DIE4:  aight just offering
03:42:28 : Side: 2DIE4: aight guys im good 4 today... have   agood night 
03:42:35 : Side: 2DIE4: see yall around
03:42:40 : Side: Denial Beans: you too bro
03:42:46 : Side: 2DIE4:  thx  =) 
04:45:03 : Side: Ryan: welvome to server comrade
04:45:21 : Side: Ryan: [russian voice]
04:50:13 : Side: Freedom: i see you :)
04:50:44 : Side: Weissauchnicht: me?
04:50:53 : Side: Freedom: no denial
04:51:06 : Side: Denial Beans: we here
04:51:08 : Side: Denial Beans: its us
04:51:13 : Side: Ryan: freedom we are near hero town just so u know
04:51:14 : Side: Freedom: i know bro
04:51:22 : Side: Freedom: seen ya fly in all good
04:51:25 : Side: Denial Beans: you got a main rotor?
04:51:30 : Side: Freedom: yes sir
04:51:42 : Side: Denial Beans: they got mine pretty good landing on your tower
04:51:50 : Side: Freedom: lol
04:51:57 : Side: Freedom: ill get ya one
04:53:57 : Side: Denial Beans: mission
04:54:02 : Side: Denial Beans: back up
04:54:04 : Side: Ryan: help with mission plz
04:54:37 : Side: Freedom: yup
04:55:45 : Side: Freedom: hate when they spawn on top of one another like that
04:56:00 : Side: Ryan: its like gay sex
04:56:03 : Side: Denial Beans: some BS right there
04:56:23 : Side: Denial Beans: 12k blood to like -200000
04:56:58 : Side: Freedom: we will get it back no worries
04:57:09 : Side: Denial Beans: i know
04:59:13 : Side: Ryan: so are u at ur base right now
04:59:21 : Side: Freedom: on my tower
04:59:26 : Side: Ryan: k\
04:59:32 : Side: Freedom: big tower
05:01:07 : Side: Ryan: well then
05:02:02 : Side: Freedom: 3 left i think the m2 is down
05:02:49 : Side: Denial Beans: nah more than that
05:02:56 : Side: Denial Beans: like maybe 8
05:03:08 : Side: Freedom: copy they caught me reloading
05:04:27 : Side: Freedom: hate that you cant roll if you reload on the ground or move
05:04:54 : Side: Ryan: \
05:07:13 : Side: Ryan: not many left
05:07:37 : Side: Freedom: its clear
05:07:50 : Side: Ryan: thx for help
05:08:04 : Side: Freedom: yep was fun :)
05:09:17 : Side: Freedom: you guys need a lift or want mossie parts?
05:09:31 : Side: Ryan: just main rotor
05:09:44 : Side: Freedom: ohh cool i thought they shot you down
05:10:06 : Side: Denial Beans: nope
05:10:14 : Side: Freedom: good deal
05:11:21 : Side: Freedom: all fixed buddy
05:11:23 : Side: Denial Beans: all green
05:11:29 : Side: Freedom: right on
05:12:21 : Direct: Freedom: can you tow with that heli
05:12:28 : Side: Ryan: how do u turn on sirents
05:12:36 : Side: Denial Beans: cant 
05:12:51 : Direct: Freedom: lol always want to push buttons
05:13:04 : Side: Ryan: k thx
05:13:06 : Side: Ryan: again
05:13:19 : Side: Freedom: np
05:26:45 : Side: Freedom: did you guys just do weapons truck?
05:26:51 : Side: Denial Beans: nope
05:26:55 : Side: Weissauchnicht: i am
05:27:03 : Side: Freedom: so everyone on is a hero im guessing
05:27:24 : Side: Weissauchnicht: is nothing here
05:27:33 : Side: Freedom: /never is
05:28:14 : Side: Weissauchnicht: broken leg
05:28:22 : Side: Freedom: you do?}
05:29:21 : Side: Freedom: i can patch you up if you need
05:29:45 : Side: Weissauchnicht: thanks i have a bike:)
05:30:22 : Side: Weissauchnicht: you can loot the mission :)
05:30:30 : Side: Freedom: dont need lol
05:31:24 : Side: Freedom: lol you guys are here 
05:31:28 : Side: Freedom: ill go else where
05:31:29 : Side: Ryan: yep
05:45:06 : Side: Ryan: freedom where are u
05:45:23 : Side: Freedom: my base
05:57:16 : Side: Denial Beans: freedom?
05:57:20 : Side: Freedom: yes
05:57:24 : Side: Denial Beans: Explosion?
05:57:29 : Side: Freedom: yup lol
05:57:40 : Side: Ryan: what are u doing
05:58:18 : Side: Freedom: raiding a base thats been abandoned i think lol
05:59:25 : Side: mixer_90: good Morning, guys!
05:59:47 : Side: Freedom: hi
06:00:07 : Side: mixer_90: Freedom hi! Sorry from Yesterday )
06:00:15 : Side: Denial Beans: lol
06:00:25 : Side: mixer_90: It is did stupid)
06:00:44 : Side: Freedom: lol you dident hurt me it was 2die4 heli
06:01:22 : Side: mixer_90: Ups) I have the problem?
06:02:11 : Side: Freedom: he will prolly hunt you down next time hes on
06:02:45 : Side: Freedom: hes #1 bandit on this server
06:03:06 : Side: mixer_90: )
06:03:21 : Side: mixer_90: ok)
06:03:47 : Side: Freedom: keep your friends close and your enemys closer
06:03:58 : Side: Freedom: :)
06:05:37 : Side: mixer_90: I did have heliCrash, hi is Understand this, i think)
06:06:05 : Side: Freedom: lol you kami into his tower bro 
06:06:37 : Side: mixer_90: You are shooting, it is for my save))))w
06:06:58 : Side: Freedom: could have left
06:07:12 : Side: Freedom: you kept circling us
06:07:27 : Side: Ryan: then alahua akbar
06:07:34 : Side: Freedom: yup lol'
06:07:46 : Side: Freedom: just killing himself lmao
06:07:58 : Side: Ryan: freedom you still at your base
06:08:11 : Side: Freedom: yeah just landed
06:08:23 : Side: Ryan: ya boi just got himself a black hawk
06:08:32 : Side: Freedom: lol
06:09:12 : Side: Freedom: i cant use the big helis with the wheels they dont fit very well on the padd
06:09:17 : Side: Freedom: pad
06:11:50 : Side: mixer_90: You are ask: "Allah Babah" - Im remember this))
06:12:30 : Side: mixer_90: Will call this if looking him (you, your) )))
06:12:46 : Side: Freedom: you make zero sense
06:13:28 : Side: mixer_90: Im dont  agressiv)w
06:13:53 : Side: mixer_90: Its game
06:14:48 : Side: Freedom: i agree
06:17:17 : Side: mixer_90: Remember I have very bad English, please tolking easy if you have somthing (or Shooting ) ))
06:17:47 : Side: Freedom: i wont kill you man im 65k hero 
06:17:56 : Side: Freedom: just shot at your plane lol
06:18:10 : Side: mixer_90: I know/
06:18:33 : Side: mixer_90: /
06:18:38 : Side: Freedom: i will lose way to much humanity if i shoot you
06:19:10 : Side: mixer_90: 5k hums?! 
06:19:17 : Side: mixer_90: or more?
06:19:58 : Side: Freedom: im not sure dont want try and find out i shot a survior on accident just one bullet droped me 600
06:20:45 : Side: mixer_90: Oh, 33k/600=60
06:21:33 : Side: Freedom: i dont understand
06:21:33 : Side: mixer_90: 2 * 30 - I think you are killing for this ammo )
06:21:57 : Side: Freedom: what ammo
06:22:16 : Side: mixer_90: 1 shot - (-600 hummanity), You are have 55 shots for me)
06:23:28 : Side: mixer_90: ~105 ))))
06:34:41 : Side: mixer_90: How much money for new Heli? The price?
06:34:58 : Side: Freedom: depends what one
06:36:41 : Side: Freedom: the one you blem up was one brief case
06:37:04 : Side: Freedom: lucky cause the other 2 were 6 brief cases a piece
06:37:30 : Side: mixer_90: 6 breefs - ok
06:37:30 : Side: Freedom: but he has plenty of money so it dont mater
06:38:24 : Side: Freedom: the one you destroyed was only worth 1 case
06:39:10 : Side: mixer_90: 1 case + 1 case prosents)
06:39:16 : Side: mixer_90: persents
06:39:28 : Side: Freedom: have to wait till hes online
06:39:47 : Side: mixer_90: of cours
06:40:16 : Side: mixer_90: look the map
06:41:28 : Side: Freedom: i see you live next to val
06:41:45 : Side: mixer_90: I life there
06:42:09 : Side: mixer_90: If he wont dialogue)
06:42:21 : Side: Freedom: you both live there
06:42:26 : Side: mixer_90: For tolking please welkom
06:42:34 : Side: mixer_90: my base there
06:42:48 : Side: Freedom: ok why you telling me?
06:43:15 : Side: mixer_90: You are know him?)
06:43:40 : Side: Freedom: yes
06:44:33 : Side: mixer_90: so, you are ask him: this man life there...
06:45:04 : Side: Freedom: he prolly already knows buddy
06:45:11 : Side: mixer_90: If he wont killing - he is killing, if dialogue - dialogue
06:54:41 : Side: mixer_90: Freedom do you know how name the HILI in the game?!
06:55:06 : Side: Freedom: what do yo umean
06:55:33 : Side: mixer_90: I wont buy new Heli for him/
06:55:45 : Side: mixer_90: nead name)
06:55:58 : Side: mixer_90: need name
06:56:35 : Side: Freedom: think its the first little bird at airplane dealer there are two but its the first one
06:57:05 : Side: Freedom: the cheaper one
06:57:09 : Side: mixer_90: I have it in me base. Can drop it now
06:57:40 : Side: Freedom: thats up to you
06:58:17 : Side: mixer_90: can I go to your base?!
06:58:28 : Side: Freedom: for?
06:59:11 : Side: mixer_90: Drop heli for him + key in the heli (and jump down 6-) )
06:59:46 : Side: mixer_90: I will have nothing, it is dont provocation
06:59:52 : Side: Freedom: just take to his and mossie off roof
07:08:35 : Side: mixer_90: Ups louse key for him yesterday))))
07:16:57 : Side: mixer_90: I dont remember coords your base
07:17:12 : Side: Freedom: hero town
07:17:53 : Side: mixer_90: THere it is?!
07:18:31 : Side: mixer_90: give marker
07:18:38 : Side: mixer_90: to map
07:19:02 : Side: mixer_90: go
07:19:07 : Side: Freedom: there is a mission there they will shoot you
07:23:06 : Side: mixer_90: Im there. Key it to heli
07:23:14 : Side: Freedom: ok buddy
07:33:42 : Side: mixer_90: Where can i take materials for build base?!
07:33:59 : Side: Freedom: where can you buil at?
07:34:30 : Side: mixer_90: in my position
07:34:44 : Side: Freedom: any where
07:35:24 : Side: mixer_90: in the mission cpawned it
07:35:28 : Side: mixer_90: ?
07:35:57 : Side: Freedom: i dont understand
07:36:30 : Side: mixer_90: materials for building spawned in the missions?!
07:36:51 : Side: Freedom: the url and the building material missions are where you get it
07:39:45 : Side: mixer_90: I look it in the "Ural comvoy" mission (floors and plaivud)
07:40:03 : Side: mixer_90: cinder blocks...and ect
07:40:18 : Side: Freedom: yes what else are yo ulooking for
07:51:45 : Side: mixer_90: It is you flying?
07:51:56 : Side: Freedom: in mossie yes
07:52:03 : Side: mixer_90: ok
10:56:45 : Side: Walasznikow: VLADIMIR
10:57:29 : Side: VLADIMIR>***: Walekkkk, nie mam microo-jak sytuacja?
10:58:01 : Side: Walasznikow: A NAWET CIEKAWIE
10:59:23 : Side: Walasznikow: DORABIAM SIE POWOLI:)
10:59:25 : Group: VLADIMIR>***: jak serwer
10:59:37 : Group: Walasznikow: SPOKO nie jest zly
10:59:41 : Group: VLADIMIR>***: hahahhahahahahah
11:00:03 : Group: VLADIMIR>***: wczoraj mialem akcje-przechwycili mi plot pola:)
11:00:08 : Group: Walasznikow: sporo razy juz padlem przez boty w strefie ale ciekawie jest
11:00:25 : Group: Walasznikow: o kurcze jak to zrobili
11:01:15 : Group: VLADIMIR>***: znalazleś skalki?:)
11:01:30 : Group: Walasznikow: nie szukalem
11:01:46 : Group: Walasznikow: tylko raz bylem sie przeleciec ale nie znalazlem nic
11:01:51 : Group: VLADIMIR>***: oki:)wczoraj wieczorem sporo graczy bylo
11:02:04 : Group: VLADIMIR>***: ale mam patent na bazę:)
11:02:11 : Group: Walasznikow: jaki
11:03:32 : Group: VLADIMIR>***: baza w berezinie na kominie:)ale trudne do realizacji:)ale już polot pol jest:)
11:03:56 : Group: Walasznikow: no nizzly pomysl
11:04:02 : Group: VLADIMIR>***: na tym najwiekszym:) od dołu nie do podejscia:)
11:04:14 : Group: VLADIMIR>***: dwa razy zginłęm:)
11:04:39 : Group: VLADIMIR>***: /zginąłem:)
11:05:37 : Group: VLADIMIR>***: widziałem na chłopaki siedzą na serwerze-odbudowałem tam baze
11:05:51 : Group: VLADIMIR>***: ale jest lipa-nie mam graczy
11:06:06 : Group: Walasznikow: no nie ma
11:06:14 : Group: Walasznikow: lece do ciebie
11:06:35 : Group: VLADIMIR>***: oki dawaj do bazy-dodam Cie do drzwi
11:09:09 : Group: VLADIMIR>***: dodam do wszystkich
11:09:22 : Group: VLADIMIR>***: luknij na komin-lornetka
11:09:37 : Group: Walasznikow: widzialem jak lecialem
11:09:51 : Group: VLADIMIR>***: /hahha bedzie podstawa na samej gorze
11:11:04 : Group: Walasznikow: ale masz tych szopek
11:11:29 : Group: VLADIMIR>***: hah kraftuj sobie w nich:)
11:12:15 : Group: VLADIMIR>***: dobrze by bylo reszte tu sciagnac
11:12:40 : Group: Walasznikow: no tak
11:13:04 : Group: VLADIMIR>***: jest sporo graczy, misji-nie laguje, szybko wchodzi, duzo bandytow
11:13:10 : Group: Walasznikow: tu tez moga sobie robic misje:)
11:13:20 : Group: VLADIMIR>***: no wlasnie tak myslalem'
11:13:52 : Group: VLADIMIR>***: tak
11:14:17 : Group: Walasznikow: ile masz humanity
11:14:27 : Group: VLADIMIR>***: 7100
11:14:42 : Group: Walasznikow: a ile trzeba miec u 
11:14:46 : Group: VLADIMIR>***: 5000
11:15:00 : Group: Walasznikow: tp troszke brakuje
11:15:06 : Group: VLADIMIR>***: spokojnie
11:15:14 : Group: VLADIMIR>***: potrzebujesz czegos
11:15:36 : Group: Walasznikow: nie dzieki
11:16:36 : Group: VLADIMIR>***: smigloooo
11:16:50 : Group: Walasznikow: tak mial podwieszony motocykl
11:17:39 : Group: VLADIMIR>***: super te podwieszanie-ja ciagam ciezarowki od treida wyladowane po brzegi:)
11:18:12 : Group: VLADIMIR>***: strzelasz?
11:18:24 : Group: Walasznikow: tak robie humanity
11:18:36 : Group: VLADIMIR>***: spoko spoko
11:18:59 : Group: Walasznikow: mam 4870
11:19:14 : Group: VLADIMIR>***: eeeee to Ty gosc juz jestes
11:19:26 : Group: VLADIMIR>***: ja chce do12000  dobic
11:20:05 : Group: VLADIMIR>***: dodalem Cie do wszystkich drzwi
11:20:14 : Group: VLADIMIR>***: korzystaj z bazy do woli
11:20:29 : Group: Walasznikow: ok spoko
11:20:45 : Group: VLADIMIR>***: i bron bazy:)
11:20:54 : Group: VLADIMIR>***: bo wlezli mi wczoraj chyba
11:21:28 : Group: Walasznikow: gralem wczoraj ale caly czas bylem na duzym lotnisku i tam sie dorabiam
11:21:42 : Group: VLADIMIR>***: ladnie-byly boty?
11:21:55 : Group: Walasznikow: tak
11:22:17 : Group: Walasznikow: ale jak sie je zabije za jakis czas sa znowu
11:22:43 : Group: Walasznikow: trzeba caly czas bys czujnym
11:22:47 : Group: VLADIMIR>***: tak-jedynie ta baza w ktorej bylismy jest czysta
11:23:55 : Group: Walasznikow: bede musial kupic troszke sprzetu i tam na lotnisku sie krecic chyba i zbierac bron
11:24:16 : Group: Walasznikow: a pozniej poleciec sprzedac
11:24:23 : Group: VLADIMIR>***: ile juz uzbieraleś
11:24:33 : Group: Walasznikow: szczerze nie wiem
11:24:40 : Group: VLADIMIR>***: jak bedziemy dłuzej, to Ci pomogę
11:24:53 : Group: VLADIMIR>***: w ciezarówki sie napakuje i sprzeda
11:25:05 : Group: Walasznikow: mam sejf i 2 lockbocy i troche kasy
11:25:15 : Group: VLADIMIR>***: jest tu ten Freedom, on duzo umie i warto misje robic
11:25:36 : Group: VLADIMIR>***: no to ladnie-dobra ja zmykam'
11:25:53 : Group: Walasznikow: ok
17:30:21 : Side: PRISMIC: jacob go on team speak
20:02:13 : Side: [NG2] Jesse: hi everybody! 
20:02:22 : Side: Luca: hey
20:02:46 : Side: VLADIMIR>***: hEYYY:)
20:02:57 : Side: [NG2] Jesse: how you guys doing? 
20:03:41 : Side: Luca: fine
20:03:43 : Side: VLADIMIR>***: FLYING, CRAFTING:) AND LOST HELIII:)
20:04:08 : Side: [NG2] Jesse: cool, sounds like epoch!
20:05:57 : Side: VLADIMIR>***: Ng 2 and Luca, ned somteng?:)
20:06:33 : Side: Luca: i'm tring to refuel my hely
20:06:41 : Side: [NG2] Jesse: nope, maybe you guys want to join the stronghold mission?
20:06:59 : Side: Luca: ay
20:07:11 : Side: Luca: ok!
20:11:52 : Side: [NG2] Jesse: who goign to join us?
20:28:40 : Side: [NG2] Jesse: some shooting on me? 
20:30:10 : Side: Luca: me no
20:31:22 : Side: Luca: jesse you are at bandit stronghold?
20:31:26 : Side: [NG2] Jesse: yes
20:31:46 : Side: Luca: how is the situation?
20:31:55 : Side: Turmoil: intense
20:32:37 : Side: Luca: hi turmoil
20:32:43 : Side: Turmoil: hi
20:36:28 : Side: Luca: jesse
20:36:39 : Side: [NG2] Jesse: yea? 
20:37:01 : Side: Luca: can i join your group?
20:37:18 : Side: VLADIMIR>***: Luca and Jesse, ewryting is ok? yu nedd help?
20:37:40 : Side: Luca: i'm going to mission right now
20:37:53 : Side: VLADIMIR>***: ok
20:37:54 : Side: [NG2] Jesse: we cleard almost everything.. 
20:37:59 : Side: [NG2] Jesse: you got invite
20:38:18 : Group: Luca: ok tx
20:38:24 : Group: Luca: im coming :)
20:40:27 : Group: [NG2] Jesse: we killed like 50 ai already, its just the last one inside.. 
20:40:41 : Group: Luca: ok
20:43:13 : Group: [NG2] Jesse: nono
20:43:23 : Group: [NG2] Jesse: mines..
20:43:30 : Group: [NG2] Jesse: ooh ther gone,,
20:47:18 : Group: [NG2] Jesse: its cleard! 
20:47:25 : Group: Luca: i'm coming
20:47:33 : Group: Luca: 3km
20:51:51 : Group: Turmoil: carefull still armed humwee there
20:52:16 : Group: Luca: theres an heli
20:52:18 : Group: Turmoil: armed humwee in the trees there
20:52:20 : Group: Turmoil: its minew
20:52:24 : Group: Luca: ok
20:52:35 : Group: Turmoil: i tried to help Jesse and i got shot xD
20:54:50 : Group: Luca: i cant retake my gear
20:55:04 : Group: [NG2] Jesse: me 2, 
20:55:17 : Group: [NG2] Jesse: we cant see the ai beacus he is inside a tree
20:59:40 : Side: [NG2] Jesse: 1 ai hidden in the tree : P
20:59:58 : Group: Luca: where?
21:06:10 : Group: Luca: he killed me while i'm prone
21:06:29 : Group: Luca: he is in upper position maybe
21:06:30 : Group: [NG2] Jesse: the same eho killed us
21:09:28 : Group: Turmoil: anoying shizzle
21:09:40 : Group: [NG2] Jesse: yea this ai is bugeed.. 
21:14:07 : Group: [NG2] Jesse: its clear!
21:14:30 : Group: Luca: are you sure?
21:14:31 : Group: Turmoil: i kamikazied into the trees and got him xD
21:14:41 : Group: [NG2] Jesse: yep i am at your body.. 
21:14:44 : Group: Luca: goooood! XD
21:15:20 : Group: [NG2] Jesse: jump in
21:15:51 : Group: Luca: ok
21:15:57 : Group: Luca: im in
21:16:16 : Group: [NG2] Jesse: sure?
21:16:25 : Group: Luca: ?
21:16:35 : Group: [NG2] Jesse: your standing on the ground
21:18:09 : Group: Luca: i'm killed by a bug!!
21:19:03 : Group: Luca: i dont know what happen
21:19:04 : Group: [NG2] Jesse: euh? 
21:19:11 : Group: [NG2] Jesse: try to go in pilot
21:19:40 : Group: Luca: ok
21:19:51 : Group: [NG2] Jesse: got you key in the heli.. 
21:20:05 : Group: Luca: ok tx
21:20:22 : Group: [NG2] Jesse: thought before is despawnd
21:20:37 : Group: Luca: ok
21:21:28 : Group: Luca: tx a lot
21:21:59 : Group: [NG2] Jesse: there is a emerald in your car for the trouble.. 
21:22:34 : Group: Luca: ok tx :)
