00:12:05 : Group: Tamago: ^^
00:13:39 : Group: Tamago: whats the % of scucess with hotwire kit on this server?
00:13:55 : Group: Turmoil: it never failed on me
00:13:58 : Group: [NG2] Jesse: i am not sure,..  i faild ones
00:14:00 : Group: Tamago: neat xD
00:14:01 : Group: Turmoil: or once, in 10-15 hotswires
00:14:14 : Group: [NG2] Jesse: do you have a target? 
00:14:21 : Group: Tamago: not yet but i have a kit =p
00:14:28 : Group: Tamago: pne tho
00:14:30 : Group: Turmoil: where ya flying to xD
00:14:30 : Group: Tamago: one*
00:14:36 : Group: Tamago: bandit squad
00:21:25 : Group: Turmoil: taken out the rpg guy?
00:21:31 : Group: Tamago: i think
00:22:23 : Group: Turmoil: looks clear
00:22:38 : Group: Tamago: 7 ai
00:22:58 : Group: [NG2] Jesse: are the trader in stary
00:23:03 : Group: Turmoil: you are near stary :=
00:23:10 : Group: Tamago: and?
00:23:19 : Group: Turmoil: it counts the ai traders in the safezone :) 
00:23:24 : Group: Tamago: ahh lol
00:23:26 : Group: Turmoil: all clear ^^
00:23:33 : Group: [NG2] Jesse: the tradersguys
00:24:58 : Group: Tamago: ty lol
00:26:47 : Group: Tamago: not that bad. 3 dmrs
00:31:07 : Group: Tamago: so what are you 2 up to now?w
00:31:28 : Group: [NG2] Jesse: nothing.. ... .. . .. 
00:31:31 : Group: Turmoil: not much, just screwing around xD
00:31:33 : Group: Tamago: okkk
00:48:30 : Group: Tamago: someone is downloading at home and i got sick ping now >_>
00:49:44 : Group: Turmoil: i had same problem, so i turned of wifi and plugged in cable ^^
00:49:57 : Group: Tamago: problem is i am using cable =p
00:53:20 : Group: Turmoil: lol found an abandon base, two lockboxes xD whit a shotgun and some few 1 and 3zo gold bars xD
00:53:31 : Group: Tamago: lol
00:55:17 : Group: Tamago: that mayors mansion seems doable
00:55:35 : Group: Turmoil: it is, just watch out for the M2 .50cals on the roof :)
00:55:49 : Group: Tamago: i can see only heavey mashine guns mounts
01:00:53 : Group: Tamago: holy shit they flanked me so hard
01:01:07 : Group: Turmoil: naughty ai
