11:58:57 : Side: Senych^^: Tamago, thx the bas!
11:59:14 : Side: Senych^^: base*
11:59:16 : Side: Tamago: ?
11:59:30 : Side: Qwarl: hi tamago)
11:59:33 : Side: Tamago: hello
11:59:41 : Side: Qwarl: how are you?
11:59:52 : Side: Tamago: good i had to suicide cause i glitched into ground
12:00:09 : Side: Greg: good ;p
12:00:11 : Side: Qwarl: lol
12:04:45 : Side: Tamago: Qwarl. can i kill you for humanity and give you gold for it?
12:04:58 : Side: Tamago: im serious
12:05:03 : Side: Greg: hahah
12:05:54 : Side: Qwarl: how gold?w
12:06:52 : Side: Tamago: 5 10oz gold per kill i need 2 kills so 1 bc
12:06:59 : Side: Qwarl: no
12:07:05 : Side: Greg: hehhe
12:07:05 : Side: Tamago: k
12:07:11 : Side: Qwarl: me -8000k
12:24:44 : Side: Tamago: Turmoil!
12:24:49 : Side: Tamago: Sup mate
12:24:53 : Side: Tamago: long time no see
12:25:05 : Side: Turmoil: hey yeah i been busy :)
12:25:17 : Side: Tamago: after month and a half i lost suv you game me xD
12:25:28 : Side: Turmoil: lol, well it lasted a long time then :)
12:25:35 : Side: Tamago: it was ton of a help
12:25:44 : Side: Turmoil: im glad it was :)
12:26:01 : Side: Tamago: what happened to hero town? didnt see you guys for long time
12:26:34 : Side: Turmoil: im admining an overpoch server and we kinda switched over to Arma 3 
12:26:48 : Side: Tamago: ahh understandable
12:27:58 : Side: Turmoil: survivalist also has an overpoch server so i got stuck helping out on that one insted of playing this one :) lol
12:28:16 : Side: Tamago: overpoch is too cluttred for me.. to much weapons and stuff
12:28:24 : Side: Tamago: and fps drops insane for me
12:28:55 : Side: Turmoil: have you tried the one we got? its more similare to epoch... still has more guns tho, but i actually get better fps there than here
12:29:18 : Side: Tamago: i prefer this one xD maybe if my group would transfer i would go there
12:29:19 : Side: Tamago: idk
12:29:45 : Side: Turmoil: ^^ 
12:29:59 : Side: Turmoil: well mostly just play Arma 3 these days and admin mostly in arma 2 
12:30:50 : Side: Turmoil: you got a decent base by now i guess?
12:31:11 : Side: Tamago: i had but i was forced to abbandon it cause it was way too big and i reached max item cap
12:31:15 : Side: Tamago: so it was never finished
12:32:12 : Side: Tamago: now i joined a group and kinda joined Gregs base
12:32:34 : Side: Turmoil: ah i see :) thats nice to be a group
12:32:49 : Side: Tamago: well 4 people can do much more than 1 xD
12:32:51 : Side: Turmoil: seems like this server is mostly quiet these days tho, getting any kills?
12:33:12 : Side: Tamago: I had a fight with some guys but its mostly friendly :D
12:33:41 : Side: Turmoil: i see freedoms base is totally diaspeared up here, lol
12:33:53 : Side: Tamago: yeah last time i saw him you were online =p
12:34:22 : Side: Turmoil: yeah he joined me and Jesse in Arma 3
12:34:30 : Side: VLADIMIR>***: Tamago-Ts:0
12:34:36 : Side: Tamago: kk
12:36:09 : Side: Turmoil: feels weird to be in my base... spent over 400 hours in arma from this base, lol
12:36:16 : Side: Tamago: haha
12:36:22 : Side: Tamago: donate stuff to me! :Dw
12:36:36 : Side: Turmoil: dont have much left over here xD
12:36:39 : Side: Tamago: haha
12:36:43 : Side: Turmoil: all vehicles and everything is gone
12:36:44 : Side: Tamago: GOLD
12:37:12 : Side: Turmoil: haha, i bet you guys have plenty of gold xD
12:37:24 : Side: Tamago: not really most of it goes to building supplies
12:37:26 : Side: Greg: more is always better ;p
12:37:42 : Side: Turmoil: dont have much either, we mostly gave away everything to new players :)
12:38:02 : Side: Tamago: you going to play here now again? or just hopped in to say hello?
12:38:22 : Side: Turmoil: just maintaining my base, lol... in case i feel like playing again
12:38:28 : Side: Tamago: kk
12:38:51 : Side: Turmoil: if the server picks up again i might come back on... maybe become a bandit insted of hero? :D
12:38:59 : Side: Tamago: than we are deadc
12:39:23 : Side: Turmoil: gonna take a bit to get down to - humanity tho, im currently at almost 70k + so xD
12:41:37 : Side: Turmoil: Winans and Hailstorm, are they still playing?
12:41:45 : Side: Tamago: never saw him
12:48:17 : Side: Qwarl: hi
12:48:26 : Side: Tamago: ?
12:48:47 : Side: Qwarl: who mozzi
12:48:51 : Side: Turmoil: me
12:49:16 : Side: Tamago: so sennych plays with qwalr and Lenin?
12:49:22 : Side: Qwarl: nonoonononon
12:49:25 : Side: Turmoil: whos using the bases up at skalka now?
12:49:31 : Side: Tamago: well Vlad is my friend xD
12:49:36 : Side: Tamago: and he died next to your base
12:49:38 : Side: Tamago: xD
12:49:42 : Side: Qwarl: nonononon
12:49:47 : Side: Greg: hue hue hue
12:49:49 : Side: Qwarl: sanich no me frend
12:49:56 : Side: Qwarl: friend*
12:50:15 : Side: Senych^^: PIDOR
12:50:26 : Side: Tamago: pisze sie Pomidor xD
12:50:34 : Side: Greg: lol
12:50:48 : Side: Qwarl: vladimir sorri
12:50:58 : Side: Tamago: so he is with you lol
12:51:03 : Side: Tamago: its ok this is pvp game
12:51:05 : Side: VLADIMIR>***: ok ok , no problem
12:51:20 : Side: Greg: eheheh
12:51:30 : Side: Qwarl: :((((((
13:13:35 : Side: Turmoil: hey Vlad... can i speak whit you for a second? 
13:15:07 : Side: VLADIMIR>***: Yes Turmoil?
13:15:13 : Side: Turmoil: invite me? 
13:18:10 : Side: Tamago: I have been kidnapped!
13:18:14 : Side: Tamago: HALP
13:18:16 : Side: Tamago: xD
13:31:26 : Side: VLADIMIR>***: woooowwwww
16:54:27 : Side: agss: hello my friend 2die4, how are you?
16:54:38 : Side: 2DIE4:  how r u  =)  
16:54:48 : Side: 2DIE4:  the sun is shining    so can only be good  =)
16:55:11 : Side: agss: where are you from?
16:55:21 : Side: 2DIE4: germany   =) 
16:55:26 : Side: agss: :)
16:55:29 : Side: 2DIE4:  and u were near by    right?   XD
17:03:11 : Side: 2DIE4:  blackhawk crash is cleared no more AI
17:03:47 : Side: agss: how you do mission that fast?
17:03:57 : Side: 2DIE4: i rule dude 
17:04:09 : Side: 2DIE4:  i got more than 3000 hrs arma experience XD
17:04:27 : Side: agss: nice :) you are good player
17:04:40 : Side: 2DIE4: i am doin aight id say XD
19:37:01 : Side: Acer: HI 
19:37:29 : Side: Acer: I KILL YOU MAN :p 
19:37:51 : Side: agss: qhat?
19:38:14 : Side: Acer: WHERE ARE YOU????
19:38:51 : Side: agss: nwaf
19:39:33 : Side: Acer: MY FREANDLY 2DAY4
19:39:34 : Side: agss: where are you?
19:40:31 : Side: Acer: SIEMKA SOCHAN :p
19:40:46 : Side: agss: zumpran?
19:40:54 : Side: Acer: TAAAAA
19:41:26 : Side: agss: zaraz restart, bede po 
19:41:49 : Side: Acer: NO JA TEZ
19:52:47 : Side: agss: zaloz grupe i daj zape zumpran
19:53:35 : Side: agss: zaakceptuj grupe
19:57:02 : Side: agss: walek odsypia?
19:57:36 : Side: Acer: PRZYSZEDL ZDECHLY :p
