00:00:40 : Side: Luca: someone had problems about unocking doors in own base?
00:01:01 : Side: 2DIE4:  we had some specialists online  
00:01:11 : Side: 2DIE4:   they picked a lot of doors mine included 
00:01:24 : Side: 2DIE4: LAURA   alfi  and another duchebag
00:01:48 : Side: 2DIE4:  they went thru 2 doors in no time at my base 
00:01:51 : Side: Luca: how can i unlock my doors now?
00:01:56 : Side: 2DIE4:  so u better check your plotpole
00:02:08 : Side: 2DIE4:  only eyescan if u still on the plot
00:02:09 : Side: Luca: i cant is inside a door
00:02:25 : Side: 2DIE4:  guess u have to break thru then
00:02:38 : Side: Luca: and i have not written the codes
00:02:49 : Side: Luca: oh no
00:03:00 : Side: Luca: i have to breack my door?
00:03:07 : Side: 2DIE4:  u connot use the manual codes anymore   LWB changed it due to to programs that can pick doors 4 you
00:03:16 : Side: 2DIE4:  yes 
00:03:22 : Side: 2DIE4:   do u need help?
00:03:41 : Side: Luca: how can i breack cinder door?
00:03:52 : Side: 2DIE4:   with like 2 mags M134 ammo
00:04:10 : Side: Luca: i havent this
00:04:22 : Side: 2DIE4:  do u need help? i can bring  an M2
00:04:37 : Side: Luca: i cant go outside
00:04:45 : Side: Luca: im blocked
00:05:14 : Side: Luca: if i ask in the forum?
00:05:26 : Side: Luca: maybe admin can help?
00:05:30 : Side: 2DIE4:   wont help u right now
00:05:42 : Side: Luca: Why?
00:05:48 : Side: 2DIE4:  they  have taken over your plot then and u r not on the doors 
00:06:13 : Side: Luca: how can they take my plot?? is inside a house!
00:06:29 : Side: 2DIE4:  dude they pic the locks 
00:06:33 : Group: Freedom: did they get luca?
00:06:42 : Side: 2DIE4: yap
00:06:59 : Side: Luca: they are hackers?
00:07:00 : Side: Freedom: wow they were everywhere
00:07:13 : Side: 2DIE4:  they were online all day picking locks
00:07:33 : Side: Luca: how they pick locks?
00:07:38 : Side: Luca: is impossible
00:07:59 : Side: 2DIE4: they go thru a lot of combinations
00:08:47 : Group: [NG2] Jesse: freedome you need to remove your lockes and replace them
00:08:52 : Side: Luca: motherfukers
00:08:59 : Group: [NG2] Jesse: who there/!??!?!?!
00:08:59 : Side: Freedom: copy that
00:09:02 : Side: 2DIE4:  so ... do u need help?
00:09:42 : Side: Luca: how you can help?
00:09:43 : Group: [NG2] Jesse: FREEDOMME DITH you say Hello ? 
00:10:05 : Group: Freedom: i did yes
00:10:08 : Side: 2DIE4:  i come with an arvehicle and blow those doors out so u can get to your plot
00:10:20 : Group: [NG2] Jesse: ooh scary ^^ 
00:10:33 : Side: Luca: if i plant  a new plot pole?
00:10:39 : Group: [NG2] Jesse: you need to replace ocks of all your doors..
00:10:51 : Side: 2DIE4: u can then remove the plot  and place a new one
00:10:51 : Side: Luca: and i take objects ownership?
00:11:00 : Side: 2DIE4:  yap
00:11:06 : Group: Freedom: im gearing up for tonight gonna fly back behinde base and log off so when i log ill have it covered if they are on yes im changing now thanks
00:11:26 : Side: Luca: but i cant go out
00:11:32 : Side: 2DIE4:  u dont need to   
00:12:03 : Side: Luca: i dont want to destroy my base
00:12:16 : Group: [NG2] Jesse: there where inside at 2die4 base, .. 
00:12:22 : Side: Luca: first i try to ask in the forum
00:12:29 : Side: 2DIE4:  its 2  doors  or what?  u can either afford that or loose the whole base to them
00:12:54 : Group: Freedom: they get anything?
00:13:26 : Group: [NG2] Jesse: no they just killed 2die and we hunt them down but he flyed to safezone.. 
00:13:33 : Side: Luca: they have not robbed me
00:13:41 : Side: Luca: is strange
00:13:59 : Group: Freedom: they got some balls just joing this server and all
00:14:10 : Side: 2DIE4:  well  dude but they have access to all ya doors so after 7 days they can just walk in there and open ya safes if u die  
00:14:27 : Side: Luca: i cange all locks
00:14:47 : Side: 2DIE4:  U cant even open the doors  how would u change the locks?
00:15:24 : Group: Freedom: ill lay there all night and wait i dont care
00:16:13 : Side: 2DIE4:  it was  laura alfi   and  who was the other one?
00:16:36 : Side: Freedom: almasta
00:16:43 : Side: Freedom: or somthing like that
00:16:52 : Side: 2DIE4:  yea  som like that 
00:27:51 : Group: Rrazo165: you helping us ?
00:27:59 : Side: 2DIE4: yap
00:28:00 : Group: Rrazo165: we just want our gear back
00:28:12 : Group: Zloy_negr: thx m8
00:30:36 : Group: [NG2] Jesse: i am going.. 
00:30:54 : Group: Freedom: me too im setup for later see ya man
00:31:10 : Group: [NG2] Jesse: later!!
00:31:20 : Group: Rrazo165: whats going down later ?
00:31:59 : Group: Freedom: lol nothing im just in the bush for if they come back im in usa so ill be on for 8 more hours in about an hour
00:32:14 : Group: Rrazo165: alright
00:32:17 : Group: Rrazo165: cya then
00:32:23 : Group: Freedom: later
00:33:08 : Group: Freedom: later 2die4
00:35:21 : Direct: 2DIE4: sryx
00:35:51 : Direct: 2DIE4:  damn no bloodbag
00:35:57 : Direct: 2DIE4:  wait aand take cover
00:36:30 : Direct: 2DIE4:  lay down and stay in cover
00:40:42 : Direct: 2DIE4:  ull be aight
00:40:50 : Direct: 2DIE4:  take cover
00:42:30 : Group: 2DIE4:  witzh us two there is 6 players  AI
00:42:51 : Group: 2DIE4:  so its either 4 AI on base or 3 AI on base and one on the mission i cant see
00:42:57 : Group: 2DIE4:  the rest is dead
00:43:15 : Group: 2DIE4:  i see no more alive
00:44:29 : Group: Rrazo165: YEAH ITS CLEAR
00:44:31 : Group: Rrazo165: caps
00:47:12 : Group: 2DIE4:  get  a  proper dress
00:49:26 : Group: Rrazo165: i thought they were all dead lmao
00:53:25 : Group: 2DIE4:  ok the loot is yours take all put it in the truck and sell it 
00:53:34 : Group: Rrazo165: ok ty
00:53:44 : Group: 2DIE4:  im just takin verry few things and the humvee
00:53:58 : Group: 2DIE4:  all AI dead get a  GPS first and keep scanning
00:54:01 : Group: Rrazo165: take as much as you want dude
00:54:05 : Group: Rrazo165: you earned it lmao
00:54:41 : Group: 2DIE4:  i  got enough money to built about 20 bases righ away  XD
00:58:57 : Group: Rrazo165: was there any ghillie guys ?
00:59:07 : Group: 2DIE4:  didntz see any
00:59:28 : Group: Rrazo165: aight
01:30:09 : Side: Rrazo165: are you at the stary traders ?
01:59:02 : Side: Rrazo165: yay
01:59:08 : Side: Rrazo165: broke my legs changing cloths
01:59:09 : Side: Rrazo165: fml
02:05:27 : Side: Ryan: i havent seen you guys on this server before
02:07:22 : Side: Ryan: are u guys heros or bandits
02:11:13 : Side: Rrazo165: WAIT
02:11:24 : Side: Ryan: what
02:11:44 : Side: Rrazo165: how do i convert my gold into breifcases ?
02:11:46 : Side: Rrazo165: etc
02:11:59 : Side: Ryan: go to trader and do combine bars
02:12:03 : Side: Rrazo165: ty
02:12:36 : Side: Ryan: sup
02:12:47 : Side: Rrazo165: hello
02:13:06 : Side: Ryan: nice car
02:13:13 : Side: Rrazo165: ty
02:13:37 : Side: Rrazo165: you wanna join my group ?
02:13:38 : Side: Ryan: If you are new to this server turmoil and jesse are good 2die4 is the most douchebag player
02:13:41 : Side: Rrazo165: im just doing missions
02:13:46 : Side: Ryan: nah im good 
02:14:00 : Side: Ryan: got one of my own but thanks for the offer
02:14:19 : Side: Rrazo165: my name is ryan too :D
02:14:25 : Side: Ryan: nice
02:15:11 : Side: Rrazo165: awesome
02:15:18 : Side: Rrazo165: i made 2 briefcases from 1 mission
02:15:22 : Side: Rrazo165: pretty good
02:15:52 : Side: Ryan: nice 
02:15:58 : Side: Rrazo165: you need a lift anywhere ?
02:16:13 : Side: Ryan: nah im good thx for the offer thought
02:16:15 : Side: Ryan: though
02:16:23 : Side: Rrazo165: ok cya
02:16:27 : Side: Ryan: bye
02:16:41 : Side: Ryan: im one of the heros so you can trust me
02:16:54 : Side: Rrazo165: im trying to get my humanity back up
02:16:59 : Side: Rrazo165: im at -1200 rn
02:17:06 : Side: Rrazo165: after sniping a hero :(
02:17:12 : Side: Ryan: that sucks
02:17:15 : Side: Rrazo165: yeah
02:17:22 : Side: Rrazo165: he flew over me and shouted fuck you
02:17:27 : Side: Rrazo165: so i took him down with 1 shot
02:17:31 : Side: Ryan: lol
02:17:33 : Side: Rrazo165: ksvk
02:17:35 : Side: Rrazo165: op opp
02:18:27 : Side: Rrazo165: do you live down near the lake ?
02:18:49 : Side: Ryan: you mean the damn at hero town 
02:18:52 : Group: Rrazo165: welcome back
02:18:58 : Group: Rrazo165: i made 2 briefs while you were gone
02:19:10 : Group: 2DIE4: good stuff =)
02:19:17 : Group: Rrazo165: and i have a uaz
02:19:23 : Group: Rrazo165: im going places :D
02:19:24 : Group: 2DIE4:  sell it .. 
02:19:29 : Group: Rrazo165: im using it to get to missions
02:19:49 : Group: 2DIE4:  its loud its slow annd getting shot in it ... the chances r enormous
02:19:57 : Group: Rrazo165: its fast though
02:20:22 : Group: 2DIE4:  SUV is faster and a lot more quiet
02:20:25 : Side: Ryan: are u and feliks in a group
02:20:34 : Group: 2DIE4:  and got more storage room i think
02:20:47 : Group: Rrazo165: i couldnt afford one at the time though
02:21:00 : Group: 2DIE4:  well get one asap =) 
02:21:09 : Group: Rrazo165: after this mission
02:21:12 : Group: Rrazo165: im going to the gun truck
02:21:15 : Side: 2DIE4:  yeah
02:21:43 : Group: Rrazo165: how much is an unarmed heli ?
02:22:03 : Group: 2DIE4: think 2 bc
02:22:08 : Group: Rrazo165: ahhh
02:22:11 : Group: Rrazo165: i should get one of those
02:22:12 : Group: 2DIE4:  depends on what u want 
02:22:29 : Group: Rrazo165: well i want one with a bit of storage 
02:22:33 : Group: 2DIE4:  just buy a lil bird u can lift vehicles with that as well
02:22:40 : Group: Rrazo165: how much storage does it have ?
02:23:19 : Group: 2DIE4:  not too much but  if u put stuff in  atruck u can lift it to trader 4 example
02:23:30 : Group: Rrazo165: idk how to do that though
02:23:33 : Group: Rrazo165: sounds hrad
02:23:35 : Group: Rrazo165: hard
02:23:46 : Group: Rrazo165: do you have a mic dude?
02:25:57 : Side: Rrazo165: you leave the group ?w
02:26:33 : Side: Ryan: me
02:26:35 : Side: Ryan: ?
02:27:16 : Side: Rrazo165: nah
02:40:37 : Side: Rrazo165: did 2die4 log out becuase of you ryan ?
02:40:39 : Side: Rrazo165: lmao
02:40:47 : Side: Ryan: nah
02:41:03 : Side: Rrazo165: he has been helping me do mission he doesnt seem that bad ?
02:41:16 : Side: Ryan: eh
02:41:29 : Side: Rrazo165: you said he was a douche
02:41:56 : Side: Ryan: he was to me at least
02:42:13 : Side: Rrazo165: thats kinda shit
02:42:34 : Side: Rrazo165: someone told me he was the biggest bandit on the server ?
02:42:37 : Side: Rrazo165: is this true ?
02:42:47 : Side: Ryan: he is 
02:42:52 : Side: Rrazo165: humanity ?
02:42:59 : Side: Boosted Outlaw: hes negative like 40k humanity
02:43:06 : Side: Rrazo165: oh shit
02:43:08 : Side: Rrazo165: thtas alot
02:43:19 : Side: Boosted Outlaw: surprised he didnt kill you
02:43:26 : Side: Rrazo165: nah
02:43:30 : Side: Rrazo165: he helped me
02:56:13 : Side: Boosted Outlaw: razo?
02:57:02 : Side: Boosted Outlaw: Rrazo
02:57:16 : Side: Ryan: answer
02:58:05 : Side: Boosted Outlaw: razo answer man
02:58:45 : Side: Ryan: razo answer or get shot
02:59:02 : Side: Ryan: i dont want to but you need to answer
02:59:20 : Side: Rrazo165: dude
02:59:22 : Side: Rrazo165: wtf
02:59:25 : Side: Rrazo165: oh
02:59:27 : Side: Rrazo165: my bad dude
02:59:29 : Side: Rrazo165: its me
02:59:35 : Side: Ryan: we missed on purpose
02:59:45 : Side: Rrazo165: i'll put my gun away
02:59:47 : Side: Ryan: just want to make sure friendly
02:59:53 : Side: Boosted Outlaw: k 
03:00:16 : Side: Boosted Outlaw: i dont want the gear you can keep it.  Just wanted to scare you a little is all.
03:00:28 : Side: Rrazo165: fucking shit myself
03:00:37 : Side: Rrazo165: im just chillin lookin at guns i can sell
03:00:39 : Side: Rrazo165: and boom
03:00:52 : Side: Rrazo165: cya
03:00:54 : Side: Ryan: anything you dont want we will take just telling you
03:00:56 : Side: Rrazo165: ty for not killing me
03:01:01 : Side: Boosted Outlaw: any DMR mags i can have by chance?
03:01:01 : Side: Rrazo165: you guys want a lift ?
03:01:06 : Side: Rrazo165: yeah sure
03:01:06 : Side: Ryan: nah
03:01:09 : Side: Rrazo165: i got them all on me
03:01:34 : Side: Ryan: its us
03:01:51 : Side: Rrazo165: ok
03:02:00 : Side: Rrazo165: there should be some mags still there
03:02:13 : Side: Boosted Outlaw: k cya man
03:02:32 : Side: Rrazo165: can i join your group
03:02:35 : Side: Rrazo165: so you know who i am
03:02:38 : Side: Rrazo165: and where i am
03:02:51 : Side: Ryan: there
03:03:01 : Side: Rrazo165: i nearly shit myself man
03:03:07 : Side: Rrazo165: i have 5 briefs in this car xD
03:03:36 : Side: Boosted Outlaw: full?
03:03:43 : Side: Rrazo165: nah
03:03:46 : Side: Rrazo165: 2 of em are full
03:06:11 : Side: Boosted Outlaw: just curious btw why are you a bandit?
03:06:22 : Side: Rrazo165: i shot a hero
03:06:31 : Side: Rrazo165: because he said fuck you to me
03:06:35 : Side: Boosted Outlaw: lol
03:06:41 : Side: Boosted Outlaw: you good
03:06:47 : Side: Rrazo165: flew passed me in a chopper and shouted fuck you
03:07:06 : Side: Boosted Outlaw: was it turmoil or freedom?
03:07:14 : Side: Rrazo165: turmoil
03:07:27 : Side: Boosted Outlaw: wow turmoil is kinda cool i thought
03:07:37 : Side: Boosted Outlaw: hes the biggest hero on the server
03:07:38 : Side: Rrazo165: yeah but i was talking shit in chat
03:07:43 : Side: Rrazo165: i was being a cunt
03:07:45 : Side: Boosted Outlaw: oh lol
03:08:05 : Side: Rrazo165: i guess you could say 
03:08:10 : Side: Rrazo165: i deserved what i got after it
03:08:37 : Side: Rrazo165: where do i buy safes ?
03:08:40 : Side: Boosted Outlaw: ive killed two people on the server once i killed 2DI34 and survivor on the server thats it.
03:09:26 : Side: Rrazo165: holy shit
03:09:29 : Side: Rrazo165: gems sell for alot
03:10:01 : Side: Boosted Outlaw: yeah gems sell for a ton the smallest one sells for 3 breifs
03:10:14 : Side: Rrazo165: do i need a crowbar to place a safe ?
03:10:21 : Side: Ryan: no
03:10:24 : Side: Rrazo165: ok
03:10:26 : Side: Rrazo165: umm
03:10:31 : Side: Ryan: toolbox maybe
03:10:33 : Side: Rrazo165: can you guys help me setup a little hut
03:10:38 : Side: Rrazo165: to store my stuff
03:10:41 : Side: Rrazo165: not a base 
03:10:43 : Side: Rrazo165: just a hut
03:11:17 : Side: Boosted Outlaw: buy a cinder wall full and a cinder garage door
03:11:34 : Side: Boosted Outlaw: and a plot pole
03:11:39 : Side: Rrazo165: do i need 4 cinder walls ?
03:11:45 : Side: Boosted Outlaw: no just one
03:12:34 : Side: Boosted Outlaw: just buy one wall and a garage door
03:12:47 : Side: Boosted Outlaw: block off the entrances of a barn with them
03:13:11 : Side: Boosted Outlaw: thats what i did awhile back with are first one
03:13:18 : Side: Rrazo165: shit
03:13:23 : Side: Rrazo165: i cant buy a lockbox lmao
03:13:57 : Side: Boosted Outlaw: we got a couple if you want
03:14:15 : Side: Rrazo165: i can give you 4oz of gold for it
03:14:21 : Side: Rrazo165: thats all i have
03:14:30 : Side: Boosted Outlaw: no bro we have too manyw
03:14:58 : Side: Rrazo165: gawd damn
03:15:08 : Side: Rrazo165: i need 2oz of gold to buya plot pole
03:15:13 : Side: Rrazo165: ima go do i mission
03:15:29 : Side: Boosted Outlaw: keep your distance
03:15:35 : Side: Freedom: i have one you can have
03:15:39 : Side: Boosted Outlaw: the npcs are not forgiving in epoch
03:15:45 : Side: Rrazo165: yeah ik
03:15:49 : Side: Rrazo165: i just sit behind my car
03:15:52 : Side: Rrazo165: kill a couple
03:15:57 : Side: Rrazo165: and roll back to cover
03:16:05 : Side: Rrazo165: rinse and repeat
03:16:34 : Side: Boosted Outlaw: thats good id keep a couple wheels in the car
03:16:44 : Side: Rrazo165: aww yeah good point
03:16:45 : Side: Rrazo165: lmao
03:17:13 : Side: Rrazo165: are you guys going to do that mission at nw ?
03:17:30 : Side: Boosted Outlaw: nah 
03:17:34 : Side: Rrazo165: aight
03:26:03 : Side: Rrazo165: shit man
03:26:06 : Side: Rrazo165: last bandage
03:26:08 : Side: Rrazo165: lmao
03:26:23 : Side: Boosted Outlaw: need help?
03:27:50 : Side: Boosted Outlaw: need help bud?
03:28:09 : Side: Rrazo165: damn i got rekt
03:28:19 : Side: Rrazo165: and if you could get my body that would be great
03:28:27 : Side: Boosted Outlaw: yeah bro i stay like 500m away when doing missions
03:28:35 : Side: Boosted Outlaw: mark it
03:28:35 : Side: Rrazo165: i was like 200
03:28:41 : Side: Rrazo165: i legit couldnt even peakw
03:29:05 : Side: Boosted Outlaw: yeah they suppress alot
03:29:33 : Group: Rrazo165: well i learned my lesson xD
03:29:57 : Group: Rrazo165: well on the plus side
03:30:07 : Group: Rrazo165: im not negetive humanity anymore
03:30:57 : Group: Ryan: we are putting your stuff in the back of your car including ghillie
03:31:02 : Group: Rrazo165: thanks dude
03:31:11 : Group: Rrazo165: cant thank you enough
03:36:08 : Side: Rrazo165: thanks man
03:36:11 : Group: Rrazo165: got my stuff
03:36:16 : Side: Boosted Outlaw: its not secure yet
03:36:57 : Side: Boosted Outlaw: aim low
03:37:43 : Group: Ryan: think its good
03:38:06 : Group: Rrazo165: you guys got a wheel?
03:38:23 : Side: Boosted Outlaw: take one off truck
03:38:26 : Side: Boosted Outlaw: down here
03:38:30 : Group: Ryan: take one from one of the cars down here
03:39:04 : Group: Boosted Outlaw: loot bodies
03:40:01 : Group: Ryan: use car parts not cars they will despawn
03:40:06 : Group: Ryan: at restart
03:40:10 : Group: Rrazo165: yeah
03:40:46 : Group: Rrazo165: how do i take the wheel off ?
03:40:54 : Group: Ryan: go to salvage
03:41:00 : Group: Rrazo165: yeah?
03:41:17 : Group: Ryan: and then go one of the wheels
03:42:11 : Group: Rrazo165: its just saying cancel action
03:42:57 : Group: Boosted Outlaw: after restart you can ride with us to traders and get a new one
03:43:01 : Group: Rrazo165: thanks
03:47:49 : Group: Ryan: seein if i could scare you
03:54:34 : Side: Freedom: you know you guys are in side right?
03:54:46 : Side: Ryan: no group
03:54:53 : Side: Freedom: i can hear you
03:55:03 : Side: Boosted Outlaw: he was 
03:55:09 : Side: Freedom: ohh im in your group nvm lol
04:09:25 : Direct: Freedom: hello
04:09:37 : Direct: Wallace: hello again
04:10:00 : Direct: Freedom: how ya doin
04:10:14 : Direct: Wallace: i think we ran into each other at bash trader the other day
04:10:28 : Direct: Wallace: i mightve been using a different name
04:10:48 : Direct: Freedom: maybe i dont remember you a hero
04:11:12 : Direct: Wallace: not sure if i had hero humanity at the time
04:11:26 : Direct: Freedom: lol what was other name
04:11:28 : Direct: Wallace: i was in a huey tho
04:11:35 : Direct: Wallace: Janzen i think
04:11:51 : Direct: Freedom: maybe not for sure buddy
04:12:21 : Direct: Wallace: well good luck, nonetheless
04:12:47 : Direct: Freedom: same to you
04:16:26 : Group: Freedom: i dont have my mic enabled i use ts i always push the damn button and get paused for 5 sec so i turned it off but i can hear you
04:29:42 : Group: Freedom:  i have an old base not sure if still there or not i moved out like a week ago all cinder
04:30:14 : Group: Freedom: lol me?
04:38:59 : Side: Wallace: freedom. you get your stuff back?
04:39:17 : Side: Freedom: working on it now you at same mission?
04:39:24 : Side: Wallace: yup
04:39:39 : Side: Freedom: you get other m2 ? i can see him
04:39:54 : Side: Wallace: yeah i got one of em
04:40:05 : Side: Ryan: \
04:40:08 : Group: Freedom: i know
04:40:45 : Group: Freedom: ya one right by base
04:41:32 : Side: Freedom: 3 left
04:43:17 : Side: Freedom: that you next to chopper?
04:43:22 : Side: Wallace: yep
04:46:02 : Side: Freedom: you take everything you wanted?
04:46:41 : Side: Wallace: yeah go ahead
04:46:50 : Side: Freedom: all junk lol
04:46:51 : Side: Wallace: im looting bodies
04:48:32 : Direct: Wallace: u takin the bird? is it flyable?
04:48:32 : Direct: Freedom: just really doing for humanity
04:48:46 : Direct: Freedom: did not check you can have it
05:02:19 : Group: Freedom: all good
05:03:24 : Group: Freedom: see ya guys
05:22:41 : Group: Freedom: wallace you in plane
05:22:50 : Side: Freedom: wallace you in plane
05:22:56 : Side: Wallace: yup
05:23:00 : Side: Freedom: ok
05:23:11 : Side: Wallace: traded in the busted wings and got new ones
05:23:21 : Side: Freedom: lol right on
05:39:08 : Side: Rrazo165: OOOOO
05:39:47 : Side: Boosted Outlaw: Its all yours, cya bro good luck with the base.
05:39:57 : Side: Rrazo165: ty dude
07:18:29 : Side: Rrazo165: you guys bandits ?
07:18:51 : Side: galina: nop
07:18:58 : Side: Rrazo165: ok good
07:19:14 : Side: Rrazo165: im just on to do some mission
07:19:16 : Side: Rrazo165: so
07:19:22 : Side: Rrazo165: let me do them in peace
07:36:49 : Side: galina: what mission r u doing
07:37:18 : Side: Rrazo165: why ?
07:37:27 : Side: galina: so i go to another
07:37:39 : Side: Rrazo165: im cleaning the one up that i finished
07:37:42 : Side: Rrazo165: dw
07:37:50 : Side: Rrazo165: im not gonna do another on until i sell this stuff
07:38:07 : Side: galina: k
07:40:12 : Side: Rrazo165: why is noone going for that
07:40:15 : Side: Rrazo165: its greatw
07:56:26 : Group: Rrazo165: fuuuuuuuuuuuuuuuuuuuuck
07:58:48 : Group: Rrazo165: can you hear me dude ?
07:59:21 : Group: 2DIE4: YAP  im just doin some corrections  im not playing
07:59:32 : Group: 2DIE4: good efffort mate
07:59:53 : Group: Rrazo165: i broke my car with all my shit in it
07:59:58 : Group: Rrazo165: i just need a wheel lmao
08:00:07 : Group: 2DIE4: ok check this out 
08:00:39 : Group: 2DIE4: have a crowbar and a toolbox  on u? if not get both 
08:00:53 : Group: Rrazo165: i have a tool boc
08:00:56 : Group: Rrazo165: but no crowbar
08:00:57 : Group: 2DIE4:  then go to the big red metall shed in stary
08:01:33 : Group: 2DIE4: u can brake down the cars in that shed and get like windscreens or scrap metal as well as tires
08:01:43 : Group: Rrazo165: oh nvm
08:01:46 : Group: 2DIE4: its pretty much spareparts 4 free
08:01:50 : Group: Rrazo165: i just took the wheel on and off and it repaired
08:01:52 : Group: Rrazo165: lmao
08:02:06 : Group: 2DIE4: yeah bug ... ok   then 
08:02:15 : Group: Rrazo165: nah the wheel was damaged 95
08:02:21 : Group: Rrazo165: it wasnt completely fucked
08:02:33 : Group: 2DIE4: well its still a  bug
08:02:43 : Group: Rrazo165: so i took it on and off and it reset the damage on the wheel
08:03:04 : Group: 2DIE4:  u sometimes can salvage wheels of  a  vehicle for the complete restart  =) 
08:03:26 : Group: 2DIE4: arma is the queen of buggy games
08:03:33 : Group: Rrazo165: ikr
08:03:45 : Group: 2DIE4: well gotta go on fixing stuff  =) 
08:03:51 : Group: 2DIE4:  good luck mate
08:03:52 : Group: Rrazo165: np
08:03:54 : Group: Rrazo165: ty
08:54:10 : Side: mixer_90: Hi, guys!
08:54:38 : Side: Sierra [SD]: Good morning Mixer :) - how are you?
08:54:49 : Side: mixer_90: Sierra, im look you are have update for traider zone
08:55:09 : Side: mixer_90: It is wery cool for be alive)
08:55:41 : Side: mixer_90: Im fun!
08:56:17 : Side: Sierra [SD]: Traders haven't had anything done to them I don't think
08:56:27 : Side: Sierra [SD]: good glad to hear it :)
11:44:08 : Side: mixer_90: Who is flying?
11:44:28 : Side: VLADIMIR>***: where?
11:44:50 : Side: mixer_90: Berezino
11:45:01 : Side: VLADIMIR>***: Vladimir:)
11:45:16 : Side: mixer_90: Friendly)))?
11:45:26 : Side: VLADIMIR>***: yesss
11:45:36 : Side: VLADIMIR>***: yu ned somteng?
11:45:51 : Side: VLADIMIR>***: gold or gun?
11:45:52 : Side: mixer_90: no thenks
11:45:57 : Side: VLADIMIR>***: oki
14:20:38 : Side: Freedom: hello
14:23:01 : Side: Laurence Gommersil: freedom you at base?
14:23:10 : Side: Freedom: pris whos locked heli is parked next to my base
14:23:17 : Side: Freedom: ya buddy
14:24:12 : Side: Freedom: you know whos heli this is lawrance
14:24:20 : Side: Freedom: lauraance
14:24:22 : Side: Laurence Gommersil: ill come look
14:24:29 : Side: Freedom: damnit you know who im talking tyo lol
14:24:55 : Side: Laurence Gommersil: where r u
14:25:06 : Side: Freedom: inside coming out
14:26:55 : Side: Laurence Gommersil: that armoured one?
14:27:18 : Side: Freedom: the one by the cars
14:27:26 : Side: Laurence Gommersil: ye the armoured one
14:27:41 : Side: Freedom: ok yeah you know whos
14:27:48 : Side: Laurence Gommersil: our
14:27:53 : Side: Freedom: copy
14:28:30 : Side: Freedom: figured was one of you guys just makin sure though no need to move its fine
14:28:41 : Side: Laurence Gommersil: wait
14:28:45 : Side: Laurence Gommersil: this one isnt
14:29:09 : Side: Freedom: hmm
14:29:24 : Side: Laurence Gommersil: you might wanna sell these
14:29:32 : Side: Freedom: might be turmoils or jesse then
14:29:38 : Side: Laurence Gommersil: someone might steal bdw thats pris dont shoot
14:30:00 : Side: Freedom: bdw?
14:44:40 : Side: Laurence Gommersil: STOP FREEDOM
14:44:53 : Side: Freedom: what
14:44:55 : Side: Laurence Gommersil: wait not you
14:44:56 : Side: Laurence Gommersil: xD
14:52:47 : Side: Laurence Gommersil: freedom join group?
14:53:14 : Side: Freedom: roger
14:53:21 : Group: Laurence Gommersil: yo
14:53:32 : Side: Freedom: whats up
14:53:37 : Group: Freedom: whats up
15:13:26 : Group: Laurence Gommersil: freedom like our new base? xD
16:07:19 : Group: Laurence Gommersil: freedom
16:07:31 : Group: Freedom: dont use my bottom doors guys trip wires with gernades hidden only come up top
16:07:35 : Group: Freedom: yes
16:07:50 : Group: Laurence Gommersil: look at our new base
16:08:09 : Group: Freedom: wondering what you guys were doing
16:08:21 : Group: Freedom: looking snazzy guys i like it
16:08:38 : Group: Laurence Gommersil: yeah i built it all on my own
16:08:45 : Group: Freedom: got some shooter doors i see
16:09:26 : Group: Freedom: gj man
16:10:03 : Group: Freedom: you guys have any string
16:10:16 : Group: Freedom: need one more and you cant buy it
16:10:26 : Group: PRISMIC: no sorry
16:10:58 : Group: Laurence Gommersil: got spare metal pole and tank trap freedom?
16:11:19 : Group: Freedom: let me look
16:12:42 : Group: Freedom: do you have a piece of scrap metal i can make one i only have one piece though
16:13:03 : Group: Laurence Gommersil: ye i do be over after restart
16:13:11 : Group: Freedom: ok
16:13:14 : Group: Laurence Gommersil: brah
16:23:07 : Group: Freedom: you coming over
16:23:19 : Group: PRISMIC: yer hang on
16:29:45 : Group: PRISMIC: come  down XD
16:30:07 : Group: PRISMIC: i need to get ur scrap metal from old abse
16:30:17 : Group: PRISMIC: base
16:30:24 : Group: Freedom: you dont have on you
16:30:31 : Group: PRISMIC: nope
16:30:33 : Group: Laurence Gommersil: ay old base down there
16:30:35 : Group: PRISMIC: follow
16:30:40 : Group: Freedom: ok
16:33:18 : Group: Freedom: all turned into polls?
16:33:27 : Group: PRISMIC: ?
16:33:39 : Group: Freedom: do you want these all turned into polls
16:33:47 : Group: Laurence Gommersil: poles?
16:34:02 : Group: PRISMIC: yer go on  then
16:36:22 : Group: Freedom: lol poles sorry
16:36:27 : Group: Laurence Gommersil: xD
16:36:39 : Group: Laurence Gommersil: dw
16:36:51 : Group: Freedom: how many tank traps you need
16:37:23 : Group: Laurence Gommersil: dont worry were going trader we'll just buy some
16:37:39 : Group: Freedom: lmao so you dont need the poles
16:37:51 : Group: Laurence Gommersil: not anymore xD
16:37:59 : Group: Freedom: smh
16:38:10 : Group: Laurence Gommersil: smh?
16:38:17 : Group: Freedom: shake my head
17:05:23 : Side: Wilkomir: Hello
17:05:29 : Group: Laurence Gommersil: admin
17:05:29 : Side: Wilkomir: Anyone need help?
17:05:44 : Side: Freedom: got string lol
17:05:48 : Side: Laurence Gommersil: admin we need help quick
17:06:08 : Side: Laurence Gommersil: lwb or sierra i need help
17:06:51 : Side: Laurence Gommersil: admin?
17:07:43 : Side: Laurence Gommersil: wait my friends coming online now he will speak to you
17:08:05 : Side: PRISMIC: LWB CAN WE TALK IN TEAM SPEAK
17:10:03 : Side: PRISMIC: admin i just got high ping in heli and lost all  my stuf  please help me ! :(((((
17:10:34 : Side: PRISMIC: its not can i get mystuf back
17:10:47 : Side: PRISMIC: w
17:11:17 : Side: PRISMIC: cheers just thaught  you could help m
17:11:46 : Side: Freedom: hahah
17:11:59 : Side: PRISMIC: wtf i havent got a  safe with gems ??!!
17:12:09 : Side: PRISMIC: i have 5 breefs left
17:12:23 : Side: PRISMIC: i had 1 breef and  50 metal panels in  heli
17:13:12 : Side: Freedom: i always put my stuff in bag for that reason
17:13:51 : Side: PRISMIC: fucking buull shit... i hate  wifi
17:14:24 : Side: PRISMIC: yup
17:14:26 : Side: Freedom: i know man my kids always get me kicked off watching netflix
17:14:34 : Side: PRISMIC: i have to start over now..
17:15:11 : Side: Freedom: i have some money you can borrow pris
17:15:14 : Side: PRISMIC: freedom  can i get a pick up
17:15:33 : Side: Freedom: yeah on way
17:15:44 : Side: PRISMIC: its  fine mate  thank you ill just have to save again and  not put my lifes earnings in one heli 
17:15:56 : Side: PRISMIC: fucksake
17:16:00 : Side: PRISMIC: nm
17:16:23 : Side: Freedom: still need a lift?
17:16:57 : Side: PRISMIC: yes  please  from bash
17:17:07 : Side: Freedom: copy
17:23:08 : Group: PRISMIC: thank  you mate
17:23:23 : Group: Freedom: n p
17:23:42 : Group: PRISMIC: oh  shit u have ammo  in this
17:23:53 : Group: Freedom: nope lol
17:24:04 : Group: PRISMIC: he diddt see us
17:24:15 : Group: PRISMIC: tf
17:24:26 : Group: Freedom: yeah i seen him
17:25:21 : Group: Freedom: up top or down low?
17:25:27 : Group: PRISMIC: got any  food ?
17:25:40 : Group: Freedom: in heli now
17:26:01 : Group: PRISMIC: land me on roof please
17:26:06 : Group: Freedom: i put it in heli the food
17:26:17 : Group: PRISMIC: ty
17:26:59 : Group: Freedom: have to be top top
17:27:35 : Group: PRISMIC: ty
17:27:38 : Group: Freedom: sorry lol
17:27:57 : Group: Freedom: though i was on more
17:28:48 : Group: Freedom: your welcome
17:31:42 : Group: Freedom: yeah
17:34:25 : Group: Freedom: on way
17:37:50 : Group: Freedom: np
17:40:32 : Group: Freedom: your welcome
17:45:32 : Side: Rrazo165: i would like for you to know
17:45:38 : Side: Rrazo165: who ever just shot down my heli
17:45:43 : Side: Rrazo165: you are a piece of human shit
17:45:50 : Side: Winans: it was ai
17:45:58 : Side: Rrazo165: no it wasnt
17:46:07 : Side: Winans: it was an m2 from a mission
17:46:10 : Side: Wilkomir: U need some help?
17:46:34 : Side: Wilkomir: m8?
17:49:10 : Side: Rrazo165: wow
17:49:18 : Side: Rrazo165: this is an 18+ game and i cant swear
17:49:18 : Side: Wilkomir: ?
17:49:53 : Side: Rrazo165: i got kicked for saying shit
17:50:07 : Side: Wilkomir: xD
17:50:09 : Side: Wallace: lol
18:22:55 : Side: Freedom: hello
18:23:02 : Side: Luca: hi
18:23:17 : Side: Freedom: you get your base back buddy?
18:23:25 : Side: Luca: just now
18:23:31 : Side: Luca: :)
18:23:32 : Side: Freedom: sweet good deal
18:23:46 : Side: Luca: now i have to change all locks
18:23:52 : Side: Luca: uff
18:24:07 : Side: Freedom: i heard they have quit but i would just to be safe
18:24:29 : Side: Freedom: very nice lwb
18:24:36 : Side: Luca: yes, admid told me that they want more play in this server
18:25:06 : Side: Freedom: did you know them lwb?
18:25:13 : Side: Luca: no
18:25:25 : Side: Winans: who quit?
18:25:38 : Side: Luca: 2die4 told me that one of them was named LAURA
18:25:44 : Side: Freedom: way they were treated after they tried breaking into everyones base lol
18:25:59 : Side: Freedom: laura almasty alfie
18:26:24 : Side: Luca: someone told her and alfie some bad insults 
18:26:29 : Side: Freedom: yes that is correct i hear you there
18:26:40 : Side: Luca: ok
18:26:41 : Side: Freedom: well thats no nice at all 
18:26:43 : Side: Luca: got it
18:27:01 : Side: Luca: luckly i've got back my base
18:27:15 : Side: Freedom: i was not aware of this 
18:27:26 : Side: Freedom: yes im glas luca
18:27:30 : Side: Winans: classic 2die4 abuse?
18:27:35 : Side: Luca: tx :)
18:27:36 : Side: Freedom: im sure lol
18:27:46 : Side: Freedom: i will lwb
18:27:56 : Side: Luca: i've already readed
18:28:16 : Side: Luca: ok
18:33:25 : Side: Freedom: hey wallace?
18:33:35 : Side: Wallace: yo?
18:33:48 : Side: Freedom: you dont happen to have any string do you?
18:34:07 : Side: Wallace: i got nothin atm... just got killed
18:34:18 : Side: Freedom: copy that
18:38:33 : Side: Freedom: sweeet found some
19:02:15 : Side: Freedom: if you need any help luca let me know
19:02:42 : Side: Luca: ok tx but i think is all right now :)
19:03:12 : Side: Freedom: yeah for future though
19:03:26 : Side: Luca: oh ok! tx :D
19:09:29 : Direct: Freedom: hello
19:09:42 : Direct: Luca: hi freedom!
19:09:54 : Direct: Freedom: haha hello
19:09:57 : Direct: Luca: i sell the old locks
19:10:02 : Direct: Freedom: why
19:10:03 : Direct: Luca: :)
19:10:20 : Direct: Luca: because they know the combinations
19:10:26 : Direct: Freedom: take off put back on
19:10:31 : Direct: Freedom: give new code
19:10:42 : Direct: Luca: how?
19:11:02 : Direct: Freedom: just unlock your door then look at it scroll to downgrade door
19:11:13 : Direct: Luca: ok then?
19:11:19 : Direct: Freedom: then scroll to upgrade dooor
19:11:34 : Direct: Luca: and the combination change?
19:11:39 : Direct: Freedom: you will keep lock and when you put back on it will givew you a diff code
19:11:47 : Direct: Luca: ah ok
19:12:01 : Direct: Luca: now i know :)
19:12:03 : Direct: Luca: tx
19:12:07 : Direct: Freedom: yes sir
19:12:12 : Direct: Freedom: see ya
19:29:27 : Group: Freedom: lol
19:29:39 : Group: Faldehals: :D
19:30:04 : Side: Faldehals: hey ho
19:30:13 : Side: Freedom: lol
19:30:54 : Side: Luca: XD
19:35:23 : Side: Freedom: lol classic
19:35:50 : Side: Luca: yes
19:47:58 : Side: Hailstorm: thx to the sds clan, 65 bc were in their safes ^^
19:48:11 : Side: Freedom: score
19:49:04 : Side: Freedom: if you cant carry them all i can helpxD
19:49:47 : Side: Hailstorm: xD
20:01:10 : Side: Faldehals: free stuff at the radiotower
20:01:50 : Side: Faldehals: and music to
20:14:41 : Side: Faldehals: why i cant sell this fuking chessna
20:14:45 : Side: Hailstorm: any admin there?
20:15:41 : Side: Hailstorm: can u watch another channel than the side_
20:15:47 : Side: Faldehals: whats up with the plaindealer ?
20:16:32 : Side: Hailstorm: k, i am coming
20:18:51 : Side: Hailstorm: ahm, someone can give me the ip??? :)
20:20:03 : Side: Hailstorm: oh ^^ thx
20:34:25 : Side: Faldehals: who was in the uh-1y ?
20:34:29 : Side: Hailstorm: mee
20:34:37 : Side: Faldehals: :D i was in the chessna
20:34:49 : Side: Hailstorm: u tried to ram me
20:35:20 : Side: Faldehals: not real but was try to get closer cause music was running in direckt
20:35:50 : Side: Faldehals: you hear this ?
20:35:59 : Side: Hailstorm: no
20:36:05 : Side: Winans: u still in the air?
20:36:16 : Side: Faldehals: nope out of gas
20:36:32 : Side: Hailstorm: ohhh, tried to hunt you down
20:37:35 : Side: Hailstorm: thats a good way to learn aiming with it
20:38:42 : Side: Faldehals: i can build a mozzie if you like
20:38:47 : Side: Faldehals: im bored
20:39:21 : Side: Faldehals: i do my stuff in safe and come stary
20:39:31 : Side: Hailstorm: naa, its ok
20:39:52 : Side: Faldehals: k #
20:49:34 : Side: Hailstorm: hahaha, who is that venom???
20:50:11 : Side: 2DIE4: was me  =) and u lucky i came from a mission and had no ammo  XD
20:50:18 : Side: Hailstorm: ^^
20:50:34 : Side: Hailstorm: venom eats chaingunammo in mass
20:50:45 : Side: Hailstorm: we make many damage?
20:52:12 : Side: Hailstorm: i still need revenge for my ah6 -.-
20:52:25 : Side: Hailstorm: but caming at bandit is laim ^^
21:06:44 : Side: Hailstorm: really
21:06:49 : Side: Winans: wtf u doing
21:07:05 : Side: 2DIE4: just shooting back
21:07:18 : Side: Hailstorm: cant manouver, my heckrotor was down
21:07:23 : Side: Winans: its 10 mins ago
21:07:38 : Side: Winans: we did not even pursue when we knew it was u
21:07:42 : Side: 2DIE4: u didnt loose
21:07:56 : Side: 2DIE4: i was at trader then
21:08:12 : Side: 2DIE4: u didnt loose anything
21:08:43 : Side: Hailstorm: we need the money to repair, m2 shot us hardly
21:09:00 : Side: 2DIE4:  i can give u  a rotor and engine
21:09:23 : Side: Hailstorm: na, everything is damaged
21:09:25 : Side: 2DIE4: take it out
21:09:35 : Side: Freedom: anyone know whos locked heli is at my place?
21:10:25 : Side: 2DIE4: back at trader u want the engine?
21:10:29 : Side: Winans: no ty
21:10:31 : Side: 2DIE4: and the rotor?
21:10:42 : Side: Hailstorm: no, we are at the base, to repair
21:16:34 : Side: 2DIE4:  hail u can be asured tht i will only attack you in the chopper when u r in the air
21:17:08 : Side: Hailstorm: ok, dont like it to attack someone who cant defend himself or his stuff
21:24:41 : Side: 2DIE4: im on TS 
21:25:06 : Side: Freedom: ok i checked but you werent fem min ago ill get on
21:58:49 : Group: Rrazo165: can someone pick me up
21:58:56 : Group: Rrazo165: some arsehole shot down my heli earlier
21:59:09 : Group: Turmoil: currently doing mission
21:59:12 : Group: Freedom: be a min
21:59:17 : Group: Rrazo165: no
21:59:19 : Group: Rrazo165: np
21:59:21 : Group: Rrazo165: wait
21:59:31 : Group: Rrazo165: the biggest hero and the biggest bandit in the same group
21:59:33 : Group: Rrazo165: whaaaaaaaaa
22:00:00 : Group: Freedom: mutual respect
22:00:12 : Group: Rrazo165: i see
22:04:31 : Group: Rrazo165: looks like i am pedaling xD
22:04:47 : Group: Turmoil: just cleared the mission :)
22:04:53 : Group: Turmoil: patience young padawan 
22:05:01 : Group: Rrazo165: oh
22:05:11 : Group: Rrazo165: and i got my humanity back up to 200
22:05:15 : Group: Rrazo165: 2000*
22:05:18 : Group: Rrazo165: after shooting you
22:05:26 : Group: Rrazo165: are you proud of me ?
22:05:43 : Group: Turmoil: good work :) how much did you lose when you killed me?
22:05:50 : Group: Rrazo165: like 3000
22:05:56 : Group: Rrazo165: no
22:06:01 : Group: Rrazo165: i was at 2500
22:06:05 : Group: Rrazo165: then i lost 5000
22:06:08 : Group: Rrazo165: when i killed you
22:06:15 : Group: Rrazo165: because you are a lvl 3 hero
22:06:27 : Group: Turmoil: im lvl 5 hero :) 
22:06:32 : Group: Rrazo165: oh 
22:06:35 : Group: Rrazo165: ok then
22:06:40 : Group: Turmoil: 56k humanity
22:06:44 : Group: Rrazo165: duuude
22:06:48 : Group: Rrazo165: thats alot
22:08:28 : Group: Rrazo165: oh
22:08:30 : Group: Rrazo165: hello
22:08:45 : Group: Rrazo165: take me to the nato mission plz
22:08:50 : Group: Rrazo165: then i can get a car form it
22:08:51 : Group: Rrazo165: fromw
22:09:04 : Group: Freedom: ok you going to jump out 
22:09:11 : Group: Rrazo165: yeah
22:10:16 : Group: Rrazo165: i will eject in 1km
22:10:59 : Group: Rrazo165: wow
22:11:03 : Group: Rrazo165: that sucks
22:11:14 : Group: Rrazo165: 2 die don you dare
22:11:19 : Group: Freedom: haha
22:16:00 : Group: Rrazo165: they all dead ?
22:16:06 : Group: 2DIE4: should
22:16:15 : Group: Rrazo165: im sniping them from 700m
22:16:18 : Group: Rrazo165: not taking any chances
22:17:36 : Group: 2DIE4:  one more
22:17:51 : Group: 2DIE4: ghilli
22:17:54 : Group: Rrazo165: i'll get em
22:21:34 : Group: Rrazo165: who killed me 
22:21:36 : Group: Rrazo165: ai?
22:21:54 : Group: Freedom: yes
22:21:57 : Group: Rrazo165: jesus
22:22:00 : Group: Rrazo165: the ai flanked me
22:22:13 : Group: Turmoil: they are good at that if you dont pay attension to them :)
22:22:18 : Group: Rrazo165: the last fucking one
22:22:22 : Group: Rrazo165: flanked me xD
22:22:39 : Group: Rrazo165: i thought it was a player
22:25:44 : Group: Rrazo165: was that ai again xD ?
22:25:49 : Group: Turmoil: yeah with M240
22:25:52 : Group: Freedom: yup
22:26:10 : Group: 2DIE4: u gotta watch the AI from the camp also
22:26:23 : Group: Rrazo165: yeah iwas riding by hero ai and they shot me
22:26:39 : Group: 2DIE4: duhhh
22:26:47 : Group: Rrazo165: xD
22:31:27 : Group: Rrazo165: dun take that truck
22:31:28 : Group: Rrazo165: plz
22:31:38 : Group: Rrazo165: is there another car there ?
22:54:36 : Group: Rrazo165: someone wanna help me get this stronghold
22:54:40 : Group: Rrazo165: its next to my base
22:54:46 : Group: Rrazo165: i dont want to get shot at everytime i come out
22:55:30 : Group: 2DIE4: well  u gotta work on ya battlebehaviour  =)
22:55:38 : Group: Rrazo165: what you mean ?
22:56:01 : Group: Rrazo165: im not pro like you though
22:56:02 : Group: 2DIE4: approach, stalking , cover , shootin
22:58:18 : Direct: Hailstorm: hi 2die4
22:58:29 : Group: Rrazo165: welp
22:58:36 : Group: Rrazo165: no bandages
22:58:39 : Group: Rrazo165: im my base
22:58:40 : Group: Rrazo165: bleeding
22:58:42 : Group: Rrazo165: rip
22:58:53 : Group: 2DIE4: hey guys nice lil chopper =)
22:59:06 : Side: 2DIE4:  nice lil chopper  =)
22:59:27 : Side: Hailstorm: yeah, hard to spot that tiny thing
22:59:42 : Side: Hailstorm: but its a flying tank
23:00:04 : Side: Hailstorm: no damage after 40 m2 hits ^^
23:00:16 : Side: 2DIE4: i know right  =) 
23:00:42 : Side: Hailstorm: but i am not sure how thick are the glasses
23:01:13 : Side: 2DIE4: pretty thik  but not indestructable
23:01:31 : Side: Hailstorm: yeah, nothing is indestructable
23:01:47 : Side: Zarag: not badd
23:01:51 : Side: Turmoil: i am ^^
23:01:57 : Side: Zarag: .-d
23:02:03 : Side: Turmoil: in real life that is...
23:02:18 : Side: Hailstorm: no, your superhero but not indestructable ^^
23:02:43 : Side: Turmoil: in game i am very destructible ^^
23:03:06 : Side: Turmoil: probably the easiest player to kill
23:04:20 : Side: Turmoil: hello whoever is doing MV22 mission :)
23:04:33 : Side: Boosted Outlaw: sup
23:04:39 : Side: Turmoil: nm, just flying by :)
23:05:09 : Side: Turmoil: just heard you shoot
23:05:11 : Side: Hailstorm: booster, if u want i can lift u the mv22 out of the mission, u only have to kill m2
23:05:38 : Side: Boosted Outlaw: they already dead bro
23:05:49 : Side: Hailstorm: al AI ?
23:06:27 : Side: Boosted Outlaw: like 10 are dead the m2s are dead for sure
23:06:35 : Group: Rrazo165: teach me your ways 2die
23:06:42 : Group: Rrazo165: i am shit xD
23:06:46 : Side: Hailstorm: should i lift it out for u?
23:06:57 : Side: Boosted Outlaw: you can if you want
23:07:21 : Side: Boosted Outlaw: i dont think you can lift a chopper with a chopper can you?
23:07:34 : Side: Hailstorm: i can
23:07:41 : Side: Boosted Outlaw: huh aight
23:07:46 : Side: Hailstorm: can lift c130 with it
23:07:52 : Side: Boosted Outlaw: jesus
23:08:42 : Group: Rrazo165: dmr ?w
23:08:49 : Side: Hailstorm: k, where are u
23:08:58 : Side: Boosted Outlaw: wanna give me a lift
23:09:05 : Side: Hailstorm: sure
23:09:25 : Side: Boosted Outlaw: look on map
23:10:03 : Side: Boosted Outlaw: to north east
23:10:34 : Side: Boosted Outlaw: in
23:10:41 : Vehicle: Hailstorm: welcome on boardq
23:10:54 : Vehicle: Zarag: allahu akbar
23:11:03 : Vehicle: Boosted Outlaw: lol
23:11:05 : Vehicle: Hailstorm: ignore my sturad
23:11:11 : Vehicle: Hailstorm: *stuard
23:11:25 : Vehicle: Zarag: sturad good man builds wall in two hours
23:11:43 : Vehicle: Hailstorm: *-.-
23:11:45 : Vehicle: Boosted Outlaw: im just gonna sell this thing to get some more money for the base im building
23:11:52 : Vehicle: Boosted Outlaw: dont know how to fly it anyway
23:11:53 : Vehicle: Zarag: :*
23:12:08 : Vehicle: Hailstorm: can u drop in a trader city after celling ths
23:12:30 : Vehicle: Boosted Outlaw: drop what?
23:12:46 : Side: Luca: nooo :)
23:12:47 : Vehicle: Hailstorm: u have to turn on the autohover, after that u can fly like a plane
23:12:51 : Side: Luca: me hero
23:12:53 : Vehicle: Zarag: drop it like its hooooot
23:12:54 : Side: Luca: my hero
23:13:04 : Vehicle: Boosted Outlaw: oh i know
23:13:06 : Vehicle: Hailstorm: i can drop u after celling the mv22 in a tradercity if u want
23:13:19 : Vehicle: Hailstorm: selling 
23:13:21 : Vehicle: Hailstorm: :D
23:13:34 : Vehicle: Boosted Outlaw: nah im good. ive got a friend logging on soon up there so
23:13:38 : Vehicle: Hailstorm: where are u from?
23:13:42 : Side: Rrazo165: hello mr chopper dude
23:13:45 : Vehicle: Hailstorm: ok
23:13:49 : Vehicle: Zarag: germania
23:13:52 : Vehicle: Boosted Outlaw: US
23:14:00 : Side: Boosted Outlaw: sup razo
23:14:04 : Vehicle: Hailstorm: ok, sry for my english, i am from germany
23:14:49 : Vehicle: Boosted Outlaw: thanks for the lift boys
23:14:54 : Vehicle: Hailstorm: np
23:14:58 : Vehicle: Boosted Outlaw: drop right out front the hangar
23:15:00 : Vehicle: Zarag: np
23:15:03 : Vehicle: Zarag: 88
23:15:20 : Vehicle: Zarag: white dürü,
23:15:22 : Vehicle: Zarag: m
23:15:36 : Side: Rrazo165: boosted
23:15:41 : Side: Rrazo165: can you do me a favour
23:15:43 : Side: Boosted Outlaw: yo
23:15:46 : Side: Rrazo165: pick me up and drop me at my base
23:15:52 : Side: Rrazo165: im fuckin done with these missions
23:15:54 : Side: Boosted Outlaw: im not flying
23:16:00 : Side: Rrazo165: its cool then
23:16:06 : Side: Zarag: drop it like its hoooooot
23:16:15 : Side: Hailstorm: i can pick u up
23:16:30 : Side: Rrazo165: im at komorovo
23:16:49 : Side: Boosted Outlaw: can you drop me at stary?
23:17:03 : Side: Hailstorm: sry for that turkish guy in my heli, always bullshit out of his mouth ^^
23:17:26 : Side: Zarag: yalla
23:20:05 : Side: Zarag: 2die4?
23:20:20 : Side: 2DIE4: ?
23:20:22 : Side: Hailstorm: ohh, whats coming now
23:20:34 : Vehicle: Boosted Outlaw: thanks boys
23:20:39 : Vehicle: Hailstorm: np
23:20:55 : Side: Zarag: why is your base so fucking ugly? I mean i got cancer my eyevbrows are like.... kapuuuffff
23:21:06 : Side: Hailstorm: *-.-
23:21:16 : Side: 2DIE4: it dont need to be pretty  pretty is for girls
23:21:35 : Side: Hailstorm: rrazo, still in kamarovo
23:21:39 : Side: Rrazo165: nah
23:21:40 : Side: Zarag: well didnt expected that xDD
23:22:02 : Side: Rrazo165: its ok im only 1000m awayw
23:22:07 : Side: Hailstorm: sry, heli is so slow
23:22:08 : Side: Rrazo165: ty anyway
23:22:30 : Side: Rrazo165: tormoil
23:22:32 : Side: Rrazo165: pick me up
23:22:34 : Side: Rrazo165: plz
23:22:37 : Group: Turmoil: im in a mozzie
23:22:43 : Side: Rrazo165: ahh
23:22:44 : Side: Rrazo165: ok
23:23:05 : Group: Rrazo165: do you spawn with a mozzie kit ?w
23:23:08 : Group: Turmoil: yep
23:23:19 : Group: Rrazo165:  i wanna be a hero lvl 5 :Dw
23:23:39 : Group: Turmoil: its quite handy indeed
23:24:21 : Direct: Luca: hi
23:24:36 : Direct: Pibe: hi
23:24:42 : Direct: Staneles: HI
23:25:16 : Side: Hailstorm: boosted, still in stary
23:25:41 : Side: Boosted Outlaw: nah
23:25:50 : Side: Boosted Outlaw: leaving now
23:26:14 : Side: Hailstorm: ok, will drop a fueltruck there, if someone want it, go for it
23:26:20 : Group: Turmoil: not even close
23:26:32 : Group: Turmoil: strongholds have over 30 ai and two helis
23:26:58 : Side: Hailstorm: woopsi, fliped it -.-
23:27:09 : Group: Turmoil: yes
23:28:38 : Side: Hailstorm: 2die4, did u know whats going on yesterday with Laura Almasty chrismech and Alfie420?
23:29:12 : Side: Hailstorm: heard they left the server
23:29:39 : Direct: Luca: waybe there
23:29:48 : Group: Turmoil: me
23:30:00 : Direct: Luca: is named Camo recon
23:30:05 : Direct: Luca: my suit
23:30:09 : Group: Turmoil: is it the humwee?
23:30:17 : Direct: Luca: i have find it 
23:30:23 : Direct: Luca: np ;)
23:30:26 : Side: Hailstorm: hmmm, can i lift a cow???
23:30:41 : Group: Turmoil: i had... thats the stuff i spawned with... i dropped it to pick up my gear
23:31:03 : Side: Boosted Outlaw: this should be good....
23:31:06 : Group: Turmoil: feel free to take it
23:31:28 : Side: Hailstorm: ok, soesnt work
23:31:38 : Group: 2DIE4:  dude get on TS
23:31:58 : Group: Turmoil: we are both on TS :)
23:32:01 : Group: Turmoil: servers TS
23:32:21 : Group: Turmoil: we are in chatroom 1
23:32:25 : Direct: Luca: maybe you can find this suite at hero trader
23:32:33 : Group: Turmoil: 2DIE4 and Turmoil_NoR
23:32:39 : Direct: Luca: at airport
23:33:00 : Group: Turmoil: the ip? you see the ip if you hit esc, its on the bottom of the exit menu :)
23:34:16 : Direct: Luca: my friend is crazy :)
23:34:19 : Direct: Luca: bye!
23:34:26 : Direct: Pibe: bye
23:34:40 : Group: Rrazo165: 78.31.67.100 ?
23:34:51 : Group: Turmoil: yeah :)
23:54:22 : Direct: Pibe: yes
