11:31:35 : Group: данил228: .
11:37:15 : Group: 72rus: кикнули ))
11:43:58 : Group: 72rus: сломана (
11:46:38 : Group: 72rus: где он ?
11:49:26 : Group: 72rus: что
11:49:51 : Group: 72rus: аэро мож?
11:56:23 : Group: 72rus: пол бака еще 
12:05:10 : Group: 72rus: сумку надо
12:07:32 : Group: 72rus: не пока что
12:14:41 : Group: 72rus: спс
12:14:48 : Group: 72rus: на те магаз
12:16:05 : Group: 72rus: ну че там нет не че погнали дальше
12:17:20 : Group: 72rus: че куда щас
12:18:47 : Group: 72rus: я
12:20:38 : Group: 72rus: боты
12:20:54 : Group: 72rus: нет
12:21:10 : Group: 72rus: сядь
12:22:25 : Group: 72rus: еще 1
12:22:57 : Group: 72rus: их тут 6 должно быть
12:23:28 : Group: 72rus: убьют
12:24:58 : Group: 72rus: тв забрал пулимет
12:25:28 : Group: 72rus: го мочить его
12:25:57 : Group: 72rus: да он 1
12:26:25 : Group: 72rus: тут их 4
12:27:00 : Group: 72rus: прикрой
12:28:47 : Group: 72rus: видел его нет
13:24:36 : Group: hitrec: sry
15:02:08 : Group: Nevy: я по телефону
15:03:50 : Group: SHELBY: xuii
20:57:22 : Group: Patrick: ip?
20:57:30 : Group: Marco: nl1.ts3.creativehosting.nl:10333
20:58:02 : Group: Patrick: how do i copy that? xD
20:59:53 : Group: Turmoil: whats your nick on TS again?
21:00:01 : Group: Patrick: pattemis
21:00:14 : Group: Turmoil: get into your TS and i will send link
21:14:44 : Group: Turmoil: MAAAARCO <3
21:41:28 : Group: Marco: GOOD BYE CRUEL WORLD
