02:05:21 : Group: Anton: its still here yay
02:05:38 : Group: Anton: are we gonna leave it here?
02:06:08 : Group: Adam: if you want, but we need to get a base up now,
02:07:59 : Group: Anton: it froze on me
02:14:42 : Group: Adam: you got the plot pole?
02:14:53 : Group: Anton: its at base?
02:15:02 : Group: Anton: i closed it up
02:15:08 : Group: Adam: wait you already made a base?
02:15:17 : Group: Anton: no just a thing
02:15:21 : Group: Adam: k
02:17:30 : Group: Anton: its gone!!
02:17:43 : Group: Anton: i put it out of reach
02:18:06 : Group: Adam: you can shoot then till they break...
02:18:29 : Group: Anton: i can remove the stuff
02:18:35 : Group: Anton: oh yeah damn
02:19:04 : Group: Adam: so lets go do a mission and get more gear to sell
02:19:12 : Group: Anton: okay sorry man
02:19:26 : Group: Adam: its fine, now we getta shoot ai more lol
02:19:31 : Group: Anton: lol
02:20:19 : Group: Anton: ready?
02:20:28 : Group: Adam: yeah
02:20:43 : Group: Anton: where to?
02:21:02 : Group: Adam: wanna do the abandoned trader mission?, its heros we're be killing but it will have good loot
02:26:55 : Group: Anton: look here
02:27:21 : Group: Anton: other mission behind
02:27:27 : Group: Anton: maybe leftovers
02:27:28 : Group: Adam: i see
02:27:37 : Group: Adam: lets go see first
02:28:59 : Group: Adam: yay for dmrs lol
02:29:10 : Group: Adam: theres a car up there aswell
02:29:22 : Group: Anton: lol score
02:29:36 : Group: Adam: nothing
02:29:43 : Group: Adam: it works
02:29:54 : Group: Anton: what luck
02:30:09 : Group: Anton: but its ugly af
02:30:21 : Group: Anton: drop me a block away lol
02:30:50 : Group: Adam: do we have any dmr mags?
02:31:04 : Group: Anton: come here
02:31:35 : Group: Anton: only have 4
02:31:40 : Group: Anton: got it?
02:31:51 : Group: Adam: thats 80 rounds, so wanna do 50/50?
02:32:13 : Group: Anton: yeah i gave it to you no?
02:32:14 : Group: Adam: no mags in my backpack
02:32:19 : Group: Anton: here
02:33:17 : Group: Anton: ready?
02:33:20 : Group: Adam: yeah
02:35:28 : Group: Adam: i got shot like 3 times
02:36:09 : Group: Anton: im screwd lol
02:36:33 : Group: Anton: im way to close
02:36:51 : Group: Adam: i'll help anyway i can
02:44:06 : Group: Adam: im 2600m away
02:44:19 : Group: Anton: im 800
03:01:48 : Group: Anton: so we gonna bail this one?
03:02:07 : Group: Adam: we may want to cus if we die again all the gear is gone
03:02:25 : Group: Anton: yup so lets go hide the truck
03:02:43 : Group: Anton: and i need to leave
03:06:03 : Group: Anton: nice base spot
03:06:11 : Group: Adam: yeah
03:06:22 : Group: Anton: log?
12:05:49 : Group: Greg: nie mam mic w pracy ;p
12:06:00 : Group: Greg: nice ;p
12:06:19 : Group: Greg: w miare
12:06:22 : Group: Greg: ;p
12:06:37 : Group: Greg: hahah
12:07:04 : Group: Greg: lol
12:07:20 : Group: Greg: możemy jechać na zakupy do trade po bloczki
12:07:37 : Group: Greg: wezme kase
12:08:40 : Group: Greg: upchniemy sto bloczków?
12:09:11 : Group: Greg: to bire 1k
12:10:24 : Group: Greg: nie słyszę ;p
12:10:55 : Group: Greg: źle trafił lekko ;p
12:11:58 : Group: Greg: co sphinx?
12:15:09 : Group: Greg: ktoś strzelał
12:15:15 : Group: Greg: sekunde przed tym jak wróciłeś
12:15:28 : Group: Greg: ta, po drodze
12:16:05 : Group: Greg: oki
12:16:48 : Group: Greg: to ta złodziejska menda ;p
12:17:13 : Group: Greg: 50 miejsc jest?
12:17:52 : Group: Greg: nie widać ;p
12:18:13 : Group: Greg: to pełny 
12:18:40 : Group: Greg: 800
12:18:48 : Group: Greg: mamy mortary?
12:19:27 : Group: Greg: hahah
12:20:08 : Group: Greg: wziąłęm jeszcze 35
12:20:38 : Group: Greg: misja jest obok nas
12:21:04 : Group: Tamago: nie z tym kolesiem ;/
12:27:20 : Group: Greg: rotfl
12:27:25 : Group: Greg: gdzie ty jesteś? :D
12:28:38 : Group: Greg: wywaliło cię?
12:36:49 : Group: Greg: jeden został
12:43:15 : Group: Greg: tak
12:43:40 : Group: Greg: nie słyszę ;p
12:43:55 : Group: Tamago: prawie zdechlem
12:44:09 : Group: Tamago: shpinx poszet
12:44:17 : Group: Tamago: znudzilo mu sie granie solo xD
12:44:23 : Group: Greg: lol
12:44:39 : Group: Greg: był bc i ammo
12:45:16 : Group: Greg: 6 dsk 4 m134v i 7 m2
12:45:26 : Group: Greg: noo :D
12:45:52 : Group: Greg: otwórz sejf
12:49:33 : Group: Greg: mam pięc murów
12:50:27 : Group: Greg: sześć ;p
12:51:11 : Group: Greg: drzwi może wstawimy
12:51:27 : Group: Greg: jedne i drugie
12:53:22 : Group: Greg: wygląda nieźle chyba
12:53:57 : Group: Greg: heheh
12:54:19 : Group: Greg: tak?
12:54:51 : Group: Greg: inaczej nie da rady raczej
12:55:16 : Group: Greg: no i git :)
12:55:54 : Group: Greg: mamy sześć ścian
12:56:10 : Group: Greg: chyba że tyczymy za szopą
12:56:23 : Group: Greg: wytyczamy ;p
12:56:32 : Group: Greg: po drugiej stronie 
12:56:36 : Group: Greg: drugą część
12:56:45 : Group: Greg: spoko :)
12:57:07 : Group: Greg: hahah
12:57:25 : Group: Greg: mtvr nie wdzie
12:57:38 : Group: Greg: każdy poza mtvr
12:57:45 : Group: Greg: tak
12:58:11 : Group: Greg: bo drzwiami ruszłąeś ;p
12:58:32 : Group: Greg: tak ;p 
12:58:40 : Group: Greg: no wiem
12:59:02 : Group: Greg: no tam myślałem
12:59:09 : Group: Greg: żeby tylko lookout zrobić
12:59:32 : Group: Greg: od tyłu wstawię
12:59:38 : Group: Greg: no jeszcze 43 chyba ;p
12:59:53 : Group: Greg: tylko mortarów nie ma
13:00:02 : Group: Greg: no ba :D
13:00:28 : Group: Greg: noo hahh
13:00:58 : Group: Greg: lol
13:02:10 : Group: Greg: oki ;p
13:02:30 : Group: Greg: hahahahhahah
13:02:54 : Group: Greg: koniec ścian ;p
13:03:14 : Group: Greg: 11
13:03:48 : Group: Greg: podłogi byśmy robili właśnie
13:04:24 : Group: Greg: 5 w jedną
13:04:40 : Group: Greg: i 5 albo 6 w drugą
13:04:46 : Group: Greg: czyli ze 30 potrzeba
13:05:09 : Group: Greg: jasne
13:05:38 : Group: Greg: 10 bc biorę ;p
13:05:55 : Group: Greg: e, po restarcie już chyba
13:06:23 : Group: Greg: taak :)
13:07:01 : Group: Greg: noo
13:07:31 : Group: Greg: no szybka
13:07:33 : Group: Greg: saiga?
13:08:22 : Group: Greg: dobra idę zapalić i po restarcie będę
13:08:36 : Group: Greg: no naraaaa ;p
13:22:00 : Group: Greg: yep
13:28:41 : Group: Greg: 20 moratrów wziąłem, bloczki do oporu jeszcze?
13:28:56 : Group: Tamago: mozesz
13:29:08 : Group: Greg: czy metal paneli trochę?
13:29:29 : Group: Tamago: paneli mam 50+ ale w sumie mozna by bylo dach skoinczyc
13:29:52 : Group: Greg: to wezmę jeszcze 16
13:29:57 : Group: Tamago: kkk
13:31:39 : Group: Tamago: najs
13:31:50 : Group: Tamago: ty rob sciany ja zaczne robic podlogi
13:31:57 : Group: Greg: k
13:32:10 : Group: Tamago: lol
13:32:12 : Group: Greg: ups ;p
13:32:59 : Group: Tamago: zw wc
13:34:54 : Group: Tamago: jestem
13:35:54 : Group: Tamago: trzeba jakies smiglo kupic z duza iloscia miejsc
13:36:06 : Group: Greg: można by
13:36:08 : Group: Tamago: heuy odpada bo tylko 25-50
13:36:17 : Group: Tamago: a black hawka nie chce
13:36:24 : Group: Greg: hahahw
13:36:31 : Group: Tamago: mam ich troche dosc =p
13:37:24 : Group: Tamago: nie da rady
13:37:27 : Group: Tamago: ?
13:37:36 : Group: Greg: dzi ;p
13:38:19 : Group: Tamago: lol
13:38:21 : Group: Tamago: ale g
13:38:52 : Group: Tamago: ale to ma kulek xD
13:40:44 : Group: Greg: mam
13:45:27 : Group: Greg: 13 ścian
13:45:33 : Group: Tamago: 10 podlog
13:45:44 : Group: Tamago: i jade dalje xD
13:45:47 : Group: Tamago: dalej*
13:45:57 : Group: Greg: ja już wyrobiłem wszystko ;p
13:46:01 : Group: Tamago: ja prawie
13:46:37 : Group: Tamago: bedzie 20 podlog + moze 2
13:46:51 : Group: Tamago: bo mam w sejfie kilka jeszcze
13:47:36 : Group: Tamago: 19 total jednak xD
13:47:49 : Group: Tamago: zrobic schody?
13:47:54 : Group: Greg: jasne
13:49:51 : Group: Tamago: ok jest ktos w okolicy 1500 metrow z nami
13:49:53 : Group: Tamago: wchodz
13:50:12 : Group: Tamago: jest poza 100 metrow
13:50:16 : Group: Tamago: poza 1000*
13:50:33 : Group: Tamago: hmm
13:51:15 : Group: Greg: a nie wejście wyżej tutaj? ;p
13:52:06 : Group: Greg: a może wejście przez wieżę na lądowisko?
13:52:27 : Group: Greg: tu drzwi dać, i po drugiej stronie wieża
13:52:59 : Group: Greg: no kumam
13:53:04 : Group: Greg: papą :D
13:53:35 : Group: Greg: taaa
13:54:44 : Group: Greg: pojechał
13:55:09 : Group: Greg: bandit trader ;p
13:55:32 : Group: Greg: heheh
13:56:01 : Group: Greg: myślę że tak
13:56:10 : Group: Greg: tylko drzwi zrobię
13:56:23 : Group: Greg: a chuj, mortaró nie ma :D
13:56:46 : Group: Greg: spoks
13:58:42 : Group: Greg: ściną dorobimy jak coś
13:58:48 : Group: Greg: podłogi niech będą równe
13:58:54 : Group: Greg: tak
13:59:07 : Group: Greg: jak będzie dziura to ścianę damy
13:59:52 : Group: Greg: nie wiem czy się rozumiemy ;p ja mówię o przerwie między podłogą a ścianą
14:00:04 : Group: Greg: w pionie
14:00:07 : Group: Greg: aaaa
14:00:25 : Group: Greg: to jeszcze podłogę trzeba dać i dorównać, ale to na koniec chyba
14:00:34 : Group: Greg: ja myślałem w pionie, ty w poziomie
14:01:11 : Group: Greg: tą przerwę na końcu wypełnimy może, zobaczymy jak poziomy
14:01:37 : Group: Greg: może zostaw na razie dziurę, przemyślimy
14:02:18 : Group: Greg: jedna walizka została ;p
14:09:21 : Group: Tamago: brakuje nam 9 podlog by wypełnic wszystkie dziury
14:09:30 : Group: Tamago: a tak to jest juz całośc + 1 podłoga została
14:09:42 : Group: Greg: super
14:09:46 : Group: Tamago: nom
14:10:08 : Group: Greg: trzeba kasy dorobić ;p
14:10:23 : Group: Tamago: rozbieram ta sciane gdzie drzwi robimy k?
14:10:29 : Group: Greg: k
14:10:46 : Group: Tamago: k zrobione
14:11:00 : Group: Tamago: odrazu postawie podłogo pod wieze
14:11:07 : Group: Greg: k
14:15:33 : Group: Tamago: lol łowie ryby xD
14:15:39 : Group: Greg: lol
14:18:18 : Group: Greg: ty, małolat ;p
14:18:27 : Group: Tamago: ?
14:18:42 : Group: Tamago: ja małolat?
14:18:42 : Group: Greg: co to za strzelanie ;p
14:18:52 : Group: Tamago: wedka jeblem w drzwi xD
14:19:33 : Group: Tamago: xD
14:19:36 : Group: Greg: tu ją stawiamy?
14:19:39 : Group: Tamago: mozna
14:20:58 : Group: Greg: schody teraz
14:21:01 : Group: Tamago: kk
14:21:12 : Group: Tamago: zrobilem ci wiezienie xD
14:21:16 : Group: Greg: widzę ;p
14:22:05 : Group: Greg: ok
14:22:09 : Group: Tamago: woz
14:22:21 : Group: Greg: lol
14:23:15 : Group: Tamago: ostrzegawczy
14:23:41 : Group: Greg: w tył głowy
14:23:52 : Group: Tamago: w bak xD
14:24:10 : Group: Tamago: bo to albo jonny albo lenin 
14:24:22 : Group: Tamago: ripuliko zdechl 10 minut temu
14:24:32 : Group: Tamago: o jeszcze qwarl zostal
14:24:55 : Group: Tamago: ok pojechal
14:25:50 : Group: Tamago: LOOOL
14:26:28 : Group: Greg: zw
14:26:44 : Group: Tamago: 3 graczy 100 metrow
14:27:18 : Group: Tamago: chodz mnie wyleczysz jak sie polamie
14:27:42 : Group: Tamago: jest spoko
14:32:56 : Group: Greg: coś się dzieje?
14:32:57 : Group: Tamago: jest ktosl 100 metrow
14:33:01 : Group: Tamago: 10000
14:33:04 : Group: Tamago: 1000*
14:33:06 : Group: Greg: lol
14:33:31 : Group: Greg: 5 ścian zostało
14:33:37 : Group: Tamago: aha
14:33:55 : Group: Tamago: stracilem dzwiek musze sie relognac
14:34:01 : Group: Greg: k
14:40:06 : Group: Tamago: biega na zewnatrz jakas pizda
14:40:29 : Group: Greg: gdzie?
14:40:56 : Group: Tamago: przed baza. widzialem jak jakis pizdus chcial wejsc do bazy przez sciane
14:41:05 : Group: Tamago: slysze jak biega
14:41:31 : Group: Tamago: 4 w okolicy 1500 metrow
14:41:41 : Group: Tamago: 3 w 1000m
14:41:47 : Group: Greg: ja nie słyszę
14:42:05 : Group: Tamago: ja juz tez nie. ale moze pod sciana gzies stac
14:44:26 : Group: Tamago: dmr
14:44:52 : Group: Tamago: lol?
14:44:52 : Group: Greg: lol
14:45:56 : Group: Tamago: nadal 3 1000 m
14:46:02 : Group: Greg: widziałem
14:46:35 : Group: Tamago: juz jakaz pizdeczke przywialo
14:46:43 : Group: Tamago: wiesz co
14:46:49 : Group: Tamago: jedziemy na patrol suvem
14:46:55 : Group: Tamago: masz ammo do miniguna
14:47:04 : Group: Tamago: 1 bc nam nie zaszkodzi
14:47:09 : Group: Tamago: chodz
14:47:28 : Group: Greg: m2 czy m134?
14:47:32 : Group: Tamago: m134
14:47:49 : Group: Greg: mam
14:47:54 : Group: Tamago: ide
14:50:35 : Group: Greg: nie ma go
14:50:56 : Group: Greg: na 1000 pusto
14:52:48 : Group: Greg: moja
14:52:55 : Group: Greg: hahah
14:53:25 : Group: Greg: 2
14:53:39 : Group: Greg: na 1000
14:53:55 : Group: Greg: na misji mogą być pod zielono
14:54:57 : Group: Greg: nie załadowałem jeszcze ;p
14:55:04 : Group: Greg: wiem
14:55:57 : Group: Greg: nie mogę obrócić wieży
14:56:23 : Group: Greg: ok, mam
14:59:33 : Group: Greg: 1k ammo zostało
14:59:55 : Group: Greg: rozjebać mu? hearo way ;p
15:01:00 : Group: Greg: sra pewnie w gacie
15:02:16 : Group: Greg: wracamy, musze kończyć pracę ;p
15:03:16 : Group: Greg: noo :D
15:05:32 : Group: Greg: zero na gps
15:06:40 : Group: Greg: ja spadam
15:06:49 : Group: Greg: do wieczora jak coś ;)
15:10:48 : Group: Lenin: litle bird
15:55:12 : Group: Bunraku San: yo dude
15:55:23 : Group: charlie kelly: sup
15:55:40 : Group: Bunraku San: what you need?
15:56:02 : Group: charlie kelly: everything ha, getting suppleis in vyb market now
15:56:04 : Group: charlie kelly: got a bat for zeds
15:56:06 : Group: charlie kelly: and a pistol
15:56:09 : Group: charlie kelly: so not screwed
15:56:59 : Group: Bunraku San: m14 do for a weapon?
15:57:16 : Group: charlie kelly: haha definitely
15:57:17 : Group: charlie kelly: beats bat
15:57:36 : Group: Bunraku San: ill buy a vodnk, best armour and then head to you
15:57:45 : Group: charlie kelly: sweet
15:58:09 : Group: Bunraku San: got 3 spare lockboxes in the safe too
15:58:15 : Group: Bunraku San: and combilocks
15:58:29 : Group: Bunraku San: and about 7 bc
15:58:48 : Group: charlie kelly: niiiice
15:59:08 : Group: charlie kelly: little base here
15:59:10 : Group: Bunraku San: best bit, i found it all. zeroed safe
15:59:15 : Group: charlie kelly: hahah yesss
16:02:07 : Group: Bunraku San: where do you want pickup from?
16:02:12 : Group: charlie kelly: coem v
16:02:13 : Group: Bunraku San: leaving stary now
16:02:20 : Group: charlie kelly: assessing base
16:02:30 : Group: charlie kelly: think we cant get in but its intersting
16:04:03 : Group: charlie kelly: ill be on road
16:04:41 : Group: charlie kelly: yo
16:04:45 : Group: Bunraku San: yo
16:04:47 : Group: charlie kelly: weird little base
16:04:57 : Group: charlie kelly: front door is in one of thsoe alley buildings, like with the alley straight through in elektro
16:05:02 : Group: charlie kelly: goes upstairs, its intersting
16:05:12 : Group: Bunraku San: cool
16:05:17 : Group: Bunraku San: weapon in fgear
16:05:17 : Group: charlie kelly: whats the plan
16:05:22 : Group: Bunraku San: dunno
16:05:36 : Group: Bunraku San: heli crash
16:05:42 : Group: charlie kelly: oh nice spot
16:06:21 : Group: charlie kelly: got sniper
16:06:39 : Group: Bunraku San: you got a bafg?
16:07:06 : Group: charlie kelly: back up a sec dude 
16:07:09 : Group: charlie kelly: apparentrly i cant pick bag up near you ahah
16:07:11 : Group: charlie kelly: weird
16:07:19 : Group: charlie kelly: sweet ta
16:07:27 : Group: Bunraku San: gps there
16:07:32 : Group: charlie kelly: found oen in vyb
16:07:40 : Group: charlie kelly: got a m20a4 whatever it is sniper
16:07:42 : Group: charlie kelly: and a mag
16:07:49 : Group: Bunraku San: cool
16:08:21 : Group: Bunraku San: to the safe? so you know location?
16:08:27 : Group: charlie kelly: i saw it on map
16:08:30 : Group: charlie kelly: was it gem hill?
16:08:32 : Group: Bunraku San: ah sweet
16:08:35 : Group: charlie kelly: well i saw where you were
16:08:37 : Group: Bunraku San: code is 8387
16:09:15 : Group: Bunraku San: plan?
16:09:20 : Group: charlie kelly: not sure
16:09:29 : Group: charlie kelly: idchina camp or a mission?
16:09:31 : Group: Bunraku San: you got a base location ibn mind?
16:09:39 : Group: charlie kelly: nah hadnt thought about it, havent played in ages
16:09:53 : Group: Bunraku San: dichina camp is just barracks
16:09:56 : Group: charlie kelly: ah
16:11:02 : Group: charlie kelly: 2 doros to our left
16:11:05 : Group: charlie kelly: could be a pp left over
16:11:08 : Group: Bunraku San: old base
16:11:26 : Group: charlie kelly: wtf
16:11:29 : Group: charlie kelly: how is it half a door
16:11:35 : Group: Bunraku San: sideways
16:12:25 : Group: charlie kelly: is that yours? lol
16:12:25 : Group: Bunraku San: gear
16:12:29 : Group: Bunraku San: nope
16:12:59 : Group: charlie kelly: tf
16:13:05 : Group: charlie kelly: mental
16:13:10 : Group: charlie kelly: is that sever spawned? must be
16:13:12 : Group: charlie kelly: to be only food and meds
16:13:18 : Group: Bunraku San: nah, old base again
16:13:22 : Group: charlie kelly: sweeeet
16:14:57 : Group: Bunraku San: there was a safe here too, someone else must have got it
16:15:21 : Group: charlie kelly: hmm
16:15:25 : Group: Bunraku San: bandit patrool near zeleno
16:15:28 : Group: charlie kelly: yeah
16:20:43 : Group: charlie kelly: i count 5
16:20:48 : Group: charlie kelly: and a vehicle
16:21:21 : Group: Bunraku San: coming to you
16:21:28 : Group: charlie kelly: yeah got a good area
16:21:31 : Group: charlie kelly: clear shot
16:21:59 : Group: charlie kelly: loot crate is slightly nroth of the 5
16:22:03 : Group: charlie kelly: south even
16:22:27 : Group: charlie kelly: once theyre dead grab the vodnik and get the loot, ive no room left lol
16:22:30 : Group: charlie kelly: to carry anytihng
16:22:45 : Group: charlie kelly: ready when you are
16:22:46 : Group: charlie kelly: either side
16:23:28 : Group: Bunraku San: fin zeds
16:23:45 : Group: charlie kelly: 3 hits 0 kills lol
16:24:42 : Group: charlie kelly: 500m with a CCO scope haha
16:24:49 : Group: Bunraku San: lol
16:24:52 : Group: Bunraku San: 4 kills
16:25:00 : Group: charlie kelly: should be all of them
16:25:17 : Group: Bunraku San: go in 
16:26:27 : Group: Bunraku San: you on overwatch?
16:26:32 : Group: charlie kelly: yeah got binocs
16:30:40 : Group: charlie kelly: vehicle
16:30:41 : Group: charlie kelly: hide
16:30:47 : Group: charlie kelly: oh
16:30:47 : Group: charlie kelly: its you
16:30:48 : Group: charlie kelly: ahahahhaa\
16:31:18 : Group: charlie kelly: niiiiice
16:31:22 : Group: Bunraku San: rangefinder in gear
16:31:39 : Group: Bunraku San: lockbox too
16:31:44 : Group: Bunraku San: and 2 rpgs
16:31:54 : Group: charlie kelly: wait
16:31:55 : Group: charlie kelly: thers no lockbox
16:32:00 : Group: charlie kelly: itll be on ground back there somehewere
16:32:07 : Group: Bunraku San: still in my gear
16:32:32 : Group: charlie kelly: sweet
16:32:44 : Group: Bunraku San: need etool, crowbar, compass?
16:32:51 : Group: charlie kelly: need etool but got rest
16:33:01 : Group: Bunraku San: in gear
16:33:08 : Group: charlie kelly: ta
16:34:04 : Group: charlie kelly: im gonna have to log in 10 and go to work unfortunately
16:34:05 : Group: charlie kelly: wheres nearest
16:35:49 : Group: Bunraku San: ill give you the key for the vodnik
16:36:02 : Group: charlie kelly: sweet ill be back on about 1130
16:36:27 : Group: Bunraku San: sweet, i should be on around then too
16:36:28 : Group: charlie kelly: weet
16:36:48 : Group: Bunraku San: tents up here
16:36:53 : Group: charlie kelly: oh nice
16:36:58 : Group: charlie kelly: im just gonna log now
17:21:24 : Group: Senych^^: Ассалам Алейкум
17:23:10 : Group: Qwarl:  в скуп
18:01:17 : Group: agss: cze
18:01:36 : Group: Greg: wysłałem wcześniej już ale nie odebrałes ;p
18:01:55 : Group: Greg: jakieś chuje latają i strzelają
18:01:56 : Group: agss: bylem zalogowany ale nie bylo mnie przy kompie
18:02:57 : Group: Greg: zielonym hueyem i z m240 chyba walą
18:04:07 : Group: Greg: spadam odwieźć dzieciaka, będę później jak coś ;) wal do wszystkich, same chujki teraz są na serwerze :D
18:04:20 : Group: agss: spoko :)
18:37:10 : Group: Qwarl: марк ща заберу тебя
18:37:28 : Group: Lenin: ВСМ
18:37:30 : Group: Lenin: ,
18:37:33 : Group: Lenin: ?
18:37:37 : Group: Qwarl: ВПРЯМОМ
18:37:38 : Group: Lenin: ИЗ ДОМА?
18:37:53 : Group: Qwarl: НЕТ
18:37:54 : Group: Lenin: вы что молчите
18:38:08 : Group: Qwarl: ты из скупа вышел)))
18:39:07 : Group: Lenin: не не вышел
18:39:18 : Group: Lenin: да не пизди
18:39:20 : Group: Lenin: давай
18:39:22 : Group: Lenin: слышу
18:39:27 : Group: Lenin: шумц
18:40:29 : Group: Qwarl: тебе звонят
18:41:03 : Group: Paul: you in ts or discord
18:43:51 : Group: Qwarl: залетайте
18:45:56 : Group: Qwarl: сань
18:46:01 : Group: Qwarl: за рудь
18:46:12 : Group: Qwarl: ща качаю
18:46:14 : Group: Senych^^: Куда ехаь?
18:46:18 : Group: Qwarl: зхахахаа
18:46:28 : Group: Qwarl: у сани есть дискорд?
18:46:43 : Group: Qwarl: КОРОВА
18:46:46 : Group: Qwarl: СТОЙ
18:47:37 : Group: Senych^^: Корову жалко
18:47:57 : Group: Qwarl: че саляру жжешь
18:47:59 : Group: Senych^^: Куда ехать?
18:48:24 : Group: Qwarl: 37 93
18:48:29 : Group: Qwarl: верх 37
18:48:38 : Group: Qwarl: хахаха
18:48:43 : Group: Qwarl: го скуп
18:48:46 : Group: Qwarl: марк
18:48:53 : Group: Lenin: не рубит
18:48:53 : Group: Qwarl: у тебя и так и так лагает
18:48:56 : Group: Lenin: упал
18:48:57 : Group: Qwarl: а
18:49:00 : Group: Lenin: он
18:49:02 : Group: Qwarl: сань
18:49:04 : Group: Lenin: вообще
18:49:10 : Group: Qwarl: есть дискорд,
18:49:18 : Group: Senych^^: Нету
18:50:08 : Group: Qwarl: скуп
18:51:38 : Group: Senych^^: Еблан
18:51:42 : Group: Senych^^: Открывай
18:51:48 : Group: Senych^^: Ворота
18:51:51 : Group: Qwarl: ЩА
18:51:55 : Group: Senych^^: Папа приехал
18:51:57 : Group: Qwarl: ОТКРОЮ
18:52:47 : Group: Senych^^: хахахах
18:53:03 : Group: Qwarl: БАЛЯЯЯ
18:53:04 : Group: Senych^^: Пизда
18:53:12 : Group: Senych^^: пхпхпхпхпх
18:53:17 : Group: Senych^^: хрхрхрзпхпзхпзпхпаз
18:53:21 : Group: Senych^^: ахазахзахзахазахзахазха
18:53:36 : Group: Senych^^: Ебаааааа
18:53:36 : Group: Qwarl: все чики пуки
18:54:06 : Group: Senych^^: Отцепи
18:54:12 : Group: Senych^^: эту хуйню
18:54:29 : Group: Qwarl: как микро вкл,
18:54:43 : Group: Qwarl: да
18:58:33 : Group: Senych^^: Я покекал
18:58:43 : Group: Senych^^: Спать!
18:58:46 : Group: Senych^^: Время
18:58:50 : Group: Senych^^: 22.00
18:58:56 : Group: Senych^^: Мне мамка спать
18:59:06 : Group: Senych^^: Гонит
18:59:23 : Group: Senych^^: Она сегодня в шарагу ездила
18:59:50 : Group: Senych^^: Сука
19:01:40 : Group: Senych^^: У меня не таб
19:09:55 : Group: Paul: discord is not working for me 
19:10:03 : Group: Qwarl: марк
19:10:10 : Group: Qwarl: какую оружку взять
19:11:59 : Group: Qwarl: марк
19:24:42 : Group: agss: cze
22:23:36 : Group: Tamago: we will give you landrover with a key
22:28:42 : Group: Greg: Bolorobisz stronghold?
22:28:52 : Group: VLADIMIR>***: yep
22:29:06 : Group: Greg: i jak ci idzie?
22:29:17 : Group: VLADIMIR>***: dopiero zaczynam
22:29:32 : Group: VLADIMIR>***: a Wy jak tam-za chwile na ts wskocze
22:29:37 : Group: Greg: wpadniemy tam za  min ;p
22:29:44 : Group: VLADIMIR>***: hahahah okkkksss
22:29:46 : Group: Greg: 15
22:45:33 : Group: Ryan: SWEET
22:51:52 : Group: Tamago: can yuo give us our weapoins xD
22:52:00 : Group: Tamago: briefs will be in car with key
22:52:04 : Group: Tamago: dude
22:52:07 : Group: Tamago: stop xD
