01:06:20 : Side: willi: night
03:03:24 : Side: Freedom: add me for a sec 2die4
03:04:26 : Side: 2DIE4: yap
03:12:48 : Side: 2DIE4: zoh yap i will let u know 
03:13:24 : Side: Freedom: sounds good have a few rpg's i wanting to test out XD
04:26:54 : Side: 2DIE4:  goin 4 his basse now
04:26:58 : Side: 2DIE4: base
04:27:25 : Side: Freedom: ok im on way to traders have nothing on me but fish lol
04:27:43 : Side: Freedom: what are the cords
04:28:12 : Side: 2DIE4: wooden barn
04:28:18 : Side: 2DIE4: Vybor
04:28:25 : Side: Freedom: ok
04:39:23 : Side: 2DIE4: i need to get more ammo
04:39:53 : Side: Freedom: ok you need me to go get some too?
04:40:09 : Side: Freedom: lmao
05:04:24 : Side: 2DIE4:  spent about 17  m134 mags so far
05:04:58 : Side: 2DIE4:  need to relogg  scroll again
05:06:42 : Side: 2DIE4:  the tool is in heree=)
05:07:09 : Side: Freedom: tool?
05:07:11 : Side: 2DIE4:  get the thing out the chopper so u can use 4 now
05:08:13 : Side: Freedom: what you want me to shoot at not much left lol
05:08:35 : Side: 2DIE4: this door 
05:08:40 : Side: 2DIE4:   ther is the plot
05:08:41 : Side: Freedom: ok
05:09:04 : Side: 2DIE4: yeeeeeha
05:09:12 : Side: Freedom: all i have
05:09:32 : Side: 2DIE4:  i get more ammo
05:09:37 : Side: Freedom: ok
05:09:38 : Side: 2DIE4:  and  aplot  XD
05:09:47 : Side: Freedom: haha
05:14:46 : Side: Freedom: if you havent left yet i could use some blood
05:14:57 : Side: 2DIE4:  np
05:15:01 : Side: Freedom: thanks
05:17:50 : Side: 2DIE4: hey i need to bring my boy to school soon
05:17:57 : Side: Freedom: ok np
05:18:07 : Side: 2DIE4:  i will add u to the plot can u set up walls around the safes?
05:18:16 : Side: Freedom: yeah
05:19:21 : Side: Freedom: have to go get anti bad blood lol
05:19:36 : Side: 2DIE4:  i got anti
05:20:43 : Side: 2DIE4:  relogg  Xd
05:20:55 : Side: Freedom: ok
05:23:43 : Side: 2DIE4:  and the plot of corse  =9
05:24:03 : Side: Freedom: ok but no need for a door right
05:24:14 : Side: 2DIE4:  naaa
05:24:27 : Side: 2DIE4:  dude i cant write my scroll fucked again
05:24:39 : Side: Freedom: wierd
05:25:21 : Side: Freedom: i cant get on it either
05:26:10 : Side: Freedom: ahh yeah no crow bar i was not prepared at all lol
05:45:33 : Side: Freedom: need food and drink
05:45:49 : Side: 2DIE4:  got no more or check chopper
05:46:24 : Side: Freedom: nope i need to go get some be back
05:46:37 : Side: 2DIE4: ok
06:04:23 : Side: 2DIE4: got blood?  X
06:05:01 : Side: 2DIE4: u on the plot u can also built
06:05:26 : Side: Freedom: dont wanna mess anything up lol
06:05:46 : Side: Freedom: and of course no entrench tool
06:08:45 : Side: 2DIE4: u r too close when shooting  XD
06:08:52 : Side: Freedom: lol sorry
06:08:57 : Side: 2DIE4: XD
06:09:16 : Side: Freedom: trying to keep zeds off ya
06:09:23 : Side: 2DIE4: iknow
06:09:46 : Side: Freedom: hes going to be so mad lol
06:10:13 : Side: 2DIE4:  u need to stay further  away   XD 
06:10:22 : Side: 2DIE4:  i get in combat all  the time  XD
06:11:42 : Side: 2DIE4:  enough 4 now  =)
06:11:47 : Side: Freedom: lol ok
06:12:03 : Side: 2DIE4:  thx 4 participating  XD
06:12:12 : Side: Freedom: you bet anytime was fun
06:12:23 : Side: 2DIE4: XD
06:12:31 : Side: 2DIE4:  ill park and go to bed  
06:12:40 : Side: 2DIE4:  after schooldrive  XD
06:13:00 : Side: Freedom: right on buddy have a good one
06:13:06 : Side: 2DIE4:  u 2
12:26:57 : Side: Doriny: hi
12:27:05 : Side: QuickScoper420: hi
12:28:24 : Side: Doriny: friendly ?e
12:28:38 : Side: QuickScoper420: depends
12:29:01 : Side: QuickScoper420: restart
12:29:05 : Side: QuickScoper420: logging out 
12:37:50 : Side: Doriny: go paty
12:38:02 : Side: QuickScoper420: no sry
12:38:05 : Side: QuickScoper420: playing alone atm
12:38:35 : Side: Doriny: ok
13:07:16 : Side: Doriny: hi mtvr
13:07:23 : Side: iHostiiX: Hey ;)
13:07:29 : Side: Doriny: my friendly
13:07:33 : Side: iHostiiX: too
13:07:42 : Side: Doriny: serisl
14:05:57 : Side: Turmoil: hey peepz <3
14:06:11 : Side: Hailstorm: hey
14:06:13 : Side: Sierra [SD]: hi
14:11:44 : Side: Hailstorm: Turmoil, can you buy somewhere a fuelpump?
14:12:15 : Side: Turmoil: nah, its not buyable
14:12:23 : Side: Turmoil: you can have one from me if you like
14:12:27 : Side: Turmoil: if u need one
14:13:04 : Side: Hailstorm: no, thx, we have one, but maybe a second one isnot bad
14:13:20 : Side: Hailstorm: we will find one some day
14:13:26 : Side: Turmoil: well, you at your base?
14:13:31 : Side: Hailstorm: yes
14:13:38 : Side: Turmoil: im coming over, plz dont shoot :P
14:13:42 : Side: Hailstorm: ok
14:13:57 : Side: Turmoil: yours the one on the ground or in the rocks?
14:14:09 : Side: Hailstorm: both are our
14:14:15 : Side: Hailstorm: i build both
14:14:35 : Side: Turmoil: okay, im on my way
14:14:36 : Side: Hailstorm: at the rocks is the base and the other ne is the garage
14:14:59 : Side: Hailstorm: need one for the garage
14:15:12 : Side: Turmoil: ^^
14:17:34 : Side: Hailstorm: you can land ontop of the garage if u want
14:17:42 : Side: Turmoil: alright im 1.8km out
14:17:54 : Side: Hailstorm: k
14:18:04 : Side: Hailstorm: i am at the ACT
14:27:01 : Side: Freedom: Morning everyone
14:27:08 : Side: Hailstorm: hallo
14:27:10 : Side: Turmoil: hey freedom :)
14:27:22 : Side: Freedom: whats up turmoil
14:27:26 : Side: Hailstorm: want to see the tower too
14:27:30 : Side: Turmoil: not much not much 
14:27:41 : Side: Freedom: cool cool
14:27:52 : Side: Turmoil: just came on :) been shopping with the misses for a few hours 
14:28:04 : Side: Freedom: fun fun shoe shoppin?
14:28:37 : Side: Turmoil: luckily not, just some stuff for the kitchen :)
14:28:44 : Side: Freedom: lol
14:35:46 : Side: Doriny: nice server bags bag bags
14:37:11 : Side: Turmoil: ill head back to base ^^
14:37:39 : Side: Doriny: no ecglish sorry
14:38:06 : Side: Turmoil: oh and Hail and win... Jesse is also nice btw :) 
14:38:15 : Side: Winans: okay^^
14:38:26 : Side: Hailstorm: ok
14:38:38 : Side: Turmoil: brb. scroll is gone -_- anoying
14:42:20 : Side: Turmoil: oh and guys... one more thing
14:42:31 : Side: Winans: yes?`
14:42:37 : Side: Hailstorm: yes?
14:42:44 : Side: Turmoil: Misa and his crew is not nice people ;) dont trust em, they raided our bases yesterday :) be carefull with em
14:42:56 : Side: Winans: i know
14:43:03 : Side: Winans: also know where they got their base
14:43:12 : Side: Turmoil: oh really?
14:43:17 : Side: Winans: shoot down their an2 yesterday
14:43:21 : Side: Winans: yeah
14:43:33 : Side: Turmoil: might have to get some revenge after he shot me last night then... xD stole my AS50 and RPG
14:43:40 : Side: Winans: lol
14:43:46 : Side: Winans: they still building up
14:44:00 : Side: Winans: they got nothing but a bunch of vehicles atm
14:45:26 : Side: 2DIE4:  hi all
14:45:33 : Side: Turmoil: hi 2DIE ^^
14:45:46 : Side: Freedom: hello
14:45:51 : Side: Hailstorm: hi
14:46:02 : Side: [NG2] Jesse: hihi ^^
14:46:12 : Side: Winans: gi
14:46:14 : Side: Winans: hi
14:46:20 : Side: Winans: vybor base gone xd
14:46:25 : Side: 2DIE4: ????  u laughin  at Jesse?  =)
14:46:30 : Side: 2DIE4:  what? 
14:46:49 : Side: [NG2] Jesse: just say hi 2 times ^^ 
14:46:56 : Side: 2DIE4:  ahhh ok  XD
14:49:29 : Side: 2DIE4: did u do it Winans?
14:49:34 : Side: Winans: lol?
14:49:41 : Side: Winans: i was refering to u
14:49:55 : Side: Winans: thought u wanted to kill it because it was marios base
14:49:58 : Side: 2DIE4: oh yeah sry  i dont do only 50 %  XD
14:50:15 : Side: Winans: :D
14:50:23 : Side: 2DIE4:  if u oisse me off u get 110% attention  =)
14:50:53 : Side: Winans: im actually living by the same attitude ;)
14:51:20 : Side: 2DIE4: =)
14:53:35 : Side: 2DIE4:  i see someone is on the lunch already  =)
15:05:28 : Side: 2DIE4: base gone   =)
15:26:03 : Side: Hailstorm: hello mozzie in kabanino
15:35:29 : Side: 2DIE4: hey mozzi
15:35:39 : Side: Hailstorm: where?
15:35:50 : Side: Hailstorm: winans and me are in a mozzie
15:35:50 : Side: 2DIE4:  NWA
15:35:54 : Side: Hailstorm: thats me
15:36:01 : Side: 2DIE4:  vybor  XD
15:36:08 : Side: Hailstorm: ok, vybor base is rekt
15:36:26 : Side: 2DIE4:  just a lil
15:39:17 : Side: Winans: hi humvee
15:39:57 : Side: 2DIE4:  hi
15:48:20 : Side: Winans: can u just remove metal panels like sandbags without being in the plot pole?
15:48:34 : Side: 2DIE4:  u tryin to  at vybor?  X
15:48:38 : Side: 2DIE4:  not sure  =)
15:48:49 : Side: Winans: no.... i wonderd thats why
15:48:55 : Side: Winans: thats why i ask
15:48:58 : Side: 2DIE4:  i set  aplot  X
15:49:06 : Side: 2DIE4:  u can try
15:49:07 : Side: Winans: cuz i saw the construction u made
15:49:19 : Side: 2DIE4:  but i think u gotta destroy if not on plot
15:49:40 : Side: Winans: gonna tryout soon
15:50:03 : Side: 2DIE4:  U  KNOW WHAT U CAN CANMP NOW  xd
15:50:08 : Side: 2DIE4:  sry caps
15:50:12 : Side: Winans: ?
15:50:30 : Side: 2DIE4:  well he will try to get to his safes  XD
15:50:39 : Side: Winans: lol
15:50:48 : Side: 2DIE4:  XD
16:01:04 : Side: Winans: u can remove them....
16:01:19 : Side: 2DIE4:  ok   he will still be busy doin it  Xd
16:01:32 : Side: Winans: takes 5 secs :D
16:25:22 : Side: Hailstorm: weapon cache, bullshit
16:25:32 : Side: Hailstorm: only stanag
16:25:58 : Side: Freedom: the army base ones dont even have loot
16:26:38 : Side: Hailstorm: only got a m240 
16:26:47 : Side: Hailstorm: was the base weapon there
16:26:55 : Side: Hailstorm: there were 24 bots
16:27:02 : Side: Freedom: garbage
16:27:03 : Side: Hailstorm: *best
16:33:07 : Side: Hailstorm: next time i try to make a misson with mozzie kamikaze
17:17:10 : Side: Zarag: wanna fight?
17:17:17 : Side: Zarag: 1v1 pussy
17:17:27 : Side: Zarag: ohhh wrong chat im sorry
17:17:29 : Side: Hailstorm: sure, ask 2DIE4
18:11:44 : Side: 2DIE4:  hey arne .... r u still up there on green mountain?
18:13:11 : Side: 2DIE4:  dude r u still residental there?   i did a mission not too far away and a BH was firing up there .. wonder if he was at ya base?
18:13:50 : Side: 2DIE4:  just thought i let u know
19:05:39 : Side: Hailstorm: 2DIE4 , can u find AT Rockets and use them in Launchers?
19:05:51 : Side: 2DIE4:  u certainly can 
19:06:34 : Side: Winans: do they despawn or something? because i am sure i had 2 rockets in my backpack
19:06:53 : Side: 2DIE4:  cant say dunno
19:07:39 : Side: Hailstorm: ok, cause winans found ammo for RPG18 and after restart its was gone
19:07:59 : Side: 2DIE4:  ok  ... i found some and it didnt despawn
19:08:06 : Side: Hailstorm: :(
19:24:08 : Side: Hailstorm: party at your base?
19:24:16 : Side: 2DIE4: ikea
19:24:23 : Side: Hailstorm: ok
19:34:53 : Side: 2DIE4: hey arne .. u still sittin in grishino with ya bandit skin XD
19:37:17 : Side: Sebastian: 2DIE4 are you playing towerdefense? :D
19:37:23 : Side: 2DIE4:  nope 
19:37:35 : Side: 2DIE4:  hey arne tell him the convoy is yours im out
19:40:50 : Side: 2DIE4:  u were in the stable 
19:40:59 : Side: 2DIE4: in the beginning
19:41:13 : Side: 2DIE4:  couldnt get  aa sdhot
19:41:15 : Side: Vladi: why
19:42:44 : Side: 2DIE4:  arne aint talkin to me
19:43:29 : Side: Will: is arne's base the one just east of nothwest airfield?
19:43:35 : Side: Will: /whos is it
19:44:31 : Side: 2DIE4:  nope Arne stais in a nother area
19:44:43 : Side: Arne: i dont have a base in NW
19:45:06 : Side: 2DIE4:  zArne did u read what i was telling earlier?
19:45:11 : Side: Arne: i had one in Lopatino some time ago
19:45:18 : Side: Arne: no i was getting laundry
19:45:33 : Side: 2DIE4:  did a mission up near y
19:45:45 : Side: Arne: yeah the ikea one?
19:46:01 : Side: Arne: so i heard.
19:46:10 : Side: 2DIE4: your base and a  armed BH  was shooting up at ya place ...  wonder if base is ok
19:46:24 : Side: 2DIE4:  y did ya frriend leave?
19:46:25 : Side: Arne: what base?
19:46:37 : Side: 2DIE4:  your base dude  dont u have that base up there
19:46:38 : Side: Arne: got a couple
19:46:45 : Side: 2DIE4:  dont wanna telll location
19:46:51 : Side: Arne: not sure which you are refering to
19:46:59 : Side: 2DIE4:  the one u was shooting me fron once
19:47:00 : Side: Arne: just say it i dont mind 
19:47:07 : Side: 2DIE4:  green hill
19:47:10 : Side: Arne: the lopatino one?
19:47:18 : Side: Arne: ah ok yes
19:47:23 : Side: 2DIE4: oh  ok 
19:47:26 : Side: Arne: well good on them
19:47:40 : Side: 2DIE4:  just wanted to  give 
19:47:45 : Side: 2DIE4:  heads up
19:47:55 : Side: Arne: hehe thanks. im sure you had a hand in that as usual :)
19:48:05 : Side: 2DIE4:  nope   i did a  mission nearby
19:48:42 : Side: 2DIE4:  im gonna flyover
19:49:00 : Side: 2DIE4:  ah u got the truck   =)
19:49:36 : Side: 2DIE4:  just go im no thread
19:49:50 : Side: 2DIE4:  good loot?
19:50:00 : Side: Arne: you go take it
19:50:12 : Side: 2DIE4:  naa dude
19:50:27 : Side: 2DIE4:  tell ya friend  sry 
19:50:34 : Side: 2DIE4:  3 times is nasaty
19:50:38 : Side: 2DIE4: nasty
19:50:45 : Side: Arne: he is new
19:50:58 : Side: Arne: thinks standalone is better. so i deserves it
19:51:04 : Side: Arne: he*
19:51:12 : Side: 2DIE4: XD
19:53:17 : Side: Arne: haha nice fake out
19:53:19 : Side: Turmoil: Good evening 
19:53:53 : Side: 2DIE4: hi
19:55:30 : Side: Arne: 2die4 is it right you have like 2000+ hours in arma 2 opereation arrowhead?
19:55:44 : Side: 2DIE4:    u checkin my steam?  XD
19:55:52 : Side: Arne: haha yes
19:56:01 : Side: Vladi: stalker xD
19:56:08 : Side: 2DIE4:  if it sais so   XD
19:56:10 : Side: Arne: yep
19:56:20 : Side: Arne: it is pretty amazinf
19:56:31 : Side: Arne: haha
19:56:34 : Side: Turmoil: lol
19:56:35 : Side: Vladi: bruh
19:56:47 : Side: 2DIE4:  i know corners of this map that usual players will never ever find  XD
19:57:07 : Side: Vladi: i can too start the game and go a way
19:57:07 : Side: 2DIE4:  i learned because when i started iwe had  a tent  to store stuff nothing else  
19:57:28 : Side: Arne: i made the mistake and started playung arma 3 hopeing it will make an equal good mod
19:58:08 : Side: 2DIE4:   HAHAHAHAHHA
19:59:00 : Side: Arne: well going off dudes
19:59:06 : Side: 2DIE4:  later mate
20:53:45 : Side: 2DIE4: who in chopper?
20:54:05 : Side: Turmoil: where? :D
20:54:31 : Side: 2DIE4:  gorka towars guglove  
20:54:35 : Side: Turmoil: the one that just went down?
20:54:39 : Side: Peasant: ai
20:54:41 : Side: 2DIE4: approx
20:54:51 : Side: Turmoil: im not flying... im building ^
20:54:56 : Side: 2DIE4:  just had it on the radar    =)
20:54:59 : Side: Peasant: its making a mess of my plans
20:55:15 : Side: 2DIE4: XD
21:30:14 : Side: 2DIE4: who in that humveee?
21:46:12 : Side: Turmoil: 2DIE4?
21:46:37 : Side: 2DIE4: ??? yap
21:46:47 : Side: Turmoil: do you know where Misa's base is?
21:47:01 : Side: 2DIE4:  was he with hostix``???? 
21:47:05 : Side: Turmoil: i think so
21:47:13 : Side: Turmoil: is it that base close to NWAF?
21:47:19 : Side: 2DIE4:    i guess i found it    and the plot is mine  XD
21:47:36 : Side: Turmoil: is it the one close to NWAF full of vehicles?
21:47:45 : Side: 2DIE4: kinda
21:48:20 : Side: Turmoil: or it might not be his couse i dont see any vodnik or humwee
21:48:52 : Side: 2DIE4: i think i fucked their humvee yesterday  couldnt kill them thou
21:48:54 : Side: 2DIE4:  gh
21:49:20 : Side: Turmoil: was it one of those armed open ones?
21:49:31 : Side: 2DIE4:  yap
21:49:38 : Side: Turmoil: the one they stole from Jesse probably xD
21:55:12 : Side: 2DIE4:  what was that?
21:55:18 : Side: Turmoil: what who me?
21:55:22 : Side: 2DIE4:  yap
21:55:35 : Side: Turmoil: tried some flying acrobatics 
21:55:44 : Side: Turmoil: didnt end the way it was suposed to
21:55:47 : Side: 2DIE4:  at that base?
21:55:58 : Side: 2DIE4:  i got all the keas  XD
21:56:04 : Side: 2DIE4: keys
21:56:17 : Side: 2DIE4:  they left th edafe open
21:56:28 : Side: Turmoil: nah, at a mission... tried landing on a roof that was slightly too steep to land on so i slid of an into a fence
22:32:51 : Side: [NG2] Jesse: hi
22:32:55 : Side: PipPip: yay i fixxed it ;d
22:48:02 : Side: [NG2] Jesse: hi all, ^^
22:48:08 : Side: willi: hi
22:48:25 : Side: [NG2] Jesse: some ppl going to do missions? 
22:48:53 : Side: [NG2] Jesse: because i am waiting for one and i dont want to shoot ppl .. 
22:49:03 : Side: [NG2] Jesse: so you guys know.. 
22:51:27 : Side: PipPip: whats the best spawn i can choose?
22:51:37 : Side: [NG2] Jesse: balota?
22:51:38 : Side: Turmoil: depends if you want to kill players or stay alive
22:51:46 : Side: PipPip: both xd?
22:51:53 : Side: [NG2] Jesse: bandit?1! 
22:52:06 : Side: Turmoil: stay away from us then, lol
22:52:18 : Side: [NG2] Jesse: we are super heros! ::P
22:52:22 : Side: PipPip: not rly a bandit i only shoot if shot at :p
22:52:47 : Side: willi: ahaok
22:53:19 : Side: PipPip: 12fps o_O
22:53:46 : Side: [NG2] Jesse: laptop,.. or wooden pc?
22:53:56 : Side: Turmoil: im on laptop and i get 41 fps
22:54:06 : Side: PipPip: no like it says im getting 12 lol but it ont feel like it
22:55:27 : Side: willi: i like to buy a boat to get out ofe here, but i have not enough money :)
22:55:36 : Side: PipPip: well i guess ill play this later since my pc is taking a shit xd
22:56:00 : Side: Turmoil: lol
22:56:19 : Side: PipPip: cya lads ;3 and ty for helping me fix my game turmoil ;3
22:56:31 : Side: Turmoil: you are very welcome :)
