00:34:58 : Group: Mr. Shortbottoms: which should i keep. m110 nv or dmr
00:35:17 : Group: [NG2] Jesse: m110 i like it more
00:39:47 : Group: [RussianMafia]ICEE: 1
00:39:56 : Group: [RussianMafia]ICEE: f1
02:10:06 : Group: specialistTt: nikiki
05:38:22 : Group: Zeus: lol nice shot
12:12:55 : Group: ReaperZA: yes?
12:22:52 : Group: ReaperZA: plz invite koffiepot to group
12:24:49 : Group: ReaperZA: yhx
12:24:53 : Group: ReaperZA: thx
12:27:33 : Group: Turmoil: hey guys
12:27:38 : Group: ReaperZA: hi
12:30:38 : Group: MeGa_Koffiepot: im ganne light up the cars at the base next to me in a sec
12:30:52 : Group: ReaperZA: lol
12:34:46 : Group: MeGa_Koffiepot: omw 
12:34:54 : Group: ReaperZA: ?
12:37:40 : Group: MeGa_Koffiepot: dammit where dide the cargo trug go 
12:38:08 : Group: MeGa_Koffiepot: am at the base dis is not one of ower frend he ? 
12:38:21 : Group: MeGa_Koffiepot: dis barn?
12:39:19 : Group: MeGa_Koffiepot: open fire in 10 sec expoisen rouwnds 
12:39:28 : Group: MeGa_Koffiepot: 3
12:39:30 : Group: MeGa_Koffiepot: 2
12:39:31 : Group: MeGa_Koffiepot: 1
12:39:58 : Group: Turmoil: lol i hear it all the way down here xD you messing up your neighbours base?
12:40:11 : Group: ReaperZA: wish i could see the fireworks
12:40:29 : Group: Turmoil: it sounds like something is getting destroyed xD
12:40:48 : Group: MeGa_Koffiepot: hmmm the door is still standing gggrrr
12:41:44 : Group: MeGa_Koffiepot: lol out of ammo
12:41:57 : Group: Turmoil: how many rounds did u fire at the door?
12:42:14 : Group: MeGa_Koffiepot: 5x30 rownds exposivs en the door still standing gggrrr
12:42:27 : Group: Turmoil: ......
12:42:40 : Group: Turmoil: should have been gone then... thats just OP
12:42:42 : Group: MeGa_Koffiepot: lest heav a look clowser by mb i can open it 
12:43:32 : Group: MeGa_Koffiepot: dammit still standing
12:43:59 : Group: MeGa_Koffiepot: allsow the barn diddent calaps :(
12:44:57 : Group: MeGa_Koffiepot: AGS-30 rownd arnt powerfull enoff :( ggrr i want more powerfull play toys someone can help me out here?
12:45:31 : Group: Turmoil: look at my new choppa koffie
12:45:57 : Group: MeGa_Koffiepot: mozzie :p 
12:46:26 : Group: MeGa_Koffiepot: i let you in 
12:46:30 : Group: Turmoil: yeah, i crashed the old one xD
12:46:47 : Group: MeGa_Koffiepot: lol
12:47:22 : Group: Turmoil: nice base ^^
12:47:26 : Group: MeGa_Koffiepot: ty :) 
12:47:33 : Group: MeGa_Koffiepot: here
12:51:31 : Group: Turmoil: dang i cant enter my mozzie
12:51:50 : Group: ReaperZA: deployed one?
12:52:01 : Group: Turmoil: ah there it goes
12:52:04 : Group: MeGa_Koffiepot: look up
12:52:07 : Group: MeGa_Koffiepot: an scroll
12:52:14 : Group: Turmoil: yeah ^^
12:52:17 : Group: ReaperZA: yeah had the same thing yesterday
12:52:23 : Group: MeGa_Koffiepot: :)
12:52:25 : Group: MeGa_Koffiepot: ^^
12:58:35 : Group: MeGa_Koffiepot: toedeldoe
12:58:39 : Group: Turmoil: heeey
12:59:15 : Group: ReaperZA: u in a plane
12:59:18 : Group: ReaperZA: lol
12:59:27 : Group: MeGa_Koffiepot: heeey
12:59:45 : Group: ReaperZA: nice view?
12:59:51 : Group: MeGa_Koffiepot: yeah <3
12:59:57 : Group: MeGa_Koffiepot: look clear
13:02:05 : Group: MeGa_Koffiepot: heli
13:02:10 : Group: Turmoil: me
13:02:38 : Group: MeGa_Koffiepot: lol its a iA drop
13:04:58 : Group: ReaperZA: lol
13:05:15 : Group: Turmoil: you got alot of cash on you reaper?
13:05:28 : Group: ReaperZA: about 60 oz
13:05:31 : Group: ReaperZA: ?
13:05:40 : Group: Turmoil: oh okay then i wont bother you... i can fly back to base
13:05:46 : Group: Turmoil: missing 20oz for a backpack xD
13:05:53 : Group: ReaperZA: take it
13:05:56 : Group: Turmoil: or
13:06:33 : Group: Turmoil: gracias mi amigo 
13:06:44 : Group: ReaperZA: :P
13:07:44 : Group: Turmoil: saved me a trip to the base again, i was gonna get a backpack and a new heli.. missed total price by 20oz xD
13:08:33 : Group: ReaperZA: DAMNIT
13:08:40 : Group: Turmoil: getting flashed? :P
13:08:43 : Group: MeGa_Koffiepot: what?
13:08:44 : Group: ReaperZA: ye
13:08:45 : Group: MeGa_Koffiepot: lol
13:09:13 : Group: ReaperZA: i have pretty much been killing animals and selling them this whole time
13:09:34 : Group: Turmoil: the cows gives quite good money
13:09:47 : Group: Turmoil: and rabbits
13:13:16 : Group: Turmoil: hmmm Merlin or UH-60...
13:13:26 : Group: ReaperZA: merlin has more space
13:13:41 : Group: Turmoil: yeah, more space, fuel, armor, for the same price
13:13:58 : Group: ReaperZA: repairing it is the only bitch
13:14:15 : Group: Turmoil: costly indeed
13:14:57 : Group: Turmoil: anything good up there Koffie?
13:15:19 : Group: MeGa_Koffiepot: still the same lockt car's nope
13:21:59 : Group: Turmoil: damn bandits shooting at me... xD
13:25:08 : Group: Turmoil: hey
13:26:34 : Group: Turmoil: ooooooooooooooh clooooose
13:26:43 : Group: MeGa_Koffiepot: xDDD
13:27:08 : Group: Turmoil: oh snap
13:29:27 : Group: Orange Ninja: /vote day
13:29:46 : Group: Turmoil: cant find your body koffie :(
13:29:47 : Group: MeGa_Koffiepot: darn no barral roll from me :p
13:30:00 : Group: MeGa_Koffiepot: year clows
13:30:05 : Group: MeGa_Koffiepot: i mark it 
13:30:14 : Group: MeGa_Koffiepot: see it
13:30:19 : Group: MeGa_Koffiepot: i delete it 
13:30:28 : Group: MeGa_Koffiepot: see the mark on the map ? 
13:30:37 : Group: Turmoil: how do i dive?
13:30:54 : Group: MeGa_Koffiepot: try scolling over my boddy :p
13:31:06 : Group: MeGa_Koffiepot: think you cant dive donno :p
13:31:15 : Group: MeGa_Koffiepot: fownd ma boddy?
13:31:25 : Group: Turmoil: yeah its in the water xD cant get too it
13:32:03 : Group: MeGa_Koffiepot: np i headdet notting on me
13:32:28 : Group: MeGa_Koffiepot: can you pick me up at Berezino
13:32:35 : Group: Turmoil: sure
13:32:41 : Group: MeGa_Koffiepot: 124  066
13:33:29 : Group: MeGa_Koffiepot: btw my nabers clows at bandit traides still got the armd SUV planning to get it back one day :)
13:33:53 : Group: Turmoil: on my way to you now
13:34:01 : Group: MeGa_Koffiepot: roger
13:34:26 : Group: Fontes: Hi :D
13:34:27 : Group: Joshuaa: hey dude
13:35:18 : Group: Fontes: you have been busy yesterday :D
13:35:27 : Group: Joshuaa: base has changed a lot haha
13:35:33 : Group: Fontes: i noticed
13:35:50 : Group: Fontes: cant get in al doors anymore
13:36:02 : Group: MeGa_Koffiepot: nice
13:36:04 : Group: Joshuaa: ill let you in and out
13:36:15 : Group: Fontes: i can acces the main doors 
13:36:33 : Group: Turmoil: where to?
13:36:35 : Group: Turmoil: ok
13:36:39 : Group: Turmoil: yeah
13:36:53 : Group: Turmoil: im hero <3
13:36:56 : Group: Joshuaa: im heading to stary quickly
13:37:07 : Group: Fontes: should i come with you ?
13:37:23 : Group: Joshuaa: yeah man
13:38:33 : Group: Joshuaa: lets goo
13:38:39 : Group: Joshuaa: is meone i  base?
13:38:43 : Group: Joshuaa: someone in base?
13:38:52 : Group: Fontes: i can hear footsteps
13:38:52 : Group: Joshuaa: zombie going crazy
13:39:10 : Group: Joshuaa: lemme grab ammo
13:39:20 : Group: Joshuaa: wtf how he het in
13:39:25 : Group: Fontes: ghost zombie
13:39:40 : Group: Joshuaa: ok lets go haha
13:40:59 : Group: Joshuaa: you got bike?
13:41:04 : Group: Fontes: no its gone
13:41:21 : Group: Joshuaa: hmm
13:41:26 : Group: Fontes: you ?
13:41:35 : Group: Joshuaa: yeah
13:41:51 : Group: Joshuaa: is there a toolbox in base?
13:42:20 : Group: Fontes: nope
13:42:33 : Group: Joshuaa: take bus?
13:42:39 : Group: Fontes: sure :D
13:43:04 : Group: Joshuaa: locked
13:43:17 : Group: Fontes: come
13:43:26 : Group: Fontes: one of the vehicles in the garage is not locked
13:45:03 : Group: Joshuaa: wheel broke
13:46:00 : Group: PRISMIC: I OFFERED TO PICK YOU UP 
13:46:10 : Group: PRISMIC: HOW ISNT THAT DECENT I WAS WAITING
13:46:36 : Group: PRISMIC: ILL COME AND GET U
13:46:48 : Group: PRISMIC: ON MY WAY
13:46:56 : Group: MeGa_Koffiepot: thx m8
13:46:59 : Group: Joshuaa: that was hard haha
13:47:02 : Group: Turmoil: your welcome :)
13:47:32 : Group: Joshuaa: woo
13:47:32 : Group: Turmoil: hey pris :D
13:48:09 : Group: Turmoil: dont have sound atm, something is wrong so im not on TS
13:48:44 : Group: PRISMIC: IM PICKING U UP
13:49:30 : Group: Turmoil: who?
13:50:42 : Group: Turmoil: who u talking to Prismic?
13:59:01 : Group: Joshuaa: lets head to green mountaim
13:59:07 : Group: Fontes: sure
14:02:45 : Group: Turmoil: im gonna take a break, cya later guys
14:02:56 : Group: MeGa_Koffiepot: cya
14:06:13 : Group: Joshuaa: there was a player here
14:06:18 : Group: Fontes: when
14:06:33 : Group: Joshuaa: recently, there were lots of zombies
14:06:47 : Group: Fontes: they didnt spawn on us ?
14:07:04 : Group: Joshuaa: dont think so, they were all in a group inside the gates
14:07:25 : Group: PRISMIC: hey dood
14:07:56 : Group: Joshuaa: after restart go back to other base
14:28:17 : Group: MeGa_Koffiepot: hey ppl :)
14:30:06 : Group: MeGa_Koffiepot: invite jesse
14:30:12 : Group: MeGa_Koffiepot: plz ^^ 
14:30:38 : Group: MeGa_Koffiepot: hey
14:30:52 : Group: MeGa_Koffiepot: cant join ts for the mom
14:52:24 : Group: MeGa_Koffiepot: as someone taking in " i see you " ?? :O 
15:24:32 : Group: [RussianMafia]gg_teemo: thanks for vodnik)
15:30:37 : Group: [RussianMafia]gg_teemo: ds
15:50:58 : Group: Mr. Shortbottoms: hey, headshot, could u invite longsleeves into the group?
15:56:58 : Group: Mr. Shortbottoms: koffiepot..?
16:38:54 : Group: Fontes: Hi :)
16:38:57 : Group: SAMI   svvay: hey bro!
16:39:05 : Group: Fontes: all good ?
16:39:12 : Group: SAMI   svvay: yup, you?^^
16:39:18 : Group: Fontes: im fine 
16:39:27 : Group: Fontes: you at the base ?
16:39:40 : Group: SAMI   svvay: yea, just tought checking out that mark
16:39:46 : Group: SAMI   svvay: thought
16:40:24 : Group: Fontes: ah ok im coming to the base now
16:40:36 : Group: SAMI   svvay: roger that ^^
16:40:40 : Group: SAMI   svvay: you buildin base+
16:41:06 : Group: Fontes: nah i was searching for a good place
16:41:14 : Group: SAMI   svvay: ahh, cool :D
16:41:15 : Group: Fontes: but havent found any
16:41:30 : Group: SAMI   svvay: hmm
16:41:34 : Group: SAMI   svvay: there are plenty
16:42:31 : Group: Fontes: well i still dont have a lot of stuf and no gold
16:42:44 : Group: SAMI   svvay: we'll do missios tonight
16:42:50 : Group: SAMI   svvay: you can grind from there
16:43:13 : Group: SAMI   svvay: there may be people in the barn
16:43:15 : Group: SAMI   svvay: i dont know
16:44:34 : Group: SAMI   svvay: oh shit
16:44:35 : Group: SAMI   svvay: zombies
16:44:40 : Group: Fontes: yeah i know
16:49:20 : Group: SAMI   svvay: h
16:49:21 : Group: SAMI   svvay: hm
16:49:36 : Group: Fontes: i spoke to joshua this afternoon
16:49:51 : Group: Fontes: i dont have access to al the doors anymore
16:50:06 : Group: SAMI   svvay: thats cuz we replaced em
16:50:07 : Group: SAMI   svvay: hold on
16:50:12 : Group: Fontes: ah thats why
16:50:51 : Group: SAMI   svvay: that one room downstairs is the plotroom
16:50:58 : Group: SAMI   svvay: I tend to keep it for myself
16:51:02 : Group: Fontes: sure
16:51:29 : Group: Fontes: is there a place where i can put my stuff in ?
16:51:44 : Group: SAMI   svvay: The lockbox downstairs
16:51:46 : Group: SAMI   svvay: Its for you
16:51:50 : Group: SAMI   svvay: ^^
16:51:57 : Group: SAMI   svvay: And all the storagesheds
16:52:02 : Group: Fontes: what is the code ?
16:52:29 : Group: Fontes: hi matsa
16:52:55 : Group: SAMI   svvay: green47
16:52:57 : Group: SAMI   svvay: is the code
16:53:01 : Group: matsa: hola
16:53:09 : Group: SAMI   svvay: you can take that and place it anywhere you like
16:53:40 : Group: SAMI   svvay: The lockbox is the green little thingy
16:53:49 : Group: Fontes: owh lol
16:53:51 : Group: SAMI   svvay: On the other side xd
16:54:09 : Group: Fontes: well that was embarassing
16:54:12 : Group: SAMI   svvay: xDD
16:55:44 : Group: Fontes: wont to do a mission ?|
16:55:47 : Group: SAMI   svvay: yea sure
16:55:48 : Group: Fontes: want*
16:55:51 : Group: SAMI   svvay: we need one tho
16:56:05 : Group: Fontes: how does the gps work lol
16:56:36 : Group: SAMI   svvay: i think it shows ur latitude and longtitude
16:59:47 : Group: Fontes: I must say this sniper looks and sounds nice ;D
16:59:51 : Group: SAMI   svvay: :D
16:59:54 : Group: SAMI   svvay: hunter rifle
17:00:02 : Group: Fontes: yeah found it
17:02:58 : Group: matsa: you dropped a lot of stuff?
17:03:14 : Group: Fontes: yeah dont need it
17:03:17 : Group: matsa: ahh
17:07:01 : Group: Fontes: chopper
17:09:42 : Group: matsa: are you joining?
17:09:52 : Group: Fontes: yeah
17:11:13 : Group: Fontes: ?
17:11:38 : Group: Fontes: ahh
17:12:40 : Group: SAMI   svvay: :D
17:13:49 : Group: SAMI   svvay: :D
17:13:51 : Group: Fontes: lool
17:13:56 : Group: Fontes: free cars :D
17:14:01 : Group: SAMI   svvay: Font, you want it ? :D
17:14:07 : Group: Fontes: surew
17:14:50 : Group: SAMI   svvay: :D
17:14:50 : Group: matsa: :D
17:16:05 : Group: matsa: hold shift while driving, it makes you go faster
17:18:33 : Group: matsa: D:
17:20:03 : Group: Fontes: i am at Vybor
17:22:13 : Group: matsa: sorry fontes :/
17:22:57 : Group: Fontes: it was not your fault
17:25:43 : Group: Fontes: there is ai everywhere
17:26:36 : Group: Fontes: .i will come to you
17:27:39 : Group: Fontes: chopper above me
17:33:32 : Group: Vladisony: привет
17:33:37 : Group: Vladisony: как там база
17:33:47 : Group: _The_SnikerS_: бля заебись
17:33:51 : Group: _The_SnikerS_: скайп?
17:33:59 : Group: Vladisony: да
17:36:25 : Group: Fontes: wyf
17:36:29 : Group: SAMI   svvay: xD
17:36:31 : Group: SAMI   svvay: if you jump
17:36:33 : Group: SAMI   svvay: from gunner to back
17:36:37 : Group: SAMI   svvay: u get kicked out of vehicle
17:36:40 : Group: Fontes: lol
17:36:46 : Group: Fontes: that is a pity
17:36:50 : Group: SAMI   svvay: yea :(a
17:37:18 : Group: SAMI   svvay: U able to get to ur loot?
17:37:23 : Group: Fontes: i am at Garko
17:37:40 : Group: Fontes: gorka i mean
17:39:04 : Group: Fontes: atleast we have the chopper
17:39:10 : Group: SAMI   svvay: Yeah :)
17:39:13 : Group: matsa: to you bodu?
17:39:17 : Group: Fontes: yeah sure
17:44:34 : Group: matsa: cover us
17:46:20 : Group: Fontes: haha yeah
17:46:25 : Group: Fontes: need a bloodbag?
17:46:33 : Group: SAMI   svvay: yea!
17:46:38 : Group: SAMI   svvay: may I have? :D
17:46:49 : Group: SAMI   svvay: :)
17:46:56 : Group: Fontes: that was a lucky shot though
17:47:12 : Group: SAMI   svvay: the shot you did?
17:47:16 : Group: Fontes: yeah
17:47:26 : Group: SAMI   svvay: it was great!
17:47:28 : Group: SAMI   svvay: well done
17:47:36 : Group: Fontes: feel so proud :D
17:47:40 : Group: SAMI   svvay: :DD
17:47:44 : Group: SAMI   svvay: hey btw
17:47:47 : Group: SAMI   svvay: anything you want from the car
17:47:56 : Group: matsa: want some guns?
17:48:19 : Group: Fontes: i already took a few
17:48:32 : Group: SAMI   svvay: oki
17:48:35 : Group: Fontes: that mk17 sniper looks sick 
17:50:17 : Group: SAMI   svvay: ty^^
17:50:18 : Group: SAMI   svvay: brb
17:50:46 : Group: Fontes: matsa
17:50:53 : Group: Fontes: how much does a safe cost ?
17:51:04 : Group: matsa: i briefcase
17:51:08 : Group: matsa: 1
17:51:17 : Group: Fontes: hm
17:51:32 : Group: matsa: we can fly and buy one
17:51:42 : Group: Fontes: dont have the money
17:51:49 : Group: matsa: i have
17:53:11 : Group: SAMI   svvay: Effective range: 1600m
17:53:13 : Group: Fontes: sure
17:53:14 : Group: SAMI   svvay: AS50
17:53:49 : Group: matsa: money inside chopper
17:54:09 : Group: Fontes: thnx :)
17:55:29 : Group: Fontes: should i built my own base?
17:56:44 : Group: matsa: youknow how to buy one?
17:56:56 : Group: Fontes: yeah
17:58:20 : Group: Fontes: that humvee i gues
17:58:30 : Group: Fontes: will probably follow us
17:59:12 : Group: matsa: gogo
18:05:15 : Group: matsa: i have a gift for you :)
18:05:38 : Group: Fontes: wow thnx !
18:06:03 : Group: matsa: you welcome
18:06:34 : Group: Fontes: probably gonna built my base near sosnovka
18:06:51 : Group: SAMI   svvay: nice!
18:08:49 : Group: Fontes: we can go and check te place if you like
18:09:09 : Group: SAMI   svvay: sure!
18:09:12 : Group: SAMI   svvay: lets grab this suv
18:09:18 : Group: SAMI   svvay: pink one
18:10:59 : Group: Fontes: oh yeah sorry
18:11:02 : Group: SAMI   svvay: :D
18:11:04 : Group: Fontes: forgot to lock it
18:11:15 : Group: matsa: its cool
18:11:19 : Group: SAMI   svvay: we all do
18:11:25 : Group: Fontes: :D
18:11:31 : Group: SAMI   svvay: fuck
18:11:40 : Group: SAMI   svvay: :(
18:11:43 : Group: matsa: noob :P
18:11:54 : Group: SAMI   svvay: xD
18:12:05 : Group: Fontes: you drunk ? :D
18:12:07 : Group: SAMI   svvay: hahaha
18:12:10 : Group: SAMI   svvay: im just bad xD
18:14:04 : Group: SAMI   svvay: here?
18:14:18 : Group: Fontes: best is a base you can get into right ?
18:14:28 : Group: SAMI   svvay: lol true
18:15:12 : Group: Fontes: this one isnt open
18:15:45 : Group: Fontes: nope
18:15:45 : Group: SAMI   svvay: pretty cool
18:15:49 : Group: SAMI   svvay: build a compound
18:15:51 : Group: Fontes: nice place though
18:15:51 : Group: SAMI   svvay: ?=
18:16:05 : Group: Fontes: compound?
18:17:09 : Group: Fontes: gonna take a lot of work to built i reckon
18:17:26 : Group: SAMI   svvay: yea
18:17:29 : Group: SAMI   svvay: but that wont be a problem
18:17:33 : Group: SAMI   svvay: we can lend you a chainsaw
18:17:35 : Group: SAMI   svvay: if you want that
18:18:14 : Group: Fontes: its a nice place but i like a house thats open :D
18:19:23 : Group: Fontes: lol
18:19:33 : Group: Fontes: stanag ?
18:20:04 : Group: Fontes: i know another place
18:20:18 : Group: Fontes: underneath de heroes medical supply camp
18:21:34 : Group: Fontes: my bike is broke
18:24:53 : Group: Fontes: playetr
18:25:23 : Group: Fontes: ah its the mission
18:25:25 : Group: Fontes: yeah
18:25:39 : Group: Fontes: what ?
18:25:45 : Group: matsa: extra gun?
18:25:51 : Group: Fontes: sure my backpack
18:26:35 : Group: matsa: ill get my breath back and we shoot
18:26:50 : Group: Fontes: sure
18:28:25 : Group: Fontes: they al dead?
18:28:59 : Group: matsa: here your gun
18:29:13 : Group: Fontes: you have bloodbag?
18:29:16 : Group: Fontes: one got me
18:29:24 : Group: matsa: nah :/
18:30:45 : Group: Fontes: i have bloodbag
18:31:02 : Group: Fontes: im gonna built my base right in front of me
18:31:08 : Group: Fontes: at that barn
18:32:30 : Group: Fontes: at the left
18:32:58 : Group: Fontes: sami
18:33:13 : Group: Fontes: right in front of you
18:34:02 : Group: Fontes: this is a nice place
18:34:11 : Group: SAMI   svvay: ageed
18:34:14 : Group: SAMI   svvay: agreed
18:34:52 : Group: Fontes: should i place my safe here ?
18:34:59 : Group: SAMI   svvay: yea, do that
18:35:05 : Group: SAMI   svvay: did you grab ur plot
18:35:08 : Group: Fontes: yeah
18:35:19 : Group: Fontes: what do you do with it ?
18:35:35 : Group: SAMI   svvay: without it you simply cant build a basew
18:35:45 : Group: Fontes: ah ok
18:38:32 : Group: matsa: ??
18:41:44 : Group: Fontes: :D
18:43:06 : Group: matsa: these aren't our safes
18:43:19 : Group: matsa: we cant open them
18:43:23 : Group: matsa: woops
18:49:18 : Group: matsa: wtf 
18:50:27 : Group: Fontes: wtf 
18:51:02 : Group: Fontes: so this is what you do most of the time ?:D
18:51:07 : Group: SAMI   svvay: :D
18:52:00 : Group: matsa: back to base?
18:54:40 : Group: matsa: dmr sound with pkp
18:54:45 : Group: SAMI   svvay: what teh fuck
18:55:40 : Group: matsa: you dont wanna build here?
18:55:41 : Group: Fontes: fuck im coffin
18:56:17 : Group: Fontes: well i can built here if you want
18:56:52 : Group: Fontes: but your the boss :D
18:57:00 : Group: matsa: its your choice but im just wonder if theres something wrong
18:57:23 : Group: Fontes: what do you mean
18:57:50 : Group: matsa: nvm¨
18:58:32 : Group: Fontes: im ok with everything
18:58:37 : Group: matsa: aight
18:58:51 : Group: matsa: but brb
18:59:03 : Group: Fontes: nobody i know plays this
18:59:32 : Group: SAMI   svvay: :/
18:59:45 : Group: SAMI   svvay: well, you know us :D
18:59:59 : Group: Fontes: yeah that`s nice
19:00:12 : Group: Fontes: should i get my safe and put it here ?
19:00:39 : Group: SAMI   svvay: you do whatever you like too :)
19:00:41 : Group: SAMI   svvay: ur call
19:00:59 : Group: Fontes: allright i`ll go and get it
19:09:07 : Group: Fontes: im back after the restart
19:26:11 : Group: Fontes: wanna do de black hawk missio n?
19:26:14 : Group: Fontes: its close
19:26:19 : Group: SAMI   svvay: Sierra, LWB?
19:26:52 : Group: SAMI   svvay: Yea sure
19:26:53 : Group: SAMI   svvay: Soon
19:29:04 : Group: Fontes: i cant put my safe down
19:30:20 : Group: Fontes: can you give me access for a few sec so i can place my safe ?
19:44:07 : Group: Fontes: savy
19:44:21 : Group: Fontes: i cant place my safe 
19:45:26 : Group: Fontes: i cant place my save
19:45:43 : Group: SAMI   svvay: wait
19:45:46 : Group: SAMI   svvay: race upcoimig
19:47:16 : Group: SAMI   svvay: ok i add u now to plot pole
19:48:08 : Group: Fontes: Hi :)
19:49:17 : Group: Fontes: cant place it yet
19:49:54 : Group: Fontes: cant hear you mate
19:50:16 : Group: matsa: there we g
19:50:22 : Group: matsa: now you can build
19:53:29 : Group: Fontes: think i `m going
19:53:39 : Group: SAMI   svvay: me 2 xd
19:55:28 : Group: Fontes: need to go guys
19:55:34 : Group: SAMI   svvay: ait bro
19:55:35 : Group: SAMI   svvay: cya
19:55:36 : Group: Fontes: Sya later
19:55:53 : Group: SAMI   svvay: cya
21:28:04 : Group: Colin: he cant climb over the stone
21:28:08 : Group: ReaperZA: headshot
21:28:20 : Group: ReaperZA: u got any extra building supplies?
23:05:00 : Group: alexxx: /killmi
23:05:06 : Group: alexxx: killmy
23:05:19 : Group: alexxx: GOOD BYE CRUEL WORLD
23:08:12 : Group: Alex (2): killmy
23:08:23 : Group: Alex (2): /killmy
23:29:32 : Group: Johnny B: Luke, grab bacon
23:32:37 : Group: alexxx: .killme
23:32:51 : Group: alexxx: GOOD BYE CRUEL WORLD
