10:27:50 : Direct: SierraDeltaZ [SD]: do you have the key?
10:28:08 : Direct: Turmoil: you just speed hack?
10:28:20 : Direct: SierraDeltaZ [SD]: No I'm admin
10:28:26 : Direct: Turmoil: oooooh lol
10:28:47 : Direct: Turmoil: key on ground there
10:29:22 : Direct: Turmoil: i tried several times to relog and stuff but never worked... 
10:29:38 : Direct: SierraDeltaZ [SD]: yeah it doesnt appear to be working for me either
10:29:45 : Direct: SierraDeltaZ [SD]: did you run key locator?
10:29:54 : Direct: Turmoil: whats that? 
10:30:05 : Direct: Turmoil: im kinda new to the game so i dont really know how to do much
10:30:22 : Direct: SierraDeltaZ [SD]: it shows the location to the vehicle - give me a sec - just see what it says
10:31:46 : Direct: SierraDeltaZ [SD]: no it isnt showing anywhere
10:32:00 : Direct: SierraDeltaZ [SD]: if i give you the key back you can see
10:32:17 : Direct: SierraDeltaZ [SD]: in your bag
10:32:34 : Direct: SierraDeltaZ [SD]: if you open your gear and right click on your map you can run key locator see
10:33:05 : Direct: SierraDeltaZ [SD]: and it doesnt even come up with a match
10:33:23 : Direct: Turmoil: doesnt work for me =/ nothing happens when i right click map
10:33:23 : Direct: SierraDeltaZ [SD]: so I will take this one and spawn you a new one
10:33:48 : Direct: Turmoil: you really dont have to man, i dont want any benefits... i could buy a new one like all others
10:34:07 : Direct: SierraDeltaZ [SD]: yeah but it has obviously gone wrong so its fine on this occasion
10:34:28 : Direct: Turmoil: oh, well ok, thanks i guess :)
10:34:47 : Direct: SierraDeltaZ [SD]: want to transfer any gear you have?
10:34:52 : Direct: Turmoil: bye bye old trucker <3
10:35:09 : Direct: SierraDeltaZ [SD]: key is in bag :)
10:35:13 : Direct: Turmoil: nah i emptied it to sell it :) becouse of the trouble.. but if u want anything thats in the back you can have it
10:35:31 : Direct: SierraDeltaZ [SD]: ok then - pop the old key in my backpack cheers
10:35:34 : Direct: Turmoil: guess you dont need anything as admin :D
10:36:10 : Direct: SierraDeltaZ [SD]: cheers very much :) - enjoy
10:36:20 : Direct: Turmoil: thank you man, really apreciate it
10:36:40 : Direct: SierraDeltaZ [SD]: np - see you later
10:36:44 : Direct: Turmoil: :)
18:09:33 : Direct: SierraDeltaZ [SD]: hi :)
18:09:40 : Direct: Andidor: Hey :)
18:41:27 : Direct: SierraDeltaZ [SD]: dont jump or be scared I'm just double checking something :)
18:41:57 : Direct: SierraDeltaZ [SD]: ok cheers - dont mind me
18:42:05 : Direct: SierraDeltaZ [SD]: leaving now
22:39:41 : Direct: Sierra [SD]: where is it?
22:40:09 : Direct: Sierra [SD]: hi ok - will go to Marco
22:41:06 : Direct: Sierra [SD]: this one?
22:41:19 : Direct: Marco: YES]]
22:41:28 : Direct: Sierra [SD]: ok it empty?
22:41:41 : Direct: Marco: yes
22:41:45 : Direct: Marco: :)
22:41:55 : Direct: Marco: thanks!
22:41:59 : Direct: Sierra [SD]: :) c ya later!
22:42:02 : Direct: Marco: seeya!
