19:00:46 : Group: Freedom: making coffee one sec
19:00:52 : Group: [NG2] Jesse: copy
19:04:50 : Group: [NG2] Jesse: going chopping for walls and stuff.. 
19:05:30 : Group: Freedom: ok i just bought some cinder full as well
19:05:44 : Group: Freedom: i have plywood packs too
19:06:00 : Group: [NG2] Jesse: thought i buy some floors ^^ 
19:06:07 : Group: Freedom: roger
19:06:16 : Group: [NG2] Jesse: and ladders
19:07:51 : Group: Freedom: we just building it out of wood
19:08:02 : Group: [NG2] Jesse: no cinder...
19:08:08 : Group: Freedom: ok good
19:08:31 : Group: [NG2] Jesse: but like in my tower.. floor inside made of wood
19:08:33 : Group: Freedom: i have the plot pole
19:08:48 : Group: Freedom: yep thats what i had planed just like that
19:10:38 : Group: [NG2] Jesse: got a lot of stuff now.. 
19:13:17 : Group: [NG2] Jesse: i was thinking about here.. 
19:13:27 : Group: Freedom: on way
19:15:00 : Group: Freedom: yep thats what i was think as well too lol
19:15:06 : Group: [NG2] Jesse: ^^ 
19:15:20 : Group: Freedom: i hovered over it and it covers all the area
19:16:45 : Group: [NG2] Jesse: i wave not much room left
19:16:53 : Group: Freedom: i watched xD
19:17:38 : Group: [NG2] Jesse: its gonna be a ladder tower.. takes some time to go up every time
19:18:09 : Group: Freedom: no prob thats what i had planed other wise it would have to be alot of 1/4 floors for stairs
19:19:16 : Group: Freedom: i have the stuff for the doof too
19:19:27 : Group: [NG2] Jesse: ooh nice, i dont have so good work
19:19:54 : Group: Freedom: put me on pole when you get a sec
19:20:16 : Group: [NG2] Jesse: your added
19:20:29 : Group: Freedom: thx
19:21:51 : Group: Freedom: need me to start crafting anything?
19:22:11 : Group: [NG2] Jesse: you got half walls for top? , and metfloors.. 
19:22:37 : Group: Freedom: ill go get home many?
19:23:13 : Group: [NG2] Jesse: we can build to geather.. 
19:23:35 : Group: Freedom: ok
19:27:46 : Group: [NG2] Jesse: you can also place walls.. 
19:28:10 : Group: [NG2] Jesse: i am aloms out of walls.. ^^ 
19:28:13 : Group: Freedom: i gave you all the ones i had want me to go buy more?
19:28:45 : Group: [NG2] Jesse: did you put everting in my bagpack>? 
19:29:34 : Group: Freedom: yeah i just had enought to get plot closed in then was going to figure it all up
19:30:07 : Group: Freedom: im grabing money now
19:30:15 : Group: [NG2] Jesse: need alot more walls ^^ 
19:30:20 : Group: Freedom: i know
19:30:29 : Group: [NG2] Jesse: cool 
19:30:48 : Group: Freedom: ill bring all the cash i have only have 21 briefs 
19:31:00 : Group: [NG2] Jesse: Oooh, 
19:31:06 : Group: [NG2] Jesse: i can pay also .. 
19:31:29 : Group: [NG2] Jesse: if you do a couple than i wil go for a second buying run
19:31:30 : Group: Freedom: this is what i was saving it for anyways so all good
19:31:40 : Group: Freedom: ok
19:32:16 : Group: Freedom: i have 30 briefs sorry
19:32:38 : Group: Freedom: i bet you laught at that lol
19:33:08 : Group: [NG2] Jesse: you got mony fast.. so i more proud ;) 
19:33:18 : Group: Freedom: haha
19:39:28 : Group: [NG2] Jesse: i have egnough floors,.. we need walls and ladders.. 
19:39:38 : Group: Freedom: copy
19:39:51 : Group: [NG2] Jesse: ladders are cheap
19:41:30 : Group: [NG2] Jesse: you can build now,.. i am out of stuff ^^ 
19:45:52 : Group: [NG2] Jesse: its you time to build now ^^ 
19:46:00 : Group: Freedom: ill give you some of these?
19:46:03 : Group: Freedom: ok
19:46:32 : Group: [NG2] Jesse: looks sexy the tower.. 
19:46:45 : Group: Freedom: yep i likey
19:47:46 : Group: [NG2] Jesse: gonna place the plote pole to stores higher so we can reach max hight
19:47:56 : Group: Freedom: sounds good
19:48:52 : Group: Freedom: is that right/ seems in
19:48:59 : Group: [NG2] Jesse: just snap it
19:49:08 : Group: Freedom: it was just looked off
19:49:20 : Group: [NG2] Jesse: you need to snap every thing and then it will fit..
19:50:13 : Group: Freedom: not good with ladders ;lol
19:50:51 : Group: [NG2] Jesse: just when you plcae it dont pres up or down its oke when you start the building thing
19:54:11 : Group: [NG2] Jesse: we need to go so high as posseble.. 
19:54:22 : Group: Freedom: ok
19:54:38 : Group: [NG2] Jesse: gonna place the plote pole 1 up
19:55:11 : Group: Freedom: copy
19:55:46 : Group: [NG2] Jesse: done
19:56:18 : Group: [NG2] Jesse: if you do show boundery you can see when you reach the top
19:56:39 : Group: Freedom: ok
19:58:10 : Group: [NG2] Jesse: oops something whren wrong ^^ 
19:58:34 : Group: Freedom: the one below me i think it snaped to floor right?
19:58:41 : Group: [NG2] Jesse: yep :P 
19:58:57 : Group: [NG2] Jesse: its looks funny now ^^ 
19:59:51 : Group: [NG2] Jesse: i think i placed the floor wrong also.. 
20:01:50 : Group: [NG2] Jesse: the floor is also wrong.. 
20:02:53 : Group: Freedom: this one wont line up
20:03:06 : Group: [NG2] Jesse: i gonna remvoe floor.. 
20:03:22 : Group: [NG2] Jesse: come 1 down.. 
20:04:30 : Group: [NG2] Jesse: its not a prfect squar the floor thats why
20:05:04 : Group: Freedom: ohh well
20:05:17 : Group: [NG2] Jesse: the wall above is also wrong maybe thats why.. 
20:06:18 : Group: [NG2] Jesse: if you shoot you cancles building
20:06:37 : Group: Freedom: ok
20:07:21 : Group: [NG2] Jesse: nope
20:07:30 : Group: Freedom: lol
20:07:34 : Group: [NG2] Jesse: page down a little
20:07:40 : Group: [NG2] Jesse: before snap
20:08:21 : Group: [NG2] Jesse: damn.. thats anyoning..
20:08:25 : Group: Freedom: yes
20:08:42 : Group: [NG2] Jesse: also when you slect the picot at the bottum ? 
20:08:56 : Group: [NG2] Jesse: pivot*
20:10:16 : Group: Freedom: ahhh lol
20:10:20 : Group: [NG2] Jesse: should i try? 
20:10:33 : Group: Freedom: please
20:11:06 : Group: Freedom: about to rage jump off this thing xD
20:11:22 : Group: [NG2] Jesse: hahaha
20:11:46 : Group: [NG2] Jesse: so?
20:11:56 : Group: [NG2] Jesse: is this it? 
20:12:21 : Group: [NG2] Jesse: this is right? 
20:12:33 : Group: Freedom: yep
20:12:37 : Group: Freedom: looks like it
20:13:13 : Group: [NG2] Jesse: do select pivot, and then the bottom one
20:13:40 : Group: Freedom: i dont know how to do that
20:14:02 : Group: [NG2] Jesse: when you scroll, you seel pivot auto select,. .you can open thaht
20:14:42 : Group: Freedom: right?
20:14:59 : Group: [NG2] Jesse: think so,.. 
20:15:04 : Group: Freedom: me too
20:15:09 : Group: [NG2] Jesse: gonna look down stairs
20:15:19 : Group: Freedom: that works much better thank you!!
20:15:46 : Group: [NG2] Jesse: yeah thats my last option when autoselect not working 
20:16:39 : Group: [NG2] Jesse: ooh lol! 
20:16:48 : Group: [NG2] Jesse: the floor are wrong now.. 
20:16:57 : Group: Freedom: lol
20:17:04 : Group: [NG2] Jesse: the walls are oke.. 
20:17:15 : Group: [NG2] Jesse: but the floor is sticking out.. 
20:17:17 : Group: Freedom: can i keep going?
20:17:59 : Group: [NG2] Jesse: i dont have any floors more.. 
20:18:12 : Group: Freedom: ok
20:18:20 : Group: [NG2] Jesse: do you have? 
20:18:33 : Group: Freedom: no bu ti have alot of ply wood packs
20:18:42 : Group: [NG2] Jesse: i gonna buy some.. 
20:18:47 : Group: Freedom: ok
20:19:00 : Group: [NG2] Jesse: do you need anything else? 
20:19:11 : Group: [NG2] Jesse: ladders?
20:19:41 : Group: Freedom: i have 12 full walls and 1 ladder left so yeah
20:19:53 : Group: [NG2] Jesse: ^^
20:20:43 : Group: [NG2] Jesse: i need to go after i come back with the stuff.
20:20:50 : Group: Freedom: ok buddy
20:22:19 : Group: Freedom: only last 15min not worth it
20:25:53 : Group: [NG2] Jesse: see stuppit floor
20:25:58 : Group: Freedom: yeah lol
20:26:14 : Group: Freedom: just this side to
20:27:10 : Group: [NG2] Jesse: when you holding main wapen you  climbing faster
20:27:28 : Group: Freedom: ahh
20:28:44 : Group: [NG2] Jesse: gonna place the plote pole higher
20:28:55 : Group: Freedom: ok
20:30:22 : Group: Freedom: im not on plot
20:30:33 : Group: [NG2] Jesse: opps going up ^^
20:32:31 : Group: [NG2] Jesse: nice plot pole is standig on the best place now..
20:32:53 : Group: Freedom: good deal
20:34:06 : Group: Freedom: how much higher can we go
20:35:16 : Group: [NG2] Jesse: if you go at the plote pole you can turn on the new boundery
20:35:21 : Group: Freedom: ok
20:35:43 : Group: [NG2] Jesse: lets go as high as possible i think.. 
20:35:47 : Group: Freedom: same
20:38:48 : Group: [NG2] Jesse: that view! 
20:39:01 : Group: Freedom: i know ts sweet
20:39:15 : Group: [NG2] Jesse: i need to go,.. 
20:39:19 : Group: [NG2] Jesse: have fun,... 
20:39:24 : Group: [NG2] Jesse: its looks great! 
20:39:39 : Group: Freedom: yep were doing good
20:39:57 : Group: [NG2] Jesse: restart also btw
20:40:06 : Group: Freedom: ahh
21:58:56 : Group: [OCB]Dodgy Embalmer: WHATS THE AI ON NWA ABOUT
22:15:07 : Group: Turmoil: hey my friend
22:15:32 : Group: Freedom: hey buddy
22:16:03 : Group: Turmoil: hows the building going?
22:16:47 : Group: Freedom: out of denaro
22:17:17 : Group: Turmoil: how many more floors are required before you reach your altitude?
22:17:48 : Group: Freedom: i think 3 more full stories of cinder will max it out i have floors and ladders still
22:18:08 : Group: Turmoil: so another 12 cinder walls then?
22:18:19 : Group: Freedom: i think so yes
22:18:23 : Group: Turmoil: we can fix that :)
22:18:31 : Group: Freedom: lol yo uthe man
22:19:52 : Group: Turmoil: ill fly down at get the remaining walls :)
22:20:05 : Group: Freedom: ok im addin g you to plot and doors
22:21:22 : Group: Freedom: jesse messed up two floors but i cant tell what ones they are to fix lol
22:21:48 : Group: Turmoil: hes a perfectionist :)w
22:22:14 : Group: Freedom: lol 
22:27:37 : Group: Freedom: thank you sir
22:27:47 : Group: Turmoil: you are very welcome :)
22:28:05 : Group: Turmoil: im gonna go do the mission over there
22:28:14 : Group: Freedom: copy ill keep going
22:28:22 : Group: Turmoil: scream if you need anything ^^
22:28:29 : Group: Freedom: haha will do
22:28:45 : Group: Turmoil: oh it despawned
22:29:34 : Group: Turmoil: should have a good overview over the missions here
22:29:43 : Group: Freedom: yeah i think so too
22:34:20 : Group: Turmoil: that feeling when you hit the wrong key at low altitude
22:34:36 : Group: Freedom: lol yeah always happens to me
22:35:40 : Group: Turmoil: wonder if i can get my shizzle back from the lake xD
22:36:16 : Group: Freedom: lol
22:37:45 : Group: Turmoil: i need to break my leg xD
22:38:04 : Group: Freedom: lol why
22:38:21 : Group: Turmoil: my body is under the water, only way to get under water is by breaking a leg xD
22:38:56 : Group: Freedom: if you fall of the top of my base it breaks your legxD
22:39:19 : Group: Turmoil: and die :P
22:39:33 : Group: Freedom: nope you dont die trust me done it 5 times lol
22:41:57 : Group: Turmoil: u need a lock on the door ^^w
22:42:17 : Group: Freedom: i have one just dident know if i should cause i can put jesse on it yet
22:42:23 : Group: Freedom: cant
22:42:44 : Group: Turmoil: if Jesse is on the plotpole he can access all doors even if u put a lock on :)
22:43:03 : Group: Turmoil: how am i suposed to jump off here? :O
22:43:05 : Group: Freedom: ok cool
22:43:17 : Group: Freedom: lol my base not this one
22:43:29 : Group: Freedom: this one you will die lol
22:43:38 : Group: Turmoil: all the way down i go xD
22:43:48 : Group: Freedom: my bad sorry man
22:43:56 : Group: Turmoil: np ^^
22:44:15 : Group: Turmoil: i can definitively use the exercise
22:44:22 : Group: Freedom: lol
22:45:00 : Group: Turmoil: so i jump of the helipad ontop?
22:45:06 : Group: Freedom: yep
22:45:34 : Group: Freedom: it broke mine everytime atleast
22:46:17 : Group: Turmoil: whats your plans for the top of the tower? ^^
22:46:30 : Group: Freedom: no idea was gonna wait for you guys
22:48:07 : Group: Turmoil: fueltruck? no fuelpump?
22:48:23 : Group: Freedom: yeah have both for filling cans
22:48:30 : Group: Turmoil: ah clever
22:49:12 : Group: Freedom: have fun
22:49:18 : Group: Turmoil: ah well here goes nothing
22:49:27 : Group: Turmoil: didnt break my leg xD
22:49:55 : Group: Freedom: what the heck did everytime to me
22:50:04 : Group: Turmoil: ah well, had nothing of importance on me anyways
22:50:16 : Group: Freedom: can i shoo tyour leg with dmr
22:50:44 : Group: Turmoil: if you want to loose the humanity im fine whit that
22:50:55 : Group: Freedom: hom mush lol
22:58:06 : Group: Turmoil: oops
22:58:14 : Group: Freedom: xD
22:59:28 : Group: Freedom: this chain saw is beast just got 40 lumber from one tree
22:59:47 : Group: Turmoil: some trees are very generous while others are just a pain in the behind 
22:59:54 : Group: Freedom: yep
22:59:59 : Group: Turmoil: some gives 1 lumber others a whole heap
23:01:10 : Group: Turmoil: can i do the mission in 10 mins whit a silenced G36... i wonder
23:01:25 : Group: Freedom: hmmm i dunno
23:01:33 : Group: Freedom: i think you got it lol
23:03:47 : Group: Turmoil: apparently not
23:04:02 : Group: Freedom: lol
23:04:56 : Group: Turmoil: im hungry.... any good suggestions?
23:05:19 : Group: Freedom: tacos
23:05:30 : Group: Turmoil: its 12 in the night already xD 
23:05:40 : Group: Turmoil: think ill go for a baloney sandwich xD
23:05:57 : Group: Freedom: fried is the best
23:06:11 : Group: Turmoil: fried baloney sandwich?
23:06:16 : Group: Freedom: yep
23:06:47 : Group: Turmoil: had to come from an american xD lol
23:06:58 : Group: Turmoil: never even heard about a fried baloney sandwich, lol
23:07:01 : Group: Freedom: haha i would not doubt it
23:07:32 : Group: Turmoil: i dont have anything to frie in either, lol
23:07:33 : Group: Freedom: yeah just put it in a pan and brown each side and slap it on the bread
23:07:41 : Group: Freedom: lol
23:08:03 : Group: Turmoil: thats more toasted than fried isnt it? ^^
23:08:13 : Group: Freedom: maybe lol
23:08:37 : Group: Turmoil: when i think fried i think like french fries... in boiling hot oil
23:08:56 : Group: Freedom: just thought that yeah just in a pan
23:33:43 : Group: Luca: tx.
