14:56:36 : Group: Brian: BRB
14:58:57 : Group: Brian: guys pick up as much loot as possible we can sell then ge4t a hel
14:59:00 : Group: Brian: get*
15:00:38 : Group: st nick: wazzup im in
15:02:05 : Group: Brian: BRB
15:03:27 : Group: Brian: back
15:13:23 : Group: Patrick: BRB GOT TO GO TO THE TOILET'
15:13:52 : Group: Patrick: BRB
15:13:57 : Group: st nick: hey budday 
15:16:28 : Group: Patrick: isnt it easier if we communicate over ts or somethhing?
15:17:05 : Group: Patrick: toft.io
15:17:24 : Group: Patrick: RUM 1
15:36:04 : Group: Brian: GUYS CAN YOU GET MY LOOT PLZ
15:36:17 : Group: Patrick: no time sry
15:36:28 : Group: Brian: :(
18:47:10 : Group: Patrick: hello 
18:47:16 : Group: Patrick: wanna be a group?
18:47:41 : Group: Turmoil: sure, i can be in group as long as no one from my team comes, then i will join them
18:47:50 : Group: Patrick: okay
18:48:07 : Group: Patrick: want to speak on ts instead?
18:48:54 : Group: Turmoil: i might be able to later, atm im currently in teams TS discussing some stuff :)
18:49:06 : Group: Patrick: okay :)
18:49:16 : Group: Patrick: can you maybe pick me up?
18:49:16 : Group: Turmoil: where are you from?
18:49:23 : Group: Patrick: denmark and you?
18:49:31 : Group: Turmoil: Norway, im currently at foot 
18:49:40 : Group: Patrick: okay
18:50:08 : Group: Turmoil: trying to gather enough loot to be able to afford a heli
18:50:28 : Group: Patrick: nice, i dont even have a base yet
18:51:02 : Group: Turmoil: me either, my team has one but im gonna build my own personal as well for my private stash
18:51:37 : Group: Patrick: sounds good, every time i try to get enough gold im getting killed
18:51:58 : Group: Turmoil: yeah, it sucks... you should find a safe place to stash your gold
18:52:25 : Group: Patrick: dont have a safe yet
18:52:45 : Group: Turmoil: me either, im saving up now as well, i stashed my gold in team safe but someone apparently needed money
18:53:09 : Group: Patrick: they took your gold?
18:53:25 : Group: Turmoil: they asked to borrow some gold, lol
18:53:32 : Group: Patrick: okay
18:53:35 : Group: Turmoil: they took more than i expected
18:53:58 : Group: Patrick: rude haha xD
18:54:09 : Group: Patrick: fuck me there is a car here
18:54:25 : Group: Turmoil: when i can afford it im gonna get a safe that i place somewhere random so i can just stash my money
18:54:41 : Group: Turmoil: perhaps get a helicopter so i dont have to build a base close to a road
18:54:43 : Group: Patrick: GOOD IDEA
18:55:35 : Group: Turmoil: sweet, M240 with a sight
18:55:53 : Group: Patrick: lucky bitch
18:56:57 : Group: Patrick: i ainr finding shit
18:57:00 : Group: Patrick: aint
18:57:02 : Group: Turmoil: meh, i found 2 M60A5, 2 M40 sniper rifles, couple of DMR's and 5 assault rifles Mk16 and M4's earlier today pluss a shit ton of ammo
18:57:19 : Group: Patrick: at missions 
18:57:23 : Group: Patrick: or randomly
18:57:32 : Group: Turmoil: randomly
18:57:41 : Group: Patrick: bruh
18:58:17 : Group: Turmoil: anywhere with some sort of army presence usually yelds great loot
18:58:46 : Group: Turmoil: the airport im currently at yields good stuff, found an assault rifle and M240 here just now
18:59:02 : Group: Patrick: im at nwaf
18:59:04 : Group: Turmoil: has a downed C130 plane and the firestation, also some barracks on the other end
18:59:18 : Group: Patrick: and trying not to get seen by that armed car that is here
18:59:35 : Group: Turmoil: player or AI?
19:00:05 : Group: Patrick: player but the ai are also annoying
19:01:28 : Group: Turmoil: i just wish other players could behave and not kill eachother all the friggin time
19:02:04 : Group: Patrick: yeah i know 
19:02:13 : Group: Patrick: what is your humanity
19:02:26 : Group: Turmoil: 3200
19:02:51 : Group: Patrick: yeah mine is 3400
19:03:06 : Group: Patrick: im back in 15-20 min
20:56:40 : Group: Ola: yes we are, but dont say in side
20:56:48 : Group: Turmoil: ill switch to this yeah, sorry
20:56:51 : Group: Val: lol :D
20:57:36 : Group: Turmoil: i just gotta ask, wth did you hide out when you attacked the dam? we tried to find you but were quite unsucessfull
20:57:55 : Group: Ola: some secrets are best kept ;-)
20:58:04 : Group: Turmoil: haha surew
20:58:38 : Group: Turmoil: well if you wanted to scare us and get revenge im pretty sure you managed that quite well xD especially marco
20:58:58 : Group: Ola: I was having fun!
20:59:32 : Group: Turmoil: well he hates you now... i belive sometimes he takes the game to serious, lol
20:59:38 : Group: Ola: lol
20:59:56 : Group: Ola: I would have left him, but he called me names.. So.. I kinda destroyed him
21:00:04 : Group: Turmoil: you almost killed me as well, luckily i had a blood pack, lol
21:00:09 : Group: Ola: oops, sorry
21:00:37 : Group: Turmoil: was getting some ammo and you fired with a DMR i guess, hit me in the leg and broke it xD
21:02:24 : Group: Ola: wrong chat lol
21:03:08 : Group: Turmoil: lol
21:03:42 : Group: Turmoil: well im kinda glad you arent after me, i pretty much play the game to enjoy it, i try my best not to anoy people
21:04:20 : Group: Ola: I was a hero til he pissed me off lol
21:13:15 : Group: Turmoil: soon time to go outside and blow up some money...
21:13:46 : Group: Val: literally or figuratively? :D
21:14:02 : Group: Turmoil: depends how you look at it, fireworks, lol
21:14:38 : Group: Val: ah yes :D
21:15:09 : Group: Turmoil: god so many revolvers its crazy :(
21:15:35 : Group: Val: annoying :D
21:18:09 : Group: Turmoil: AI?
21:18:24 : Group: Ola: think so, but sure players are near too
21:21:32 : Group: Turmoil: you not respawning?
21:21:48 : Group: Val: yeah already in
21:24:43 : Group: Turmoil: do the train carts contain anything?
21:24:54 : Group: Ola: yes usually building stuff
21:25:13 : Group: Ola: but a lot of it is dayz vanilla stuff an no use on epoch
21:25:41 : Group: Turmoil: ah okay...
21:26:27 : Group: Turmoil: ah well, im gonna head of, ill be back a bit later
21:26:39 : Group: Val: have fun with your fireworks
21:26:47 : Group: Ola: see ya\1
21:26:48 : Group: Turmoil: nice chatting with you guys, hope we can have a friendly tone in the future as well :)
21:27:18 : Group: Val: xD - nice chatting too! c ya!
