00:05:16 : Direct: Cpt.FeatherSword: oi
00:05:38 : Direct: RationalGov: well go!
00:06:54 : Side: Cpt.FeatherSword: We just wanted to say hi
00:07:42 : Side: Desert Panther: Most people aren't very friendly
00:08:10 : Side: Cpt.FeatherSword: I know, but I wanted to see if we could make an alliance of sorts
00:09:19 : Side: Desert Panther: Ok! Usually best to be the one who shoots first!
00:09:57 : Side: Desert Panther: Since 99% shots at us
00:34:49 : Side: Cpt.FeatherSword: So how's it goin?
09:56:31 : Side: Acer: siemka
09:57:13 : Side: VLADIMIR>***: heyooo
10:02:20 : Side: Walasznikow: siema
10:02:38 : Side: Acer: co tam jak tam???
10:14:44 : Side: Walasznikow: grupa!!!!
10:15:18 : Group: Acer: siemka co tam???
10:42:13 : Side: 2DIE4:  who is in here?  =) 
10:42:53 : Side: Acer: where??? :P
11:43:41 : Side: Moritz: hi
11:44:16 : Side: 2DIE4: Dhiw
11:46:36 : Group: Acer: [POMOCY.....!!!!!!
11:47:09 : Group: Walasznikow: CO SIE DZIEJE?
12:12:14 : Side: Moritz: can sombody give me a car please
12:12:26 : Side: Greg: nope :)
12:12:31 : Side: Moritz: :(
12:26:40 : Side: dorian oberburg: hey
13:07:18 : Group: Acer: waldek pomozesz botow rozwalic ???
13:16:55 : Group: Walasznikow: KURWA ZA JAKIES 15-20 MINUT BO MAM GOSCI
19:51:39 : Group: Greg: robicie misje?
19:54:23 : Group: Greg: gratulejszyn ;p
19:56:16 : Group: Greg: haloooo
21:18:37 : Group: Greg: co kupujesz? ;p
21:19:05 : Group: Walasznikow: nic
21:19:19 : Group: Walasznikow: nie bylo mnie chwile
