15:24:21 : Vehicle: Headshot: GEAR UP AT TRAIDER
19:47:53 : Vehicle: Sir LongSleeves: tim_stadman
23:05:26 : Vehicle: Headshot: what what the key's from?
23:06:09 : Vehicle: Headshot: almowst there
23:16:59 : Vehicle: [NG2] Jesse: haha
23:17:06 : Vehicle: [NG2] Jesse: you may shoot ^^ 
23:34:05 : Vehicle: Headshot: like the base ^^ ? 
23:34:36 : Vehicle: Headshot: dam?
23:35:01 : Vehicle: Headshot: where to dam ?
23:35:38 : Vehicle: [NG2] Jesse: base is perfect.. realy large room !! 
23:36:06 : Vehicle: [NG2] Jesse: we got only little vaults :P 
23:36:14 : Vehicle: Headshot: im flying to the Dam base is that oke
23:36:14 : Vehicle: [NG2] Jesse: but its more hidden
23:36:19 : Vehicle: [NG2] Jesse: yes
23:36:30 : Vehicle: Headshot: crach 
23:58:51 : Vehicle: [NG2] Jesse: i think you shoot beter :P 
23:59:04 : Vehicle: [NG2] Jesse: i can drive very well .
23:59:04 : Vehicle: Headshot: lol cant get out the car dammit ^^ 
23:59:13 : Vehicle: Headshot: ot to gunner's seet
23:59:15 : Vehicle: [NG2] Jesse: no keys ? 
23:59:23 : Vehicle: Headshot: got the key
