00:34:28 : Side: matsa: i like how he hid his plot pole inside the before he logged off
00:34:36 : Side: matsa: wall
01:04:59 : Side: Phaetta: suck on that bambi!
01:32:59 : Side: MeGa_Koffiepot: how to use a Chainsaw ? gas problem :p
01:33:25 : Side: 2DIE4:  u need 2 stroke oil
01:33:35 : Side: matsa: you need oil and a jerry can
01:33:36 : Side: 2DIE4:  mix it with a kanister
01:33:40 : Side: MeGa_Koffiepot: thx m
03:28:12 : Side: 2DIE4:  hey Hals wo turns du rum?
03:28:57 : Side: Faldehals: im bunker und mach nix wie immer
03:29:16 : Side: 2DIE4:  wo is im bunker  ... bisch daoch keine 1000 von mir wech  =)
03:29:28 : Side: Faldehals: ey muss dich ma was fragen gestern bin ich rein war aber nurnoch 1 min bis neustart
03:29:39 : Side: 2DIE4:  yap und?
03:29:41 : Side: Faldehals: hab den LWB angelabert
03:30:02 : Side: Faldehals: warst du auch da wenn du dich überhaupt erinnerst
03:30:13 : Side: 2DIE4:  um was gehts denn?
03:30:56 : Side: Faldehals: vor etwa net ganz ner woche hat wer gefragt currently is it not alowed to builde at devilscastle
03:31:10 : Side: 2DIE4:  ok   und?
03:31:18 : Side: Faldehals: da sagte sierra thats right warst du da auch am start ?
03:31:36 : Side: 2DIE4:  war ich wohl vertieft oder net on
03:32:11 : Side: Faldehals: k hätte ja sein können aber was das bedeutet wenn man die unterhaltung mitbekommen hatte weist ja oder ?
03:32:31 : Side: 2DIE4:  das das admin base wird? XD
03:32:39 : Side: Faldehals: ich hab da ichs mitbekommen hab deswegen net angefangen da zu bauen
03:32:53 : Side: Faldehals: ja ok das wäre ja ok
03:33:10 : Side: Faldehals: also baun tut da wer aber kein plan ob admin
03:33:11 : Side: 2DIE4:  was isses dann?
03:33:54 : Side: Faldehals: das wollt ich ja wissen wenns eben kein admin ist wär ich angepisst
03:34:34 : Side: Faldehals: ma sehn was die sagen und wenn es doch kein admin base sein sollte sierra das abstreitet gesagt zu haben
03:34:57 : Side: Lancer: blablabla
03:35:19 : Side: Faldehals: aber zurück zu deiner frage habs net gerafft was genau du wolltest da ich am rattern war
03:35:35 : Side: Faldehals: du spacken halt dein schluchtenkacker maul
03:35:56 : Side: Lancer: haha
03:36:05 : Side: Faldehals: beacht den net is nur angepisst weil ich ihn net beachte und mit dir schreib
03:36:24 : Side: Faldehals: fress dei tortelini und halts maul
03:36:41 : Side: Lancer: alter nach 4 stunden was du mich vollgetextet hast bin ich froh das n anderer gekommen is
03:37:29 : Side: Faldehals: ahh ja
03:40:28 : Side: Faldehals: ka wie weit ich weg bin
03:43:57 : Side: Faldehals: 2die warum hast denn nu gefragt ?
03:45:07 : Side: 2DIE4:  hatte 2 player auf dem schirm und dachtte du wärst beimir inne nähe
03:45:51 : Side: Faldehals: na denk net war in meiner scheune ... ist das richtig wenn da nur ne 1 steht das ist man selbst ?
03:46:01 : Side: 2DIE4:  yap
03:47:28 : Side: 2DIE4: yo auf 
03:47:37 : Side: 2DIE4:  devils wird gebaut
03:51:45 : Side: Faldehals: joah und das sich nen admin platz reserviert hab ich erst garnet dran gedacht weil noch nie erlebt als admin haben spieler vorrang das meine einstellu
03:51:56 : Side: Faldehals: hab sowas auch noch nicht erlebt
03:52:02 : Side: 2DIE4: find ich auch
04:12:55 : Side: Faldehals: 2die wir hatten hier nen merlin stehn abgeschlossen denkst das jemand meinte es sei es wert nen hotwirrekit dafür zu benutzen ?
04:13:14 : Side: 2DIE4: ka
04:13:57 : Side: Faldehals: ja merkwürdig da es welche gibt die schon weit länger stehn
04:14:49 : Side: Faldehals: den hat wer zerstört der mtvr stand als nextes dran der hat auch schaden
04:16:53 : Side: Faldehals: hast du irgendwo fahrzeuge stehn ?
04:17:05 : Side: Faldehals: das ich weis welche ich net wegballer
04:17:09 : Side: 2DIE4:  in base
04:17:17 : Side: Faldehals: heli ?
04:17:34 : Side: 2DIE4:  steht noch  oben auf 
04:18:24 : Side: Faldehals: k letztens sah ich keinen stehn sah nur eus wie treppe mit metallboden dicht gemacht
04:18:30 : Side: Faldehals: aus
04:18:58 : Side: Faldehals: wurscht welchen haste da stehn ?
04:19:12 : Side: Faldehals: war ewtl garnet deine base
04:19:18 : Side: 2DIE4:  MI 17
04:19:23 : Side: Faldehals: alles kla
04:42:37 : Side: Faldehals: 2die irgendwo stand doch ma wieviel gewicht man mit sich träggt ?
04:43:04 : Side: 2DIE4:  is modabhängig
04:43:16 : Side: Faldehals: k also hier nicht ?
04:43:19 : Side: 2DIE4: nö
05:29:18 : Side: Faldehals: die in stary ?
05:29:23 : Side: 2DIE4: +
05:29:43 : Side: Faldehals: ok was bedeutet das ?
05:29:49 : Side: Faldehals: warst du das ?
05:29:52 : Side: 2DIE4: +
07:51:51 : Direct: _The_SnikerS_: hi
07:51:57 : Direct: Faldehals: hey
07:52:01 : Direct: Lancer: hi
08:19:24 : Side: Faldehals: ahhh hey sierra
08:20:12 : Side: Faldehals: are you there ?
08:23:31 : Side: Faldehals: hi again
08:23:38 : Side: Sierra [SD]: Hello Faldehals 
08:24:15 : Side: Faldehals: the base at devilscastle is that adminbase ?
08:24:38 : Side: Sierra [SD]: No
08:25:16 : Side: Faldehals: mkay also i hope you dont forget this
08:25:28 : Side: Sierra [SD]: ?
08:25:51 : Side: Faldehals: maybe max it is 1 week ago someone ask also currentli is it not allowed to builde at devilscastle 
08:26:17 : Side: Faldehals: and you answered thats right or exactly
08:26:35 : Side: Faldehals: that was the reason i dont start building there
08:26:38 : Side: Sierra [SD]: Nope
08:26:48 : Side: Faldehals: nope what ?
08:27:31 : Side: Faldehals: i forget the playername but im sure to 100% that was your answere
08:27:36 : Side: Sierra [SD]: Don't remember saying that. The only building rules are not within 500m of a military base. A message comes up if you cannot build.
08:27:55 : Side: Sierra [SD]: Someone asked me about green mountain
08:29:45 : Side: Faldehals: belive me i was close to start at there and green mountain and devilscastle  are 2 other thinks i cant missunderstand
08:31:08 : Side: Faldehals: sry but realy it was about devilscastle cause i was real pissed abaut it 
08:32:05 : Side: Faldehals: sierra nobody is perfekt but thats my favorit place so i cnow it 100%
08:32:13 : Side: Sierra [SD]: Sorry to hear that. Nothing to do with me though I'm afraid. 
08:33:56 : Side: Faldehals: shti happens now is it my problem but the misstake from you :/
08:34:04 : Side: Sierra [SD]: I'm afraid not.
08:36:19 : Side: Faldehals: damn it i forget the players name 
08:38:28 : Side: Faldehals: no worries realy but but you realy can trust me that was devilscastle i know it cause i .. you know but it is how it is ;)
08:41:36 : Side: Faldehals: fate , is this the right word ? 
08:43:20 : Side: Faldehals: k cya guys , hf gl
08:44:05 : Side: Faldehals: more like me i hope .....
09:55:39 : Side: Tobimofat: Anyone know why i can\t refuel a humvee
09:55:59 : Side: Joshuaa: damage?
09:56:11 : Side: Tobimofat: Not at all
09:56:21 : Side: Joshuaa: re log
09:57:04 : Side: Tobimofat: I could not do it yesterday either
09:57:25 : Side: Joshuaa: wait until admin is on
09:57:41 : Side: Sierra [SD]: trying to refuel it at the refuelling pump?
09:58:26 : Side: Tobimofat: Im gonna try with a fuel barrel or something like that, i have been trying with the fuel pump
09:58:37 : Direct: Sierra [SD]: let me try
09:59:00 : Direct: Tobimofat: what
09:59:03 : Direct: Sierra [SD]: seems to be working for me
09:59:29 : Direct: Sierra [SD]: fueled up now
09:59:52 : Direct: Sierra [SD]: ill grab another car and try too
09:59:54 : Direct: Tobimofat: Yeah thanks for that >(
10:00:22 : Direct: Sierra [SD]: np :) - not sure why it didnt work for you - were you close enough? - brb
10:00:25 : Direct: Tobimofat: I was going to buy a truck anyway so i will try and see if i can do it with that
10:00:36 : Direct: Sierra [SD]: ah ok
10:01:40 : Direct: Sierra [SD]: was the option not coming up for you on the scroll menu or it just wouldn't fill?
10:02:15 : Direct: Tobimofat: It diden\t give me the option no
10:02:26 : Direct: Sierra [SD]: and you were sat in the driver seat?
10:02:49 : Direct: Tobimofat: I have done before on this server, yeah i was doing it the same way i always do it
10:03:00 : Direct: Sierra [SD]: mmm no idea then - does it work now?
10:03:50 : Direct: Tobimofat: nope, guess my teammates will have to fuel the cars from now on
10:04:05 : Direct: Sierra [SD]: I will ask lwb if he has any ideas later
10:04:19 : Direct: Tobimofat: That would be nice thank you
10:04:39 : Direct: Sierra [SD]: np - would be nice if we can sort you out! :)
10:05:07 : Direct: Sierra [SD]: anyways I will see you later & will let you know what LWB says
10:05:25 : Direct: Tobimofat: Yep and again thank you for your time
10:05:33 : Direct: Sierra [SD]: np - have fun! :)
10:29:13 : Side: Tobimofat: 2 stroke engine oil for a chainsaw right
10:34:27 : Side: Sierra [SD]: yup 
10:34:55 : Side: Sierra [SD]: you need to mix it dont you? with fuel - used to have to anyway.
10:35:33 : Side: Tobimofat: Yeah just found out
10:35:38 : Side: Sierra [SD]: ok cool
11:17:29 : Group: svvay: patrik
11:17:36 : Side: svvay: patrik
11:17:37 : Group: Phaetta: HEEY
11:17:42 : Group: svvay: YOO
11:17:44 : Group: svvay: kadu
11:17:47 : Group: Phaetta: waddup?
11:18:02 : Group: svvay: skole xd
11:18:04 : Group: svvay: dd
11:18:06 : Group: Phaetta: lal xD
11:18:11 : Group: Phaetta: mission
11:18:46 : Group: svvay: stikker
11:18:46 : Group: svvay: vi snx
11:18:50 : Group: Phaetta: cya
11:20:28 : Side: RecDi [Ru: Hi all
11:20:35 : Side: Tobimofat: Howdy
11:20:36 : Side: Phaetta: Hello :D
11:20:44 : Side: Sierra [SD]: Hello :)
11:20:56 : Side: low: HEY :*
11:57:11 : Side: Tobimofat: Anybody else experienced that the vehicle you untow just disappeared
11:57:29 : Side: MeGa_Koffiepot: you heave to drive it after towing 
11:57:57 : Side: MeGa_Koffiepot: so the game knows where your car is go look at the place where you attatcht your car 
11:58:10 : Side: MeGa_Koffiepot: befor server restart 
11:58:32 : Side: Tobimofat: It happenend just now
11:59:40 : Side: Tobimofat: Oh ffs used the vehicle locater and is had tp all the way back where we picked it up.....
12:00:01 : Side: MeGa_Koffiepot: dammit lol
12:09:54 : Side: MeGa_Koffiepot: =
12:12:06 : Side: Joshuaa: how often does ai respawn?
12:13:01 : Side: [RussianMafia]JeRaX: sashka
12:17:13 : Side: [RussianMafia]JeRaX: sashka
12:17:22 : Side: Sashka: ?
12:17:28 : Side: [RussianMafia]JeRaX: go v pati?
12:17:51 : Side: ICEE: Серв русский или как ?
12:17:55 : Side: [RussianMafia]JeRaX: net
12:18:02 : Side: ICEE: Лол
12:18:11 : Side: [RussianMafia]JeRaX: ne pishi na rus ban
12:18:15 : Side: Tobimofat: Only english in side please
12:18:21 : Side: [RussianMafia]JeRaX: v party poidesh?
12:18:34 : Side: ICEE: Ok
12:18:36 : Side: [RussianMafia]JeRaX: russkie est' kto 
12:18:50 : Side: ICEE: kak vidih
12:18:59 : Side: [RussianMafia]JeRaX: primi
12:19:24 : Side: [RussianMafia]JeRaX: F5 najmi
12:20:40 : Group: [RussianMafia]JeRaX: тим спик есть?
12:20:48 : Group: ICEE: нет (
12:20:53 : Group: [RussianMafia]JeRaX: (((
12:20:58 : Group: ICEE: дискорд есть
12:21:07 : Group: [RussianMafia]JeRaX: скайп?
12:21:14 : Group: ICEE: +
12:21:20 : Group: [RussianMafia]JeRaX: Makc.mtD
12:21:26 : Group: [RussianMafia]JeRaX: добавь
12:21:54 : Group: ICEE: Бля
12:22:01 : Group: [RussianMafia]JeRaX: ?
12:22:03 : Group: ICEE: Кинь ещё раз
12:22:13 : Group: [RussianMafia]JeRaX: Makc.mtD
12:23:12 : Group: ICEE: Пишит таких нет
12:23:18 : Group: [RussianMafia]JeRaX: дай свой
12:23:27 : Group: ICEE: kartmman.ru
12:24:05 : Group: [RussianMafia]JeRaX: все
12:24:08 : Group: [RussianMafia]JeRaX: отправил
12:24:28 : Group: ICEE: Ghbyzk
12:53:43 : Group: MeGa_Koffiepot: hey 
13:16:33 : Side: -PWN- TMAX: hello
13:16:47 : Side: -PWN- TMAX: this server is a fresh server?
13:19:19 : Side: Sierra [SD]: All 1.0.6 are fresh. We were running the old mod before this though.
13:31:11 : Side: svvay: sierra?
13:32:13 : Side: Sierra [SD]: Hi svvay - if you get to where you want, I will sort it for you. :)
13:32:59 : Side: Sierra [SD]: just let me know when you are ready
13:33:06 : Side: svvay: Im ready
13:33:08 : Side: svvay: ^^
13:33:13 : Side: Sierra [SD]: okies coming now then
13:33:17 : Side: svvay: roger!
13:33:44 : Direct: Sierra [SD]: hiya
13:33:52 : Direct: Sierra [SD]: let me find a safe place to put it
13:34:10 : Direct: Sierra [SD]: it is secure outside?
13:34:17 : Direct: svvay: Should be :p
13:34:23 : Direct: svvay: Ehm, have no safe right now
13:34:34 : Direct: svvay: Could you place the items in the Safe that follows in the kit?
13:34:50 : Direct: Sierra [SD]: I can't but you can set it up straight away and do that
13:35:04 : Direct: svvay: Sure thing bro!
13:35:14 : Direct: Sierra [SD]: ok, I'm putting it just here
13:35:19 : Direct: Sierra [SD]: outside
13:35:31 : Direct: Sierra [SD]: dont want it to glitch or anything
13:35:33 : Direct: svvay: Alrighty^^
13:35:38 : Direct: svvay: Yea, I Understand
13:36:11 : Direct: svvay: Thank you alot! ^^
13:36:19 : Direct: svvay: Great job on the server btw
13:36:23 : Direct: Sierra [SD]: there you go - if you take one of the safes then you can set it up and transfer - np :) - thanks
13:36:39 : Direct: svvay: Yea, smart!
13:36:40 : Direct: svvay: Thanks
13:37:07 : Direct: Sierra [SD]: np - ok well have fun and see you later! :)
13:37:13 : Direct: svvay: Cheers man, goodbye!
13:44:48 : Side: Tobimofat: Can it really be true that your food and water level decrease so much by using a hatchet?
13:45:19 : Side: Sierra [SD]: its probably quite a strenuous activity! Haven't you tried chopping wood irl? :P
13:45:24 : Side: matsa: yes
13:46:17 : Side: Tobimofat: Yeah but it's insane how much it takes we lost almost our intire water supply in like 20-mins
13:50:38 : Side: Sierra [SD]: Sorry, I was on the phone, yeah thirsty work!! xD
13:56:45 : Direct: Phaetta: hella
14:20:54 : Group: [RussianMafia]JeRaX: icce
14:21:05 : Group: [RussianMafia]JeRaX: как тебя зовут я забыл?))
14:21:32 : Group: [RussianMafia]JeRaX: меня слышно?
14:36:08 : Side: MeGa_Koffiepot: hey admin the fuel pomp stations dont work no more :( 
14:37:13 : Direct: MeGa_Koffiepot: hey 
14:38:07 : Direct: MeGa_Koffiepot: hellow?
14:38:16 : Group: Phaetta: Someone is mad af xD
14:38:24 : Side: Phaetta: Someone is mad af xD
14:39:05 : Side: Phaetta: But thanks for the base <3
14:45:21 : Side: Joshuaa: anyone wanna team?
14:45:30 : Side: matsa: yes
14:45:30 : Side: Gandy: me
14:45:56 : Side: Phaetta: yea join Me, Matsa and Svvay
14:46:19 : Side: Joshuaa: ok man, inv me to group if you want
14:47:11 : Side: Joshuaa: phaetta you got a group?
14:48:20 : Group: Joshuaa: gandy?
14:48:34 : Group: Gandy: aye
14:48:45 : Group: Joshuaa: you got gear?
14:48:52 : Group: Gandy: depends
14:48:55 : Group: Gandy: what do you mean
14:49:07 : Group: Joshuaa: guns? 
14:49:14 : Group: Gandy: i got one on me
14:49:29 : Group: Joshuaa: you want a dmr?
14:49:39 : Group: Gandy: ye, i like them
14:49:56 : Group: Joshuaa: come to me at stary trader
14:49:59 : Group: Gandy: omw
14:50:30 : Group: Joshuaa: you got vehicle?
14:50:38 : Group: Gandy: bike
14:53:00 : Group: Gandy: cheers
14:53:09 : Group: Joshuaa: no problem
14:53:17 : Group: Gandy: what r we doing now
14:53:20 : Group: Gandy: ?
14:53:35 : Group: Joshuaa: the best loot is at the north west air field
14:53:41 : Group: Gandy: true
14:53:46 : Group: Joshuaa: ive been there a few times but its crawling with ai
14:53:50 : Group: Gandy: and on missions
14:54:23 : Group: Joshuaa: we could go to balota and check that out
14:54:32 : Group: Gandy: yep
14:54:33 : Group: Gandy: how
14:54:38 : Group: Joshuaa: i got motorbike
14:54:42 : Group: Gandy: nice
14:55:27 : Group: Gandy: what is your bag
14:55:41 : Group: Joshuaa: actually, berezino might have barracks
14:55:46 : Group: Joshuaa: coyote
14:55:53 : Group: Gandy: it doesnt
14:56:00 : Group: Joshuaa: really?
14:56:04 : Group: Gandy: but if you want, we can go ne airfield
14:56:16 : Group: Gandy: it has one building, but still
14:56:17 : Group: Joshuaa: ok man, we gotta be careful though
14:56:30 : Group: Gandy: u know, baota better
14:56:34 : Group: Gandy: has more loots
14:56:39 : Group: Joshuaa: balota?
14:56:53 : Group: Gandy: yep
14:57:05 : Group: Gandy: the south airfield
14:57:18 : Group: Joshuaa: gonna be full of players
14:57:33 : Group: Gandy: :/
14:57:34 : Group: Gandy: true
14:57:40 : Group: Gandy: ok then
14:57:43 : Group: Gandy: lets go
14:57:48 : Group: Gandy: wherever you want
14:57:53 : Group: Joshuaa: balota then?
14:58:03 : Group: Gandy: ok
14:59:42 : Group: Gandy: this mission is close to our way
14:59:43 : Group: Gandy: care
15:00:04 : Group: Joshuaa: you up for it?
15:00:10 : Group: Gandy: we can try
15:00:15 : Group: Gandy: but we probably will die
15:00:16 : Group: Gandy: :D
15:00:31 : Group: Joshuaa: hmm probs need more than 2 tbh
15:00:37 : Group: Gandy: yeah
15:01:32 : Vehicle: Joshuaa: theres a base at the castle
15:01:50 : Group: Gandy: mhm
15:03:03 : Group: Gandy: do you know that animals are valuable
15:03:09 : Group: Joshuaa: nah 
15:03:10 : Group: Gandy: when u kill and gut them
15:03:18 : Group: Gandy: and then cook the meat
15:03:19 : Group: Joshuaa: really?
15:03:24 : Group: Gandy: they are worth 10 gold
15:03:27 : Side: Alex: left before the last restart now the car I had is gone....any way to ping it?
15:03:29 : Group: Gandy: approx
15:03:32 : Group: Joshuaa: holy shit
15:03:43 : Group: Gandy: chickens are 8
15:03:49 : Group: Gandy: sheep are 12
15:03:56 : Group: Gandy: pigs are 4
15:04:01 : Group: Gandy: and i havent  illed a cow yet
15:04:06 : Side: ahquaa: left the car yesterday with all my stuff, today its gone too
15:04:16 : Side: Alex: daaaaamn 
15:04:25 : Side: matsa: feel ya man
15:04:26 : Side: LWB [SD]: was it a bought car or span one?
15:04:29 : Group: Joshuaa: ive only seen rabbit and cows
15:04:36 : Side: ahquaa: bought
15:04:37 : Side: Alex: bought
15:04:37 : Side: LWB [SD]: if you have key, open gear, right click map and locate
15:04:46 : Side: Alex: nice! thanks :D
15:04:49 : Side: LWB [SD]: it will show you where it is, or tell you its destroyed
15:04:49 : Group: Gandy: i went  hunting once
15:04:58 : Group: Gandy: made like 30 gold out of it
15:05:04 : Group: Joshuaa: jeez
15:05:11 : Group: Gandy: and its safe, because no one goes to the fields
15:05:18 : Group: Gandy: if there are no missions
15:05:19 : Side: Alex: thanks alot :P
15:06:57 : Group: Gandy: have you got food and drinks?
15:07:04 : Group: Joshuaa: yeah
15:07:08 : Group: Gandy: can u give me
15:07:14 : Group: Joshuaa: we leave bike here and scout balota
15:07:15 : Group: Gandy: cos i havent eaten in a while
15:07:37 : Group: Joshuaa: yeah of course
15:07:44 : Group: Gandy: why did you lock me :s
15:07:54 : Group: Joshuaa: lol sorry
15:07:57 : Group: Gandy: :D 
15:08:21 : Direct: Sierra [SD]: look at this one
15:08:29 : Side: LWB [SD]: 2 UAZ,s, a vodnik and a golf at Vehcile pound
15:08:43 : Direct: LWB [SD]: yeah its the ka something
15:08:45 : Group: Joshuaa: backpack
15:08:45 : Direct: Sierra [SD]: was keeping quiet about that
15:08:55 : Group: Gandy: thanks
15:08:57 : Direct: LWB [SD]: oh, someone was moaning thier cars had gone
15:08:58 : Direct: Sierra [SD]: someone will blow them up now xD
15:09:06 : Side: Alex: yeah haha the golf is mine, thought I was parked outta the trade zone guess not 
15:09:10 : Direct: LWB [SD]: nevermind :)
15:09:19 : Group: Joshuaa: lets go, we need to look sof rplayers 1st tho
15:09:36 : Direct: LWB [SD]: I like your butt
15:09:39 : Direct: LWB [SD]: :)
15:09:50 : Direct: Sierra [SD]: lol :D
15:10:02 : Direct: Sierra [SD]: no wiggle
15:10:11 : Direct: Sierra [SD]: broken again
15:10:29 : Direct: Sierra [SD]: nope
15:10:38 : Direct: LWB [SD]: the refuel is broken. I added a new one but didnt realise a link was wrong
15:10:48 : Direct: Sierra [SD]: ah ok wonder why it worked for me
15:10:52 : Group: Joshuaa: look for zombies aswell
15:10:57 : Direct: LWB [SD]: that was befre
15:10:59 : Direct: LWB [SD]: before
15:11:00 : Group: Gandy: none
15:11:13 : Direct: Sierra [SD]: oh you mean it broke after tobyfat said about it
15:11:44 : Direct: LWB [SD]: /koffiepotsaid it about 20 mins ago
15:11:49 : Direct: LWB [SD]: I added it last restart
15:11:56 : Direct: Sierra [SD]: ah ok
15:11:57 : Direct: LWB [SD]: cos people keep saying the old one didnt work
15:12:08 : Direct: Sierra [SD]: well maybe when you fix it this time it might work for all
15:12:15 : Direct: LWB [SD]: hopefully
15:12:50 : Group: Joshuaa: look for snipers in towers as well
15:13:18 : Group: Joshuaa: its probs best to head this way
15:13:47 : Direct: Sierra [SD]: :(
15:13:49 : Direct: LWB [SD]: what are you doing lol
15:13:52 : Direct: Sierra [SD]: :(
15:13:54 : Direct: Sierra [SD]: no wiggles
15:13:57 : Direct: LWB [SD]: ah
15:15:01 : Direct: LWB [SD]: hee hee
15:15:08 : Direct: Sierra [SD]: picnic
15:15:30 : Group: Joshuaa: barrcks
15:15:40 : Direct: LWB [SD]: there was a piggy here just now..nom
15:15:48 : Direct: Sierra [SD]: lol
15:16:29 : Group: Joshuaa: take anything with value
15:16:58 : Group: Gandy: thats it
15:17:18 : Group: Joshuaa: fire station then hospital
15:17:42 : Direct: Sierra [SD]: was trying to spawn picnic blanket lol
15:17:52 : Direct: LWB [SD]: lol
15:18:03 : Group: Gandy: im full
15:19:02 : Group: Gandy: wanna head back
15:19:07 : Group: Gandy: have you got much space
15:19:19 : Group: Joshuaa: i need bloodbags
15:19:20 : Direct: LWB [SD]: brr
15:19:26 : Group: Gandy: i have 1
15:19:35 : Group: Joshuaa: need more than 1 to survive haha
15:19:38 : Direct: Sierra [SD]: yes+needawee
15:19:44 : Direct: LWB [SD]: kk
15:19:55 : Direct: Sierra [SD]: loggingweehome
15:19:59 : Group: Gandy: need trasfuse?
15:20:04 : Direct: LWB [SD]: :)
15:20:04 : Group: Joshuaa: nah im good
15:20:15 : Direct: Sierra [SD]: byeeeessssculater
15:20:19 : Direct: LWB [SD]: bye xxxx
15:20:28 : Direct: Sierra [SD]: xxxxx
15:20:30 : Group: Joshuaa: nothing, lets go back to bike
15:20:42 : Direct: Sierra [SD]: why are we crawling
15:20:43 : Group: Joshuaa: tents
15:20:52 : Direct: Sierra [SD]: i was sat
15:20:56 : Direct: Sierra [SD]: and now crawling
15:20:57 : Direct: LWB [SD]: trying to mount
15:21:03 : Direct: Sierra [SD]: lol
15:21:04 : Group: Gandy: weap in there
15:21:06 : Group: Gandy: take it
15:21:43 : Direct: Sierra [SD]: lolsbye
15:21:49 : Direct: LWB [SD]: cameltoe
15:25:13 : Group: Joshuaa: my scroll wheel has broke wtf
15:25:23 : Group: Gandy: how much hp u have
15:25:29 : Group: Joshuaa: 10k im good
15:25:50 : Group: Joshuaa: wtf
15:26:02 : Group: Joshuaa: ill log out and in 2 mins
15:26:11 : Group: Gandy: kk
15:27:27 : Group: Gandy: u have one more drink
15:27:33 : Group: Gandy: i think i wont ake it to stary
15:27:50 : Side: Colin: can a venom lift vehicles?
15:29:25 : Side: LWB [SD]: should be able to
15:29:36 : Side: Colin: k, thx
15:29:43 : Group: Gandy: done
15:29:45 : Group: Gandy: gogo
15:29:56 : Group: Gandy: im completely full though
15:30:01 : Group: Gandy: next one is for you
15:30:09 : Group: Gandy: if you have slots
15:30:35 : Group: Gandy: it gave 6 steaks
15:30:41 : Group: Joshuaa: wow
15:30:44 : Group: Gandy: i don know how much they cost
15:30:54 : Group: Gandy: but i assume its more than 10 gold total
15:31:07 : Group: Gandy: slotwise, this is very good
15:31:18 : Group: Gandy: you cant find a pistol that is worth the same
15:31:23 : Group: Gandy: and the space is the same
15:31:24 : Group: Joshuaa: shittt
15:31:33 : Group: Joshuaa: fuck
15:31:40 : Group: Gandy: broke it?
15:31:54 : Group: Joshuaa: its fucked, i was looking at map...
15:32:41 : Group: Gandy: have u got a bike
15:32:43 : Group: Gandy: ?
15:33:12 : Group: Joshuaa: yeah
15:33:17 : Group: Gandy: gogo then
15:33:20 : Group: Gandy: lets do it before res
15:33:31 : Group: Joshuaa: ok 2 mins
15:35:16 : Group: Joshuaa: oh ffs
15:35:25 : Group: Gandy: broke it?
15:35:27 : Group: Gandy: :D
15:35:30 : Group: Joshuaa: you broke my bike haha
15:35:40 : Group: Gandy: did u get the loot in the moto though
15:35:41 : Group: Gandy: ?
15:35:49 : Group: Joshuaa: nothing in bie was there?
15:35:55 : Group: Gandy: i left things
15:35:59 : Group: Joshuaa: shit
15:36:01 : Group: Gandy: when i gt for the cow
15:36:11 : Group: Gandy: i dont have space
15:36:25 : Group: Joshuaa: ill gp get it
15:36:29 : Group: Gandy: shall i wait you
15:36:30 : Group: Gandy: ?
15:36:38 : Group: Joshuaa: yeah loads of zombies
15:37:48 : Group: Gandy: done?
15:37:52 : Group: Joshuaa: yeah
15:38:04 : Group: Gandy: go on a straight line
15:38:08 : Group: Gandy: ill go the road
15:44:34 : Group: Gandy: im there
15:44:59 : Group: Joshuaa: 100m out
15:45:02 : Group: Joshuaa: 1000
15:45:51 : Group: Joshuaa: we need a base
15:46:05 : Group: Gandy: true
15:46:13 : Group: Joshuaa: you know the barns?
15:46:28 : Group: Gandy: yes
15:46:34 : Group: Gandy: just 
15:46:35 : Group: Gandy: btw
15:46:43 : Group: Gandy: one beefsteak costs 5 gold
15:46:46 : Group: Gandy: i have 6 on me
15:46:52 : Group: Joshuaa: damn nice man
15:47:03 : Group: Gandy: cows are waling goldmines
15:47:05 : Group: Gandy: :D
15:47:12 : Group: Joshuaa: we could build a base in a barn
15:47:22 : Group: Gandy: mhm
15:47:37 : Group: Gandy: i have money for plot pole in me
15:47:38 : Group: Gandy: :D
15:48:53 : Group: Joshuaa: ones of these barns where i am
15:49:09 : Group: Joshuaa: walls on both the entrances and a door on one side
15:50:02 : Side: Mr.Rollin: RIP ME 
15:50:13 : Group: Joshuaa: goat meat is 2 gold each
15:50:19 : Group: Gandy: not bad
15:50:24 : Group: Gandy: not a cow, but still
15:50:27 : Group: Mr.Rollin: lol
15:51:07 : Group: Joshuaa: we could do a base in this type of barn?
15:51:11 : Side: svvay: stahp
15:51:13 : Side: svvay: please
15:51:18 : Group: Gandy: yes, i like them
15:51:30 : Group: Joshuaa: wouldn/t cost very mich either
15:52:15 : Group: Joshuaa: we'd only need to walls, a door, combination lock and a plot pokle
15:52:27 : Group: Joshuaa: two
15:52:32 : Group: Gandy: and we can craft some stuff
15:54:05 : Group: Joshuaa: ill have a look how much walls are and stuff
15:54:37 : Group: Joshuaa: 1 10 oz for wood wall
15:55:06 : Group: Joshuaa: restart in 2 mins
15:55:18 : Group: Gandy: i wont log back
15:55:21 : Group: Gandy: ee you around
15:55:27 : Group: Gandy: maybe tonight
15:55:28 : Group: Joshuaa: you back on later?
15:55:43 : Group: Joshuaa: ok man
16:05:20 : Side: Mr.Rollin: yo this server is bae
16:05:30 : Side: ahquaa: ?
16:05:52 : Side: Mr.Rollin: its a good server
16:06:20 : Side: ahquaa: yea but laggy
16:06:29 : Side: Mr.Rollin: not for me
16:06:48 : Side: Mr.Rollin: its not laggy for me
16:08:50 : Side: Mr.Rollin: yo car near nwaf
16:09:09 : Side: Mr.Rollin: can i get a lift?
16:09:15 : Side: Colin: no -.-
16:09:22 : Side: Mr.Rollin: D:
16:09:56 : Side: Colin: sry
16:10:05 : Side: LWB [SD]: getin
16:10:18 : Vehicle: LWB [SD]: hey
16:10:26 : Vehicle: Mr.Rollin: suh dude
16:10:38 : Vehicle: LWB [SD]: ned you try something for me in a sec
16:10:58 : Vehicle: Mr.Rollin: woa w-wait u part of derver clan and ok happy to =D
16:11:05 : Vehicle: Mr.Rollin: server*
16:11:10 : Vehicle: LWB [SD]: I own it :)
16:11:20 : Vehicle: Mr.Rollin: omg cool i love it btw
16:11:46 : Vehicle: Mr.Rollin: i got epoch yday
16:11:58 : Vehicle: LWB [SD]: thanks, can you get in driver and see if you get the service point msg and menu
16:12:54 : Vehicle: LWB [SD]: do you refuel option etc?
16:13:00 : Vehicle: Mr.Rollin: wait
16:13:29 : Vehicle: Mr.Rollin: yes i do
16:13:38 : Vehicle: LWB [SD]: cool. Ok thanks, keep the car:)
16:13:39 : Vehicle: Mr.Rollin: u wanna drive?
16:13:47 : Vehicle: Mr.Rollin: ok thanks :D
16:13:48 : Vehicle: LWB [SD]: nono, you have it
16:14:28 : Side: Mr.Rollin: thanks :D
16:14:33 : Side: LWB [SD]: ;-)
16:15:38 : Side: LWB [SD]: Refuel/Repair should be working now. Let me know if you have issues
16:16:25 : Side: Sir LongSleeves: yup its fixed
16:16:35 : Side: LWB [SD]: cool
16:16:39 : Side: Sir LongSleeves: we just repaired our car
16:17:05 : Side: Colin: hmmm, i can detach unlimited wheels from my car O.O
16:17:12 : Side: Colin: buggy
16:17:37 : Side: LWB [SD]: which car?
16:17:53 : Side: Colin: Pickup (PK) AL
16:20:27 : Side: Phaetta: Admin?
16:20:35 : Side: Colin: glasses the same
16:20:48 : Side: LWB [SD]: whats up.. It not like it for me I dont think
16:21:20 : Side: Phaetta: Could you come and help me? My door is dublicated
16:21:36 : Side: Phaetta: Cant remove it
16:22:42 : Direct: LWB [SD]: lols
16:22:44 : Direct: Phaetta: xD
16:23:09 : Direct: LWB [SD]: code is 188 for that one
16:23:14 : Direct: Phaetta: Thanks :)
16:23:19 : Direct: LWB [SD]: kinda weird
16:23:27 : Direct: Phaetta: yee
16:23:55 : Direct: LWB [SD]:  se eif it happens again  next restart ;/
16:24:06 : Direct: Phaetta: Yee, cheers mate ^^
16:29:31 : Side: svvay: cinder is indestructable here?
16:29:39 : Side: LWB [SD]: no
16:29:45 : Side: svvay: okey
16:30:40 : Side: II TheElite II: AI are alot better than they used to. Is that permanent?
16:30:51 : Side: svvay: they vary
16:30:57 : Side: LWB [SD]: they havent been touched :/
16:31:40 : Side: II TheElite II: Really?? At some missions they are so good that if you snipe from 800m they will kill you in a second XD
16:31:49 : Side: svvay: depends on the mission difficulty
16:31:59 : Side: II TheElite II: I see. Thanks :)
16:32:00 : Side: svvay: red=hard, yellow=medium, green=easy
16:32:05 : Side: svvay: IIRC
16:32:22 : Side: LWB [SD]: its not exactly like that noe
16:32:28 : Side: svvay: really? 
16:32:30 : Side: LWB [SD]: now
16:32:33 : Side: svvay: ahh
16:32:52 : Side: LWB [SD]: But all ai are set to hard, and have been since server started
16:33:03 : Side: svvay: ait, i see ^^
16:33:46 : Side: II TheElite II: But it has been restarted a few days ago because of a hacker right?
16:34:00 : Side: LWB [SD]: nothing changed though
16:34:03 : Side: II TheElite II: Before that it seemed they where easier
16:34:16 : Side: LWB [SD]: nope, I havent touched the ai at all
16:34:21 : Side: II TheElite II: Then it's me being silly :P
16:34:52 : Side: LWB [SD]: maybe they are more intelligent than wee think and learning ;-)
16:35:15 : Side: II TheElite II: Haha could be 
16:35:49 : Side: Kev: armed suv guys shooting noobie with bike? FFS?
16:36:17 : Side: svvay: :p
16:40:49 : Side: LWB [SD]: Pheatta, did you take ownership of a plot pole at that site? Trying to find why the doors did that. Take ownership is a known bug
16:41:09 : Side: Phaetta: Ye
16:41:09 : Side: matsa: that was me, sorry
16:41:24 : Side: LWB [SD]: ok cool. I can fix it then. thanks
16:41:37 : Side: Phaetta: Thanks :)
16:41:38 : Side: matsa: :D
16:51:16 : Side: Kev: is cinder destroyable?
16:51:25 : Side: LWB [SD]: yes
16:51:31 : Side: Kev: metall also?
16:51:35 : Side: LWB [SD]: yes
16:51:44 : Side: Michael: we need mitril
16:56:00 : Group: ICEE: ICEE Commisar
17:01:40 : Side: Alex: well that was a grueling drive through the wilderness to get my golf back to a road XD
17:02:01 : Side: LWB [SD]: :D yeah, they arent the best offroaders
17:02:55 : Side: Alex: fun roadtrip listened to some good tunes ;P
17:04:38 : Side: PRISMIC: .
17:04:48 : Direct: PRISMIC: ADMIN TP
17:05:06 : Direct: PRISMIC: WERE BEING TROLLED
17:05:22 : Side: PRISMIC: admin you there?
17:05:29 : Side: Sierra [SD]: what's up?
17:05:36 : Side: LWB [SD]: yep. I suggest if you want to keep that btr yu stop that
17:06:22 : Side: PRISMIC: some guys are  ramming us  in there car in trader 
17:06:31 : Side: M.K.: is this server pvp aswell?
17:06:39 : Side: Sir LongSleeves: sierra, 2 bandits are ramming us at the trader in stary
17:06:43 : Side: LWB [SD]: not any more
17:06:46 : Side: Sir LongSleeves: thnx
17:06:53 : Side: M.K.: ??
17:06:54 : Side: PRISMIC: gg
17:07:01 : Side: LWB [SD]: yes its pvp
17:07:01 : Side: M.K.: can you shoot other players?
17:07:04 : Side: M.K.: k ty
17:07:13 : Side: MeGa_Koffiepot: gg thx allot ^^
17:07:29 : Side: Sir LongSleeves: they were balkan
17:09:11 : Group: LWB [SD]: bloody russians
17:10:21 : Group: Sierra [SD]: who was it?
17:10:40 : Group: LWB [SD]: those two.. russian mafiaand icee
17:10:50 : Group: Sierra [SD]: did you delete their vehicle?
17:10:54 : Group: LWB [SD]: yeah
17:11:02 : Group: Sierra [SD]: serves them right
17:11:14 : Group: LWB [SD]: Well I warned them
17:11:24 : Group: Sierra [SD]: yeah i saw
17:11:47 : Group: Sierra [SD]: were they ramming other vehicles or just people?
17:11:55 : Group: LWB [SD]: into an suv
17:12:10 : Group: Sierra [SD]: mmmm - its always the russians
17:12:18 : Group: LWB [SD]: yep
17:17:46 : Side: M.K.: my friend cannot find this server 
17:17:47 : Side: M.K.: why/
17:17:49 : Side: M.K.: ?
17:17:58 : Side: M.K.: can he do anything?
17:18:02 : Side: M.K.: to join?
17:18:05 : Side: Sierra [SD]: try typing the remove addy in
17:18:18 : Side: svvay: try to delete corepatch from AddOns folder in ArmAOA directory
17:19:35 : Side: adrien: move!!!!!!!!!!!!!!!!!!!!!!!!!!!
17:19:59 : Direct: Alex: whats up lol
17:20:06 : Group: Sierra [SD]: food is coming
17:20:12 : Side: adrien: move 5 meter!!!!!!!!!!!!!
17:20:12 : Group: LWB [SD]: okies
17:20:18 : Direct: Alex: for me? :D
17:20:22 : Side: svvay: !!!!!!
17:21:46 : Side: adrien: admin pls
17:21:53 : Side: LWB [SD]: what?
17:21:57 : Side: Sierra [SD]: yes adrien
17:22:07 : Side: adrien: player cheap me in a trader
17:22:15 : Group: Sierra [SD]: he was just firing at a player in bash
17:22:26 : Side: Sierra [SD]: what do you mean?
17:22:27 : Side: adrien: trader city bash
17:22:38 : Group: LWB [SD]: he dropped his backpack in there i think and someone else took it or opened it
17:22:39 : Side: svvay: be more specific for the admin
17:22:43 : Side: adrien: cheap in my backpack
17:22:49 : Side: Alex: are you talking about me?....
17:22:53 : Side: Alex: what?
17:22:56 : Side: adrien: yes
17:23:02 : Side: Alex: all i did was give you clothes bro...
17:23:15 : Side: Alex: i didnt take anything lol
17:23:15 : Side: adrien: you have abused
17:23:22 : Side: Alex: abused?....
17:23:38 : Side: Alex: honestly no idea what you mean
17:23:54 : Side: adrien: yes im not possible equip my backpack you dont move
17:24:14 : Side: Alex: its not my fault you cant equip your pack?
17:24:48 : Side: adrien: .........
17:24:54 : Side: Alex: yeah lol
17:24:56 : Side: Alex: he got it
17:26:08 : Side: Alex: why did you leave the clothes i was giving them to you XD
17:26:32 : Side: M.K.: is cinder indestructible here?
17:26:41 : Side: LWB [SD]: no
17:26:42 : Side: Sierra [SD]: cinder is destructable
17:26:45 : Side: M.K.: kk
17:26:49 : Group: Sierra [SD]: food nearly here
17:26:55 : Group: LWB [SD]: yay
17:28:36 : Group: Sierra [SD]: geforce is annoying me - keeps saying i am trying to record desktop
17:30:37 : Group: LWB [SD]: FOOOOOOOOOD
17:36:29 : Group: PRISMIC: .
17:36:50 : Direct: PRISMIC: who sot me ?
17:47:57 : Direct: Joshuaa: yo
17:48:09 : Direct: Phaetta: HELOO
17:48:49 : Direct: Joshuaa: wanna team?
17:48:56 : Direct: Phaetta: sure man
17:49:33 : Direct: Joshuaa: team?
17:50:08 : Side: Joshuaa: anyone wanna team?
17:50:14 : Side: svvay: yea sure
17:50:31 : Side: Joshuaa: where you at man?
17:50:58 : Side: svvay: im in stary
17:51:42 : Group: Joshuaa: squad goals
17:52:28 : Group: Joshuaa: say that again man? helicopter is loud 
17:52:37 : Group: matsa: press f1
17:52:43 : Group: Joshuaa: done
17:53:08 : Group: matsa: WHERE YOU FROM?
17:53:09 : Group: Joshuaa: im from england, where you guys from?
17:53:19 : Group: Joshuaa: ah sweet
17:53:29 : Group: matsa: sorry caps lock
17:53:43 : Group: Kev: hau mich mal in den plot mit rein
17:53:50 : Group: Joshuaa: ypu got a base?
17:53:56 : Group: matsa: ye
17:54:02 : Group: Legend: bist
17:54:18 : Group: Joshuaa: showing off ;-)
17:54:33 : Group: matsa: :D
17:55:00 : Group: matsa: dont take gear now
17:55:12 : Group: Joshuaa: i wont man dont worry
17:55:23 : Group: Joshuaa: 17
17:55:31 : Group: svvay: same here
17:55:58 : Side: Alex: wha? D:
17:56:25 : Side: [RussianMafia]DiZZy: dayz
17:56:28 : Group: matsa: take if you want :D
17:56:33 : Side: Alex: XD
17:56:49 : Group: Joshuaa: got some ammo
17:57:03 : Group: svvay: there are some dead guys further down
17:57:05 : Group: svvay: the hill
17:57:10 : Group: svvay: they have some decent gear for ya
17:57:37 : Group: Joshuaa: im full i think
17:57:40 : Group: matsa: aight loot
17:57:45 : Group: matsa: ok
17:58:21 : Group: Joshuaa: nothing
17:58:42 : Group: Joshuaa: tents down there
17:59:07 : Group: Joshuaa: we gonna check it out?
17:59:32 : Side: Legend: how do u snap things here?
17:59:32 : Group: Joshuaa: wtf
17:59:42 : Side: svvay: scroll
17:59:49 : Side: Legend: ty
17:59:51 : Side: svvay: e
17:59:53 : Side: svvay: ye
18:00:16 : Group: Joshuaa: potatoes wtf
18:00:26 : Group: matsa: Xd
18:01:26 : Group: Joshuaa: never seen that before
18:01:51 : Group: Joshuaa: erm
18:03:31 : Group: matsa: where did we die?
18:03:38 : Group: Joshuaa: no idea man
18:03:49 : Group: Joshuaa: oh i see it 
18:03:58 : Group: Joshuaa: im 9000m away
18:04:14 : Side: Michael: so where is the ikea truck?
18:04:20 : Side: Michael: cant see it on map
18:04:45 : Side: Sir LongSleeves: bring me a new couch if they have any xD
18:04:46 : Group: matsa: sorry for that 
18:04:49 : Group: matsa: ...
18:04:54 : Group: Joshuaa: its fine haha
18:06:38 : Group: Joshuaa: gotta get body before restart
18:06:57 : Group: matsa: im 6k away and my bike broke
18:12:23 : Group: Joshuaa: almost there
18:12:47 : Group: svvay: josh
18:12:50 : Group: svvay: wanna join discord with us?
18:13:15 : Group: Joshuaa: yeah, ill do it on the restart
18:16:10 : Side: Alex: god damnit lol all i wanna do is tow my golf 
18:17:37 : Group: Joshuaa: i cant loot my body wtf
18:17:41 : Group: svvay: XD
18:19:27 : Group: matsa: atleast i have a bike now :P
18:20:21 : Group: Joshuaa: you got more helis?
18:20:25 : Group: svvay: two
18:20:30 : Group: svvay: kinda four
18:20:35 : Group: matsa: can't get on my bike
18:21:20 : Group: Joshuaa: yeah
18:22:32 : Group: Joshuaa: ill join back after restart
18:22:40 : Group: svvay: ait bru
18:32:41 : Group: Joshuaa: you guys on discord?
18:36:16 : Group: Joshuaa: WHERE WE HEADING?
18:41:54 : Side: Turmoil: good evening ^^
18:42:06 : Side: MeGa_Koffiepot: hey m8
18:43:24 : Group: matsa: 2x doors xD
18:43:45 : Group: Joshuaa: very nice base
18:44:05 : Group: matsa: ty
18:44:31 : Group: matsa: you can use the shed for storage till now til you get a safe
18:44:40 : Group: Joshuaa: thanks guys
18:44:59 : Group: Joshuaa: can i out anything in there?
18:45:01 : Group: Joshuaa: put
18:45:04 : Group: matsa: ye
18:46:56 : Group: matsa: we added you to the door
18:47:01 : Group: Joshuaa: thanks
18:47:12 : Group: matsa: lol
18:47:43 : Side: svvay: admin?
18:48:11 : Side: svvay: any chance of considering to make daytime a thing?
18:48:23 : Side: svvay: would create a variety of the atmosphere
18:49:42 : Group: Joshuaa: where we heading?
18:50:00 : Group: matsa: to the others
18:50:08 : Group: matsa: if you wanna
18:50:11 : Group: Joshuaa: ok
18:51:46 : Group: matsa: he died i think
18:52:26 : Group: matsa: lol
18:53:26 : Group: Joshuaa: another base?
18:53:33 : Group: svvay: yep
18:53:38 : Group: Joshuaa: wow
18:53:41 : Group: svvay: xddx
18:53:54 : Group: matsa: added you to that door btw
18:54:26 : Group: Joshuaa: i can get it
18:55:24 : Side: Sierra [SD]: Hi all - everyone ok?
18:55:30 : Side: Turmoil: yep 
18:55:33 : Side: Panda: not bad, u?
18:55:35 : Side: Turmoil: ^^
18:55:39 : Group: Joshuaa: Im called Joshuaa on discord btw
18:55:40 : Side: svvay: Good Sierra, wbu
18:55:41 : Group: matsa: you dont need to join, only if you want to tho :)
18:55:48 : Group: Phaetta: https://discord.gg/k84TV
18:55:55 : Side: Sierra [SD]: good thanks :) - just finished eating
18:56:05 : Group: Joshuaa: ill join now
18:56:24 : Side: svvay: food tasted good?
18:56:26 : Group: matsa: you have steam?
18:56:37 : Side: Sierra [SD]: yes very good thanks - a bit full now though!
18:57:01 : Direct: Sierra [SD]: knock knock
18:57:14 : Group: Joshuaa: said invite expired
18:57:16 : Direct: Turmoil: where? xD
18:57:23 : Side: svvay: Haha sounds great :p should maybe grab something myself
18:57:32 : Direct: Sierra [SD]: downstairs :D - you alright?
18:57:40 : Group: Phaetta: https://discord.gg/WqF2ZH8
18:57:59 : Side: svvay: yo, any chance of enabling nighttime cycle? would be great with a variation ^^
18:58:02 : Direct: Turmoil: yeah :=
18:58:05 : Direct: Turmoil: :)
18:58:18 : Side: Sierra [SD]: you can vote for it :) just /votenight
18:58:25 : Direct: Sierra [SD]: good - sorry I missed you earlier
18:58:26 : Side: matsa: and the NV goggles would be useful :P
18:58:39 : Direct: Turmoil: was thinking about going to the trader to get a car/truck... i currently only got a heli ^^
18:58:48 : Direct: Turmoil: ah thats okay, figured you were eating or something ^^
18:58:52 : Side: Panda: can you base raid ?
18:58:59 : Side: matsa: yes
18:59:03 : Side: Panda: sweet
18:59:07 : Direct: Sierra [SD]: oh cool :) - sounds like a plan - lots at the vehicle pound lol
18:59:13 : Direct: Sierra [SD]: not sure if unlocked though
18:59:16 : Direct: Sierra [SD]: didnt check
18:59:21 : Direct: Turmoil: i want one that has keys ^^
18:59:38 : Direct: Sierra [SD]: yeah - is a bit more secure
18:59:54 : Direct: Sierra [SD]: work going ok so far this week?
18:59:55 : Direct: Turmoil: yeah... its fairly safe here... but when i go out looting its good to be able to lock it
19:00:17 : Direct: Sierra [SD]: yeah :D 
19:00:21 : Direct: Turmoil: not really, unfortunatly =/ worked half day monday, thuesday and today was full days... my hand swelled to twice it size so im going
19:00:27 : Direct: Turmoil: to the doc tomorrow to check it out
19:00:29 : Direct: Sierra [SD]: oh no!
19:00:35 : Direct: Sierra [SD]: that isnt a good start
19:01:08 : Direct: Turmoil: not at all, my two first cars came back from the paintshop today, some of the other guys had to strip of the paint and bondo and redo it becouse it 
19:01:15 : Direct: Turmoil: was bad 
19:01:49 : Direct: Sierra [SD]: hmm - maybe your hand is telling you, you aren't quite ready to go back to work.
19:02:20 : Direct: Turmoil: yeah, i talked with the doctors office today and they might send me on a training thingy, not sure what its called in english
19:02:47 : Direct: Sierra [SD]: ah right maybe like physio?
19:02:58 : Direct: Turmoil: yeah! :)
19:03:15 : Direct: Sierra [SD]: Well I hope you manage to get it sorted. It must be very painful
19:03:25 : Direct: Turmoil: got an appointment with the doctors office tomorrow at 11 so i guess i'll find out what the next step will be
19:03:47 : Direct: Sierra [SD]: yeah - hope it goes ok and you manage to sort something out.
19:03:48 : Direct: Turmoil: yeah me 2... got a bit depressed yesterday, was really looking forward to get back to work, social life and stuff
19:04:10 : Direct: Sierra [SD]: yeah I know what you mean, you were all ready and now this is a setback
19:04:20 : Direct: Turmoil: yeah
19:04:34 : Direct: Turmoil: well, i guess its just a part of life... not gonna whine about it ^^
19:04:48 : Direct: Turmoil: shit happens, lol
19:05:07 : Direct: Sierra [SD]: yep - best attitude to have isnt it - got to get on with things. 
19:05:24 : Direct: Turmoil: yeah, wonder what im gonna do tho if i get another month sickleave
19:05:41 : Direct: Turmoil: dont really have much special stuff to do, especially if i cant use the hand for more heavy stuff
19:06:06 : Direct: Sierra [SD]: Yeah - you will be getting frustrated
19:06:16 : Group: Phaetta: /votenight
19:06:23 : Direct: Sierra [SD]: you must already be lol
19:06:24 : Direct: Turmoil: yeah, well thats nothing new xD lol
19:06:25 : Group: Phaetta: /vote night
19:06:26 : Group: svvay: votenightw
19:06:28 : Direct: Sierra [SD]: xD
19:06:29 : Group: svvay: !votenight
19:06:31 : Group: svvay: votenight
19:06:41 : Direct: Sierra [SD]: well I wont hang about and stop you from gaming but just wanted to say hi
19:06:44 : Direct: Turmoil: i got extra frustrated last night as well, dang
19:06:45 : Side: matsa: /vote night
19:06:46 : Direct: Sierra [SD]: see how you were doing
19:06:59 : Direct: Sierra [SD]: oh really - any particular reason?
19:07:00 : Side: svvay: anyone up for trying nighttime? ^
19:07:01 : Direct: Turmoil: bought a truck at Klen and was gonna airlift it here and some buggers stole it
19:07:16 : Side: Sir LongSleeves: hell yeah
19:07:22 : Direct: Sierra [SD]: yeah that is annoying when that happens
19:07:26 : Side: Panda: sounds good
19:07:42 : Direct: Turmoil: should make towing available when veichles are locked if you have the key in your backpack ^^ lol
19:08:06 : Direct: Sierra [SD]: this is the type of game that can get like that though. Lol yeah - I'm not sure if that is even possible! would make things safer though!
19:08:29 : Direct: Turmoil: yeah, today my plan is to make my way to the trader by foot xD 
19:08:48 : Direct: Sierra [SD]: I always think at least in wow if you get killed you dont loose your gear! - oh it isnt too bad to klen is it - especially if you have a bike
19:09:13 : Direct: Turmoil: i got 4 suitcases... was hoping that would be enough for an armed one at the hero ^^
19:09:20 : Direct: Turmoil: either SUV or Humwee
19:09:36 : Direct: Turmoil: want something with a bit more armor
19:09:40 : Direct: Sierra [SD]: ah ok - it most probably is - I haven't checked recently though - want me to take a quick look?
19:09:46 : Direct: Turmoil: sure
19:09:49 : Direct: Sierra [SD]: ok brb
19:09:54 : Direct: Turmoil: awesome ^^
19:10:43 : Side: Sir LongSleeves: guys
19:10:52 : Side: svvay: hey
19:10:55 : Side: Sir LongSleeves: night time would be so much better right now
19:11:01 : Side: svvay: indeed
19:11:06 : Side: svvay: /vote night lads
19:12:10 : Direct: Turmoil: i joined TS insted xD lol 
19:12:14 : Direct: Turmoil: less typing
19:17:17 : Group: svvay: /vote night
19:17:35 : Side: Panda: spare medical supplies at that hero mission if anyone wants it 
19:17:48 : Side: svvay: cheers
19:17:59 : Side: Logix: retard that shoots at me
19:18:41 : Side: Logix: he shoots at me and looses to a PM..
19:19:11 : Side: svvay: loses
19:24:52 : Group: svvay: josh?
19:24:54 : Group: svvay: got antibiotics
19:25:34 : Side: matsa: /killme
19:27:06 : Group: matsa: E CRUEL WORLD
19:27:14 : Group: svvay: wat
19:29:29 : Direct: matsa: admin?
19:29:56 : Side: matsa: admin?
19:30:04 : Side: Sierra [SD]: hey what's up?
19:30:14 : Side: Sir LongSleeves: my bad
19:30:21 : Side: matsa: could you tp here for a sec?
19:30:46 : Side: Sierra [SD]: yep just a sec
19:31:39 : Direct: Sierra [SD]: hi - what's up?
19:31:55 : Direct: Sierra [SD]: sorry could you type I can't hear very well
19:32:10 : Direct: matsa: CAN YOU MAKE A NEW KEY FOR THE CHOPPER?
19:32:19 : Direct: matsa: sorry caps lock
19:32:23 : Direct: Sierra [SD]: no sorry we don't make new keys
19:32:47 : Direct: matsa: aight, but thanks anyway
19:33:05 : Direct: Sierra [SD]: np - sorry and have fun gaming! c u later
19:33:10 : Direct: matsa: cya
19:46:36 : Side: Fontes: who shot me how the heck did you do that 
19:46:52 : Side: Fontes: i was behind cover
19:47:09 : Side: Winans: who killed u
19:47:15 : Side: Logix: hes a wizard
19:47:34 : Side: Fontes: didnt see who killed me
20:00:06 : Side: Logix: where is everyone, havent seen anyone in a long time...
20:00:17 : Side: matsa: hola
20:00:42 : Side: Fontes: im at pustoshka
20:01:13 : Side: Logix: I have been along half the map and seen no one..
20:01:31 : Side: Logix: im just looking for people to help, trying to get that hero 3 
20:01:33 : Side: Fontes: i started this 20 mins ago and i was shot already :D
20:01:48 : Side: Fontes: probably cant help im a bambi :D
20:02:26 : Side: Logix: I can help you to find loot and to survive tho >D
20:03:06 : Side: Fontes: well i need to go in about 10 mins
20:03:15 : Side: Logix: ohh, well then its no worth >D
20:03:29 : Side: Fontes: :D
20:03:36 : Side: Fontes: maybe another time
20:03:46 : Side: Logix: just let me know if you see me on the server bro! cya 
20:03:59 : Side: Fontes: will do , bye
20:04:06 : Side: Logix: bye!
20:04:37 : Side: Logix: is it just me thats surpriced that there are no bandits on the high buildings in cherno_
20:05:20 : Side: Logix: the guy at balota airfield, u want help_
20:06:29 : Side: Logix: you in the firestation---
20:08:58 : Side: Logix: OLDspaiS just combat logged on me..
20:12:47 : Side: PzyTec: where is the action :>
20:12:59 : Side: Colin: NWA
20:13:31 : Side: PzyTec: anyone want to team up and pick me up on balota ?
20:20:31 : Side: Torello: Дно над электро сидит)
20:20:53 : Side: ICEE: chel
20:20:55 : Side: [RussianMafia]JeRaX: chelik po angliiski pishi
20:21:08 : Side: [RussianMafia]DiZZy: translitom
20:21:11 : Side: ICEE: Ne pihi na ruskom
20:21:15 : Side: [RussianMafia]DiZZy: a to pezdi dadyt
20:21:20 : Side: ICEE: Za eto ban
20:24:49 : Direct: Joshuaa: ready when you are
20:30:54 : Group: Joshuaa: did you see where they were?
20:31:04 : Group: Phaetta: Nop
20:31:52 : Group: Joshuaa: what you wanna do?
20:32:02 : Group: Phaetta: idk, what about you?
20:32:50 : Group: Joshuaa: i say we get out of here, but they could be anywhere now
20:37:25 : Side: PRISMIC: near base
20:47:25 : Direct: Joshuaa: back to base on motorbike?
20:47:34 : Group: Phaetta: ye sure
20:53:25 : Side: Hatter: Привет всем
20:53:47 : Side: Colin: ENGLISH PLS
20:54:05 : Direct: Joshuaa: if you want man
20:54:10 : Side: Hatter: что?
20:54:37 : Side: LWB [SD]: English Only in side chat
20:54:47 : Side: Hatter: почему?
20:55:22 : Side: Colin: ^^
20:56:10 : Side: Hatter: ok ok english
20:56:25 : Side: Hatter: ectb russian?
20:56:45 : Side: Hatter: You have to wait 133s
21:04:06 : Side: Hatter: Have TPW?
21:05:19 : Side: Kev: yo the elite, u insterestede in buying ur one yellow key back?
21:11:27 : Side: Hatter: this server has a weapon with TPW
21:11:47 : Side: Sierra [SD]: You mean thermal?
21:12:04 : Side: Sierra [SD]: No it doesn't if you mean that
21:12:17 : Side: Hatter: Yes thermal
21:12:28 : Side: Sierra [SD]: Ok - no thermals
21:12:45 : Side: Hatter: AS50 or m107?
21:12:58 : Side: Sierra [SD]: M107 & AS50
21:13:59 : Side: Hatter: Ohhhh has m107
21:14:02 : Side: Hatter: i have it
21:24:56 : Side: Hatter: there are military vehicles tanks and helicopters wath bombs?
21:25:57 : Side: Hatter: ?
21:26:01 : Side: LWB [SD]: no, just normal stuff. a few armed helis with guns
21:26:14 : Side: Hatter: ерч
21:26:15 : Side: Hatter: thx
21:26:25 : Side: Hatter: sorry
21:26:26 : Side: [RussianMafia]DiZZy: palevo
21:26:31 : Side: [RussianMafia]JeRaX: +
21:26:36 : Side: Hatter: nemnogo
21:26:37 : Side: [IRA-CBS]: hello guys, i just got arma, how do i play
21:26:48 : Side: Ebse: wasd
21:26:52 : Side: Hatter: russian mafia 9 toje tak
21:27:00 : Side: [RussianMafia]JeRaX: ?
21:27:00 : Side: Hatter: podpishus
21:27:03 : Side: [IRA-CBS]: ty, and where are the zombies and snipers?
21:27:13 : Side: Ebse: balota ;)
21:27:15 : Side: Hatter: :D
21:27:19 : Side: [RussianMafia]DiZZy: skok chasov?
21:27:32 : Side: Hatter: 9 tol'ko 3ashel i nashel m107
21:27:38 : Side: Hatter: 5 let
21:27:38 : Side: [RussianMafia]JeRaX: fartu masti A.Y.E
21:27:44 : Side: Hatter: aye
21:27:44 : Side: LWB [SD]: English only in side Chat
21:27:51 : Side: Hatter: english
21:27:51 : Side: [RussianMafia]DiZZy: go ts
21:28:11 : Side: Hatter: Nik steam?
21:28:39 : Side: [RussianMafia]JeRaX: ?
21:28:42 : Side: [RussianMafia]JeRaX: dizzy
21:29:00 : Side: Hatter: accept
21:36:33 : Side: Sierra [SD]: Night everyone!
21:36:39 : Side: svvay: nightnight!
21:37:11 : Side: [IRA-CBS]: whats the servers policy on ira related speech?
21:37:48 : Side: LWB [SD]: ? as the Irish terrorist group?
21:38:02 : Side: svvay: lmao
21:47:44 : Side: Ebse: is there an sd teamspeak ?
21:47:51 : Side: Ebse: server ?
21:48:00 : Side: LWB [SD]: yes, press esc you can see the ip
21:48:12 : Side: Ebse: thx
21:50:47 : Side: Ebse: why does lop has an admin ban ?
21:50:52 : Side: Turmoil: i accidentally declined... plz invite again
21:51:05 : Side: LWB [SD]: Because he had a hak script detected
21:51:09 : Side: LWB [SD]: hack
21:51:21 : Side: Ebse: O.o
21:51:37 : Side: svvay: do we know Lop?
21:51:43 : Side: Ebse: no
21:52:44 : Side: Ebse: well he is my friend and he isnt hacking he just has scripts for armory
21:52:59 : Side: svvay: feels bad
21:53:00 : Side: Ebse: privat server
21:54:39 : Side: Turmoil: can you buy fuel pumps LWB? or are they rare spawn only?
21:55:20 : Side: LWB [SD]: loot find only, usually in hangars
22:00:39 : Group: matsa: GOOD BYE CRUEL WORLD
22:14:58 : Group: Turmoil: invite marco? 
22:15:20 : Group: Marco: hiya fellas
22:15:45 : Group: Sir LongSleeves: marco we got a base we gonna build above you guys, top of the hill
22:15:59 : Group: Marco: cool :)
22:16:05 : Group: Marco: that's nice
22:16:23 : Group: Sir LongSleeves: got a perfect overwatch sniping position for you guys
22:16:53 : Group: Marco: yep, it's also the spot we're shooting missions from if they spawn near the dam. :)
22:17:31 : Direct: [IRA-CBS]Byrne: what the fuck?
22:17:40 : Direct: [IRA-CBS]Byrne: how to fly, w
22:21:41 : Group: [RussianMafia]JeRaX: /votenight
22:21:47 : Side: [RussianMafia]JeRaX: vote night
22:34:44 : Group: Turmoil: should really place out some camo nettings in the trees to cover those veichles ^^ 
22:35:05 : Group: ReaperZA: indeed
22:35:18 : Group: ReaperZA: where would one buy such item
22:35:38 : Group: Turmoil: do a Ikea mission, easiest way... not sure where you can buy
22:35:51 : Group: Turmoil: im guessing if you can buy em, the building suply trader
22:36:13 : Group: ReaperZA: mmmkay
22:40:36 : Group: Turmoil: anyone going to the trader? 
22:43:01 : Group: Turmoil: where you going shortbottoms?
22:47:20 : Group: Turmoil: prismic
22:50:37 : Group: Turmoil: would you mind giving me a lift to Klen? :)
22:50:43 : Group: PRISMIC: YH
22:51:36 : Group: PRISMIC: WHERE ?
22:51:42 : Group: Turmoil: Klen trader please :)
22:51:53 : Group: Turmoil: need to buy a car
22:53:44 : Group: Turmoil: thank you :)
22:53:57 : Group: Turmoil: that looks broken xD
22:59:11 : Direct: Hatter: /
23:15:45 : Side: Sashka: kak seif postavit
23:15:47 : Side: Sashka: bla
23:15:58 : Side: [RussianMafia]DiZZy: rukami
23:16:04 : Side: Hatter: BILOJI EGO
23:16:15 : Side: Hatter: OH CTO9TB BUDET
23:16:26 : Side: Sashka: jasno
23:16:29 : Side: Sashka: wkola
23:16:34 : Side: Sashka: van lav
23:16:38 : Side: Hatter: eee
23:16:40 : Side: Phaetta: English only in sidechat please
23:16:41 : Side: [RussianMafia]DiZZy: :*
23:20:47 : Direct: Marco: hiya
