00:09:40 : Direct: Turmoil: just curious tho, how can you afford all this awesomeness? :o i only get like 60 to max 100 gold when i loot
01:43:27 : Direct: VPr3stigious: thank you buddy
01:43:36 : Direct: VPr3stigious: so did my stuff disspear or did you take it?
01:44:20 : Direct: VPr3stigious: thanks#
09:12:09 : Direct: Faldehals: hi
09:13:00 : Direct: Faldehals: coyote bp here
09:13:43 : Direct: Faldehals: coyote in tent
16:19:44 : Direct: Faldehals: lol
18:38:53 : Direct: Headshot: do you need a ride back ? 
18:48:37 : Direct: Sierra [SD]: knock knock
18:49:41 : Direct: Sierra [SD]: here
18:50:03 : Direct: Sierra [SD]: there u go
18:50:22 : Direct: Sierra [SD]: :P np - those should work - they work for me
18:50:51 : Direct: Headshot: so 2x m107 
18:50:53 : Direct: Sierra [SD]: yeah - it looks like that
18:51:16 : Direct: Sierra [SD]: at least now we know! :D
18:51:24 : Direct: Sierra [SD]: keep mine anyway
18:51:43 : Direct: Sierra [SD]: np - will see you later! :)
19:27:54 : Direct: [KRT]ImMagu: dance
20:46:38 : Direct: Sierra [SD]: hey
20:47:23 : Direct: Sierra [SD]: let me ask LWB 
20:49:06 : Direct: Sierra [SD]: he says it is upto me so I will give it to you this time - but not if you do it again. Yes we know its ok - that is why we have banned him.
20:49:13 : Direct: Sierra [SD]: thanks anyway though
20:49:35 : Direct: Sierra [SD]: exactly - 2 secs and i will find you a replacement briefcase
20:49:45 : Direct: Sierra [SD]: 10x10oz gold i assume?
20:49:52 : Direct: Sierra [SD]: ok 1 sec
20:50:01 : Direct: Sierra [SD]: yeah - brb
20:51:21 : Direct: Sierra [SD]: here but try not to do it again because we dont usually give them out! xD
20:51:26 : Direct: Sierra [SD]: xD
20:51:41 : Direct: Sierra [SD]: sorry?
20:52:05 : Direct: Sierra [SD]: well - he is at the moment 
20:52:16 : Direct: Sierra [SD]: I cant see LWB changing his mind
20:52:31 : Direct: Sierra [SD]: np xD - will catch you later! have fun!
20:52:53 : Direct: Sierra [SD]: oh and if you do ever need to speak in private we are also on teamspeak too
20:53:01 : Direct: Sierra [SD]: most of the time anyway
20:53:09 : Direct: Sierra [SD]: c ya :)
21:41:26 : Direct: LWB [SD]: hey
21:41:30 : Direct: simon: Its you?
21:41:40 : Direct: LWB [SD]: no its someone else :)
21:41:46 : Direct: LWB [SD]: kinda
21:42:18 : Direct: simon: OKAY, well i was wondering if you donated, would you then get some donater stuff of something u know?
21:43:00 : Direct: LWB [SD]: Yes. Go to the website, register, go to donate, buy points, then go to perks store and buy perks
21:43:17 : Direct: simon: okay bro
21:44:02 : Direct: LWB [SD]: need anything else?
21:44:07 : Direct: simon: no :D
21:44:12 : Direct: LWB [SD]: ok cool
