11:35:23 : Side: agss: hello
11:42:12 : Side: agss: cze jacob
11:42:26 : Side: Jakob: ?
11:43:01 : Side: Jakob: u want some?
11:43:06 : Side: Jakob: ill give u some
11:50:20 : Side: cristoffer: who was that motherfucker who shot at me
11:50:43 : Side: cristoffer: at the airfield
12:16:22 : Side: Lewis: ok then
12:16:32 : Side: Lewis: 20 shots
12:16:43 : Side: Lewis: and headshots
12:17:03 : Side: Lewis: pretty sure thats a kill
12:17:37 : Side: agss: shot like pussy
12:17:58 : Side: Lewis: no
12:18:02 : Side: Lewis: a headshot should kill
12:18:07 : Side: Lewis: at least with body shots to
12:18:44 : Side: Lewis: think there is a cheate
12:18:47 : Side: Lewis: cheater
12:19:09 : Side: agss: you idiot, shoot like idiot, cry more
12:19:43 : Side: Lewis: THERE WERE HEADSHOTS FOR ONE, AND I SHOT YOU LIKE 10 TIMES
12:19:47 : Side: Lewis: IN THE BODY
12:20:03 : Side: Lewis: HOW TF IS THAT SHOOTING LIKE AN IDIOT
12:20:20 : Side: agss: cry cry go to admin
12:20:52 : Side: Lewis: but a headshot should kill
12:20:54 : Side: agss: and???? idiot
12:21:22 : Side: agss: dont cry, go play a tetris
12:21:41 : Side: Lewis: some pretty good english youve got mate
12:21:54 : Side: Lewis: do they not learn it in Iraq?
12:21:59 : Side: Lewis: no they dont
12:22:05 : Side: Lewis: they are too busy getting sho
12:22:08 : Side: Lewis: shot
13:28:18 : Side: agss: hello, you friendly?
13:28:32 : Side: Hippotamus: yep
13:28:33 : Side: 2DIE4: who u talkin to?
13:28:40 : Side: Hippotamus: :D
13:28:42 : Side: agss: i am too
13:28:49 : Side: Hippotamus: ;D
13:44:58 : Side: agss: who shoot in nwaf?
15:37:59 : Side: agss: idiot noob camp a safe zone stary sobor
15:41:41 : Side: agss: only mega noob camp a trade zone
15:42:33 : Side: 2DIE4: trader camping is FORBIDDEN here!
15:42:37 : Side: agss: hello wlad'
15:43:15 : Side: VLADIMIR>***: Helooooo Wala frend:)
15:43:30 : Side: VLADIMIR>***: /idiot in serwer?
15:43:37 : Side: agss: yes, walasznikow :) 
15:44:15 : Side: VLADIMIR>***: Walasznikow and Vladimir Dewelopment:)
15:44:15 : Side: agss: walasznikow is my friend :)
15:44:26 : Side: agss: :)w
15:45:14 : Side: agss: :)
15:45:35 : Side: VLADIMIR>***: oooo fuckkkkkk:)))))
15:50:09 : Side: Mr Wuzzle: hi all
15:50:14 : Side: agss: hello
15:50:20 : Side: VLADIMIR>***: hi\
15:50:22 : Side: 2DIE4: hi
15:50:48 : Side: riPuliukko: hello
16:19:35 : Side: Mr Wuzzle: qwarl rather than just shoot the fuck out of bambis wanna team?
16:19:53 : Side: Qwarl: что пупсик?
16:19:59 : Side: Mr Wuzzle: oh
16:20:13 : Side: Mr Wuzzle: no problem mate
16:25:21 : Side: Qwarl: ))))))
16:25:38 : Side: Qwarl: )))))))
16:26:37 : Side: Qwarl: (((
16:31:48 : Side: Mr Wuzzle: qwarl stop being a prick
16:32:09 : Side: Qwarl: it is prank
16:32:41 : Side: Mr Wuzzle: why dont you help us?
16:32:51 : Side: Mr Wuzzle: instead of killing bambis
16:50:50 : Side: Qwarl: рь
17:16:12 : Side: 2DIE4:  who ever is doin the hero base.. OMG  how long wil it take u?
17:16:29 : Side: Mr Wuzzle: yea taking a long time :)
17:16:46 : Side: 2DIE4: goin 4 a smoke ...  =) 
19:01:19 : Side: Juiles: why
19:01:32 : Side: Juiles: not working trader in bash?
19:40:49 : Side: ThirdEyeSphinx: sup
19:42:08 : Side: 2DIE4: hi
19:42:27 : Side: Greg: elo
19:42:47 : Side: Greg: 2die4 its your base at Altar?
19:42:55 : Side: Mr Wuzzle: is there any starter packs for joining. just asking im not fussed if not :)
19:43:02 : Side: 2DIE4: yap
19:43:55 : Side: Greg: so i thought that its you shooting me ;p
19:43:59 : Side: Greg: see ya later all
19:44:19 : Side: 2DIE4: mission right in front   XD
19:44:41 : Side: Greg: ;)
19:48:23 : Side: ThirdEyeSphinx: LOL, dANIEL
19:48:30 : Side: Daniel: ;)
19:48:47 : Side: ThirdEyeSphinx: Daniel's at NW guys
19:49:01 : Side: Daniel: dont call out you little bitch
19:49:11 : Side: ThirdEyeSphinx: You're the bitch :D
19:49:17 : Side: Daniel: :D
19:49:23 : Side: ThirdEyeSphinx: You shot me when I clearly said I wasn't going to shoot.
19:49:27 : Side: Daniel: IM OUT
19:49:32 : Side: Daniel: my Voips off soz
19:51:17 : Side: Mr Wuzzle: is there a bank?
19:51:28 : Side: 2DIE4: no
19:51:37 : Side: Mr Wuzzle: ok thanks and no starter kit/.
19:51:39 : Side: Mr Wuzzle: ?
19:51:44 : Side: 2DIE4: nope
19:51:47 : Side: Mr Wuzzle: np ty
19:51:52 : Side: 2DIE4:  dude it takes  less then 30 mins  
19:51:59 : Side: 2DIE4:  from the coast to full gear
19:52:05 : Side: Daniel: when you crash into trees :D
19:52:10 : Side: Mr Wuzzle: i am full gear
19:52:22 : Side: Mr Wuzzle: just dont want to carry all stuff 
19:52:25 : Side: ThirdEyeSphinx: Get a plot pole and buildd safes
19:52:36 : Side: Mr Wuzzle: its 1 brief tho xD
20:24:03 : Side: AleBarcelos: :( damm 230 ms :(
20:27:06 : Side: 2DIE4:  come down i was just scaring u  =9 
20:27:09 : Side: agss: fucking camper a trade zone stary sobor
20:27:10 : Side: 2DIE4:  cant shoot in safe tone
20:27:31 : Side: 2DIE4:  dude my bullets cant even leave the zone so chill
20:27:45 : Side: ThirdEyeSphinx: 2DIE4 GROUP
20:27:51 : Side: 2DIE4: inv
20:28:06 : Side: 2DIE4: agin
20:47:52 : Side: Greg: Vlad ts
20:53:50 : Side: VLADIMIR>***: Greg 5 min
20:53:56 : Side: Greg: roger
20:57:24 : Side: Tamago: hello everyone
20:57:35 : Side: Greg: hey man
20:57:45 : Side: VLADIMIR>***: heyyy
20:58:53 : Side: Tamago: goup invite grag?
20:58:57 : Side: Tamago: group*
20:59:33 : Side: Liner69: can u place a safe without a plot pole?
20:59:45 : Side: Greg: add me
20:59:54 : Side: 2DIE4:  yes
21:00:16 : Side: Tamago: did
21:01:12 : Side: Liner69: ?
21:10:03 : Side: VLADIMIR>***: Greg ts?
22:21:19 : Side: [KEK] Lutajev: sory
22:29:09 : Side: Juiles: nashiesttyt?
23:41:18 : Side: RaptorMx: hello guys
23:41:26 : Side: Juiles: hi
