02:12:19 : Direct: matsa: wut
09:51:28 : Direct: Legend: willst du mal fliegen?
09:51:41 : Direct: Kev: base?
09:51:47 : Direct: Legend: yo kurz pls
09:56:12 : Direct: Legend: wtf ic kann net aussteigen :D
09:56:16 : Direct: Kev: xDDD
09:58:54 : Direct: Legend: bin kurz afk
13:53:15 : Direct: MeGa_Koffiepot: CALL 
13:53:20 : Direct: MeGa_Koffiepot: PHONE
15:54:31 : Direct: 2DIE4: hello =)
15:55:02 : Direct: matsa: sup
17:52:45 : Direct: LWB [SD]: sup?
17:52:51 : Direct: M.K.: hey
17:52:53 : Direct: M.K.: so
17:53:11 : Direct: M.K.: what does "take item ownership" do?
17:53:15 : Direct: M.K.: i replaced my plot pole
17:53:21 : Direct: M.K.: should i click on that?
17:53:35 : Direct: LWB [SD]: yeah, otherwise the items built prior wont mainyain
17:53:38 : Direct: LWB [SD]: maintain
17:53:52 : Direct: M.K.: it said 0 objects changed
17:53:54 : Direct: M.K.: ok whatever
17:53:56 : Direct: M.K.: and
17:53:58 : Direct: M.K.: one more thing
17:54:19 : Direct: M.K.: people can glitch into my base through the floor unti i do all the walls
17:54:24 : Direct: M.K.: its bannable right?
17:54:37 : Direct: LWB [SD]: if we see it yeah
17:55:02 : Direct: M.K.: hmm..k.. 
17:55:04 : Direct: M.K.: thanks :)
17:55:08 : Direct: M.K.: thats all
17:55:09 : Direct: LWB [SD]: ok
17:55:11 : Direct: LWB [SD]: bye
17:55:12 : Direct: M.K.: have a lovely day
17:55:14 : Direct: LWB [SD]: :)
18:51:01 : Direct: LWB [SD]: sup
18:51:16 : Direct: [NG2] Jesse: can you delete the suv? i lost the key
18:51:28 : Direct: [NG2] Jesse: inside
18:51:34 : Direct: [NG2] Jesse: thanks! 
18:51:37 : Direct: LWB [SD]: :D np
18:51:39 : Direct: [NG2] Jesse: your my hero! 
18:51:47 : Direct: LWB [SD]: ;D
