11:58:57 : Side: Senych^^: Tamago, thx the bas!
11:59:13 : Side: Senych^^: base*
11:59:16 : Side: Tamago: ?
11:59:30 : Side: Qwarl: hi tamago)
11:59:33 : Side: Tamago: hello
11:59:41 : Side: Qwarl: how are you?
11:59:52 : Side: Tamago: good i had to suicide cause i glitched into ground
12:00:09 : Side: Greg: good ;p
12:00:11 : Side: Qwarl: lol
12:01:50 : Group: Tamago: takze tego. moj lav poszedl z dymem
12:01:54 : Group: Greg: jak wczoraj wam poszła misja? ;p
12:02:01 : Group: Greg: co się stało?
12:02:06 : Group: Tamago: misje sly spoko
12:02:29 : Group: Tamago: pies Vlada pociagnal kabel od myszki i rozbilismy dzieki niemu smiglo
12:02:33 : Group: Tamago: pod smiglem byl LAV
12:02:42 : Group: Tamago: 20 briefcasow z misji poszlo
12:02:45 : Group: Greg: pierdolisz :D
12:02:49 : Group: Tamago: serio
12:02:57 : Group: Greg: a mój?
12:03:15 : Group: Tamago: twoj jest w bazie klusz w sejfie z budowlanymi
12:03:21 : Group: Greg: ok :)
12:03:27 : Group: Greg: przynajmniej tyle ;p
12:04:44 : Side: Tamago: Qwarl. can i kill you for humanity and give you gold for it?
12:04:52 : Group: Greg: lol
12:04:58 : Side: Tamago: im serious
12:05:03 : Side: Greg: hahah
12:05:42 : Group: Tamago: chyba nie zrosumial
12:05:54 : Side: Qwarl: how gold?w
12:05:55 : Group: Greg: ile on mam humanity?
12:06:01 : Group: Tamago: 10k
12:06:15 : Group: Tamago: idk 5 10oz gold per kill? i just need 2 kills
12:06:24 : Group: Tamago: cause i lost humanity for killing Lenin
12:06:27 : Group: Tamago: kuzwa
12:06:28 : Group: Greg: on ile ma?
12:06:35 : Group: Tamago: 10k]'
12:06:40 : Group: Tamago:  -10
12:06:47 : Group: Greg: aaa
12:06:52 : Side: Tamago: 5 10oz gold per kill i need 2 kills so 1 bc
12:06:59 : Side: Qwarl: no
12:07:05 : Side: Greg: hehhe
12:07:05 : Side: Tamago: k
12:07:11 : Side: Qwarl: me -8000k
12:07:11 : Group: Tamago: nie to nie xD
12:07:21 : Group: Greg: kup blood bagi
12:07:27 : Group: Greg: dużo ;p
12:07:32 : Group: Tamago: masz z sejfie 50
12:07:40 : Group: Greg: będziemy strzelać do siebie ;p
12:07:58 : Group: Tamago: ale ja chce zyskac hunmanity nie stracic
12:08:13 : Group: Greg: za transufzje dostaniesz
12:08:28 : Group: Tamago: ok to mamy prawi 100 bloodbagoww
12:24:44 : Side: Tamago: Turmoil!
12:24:49 : Side: Tamago: Sup mate
12:24:53 : Side: Tamago: long time no see
12:25:05 : Side: Turmoil: hey yeah i been busy :)
12:25:17 : Side: Tamago: after month and a half i lost suv you game me xD
12:25:28 : Side: Turmoil: lol, well it lasted a long time then :)
12:25:35 : Side: Tamago: it was ton of a help
12:25:44 : Side: Turmoil: im glad it was :)
12:26:01 : Side: Tamago: what happened to hero town? didnt see you guys for long time
12:26:10 : Group: Greg: robimy ikee?
12:26:18 : Group: Tamago: mozemy
12:26:29 : Group: Tamago: daleko jest ;/
12:26:33 : Side: Turmoil: im admining an overpoch server and we kinda switched over to Arma 3 
12:26:48 : Side: Tamago: ahh understandable
12:27:58 : Side: Turmoil: survivalist also has an overpoch server so i got stuck helping out on that one insted of playing this one :) lol
12:28:16 : Side: Tamago: overpoch is too cluttred for me.. to much weapons and stuff
12:28:24 : Side: Tamago: and fps drops insane for me
12:28:55 : Side: Turmoil: have you tried the one we got? its more similare to epoch... still has more guns tho, but i actually get better fps there than here
12:29:18 : Side: Tamago: i prefer this one xD maybe if my group would transfer i would go there
12:29:19 : Side: Tamago: idk
12:29:45 : Side: Turmoil: ^^ 
12:29:59 : Side: Turmoil: well mostly just play Arma 3 these days and admin mostly in arma 2 
12:30:00 : Group: Tamago: nie mam plecaka ;/
12:30:12 : Group: Greg: na misji znajdziesz ;p
12:30:23 : Group: Tamago: zaraz przylece
12:30:48 : Group: Tamago: zakamp sie bo tam qwarl ma baze pamietaj
12:30:50 : Side: Turmoil: you got a decent base by now i guess?
12:31:11 : Side: Tamago: i had but i was forced to abbandon it cause it was way too big and i reached max item cap
12:31:15 : Side: Tamago: so it was never finished
12:32:12 : Side: Tamago: now i joined a group and kinda joined Gregs base
12:32:34 : Side: Turmoil: ah i see :) thats nice to be a group
12:32:49 : Side: Tamago: well 4 people can do much more than 1 xD
12:32:51 : Side: Turmoil: seems like this server is mostly quiet these days tho, getting any kills?
12:33:12 : Side: Tamago: I had a fight with some guys but its mostly friendly :D
12:33:41 : Side: Turmoil: i see freedoms base is totally diaspeared up here, lol
12:33:53 : Side: Tamago: yeah last time i saw him you were online =p
12:34:22 : Side: Turmoil: yeah he joined me and Jesse in Arma 3
12:34:30 : Side: VLADIMIR>***: Tamago-Ts:0
12:34:36 : Side: Tamago: kk
12:36:09 : Side: Turmoil: feels weird to be in my base... spent over 400 hours in arma from this base, lol
12:36:16 : Side: Tamago: haha
12:36:22 : Side: Tamago: donate stuff to me! :Dw
12:36:36 : Side: Turmoil: dont have much left over here xD
12:36:39 : Side: Tamago: haha
12:36:43 : Side: Turmoil: all vehicles and everything is gone
12:36:44 : Side: Tamago: GOLD
12:37:12 : Side: Turmoil: haha, i bet you guys have plenty of gold xD
12:37:24 : Side: Tamago: not really most of it goes to building supplies
12:37:26 : Side: Greg: more is always better ;p
12:37:42 : Side: Turmoil: dont have much either, we mostly gave away everything to new players :)
12:38:02 : Side: Tamago: you going to play here now again? or just hopped in to say hello?
12:38:14 : Group: Tamago: nie ma gpsa jak cosw
12:38:21 : Side: Turmoil: just maintaining my base, lol... in case i feel like playing again
12:38:28 : Side: Tamago: kk
12:38:32 : Group: Greg: 23 na 1k, w tym dwie w bazie
12:38:51 : Side: Turmoil: if the server picks up again i might come back on... maybe become a bandit insted of hero? :D
12:38:59 : Side: Tamago: than we are deadc
12:39:23 : Side: Turmoil: gonna take a bit to get down to - humanity tho, im currently at almost 70k + so xD
12:41:02 : Group: Tamago: 1 z misji zdjety
12:41:04 : Group: Tamago: z bazy
12:41:07 : Group: Tamago: nie widze misji
12:41:37 : Side: Turmoil: Winans and Hailstorm, are they still playing?
12:41:45 : Side: Tamago: never saw him
12:41:51 : Group: Greg: muszę się przenieść, stad niewiele ustrzele
12:43:19 : Group: Tamago: wala w cos mocno
12:43:56 : Group: Greg: 19
12:45:30 : Group: Tamago: tragiczna lokacja
12:46:06 : Group: Greg: no nie najszczęśliwsza
12:47:41 : Group: Tamago: robie baze jak cos
12:48:17 : Side: Qwarl: hi
12:48:26 : Side: Tamago: ?
12:48:47 : Side: Qwarl: who mozzi
12:48:51 : Side: Turmoil: me
12:49:16 : Side: Tamago: so sennych plays with qwalr and Lenin?
12:49:22 : Side: Qwarl: nonoonononon
12:49:25 : Side: Turmoil: whos using the bases up at skalka now?
12:49:31 : Side: Tamago: well Vlad is my friend xD
12:49:36 : Side: Tamago: and he died next to your base
12:49:38 : Side: Tamago: xD
12:49:42 : Side: Qwarl: nonononon
12:49:47 : Side: Greg: hue hue hue
12:49:49 : Side: Qwarl: sanich no me frend
12:49:56 : Side: Qwarl: friend*
12:50:08 : Group: Tamago: jak trzesie dupa xDw
12:50:15 : Side: Senych^^: PIDOR
12:50:16 : Group: Greg: noo :D
12:50:26 : Side: Tamago: pisze sie Pomidor xD
12:50:34 : Side: Greg: lol
12:50:48 : Side: Qwarl: vladimir sorri
12:50:58 : Side: Tamago: so he is with you lol
12:51:03 : Side: Tamago: its ok this is pvp game
12:51:05 : Side: VLADIMIR>***: ok ok , no problem
12:51:20 : Side: Greg: eheheh
12:51:30 : Side: Qwarl: :((((((
12:51:46 : Group: Tamago: widze misje tutaj
12:52:25 : Group: Tamago: para drop
12:52:36 : Group: Greg: widzę
12:52:47 : Group: Tamago: zestrzelisz heli?
12:53:44 : Group: Greg: czym niby? ;p
12:55:48 : Group: Greg: a ai z bazy?
12:57:38 : Group: Tamago: przebiegaja przez baze do nas. strzelam i zdejmuje ale powoli bo maja cover
12:58:07 : Group: Tamago: i uwazaj bo i qwarl i sennych jest obok
13:00:01 : Group: Tamago: gps?
13:00:08 : Group: Greg: 16 w tym my
13:00:42 : Group: Tamago: od H na misji obok truckopw
13:02:37 : Group: Greg: w bazie
13:03:12 : Group: Tamago: ai w bazie sie zrespawnily lol
13:05:34 : Group: Greg: 10 w tym 4 w bazie pewnie
13:06:47 : Group: Greg: nie widzę nikogo już
13:07:09 : Group: Tamago: w bazie 1
13:07:14 : Group: Greg: leży
13:07:56 : Group: Tamago: gps?
13:08:05 : Group: Greg: 9
13:08:16 : Group: Greg: sztywni mnie prawie zjedli
13:08:20 : Group: Tamago: lol
13:08:36 : Group: Tamago: greg dodaj reszte
13:08:38 : Group: Tamago: seba wchodzi
13:08:52 : Group: Greg: nie mogę, są w grupie
13:09:06 : Group: Tamago: wyszli
13:10:16 : Group: Tamago: zapros sebe
13:10:43 : Group: Greg: w bazie znowu
13:11:52 : Group: Greg: 5
13:12:43 : Group: Greg: ide do bazy
13:13:35 : Side: Turmoil: hey Vlad... can i speak whit you for a second? 
13:13:48 : Group: Greg: o twoim napsie ;p
13:14:21 : Group: VLADIMIR>***: co on tam napisał?
13:14:29 : Group: Greg: że chce  tobą pogadać ;p
13:15:07 : Side: VLADIMIR>***: Yes Turmoil?
13:15:13 : Side: Turmoil: invite me? 
13:16:07 : Group: Tamago: jak tam?dw
13:16:33 : Group: Tamago: ai obok mnie byl
13:16:55 : Group: Greg: lol
13:17:00 : Group: Tamago: mam 1 strzal
13:17:40 : Direct: Turmoil: get in ;)
13:17:44 : Group: Tamago: in
13:18:00 : Group: Tamago: where are we goin?
13:18:02 : Group: Tamago: xD
13:18:08 : Group: Turmoil: surprise
13:18:10 : Side: Tamago: I have been kidnapped!
13:18:14 : Side: Tamago: HALP
13:18:16 : Side: Tamago: xD
13:18:22 : Group: Greg: zostawiłeś mnie? ;p
13:18:31 : Group: Tamago: lece se nie wiem gdzie
13:18:44 : Group: Tamago: Vlad asks what did you want cause his english is lil crap
13:19:01 : Group: Turmoil: z-
13:19:06 : Group: Turmoil: thats why i took you :)
13:19:26 : Group: Turmoil: here you go, its yours
13:19:35 : Group: Tamago: ?
13:19:39 : Group: Tamago: what is mine? base?
13:19:43 : Group: Turmoil: yep
13:19:47 : Group: Tamago: what xD
13:20:01 : Group: Tamago: thats a lot of doors
13:20:09 : Group: Tamago: thanks xD
13:20:17 : Group: Turmoil: added u to plot
13:20:29 : Group: Turmoil: i maintained today... if you want to keep it
13:20:31 : Group: Tamago: so many doors lol
13:20:40 : Group: Turmoil: safety ;)
13:20:47 : Group: Turmoil: all safes are reset... 0000
13:20:52 : Group: Tamago: ok =o
13:21:04 : Group: Turmoil: tank in garage
13:21:09 : Group: Greg: wracaj tu bo jestem na 200 od misji
13:21:12 : Group: Tamago: whaaat
13:21:19 : Group: Tamago: damn son
13:21:27 : Group: Tamago: thanks =o i will keep it for you :D
13:21:43 : Group: Tamago: Greg dostalem baze =o
13:21:47 : Group: Greg: wiem
13:21:58 : Group: Turmoil: keys ofr heli and tank are in tank :)
13:22:04 : Group: Greg: a ja zaraz dostanę kulke ;p
13:22:10 : Group: Tamago: thanks =o
13:22:18 : Group: Tamago: you are leaving for good?
13:22:35 : Group: Turmoil: not sure but will be a while... money here
13:22:38 : Group: Turmoil: and hotwires
13:22:39 : Group: Tamago: ok
13:22:54 : Group: Tamago: what O_O
13:23:13 : Group: Turmoil: random stuff, building shizzle etc
13:23:21 : Group: Turmoil: in those tree
13:23:59 : Group: Turmoil: snipers etc in two bottom ones
13:24:02 : Group: Tamago: do i need to be added to all these doors?
13:24:20 : Group: Turmoil: heavy weapons, anizo, aa 12 AS50 L115s etc in top
13:24:51 : Group: Turmoil: RPGS and heavier stuff in last one
13:25:15 : Group: Turmoil: and no, you are on the plot pole so you should have access to all doors :)
13:25:24 : Group: Tamago: ok =o
13:25:31 : Group: Tamago: i will add myself just in case xD
13:25:50 : Group: Turmoil: safes are reset i belive so after restart just use 0000
13:25:57 : Group: Tamago: kk
13:26:14 : Group: Tamago: thanks dude
13:26:31 : Group: Turmoil: your welcome... i think theres a bit of good money in safe, some topaz andstuff
13:26:37 : Group: Tamago: sry xD
13:26:39 : Group: Tamago: yeah i saw it
13:26:42 : Group: Turmoil: 90 BC or something
13:27:21 : Group: Turmoil: be carefull closing those doors... so you dont get between wall and door... it will kill you, lol
13:27:29 : Group: Tamago: yeah
13:28:42 : Group: Tamago: insane
13:29:00 : Group: Turmoil: hope you guys will enjoy it, lol
13:29:12 : Group: Tamago: we will
13:29:15 : Group: Tamago: definetly
13:29:30 : Group: Tamago: damn
13:29:59 : Group: Tamago: anything there?
13:30:06 : Group: Turmoil: any keys you find in lockboxes / safes you can trow away... the only two vehicles i have is tank and heli
13:30:12 : Group: Tamago: kkk
13:30:16 : Group: Tamago: kk*
13:30:24 : Group: Turmoil: thats the death hole... 90% chance of death if you crawl in
13:30:30 : Group: Tamago: lol
13:30:49 : Group: Tamago: someone is shooting us
13:30:56 : Group: Turmoil: mission 
13:30:58 : Group: Tamago: mission spawned
13:31:21 : Group: Tamago: just wow
13:31:26 : Side: VLADIMIR>***: woooowwwww
13:31:32 : Group: Tamago: I will be sure to keep it for you in case you come back
13:31:45 : Group: Turmoil: do what you want whit it :)
13:33:10 : Group: Greg: okradł mnie
13:33:11 : Group: Tamago: your name is green?
13:33:17 : Group: Tamago: cause frinedly
13:33:19 : Group: Tamago: i guess
13:33:22 : Group: Turmoil: yep
13:33:31 : Group: Tamago: this base is insane
13:33:36 : Group: Tamago: did anyone tried to siege it?
13:33:48 : Group: Turmoil: its not pretty but its very well protected against glitchers
13:33:57 : Group: Tamago: ya
13:34:33 : Group: Turmoil: safe room has double doors and triple walls, double doors all entrances and 4 doors protecting plotpole
13:34:43 : Group: Turmoil: whit double or triple wall behind plotpole.. dont remember xD
13:34:43 : Group: Tamago: damn
13:35:10 : Group: Turmoil: the LAV is VERY effective for raiding bases btw :) 
13:35:18 : Group: Tamago: yeah we know we used 2 yesterday
13:35:50 : Group: Tamago: i took revange on glitchers base
13:36:02 : Group: Turmoil: lol nice :)
13:36:03 : Group: Tamago: i lost like 30+ bc
13:36:10 : Group: Tamago: they lost less but now they are laying low
13:36:18 : Group: Tamago: but now
13:36:20 : Group: Tamago: damn
13:36:51 : Group: Turmoil: should be close to 140bc in that safe whit all the gems
13:36:57 : Group: Tamago: yeah
13:36:57 : Group: Turmoil: 140-150
13:37:01 : Group: Tamago: saw it xD
13:37:51 : Group: Tamago: wow thanks dude
13:37:57 : Group: Tamago: I will be sure to use it :D
13:38:09 : Group: Turmoil: your very welcome :) 
13:38:20 : Group: Tamago: guys are asking about 2die4
13:38:31 : Group: Turmoil: what about him? 
13:38:41 : Group: Tamago: I am afraid that he took their raid on his base a bit personally
13:38:45 : Group: Tamago: but idk
13:38:50 : Group: Tamago: thye ask if he is dangerous xD
13:39:06 : Group: Turmoil: hahaha, he is the biggest bandit and he has the founds to level all bases on this server if he wants so yes
13:39:26 : Group: Turmoil: he have alot of heavy guns 
13:39:32 : Group: Tamago: yeah i belive so
13:40:03 : Group: Tamago: thye ask whats with freedom and the 3rd guy that played with you that have base here
13:40:21 : Group: Greg: kto pyta?
13:40:31 : Group: Tamago: Vlad sie pyta
13:40:42 : Group: Turmoil: Prismic was an anoying little prick so we blew up his base... Freedom is playing Arma 3 whit me and Jesse
13:40:51 : Group: Tamago: ahh ok
13:41:01 : Group: Greg: lol
13:41:36 : Group: Turmoil: who is using the two bases at skalka?
13:41:36 : Group: Tamago: well damn thanks again
13:41:41 : Group: Tamago: at skalka?
13:41:54 : Group: Greg: NW
13:41:57 : Group: Tamago: idk
13:42:02 : Group: Tamago: never saw bases there
13:42:02 : Group: Turmoil: yes, Hailstorm and Winans built two nice bases there.. they are still there i noticed
13:42:13 : Group: Turmoil: north of NWAF
13:42:17 : Group: Tamago: i never saw them online
13:42:28 : Group: Turmoil: maybe they still play but under different names
13:42:32 : Group: Tamago: maybe
13:43:28 : Group: Turmoil: Jesse is not sure if he will play or not so i will go maintain his base :)
13:43:36 : Group: Tamago: okies
13:43:47 : Group: Turmoil: thats an empty safe... put it there as decoy to see if anyone glitch into base :)
13:43:56 : Group: Tamago: kk
13:44:20 : Group: Tamago: but how can you see it? oh cause they will pick it up i guess
13:44:28 : Group: Turmoil: yeah :) 
13:44:38 : Group: Turmoil: mostly people pack the safe if they can unlock it 
13:45:00 : Group: Tamago: yeah i guess so
13:45:19 : Group: Turmoil: its one BC to sell so its good money if you get alot of them, lol
13:45:31 : Group: Tamago: true that
13:45:54 : Group: Turmoil: argh zombies
13:47:16 : Group: Tamago: after what time safes reset?
13:47:33 : Group: Turmoil: 7 days if not used
13:48:04 : Group: Turmoil: you need to open safes AND add/remove at least one item every 6-7 days or else it will reset to 0000
13:48:17 : Group: Tamago: ok ok
13:48:28 : Group: Turmoil: mine are reset couse they havent been used in at least two or three weeks
13:48:34 : Group: Tamago: yeah
13:49:43 : Group: Turmoil: alrighty, base maintained... im gonna head off now... 
13:50:04 : Group: Turmoil: enjoy the stuff :) cya all later sometime maybe :)
13:50:09 : Group: Tamago: see yah turmoil
13:50:10 : Group: Greg: see ya
13:50:12 : Group: Tamago: see you around
13:50:55 : Group: Tamago: Greg
13:51:05 : Group: Tamago: za 7 dni moje sejfy sa twoje  xD
13:51:16 : Group: Greg: lolw
13:51:18 : Group: Tamago: pomoge ci nadal w budowie itp
13:51:21 : Group: Tamago: ale stary
13:51:39 : Group: Tamago: nienormalne
13:51:55 : Group: Tamago: w sejfie z bc jest przynajmniej wartosc 150 bc
13:52:07 : Group: Tamago: mam okolo 16 sejfow w sejfie
13:52:22 : Group: Tamago: i troche mat budowlanych
13:52:38 : Group: Greg: cieszymy się twoim sczęściem ;p
13:52:45 : Group: Tamago: haha wiem xD
14:00:11 : Group: Tamago: 23 M2  8 m134 3 HE ROunds 13 DShKM
14:00:20 : Group: Tamago: tutaj jest okolo 40 bc
14:03:14 : Group: Tamago: Greg lece do twojej bazy z materialami budowlanymi i kasa
14:03:28 : Group: Greg: spoko
14:03:43 : Group: Greg: ja muszę spadać i tak ;)
14:03:53 : Group: Tamago: 5 minut
14:04:03 : Group: Greg: mam czekać?
14:04:06 : Group: Tamago: tak
14:04:11 : Group: Tamago: dasz to do sejfu
14:04:27 : Group: Greg: ty musisz otworzyć bo ja nie pamiętam kodu ;p
14:04:39 : Group: Tamago: do twojego
14:04:50 : Group: Greg: ok
14:04:55 : Group: Tamago: ok otworze ci go
14:06:55 : Group: Greg: zw
14:07:15 : Group: Tamago: 2.5km
14:09:39 : Group: Greg: jestem
14:09:46 : Group: Tamago: to chodz
14:10:25 : Group: Tamago: otworz sejfa
14:10:41 : Group: Tamago: tam masz moj otwarty
14:10:52 : Group: Tamago: poprzekladaj sobie 
14:11:03 : Group: Tamago: albo go zapakuj i powkladaj rzeczy wtedy
14:11:46 : Group: Greg: do budowlanego mam kod w domu
14:11:47 : Group: Tamago: 20 bc i troche scianek i podlog ktore mial turmoil
14:11:51 : Group: Tamago: aha kk
14:11:56 : Group: Tamago: no tak dalwalem ci gow
14:12:21 : Group: Greg: dzięki
14:12:26 : Group: Tamago: spoko
14:12:33 : Group: Tamago: wiesz lubie pomagac znajomym xD
14:12:34 : Group: Tamago: haha xD
14:12:35 : Group: Greg: później to ogarnę
14:12:38 : Group: Greg: haha
14:12:45 : Group: Tamago: sie dorobilem to pomagam biedniejszym na serwerze xD
14:12:48 : Group: Tamago: LOL
14:12:56 : Group: Greg: lol
14:13:11 : Group: Tamago: ale serio nadal misje robimy by ta baze skonczyc jak cos
14:13:13 : Group: Greg: spadam
14:13:17 : Group: Tamago: bo ejst zajebista
14:13:21 : Group: Tamago: kk narazie
14:13:22 : Group: Greg: no jest ;p
14:13:26 : Group: Greg: do później
14:13:26 : Group: Tamago: ja tez uciekam
16:54:27 : Side: agss: hello my friend 2die4, how are you?
16:54:38 : Side: 2DIE4:  how r u  =)  
16:54:48 : Side: 2DIE4:  the sun is shining    so can only be good  =)
16:55:11 : Side: agss: where are you from?
16:55:21 : Side: 2DIE4: germany   =) 
16:55:26 : Side: agss: :)
16:55:29 : Side: 2DIE4:  and u were near by    right?   XD
17:03:11 : Side: 2DIE4:  blackhawk crash is cleared no more AI
17:03:47 : Side: agss: how you do mission that fast?
17:03:57 : Side: 2DIE4: i rule dude 
17:04:09 : Side: 2DIE4:  i got more than 3000 hrs arma experience XD
17:04:27 : Side: agss: nice :) you are good player
17:04:40 : Side: 2DIE4: i am doin aight id say XD
19:37:01 : Side: Acer: HI 
19:37:29 : Side: Acer: I KILL YOU MAN :p 
19:37:50 : Side: agss: qhat?
19:38:14 : Side: Acer: WHERE ARE YOU????
19:38:51 : Side: agss: nwaf
19:39:33 : Side: Acer: MY FREANDLY 2DAY4
19:39:34 : Side: agss: where are you?
19:40:31 : Side: Acer: SIEMKA SOCHAN :p
19:40:46 : Side: agss: zumpran?
19:40:54 : Side: Acer: TAAAAA
19:41:26 : Side: agss: zaraz restart, bede po 
19:41:49 : Side: Acer: NO JA TEZ
19:52:47 : Side: agss: zaloz grupe i daj zape zumpran
19:53:35 : Side: agss: zaakceptuj grupe
19:57:02 : Side: agss: walek odsypia?
19:57:36 : Side: Acer: PRZYSZEDL ZDECHLY :p
20:01:14 : Group: Tamago: czemu nie na tsie?
20:30:59 : Group: Tamago: lol
21:04:39 : Group: Tamago: brb
21:07:00 : Group: Tamago: back
21:16:22 : Group: Tamago: supers sprawa crash przy ladowaniu
21:16:39 : Group: Tamago: polecam
21:18:22 : Group: Tamago: zw
21:18:28 : Group: agss: narazie, milego grania :) ja spadam
