00:00:21 : Group: Tamago: nope
00:02:01 : Group: Tamago: hard to aim
00:03:45 : Group: Tamago: som,e inm town
00:04:22 : Group: Tamago: heli got dmaged by something
00:07:46 : Group: Tamago: get him i dont see him
00:08:17 : Group: Tamago: aw him
00:08:37 : Group: Tamago: red building
00:08:46 : Group: Tamago: town
00:08:57 : Group: Tamago: nice
00:09:10 : Group: Tamago: lookinto mission cause heli wont start
00:09:34 : Group: Tamago: i need engine and main rotor
00:09:56 : Group: Tamago: good
00:11:45 : Group: Tamago: xD
00:12:50 : Group: Tamago: yes we did
00:14:15 : Group: Tamago: its fixed
00:15:16 : Group: Tamago: yeah i willt ake its engine to repair heli
00:15:41 : Group: Tamago: i took everything worth taking from mission
00:15:54 : Group: Tamago: sry =p
00:16:18 : Group: Tamago: damn VW golfs xD
00:16:25 : Group: Tamago: yup
00:16:30 : Group: Tamago: on the right
00:16:39 : Group: Tamago: yeah its off
00:17:35 : Group: Tamago: cant salvage engine ...
00:18:44 : Group: Tamago: thee is a militrary base here wtf
00:18:59 : Group: Tamago: maybe i can luck out and find an engine
00:19:07 : Group: Tamago: idk
00:19:32 : Group: Tamago: k
00:20:29 : Group: Tamago: no i found a military base =o
00:22:09 : Group: Tamago: barracks
00:25:03 : Group: Tamago: not really
00:25:34 : Group: Tamago: yeahs
00:25:48 : Group: Tamago: well idk if its 1 bc but its expencive
00:26:32 : Group: Tamago: we need to get back to our base
00:27:31 : Group: Tamago:  i will go foward cause i need to get back for this heli
00:28:37 : Group: Tamago: yup
00:28:49 : Group: Tamago: base for the engine
00:29:02 : Group: Tamago: nope
00:29:06 : Group: Tamago: cause car is custom
00:29:49 : Group: Tamago: was fun lol
00:31:12 : Group: Tamago: 21404
00:31:42 : Group: Tamago: ok
00:32:03 : Group: Tamago: k
00:32:09 : Group: Tamago: yes
