00:07:53 : Side: Ovidiu: luca
00:08:04 : Side: Luca: yes?
00:08:19 : Side: Ovidiu: where are you from?
00:08:24 : Side: Luca: italy
00:08:41 : Side: Luca: and you?
00:08:48 : Side: Ovidiu: rpmania
00:08:53 : Side: Ovidiu: romania
00:09:00 : Side: Luca: ok
00:10:39 : Side: Ovidiu: turm
00:10:43 : Side: Turmoil: yes?
00:11:03 : Side: Ovidiu: can you join me to your grop?
00:11:33 : Side: Turmoil: im a bit busy with something right now, but when im done ok :)
00:28:53 : Side: Ovidiu: guys do you mission?
00:29:15 : Side: [NG2] Jesse: not on the moment.. Tur and me
00:29:17 : Side: Turmoil: not at the moment
00:29:40 : Side: Ovidiu: alright
00:30:18 : Side: [NG2] Jesse: so you are free to engage ;)
00:31:24 : Side: Ovidiu: nee
01:03:52 : Side: [NG2] Jesse: ^^
01:04:33 : Side: Turmoil: i assume your not going for the hero role xD
01:12:42 : Side: Ovidiu: turm
04:46:46 : Side: Chytry_Dimitri: haha nice spawn 200m next to ai mission 
04:47:00 : Side: Freedom: nice
04:47:01 : Side: Chytry_Dimitri: they all around me
04:47:06 : Side: Chytry_Dimitri: can u help me?
04:47:16 : Side: Chytry_Dimitri: heroes mission 
04:47:22 : Side: Chytry_Dimitri: next to airport
04:47:25 : Side: Freedom: im a hero
04:47:50 : Side: Chytry_Dimitri: ah ok 
04:47:59 : Side: Chytry_Dimitri: 20m near me haha
04:48:03 : Side: Chytry_Dimitri: and they dont see me
04:48:07 : Side: Freedom: and about 20000 m away
04:48:09 : Side: Freedom: lol
04:48:48 : Side: Chytry_Dimitri: but u can came and just shoot in to air
04:48:56 : Side: Chytry_Dimitri: and they will run put 
04:49:09 : Side: Chytry_Dimitri: u're in heli?
04:49:18 : Side: Freedom: no
04:49:20 : Side: Chytry_Dimitri: or that's ai help
04:49:23 : Side: Chytry_Dimitri: looooool
04:49:27 : Side: Chytry_Dimitri: halo jumpers 
04:49:38 : Side: Freedom: lol figures good luck
04:49:40 : Side: Chytry_Dimitri: omfg i need run somehow
04:50:02 : Side: Freedom: roll baby roll
04:50:21 : Side: Chytry_Dimitri: 9 of them
04:50:34 : Side: Chytry_Dimitri: + 9 jumpers
04:50:37 : Side: Freedom: just roll out of zone
04:51:04 : Side: Freedom: they are a bit dumb when you are prone
04:51:13 : Side: Chytry_Dimitri: Check my screens Chytry_Dimitri with yin&yang sings profile
04:52:21 : Side: Freedom: might have more coming hear more choppers
04:52:22 : Side: Chytry_Dimitri: haha 1 of them die 
04:52:36 : Side: Chytry_Dimitri: by landing
04:52:59 : Side: Freedom: no coming from south heading north
04:54:13 : Side: Chytry_Dimitri: i'm going take some gun form dead corpses haha
04:56:13 : Side: Chytry_Dimitri: wanna meet up?
04:56:34 : Side: Freedom: after restart i will
04:56:43 : Side: Chytry_Dimitri: ok
04:56:59 : Side: Freedom: want to do missions?
04:57:04 : Side: Chytry_Dimitri: how many players play here 
04:57:06 : Side: Chytry_Dimitri: ye
04:57:20 : Side: Freedom: uk server so dead right now 
04:57:27 : Side: Freedom: im in usa 
04:57:40 : Side: Chytry_Dimitri: i'm from poland
04:57:51 : Side: Freedom: ahh its 11pm here
04:58:01 : Side: Chytry_Dimitri: 6am here
04:58:34 : Side: Freedom: right on ya about 8 more hours people start showing up lol
04:58:44 : Side: Chytry_Dimitri: yup
05:04:00 : Side: Chytry_Dimitri: with key was to fly up? Q?
05:04:09 : Side: Freedom: yes
05:04:10 : Side: Chytry_Dimitri: autogyro
05:04:16 : Side: Chytry_Dimitri: dont want to fly
05:10:29 : Side: Chytry_Dimitri: lool new cross bow
05:10:37 : Side: Chytry_Dimitri: i just download 106 epoch
05:10:53 : Side: Freedom: yeah its pretty sweet
05:13:27 : Side: Freedom: do you have guns?
05:13:42 : Side: Chytry_Dimitri: nope
05:13:54 : Side: Freedom: lol what do you want
05:13:54 : Side: Chytry_Dimitri: but i'm going airfield to loot someting now
05:14:00 : Side: Freedom: ohh ok
05:25:57 : Side: Chytry_Dimitri: NOO
05:26:13 : Side: Freedom: what
05:26:52 : Side: Chytry_Dimitri: THAT
05:26:56 : Side: Freedom: lol
05:27:36 : Side: Chytry_Dimitri: u just killed me
05:27:46 : Side: Freedom: not me ai
05:28:02 : Side: Chytry_Dimitri: on airport?
05:28:16 : Side: Freedom: nwaf?
05:28:20 : Side: Chytry_Dimitri: ye
05:28:32 : Side: Freedom: there is ai there at far end
05:28:40 : Side: Chytry_Dimitri: lool
05:28:57 : Side: Freedom: yup i had a battle with them other night
05:29:57 : Side: Freedom: heading your way
05:33:30 : Side: Freedom: lol im 8865m out
06:51:35 : Side: -SDS- Gowther: What killed me?
06:52:01 : Side: Freedom: ai
06:52:27 : Side: -SDS- Gowther: dafaq the ai must be about 1000m away from his mission...
06:52:36 : Side: Freedom: lol
06:52:58 : Side: -SDS- Gowther: i way 500m away from mission and shells come from behind me...aw
07:00:23 : Side: -SDS- Gowther: Done... XDw
07:07:06 : Side: 2DIE4:  whos at my base? =) 
07:07:29 : Side: Freedom: not me bud
07:07:37 : Side: -SDS- Gowther: Me
07:08:14 : Side: 2DIE4:  ok  u shall live =)
07:08:28 : Side: -SDS- Gowther: Thats why i inv u group XD
07:08:40 : Side: 2DIE4:  i see u  XD
07:08:42 : Side: -SDS- Gowther: That u can se im just here for the mission
07:08:56 : Side: 2DIE4:  its lll good
07:10:30 : Side: 2DIE4:  hey grow .... did yall throw that truck on my base yesterday? =) 
07:10:48 : Side: -SDS- Gowther: Nochmal auf deutsch bitte? XD
07:11:04 : Side: 2DIE4:  habt ihr den truck auf meine base geworfen gestern? =) 
07:11:12 : Side: -SDS- Gowther: geworfen?
07:11:16 : Side: -SDS- Gowther: ne?!
07:11:25 : Side: 2DIE4: ok
07:11:40 : Side: -SDS- Gowther: davor stand noch ein truck von der mission die ich gemacht habe
07:11:49 : Side: -SDS- Gowther: genau hier unten wo ich auch gerade bin
07:15:19 : Side: -SDS- Gowther: Hast du meine leiche gelooted?
07:15:32 : Side: 2DIE4:  ich bring dir den schlüssel 
07:15:40 : Side: -SDS- Gowther: danach wollt ich fragen XD
07:16:27 : Side: -SDS- Gowther: danke dir
07:16:32 : Side: 2DIE4:  yop
07:23:46 : Side: -SDS- Gowther: kann man mit dem hackerwerkzeug nur fahrzeuge knacken?
07:23:56 : Side: 2DIE4: ka
07:29:14 : Side: Chytry_Dimitri: with this plane?
07:29:29 : Side: Chytry_Dimitri: haha
07:29:36 : Side: Chytry_Dimitri: he blow up in city
07:30:13 : Side: Chytry_Dimitri: how now
07:34:29 : Side: -SDS- Gowther: DShKM ist doch das fahrzeug?
07:34:47 : Side: 2DIE4:  eigentlich ist es die waffe darauf =)
07:38:45 : Side: Chytry_Dimitri: i need wheel again xd
07:43:02 : Side: Chytry_Dimitri: ye i see
07:43:39 : Side: Chytry_Dimitri: XD
09:26:53 : Side: -SDS-Ban: hello at all
09:37:58 : Side: -SDS-Ban: oh shit you was an hero
09:38:08 : Side: -SDS-Ban: sad that i cant see thee names
09:38:15 : Side: Turmoil: hey sds 
09:38:19 : Side: Turmoil: ^^
09:38:29 : Side: Ovidiu: thank you :)
09:38:55 : Side: -SDS-Ban: thank you for what?
09:39:19 : Side: -SDS-Ban: now i am bandit again :-(
09:40:23 : Side: Turmoil: sounds like a long way to go if you wanna use superhero trader xD
09:40:40 : Side: -SDS-Ban: yeah but must say its hard to became an hero
09:40:48 : Side: Ovidiu: very hard
09:41:04 : Side: Turmoil: not at all, im 35425 now
09:41:14 : Side: -SDS-Ban: but its beter to became hero on this server
09:41:21 : Side: -SDS- Gowther: im 16090
09:41:30 : Side: -SDS- Gowther: 16090*
09:41:45 : Side: Turmoil: minus? 
09:41:46 : Side: -SDS- Gowther: negative 16090
09:41:51 : Side: -SDS- Gowther: Yes XD
09:42:31 : Side: Turmoil: the closest i've been to bandit is 1700 something i think, in the beginning when me and my friends were just screwing around 
09:48:10 : Side: Turmoil: hey 2DIE :)
09:48:15 : Side: 2DIE4:  hey
09:48:23 : Side: -SDS-Ban: hi
09:48:27 : Side: 2DIE4: question.. cuz im not sure about this server
09:48:33 : Side: -SDS-Ban: ok
09:48:44 : Side: 2DIE4:   if u dont use a vehicle over a  certain pariod of time  ....
09:48:50 : Side: 2DIE4:  does it dissapear? 
09:49:19 : Side: Turmoil: i have no clue, my SUV havent been used in a while and its still stationary... 
09:49:31 : Side: -SDS-Ban: dont know
09:49:42 : Side: Turmoil: but i know some vehicles that have been stationary for two weeks will disapear i think
09:49:59 : Side: 2DIE4:  maybe it blew up when the cunt dropped the truck on my heli  at base  =)
09:50:36 : Side: Turmoil: edit: you need to unlock the vehicles every 7 days at least
09:50:48 : Side: 2DIE4:  wll then it makes sense  ... .so 
09:50:49 : Side: Turmoil: same as with safes
09:51:09 : Side: 2DIE4:    then it  just  puff vanished  =)
09:51:17 : Side: 2DIE4:   just ten BCs  thats peanuts
09:53:52 : Side: 2DIE4:  gotta reduce my safes   in base  XD
09:53:57 : Side: Turmoil: to many? xD
09:54:00 : Side: 2DIE4:  15 is just too many   XD
09:54:27 : Side: 2DIE4:  they all reached capcity  pretty much  XD
09:54:56 : Side: Turmoil: think i have 7 or 8... only 3 crates with crappy stuff in em
09:55:05 : Side: Turmoil: put all in safes becouse of the glitchers :P
09:55:09 : Side: 2DIE4: and not included safes i pinched outside  on the map
09:57:01 : Side: 2DIE4:  nope
10:05:08 : Side: 2DIE4:  oh hi sierra
10:05:13 : Side: 2DIE4:   question ... 
10:05:23 : Side: Sierra [SD]: Hiya - what's up :)
10:05:32 : Side: 2DIE4:  do vehicles dissapear if u dont use them 4 longer  (locked)
10:05:45 : Side: Sierra [SD]: yes
10:05:48 : Side: 2DIE4:   ahhh ok ..
10:05:52 : Side: 2DIE4:  thx  =) 
10:06:16 : Side: Sierra [SD]: np :D
10:17:13 : Side: 2DIE4:   oh reached 200K+ negative  XD
10:17:30 : Side: Sierra [SD]: xD that is because you are very naughty! :P
10:17:40 : Side: Turmoil: noughty noughty xD
10:17:44 : Side: 2DIE4:  sometimes ilet ppl live or slip =) 
10:17:53 : Side: Sierra [SD]: ;)
10:17:58 : Side: 2DIE4:   z so it could have been much more already  XD
10:18:22 : Side: Sierra [SD]: yes yes we know!! xD
10:18:22 : Side: Turmoil: you have been nice to me :D
10:18:33 : Side: 2DIE4:  XD
10:35:10 : Side: 2DIE4:  sierra
10:35:25 : Side: 2DIE4:  weerent there restrictions about bases 
10:35:34 : Side: 2DIE4:  like the distance to miltary units?
10:35:46 : Side: Sierra [SD]: if you can place a plot pole you can build there
10:35:49 : Side: Turmoil: 500m
10:35:57 : Side: 2DIE4:  was it 500? 
10:36:04 : Side: 2DIE4:   oh i thought it was further
10:36:27 : Side: Sierra [SD]: yup 500m and you don't even need to think about it because its auto in the script ;) :D
10:37:00 : Side: 2DIE4:  aight
10:38:07 : Side: 2DIE4:  hey guy arounf NWA
10:39:44 : Side: Turmoil: its not me :D
10:39:51 : Side: 2DIE4:  i know  =)
10:50:43 : Side: 2DIE4:  ill take one  XD
10:51:14 : Side: 2DIE4:  only super hero?
10:51:32 : Side: 2DIE4:  now u need  ride?  XD
10:52:01 : Side: 2DIE4:  thermal?
11:01:47 : Side: SoomqaBlyet: lol
11:02:00 : Side: SoomqaBlyet: what is "super hero base"?
11:02:25 : Side: SoomqaBlyet: ontop of the map
11:02:34 : Side: 2DIE4:  read forum pls
11:02:56 : Side: SoomqaBlyet: server have forum? o.o
11:03:12 : Side: Turmoil: the server has a website and a teamspeak channel
11:03:13 : Side: 2DIE4:  yap
11:03:22 : Side: SoomqaBlyet: wow
11:03:28 : Side: SoomqaBlyet: cool :D
11:03:29 : Side: Turmoil: www.survivalist-dayz.com
11:03:40 : Side: SoomqaBlyet: thank you very much 
11:03:43 : Side: SoomqaBlyet: ;)
11:03:53 : Side: Turmoil: press esc and you will see TS channel on bottom under the abort button
11:04:13 : Side: SoomqaBlyet: oh, there is site too
11:59:23 : Side: SoomqaBlyet: dude
11:59:31 : Side: SoomqaBlyet: I can help you with mission)
12:03:37 : Side: Sierra [SD]: I'm good, but thanks :)
12:08:05 : Side: Sierra [SD]: suicide
12:08:13 : Side: SoomqaBlyet: )w
12:16:12 : Side: SoomqaBlyet: I am here
12:16:25 : Side: SoomqaBlyet: wow
12:16:28 : Side: SoomqaBlyet: wtf o.o
12:16:36 : Side: SoomqaBlyet: bots deploying?!?!?!?
12:16:58 : Side: Sierra [SD]: If you mean from heli, yes they do.
16:13:46 : Side: Ovidiu: mk
16:13:50 : Side: M.K.: ?
16:13:57 : Side: Ovidiu: group?
16:14:09 : Side: M.K.: dont have radio
16:14:15 : Side: M.K.: i was killed
16:14:17 : Side: Ovidiu: don;t need
16:14:22 : Side: M.K.: YES i DO
16:14:40 : Side: M.K.: i cannot USE F5 i told you 5 times already..
16:15:00 : Side: Ovidiu: esti la misiune?
16:16:38 : Side: M.K.: no
16:16:51 : Side: M.K.: dont kill them
16:17:36 : Side: M.K.: lets just go
16:17:44 : Side: M.K.: woops 
16:17:45 : Side: M.K.: wrong chat
16:23:40 : Side: M.K.: im in ghillie ovidiu
16:23:46 : Side: M.K.: but there is someone else here
16:24:04 : Side: Ovidiu: yea i see 
16:24:14 : Side: M.K.: where u at?
16:24:33 : Side: Ovidiu: coming
16:25:45 : Side: Chytry_Dimitri: Wazup Freedom
16:25:57 : Side: Chytry_Dimitri: u wont belive what ai do to me
16:25:59 : Side: Freedom: hey buddy
16:26:17 : Side: Chytry_Dimitri: they ballout from plane and then that plane crush on me
16:26:24 : Side: Freedom: lol
16:26:26 : Side: Chytry_Dimitri: xd
16:26:37 : Side: Chytry_Dimitri: i was near ai mission 
16:27:08 : Side: Chytry_Dimitri: now i'm looking for my suv meaby it's still there
16:27:40 : Side: 2DIE4:  the pink one?
16:29:22 : Side: Chytry_Dimitri: i need 5k respoect to talk with hero trader ye?
16:29:48 : Side: Freedom: yup
16:30:00 : Side: Freedom: also a super hero trader as well
16:30:11 : Side: M.K.: who was that
16:30:14 : Side: VPr3stigious: anyone want to go fishing with me on a boat?
16:30:16 : Side: M.K.: ovidou?
16:30:21 : Side: M.K.: is that you?
16:30:26 : Side: Ovidiu: yea
16:30:27 : Side: Freedom: hell yeah
16:30:29 : Side: Ovidiu: yes
16:30:34 : Side: M.K.: talk
16:30:36 : Side: M.K.: so i know
16:30:42 : Side: Freedom: ill go fishing
16:30:51 : Side: Chytry_Dimitri: if someone is on bandit mansion dont shoot
16:30:51 : Side: VPr3stigious: cool freedom
16:30:58 : Side: Freedom: give me a sec
16:31:10 : Side: VPr3stigious: sure
16:31:10 : Side: Freedom: have to grab my poll
16:31:26 : Side: VPr3stigious: i dont have a boat - not sure how much they cost
16:31:29 : Side: VPr3stigious: any idea?
16:31:36 : Side: VPr3stigious: ill bring some cash to buy it
16:31:54 : Side: Freedom: lol ok they are not much cant remember
16:31:58 : Side: 2DIE4: ii think about 6 10 ounze
16:32:07 : Side: VPr3stigious: yeah okay that's fine
16:34:09 : Side: VPr3stigious: meet me at cherno boat trader
16:34:24 : Side: Freedom: cool
16:37:56 : Side: VPr3stigious: eta?
16:39:23 : Side: VPr3stigious: Freedom?
16:39:37 : Side: Freedom: trying to find poll
16:39:50 : Side: Freedom: got it
16:40:19 : Side: Ovidiu: mk steel there?
16:40:45 : Side: M.K.: nope i need antibiotics fast
16:41:25 : Side: VPr3stigious: hey gonna go afk for 5 mins
16:41:32 : Side: Freedom: would bring you some but going fishin :)
16:41:40 : Side: VPr3stigious: once you get here, hop in an drive us out a bit
16:41:47 : Side: Freedom: ok im heading that wau
16:41:49 : Side: M.K.: who was with me in the mayor's house  and saying friendly?
16:42:03 : Side: Freedom: roger
16:44:38 : Side: VPr3stigious: where u at?
16:45:05 : Side: Freedom: 2500m out im driving
16:45:13 : Side: VPr3stigious: kk
16:49:49 : Side: 2DIE4: anybody in Vybor?  in that new base  XD
16:58:23 : Side: M.K.: wtf is superhero?
16:58:29 : Side: M.K.: how many humanity do you need?
16:58:40 : Side: 2DIE4:  30k +
16:58:50 : Side: M.K.: and what can you purchase from there?
16:59:41 : Side: 2DIE4:  different vehics and discounts on t weapons and ammo i think
16:59:47 : Side: 2DIE4:   read forum =)
16:59:50 : Side: M.K.: kk
17:14:06 : Side: VPr3stigious: see ya man
17:14:09 : Side: VPr3stigious: yeah you too
17:14:13 : Side: VPr3stigious: maybe some other time
17:14:16 : Side: Freedom: later
17:15:57 : Side: Chytry_Dimitri: why u shoot to me?
17:20:45 : Side: Chytry_Dimitri: hmm i think it's clear now
17:21:12 : Side: Chytry_Dimitri: dude in barn u're here
17:26:44 : Side: Luca: hey someone know how to use pumpkin seeds?
17:28:25 : Side: M.K.: dimitri
17:28:30 : Side: M.K.: who's your mate?
17:28:40 : Side: M.K.: is he still here
17:28:41 : Side: M.K.: ?
17:28:57 : Side: M.K.: freedom, is that you?
17:29:02 : Side: Freedom: NO SIR
17:29:06 : Side: M.K.: k
17:29:15 : Side: M.K.: so dimitri, is your friend still here?
17:29:27 : Side: M.K.: he has a bandit right outside his barn
17:29:31 : Side: M.K.: can i get him?
17:29:41 : Side: M.K.: are you guys friendly / heroes or?
17:30:02 : Side: M.K.: i came to get humanity then i heard you two shootin and just stood and watch
17:30:12 : Side: M.K.: why are you not talking? i guess ur bandits?
17:30:16 : Side: Freedom: im friendly hero but im not there
17:30:22 : Side: Freedom: shoot them lol
17:30:31 : Side: M.K.: lol..k?
17:30:50 : Side: M.K.: so who's dimitri's friend?
17:31:05 : Side: Freedom: hes new man met him last night]
17:31:12 : Side: Freedom: so i have no idea
17:31:17 : Side: M.K.: so he;s doing the mission solo?
17:31:24 : Side: Freedom: i would say yes
17:31:25 : Side: M.K.: i heard someone else in the barn after he was shot
17:31:52 : Side: M.K.: dimitri why are u so shady?
17:32:10 : Side: M.K.: i tried to help you out but i dont like ur attitude
17:32:18 : Side: Freedom: lol
17:33:01 : Side: M.K.: you in the barn
17:33:03 : Side: M.K.: i see you
17:33:04 : Side: M.K.: :)
17:34:02 : Side: M.K.: dimitri still not talkin
17:34:03 : Side: M.K.: ok.
18:01:49 : Side: amber: hi
18:03:43 : Side: Laurence Gommersil: hey arne
18:03:48 : Side: Arne: hello
18:04:00 : Side: Laurence Gommersil: you gunna cunt me again?
18:04:03 : Side: Laurence Gommersil: xD
18:04:13 : Side: Arne: no
18:04:33 : Side: Arne: not like that
18:04:39 : Side: Laurence Gommersil: yay
18:04:41 : Side: Laurence Gommersil: xD
18:04:52 : Side: Arne: i did log off tho
18:05:05 : Side: Arne: because i fell bad
18:05:38 : Side: Arne: however i was goign there to do the mission
18:05:59 : Side: Laurence Gommersil: u shot me out of my tower
18:06:25 : Side: Arne: yeah
18:29:42 : Side: Luca: ouch
18:30:51 : Side: Luca: please let me take my things
18:33:49 : Side: Mario: luca, i give u back the weapon, where are u
18:34:01 : Side: Luca: im travelling here
18:34:15 : Side: Luca: 800m
18:34:32 : Side: Mario: ok
18:34:46 : Side: Luca: tx
18:36:02 : Side: Luca: i'm here!
18:36:18 : Side: Mario: can u come on trader? klen
18:36:36 : Side: Luca: yes i take my things to the body than i com
18:36:44 : Side: Mario: ok
18:36:56 : Side: Luca: you are all right?
18:37:25 : Side: Mario: yeah almost died
18:37:30 : Side: Luca: o no
18:37:33 : Side: Luca: sorry
18:38:29 : Side: Luca: i'm coming to trader
18:38:45 : Side: Mario: ok, i have your gun, gps, and etool
18:38:55 : Side: Luca: tx a lot
18:39:43 : Side: Luca: are you?
18:40:31 : Side: Luca: tx mario
18:40:38 : Side: Mario: np, u need a lift?
18:41:26 : Side: Luca: no tx im going behind there
18:41:38 : Side: Mario: ok 
18:41:45 : Side: Luca: see ya
18:41:49 : Side: Mario: bye
18:41:52 : Side: Luca: bye
19:04:17 : Side: Luca: Mario, were are you from?
19:04:30 : Side: Mario: romania
19:04:52 : Side: Luca: i've thinked you are italian :)
19:05:10 : Side: Mario: nope :P
19:05:18 : Side: Luca: :D
19:20:11 : Side: Hailstorm: hello guys
19:34:32 : Side: Hailstorm: mario, invite
19:37:34 : Side: Chytry_Dimitri: hey Freedom u need nv googles ? or there's only day at server
19:38:05 : Side: Freedom: unless voted on but no i have some thanks
19:38:15 : Side: Chytry_Dimitri: ok
19:54:16 : Side: Chytry_Dimitri: 27 fps -.- i have full 60 in arma 3 on 1900x1020 resolution
19:59:08 : Side: Hailstorm: can you destroy metall sheds?
19:59:25 : Side: Turmoil: bases build from metal floors?
19:59:41 : Side: Hailstorm: no, only the storage shed
19:59:56 : Side: Hailstorm: that with 400 places
20:00:13 : Side: Turmoil: i think you can destroy mostly anything thats player placed.... except safes and lockboxes
20:00:37 : Side: Hailstorm: k, thx
20:04:22 : Side: Turmoil: wtf
20:09:52 : Side: Turmoil: whos the little douchebag thats raping bases in heli ? :)
20:10:06 : Side: Winans: where?
20:10:10 : Side: Turmoil: at the dam, lol
20:10:16 : Side: Arne: 2die4 i think
20:10:19 : Side: Arne: ah ok
20:10:26 : Side: Turmoil: hes not on
20:10:47 : Side: Winans: need help`?
20:10:49 : Side: Hailstorm: maybe other name, this server isnt at gametracker
20:10:57 : Side: Hailstorm: i cant check this
20:11:02 : Side: Hailstorm: sry
20:11:26 : Side: Turmoil: bullshit its you
20:11:37 : Side: Winans: hailstorm?
20:11:42 : Side: Hailstorm: me?
20:12:31 : Side: Hailstorm: but i like you turmoil, we have a great talk at aircraft dealer
20:43:24 : Side: Luca: fuck you
20:43:54 : Side: -SDS-Ban: i love you
20:51:58 : Side: -SDS-Ban: luca i take only the briefcase of your dead body
20:52:11 : Side: Luca: ok tx...
20:52:26 : Side: Luca: i've got nothing
20:53:49 : Side: -SDS-Ban: no joke i take all
20:54:33 : Side: Hailstorm: yes
20:56:04 : Side: nutzer: what does the superhero trader do?
20:56:15 : Side: Winans: selling capes
20:56:18 : Side: M.K.: gives u superpowers
20:56:30 : Side: nutzer: any serious answers?
20:56:40 : Side: Turmoil: sell good stuff
20:56:46 : Side: Peasant: what does the hero trader do.... take a guess at super hero
20:56:46 : Side: Freedom: few diff items
20:56:46 : Side: Winans: hes selling serious capes
20:57:04 : Side: nutzer: what kinda stuff turmoil? 
20:57:15 : Side: Winans: capes
20:57:25 : Side: nutzer: ill never reach that much humanity so im curious xD
20:57:28 : Side: Turmoil: tanks, rockets, awesomeness
20:57:40 : Side: nutzer: Wow, thats sick 
20:57:46 : Side: nutzer: thx
20:57:47 : Side: Hailstorm: ????
20:57:52 : Side: -SDS-Ban: i would first become hero
20:57:54 : Side: Hailstorm: tanks?
20:58:03 : Side: Freedom: lol
20:58:04 : Side: Hailstorm: LWB is that right
20:58:06 : Side: -SDS-Ban: but its to hard so i make now bandit its funnyer
20:58:09 : Side: Turmoil: yes hailstorm, why dont you come back to my base and i will show you? :)
20:58:41 : Side: nutzer: Lets hope that the tanks wont be stolen by bandits :D 
20:58:45 : Side: Hailstorm: which one is your base
20:59:04 : Side: Turmoil: altar
20:59:07 : Side: Hailstorm: devilscastle or ine of the pobedadam bases
20:59:25 : Side: Hailstorm: no, thats 2die4s base
20:59:34 : Side: Turmoil: dam base... im also admin now so i saw your names when you were up there with the heli stupid ;)
20:59:45 : Side: Winans: aint that admin abuse
20:59:49 : Side: Winans: to call some1 out
20:59:55 : Side: Winans: with an advantage
21:00:00 : Side: Turmoil: if i had killed you yes... but i didnt :) 
21:00:07 : Side: Winans: you couldnt
21:00:10 : Side: Winans: thats why
21:00:20 : Side: Turmoil: so it was you :) busted
21:00:30 : Side: Winans: who cares lol
21:00:44 : Side: Turmoil: well you didnt want to tell the truth earlier did u? d
21:00:50 : Side: Turmoil: tried blaming someone else ^^
21:00:51 : Side: Winans: u never ask
21:01:00 : Side: Turmoil: i did and you said 2DIE4 ;)
21:01:07 : Side: Winans: i didnt
21:01:19 : Side: Turmoil: either you or hailstorm said it
21:01:31 : Side: Turmoil: i dont really care :) 
21:09:29 : Side: Freedom: FRIENDLY
21:17:48 : Side: Freedom: whos in black suv thats kos
21:25:35 : Side: Ovidiu: marius
21:25:56 : Side: Sebastian: internet timeout
21:26:23 : Side: Ovidiu: you are from romania?
21:26:43 : Side: Sebastian: he is from germany
21:26:52 : Side: Ovidiu: and you?
21:26:56 : Side: Sebastian: me too
21:26:59 : Side: Hailstorm: na dann
21:27:10 : Side: Ovidiu: alright
21:35:33 : Side: Hailstorm: hi suv
21:35:59 : Side: NEGAN: hi
21:36:13 : Side: Hailstorm: i know that you are in the armored suv
21:36:30 : Side: Hailstorm: you are everytime in an armored suv
21:44:56 : Side: Chytry_Dimitri: one bandid is on road coming to u
21:45:18 : Side: Chytry_Dimitri: dude on malinowka
21:45:25 : Side: Chytry_Dimitri: i'm talking to u xd
21:45:44 : Side: Chytry_Dimitri: 1 bandid in white clothes coming to u
21:48:32 : Side: Chytry_Dimitri: ;/
21:50:09 : Side: Chytry_Dimitri: hey hero stop
21:50:17 : Side: Chytry_Dimitri: theres somere white bandit near u
21:50:26 : Side: Chytry_Dimitri: he pass road to u
21:53:45 : Side: Hailstorm: on the way
21:53:50 : Side: Hailstorm: woops
21:53:56 : Side: Hailstorm: wrong chat ^^
21:54:20 : Side: Chytry_Dimitri: u need help ?
21:54:34 : Side: Hailstorm: me?
21:54:37 : Side: Chytry_Dimitri: i see u i n citi
21:54:40 : Side: Chytry_Dimitri: nope
21:54:42 : Side: Hailstorm: ok
21:54:47 : Side: Chytry_Dimitri: here near malinowka
21:55:06 : Side: Chytry_Dimitri: whos in polana
21:55:28 : Side: Chytry_Dimitri: i will mark u on pam where's last bandit
21:56:46 : Side: 2DIE4:  hey Hailstorm... how was your flight today?
21:56:58 : Side: 2DIE4:  wrecking some stuff? =) 
21:57:05 : Side: Hailstorm: :/
21:57:29 : Side: Hailstorm: u disabled my chopper?
21:57:33 : Side: Hailstorm: !
21:57:46 : Side: 2DIE4:  i was barely online today and havent been in my chopper  all day
21:57:54 : Side: 2DIE4:  just me and my bike
21:58:20 : Side: Hailstorm: k
21:58:48 : Side: Hailstorm: u were the guy who was in novy and camped the guy in the russian mafia base?
21:59:06 : Side: 2DIE4:  well u should have packed ya mozzi
21:59:13 : Side: Hailstorm: yeah
21:59:18 : Side: 2DIE4:  wouldnt have been suspicous  then 
21:59:42 : Side: 2DIE4:  i flew over  and didnt camp it
21:59:48 : Side: Hailstorm: i want to go inthis moment you came with your mozzie
21:59:55 : Side: 2DIE4:   i mean not longer than 5 minutes
22:01:53 : Side: 2DIE4:  but if u  and Winans spread i would blow shiz up when im not online instead of manning up and have the balls to admit that its u guys   thats  a sad 
22:02:26 : Side: 2DIE4:  if u want some fair fun we can always meet up in the air and fight shit out  =)
22:03:16 : Side: Hailstorm: i didnt blow up anithing
22:05:14 : Side: 2DIE4:  David all ya stuff id still there
22:07:23 : Side: 2DIE4:  david
22:08:01 : Side: David: yes
22:08:09 : Side: 2DIE4:  all ya stuff still there
22:08:17 : Side: David: ok thnx
22:10:40 : Side: David: did i intrude on a mission ???
22:10:47 : Side: 2DIE4: nope 
22:10:52 : Side: David: rgr
22:10:54 : Side: 2DIE4: wrong time wrong place
22:10:59 : Side: David: got ya 
22:11:15 : Side: David: thnx again]
22:11:27 : Side: 2DIE4:  thcx  4  being a good customer  =9
22:29:48 : Side: Freedom: safe zone dummy
22:32:12 : Side: 2DIE4:  hey u not shooting tooo good  at bandit patrol XD
22:48:47 : Side: Freedom: bahah
22:57:45 : Side: Freedom: well i officialy have a kill list lol
22:58:00 : Side: 2DIE4:  whos on it? = =)
22:58:12 : Side: Freedom: none in here now
22:58:30 : Side: Freedom: asus guy and nagan
22:58:35 : Side: 2DIE4:  ahh ok
22:59:06 : Side: 2DIE4:  y is that?
22:59:42 : Side: Freedom: nagan ran me down in his armord suv let me up stole my brief case then destoryed my truck
23:00:02 : Side: Freedom: asus took crap from me at trades and tried to steal my ride
23:00:47 : Side: Turmoil: lock your vehicles when your at the trader
23:00:53 : Side: 2DIE4:  i knopw = )
23:01:10 : Side: Freedom: was not a lockable one 
23:01:20 : Side: Turmoil: then you should buy one :P
23:02:03 : Side: 2DIE4:  so winans and hail were fuckign shit up blaming me 4 it?  =) 
23:02:04 : Side: Freedom: i do but i drive the finders first
23:02:39 : Side: Turmoil: yeah, they were... they attacked my base and i just had a hunch it was them... so i confronted them and they said it was you who was doing it
23:02:56 : Side: 2DIE4:  lol 
23:03:04 : Side: Freedom: yeah heard them say that as well
23:03:05 : Side: 2DIE4:  retarded
23:03:06 : Side: Turmoil: i told em i was admin and that i could see their names when they flew over my base xD then they started crying like babies and calling admin abuse
23:03:16 : Side: Turmoil: im no admin i said, but i managed to bust you xD
23:03:34 : Side: Turmoil: freedom do you have a lockable vehicle?
23:04:17 : Side: Freedom: had two till my heli got the twiches and fell off my base blew both up
23:04:18 : Side: 2DIE4:  anyone knows where teir crib is?
23:04:28 : Side: Freedom: just got new heli lol
23:04:29 : Side: Turmoil: i have no idea unfortunatly
23:04:39 : Side: Freedom: nope
23:04:53 : Side: 2DIE4:  because ill load up my chopper full of ammo and blow up every single vehicle on this server  
23:05:01 : Side: 2DIE4:  to make it worth it
23:05:07 : Side: Freedom: haha priceless
23:05:13 : Side: Turmoil: you know were i live so i appreciate if you dont take mine xD
23:05:22 : Side: 2DIE4:  dealw
23:05:31 : Side: Turmoil: not jesses base either plz xD
23:05:37 : Side: 2DIE4:  ok
23:05:51 : Side: Freedom: me either please why were are asking for favors
23:06:08 : Side: Turmoil: freedom, if you meet me at klen ill buy you a lockable SUV
23:06:36 : Side: 2DIE4:  well freedom i dont know where ya base is  soo it might be raped as well
23:06:38 : Side: Freedom: its ok bro i appreciate it i have gold not an issue
23:06:55 : Side: Freedom: i have extra fuel pumps if you guys need one btw
23:07:03 : Side: Turmoil: i got 5 so im good ^^
23:07:10 : Side: Freedom: lol same
23:07:26 : Side: 2DIE4:  omg  im not gonna say how many i got  XD
23:07:32 : Side: 2DIE4:  and not one baught
23:07:37 : Side: Freedom: haha
23:07:42 : Side: Turmoil: you cant buy em either can you? 
23:07:53 : Side: Freedom: yeah found mine too 
23:08:07 : Side: Freedom: have not seen them at trafer
23:08:07 : Side: 2DIE4:  i "found " most of mine  XD
23:08:08 : Side: Turmoil: got all mine random finds around the map
23:08:16 : Side: Turmoil: was about to say xD
23:09:29 : Side: 2DIE4:  they 
23:09:34 : Side: 2DIE4:  blew up 
23:09:42 : Side: 2DIE4:  my chopper   ?0 
23:09:47 : Side: 2DIE4:  gain
23:09:56 : Side: Turmoil: who?
23:10:18 : Side: 2DIE4:  guess thosetwo clowns
23:10:35 : Side: Turmoil: yeah, they were saying something about your base earlier today
23:10:35 : Side: [NG2] Jesse: ?
23:10:40 : Side: Freedom: i dont see the fun in coming in to just tear peoples crap up 
23:10:48 : Side: Turmoil: not really smart to brag about stuff like that in sidechat
23:10:51 : Side: 2DIE4:  ill tear em  a new one
23:10:52 : Side: VPr3stigious: i
23:11:13 : Side: VPr3stigious: Klen is good for neutral players right?
23:11:19 : Side: 2DIE4: yap
23:11:23 : Side: VPr3stigious: thx
23:11:26 : Side: Turmoil: netural and heroes
23:11:31 : Side: Turmoil: stary is for everyone
23:11:39 : Side: VPr3stigious: thx
23:12:00 : Side: Turmoil: not sure about bash? is that for bandit and neutral? or neutral and hero?
23:12:13 : Side: VPr3stigious: bash is everyone
23:12:16 : Side: VPr3stigious: i tried
23:12:47 : Side: Turmoil: alright ^^
23:15:07 : Side: Turmoil: anyone know about who owns the base down at Guba? on the side closest to the edge of the map
23:15:55 : Side: Freedom: nope sure dont
23:16:12 : Side: Turmoil: free plotpole for anyone who wants one
23:16:24 : Side: Turmoil: you can just vault over the fance and take it
23:16:30 : Side: Turmoil: fence
23:17:20 : Side: Turmoil: see my location 2DIE4?
23:17:35 : Side: 2DIE4: yap
23:17:53 : Side: 2DIE4:  thats the wooden base right?
23:17:54 : Side: Turmoil: open base here, wooden floors, wooden walls, no roof, merlin, safes, littlebird, mtvr etc
23:18:03 : Side: 2DIE4:   i  know   XD
23:18:12 : Side: Turmoil: you know who they are? :P
23:18:21 : Side: 2DIE4:  not sure
23:18:48 : Side: Turmoil: seems like they got some cash at least leaving all that stuff outside
23:18:51 : Side: Freedom: lol so your plot poll has to be hid?
23:19:06 : Side: Turmoil: nah
23:19:12 : Side: Turmoil: it should be safe
23:19:41 : Side: Freedom: can some one come take it? mines out side lol
23:19:51 : Side: 2DIE4:  yap
23:19:53 : Side: Turmoil: anyone can take the plotpole if its out in the open
23:19:57 : Side: 2DIE4:   or at least destroyit
23:20:15 : Side: Freedom: crap can i move it without messing base up
23:20:33 : Side: 2DIE4:  yap
23:20:35 : Side: VPr3stigious: yep
23:20:36 : Side: Turmoil: yeah, take it down, place it again and take ownership
23:20:43 : Side: Freedom: thanks guys
23:20:49 : Side: 2DIE4:  then take plot owners  items
23:20:50 : Side: Turmoil: i always take ownership just to be 100% sure
23:21:18 : Side: 2DIE4:  yap
23:31:16 : Side: 2DIE4:  free loot here!
23:34:04 : Side: 2DIE4: =)
23:36:10 : Side: 2DIE4:   the one i flew over? 
23:36:56 : Side: Freedom: if you find one with a green medic chopper thats mine lol
23:48:07 : Side: Faldehals: AHA
23:48:18 : Side: Turmoil: hey Falde ^^
23:48:28 : Side: [NG2] Jesse: ^^
