06:19:45 : Group: Ryan: hey vladmir
13:02:49 : Group: VLADIMIR>***: w worku siedzisz?:)P))))
13:03:10 : Group: Greg: no a jak ;p
13:03:19 : Group: VLADIMIR>***: hahahha, jaki gość:)
13:03:21 : Group: Greg: opierdalasz baraki widzę :D
13:03:46 : Group: VLADIMIR>***: heheheh tak, mam tu baze magazyn:) i szabruje:0
13:03:55 : Group: Greg: hahah
23:11:11 : Group: Tamago: moge
23:11:21 : Group: Tamago: masz
23:11:57 : Group: Tamago: tam
23:12:08 : Group: Tamago: nie XD. jak sie domysliles
23:12:19 : Group: Tamago: jop
23:12:34 : Group: Tamago: tak to jest jak sie ma kopa ipe w jednym pokoju
23:12:38 : Group: Tamago: kompa*
23:12:41 : Group: Tamago: i dupe*
23:13:16 : Group: Tamago: co?
23:13:23 : Group: Tamago: mozemy
23:13:47 : Group: Tamago: k
23:17:16 : Group: Tamago: k lecim
23:18:27 : Group: Tamago: bo jak ktos wejdze od gory to nic nie rozwali bo za malo miejsca
23:18:34 : Group: Tamago: wejdz ostatnie zamnkalem
23:19:28 : Group: Tamago: poloz go na 35 75
23:19:36 : Group: Tamago: bedziemy mieli 2 miejsca do tej mislji
23:20:17 : Group: Tamago: ta pipa co do nasz strzelala robi misje na NW
23:20:30 : Group: Tamago: za dlugo nie znika
23:20:41 : Group: Tamago: znasz ich?
23:21:01 : Group: Tamago: k
23:21:16 : Group: Tamago: k
23:21:39 : Group: Tamago: mozemy podejs od dishny albo od stodoly
23:21:47 : Group: Tamago: mozesz tutaj nikt nei zestrzeli
23:22:27 : Group: Tamago: 16 ai
23:22:30 : Group: Tamago: 14*
23:23:00 : Group: Tamago: zobaczmymy
23:23:18 : Group: Tamago: kij
23:23:22 : Group: Tamago: srzewa
23:23:25 : Group: Tamago: d
23:23:53 : Group: Tamago: chyba ktos w miescie jest
23:24:04 : Group: Tamago: w czacie twoj koles mowil ze na 12 jest 500 metrow ktos
23:25:50 : Group: Tamago: widze misje i lewo. nie widze nic na prawo
23:26:02 : Group: Tamago: 4 z lewej
23:26:18 : Group: Tamago: 5 wice
23:27:56 : Group: Tamago: lagi mam znowu
23:30:16 : Group: Tamago: 6
23:31:50 : Group: Tamago: l/p
23:32:15 : Group: Tamago: 2
23:32:17 : Group: Tamago: 3*
23:34:09 : Group: Tamago: nie
23:35:13 : Group: Tamago: wejde na prawo
23:36:13 : Group: Tamago: kk przelec sie nad i zobacz. 
23:36:33 : Group: Tamago: jak nie maja lmg to nei strzela
23:36:54 : Group: Tamago: lajf
23:39:01 : Group: Tamago: gracze?
23:39:06 : Group: Tamago: akurat 2
23:39:13 : Group: Tamago: nie sory 3
23:39:38 : Group: Tamago: ideo do m
23:40:56 : Group: Tamago: sishgna
23:41:12 : Group: Tamago: tak
23:41:42 : Group: Tamago: oddech
23:41:43 : Group: Tamago: widze
23:42:13 : Group: Tamago: nie
23:43:44 : Group: Tamago: k
23:44:09 : Group: Tamago: gj
23:44:19 : Group: Tamago: do lootu
23:44:31 : Group: Tamago: bo slaby
23:44:41 : Group: Tamago: locki mortar
23:44:47 : Group: Tamago: sandbagi
23:45:18 : Group: Tamago: mam pelno
23:46:04 : Group: Tamago: cchesz playwopod packi?
23:46:52 : Group: Tamago: najs
23:47:53 : Group: Tamago: komin
23:48:07 : Group: Tamago: komin xD
23:48:10 : Group: Tamago: 2 rpg xD
23:48:12 : Group: Tamago: moje
23:48:25 : Group: Tamago: braklo 5 metrow
23:48:35 : Group: Tamago: bo maja limit zasiegu
23:49:07 : Group: Tamago: kupuje dzis LB z 2 minigunami xD
23:49:17 : Group: Tamago: 6 bc
23:49:28 : Group: Tamago: ammo reloaduje sie za darmo co restart
23:49:33 : Group: Tamago: ee spoko a co>?
23:49:43 : Group: Tamago: k
23:49:52 : Group: Tamago: locked
23:49:58 : Group: Tamago: lol
23:50:14 : Group: Tamago: eee
23:50:23 : Group: Tamago: nadal zamkniety
23:50:36 : Group: Tamago: seriuo
23:50:38 : Group: Tamago: wut
23:50:45 : Group: Tamago: aa teraz jest
23:53:00 : Group: Tamago: jezdem
23:53:11 : Group: Tamago: arma
23:53:30 : Group: Tamago: no to prawda
23:53:44 : Group: Tamago: wydaje mi sie ze tekstur nie wycieli tych  HIGH REZ
23:53:58 : Group: Tamago: 25 minutes
23:55:33 : Group: Tamago: kolejny xD
23:55:59 : Group: Tamago: you will seew
23:56:19 : Group: Tamago: yes
23:56:39 : Group: Tamago: dasz rade?
23:57:00 : Group: Tamago: podczepisz to pod lb?
23:57:05 : Group: Tamago: smiejesz sie
23:57:17 : Group: Tamago: lb i 8 ton udzwigu
23:57:25 : Group: Tamago: wtf
23:57:32 : Group: Tamago: nie]
23:57:43 : Group: Tamago: wtf
23:57:55 : Group: Tamago: wow
23:58:01 : Group: Tamago: nie mam slow
23:58:55 : Group: Tamago: these desync O_O
23:59:01 : Group: Tamago: we crashed 5 times already for me
23:59:22 : Group: Tamago: and you swallow
23:59:30 : Group: Tamago: HA!
23:59:36 : Group: Tamago: you started it
23:59:37 : Group: Tamago: xD
