22:48:09 : Vehicle: Hailstorm: its beautiful here, want to live like a hero too ^^
22:48:23 : Vehicle: [NG2] Jesse: there is room left
22:48:29 : Vehicle: Freedom: yes very peacful
22:48:30 : Vehicle: [NG2] Jesse: free its your turn!
22:48:59 : Vehicle: Hailstorm: but i am bandit.... :(
22:49:22 : Vehicle: Hailstorm: one of your guys in the mv22
22:52:15 : Vehicle: Freedom: yeah
22:53:00 : Vehicle: Freedom: your turn lol
22:54:54 : Vehicle: Freedom: wish i could shoot on this thing
22:55:05 : Vehicle: Freedom: ohh yeah
23:01:33 : Vehicle: Freedom: you guys are kinda close arnt yeah
23:01:40 : Vehicle: Winans: kinda
23:02:07 : Vehicle: Winans: that was kinda lme
23:02:10 : Vehicle: Winans: lame
23:02:11 : Vehicle: Winans: :D
23:02:52 : Vehicle: Winans: :D
23:03:03 : Vehicle: Freedom: jets are better
23:03:13 : Vehicle: Winans: yeah
23:08:25 : Vehicle: Winans: wanna live the bandit life real qucik?
23:09:13 : Vehicle: Turmoil: whos down there? xD
23:09:14 : Vehicle: Winans: ^^
23:09:21 : Vehicle: Winans: luca and pibe
23:09:26 : Vehicle: Turmoil: building a base?
23:09:30 : Vehicle: Winans: kinda
