04:02:33 : Group: Christmas: /sucide
10:19:46 : Group: patriot: ю
12:24:55 : Group: Patrick: i freaking died in 2016
12:25:21 : Group: Turmoil: your not the only one, lol
12:25:40 : Group: Patrick: haha
12:25:48 : Group: Patrick: i died to some ai's
12:26:27 : Group: Turmoil: you should be careful up at nwaf btw... populare place
12:26:58 : Group: Turmoil: usually see you up there so thought id just say... many others usually go there as well
12:27:03 : Group: Patrick: ive never seen anybody there only hear them tho
12:29:16 : Group: Turmoil: i much rather prefere the south and the smaller areas, gives just as good loot 
12:30:19 : Group: Patrick: wher for example?
12:30:23 : Group: Patrick: where
12:30:27 : Group: Turmoil: yesterday i found 3 SVD's with camo, 2 PKP's, L119 Sniper rifle, Mk21SR DMR, Mk17 sniper and different assaults
12:30:36 : Group: Turmoil: after you left
12:30:41 : Group: Patrick: niced
12:30:44 : Group: Turmoil: well, the two army bases are good
12:30:45 : Group: Patrick: nice
12:31:05 : Group: Patrick: okay thx for the advise
12:31:07 : Group: Turmoil: Three Valley Camp and Krutoy 
12:31:28 : Group: Turmoil: i always find good shit there, but you should have a car so you can transport everything
12:31:41 : Group: Patrick: yeah
12:32:02 : Group: Turmoil: buy a pickup, they are decent with good capacity for its price
12:32:55 : Group: Patrick: do you maybe want to team up for a short time, so we can loot stuff and do missions, and then we can split the suff so i can get myself a base and you
12:33:07 : Group: Patrick: okay
12:33:38 : Group: Turmoil: im going south now so i can give you a ride if you'd like... but im saving up for my team so not really interested in splitting atm
12:33:49 : Group: Patrick: okay
12:34:06 : Group: Turmoil: if you want to join me thats no problem, you keep what you get
12:34:22 : Group: Patrick: okay can you pick me up maybe?
12:34:51 : Group: Turmoil: sure
12:35:02 : Group: Turmoil: just gonna put my headset on recharge and ill come
12:35:21 : Group: Patrick: hahah i have a bluetooth too hahah
12:35:52 : Group: Turmoil: logitech <2
12:35:55 : Group: Turmoil: 3
12:36:02 : Group: Patrick: yep <3
12:36:23 : Group: Turmoil: i need to restart game, lost sound when headset turned off
12:36:31 : Group: Turmoil: ill restart game and come get you
12:36:37 : Group: Patrick: okay
12:39:47 : Group: Turmoil: back
12:39:56 : Group: Patrick: no need to pick me up
12:39:59 : Group: Patrick: found a car
12:40:13 : Group: Turmoil: gonna drive down there yourself or?
12:40:25 : Group: Patrick: yeah
12:40:32 : Group: Turmoil: kk wwwwwwwwwwwwwwwwwwwwww
12:40:46 : Group: Turmoil: ummm, lag, ok was what i was trying to type
12:41:04 : Group: Patrick: hahah okay
12:42:04 : Group: Turmoil: as long as theres no people down there i can guarantee you good loot
12:42:10 : Group: Turmoil: at least good weapons
12:42:19 : Group: Patrick: okay
12:44:08 : Group: Patrick: im just going to check dichina camp first iill be driving south afterwards
12:44:19 : Group: Patrick: or not
12:44:26 : Group: Patrick: just heard shots xD
12:44:29 : Group: Turmoil: wrong channel, lol
12:45:52 : Group: Patrick: i will kill him if he is a bandit cause i love killing bandits and take there stuff
12:46:50 : Group: Turmoil: i just try to avoid everyone xD
12:46:56 : Group: Patrick: xD
12:47:04 : Group: Patrick: sounds boring but smart
12:47:43 : Group: Turmoil: when i got my arsenal built up ill go pvp... right now i cant afford to loose anything
12:48:48 : Group: Patrick: i almost got killed there
12:52:39 : Group: Turmoil: hmmm its taking so long for loot to spawn today... wonder why
12:52:50 : Group: Patrick: not for me¨
12:55:10 : Group: Turmoil: you got silenced weapons?
12:56:18 : Group: Turmoil: shhhhh
12:57:30 : Group: Turmoil: good job drawing attension, had to go full auto here xD
12:57:39 : Group: Patrick: shit sry
12:58:03 : Group: Turmoil: haha np
12:59:52 : Group: Turmoil: lol found an lee enflield
12:59:58 : Group: Turmoil: enfield*
13:00:01 : Group: Patrick: sniper
13:00:24 : Group: Turmoil: unscoped, just a rifle... not sure if you can put scopes on it
13:01:01 : Group: Patrick: i was trying to write without scope but i was busy hah
13:01:53 : Group: Turmoil: one svd with 5 mags, nice to have in chace of long distance engagements
13:02:36 : Group: Turmoil: i usually find a large gunbag at the military base you went for, those are nice
13:02:37 : Group: Patrick: found a dmr
13:02:48 : Group: Patrick: got a coyote
13:03:36 : Group: Turmoil: nice
13:03:45 : Group: Turmoil: meh, all the medic tents are empty, thats a bummer
13:03:56 : Group: Patrick: same here
13:06:51 : Group: Patrick: im going to the trader now
13:07:16 : Group: Turmoil: did you find anything good for yourself? :)
13:07:25 : Group: Patrick: yeah :)
13:07:35 : Group: Turmoil: nice, thats good... i also found some good stuff
13:07:49 : Group: Patrick: m24, 2 svd etc.
13:08:39 : Group: Turmoil: nice nice, i got a Mk17, L115, M240 M145, PKP and some ammo stuff
13:08:51 : Group: Patrick: lel nice
13:10:22 : Group: Turmoil: i assume you got silenced weapons?
13:10:44 : Group: Patrick: mk17 cco sd yeah
13:11:13 : Group: Turmoil: nice, im using an M4 SD with a M203 in case things get really bad xD
13:11:22 : Group: Patrick: xD
13:11:59 : Group: Turmoil: ill stop by the base and see if you forgot some stuff :D
13:12:16 : Group: Patrick: usually i do xD
13:13:28 : Group: Turmoil: yeah an MRE at least, thats gonna help me couse im almost out of food
13:13:54 : Group: Patrick: your welcome xD
13:14:11 : Group: Turmoil: medical supplies
13:14:29 : Group: Patrick: wtf i wasnt there when i was there
13:14:37 : Group: Patrick: it
13:15:00 : Group: Turmoil: the tent by the barracks?
13:15:35 : Group: Patrick: fuck me that is actually my tent found it earlier but take
13:15:37 : Group: Patrick: it
13:16:13 : Group: Patrick: i just found an armed car
13:16:14 : Group: Turmoil: im full up on medical supplies so i didnt take anything from it :) just mentioned it was there
13:16:28 : Group: Patrick: oklay
13:16:31 : Group: Patrick: okay
13:17:07 : Group: Turmoil: so many bizons here :(
13:17:18 : Group: Patrick: rip
13:19:11 : Group: Turmoil: only found one weapon so far worth taking... M14
13:19:29 : Group: Turmoil: and camo clothes
13:19:37 : Group: Patrick: wauw
13:22:24 : Group: Patrick: where can i sell armed cars?
13:22:35 : Group: Turmoil: hero traders... 
13:22:42 : Group: Turmoil: but you need humanity at 5 or 6000 i think
13:22:49 : Group: Patrick: fuck me¨
13:22:56 : Group: Patrick: its 5 k
13:23:04 : Group: Patrick: but im only 3,5k
13:23:28 : Group: Turmoil: guess you need to kill zombies and bandits then xD
13:23:56 : Group: Turmoil: loool i found a buss xD
13:24:10 : Group: Patrick: lelelelelele
13:25:34 : Group: Patrick: why cant i combine my bars?
13:26:02 : Group: Turmoil: you need to do it at the trader, click the trader and bottom right of the window
13:27:00 : Group: Patrick: thx
13:27:13 : Group: Turmoil: think im gonna sell this damn pickup and get an SUV insted
13:27:21 : Group: Patrick: good idea
13:34:37 : Group: Turmoil: stopped for drinks and food, got a Glock 17 and another lee enfield xD
13:38:43 : Group: Turmoil: still alive?
13:38:51 : Group: Patrick: yeah sry i was afk
13:38:59 : Group: Patrick: did yuou say anything?
13:39:05 : Group: Turmoil: nothing of importance
13:39:08 : Group: Turmoil: lol
13:39:11 : Group: Patrick: okay
13:41:21 : Group: Turmoil: wonder if some of the islands could be a good place to build a campa
13:41:44 : Group: Patrick: i was thinking to check a couple of them out 
13:42:29 : Group: Turmoil: might be a good place i suppose... but i also would like something close to a road but out of sight xD
13:42:57 : Group: Patrick: good luck then xD
13:43:05 : Group: Turmoil: yeah
13:43:06 : Group: Patrick: that is a rare place 
13:43:11 : Group: Turmoil: indeed
13:43:20 : Group: Turmoil: or i have to get a flight sticks
13:43:24 : Group: Turmoil: buy a copter
13:54:18 : Group: Turmoil: 52 gold and 40 silver, supose thats not bad for one run
13:54:28 : Group: Patrick: holy shit
13:56:20 : Group: Turmoil: hi there
13:58:22 : Group: Patrick: there is a gun for you on the floor
13:58:29 : Group: Patrick: or grass
13:58:50 : Group: Turmoil: you should sell it if possible, i dont really need it, dont like it xD lol
13:59:20 : Group: Patrick: it cant be selled xD
13:59:27 : Group: Turmoil: ah , i see
13:59:40 : Group: Turmoil: well, i dont need it, i only carry what i use and what i can sell :D
13:59:52 : Group: Patrick: same haha
14:00:14 : Group: Turmoil: 2 gold for an ATV, not bad
14:00:58 : Group: Patrick: can you drive me to the aircraft dealer you can have this car?
14:00:59 : Group: Turmoil: ATV has the same space as my pickup... go figure the logic behind that...
14:01:11 : Group: Patrick: bruh
14:01:27 : Group: Turmoil: why dont you just drive yourself in your car? o.O
14:01:38 : Group: Turmoil: cant sell that car so i dont need it either, lol
14:01:51 : Group: Patrick: dont want to waste the car so you can have it
14:02:01 : Group: Patrick: okay
14:02:13 : Group: Turmoil: i got a car and cant drive two cars... also have no space to store it, so thanks but no thanks :)
14:02:27 : Group: Patrick: you can tow cars
14:02:50 : Group: Turmoil: yeah but i dont wanna run around towing cars, even easier to get spotted by helicopters and planes :D
14:03:02 : Group: Patrick: okay
14:04:08 : Group: Turmoil: im gonna head off for a bit now... get something to eat and chill with my gf ... ill be back on later tonight
14:04:18 : Group: Patrick: okay cya
14:29:29 : Group: Patrick: hi buddy
14:29:39 : Group: st nick: hey man 
14:30:05 : Group: st nick: what did you guys get up to when i logged off
14:30:15 : Group: Patrick: we died
14:30:30 : Group: st nick: how?
14:30:40 : Group: Patrick: missions
14:30:50 : Group: Patrick: and i died cause of a player
14:31:08 : Group: st nick: ah that sucks did you get him back?
14:31:23 : Group: TheLegend27: suh dood
14:31:32 : Group: Patrick: hi bud
14:31:36 : Group: Patrick: nope 
14:33:49 : Group: Patrick: want to meet up somewhere?
14:34:04 : Group: TheLegend27: trying to kill myself atm
14:34:08 : Group: TheLegend27: too low on food
14:34:14 : Group: st nick: he not a happy bunny :(
14:34:16 : Group: Patrick: oh okay
14:36:16 : Group: TheLegend27: GOOD BYE CRUEL WORLD
14:36:22 : Group: TheLegend27: lol the death message
14:36:39 : Group: Patrick: yeah'
14:45:08 : Group: Patrick: want to do some missions together?
15:08:13 : Group: st nick: COE PAT WE NEED TO GO TO legand
15:57:32 : Group: st nick: pat shall we do the mayors mission?
16:02:31 : Group: TheLegend27: /
16:20:25 : Group: Patrick: toft.io
16:22:03 : Group: Patrick: toft.io
16:22:08 : Group: Patrick: rum 1
16:22:20 : Group: st nick: BRB
16:23:21 : Group: Patrick: CHANNEL 1
16:25:16 : Group: Patrick: toft.io
18:05:23 : Group: Stefan Daniel: killme
18:08:22 : Group: Stefan Daniel: GOOD BYE CRUEL WORLD
18:45:19 : Group: Patrick: toft.io
