00:11:03 : Group: M.K.: got any spare cinder i could use?
00:11:04 : Group: M.K.: :P
00:12:24 : Group: M.K.: BRB
00:12:29 : Group: Arne: k
00:43:44 : Group: -SDS- Gowther: Besser XD
00:43:57 : Group: M.K.: come here
00:44:01 : Group: Lancer_AUT: wir bringen noch waffen weg denn helf ich dir 
00:44:01 : Group: M.K.: they will come to rescue him
00:44:07 : Group: M.K.: he;s near the base somewhere
00:44:11 : Group: Arne: im in a middle of a mission :/
00:44:14 : Group: -SDS- Gowther: Beste männer
00:44:14 : Group: M.K.: fk
00:44:21 : Group: Arne: sry will hury
00:44:21 : Group: -SDS- Gowther: Habt was gut ^^
00:46:53 : Group: -SDS- Gowther: Wie macht ihr eig geld?
00:47:29 : Group: Lancer_AUT: finden
00:48:24 : Group: -SDS- Gowther: Geld finden
00:48:38 : Group: -SDS- Gowther: Aus basen?
00:49:02 : Group: Faldehals: oder steine aus miningrocks
00:49:06 : Group: Lancer_AUT: jo
00:51:34 : Group: M.K.: are you done with the mission?
00:51:43 : Group: Arne: almost
00:51:43 : Group: M.K.: he will return to open his door at the base
00:51:50 : Group: Arne: 5 minW
00:51:54 : Group: M.K.: and move the vehicle
00:54:54 : Group: Arne: omw
00:55:14 : Group: Arne: in mozzie
00:57:21 : Group: M.K.: ok
00:57:31 : Group: Arne: what happened
00:57:38 : Group: M.K.: i see the little worm
00:57:48 : Group: M.K.: but im waiting for him to open the door on the base
00:57:57 : Group: M.K.: so first he;s gotta move that vehicle
00:58:13 : Group: M.K.: so he needs to get 3 wheels
00:58:16 : Group: M.K.: just come down
00:58:21 : Group: M.K.: and lets wait for him
00:58:29 : Group: M.K.: but dont make urself noticed
01:01:14 : Group: Lancer_AUT: bist da sds
01:01:37 : Group: -SDS- Gowther: Yo
01:01:47 : Group: -SDS- Gowther: War zwar bewusstlos als ich auf en server kam
01:01:49 : Group: -SDS- Gowther: warum auch immer
01:01:56 : Group: -SDS- Gowther: aber ansonsten gehts mir gut XD
01:02:17 : Group: Lancer_AUT: hole dich jetzt 
01:02:25 : Group: -SDS- Gowther: Okee
01:04:31 : Group: -SDS- Gowther: Hast oder wurdest du beschoßen?
01:05:04 : Group: Lancer_AUT: ne hab auto shoot
01:05:22 : Group: -SDS- Gowther: Lagge ich?
01:05:58 : Group: Lancer_AUT: ne 
01:06:08 : Group: -SDS- Gowther: Kann nicht einsteigen XD
01:06:19 : Group: Lancer_AUT: bist ja schon drinnen 
01:06:33 : Group: Lancer_AUT: sind gleich klen
01:20:26 : Group: Arne: is he back?
01:20:51 : Group: M.K.: ?
01:21:26 : Group: Arne: lets do some missions tomorrow
01:21:53 : Group: M.K.: sure
01:27:48 : Group: M.K.: u got ur base at green mountain?
01:27:50 : Group: M.K.: sweet
01:28:01 : Group: Arne: atually i stole it earlier
01:28:01 : Group: M.K.: i really liked that place back in the day
01:28:05 : Group: M.K.: ahahha how?
01:28:09 : Group: Arne: want to build here with me?
01:28:20 : Group: M.K.: already have a base spot :P
01:28:23 : Group: Arne: what is your relationship with masta?
01:28:26 : Group: Arne: matsa
01:28:43 : Group: M.K.: not good, i mean i know where his base is and u can get in pretty fast
01:28:56 : Group: Arne: it was his base here. or one of his mates at least
01:29:16 : Group: M.K.: get into his base and steal his plot
01:29:18 : Group: M.K.: XD
01:29:38 : Group: Arne: he was on the plot- but i like going into bases. finding the way in... when i figured  it was his i just stole it
01:29:46 : Group: M.K.: 030/086
01:29:58 : Group: Arne: made sure he ould not get it back without using alot of BC
01:30:02 : Group: M.K.: in the small barn
01:30:20 : Group: Arne: nice bro.. jjust wrote it down for tomorrow
01:30:26 : Group: M.K.: but how you deal with the locks on the door?
01:30:33 : Group: M.K.: how you remove / unlock them
01:30:49 : Group: Arne: well he had a small ladder going from the roof down. so i got in that way
01:31:01 : Group: M.K.: but if u replace the plot 
01:31:08 : Group: M.K.: can you remove the coded locks
01:31:09 : Group: Arne: i figured out where he put his plot.(it was udner the stairs in the military office building
01:31:18 : Group: M.K.: or ur stuck with the coded doors
01:31:19 : Group: Arne: behind a steal door
01:31:40 : Group: Arne: so i come up to his base with that big humwee with MK19 rounds on it
01:31:54 : Group: M.K.: ok i got that but can you remove coded doors?
01:32:01 : Group: M.K.: if u remove and replace the plot
01:32:02 : Group: M.K.: ?
01:32:07 : Group: Arne: destroyed the whole house. and there he had his plot just stiking out of the ground
01:32:28 : Group: Arne: yes if you remove plot and you set it down again, you an access the doors
01:32:37 : Group: M.K.: wow..
01:32:41 : Group: Arne: and make sure who can access them as well
01:33:03 : Group: Arne: if you can get to a plot pole, the base is yours!
01:33:12 : Group: Arne: 100%
01:33:17 : Group: M.K.: nice
01:33:36 : Group: Arne: well i have to leave.. dont tell matsa i took his base. :P
01:33:41 : Group: M.K.: okokok
01:33:43 : Group: M.K.: np
01:33:45 : Group: M.K.: bb :D
01:33:48 : Group: Arne: i want him to find out the hard way
01:33:56 : Group: Arne: see you tomorrow mate
01:33:57 : Group: M.K.: so i can take over his base?
01:34:01 : Group: M.K.: wait a sec
01:34:02 : Group: M.K.: XD
01:34:08 : Group: M.K.: what about the safes?
01:34:08 : Group: Arne: yes basically if you have a crowbar and a Etool
01:34:34 : Group: Arne: you cant get into safesm but if a safe has not been open in a while the code gets reset to 0000
01:34:40 : Group: M.K.: nice
01:34:42 : Group: M.K.: okok thanks
01:34:46 : Group: Arne: :D
01:35:01 : Group: Arne: take his base. otherwise i will tomorrow
01:35:06 : Group: M.K.: :D
01:35:09 : Group: M.K.: i will!
01:35:10 : Group: Arne: one way or the other
01:35:10 : Group: M.K.: XD
01:35:17 : Group: Arne: see ya bro!
01:35:20 : Group: Arne: :P
01:35:20 : Group: M.K.: see ya
02:03:16 : Group: -SDS- Gowther: Sry hatte internet probleme
02:03:29 : Group: -SDS- Gowther: Geht jetzt aber wieder einwand frei
02:03:44 : Group: Faldehals: ich war ma abwesend mir war schlecht
02:04:11 : Group: -SDS- Gowther: Oh ok, gehts wieder besser?q
02:04:29 : Group: Faldehals: im mom schon
02:05:10 : Group: -SDS- Gowther: Gut :)
02:05:29 : Group: -SDS- Gowther: Danke fürs nach klen bringen aber als bandit kann ich da nicht traden XD
02:06:03 : Group: Faldehals: echt jetzt lol ka ich hab dich nirgends hingebracht aber wusst ich auch net
02:06:22 : Group: -SDS- Gowther: Ich wusste es auch erst seit gestern XD
02:06:30 : Group: -SDS- Gowther: Hab seit gestern erst genug punkte
02:06:34 : Group: Faldehals: brqauchst was ich komms dir bringen bzw holen ?
02:06:42 : Group: -SDS- Gowther: Der greis auf der karte bei klen ist grün
02:06:58 : Group: -SDS- Gowther: Naja morphin halt noch
02:07:08 : Group: Faldehals: wart komm glei
02:07:59 : Group: -SDS- Gowther: Und essen wird auch langsam knapp XD
02:13:38 : Group: Faldehals: immernoch gebrochene beine ?
02:13:45 : Group: -SDS- Gowther: Ja
02:14:18 : Group: -SDS- Gowther: Ist nein name bei dir jetzt eig rot?
02:14:43 : Group: -SDS- Gowther: Danke dir :)
02:14:50 : Group: Faldehals: ka mom
02:15:05 : Group: Faldehals: ja schon
02:15:09 : Group: -SDS- Gowther: ok
02:15:37 : Group: -SDS- Gowther: Hab 2 gold hingelegt
02:15:38 : Group: Faldehals: brauuchst zeug fürn mozzie ?
02:15:42 : Group: Faldehals: lol
02:15:46 : Group: -SDS- Gowther: kaufste mir ein motorrad bitte?
02:15:55 : Group: Faldehals: kein mozzie ?
02:15:59 : Group: -SDS- Gowther: Ne
02:16:05 : Group: -SDS- Gowther: Mag das ding nicht XD
02:16:45 : Group: -SDS- Gowther: die yamaha
02:16:53 : Group: Faldehals: welches lol ? ahh kk
02:16:57 : Group: -SDS- Gowther: gold liegt hier
02:17:20 : Group: Faldehals: key is drinne
02:17:24 : Group: Faldehals: nimms
02:17:25 : Group: -SDS- Gowther: danke :)
02:17:33 : Group: Faldehals: was soll ich mit 2 gold
02:17:43 : Group: -SDS- Gowther: für das motorrad
02:17:47 : Group: Faldehals: laber nit
02:17:48 : Group: -SDS- Gowther: kostet glaube 2
02:17:50 : Group: Faldehals: hebs uff
02:18:11 : Group: -SDS- Gowther: Danke dir :)
02:18:15 : Group: Faldehals: da
02:18:18 : Group: Faldehals: nimms mit
02:18:19 : Group: -SDS- Gowther: Neeeeeee
02:18:28 : Group: -SDS- Gowther: nein sowas nicht XD
02:18:34 : Group: -SDS- Gowther: nur das nötigste XD
02:18:49 : Group: Faldehals: dann lass es liegen
02:18:54 : Group: -SDS- Gowther: Hast mir genug geholfen :D
02:19:34 : Group: Faldehals: das nur nen 10er ozen 
02:19:45 : Group: -SDS- Gowther: warte
02:19:51 : Group: -SDS- Gowther: befor du gehst
02:19:52 : Group: Faldehals: also essen das beste sind kartoffeln
02:20:09 : Group: -SDS- Gowther: kannst du mir für das gold n ketten mg kaufen?
02:20:20 : Group: -SDS- Gowther: damit ich die karre vor meiner base kaputt machen kann?
02:20:23 : Group: Faldehals: ketten mg ?
02:21:00 : Group: Faldehals: reicht glaub net dafür
02:21:11 : Group: -SDS- Gowther: da
02:22:27 : Group: Faldehals: m240 oder m249 saw dafür langts
02:22:40 : Group: Faldehals: dann hast aber keine muni
02:23:11 : Group: -SDS- Gowther: hab noch 2 gold
02:23:33 : Group: Faldehals: wasn das fürne karre die da steht ?
02:27:00 : Group: -SDS- Gowther: Kack internet
02:27:21 : Group: -SDS- Gowther: da sind noch 2 gold
02:27:26 : Group: -SDS- Gowther: solle für mag reichen
02:27:54 : Group: Faldehals: soll ich noch eins holen ?
02:28:15 : Group: -SDS- Gowther: Sollte reichen für das auto
02:28:30 : Group: -SDS- Gowther: danke dir XD
02:28:41 : Group: Faldehals: joah aber das wrack ist erst nach neustart wech
02:28:51 : Group: -SDS- Gowther: Ja ich weiß :(
02:28:51 : Group: Faldehals: also reinkommen wirst dennoch net 
02:29:03 : Group: -SDS- Gowther: Wie gesagt habt was gut
02:29:23 : Group: -SDS- Gowther: wenn euch mal einer angreift
02:29:27 : Group: -SDS- Gowther: und wir sind on
02:29:28 : Group: Faldehals: ich komm schon klar ...
02:29:42 : Group: -SDS- Gowther: sagter bescheid
02:29:56 : Group: -SDS- Gowther: Hab heute einen aus 675m ausm heli geschoßen XD
02:30:08 : Group: Faldehals: joah immer druff
02:30:32 : Group: Faldehals: spielst du mit W-Lan `?
02:30:56 : Group: -SDS- Gowther: Ja hab internet verbot XDd
02:31:15 : Group: Faldehals: aha
02:31:40 : Group: -SDS- Gowther: Ich bin 19... XD
02:31:44 : Group: -SDS- Gowther: Ich weiß was du denkst XD
02:32:02 : Group: Faldehals: nix
02:32:22 : Group: Faldehals: nur das ich schon nen alter sack bin :/
02:33:04 : Group: -SDS- Gowther: Aber irgendwie dacht ich mir das :x
02:33:23 : Group: -SDS- Gowther: Habs an der art bemerkt
03:35:16 : Group: -SDS- Gowther: Mein internet läuft einwandfrei
03:35:23 : Group: -SDS- Gowther: nur arma geht nicht -_-
03:37:42 : Group: Faldehals: du hast als nen ping von über 7k
03:50:43 : Group: T.J: /
11:09:29 : Group: Turmoil: sorry that was me
11:15:32 : Group: PRISMIC: any spare building  suplies ?
11:15:47 : Group: PRISMIC: like 1/4 floors
11:16:13 : Group: Turmoil: im building my own base at some other place so i cant really give away what i have, i need it
11:16:35 : Group: PRISMIC: kk
11:16:43 : Group: Turmoil: to much action for me up here, lol
11:16:52 : Group: Turmoil: oh time to log
12:04:48 : Group: matsa: kan man bruke hotwire kit på dører
12:04:57 : Group: yavvs: jeg vet itje
12:05:00 : Group: yavvs: trur det
12:05:10 : Group: yavvs: vent ska sjekke
12:06:29 : Group: yavvs: nei funker ikke på dører
12:06:35 : Group: matsa: :/
12:06:40 : Group: yavvs: D:
13:07:29 : Group: yavvs: narcisst
13:07:34 : Group: yavvs: narcissist
13:27:41 : Group: PRISMIC: can u come here in a min ?
13:28:04 : Group: [NG2] Jesse: why ?
13:28:12 : Group: Turmoil: im busy crafting cinder walls atm 
13:28:28 : Group: PRISMIC: okay ill wait
13:29:25 : Group: PRISMIC: your funny
13:30:33 : Group: PRISMIC: im wanking
15:20:05 : Group: Turmoil: do not shoot the black hawk outside your base prismic, its mine
15:20:47 : Group: Turmoil: Jesse?
15:20:53 : Group: [NG2] Jesse: yeah?
15:21:01 : Group: Turmoil: is longsleeves still on TS?
15:21:08 : Group: [NG2] Jesse: not no
15:21:16 : Group: [NG2] Jesse: now he is
15:21:37 : Group: Turmoil: tell him lockbox is green 66
15:22:44 : Group: [NG2] Jesse: why you not on ts
15:22:58 : Group: PRISMIC: HES WANKING
15:23:25 : Group: Turmoil: TS crashed and im about to logg off anyways so ÅÅ
15:23:54 : Group: [NG2] Jesse: oke ^^
15:24:47 : Group: Turmoil: just tell longsleeves green 66 for lockbox so he get his heli back ^^
15:30:50 : Group: PRISMIC: turmoil have any spare locks need 2 ?
15:31:04 : Group: Turmoil: just got one, gonna use it on my tower ^^
15:31:25 : Group: Turmoil: did you get the message longsleeves?
15:32:04 : Group: Sir LongSleeves: what message
15:32:08 : Group: Turmoil: green 66
15:32:20 : Group: Sir LongSleeves: ok thnx
15:36:46 : Group: Turmoil: well im off guys, ill be back on later today... cya
15:37:07 : Group: PRISMIC: see ya
17:53:47 : Group: yavvs: yo font!
17:53:48 : Group: matsa: gsegs
17:53:54 : Group: Fontes: you guys !
17:53:57 : Group: Fontes: Yoo *
17:53:58 : Group: yavvs: hey bro!
17:54:13 : Group: yavvs: we've built since last night :D
17:54:19 : Group: Fontes: loll
17:54:31 : Group: Fontes: nice :D
17:55:25 : Group: yavvs: fucking gr8 xd
17:56:09 : Group: Fontes: can someone put me on the door ?
17:56:28 : Group: yavvs: sure, give me a min
17:58:19 : Group: Fontes: lol im glitched
17:59:31 : Group: Fontes: my body is stuck
17:59:33 : Group: Fontes: keeps aiming
18:00:40 : Group: Fontes: fuck cant abort lol
18:03:09 : Group: Fontes: can you ad me to the door ?
18:03:26 : Group: Fontes: the one above
18:03:53 : Group: Fontes: thnx
18:04:23 : Group: Fontes: so you guys built the base at night ?
18:04:29 : Group: Fontes: dont you have to go to school ? :D
18:04:37 : Group: yavvs: yeah lal
18:04:38 : Group: yavvs: xD
18:04:45 : Group: yavvs: we have alot of spare time
18:04:47 : Group: yavvs: :D
18:04:50 : Group: Fontes: lol wish i had
18:04:58 : Group: yavvs: hehe
18:05:03 : Group: yavvs: isnt it hard running a business?
18:05:24 : Group: Fontes: mwah i have help from another man who has his own business
18:05:30 : Group: Fontes: but its a lot of work yeah
18:05:35 : Group: Fontes: pays good tho :D
18:06:03 : Group: yavvs: damn :D
18:07:13 : Group: Fontes: but im not a good learner
18:07:18 : Group: Fontes: so school was a no go for me
18:07:26 : Group: yavvs: ahh i see
18:07:35 : Group: yavvs: like as in economics?
18:07:58 : Group: Fontes: no just everything
18:08:11 : Group: Fontes: i cant concentrate if im sitting behind a desk
18:08:30 : Group: yavvs: hahaha :D
18:09:44 : Group: Fontes: anything i can do ?
18:11:37 : Group: Fontes: you have a spare save left?
18:11:49 : Group: yavvs: yeah, you want a lockbox? ^^
18:12:11 : Group: Fontes: thnx
18:12:14 : Group: yavvs: wait
18:12:15 : Group: yavvs: here
18:12:22 : Group: Fontes: you already moved everything from old basE?
18:12:30 : Group: yavvs: yup
18:12:39 : Group: Fontes: my gear`s still there :D
18:12:45 : Group: yavvs: hahaha :S
18:12:48 : Group: yavvs: you got to go get it
18:12:56 : Group: Fontes: yeah gonna do 
18:13:28 : Group: Fontes: oops
18:13:32 : Group: yavvs: XD
18:13:53 : Group: Fontes: no man
18:13:58 : Group: Fontes: there is one outside the base
18:14:23 : Group: Fontes: overthere
18:14:33 : Group: Fontes: yep
18:14:36 : Group: Fontes: outside the crate
18:17:17 : Group: Fontes: DONT KNOW MAN
18:17:17 : Group: yavvs: JUST CAMP HIM
18:17:46 : Group: Fontes: kill him?
18:19:56 : Group: yavvs: Fontes!! :D
18:19:58 : Group: yavvs: nice job
18:20:03 : Group: Fontes: get rekt lol :D
18:20:15 : Group: yavvs: haha :D
18:22:59 : Group: yavvs: hey fontes
18:23:04 : Group: yavvs: just build like a room or w/e
18:23:08 : Group: yavvs: so you're protected XD
18:23:14 : Group: yavvs: if you feel liek it
18:23:36 : Group: Fontes: oskar wants his as50 back lol
18:23:43 : Group: yavvs: lmaaao
18:25:46 : Group: Fontes: dont shoot hem tho :D
18:26:00 : Group: Fontes: lol hehe
18:26:03 : Group: yavvs: D:
18:27:39 : Group: yavvs: anyone got a cinder?
18:31:04 : Group: Fontes: anyone want to help me get my gear from old base?
18:36:13 : Group: Fontes: nice
18:36:28 : Group: Fontes: you want to go and get my gear from old base?
18:38:15 : Group: Fontes: lol
18:38:22 : Group: Fontes: they both got kicked
18:38:26 : Group: matsa: :D
18:38:27 : Group: yavvs: :DDD
18:38:31 : Group: Fontes: leonardo i shot 
18:39:14 : Group: Fontes: wich car can i borrow ?
18:39:25 : Group: yavvs: whichever is open :D
18:40:07 : Group: Fontes: ah server restart
18:40:10 : Group: Fontes: i`ll wait
18:40:11 : Group: yavvs: ahh
18:40:12 : Group: yavvs: oki
18:43:17 : Group: Fontes: fucking loud mate
18:43:27 : Group: yavvs: :D
18:43:53 : Group: Fontes: well i like the dmr more tho
18:44:43 : Group: Fontes: where he going :D
18:45:46 : Group: Fontes: see ya in a bit
18:45:50 : Group: yavvs: yeah :D
19:13:50 : Group: Joshuaa: hey guys
19:13:54 : Group: Fontes: hey man
19:14:13 : Group: Joshuaa: you getting your stuff fontes?
19:14:19 : Group: Fontes: yea
19:14:35 : Group: Fontes: cant fit everything in the car tho :D
19:14:46 : Group: Joshuaa: yo patrick, we still being attacked?
19:15:04 : Group: Patrick: ahah nope ^^
19:15:12 : Group: Joshuaa: ah good man xD
19:17:48 : Group: Joshuaa: IM COMING FONT
19:17:50 : Group: Joshuaa: woops
19:18:01 : Group: Fontes: im almost back man
19:18:05 : Group: Fontes: then you come with me
19:18:09 : Group: Joshuaa: sweet
19:19:18 : Group: Fontes: josh can you open front gate
19:19:27 : Group: Joshuaa: eye scan failed wtf
19:19:36 : Group: Joshuaa: i cant dude
19:20:04 : Group: Joshuaa: could you add me to doors please
19:20:09 : Group: Fontes: sure
19:20:19 : Group: Joshuaa: shit sottu
19:20:21 : Group: Joshuaa: sorry
19:20:25 : Group: Fontes: wtf man haha
19:20:34 : Group: Joshuaa: i moved my mouse and my finger slipped
19:20:47 : Group: Fontes: can you help me empty it ?
19:20:59 : Group: Fontes: put it in these lockboxes
19:21:01 : Group: Joshuaa: which safe?
19:21:05 : Group: Joshuaa: oh ok
19:21:08 : Group: Fontes: sniper on the left
19:21:13 : Group: Fontes: other guns on the right one
19:21:17 : Group: Fontes: middle is for other shit 
19:23:17 : Group: Joshuaa: ammo in middle?
19:23:21 : Group: Joshuaa: or with guns
19:23:25 : Group: Fontes: with guns
19:23:52 : Group: Patrick: /kill
19:24:01 : Group: Joshuaa: 7 ammo slots left in this one
19:24:09 : Group: Fontes: :D
19:24:16 : Group: Fontes: got to buy some saves
19:24:21 : Group: Fontes: but still aint got my money back
19:24:59 : Group: Joshuaa: you fancy missions soon?
19:25:10 : Group: Fontes: still some gear at the old base
19:25:12 : Group: Fontes: sure man
19:25:18 : Group: Joshuaa: yeah lets go to base
19:26:35 : Group: Joshuaa: 2 mins
19:27:38 : Group: Joshuaa: ok lets go font
19:28:58 : Group: Fontes: need help mats?
19:29:34 : Group: matsa: just fuckin around
19:32:44 : Group: Joshuaa: well my safe is floating haha
19:32:49 : Group: Fontes: :D
19:33:06 : Group: Joshuaa: you want a dmr?
19:33:14 : Group: Fontes: already have 3
19:33:15 : Group: Fontes: :D
19:33:54 : Group: Joshuaa: fuck im gonna have to come back again haha
19:34:03 : Group: Fontes: so much stuff?
19:34:11 : Group: Joshuaa: yep
19:34:35 : Group: Joshuaa: ive got mine on my body
19:38:45 : Group: Joshuaa: black hawk crash after this?
19:38:53 : Group: Fontes: sure
19:43:23 : Group: Joshuaa: mission font?
19:43:31 : Group: Fontes: unload my stuff
19:44:00 : Group: Joshuaa: locked
19:44:02 : Group: Fontes: put the rest in the save
19:45:08 : Group: Joshuaa: done
19:45:14 : Group: Fontes: ive got silenced sniper
19:45:16 : Group: Fontes: take it ?
19:45:24 : Group: Joshuaa: yeah ok man
19:46:05 : Group: Joshuaa: you got a spare one?
19:46:11 : Group: Fontes: sniper ?
19:46:13 : Group: matsa: cya guys
19:46:16 : Group: Joshuaa: silenced?
19:46:17 : Group: Fontes: bye man
19:46:20 : Group: Joshuaa: bey matsa
19:46:21 : Group: Fontes: not silenced
19:46:23 : Group: matsa: remember to lock everything 
19:46:26 : Group: Joshuaa: ok it fine
19:46:34 : Group: matsa: :)
19:47:17 : Group: Fontes: ready man
19:47:22 : Group: Joshuaa: same
19:47:42 : Group: Fontes: wich one ?
19:47:53 : Group: Joshuaa: black hawk
19:48:07 : Group: Fontes: can you drive ?
19:48:11 : Group: Fontes: need to pee real quick
19:51:32 : Group: Joshuaa: we need trees
19:51:43 : Group: Fontes: from here?
19:52:02 : Group: Fontes: it will be quick tho
19:52:07 : Group: Joshuaa: go to bushes behind it
19:52:34 : Group: Joshuaa: here might be alright
19:53:27 : Group: Joshuaa: not many
19:53:31 : Group: Fontes: 5?
19:53:52 : Group: Joshuaa: dead player
19:53:58 : Group: Fontes: i see ye
19:54:03 : Group: Fontes: it was patrick i tink
19:54:18 : Group: Joshuaa: you ready?
19:54:21 : Group: Fontes: how do you zero?
19:54:30 : Group: Joshuaa: page up/down
19:54:41 : Group: Fontes: ready
19:54:46 : Group: Joshuaa: you take left side
19:56:40 : Group: Joshuaa: all down?
19:56:52 : Group: Joshuaa: got him
19:57:16 : Group: Joshuaa: anymore?
19:57:27 : Group: Fontes: dont think man
19:57:36 : Group: Joshuaa: take zombies
19:58:19 : Group: Joshuaa: shots
19:58:27 : Group: Joshuaa: or was that ou?
19:58:28 : Group: Fontes: when
19:58:31 : Group: Joshuaa: shooting zombie?
19:58:34 : Group: Fontes: yep
19:58:38 : Group: Joshuaa: ah ok haha
19:59:00 : Group: Fontes: il go with car
20:00:40 : Group: Joshuaa: bad loot 
20:02:11 : Group: Joshuaa: im ready dude
20:02:38 : Group: Joshuaa: another one?
20:02:56 : Group: Joshuaa: i heard
20:03:06 : Group: Joshuaa: sounded like pistol
20:04:47 : Group: Fontes: think i`ll be leaving man
20:04:58 : Group: Joshuaa: you going off.
20:05:00 : Group: Joshuaa: ?
20:05:04 : Group: Fontes: yep
20:05:07 : Group: Joshuaa: ok man
20:05:13 : Group: Fontes: tired :D
20:05:17 : Group: Joshuaa: same haha
20:06:01 : Group: Joshuaa: going now?
20:06:16 : Group: Fontes: 5 mins
20:06:41 : Group: Joshuaa: could you add me to this door -lz
20:06:44 : Group: Joshuaa: plz
20:06:48 : Group: Fontes: sure
20:07:26 : Group: Fontes: added you to all man
20:07:35 : Group: Joshuaa: thanks, gotta repair my heli
20:09:22 : Group: Joshuaa: cya man
20:09:40 : Group: Fontes: bye man :)
20:44:49 : Group: Hailstorm: glück gehbat
20:45:17 : Group: Winans: er kommt wieder
20:45:31 : Group: Hailstorm: das böse kommt immer wieder
20:45:37 : Group: Hailstorm: das dumme auch
20:45:47 : Group: victorKS-BR: ACER PERA TEM NEGO ATIRANDO PERTO DE MIN
20:45:52 : Group: victorKS-BR: E MATO O CARA
20:46:09 : Group: acer: eta
20:46:22 : Group: Hailstorm: waisch
20:46:28 : Group: Hailstorm: wöisch
20:46:29 : Group: victorKS-BR: TO COM MEDO
20:46:29 : Group: victorKS-BR: AA
20:46:38 : Group: Winans: wegen?
20:46:47 : Group: Winans: er ist aufm server
20:46:47 : Group: Hailstorm: hhuuuuuuu
20:47:22 : Group: acer: vou ai com minha macarov pra fazer eles chorarem
20:47:29 : Group: victorKS-BR: kk blz
20:47:32 : Group: victorKS-BR: te do cover
20:48:05 : Group: victorKS-BR: to vendo 2 corpo ali 
20:48:09 : Group: victorKS-BR: mosrtos perto da base
20:48:32 : Group: victorKS-BR: acer conto com vc quando chegar aki kk
20:48:42 : Group: acer: ok
20:51:31 : Group: acer: que arma que vc ta?
20:51:35 : Group: victorKS-BR: lapua
20:51:38 : Group: victorKS-BR: to vendo um cara
20:51:48 : Group: victorKS-BR: so que ele sempre pega cover de min aff
21:04:16 : Group: -SDS- Gowther: Moin
21:04:23 : Group: Faldehals: joah
21:09:24 : Group: wft: acer vc e muito rato cara kk
21:09:43 : Group: wft: nao escreve nada so vem
21:09:50 : Group: wft: para nao te atrapalhar
21:11:16 : Group: acer: acho que peguei a chave dela
21:11:46 : Group: wft: ns sera
21:11:50 : Group: wft: kk q e uma suv armored
21:11:55 : Group: acer: sim
21:12:00 : Group: wft: mesmo se tu nao tivesse pegado
21:12:03 : Group: wft: nois faz trap
21:12:08 : Group: wft: deixa no campo aberto e esonde
21:12:14 : Group: wft: esconde e mata os cara quando chegar
21:13:08 : Group: wft: vo ver onde ta meus lugazinho de guarda loot
21:13:13 : Group: wft: ai te levo la e vc se equipa
21:13:26 : Group: acer: tem ate muniçao de lança granadas
21:13:44 : Group: wft: wft
21:13:48 : Group: wft: q lança granda?
21:13:59 : Group: acer: de um hamve 
21:14:08 : Group: wft: se ta trazendo 2 carro?
21:14:13 : Group: acer: so 1
21:14:17 : Group: wft: ue
21:14:20 : Group: acer: a muniçao e pra um hamve
21:14:24 : Group: wft: a ta
21:14:26 : Group: wft: :)
21:15:27 : Group: wft: acer vc e muito foda cara q isso tipo tinha nego la?
21:15:36 : Group: acer: sim
21:15:41 : Group: acer: eu to os pes dele
21:15:47 : Group: wft: ue
21:15:57 : Group: acer: eu vi*
21:16:06 : Group: wft: kkk
21:16:49 : Group: wft: tem q ver se essa chave e dele se nao
21:16:55 : Group: wft: os cara ta cinhando ai ja
21:16:58 : Group: wft: kk
21:17:03 : Group: wft: se nao os cara ve onde tamos
21:17:11 : Group: Faldehals: nen amored ?
21:17:16 : Group: -SDS- Gowther: Ja :Dww
21:17:26 : Group: Faldehals: woher hattest den ?
21:17:31 : Group: Faldehals: sach net gekauft
21:17:32 : Group: -SDS- Gowther: Mission
21:17:47 : Group: acer: kkkkkkkkkkkkkkkkkkkkkkkkkkkkkk
21:17:47 : Group: Faldehals: warum hast du den dann net verkauft ?
21:17:56 : Group: wft: os cara ta chorando namoral kk
21:18:08 : Group: wft: ns achei q era vc
21:18:09 : Group: wft: kk
21:18:10 : Group: -SDS- Gowther: Bin bandit und kein hero
21:18:24 : Group: -SDS- Gowther: Und meine kollegen haben nicht genug hero punkte
21:18:34 : Group: acer: ele ta aonde eu marquei
21:19:09 : Group: Faldehals: willst ne m14 cco ?
21:19:12 : Group: acer: nao e
21:19:20 : Group: -SDS- Gowther: Hab dmr
21:19:32 : Group: Faldehals: ok dan verkauf ich mir liegt das ding net
21:19:53 : Group: acer: aqui?
21:24:42 : Group: acer: ta aberta ainda
21:24:53 : Group: acer: sim
21:25:06 : Group: acer: ou era de uma missao
21:25:23 : Group: acer: ok
21:25:49 : Group: acer: eu nao sei como ele nao me vio
21:27:32 : Group: acer: e uma base ali?
21:28:05 : Group: acer: olha dnv
21:29:00 : Group: acer: zumbis
21:29:09 : Group: acer: na base ali
21:29:20 : Group: acer: sim
21:29:55 : Group: acer: vou ter que sair umpouco
21:30:14 : Group: acer: diriji ai
21:36:22 : Group: acer: volteu
21:36:27 : Group: wft: kk vc fico no driver
21:36:33 : Group: wft: ai subi aki para te proteger
21:39:30 : Group: acer: vc tem muniçao de sa 58?
21:39:51 : Group: acer: vc tem gps?
21:40:00 : Group: acer: rastreia essa chave
21:41:11 : Group: acer: nao sei
21:41:36 : Group: acer: quer que eu va verificar o merlin?
21:41:45 : Group: acer: so de macarov
21:43:40 : Group: acer: e agora?
21:44:34 : Group: acer: to sem toolbox
21:45:32 : Group: acer: sim
21:57:04 : Group: Dell: n
21:58:19 : Group: Dell: jogava
21:58:30 : Group: Dell: arena 3
21:59:01 : Group: Dell: ue
21:59:58 : Group: Dell: eta
22:01:00 : Group: Dell: o dono dele saio
22:01:30 : Group: Dell: essa suv era pra ser melhor
22:02:28 : Group: Dell: era pra andar a 30
22:02:40 : Group: Dell: base
22:03:50 : Group: Dell: kkkkkkkkk
22:46:38 : Group: Turmoil: welcome to the hero group :D
22:47:09 : Group: Faldehals: cooking fish lol
22:47:21 : Group: Turmoil: gonna try and do the mission, my heli got shot to pieces tho
22:48:02 : Group: Faldehals: go klen first sell the fishes its good money
22:52:33 : Group: Faldehals: 1,9bc for fishes lol
22:56:21 : Group: Faldehals: look for other gun
23:00:46 : Group: Faldehals: lol gpk in the woods not locket
23:02:34 : Group: Faldehals: gpk its a m2 gun aon it ?
23:03:01 : Group: Turmoil: not sure
23:03:37 : Group: Faldehals: damn no m2 ammo only he 
23:03:42 : Group: Turmoil: do you have engine parts Falde?
23:03:54 : Group: Faldehals: ja
23:04:08 : Group: [NG2] Jesse: are you our neigber? 
23:04:19 : Group: Turmoil: my base is down by the dam
23:04:31 : Group: Faldehals: i have stuff at this barn here
23:04:38 : Group: [NG2] Jesse: my base is the big boat in the water at the dam ^^ 
23:04:52 : Group: Turmoil: and i have the one on the side of the dam, towards you ^^
23:05:03 : Group: Turmoil: and the third base is Prismic, he is stupid ^^
23:05:08 : Group: Faldehals: lol ther was a base near here but there is nothing more and idk wich base it was
23:05:20 : Group: Turmoil: that was koffiepot, he got banned for duping items
23:05:26 : Group: Faldehals: lol
23:05:52 : Group: Faldehals: for what you need engineparts ?
23:06:02 : Group: Turmoil: my helicopter got shot by M2 machinegun AI 
23:06:12 : Group: Faldehals: i come
23:06:41 : Group: Turmoil: expensive heli so i dont wanna lose it xD
23:07:40 : Group: Faldehals: crashsite at your way
23:07:50 : Group: Turmoil: yeah we saw it on the way here
23:08:06 : Group: Faldehals: and not the gpk ?
23:08:56 : Group: [NG2] Jesse: gpk is  using like the pkbelt, right? 
23:09:05 : Group: Faldehals: no
23:09:14 : Group: Turmoil: dhsmk ?
23:09:20 : Group: Faldehals: m2 i think
23:09:26 : Group: Turmoil: ah
23:09:59 : Group: Turmoil: mozzie to the rescue :D
23:10:27 : Group: Turmoil: thank you very much!! :)
23:10:28 : Group: Faldehals: i go for the gpk to sell 
23:10:32 : Group: Faldehals: yw
23:10:34 : Group: Turmoil: alright ^^
23:14:15 : Group: Turmoil: hello down there ^^
23:14:30 : Group: Faldehals: crap
23:14:34 : Group: Turmoil: locked?
23:14:46 : Group: Faldehals: crassite
23:16:30 : Group: Faldehals: m2 ja
23:23:00 : Group: Faldehals: oi 3 bc
23:23:19 : Group: Turmoil: nice
23:24:29 : Group: Faldehals: also a anzio i know now but the next i like to try the AA with he amo
23:25:58 : Group: Faldehals: bad position this bandit base i dont like it
23:30:34 : Group: Faldehals: lol
23:30:47 : Group: [NG2] Jesse: sry man he was pointing gun to me11
23:30:50 : Group: Faldehals: 100%
23:31:36 : Group: Faldehals: guys be carefull at this barn i put some traps around here
23:36:47 : Group: [NG2] Jesse: stu[pit guy ther goes my humianity
23:54:44 : Group: Faldehals: what guns you use atm ?
23:54:56 : Group: [NG2] Jesse: m110
23:55:19 : Group: Faldehals: i hove not sure 20 but i dont use it
23:55:21 : Group: Faldehals: a
23:56:05 : Group: Faldehals: i got so much guns but themost time i use pkp
23:56:10 : Group: Faldehals: lol
23:58:11 : Group: Faldehals: sometimes its not wrong to check the vehicle pound for free stuff :D
