03:40:49 : Group: T.J: xD
03:41:05 : Group: T.J: tyty
14:07:20 : Group: II TheElite II: Hallo :)
14:07:25 : Group: [NG2] Jesse: hi
14:21:20 : Group: II TheElite II: Ik moet alweer weg. Hebben jullie de schade nog een beetje kunnen herstellen?
14:21:49 : Group: [NG2] Jesse: jha opzich heb alles kunnen verkopen wat voor het oprappen lag.. 
14:22:06 : Group: II TheElite II: Niet meer lastig gevallen?
14:22:09 : Group: [NG2] Jesse: en in de toekomst kunnen we daar wel weer veder bouwen
14:22:22 : Group: [NG2] Jesse: beetje,.. zelfde gasten
14:22:26 : Group: II TheElite II: Ik heb alleen een base bij devil's castle gezien
14:22:39 : Group: II TheElite II: Geen idee wie daar zit
14:22:59 : Group: [NG2] Jesse: er zijn veel bases in onze omgeving hebben we ontdekt
14:23:09 : Group: II TheElite II: Ja.... >.>
14:23:30 : Group: II TheElite II: Nouja ik ga er vandoor. Later
14:23:40 : Group: [NG2] Jesse: laterz
15:32:05 : Group: Laurence Gommersil: sup
15:32:15 : Group: Turmoil: did you just shoot? 
15:32:18 : Group: Laurence Gommersil: ye
15:32:21 : Group: Laurence Gommersil: ed did
15:32:23 : Group: Turmoil: okay
16:04:36 : Group: Topor: .
16:46:28 : Group: Laurence Gommersil: SUP
16:46:32 : Group: Laurence Gommersil: i am back
16:46:41 : Group: Turmoil: not much, my heli got blown up 
16:46:50 : Group: Laurence Gommersil: how
16:47:05 : Group: Turmoil: mission up the hill
16:47:17 : Group: Laurence Gommersil: ok i see that
16:47:17 : Group: Turmoil: 2nd heli in 24h -_- 
16:47:31 : Group: Turmoil: still AI up there, i just shot down the AI heli
16:47:34 : Group: Laurence Gommersil: srsly at my base... ure lucky my car didnt blow up
16:55:53 : Group: Turmoil: damn internet 
16:56:02 : Group: Laurence Gommersil: doing that mission
16:56:06 : Group: Laurence Gommersil: come to me
16:56:17 : Group: Turmoil: the mission is done tho, its just some ai left there
16:56:28 : Group: Laurence Gommersil: is the crate empty
16:56:41 : Group: Turmoil: i havent looted anything so there should be some stuff there, i only shot the AI
16:56:53 : Group: Laurence Gommersil: thats why im doing it
16:57:56 : Group: Laurence Gommersil: u hear that thats me unconsious xD
16:58:04 : Group: Laurence Gommersil: but i killed 2 
16:58:16 : Group: Laurence Gommersil: still a few left
16:59:09 : Group: Laurence Gommersil: got 2 more
16:59:18 : Group: Laurence Gommersil: u see anymore
16:59:39 : Group: Laurence Gommersil: killed 4 now
16:59:59 : Group: Turmoil: nice
17:00:12 : Group: Laurence Gommersil: i need a different angle
17:00:40 : Group: Laurence Gommersil: there not all dead yet i dont think i dont see smoke
17:01:06 : Group: Laurence Gommersil: can u have a look from your angle see if theres any AI left?
17:01:08 : Group: Turmoil: i told you, the mission is already done... i completed it
17:01:18 : Group: Turmoil: just some ai left that the heli dropped
17:01:28 : Group: Laurence Gommersil: ok
17:01:44 : Group: Turmoil: so the smoke wont show now becouse it was there when i completed it 
17:01:51 : Group: Laurence Gommersil: i see another ai
17:02:04 : Group: Laurence Gommersil: hes dead
17:02:49 : Group: Laurence Gommersil: can u see if theres any ai left please?
17:02:58 : Group: Turmoil: im in my base, i dont see trough walls
17:03:08 : Group: Turmoil: how many have you killed?
17:03:18 : Group: Laurence Gommersil: imma yolo it in but im probs gunna die like u did last time
17:03:47 : Group: Laurence Gommersil: YOLO
17:08:09 : Group: Laurence Gommersil: turmoil
17:08:20 : Group: Laurence Gommersil: got any spare mozzie parts i can use
17:08:27 : Group: Laurence Gommersil: i will give back
17:08:37 : Group: Turmoil: im not at the base so thas gonna be a bit difficult
17:08:46 : Group: Laurence Gommersil: when u get back
17:09:16 : Group: Turmoil: didnt you buy a SUV yesterday tho? ^^
17:09:46 : Group: Laurence Gommersil: ye but i dont want to attract attention to dam can u just drop me off at klen please?
17:09:51 : Group: Laurence Gommersil: just need to sell some guns
17:10:18 : Group: Turmoil: ok ok, ill come pick you up quick
17:10:26 : Group: Laurence Gommersil: yay
17:10:38 : Group: Laurence Gommersil: after klen can u drop me off at aircraft carrier
17:10:43 : Group: Laurence Gommersil: so i can buy my own heli
17:10:49 : Group: Laurence Gommersil: land here
17:11:59 : Group: Laurence Gommersil: klen time boyz
17:12:56 : Group: Laurence Gommersil: yay thanks
17:13:10 : Group: Laurence Gommersil: then after this drop me at aircraft dealer
17:14:40 : Group: Laurence Gommersil: where are the overflow slots
17:15:10 : Group: Turmoil: there arent any overflow slots
17:16:26 : Group: Turmoil: if your inventory is full it either ends up in the backpack, ground or deleted... with gold you just might have to move some stuff into the backpack 
17:16:30 : Group: Turmoil: for it to show
17:18:20 : Group: Turmoil: dude you done soon? 
17:18:45 : Group: Laurence Gommersil: 1 more
17:19:15 : Group: Laurence Gommersil: YES 1 full brief
17:19:31 : Group: Laurence Gommersil: drop me at aircraft dealer
17:20:17 : Group: Laurence Gommersil: thanks when we land you can go
17:20:29 : Group: Laurence Gommersil: bye
17:28:32 : Group: Laurence Gommersil: GUY AT OUR BASES
17:28:54 : Group: Laurence Gommersil: oh its u
17:31:05 : Group: Laurence Gommersil: turmoil open door
17:31:26 : Group: Turmoil: no im leaving
17:31:29 : Group: Laurence Gommersil: omg
17:31:38 : Group: Turmoil: what?
18:11:18 : Group: Laurence Gommersil: SUPPORT AT DAM
18:11:30 : Group: Turmoil: why? 
18:11:47 : Group: Laurence Gommersil: come look someone is here
18:12:09 : Group: Turmoil: the AI mission? -_-
18:12:18 : Group: Laurence Gommersil: Not just me shooting
18:12:23 : Group: Laurence Gommersil: them shots you hear
18:12:26 : Group: Laurence Gommersil: there not me
18:12:37 : Group: Laurence Gommersil: you hear
18:12:46 : Group: Turmoil: oh, probably nothing to worrie about i guess
18:13:07 : Group: Laurence Gommersil: I SEE THEM DYING
18:13:19 : Group: Laurence Gommersil: ITS NOT ME
18:13:25 : Group: Turmoil: i see dead people :O
18:13:39 : Group: Laurence Gommersil: help
18:13:46 : Group: Turmoil: im scanning the area
18:14:07 : Group: Laurence Gommersil: its coming from right side of dam
18:14:52 : Group: Laurence Gommersil: being shot
18:14:56 : Group: Laurence Gommersil: not ai
18:15:31 : Group: Laurence Gommersil: SCAN AREA
18:15:51 : Group: Laurence Gommersil: FUCK
18:16:01 : Group: Turmoil: from what i see he shot the zombie and not you? perhaps he is helping you?
18:16:02 : Group: Laurence Gommersil: was that u shooting zombie
18:16:06 : Group: Turmoil: nope
18:16:23 : Group: Laurence Gommersil: idk if he sees me in tree
18:16:47 : Group: Laurence Gommersil: BEEN SHOT
18:17:06 : Group: Laurence Gommersil: dude i need help
18:17:31 : Group: Laurence Gommersil: was that him who just died to ai?
18:17:34 : Group: Turmoil: what the heck do you want me to do dude? im scanning  the area and i cant see him
18:17:42 : Group: Turmoil: i dont have esp or aimbot dude
18:18:25 : Group: Turmoil: go into your own base dude, im not unlocking my doors with that guy around
18:18:43 : Group: Laurence Gommersil: wow thanks
18:19:03 : Group: Turmoil: why do you run past your own base and over here? trying to get me shot as well? im trying to help you dude
18:19:16 : Group: Laurence Gommersil: dude my base doesnt have cover
18:19:24 : Group: Laurence Gommersil: he doesnt see you
18:19:41 : Group: Turmoil: HE DOES NOW THANKS ALOT !!!!
18:19:50 : Group: Laurence Gommersil: WHERE
18:19:56 : Group: Laurence Gommersil: WHERE THOSE SHOTS AT
18:19:59 : Group: Turmoil: i dont know! he followed you running here so...
18:20:26 : Group: Laurence Gommersil: u get hit?
18:20:30 : Group: Turmoil: yes
18:20:42 : Group: Laurence Gommersil: i think hes on that hill
18:21:46 : Group: Laurence Gommersil: is it ai or person
18:21:50 : Group: Turmoil: person
18:21:58 : Group: Turmoil: ai dont go into the mountains
18:22:24 : Group: Laurence Gommersil: FFS i thought there was no one here when i was doing ai bc theres only fking 9 people on taking away me and u is 7 so
18:22:48 : Group: Laurence Gommersil: i might run in my h
18:23:03 : Group: Turmoil: hes up in the hill 
18:23:09 : Group: Laurence Gommersil: i can tell
18:23:26 : Group: Laurence Gommersil: that scared the shit out of me
18:23:31 : Group: Laurence Gommersil: you see him?
18:24:08 : Group: Turmoil: he ran off over the hill
18:24:16 : Group: Laurence Gommersil: that u shooting him
18:24:21 : Group: Turmoil: yes
18:24:26 : Group: Laurence Gommersil: i cant see
18:24:36 : Group: Turmoil: he disapeared over that hill
18:24:44 : Group: Turmoil: were i just hsot
18:25:18 : Group: Laurence Gommersil: very top of hill?
18:25:24 : Group: Turmoil: a bit down on the side 
18:25:29 : Group: Laurence Gommersil: what side
18:25:33 : Group: Turmoil: left side, maybe 40m from the top
18:25:38 : Group: Turmoil: but he left, cant see him anymore
18:25:52 : Group: Turmoil: and im standing upright now and hes not shooting at me either so...
18:26:12 : Group: Turmoil: i hit him so i might have scared him off since he noticed we are 2 guys
18:27:03 : Group: Turmoil: im pretty sure he ran off
18:27:06 : Group: Laurence Gommersil: when ed gets on tell him the dam was under attack he didnt believe me
18:27:19 : Group: Turmoil: lol
18:27:23 : Group: Turmoil: hey Prismic, welcome
18:27:43 : Group: Laurence Gommersil: turmoil were being shot at by people am i right?
18:27:44 : Group: PRISMIC: jacob says the dams under attack ?
18:27:57 : Group: Turmoil: was one guy up in the hill, i hit him once with my M110 and he ran off
18:28:17 : Group: Turmoil: dude stop stealing the BOAT!!!!
18:28:21 : Group: Laurence Gommersil: xD
18:28:29 : Group: Laurence Gommersil: i got out
18:28:52 : Group: Turmoil: hey longsleeves
18:31:47 : Group: Turmoil: didnt you buy a heli earlier Laurence?
18:31:51 : Group: Laurence Gommersil: ye
18:31:59 : Group: Turmoil: oh nvm see it now... was worried it was gone
18:32:33 : Group: PRISMIC: aaaas                                awd da\dq23wdeaf
18:32:54 : Group: PRISMIC: gunnu go and get heli need one aha
18:34:59 : Group: Turmoil: need a lift longsleeves?
18:35:11 : Group: Sir LongSleeves: im not sir longsleeves
18:35:19 : Group: Sir LongSleeves: im just a bush on a bike xD
18:35:27 : Group: Turmoil: lol, okay i will let the bush continue then
18:35:28 : Group: Sir LongSleeves: and no im fine
18:35:40 : Group: Turmoil: roger that
18:53:01 : Group: Turmoil: hey guys, why is the door on your base open? :O
18:53:32 : Group: PRISMIC: oh fuck go check it out !!!
18:53:49 : Group: Turmoil: the doors was open when flew over, they are closed now
18:53:53 : Group: Turmoil: ill go have a look
18:54:28 : Group: Laurence Gommersil: turmoil anyone at our base
18:54:32 : Group: Laurence Gommersil: we got shot again
18:54:40 : Group: Laurence Gommersil: is door open
18:54:41 : Group: Turmoil: it was the small door at the sandbags that was open
18:54:51 : Group: Laurence Gommersil: did u close it
18:55:00 : Group: Turmoil: its closed now, im going over to see if i see anyone
18:55:06 : Group: Laurence Gommersil: ok
18:55:31 : Group: Turmoil: its locked, i cant get in
18:56:03 : Group: Turmoil: doors are locked now... one was oppen
18:56:32 : Group: Turmoil: is everything good?
18:56:33 : Group: Sir LongSleeves: they stole the base, good job jacob
18:56:38 : Group: Turmoil: maybe i scared him
18:56:48 : Group: Turmoil: when i came in on heli
18:57:08 : Group: PRISMIC: we need to destoy the plot hole
18:57:23 : Group: Turmoil: need a crowbar i think
18:57:51 : Group: Turmoil: there
18:58:07 : Group: Turmoil: why did u shoot laurence?
18:58:09 : Group: Turmoil: xD
18:58:30 : Group: PRISMIC: HE CALLED ME AN IDIOT WHEN HE LEFT THE DOOR OPEN
18:58:37 : Group: Turmoil: lol
18:58:46 : Group: Turmoil: well, good thing you have good neighbours then ;) lol
18:58:54 : Group: Turmoil: can you let me out perhaps? i got other stuff to do ^^
18:59:24 : Group: Turmoil: thank you sir
19:02:29 : Group: PRISMIC: SHOTS !!!
19:03:02 : Group: Turmoil: wasnt that longsleeves shooting? or laurence? i cant see anything
19:03:19 : Group: Turmoil: nope
19:03:28 : Group: Turmoil: wasnt me either
19:03:42 : Group: Turmoil: its AI
19:03:47 : Group: Turmoil: loool
19:04:21 : Group: Turmoil: dont see the ai tho
19:05:08 : Group: Turmoil: gun shots
19:06:56 : Group: Turmoil: checking
19:07:17 : Group: Turmoil: dont see anything
19:07:23 : Group: Turmoil: another ai?
19:08:13 : Group: Turmoil: coming
19:11:20 : Group: Turmoil: surprise
19:11:22 : Group: Turmoil: lol
19:12:22 : Group: Turmoil: ill head back down and see if he went towards base, probably the guy who took the plotpole
19:14:45 : Group: Turmoil: HELI!
19:14:54 : Group: Turmoil: ai heli
19:17:54 : Group: PRISMIC: turmoil take out that heli ?
19:18:08 : Group: Turmoil: i only have DMR atm, not much use against that heli xD
19:18:13 : Group: Turmoil: i can try tho
19:19:05 : Group: Turmoil: longsleeves? 
19:19:19 : Group: Sir LongSleeves: YES
19:20:38 : Group: PRISMIC: .
19:25:42 : Group: Peasant: sup?
19:26:09 : Group: T.J: yo fontes
19:26:13 : Group: PRISMIC: so we dont shoot eachother  by mistake
19:26:14 : Group: Fontes: uh ?
19:26:17 : Group: Peasant: ok cool
19:26:19 : Group: Fontes: Svay ?
19:26:22 : Group: T.J: ye
19:26:24 : Group: Fontes: ah
19:26:27 : Group: Fontes: Yo :D
19:26:32 : Group: T.J: yoo :D
19:26:38 : Group: T.J: its svvay btw xd
19:26:42 : Group: Sir LongSleeves: Peasant, your gonna pay for my chopper
19:26:44 : Group: Laurence Gommersil: You have to wait 150s
19:26:46 : Group: Fontes: that you first name ?
19:26:49 : Group: Fontes: your 
19:26:49 : Group: Laurence Gommersil: /suicide
19:26:51 : Group: T.J: no lmao
19:26:53 : Group: Peasant: what chopper?
19:26:57 : Group: T.J: my first name is Tarjei
19:26:58 : Group: Sir LongSleeves: the green one
19:27:04 : Group: Fontes: ah lol
19:27:11 : Group: Sir LongSleeves: need repairs
19:27:23 : Group: Fontes: what does svayy mean
19:27:28 : Group: T.J: its just my nick
19:27:33 : Group: Peasant: Im a peasant, I have none
19:27:34 : Group: Sir LongSleeves: instruments are red
19:27:43 : Group: Fontes: Fontes is mine as well
19:27:50 : Group: T.J: ahh
19:27:52 : Group: T.J: whats ur irl
19:27:58 : Group: Fontes: Gido 
19:27:59 : Group: Fontes: :D
19:28:08 : Group: T.J: haha dope 
19:29:27 : Group: Fontes: you doing something ?
19:29:33 : Group: T.J: buildin ma base :D
19:29:41 : Group: Fontes: ah nice
19:29:52 : Group: Fontes: with the other guys ?
19:29:53 : Group: T.J: your welcome to come over
19:29:58 : Group: T.J: nah alone
19:30:13 : Group: T.J: yo you see that mission?
19:30:19 : Group: T.J: its close to here, you can help me do it?
19:30:28 : Group: Fontes: sure man
19:31:04 : Group: Peasant: inv turmoil.. hes not in group
19:32:11 : Group: Joshuaa: sup bro
19:32:16 : Group: Joshuaa: bros
19:32:16 : Group: T.J: yoo
19:32:16 : Group: Fontes: hey man
19:32:29 : Group: Joshuaa: base is looking good man!
19:32:32 : Group: T.J: :D
19:32:36 : Group: T.J: ty!
19:32:55 : Group: Joshuaa: you planning on making the sniper tower taller?
19:33:04 : Group: T.J: yup
19:33:50 : Group: T.J: its a bit slow to get up
19:33:54 : Group: T.J: but its the only affordable way
19:34:01 : Group: Joshuaa: its fine man
19:34:12 : Group: T.J: ^^
19:34:14 : Group: Joshuaa: jus tkeep building it up with ladders
19:34:14 : Group: Fontes: im at the mission
19:34:20 : Group: T.J: ait
19:34:23 : Group: T.J: yo josh
19:34:26 : Group: Joshuaa: yo
19:34:27 : Group: T.J: fontes at the mv22 mission
19:34:34 : Group: T.J: lets help him out
19:34:34 : Group: Joshuaa: ill snipe for him
19:34:38 : Group: T.J: nicee
19:34:41 : Group: T.J: the roof is wokring
19:34:43 : Group: T.J: like the top
19:34:45 : Group: Joshuaa: could you unlock my safe plz
19:34:52 : Group: Joshuaa: its locked me out again haha
19:34:55 : Group: T.J: itws opne
19:34:56 : Group: T.J: here
19:35:00 : Group: T.J: you can have this one
19:35:04 : Group: T.J: i had to use that
19:35:08 : Group: T.J: quicker to relocate iterms
19:35:19 : Group: Joshuaa: you got a sniper?
19:35:25 : Group: Fontes: ive got one
19:35:25 : Group: Joshuaa: i had an m24 someqwhewre
19:35:37 : Group: T.J: josh come take this sfafe
19:35:38 : Group: T.J: safe
19:35:42 : Group: T.J: fuck i suck at writing
19:35:57 : Group: T.J: thats urs
19:36:14 : Group: Joshuaa: sweet, is there an m24 anywhere, i had one?
19:36:14 : Group: T.J: thge code is
19:36:18 : Group: T.J: hmm
19:36:20 : Group: T.J: i dont see any
19:36:39 : Group: Joshuaa: ill snipe fontes wait a sec
19:37:11 : Group: T.J: here is a dmr
19:37:15 : Group: T.J: you can use that
19:37:17 : Group: T.J: and m110
19:37:22 : Group: Fontes: be careful though there are some dead zombies here
19:37:25 : Group: Joshuaa: you got rounds for m110?
19:37:28 : Group: T.J: yup
19:37:41 : Group: Joshuaa: im sniping from base font
19:38:09 : Group: T.J: josh, you got a knife?
19:38:11 : Group: T.J: XD
19:38:23 : Group: Joshuaa: nah sorry dude
19:38:26 : Group: T.J: ahh okey
19:38:47 : Group: Joshuaa: dude, we need to transfer our stuff from old base
19:38:50 : Group: Fontes: you guys coming down here when the mission is finished ?
19:38:52 : Group: T.J: agreed
19:38:56 : Group: T.J: yeah
19:39:15 : Group: Joshuaa: fuck i cant see it
19:39:17 : Group: T.J: ahh
19:39:20 : Group: T.J: dammnit
19:39:28 : Group: Joshuaa: ill bike to you fontes
19:39:38 : Group: Joshuaa: yo what was the code to my safe?
19:39:42 : Group: Fontes: can get a good look at it from this hill man
19:39:55 : Group: T.J: i could not find it
19:39:59 : Group: Joshuaa: going to hill
19:40:00 : Group: T.J: fuck 
19:40:12 : Group: T.J: i can repack it and you'll place it
19:40:13 : Group: Joshuaa: damn haha
19:43:37 : Group: Joshuaa: coming font
19:43:41 : Group: Fontes: around 8 man 
19:44:23 : Group: Joshuaa: players?
19:44:28 : Group: Fontes: no AI
19:45:58 : Group: Fontes: you have bloodbaG?
19:46:02 : Group: Joshuaa: nah sorry
19:46:08 : Group: Joshuaa: oh wait yeah
19:46:38 : Group: Fontes: cant see them properly from here
19:46:51 : Group: PRISMIC: pedddwaDw
19:46:57 : Group: Joshuaa: you got rangefinder?
19:46:57 : Group: PRISMIC: pesent helpw
19:47:05 : Group: PRISMIC: keep eyes on mkission
19:47:26 : Group: Fontes: yep
19:47:31 : Group: Joshuaa: range it please
19:47:41 : Group: Fontes: how do you use them :D
19:47:46 : Group: Joshuaa: press b
19:47:50 : Group: Fontes: range is 350 btw
19:47:55 : Group: Fontes: marked it
19:48:18 : Group: Joshuaa: im ready to fire
19:48:51 : Group: Peasant: bugger
19:48:54 : Group: Joshuaa: you?
19:48:55 : Group: Fontes: cant see anybody
19:49:04 : Group: Fontes: only one gunner
19:49:07 : Group: Joshuaa: i see 2
19:49:15 : Group: Joshuaa: you take gunner and ill take these 2
19:49:21 : Group: Joshuaa: theyve ran off
19:50:01 : Group: Joshuaa: should i take gunner?
19:50:36 : Group: Fontes: lol where the fuck are they
19:50:54 : Group: Fontes: i only see one
19:51:27 : Group: Fontes: see 2
19:51:29 : Group: Joshuaa: heres the plan, if you see one shoot
19:52:47 : Group: Joshuaa: move position
19:53:59 : Group: Peasant: coming in heli
19:54:34 : Group: Peasant: not yours
19:54:49 : Group: Peasant: shut up duse
19:54:50 : Group: Joshuaa: that was close
19:54:54 : Group: PRISMIC: shoot the fucking heli 
19:55:25 : Group: Fontes: who shooted with dmr
19:55:54 : Group: Joshuaa: i killed 4
19:56:00 : Group: Joshuaa: how many you got
19:56:09 : Group: Fontes: uh 2 
19:56:19 : Group: Joshuaa: probs 2 left
19:56:21 : Group: Fontes: so about 2 left i think
19:58:06 : Group: Joshuaa: i got hit
19:58:39 : Group: Fontes: from the camp i think
19:59:03 : Group: Joshuaa: im low blood
19:59:18 : Group: Fontes: stay low
19:59:36 : Group: Joshuaa: is it ai at camp?
19:59:43 : Group: Fontes: i think yeah
19:59:58 : Group: Joshuaa: fucking aimbot man
20:00:45 : Group: Joshuaa: where you going
20:01:00 : Group: Fontes: got the dmr
20:01:10 : Group: Joshuaa: ai?
20:01:17 : Group: Fontes: think so yeah
20:01:22 : Group: Joshuaa: you killed him?
20:01:25 : Group: Fontes: yep
20:01:30 : Group: Joshuaa: nice one
20:01:42 : Group: Fontes: another AI
20:01:59 : Group: Peasant: wtf, one vanished
20:02:19 : Group: PRISMIC: thankyou peasentgood lad !!
20:02:23 : Group: Joshuaa: where the fukc is the ladt ai?
20:02:27 : Group: Joshuaa: last
20:02:55 : Group: Fontes: dont know man
20:03:00 : Group: Joshuaa: whos shooting?
20:03:02 : Group: Fontes: i shout 1 at the mission just then
20:03:03 : Group: Fontes: me
20:03:09 : Group: Peasant: they logged out, pussies
20:03:16 : Group: Joshuaa: should i flank with you?
20:03:46 : Group: PRISMIC: mission camper ahs :)
20:04:26 : Group: Fontes: i see 2
20:04:30 : Group: Joshuaa: where
20:04:32 : Group: Fontes: on the left
20:04:35 : Group: Fontes: laying on the ground
20:04:39 : Group: Joshuaa: yep i see
20:04:39 : Group: Fontes: fuck server restart
20:04:46 : Group: Joshuaa: wait for screen to stop shaking
20:04:52 : Group: Fontes: i take left
20:05:08 : Group: Joshuaa: ready?
20:05:27 : Group: Fontes: i was yeah :D
20:05:35 : Group: Joshuaa: my zeroing was off haha oops
20:05:46 : Group: Joshuaa: you thinbk thats it
20:05:51 : Group: Fontes: dont even know how that works
20:06:09 : Group: Joshuaa: we got 8 mins
20:07:30 : Group: PRISMIC: THATS OUR HELI IS  IT LOCKED  ?
20:07:41 : Group: Peasant: this is my little bird
20:07:46 : Group: Peasant: chared it
20:07:49 : Group: PRISMIC: KK
20:07:49 : Group: Peasant: craahed
20:07:50 : Group: Joshuaa: ehli wait
20:08:03 : Group: PRISMIC: TY  FOR THE HELP MATE
20:08:07 : Group: Peasant: ok
20:08:19 : Group: Fontes: gone ?
20:08:38 : Group: Peasant: sorry for misunderstanding thought you guys were the raiders from the other day
20:08:51 : Group: Laurence Gommersil: hey peasant
20:09:09 : Group: Joshuaa: lets take this man
20:09:45 : Group: Joshuaa: hope i can fly this lol
20:09:49 : Group: Fontes: hehe
20:10:20 : Group: Fontes: nicee
20:10:46 : Group: Joshuaa: we gotta land
20:10:50 : Group: Fontes: jep
20:11:26 : Group: T.J: u got 2 min boys
20:11:36 : Group: Joshuaa: i dunno how to land fuck
20:11:41 : Group: T.J: come here and land
20:11:44 : Group: T.J: auto hover on
20:11:45 : Group: T.J: btw
20:12:11 : Group: Fontes: just get on as quick as possible
20:12:24 : Group: Joshuaa: ayyy
20:17:53 : Group: Fontes: hop hop
20:17:54 : Group: Fontes: :D
20:17:54 : Group: Joshuaa: im scared to fly this man haha
20:18:14 : Group: Fontes: lol i really dont know how to fly
20:18:50 : Group: Fontes: to the aircraft dealer ?
20:19:19 : Group: Joshuaa: if i can get there haha
20:19:25 : Group: Fontes: sure you can
20:19:55 : Group: Fontes: need to move my gear as well
20:20:03 : Group: Fontes: all my gear is still at the old base
20:20:12 : Group: Joshuaa: sameee
20:20:55 : Group: Fontes: lol my stats say murders 1 
20:20:59 : Group: Fontes: didnt kill anybody
20:21:06 : Group: Joshuaa: haha
20:21:15 : Group: Joshuaa: this gonna be hard to land fuckkk
20:21:25 : Group: Fontes: just autohover
20:21:47 : Group: Joshuaa: can we sell it
20:21:50 : Group: Fontes: jepp
20:22:08 : Group: Joshuaa: fuck im scared
20:22:13 : Group: Fontes: :D
20:22:36 : Group: Fontes: just put in on the freeway
20:22:51 : Group: Fontes: hangers at the right
20:23:24 : Group: Joshuaa: wow
20:23:28 : Group: Joshuaa: i did itttttt
20:23:29 : Group: Fontes: turn it :D
20:24:23 : Group: Joshuaa: hmm this is awkward
20:24:28 : Group: Fontes: lol
20:26:42 : Group: Fontes: you coming ? :D
20:26:48 : Group: Joshuaa: wan on phone sorry
20:27:30 : Group: Fontes: buy a chopper or something back
20:27:31 : Group: Joshuaa: 3 BRIEFS
20:28:00 : Group: Fontes: how does flying work ?
20:28:09 : Group: Joshuaa: HELI COPTERS ARE EASY
20:28:21 : Group: Fontes: just like battlefield ?
20:28:26 : Group: Joshuaa: q to go up, wasd to move
20:28:30 : Group: Joshuaa: z to land
20:28:33 : Group: Fontes: oh lol
20:28:51 : Group: Joshuaa: ill get a little bird
20:29:42 : Group: Joshuaa: tj we coming
20:29:54 : Group: T.J: nicee
20:30:40 : Group: Fontes: ah men nice beer after a hard day work :D
20:30:51 : Group: T.J: hell yeah
20:30:52 : Group: Joshuaa: niceee
20:31:07 : Group: T.J: cold beer?
20:31:15 : Group: Fontes: no but its a special beer
20:31:19 : Group: T.J: ohshit
20:31:27 : Group: T.J: man no beer is good if its hot
20:31:35 : Group: Fontes: no man 
20:31:39 : Group: Fontes: a special one is :D
20:31:56 : Group: T.J: i trust in you :D
20:32:13 : Group: Fontes: how old do you need to be to drink booze in norway?
20:32:25 : Group: T.J: 18
20:32:30 : Group: Fontes: ah same here
20:32:33 : Group: Fontes: it was 16
20:32:33 : Group: Joshuaa: same
20:32:38 : Group: Fontes: but they have changed it
20:32:41 : Group: T.J: wut
20:32:43 : Group: Fontes: 1 year ago
20:32:44 : Group: T.J: america2.0
20:32:52 : Group: Fontes: well 
20:33:11 : Group: Fontes: speeking of booze i think the netherlands is the best place to go if you want to drink a lot :D
20:33:22 : Group: T.J: xxx
20:33:23 : Group: T.J: or what?
20:33:36 : Group: Fontes: ?
20:33:39 : Group: T.J: yoyo
20:33:47 : Group: T.J: last time I was in the netherlands
20:34:36 : Group: Fontes: lol you`ve been to the nethlernads ?
20:34:39 : Group: Fontes: netherlands
20:35:00 : Group: T.J: yeha
20:35:03 : Group: T.J: amsterdam
20:35:07 : Group: Fontes: ah wel
20:35:13 : Group: Fontes: i live in Groningen
20:35:18 : Group: T.J: where?
20:35:22 : Group: T.J: is das
20:35:24 : Group: Fontes: top of the netherlands
20:35:29 : Group: Joshuaa: can we transfer old stuff from base now?
20:35:42 : Group: Fontes: closests to norway
20:36:15 : Group: T.J: sure u do that
20:36:24 : Group: Joshuaa: font you up for it?
20:36:24 : Group: T.J: im too lazy xD
20:36:35 : Group: Fontes: ah need to go in 30 mins
20:36:38 : Group: Fontes: but allright
20:36:56 : Group: Joshuaa: what vehicle has the most sotrage?
20:37:01 : Group: Joshuaa: storage
20:37:06 : Group: T.J: ural
20:37:08 : Group: T.J: take it
20:37:19 : Group: Joshuaa: middle one?
20:37:20 : Group: T.J: FUCK
20:37:28 : Group: T.J: NO
20:37:31 : Group: Fontes: beter we go in different vehicles dont you think ?
20:37:32 : Group: T.J: FUCK 
20:37:36 : Group: Joshuaa: what
20:37:38 : Group: Fontes: wat?
20:37:54 : Group: Joshuaa: erm
20:37:56 : Group: Fontes: lost the keys i recon
20:38:13 : Group: Joshuaa: going to toilet 2 mins
20:38:48 : Group: Fontes: you need it destroyed?
20:38:51 : Group: T.J: hmm idk
20:38:53 : Group: T.J: ill ask admin
20:39:18 : Group: T.J: wops
20:41:54 : Group: Joshuaa: yo
20:41:59 : Group: Cristi: Ty
20:42:03 : Group: Winans: hi
20:42:06 : Group: Fontes: need drinkl
20:42:07 : Group: T.J: car
20:42:08 : Group: Hailstorm: whats going on
20:42:11 : Group: Cristi: Fishing..
20:42:18 : Group: Winans: yeah...
20:42:21 : Group: Hailstorm: yep
20:42:26 : Group: Joshuaa: which one tj
20:42:31 : Group: Fontes: suv
20:42:37 : Group: Hailstorm: a guy with g36 shot at us ^^
20:42:41 : Group: Cristi: Where
20:42:44 : Group: Cristi: In base?
20:42:48 : Group: T.J: suv driving towards the sniperhill
20:42:50 : Group: Winans: balota before restart
20:42:54 : Group: Winans: from the beach^^
20:42:55 : Group: Fontes: i see
20:42:56 : Group: Cristi: Pf
20:43:01 : Group: T.J: dont shoot
20:43:05 : Group: T.J: gonna take him with 107
20:43:05 : Group: Cristi: You need help? Or did you leave?
20:43:10 : Group: Joshuaa: im getting weapon
20:43:27 : Group: Winans: nah we just checked out a base and are going to keep fishing
20:43:36 : Group: Winans: we can pick u up later if u want
20:43:41 : Group: Hailstorm: need money for building
20:43:43 : Group: Cristi: Yeh, I'd like that
20:43:48 : Group: Joshuaa: where
20:43:54 : Group: Fontes: they dropped some one at the camp
20:44:11 : Group: Fontes: shots at the camp
20:44:51 : Group: Joshuaa: zombies running
20:45:13 : Group: Joshuaa: sub
20:45:16 : Group: T.J: i see
20:45:17 : Group: Joshuaa: suv moving
20:45:18 : Group: T.J: lemme take a shot
20:45:27 : Group: Joshuaa: wait for good shot
20:45:31 : Group: T.J: ill try
20:46:16 : Group: Joshuaa: z running
20:46:19 : Group: T.J: 700 m to the closest wall
20:46:43 : Group: T.J: check ur environment
20:46:45 : Group: Fontes: where the suv at
20:46:46 : Group: Joshuaa: im zeroed
20:46:55 : Group: Joshuaa: gone behind building
20:47:07 : Group: Fontes: i dont know how zeroing works lol
20:47:15 : Group: T.J: we're sitting ducks
20:47:20 : Group: T.J: fuck us lmao
20:47:49 : Group: Joshuaa: you got a wall to put on the side?
20:48:07 : Group: Fontes: i can move up ?
20:48:15 : Group: Joshuaa: i wouldnt man
20:48:17 : Group: T.J: nah, not as of rite now 
20:48:19 : Group: T.J: sorry bro xd
20:48:28 : Group: T.J: one is in the barracks
20:48:29 : Group: T.J: left one
20:48:43 : Group: Joshuaa: who patrick?
20:48:48 : Group: T.J: phaetta
20:48:51 : Group: Fontes: cant get out :D
20:48:52 : Group: Joshuaa: ah sweet
20:48:52 : Group: Patrick: eheh Phaetta xD
20:48:57 : Group: Fontes: hey man
20:49:00 : Group: Joshuaa: yo
20:49:01 : Group: T.J: omw
20:49:04 : Group: Patrick: hey :D
20:49:18 : Group: Joshuaa: font we need to go back to old base
20:49:23 : Group: Fontes: yeah i know
20:49:26 : Group: Fontes: lets go
20:49:31 : Group: T.J: added u
20:49:39 : Group: Joshuaa: take heli 1st i think
20:49:43 : Group: Joshuaa: brab thingsd you need
20:49:58 : Group: Joshuaa: getting key
20:50:02 : Group: Fontes: i got a lot of stuff though
20:50:11 : Group: Joshuaa: main things
20:50:18 : Group: Joshuaa: then we'll come back for other
20:50:24 : Group: Fontes: sure man
20:50:34 : Group: Fontes: i died yesterday when i spawned
20:50:38 : Group: Joshuaa: i got 10 briefs sitting there haha
20:50:47 : Group: Fontes: and then half of my safe was empty
20:50:55 : Group: Fontes: 8 briefcases gone
20:51:00 : Group: Joshuaa: no way man
20:51:02 : Group: T.J: hey josh
20:51:04 : Group: Fontes: 3 dmr`s
20:51:06 : Group: Joshuaa: yo
20:51:07 : Group: T.J: can you take some tank traps with you?
20:51:14 : Group: Fontes: it was bullshit man
20:51:36 : Group: Joshuaa: ya
20:51:51 : Group: T.J: yi
20:51:58 : Group: Joshuaa: where you want them?
20:52:04 : Group: T.J: could you drop em?
20:52:06 : Group: T.J: xD
20:52:07 : Group: T.J: like
20:52:11 : Group: T.J: do you have it on you?
20:52:17 : Group: Joshuaa: no haha
20:52:22 : Group: T.J: ahh hahah
20:52:47 : Group: Joshuaa: careful font
20:52:50 : Group: Joshuaa: hahaha
20:53:07 : Group: Cristi: .
20:53:11 : Group: Joshuaa: ill be 2 secs
20:53:15 : Group: Cristi: Can you add Mario? 
20:53:21 : Group: Winans: i did
20:53:21 : Group: Cristi: And Topor
20:53:27 : Group: Cristi: k
20:53:33 : Group: T.J: wtf
20:53:37 : Group: T.J: vehicle
20:53:38 : Group: T.J: inc
20:53:47 : Group: T.J: vehicle!!!
20:53:50 : Group: Fontes: broke man
20:53:52 : Group: Fontes: wtf
20:53:56 : Group: Fontes: my pc is broke
20:54:01 : Group: Joshuaa: scrool and press get out
20:54:12 : Group: Winans: 30 min fishing as 3 .... 15-20 bc
20:54:13 : Group: Joshuaa: lol
20:54:15 : Group: Fontes: for fuck sake haha
20:54:20 : Group: Fontes: scared the shit out of me
20:54:46 : Group: Joshuaa: where the vehicle?
20:54:54 : Group: Fontes: ye where he at ?
20:54:57 : Group: T.J: i dont know
20:55:01 : Group: T.J: unlocated
20:55:20 : Group: Joshuaa: font lets go
20:55:31 : Group: Fontes: yep
20:55:51 : Group: Joshuaa: is base locked?
20:55:55 : Group: Fontes: no
20:56:07 : Group: Fontes: uh i mean yes
20:56:08 : Group: Fontes: lo.l
20:56:17 : Group: Hailstorm: hi
20:56:25 : Group: Winans: ho
20:57:01 : Group: Hailstorm: still fishing cristi ?
20:57:08 : Group: Cristi: ye
20:57:20 : Group: Hailstorm: and your mates wont help???
20:57:24 : Group: Winans: how much you got
20:57:32 : Group: Hailstorm: to boring...
20:57:32 : Group: Cristi: 31
20:57:48 : Group: Cristi: I play on ipad :)) while fishing :)) 
20:58:05 : Group: Hailstorm: ok
20:58:07 : Group: Cristi: We run multiple ops, to say the least :))) 
20:58:40 : Group: Hailstorm: we have one guy whos doing nothing, cause its to boring
20:58:53 : Group: Topor: yep...continue to play dayz for fishing:))
20:58:57 : Group: Hailstorm: if we will make pvp he will join...
20:59:35 : Group: Hailstorm: or sometimes he join when we are building base
20:59:43 : Group: Hailstorm: but he wont farm
20:59:45 : Group: Fontes: lol my other save is gone ass wel
20:59:46 : Group: Fontes: wtf
20:59:55 : Group: Joshuaa: tj your safes are gone bro
21:00:22 : Group: T.J: i've extracted em
21:01:02 : Group: Fontes: is a ksvk powerfull ?
21:01:10 : Group: Joshuaa: yeah
21:01:26 : Group: Joshuaa: i got like 30 briefcases worht of stuff on me shitttt
21:01:31 : Group: Hailstorm: fishi fishi fishi...
21:01:47 : Group: Fontes: i only have guns left man
21:01:50 : Group: Fontes: the rest is gone
21:01:55 : Group: Cristi: Know Asus?
21:02:04 : Group: Hailstorm: he is knew
21:02:04 : Group: Joshuaa: dont worry man
21:02:10 : Group: Hailstorm: ups
21:02:12 : Group: Cristi: new*?
21:02:13 : Group: Hailstorm: new
21:02:13 : Group: Winans: lol
21:02:29 : Group: Winans: the struggle to speak and write english
21:02:32 : Group: Winans: its real
21:02:57 : Group: Joshuaa: im ready
21:03:20 : Group: Fontes: well i can transfer my guns if i have another save
21:03:41 : Group: Joshuaa: i got two lockboxes man, you can have one
21:03:42 : Group: Fontes: think i`ll do that tomorrow
21:05:53 : Group: T.J: FUCK
21:05:53 : Group: T.J: SAKE
21:05:59 : Group: Fontes: wat ?
21:06:24 : Group: T.J: SHIT
21:06:39 : Group: Fontes: lol
21:06:42 : Group: Fontes: whats wrong man ?
21:06:50 : Group: T.J: wrong way
21:06:52 : Group: T.J: everything
21:07:01 : Group: Joshuaa: omg omg
21:07:06 : Group: Fontes: nice landing :D
21:07:27 : Group: T.J: LMAO
21:07:28 : Group: Fontes: you got shot josh ?
21:07:32 : Group: Joshuaa: i need bandagew help!!!
21:07:37 : Group: Joshuaa: now!!!!
21:07:41 : Group: T.J: font go
21:07:49 : Group: Joshuaa: please!!!
21:07:59 : Group: Joshuaa: blood please
21:08:18 : Group: Fontes: cant blood you wtf
21:08:47 : Group: Fontes: how the fuck did you to this lol
21:08:49 : Group: Joshuaa: it was heli or shots
21:08:59 : Group: Joshuaa: thanks man
21:09:28 : Group: Joshuaa: fuckkkk
21:09:56 : Group: Cristi: almost a large gunbag..
21:10:04 : Group: Cristi: you guys?
21:10:08 : Group: Winans: we can pick you up
21:10:12 : Group: Winans: alsmost done aswell
21:10:18 : Group: Cristi: I'll go sell this then go by hero trader.
21:10:25 : Group: Cristi: I'll tell you later if I need a pickup 
21:10:27 : Group: Cristi: I have a lil bird here
21:10:33 : Group: Winans: ah okay
21:10:37 : Group: Cristi: I think I'll go help my mates. 
21:10:42 : Group: Winans: sure
21:11:44 : Group: Fontes: need to move the heli ?
21:12:01 : Group: Fontes: shoys
21:12:04 : Group: Fontes: shots
21:12:19 : Group: Fontes: from the camp again i think
21:12:56 : Group: Fontes: you getting shot at ?
21:13:10 : Group: Joshuaa: dont see anyone
21:13:12 : Group: Joshuaa: no
21:13:39 : Group: Fontes: heard a shot right here thogh
21:13:42 : Group: Fontes: though
21:13:46 : Group: Joshuaa: at the base
21:13:49 : Group: Fontes: again
21:13:57 : Group: Joshuaa: tj was that u?
21:13:59 : Group: Fontes: its hitting the wall or something
21:14:13 : Group: T.J: njet
21:14:25 : Group: Fontes: think its from the AI base
21:15:58 : Group: Joshuaa: font you wanna do mission?
21:16:05 : Group: Fontes: i see you phae
21:16:11 : Group: Fontes: i think im going man
21:20:16 : Group: Fontes: nailed it :D
21:20:29 : Group: Joshuaa: huh
21:20:47 : Group: Fontes: headshot at zombie from 800 meter
21:20:55 : Group: Joshuaa: niceee
21:21:31 : Group: Fontes: dmr is probably best sniper :D
21:21:39 : Group: Joshuaa: i like m110 
21:22:30 : Group: T.J: fk
21:22:34 : Group: T.J: dont shoot XD
21:22:36 : Group: Joshuaa: sup
21:22:37 : Group: Fontes: haha
21:22:37 : Group: T.J: i cant build
21:22:39 : Group: Fontes: sorry man
21:22:46 : Group: T.J: lol no worries
21:22:59 : Group: Fontes: im going lads
21:23:05 : Group: Joshuaa: ok man, cya
21:23:12 : Group: Fontes: bye guys !
21:23:18 : Group: Joshuaa: byeeee
21:23:30 : Group: T.J: good boye!
21:23:34 : Group: T.J: bye
21:23:34 : Group: T.J: lol
21:24:50 : Group: Joshuaa: heli
21:24:57 : Group: T.J: thx
21:26:25 : Group: Joshuaa: wihin 1000m theres 2 player/ai not including us
21:26:41 : Group: Patrick: prob at this military base
21:28:59 : Group: Joshuaa: 5 players now
21:29:03 : Group: T.J: where?
21:29:08 : Group: Patrick: 2 in the camp
21:29:09 : Group: Joshuaa: in 1000m
21:29:15 : Group: T.J: ok
21:29:17 : Group: Joshuaa: ill snipe from base patrick
21:29:53 : Group: Joshuaa: where in the camp?
21:30:59 : Group: Joshuaa: where were they patrick?
21:31:10 : Group: Patrick: base
21:31:14 : Group: Patrick: with a car
21:31:19 : Group: Patrick: military base
21:31:23 : Group: Joshuaa: ok
21:32:28 : Group: Joshuaa: car moving
21:32:35 : Group: T.J: militarybase?
21:32:42 : Group: Joshuaa: yep, it went behind
21:33:16 : Group: Patrick: someone is shooting from the ohter base
21:33:28 : Group: Joshuaa: i need bandage quick
21:33:37 : Group: Joshuaa: thanks dude
21:34:30 : Group: Joshuaa: fuck my guy was shaking
21:34:31 : Group: T.J: ffs
21:35:44 : Group: Joshuaa: i need to relog
21:35:44 : Group: T.J: from?
21:35:53 : Group: Joshuaa: im almost hit damn
21:36:09 : Group: Patrick: from greenmountain direction
21:36:23 : Group: Joshuaa: its glitched so i cant get down ladder ffs
21:36:47 : Group: T.J: i gotta fix that
21:36:48 : Group: T.J: ffs
21:37:15 : Group: Joshuaa: im pinned down
21:39:49 : Group: Cristi: I'm logging out guys
21:39:59 : Group: Hailstorm: night
21:40:05 : Group: Cristi: fyi
21:40:11 : Group: Cristi: There's a base coming up near Petrovka
21:40:19 : Group: Cristi: marked it
21:40:22 : Group: Cristi: Might wanna look out
21:40:38 : Group: Winans: .mark in group
21:40:42 : Group: Cristi: I did
21:40:47 : Group: Winans: right
21:40:49 : Group: Winans: ty
21:40:51 : Group: Winans: gn6
21:40:52 : Group: Hailstorm: thx, we will wtahc this
21:40:55 : Group: Cristi: kk, good night
21:40:55 : Group: Winans: gn8
21:41:03 : Group: Joshuaa: they still shooting?
21:41:08 : Group: Patrick: yup
21:41:19 : Group: Joshuaa: can you see them>
21:41:23 : Group: Patrick: nope
21:42:01 : Group: Joshuaa: fuck man
21:42:40 : Group: Joshuaa: is it safe to go down ladders
21:43:02 : Group: Patrick: yupp, i think so, he sucks at shooting anyways xD
21:43:33 : Group: Joshuaa: lolol
21:44:29 : Group: Joshuaa: is it not from the base ober there?
21:44:37 : Group: Patrick: nop
21:46:26 : Group: T.J: hi, im back
21:46:28 : Group: T.J: update me :D
21:46:38 : Group: Patrick: still shooting at us
21:46:39 : Group: Joshuaa: we're being shot at by a retard
21:46:47 : Group: T.J: lmao
21:46:48 : Group: T.J: where he at
21:46:54 : Group: Patrick: check map
21:46:57 : Group: Joshuaa: who by the looks of things has no eyes
21:46:58 : Group: T.J: lol someone outside
21:47:10 : Group: T.J: outside
21:47:11 : Group: T.J: someone
21:47:12 : Group: T.J: n
21:47:13 : Group: T.J: rn
21:47:47 : Group: Patrick: shoots from military base
21:47:47 : Group: Joshuaa: we cant move due to sjiper
21:47:56 : Group: Joshuaa: fuck mannn
21:49:12 : Group: Joshuaa: we cant move dude
21:49:35 : Group: Joshuaa: yo pat, where was he
21:50:34 : Group: Joshuaa: thats 1300m man
21:50:38 : Group: Joshuaa: way too far
21:50:47 : Group: T.J: look for 893m
21:50:53 : Group: T.J: see if you can find where he shot
21:51:02 : Group: Joshuaa: where were you when you died pat
21:51:16 : Group: Patrick: top floor
21:51:27 : Group: Joshuaa: shot from which direction
21:51:39 : Group: Patrick: military base
21:51:40 : Group: T.J: josh
21:51:48 : Group: Joshuaa: yo
21:52:10 : Group: T.J: lmao
21:52:20 : Group: Joshuaa: whats up
21:52:34 : Group: Turmoil: hey guys ^^
21:52:47 : Group: PRISMIC: SUP :)
21:52:54 : Group: Joshuaa: heli
21:53:01 : Group: Turmoil: selling stuff im finding around the map so i can buy a new chopper ^^
21:53:06 : Group: T.J: fuck im out
21:53:07 : Group: T.J: yolo
21:53:13 : Group: Joshuaa: military base is 737m
21:53:22 : Group: PRISMIC: dood ill give  u some mone ?
21:53:24 : Group: Joshuaa: huh?
21:53:38 : Group: PRISMIC: money
21:53:46 : Group: Turmoil: i can earn it myself :) dont wanna take your hard earned cash dude :)
21:54:15 : Group: PRISMIC: do dude honestly how much u need ?
21:54:34 : Group: Turmoil: need 3 more to buy an armed heli ^^ so its not that much, easily farmed
21:54:55 : Group: T.J: man thats annoying xD
21:55:04 : Group: Joshuaa: my guy is fucking orgasming
21:55:14 : Group: T.J: yea
21:55:27 : Group: T.J: its really taking the piss
21:55:27 : Group: Joshuaa: hes finished haha
21:55:30 : Group: T.J: hahahaha
21:55:34 : Group: Joshuaa: no hes not wtfff
21:55:45 : Group: T.J: lmao
21:57:44 : Group: T.J: anyone got tank trap?
21:57:52 : Group: Joshuaa: nah
21:58:57 : Group: T.J: :(
21:59:14 : Group: Joshuaa: whats up?
21:59:34 : Group: Joshuaa: ufckkk where are they
22:01:06 : Group: Joshuaa: this is bad man
22:01:13 : Group: Patrick: yee
22:01:13 : Group: T.J: this sux
22:02:12 : Group: Joshuaa: this is impossible
22:02:15 : Group: T.J: ill get building supplies
22:02:15 : Group: Patrick: at the player base near us
22:02:18 : Group: T.J: just tell me what u need
22:02:30 : Group: T.J: wtf
22:02:38 : Group: Joshuaa: the wooden one?
22:02:47 : Group: Patrick: and from military
22:02:53 : Group: Joshuaa: okk
22:03:09 : Group: Joshuaa: wtffff
22:03:48 : Group: Joshuaa: where was he?
22:03:54 : Group: Patrick: shooting us in all directions xD
22:03:59 : Group: Joshuaa: ikr
22:04:00 : Group: Patrick: at the player base
22:04:05 : Group: Patrick: check map
22:04:08 : Group: Joshuaa: wooden one?
22:04:19 : Group: Patrick: ye
22:04:23 : Group: Joshuaa: okkk
22:04:52 : Group: Joshuaa: holy fuck dude hahaha
22:05:30 : Group: Turmoil: unknown, really? xD
22:05:50 : Group: Peasant: ;D
22:05:56 : Group: Peasant: mind bullets
22:06:15 : Group: Patrick: fucking hell
22:06:24 : Group: Joshuaa: 796
22:06:33 : Group: Joshuaa: peasant
22:06:35 : Group: T.J: lmao u at combat?
22:06:37 : Group: T.J: hehe xd
22:07:16 : Group: T.J: PATRIK
22:07:18 : Group: T.J: wops
22:07:21 : Group: Joshuaa: he died
22:07:24 : Group: T.J: ah
22:07:26 : Group: T.J: XD
22:07:32 : Group: Patrick: ?
22:07:32 : Group: T.J: chopper inc
22:07:35 : Group: T.J: stary
22:07:42 : Group: T.J: get rdy
22:07:47 : Group: Joshuaa: yep
22:08:31 : Group: Joshuaa: its passing
22:09:30 : Group: Joshuaa: going too fast
22:10:25 : Group: Joshuaa: one has pats gear on
22:11:29 : Group: T.J: WTF
22:11:32 : Group: Joshuaa: omfg
22:11:35 : Group: Joshuaa: hahahahah
22:11:38 : Group: T.J: whats happening
22:11:43 : Group: Joshuaa: its like world war fuciing 3
22:11:45 : Group: T.J: choppers, mozzies, pvp 
22:11:48 : Group: T.J: word brother
22:12:20 : Group: T.J: lmao he gonna kamikaze
22:12:34 : Group: T.J: LOL
22:12:53 : Group: Joshuaa: dont think we hit
22:13:12 : Group: Patrick: does anyone have lapua mags?
22:13:12 : Group: T.J: nop
22:13:15 : Group: T.J: nop
22:14:48 : Group: Joshuaa: omg a bird just flew through me
22:16:25 : Group: T.J: inc
22:16:26 : Group: T.J: lmao
22:16:33 : Group: Joshuaa: wtffff
22:17:17 : Group: Joshuaa: these zombies are shitttt
22:17:19 : Group: T.J: can someone kill the fucking zeds
22:17:20 : Group: T.J: yeah
22:17:21 : Group: T.J: pls
22:17:23 : Group: T.J: ahhahaah
22:17:30 : Group: Joshuaa: ill do it
22:17:35 : Group: T.J: thank you!!
22:17:55 : Group: Joshuaa: ill put away my good gear
22:18:13 : Group: T.J: ye
22:18:25 : Group: Joshuaa: leggo
22:18:35 : Group: Joshuaa: vehicle?
22:20:00 : Group: T.J: patrik
22:20:04 : Group: T.J: når action ikke kommer til deg
22:20:10 : Group: T.J: så må du dra til action xD
22:20:15 : Group: Patrick: ahah xD
22:23:34 : Group: PRISMIC: ts turmoil ?
22:23:58 : Group: Turmoil: not atm, gf is sleeping in couch
22:26:04 : Group: T.J: fk dude
22:26:09 : Group: T.J: that wouldve killed us
22:26:10 : Group: T.J: lmao
22:26:13 : Group: Joshuaa: what?
22:26:20 : Group: T.J: if two guys collide at a ladder
22:26:24 : Group: T.J: they get instakilled
22:26:26 : Group: Joshuaa: oh dear haha
22:26:28 : Group: T.J: xDD
22:26:46 : Group: T.J: im gonna go shopping
22:26:47 : Group: T.J: you up?
22:26:53 : Group: Joshuaa: yeah leggo
22:27:05 : Group: T.J: okay
22:27:06 : Group: T.J: 2 sec bby
22:28:41 : Group: Joshuaa: how aint i fell off 
22:28:55 : Group: Joshuaa: damn i must be magnetic
22:29:23 : Group: T.J: :d
22:29:27 : Group: T.J: patrik?
22:29:46 : Group: Patrick: ye=
22:29:54 : Group: T.J: yoo
22:29:57 : Group: T.J: ^^
22:30:04 : Group: Patrick: heyhey
22:31:04 : Group: Joshuaa: yo
22:31:05 : Group: Patrick: fær å sove (Y) g'nite 
22:31:10 : Group: T.J: serr
22:31:11 : Group: T.J: gnite
22:31:25 : Group: Joshuaa: i guess that means your going?
22:31:33 : Group: T.J: yeah he is
22:31:37 : Group: T.J: ;_;
22:31:39 : Group: Joshuaa: ok, bye man
22:32:12 : Group: T.J: lmao im out
22:32:14 : Group: T.J: ready?
22:32:20 : Group: Joshuaa: yaa
22:32:36 : Group: Joshuaa: did ytou buy truck?
22:33:32 : Group: T.J: you need to drive it
22:33:34 : Group: T.J: cant tow it
22:33:39 : Group: Arne: hello
22:33:55 : Group: T.J: it has alot of worth xD
22:33:58 : Group: T.J: be careful m8
22:35:12 : Group: T.J: got the door open for ya bby
22:35:55 : Group: Joshuaa: no room
22:36:01 : Group: T.J: hm
22:36:03 : Group: T.J: lemme try
22:36:35 : Group: T.J: lmao
22:36:35 : Group: Joshuaa: ah well haha
22:36:39 : Group: T.J: xDD
22:37:15 : Group: Joshuaa: im going now dude
22:37:23 : Group: T.J: alright bro ^^
22:37:24 : Group: T.J: cya m8
22:37:31 : Group: Joshuaa: cya man
23:58:10 : Group: M.K.: watch out
23:58:18 : Group: M.K.: that guy is nearby i think
23:58:20 : Group: M.K.: camping
23:58:37 : Group: M.K.: but he;s so fucking dumb, he's new to the game i think
23:59:07 : Group: Arne: haha
23:59:09 : Group: Arne: im good
