13:38:57 : Group: Hailstorm: hi
13:39:01 : Group: Alonso: hello
15:21:01 : Group: Hailstorm: u make the pickup?
15:21:36 : Group: Freedom: im at the mission m2 is still alive cant see from this postion about 4 ai down 
15:21:47 : Group: Freedom: split the ammo if you want to help?
15:23:35 : Group: Hailstorm: well, fuck
15:23:52 : Group: Hailstorm: they have a Kord
15:23:56 : Group: Freedom: lol i thought you were coming down a bit fast
15:24:15 : Group: Hailstorm: no
15:24:25 : Group: Freedom: they shot you down?
15:24:37 : Group: Hailstorm: 12,8mm shot me down
15:24:44 : Group: Freedom: ohh
15:25:06 : Group: Hailstorm: biggest caliber after the 20mm anzio
15:26:42 : Group: Freedom: isee him
15:26:49 : Group: Hailstorm: 5 bc down, armed my heli before
15:26:54 : Group: Hailstorm: :(
15:26:57 : Group: Freedom: ouch
15:27:07 : Group: Freedom: you can have the loot then
15:27:22 : Group: Hailstorm: hurts, unless i have 150 bc
15:27:38 : Group: Hailstorm: nana. half half
15:29:20 : Group: Freedom: 1500m away and i cant see where my bullet hits cant get him
15:29:32 : Group: Freedom: nvm hes down
15:33:42 : Group: Hailstorm: u sell the ammo, or you need something specail
15:33:52 : Group: Freedom: sell
15:34:07 : Group: Freedom: take what ever you need ill sell rest
15:34:24 : Group: Freedom: im not greedy
15:34:40 : Group: Hailstorm: half of the ammo in the crate
15:35:01 : Group: Freedom: you took your half?
15:35:05 : Group: Hailstorm: yep
15:35:09 : Group: Freedom: cool
15:35:17 : Group: Hailstorm: took 3 from all
15:35:38 : Group: Freedom: i trust you 
15:35:59 : Group: Hailstorm: u can watch into my bag
15:36:11 : Group: Hailstorm: u need rpg?
15:36:11 : Group: Freedom: i dont want the truck
15:36:20 : Group: Hailstorm: dont want it oo
15:36:30 : Group: Freedom: i can watch your bag?  no i have plenty of rpgs
15:37:05 : Group: Hailstorm: yep
15:37:22 : Group: Freedom: ohh no im good bro i belive you
15:37:27 : Group: Hailstorm: ok
15:37:39 : Group: Freedom: lol just a game
15:37:49 : Group: Hailstorm: hope thats the 150 rd dshkm mag
15:38:21 : Group: Hailstorm: survivor
15:38:27 : Group: Hailstorm: go
15:38:35 : Group: Hailstorm: i will cover u
15:38:53 : Group: Freedom: where at?
15:39:05 : Group: Hailstorm: 180 degrees
15:39:24 : Group: Hailstorm: not sure if hes gone
15:39:45 : Group: Freedom: in woods or behinde rocks
15:39:53 : Group: Hailstorm: woods
15:40:01 : Group: Hailstorm: mabye he flee
15:40:15 : Group: Freedom: his best intrest xD
15:40:39 : Group: Freedom: how you getting out of here
15:40:56 : Group: Hailstorm: he have a bike, think hes gone, cause didnt see him or the bike anymore
15:41:03 : Group: Hailstorm: mozzie
15:41:04 : Group: Freedom: ok
15:43:02 : Group: Hailstorm: he is at trader
15:43:13 : Group: Freedom: ok
15:43:26 : Group: Freedom: prolly yurri
15:43:38 : Group: Hailstorm: maxno and EVsyuk
15:43:42 : Group: Freedom: copy
15:43:54 : Group: Hailstorm: two guys on bike
15:47:31 : Group: Freedom: is it -50 a piece if i kill hero ai
15:47:54 : Group: Hailstorm: think so, maybe 100, didnt count
15:48:33 : Group: Freedom: ok
15:55:19 : Group: Freedom: jesse!
15:55:33 : Group: [NG2] Jesse: YO!
15:56:53 : Group: Freedom: have not fixed the floors couldent tell
15:57:02 : Group: Freedom: what ones
15:57:50 : Group: [NG2] Jesse: its not a big problem ,.. ^^ 
15:58:22 : Group: Freedom: in combat for some reason
15:58:40 : Group: [NG2] Jesse: its so high! the tower ^^
15:58:50 : Group: Freedom: i know its sweet
16:00:13 : Group: Freedom: lol you have ammo
16:00:30 : Group: [NG2] Jesse: only scar.. 
16:00:57 : Group: Freedom: yeah i heard you clicking was gonna give you some mags but your good
16:01:06 : Group: [NG2] Jesse: yea np,.. 
16:03:17 : Group: Hailstorm: Jesse, if u build a granate trap, are they gone after restart?
16:03:38 : Group: [NG2] Jesse: nope they will stay,.. 
16:03:46 : Group: [NG2] Jesse: also armed 
16:03:50 : Group: Hailstorm: cooooool
16:03:58 : Group: Hailstorm: beartraps too?
16:04:03 : Group: [NG2] Jesse: yea, 
16:04:11 : Group: Hailstorm: coooool
16:04:19 : Group: Freedom: yup my trip wires are still good as well
16:04:45 : Group: Freedom: i aquired more money last night jesse what are you thinking for top
16:05:02 : Group: [NG2] Jesse: i can buy also,.. 
16:05:13 : Group: [NG2] Jesse: just like my tower? 
16:05:23 : Group: Hailstorm: i found my new favorite primary ^^
16:05:23 : Group: [NG2] Jesse: it works very wel.. 
16:05:42 : Group: Freedom: yeah i like yours as well 
16:06:13 : Group: Freedom: pretty sure i have sand bags lol
16:06:33 : Group: [NG2] Jesse: this is alot higher then i have
16:06:35 : Group: [NG2] Jesse: :P
16:06:38 : Group: [NG2] Jesse: love it
16:06:41 : Group: Hailstorm: lol, explosive bolts are only one per quire
16:06:44 : Group: Hailstorm: :(
16:06:48 : Group: Freedom: i know man so tall
16:07:00 : Group: Freedom: lol hail
16:07:08 : Group: Hailstorm: what
16:07:14 : Group: [NG2] Jesse: ooh damn that sounds awesome :P gonna try it out soon 
16:07:25 : Group: Hailstorm: the crossbow?
16:07:40 : Group: [NG2] Jesse: yeah,.. 
16:07:41 : Group: Hailstorm: very cool, but one explosive dart cost 20 gold
16:07:48 : Group: Freedom: bb need coffee
16:08:03 : Group: [NG2] Jesse: thats not that expecive.. 
16:08:11 : Group: Hailstorm: and one tranqilizer dart 2 gold
16:09:15 : Group: [NG2] Jesse: is that new? 
16:10:12 : Group: Freedom: never knew there were diff darts
16:10:37 : Group: Freedom: gonna have to try that out the tranq one lol that be funny
16:11:14 : Group: Hailstorm: explosive dart have an detonation radius like a granade
16:11:37 : Group: [NG2] Jesse: come here and show us ^^ 
16:11:45 : Group: Freedom: where are these at bandit trader
16:12:16 : Group: Hailstorm: sry, have to buy food (in real life ^^), so see you later
16:12:17 : Group: [NG2] Jesse: do we need to do some shopping? freedome?
16:12:30 : Group: Freedom: later hail
16:12:35 : Group: [NG2] Jesse: laterz
16:12:59 : Group: [NG2] Jesse: freedome no ts? 
16:13:23 : Group: Freedom: i think so i have few cinder blocks and motar for 1 half wall yeah one sec ill get on it
21:29:53 : Group: Freedom: lol
22:32:46 : Group: [NG2] Jesse: pick up?
22:38:23 : Group: [NG2] Jesse: pick up? 
22:38:38 : Group: PRISMIC: just getting gear
22:38:54 : Group: [NG2] Jesse: say hi to yuor girlfriend
22:41:09 : Group: PRISMIC: that was my only heli ffs
22:42:06 : Group: [NG2] Jesse: pick up?
22:42:15 : Group: PRISMIC: no thx
22:42:21 : Group: [NG2] Jesse: sure? 
22:42:30 : Group: PRISMIC: yep
22:42:44 : Group: [NG2] Jesse: love you
22:42:54 : Group: PRISMIC: you to
22:43:29 : Group: PRISMIC: u can give me a lift to heli trader if u want
22:43:54 : Group: [NG2] Jesse: but you indnt needid a lift // 
22:44:03 : Group: [NG2] Jesse: i ask are you sure!
22:44:15 : Group: PRISMIC: nm
22:44:52 : Group: Freedom: need a lift?
