00:19:03 : Group: [NG2] Jesse: yo
00:19:10 : Group: Turmoil: yo
00:19:10 : Group: MeGa_Koffiepot: hey
00:19:14 : Group: ReaperZA: yo diggy dog
00:19:45 : Group: [NG2] Jesse: turmaoil can you pick me up?
00:19:57 : Group: Turmoil: sure im back in TS as well... had to restart it
00:20:19 : Group: [NG2] Jesse: come to you guys
00:21:28 : Group: Turmoil: okay my mic isnt working
00:21:56 : Group: Turmoil: coming to you
00:22:59 : Group: Turmoil: where to?
00:23:10 : Group: [NG2] Jesse: what are you doing? 
00:23:24 : Group: Turmoil: was just flying around looking for cars ^^
00:23:28 : Group: [NG2] Jesse: ^^ 
00:23:41 : Group: Turmoil: soon restart so probably gonna park the heli
00:23:52 : Group: [NG2] Jesse: left side new base
00:23:59 : Group: Turmoil: and restart computer, see if my mic is works
00:24:13 : Group: Turmoil: we have new base? :O
00:24:23 : Group: [NG2] Jesse: heli on rhe ground is locked.. 
00:24:33 : Group: [NG2] Jesse: no ppl making a base over there
00:25:24 : Group: Turmoil: ah yeah ive noticed quite a few new bases
00:25:42 : Group: Turmoil: big one here as well
00:25:55 : Group: Turmoil: oh no, wasnt here xD lol
00:26:41 : Group: [NG2] Jesse: 3 heli at LEgend base :P 
00:27:20 : Group: [NG2] Jesse: we have a boat ^^ 
00:28:14 : Group: Turmoil: i like our base xD lol
00:28:34 : Group: [NG2] Jesse: yeah so hidde
00:28:44 : Group: [NG2] Jesse: vodnik?
00:28:53 : Group: Turmoil: yeah, i found it waaaay south 
00:29:01 : Group: [NG2] Jesse: lol
00:29:05 : Group: Turmoil: together with a safe, code was 0000
00:29:09 : Group: [NG2] Jesse: found tos 2 .. 
00:29:15 : Group: Turmoil: nice
00:29:22 : Group: [NG2] Jesse: and a lot of armed ammo 
00:29:42 : Group: Turmoil: who owns this one?
00:29:45 : Group: [NG2] Jesse: pat
00:30:01 : Group: Turmoil: piece of crap trucks, i hate em... they are so noisy
00:30:06 : Group: [NG2] Jesse: /this one is from a mission so you can use it when needed
00:30:13 : Group: Turmoil: nice
00:30:27 : Group: [NG2] Jesse: and found my suv back ^^ 
00:30:35 : Group: Turmoil: wondering if i should get an armored humwee or a armored SUV ^^
00:30:44 : Group: Turmoil: yeah, was it the one i saw down by Stary?
00:30:50 : Group: [NG2] Jesse: armd suv mini gun sucks.. 
00:30:55 : Group: Turmoil: parked in a field
00:31:01 : Group: [NG2] Jesse: jup 
00:31:02 : Group: [NG2] Jesse: that one
00:31:18 : Group: Turmoil: guess its gonna be the humwee then, 50 cal <3
00:31:36 : Group: [NG2] Jesse: but suv drives best .. 
00:31:43 : Group: Turmoil: true
00:31:51 : Group: [NG2] Jesse: humwee is beter when shooting.. 
00:31:55 : Group: Turmoil: i found a humwee yesterday but i sold it, needed cash xD
00:32:01 : Group: [NG2] Jesse: more save .. to from 
00:32:02 : Group: Turmoil: also i want one with a key so i can lock it
00:32:11 : Group: [NG2] Jesse: yea we should
00:33:14 : Group: Turmoil: we should have some more protection up here.. but i guess thats not gonna work with the heli 
00:33:24 : Group: [NG2] Jesse: yeah.. 
00:33:31 : Group: ReaperZA: lol
00:33:43 : Group: [NG2] Jesse: maybe we can expende the roof more.. 
00:33:46 : Group: Turmoil: red truck up there
00:34:05 : Group: Turmoil: been there all day
00:34:21 : Group: [NG2] Jesse: ooh 
00:34:26 : Group: [NG2] Jesse: strange
00:34:50 : Group: Turmoil: time to log
00:34:51 : Group: [NG2] Jesse: look
00:35:05 : Group: [NG2] Jesse: ooh i wait after restart
00:57:48 : Group: ReaperZA: u guys raiding base?
00:58:01 : Group: [NG2] Jesse: we wher looking
00:58:26 : Group: [NG2] Jesse: all locked up
00:59:20 : Group: [NG2] Jesse: you guys want to do some missions? 
01:00:03 : Group: ReaperZA: personally im logging off in like 10 so not me
01:00:18 : Group: [NG2] Jesse: ok
11:24:48 : Group: MeGa_Koffiepot: hey
11:25:12 : Group: Turmoil: hey man :) you on TS?
11:25:20 : Group: MeGa_Koffiepot: not jet ^^ 
11:25:34 : Group: MeGa_Koffiepot: am at sniker's base
11:25:39 : Group: Turmoil: me neither, ill jump on now :) 
11:25:42 : Group: MeGa_Koffiepot: he diede like 10 min aggo 
11:25:43 : Group: Turmoil: cool, finding anything good?
11:26:12 : Group: MeGa_Koffiepot: at the mission im at his base lol mb hes comming to gear up ^^ 
11:26:23 : Group: MeGa_Koffiepot: he diede at the mission**
11:26:57 : Group: Turmoil: so your camping his base for when he comes? xD
11:28:14 : Group: MeGa_Koffiepot: joint ts :pz
11:28:34 : Group: Turmoil: yeah my mic is fucked apparently, ill try and restart TS
11:29:01 : Group: MeGa_Koffiepot: copy$
11:29:31 : Group: Turmoil: seems like i need to reboot comp for it to work, had the same thing yesterday 
11:29:38 : Group: Turmoil: i will try one other thing before i reboot
12:30:30 : Group: Triam: Влад 
13:53:47 : Group: DeathMax: я вас слышу
13:54:06 : Group: DeathMax: вас зато слышат xD
13:54:22 : Group: DeathMax: да тут дела дела
13:54:47 : Group: DeathMax: зделай пол сюда влад
13:56:25 : Group: DeathMax: у меня тоже все пары с 11.35
13:56:38 : Group: DeathMax: и 2 экономики пиздец
13:56:45 : Group: DeathMax: она пробка ебаная
13:57:30 : Group: DeathMax: э я тут вообщето тоже строю не мандите
13:57:35 : Group: DeathMax: немогу
13:57:44 : Group: DeathMax: завис колесико
14:13:36 : Group: MeGa_Koffiepot: move hte nosy heli your givving awai the possoion ^
14:14:07 : Group: MeGa_Koffiepot: move plz
14:14:13 : Group: MeGa_Koffiepot: ty
15:55:14 : Group: SAMI   svvay: admin?
15:56:09 : Group: Phaetta: Admin? Could you tp to me?
16:50:48 : Group: [RussianMafia]gg_teemo: /vote night
17:54:09 : Group: [NG2] Jesse: WE NEED HELP!
17:55:32 : Group: [NG2] Jesse: KOm helpen aub
17:55:53 : Group: Sir LongSleeves: isser aan de hand?
17:56:10 : Group: [NG2] Jesse: w e worden aangevallen en base is open
17:56:11 : Group: Sir LongSleeves: ben me vriendin DayZ aan t lere
17:56:29 : Group: Turmoil: pris! backup down here
17:56:37 : Group: [NG2] Jesse: prismic you scare us lioke hell
17:56:53 : Group: Sir LongSleeves: pris use your brain and type in group
17:57:10 : Group: Turmoil: our base is fucked, everything is open here.... 
17:57:29 : Group: PRISMIC: peek
17:58:01 : Group: PRISMIC: how much  is plot hole  ?
17:58:11 : Group: [NG2] Jesse: 60
17:58:12 : Group: Turmoil: 60oz
18:03:05 : Group: PRISMIC: what do need to place wirencing  ?
18:03:17 : Group: PRISMIC: wire fencing
18:03:35 : Group: Turmoil: we got the stairs safe so... we need to build new doors infront of the storages
18:04:54 : Group: Turmoil: is that you prismic?
18:05:04 : Group: PRISMIC: NO
18:05:13 : Group: PRISMIC: DID  SOMEONE SPEEK TOYOU  ASWELL
18:15:56 : Group: [NG2] Jesse: hi ? 
18:16:34 : Group: Miss MiniSkirt: its sleeves
18:16:41 : Group: Miss MiniSkirt: is koffie online?
18:17:33 : Group: Miss MiniSkirt: i want to get a character for her but when i log in i spawn with the gear i had
18:24:09 : Group: Joshuaa: hey man
18:24:28 : Group: matsa: hola
18:24:44 : Group: matsa: i found a grenade car
18:24:52 : Group: Joshuaa: no way!
18:24:57 : Group: Joshuaa: theyre so good
18:25:37 : Group: Joshuaa: put cars in here?
18:25:52 : Group: matsa: i dont have the key for the humvee
18:25:57 : Group: Joshuaa: ohh ok man
18:26:31 : Group: matsa: wanna go snipe the bandit base?
18:26:38 : Group: Joshuaa: yeah man
18:26:54 : Group: Joshuaa: let me get my gear sorted 2 mins
18:26:59 : Group: matsa: ill gear up
18:27:31 : Group: Joshuaa: hey man
18:27:58 : Group: matsa: ?
18:28:16 : Group: Joshuaa: to svvay
18:28:45 : Group: Joshuaa: im reasdy dude
18:28:46 : Group: SAMI   svvay: hey josh
18:28:47 : Group: Joshuaa: ready
18:29:09 : Group: matsa: mozzie?
18:29:20 : Group: Joshuaa: ok man omw
18:29:43 : Group: matsa: i can drop
18:29:53 : Group: matsa: here?
18:30:02 : Group: Joshuaa: huh?
18:30:33 : Group: Joshuaa: you know how to fly?
18:30:38 : Group: matsa: ye :P
18:30:52 : Group: Joshuaa: i need toolbox
18:30:59 : Group: matsa: aight
18:31:35 : Group: Joshuaa: deploy failed
18:31:44 : Group: Joshuaa: we need to leave base i think
18:31:52 : Group: matsa: yep
18:32:12 : Group: matsa: shit
18:33:16 : Group: matsa: svvay will get you mozzie parts
18:33:28 : Group: Joshuaa: fucking stairs man
18:33:39 : Group: Joshuaa: leave my gear ill be back in a min
18:33:48 : Group: SAMI   svvay: yea just got the mozzie parts for yaw
18:34:03 : Group: SAMI   svvay: im coming
18:34:06 : Group: Joshuaa: how do people die on the stairs so much
18:34:09 : Group: Joshuaa: thanks man
18:34:26 : Group: matsa: its a bug :D
18:34:35 : Group: Joshuaa: its baddd haha
18:34:38 : Group: SAMI   svvay: you got to be very cautios 
18:35:42 : Group: ReaperZA: im headin down to bandit base mission if any of u want some loot
18:36:03 : Group: Joshuaa: lol how do i fly?
18:36:03 : Group: SAMI   svvay: gl :D
18:36:07 : Group: Joshuaa: never flown before haha
18:36:09 : Group: SAMI   svvay: you take em in your inventory
18:36:14 : Group: SAMI   svvay: then right click toolbox
18:36:26 : Group: SAMI   svvay: select mozzie
18:36:29 : Group: Joshuaa: i know, i dunno how to fly heli haha
18:36:31 : Group: SAMI   svvay: and press space where you feel to place it
18:36:43 : Group: Joshuaa: lets give it a go haha
18:36:44 : Group: matsa: press q to start engine
18:36:55 : Group: matsa: and wasd to steer
18:37:11 : Group: SAMI   svvay: q is also your power
18:37:21 : Group: SAMI   svvay: z is to loosen your power
18:37:35 : Group: matsa: q gives power and shift is boost
18:39:01 : Group: matsa: z is to slow the power (to land)
18:39:13 : Group: Joshuaa: heli incoming
18:39:23 : Group: SAMI   svvay: oh shit
18:40:05 : Group: matsa: if you scroll your mouswheel and press autohover it makes it easier to land
18:40:14 : Group: matsa: it stabilizes the heli
18:40:51 : Group: Joshuaa: yay
18:40:57 : Group: matsa: you can turn around if you press x and c
18:40:59 : Group: SAMI   svvay: n1 josh :D
18:41:31 : Group: SAMI   svvay: lets go do the ikea mission
18:41:32 : Group: SAMI   svvay: aka
18:41:36 : Group: SAMI   svvay: disabled convoy
18:41:50 : Group: Joshuaa: ill get gear
18:43:18 : Group: SAMI   svvay: roger
18:43:20 : Group: SAMI   svvay: im rollin
18:43:26 : Group: SAMI   svvay: catch ya at the battlefield
18:44:47 : Group: matsa: remember to land atleast 500m away, the will shot at you
18:46:59 : Group: matsa: mission spawned under me :(
18:47:08 : Group: Joshuaa: Where were the shots?
18:47:47 : Group: Joshuaa: yeahh
18:48:06 : Group: Joshuaa: can i fire?
18:48:31 : Group: Joshuaa: im ranged 
18:49:11 : Group: Joshuaa: i got 2
18:49:20 : Group: Joshuaa: fuck haha
18:49:25 : Group: SAMI   svvay: XD
18:49:29 : Group: SAMI   svvay: we fucked
18:49:33 : Group: Joshuaa: we good
18:50:12 : Group: Joshuaa: i can take the ai
18:50:26 : Group: Joshuaa: im shaking man
18:50:50 : Group: Joshuaa: got 3
18:52:30 : Group: Joshuaa: wouldnt let me cover damn
18:52:34 : Group: Joshuaa: it was blocked
18:53:19 : Group: Joshuaa: coming now
18:57:00 : Group: Joshuaa: hows it going
18:57:01 : Group: Miss MiniSkirt: really ray
18:57:26 : Group: matsa: DONE
18:58:51 : Group: Miss MiniSkirt: how did you die xD
18:59:18 : Group: ReaperZA: i think some guy came behind me
18:59:29 : Group: Miss MiniSkirt: its AI
18:59:30 : Group: ReaperZA: i wasnt cautious enough XD
18:59:48 : Group: SAMI   svvay: josh
18:59:54 : Group: SAMI   svvay: i got ur 2x10oz gold
18:59:54 : Group: Joshuaa: ya
18:59:55 : Group: SAMI   svvay: incase u wonder
18:59:59 : Group: Joshuaa: ok thanks
19:00:05 : Group: ReaperZA: there was some player uhey hovering close to objective
19:00:58 : Group: Miss MiniSkirt: dude that moment Dev is a better pilot then me
19:01:20 : Group: matsa: COME LOOT IF YOU WANT TO
19:01:33 : Group: matsa: caps lock again :P
19:01:41 : Group: Joshuaa: zombie on ladder ffs
19:02:43 : Group: Joshuaa: sniped down ladder
19:03:22 : Group: Joshuaa: snipoer
19:03:26 : Group: Joshuaa: sniper
19:03:26 : Group: SAMI   svvay: where
19:03:38 : Group: Joshuaa: no idea man
19:03:46 : Group: Joshuaa: shot me when i was goj g down ladder
19:04:24 : Group: Joshuaa: you at my body
19:04:56 : Group: matsa: no
19:12:51 : Group: ReaperZA: might i be bale to get a pickup??
19:13:48 : Group: [NG2] Jesse: sorry no got no heli now.. 
19:13:56 : Group: ReaperZA: alright thx
19:17:27 : Group: Joshuaa: yo
19:17:33 : Group: Joshuaa: where?
19:17:46 : Group: Joshuaa: ok dude
19:19:47 : Group: matsa: josh u want bandit sniper camo?
19:19:57 : Group: Joshuaa: yeah please
19:21:13 : Group: Joshuaa: anyone take my m24?
19:21:22 : Group: SAMI   svvay: njet
19:22:57 : Group: Joshuaa: huh
19:23:14 : Group: Joshuaa: aint got one man
19:23:48 : Group: Joshuaa: not giving me option ffs haha
19:23:55 : Group: SAMI   svvay: Xd
19:27:25 : Group: Joshuaa: yep
19:27:34 : Group: Joshuaa: ive only got m4a1
19:27:41 : Group: Joshuaa: m4a3
19:28:51 : Group: Joshuaa: im gonna fire
19:30:00 : Group: Joshuaa: anyone got spare sniper?
19:30:23 : Group: matsa: HERE
19:30:36 : Group: matsa: here
19:33:34 : Group: Joshuaa: how many left?
19:35:14 : Group: Joshuaa: location of enemies?
19:35:32 : Group: matsa: right
19:38:33 : Group: Joshuaa: tangos down?
19:38:59 : Group: Joshuaa: 2 down
19:39:17 : Group: Joshuaa: yeah
19:39:28 : Group: Joshuaa: i prefer this tbh
19:39:55 : Group: Joshuaa: we heading in?
19:40:46 : Group: matsa: come here
19:43:21 : Group: matsa: hide
19:43:39 : Group: Joshuaa: oh shit
19:45:17 : Group: Joshuaa: fuck
19:50:00 : Group: Miss MiniSkirt: RAY
19:50:03 : Group: Miss MiniSkirt: chainsaw
19:50:14 : Group: ReaperZA: did u find it?
19:50:22 : Group: Miss MiniSkirt: yup
19:50:32 : Group: ReaperZA: damn
19:50:38 : Group: ReaperZA: do u have space for it?
19:50:50 : Group: Miss MiniSkirt: its in backpack
19:51:03 : Group: ReaperZA: nice
19:51:46 : Group: Joshuaa: mat is sniper there
19:51:51 : Group: Joshuaa: in woods
19:51:58 : Group: matsa: maybe
19:52:21 : Group: Joshuaa: almost here
19:52:58 : Group: Joshuaa: ill try flank him
19:53:05 : Group: Miss MiniSkirt: btw ray
19:53:20 : Group: ReaperZA: ye?
19:53:21 : Group: Miss MiniSkirt: also a: ksvk
19:53:23 : Group: matsa: they hid our bodies
19:53:26 : Group: Miss MiniSkirt: and 
19:53:27 : Group: Joshuaa: fuck
19:53:28 : Group: ReaperZA: not bad
19:53:49 : Group: Miss MiniSkirt: L115A3 LRR
19:56:14 : Group: Joshuaa: mat we need to go
19:56:57 : Group: Joshuaa: the van?
19:57:07 : Group: matsa: broken wheels
19:57:11 : Group: Joshuaa: shit
19:57:18 : Group: Joshuaa: bike?
19:57:35 : Group: Joshuaa: base
19:57:47 : Group: matsa: ye
19:58:13 : Group: ReaperZA: do u know i that pickup down at lake willow is ours?
20:01:21 : Group: Miss MiniSkirt: ray
20:01:29 : Group: Miss MiniSkirt: portable generator
20:02:43 : Group: Joshuaa: chainsaw!
20:02:57 : Group: SkatenoK: descord&
20:03:19 : Group: SAMI   svvay: who the fuck are you
20:03:29 : Group: Joshuaa: who dis guy
20:03:58 : Group: SkatenoK: solo
20:03:59 : Group: matsa: kick him josh
20:04:10 : Group: Joshuaa: not leader
20:05:24 : Group: Joshuaa: what about the safe you put down?
20:05:30 : Group: SAMI   svvay: we can get that later :p
20:05:34 : Group: Joshuaa: okkk
20:05:48 : Group: SAMI   svvay: you can take the safe if you want to!
20:06:45 : Group: SAMI   svvay: you can go grab the safe if you want too
20:06:55 : Group: Joshuaa: i dont need it now im good
20:07:00 : Group: SAMI   svvay: roger roger
20:07:01 : Group: Joshuaa: i can wait
20:07:08 : Group: SAMI   svvay: ait
20:07:12 : Group: SAMI   svvay: we can go grab it later
20:07:24 : Group: Joshuaa: you got my gold from my body dude?
20:07:53 : Group: SAMI   svvay: oh shit, I lost it
20:07:57 : Group: SAMI   svvay: but ill get you some of mine
20:08:00 : Group: SAMI   svvay: no problem
20:08:06 : Group: Joshuaa: no problem
20:08:10 : Group: matsa: you can have some from me
20:08:10 : Group: SAMI   svvay: hold on
20:13:18 : Group: Joshuaa: yo
20:13:35 : Group: Joshuaa: for me>
20:13:38 : Group: Joshuaa: ?
20:13:44 : Group: SAMI   svvay: yee bro
20:13:53 : Group: Joshuaa: wow thanks bro
20:14:32 : Group: matsa: here
20:14:35 : Group: Joshuaa: who shit?
20:14:39 : Group: Joshuaa: shot 
20:14:42 : Group: Joshuaa: haha
20:14:44 : Group: SAMI   svvay: me
20:14:45 : Group: SAMI   svvay: xd
20:14:45 : Group: matsa: take :)
20:14:54 : Group: matsa: josh
20:14:57 : Group: Joshuaa: yo
20:15:05 : Group: matsa: here
20:15:34 : Group: Joshuaa: thanks dude
20:16:26 : Group: Joshuaa: yeah done it
20:16:28 : Group: Joshuaa: thanks
20:16:55 : Group: Joshuaa: im gonna head to sary
20:16:57 : Group: Joshuaa: stary
20:17:03 : Group: SAMI   svvay: roger that boss
20:17:09 : Group: Joshuaa: can i take mozzie?
20:17:12 : Group: SAMI   svvay: fc
20:17:13 : Group: SAMI   svvay: ofc
20:17:19 : Group: Joshuaa: thanks
20:17:20 : Group: SAMI   svvay: whats mine is yours bro
20:17:33 : Group: Joshuaa: what a nice guy your are man
20:17:42 : Group: SAMI   svvay: ^^
20:17:46 : Group: SAMI   svvay: doesnt it require a key?
20:18:08 : Group: Joshuaa: its not letting me do anyhting with it so maybe
20:18:13 : Group: SAMI   svvay: okey
20:18:15 : Group: SAMI   svvay: let me look it up
20:18:17 : Group: SAMI   svvay: 2 sed
20:18:47 : Group: SAMI   svvay: you need to engine too
20:18:50 : Group: SAMI   svvay: i cant seem to find it
20:19:11 : Group: Joshuaa: its fine man, ill bike
20:19:20 : Group: SAMI   svvay: lol hold on
20:19:24 : Group: SAMI   svvay: thats for poor people hehe
20:19:25 : Group: matsa: i have enne part
20:19:29 : Group: SAMI   svvay: here
20:19:31 : Group: SAMI   svvay: is your parts
20:19:51 : Group: SAMI   svvay: fuck
20:19:52 : Group: SAMI   svvay: 2 sec
20:20:16 : Group: SAMI   svvay: there's an engine part
20:20:28 : Group: SAMI   svvay: got to relog
20:20:29 : Group: SAMI   svvay: brb
20:22:24 : Group: SAMI   svvay: hey Josh
20:22:27 : Group: Joshuaa: yo
20:22:30 : Group: SAMI   svvay: the problem was 
20:22:39 : Group: SAMI   svvay: you could not build inside of the base parameters
20:22:44 : Group: SAMI   svvay: hold on, i'll fix it
20:22:49 : Group: Joshuaa: yeah man
20:26:37 : Group: SAMI   svvay: HAHAHAHAHA
20:26:39 : Group: SAMI   svvay: holy fuck
20:26:44 : Group: Joshuaa: what happened?
20:27:31 : Group: SAMI   svvay: i drove into a chopper xd
20:27:37 : Group: Joshuaa: lol
20:33:38 : Group: Joshuaa: bandits in field just across from stary
20:33:55 : Group: Joshuaa: they shot at me but i got away
20:57:28 : Group: Legend: GOOD BYE CRUEL WORLD
21:02:05 : Group: Joshuaa: what you doing mat?
21:02:21 : Group: matsa: nothing really
21:02:36 : Group: Joshuaa: wheres the other dude gone?
21:02:50 : Group: matsa: he went to the store
21:02:58 : Group: matsa: you mean svvay?
21:03:05 : Group: Joshuaa: yeah, forgot his name haha
21:03:29 : Group: matsa: phaetta is afk, dont know where he went
21:03:37 : Group: Joshuaa: ah ok
21:04:38 : Group: matsa: could you bring me a toolbox?
21:04:44 : Group: Joshuaa: of course
21:05:00 : Group: Joshuaa: on my way
21:05:05 : Group: matsa: aight
21:07:00 : Group: Joshuaa: problem, there isnt a spare
21:07:17 : Group: matsa: its okay xD
21:07:47 : Group: Joshuaa: yo, could we get the safe now bro?
21:08:08 : Group: matsa: ye
21:08:13 : Group: SAMI   svvay: whats up boyz
21:08:15 : Group: Joshuaa: sweet
21:08:18 : Group: Joshuaa: hey man
21:08:35 : Group: Joshuaa: you know where the safe is at?
21:08:51 : Group: SAMI   svvay: yea, matsa knows it
21:09:11 : Group: SAMI   svvay: he remembers whole Chernarus
21:09:16 : Group: Joshuaa: haha
21:09:26 : Group: Joshuaa: matsa i have toolbox now? you want it?
21:09:37 : Group: matsa: ye :D
21:13:33 : Group: matsa: oh shit
21:13:40 : Group: Joshuaa: we good
21:14:00 : Group: Joshuaa: stay in trees
21:14:18 : Group: Joshuaa: kill him
21:14:32 : Group: Joshuaa: sweet
21:14:54 : Group: Joshuaa: i only got pistol haha
21:15:35 : Group: matsa: here
21:16:04 : Group: Joshuaa: lets get himmm
21:16:42 : Group: matsa: armored suv driving past
21:16:59 : Group: Joshuaa: stay low
21:19:39 : Group: PRISMIC: how to fix leaking helicpoter  ? 
21:19:49 : Group: [NG2] Jesse: fuelparts..
21:20:19 : Group: matsa: joshua hide!
21:20:41 : Group: matsa: joshua hide
21:21:25 : Group: PRISMIC: heli dosent give me option to fix it ?
21:21:49 : Group: [NG2] Jesse: you can tow it to the dam and fix it with fuelpump
21:22:26 : Group: PRISMIC: can you help  me ?
21:22:41 : Group: [NG2] Jesse: yea omw to the dam
21:22:51 : Group: PRISMIC: kk
21:23:26 : Group: Joshuaa: spawned in the middle of ai camp fml
21:23:35 : Group: Joshuaa: my game crashed btw
21:23:56 : Group: Joshuaa: mats
21:24:00 : Group: matsa: ye i saw
21:24:05 : Group: matsa: there wasa guy here
21:24:19 : Group: Joshuaa: i killed 3 people, 1 may have been player
21:25:19 : Group: PRISMIC: whats your ETA ?
21:25:32 : Group: [NG2] Jesse: eta?w
21:25:42 : Group: PRISMIC: how long XD
21:29:35 : Group: Joshuaa: ok man
21:30:47 : Group: Joshuaa: matsa ill get your stuff if i can
21:32:04 : Group: Joshuaa: in the building mats?
21:32:26 : Group: matsa: yes
21:32:34 : Group: matsa: he ded
21:32:36 : Group: matsa: go
21:33:38 : Group: Joshuaa: im watching your body mats
21:33:47 : Group: matsa: oki
21:35:45 : Group: Joshuaa: leggo quick
21:35:46 : Group: matsa: can you loot it?
21:36:12 : Group: matsa: i got it
21:36:13 : Group: Joshuaa: back to base
21:37:44 : Group: matsa: lol
21:37:53 : Group: matsa: just chilling back here
21:38:28 : Group: matsa: body on left
21:38:44 : Group: matsa: forward
21:38:53 : Group: matsa: by those bushes
21:39:29 : Group: Joshuaa: low on fuel
21:39:37 : Group: matsa: it was looted
21:39:44 : Group: matsa: how much left?
21:40:03 : Group: Joshuaa: less than 1/3
21:40:10 : Group: matsa: aight gogo
21:40:54 : Group: matsa: right next turn
21:41:59 : Group: Joshuaa: wheres the base haha
21:42:05 : Group: matsa: right
21:42:15 : Group: matsa: follow this road
21:42:43 : Group: matsa: there it is :)
21:43:34 : Group: Joshuaa: good job man
21:43:51 : Group: matsa: shall we drop some loot and go get that safe for you?
21:44:04 : Group: Joshuaa: good idea 
21:44:14 : Group: Joshuaa: ill tell you when im ready
21:47:04 : Group: Joshuaa: im ready!
21:47:45 : Group: Joshuaa: refuel car
21:48:05 : Group: matsa: well make it easy
21:48:07 : Group: Joshuaa: you got jerry?
21:48:42 : Group: SAMI   svvay: Josh?
21:48:47 : Group: Joshuaa: yo
21:48:51 : Group: SAMI   svvay: You want this vehicle?
21:48:58 : Group: SAMI   svvay: i dont want it
21:48:59 : Group: Joshuaa: let me see it
21:48:59 : Group: SAMI   svvay: lol
21:49:14 : Group: SAMI   svvay: im inside xd
21:49:26 : Group: SAMI   svvay: its the hummer
21:49:33 : Group: SAMI   svvay: but needs tires
21:49:45 : Group: Joshuaa: yeah thanks man
21:49:50 : Group: SAMI   svvay: i left the key in there
21:52:19 : Group: Joshuaa: omg you scared me
21:53:16 : Group: Joshuaa: escort
21:56:54 : Group: Joshuaa: where
21:58:08 : Group: Joshuaa: only got pdw
22:00:32 : Group: Joshuaa: need assault gun
22:00:58 : Group: Joshuaa: anyone got eyes on?
22:01:07 : Group: SAMI   svvay: NO
22:01:08 : Group: SAMI   svvay: no
22:01:12 : Group: SAMI   svvay: one is close to the barn
22:01:16 : Group: SAMI   svvay: other side of the road
22:03:07 : Group: matsa: stay here
22:05:00 : Group: Joshuaa: hes heree
22:05:08 : Group: SAMI   svvay: who?
22:05:16 : Group: Joshuaa: got him
22:05:52 : Group: Joshuaa: lets go quick
22:06:26 : Group: Joshuaa: go
22:07:27 : Group: Joshuaa: run
22:07:31 : Group: Joshuaa: bike
22:07:52 : Group: Joshuaa: lets go dude
22:09:39 : Group: Joshuaa: pdw vs m8 haha
22:09:43 : Group: matsa: lol
22:09:50 : Group: Joshuaa: im coming now dude
22:09:53 : Group: matsa: sorry man
22:10:32 : Group: Joshuaa: could you take me to my body?
22:10:41 : Group: SAMI   svvay: yee
22:10:48 : Group: Joshuaa: cheers dude
22:10:56 : Group: SAMI   svvay: gotta refuel
22:10:58 : Group: SAMI   svvay: almost out of gas
22:11:01 : Group: Joshuaa: okkk
22:11:11 : Group: SAMI   svvay: FK
22:11:14 : Group: SAMI   svvay: no petrol
22:11:17 : Group: SAMI   svvay: fk fk fk
22:11:20 : Group: SAMI   svvay: hehe xd
22:11:27 : Group: Joshuaa: oh dear
22:11:34 : Group: Joshuaa: matsa are thye all dead?
22:11:47 : Group: matsa: i think so
22:12:01 : Group: matsa: i killed they guy that killed you
22:12:26 : Group: Joshuaa: yeah, i hit him a few times with pdw
22:13:10 : Group: SAMI   svvay: u good to jump
22:13:28 : Group: SAMI   svvay: oh shit
22:13:30 : Group: SAMI   svvay: there are people
22:13:32 : Group: SAMI   svvay: watch out !!
22:13:35 : Group: Joshuaa: players
22:13:41 : Group: SAMI   svvay: yea, good luck!
22:13:54 : Group: Joshuaa: makarov lol
22:13:56 : Group: SAMI   svvay: when you achieve a high humanity
22:14:01 : Group: SAMI   svvay: you spawn with assault rifle
22:16:13 : Group: matsa: spawn here i got you your safe
22:17:02 : Group: Joshuaa: can we kill those guys?
22:17:35 : Group: matsa: hell yea
22:17:43 : Group: Joshuaa: i need a pick up lol
22:17:52 : Group: SAMI   svvay: my chopper is broke
22:17:55 : Group: SAMI   svvay: had to land it
22:18:50 : Group: [NG2] Jesse: can you add tur? 
22:19:22 : Group: Joshuaa: we gon get them?
22:19:23 : Group: [NG2] Jesse: in the group
22:19:51 : Group: SAMI   svvay: I'm unable
22:20:31 : Group: [NG2] Jesse: can add tur!! 
22:20:54 : Group: Mr. Shortbottoms: ramming people at traders isn't allowed, right?
22:20:55 : Group: [NG2] Jesse: hortbottuns! 
22:21:10 : Group: Mr. Shortbottoms: hi! lol
22:27:28 : Group: Joshuaa: where you going
22:27:31 : Group: matsa: kill them :D
22:27:44 : Group: Joshuaa: ayyy i got nothing on me haha
22:28:04 : Group: Joshuaa: wtf
22:28:37 : Group: SAMI   svvay: If you change seats, you will be kicked out 
22:28:44 : Group: Joshuaa: oh ok
22:30:30 : Group: SAMI   svvay: yo bro
22:30:33 : Group: SAMI   svvay: i need to reconnect
22:30:36 : Group: SAMI   svvay: my UI fucked up
22:30:37 : Group: SAMI   svvay: brb
22:30:40 : Group: Joshuaa: okk
22:31:40 : Group: matsa: commanders seat has bullets
22:35:42 : Group: Joshuaa: wow
22:36:09 : Group: Joshuaa: nope
22:36:23 : Group: Joshuaa: there were 2 guys
22:36:28 : Group: Joshuaa: sounded russian
22:36:55 : Group: SAMI   svvay: i fuken h8 russinas
22:36:59 : Group: SAMI   svvay: cheez
22:37:02 : Group: Joshuaa: same hahaha
22:39:13 : Group: Joshuaa: they were at barn when i died
22:40:03 : Group: matsa: JOSH GET IN COMMANDRE
22:40:08 : Group: matsa: lol caps xD
22:40:19 : Group: Joshuaa: they gone
22:40:20 : Group: matsa: gunner
22:42:04 : Group: Joshuaa: he dead>
22:42:25 : Group: Joshuaa: he has my gear i think
22:42:42 : Group: matsa: they died
22:42:45 : Group: matsa: both
22:42:53 : Group: Joshuaa: good, i can get my gear now haha
22:44:40 : Group: Joshuaa: lets goo
22:44:48 : Group: Joshuaa: damn floating car again
22:48:12 : Group: SAMI   svvay: hehe
22:48:15 : Group: matsa: we got revenge
22:48:34 : Group: Joshuaa: revenge is sweet
22:48:53 : Group: Joshuaa: they gonna hunt us down now haha
22:48:57 : Group: SAMI   svvay: :D
22:49:34 : Group: matsa: shoot that base
22:49:46 : Group: Joshuaa: i cant haha
22:50:05 : Group: Joshuaa: lol
22:50:29 : Group: SAMI   svvay: hahaha
22:50:57 : Group: SAMI   svvay: josh lol
22:51:01 : Group: Joshuaa: haha
22:51:02 : Group: SAMI   svvay: did u break anything
22:51:04 : Group: SAMI   svvay: xD
22:51:07 : Group: Joshuaa: nopr
22:51:49 : Group: Joshuaa: oh shiiii
22:52:07 : Group: Joshuaa: out
22:53:08 : Group: Joshuaa: we going to base?
22:53:13 : Group: matsa: yesw
22:54:45 : Group: Joshuaa: well done boys
22:56:56 : Group: Joshuaa: coming
22:57:17 : Group: Joshuaa: ffs haha
22:57:22 : Group: matsa: XD
22:57:38 : Group: matsa: wait
22:57:50 : Group: Joshuaa: whatever man, i dont have wheels atm
22:58:01 : Group: Joshuaa: thanks
22:58:19 : Group: Joshuaa: whos safe is this?
22:58:27 : Group: matsa: yours :D
22:58:41 : Group: matsa: place it somwhere
22:59:10 : Group: Joshuaa: ok, thanks man
22:59:25 : Group: Joshuaa: you got toolbox?
22:59:45 : Group: matsa: here
23:00:08 : Group: matsa: press space to place
23:00:20 : Group: matsa: remember the code tho
23:00:30 : Group: Joshuaa: took a picture
23:01:38 : Group: Joshuaa: thanks bro
23:01:54 : Group: SAMI   svvay: np ^^
23:02:33 : Group: Joshuaa: sweet, thanks
23:02:47 : Group: Joshuaa: ok man
23:03:34 : Group: matsa: just ask if you need anything :)
23:03:49 : Group: Joshuaa: will do, thanks guys
23:03:52 : Group: SAMI   svvay: matsante
23:04:01 : Group: SAMI   svvay: hell yeah buddy
23:05:43 : Group: SAMI   svvay: ill be gone for a moment
23:05:43 : Group: SAMI   svvay: brb
23:06:44 : Group: Joshuaa: whered the heli go?
23:08:38 : Group: matsa: 2 min till restart
23:08:53 : Group: Joshuaa: wheres the ladder to get down off roof wtf
23:09:06 : Group: Joshuaa: there only up
23:09:20 : Group: matsa: logout ill show later
23:18:05 : Group: matsa: you go on the side and aim down
23:18:10 : Group: matsa: look down
23:20:06 : Group: matsa: you have steam?
23:20:36 : Group: Joshuaa: ya
23:20:48 : Group: matsa: add me: KautoMats
23:22:13 : Group: Joshuaa: im stuck in slow walk
23:22:24 : Group: Joshuaa: shift aint working
23:22:58 : Group: matsa: double click
23:23:41 : Group: Joshuaa: heli?
23:23:53 : Group: matsa: ?
23:24:05 : Group: Joshuaa: thought i could hear one
23:24:24 : Group: matsa: oh
23:25:40 : Group: matsa: dat scream¨
23:25:46 : Group: Joshuaa: lolol
23:25:52 : Group: Joshuaa: why is there a bear trap?
23:26:06 : Group: matsa: svvay placed them all over the place xD
23:26:15 : Group: Joshuaa: its not set haha
23:26:31 : Group: matsa: 2 more in there
23:26:40 : Group: matsa: haha
23:26:55 : Group: Joshuaa: lol
23:27:22 : Group: matsa: hmm
23:28:34 : Group: Joshuaa: im gonna go off now dude
23:28:59 : Group: matsa: aight
23:29:04 : Group: Joshuaa: seeya
23:29:09 : Group: matsa: cya ^^
