00:06:22 : Side: matsa: how much does M107 cost?
00:06:30 : Side: Phaetta: 2 brefcases
00:06:38 : Side: Turmoil: think its 8 or 10 briefcases
00:06:43 : Side: Turmoil: only 2? :O
00:06:47 : Side: Phaetta: are you drunk?
00:07:11 : Side: Turmoil: my bad, lol, was thinking about cars at hero not weapons
00:07:19 : Side: Phaetta: ahah xD
00:07:31 : Side: Turmoil: and a bit drunk, Aberlour whiskey <3
00:07:41 : Side: Phaetta: daaamn <3
00:07:52 : Side: Phaetta: Jack daniels <3
00:08:10 : Side: Turmoil: thats not whiskey, thats burbon! 
00:08:18 : Side: Turmoil: have a bottle of gentleman jack as well tho xD
00:19:03 : Group: [NG2] Jesse: yo
00:19:10 : Group: Turmoil: yo
00:19:10 : Group: MeGa_Koffiepot: hey
00:19:14 : Group: ReaperZA: yo diggy dog
00:19:45 : Group: [NG2] Jesse: turmaoil can you pick me up?
00:19:57 : Group: Turmoil: sure im back in TS as well... had to restart it
00:20:19 : Group: [NG2] Jesse: come to you guys
00:21:28 : Group: Turmoil: okay my mic isnt working
00:21:56 : Group: Turmoil: coming to you
00:22:59 : Group: Turmoil: where to?
00:23:10 : Group: [NG2] Jesse: what are you doing? 
00:23:24 : Group: Turmoil: was just flying around looking for cars ^^
00:23:28 : Group: [NG2] Jesse: ^^ 
00:23:41 : Group: Turmoil: soon restart so probably gonna park the heli
00:23:52 : Group: [NG2] Jesse: left side new base
00:23:59 : Group: Turmoil: and restart computer, see if my mic is works
00:24:13 : Group: Turmoil: we have new base? :O
00:24:23 : Group: [NG2] Jesse: heli on rhe ground is locked.. 
00:24:33 : Group: [NG2] Jesse: no ppl making a base over there
00:25:24 : Group: Turmoil: ah yeah ive noticed quite a few new bases
00:25:42 : Group: Turmoil: big one here as well
00:25:55 : Group: Turmoil: oh no, wasnt here xD lol
00:26:41 : Group: [NG2] Jesse: 3 heli at LEgend base :P 
00:27:20 : Group: [NG2] Jesse: we have a boat ^^ 
00:28:14 : Group: Turmoil: i like our base xD lol
00:28:34 : Group: [NG2] Jesse: yeah so hidde
00:28:44 : Group: [NG2] Jesse: vodnik?
00:28:53 : Group: Turmoil: yeah, i found it waaaay south 
00:29:01 : Group: [NG2] Jesse: lol
00:29:05 : Group: Turmoil: together with a safe, code was 0000
00:29:09 : Group: [NG2] Jesse: found tos 2 .. 
00:29:15 : Group: Turmoil: nice
00:29:22 : Group: [NG2] Jesse: and a lot of armed ammo 
00:29:42 : Group: Turmoil: who owns this one?
00:29:45 : Group: [NG2] Jesse: pat
00:30:01 : Group: Turmoil: piece of crap trucks, i hate em... they are so noisy
00:30:06 : Group: [NG2] Jesse: /this one is from a mission so you can use it when needed
00:30:13 : Group: Turmoil: nice
00:30:27 : Group: [NG2] Jesse: and found my suv back ^^ 
00:30:35 : Group: Turmoil: wondering if i should get an armored humwee or a armored SUV ^^
00:30:44 : Group: Turmoil: yeah, was it the one i saw down by Stary?
00:30:50 : Group: [NG2] Jesse: armd suv mini gun sucks.. 
00:30:55 : Group: Turmoil: parked in a field
00:31:01 : Group: [NG2] Jesse: jup 
00:31:02 : Group: [NG2] Jesse: that one
00:31:18 : Group: Turmoil: guess its gonna be the humwee then, 50 cal <3
00:31:36 : Group: [NG2] Jesse: but suv drives best .. 
00:31:43 : Group: Turmoil: true
00:31:51 : Group: [NG2] Jesse: humwee is beter when shooting.. 
00:31:55 : Group: Turmoil: i found a humwee yesterday but i sold it, needed cash xD
00:32:01 : Group: [NG2] Jesse: more save .. to from 
00:32:02 : Group: Turmoil: also i want one with a key so i can lock it
00:32:11 : Group: [NG2] Jesse: yea we should
00:33:14 : Group: Turmoil: we should have some more protection up here.. but i guess thats not gonna work with the heli 
00:33:24 : Group: [NG2] Jesse: yeah.. 
00:33:31 : Group: ReaperZA: lol
00:33:43 : Group: [NG2] Jesse: maybe we can expende the roof more.. 
00:33:46 : Group: Turmoil: red truck up there
00:34:05 : Group: Turmoil: been there all day
00:34:21 : Group: [NG2] Jesse: ooh 
00:34:26 : Group: [NG2] Jesse: strange
00:34:50 : Group: Turmoil: time to log
00:34:51 : Group: [NG2] Jesse: look
00:35:05 : Group: [NG2] Jesse: ooh i wait after restart
00:57:48 : Group: ReaperZA: u guys raiding base?
00:58:01 : Group: [NG2] Jesse: we wher looking
00:58:26 : Group: [NG2] Jesse: all locked up
00:59:20 : Group: [NG2] Jesse: you guys want to do some missions? 
01:00:03 : Group: ReaperZA: personally im logging off in like 10 so not me
01:00:18 : Group: [NG2] Jesse: ok
01:35:18 : Side: Phaetta: hacks
01:35:34 : Side: Phaetta: someone is hacking
01:35:48 : Side: Phaetta: recorded it
01:38:05 : Side: matsa: admin?
01:45:59 : Side: Phaetta: thanks for the dope ass car :*
01:46:11 : Side: Phaetta: luv it <3
01:46:50 : Side: Boosted Outlaw: guessing you took the hilux
01:47:04 : Side: Phaetta: yupp ^^
02:12:13 : Direct: Boosted Outlaw: /sit
02:12:17 : Direct: Boosted Outlaw: down
02:12:19 : Direct: Boosted Outlaw: now
02:12:30 : Direct: Boosted Outlaw: sit
02:12:33 : Direct: Boosted Outlaw: down
02:12:35 : Direct: Boosted Outlaw: NOWWW
02:52:31 : Direct: Boosted Outlaw: oh herro
02:52:44 : Direct: Boosted Outlaw: ghuille friend
02:53:16 : Direct: Faldehals: ?
02:54:18 : Direct: Faldehals: need a fuing bp
03:13:03 : Side: Faldehals: was for your gun ?!
03:13:13 : Side: Boosted Outlaw: yeah
03:13:22 : Side: Boosted Outlaw: are you an admin?
03:13:29 : Side: Faldehals: nope
03:13:42 : Side: Boosted Outlaw: dang my car despawned from traders.
03:14:19 : Side: Boosted Outlaw: wait vehicle pound
03:14:21 : Side: Faldehals: i saw ... but its a rule you have to go out with ther but idk what happen if not
03:14:32 : Side: Boosted Outlaw: they up there i ber
03:14:32 : Side: Racer: look at server rules cars i think deleted after serverstart
03:14:48 : Side: Boosted Outlaw: i think theyre at the vehicle pound
03:15:22 : Side: Boosted Outlaw: oh well ill see you around logging in a sec
03:16:12 : Side: Faldehals: was it a mission car ?
05:34:34 : Side: JoeFresh: it spawned me in a mission....
05:36:24 : Side: Faldehals: think like chuck norris and smash her faces
06:00:18 : Side: [RussianMafia]Hatter: Russian ectb?
06:00:33 : Side: Faldehals: german
06:00:55 : Side: [RussianMafia]Hatter: go pve
06:01:13 : Side: [RussianMafia]Hatter: frendle
06:01:37 : Side: Faldehals: make it i builde yes i am
06:09:45 : Side: Faldehals: what kinde of missions you do ?
06:10:10 : Side: [RussianMafia]Hatter: I lut balota
06:10:31 : Side: Faldehals: is there any special ?
06:10:48 : Side: [RussianMafia]Hatter: i bad speak english
06:10:55 : Side: Faldehals: me to 
06:10:59 : Side: Faldehals: :)
07:02:47 : Side: [RussianMafia]Hatter:   how to build a wall with a window?
07:03:07 : Side: Faldehals: i think you can do this only with wood
07:04:04 : Side: Faldehals: upgrate a wall to a wall with window or great wall
07:04:12 : Side: [RussianMafia]Hatter: thx
07:04:21 : Side: Faldehals: np
07:04:39 : Side: Faldehals: hatter thats you near stary ?
07:04:49 : Side: [RussianMafia]Hatter: ?
07:05:21 : Side: Faldehals: or novy sabor at building
07:05:22 : Side: [RussianMafia]Hatter: тщ
07:05:23 : Side: [RussianMafia]Hatter: no
07:05:30 : Side: Faldehals: k
07:07:36 : Side: Faldehals: who is it to my left ?
07:09:05 : Side: Faldehals: who ever i cnow what kinde of pussylike campinghause you builde there
07:10:01 : Side: Faldehals: haha
07:10:56 : Side: [RussianMafia]Hatter: z dont speak english
07:10:59 : Side: [RussianMafia]Hatter: i
07:11:11 : Side: Faldehals: the heli what was it ?
07:11:32 : Side: [RussianMafia]Hatter: do you speak russia?
07:13:56 : Side: Faldehals: nope sry :(
07:15:00 : Side: [RussianMafia]Hatter: go grupe
07:15:15 : Side: [RussianMafia]Hatter: go groupe
07:29:09 : Side: Faldehals: lol
07:34:11 : Side: TheOracle: Mornin ;)
07:34:18 : Side: Faldehals: moin
07:34:55 : Side: TheOracle: you sound danish, southern
07:35:01 : Side: Faldehals: german
07:35:09 : Side: TheOracle: ahh ;)
07:35:51 : Side: TheOracle: Pvp also allowed right?
07:36:15 : Side: Faldehals: if you need 
07:36:32 : Side: Faldehals: but youre not the first time here i mean
07:37:33 : Side: Faldehals: lol  now i know what it is here ...
07:37:40 : Side: TheOracle: ?
07:37:43 : Side: Faldehals: vehicle pound
07:38:24 : Side: Faldehals: they port all vehicles from players in tradercity to this point
07:38:31 : Side: Faldehals: at a restart
07:38:39 : Side: TheOracle: ahh
07:39:23 : Side: Faldehals: cause here is a suv and a white offroder from 2 players they go cause it was angry there cars was disapered
07:39:34 : Side: SAMI   svvay: Lads, lets try /vote night
07:39:46 : Side: Faldehals: how ?
07:39:52 : Side: SAMI   svvay: You simply do /vote night
07:39:52 : Side: Faldehals: no no nv lol
07:39:54 : Side: SAMI   svvay: :p
07:40:09 : Side: Faldehals: i need nightvision first lol
07:40:12 : Side: SAMI   svvay: haha
07:40:19 : Side: [RussianMafia]Hatter: haha
07:40:27 : Side: TheOracle: why vote night? makes no sence unless your the only one with Night vision
07:40:28 : Side: Faldehals: pfff  :/
07:40:46 : Side: Faldehals: my mozzie has no light
07:40:50 : Side: TheOracle: if anything its only to help you and not the rest
07:40:59 : Side: SAMI   svvay: i do not have night vision
07:41:13 : Side: SAMI   svvay: i just wanted to see nighttime on the server as it hasnt been on since I joined
07:41:17 : Side: Faldehals: but i miss it 
07:41:21 : Side: Faldehals: the night
07:41:24 : Side: SAMI   svvay: agreed
07:41:25 : Side: TheOracle: aight
07:41:48 : Side: TheOracle: its pretty bright now i see
07:43:51 : Side: Faldehals: i cant see anything i got a whindow behinde me
07:44:01 : Side: SAMI   svvay: we can vote day
07:44:04 : Side: Faldehals: umpf
07:44:07 : Side: SAMI   svvay: 30 sec lol
07:44:09 : Side: Faldehals: no w8
07:45:12 : Side: Faldehals: OMG
07:46:16 : Side: Faldehals: how long is it dark now ?
07:46:28 : Side: SAMI   svvay: i actually do not know
07:46:48 : Side: TheOracle: no more than 20 min i suppose, then its restart
07:46:59 : Side: SAMI   svvay: prob
07:48:35 : Side: [RussianMafia]Hatter: How to move  plot pole?
07:48:44 : Side: SAMI   svvay: crowbar and etool
07:49:24 : Side: [RussianMafia]Hatter: building disappear?
07:49:42 : Side: Faldehals: sure direckt
07:49:45 : Side: Faldehals: hehe
07:49:48 : Side: Faldehals: and you to
07:50:03 : Side: Faldehals: :)
07:54:06 : Side: Faldehals: ha ha
08:25:12 : Side: [RussianMafia]Hatter: men
08:25:32 : Side: [RussianMafia]Hatter: Let's not right? i went mission
09:22:28 : Direct: Faldehals: hey maybe you got toiletpaper ?!
09:25:52 : Direct: Faldehals: gl hf
09:26:19 : Side: Turmoil: u2 ^^
09:26:52 : Side: Faldehals: AHA never ask me vor toiletpaper !
09:27:02 : Side: Faldehals: hehe
11:24:48 : Group: MeGa_Koffiepot: hey
11:25:12 : Group: Turmoil: hey man :) you on TS?
11:25:20 : Group: MeGa_Koffiepot: not jet ^^ 
11:25:34 : Group: MeGa_Koffiepot: am at sniker's base
11:25:39 : Group: Turmoil: me neither, ill jump on now :) 
11:25:42 : Group: MeGa_Koffiepot: he diede like 10 min aggo 
11:25:43 : Group: Turmoil: cool, finding anything good?
11:26:12 : Group: MeGa_Koffiepot: at the mission im at his base lol mb hes comming to gear up ^^ 
11:26:23 : Group: MeGa_Koffiepot: he diede at the mission**
11:26:57 : Group: Turmoil: so your camping his base for when he comes? xD
11:28:14 : Group: MeGa_Koffiepot: joint ts :pz
11:28:34 : Group: Turmoil: yeah my mic is fucked apparently, ill try and restart TS
11:29:01 : Group: MeGa_Koffiepot: copy$
11:29:31 : Group: Turmoil: seems like i need to reboot comp for it to work, had the same thing yesterday 
11:29:38 : Group: Turmoil: i will try one other thing before i reboot
11:48:34 : Side: [RussianMafia]Hatter: ADMIN
11:55:34 : Side: [RussianMafia]Hatter: admins friends
11:55:41 : Side: [RussianMafia]Hatter: fuuu
11:55:48 : Side: Legend: ?
11:55:54 : Side: [RussianMafia]Hatter: you russian?
11:55:59 : Side: Legend: hell no
11:56:05 : Side: Turmoil: hhaha
11:56:12 : Side: Legend: not that you´d be kind of a problem, but where did u put the keys?
11:56:16 : Side: [RussianMafia]Hatter: who kill me 1 
11:56:16 : Side: Michael: thanks god i am no russian
11:56:43 : Side: [RussianMafia]Hatter: give me my luts and i give you keys
11:57:13 : Side: [RussianMafia]Hatter: okay?
11:57:18 : Side: Legend: you bugged them away, righty?
11:57:18 : Side: [RussianMafia]Hatter: rearm weapons
11:58:18 : Side: [RussianMafia]Hatter: mmm?
11:59:21 : Side: [RussianMafia]Hatter: give me my lut nad i gove you keys
12:00:23 : Side: [RussianMafia]Hatter: i go to youa
12:00:34 : Side: [RussianMafia]Hatter: you*
12:00:41 : Side: [RussianMafia]Hatter: no kill
12:02:17 : Direct: Legend: wheree are the keys?
12:02:57 : Direct: [RussianMafia]Hatter: i'll take my things and thes give the keys
12:03:05 : Direct: Legend: first the keys
12:03:21 : Direct: Legend: huh?
12:03:38 : Direct: Legend: where are the keys?
12:03:42 : Direct: Legend: u can loot afterwards
12:04:00 : Direct: [RussianMafia]Hatter: i run off and tell which threw
12:04:15 : Direct: Legend: you tell first, then u can go
12:04:21 : Direct: [RussianMafia]Hatter: without cheating
12:05:59 : Direct: Legend: how many keys u had?
12:06:20 : Direct: Legend: drop your weapon and follow me in the base
12:06:26 : Direct: [RussianMafia]Hatter: 2
12:06:29 : Direct: [RussianMafia]Hatter: two
12:07:37 : Direct: Legend: we got 1
12:07:56 : Direct: Michael: pls write ...cant understand shit
12:08:06 : Direct: [RussianMafia]Hatter: fire plant
12:08:24 : Direct: Legend: we got that one
12:08:32 : Direct: Legend: but there is another one
12:08:59 : Direct: Legend: we already got that one at the fire place
12:09:44 : Direct: Legend: stay in
12:09:48 : Direct: Legend: we try something
12:10:45 : Side: Legend: that was not the deal
12:11:41 : Side: Turmoil: cant trust em eh?
12:12:17 : Side: Legend: nah haha
12:30:30 : Group: Triam: Влад 
12:35:17 : Side: Sierra [SD]: Hi all, everyone ok?
12:35:23 : Side: Turmoil: heyya ^^ 
12:35:35 : Side: [RussianMafia]ICEE: Hi
12:36:07 : Side: Sierra [SD]: :)
12:36:13 : Side: Turmoil: did you oversleep today? xD 
12:36:17 : Side: Turmoil: havent seen you on earlier
12:36:49 : Side: Sierra [SD]: nope haha :D - no I haven't been near a computer all morning
12:37:04 : Side: Turmoil: alot of stuff to do? 
12:38:04 : Side: Sierra [SD]: Walked the dog early because it was nice and frosty with a bit of snow then found out everyone had decided to have a day off so went food shopping  
12:38:09 : Side: Sierra [SD]: early too
12:38:24 : Side: Turmoil: oh so actually no work today? :D
12:38:58 : Side: Sierra [SD]: Well the phone never stops ringing but apart from that :)
12:39:05 : Side: Turmoil: lol
12:39:33 : Side: Turmoil: i keep my phone on silent when im not at work... so if i dont see it ringing i dont care about it at all ^^
12:40:03 : Side: Sierra [SD]: xD - well we can't exactly ignore work calls. We'd have no customers left! :P
12:40:28 : Side: Turmoil: true true ^^ hey, got a question, i have the merlin heli, but after each restart its all empty of fuel...
12:40:42 : Side: Turmoil: so whenever i land before a restart i must land near a refueling station
12:40:56 : Side: Sierra [SD]: yeah - again a dayz thing unless your windows are broken?
12:41:25 : Side: Turmoil: they seem fine, i also repaired it just to be sure earlier today
12:42:15 : Side: Turmoil: its not leaking fuel... its just empty every single time the server restarts
12:42:33 : Side: Sierra [SD]: yeah - it is a known bug - just happens to some heli's sometimes. Add it to the list of weird stuff that happens! xD
12:42:57 : Side: Turmoil: will do xD
12:44:51 : Direct: Sierra [SD]: i come in peace - just came to talk to Turmoil if he is landing here
12:45:00 : Direct: Sierra [SD]: oh hes gone
12:45:11 : Direct: Sierra [SD]: lol ok - don't mind me then - c ya later :)
12:45:53 : Direct: Sierra [SD]: I could try replacing it for you but to be honest it might happen again
12:46:05 : Direct: Sierra [SD]: I think it happens to certain heli's
12:46:20 : Direct: Turmoil: do as you like ^^ i dont have anything in it atm so
12:46:41 : Direct: Sierra [SD]: ok well I'll replace it for you but I can't promise it will solve it
12:46:58 : Direct: Turmoil: sure ^^
12:47:53 : Direct: Sierra [SD]: hang on
12:47:58 : Direct: Sierra [SD]: toolbelt was full
12:48:38 : Direct: Sierra [SD]: try that :)
12:48:45 : Direct: Turmoil: will do ^^
12:48:54 : Direct: Turmoil: so whats the plan ?
12:49:05 : Direct: Sierra [SD]: lol that is a broad question :D
12:49:44 : Direct: Turmoil: went looting this morning, got 2 suitcases worth of guns :D
12:49:56 : Direct: Sierra [SD]: oh that is cool :D
12:50:20 : Direct: Sierra [SD]: can buy more stuff! :P
12:50:33 : Direct: Turmoil: my mission is to find a hotwire kit now, found one of those propeller planes vertical takeoff things
12:50:36 : Direct: Turmoil: but its locked
12:50:53 : Direct: Sierra [SD]: ah yeah - I dont think they come up very often but I wish you luck! :D
12:51:09 : Direct: Sierra [SD]: was your heli parked on a metal platform btw?
12:51:14 : Direct: Turmoil: someones watching... shhhhh
12:51:20 : Direct: Turmoil: nope... was on the ground
12:51:37 : Direct: Sierra [SD]: ah okies
12:51:42 : Direct: Sierra [SD]: nm then lol
12:52:05 : Direct: Turmoil: dont think marco had any problems with his on the platform... as far as i know 
12:52:12 : Direct: Turmoil: just koffiepot and his friend 
12:52:27 : Direct: Sierra [SD]: sometimes that causes it 
12:52:55 : Direct: Sierra [SD]: yeah its all good I was at his base a min ago trying to chase you down lol
12:53:44 : Direct: Sierra [SD]: wanna check your key works?
12:53:49 : Direct: Turmoil: ure
12:53:52 : Direct: Turmoil: sure
12:53:52 : Direct: Sierra [SD]: just incase?
12:54:17 : Direct: Sierra [SD]: good :)
12:54:21 : Direct: Turmoil: just shoot him in the leg... 
12:54:26 : Direct: Sierra [SD]: lol
12:54:46 : Direct: Turmoil: they are on TS with me so... 
12:55:06 : Direct: Sierra [SD]: well i should let you go rather then you being here like a sitting duck lol :D
12:55:28 : Direct: Turmoil: sure ^^ i think im gonna land this thing down at base and take a break when the server restarts
12:55:44 : Direct: Turmoil: thanks again for helping out, hopefully the problem is solved now
12:55:59 : Direct: Sierra [SD]: okies then :D well have fun! I'll catch up with you later. Im sure it will do it again -0 I think you may have to live with it
12:56:21 : Direct: Turmoil: might buy another heli then xD anoying if i have to land somewhere for a restart and its all out of fuel
12:56:37 : Direct: Sierra [SD]: yeah either that or keep a fully jerry can on you i guess
12:56:53 : Direct: Turmoil: need to many of those xD
12:57:00 : Direct: Sierra [SD]: XD
12:57:05 : Direct: Turmoil: 1000L i think on this heli, 20l barely starts it :D
12:57:13 : Direct: Sierra [SD]: lol :D
12:57:34 : Direct: Turmoil: missed :D
12:57:39 : Direct: Sierra [SD]: xD
12:57:48 : Direct: Turmoil: well ill go land it before the restart ^^
12:57:58 : Direct: Turmoil: need a lift anywhere?
12:58:08 : Direct: Sierra [SD]: nope cheers :D
13:03:11 : Side: Sierra [SD]: I found a pet piggy and his name is Mr Oinksworth
13:27:10 : Direct: Sierra [SD]: heli ok I assume :)
13:27:35 : Direct: Turmoil: where yu hiding? :O
13:27:47 : Direct: Turmoil: you scared me xD
13:27:53 : Direct: Sierra [SD]: lol sorry forgot about invisi
13:28:11 : Direct: Sierra [SD]: sorry I missed you on ts was making something to eat
13:28:16 : Direct: Turmoil: these ones were locked :( buuh
13:28:23 : Direct: Sierra [SD]: ah damn 
13:28:27 : Direct: Turmoil: thats okay, i was just popping in to have a chat if you had time for it
13:28:58 : Direct: Turmoil: combination incorrect as well... was worth a shot tho
13:29:11 : Direct: Sierra [SD]: Well I'm about for a bit if you want to - upto you :) - damn lol :D - ok will catch you later! :)
13:32:03 : Side: Turmoil: missed :)
13:35:07 : Side: Turmoil: hi down tehre
13:35:15 : Side: Turmoil: just flying by
13:35:42 : Side: Legend: yoyo
13:41:30 : Side: SAMI   svvay: hey Sierra
13:41:41 : Side: SAMI   svvay: would you like to remove this Merlin right here?
13:41:52 : Side: Sierra [SD]: 1 sec
13:41:57 : Side: SAMI   svvay: cheers!
13:43:48 : Direct: Sierra [SD]: hi :)
13:44:53 : Direct: Sierra [SD]: which heli? the one on the roof
13:44:58 : Direct: SAMI   svvay: si senor
13:44:59 : Direct: SAMI   svvay: Merlin
13:45:17 : Direct: SAMI   svvay: wow.. thank you!
13:45:20 : Direct: SAMI   svvay: saved me alot of work
13:45:30 : Direct: Sierra [SD]: there you go :) np :D - have fun catch you later!
13:53:22 : Side: hedgewriter: всем привет 
13:53:33 : Side: [RussianMafia]Hatter: hi
13:53:34 : Side: hedgewriter: у меня вопрос а траву убрать можо?
13:53:39 : Side: [RussianMafia]Hatter: po english pishi
13:53:44 : Side: [RussianMafia]Hatter: net
13:53:45 : Side: [RussianMafia]ICEE: ne pihi
13:53:47 : Group: DeathMax: я вас слышу
13:54:06 : Group: DeathMax: вас зато слышат xD
13:54:22 : Group: DeathMax: да тут дела дела
13:54:47 : Group: DeathMax: зделай пол сюда влад
13:56:25 : Group: DeathMax: у меня тоже все пары с 11.35
13:56:38 : Group: DeathMax: и 2 экономики пиздец
13:56:45 : Group: DeathMax: она пробка ебаная
13:57:30 : Group: DeathMax: э я тут вообщето тоже строю не мандите
13:57:35 : Group: DeathMax: немогу
13:57:44 : Group: DeathMax: завис колесико
13:58:07 : Direct: Turmoil: Ørjan
13:59:27 : Direct: Turmoil: Æ Ø Å
14:03:46 : Side: Kev: any way to get more than 150 object in the plot?
14:04:13 : Side: Sierra [SD]: No that is the limit
14:04:24 : Side: TheOracle: on some servers you can upgrade the plot pole... but i think its the limit on this one
14:04:30 : Side: Kev: so we cant place another plot or something else?
14:04:50 : Side: Sierra [SD]: not within 100m
14:05:09 : Side: herma: hey guys, i havent played dayz in a while, what does the thing below the gun sign on my stats mean?
14:05:42 : Side: TheOracle: blood and humanity?
14:05:59 : Side: Legend: is there a way the admins would be so nice and raise the limit to 200 rather than 150 objects?
14:06:31 : Side: herma: no, down by the hunger and thirst meters
14:06:33 : Side: Sierra [SD]: No sorry, bases get too big otherwise I am afraid.
14:07:03 : Side: Legend: okay :/
14:07:06 : Side: TheOracle: ohh.. thats tempature, blood , hydration and starvation
14:07:08 : Side: Sierra [SD]: In/out combat, temperature, blood, food, drink
14:07:17 : Side: herma: thanks :)
14:07:23 : Side: TheOracle: lol starvation o.O
14:07:33 : Side: Sierra [SD]: :D
14:13:11 : Side: TheOracle: them BB Guns are killers o.O
14:13:24 : Side: herma: impressive
14:13:36 : Group: MeGa_Koffiepot: move hte nosy heli your givving awai the possoion ^
14:14:07 : Group: MeGa_Koffiepot: move plz
14:14:13 : Group: MeGa_Koffiepot: ty
14:36:33 : Direct: Kev: could u guys start?
14:36:39 : Direct: Kev: want to buy smthn
14:36:48 : Direct: [RussianMafia]Hatter: you russia?
14:36:57 : Direct: Kev: yes
14:36:58 : Direct: [RussianMafia]Hatter: Group man afk
14:37:06 : Direct: [RussianMafia]Hatter: Hash otoshel
14:37:09 : Direct: [RussianMafia]Hatter: Bo 
14:37:10 : Direct: Kev: ok
14:37:23 : Direct: Kev: hash otoshel 
14:48:03 : Side: [RussianMafia]Hatter: admin
14:48:07 : Side: [RussianMafia]Hatter: aadmin help
14:48:13 : Side: [RussianMafia]Hatter: kemp trade zone
14:48:25 : Side: [RussianMafia]Hatter: !admin
14:48:33 : Side: Legend: dude, it was outside, far away, closer to our base than to stary
14:48:34 : Side: _The_SnikerS_: не ной а
14:48:37 : Side: Legend: dont flame, just deal with it
14:48:50 : Side: [RussianMafia]Hatter: i gop to trade zone 
14:48:57 : Side: 2DIE4:   happy dieing  =) 
14:48:58 : Side: [RussianMafia]Hatter: his kill me in your base
14:51:46 : Side: Sierra [SD]: closer to Stary then your base but still a long way out of Stary. Please don't camp the trader from your base though.
14:51:59 : Side: [RussianMafia]Hatter: Sierra
14:52:12 : Side: Kev: we were not even in out base sierra
14:52:17 : Side: [RussianMafia]Hatter: His camp me
14:52:19 : Side: Legend: i didnt camp stary, they came from another direction
14:52:35 : Side: [RussianMafia]Hatter: I have 10+ brifcase 
14:52:38 : Side: Sierra [SD]: Yep its ok, not saying you were but just advising
14:52:49 : Side: Legend: kk sure
14:52:52 : Side: Kev: ok
14:52:57 : Side: [RussianMafia]Hatter: What?We fluing in trade
14:53:02 : Side: [RussianMafia]Hatter: Admin
14:53:03 : Side: _The_SnikerS_: пиздабол
14:53:10 : Side: Sierra [SD]: You were not in the trader Hatter
14:53:14 : Side: Phaetta: English only pleas
14:53:31 : Side: [RussianMafia]Hatter: admin
14:53:40 : Side: [RussianMafia]Hatter: sdasd
14:53:45 : Side: [RussianMafia]Hatter: Admin 
14:53:47 : Side: 2DIE4: thx Phaetta  =)
14:53:52 : Side: Phaetta: ;*
15:11:08 : Side: herma: how did i die?
15:11:34 : Side: HighFlyer: ai
15:11:50 : Side: herma: ohh
15:12:05 : Side: herma: he walked through the wall
15:12:13 : Side: herma: didn't even shoot me..
15:12:33 : Side: [RussianMafia]Hatter: kev you russia
15:12:51 : Side: [RussianMafia]Hatter: kak tbI cB93alC9 c Etimi
15:13:06 : Side: Kev: no
15:13:16 : Side: _The_SnikerS_: 8155m loool
15:13:20 : Side: Kev: dont like russians hehe
15:21:49 : Side: Gazelkin54: Legend hi)))
15:22:03 : Side: Legend: yo sup
15:22:14 : Side: Phaetta: :)
15:22:18 : Side: SAMI   svvay: ))))
15:22:19 : Side: Phaetta: )
15:23:40 : Side: matsa: where can i sell ksvk?
15:23:53 : Side: 2DIE4:  bandit
15:24:10 : Side: Gazelkin54: hahahaha)))))))
15:55:14 : Group: SAMI   svvay: admin?
15:56:09 : Group: Phaetta: Admin? Could you tp to me?
15:56:29 : Side: Phaetta: Admin? Could you tp to me?
15:56:47 : Side: herma: i have a tent, will it be locked to other players? will it despawn after server restart?
15:56:57 : Side: Phaetta: Nope, and nope
15:57:15 : Side: 2DIE4:  your tent  is open to all 
15:57:29 : Side: 2DIE4:  it will NOT despawn but it can be destroyed
15:57:32 : Side: herma: so as long as i hide it real good i'm fine?
15:57:46 : Side: 2DIE4:  yap 
15:58:06 : Side: herma: alright thanks
15:58:08 : Side: 2DIE4:  but believe me  XD  i know all the spots  XD   been playing this too long  
15:58:33 : Side: herma: haha
15:58:43 : Side: herma: i'll hide it real good
15:58:50 : Side: 2DIE4:  do ya best  XD
16:01:44 : Side: herma: i don't remember how to build stuff, is there a manual?
16:02:02 : Side: 2DIE4: nope  =) 
16:02:14 : Side: 2DIE4:  but if u missing items itll tell  u
16:11:36 : Side: [RussianMafia]Hatter: Sibiryak54
16:11:44 : Side: [RussianMafia]Hatter: c kem ugraesh?
16:12:01 : Side: 2DIE4:  still english pls
16:12:11 : Side: [RussianMafia]Hatter: It's English
16:12:21 : Side: 2DIE4:  dude dont fuck with me 
16:12:28 : Side: Sibiriak54: Gazel i dom
16:12:59 : Side: 2DIE4:  do u want to keep it up?
16:19:36 : Side: SAMI   svvay: Sierra?
16:19:42 : Side: SAMI   svvay: We built a landingpad on top of the barn
16:19:48 : Side: SAMI   svvay: Is that alrighty?^^
16:24:39 : Direct: herma: hello
16:24:52 : Direct: timbo: hi 
16:24:59 : Direct: herma: im coughing what do i do
16:25:05 : Direct: timbo: i gave you some antibiotics
16:25:15 : Direct: herma: oh thanks
16:25:17 : Direct: timbo: we too
16:25:20 : Direct: timbo: np
16:25:36 : Direct: herma: this yours`?
16:25:58 : Direct: timbo: jep
16:26:06 : Direct: Skags: hez its mine 
16:26:16 : Direct: Skags: xDD
16:26:17 : Direct: herma: oh cool
16:26:23 : Direct: herma: didnt see you there
16:26:37 : Direct: Skags: alright cya
16:26:42 : Direct: herma: bye
16:28:10 : Direct: herma: hello
16:30:42 : Side: SAMI   svvay: Sounds great, thank you!
16:30:53 : Side: Sierra [SD]: np :)
16:33:03 : Side: SAMI   svvay: Gandy?
16:33:06 : Side: SAMI   svvay: Friend?
16:33:17 : Side: Gandy: сорръ?
16:33:20 : Side: Gandy: sorry?
16:33:43 : Side: SAMI   svvay: My apologizes for killing you
16:33:57 : Side: Gandy: how did you do it :D
16:34:00 : Side: Sibiriak54: Uuuu aallaaahh akkkbaaarrr
16:34:01 : Side: Gandy: where did you come from
16:34:07 : Side: SAMI   svvay: The sky :p
16:34:16 : Side: Gandy: oh
16:34:21 : Side: herma: im trying to buy a car but it says "you can only buy -1 regular magazines and 6 sidearm magazines into your gear"
16:34:25 : Side: Gandy: did you take stuff?
16:34:33 : Side: SAMI   svvay: I did not, my friends did
16:34:37 : Side: Gandy: :s
16:34:38 : Side: Phaetta: ;)
16:34:58 : Side: Phaetta: thx btw
16:34:59 : Side: herma: can somebody help me?
16:35:13 : Side: Gandy: i can
16:35:21 : Side: Gandy: free your gear
16:35:28 : Side: Gandy: why did you do it ppl
16:35:36 : Side: Gandy: how did you come and kill me :D
16:35:52 : Side: herma: how many slots do i need for a car?
16:35:56 : Side: matsa: ejected :D
16:36:04 : Side: SAMI   svvay: I saw you peeking at us from your base 
16:36:07 : Side: Sierra [SD]: are you using ordinary trading menu or advanced?
16:36:22 : Side: herma: i dont know im at the trader city or something
16:36:46 : Side: herma: it worked now
16:37:02 : Side: Sierra [SD]: ah righty
16:37:12 : Side: 2DIE4:  dude make sure u have  aslot free in ya toolbeltitems ... and one or two in ya regular gear for the change 
16:37:39 : Side: Phaetta: Admin, gandy is ramming cars in trader
16:37:50 : Side: Gandy: im ramming my cars
16:38:05 : Side: Phaetta: that we stole in your base
16:38:11 : Side: Phaetta: thx btw
16:38:15 : Side: SAMI   svvay: Gandy, I will put the keys in your vehicle
16:38:15 : Side: Gandy: why did you take them
16:38:17 : Side: SAMI   svvay: Just stop
16:38:19 : Side: Gandy: for gods sake
16:38:29 : Side: matsa: well give it back
16:38:32 : Direct: SAMI   svvay: Gandy
16:38:33 : Direct: SAMI   svvay: Here
16:38:33 : Side: matsa: just calm down
16:38:37 : Direct: SAMI   svvay: I give you the key
16:38:37 : Side: Sierra [SD]: Well i suggest you all come to a resolution or they will get deleted
16:38:42 : Direct: herma: hey
16:38:47 : Direct: herma: nice heli
16:39:01 : Side: Phaetta: just come and delete them
16:39:15 : Side: Gandy: i got one
16:40:09 : Direct: Gandy: k now
16:40:14 : Direct: Gandy: you can get out
16:40:42 : Direct: SAMI   svvay: xD
16:49:13 : Side: Phaetta: Vote night lads <3
16:49:40 : Side: herma: do you type vote night or just /night
16:49:56 : Side: Sierra [SD]:  /vote night
16:50:48 : Group: [RussianMafia]gg_teemo: /vote night
16:57:05 : Side: Patriks: can u buy cinders here?
16:57:15 : Side: Phaetta: At trade
16:57:19 : Side: SAMI   svvay: When I destroy a crate(those black spawned thingys), how do I remove what falls apart?
16:57:42 : Side: Sierra [SD]: crowbar i think
16:57:48 : Side: SAMI   svvay: Cheers!
17:03:32 : Side: Phaetta: Ahah crowbar? xD
17:03:44 : Side: Sierra [SD]: lol :D
17:03:50 : Side: Sierra [SD]: see a new one everyday!
17:03:54 : Side: SkatenoK: rus ets?
17:20:27 : Side: Turmoil: sierra?
17:26:37 : Side: matsa: pedro?
17:26:46 : Side: Phaetta: Si?
17:26:50 : Side: Blyatcuk: chitre
17:33:30 : Side: Phaetta: damn
17:45:29 : Side: matsa: russian mafia seems to have problems atm xd
17:45:34 : Side: Phaetta: ahah yee xD
17:51:15 : Side: Sibiriak54: DUDE,ARE YOU AWARE THAT NEAR THE TRADE ZONE CAN NOT KILL!
17:51:41 : Side: Sibiriak54: Admin!
17:52:08 : Side: Abradolf Lincler: the reason i killed u is because u were right next to a mission and you didnt come out of a trader city
17:52:11 : Side: [RussianMafia]ICEE: Sibiriak you are russin ?
17:52:37 : Side: [RussianMafia]Hatter: I too for Novosibirsk
17:52:40 : Side: Sibiriak54: and?
17:53:15 : Side: Sibiriak54: Sibir vpered!!
17:53:29 : Side: [RussianMafia]Hatter: Up up
17:53:31 : Side: [RussianMafia]Hatter: go go
17:53:36 : Side: [RussianMafia]ICEE: Tun
17:53:41 : Side: [RussianMafia]ICEE: *run
17:54:09 : Group: [NG2] Jesse: WE NEED HELP!
17:55:00 : Side: Sibiriak54: pustь pod konьkon iskridsia liod,I budem ludshimi mi v etot vecher
17:55:14 : Direct: Turmoil: Whos there?
17:55:14 : Side: matsa: timmbo you at mission?
17:55:20 : Side: PRISMIC: nglish only !!!~}
17:55:25 : Side: PRISMIC: english only
17:55:32 : Group: [NG2] Jesse: KOm helpen aub
17:55:43 : Side: timbo: nope i was at af an saw ya
17:55:53 : Group: Sir LongSleeves: isser aan de hand?
17:56:10 : Group: [NG2] Jesse: w e worden aangevallen en base is open
17:56:11 : Group: Sir LongSleeves: ben me vriendin DayZ aan t lere
17:56:29 : Group: Turmoil: pris! backup down here
17:56:37 : Group: [NG2] Jesse: prismic you scare us lioke hell
17:56:38 : Side: PRISMIC: why
17:56:53 : Group: Sir LongSleeves: pris use your brain and type in group
17:57:00 : Side: PRISMIC: a zombie  was after  me soz
17:57:10 : Group: Turmoil: our base is fucked, everything is open here.... 
17:57:29 : Group: PRISMIC: peek
17:58:01 : Group: PRISMIC: how much  is plot hole  ?
17:58:11 : Group: [NG2] Jesse: 60
17:58:12 : Group: Turmoil: 60oz
17:59:24 : Side: Sibiriak54: Admin,but nothing that killed me near the trade zone!\
18:01:32 : Side: [RussianMafia]ICEE: Sori
18:03:05 : Group: PRISMIC: what do need to place wirencing  ?
18:03:17 : Group: PRISMIC: wire fencing
18:03:35 : Group: Turmoil: we got the stairs safe so... we need to build new doors infront of the storages
18:04:54 : Group: Turmoil: is that you prismic?
18:05:04 : Group: PRISMIC: NO
18:05:13 : Group: PRISMIC: DID  SOMEONE SPEEK TOYOU  ASWELL
18:06:44 : Side: Sibiriak54: Admin KILLED ME with 500 METERS TO the TRADE AREA,is THIS NORMAL?
18:12:01 : Side: M.K.: lwb, can you reply on steam?
18:12:12 : Side: M.K.: i wanna talk with you something
18:15:56 : Group: [NG2] Jesse: hi ? 
18:16:34 : Group: Miss MiniSkirt: its sleeves
18:16:41 : Group: Miss MiniSkirt: is koffie online?
18:17:33 : Group: Miss MiniSkirt: i want to get a character for her but when i log in i spawn with the gear i had
18:17:41 : Direct: LWB [SD]: hey whats up
18:17:52 : Direct: M.K.: hey
18:18:25 : Direct: M.K.: i just wanted to add you so i can keep a close "touch" with you, because i plan on playing on this server a while
18:18:40 : Direct: M.K.: and you seem like a cool person 
18:18:46 : Direct: M.K.: so , if you don't mind
18:19:09 : Direct: LWB [SD]: sorry but I dont add people on steam really, only my friends. Im always available on the website or TS
18:19:20 : Direct: M.K.: also, dont mind my poor english :P
18:19:30 : Direct: M.K.: well, sure, i understand, no problem :)
18:19:35 : Direct: LWB [SD]: Better than most ;)
18:19:57 : Direct: M.K.: u still here?
18:20:01 : Direct: LWB [SD]: yep
18:20:47 : Direct: M.K.: i was looking around for a good server , with good/non toxic people, friendly /capable admins 
18:21:04 : Direct: M.K.: that isnt overblown with mods
18:21:06 : Direct: M.K.: and addonds
18:21:09 : Direct: M.K.: addons*
18:21:15 : Direct: LWB [SD]: Well, I cant help the people, but the rest should fit the bill
18:21:20 : Direct: M.K.: and this seems like a good start
18:21:24 : Direct: M.K.: :D
18:21:36 : Direct: LWB [SD]: :D
18:21:44 : Direct: M.K.: ok, well that's everything for now
18:21:47 : Direct: M.K.: thanks for your time
18:21:48 : Direct: M.K.: :P
18:21:51 : Direct: LWB [SD]: ok, have fun
18:21:54 : Direct: M.K.: cheers
18:24:09 : Group: Joshuaa: hey man
18:24:28 : Group: matsa: hola
18:24:44 : Group: matsa: i found a grenade car
18:24:52 : Group: Joshuaa: no way!
18:24:57 : Group: Joshuaa: theyre so good
18:25:37 : Group: Joshuaa: put cars in here?
18:25:52 : Group: matsa: i dont have the key for the humvee
18:25:57 : Group: Joshuaa: ohh ok man
18:26:31 : Group: matsa: wanna go snipe the bandit base?
18:26:38 : Group: Joshuaa: yeah man
18:26:54 : Group: Joshuaa: let me get my gear sorted 2 mins
18:26:59 : Group: matsa: ill gear up
18:27:31 : Group: Joshuaa: hey man
18:27:58 : Group: matsa: ?
18:28:16 : Group: Joshuaa: to svvay
18:28:45 : Group: Joshuaa: im reasdy dude
18:28:46 : Group: SAMI   svvay: hey josh
18:28:47 : Group: Joshuaa: ready
18:29:09 : Group: matsa: mozzie?
18:29:20 : Group: Joshuaa: ok man omw
18:29:43 : Group: matsa: i can drop
18:29:53 : Group: matsa: here?
18:30:02 : Group: Joshuaa: huh?
18:30:33 : Group: Joshuaa: you know how to fly?
18:30:38 : Group: matsa: ye :P
18:30:52 : Group: Joshuaa: i need toolbox
18:30:59 : Group: matsa: aight
18:31:35 : Group: Joshuaa: deploy failed
18:31:44 : Group: Joshuaa: we need to leave base i think
18:31:52 : Group: matsa: yep
18:32:12 : Group: matsa: shit
18:33:16 : Group: matsa: svvay will get you mozzie parts
18:33:28 : Group: Joshuaa: fucking stairs man
18:33:39 : Group: Joshuaa: leave my gear ill be back in a min
18:33:48 : Group: SAMI   svvay: yea just got the mozzie parts for yaw
18:34:03 : Group: SAMI   svvay: im coming
18:34:06 : Group: Joshuaa: how do people die on the stairs so much
18:34:09 : Group: Joshuaa: thanks man
18:34:26 : Group: matsa: its a bug :D
18:34:35 : Group: Joshuaa: its baddd haha
18:34:38 : Group: SAMI   svvay: you got to be very cautios 
18:35:42 : Group: ReaperZA: im headin down to bandit base mission if any of u want some loot
18:36:03 : Group: Joshuaa: lol how do i fly?
18:36:03 : Group: SAMI   svvay: gl :D
18:36:07 : Group: Joshuaa: never flown before haha
18:36:09 : Group: SAMI   svvay: you take em in your inventory
18:36:14 : Group: SAMI   svvay: then right click toolbox
18:36:26 : Group: SAMI   svvay: select mozzie
18:36:29 : Group: Joshuaa: i know, i dunno how to fly heli haha
18:36:31 : Group: SAMI   svvay: and press space where you feel to place it
18:36:43 : Group: Joshuaa: lets give it a go haha
18:36:44 : Group: matsa: press q to start engine
18:36:55 : Group: matsa: and wasd to steer
18:37:11 : Group: SAMI   svvay: q is also your power
18:37:21 : Group: SAMI   svvay: z is to loosen your power
18:37:35 : Group: matsa: q gives power and shift is boost
18:39:01 : Group: matsa: z is to slow the power (to land)
18:39:13 : Group: Joshuaa: heli incoming
18:39:23 : Group: SAMI   svvay: oh shit
18:40:05 : Group: matsa: if you scroll your mouswheel and press autohover it makes it easier to land
18:40:14 : Group: matsa: it stabilizes the heli
18:40:51 : Group: Joshuaa: yay
18:40:57 : Group: matsa: you can turn around if you press x and c
18:40:59 : Group: SAMI   svvay: n1 josh :D
18:41:31 : Group: SAMI   svvay: lets go do the ikea mission
18:41:32 : Group: SAMI   svvay: aka
18:41:36 : Group: SAMI   svvay: disabled convoy
18:41:50 : Group: Joshuaa: ill get gear
18:43:18 : Group: SAMI   svvay: roger
18:43:20 : Group: SAMI   svvay: im rollin
18:43:26 : Group: SAMI   svvay: catch ya at the battlefield
18:44:12 : Side: [RussianMafia]Hatter: Legends wait me on you bases
18:44:47 : Group: matsa: remember to land atleast 500m away, the will shot at you
18:44:48 : Side: [RussianMafia]Hatter: i know what you Abradolf Lincler
18:45:07 : Side: Abradolf Lincler: what?
18:45:08 : Side: Colin: ENGLISH PLS
18:45:43 : Side: [RussianMafia]Hatter: I speak engliesh
18:46:00 : Side: [RussianMafia]Hatter: ish
18:46:47 : Side: Abradolf Lincler: the problem is i dont understand what you are saying in "english"
18:46:59 : Group: matsa: mission spawned under me :(
18:47:03 : Side: [RussianMafia]Hatter: Are you understand
18:47:08 : Group: Joshuaa: Where were the shots?
18:47:47 : Group: Joshuaa: yeahh
18:48:02 : Side: Colin: thats the worst english i've ever seen, and my english isn't good aswell.
18:48:06 : Group: Joshuaa: can i fire?
18:48:17 : Side: ReaperZA: *either
18:48:31 : Group: Joshuaa: im ranged 
18:49:11 : Group: Joshuaa: i got 2
18:49:20 : Group: Joshuaa: fuck haha
18:49:25 : Group: SAMI   svvay: XD
18:49:29 : Group: SAMI   svvay: we fucked
18:49:33 : Group: Joshuaa: we good
18:50:12 : Group: Joshuaa: i can take the ai
18:50:26 : Group: Joshuaa: im shaking man
18:50:50 : Group: Joshuaa: got 3
18:52:30 : Group: Joshuaa: wouldnt let me cover damn
18:52:34 : Group: Joshuaa: it was blocked
18:53:19 : Group: Joshuaa: coming now
18:57:00 : Group: Joshuaa: hows it going
18:57:01 : Group: Miss MiniSkirt: really ray
18:57:26 : Group: matsa: DONE
18:58:51 : Group: Miss MiniSkirt: how did you die xD
18:59:18 : Group: ReaperZA: i think some guy came behind me
18:59:29 : Group: Miss MiniSkirt: its AI
18:59:30 : Group: ReaperZA: i wasnt cautious enough XD
18:59:47 : Side: 2DIE4:  how cool is that?  sombi lock spawned right in front of me  XD
18:59:48 : Group: SAMI   svvay: josh
18:59:54 : Group: SAMI   svvay: i got ur 2x10oz gold
18:59:54 : Group: Joshuaa: ya
18:59:55 : Group: SAMI   svvay: incase u wonder
18:59:59 : Group: Joshuaa: ok thanks
19:00:00 : Side: 2DIE4: combi lock sry  =)
19:00:05 : Group: ReaperZA: there was some player uhey hovering close to objective
19:00:58 : Group: Miss MiniSkirt: dude that moment Dev is a better pilot then me
19:01:20 : Group: matsa: COME LOOT IF YOU WANT TO
19:01:33 : Group: matsa: caps lock again :P
19:01:41 : Group: Joshuaa: zombie on ladder ffs
19:02:43 : Group: Joshuaa: sniped down ladder
19:03:22 : Group: Joshuaa: snipoer
19:03:26 : Group: Joshuaa: sniper
19:03:26 : Group: SAMI   svvay: where
19:03:31 : Side: herma: does my dead body despawn after server restart?
19:03:37 : Side: Abradolf Lincler: yes
19:03:38 : Group: Joshuaa: no idea man
19:03:40 : Side: 2DIE4: yap 
19:03:46 : Group: Joshuaa: shot me when i was goj g down ladder
19:03:47 : Side: 2DIE4:  it despawns b4    
19:03:56 : Side: herma: so the key to my car is gone
19:04:00 : Side: 2DIE4:  usually bodies stay about 45 mins  max
19:04:11 : Side: 2DIE4:   naa dont worry ull get looted  XD
19:04:24 : Group: Joshuaa: you at my body
19:04:56 : Group: matsa: no
19:12:51 : Group: ReaperZA: might i be bale to get a pickup??
19:13:48 : Group: [NG2] Jesse: sorry no got no heli now.. 
19:13:56 : Group: ReaperZA: alright thx
19:17:27 : Group: Joshuaa: yo
19:17:33 : Group: Joshuaa: where?
19:17:46 : Group: Joshuaa: ok dude
19:19:47 : Group: matsa: josh u want bandit sniper camo?
19:19:57 : Group: Joshuaa: yeah please
19:21:13 : Group: Joshuaa: anyone take my m24?
19:21:22 : Group: SAMI   svvay: njet
19:22:57 : Group: Joshuaa: huh
19:23:14 : Group: Joshuaa: aint got one man
19:23:48 : Group: Joshuaa: not giving me option ffs haha
19:23:55 : Group: SAMI   svvay: Xd
19:27:25 : Group: Joshuaa: yep
19:27:34 : Group: Joshuaa: ive only got m4a1
19:27:41 : Group: Joshuaa: m4a3
19:28:51 : Group: Joshuaa: im gonna fire
19:30:00 : Group: Joshuaa: anyone got spare sniper?
19:30:23 : Group: matsa: HERE
19:30:36 : Group: matsa: here
19:31:27 : Side: 2DIE4:  killed by a Door  XD
19:33:34 : Group: Joshuaa: how many left?
19:35:14 : Group: Joshuaa: location of enemies?
19:35:32 : Group: matsa: right
19:38:33 : Group: Joshuaa: tangos down?
19:38:59 : Group: Joshuaa: 2 down
19:39:17 : Group: Joshuaa: yeah
19:39:28 : Group: Joshuaa: i prefer this tbh
19:39:55 : Group: Joshuaa: we heading in?
19:40:46 : Group: matsa: come here
19:43:21 : Group: matsa: hide
19:43:39 : Group: Joshuaa: oh shit
19:45:17 : Group: Joshuaa: fuck
19:49:54 : Side: SAMI   svvay: Hey admin, you got time?
19:50:00 : Group: Miss MiniSkirt: RAY
19:50:03 : Group: Miss MiniSkirt: chainsaw
19:50:14 : Group: ReaperZA: did u find it?
19:50:22 : Group: Miss MiniSkirt: yup
19:50:32 : Group: ReaperZA: damn
19:50:38 : Group: ReaperZA: do u have space for it?
19:50:50 : Group: Miss MiniSkirt: its in backpack
19:51:03 : Group: ReaperZA: nice
19:51:46 : Group: Joshuaa: mat is sniper there
19:51:51 : Group: Joshuaa: in woods
19:51:58 : Group: matsa: maybe
19:52:13 : Side: SAMI   svvay: Admin, you have time?
19:52:21 : Group: Joshuaa: almost here
19:52:58 : Group: Joshuaa: ill try flank him
19:53:05 : Group: Miss MiniSkirt: btw ray
19:53:20 : Group: ReaperZA: ye?
19:53:21 : Group: Miss MiniSkirt: also a: ksvk
19:53:23 : Group: matsa: they hid our bodies
19:53:26 : Group: Miss MiniSkirt: and 
19:53:27 : Group: Joshuaa: fuck
19:53:28 : Group: ReaperZA: not bad
19:53:49 : Group: Miss MiniSkirt: L115A3 LRR
19:56:14 : Group: Joshuaa: mat we need to go
19:56:57 : Group: Joshuaa: the van?
19:57:07 : Group: matsa: broken wheels
19:57:11 : Group: Joshuaa: shit
19:57:18 : Group: Joshuaa: bike?
19:57:35 : Group: Joshuaa: base
19:57:47 : Group: matsa: ye
19:58:13 : Group: ReaperZA: do u know i that pickup down at lake willow is ours?
19:58:13 : Side: SkatenoK: vsem ky
19:58:27 : Side: [RussianMafia]ICEE: Ky
19:58:42 : Vehicle: [RussianMafia]gg_teemo: kyky
19:58:47 : Direct: [RussianMafia]gg_teemo: kyky
19:59:07 : Side: SkatenoK: i am need partner rus
19:59:27 : Side: [RussianMafia]ICEE: Cel
19:59:33 : Direct: [RussianMafia]gg_teemo: go in discord
19:59:36 : Side: Abradolf Lincler: dont u want a partner with a base?
19:59:40 : Side: [RussianMafia]ICEE: Ti de ?
20:00:03 : Side: SkatenoK: i?
20:00:14 : Side: [RussianMafia]ICEE: V kakom meste
20:00:15 : Side: [RussianMafia]gg_teemo: go in discord
20:01:21 : Group: Miss MiniSkirt: ray
20:01:29 : Group: Miss MiniSkirt: portable generator
20:01:36 : Side: [RussianMafia]ICEE: Skatenok ti gde ?
20:01:50 : Side: SkatenoK: 6olota
20:02:00 : Side: [RussianMafia]ICEE: Mi too
20:02:14 : Side: 2DIE4:  well ive had enough ill report later !
20:02:16 : Side: [RussianMafia]ICEE: Go vstretimsu
20:02:43 : Group: Joshuaa: chainsaw!
20:02:57 : Group: SkatenoK: descord&
20:03:09 : Direct: bobaliny2: fuck off
20:03:19 : Group: SAMI   svvay: who the fuck are you
20:03:20 : Direct: Abradolf Lincler: i just tagge u as friendly...
20:03:28 : Direct: Abradolf Lincler: tagged*
20:03:29 : Group: Joshuaa: who dis guy
20:03:40 : Direct: bobaliny2: So you could get into my backpack
20:03:57 : Direct: Abradolf Lincler: didnt know thats possible sorry
20:03:58 : Group: SkatenoK: solo
20:03:59 : Group: matsa: kick him josh
20:04:03 : Direct: [RussianMafia]ICEE: ты с кем в пати ?
20:04:10 : Group: Joshuaa: not leader
20:04:13 : Direct: SkatenoK: jlby
20:04:20 : Direct: SkatenoK: один
20:04:27 : Direct: [RussianMafia]ICEE: Приглосить не могу
20:04:33 : Vehicle: [RussianMafia]gg_teemo: ne pishi na russkom
20:04:52 : Direct: [RussianMafia]gg_teemo: ne pishi na russkom
20:04:55 : Side: matsa: admin do you have some time to come delete something?
20:04:56 : Direct: [RussianMafia]Hatter: Ты че пиздишь тут
20:05:01 : Direct: [RussianMafia]Hatter: Ты был в группе
20:05:05 : Direct: [RussianMafia]Hatter: С кем был?
20:05:24 : Group: Joshuaa: what about the safe you put down?
20:05:30 : Group: SAMI   svvay: we can get that later :p
20:05:33 : Direct: SkatenoK: я один играю на серве 5 мин
20:05:34 : Group: Joshuaa: okkk
20:05:47 : Direct: [RussianMafia]ICEE: Я тебя до этого на серве видил
20:05:48 : Group: SAMI   svvay: you can take the safe if you want to!
20:06:45 : Group: SAMI   svvay: you can go grab the safe if you want too
20:06:55 : Group: Joshuaa: i dont need it now im good
20:07:00 : Group: SAMI   svvay: roger roger
20:07:01 : Group: Joshuaa: i can wait
20:07:08 : Group: SAMI   svvay: ait
20:07:12 : Group: SAMI   svvay: we can go grab it later
20:07:24 : Group: Joshuaa: you got my gold from my body dude?
20:07:53 : Group: SAMI   svvay: oh shit, I lost it
20:07:57 : Group: SAMI   svvay: but ill get you some of mine
20:08:00 : Group: SAMI   svvay: no problem
20:08:06 : Group: Joshuaa: no problem
20:08:10 : Group: matsa: you can have some from me
20:08:10 : Group: SAMI   svvay: hold on
20:08:40 : Side: SkatenoK: дебилы)
20:08:58 : Side: [RussianMafia]ICEE: Пиздабол
20:09:10 : Side: SAMI   svvay: no RUSSIA plz
20:09:18 : Side: [RussianMafia]ICEE: Ok
20:09:22 : Side: SAMI   svvay: :)
20:09:27 : Side: [RussianMafia]gg_teemo: sorry
20:09:33 : Side: Joshuaa: remember... no russian
20:09:46 : Side: [RussianMafia]ICEE: Loool CoD MW1
20:09:47 : Side: SAMI   svvay: all fine my friends ^^
20:09:53 : Side: Joshuaa: yeahhhh
20:09:54 : Side: [RussianMafia]gg_teemo: we are now
20:10:29 : Side: [RussianMafia]gg_teemo: simply
20:11:31 : Side: Joshuaa: thanks dude
20:12:31 : Side: [RussianMafia]gg_teemo: simply Skatenok - lier
20:12:46 : Side: SkatenoK: pffff
20:13:01 : Side: SAMI   svvay: skatenoK joined our group with no invitation
20:13:11 : Side: SAMI   svvay: admin should keep an eye on him
20:13:15 : Side: SkatenoK: idiots
20:13:18 : Group: Joshuaa: yo
20:13:35 : Group: Joshuaa: for me>
20:13:35 : Side: [RussianMafia]gg_teemo: shut up please
20:13:38 : Group: Joshuaa: ?
20:13:44 : Group: SAMI   svvay: yee bro
20:13:53 : Side: 2DIE4:  all leave the groupo and start it new sometimes its buggy and ppl that die just get into a  group
20:13:53 : Group: Joshuaa: wow thanks bro
20:14:32 : Group: matsa: here
20:14:35 : Group: Joshuaa: who shit?
20:14:39 : Group: Joshuaa: shot 
20:14:42 : Group: Joshuaa: haha
20:14:44 : Group: SAMI   svvay: me
20:14:45 : Group: SAMI   svvay: xd
20:14:45 : Group: matsa: take :)
20:14:54 : Group: matsa: josh
20:14:57 : Group: Joshuaa: yo
20:15:05 : Group: matsa: here
20:15:34 : Group: Joshuaa: thanks dude
20:16:26 : Group: Joshuaa: yeah done it
20:16:28 : Group: Joshuaa: thanks
20:16:55 : Group: Joshuaa: im gonna head to sary
20:16:57 : Group: Joshuaa: stary
20:17:03 : Group: SAMI   svvay: roger that boss
20:17:09 : Group: Joshuaa: can i take mozzie?
20:17:12 : Group: SAMI   svvay: fc
20:17:13 : Group: SAMI   svvay: ofc
20:17:19 : Group: Joshuaa: thanks
20:17:20 : Group: SAMI   svvay: whats mine is yours bro
20:17:33 : Group: Joshuaa: what a nice guy your are man
20:17:42 : Group: SAMI   svvay: ^^
20:17:46 : Group: SAMI   svvay: doesnt it require a key?
20:18:08 : Group: Joshuaa: its not letting me do anyhting with it so maybe
20:18:13 : Group: SAMI   svvay: okey
20:18:15 : Group: SAMI   svvay: let me look it up
20:18:17 : Group: SAMI   svvay: 2 sed
20:18:47 : Group: SAMI   svvay: you need to engine too
20:18:50 : Group: SAMI   svvay: i cant seem to find it
20:19:11 : Group: Joshuaa: its fine man, ill bike
20:19:20 : Group: SAMI   svvay: lol hold on
20:19:20 : Side: M.K.: why is it so hard to find some antibiotics :(
20:19:24 : Group: SAMI   svvay: thats for poor people hehe
20:19:25 : Group: matsa: i have enne part
20:19:29 : Group: SAMI   svvay: here
20:19:31 : Group: SAMI   svvay: is your parts
20:19:44 : Side: [RussianMafia]gg_teemo: +))
20:19:51 : Group: SAMI   svvay: fuck
20:19:52 : Group: SAMI   svvay: 2 sec
20:20:01 : Direct: [RussianMafia]Hatter: хуй соси
20:20:16 : Group: SAMI   svvay: there's an engine part
20:20:17 : Side: bobaliny2: Admin, I'm stuck in my truck
20:20:26 : Side: bobaliny2: I locked it then tried to craft while i was in it
20:20:28 : Group: SAMI   svvay: got to relog
20:20:29 : Group: SAMI   svvay: brb
20:20:29 : Side: bobaliny2: And now i can't unlock it
20:21:33 : Side: M.K.: what is the radius within you cannot respawn?
20:21:48 : Side: M.K.: like how many meters away you need to be from the body
20:21:55 : Side: matsa: 2000m
20:21:59 : Side: M.K.: k ty
20:22:02 : Side: M.K.: :)
20:22:24 : Group: SAMI   svvay: hey Josh
20:22:27 : Group: Joshuaa: yo
20:22:30 : Group: SAMI   svvay: the problem was 
20:22:39 : Group: SAMI   svvay: you could not build inside of the base parameters
20:22:44 : Group: SAMI   svvay: hold on, i'll fix it
20:22:49 : Group: Joshuaa: yeah man
20:25:24 : Side: matsa: admin?
20:25:28 : Side: SAMI   svvay: Admin available?
20:26:37 : Group: SAMI   svvay: HAHAHAHAHA
20:26:39 : Group: SAMI   svvay: holy fuck
20:26:44 : Group: Joshuaa: what happened?
20:27:31 : Group: SAMI   svvay: i drove into a chopper xd
20:27:37 : Group: Joshuaa: lol
20:33:38 : Group: Joshuaa: bandits in field just across from stary
20:33:55 : Group: Joshuaa: they shot at me but i got away
20:34:29 : Side: Sergio: hola! soy nuevo, alguen team para jugar?
20:34:40 : Side: [KRT]ImMagu: english
20:35:10 : Side: [RussianMafia]ICEE: Serg you are rus ?
20:35:20 : Side: Sergio: im from uruguay
20:35:30 : Side: Sergio: speak spanish
20:36:47 : Side: [RussianMafia]Hatter: AVE PUTIN
20:36:48 : Direct: Vova: AVE PUTIN 
20:37:12 : Side: 2DIE4: LWB u walkin the dog?    =) 
20:38:30 : Side: 2DIE4: ground control for admin pls  do u copy? =) 
20:40:10 : Side: 2DIE4:   LWB 
20:40:17 : Side: 2DIE4:   i am bugged in here somehow
20:48:55 : Side: 2DIE4:  ok ill try sidechat .... Hello admin  =)   need some of ya magic power pls  =) 
20:51:01 : Side: 2DIE4:  ok thx 
20:52:59 : Side: LWB [SD]: umm how lol
20:53:35 : Direct: LWB [SD]: ok, what name
20:53:58 : Direct: LWB [SD]: ah ya ok
20:54:39 : Direct: LWB [SD]: I know why. I did unban them, but I reloaded the bans the other day after hacker and forgot to remove them from it
20:54:59 : Direct: LWB [SD]: Ill, re do it now
20:55:08 : Direct: Miss MiniSkirt: dude lock your roflcopter
20:55:23 : Direct: Miss MiniSkirt: dude
20:55:26 : Direct: LWB [SD]: yeah, the emailed me a few weeks back about it
20:55:31 : Direct: Miss MiniSkirt: lock your copter
20:55:40 : Direct: Miss MiniSkirt: ppl can steal it
20:55:55 : Direct: LWB [SD]: Ill do it in a few minutes
20:56:22 : Direct: LWB [SD]: okcool see ya later
20:57:28 : Group: Legend: GOOD BYE CRUEL WORLD
21:02:05 : Group: Joshuaa: what you doing mat?
21:02:21 : Group: matsa: nothing really
21:02:36 : Group: Joshuaa: wheres the other dude gone?
21:02:47 : Side: James: I like how the zombies are actually dangerous here
21:02:50 : Group: matsa: he went to the store
21:02:58 : Group: matsa: you mean svvay?
21:03:05 : Group: Joshuaa: yeah, forgot his name haha
21:03:29 : Group: matsa: phaetta is afk, dont know where he went
21:03:37 : Group: Joshuaa: ah ok
21:04:37 : Group: matsa: could you bring me a toolbox?
21:04:44 : Group: Joshuaa: of course
21:05:00 : Group: Joshuaa: on my way
21:05:05 : Group: matsa: aight
21:06:43 : Direct: Miss MiniSkirt: get lost
21:07:00 : Group: Joshuaa: problem, there isnt a spare
21:07:17 : Group: matsa: its okay xD
21:07:47 : Group: Joshuaa: yo, could we get the safe now bro?
21:08:08 : Group: matsa: ye
21:08:13 : Group: SAMI   svvay: whats up boyz
21:08:15 : Group: Joshuaa: sweet
21:08:18 : Group: Joshuaa: hey man
21:08:35 : Group: Joshuaa: you know where the safe is at?
21:08:51 : Group: SAMI   svvay: yea, matsa knows it
21:09:11 : Group: SAMI   svvay: he remembers whole Chernarus
21:09:16 : Group: Joshuaa: haha
21:09:26 : Group: Joshuaa: matsa i have toolbox now? you want it?
21:09:37 : Group: matsa: ye :D
21:09:49 : Side: Miss MiniSkirt: admin
21:09:58 : Side: Sierra [SD]: Hi - what's up?
21:10:04 : Side: Miss MiniSkirt: im beeing harrassed at the kelm trader
21:10:19 : Side: [AES]Maddox: i just want some sex
21:10:25 : Side: Joshuaa: wtf hahaha
21:10:40 : Side: [AES]Maddox: i tought rape was allowed
21:10:49 : Side: Miss MiniSkirt: maddox, im Sir Longsleeves his Girlfriend
21:10:54 : Side: [AES]Maddox: so?
21:10:56 : Side: Sierra [SD]: Maddox don't be so childish
21:11:17 : Side: [AES]Maddox: im just waiting for him to unlock both vehs
21:11:27 : Side: [AES]Maddox: no rules says i cantw
21:11:46 : Side: Sierra [SD]: I'm refering to your language
21:11:49 : Side: Miss MiniSkirt: you can wait all you want
21:11:50 : Side: [AES]Maddox: alright
21:11:55 : Side: [AES]Maddox: thanks <#
21:12:10 : Side: Miss MiniSkirt: Sierra, this is camping traders issnt it
21:12:23 : Side: [AES]Maddox: im not camping just putting a tent up
21:12:41 : Side: [AES]Maddox: you are camping
21:13:33 : Group: matsa: oh shit
21:13:40 : Group: Joshuaa: we good
21:14:00 : Group: Joshuaa: stay in trees
21:14:18 : Group: Joshuaa: kill him
21:14:32 : Group: Joshuaa: sweet
21:14:54 : Group: Joshuaa: i only got pistol haha
21:14:58 : Side: Miss MiniSkirt: he also rams my cars
21:15:04 : Side: [AES]Maddox: with a bike? sure
21:15:11 : Side: Sierra [SD]: he hasnt yet but Im watching
21:15:14 : Side: Sierra [SD]: oh yep now he has
21:15:19 : Side: Miss MiniSkirt: its still ramming
21:15:23 : Side: [AES]Maddox: yea well was accident lol
21:15:30 : Side: Miss MiniSkirt: sure 4 times
21:15:35 : Group: matsa: here
21:15:42 : Side: [AES]Maddox: why would i want to ram your car with a bike
21:15:55 : Side: [AES]Maddox: bastard
21:15:57 : Side: [AES]Maddox: deleted my bike
21:16:04 : Group: Joshuaa: lets get himmm
21:16:10 : Side: [AES]Maddox: i call admin abuse
21:16:24 : Side: Sierra [SD]: You are ramming in the traders and it is against the rules
21:16:28 : Side: [AES]Maddox: i didnt.
21:16:30 : Side: Miss MiniSkirt: thnx :)
21:16:42 : Side: Sierra [SD]: yes you did I was watching you do it
21:16:42 : Group: matsa: armored suv driving past
21:16:54 : Side: [AES]Maddox: i was biking around his cars -_-
21:16:59 : Group: Joshuaa: stay low
21:17:00 : Side: [AES]Maddox: boehoe
21:17:02 : Side: Sierra [SD]: and ramming into them
21:17:05 : Side: Sierra [SD]: several times
21:17:09 : Side: [AES]Maddox: was an accident like i said
21:17:30 : Side: SAMI   svvay: xd
21:19:20 : Side: [AES]Maddox: well why is skirts not leaving
21:19:39 : Group: PRISMIC: how to fix leaking helicpoter  ? 
21:19:42 : Side: Miss MiniSkirt: cuz of you guys
21:19:49 : Group: [NG2] Jesse: fuelparts..
21:19:52 : Side: [AES]Maddox: so thats against the rules if you are not trading
21:20:05 : Side: [AES]Maddox: admin abuse
21:20:19 : Group: matsa: joshua hide!
21:20:34 : Side: [RussianMafia]Hatter: Whay?
21:20:41 : Group: matsa: joshua hide
21:21:25 : Group: PRISMIC: heli dosent give me option to fix it ?
21:21:49 : Group: [NG2] Jesse: you can tow it to the dam and fix it with fuelpump
21:22:26 : Group: PRISMIC: can you help  me ?
21:22:41 : Group: [NG2] Jesse: yea omw to the dam
21:22:51 : Group: PRISMIC: kk
21:23:26 : Group: Joshuaa: spawned in the middle of ai camp fml
21:23:35 : Group: Joshuaa: my game crashed btw
21:23:56 : Group: Joshuaa: mats
21:24:00 : Group: matsa: ye i saw
21:24:05 : Group: matsa: there wasa guy here
21:24:19 : Group: Joshuaa: i killed 3 people, 1 may have been player
21:25:19 : Group: PRISMIC: whats your ETA ?
21:25:32 : Group: [NG2] Jesse: eta?w
21:25:42 : Group: PRISMIC: how long XD
21:25:54 : Side: James: What's up with this unknown thing
21:26:01 : Side: James: is that a guy?
21:26:05 : Side: SAMI   svvay: njetski
21:26:08 : Side: SAMI   svvay: they blew up
21:26:11 : Side: SAMI   svvay: ;)
21:27:10 : Side: Sierra [SD]: sometimes if two people shoot eachother at the same time and they both die at the same time it does that
21:29:28 : Side: SAMI   svvay: thats the case
21:29:35 : Group: Joshuaa: ok man
21:29:43 : Side: Sierra [SD]: yup :D good example
21:29:53 : Side: [RussianMafia]Hatter: 2DIE4 please dont touch me
21:30:47 : Group: Joshuaa: matsa ill get your stuff if i can
21:32:04 : Group: Joshuaa: in the building mats?
21:32:26 : Group: matsa: yes
21:32:34 : Group: matsa: he ded
21:32:36 : Group: matsa: go
21:33:38 : Group: Joshuaa: im watching your body mats
21:33:45 : Side: PRISMIC: admin you there ?
21:33:47 : Group: matsa: oki
21:33:57 : Side: Sierra [SD]: Hi Prismic, what is up?
21:34:15 : Side: PRISMIC: can you spawn to  me please ?
21:34:55 : Side: PRISMIC: sierra ?
21:35:11 : Side: Sierra [SD]: yes, prismic, what is wrong?
21:35:30 : Side: PRISMIC: can you spawn to me please i need help  ?
21:35:45 : Group: Joshuaa: leggo quick
21:35:46 : Group: matsa: can you loot it?
21:36:01 : Direct: Sierra [SD]: whats wrong?
21:36:12 : Group: matsa: i got it
21:36:13 : Group: Joshuaa: back to base
21:36:21 : Side: PRISMIC: my  helicopter wont give me the option to repair  
21:36:52 : Direct: Sierra [SD]: seems to be working for me
21:36:59 : Direct: Sierra [SD]: try relogging
21:37:35 : Side: PRISMIC: i have it still dosent work my friend tried aswell ?
21:37:44 : Group: matsa: lol
21:37:45 : Direct: Sierra [SD]: it is all in the green anyway
21:37:53 : Group: matsa: just chilling back here
21:37:55 : Side: PRISMIC: i saved for  ages  for  this heli now it wont work 
21:38:02 : Direct: LWB [SD]: there for me too
21:38:06 : Side: PRISMIC: it dosent ??
21:38:17 : Side: PRISMIC: sorry to bother you but it wont ?
21:38:28 : Group: matsa: body on left
21:38:43 : Side: LWB [SD]: its 95  health
21:38:44 : Group: matsa: forward
21:38:45 : Side: LWB [SD]: its fine
21:38:53 : Group: matsa: by those bushes
21:39:17 : Side: Sierra [SD]: LWB is there
21:39:29 : Group: Joshuaa: low on fuel
21:39:37 : Group: matsa: it was looted
21:39:44 : Group: matsa: how much left?
21:40:03 : Group: Joshuaa: less than 1/3
21:40:10 : Group: matsa: aight gogo
21:40:54 : Group: matsa: right next turn
21:41:18 : Direct: LWB [SD]: merlins are dodgy butits fine health wise
21:41:33 : Direct: LWB [SD]: it doesnt need repair, its 95%
21:41:43 : Direct: LWB [SD]: bug with merlin
21:41:59 : Group: Joshuaa: wheres the base haha
21:42:05 : Group: matsa: right
21:42:15 : Group: matsa: follow this road
21:42:43 : Group: matsa: there it is :)
21:42:48 : Vehicle: Joshuaa: woo
21:42:53 : Direct: LWB [SD]: get in and ill take it to trader
21:43:31 : Direct: LWB [SD]: are you hero or bandit
21:43:34 : Group: Joshuaa: good job man
21:43:51 : Group: matsa: shall we drop some loot and go get that safe for you?
21:44:04 : Group: Joshuaa: good idea 
21:44:14 : Group: Joshuaa: ill tell you when im ready
21:44:57 : Direct: LWB [SD]: ok you can sell it
21:45:01 : Side: James: good kill
21:45:24 : Direct: LWB [SD]: get in pilot seat first
21:45:33 : Direct: LWB [SD]: then in heli it wll be green to sell
21:46:23 : Direct: LWB [SD]: ok
21:47:04 : Group: Joshuaa: im ready!
21:47:45 : Group: Joshuaa: refuel car
21:48:05 : Group: matsa: well make it easy
21:48:07 : Group: Joshuaa: you got jerry?
21:48:42 : Group: SAMI   svvay: Josh?
21:48:47 : Group: Joshuaa: yo
21:48:51 : Group: SAMI   svvay: You want this vehicle?
21:48:58 : Group: SAMI   svvay: i dont want it
21:48:59 : Group: Joshuaa: let me see it
21:48:59 : Group: SAMI   svvay: lol
21:49:14 : Group: SAMI   svvay: im inside xd
21:49:26 : Group: SAMI   svvay: its the hummer
21:49:33 : Group: SAMI   svvay: but needs tires
21:49:45 : Group: Joshuaa: yeah thanks man
21:49:50 : Group: SAMI   svvay: i left the key in there
21:50:36 : Vehicle: Joshuaa: you know whwre it is?
21:50:43 : Vehicle: matsa: ye
21:50:57 : Side: James: where's all the action at?
21:51:09 : Side: SAMI   svvay: green mountain
21:51:23 : Side: Joshuaa: deathmatch at green mountain
21:51:58 : Side: 2DIE4: gg
21:52:13 : Side: 2DIE4:  now will my stuff b ther just like i left yours?  =)
21:52:19 : Group: Joshuaa: omg you scared me
21:52:33 : Side: 2DIE4:  who got me  ? =)
21:52:39 : Side: Legend: nope sorry
21:52:50 : Side: 2DIE4:  was u?  =)
21:53:16 : Group: Joshuaa: escort
21:53:26 : Side: 2DIE4:  well  get my stuff and  get outta there  =)
21:56:54 : Group: Joshuaa: where
21:58:08 : Group: Joshuaa: only got pdw
22:00:32 : Group: Joshuaa: need assault gun
22:00:58 : Group: Joshuaa: anyone got eyes on?
22:01:07 : Group: SAMI   svvay: NO
22:01:08 : Group: SAMI   svvay: no
22:01:12 : Group: SAMI   svvay: one is close to the barn
22:01:16 : Group: SAMI   svvay: other side of the road
22:03:07 : Group: matsa: stay here
22:05:00 : Group: Joshuaa: hes heree
22:05:08 : Group: SAMI   svvay: who?
22:05:16 : Group: Joshuaa: got him
22:05:52 : Group: Joshuaa: lets go quick
22:06:26 : Group: Joshuaa: go
22:07:27 : Group: Joshuaa: run
22:07:31 : Group: Joshuaa: bike
22:07:52 : Group: Joshuaa: lets go dude
22:09:39 : Group: Joshuaa: pdw vs m8 haha
22:09:43 : Group: matsa: lol
22:09:50 : Group: Joshuaa: im coming now dude
22:09:53 : Group: matsa: sorry man
22:10:32 : Group: Joshuaa: could you take me to my body?
22:10:41 : Group: SAMI   svvay: yee
22:10:48 : Group: Joshuaa: cheers dude
22:10:56 : Group: SAMI   svvay: gotta refuel
22:10:58 : Group: SAMI   svvay: almost out of gas
22:11:01 : Group: Joshuaa: okkk
22:11:11 : Group: SAMI   svvay: FK
22:11:14 : Group: SAMI   svvay: no petrol
22:11:17 : Group: SAMI   svvay: fk fk fk
22:11:20 : Group: SAMI   svvay: hehe xd
22:11:27 : Group: Joshuaa: oh dear
22:11:34 : Group: Joshuaa: matsa are thye all dead?
22:11:47 : Group: matsa: i think so
22:12:01 : Group: matsa: i killed they guy that killed you
22:12:26 : Group: Joshuaa: yeah, i hit him a few times with pdw
22:13:10 : Group: SAMI   svvay: u good to jump
22:13:28 : Group: SAMI   svvay: oh shit
22:13:30 : Group: SAMI   svvay: there are people
22:13:32 : Group: SAMI   svvay: watch out !!
22:13:35 : Group: Joshuaa: players
22:13:41 : Group: SAMI   svvay: yea, good luck!
22:13:54 : Group: Joshuaa: makarov lol
22:13:56 : Group: SAMI   svvay: when you achieve a high humanity
22:14:01 : Group: SAMI   svvay: you spawn with assault rifle
22:16:13 : Group: matsa: spawn here i got you your safe
22:17:02 : Group: Joshuaa: can we kill those guys?
22:17:35 : Group: matsa: hell yea
22:17:43 : Group: Joshuaa: i need a pick up lol
22:17:52 : Group: SAMI   svvay: my chopper is broke
22:17:55 : Group: SAMI   svvay: had to land it
22:18:50 : Group: [NG2] Jesse: can you add tur? 
22:19:22 : Group: Joshuaa: we gon get them?
22:19:23 : Group: [NG2] Jesse: in the group
22:19:51 : Group: SAMI   svvay: I'm unable
22:20:31 : Group: [NG2] Jesse: can add tur!! 
22:20:54 : Group: Mr. Shortbottoms: ramming people at traders isn't allowed, right?
22:20:55 : Group: [NG2] Jesse: hortbottuns! 
22:21:10 : Group: Mr. Shortbottoms: hi! lol
22:21:30 : Side: [RussianMafia]gg_teemo: /
22:21:57 : Direct: SAMI   svvay: Admin, do you see this chat?
22:24:57 : Side: Joshuaa: wow
22:25:08 : Side: James: good shot
22:26:20 : Side: Colin: is wood destructible?
22:26:26 : Side: matsa: yes
22:26:35 : Side: Colin: k, thx
22:27:21 : Side: Joshuaa: where you going
22:27:28 : Group: Joshuaa: where you going
22:27:31 : Group: matsa: kill them :D
22:27:44 : Group: Joshuaa: ayyy i got nothing on me haha
22:28:04 : Group: Joshuaa: wtf
22:28:37 : Group: SAMI   svvay: If you change seats, you will be kicked out 
22:28:44 : Group: Joshuaa: oh ok
22:29:35 : Side: 2DIE4:  would u russia pls stop marking on the map ?  use your group chat  
22:30:30 : Group: SAMI   svvay: yo bro
22:30:33 : Group: SAMI   svvay: i need to reconnect
22:30:33 : Side: Kev: lel theese guys :D
22:30:36 : Group: SAMI   svvay: my UI fucked up
22:30:37 : Group: SAMI   svvay: brb
22:30:40 : Group: Joshuaa: okk
22:31:03 : Side: 2DIE4:  so   wich lucky guys kicked my ass at the mansion?  XD
22:31:09 : Side: [RussianMafia]ICEE: Naxyu idi pidor
22:31:21 : Side: [AES]Maddox: me
22:31:31 : Side: [AES]Maddox: was payback
22:31:35 : Side: 2DIE4:   pidor my ass u  freakin ignorant russian ****
22:31:40 : Group: matsa: commanders seat has bullets
22:31:47 : Side: 2DIE4:  sure no prob mate  =) 
22:31:53 : Side: [AES]Maddox: good ;P
22:31:59 : Side: [RussianMafia]ICEE: LOL
22:32:10 : Side: [AES]Maddox: used a good tactic on you didnt we?
22:32:33 : Side: 2DIE4: well but bringing 2 guys out  ... =( 
22:32:42 : Side: [AES]Maddox: so? army style
22:32:48 : Side: Kev: Yo Russia guys, thanks for the 20BC today
22:32:53 : Side: 2DIE4:  well enjoy the loot  XD
22:32:55 : Side: Kev: have a great night
22:33:02 : Side: [AES]Maddox: was not much
22:33:31 : Side: 2DIE4:  wait till my crew comes on    =)  so far i am harrassing u guys all by my self  X
22:34:26 : Side: [KRT]Uku: Did u mean the mansion by the place where you died ?
22:34:35 : Side: [KRT]Uku: or mission
22:34:37 : Side: 2DIE4:  i mean the mansion mission  =) 
22:34:42 : Side: [KRT]Uku: ah okei
22:34:51 : Side: 2DIE4:  that wooden shak aint no mansion  Xd
22:34:57 : Side: [KRT]Uku: True :D
22:35:42 : Group: Joshuaa: wow
22:36:09 : Group: Joshuaa: nope
22:36:23 : Group: Joshuaa: there were 2 guys
22:36:28 : Group: Joshuaa: sounded russian
22:36:55 : Group: SAMI   svvay: i fuken h8 russinas
22:36:59 : Group: SAMI   svvay: cheez
22:37:02 : Group: Joshuaa: same hahaha
22:39:13 : Group: Joshuaa: they were at barn when i died
22:40:03 : Group: matsa: JOSH GET IN COMMANDRE
22:40:08 : Group: matsa: lol caps xD
22:40:19 : Group: Joshuaa: they gone
22:40:20 : Group: matsa: gunner
22:42:04 : Group: Joshuaa: he dead>
22:42:25 : Group: Joshuaa: he has my gear i think
22:42:36 : Vehicle: Ebse: der labert kacke ^^
22:42:42 : Group: matsa: they died
22:42:42 : Vehicle: lop24: щр оф
22:42:45 : Group: matsa: both
22:42:49 : Vehicle: lop24: jo
22:42:53 : Group: Joshuaa: good, i can get my gear now haha
22:42:53 : Side: 2DIE4:  just so u dont feel too bad  .. i am fully geared again  Xd
22:42:57 : Vehicle: lop24: сялф
22:42:59 : Side: 2DIE4:  wasnt even at home  =)
22:43:01 : Vehicle: lop24: идяфе
22:43:17 : Vehicle: lop24: тфыефкщмоу идяфе сялф вшвлщцыфйц
22:44:40 : Group: Joshuaa: lets goo
22:44:48 : Group: Joshuaa: damn floating car again
22:47:58 : Side: Joshuaa: sorry boys
22:48:06 : Side: SAMI   svvay: dont be savage josh
22:48:07 : Side: SAMI   svvay: xd
22:48:12 : Group: SAMI   svvay: hehe
22:48:15 : Group: matsa: we got revenge
22:48:34 : Group: Joshuaa: revenge is sweet
22:48:53 : Group: Joshuaa: they gonna hunt us down now haha
22:48:57 : Group: SAMI   svvay: :D
22:49:34 : Group: matsa: shoot that base
22:49:46 : Group: Joshuaa: i cant haha
22:50:05 : Group: Joshuaa: lol
22:50:29 : Group: SAMI   svvay: hahaha
22:50:57 : Group: SAMI   svvay: josh lol
22:51:01 : Group: Joshuaa: haha
22:51:02 : Group: SAMI   svvay: did u break anything
22:51:04 : Group: SAMI   svvay: xD
22:51:07 : Group: Joshuaa: nopr
22:51:49 : Group: Joshuaa: oh shiiii
22:52:07 : Group: Joshuaa: out
22:53:08 : Group: Joshuaa: we going to base?
22:53:13 : Group: matsa: yesw
22:54:45 : Group: Joshuaa: well done boys
22:56:56 : Group: Joshuaa: coming
22:57:17 : Group: Joshuaa: ffs haha
22:57:22 : Group: matsa: XD
22:57:38 : Group: matsa: wait
22:57:50 : Group: Joshuaa: whatever man, i dont have wheels atm
22:58:01 : Group: Joshuaa: thanks
22:58:19 : Group: Joshuaa: whos safe is this?
22:58:27 : Group: matsa: yours :D
22:58:41 : Group: matsa: place it somwhere
22:59:10 : Group: Joshuaa: ok, thanks man
22:59:25 : Group: Joshuaa: you got toolbox?
22:59:45 : Group: matsa: here
23:00:08 : Group: matsa: press space to place
23:00:20 : Group: matsa: remember the code tho
23:00:30 : Group: Joshuaa: took a picture
23:01:38 : Group: Joshuaa: thanks bro
23:01:54 : Group: SAMI   svvay: np ^^
23:02:33 : Group: Joshuaa: sweet, thanks
23:02:47 : Group: Joshuaa: ok man
23:03:34 : Group: matsa: just ask if you need anything :)
23:03:49 : Group: Joshuaa: will do, thanks guys
23:03:52 : Group: SAMI   svvay: matsante
23:04:01 : Group: SAMI   svvay: hell yeah buddy
23:05:43 : Group: SAMI   svvay: ill be gone for a moment
23:05:43 : Group: SAMI   svvay: brb
23:06:44 : Group: Joshuaa: whered the heli go?
23:07:57 : Side: Ebse: is the cinderblock price in stary the same like the wholesaler 
23:08:19 : Side: M.K.: dont think so
23:08:38 : Side: 2DIE4:  ,it is
23:08:38 : Group: matsa: 2 min till restart
23:08:53 : Group: Joshuaa: wheres the ladder to get down off roof wtf
23:09:01 : Side: Ebse: :(
23:09:06 : Group: Joshuaa: there only up
23:09:20 : Group: matsa: logout ill show later
23:13:58 : Side: M.K.: can you suicide?
23:14:24 : Side: Turmoil: yes
23:14:32 : Side: M.K.: ..how?
23:14:35 : Side: Joshuaa: why cant you dance on this server
23:14:53 : Side: Turmoil: type /
23:14:56 : Side: Turmoil: kill
23:14:58 : Side: Turmoil: me
23:15:01 : Side: Turmoil: in one word
23:15:05 : Side: M.K.: ty
23:15:12 : Side: M.K.: You have to wait 9s
23:15:22 : Side: Turmoil: you die instantly when you type it in so be sure you want it
23:15:29 : Side: M.K.: ok
23:17:34 : Side: M.K.: maddox , i played with you before on a different server
23:17:38 : Side: M.K.: i remember you :P
23:17:47 : Side: [AES]Maddox: wich one
23:17:54 : Side: M.K.: i dont know if im allowed to say it
23:18:04 : Side: M.K.: meh, it's down anyway
23:18:05 : Group: matsa: you go on the side and aim down
23:18:05 : Side: [AES]Maddox: its just a name xd
23:18:06 : Side: M.K.: ATD
23:18:10 : Group: matsa: look down
23:18:21 : Side: M.K.: or UK Z Nation
23:18:25 : Side: M.K.: dont remember 
23:18:28 : Side: [AES]Maddox: hmm doesnt say shit to me xD
23:18:29 : Side: M.K.: which one
23:18:31 : Side: M.K.: XD
23:18:37 : Side: [AES]Maddox: atd is?
23:18:39 : Side: M.K.: or banditparty?
23:19:11 : Side: [AES]Maddox: nah played blackhole, TDR ehmm some more but cant remember all
23:19:19 : Side: M.K.: kkk 
23:19:20 : Side: M.K.: :P
23:19:30 : Side: M.K.: i had a different name anyways
23:19:38 : Side: M.K.: michaelk
23:19:59 : Side: M.K.: but was a long time ago i think anyways.. :P
23:20:06 : Group: matsa: you have steam?
23:20:36 : Group: Joshuaa: ya
23:20:41 : Side: M.K.: or maybe we played dayz standalone..hmm
23:20:48 : Group: matsa: add me: KautoMats
23:20:57 : Side: M.K.: anyways ur name and clan name seems familiar
23:21:18 : Side: [AES]Maddox: oh yeah got some more mates
23:22:13 : Group: Joshuaa: im stuck in slow walk
23:22:24 : Group: Joshuaa: shift aint working
23:22:58 : Group: matsa: double click
23:23:41 : Group: Joshuaa: heli?
23:23:53 : Group: matsa: ?
23:24:05 : Group: Joshuaa: thought i could hear one
23:24:24 : Group: matsa: oh
23:25:40 : Group: matsa: dat scream¨
23:25:46 : Group: Joshuaa: lolol
23:25:52 : Group: Joshuaa: why is there a bear trap?
23:26:06 : Group: matsa: svvay placed them all over the place xD
23:26:15 : Group: Joshuaa: its not set haha
23:26:31 : Group: matsa: 2 more in there
23:26:40 : Group: matsa: haha
23:26:55 : Group: Joshuaa: lol
23:27:22 : Group: matsa: hmm
23:27:23 : Side: Stiefelriemen Bill: is the chainsaw bugged?
23:27:32 : Side: 2DIE4:  y?
23:27:34 : Side: Turmoil: ?
23:27:48 : Side: Stiefelriemen Bill: as i start to use it my thirst and hunger is increasing rapidly
23:28:03 : Side: [NG2] Jesse: no you sweat a lot
23:28:06 : Side: 2DIE4:   when u work  u use more power  
23:28:19 : Side: 2DIE4:  so u r hungry and thirsty faster
23:28:20 : Side: Stiefelriemen Bill: but its only when i use the cainsaw
23:28:34 : Group: Joshuaa: im gonna go off now dude
23:28:38 : Side: 2DIE4:   dude do some crafting ull see how fst shit goes down
23:28:39 : Side: [NG2] Jesse: its normal
23:28:59 : Group: matsa: aight
23:29:04 : Group: Joshuaa: seeya
23:29:09 : Group: matsa: cya ^^
23:29:41 : Side: Stiefelriemen Bill: i just ate and drank 100 cans in 10 minutes or so...
23:29:44 : Side: Stiefelriemen Bill: thats dumb
23:30:09 : Side: [AES]Maddox: chainsaw is dumb
23:30:25 : Side: matsa: y?
23:38:24 : Side: matsa: so elite...
23:51:09 : Side: [NG2] Jesse: 2died4 died? :O
23:51:18 : Side: 2DIE4:  happens
23:51:53 : Side: 2DIE4:  y do i always spawn on the coast?! =) 
23:52:11 : Side: matsa: you have to select where to spawn
23:52:29 : Side: 2DIE4:   i spawn random thats more interesting 9=)
23:52:48 : Side: matsa: ah
23:52:58 : Side: LWB [SD]: you got the choice though right, its not broken again?
23:53:00 : Side: 2DIE4: who was the lucky shot?  =)
23:53:11 : Side: 2DIE4:  i got the choice  =)
23:53:15 : Side: LWB [SD]: ok cool
23:55:01 : Side: LWB [SD]: Going to bed, have a good night all :)
23:55:19 : Side: Turmoil: have a good night ^^
23:57:19 : Side: 2DIE4: ppl r so desperat 4 my gear the even sink th ebodies  XD
23:57:22 : Side: 2DIE4:  hahahahah
23:57:40 : Side: Turmoil: most people on this server does... a bit anoying
23:57:54 : Side: Turmoil: destroy the cars, hide the bodies and be total douches ^^
23:58:02 : Side: 2DIE4:  i usually just take bibs and bobs and leave the rest  ....   Xd
23:58:24 : Side: 2DIE4:  who shot me btw?
23:58:28 : Side: Turmoil: i never kill players so i dont have to worrie about that ^^
23:58:34 : Side: Turmoil: wasnt paying attension, sorry
23:59:50 : Side: Turmoil: where did u get shot?w
