00:00:01 : Group: Turmoil: nice
00:01:35 : Group: 2DIE4:  didnt hear him early enough
00:01:47 : Group: Turmoil: he looted your body, im watching your heli but i only have DMR
00:01:51 : Group: 2DIE4: keep em ther ill be back with  a lb
00:02:07 : Group: Turmoil: he took your heli
00:02:19 : Group: 2DIE4:   i just had a KSVK
00:02:33 : Group: Turmoil: they flew towards the ocean
00:02:37 : Group: Turmoil: i guess pedro
00:04:00 : Group: Turmoil: buggers
00:04:26 : Group: Turmoil: was it just pedro? or was there two of them?
00:04:31 : Group: 2DIE4:  2
00:04:42 : Group: 2DIE4:  i just found that chopper  =)
00:04:48 : Group: Turmoil: oh really=
00:04:50 : Group: Turmoil: ?
00:05:12 : Group: [NG2] Jesse: i shot your chopper with my lav 
00:05:32 : Group: 2DIE4:  but?
00:05:42 : Group: Turmoil: they stole your littlebird
00:05:52 : Group: 2DIE4:  fuck it  
00:05:53 : Group: [NG2] Jesse: hit but they took of 
00:06:04 : Group: 2DIE4:  the hunt begins
00:06:27 : Group: Turmoil: i admire your skills, i bet you will find em also xD
00:06:43 : Group: [NG2] Jesse: you dont have a spare key i guess. .? 
00:06:54 : Group: 2DIE4:  i just found it   like i said  Xd
00:07:02 : Group: Turmoil: :D
00:09:22 : Group: Turmoil: yours is still there, i shoot at him when he was looting u
00:09:38 : Group: 2DIE4:  u can get my stuff if u want
00:10:27 : Group: Turmoil: is your heli moving? 
00:10:34 : Group: 2DIE4: ??? 
00:10:39 : Group: 2DIE4:  dude i doint know  XD
00:10:58 : Group: Turmoil: oh
00:12:40 : Group: Turmoil: wft has played under another name on here earlier
00:12:57 : Group: [NG2] Jesse: who killed me? 
00:15:48 : Group: Turmoil: if you find their base we have tons of firepower to take it down
00:21:35 : Group: Turmoil: we are flying around to see if we spot your heli... 
00:21:47 : Group: 2DIE4:  they sold it by now
00:21:58 : Group: 2DIE4:  u know the big rocks?
00:22:05 : Group: Turmoil: the cave? 
00:22:20 : Group: 2DIE4:  east of black lake yap
00:22:26 : Group: 2DIE4:  might b theirs
00:22:33 : Group: Turmoil: alrighty, we'll check it
00:23:42 : Group: Turmoil: got the M134 armed and ready
00:24:29 : Group: Turmoil: cave base is no longer there, disapeared
00:24:37 : Group: 2DIE4:  ok   check safes  =)
00:24:43 : Group: Turmoil: LWB deleted it :) everything is gone
00:25:03 : Group: PedroKS-BR: tem tws?
00:26:21 : Group: Turmoil: i wonder where they went.... 
00:29:37 : Group: Tomahawwk: pedro can you be my friend
00:36:08 : Group: Turmoil: they are back at your base again
00:36:16 : Group: 2DIE4: yap
00:36:34 : Group: [NG2] Jesse: on the hills
00:38:46 : Group: Turmoil: probably gonna go for my roof 2DIE4, thats were they killed us
00:38:53 : Group: Turmoil: they camped the hills when we landed...
00:41:29 : Group: Turmoil: lol
00:42:14 : Group: Turmoil: invite peasant if u can
00:42:20 : Group: Turmoil: hes with us
00:44:41 : Group: [NG2] Jesse: he was at the hill close to boat
00:44:50 : Group: Turmoil: the one were there was a base on the top
00:45:36 : Group: 2DIE4:  check huyey
00:46:14 : Group: 2DIE4: 3 players on groound
00:46:28 : Group: [NG2] Jesse: i found on the way back 2die heli so i shot it down.. so he walked back i think 
00:46:46 : Group: Turmoil: you got ammo for that thing 2DIE4?
00:47:01 : Group: Turmoil: or is it unarmed?
00:47:46 : Group: [NG2] Jesse: i think he is behind the green hill 
00:48:38 : Group: 2DIE4: hes down ther somewhere
00:48:46 : Group: Turmoil: peasant hit one
00:48:56 : Group: [NG2] Jesse: peasant is in a fight
00:49:25 : Group: 2DIE4: pea where 
00:49:28 : Group: 2DIE4:  kompass
00:50:02 : Group: Peasant: no compass
00:50:12 : Group: 2DIE4:  up hilkl down hill
00:50:32 : Group: Turmoil: peasant is taking fire
00:50:52 : Group: 2DIE4:  where from
00:51:10 : Group: Turmoil: marked on map
00:51:18 : Group: Turmoil: why u shooting on him? xD
00:51:23 : Group: 2DIE4: k
00:52:58 : Group: 2DIE4: lol
00:53:15 : Group: Peasant: dude are you American :D
00:53:22 : Group: 2DIE4:  nope
00:53:38 : Group: Peasant: friednly fire xD
00:53:49 : Group: 2DIE4:  i shot som in front of u
00:54:31 : Group: [NG2] Jesse: pers see's movment
00:54:47 : Group: 2DIE4:  mark it
00:55:45 : Group: 2DIE4:  affirmative
00:55:51 : Group: Turmoil: heading towards me
00:56:08 : Group: Turmoil: in the slope down the same hill towards me
00:56:34 : Group: Turmoil: got him
00:56:49 : Group: 2DIE4:  i only scan u two   
00:56:54 : Group: 2DIE4:  go  loot him
00:57:05 : Group: Turmoil: roger
00:57:33 : Group: Turmoil: drop me on the bottom there straight ahead
00:57:48 : Group: Turmoil: here is ok, thanks 
00:58:51 : Group: Turmoil: nothing good, no keys or anything
00:58:54 : Group: 2DIE4:  get in
00:59:06 : Group: Turmoil: on top of this hill 2DIE4
01:00:12 : Group: 2DIE4: in the trree
01:00:51 : Group: Turmoil: no keys or anything... but got your ksvk back :)
01:00:59 : Group: 2DIE4:  lol XD
01:01:15 : Group: 2DIE4:  get the dress  =)
01:01:28 : Group: Turmoil: i sunk their bodies, revenge
01:02:12 : Group: Turmoil: im okay
01:02:21 : Group: Turmoil: lol, now you get humanity 2DIE4 :D
01:02:53 : Group: 2DIE4:  jesse hop in
01:05:11 : Group: 2DIE4:  told u base in valley   sucks  XD
01:05:36 : Group: [NG2] Jesse: we need a guy on the top of the hill ^^
01:05:43 : Group: 2DIE4:  now my scroll is gone again  XD
01:06:08 : Group: 2DIE4:  now  always check ya GPS
01:06:17 : Group: 2DIE4:   do also count vehicles 
01:06:28 : Group: 2DIE4:  as long as they on a  bike
01:06:36 : Group: 2DIE4:  they will not scan
01:06:44 : Group: 2DIE4:  as player AI
01:20:47 : Group: Turmoil: thanks for the help 2DIE4 <3 i owe you a beer
01:21:22 : Group: [NG2] Jesse: Yeah man ! thx <3
01:21:23 : Group: Turmoil: im gonna hit the sack and get some sleep, cya laters
05:23:50 : Group: Fedequeso: tengo 2 dmr
05:24:23 : Group: GBK: oki
10:12:38 : Group: iHostiiX: hOLZ
10:12:43 : Group: iHostiiX: janz viel
10:12:59 : Group: kemna: Brauchen wir oder haben wir?
10:13:05 : Group: iHostiiX: brauchen wir
10:13:25 : Group: kemna: Ich loot eben ne Runde, dann hol ich
10:14:14 : Group: iHostiiX: ich brauch essen
10:14:49 : Group: kemna: Müssten doch irgendwo was haben
10:14:54 : Group: iHostiiX: nö
10:21:46 : Group: iHostiiX: Trinken
10:22:06 : Group: kemna: Kann ich gleich alles mitbringen, könnte aber noch n bisschen dauern
10:22:40 : Group: kemna: Fahr doch einfach los und hol dir was
10:22:51 : Group: iHostiiX: in der stadt gab es nur kack bohnen
10:23:12 : Group: kemna: Bzw. kauf dir was
10:23:57 : Group: iHostiiX: Wo sind unsere DMR mags?
10:24:18 : Group: iHostiiX: Wir haben 0 Munition
10:24:33 : Group: kemna: keine Ahnung, ich hab sie nicht bei
10:24:57 : Group: iHostiiX: hm
11:59:25 : Group: Turmoil: hey 2DIE4 :)
12:18:09 : Group: Turmoil: 2DIE4?
12:18:29 : Group: 2DIE4: ?
12:18:57 : Group: Turmoil: if i am to build a new base, around the area we are in, were would you recommend to build it?
12:19:44 : Group: Turmoil: can i pick you up and we take a flight and you can tell me best location maybe?
12:20:12 : Group: Turmoil: oooh, raiding? 
12:28:35 : Group: Turmoil: alright
12:30:42 : Group: Turmoil: it will not let me in, i only get failed to resolve
12:30:54 : Group: 2DIE4:  retry
12:31:54 : Group: Turmoil: failed to resolve hostname =/
12:32:02 : Group: Turmoil: i tried 10 times
12:32:41 : Group: Turmoil: it was ts.uk111.uk ?
12:33:03 : Group: Turmoil: we can use survivalist TS maybe?
12:33:37 : Group: Turmoil: do you have it? :)
13:06:44 : Group: -SDS-Ban: komme an die plotpole nicht ran
13:08:54 : Group: -SDS-Ban: marco probier du mal bitte
13:20:01 : Group: Turmoil: i can move it
13:21:34 : Group: Turmoil: hey :D
13:21:38 : Group: Turmoil: hahah
13:23:00 : Group: Turmoil: i took some scar mags and chainsaw ^^
13:23:10 : Group: 2DIE4:  take what u need  = 9
13:24:32 : Group: Turmoil: im just gonna move your truck a bit, my rotor is inside the truch xD
13:27:26 : Group: [NG2] Jesse: 7 gunbags ^^
13:30:14 : Group: [NG2] Jesse: do you know from who this bases was? 
13:31:29 : Group: Turmoil: thanks alot 2DIE4
14:38:41 : Group: -SDS-Ban: 0003 als kombination
15:09:29 : Group: Turmoil: hei hei kosebamse
15:09:38 : Group: Turmoil: de tar deg ikek her borte, safezone
15:10:10 : Group: Turmoil: vist du bruker , og . kan du skifte mellom side chat, group chat, vehicle chat osv
15:10:19 : Group: Turmoil:  og med - får du opp chatte vindu
15:10:28 : Group: Martin: aha..
15:10:35 : Group: Martin: hvordan får jeg bort den jævla tingen på siden? 
15:10:45 : Group: Turmoil: caps er voice chat, det er ikke lov og bruke i side chat
15:10:46 : Group: Martin: det står Survivor, bla bla. Bilde av en pistol
15:10:57 : Group: Turmoil: end
15:11:10 : Group: Martin: nope, still there
15:11:24 : Group: Turmoil: har du end på numpad?
15:11:30 : Group: Martin: ja
15:11:36 : Group: Turmoil: står numlck på?
15:12:02 : Group: Martin: hm. nå er den borte. Må bare endre litt graphics
15:12:06 : Group: Turmoil: roger
15:12:48 : Group: Martin: jeg må restarte om jeg skal endre graphics.. spawner jeg her igjen?
15:13:06 : Group: Turmoil: jepp, men du må komme tilbake før det er gått 2t, for da restarter serveren
15:13:19 : Group: Turmoil: ah, nei du kan ikke logge ut i en safezone
15:13:20 : Group: Martin: ja jeg bruker jo ikke to timer på å restarte..?
15:13:24 : Group: Martin: aha..
15:13:27 : Group: Turmoil: ok, bli med til basen min
15:13:32 : Group: Turmoil: så kan du logge ut der, tryggere
15:13:44 : Group: Turmoil: du må bruke mousewheel for og interacte med kjøretøy
15:14:06 : Group: Martin: snedig..
15:14:26 : Group: Martin: nå tror jeg AM kom hjem :) 
15:14:29 : Group: Turmoil: arma er litt som mange tom clancy spill, avangsert
15:14:32 : Group: Turmoil: avansert
15:14:39 : Group: Martin: fly nå bare du..
15:15:26 : Group: Martin: får jeg ikke kjøre spillet i 16:9 format?
15:16:10 : Group: Martin: skal jeg inn dig?
15:16:14 : Group: Turmoil: ja xD
15:16:24 : Group: Martin: så her kan jeg restarte? 
15:16:29 : Group: Turmoil: det kan du
15:16:34 : Group: Martin: ok, brb
15:16:35 : Group: Turmoil: jeg skal gå unna, så du får abort
15:21:43 : Group: Turmoil: hei hei
15:21:51 : Group: Martin: oh, hi
15:22:04 : Group: Martin: dette var uvant
15:22:07 : Group: Turmoil: skal vi gå igjennom the basics?
15:22:15 : Group: Martin: gjerne
15:22:21 : Group: Turmoil: når du dør, mister du alt du har
15:22:27 : Group: Martin: logisk
15:22:40 : Group: Turmoil: men, du kan komme deg tilbake til der du døde og loote liket...
15:23:20 : Group: Turmoil: g så får du opp inventory
15:23:35 : Group: Martin: hang on.. I gotta go xD
15:23:39 : Group: Martin: nå kom de.. :( 
15:23:45 : Group: Turmoil: alright... vi kan ta mere senere
15:23:55 : Group: Turmoil: se om du ike får ned TS så er det enklere
15:24:17 : Group: Martin: jeg får ikke aborte :(
15:24:25 : Group: Turmoil: np da
15:24:27 : Group: Turmoil: nå da
17:41:28 : Group: -SDS-Ban: einfach nur die zaahlenschlöser austauscheen und warten biss er sich im chat aufregt
17:41:59 : Group: -SDS-Ban: um aabwechslung rein zu bringeen werde ich dann hoch fahren und schauen ob die base noch steht wie sie steht die wir zuert geöffnet haben
17:52:27 : Group: -SDS- Gowther: d
19:17:43 : Group: [NG2] Jesse: your at diffrent mission 
19:18:20 : Group: [NG2] Jesse: nope junk 
19:18:33 : Group: GBK: ok sorry
19:19:15 : Group: [NG2] Jesse: i shot heli close to you,.. when i was driving ^^
19:19:27 : Group: GBK: thank 
19:36:31 : Group: [NG2] Jesse: Do you need help?
19:36:43 : Group: GBK: im finish :)
19:36:46 : Group: GBK: thank
19:37:15 : Group: [NG2] Jesse: do you want to team up for next mission?
19:37:33 : Group: [NG2] Jesse: after restart
19:38:52 : Group: [NG2] Jesse: ?
19:40:07 : Group: GBK: You are not the admin
19:40:12 : Group: GBK: ???
19:40:15 : Group: [NG2] Jesse: no
19:40:32 : Group: [NG2] Jesse: your hero?
19:40:35 : Group: [NG2] Jesse: nice
19:40:38 : Group: GBK: yes
19:40:48 : Group: GBK: 8643 humanity
19:41:00 : Group: [NG2] Jesse: 21222 me, but cool
19:41:09 : Group: GBK: cool
19:41:23 : Group: [NG2] Jesse: want to team up after restart and do some missions? 
19:41:24 : Group: GBK: im not speak inglish
19:41:46 : Group: [NG2] Jesse: where from?
19:41:51 : Group: GBK: im play whit my brother, But if you want to do some missions
19:41:58 : Group: GBK: uruguay
19:42:04 : Group: [NG2] Jesse: aah, cool .. 
19:42:10 : Group: GBK: you?
19:42:18 : Group: [NG2] Jesse: i am in the mood of doiging missions ^^ 
19:42:44 : Group: [NG2] Jesse: some bandit missions ofc
19:45:03 : Group: [NG2] Jesse: wooded walls are very easy to brake,, 
19:45:23 : Group: GBK:   I do not understand
19:45:36 : Group: [NG2] Jesse: ooh oke no proble! :P 
19:45:43 : Group: GBK: :(
19:45:53 : Group: [NG2] Jesse: :)
21:21:50 : Group: Alonso: done
21:22:00 : Group: Turmoil: we are coming
21:22:26 : Group: Alonso: i'm ovidiu....i
21:22:46 : Group: Alonso: the old ovidiu
21:22:51 : Group: Turmoil: why you change name? :P
21:23:06 : Group: Alonso: because of 2die
21:23:20 : Group: Turmoil: he bugging you?
21:23:54 : Group: Alonso: yes
21:24:17 : Group: Alonso: tow cars...and blow up to my base
21:24:23 : Group: Turmoil: keys, rifle and ammo is in the car :) all i took from your body :)
21:24:54 : Group: Alonso: thank you
21:24:57 : Group: Alonso: jesse
21:25:05 : Group: Turmoil: you are very welcome :) 
21:25:06 : Group: [NG2] Jesse: your welcome
21:25:12 : Group: Alonso: jesse
21:25:21 : Group: [NG2] Jesse: yes?
21:25:24 : Group: Alonso: you are steel angry to me?
21:25:28 : Group: Alonso: and mario
21:25:33 : Group: [NG2] Jesse: why?
21:25:51 : Group: [NG2] Jesse: did you shoot me ad airfield
21:26:00 : Group: Alonso: no i don;t
21:26:09 : Group: Turmoil: why should he be angry at you? :P
21:26:23 : Group: [NG2] Jesse: why i should be angry?
21:26:32 : Group: Alonso: because 2die....when i killed him and ii took humvve
21:27:00 : Group: [NG2] Jesse: no i am proud
21:27:07 : Group: Turmoil: we are only playing with 2DIE4, he is not a part of our group :)
21:27:22 : Group: Turmoil: we help him and he helps us, a good deal... he is a good player, but a bandit
21:29:04 : Group: Turmoil: we'll let you get back to your group :) 
21:29:37 : Group: Alonso: if you want you come with us in group
21:29:43 : Group: Alonso: do some mission
21:29:48 : Group: Alonso: have fun
21:29:55 : Group: [NG2] Jesse: yea sure
21:30:11 : Group: Alonso: add mario
21:30:23 : Group: Turmoil: already did
21:30:57 : Group: Alonso: i see is new changes on the server
21:31:31 : Group: Turmoil: some new missions, super hero trader etc yes
21:34:21 : Group: Alonso: mario log out
21:37:23 : Group: Alonso: mee too soon....need to rest...tomorow i go to 2die country :)
21:37:44 : Group: Turmoil: good luck :)
21:38:05 : Group: Alonso: yea...need to buy some cars :)
21:38:28 : Group: [NG2] Jesse: OR TANKS! 
21:38:35 : Group: [NG2] Jesse: ;)
21:39:06 : Group: Alonso: noo...cars....buy from germani....sell in romania :)
21:39:21 : Group: Alonso: germany
21:49:25 : Group: Alonso: so guys...se you when i come back
21:49:41 : Group: Turmoil: cya ^^
21:49:43 : Group: Alonso: have fun,,,good luck
21:49:52 : Group: Alonso: bye bye
21:49:58 : Group: Turmoil: bye
23:09:12 : Group: Freedom: whats up
23:09:30 : Group: [NG2] Jesse: want to do missions? 
23:09:56 : Group: Freedom: yup i just got 2 rpgs and 4 rockets off the badit squad just min ago
23:10:11 : Group: [NG2] Jesse: whoo real nice! 
23:10:34 : Group: Freedom: gonna take them back to camp then ill meet you guys
23:15:15 : Group: [NG2] Jesse: whats next mission ?
23:15:33 : Group: Freedom: anyone you want to do non hero lol
23:15:47 : Group: Freedom: im a hero 
23:15:58 : Group: [NG2] Jesse: we are big heros
23:16:07 : Group: Freedom: lol
23:16:14 : Group: [NG2] Jesse: like super hero! :P 
23:16:20 : Group: Freedom: haha
23:16:37 : Group: Freedom: you need a fuel pump for your base?
23:16:39 : Group: [NG2] Jesse: whats your humanity? 
23:16:47 : Group: Freedom: 9275
23:16:51 : Group: Turmoil: ii think i have 5 or 6 so im good ^^
23:16:55 : Group: [NG2] Jesse: got egnough! 
23:17:06 : Group: Freedom: i have 4
23:17:11 : Group: [NG2] Jesse: ooh cool 
23:17:17 : Group: Freedom: want one
23:17:18 : Group: Turmoil: im almost 38k now ^^
23:17:25 : Group: [NG2] Jesse: 21k
23:17:29 : Group: Freedom: very nice turmoil
23:17:44 : Group: Freedom: im just a little guy
23:18:05 : Group: [NG2] Jesse: no men its a hard world here 
23:18:19 : Group: Freedom: lol yup
23:18:22 : Group: [NG2] Jesse: did you see the hero signs yet? 
23:18:35 : Group: Freedom: nope but heard things lol
23:18:53 : Group: [NG2] Jesse: haha, its a piece of art made by use
23:19:00 : Group: [NG2] Jesse: us
23:19:07 : Group: Freedom: thats awesome
23:20:00 : Group: [NG2] Jesse: i want to see the new mission ^^ 
23:20:38 : Group: Freedom: you guys have a ride we can all fit in or do you just want to meet up at mission with our mossie
23:20:55 : Group: [NG2] Jesse: yes we have little bird now
23:21:39 : Group: Freedom: ok i have the one with the gun on pass side 
23:21:45 : Group: Freedom: the small one 
23:21:57 : Group: [NG2] Jesse: ooh oke,.. 
23:22:10 : Group: [NG2] Jesse: where on our way to south
23:22:24 : Group: [NG2] Jesse: bandt ural first? 
23:22:45 : Group: Freedom: thats fine ill meet you guys there
23:25:25 : Group: [NG2] Jesse: 6 ai
23:25:34 : Group: Freedom: lol
23:25:40 : Group: [NG2] Jesse: 8 ai*
23:26:10 : Group: Freedom: on my way ill be coming up behinde you
23:28:29 : Group: [NG2] Jesse: dead ai here,.. becarefull 
23:28:42 : Group: Freedom: all of the lol
23:28:59 : Group: [NG2] Jesse: pgs says 10 ai/players
23:29:04 : Group: [NG2] Jesse: gps*
23:29:17 : Group: Freedom: copy
23:36:09 : Group: Freedom: im looking for them two
23:36:32 : Group: Turmoil: who killed me=
23:36:37 : Group: Freedom: yup
23:37:10 : Group: Freedom: roma
23:37:27 : Group: Turmoil: do you see my body?
23:37:41 : Group: Freedom: no bro i cant
23:38:00 : Group: Freedom: moving into postion now 
23:38:50 : Group: Freedom: where you are at now is that where you were shot?
23:39:32 : Group: Turmoil: nope, i was in the forest line towards the mission
23:49:34 : Group: Freedom: you guys see anything
23:49:39 : Group: Turmoil: nope
23:49:49 : Group: [NG2] Jesse: nope but there are 3 guys in the area
23:50:03 : Group: Freedom: me niether im going to push up abit clear these woods im in
23:50:19 : Group: Freedom: suv over here not locked butr tire gone
23:50:33 : Group: [NG2] Jesse: moving closer to mission
23:50:43 : Group: Freedom: same
23:51:53 : Group: [NG2] Jesse: ai at my location
23:52:37 : Group: Freedom: think there is some one close to me sounded like a reload 
23:52:59 : Group: [NG2] Jesse: ai in front of me cant get it from here
23:53:48 : Group: [NG2] Jesse: got him
23:54:03 : Group: Freedom: good work
23:54:53 : Group: Freedom: i see you
23:56:48 : Group: [NG2] Jesse: fall back not good loot...!!w
23:57:52 : Group: [NG2] Jesse: do you have TS/ 
23:57:54 : Group: [NG2] Jesse: ?
23:58:03 : Group: Freedom: i neeed to download it again
23:58:16 : Group: Freedom: hard drive crashed a while ago
23:58:32 : Group: [NG2] Jesse: oke,.. is easy install 
23:58:42 : Group: [NG2] Jesse: we lost heli 
23:58:44 : Group: Freedom: yes sir ill get it after restart'
23:59:20 : Group: Freedom: how di dyo ulose it lolo
23:59:28 : Group: Turmoil: guy who killed me stole the key
23:59:30 : Group: Freedom: did you lose it*
23:59:33 : Group: [NG2] Jesse: roma stoled key
23:59:36 : Group: Freedom: thats sucks
23:59:53 : Group: Turmoil: im camping the heli 
23:59:55 : Group: Freedom: another for the death list lol
