13:43:41 : Group: Turmoil: therer we go
13:43:47 : Group: Marco: hiya
13:43:57 : Group: Headshot: hey
13:44:06 : Group: Turmoil: whats your steam name i can send TS link there... 
13:44:47 : Group: Headshot: MEGAKOFFIEPOT
13:44:57 : Group: Marco: hahahaha
13:45:03 : Group: Headshot: megakogggiepot * 
13:45:05 : Group: Headshot: :p
13:45:12 : Group: Headshot: from belguim btw
13:45:17 : Group: Headshot: got it
13:45:37 : Group: Marco: Turmoil told yes :)
13:46:45 : Group: Turmoil: sent you the info on steam Headshot ^^
14:01:41 : Group: Headshot: omw to air craft traider 
14:02:08 : Group: Turmoil: going to klen
14:02:18 : Group: Headshot: copy
14:03:54 : Group: Turmoil: you got a new chopper Headshot? xD
14:04:06 : Group: Headshot: yup
14:04:19 : Group: Turmoil: nice ^^
14:04:34 : Group: Jesse: heb je teamspeak?
14:04:50 : Group: Headshot: ja ge seffe joine 
14:05:12 : Group: Headshot: i join in a sec on teamspeak need some coffie first ^^ 
14:06:05 : Group: Headshot: need a lift ,
14:06:21 : Group: Headshot: ?
14:06:36 : Group: Turmoil: marco has a merlin as well, hes gonna lift me ^^ 
14:06:55 : Group: Headshot: copy that
14:07:33 : Group: Turmoil: headshot on the move
14:07:39 : Group: Turmoil: i see youuuu
14:07:50 : Group: Headshot: ^^
14:11:07 : Group: Headshot: hey
14:11:11 : Group: Patrick: hello
14:11:13 : Group: Turmoil: hey
14:11:27 : Group: Patrick: could i maybe join your ts?
14:11:34 : Group: Marco: ofc
14:11:45 : Group: Patrick: dunno the code?
14:11:51 : Group: Turmoil: dayz123
14:11:54 : Group: Marco: dayz123
14:11:56 : Group: Patrick: thx
14:16:48 : Group: Headshot: brb
15:13:05 : Group: Headshot: someone op for a mission ?
15:13:19 : Group: Jesse: come to TS to speak 
15:15:24 : Group: Patrick: headsjot we could do some missions?
15:16:13 : Group: Headshot: copy witch one?
15:17:36 : Group: Headshot: aggain diddent reed lol 
15:17:49 : Group: Patrick: ts
15:25:59 : Group: Jesse: pean also? 
15:26:09 : Group: TheLegend27: who?>
15:26:31 : Group: Jesse: everbody in group? 
15:28:21 : Group: TheLegend27: inv perismic to the group
15:32:01 : Group: TheLegend27: guys can u invite Prismic to the group pls
16:05:48 : Group: Headshot: ty
16:07:11 : Group: Sebastian: mmm
16:07:11 : Group: Marius: ja
16:07:19 : Group: nutzer: SUP
16:07:20 : Group: Julian: .
16:07:30 : Group: Julian: ayy
16:07:35 : Group: Julian: lets go
16:07:36 : Group: Marius: ja wollte looten, das verkaufen und mit davon nen suvb holen
16:07:55 : Group: st nick: can you add prismic into the group cause hes with us
16:08:04 : Group: TheLegend27: yeh add him pls
16:08:08 : Group: Marius: nah ich muss sowieso die zeit vertreiben, von den schmerzen ablenken :D
16:08:44 : Group: Marius: nein aber anderes eis
16:13:16 : Group: TheLegend27: guys seriously can u add prismic to the group...
16:35:53 : Group: Marius: wat
16:36:05 : Group: Marius: wtf why
16:37:43 : Group: st nick: legand where are you?]
17:03:45 : Group: Headshot: need a lift 
17:03:49 : Group: Headshot: ?
17:03:55 : Group: TheLegend27: neh
17:11:32 : Group: simon: GOOD BYE CRUEL WORLD
19:32:00 : Group: Julian: +
21:31:15 : Group: ryant: oi coon breath 
21:31:25 : Group: ryant: / to type
21:46:22 : Group: JoelPC: I'm back!
21:50:03 : Group: JoelPC: I'll try not to be autistic
22:22:02 : Group: JoelPC: I like sugar
22:22:10 : Group: JoelPC: and I like tea
22:22:24 : Group: JoelPC: but i dont like ********
22:22:33 : Group: JoelPC: no sir-eee
22:23:01 : Group: JoelPC: Roses are red
22:23:08 : Group: JoelPC: violets are blue
22:23:22 : Group: JoelPC: n****** are black
22:23:28 : Group: JoelPC: you know its true
22:23:43 : Group: JoelPC: but they dont mind cause what the heck
22:23:58 : Group: JoelPC: you gotta be black to get a welfare check
22:41:16 : Group: JoelPC: Allahu Akbar
22:48:45 : Group: Marco: Heady, you ok?
22:48:53 : Group: Headshot: im oke thx :) 
22:48:56 : Group: Turmoil: nice
22:48:58 : Group: Headshot: i join in a sec on ts
22:49:03 : Group: Turmoil: going flying?
22:49:14 : Group: Marco: Turmoil said he heard shots near you, so just asked. :)
22:49:15 : Group: Headshot: need a ride ? 
22:49:22 : Group: Turmoil: only if your gonna fly, if not i can drive ^^
22:49:24 : Group: Headshot: lol i diddent hearµ
22:49:44 : Group: Headshot: im ganne bild some more then :p
22:49:49 : Group: Turmoil: awesome :D
22:49:57 : Group: Headshot: thx for the back up ^^ 
22:50:05 : Group: Turmoil: Ill get up to the trader ^^ sell some stuff
23:43:22 : Group: Turmoil: im flying headshot!!!
23:43:40 : Group: Headshot: nice one be cerfull ^^ :D
23:46:48 : Group: Turmoil: what are you upto headshot?
23:47:00 : Group: Headshot: still some base billding ^^ 
23:50:30 : Group: Headshot: what are you doing ? 
23:50:38 : Group: Turmoil: fly training ^^
23:55:21 : Group: Turmoil: incoming!
23:56:26 : Group: Headshot: how is it going :) heaving fun ^^ 
23:57:07 : Group: Turmoil: yeah
23:58:09 : Group: Headshot: hey ^^ 
23:58:29 : Group: Turmoil: knock knock
23:58:50 : Group: Headshot: comming
23:59:07 : Group: Turmoil: knock knock knock
23:59:12 : Group: Turmoil: heeey
23:59:16 : Group: Headshot: hey :) 
23:59:19 : Group: Turmoil: got the coffee on? 
23:59:26 : Group: Headshot: come inside
23:59:41 : Group: Turmoil: this is awesome
23:59:59 : Group: Headshot: ty :p
