00:11:06 : Group: Ovidiu: come on mission
00:11:17 : Group: Turmoil: i need to empty the truck first
00:11:52 : Group: Ovidiu: i wait too se how mission is...if is bad mission i'm go to sleep
00:12:02 : Group: Turmoil: ok ^^
00:14:33 : Group: Ovidiu: i hate the bandits from this server
00:14:42 : Group: Turmoil: yeah, same here...
00:14:51 : Group: Turmoil: you were in group with two of them yesterday btw ;)
00:15:24 : Group: Ovidiu: today someoane came today with an humwwe and shoot to my base
00:15:33 : Group: Turmoil: Hailstorm and Winans are bandits
00:15:42 : Group: Ovidiu: you men winnans and halostorm?
00:15:46 : Group: Ovidiu: noo
00:16:01 : Group: Turmoil: yes they are... they were at my base yesterday, shooting my helicopters and me
00:16:05 : Group: Turmoil: flying with a helicopter
00:16:26 : Group: Ovidiu: intresting
00:17:15 : Group: Ovidiu: i play with they but are good guys...dunno that,,,
00:17:29 : Group: Turmoil: they attacked my base and my vehicles, then they blamed 2DIE4 it, said he attacked me... but he was not online 
00:18:11 : Group: Ovidiu: 2die was online yesterday
00:18:20 : Group: Turmoil: yes, but not when they attacked me :) 
00:18:42 : Group: Ovidiu: you are 100% sure?
00:19:12 : Group: Turmoil: yes, 100% sure... i told them that i was admin and that i could see their names when they attacked me... then they said yes it was us
00:19:27 : Group: Turmoil: so they admit that they attacked me
00:20:35 : Group: Ovidiu: yeea ii remember somting...when you speak with they....
00:21:51 : Group: Ovidiu: good to know
00:22:03 : Group: Turmoil: Hailstorm is minus 33577 humanity
00:22:21 : Group: Turmoil: Winans is 15625 minus 
00:22:35 : Group: Ovidiu: shit
00:22:40 : Group: Turmoil: they say they are heroes?
00:22:41 : Group: Ovidiu: dunno that
00:23:06 : Group: Ovidiu: no heroes...
00:23:15 : Group: Ovidiu: good peoaple
00:23:48 : Group: Turmoil: well, they are not, they are bandits :) probably they be nice too you so they get one more player in their group 
00:24:06 : Group: Ovidiu: what did you find at mayor mission?
00:24:15 : Group: Turmoil: i did not do the mission
00:24:44 : Group: Ovidiu: maybe,,,,they was play with my friends...mario...cristi
00:24:44 : Group: Turmoil: i only did Convoy mission, Mayor mission was hero mission, i dont do those missions
00:25:18 : Group: Turmoil: you can see who is bandit on website under Player Stats
00:25:47 : Group: Ovidiu: i do 2 times bun i was think you find something interesting in that mission
00:25:59 : Group: Turmoil: Mayor Mansion?
00:26:03 : Group: Ovidiu: ies
00:26:06 : Group: Ovidiu: yes
00:26:10 : Group: Turmoil: they can have good loot, yes :)
00:26:54 : Group: Ovidiu: i remember they have some good guns,,,,m110....an something alse
00:27:26 : Group: Turmoil: yes, you can also get briefcases, hotwire kits, upgrades for vehicles etc as well :)
00:27:41 : Group: Turmoil: on rare occasions you can also get M107 sniper rifle
00:27:46 : Group: Ovidiu: is too far away...i wait to the second mission
00:27:52 : Group: Ovidiu: :)
00:29:02 : Group: Ovidiu: if i see that :))
00:29:46 : Group: Ovidiu: you finish?
00:30:15 : Group: Turmoil: yes, i will go look at a base now... someone who attacked me, i will get revenge
00:30:56 : Group: Turmoil: if i can, mission close by it =/
00:32:16 : Group: Ovidiu: go there
00:32:27 : Group: Ovidiu: to do that mission :)
00:51:32 : Group: Ovidiu: come take what do you need
00:51:36 : Group: Ovidiu: suck mission
00:51:45 : Group: Turmoil: im at base
00:51:59 : Group: Turmoil: ^^
00:52:19 : Group: Ovidiu: not aa good mission
00:55:07 : Group: Ovidiu: that's aa mission 
00:55:38 : Group: Ovidiu: ii need to do that
00:55:54 : Group: Turmoil: ^^
00:56:03 : Group: Turmoil: im just gonna kill the AI here and then go to bed
00:56:24 : Group: Ovidiu: after this mission mee too
01:12:41 : Group: Ovidiu: another 1
01:12:57 : Group: [NG2] Jesse: what?
01:13:10 : Group: Ovidiu: suply mission
11:10:54 : Group: Ovidiu: noo thanks 
11:12:19 : Group: Ovidiu: i ;m log uot need to go to somehere :(
11:12:49 : Group: Ovidiu: maybe later if you are steel here :)
11:13:55 : Group: Ovidiu: see you guys later :)
11:13:59 : Group: Ovidiu: thanks :)
11:23:50 : Group: -SDS- Gowther: Dig is there
11:23:56 : Group: -SDS- Gowther: can u take him out?
11:24:01 : Group: Turmoil: yep
11:24:04 : Group: Turmoil: Dig? 
11:24:10 : Group: Turmoil: or M2?
11:24:20 : Group: -SDS- Gowther: dig the m2
11:24:30 : Group: -SDS- Gowther: with sniper
11:24:33 : Group: Turmoil: think he is afk 
11:24:33 : Group: -SDS- Gowther: or smth
11:25:05 : Group: Turmoil: Dig you here? 
11:25:20 : Group: Digupherbones: am now - looking
11:25:44 : Group: Turmoil: think they would have shoot us by now if there were M2
11:27:13 : Group: -SDS- Gowther: youre too fast :x
11:27:51 : Group: -SDS- Gowther: Ammo out XD
11:27:58 : Group: -SDS- Gowther: god damn thats hard to hit
11:28:31 : Group: Turmoil: you have sniper?
11:28:35 : Group: -SDS- Gowther: sure
11:28:47 : Group: Digupherbones: pretty sure there cant be any gunners
11:29:09 : Group: Turmoil: welcome to my home xD
11:29:20 : Group: -SDS- Gowther: hello home :D
11:30:20 : Group: Digupherbones: i took 6 - not sure how many you got
11:30:28 : Group: -SDS- Gowther: noone yet
11:30:37 : Group: Digupherbones: ok - few left then
11:31:13 : Group: -SDS- Gowther: f
11:31:29 : Group: -SDS- Gowther: fkn zombies
11:31:35 : Group: Turmoil: AI HELI
11:31:55 : Group: -SDS- Gowther: just halo drop
11:32:13 : Group: Turmoil: the heli will also shoot... im going back down to base to get some firepower
11:36:26 : Group: Turmoil: dang it, out of ammo xD
11:36:35 : Group: Turmoil: makes alot of noise this one
11:37:39 : Group: -SDS- Gowther: still 2 leftz
11:38:13 : Group: Digupherbones: 3k out
11:40:50 : Group: -SDS- Gowther: LOOOOL
11:41:00 : Group: -SDS- Gowther: i killed the pilot and the heli didnt crashed
11:41:02 : Group: -SDS- Gowther: ez gg
11:41:22 : Group: Digupherbones: yeah they also land them sometimes when damaged
11:41:54 : Group: Turmoil: dang it xD
11:43:53 : Group: -SDS- Gowther: im ill
11:44:01 : Group: -SDS- Gowther: and my painkillers didnt worked
11:44:07 : Group: Digupherbones: antibiotics or wipes
11:44:19 : Group: Digupherbones: bitten by zombie i expect
11:44:51 : Group: Turmoil: bah stupid crate, no good xD
11:44:55 : Group: -SDS- Gowther: now
11:44:59 : Group: -SDS- Gowther: no
11:45:05 : Group: Turmoil: check AI bodies, maybe some they have medicine
11:45:19 : Group: -SDS- Gowther: 3bloodbags yy
11:45:21 : Group: -SDS- Gowther: yey
11:45:56 : Group: Turmoil: rabbitw
11:46:05 : Group: -SDS- Gowther: poor rabbit
11:46:21 : Group: Digupherbones: xD
11:46:47 : Group: -SDS- Gowther: yeah and now? XD
11:47:07 : Group: Turmoil: you need antibiotics
11:47:17 : Group: -SDS- Gowther: yeah :D
11:47:46 : Group: -SDS- Gowther: one bc in loot box btww
11:48:18 : Group: -SDS- Gowther: erotic possiotion
11:48:30 : Group: Turmoil: indeed
11:49:00 : Group: Digupherbones: lol
11:49:28 : Group: -SDS- Gowther: scared? XD
11:49:30 : Group: Turmoil: ill get u anti
11:49:58 : Group: -SDS- Gowther: OMW
11:50:52 : Group: Turmoil: top crate
11:50:58 : Group: -SDS- Gowther: sweet
11:51:19 : Group: Turmoil: take what u need ^^ just leave some for me
11:51:22 : Group: -SDS- Gowther: love ya #nohome
11:51:36 : Group: Turmoil: i like it ^^
11:51:42 : Group: Turmoil: no home? :O
11:51:49 : Group: -SDS- Gowther: homo*
11:52:22 : Group: -SDS- Gowther: Where u get the metall for the floor from?
11:52:30 : Group: Turmoil: ikea convoy and crafting
11:52:36 : Group: -SDS- Gowther: ok
11:52:58 : Group: -SDS- Gowther: the new tank
11:53:06 : Group: Turmoil: yep
11:53:17 : Group: -SDS- Gowther: How much does it cost?
11:53:30 : Group: Turmoil: alot xD 15 BC
11:53:42 : Group: -SDS- Gowther: u are superhero?
11:53:50 : Group: Turmoil: yep, 37450 humanity
11:53:57 : Group: -SDS- Gowther: :(
11:54:12 : Group: -SDS- Gowther: i need 45k humanity to get superhero :D
11:54:19 : Group: Digupherbones: lol
11:54:29 : Group: Turmoil: just play nice and do bandit missions and it goes quite fast
11:54:54 : Group: -SDS- Gowther: naah being bandit is more funny :D
11:55:13 : Group: Turmoil: well, if you wanna go bandit, i know a few guys you can visit
11:55:13 : Group: -SDS- Gowther: If u fine a SND camo
11:55:18 : Group: -SDS- Gowther: SVD camo*
11:55:29 : Group: -SDS- Gowther: u can make the camo net off and make it on dmr
11:55:43 : Group: Turmoil: yep ^^ i have camo net in safe also
11:56:52 : Group: -SDS- Gowther: see ya later hahahahaha
11:56:56 : Group: Turmoil: haha
11:57:00 : Group: Digupherbones: xD
11:57:03 : Group: Turmoil: no porblem. i take the helicopter then ^^
11:57:06 : Group: -SDS- Gowther: my boat now
11:57:13 : Group: -SDS- Gowther: u think so ;)w
11:57:55 : Group: -SDS- Gowther: who is this base?
11:58:07 : Group: Turmoil: Prismic and Laurence
11:58:27 : Group: -SDS- Gowther: i killed laurence twice when he wants go in
11:58:35 : Group: Turmoil: nice
11:58:36 : Group: -SDS- Gowther: that was fun XD
11:58:46 : Group: -SDS- Gowther: he dont likes me anyway
11:58:56 : Group: Turmoil: no one likes them either
11:59:05 : Group: -SDS- Gowther: :D
11:59:18 : Group: -SDS- Gowther: do u wanna see my base?
11:59:19 : Group: Turmoil: Jesse has the boat base
11:59:23 : Group: Turmoil: sure
12:00:18 : Group: Turmoil: need to pack mozzie ^^
12:00:47 : Group: Turmoil: gogogogo
12:03:18 : Group: -SDS- Gowther: my base is very awesome! _:)
12:04:10 : Group: Turmoil: its very open xD
12:04:24 : Group: -SDS- Gowther: TADAAAA
12:04:42 : Group: Turmoil: spacious and open xD
12:04:49 : Group: Turmoil: gonna get cold in the winter
12:04:53 : Group: -SDS- Gowther: I dont every start XD
12:05:17 : Group: -SDS- Gowther: i need much more metall
12:05:32 : Group: -SDS- Gowther: the tank metall parts
12:05:44 : Group: Turmoil: you can buy metal panels and craft them ^^ 
12:05:58 : Group: -SDS- Gowther: metal panels?
12:06:20 : Group: Turmoil: yes, at trader, if you buy metal panels you can craft 4 of them into 1/2 floor or 1 floor, i dont remember exactly
12:06:33 : Group: -SDS- Gowther: oh
12:06:40 : Group: -SDS- Gowther: and how much does cost one?
12:06:54 : Group: Turmoil: 10oz or 20oz
12:07:00 : Group: Turmoil: 1 metal floor cost 1 BC
12:07:04 : Group: -SDS- Gowther: yeah
12:07:13 : Group: -SDS- Gowther: ok
12:07:14 : Group: -SDS- Gowther: ty
12:07:51 : Group: -SDS- Gowther: aua
12:08:55 : Group: -SDS- Gowther: do u get back your own or do i have to fly ya?
12:09:00 : Group: -SDS- Gowther: I have to go soon
12:09:07 : Group: Turmoil: got my trusty mozzie <3
12:09:17 : Group: -SDS- Gowther: ok :)
12:09:32 : Group: Turmoil: benefit of beeing lv5 hero... you spawn with mozzie, ghillie, DMR, G36SD Large gunbag ^^
12:09:52 : Group: Digupherbones: I want my lvl 5 xD - ages to go!!
12:10:01 : Group: Turmoil: dont kill players ;)
12:10:08 : Group: Turmoil: or just kill bandit players :D
12:10:12 : Group: -SDS- Gowther: i thought there is just lvl 4
12:10:22 : Group: Turmoil: 5 levels :D
12:10:25 : Group: Digupherbones: xD - nope lvl 5 - 35k
12:10:28 : Group: -SDS- Gowther: ahhh
12:10:33 : Group: -SDS- Gowther: i get hero
12:10:37 : Group: Turmoil: then u can use superhero trader as well ^^
12:10:42 : Group: -SDS- Gowther: yeah
12:10:50 : Group: -SDS- Gowther: but its hard to dont kill players
12:10:58 : Group: Turmoil: i never did it ^^ 
12:11:07 : Group: -SDS- Gowther: Like 2die4 when he tryed to steal my heli after mission XD
12:11:07 : Group: Turmoil: maybe 2 or 3 in self defence, but thats it
12:11:13 : Group: Digupherbones: yeah i dont usually kill other players
12:11:19 : Group: Digupherbones: only by mistake lol
12:11:37 : Group: -SDS- Gowther: Ok i go now
12:11:43 : Group: -SDS- Gowther: thx for the fun and help :D
12:11:49 : Group: Turmoil: cya later :) 
12:11:54 : Group: -SDS- Gowther: cya guys :D
12:11:57 : Group: Digupherbones: c ya nice chatting
13:34:03 : Group: [NG2] Jesse: may bad forgething the m2 ofc :$
13:38:43 : Group: [NG2] Jesse: got stuff back
13:39:26 : Group: [NG2] Jesse: whut!
13:40:29 : Group: [NG2] Jesse: door of base is open
13:41:12 : Group: [NG2] Jesse: looks fresh
13:41:35 : Group: [NG2] Jesse: ;plote pole
13:53:47 : Group: [NG2] Jesse: sell it?
13:55:00 : Group: [NG2] Jesse: ooh nice to know ^^
13:55:18 : Group: [NG2] Jesse: 3de persion online
13:55:58 : Group: [NG2] Jesse: i take my chopper
13:56:11 : Group: [NG2] Jesse: you can drive to bandit to sell ammo
20:28:34 : Group: Ovidiu: hey dude
20:29:46 : Group: Ovidiu: sup?
20:30:00 : Group: -SDS- Gowther: Oh lol
20:30:05 : Group: Ovidiu: what
20:35:25 : Group: Ovidiu: wanna do some mission?
20:36:03 : Group: -SDS- Gowther: I need stones :(
20:38:06 : Group: Ovidiu: why?
20:38:26 : Group: -SDS- Gowther: For building :D
20:38:52 : Group: Ovidiu: ohh
20:38:56 : Group: Ovidiu: come to that mission
20:39:02 : Group: Ovidiu: you find there
20:39:25 : Group: -SDS- Gowther: yeah i will make the convoy
20:40:20 : Group: Ovidiu: i;m 2000 m from there....bee careful is a bad position...very bad position
20:40:40 : Group: -SDS- Gowther: the ai there are strong
20:40:54 : Group: Ovidiu: yes
20:41:17 : Group: Ovidiu: was yesterday another mission like thi....very bad position...i died there
20:47:04 : Group: -SDS- Gowther: airdrop
20:47:08 : Group: Ovidiu: yes
20:47:25 : Group: Ovidiu: shoot machine gun first
20:47:45 : Group: -SDS- Gowther: 5+5 
20:47:51 : Group: -SDS- Gowther: not the machinegun
20:47:56 : Group: -SDS- Gowther: the commanders firs
20:47:59 : Group: -SDS- Gowther: first
20:48:04 : Group: Ovidiu: ok
20:48:12 : Group: -SDS- Gowther: watch
20:48:21 : Group: -SDS- Gowther: and kill the guys macking hand commands
20:48:54 : Group: Ovidiu: ready?
20:49:00 : Group: -SDS- Gowther: no
20:49:01 : Group: Ovidiu: shoot
20:49:05 : Group: Ovidiu: why?
20:49:07 : Group: -SDS- Gowther: didnt found the commander yet
20:49:27 : Group: Ovidiu: shoot all 
20:49:31 : Group: -SDS- Gowther: ok
20:49:34 : Group: -SDS- Gowther: than go
20:50:30 : Group: -SDS- Gowther: i got 10
20:50:40 : Group: -SDS- Gowther: 11
20:51:30 : Group: -SDS- Gowther: ok commanders seems be killed
20:54:21 : Group: -SDS- Gowther: I killed 14 of them
20:54:30 : Group: -SDS- Gowther: one left
20:54:36 : Group: Ovidiu: scam with gps
20:54:46 : Group: -SDS- Gowther: got him
20:54:52 : Group: Ovidiu: scan
20:54:55 : Group: -SDS- Gowther: one more left
20:54:57 : Group: -SDS- Gowther: DMR
20:55:02 : Group: -SDS- Gowther: could be a player
20:55:11 : Group: Ovidiu: more manu
20:55:19 : Group: Ovidiu: many
20:59:13 : Group: -SDS- Gowther: ok got the last one
21:03:22 : Group: Ovidiu: you need this?
21:03:30 : Group: -SDS- Gowther: i took all i need
21:03:36 : Group: -SDS- Gowther: the rest here u all can have
21:03:57 : Group: -SDS- Gowther: Ok?
21:04:01 : Group: Ovidiu: ok
21:04:09 : Group: -SDS- Gowther: ty :)
21:04:29 : Group: Ovidiu: np
22:17:43 : Group: Turmoil: SKALKA
22:18:05 : Group: Ovidiu: hi man
22:18:06 : Group: Hailstorm: hi
22:18:17 : Group: Ovidiu: sup
22:18:27 : Group: Hailstorm: ?
22:18:48 : Group: Ovidiu: what's up
22:19:05 : Group: Hailstorm: oh, nothing, earn money
22:19:21 : Group: Hailstorm: for the big war against 2die4
22:19:37 : Group: Ovidiu: ohh
22:19:39 : Group: Ovidiu: nice
22:19:50 : Group: Ovidiu: speak with mario?
22:20:04 : Group: Hailstorm: no, didnt saw him
22:20:18 : Group: Hailstorm: was only for an hour online
22:20:26 : Group: Hailstorm: but going of now
22:20:51 : Group: Ovidiu: alright 
22:20:54 : Group: Hailstorm: collage tomorrow -.-
22:21:17 : Group: Ovidiu: ohh
22:21:21 : Group: Hailstorm: ok, see you tomorrow
22:21:30 : Group: Hailstorm: good night
22:21:31 : Group: Ovidiu: ok
22:21:38 : Group: Ovidiu: good night
23:55:37 : Group: Ryan: /
