15:33:48 : Direct: nutzer: hi
15:33:57 : Direct: Janzen: hows it goin?
15:34:05 : Direct: nutzer: pretty okay 
15:34:10 : Direct: nutzer: :D
17:04:14 : Direct: Wilkomir: ayy
17:04:39 : Direct: Wilkomir: huh?
17:04:46 : Direct: Wilkomir: car?
17:05:23 : Direct: Wilkomir: no
17:05:41 : Direct: Wilkomir: oh I see
17:05:42 : Direct: Wilkomir: xD
23:11:34 : Direct: [NG2] Jesse: HELLO New Guys acrousd the street
23:12:08 : Direct: Freedom: havent doone much yet
23:12:16 : Direct: [NG2] Jesse: looks greaT
23:13:06 : Direct: Freedom: bit steep lol
23:14:39 : Direct: Freedom: out of cash for now
23:15:06 : Direct: Freedom: ill do missions tonight
23:15:28 : Direct: [NG2] Jesse: yea i can see good work man i am inpressed
23:15:32 : Direct: Freedom: snap makes it alot nicer
23:15:43 : Direct: [NG2] Jesse: yeah@! look at my base :P 
23:15:43 : Direct: Freedom: lol thanks
23:15:59 : Direct: Freedom: i know awesome design man i love it
23:16:14 : Direct: LWB [SD]: cant get it either
23:16:24 : Direct: Freedom: weird isnt it
23:16:30 : Direct: LWB [SD]: cos its in wall
23:16:38 : Direct: Freedom: and i cant place another either
23:17:59 : Direct: LWB [SD]: I cant delete it, might need to blow the barn up :/
23:18:24 : Direct: Freedom: hmm ok not my first plan but ok lol
23:18:36 : Direct: LWB [SD]: I cant get a hot on it at all
23:18:39 : Direct: LWB [SD]: hit
23:18:44 : Direct: LWB [SD]: cant even shoot
23:19:01 : Direct: Freedom: either could ig
23:19:47 : Direct: LWB [SD]: there gone
23:20:03 : Direct: Freedom: thank you sir
23:20:06 : Direct: LWB [SD]: np
23:20:16 : Direct: LWB [SD]: Jessie will give you an new one ;)
23:20:30 : Direct: Freedom: lol its ok i have one
23:21:16 : Direct: LWB [SD]: remember to take ownership of items on new plot
23:21:21 : Direct: [NG2] Jesse: you need a new plote pole.. 
23:21:22 : Direct: Freedom: you waiting on me to place one lol
23:21:25 : Direct: [NG2] Jesse: do you have one?
23:21:28 : Direct: LWB [SD]: nah, just tellng you lol
23:21:30 : Direct: Freedom: yes
23:21:55 : Direct: Freedom: its a plot deed
23:22:49 : Direct: Freedom: 20
23:24:14 : Direct: Freedom: i have reg one too]
23:28:14 : Direct: Freedom: ok back to work i go  unless you are doing mission
23:33:14 : Direct: Winans: sup
23:33:37 : Direct: Winans: ^^
23:33:41 : Direct: 2DIE4:  killin g the new ones  XD
23:33:47 : Direct: Winans: saw
23:33:49 : Direct: Winans: nice shot
