00:00:59 : Group: II TheElite II: Ill check with my chopper some other time. Im going to quit for today 
00:01:05 : Group: Turmoil: er
00:01:11 : Group: Turmoil: roger thanks for help :)
00:01:24 : Group: PRISMIC: cya :)
00:01:37 : Group: II TheElite II: My pleasure! Just gona cycle back to my base and log off :P
00:02:25 : Group: matsa: jump out a bit
00:03:35 : Group: Fontes: you want to look for a new baes?
00:03:38 : Group: Fontes: base
00:03:55 : Group: matsa: we gotta get mozzie for him
00:03:59 : Group: Fontes: ah
00:04:04 : Side: Turmoil: 2DIE4? :D
00:04:25 : Side: 2DIE4:  hey  ?=
00:04:33 : Side: 2DIE4:  sup?  =)
00:04:42 : Side: Turmoil: ill give you a beer for every time you kill Legend and Michael :)
00:05:07 : Side: 2DIE4:  what happend?
00:05:14 : Side: Turmoil: they wrecked our base :)
00:05:42 : Side: 2DIE4:  the ony by popedy dam in the woods?
00:05:58 : Side: Turmoil: dam one :)
00:06:00 : Side: II TheElite II: Me aswell
00:06:11 : Side: 2DIE4:  oh the one in the valley ... ok 
00:06:26 : Side: 2DIE4: do u know where their base is?
00:06:29 : Side: II TheElite II: On bicycle
00:06:35 : Side: Turmoil: they are just wrecking shit for the fun of it it seems, not enough to loot but totally destroy everything :P
00:06:40 : Side: Turmoil: no idea yet
00:06:56 : Side: 2DIE4:  welll lemme guess none of u wa online?
00:07:23 : Side: Turmoil: we came on as they were doing it, shot them a ton of times and they decided to logg
00:07:34 : Group: matsa: :(
00:07:39 : Group: matsa: every time
00:07:40 : Group: Fontes: it was the mission
00:07:44 : Side: 2DIE4:  pussies attack bases when no one is online
00:07:58 : Side: 2DIE4:  well if i get to know where their base is its on =9 
00:08:10 : Group: matsa: sorry man
00:08:17 : Group: Fontes: it was fun :D
00:08:33 : Side: Turmoil: ill let you know when i find out :D last i saw them they were running towards the hilltop were there was one base earlier 
00:09:20 : Group: matsa: a huge fire over there
00:13:46 : Group: Fontes: yea
00:13:54 : Group: Fontes: getting tired :)
00:15:24 : Group: Fontes: ?
00:15:44 : Group: matsa: i wanna build when everyone is on
00:15:50 : Group: Fontes: sure man
00:15:55 : Group: Fontes: think im leaving
00:15:59 : Group: Fontes: cant keep my eyes open
00:16:12 : Group: matsa: so we all can decide what and where
00:16:31 : Group: matsa: youre gonna sleep?
00:16:35 : Group: Fontes: yea
00:16:41 : Group: matsa: ahh
00:16:51 : Group: matsa: well, gnite :)
00:16:57 : Group: Fontes: cya !
00:17:08 : Side: -NFG- Nero: hola mi amigos
00:17:15 : Side: -NFG- Nero: hows it going
00:17:16 : Group: II TheElite II: Bye guys1
00:17:23 : Side: Turmoil: bye ^^
00:17:24 : Group: hehexd: nite 
00:17:25 : Side: -SDS- Gowther: Nacked
00:17:39 : Side: -NFG- Nero: i know that feeling
00:19:49 : Side: -NFG- Nero: can you buy uh-60y unarmeds here?
00:19:52 : Side: -NFG- Nero: the medevac one
00:20:14 : Side: -NFG- Nero: or is that from overwatch
00:43:54 : Side: -SDS-Ban: spawnsystem fucked us up XD
00:44:03 : Side: -NFG- Nero: rip u
00:51:24 : Side: 2DIE4:  MV 22 done?
00:51:30 : Side: 2DIE4:  didnt hear it 
01:01:27 : Side: -NFG- Nero: can i buy as50s anywhere?
01:01:38 : Side: hehexd: yes
01:01:41 : Side: hehexd: bandit & hero
01:01:43 : Side: -NFG- Nero: hero/bandit?
01:01:46 : Side: -NFG- Nero: ty pal
01:01:48 : Side: hehexd: ye
01:11:06 : Side: -NFG- Nero: whats with the unknown thing?
01:15:57 : Side: -NFG- Nero: vinnie hinostroza
01:29:27 : Side: -SDS- Gowther: Fuck this game
01:29:40 : Side: -NFG- Hudson  : Sup?
01:29:44 : Side: -SDS- Gowther: We did the bandit base and than  right next to us spawns a new mission
01:30:08 : Side: -SDS- Gowther: Got perma killed and didnt get our weapons to kill tham
01:30:18 : Side: -NFG- Hudson  : You lost all your gear?
01:30:18 : Side: -SDS- Gowther: they spawn 50m next to us
01:30:23 : Side: -NFG- Nero: shit  bro
01:30:27 : Side: -NFG- Nero: you guys need $$$?
01:30:38 : Side: -SDS- Gowther: Naah 
01:30:49 : Side: -SDS- Gowther: we just lost cause of that bout 6bc
01:31:05 : Side: -NFG- Nero: dammmmn
01:31:18 : Side: 2DIE4:  i made about 50 BCs today XD
01:31:20 : Side: -SDS- Gowther: We mostly got this bad luck -_-
01:31:43 : Side: -SDS- Gowther: We could made 10 in the last 2hours
01:32:01 : Side: -SDS- Gowther: but we wasted 1hour to get our gear from this fucking base
01:32:36 : Side: -NFG- Hudson  : Yep, we saw the messages
01:32:41 : Side: -NFG- Hudson  : Unlucky
01:33:24 : Side: -SDS- Gowther: destroy all your motivation and fun
01:49:33 : Side: matsa: 2die
01:49:41 : Side: 2DIE4:  yap?
01:49:53 : Side: matsa: we are really sorry for what we did
01:50:04 : Side: 2DIE4:  what r u talkin about?
01:50:35 : Side: matsa: when we were fucking around your base and got my freind banned
01:50:56 : Side: 2DIE4:  well cheaters need to be banned
01:52:16 : Side: matsa: he had a little too much that night
01:52:45 : Side: matsa: and we were wondering if we could remove the ban for a refund or something
01:52:53 : Side: 2DIE4:  nope
01:53:22 : Side: 2DIE4:  dont u wanna come out and stop looting ? =)
01:53:41 : Side: matsa: looting what?
01:53:57 : Side: 2DIE4:  dude u were in ther and u heard me  =)
02:02:20 : Side: matsa: i see you
02:07:20 : Side: 2DIE4: like the thing w ya friend
02:07:45 : Side: 2DIE4: i do absolutely do not tolerate glitching and hacking
02:07:57 : Side: 2DIE4: it makes no sense 
02:08:09 : Side: 2DIE4:  but getting ppl frustrated
02:08:23 : Side: 2DIE4:  so for trolling id say we make  a deal 
02:08:42 : Side: 2DIE4: but yall spawned in satchel charges 
02:08:55 : Side: 2DIE4:  and thats  just oo much 
02:09:08 : Side: 2DIE4:  ther is no such thing on this serve
02:09:26 : Side: 2DIE4:  naaa      
02:09:49 : Side: 2DIE4:  is it satchels?
02:10:10 : Side: 2DIE4:  i never really looked at him  ...   but i though MK19 ammo would be the max
02:10:22 : Side: 2DIE4:  this writing kills my scroll
02:10:34 : Side: 2DIE4:  lemme relog again
02:11:54 : Side: 2DIE4:  now lets go in i want some of that  in there XD
02:12:03 : Side: matsa: WUT
02:12:19 : Direct: matsa: wut
02:12:24 : Side: 2DIE4:  sure   u really think i wasnt watchin this location 4 a few days?  XD
02:12:30 : Side: 2DIE4:  smile
02:22:00 : Side: [NG2] Jesse: can you hot wire a safe?
02:22:08 : Side: matsa: yes
02:22:19 : Side: [NG2] Jesse: yhx
02:22:27 : Side: [NG2] Jesse: thx
02:44:16 : Side: -NFG- Nero: bases must touch  the floor but can i build out over water?
02:44:29 : Side: 2DIE4: yap
02:44:34 : Side: -NFG- Nero: sick ty
02:46:31 : Side: -NFG- Nero: any idea why it kicks hudson first time he tries to join after restarting game?
02:47:03 : Side: -NFG- Nero: battleye public restriction earlier and client failed this time
03:35:32 : Side: -NFG- Nero: we were just testing
03:52:58 : Side: freedom: matsa you come across a fuel barrle let me know lol i still never found one last night
03:53:42 : Side: matsa: i have some 
03:54:02 : Side: freedom: what do you want for it
03:54:15 : Side: matsa: nothing >(
03:54:25 : Side: matsa: :)
03:54:50 : Side: freedom: alright cool after restart ill meet you somwhere thanks man
03:55:01 : Side: matsa: aight
04:01:14 : Side: -NFG- Nero: laters guys
04:12:30 : Side: freedom: where you want to meet man
04:12:42 : Side: matsa: idk
04:12:46 : Side: matsa: you decide
04:13:10 : Side: matsa: im flying atm so no problem for me
04:13:29 : Side: freedom: plane or heli
04:13:41 : Side: matsa: mozzie xD
04:14:08 : Side: freedom: how about airport near vybor then
04:14:42 : Side: freedom: ill just have my bat out
04:16:22 : Side: matsa: can you mark on map?
04:16:58 : Side: freedom: done
04:19:49 : Side: matsa: im here
04:20:21 : Side: freedom: i see ya im coming got a hord behind me
04:21:02 : Side: matsa: lol
04:21:04 : Side: matsa: xD
04:21:18 : Side: matsa: ai on my left
04:22:14 : Side: matsa: massacre
04:22:22 : Side: freedom: lol right
04:22:42 : Side: freedom: your the man thank you
04:22:52 : Side: matsa: i have mozzie parts if you want
04:22:56 : Side: freedom: sure you dont want some gold or somthin
04:23:02 : Side: matsa: nah
04:23:22 : Side: freedom: im good im close by
04:23:38 : Side: freedom: thanks though
04:23:39 : Side: matsa: ok
04:23:43 : Side: matsa: you welcome
04:23:49 : Side: freedom: later man
04:50:57 : Side: freedom: where can i fing tin to copy a key
04:51:04 : Side: freedom: find*
04:51:23 : Side: matsa: wat something i think
04:51:44 : Side: freedom: wat?
04:51:48 : Side: matsa: eat*
04:52:03 : Side: freedom: ohh like the tin cans
04:52:16 : Side: matsa: yeah
04:52:24 : Side: freedom: ok thanks
04:56:53 : Side: matsa: i can get some if you wait a sec
04:57:30 : Side: freedom: up too you no big deal
04:57:45 : Side: freedom: how do i clear that marked spot on map
04:58:09 : Side: matsa: i did
04:58:13 : Side: freedom: thanks
04:58:41 : Side: freedom: you an admin?
04:58:45 : Side: matsa: you just hold mouse over it press DEL
04:59:20 : Side: freedom: cool i did it once but never knew how i did it
04:59:27 : Side: matsa: hehe
05:24:47 : Side: matsa: do you know what an anzio 20 is?
05:25:03 : Side: freedom: nope sure dont
05:25:39 : Side: matsa: i found 2, they look like as50 combined with an rpg
05:25:52 : Side: freedom: sounds bad ass
05:26:00 : Side: matsa: :D
05:26:06 : Side: freedom: lol
05:44:55 : Side: matsa: anyone need a lift?
05:53:44 : Side: matsa: did you just add me?
05:54:01 : Side: freedom: no
05:54:13 : Side: matsa: some russian guy added me 
05:54:21 : Side: freedom: lol ohh
05:54:56 : Side: freedom: two guys did that to me eairlier
06:00:22 : Side: freedom: can you tow locked vehicles
06:16:51 : Side: matsa: well im off now
06:16:55 : Side: matsa: cya
09:11:24 : Side: Kev: yo lancer?
09:11:59 : Side: Lancer_AUT: hi
09:12:18 : Side: Kev: tag, mal ne Frage. Wurdenn bei euch auch Cars & Helis zerstört?
09:12:34 : Side: Lancer_AUT: jo der heli und mtvr
09:13:07 : Side: Kev: muss wohl wer mächtig lw gehabt haben... Bei uns fehlen Vehicles im wert von ca 30-35BC
09:13:15 : Side: Kev: aber base keinen kratzer
09:13:37 : Side: Lancer_AUT: hattet ihr die offen stehen 
09:13:44 : Side: Kev: ne, alle gelockt
09:13:49 : Side: Kev: warum
09:13:55 : Side: Lancer_AUT: ich mein in ner garage oder überdacht
09:14:01 : Side: Kev: teilweise aber eher wenigr
09:14:35 : Side: Lancer_AUT: na ich bau schon ganze zeit bei mir alles ein das es schusssicher wird denke aber das es sich mit 200 items net ausgeht xd
09:14:56 : Side: Kev: hm.. is echt doof
09:15:12 : Side: Lancer_AUT: wo habt ihr eure base
09:15:52 : Side: Lancer_AUT: vor allem wenn die alle zerschossen wurden mus der jenige auch genug gold bzw muni haben 
09:15:53 : Side: Kev: wills nich umbeding im side schreibn ^^
09:16:08 : Side: Lancer_AUT: lad mal in gruppe
09:17:18 : Group: Kev: is bei zub castle.. also rel. nahe stary
09:18:40 : Group: MeGa_Koffiepot: hey good mornig
09:18:43 : Group: Turmoil: hello ^^
09:19:06 : Group: Lancer_AUT: sagt mir net wirklich was
09:19:17 : Group: Kev: naja, nen caste halt ``
09:19:24 : Group: Lancer_AUT: find ich auch net auf karte
09:19:29 : Group: Kev: bei vyshnoye
09:19:38 : Group: MeGa_Koffiepot: you know your mute on ts btw do you hear me?
09:19:47 : Group: Turmoil: oh one sec
09:19:50 : Group: Lancer_AUT: südlich davon oder
09:20:01 : Group: Kev: y
09:22:30 : Group: Lancer_AUT: ich komm mal vorbei und schaus mir an 
09:23:27 : Group: Lancer_AUT: sind bei euch öfters missionen in der nähe die zerschiesen auch schon mal fahrzeuge
09:24:01 : Group: Kev: ne, da oben nie. So ohne autos sieht die Base aber kacke aus :D Eigentlich hatten wir überall DSHKM Fahrzeuge gegen heli angriffe
09:24:47 : Group: Lancer_AUT: jo is ziehmlich leer
09:25:11 : Group: Kev: standen über 10-15 fahrzeuge drin ^^ alles down
09:25:36 : Group: Lancer_AUT: jo is relativ leicht mit ner as 50 sind die alle schnell kaput wenn die net eingeschlossen sind 
09:26:00 : Group: Lancer_AUT: ihr solltet vieleicht garagen bauen und die fahrzeuge wegschliesen wenn ihr of geht
09:26:09 : Group: Kev: deswegen find ich das Plugin das locked cars im pole keinenn schaden bekommen cool
09:26:26 : Group: Lancer_AUT: jo das gibts hier aber net 
09:29:14 : Group: Lancer_AUT: schaut euch mal devils cast an sogar dort machen die mir alles kaput 
09:30:05 : Group: Lancer_AUT: aber wie gesagt vieleicht weniger autos dafür garagen dafür bauen und dann passiert euch das net mehr 
09:30:39 : Group: Kev: finds nur lächerlich das i.welche idioten über die map wandern und alles zerschießen...
09:30:46 : Group: Kev: was stören mich die 30 bc
09:31:06 : Group: Lancer_AUT: also ich mach nix kaput klaue nur alles was net niet und nagelfest ist haha
09:31:16 : Group: Kev: haah
09:31:41 : Group: Lancer_AUT: hab glaub ich schon 150 bc so gemacht xd
09:51:28 : Direct: Legend: willst du mal fliegen?
09:51:41 : Direct: Kev: base?
09:51:47 : Direct: Legend: yo kurz pls
09:56:12 : Direct: Legend: wtf ic kann net aussteigen :D
09:56:16 : Direct: Kev: xDDD
09:58:54 : Direct: Legend: bin kurz afk
10:06:10 : Group: Lancer_AUT: so geh mal was frühstücken 
10:53:16 : Side: Fontes: wtf my body is glitched
10:53:52 : Side: 2DIE4:  where?
10:54:14 : Side: Fontes: above sosnovka
10:54:27 : Side: Fontes: when i spawned i died
10:54:31 : Side: 2DIE4:  u were looting?  XD
10:54:35 : Side: Fontes: and now my body is on top of a shed
10:55:04 : Side: Fontes: fuck man i got good gear
10:56:34 : Side: Fontes: this is bullshit
10:56:55 : Side: Turmoil: no this is arma
10:57:06 : Side: Fontes: can someone help me maybe?
10:57:42 : Side: Turmoil: im sorry to say but you got bohemiad
10:58:03 : Side: Fontes: ?
10:58:38 : Side: Turmoil: never mind, lol... the game isnt exactly known for its reliability and it has alot of glitching stuff happening unfortunatly
10:58:50 : Side: Fontes: yeah its fucked up
10:58:55 : Side: Fontes: i want my gear back :D
10:59:18 : Side: Turmoil: i know the admins here work very hard to fix small things like this, but it still excist 
11:10:02 : Group: Kev: noch nen 3tes door_
11:10:04 : Group: Kev: ?
11:15:19 : Group: Legend: hab teile im rucksack
12:24:09 : Side: Fontes: this is bullshit
12:24:16 : Side: Fontes: now all my gear in my save is gone wtf
13:32:19 : Side: Turmoil: hey sierra ^^
13:32:34 : Side: Sierra [SD]: hiya :)
13:33:12 : Side: 2DIE4:  turm u know my place  ?!  =)  bring a tire ... ill shoot u som  =) 
13:33:41 : Side: Turmoil: im currently far away from my base and without transportation, sorry :(
13:42:57 : Side: -NFG- Nero: jae
13:42:59 : Side: -NFG- Nero: jay
13:43:16 : Side: -NFG- Nero: j
13:43:24 : Side: -NFG- Nero: jey
13:49:04 : Group: Turmoil: the city is actually a bit interesting to loot ^^
13:51:02 : Group: Turmoil: hi
13:51:53 : Group: Turmoil: base here 
13:52:06 : Group: Turmoil: stairs upstairs are blocked
13:52:35 : Group: Turmoil: or maybe its just in the game
13:53:15 : Direct: MeGa_Koffiepot: CALL 
13:53:20 : Direct: MeGa_Koffiepot: PHONE
13:59:49 : Group: MeGa_Koffiepot: back
14:04:48 : Side: 2DIE4:  funny.... alll AI down and i get shot by one  XD
14:05:06 : Side: 2DIE4:  what kinda BS was that sierra?
14:05:15 : Side: 2DIE4:  all IA down and scanned 
14:05:25 : Side: 2DIE4:  then i get blown by AI?
14:05:36 : Side: 2DIE4:  even got proof  on vid
14:42:41 : Side: Fontes: lol mission spawned on me 
14:42:46 : Side: Fontes: scared the shit out og me
14:43:08 : Side: II TheElite II: XD
14:48:11 : Side: Fontes: lol AI almost got me again
14:48:51 : Side: II TheElite II: You need help?
14:49:14 : Side: Fontes: nah wanted to do the mission but its to hard to do on my own
14:49:30 : Side: II TheElite II: It's not easy indeed ^^
15:00:43 : Side: II TheElite II: Whos in the mozzie?
15:01:16 : Side: -NFG- Nero: the pook?
15:02:35 : Side: 2DIE4:  do u hear me?  =)
15:02:57 : Side: II TheElite II: Whos at tree valley?
15:03:10 : Side: -NFG- Nero: me
15:03:18 : Side: 2DIE4:  elite
15:03:21 : Side: II TheElite II: You're friendly?
15:03:27 : Side: -NFG- Nero: depends
15:03:30 : Side: 2DIE4:  ometimes =) 
15:03:30 : Side: -NFG- Nero: whats your humanity?
15:03:36 : Side: II TheElite II: 8500
15:03:40 : Side: -NFG- Nero: alright
15:03:43 : Side: -NFG- Nero: ill leave
15:03:50 : Side: II TheElite II: Thank you ^^
15:04:07 : Side: II TheElite II: Whats up 2DIE4?
15:04:34 : Side: 2DIE4: hey
15:04:53 : Side: II TheElite II: You said my name. I presume you have a question? :P
15:05:05 : Side: 2DIE4:  i though u was askin about the mozzi
15:05:24 : Side: II TheElite II: Yea thats right
15:05:31 : Side: 2DIE4:  thats me  =) 
15:05:41 : Side: II TheElite II: Why is there still someone laying on the hill?
15:05:41 : Side: -NFG- Nero: it wasnt a mozzize
15:05:48 : Side: -NFG- Nero: im just waiting mate
15:05:51 : Side: -NFG- Nero: my buddy is nearby
15:05:52 : Side: 2DIE4:  im in a mozzi
15:06:06 : Side: -NFG- Nero: ill be gone in a sec aight
15:06:14 : Side: II TheElite II: I dont want to play games guys
15:06:19 : Side: -NFG- Nero: neither
15:06:27 : Side: -NFG- Nero: just wait for my buddy to get in the heli and ill go back to it
15:06:31 : Side: II TheElite II: Good :)
15:06:34 : Side: -NFG- Nero: aight
15:06:36 : Side: -NFG- Nero: gl m8
15:06:42 : Side: II TheElite II: Have a good one!
15:22:34 : Side: -NFG- Nero: lancer and 2die
15:22:38 : Side: -NFG- Nero: you guys heros or bandits?
15:22:41 : Side: 2DIE4: ??
15:23:42 : Side: -NFG- Nero: are you friendly?
15:24:21 : Side: 2DIE4: in my own unique way  i am  =9
15:24:21 : Side: Lancer_AUT: i only defend me 
15:24:25 : Side: 2DIE4:  ask turmoil
15:24:30 : Side: -NFG- Nero: aight well
15:24:35 : Side: -NFG- Nero: im thinking   about doing a mission
15:24:58 : Side: -NFG- Nero: and wanna be clear if i    see another player ill shoot to be safe so is it cool if you guys dont want one i take it?
15:39:07 : Side: -NFG- Nero: anyone doing missions?
15:49:47 : Side: 2DIE4:  now ho ran like a lil  bitch   in th evodnik? XD
15:51:19 : Side: Dust: So running from a lost fight, is being a bitch or being more tactical aware?
15:51:27 : Side: Jaeger: found who it was ;)
15:51:39 : Side: 2DIE4:  well stealini my mission award   is not very nice
15:51:50 : Side: freedom: i say tactial aware
15:51:59 : Side: Jaeger: 2die4 why do you keep double spacing?
15:52:00 : Side: Dust: Oh, didn't see your name on it?
15:52:07 : Side: 2DIE4:  cuz i can = ) 
15:54:31 : Direct: 2DIE4: hello =)
15:55:02 : Direct: matsa: sup
16:03:36 : Side: matsa: i tought we were cool
16:03:50 : Side: 2DIE4:  dude i am sry really ... 
16:03:56 : Side: 2DIE4:  u didnt answer 
16:03:59 : Side: 2DIE4:  in direct 
16:04:02 : Side: matsa: i did
16:04:06 : Side: 2DIE4:  i didnt know it was u 
16:04:15 : Side: 2DIE4:  i didnt read
16:04:20 : Side: 2DIE4:  anything
16:04:30 : Side: -NFG- Nero: direct is glitched for some peiople
16:04:35 : Side: -NFG- Nero: nant see everyones messages
16:04:45 : Side: 2DIE4:  of gourse all ya stuff is still there
16:05:08 : Side: 2DIE4:  i took off so u can do 
16:05:23 : Side: 2DIE4: ya  thing there
16:05:33 : Side: 2DIE4:  sry again mate
16:07:18 : Side: M.K.: karma?
16:10:31 : Side: Laurence Gommersil: jesse
16:10:39 : Group: [NG2] Jesse: yo
16:15:12 : Side: 2DIE4:  its writing while flying  =) 
16:16:41 : Group: Laurence Gommersil: kk im back
16:16:54 : Group: Laurence Gommersil: Join ts
16:18:19 : Group: [NG2] Jesse: i cant come on ts now.. 
16:18:54 : Group: Laurence Gommersil: apparently the dam got attacked last night
16:19:27 : Group: [NG2] Jesse: i know they took a lot, we captured it back.. so its save for now but keep your eyes open for people 
16:19:51 : Group: Laurence Gommersil: im heading your way
16:20:26 : Group: Laurence Gommersil: wait do you have any mozzie parts i can borrow please?
16:20:27 : Group: [NG2] Jesse:  i am bussy with base building ,.. 
16:21:24 : Group: [NG2] Jesse: its my last pare so if you give it back when your done..
16:21:35 : Group: Laurence Gommersil: ye i will
16:21:51 : Group: [NG2] Jesse: w8 a sec
16:22:42 : Group: [NG2] Jesse:  i need to find it st ^^
16:24:01 : Group: [NG2] Jesse: take a step back cant open door
16:24:27 : Group: [NG2] Jesse: its in your back
16:24:49 : Group: Laurence Gommersil: thanks
16:25:02 : Group: Laurence Gommersil: got half a brief spare
16:25:16 : Group: Laurence Gommersil: im buying a littlebird
16:25:27 : Group: [NG2] Jesse: aah cool , you learnd to fly?
16:25:36 : Group: Laurence Gommersil: ye
16:26:00 : Group: Laurence Gommersil: you got 1 or not?? :/
16:26:24 : Group: [NG2] Jesse: little bird? 
16:26:36 : Group: Laurence Gommersil: ye
16:27:02 : Group: [NG2] Jesse: sometimes there very usefull.. 
16:27:12 : Group: [NG2] Jesse: and very good to learn how to fly
16:27:31 : Group: Laurence Gommersil: ye but do you have half A brief spare? bc i only got half
16:28:18 : Group: [NG2] Jesse: make some money.. do a looting session.. 
16:28:45 : Group: Laurence Gommersil: i have briefs but prismic forgot code
16:29:04 : Group: [NG2] Jesse: oh, lame :P
16:29:10 : Group: Laurence Gommersil: we have 21 breefs
16:29:46 : Group: [NG2] Jesse: wel nice ! 
16:30:06 : Group: Laurence Gommersil: can u drop me off at aircraft dealer
16:30:16 : Group: [NG2] Jesse: you got mozzie parts.. 
16:30:24 : Group: Laurence Gommersil: oh ye
16:30:30 : Group: Laurence Gommersil: xD
16:30:57 : Side: matsa: ahh nice
16:30:59 : Side: matsa: again
16:31:13 : Side: 2DIE4:  wasnt me 
16:31:20 : Side: matsa: then who?
16:31:25 : Side: 2DIE4: MK
16:31:31 : Side: M.K.: what?
16:31:37 : Side: M.K.: nice joke.
16:31:43 : Side: 2DIE4: z got videoproof 
16:31:50 : Side: M.K.: k
16:32:13 : Side: 2DIE4:  i alwas have shadowplay running
16:32:33 : Side: M.K.: gud4u
16:33:05 : Side: 2DIE4:  i know ... so sissi li l boys denying stuff can be prooven wrdong  =)
16:33:23 : Side: Jaeger: wat
16:33:37 : Side: M.K.: u must be fun at parties ;)
16:33:53 : Side: 2DIE4:  and u must be fun 4 ya babysitter  =) 
16:34:02 : Side: 2DIE4: ;-)
16:34:05 : Side: M.K.: great comeback
16:34:10 : Side: M.K.: blown away
16:34:11 : Side: 2DIE4:  i know 
16:34:21 : Side: M.K.: lel
16:34:22 : Side: M.K.: :))
16:34:23 : Side: 2DIE4:  i hope so  i want to make money  like that 
16:34:33 : Side: M.K.: ok shut up now, enough talkin to u
16:34:58 : Side: 2DIE4:  but 4 real if u kill someone man up and say u did it ... its a gme and were here to have fun 
16:35:05 : Side: 2DIE4:  ok  shut up now  XD
16:35:33 : Side: M.K.: even if i did it, why would i have to admit anything? this game is all about roleplaying
16:35:38 : Side: M.K.: bandits/heroes
16:35:46 : Side: M.K.: and i bet u are under 16
16:35:51 : Side: M.K.: for that mentality
16:35:55 : Side: M.K.: im done with you.
16:36:02 : Side: M.K.: you proven me so many times
16:43:35 : Side: [NG2] Jesse: if you upgrade a half wall, do you get a full wall next? 
16:43:45 : Side: M.K.: yup
16:43:48 : Side: Laurence Gommersil: ye
16:44:00 : Side: [NG2] Jesse: ty
16:44:47 : Side: M.K.: do you have some extra cinder?
16:45:00 : Side: M.K.: i can offer  metal floors/mortar
16:45:09 : Side: [NG2] Jesse: ohh, 
16:45:34 : Side: [NG2] Jesse: i have egnough money ot buy al the thing i need.. 
16:45:39 : Side: M.K.: oh ok
16:45:43 : Side: M.K.: ty anyway :P
16:46:05 : Side: M.K.: anyone doing the sniper mission?
16:46:11 : Side: [NG2] Jesse: but you selling metal floors? ,.. 
16:46:22 : Side: M.K.: not atm
16:46:26 : Side: M.K.: but i can get some later/
16:46:30 : Side: M.K.: if u wanna
16:47:02 : Side: [NG2] Jesse: thought maybe you got a speacial offer :P 
16:47:15 : Side: [NG2] Jesse: i am good for now i think, but ty.. 
16:47:19 : Side: M.K.: :D np
16:55:20 : Group: Laurence Gommersil: JESSE WANNA help us with mission?
16:55:33 : Group: [NG2] Jesse: no bussy with my base..
16:55:51 : Group: [NG2] Jesse: oooh this mission! ., yeah i will help!! 
16:56:12 : Group: Laurence Gommersil: kk come up here
16:56:23 : Group: [NG2] Jesse: i shoot from my base.. 
16:56:40 : Group: Laurence Gommersil: ok
16:56:54 : Group: Laurence Gommersil: ok lets go
16:57:30 : Side: M.K.: lwb?
17:02:09 : Group: PRISMIC: got them all ?
17:02:17 : Group: Laurence Gommersil: no
17:02:32 : Group: [NG2] Jesse: sse some on the groundn!! 
17:02:43 : Group: PRISMIC: take em out
17:02:59 : Group: [NG2] Jesse: i count.. 
17:03:01 : Group: [NG2] Jesse: cant
17:03:09 : Group: Laurence Gommersil: im going in
17:07:09 : Group: Laurence Gommersil: u see them jesse
17:07:33 : Group: MeGa_Koffiepot: got trubel?
17:07:47 : Group: [NG2] Jesse: looks clear
17:08:23 : Group: [NG2] Jesse: mines go walking!
17:13:14 : Group: [NG2] Jesse: you guys need your car?
17:13:36 : Group: PRISMIC: NA WERE COOL THX 
17:14:39 : Group: PRISMIC: CAN U SELL SOMETHING AT HERO TRADER FOR ME PLEASE
17:15:00 : Group: [NG2] Jesse: yea sure an i destroyd the car.. some how.. :P 
17:15:21 : Group: PRISMIC: where are you
17:15:26 : Group: [NG2] Jesse: omw
17:17:26 : Group: [NG2] Jesse: heli nee to be selled? 
17:18:02 : Group: Laurence Gommersil: jesse what cheap helis can u buy here
17:18:50 : Group: Laurence Gommersil: jesse
17:18:58 : Group: [NG2] Jesse: yeaH? 
17:19:00 : Group: [NG2] Jesse: ofc
17:19:08 : Group: Laurence Gommersil: what cheap helis can u buy here
17:19:17 : Group: [NG2] Jesse: armed? 
17:19:21 : Group: PRISMIC: dwe
17:19:23 : Group: PRISMIC: dw
17:19:26 : Group: Laurence Gommersil: no 
17:19:28 : Group: PRISMIC: just  go
17:21:12 : Group: PRISMIC: cheers
17:21:16 : Group: Laurence Gommersil: bye
17:26:44 : Group: Laurence Gommersil: jesse coming back with the littlebird
17:27:03 : Group: [NG2] Jesse: roger
17:28:15 : Group: Laurence Gommersil: u see me
17:29:13 : Group: Laurence Gommersil: coming down
17:31:01 : Group: Laurence Gommersil: OMG FIRST TIME LANDING ON ROOF YAYAYAY :) xD
17:33:14 : Side: M.K.: merlin?
17:33:24 : Side: -SDS- Merlin: yes?
17:33:43 : Side: M.K.: not you, :D i heard a choppa fly past by me
17:33:47 : Side: M.K.: and i think it was a merlin
17:33:50 : Side: M.K.: XD
17:33:53 : Side: -SDS- Merlin: oh lol
17:36:43 : Group: [NG2] Jesse: koffie or base under the dam is raid very hard
17:36:48 : Group: [NG2] Jesse: yesterday
17:49:58 : Side: M.K.: lwb can u come for a sec?
17:50:32 : Side: LWB [SD]: hold on
17:50:36 : Side: M.K.: kk
17:52:45 : Direct: LWB [SD]: sup?
17:52:51 : Direct: M.K.: hey
17:52:53 : Direct: M.K.: so
17:53:11 : Direct: M.K.: what does "take item ownership" do?
17:53:15 : Direct: M.K.: i replaced my plot pole
17:53:21 : Direct: M.K.: should i click on that?
17:53:35 : Direct: LWB [SD]: yeah, otherwise the items built prior wont mainyain
17:53:38 : Direct: LWB [SD]: maintain
17:53:52 : Direct: M.K.: it said 0 objects changed
17:53:54 : Direct: M.K.: ok whatever
17:53:56 : Direct: M.K.: and
17:53:58 : Direct: M.K.: one more thing
17:54:19 : Direct: M.K.: people can glitch into my base through the floor unti i do all the walls
17:54:24 : Direct: M.K.: its bannable right?
17:54:37 : Direct: LWB [SD]: if we see it yeah
17:55:02 : Direct: M.K.: hmm..k.. 
17:55:04 : Direct: M.K.: thanks :)
17:55:08 : Direct: M.K.: thats all
17:55:09 : Direct: LWB [SD]: ok
17:55:11 : Direct: LWB [SD]: bye
17:55:12 : Direct: M.K.: have a lovely day
17:55:14 : Direct: LWB [SD]: :)
18:01:13 : Side: matsa: admin you have time?
18:12:38 : Side: M.K.: lel
18:12:42 : Side: M.K.: free looooooottt
18:23:19 : Side: -NFG- Nero: gg just shot my teammate while tabbed...
18:23:24 : Side: -NFG- Jaeger: DICK
18:24:27 : Side: -NFG- Nero: i thought he died way before looooool
18:24:36 : Side: -NFG- Nero: i ran off
18:25:03 : Side: -NFG- Jaeger: youre forever banned from alt-tabbing
18:25:24 : Side: -NFG- Nero: rip skins
18:27:55 : Side: -NFG- Jaeger: KI op
18:31:01 : Side: -NFG- Nero: "i just saw a goat cross the road"
18:31:04 : Side: -NFG- Nero: "or a boar"
18:31:10 : Side: -NFG- Nero: "whatever it was"
18:31:37 : Side: -NFG- Jaeger: blyat
18:31:52 : Side: -NFG- Nero: ladies and gentlemen the smartest person in -NFG- Jaeger
18:32:56 : Side: Winans: mario... have u been at our base with merlin?
18:34:02 : Side: Mario: nope, i landed here on my base
18:34:09 : Side: Winans: k
18:46:13 : Side: -NFG- Nero: how do i sell helis?
18:46:38 : Side: LWB [SD]: go to the air trader
18:46:44 : Side: -NFG- Nero: its bandit
18:46:51 : Side: Winans: we sell for you
18:46:53 : Side: -NFG- Nero: i have the humanity for it
18:46:56 : Side: LWB [SD]: a bandit heli?
18:46:57 : Side: Winans: with a discount of course
18:47:01 : Side: -NFG- Nero: lol
18:47:06 : Side: LWB [SD]: go to bandit trader
18:47:06 : Side: -NFG- Nero: i dont need the money i just dont want the heli
18:47:40 : Side: -NFG- Nero: im here
18:47:45 : Side: -NFG- Nero: but i hit sell and it doesnt show up
18:47:58 : Side: -NFG- Nero: nvm gaddit
18:47:59 : Side: LWB [SD]: have you sat in pilot seat/
18:47:59 : Side: -NFG- Nero: ty
18:50:03 : Side: [NG2] Jesse: lwd can you come over? 
18:50:40 : Side: nutzer: mind if i wait till you guys leave the trader? xd
18:50:46 : Side: nutzer: and then land
18:50:50 : Side: -NFG- Jaeger: we aint gonna touch your stuff
18:51:01 : Direct: LWB [SD]: sup
18:51:05 : Side: nutzer: alrighty
18:51:09 : Side: nutzer: thx
18:51:16 : Direct: [NG2] Jesse: can you delete the suv? i lost the key
18:51:22 : Side: -NFG- Nero: no worries mate well be 2 mins
18:51:28 : Direct: [NG2] Jesse: inside
18:51:34 : Direct: [NG2] Jesse: thanks! 
18:51:37 : Direct: LWB [SD]: :D np
18:51:39 : Direct: [NG2] Jesse: your my hero! 
18:51:44 : Side: nutzer: done :D
18:51:47 : Direct: LWB [SD]: ;D
18:52:07 : Side: -NFG- Nero: thats nothelis are meant to look
18:52:12 : Side: -NFG- Nero: waht the fuck was that lagg lol
18:52:17 : Side: nutzer: dunno man
18:52:27 : Side: nutzer: im kinda laggy today
18:52:35 : Side: -NFG- Nero: you were upside down
18:52:36 : Side: nutzer: dont know whats up with my internet
18:52:38 : Side: -NFG- Nero: then invisible
18:52:39 : Side: nutzer: hahah xD
18:52:50 : Side: nutzer: secret ninja techniques
18:55:29 : Side: -NFG- Nero: reaaaaly
18:55:37 : Side: -NFG- Nero: well were going to stary so gl with that
18:55:44 : Side: -NFG- Nero: your aim is op
18:55:55 : Side: -NFG- Nero: next time aim for the heli not the air around it
19:34:48 : Group: [NG2] Jesse: add tur plz
19:57:32 : Side: [NG2] Jesse: is there still a way to make a oven? 
19:57:52 : Side: -NFG- Nero: use a shower
19:58:03 : Side: [NG2] Jesse: :O ? 
19:58:12 : Side: -NFG- Nero: was a hitler joke nvm
19:58:23 : Side: -NFG- Jaeger: get some bed sheets, fart under them and pull it over your head
19:58:29 : Side: -NFG- Jaeger: and then you've made a dutch oven
19:58:32 : Side: -NFG- Nero: no thats a dutch oven
19:59:52 : Side: -NFG- Nero: fujpacka
20:00:13 : Side: Laurence Gommersil: tumroil
20:00:18 : Side: -NFG- Nero: sry mate
20:00:21 : Side: -NFG- Jaeger: bloopmakener
20:00:25 : Side: -NFG- Nero: was just spelling my club penguin name
20:00:26 : Side: Laurence Gommersil: Turmoil
20:00:39 : Side: Turmoil: Yes?
20:00:42 : Side: Laurence Gommersil: Jesse or turmoil answer
20:00:52 : Side: -NFG- Hudson  : I like chicken
20:00:58 : Side: Laurence Gommersil: turmoil invite me to group
20:01:03 : Side: Laurence Gommersil: quick
20:01:07 : Side: -NFG- Hudson  : Dp you like my spaces?
20:01:25 : Group: Laurence Gommersil: do you know what prismics fking done
20:01:33 : Group: Turmoil: no?
20:01:42 : Side: -NFG- Jaeger: no but i like your spelling you spazmoid
20:01:43 : Group: Laurence Gommersil: hes watched a youtube video
20:01:51 : Group: Laurence Gommersil: of how to install a dayz mod
20:01:51 : Group: Turmoil: yeah?
20:02:00 : Group: Laurence Gommersil: he does everything it says
20:02:09 : Group: Turmoil: yes?
20:02:15 : Group: Laurence Gommersil: guess what he installed on to dayz launcher
20:02:17 : Group: [NG2] Jesse: what kind of mod? 
20:02:32 : Group: Laurence Gommersil: mod is called cba
20:02:47 : Group: Laurence Gommersil: He dragged it into his personal files
20:02:47 : Group: Turmoil: hmmm
20:03:00 : Group: Laurence Gommersil: all his dayz
20:03:08 : Group: Laurence Gommersil: if he joins a server
20:03:11 : Group: Laurence Gommersil: it says
20:03:23 : Group: Laurence Gommersil: Disconnected
20:03:28 : Group: Turmoil: so hes hacking pretty much
20:03:32 : Group: Laurence Gommersil: no
20:03:37 : Group: Laurence Gommersil: hes been hacked
20:03:45 : Group: Laurence Gommersil: or you can say virused
20:03:56 : Group: Turmoil: becouse he tried to install a mod that he wasnt supose to have?
20:04:02 : Group: Laurence Gommersil: yes
20:04:06 : Group: [NG2] Jesse: hahaha
20:04:17 : Group: Turmoil: how clever off him...
20:04:22 : Group: Laurence Gommersil: ikr
20:04:51 : Group: Laurence Gommersil: so now i have to go round his fking house and fix a mod that he fking installed
20:04:52 : Group: Turmoil: so now his computer is broken?
20:05:08 : Group: Laurence Gommersil: you can say that ye
20:05:28 : Group: Laurence Gommersil: turmoil i learnt how to fly
20:05:45 : Group: Turmoil: thats good
20:06:01 : Group: Laurence Gommersil: jump in ya heli and follow me to aircraft dealer
20:06:12 : Group: [NG2] Jesse: why? 
20:06:16 : Group: Turmoil: im going to the regulare trader, need  buy supplies
20:06:22 : Group: Laurence Gommersil: wait for me ill follow
20:06:41 : Group: Laurence Gommersil: waittt
20:06:47 : Group: Turmoil: im just hovering 
20:07:20 : Group: Laurence Gommersil: lets go
20:07:46 : Group: Laurence Gommersil: go klen
20:08:07 : Group: hehexd: yo
20:08:15 : Group: Joshuaa: supp
20:08:21 : Group: hehexd: you still locked out?
20:08:25 : Group: Joshuaa: yepppp
20:08:30 : Group: hehexd: wtf
20:08:47 : Group: Joshuaa: i got good gear on me as well
20:08:52 : Group: hehexd: damn
20:08:53 : Group: hehexd: shite
20:09:01 : Group: Joshuaa: you got a car?
20:09:57 : Group: hehexd: nopoe
20:09:59 : Group: hehexd: freshpawn
20:10:13 : Group: Joshuaa: shall we head to your base?
20:10:26 : Group: hehexd: in a minute yeah
20:10:30 : Group: hehexd: speaking to gf
20:10:40 : Group: Joshuaa: okk
20:11:27 : Group: Laurence Gommersil: how do you tow a car in a heli?
20:11:36 : Group: Turmoil: you need to have a big heli 
20:11:49 : Group: Laurence Gommersil: i have a littlebird
20:11:54 : Group: Turmoil: too small i think
20:11:58 : Group: Laurence Gommersil: no
20:11:59 : Group: [NG2] Jesse: the name says it
20:12:11 : Group: Laurence Gommersil: turmoil can u tow my suv
20:12:13 : Group: Laurence Gommersil: pls
20:12:16 : Group: Turmoil: hover over the item you want to tow until you get lift option
20:12:50 : Group: Joshuaa: im going for food, wont be long
20:12:56 : Group: Turmoil: did you lock it?
20:13:03 : Group: Laurence Gommersil: no
20:16:55 : Group: Laurence Gommersil: TURMOIL HELP AHHHH
20:16:57 : Group: Laurence Gommersil: quick
20:17:02 : Group: Turmoil: what?
20:17:09 : Group: Laurence Gommersil: my littlebird
20:17:15 : Group: Laurence Gommersil: quickkk
20:17:28 : Group: Turmoil: nothing i can do about that? take the SUV and tow it out if it works :)
20:18:41 : Group: Laurence Gommersil: how do you repair heli
20:18:44 : Group: Turmoil: see you did good buddy
20:18:54 : Group: Turmoil: knew you could do it :) 
20:19:06 : Group: Turmoil: that depends whats broken on it
20:19:09 : Group: Laurence Gommersil: got any spare scrap metal
20:19:17 : Group: Laurence Gommersil: need to repair rotar
20:19:41 : Group: Turmoil: i dont keep any repair supplies becouse i have a fuel pump in my base :) so i just repair it with the pump 
20:19:54 : Group: Laurence Gommersil: can i use it
20:20:14 : Group: Turmoil: then you need gold and you need to land on my roof
20:20:44 : Group: Turmoil: its 20 or 40oz to repair vehicles at pump i think
20:20:45 : Group: Laurence Gommersil: i got gold and i need you to land on my roof please :)
20:21:09 : Group: Turmoil: dont crash, you will wreck my cars inside
20:21:20 : Group: [NG2] Jesse: i help
20:21:24 : Group: Laurence Gommersil: can u fly mine in please i can no way land it there
20:21:35 : Group: [NG2] Jesse: i fly for you,
20:21:44 : Group: Laurence Gommersil: ok jesse come
20:21:45 : Group: [NG2] Jesse: put the money in the heli 
20:21:47 : Group: alexxx: /killme
20:21:55 : Group: alexxx: /killme
20:22:12 : Group: Turmoil: its totally broken, this wont fly...
20:22:16 : Group: Turmoil: wont start
20:22:18 : Group: Laurence Gommersil: turmoil moneys in gear
20:22:23 : Group: Turmoil: engine is broken
20:22:38 : Group: Turmoil: leave it unlocked ill try and tow it
20:22:39 : Group: Laurence Gommersil: fixing
20:22:47 : Group: Laurence Gommersil: i fixed it
20:22:56 : Group: Laurence Gommersil: now try
20:23:13 : Group: Laurence Gommersil: i fixed engine
20:23:43 : Group: [NG2] Jesse: yea but its still broke
20:24:06 : Group: Joshuaa: yo
20:24:25 : Group: Laurence Gommersil: HOLY FUC
20:24:34 : Group: Laurence Gommersil: xDDDDDDDDD
20:24:51 : Group: Laurence Gommersil: R.I fking p
20:26:00 : Group: Laurence Gommersil: turmoil remind me never to get in a fkin heli with you xD
20:26:15 : Group: [NG2] Jesse: thats not nice
20:26:31 : Group: Turmoil: not my fault... helis cant take any damage when red, i just lost a 8 briefcase heli so
20:26:50 : Group: Turmoil: and my gear
20:26:56 : Group: Laurence Gommersil: ure gear will be there
20:27:09 : Group: [NG2] Jesse: nope you guys died above water
20:27:16 : Group: hehexd: yo dawg
20:27:17 : Group: Turmoil: its underwater
20:27:24 : Group: Joshuaa: you back now? haha
20:27:41 : Group: hehexd: lol nah man hahaha
20:27:43 : Group: Laurence Gommersil: my brief was in that heli xD
20:27:52 : Group: [NG2] Jesse: i got it!..
20:27:58 : Group: Laurence Gommersil: yay
20:28:14 : Group: Laurence Gommersil: now i need to do an ai to get a heli
20:28:23 : Group: Joshuaa: message me on steam when you playing
20:28:39 : Group: [NG2] Jesse: dude tur lost 8 bc 
20:29:02 : Group: Laurence Gommersil: i will give him 8 dw i have 32 briefs man
20:29:09 : Group: Laurence Gommersil: chill
20:31:20 : Group: Laurence Gommersil: jesse is my backpack there!?!??!?
20:32:01 : Group: [NG2] Jesse: what do you think?
20:32:05 : Group: Laurence Gommersil: YAY
20:32:22 : Group: [NG2] Jesse: so dont ask stupit quistions
20:32:33 : Group: Laurence Gommersil: :(
20:33:34 : Group: Laurence Gommersil: whers my loot?
20:33:42 : Group: Laurence Gommersil: on his roof
20:33:46 : Group: Laurence Gommersil: omg xD
20:33:59 : Group: Laurence Gommersil: jesse my brief?
20:34:17 : Group: [NG2] Jesse: yes whats with it? 
20:34:25 : Group: Laurence Gommersil: u said u got it
20:34:29 : Group: [NG2] Jesse: yes
20:34:33 : Group: Laurence Gommersil: pass it??
20:34:39 : Group: [NG2] Jesse: why 
20:35:11 : Side: -NFG- Nero: lucille got an upgrade
20:35:29 : Group: Laurence Gommersil: DUDE WTF
20:35:41 : Group: [NG2] Jesse: enemys! 
20:35:46 : Group: Laurence Gommersil: WHY?
20:35:50 : Group: Turmoil: NEGAN is up in the hill shooting!
20:35:59 : Group: Turmoil: ITS NOT JESSE!
20:36:06 : Group: Laurence Gommersil: FK SAKE
20:36:11 : Group: Laurence Gommersil: WHY ME 
20:36:58 : Group: Laurence Gommersil: TURMOIL WHEN I GET THERE OPEN THE DOOR
20:37:17 : Side: Turmoil: what do you want negan? shoot those poor guys down there xD
20:39:31 : Group: Laurence Gommersil: OPEN
20:39:45 : Group: Turmoil: he is close to us
20:39:54 : Group: Laurence Gommersil: DO IT IM HERE
20:39:59 : Group: Turmoil: SO IS HE!!!!!
20:40:22 : Group: Laurence Gommersil: where
20:40:41 : Group: Turmoil: if i knew i would have killed him already -_-
20:41:43 : Group: Laurence Gommersil: i cant see him
20:42:54 : Group: Laurence Gommersil: LET ME IN QUICK
20:42:58 : Group: Laurence Gommersil: HES NOT HER
20:43:13 : Group: [NG2] Jesse: i got your keys
20:43:30 : Group: Laurence Gommersil: quick!
20:43:39 : Group: Laurence Gommersil: OPEN
20:43:40 : Group: Turmoil: stop nagging
20:44:09 : Group: [NG2] Jesse: i got some of your stuff. 
20:44:16 : Group: Laurence Gommersil: how do i get there...
20:44:20 : Group: [NG2] Jesse: v
20:44:52 : Group: Laurence Gommersil: turmoil salvage sandbags?
20:44:52 : Group: [NG2] Jesse: press v
20:46:21 : Group: Laurence Gommersil: lets me down
20:47:20 : Group: Laurence Gommersil: u want
20:47:21 : Group: [NG2] Jesse: leave my stuf  !!
20:47:34 : Group: Laurence Gommersil: sorry i just rly need them xD
20:47:42 : Group: [NG2] Jesse: take it
20:47:47 : Group: Joshuaa: ask him and see if he locked the door
20:48:00 : Group: Laurence Gommersil: thanks
20:48:00 : Group: hehexd: i think he is asleep
20:48:06 : Group: Joshuaa: damn still haah
20:48:09 : Group: hehexd: hahaha
20:48:14 : Group: [NG2] Jesse: the keys are in you bag
20:48:18 : Group: hehexd: he plays @ night
20:48:19 : Group: Laurence Gommersil: prismic said what should he do?
20:48:22 : Group: hehexd: sleeps @ day/school
20:48:23 : Group: Joshuaa: ah i see
20:48:32 : Group: Joshuaa: how old you guys?
20:48:36 : Group: Laurence Gommersil: wow nice gun storage
20:48:37 : Group: hehexd: 17 and 18
20:48:42 : Group: Laurence Gommersil: what are these
20:48:44 : Group: Joshuaa: ah nice
20:48:56 : Group: hehexd: you were 17, rite?
20:48:58 : Group: Turmoil: private
20:48:59 : Group: Joshuaa: yeee
20:49:04 : Group: hehexd: siick
20:49:10 : Group: Laurence Gommersil: what loot u got
20:49:10 : Group: hehexd: well there is only one thing to do here
20:49:17 : Group: [NG2] Jesse: dotn look!
20:49:21 : Group: Laurence Gommersil: xD
20:49:24 : Group: [NG2] Jesse: leave the room 
20:49:34 : Group: [NG2] Jesse: you bc is in your backpack
20:49:43 : Group: hehexd: lol
20:49:45 : Group: hehexd: wtf
20:49:46 : Group: Joshuaa: wooooo
20:50:05 : Group: Joshuaa: how much gold you need?
20:50:07 : Group: hehexd: hahaha im not even on the list
20:50:13 : Group: Laurence Gommersil: shall we see if he is still there
20:50:16 : Group: hehexd: probs a ton
20:50:17 : Group: hehexd: lmao
20:50:21 : Group: Joshuaa: wow haha
20:50:29 : Group: hehexd: lol np dude
20:50:33 : Group: hehexd: thjats your shuit
20:50:49 : Group: Laurence Gommersil: his heli is on hill
20:50:53 : Group: Joshuaa: you not want any from me?
20:51:00 : Group: [NG2] Jesse: where?
20:51:06 : Group: Laurence Gommersil: right side
20:51:19 : Group: hehexd: as of right now, i dont need that much
20:51:22 : Group: hehexd: if you dont mind
20:51:25 : Group: [NG2] Jesse: little birds its from a friend
20:51:28 : Group: Joshuaa: ok, you got mozzie?
20:51:31 : Group: hehexd: can I loot these safes
20:51:38 : Group: Laurence Gommersil: oh ok
20:51:40 : Group: hehexd: nah
20:51:41 : Group: Joshuaa: theyre yours arent thye?
20:51:46 : Group: [NG2] Jesse: at my location?
20:51:54 : Group: hehexd: well technically xd
20:51:56 : Group: Laurence Gommersil: no
20:52:00 : Group: Laurence Gommersil: on this hill
20:52:11 : Group: Joshuaa: how we ng to your base?
20:52:15 : Group: Laurence Gommersil: come here
20:52:20 : Group: Joshuaa: getting
20:52:25 : Group: hehexd: i dont know
20:52:32 : Group: hehexd: its risky carrying all this shit over there
20:52:39 : Group: hehexd: hold on
20:52:39 : Group: Joshuaa: exactly
20:52:42 : Group: Laurence Gommersil: what am i missing
20:52:57 : Group: [NG2] Jesse: where?
20:52:59 : Group: hehexd: ohshit
20:53:02 : Group: [NG2] Jesse: tur game crached
20:53:04 : Group: hehexd: did my lockbox despawn?
20:53:04 : Group: Laurence Gommersil: fueltank parts. rotor assembly
20:53:06 : Group: Joshuaa: yeah?
20:53:11 : Group: hehexd: fk
20:53:16 : Group: Laurence Gommersil: whats missing?
20:53:17 : Group: Joshuaa: no idea man haha
20:53:21 : Group: hehexd: haha
20:53:22 : Group: [NG2] Jesse: where is the heli
20:53:26 : Group: Laurence Gommersil: here
20:53:38 : Group: Laurence Gommersil: up there
20:53:46 : Group: hehexd: i got some friends that might join us this weekend
20:53:49 : Group: Laurence Gommersil: see it
20:53:51 : Group: Joshuaa: ah sweet
20:53:52 : Group: [NG2] Jesse: no
20:53:55 : Group: hehexd: just for some top quality banter
20:53:59 : Group: Laurence Gommersil: omg nvm
20:54:00 : Group: Joshuaa: yeahhh haha
20:54:26 : Group: Laurence Gommersil: what mozzie part am i missing jesse
20:54:36 : Group: Laurence Gommersil: rotor assembly and fueltank
20:54:41 : Group: [NG2] Jesse: fuel engine and rotor
20:54:55 : Group: Joshuaa: you got plot pole yeah?
20:55:01 : Group: hehexd: yes sir
20:55:04 : Group: Joshuaa: sweet
20:55:19 : Group: hehexd: actually
20:55:22 : Group: Joshuaa: bandit trader and get car?
20:55:25 : Group: hehexd: im so fucking uncertain
20:55:32 : Group: hehexd: yeah i think we have to
20:55:39 : Group: Joshuaa: cheap one tho haha
20:55:47 : Group: Joshuaa: should i bring gold\/
20:55:56 : Group: hehexd: the cheapest money can buy
20:56:01 : Group: hehexd: nah man, I think we're cool
20:56:35 : Group: hehexd: yo you got toolbox?
20:56:41 : Group: Joshuaa: ya
20:56:51 : Group: hehexd: swet
21:00:45 : Group: hehexd: fuck lets steal
21:00:52 : Group: Joshuaa: hahahaha
21:00:54 : Group: Joshuaa: lets gooo
21:00:58 : Group: hehexd: hell yeah
21:01:11 : Group: hehexd: waiting game lmao
21:01:17 : Group: Joshuaa: yeppp
21:02:09 : Group: Joshuaa: they aint gon land haha
21:02:36 : Group: hehexd: lol nah
21:02:38 : Group: hehexd: wanna bounce?
21:02:45 : Group: Joshuaa: they gonna follow us mind
21:02:52 : Group: hehexd: then we take em out
21:02:54 : Group: hehexd: u got mk48
21:02:56 : Group: Joshuaa: leggo
21:03:08 : Group: Joshuaa: wait on edge
21:03:25 : Group: Joshuaa: im watching them
21:03:58 : Group: Joshuaa: mission along road!
21:04:01 : Group: Joshuaa: watch out
21:04:19 : Group: hehexd: hold on
21:06:16 : Group: Joshuaa: awkward lol
21:06:28 : Group: hehexd: what? xD
21:06:34 : Group: Joshuaa: to get through that door
21:06:38 : Group: hehexd: yeah
21:06:49 : Group: hehexd: gonna move some shit rn
21:07:06 : Group: Joshuaa: should i grab stuff?
21:07:12 : Group: Joshuaa: heli
21:07:20 : Group: hehexd: yeah if you want too
21:07:35 : Group: Joshuaa: actually ill just come back when i need it
21:07:45 : Group: hehexd: yeah good idea
21:07:48 : Group: hehexd: yo 2 sec
21:07:48 : Group: hehexd: brb
21:10:43 : Group: hehexd: yo dwag
21:10:47 : Group: Joshuaa: yoyoy
21:10:55 : Group: hehexd: there is a MTVR
21:11:00 : Group: hehexd: stashed in gorka
21:11:02 : Group: Joshuaa: where
21:11:13 : Group: Joshuaa: how u know?
21:11:14 : Group: hehexd: we should check itout
21:11:18 : Group: hehexd: got keys for it
21:11:21 : Group: Joshuaa: sweet
21:14:26 : Group: Joshuaa: drift king
21:14:41 : Group: hehexd: :D
21:16:15 : Group: hehexd: lmao WIP
21:16:21 : Group: Joshuaa: damnn
21:18:21 : Group: hehexd: woah r u shittin me
21:18:24 : Group: hehexd: 20 gold for lockboxes
21:18:30 : Group: hehexd: yo wanna do missions?
21:18:35 : Group: Joshuaa: i have 2 in my safe?
21:18:43 : Group: hehexd: np
21:18:47 : Group: hehexd: we can do missions? :D
21:18:59 : Group: Joshuaa: gunga
21:19:03 : Group: Joshuaa: gunbag
21:19:32 : Group: hehexd: you have to be 5 m away from me xD
21:19:39 : Group: hehexd: ahh
21:19:45 : Group: hehexd: yo ty
21:21:32 : Group: Joshuaa: huh?
21:21:40 : Group: Joshuaa: oh
21:22:02 : Group: Joshuaa: whos is this?
21:22:12 : Group: hehexd: mine lmao
21:22:24 : Group: Joshuaa: never got finishedi guess haha
21:22:27 : Group: Joshuaa: finished
21:22:31 : Group: hehexd: yeah hahah
21:22:51 : Group: hehexd: im gonna work on this 2night
21:23:03 : Group: Joshuaa: nice
21:23:18 : Group: hehexd: gonna build a sniperroof
21:23:30 : Group: hehexd: you can see trader stary, NWAF and the military base from here
21:23:36 : Group: Joshuaa: wow
21:23:51 : Group: Joshuaa: we need metal floors
21:23:53 : Group: Joshuaa: a lot
21:23:54 : Group: hehexd: yeahbuddy
21:23:57 : Group: hehexd: haha yea
21:24:10 : Group: Joshuaa: 1 brief each?
21:24:18 : Group: hehexd: yeah but you can buy metal panels
21:24:22 : Group: hehexd: 9 gold for each
21:24:27 : Group: hehexd: 9x4= 1 floor
21:24:35 : Group: hehexd: vehiucle!!!
21:24:49 : Group: hehexd: coming
21:25:06 : Group: hehexd: north i think
21:25:23 : Group: hehexd: leggo
21:26:24 : Group: hehexd: OH SHIT
21:27:00 : Group: hehexd: take the car
21:28:06 : Side: -NFG- Nero: rekt
21:28:07 : Side: M.K.: you are terrible persons.
21:28:19 : Group: hehexd: n1 :D
21:28:22 : Side: -NFG- Nero: i got killed by a building :c
21:28:22 : Side: Hailstorm: lol
21:28:23 : Group: Joshuaa: NICE DUDE
21:28:35 : Side: -NFG- Jaeger: trying to join aint gonna change it
21:28:43 : Group: Joshuaa: OMG SO MANY KEYS IN CAR!!!!
21:28:49 : Group: hehexd: IKNORIGHTE!!
21:29:04 : Side: M.K.: but why?
21:29:10 : Group: hehexd: hmm
21:29:14 : Group: hehexd: i can fix you a lockbox here
21:29:19 : Side: Hailstorm: duping
21:29:19 : Group: hehexd: so you can stash shit here
21:29:23 : Group: Joshuaa: can i put lockbox down here?
21:29:23 : Side: M.K.: not him
21:29:26 : Group: Joshuaa: oh thanks
21:29:28 : Side: M.K.: the guys that kille us
21:29:29 : Side: Hailstorm: oh
21:29:30 : Group: hehexd: yeah just got to fix the plot
21:30:13 : Group: hehexd: gotta transfer all of this
21:30:14 : Group: hehexd: lmao
21:30:18 : Group: Joshuaa: dide they have the key for this on their bodies?
21:30:42 : Group: hehexd: for the ural?
21:30:45 : Group: Joshuaa: ya
21:30:51 : Group: hehexd: im not sure
21:30:56 : Group: Joshuaa: dont think they did
21:31:04 : Group: hehexd: dammit
21:31:58 : Group: Joshuaa: anything you want from ural?
21:32:10 : Group: hehexd: not as of rn i think xd
21:32:20 : Group: Joshuaa: you want cinder blocks?
21:32:35 : Group: hehexd: yeah taht would be useful yo
21:32:46 : Group: hehexd: ait dude
21:32:47 : Group: hehexd: lmao
21:33:27 : Side: freedom: there a admin on?
21:33:41 : Group: Joshuaa: most of their vehicles no longer exist
21:33:49 : Group: hehexd: ahh i see
21:34:09 : Side: [NG2] Jesse: admin is almost watching everybody ^^ ,.. 
21:34:17 : Side: -NFG- Jaeger: good
21:34:24 : Group: Joshuaa: dude wtf they have the key to the motorbike in our base.....
21:34:25 : Group: hehexd: ???
21:34:55 : Group: hehexd: yo grab all the keys
21:35:31 : Group: hehexd: fuck we're low on time
21:35:34 : Group: Joshuaa: in safe?
21:35:46 : Group: hehexd: yeah put everything in safe
21:35:50 : Group: hehexd: just if the veh despawns
21:35:52 : Group: Joshuaa: how they got key to motorbike in barn?
21:36:02 : Group: hehexd: oh that might be mine Lmao
21:43:50 : Side: alexxx: nf why 
21:45:18 : Group: hehexd: ayy
21:45:20 : Group: hehexd: it didnt despawn
21:45:26 : Group: Joshuaa: ayy
21:45:38 : Group: hehexd: lmaooo
21:45:39 : Group: Joshuaa: whats next then?
21:45:44 : Group: hehexd: i've lost my plotpole here
21:45:45 : Group: hehexd: hahahaha
21:46:03 : Group: Joshuaa: oh dearr
21:46:08 : Group: hehexd: lul
21:46:12 : Group: hehexd: oh
21:48:43 : Group: hehexd: aiiit
21:48:58 : Group: hehexd: wut
21:49:07 : Group: Joshuaa: its lit
21:49:09 : Group: hehexd: sick
21:49:22 : Group: Joshuaa: what we doing?
21:49:30 : Group: hehexd: gettin the mtvr
21:49:33 : Group: hehexd: leggo bby
21:50:21 : Group: Joshuaa: ahahahaha
21:50:35 : Group: hehexd: XD
21:50:58 : Side: M.K.: im gonna remember that incident
21:52:32 : Group: Joshuaa: damn how many safes
21:52:48 : Group: hehexd: lmao i dont know
21:52:49 : Group: hehexd: not mine
21:52:54 : Group: Joshuaa: ohh
21:53:11 : Group: hehexd: just not the lad who owned it stopped playin
21:53:12 : Group: hehexd: lel
21:56:54 : Group: hehexd: 2 sec
21:56:54 : Group: Joshuaa: 46 beans damn
21:56:56 : Group: hehexd: xDD
21:57:06 : Group: Joshuaa: shall i drive this?
21:57:20 : Group: hehexd: ill just tow it
21:57:23 : Group: hehexd: or
21:57:27 : Group: hehexd: you wanna drive?
21:57:33 : Group: Joshuaa: YOU CAN
21:57:36 : Group: hehexd: xD
21:57:36 : Group: Joshuaa: woops
21:57:36 : Group: hehexd: ait
22:04:07 : Group: Joshuaa: fuckkkk
22:04:08 : Group: hehexd: fk
22:04:15 : Group: hehexd: get a lot of speed
22:04:19 : Group: hehexd: and jump ram it in xD
22:04:23 : Group: hehexd: just
22:04:28 : Group: Joshuaa: houston we have a problem
22:04:33 : Group: hehexd: hahhah
22:04:55 : Group: hehexd: OH SHIT
22:04:56 : Group: hehexd: bullets
22:05:34 : Group: Joshuaa: shots?
22:05:39 : Group: hehexd: yeah 
22:05:46 : Group: hehexd: heard a bullet pass by
22:05:46 : Group: Joshuaa: i didnt hear them haha
22:05:50 : Group: hehexd: lol haha
22:05:57 : Group: hehexd: yo u got etool?
22:06:03 : Group: Joshuaa: too busy destroying te fat ass truck]
22:06:07 : Group: hehexd: hehe
22:06:09 : Group: Joshuaa: nah sorry
22:06:26 : Group: hehexd: fk
22:06:43 : Group: hehexd: well
22:06:45 : Group: hehexd: i guess
22:06:55 : Group: hehexd: woah
22:06:57 : Group: hehexd: there is a mission
22:07:03 : Group: hehexd: 900 m that way
22:07:10 : Group: Joshuaa: lets do it, lemme go to toilet 1st
22:07:16 : Group: hehexd: oki
22:08:03 : Group: Joshuaa: can i store my things in this safe?
22:08:07 : Group: hehexd: yeah 
22:08:07 : Side: Arne: 2 pres mission?
22:08:09 : Group: hehexd: np
22:08:23 : Group: hehexd: im just gonna go grab etool
22:08:23 : Group: hehexd: brb
22:08:28 : Group: hehexd: and some gold
22:08:55 : Group: Joshuaa: im gonna jump in shower then dude
22:09:05 : Group: hehexd: roger
22:09:06 : Group: Joshuaa: ill be 10 mins :-)
22:09:10 : Group: hehexd: ait ^^
22:26:11 : Group: hehexd: yopoo
22:26:16 : Group: Joshuaa: sup my man
22:26:33 : Group: hehexd: just arrived
22:26:37 : Group: hehexd: u got done?
22:26:41 : Group: Joshuaa: im done
22:26:53 : Group: hehexd: ooohshit
22:27:09 : Group: Joshuaa: we hitting mission?
22:30:09 : Group: Joshuaa: you got m24 rounds?
22:30:42 : Group: hehexd: ye
22:30:58 : Group: Joshuaa: thats dmr haha
22:31:06 : Group: hehexd: right click it
22:31:20 : Group: Joshuaa: oooo sweet
22:31:27 : Group: Joshuaa: thanks
22:31:29 : Group: hehexd: :D
22:31:30 : Group: hehexd: np
22:31:31 : Group: hehexd: brb
22:33:01 : Group: Joshuaa: i hear shots
22:33:05 : Group: hehexd: oh shit
22:33:05 : Group: hehexd: omw
22:33:18 : Group: Joshuaa: far away its fine man
22:33:28 : Group: Joshuaa: sounds like itsd at the mission dont worry
22:39:09 : Side: M.K.: arne if you wouldnt have come in the tree that i was in i would have been gone by now
22:39:12 : Group: Joshuaa: lots of shots at mission
22:39:16 : Group: hehexd: :D
22:39:19 : Group: hehexd: i love action
22:39:20 : Group: hehexd: hghi
22:39:24 : Side: M.K.: XD
22:41:04 : Group: hehexd: lmao bro
22:41:13 : Group: hehexd: could you go cut some Wood Piles for me? hahaha
22:41:20 : Group: Joshuaa: yeah hahaa
22:41:26 : Side: alexxx: cialoot
22:41:30 : Group: Joshuaa: you got chainsaw gas?
22:41:32 : Side: M.K.: dafuq
22:41:41 : Group: hehexd: i dont think you need it
22:41:54 : Group: hehexd: like wood piles, as in non-lumer
22:41:56 : Group: hehexd: lumber
22:42:09 : Group: Joshuaa: ah ok, just hatchet then
22:42:12 : Side: Arne: yeah well
22:42:13 : Group: hehexd: yee :D
22:42:18 : Group: Joshuaa: you got one?
22:42:25 : Side: Arne: if you hadnt shot at me the thrid guy wouldnt have seen any of us
22:42:36 : Group: hehexd: hey, could you try to run on this stairwell when i place it?
22:42:51 : Group: Joshuaa: lol
22:42:51 : Side: Arne: and now none of us get jack shit
22:43:02 : Group: hehexd: ayy :D
22:43:20 : Group: Joshuaa: you got hatchet?
22:43:27 : Group: hehexd: there yo go buddy
22:43:33 : Group: hehexd: btw
22:43:37 : Group: hehexd: the safes code is
22:43:51 : Group: hehexd: 9396
22:43:54 : Group: hehexd: 9363*
22:44:04 : Group: Joshuaa: thanks
22:44:08 : Group: hehexd: and you're added to all doors and plot
22:44:18 : Group: Joshuaa: sweet :-)
22:45:07 : Group: Joshuaa: how many hits is it?
22:45:16 : Group: hehexd: 1 wood pile = 1 hit
22:45:37 : Group: Joshuaa: im gonna need backpack haha
22:45:40 : Group: hehexd: hahaha
22:45:46 : Group: hehexd: just get me 1 wood pile
22:45:52 : Group: hehexd: like burning wood
22:45:58 : Side: Turmoil: easy there tiger, im just flying around, im hero
22:46:27 : Group: hehexd: :D
22:46:28 : Group: Joshuaa: you only need one?
22:46:28 : Group: hehexd: ty broo
22:46:36 : Group: hehexd: nah this is guud
22:46:41 : Group: Joshuaa: ok man
22:47:02 : Group: Joshuaa: how many metal floors you got?
22:47:21 : Group: hehexd: a whole lot lmoa
22:48:14 : Group: Joshuaa: we should move our stuff from old base to this one
22:48:36 : Group: hehexd: yep
22:48:45 : Group: Joshuaa: take mtvr sometime
22:48:48 : Group: Joshuaa: and load it up
22:48:51 : Group: hehexd: hell yeah bby
22:48:55 : Group: hehexd: but wait for the others to get online
22:49:03 : Group: Joshuaa: good idea
22:49:15 : Group: Joshuaa: you need anything?
22:49:27 : Group: hehexd: not as of right now no
22:49:31 : Group: Joshuaa: sweet
22:49:36 : Group: Joshuaa: let me know if you do
22:49:37 : Group: hehexd: i'll call matsa
22:49:41 : Group: hehexd: yeah bro
22:50:59 : Group: hehexd: lmao i told him we we're being raided
22:51:04 : Group: hehexd: just say something like that hahahah
22:51:22 : Group: Joshuaa: hahaha
22:51:36 : Group: Joshuaa: hes finally awake
22:51:40 : Group: hehexd: yup
22:51:45 : Group: hehexd: or was halfawake
22:53:23 : Group: Joshuaa: i bought dayz standalone the other day and its shit, i got my money back haha
22:53:30 : Group: hehexd: hahaha
22:53:32 : Group: hehexd: its so undone
22:53:41 : Group: Joshuaa: i ran around for 30 mins and didnt find anything...
22:53:50 : Group: hehexd: LOL
22:53:59 : Group: Joshuaa: we makiing a big tower?
22:54:09 : Group: hehexd: yeebuddy
22:55:18 : Group: Joshuaa: ill add masta to plot
22:55:23 : Group: hehexd: he is already in
22:55:25 : Group: hehexd: :D
22:55:30 : Group: hehexd: oh
22:55:30 : Group: hehexd: nvm
22:55:31 : Group: Joshuaa: he wasnt on list lol
22:55:31 : Group: hehexd: sure
22:55:36 : Group: hehexd: yea mb
22:55:51 : Group: Joshuaa: yo matsa
22:58:12 : Group: hehexd: yo bro
22:58:21 : Group: Joshuaa: ya
22:58:36 : Group: hehexd: gonna fly to matsa
22:58:39 : Group: hehexd: you got a mozzy?
22:58:44 : Group: Joshuaa: nahh
22:59:06 : Group: Joshuaa: ill chill here haha
22:59:17 : Group: hehexd: haha ait :D
23:00:56 : Group: Joshuaa: hes flying to us
23:06:29 : Side: M.K.: arne
23:06:39 : Side: M.K.: did u try to do the mission all aloone?
23:10:51 : Side: Arne: why do you ask?
23:11:44 : Side: Arne: mk?
23:11:49 : Side: M.K.: ?
23:12:04 : Group: Joshuaa: what you guys doing?
23:12:13 : Side: Arne: wow
23:12:30 : Side: Arne: fucking ai 
23:12:45 : Side: Arne: baller motherfuckers
23:13:06 : Side: Turmoil: watch language please...  faul language is against server rules
23:13:14 : Side: Turmoil: take it in group chat insted :)
23:13:40 : Side: Arne: ok sry
23:13:47 : Side: Arne: did not realise i was cursin
23:14:11 : Side: Turmoil: lol, im no admin, but just saying... better to keep it nice in side chat :) 
23:14:17 : Group: Joshuaa: im going now guys
23:14:26 : Group: matsa: :/
23:14:27 : Group: hehexd: ait dude
23:14:29 : Group: hehexd: see ya 
23:14:34 : Side: Arne: yes. sorry bout that.. 
23:14:41 : Group: Joshuaa: bye
23:14:45 : Side: Turmoil: thats okay, im not sensitive ^^ 
23:14:59 : Group: hehexd: bye bro
23:19:11 : Side: Arne: is it allowed to rush a mission taking all the loot and logging out on the spot?
23:19:31 : Side: Turmoil: its not against the rules but you are a douchebag if you do it xD
23:19:47 : Side: Turmoil: or with the ai you mean?
23:29:42 : Side: Tomahawwk: dose anyone know why the sever is crashing?
23:30:00 : Side: Turmoil: its only you and ryan whos affected
23:30:10 : Side: Tomahawwk: thats odd
23:31:17 : Side: Tomahawwk: i think i figured out the problom we found th is quad  and we were lagging out while we were using tit
23:32:36 : Side: [NG2] Jesse: what?
