20:31:22 : Vehicle: picachy: stai sani eu 
20:33:00 : Vehicle: picachy: am gasit si DMR in suv :D 
20:34:52 : Vehicle: picachy: ?
20:35:33 : Vehicle: picachy: api pe mine de akolo mo ushis dara botii atuncea :d 
20:42:48 : Vehicle: picachy: hai in starii
20:56:18 : Vehicle: picachy: aga hai la platina
20:56:26 : Vehicle: picachy: inapoi
20:56:43 : Vehicle: picachy: sau dute pe unde shtii
20:57:15 : Vehicle: picachy: stinga
20:59:21 : Vehicle: picachy: la urmatoru povorot la stinga
20:59:41 : Vehicle: picachy: si amu 4ista inainte
21:00:04 : Vehicle: picachy: gata o fakut misia
21:01:56 : Vehicle: picachy: ia ibu tukma undei 
21:06:32 : Vehicle: picachy: unde pl te doshi wai 
21:08:50 : Vehicle: picachy: misie pe dreapta
21:09:00 : Vehicle: picachy: wai
21:09:05 : Vehicle: picachy: si pl esti kior
21:09:12 : Vehicle: picachy: misie pe dreapta zik ska
21:09:27 : Vehicle: Misa: ne ducem la vodnil
21:09:31 : Vehicle: Misa: k
21:10:35 : Vehicle: picachy: unde pl te doshi wai nahui nai mers tot inaite
21:10:45 : Vehicle: picachy: parka ai zis ca la vodnik ska
21:17:14 : Vehicle: picachy: pe gorka in drapta opreste
21:17:38 : Vehicle: picachy: opreste suka
21:23:48 : Vehicle: picachy: shi si pl sa fak ku dinsu nish nu pot sal vind :D 
21:24:14 : Vehicle: Misa: eu o sa ma catai cu dinsu
21:28:16 : Vehicle: picachy: este pulimiot ?
21:29:22 : Vehicle: picachy: hahahahahahha lol
