02:21:44 : Side: Ryan: ARE YOU 2 HEROS
02:22:26 : Side: Dennis: super heroes
02:22:30 : Side: LankyDrop84: fuck yeah
04:01:11 : Side: ThirdEyeSphinx: Sup
04:01:16 : Side: ThirdEyeSphinx: Where are you?
11:47:28 : Side: Greg: hey all
11:47:37 : Side: Tamago: hey
11:47:46 : Side: ThirdEyeSphinx: Hey
11:48:09 : Side: Greg: hows going on Chernorus? ;p
11:48:24 : Side: ThirdEyeSphinx: Just being heroic :D
11:48:39 : Side: Greg: good :D
12:14:35 : Side: ThirdEyeSphinx: How's it going Greg?
12:15:02 : Side: Greg: you know, another day of scavenging in posta apo world :)
12:54:54 : Side: Greg: Vladimir you goatfucker ;p
12:55:24 : Side: VLADIMIR>***: hahah im President in Czernooo:)
12:55:49 : Side: VLADIMIR>***: and Walasznikow:)
12:56:13 : Side: VLADIMIR>***: is wery danger player:)
12:56:13 : Side: Greg: hahaha
12:56:33 : Side: ThirdEyeSphinx: Is he here?
12:57:32 : Side: Greg: nope
12:57:52 : Side: VLADIMIR>***: Walasznikow is Farmer in Czrno:)
12:58:37 : Side: VLADIMIR>***: hi grown potateos
12:58:43 : Side: VLADIMIR>***: :)))))))
12:58:53 : Side: Greg: cabages :D
12:59:35 : Side: Greg: lol
13:00:55 : Side: Greg: zombie eat you? ;p
13:01:11 : Side: Greg: or you just fall from roof like always? ;p
14:16:43 : Side: Tamago: damn you xD Minigunned to death lol
14:18:19 : Side: Tamago: can we loot our bodies /xD
14:18:38 : Side: 2DIE4: yap
14:18:49 : Side: Tamago: ty lol
14:19:07 : Side: 2DIE4: i only looted a M110 and the FAL i think 
14:19:13 : Side: Tamago: thats mine ;/
14:19:38 : Side: Tamago: but ok i got spare
14:19:39 : Side: 2DIE4: yap   and rangef. NVgs. and a  GPss i think thats it 
14:20:10 : Side: 2DIE4:  welll lets say tribute .. next timne all ya stufff will b there again 
14:20:21 : Side: Tamago: thanks xDw
14:21:05 : Side: Tamago: you going for the mission or is it free to take?
14:21:15 : Side: 2DIE4:  there is  a  DsHKm  pickup by ther road if u need a  new ride
14:21:32 : Side: Tamago: ok thanks =p
14:22:29 : Side: 2DIE4:  i put the weapons and the toolbeltitems back in there
14:22:38 : Side: Tamago: ahh thanks
14:23:00 : Side: Tamago: =p
14:23:02 : Side: 2DIE4:  just down the road
14:23:15 : Side: 2DIE4:  u heading right there
14:23:43 : Side: 2DIE4:  found it?
14:23:48 : Side: Tamago: yup
14:23:51 : Side: 2DIE4:  aight
14:24:53 : Side: ThirdEyeSphinx: WTF
14:24:57 : Side: 2DIE4: ??w
14:25:21 : Side: 2DIE4:  i guess ya body glitched into the bldg
14:25:27 : Side: Tamago: yup
14:25:32 : Side: 2DIE4:  i could nopt see it
14:25:50 : Side: Tamago: it dropped inside
14:26:10 : Side: 2DIE4:  ill come back break the house down 4 y
14:26:28 : Side: Tamago: ? what does that mean?w
14:26:42 : Side: 2DIE4:  u mioght get to ya body then
14:27:02 : Side: ThirdEyeSphinx: aight
14:27:21 : Side: ThirdEyeSphinx: scared the shit out of me lol.
14:27:38 : Side: 2DIE4:  who ? 
14:27:40 : Side: 2DIE4:  me?
14:27:41 : Side: ThirdEyeSphinx: YOU
14:27:45 : Side: 2DIE4:  XD
14:27:55 : Side: 2DIE4:  didnt yall hear or see me  ?
14:27:58 : Side: Tamago: we just casually talk and these the black suv with minigun RATATATATATATTAAAT
14:28:12 : Side: Tamago: nope. suvs are silent
14:28:45 : Side: 2DIE4:  i turn of engine every now n then to hear if someone is driving close  XD
14:28:55 : Side: Tamago: ol
14:28:55 : Side: 2DIE4:  and just roll
14:28:57 : Side: Tamago: lol
14:29:05 : Side: Tamago: you got base closeby or soemthing?
14:29:39 : Side: Tamago: just asking =o
14:29:45 : Side: 2DIE4: not really close
14:30:10 : Side: Tamago: i hear minigun again?
14:30:35 : Side: Tamago: yup
14:31:34 : Side: Tamago: he forgot about mission on the way xD
14:31:43 : Side: Greg: hahha
14:32:09 : Side: Tamago: so how often do you execute people?
14:32:27 : Side: Greg: me?
14:32:34 : Side: Tamago: 2d4
14:33:44 : Side: 2DIE4:  lol i got kicked 4 firing a RPG7 XD
14:33:47 : Side: Tamago: xD
14:33:56 : Side: Tamago: well BL is me so dont kill me again please :D
14:34:05 : Side: Tamago: lB*
14:34:53 : Side: ThirdEyeSphinx: same lol
14:35:08 : Side: 2DIE4: i cant bring that house down .... 
14:35:13 : Side: 2DIE4: sry
14:35:13 : Side: Tamago: ahh screw it =p
14:35:44 : Side: Tamago: so how often you execute people 2die4?
14:35:55 : Side: Tamago: are we free to roam for a day or something? xD
14:36:05 : Side: 2DIE4:  i got negative himanity of 350828 =)
14:36:09 : Side: Tamago: ik xD
14:36:14 : Side: Tamago: turmoil told me about you =p
14:36:15 : Side: 2DIE4:  does that answer your question XD
14:36:15 : Side: Greg: lol
14:36:43 : Side: 2DIE4:  and i even do bandit missions   XD
14:37:10 : Side: Tamago: ok wow
14:39:22 : Side: Tamago: so close wth
14:39:59 : Side: 2DIE4:  u in the lb?
14:40:09 : Side: Tamago: yup
14:40:23 : Side: 2DIE4:  oooops  ok    then i will not follow 
14:40:37 : Side: 2DIE4:  i didnt really hit anyway
14:40:42 : Side: Tamago: thanks you very much xD
14:45:36 : Side: 2DIE4:  hey third eye
14:45:47 : Side: 2DIE4:  weapons cache is cleared  .. no more AI  = )
14:45:50 : Side: ThirdEyeSphinx: yeah?
14:45:57 : Side: ThirdEyeSphinx: lmao
14:46:09 : Side: ThirdEyeSphinx: Did you get the loot?
14:46:12 : Side: Tamago: ome above zeleno?
14:46:16 : Side: 2DIE4:  yall can loot it if you want
14:46:24 : Side: 2DIE4: yap
14:46:25 : Side: Tamago: ok coiing with lb
14:46:35 : Side: ThirdEyeSphinx: Thanks mate
14:46:54 : Side: 2DIE4:  dont land close     still mines on the ground
14:47:00 : Side: Greg: friendly bandit ;)
14:47:01 : Side: Tamago: kk
14:47:20 : Side: 2DIE4:  well i get to shoot them  more than enough  XD
14:47:44 : Side: Greg: hahah
14:47:46 : Side: 2DIE4:  i have over 100 Topaz   and   well a  safe fukll of BCs  XD
14:47:56 : Side: 2DIE4:  dont really need anything  X
14:47:58 : Side: Tamago: wow
14:48:01 : Side: Greg: nice
14:48:23 : Side: Greg: see ya later guys
14:48:28 : Side: Greg: end of work ;p
14:48:31 : Side: Tamago: see ya
14:48:46 : Side: 2DIE4:  cya
16:38:53 : Side: ThirdEyeSphinx: hallo
19:31:15 : Side: Greg: hi
20:58:12 : Side: gary: hey man 
20:58:20 : Side: Greg: hey hey
21:49:14 : Side: Tamago: anybody trying to do junkyard?
21:49:26 : Side: Greg: nope
21:49:39 : Side: Tamago: well i see ai i dint kill so yeah xD
21:50:13 : Side: Greg: not me anyway
21:50:45 : Side: Tamago: if its your Juka than Im a hero i can share loot. i just need some ammo
21:52:14 : Side: Greg: how much for vodnik al? sell
21:52:21 : Side: Tamago: 2bc
21:52:34 : Side: Greg: wow can you sell it for me? ;p
21:52:58 : Side: Tamago: give me a sec
21:53:04 : Side: Greg: easy
22:00:05 : Side: Tamago: and why you are trying to shoot me?
22:00:19 : Side: Greg: bandit life ;p
22:00:30 : Side: Tamago: like mission has nothing in it
22:00:33 : Side: Tamago: same as ai
22:00:39 : Side: Greg: heheh
22:00:55 : Side: Tamago: so you are shooting me now?
22:01:41 : Side: Greg: not nice i think
22:02:07 : Side: Tamago: well duh. after yopu wanted that vodink sold
22:02:27 : Side: Greg: eee
22:02:35 : Side: Greg: you think i shot at you?
22:03:06 : Side: Tamago: well yes? i aksed and you replied
22:03:24 : Side: Greg: it was a joke, you were with Juka on mission
22:03:41 : Side: Greg: im at Klen, i said im not at junk yard
22:04:07 : Side: Tamago: well juka improve your aim
22:04:10 : Side: Tamago: or your weapon
22:08:01 : Side: Tamago: go to hero trader. if that vodnik has 2 pkm on top i can sel it for you
22:08:14 : Side: Greg: yeah, going there already
22:08:17 : Side: Tamago: kw
22:12:50 : Side: Greg: brb
22:12:54 : Side: Tamago: k
22:18:15 : Side: Greg: back
22:18:19 : Side: Tamago: almsot there
22:18:22 : Side: Tamago: almost*
22:18:25 : Side: Greg: roger
22:18:43 : Side: Greg: hear you
22:18:47 : Side: Tamago: mhm
