00:00:11 : Side: 2DIE4:  on altar on my way back  =) 
00:00:20 : Side: Turmoil: need a ride? ^^
00:00:35 : Side: 2DIE4:  im good thx 4 offering
00:00:39 : Side: Turmoil: yw
00:01:13 : Side: Turmoil: i wont shoot you xD im hero and planning to stay that way too
00:01:42 : Side: M.K.: what silencer can i put on pdw?
00:01:43 : Side: 2DIE4:  i get to loot and look around more  on my bike  XD
00:01:49 : Side: 2DIE4:  9MM
00:03:09 : Side: James: did I hit you with the mak at all?
00:05:44 : Side: 2DIE4: vodnik just passed me  
00:06:00 : Side: 2DIE4:  blind noobs  =)
00:06:13 : Side: Turmoil: nope not blind :) i just dont kill players
00:06:25 : Side: 2DIE4:  u ?  XD
00:06:30 : Side: Turmoil: yeaha
00:06:34 : Side: 2DIE4:  dude i passed u 5 m  XD
00:06:49 : Side: 2DIE4:  well as u see  i am at home  =)
00:06:49 : Side: Turmoil: ^^
00:07:08 : Side: Turmoil: yeah ^^ 
00:08:02 : Side: Turmoil: i like my humanity to much to kill others so thats why i just drove on
00:08:03 : Direct: lol25: what are you doing?
00:08:20 : Direct: lol25: go away
00:09:43 : Direct: Ebse: fun ?
00:10:29 : Direct: lol25: i dont think that this is allowed 
00:10:46 : Direct: Phaetta: it is'
00:11:12 : Direct: Phaetta: ramming ohters isnt allow
00:15:57 : Side: M.K.: what is the default view dist
00:15:59 : Side: M.K.: ?
00:16:04 : Side: SAMI   svvay: 2k i think
00:16:09 : Side: SAMI   svvay: give or take
00:22:30 : Side: Turmoil: nice try
00:34:58 : Group: Mr. Shortbottoms: which should i keep. m110 nv or dmr
00:35:17 : Group: [NG2] Jesse: m110 i like it more
00:39:47 : Group: [RussianMafia]ICEE: 1
00:39:56 : Group: [RussianMafia]ICEE: f1
00:41:23 : Side: M.K.: is it allowed to camp at trader cities?
00:41:36 : Side: matsa: no!
00:41:37 : Side: Phaetta: No
00:41:40 : Side: M.K.: good.
00:41:40 : Side: Stiefelriemen Bill: theres no rule against it
00:41:55 : Side: M.K.: so yea?
00:41:57 : Side: M.K.: ...?
01:01:09 : Direct: Lancer: sry kann nur deutsch
01:01:25 : Direct: M.K.: OK, can you give 4 x 10 oz gold?
01:01:26 : Direct: M.K.: please?
01:04:26 : Direct: M.K.: so you can give 4 x 10 oz gold please?
01:04:31 : Direct: M.K.: i need to buy a safe / lockbox
01:04:48 : Direct: M.K.: i would be so grateful
01:05:48 : Direct: M.K.: yes or ?
01:05:50 : Direct: M.K.: no?
01:05:53 : Direct: M.K.: please?
01:06:09 : Direct: Lancer: what you mean 
01:06:17 : Direct: M.K.: i need 4 x 10 oz gold
01:06:19 : Direct: M.K.: please
01:06:23 : Direct: M.K.: i need to buy a Safe
01:06:27 : Direct: M.K.: and i need gold
01:06:40 : Direct: M.K.: do you have some gold ?
01:06:45 : Direct: M.K.: thanks man!
01:07:03 : Side: 2DIE4:  who shot me there?
01:07:06 : Direct: M.K.: thanks!
01:07:10 : Direct: M.K.: i really apreciate it!
01:07:20 : Side: Phaetta: :)
01:07:26 : Side: Phaetta: not me ;)
01:07:35 : Side: Phaetta: but one of my friends <3
01:07:47 : Side: 2DIE4:  ok  =)
01:07:57 : Side: Phaetta: yee ^^
01:12:28 : Side: 2DIE4: hello vodnik
02:10:06 : Group: specialistTt: nikiki
03:10:28 : Side: SAMI   svvay: anyone up for some nighttime^^
03:26:08 : Side: Zeus: Any admin online?
03:26:26 : Side: 2DIE4: nope
03:26:43 : Side: Zeus: Anyone know when they get on?
03:27:18 : Side: Phaetta: Tomorrow I think
03:27:23 : Side: Zeus: ight
03:56:58 : Side: Faldehals: someone knows what happen with combatliggin ?
03:57:31 : Side: SAMI   svvay: did your friend combatlog?
03:58:07 : Side: Faldehals: nope and i never do this but if ja what is if i come back in
05:14:22 : Side: GRENADIER: is that side?
05:14:34 : Side: SAMI   svvay: wut
05:14:50 : Side: GRENADIER: those puffs from earlier
05:14:59 : Side: SAMI   svvay: aha
05:38:22 : Group: Zeus: lol nice shot
05:39:38 : Side: Zeus: lol nice shot 
05:39:51 : Side: Zeus: damn zombies
05:39:54 : Side: 2DIE4: thx
05:51:34 : Side: Zeus: fun fight
05:51:41 : Side: 2DIE4:  yapw
05:51:51 : Side: 2DIE4:  thx 4 showing me the weak spot  =) 
05:52:01 : Side: Zeus: np
05:52:11 : Side: Zeus: yeah you were cornered
06:01:15 : Side: GRENADIER: whos in that camo suv?
06:01:32 : Side: SAMI   svvay: me xd
06:01:33 : Side: matsa: me
06:01:39 : Side: SAMI   svvay: no me stfu
06:02:20 : Side: Faldehals: aha also thats you near the damm ?!
06:02:37 : Side: SAMI   svvay: which one?
06:02:44 : Side: Faldehals: big one
06:02:51 : Side: SAMI   svvay: there are many big ones
06:03:05 : Side: SAMI   svvay: be specific
06:03:19 : Side: Faldehals: sry if a talk about a damm its only this one
06:03:33 : Side: SAMI   svvay: wut
06:03:36 : Side: SAMI   svvay: ok
06:03:40 : Side: SAMI   svvay: tell me, what do you see around 
06:03:42 : Side: SAMI   svvay: u
06:03:46 : Side: GRENADIER: dude there are at least 2 big dams on the map
06:04:14 : Side: GRENADIER: it's topolka, north of elektro and pobeda, north of the map
06:04:15 : Side: Faldehals: there is a base ner the damm thats what i mean
06:04:40 : Side: Kleaticus: whos base is east of novy sobor?
06:05:00 : Side: Kleaticus: thanks for the gold
06:05:06 : Side: Faldehals: ruusianmafias campingbase you mean i think
06:05:27 : Side: GRENADIER: mark it on the map kleaticus
06:05:27 : Side: Faldehals: its a smal one ?
06:05:33 : Side: Kleaticus: idk there was some gold on the ground
06:05:56 : Side: SAMI   svvay: yes, he means the russians
06:06:11 : Side: GRENADIER: you still there?
06:06:12 : Side: Faldehals: lol thats it
06:06:30 : Side: Faldehals: real pussylike little base to camp for stary
06:06:33 : Side: Kleaticus: nah im in stary
06:06:56 : Side: GRENADIER: youre in a suv, kleaticus?
06:07:07 : Side: Kleaticus: yeah
06:07:26 : Side: GRENADIER: alright
06:07:39 : Side: GRENADIER: so is the player that owns that base you just looted online now?
06:11:26 : Side: Kleaticus: ;)
06:11:35 : Side: GRENADIER: lol, was that him?
06:12:09 : Side: Kleaticus: who ever was in an suv
06:13:04 : Side: GRENADIER: raid his base if you killed him lol
06:13:43 : Side: specialistTt: why u camp me?
06:14:00 : Side: specialistTt: lol
06:14:29 : Side: Faldehals: specialist is that your base ner the damm ?
06:14:29 : Side: Zeus: you literally just drove up lol
06:14:33 : Side: GRENADIER: did you at least lock that base buddy?
06:14:57 : Side: specialistTt: go in your base please
06:15:22 : Side: specialistTt: and nathing come
06:16:19 : Side: GRENADIER: so any goodies at his base?
06:16:36 : Side: GRENADIER: perhaps youll throw a party in stary
06:16:40 : Side: Zeus: we found narnia
06:18:39 : Side: specialistTt: good boy
06:19:00 : Side: GRENADIER: ?
06:19:38 : Side: Kleaticus: thanks for the suv
06:19:52 : Side: specialistTt: pff
06:19:59 : Side: Faldehals: lol
06:20:00 : Side: specialistTt: that's all?))
06:20:22 : Side: GRENADIER: nah the stuff inside your base is gone too
06:20:32 : Side: GRENADIER: i took care of that
06:20:48 : Side: specialistTt: o'kay
06:20:59 : Side: Zeus: lol
06:21:16 : Side: GRENADIER: kinda lame that you put bcs in the gun racks
06:21:22 : Side: GRENADIER: but who am i to judge
06:21:25 : Side: Zeus: So it was you dropping gold grenadier
06:21:29 : Side: GRENADIER: you must be really rich
06:21:48 : Side: GRENADIER: nah, im trying to keep it for myself. its my first day on this server
06:22:03 : Side: Kleaticus: were you gonn akill me if i went in?
06:22:08 : Side: specialistTt: ok-ok
06:22:16 : Side: Zeus: We were watching the base and saw gold drop out of the floor\
06:22:57 : Side: GRENADIER: nah, i was long gone by then
06:23:06 : Side: GRENADIER: but theres still stuff inside i guess
06:23:13 : Side: GRENADIER: if he goes and unlocks the safes
06:39:11 : Side: GRENADIER: lol these camps are quite nice
06:39:21 : Side: GRENADIER: the one in dichina at least
08:07:00 : Side: specialistTt: why?
08:07:15 : Side: Faldehals: ?
08:08:05 : Side: specialistTt: u killed me///
08:08:11 : Side: specialistTt: ...
08:08:18 : Side: Faldehals: i ? nä
08:17:41 : Side: specialistTt: camper ebanyj
09:26:10 : Side: Dark Wolf: how do i pick up a backpack? i'm a noob :/
09:27:02 : Side: Faldehals: look at it mousewheel
09:27:51 : Side: Dark Wolf: thats not working? i thought it was because it was diffrent on this server :/
10:00:25 : Side: Dark Wolf: any admins on?
11:47:27 : Side: Miss MiniSkirt: /vote night
11:50:34 : Side: Draundenth: xD
11:58:44 : Side: Draundenth: anybody in cherno want team up ?
12:12:45 : Side: MeGa_Koffiepot: hey ReaperZA
12:12:55 : Group: ReaperZA: yes?
12:13:58 : Side: Miss MiniSkirt: who is cycling from berezino along the coast?
12:14:14 : Side: Miss MiniSkirt: i just drove past in a UAZ
12:14:27 : Side: Dark Wolf: me
12:14:48 : Side: Miss MiniSkirt: where you headed?
12:15:02 : Side: ReckerGaming: anyone in cherno
12:15:13 : Side: Dark Wolf: trying to find a car so i can get to the missions
12:16:18 : Side: ReckerGaming: yo how do u turn on the flashllight on your primarz
12:17:19 : Side: Miss MiniSkirt: dark
12:17:25 : Side: Dark Wolf: yea?
12:17:28 : Side: Miss MiniSkirt: found a car
12:17:37 : Side: Dark Wolf: where?
12:17:39 : Side: Miss MiniSkirt: proper screwed though
12:17:45 : Side: Dark Wolf: oh never mind xD
12:17:56 : Side: ReckerGaming: how do u turn on your flashlight pls
12:17:58 : Side: Dark Wolf: thanks anyways
12:18:00 : Side: ReckerGaming: im new to the game
12:18:39 : Side: ReaperZA: press l
12:18:54 : Side: ReckerGaming: tryed it 
12:18:59 : Side: ReckerGaming: doesnt work
12:19:07 : Side: Miss MiniSkirt: we fixed engine
12:19:08 : Side: MeGa_Koffiepot: hey 
12:19:19 : Side: Miss MiniSkirt: needs 3 wheels though
12:19:42 : Side: Dark Wolf: where abouts is it?
12:20:22 : Side: Miss MiniSkirt: just at the railway crossing outside electro
12:20:51 : Side: Dark Wolf: thanks :)
12:20:57 : Side: ReckerGaming: I FOUND MOMS SPAGETHI
12:21:19 : Side: ReckerGaming: EMINEM WOULD BE PROUD
12:22:52 : Group: ReaperZA: plz invite koffiepot to group
12:24:49 : Group: ReaperZA: yhx
12:24:53 : Group: ReaperZA: thx
12:27:33 : Group: Turmoil: hey guys
12:27:38 : Group: ReaperZA: hi
12:30:38 : Group: MeGa_Koffiepot: im ganne light up the cars at the base next to me in a sec
12:30:52 : Group: ReaperZA: lol
12:34:08 : Side: Miss MiniSkirt: dark
12:34:12 : Side: Dark Wolf: hello
12:34:21 : Side: Miss MiniSkirt: need a mozzie?
12:34:25 : Side: Dark Wolf: mid if i get a lift?
12:34:44 : Side: Dark Wolf: mind*
12:34:46 : Group: MeGa_Koffiepot: omw 
12:34:47 : Side: Miss MiniSkirt: i cangive you a portable j
12:34:53 : Side: Miss MiniSkirt: heli
12:34:54 : Group: ReaperZA: ?
12:34:58 : Side: Dark Wolf: upto you
12:35:12 : Side: Dark Wolf: i've got some stuff in my bad that you might want for the mozzie
12:35:18 : Side: Dark Wolf: bag*
12:37:20 : Side: Dark Wolf: i left a wheel and a fuel pump in the broken pickup if you want some spare parts
12:37:40 : Group: MeGa_Koffiepot: dammit where dide the cargo trug go 
12:37:57 : Side: Miss MiniSkirt: i can bring you to the traider?
12:38:08 : Group: MeGa_Koffiepot: am at the base dis is not one of ower frend he ? 
12:38:16 : Side: Dark Wolf: yea please :)
12:38:19 : Side: Miss MiniSkirt: we need main rotor, then we can give you the mozzie
12:38:21 : Group: MeGa_Koffiepot: dis barn?
12:39:19 : Group: MeGa_Koffiepot: open fire in 10 sec expoisen rouwnds 
12:39:28 : Group: MeGa_Koffiepot: 3
12:39:30 : Group: MeGa_Koffiepot: 2
12:39:31 : Group: MeGa_Koffiepot: 1
12:39:58 : Group: Turmoil: lol i hear it all the way down here xD you messing up your neighbours base?
12:40:11 : Group: ReaperZA: wish i could see the fireworks
12:40:29 : Group: Turmoil: it sounds like something is getting destroyed xD
12:40:48 : Group: MeGa_Koffiepot: hmmm the door is still standing gggrrr
12:41:44 : Group: MeGa_Koffiepot: lol out of ammo
12:41:57 : Group: Turmoil: how many rounds did u fire at the door?
12:42:14 : Group: MeGa_Koffiepot: 5x30 rownds exposivs en the door still standing gggrrr
12:42:27 : Group: Turmoil: ......
12:42:40 : Group: Turmoil: should have been gone then... thats just OP
12:42:42 : Group: MeGa_Koffiepot: lest heav a look clowser by mb i can open it 
12:43:13 : Side: ReckerGaming: ANYONE WANNA TEAMUP IM GOING AFTER THAT BANDIT CAPTURED MHZ
12:43:21 : Side: ReckerGaming: MV22*
12:43:32 : Group: MeGa_Koffiepot: dammit still standing
12:43:57 : Side: Turmoil: was it yours MV22 standing down at the beach?
12:43:59 : Group: MeGa_Koffiepot: allsow the barn diddent calaps :(
12:44:05 : Side: ReckerGaming: NOPE
12:44:16 : Side: Turmoil: ah okay... 
12:44:57 : Group: MeGa_Koffiepot: AGS-30 rownd arnt powerfull enoff :( ggrr i want more powerfull play toys someone can help me out here?
12:45:02 : Side: ReckerGaming: IM NEAR KOZLOVKA IF ANYONE WANNA TEAM UP
12:45:31 : Group: Turmoil: look at my new choppa koffie
12:45:57 : Group: MeGa_Koffiepot: mozzie :p 
12:46:26 : Group: MeGa_Koffiepot: i let you in 
12:46:30 : Group: Turmoil: yeah, i crashed the old one xD
12:46:47 : Group: MeGa_Koffiepot: lol
12:47:22 : Group: Turmoil: nice base ^^
12:47:26 : Group: MeGa_Koffiepot: ty :) 
12:47:33 : Group: MeGa_Koffiepot: here
12:50:26 : Side: Dark Wolf: thank you :)
12:50:50 : Side: Miss MiniSkirt: no problem ^^
12:51:31 : Group: Turmoil: dang i cant enter my mozzie
12:51:50 : Group: ReaperZA: deployed one?
12:52:01 : Group: Turmoil: ah there it goes
12:52:04 : Group: MeGa_Koffiepot: look up
12:52:07 : Group: MeGa_Koffiepot: an scroll
12:52:14 : Group: Turmoil: yeah ^^
12:52:17 : Group: ReaperZA: yeah had the same thing yesterday
12:52:23 : Group: MeGa_Koffiepot: :)
12:52:25 : Group: MeGa_Koffiepot: ^^
12:52:35 : Side: Miss MiniSkirt: hey wolf
12:52:39 : Side: Dark Wolf: yea?
12:52:47 : Side: Miss MiniSkirt: want a coyete backpack?
12:52:57 : Side: Dark Wolf: yes please :D
12:54:03 : Side: Dark Wolf: thanks again
12:54:26 : Side: Miss MiniSkirt: no problem
12:58:34 : Group: MeGa_Koffiepot: toedeldoe
12:58:38 : Group: Turmoil: heeey
12:59:15 : Group: ReaperZA: u in a plane
12:59:18 : Group: ReaperZA: lol
12:59:18 : Side: ReckerGaming: i can hear a chopper
12:59:27 : Side: ReckerGaming: does anyone have a heli?
12:59:27 : Group: MeGa_Koffiepot: heeey
12:59:45 : Group: ReaperZA: nice view?
12:59:51 : Group: MeGa_Koffiepot: yeah <3
12:59:57 : Group: MeGa_Koffiepot: look clear
13:02:05 : Group: MeGa_Koffiepot: heli
13:02:10 : Group: Turmoil: me
13:02:38 : Group: MeGa_Koffiepot: lol its a iA drop
13:04:35 : Side: MeGa_Koffiepot: some babmis neer the cost nees a lift? 
13:04:51 : Side: MeGa_Koffiepot: dis is koffie airlines
13:04:58 : Group: ReaperZA: lol
13:05:15 : Group: Turmoil: you got alot of cash on you reaper?
13:05:28 : Group: ReaperZA: about 60 oz
13:05:31 : Group: ReaperZA: ?
13:05:40 : Group: Turmoil: oh okay then i wont bother you... i can fly back to base
13:05:46 : Group: Turmoil: missing 20oz for a backpack xD
13:05:53 : Group: ReaperZA: take it
13:05:56 : Group: Turmoil: or
13:06:33 : Group: Turmoil: gracias mi amigo 
13:06:44 : Group: ReaperZA: :P
13:07:44 : Group: Turmoil: saved me a trip to the base again, i was gonna get a backpack and a new heli.. missed total price by 20oz xD
13:08:33 : Group: ReaperZA: DAMNIT
13:08:40 : Group: Turmoil: getting flashed? :P
13:08:43 : Group: MeGa_Koffiepot: what?
13:08:44 : Group: ReaperZA: ye
13:08:45 : Group: MeGa_Koffiepot: lol
13:09:13 : Group: ReaperZA: i have pretty much been killing animals and selling them this whole time
13:09:34 : Group: Turmoil: the cows gives quite good money
13:09:46 : Side: MeGa_Koffiepot: Koffie airlines is on the way to refaul the plane 
13:09:47 : Group: Turmoil: and rabbits
13:13:16 : Group: Turmoil: hmmm Merlin or UH-60...
13:13:25 : Side: MeGa_Koffiepot: safe tutch down over 10 min were reday to go whit a full feultank if there bambies out there ther is still some hope
13:13:26 : Group: ReaperZA: merlin has more space
13:13:41 : Group: Turmoil: yeah, more space, fuel, armor, for the same price
13:13:58 : Group: ReaperZA: repairing it is the only bitch
13:14:15 : Group: Turmoil: costly indeed
13:14:57 : Group: Turmoil: anything good up there Koffie?
13:15:19 : Group: MeGa_Koffiepot: still the same lockt car's nope
13:16:31 : Side: MeGa_Koffiepot: Dis is your polit speaking were ready for take off. fisrt stop Berezino.z
13:21:59 : Group: Turmoil: damn bandits shooting at me... xD
13:25:08 : Group: Turmoil: hey
13:26:34 : Group: Turmoil: ooooooooooooooh clooooose
13:26:43 : Group: MeGa_Koffiepot: xDDD
13:27:08 : Group: Turmoil: oh snap
13:29:11 : Side: [RussianMafia]Vova: /votenight
13:29:27 : Group: Orange Ninja: /vote day
13:29:46 : Group: Turmoil: cant find your body koffie :(
13:29:47 : Group: MeGa_Koffiepot: darn no barral roll from me :p
13:30:00 : Group: MeGa_Koffiepot: year clows
13:30:05 : Group: MeGa_Koffiepot: i mark it 
13:30:14 : Group: MeGa_Koffiepot: see it
13:30:19 : Group: MeGa_Koffiepot: i delete it 
13:30:28 : Group: MeGa_Koffiepot: see the mark on the map ? 
13:30:37 : Group: Turmoil: how do i dive?
13:30:54 : Group: MeGa_Koffiepot: try scolling over my boddy :p
13:31:06 : Group: MeGa_Koffiepot: think you cant dive donno :p
13:31:15 : Group: MeGa_Koffiepot: fownd ma boddy?
13:31:25 : Group: Turmoil: yeah its in the water xD cant get too it
13:31:37 : Side: MeGa_Koffiepot: Koffie airlaind will be down at the mom ^^ 
13:32:03 : Group: MeGa_Koffiepot: np i headdet notting on me
13:32:28 : Group: MeGa_Koffiepot: can you pick me up at Berezino
13:32:35 : Group: Turmoil: sure
13:32:41 : Group: MeGa_Koffiepot: 124  066
13:33:29 : Group: MeGa_Koffiepot: btw my nabers clows at bandit traides still got the armd SUV planning to get it back one day :)
13:33:53 : Group: Turmoil: on my way to you now
13:34:01 : Group: MeGa_Koffiepot: roger
13:34:20 : Direct: Joshuaa: its me man
13:34:26 : Group: Fontes: Hi :D
13:34:27 : Group: Joshuaa: hey dude
13:35:18 : Group: Fontes: you have been busy yesterday :D
13:35:27 : Group: Joshuaa: base has changed a lot haha
13:35:33 : Group: Fontes: i noticed
13:35:50 : Group: Fontes: cant get in al doors anymore
13:36:02 : Group: MeGa_Koffiepot: nice
13:36:04 : Group: Joshuaa: ill let you in and out
13:36:15 : Group: Fontes: i can acces the main doors 
13:36:32 : Vehicle: MeGa_Koffiepot: can you traid at klen's ? 
13:36:33 : Group: Turmoil: where to?
13:36:35 : Group: Turmoil: ok
13:36:39 : Group: Turmoil: yeah
13:36:47 : Vehicle: MeGa_Koffiepot: im bandit cant traid there enimore :(
13:36:53 : Group: Turmoil: im hero <3
13:36:56 : Group: Joshuaa: im heading to stary quickly
13:37:01 : Vehicle: Turmoil: need anything there?
13:37:03 : Vehicle: MeGa_Koffiepot: i need a ATV for base :) 
13:37:07 : Group: Fontes: should i come with you ?
13:37:14 : Vehicle: Turmoil: we can fix that
13:37:23 : Group: Joshuaa: yeah man
13:38:33 : Group: Joshuaa: lets goo
13:38:38 : Group: Joshuaa: is meone i  base?
13:38:43 : Group: Joshuaa: someone in base?
13:38:52 : Group: Fontes: i can hear footsteps
13:38:52 : Group: Joshuaa: zombie going crazy
13:39:10 : Group: Joshuaa: lemme grab ammo
13:39:17 : Direct: MeGa_Koffiepot: i w8 in the heli 
13:39:20 : Group: Joshuaa: wtf how he het in
13:39:25 : Group: Fontes: ghost zombie
13:39:40 : Group: Joshuaa: ok lets go haha
13:40:59 : Group: Joshuaa: you got bike?
13:41:04 : Group: Fontes: no its gone
13:41:21 : Group: Joshuaa: hmm
13:41:26 : Group: Fontes: you ?
13:41:35 : Group: Joshuaa: yeah
13:41:51 : Group: Joshuaa: is there a toolbox in base?
13:41:57 : Direct: MeGa_Koffiepot: cordinats
13:42:20 : Group: Fontes: nope
13:42:20 : Vehicle: Turmoil: going to base?
13:42:22 : Vehicle: MeGa_Koffiepot: 096 027
13:42:27 : Vehicle: MeGa_Koffiepot: yeah plz
13:42:33 : Group: Joshuaa: take bus?
13:42:39 : Group: Fontes: sure :D
13:43:04 : Group: Joshuaa: locked
13:43:17 : Group: Fontes: come
13:43:26 : Group: Fontes: one of the vehicles in the garage is not locked
13:45:03 : Group: Joshuaa: wheel broke
13:45:56 : Vehicle: MeGa_Koffiepot: yyeha
13:46:00 : Group: PRISMIC: I OFFERED TO PICK YOU UP 
13:46:06 : Vehicle: MeGa_Koffiepot: thx allot :D
13:46:09 : Group: PRISMIC: HOW ISNT THAT DECENT I WAS WAITING
13:46:14 : Vehicle: MeGa_Koffiepot: nice one <3 the atv
13:46:36 : Group: PRISMIC: ILL COME AND GET U
13:46:48 : Group: PRISMIC: ON MY WAY
13:46:56 : Group: MeGa_Koffiepot: thx m8
13:46:59 : Group: Joshuaa: that was hard haha
13:47:02 : Group: Turmoil: your welcome :)
13:47:32 : Group: Joshuaa: woo
13:47:32 : Group: Turmoil: hey pris :D
13:48:09 : Group: Turmoil: dont have sound atm, something is wrong so im not on TS
13:48:44 : Group: PRISMIC: IM PICKING U UP
13:49:20 : Side: PRISMIC: IM PICKING U UP WHERE ARE YOU ?
13:49:30 : Group: Turmoil: who?
13:49:41 : Side: PRISMIC: DUDE UN MUTE ME ?
13:49:52 : Side: PRISMIC: IM AT THE AIR STRIP
13:50:42 : Group: Turmoil: who u talking to Prismic?
13:51:17 : Side: PRISMIC: CAN U UN MUTE ME FOR A SECOND
13:52:17 : Side: Turmoil: prismic? 
13:59:01 : Group: Joshuaa: lets head to green mountaim
13:59:07 : Group: Fontes: sure
14:02:45 : Group: Turmoil: im gonna take a break, cya later guys
14:02:56 : Group: MeGa_Koffiepot: cya
14:03:38 : Side: PRISMIC: any admins online ?
14:05:02 : Side: PRISMIC: adamin ?
14:05:58 : Side: PRISMIC: sup coffee
14:06:13 : Group: Joshuaa: there was a player here
14:06:18 : Group: Fontes: when
14:06:33 : Group: Joshuaa: recently, there were lots of zombies
14:06:47 : Group: Fontes: they didnt spawn on us ?
14:07:04 : Group: Joshuaa: dont think so, they were all in a group inside the gates
14:07:14 : Side: PRISMIC: admin]
14:07:24 : Group: PRISMIC: hey dood
14:07:56 : Group: Joshuaa: after restart go back to other base
14:23:54 : Side: ReaperZA: way to kill a fresh spawn mr big guy
14:25:11 : Side: Ebse: is it alowed to build on streets ?
14:28:17 : Group: MeGa_Koffiepot: hey ppl :)
14:30:06 : Group: MeGa_Koffiepot: invite jesse
14:30:12 : Group: MeGa_Koffiepot: plz ^^ 
14:30:38 : Group: MeGa_Koffiepot: hey
14:30:52 : Group: MeGa_Koffiepot: cant join ts for the mom
14:52:24 : Group: MeGa_Koffiepot: as someone taking in " i see you " ?? :O 
15:21:08 : Side: [RussianMafia]ICEE: Senk for vodnik
15:24:05 : Vehicle: [NG2] Jesse: found 3 m110 nv
15:24:32 : Group: [RussianMafia]gg_teemo: thanks for vodnik)
15:26:04 : Side: lol25: senk for vodnik
15:26:26 : Side: [RussianMafia]ICEE: Senk for loot
15:26:30 : Side: 2DIE4:  who r u guys talkin to? 
15:26:45 : Side: Kev: talking lik downsyndrome
15:29:26 : Side: Kev: yo 2die4 which base u camped yesterday evening? Was it the russian lows?
15:29:47 : Side: 2DIE4:  yap 
15:30:02 : Side: Kev: haha :D We took 20BC out there later ^^
15:30:06 : Side: 2DIE4:  but it seems  as if they have more than one base
15:30:14 : Side: 2DIE4:  GJ  XD
15:30:16 : Side: Kev: okey
15:30:37 : Group: [RussianMafia]gg_teemo: ds
15:48:06 : Side: Miss MiniSkirt: koffie, inv in groep aub
15:48:19 : Side: Fontes: NL ?|
15:48:27 : Side: [NG2] Jesse: ja? 
15:48:35 : Side: Fontes: nice
15:49:02 : Side: Miss MiniSkirt: yup longsleeves girlfriend
15:50:58 : Group: Mr. Shortbottoms: hey, headshot, could u invite longsleeves into the group?
15:56:58 : Group: Mr. Shortbottoms: koffiepot..?
16:06:02 : Side: Fontes: where can you get ores ?
16:29:57 : Side: GRENADIER: if you have snipers go kill the ai south of stary
16:30:07 : Side: GRENADIER: they kinda camp the trader
16:37:24 : Side: Fontes: sami
16:38:54 : Group: Fontes: Hi :)
16:38:57 : Group: SAMI   svvay: hey bro!
16:39:05 : Group: Fontes: all good ?
16:39:12 : Group: SAMI   svvay: yup, you?^^
16:39:18 : Group: Fontes: im fine 
16:39:27 : Group: Fontes: you at the base ?
16:39:40 : Group: SAMI   svvay: yea, just tought checking out that mark
16:39:46 : Group: SAMI   svvay: thought
16:40:24 : Group: Fontes: ah ok im coming to the base now
16:40:36 : Group: SAMI   svvay: roger that ^^
16:40:40 : Group: SAMI   svvay: you buildin base+
16:41:06 : Group: Fontes: nah i was searching for a good place
16:41:14 : Group: SAMI   svvay: ahh, cool :D
16:41:15 : Group: Fontes: but havent found any
16:41:30 : Group: SAMI   svvay: hmm
16:41:34 : Group: SAMI   svvay: there are plenty
16:42:31 : Group: Fontes: well i still dont have a lot of stuf and no gold
16:42:44 : Group: SAMI   svvay: we'll do missios tonight
16:42:50 : Group: SAMI   svvay: you can grind from there
16:43:13 : Group: SAMI   svvay: there may be people in the barn
16:43:15 : Group: SAMI   svvay: i dont know
16:44:34 : Group: SAMI   svvay: oh shit
16:44:35 : Group: SAMI   svvay: zombies
16:44:40 : Group: Fontes: yeah i know
16:49:20 : Group: SAMI   svvay: h
16:49:21 : Group: SAMI   svvay: hm
16:49:36 : Group: Fontes: i spoke to joshua this afternoon
16:49:51 : Group: Fontes: i dont have access to al the doors anymore
16:50:06 : Group: SAMI   svvay: thats cuz we replaced em
16:50:07 : Group: SAMI   svvay: hold on
16:50:12 : Group: Fontes: ah thats why
16:50:51 : Group: SAMI   svvay: that one room downstairs is the plotroom
16:50:58 : Group: SAMI   svvay: I tend to keep it for myself
16:51:02 : Group: Fontes: sure
16:51:29 : Group: Fontes: is there a place where i can put my stuff in ?
16:51:44 : Group: SAMI   svvay: The lockbox downstairs
16:51:46 : Group: SAMI   svvay: Its for you
16:51:50 : Group: SAMI   svvay: ^^
16:51:57 : Group: SAMI   svvay: And all the storagesheds
16:52:02 : Group: Fontes: what is the code ?
16:52:29 : Group: Fontes: hi matsa
16:52:55 : Group: SAMI   svvay: green47
16:52:57 : Group: SAMI   svvay: is the code
16:53:01 : Group: matsa: hola
16:53:09 : Group: SAMI   svvay: you can take that and place it anywhere you like
16:53:40 : Group: SAMI   svvay: The lockbox is the green little thingy
16:53:49 : Group: Fontes: owh lol
16:53:51 : Group: SAMI   svvay: On the other side xd
16:54:09 : Group: Fontes: well that was embarassing
16:54:12 : Group: SAMI   svvay: xDD
16:55:44 : Group: Fontes: wont to do a mission ?|
16:55:47 : Group: SAMI   svvay: yea sure
16:55:48 : Group: Fontes: want*
16:55:51 : Group: SAMI   svvay: we need one tho
16:56:05 : Group: Fontes: how does the gps work lol
16:56:36 : Group: SAMI   svvay: i think it shows ur latitude and longtitude
16:59:47 : Group: Fontes: I must say this sniper looks and sounds nice ;D
16:59:51 : Group: SAMI   svvay: :D
16:59:54 : Group: SAMI   svvay: hunter rifle
17:00:02 : Group: Fontes: yeah found it
17:02:58 : Group: matsa: you dropped a lot of stuff?
17:03:14 : Group: Fontes: yeah dont need it
17:03:17 : Group: matsa: ahh
17:07:01 : Group: Fontes: chopper
17:09:42 : Group: matsa: are you joining?
17:09:52 : Group: Fontes: yeah
17:11:13 : Group: Fontes: ?
17:11:38 : Group: Fontes: ahh
17:11:56 : Side: JOHNNYVAIN: hello?
17:12:03 : Side: bobaliny2: hey
17:12:21 : Side: JOHNNYVAIN: im stuck out in middle of a off map zone......
17:12:40 : Group: SAMI   svvay: :D
17:12:54 : Side: JOHNNYVAIN: admin: im stuck in middle of NO WHERE  literally
17:13:49 : Group: SAMI   svvay: :D
17:13:51 : Group: Fontes: lool
17:13:56 : Group: Fontes: free cars :D
17:14:01 : Group: SAMI   svvay: Font, you want it ? :D
17:14:07 : Group: Fontes: surew
17:14:33 : Side: JOHNNYVAIN: damn i have my simple starter crap from the other night when i first started ....i guess dying is no biggie but how do i suicide?
17:14:50 : Group: SAMI   svvay: :D
17:14:50 : Group: matsa: :D
17:16:05 : Group: matsa: hold shift while driving, it makes you go faster
17:17:50 : Side: JOHNNYVAIN: well as i die of hunger .....so i can start fresh.   how is this server.....
17:18:00 : Side: JOHNNYVAIN: not full of kos snipers and pvpers?
17:18:30 : Side: [NCR] Rookie: kos?
17:18:33 : Group: matsa: D:
17:18:47 : Side: JOHNNYVAIN: sorry  k.o.s   kill on sight
17:19:12 : Side: bobaliny2: Why do you put so many spaces between words
17:20:03 : Group: Fontes: i am at Vybor
17:21:45 : Side: JOHNNYVAIN: funny you noticed spacing haha
17:22:09 : Side: JOHNNYVAIN: habit from taking typing in highschool i guess.  you hit space twice after a period
17:22:13 : Group: matsa: sorry fontes :/
17:22:23 : Side: JOHNNYVAIN: icantypelikethisifitseasiertoread
17:22:57 : Group: Fontes: it was not your fault
17:25:43 : Group: Fontes: there is ai everywhere
17:26:36 : Group: Fontes: .i will come to you
17:27:39 : Group: Fontes: chopper above me
17:32:20 : Side: JOHNNYVAIN: damn been a long time, this game makes ya appreciate all the work they put into standalone so far
17:33:32 : Group: Vladisony: привет
17:33:37 : Group: Vladisony: как там база
17:33:47 : Group: _The_SnikerS_: бля заебись
17:33:51 : Group: _The_SnikerS_: скайп?
17:33:59 : Group: Vladisony: да
17:36:12 : Side: matsa: thx for the ksvk :)
17:36:20 : Side: matsa: and chinook
17:36:25 : Group: Fontes: wyf
17:36:29 : Group: SAMI   svvay: xD
17:36:31 : Group: SAMI   svvay: if you jump
17:36:33 : Group: SAMI   svvay: from gunner to back
17:36:37 : Group: SAMI   svvay: u get kicked out of vehicle
17:36:37 : Side: Colin: ?
17:36:40 : Group: Fontes: lol
17:36:46 : Group: Fontes: that is a pity
17:36:50 : Group: SAMI   svvay: yea :(a
17:37:18 : Group: SAMI   svvay: U able to get to ur loot?
17:37:23 : Group: Fontes: i am at Garko
17:37:40 : Group: Fontes: gorka i mean
17:39:04 : Group: Fontes: atleast we have the chopper
17:39:10 : Group: SAMI   svvay: Yeah :)
17:39:13 : Group: matsa: to you bodu?
17:39:17 : Group: Fontes: yeah sure
17:41:53 : Side: matsa: thx for looting for us :)
17:43:19 : Side: Colin: hey chinooc
17:44:07 : Side: Colin: hope you havn't any ammo, my mozzie inst armored very well
17:44:20 : Side: matsa: we do
17:44:34 : Group: matsa: cover us
17:44:46 : Side: Colin: O.O
17:44:51 : Side: Colin: im gone
17:46:20 : Group: Fontes: haha yeah
17:46:25 : Group: Fontes: need a bloodbag?
17:46:33 : Group: SAMI   svvay: yea!
17:46:38 : Group: SAMI   svvay: may I have? :D
17:46:49 : Group: SAMI   svvay: :)
17:46:56 : Group: Fontes: that was a lucky shot though
17:47:12 : Group: SAMI   svvay: the shot you did?
17:47:16 : Group: Fontes: yeah
17:47:26 : Group: SAMI   svvay: it was great!
17:47:28 : Group: SAMI   svvay: well done
17:47:36 : Group: Fontes: feel so proud :D
17:47:40 : Group: SAMI   svvay: :DD
17:47:44 : Group: SAMI   svvay: hey btw
17:47:47 : Group: SAMI   svvay: anything you want from the car
17:47:56 : Group: matsa: want some guns?
17:48:19 : Group: Fontes: i already took a few
17:48:32 : Group: SAMI   svvay: oki
17:48:35 : Group: Fontes: that mk17 sniper looks sick 
17:50:17 : Group: SAMI   svvay: ty^^
17:50:18 : Group: SAMI   svvay: brb
17:50:33 : Side: Panda: guy who was repairing the venom
17:50:46 : Group: Fontes: matsa
17:50:53 : Group: Fontes: how much does a safe cost ?
17:50:59 : Side: Panda: are u still here
17:51:04 : Group: matsa: i briefcase
17:51:08 : Group: matsa: 1
17:51:17 : Group: Fontes: hm
17:51:32 : Group: matsa: we can fly and buy one
17:51:42 : Group: Fontes: dont have the money
17:51:49 : Group: matsa: i have
17:53:11 : Group: SAMI   svvay: Effective range: 1600m
17:53:13 : Group: Fontes: sure
17:53:14 : Group: SAMI   svvay: AS50
17:53:49 : Group: matsa: money inside chopper
17:54:09 : Group: Fontes: thnx :)
17:55:29 : Group: Fontes: should i built my own base?
17:56:44 : Group: matsa: youknow how to buy one?
17:56:56 : Group: Fontes: yeah
17:58:20 : Group: Fontes: that humvee i gues
17:58:30 : Group: Fontes: will probably follow us
17:59:12 : Group: matsa: gogo
18:05:15 : Group: matsa: i have a gift for you :)
18:05:38 : Group: Fontes: wow thnx !
18:06:03 : Group: matsa: you welcome
18:06:34 : Group: Fontes: probably gonna built my base near sosnovka
18:06:51 : Group: SAMI   svvay: nice!
18:07:37 : Side: matsa:  i doesnt help to kill your own 
18:08:49 : Group: Fontes: we can go and check te place if you like
18:09:09 : Group: SAMI   svvay: sure!
18:09:12 : Group: SAMI   svvay: lets grab this suv
18:09:18 : Group: SAMI   svvay: pink one
18:10:59 : Group: Fontes: oh yeah sorry
18:11:02 : Group: SAMI   svvay: :D
18:11:04 : Group: Fontes: forgot to lock it
18:11:15 : Group: matsa: its cool
18:11:19 : Group: SAMI   svvay: we all do
18:11:25 : Group: Fontes: :D
18:11:31 : Group: SAMI   svvay: fuck
18:11:40 : Group: SAMI   svvay: :(
18:11:43 : Group: matsa: noob :P
18:11:54 : Group: SAMI   svvay: xD
18:12:05 : Group: Fontes: you drunk ? :D
18:12:07 : Group: SAMI   svvay: hahaha
18:12:10 : Group: SAMI   svvay: im just bad xD
18:14:04 : Group: SAMI   svvay: here?
18:14:18 : Group: Fontes: best is a base you can get into right ?
18:14:28 : Group: SAMI   svvay: lol true
18:15:12 : Group: Fontes: this one isnt open
18:15:45 : Group: Fontes: nope
18:15:45 : Group: SAMI   svvay: pretty cool
18:15:49 : Group: SAMI   svvay: build a compound
18:15:51 : Group: Fontes: nice place though
18:15:51 : Group: SAMI   svvay: ?=
18:16:05 : Group: Fontes: compound?
18:17:09 : Group: Fontes: gonna take a lot of work to built i reckon
18:17:26 : Group: SAMI   svvay: yea
18:17:29 : Group: SAMI   svvay: but that wont be a problem
18:17:33 : Group: SAMI   svvay: we can lend you a chainsaw
18:17:35 : Group: SAMI   svvay: if you want that
18:18:14 : Group: Fontes: its a nice place but i like a house thats open :D
18:19:23 : Group: Fontes: lol
18:19:33 : Group: Fontes: stanag ?
18:20:04 : Group: Fontes: i know another place
18:20:18 : Group: Fontes: underneath de heroes medical supply camp
18:21:34 : Group: Fontes: my bike is broke
18:24:53 : Group: Fontes: playetr
18:25:23 : Group: Fontes: ah its the mission
18:25:25 : Group: Fontes: yeah
18:25:39 : Group: Fontes: what ?
18:25:45 : Group: matsa: extra gun?
18:25:51 : Group: Fontes: sure my backpack
18:26:35 : Group: matsa: ill get my breath back and we shoot
18:26:50 : Group: Fontes: sure
18:28:25 : Group: Fontes: they al dead?
18:28:59 : Group: matsa: here your gun
18:29:12 : Group: Fontes: you have bloodbag?
18:29:16 : Group: Fontes: one got me
18:29:24 : Group: matsa: nah :/
18:30:45 : Group: Fontes: i have bloodbag
18:31:02 : Group: Fontes: im gonna built my base right in front of me
18:31:08 : Group: Fontes: at that barn
18:32:30 : Group: Fontes: at the left
18:32:58 : Group: Fontes: sami
18:33:13 : Group: Fontes: right in front of you
18:34:02 : Group: Fontes: this is a nice place
18:34:11 : Group: SAMI   svvay: ageed
18:34:14 : Group: SAMI   svvay: agreed
18:34:52 : Group: Fontes: should i place my safe here ?
18:34:59 : Group: SAMI   svvay: yea, do that
18:35:05 : Group: SAMI   svvay: did you grab ur plot
18:35:08 : Group: Fontes: yeah
18:35:19 : Group: Fontes: what do you do with it ?
18:35:35 : Group: SAMI   svvay: without it you simply cant build a basew
18:35:45 : Group: Fontes: ah ok
18:38:32 : Group: matsa: ??
18:41:44 : Group: Fontes: :D
18:43:06 : Group: matsa: these aren't our safes
18:43:19 : Group: matsa: we cant open them
18:43:23 : Group: matsa: woops
18:44:31 : Side: SAMI   svvay: Admin?
18:44:47 : Side: Winans: yes?
18:44:53 : Side: SAMI   svvay: Xd
18:44:58 : Side: Winans: 3
18:45:06 : Side: SAMI   svvay: 4
18:49:18 : Group: matsa: wtf 
18:50:27 : Group: Fontes: wtf 
18:51:02 : Group: Fontes: so this is what you do most of the time ?:D
18:51:05 : Side: SAMI   svvay: :D
18:51:07 : Group: SAMI   svvay: :D
18:51:40 : Side: ??????: russian vi ebanie krisi shakali pozornie kotorie camperyat
18:52:00 : Group: matsa: back to base?
18:52:30 : Side: matsa: farming humanity?
18:54:40 : Group: matsa: dmr sound with pkp
18:54:45 : Group: SAMI   svvay: what teh fuck
18:55:40 : Group: matsa: you dont wanna build here?
18:55:41 : Group: Fontes: fuck im coffin
18:56:17 : Group: Fontes: well i can built here if you want
18:56:52 : Group: Fontes: but your the boss :D
18:57:00 : Group: matsa: its your choice but im just wonder if theres something wrong
18:57:23 : Group: Fontes: what do you mean
18:57:50 : Group: matsa: nvm¨
18:58:32 : Group: Fontes: im ok with everything
18:58:37 : Group: matsa: aight
18:58:51 : Group: matsa: but brb
18:59:03 : Group: Fontes: nobody i know plays this
18:59:32 : Group: SAMI   svvay: :/
18:59:45 : Group: SAMI   svvay: well, you know us :D
18:59:59 : Group: Fontes: yeah that`s nice
19:00:12 : Group: Fontes: should i get my safe and put it here ?
19:00:39 : Group: SAMI   svvay: you do whatever you like too :)
19:00:41 : Group: SAMI   svvay: ur call
19:00:59 : Group: Fontes: allright i`ll go and get it
19:09:07 : Group: Fontes: im back after the restart
19:13:20 : Side: [RussianMafia]Hatter: Vodnik BOOOOOOOOM
19:13:22 : Side: [RussianMafia]Hatter: hshs
19:13:24 : Side: [RussianMafia]Hatter: haha
19:13:34 : Side: [RussianMafia]Vova: xD
19:13:39 : Side: _The_SnikerS_: я тебя огарчу
19:13:44 : Side: _The_SnikerS_: мы его бууум
19:13:53 : Side: ??????: мафия вы чмошники ебаные
19:13:57 : Side: [RussianMafia]Hatter: This is good
19:13:58 : Side: ??????: я ваших мам ебал шлюх
19:13:59 : Side: _The_SnikerS_: +++++++++++++++++++++++\
19:14:08 : Side: Triam: +++++++++++++++++++++++++
19:14:10 : Side: [RussianMafia]Hatter: Your stupid boobs
19:14:10 : Side: ??????: крысы
19:14:11 : Side: Triam: ++++++++++++++++++++++++++++++++++++++++++++++++++++
19:14:15 : Side: Triam: +
19:14:17 : Side: [RussianMafia]Hatter: You mouse
19:14:22 : Side: [RussianMafia]Vova: omg xD
19:14:27 : Side: _The_SnikerS_: ты крыса
19:14:28 : Side: [RussianMafia]Hatter: Stupiiiid
19:14:31 : Side: ??????: школьники которым лет по 16 
19:14:32 : Side: [RussianMafia]Hatter: M
19:14:33 : Side: [RussianMafia]Hatter: o
19:14:34 : Side: [RussianMafia]Hatter: u
19:14:35 : Side: [RussianMafia]Hatter: s
19:14:35 : Side: [RussianMafia]Hatter: e
19:14:36 : Side: [RussianMafia]Hatter: Y
19:14:37 : Side: [RussianMafia]Vova: baby 
19:14:37 : Side: [RussianMafia]Hatter: o
19:14:38 : Side: [RussianMafia]Hatter: u
19:14:44 : Side: ??????: какая нахуй русская мафия олени малолетние 
19:14:54 : Side: [RussianMafia]Hatter: Yes of course
19:15:04 : Side: [RussianMafia]Hatter: We school
19:15:12 : Side: [RussianMafia]Hatter: We is children 
19:15:17 : Side: [RussianMafia]Hatter: Are your noobs
19:15:30 : Side: Sashka: u are pidoras
19:18:09 : Side: 2DIE4: lol already?  XD
19:21:50 : Side: [RussianMafia]Hatter: Snikers sni ne tormozi
19:22:09 : Side: [RussianMafia]Vova: xDDD
19:26:11 : Group: Fontes: wanna do de black hawk missio n?
19:26:14 : Group: Fontes: its close
19:26:19 : Group: SAMI   svvay: Sierra, LWB?
19:26:36 : Side: ReaperZA: admin is it against rules to build over water?
19:26:52 : Group: SAMI   svvay: Yea sure
19:26:53 : Group: SAMI   svvay: Soon
19:27:01 : Side: LWB [SD]: no
19:27:36 : Side: ReaperZA: so one may build a base over say a lake if one desired it?
19:28:48 : Side: LWB [SD]: yes you could
19:28:55 : Side: ReaperZA: thanks
19:29:04 : Group: Fontes: i cant put my safe down
19:30:20 : Group: Fontes: can you give me access for a few sec so i can place my safe ?
19:43:00 : Side: M.K.: who was chasing me with the vodnik?
19:43:08 : Side: M.K.: have you meet karma before?
19:43:18 : Side: M.K.: met*
19:43:25 : Side: _The_SnikerS_: :D
19:44:07 : Group: Fontes: savy
19:44:21 : Group: Fontes: i cant place my safe 
19:45:05 : Side: Sierra [SD]: EVENT: RACE FROM GROZOVOY PASS TO KAMENKA FUEL STATION. 10 CARS AVAILABLE. YOU MAY TEAM UP. REGISTRATION OPENING IN 10 MINS. RACE STARTING IN 25 MINS.
19:45:26 : Group: Fontes: i cant place my save
19:45:43 : Group: SAMI   svvay: wait
19:45:46 : Group: SAMI   svvay: race upcoimig
19:47:16 : Group: SAMI   svvay: ok i add u now to plot pole
19:48:08 : Group: Fontes: Hi :)
19:48:09 : Side: SAMI   svvay: can you shoot at other vehicles in the race?
19:48:39 : Side: Sierra [SD]: All the rules will be given before the race starts
19:49:17 : Group: Fontes: cant place it yet
19:49:54 : Group: Fontes: cant hear you mate
19:50:16 : Group: matsa: there we g
19:50:22 : Group: matsa: now you can build
19:51:48 : Side: matsa: can we bring our own car?
19:53:02 : Side: LWB [SD]: No. All the rules will be given before the race starts. Leave all important gear at your base
19:53:29 : Group: Fontes: think i `m going
19:53:39 : Group: SAMI   svvay: me 2 xd
19:55:04 : Side: Sierra [SD]: EVENT: RACE - REGISTATION OPEN. 10 SLOTS AVAILABLE - PLEASE TYPE "RACE REGISTER" IF YOU WISH TO BE INVOLVED. IF A TEAM, ONLY ONE PERSON TYPE PLEASE.
19:55:12 : Side: SAMI   svvay: RACE REGISTER
19:55:28 : Group: Fontes: need to go guys
19:55:30 : Side: matsa: RACE REGISTER
19:55:34 : Group: SAMI   svvay: ait bro
19:55:35 : Group: SAMI   svvay: cya
19:55:36 : Group: Fontes: Sya later
19:55:53 : Group: SAMI   svvay: cya
19:57:27 : Side: Sierra [SD]: EVENT: RACE REGISTRATION OPEN. PLEASE TYPE "RACE REGISTER" IF YOU WISH TO BE INVOLED. 8 SLOTS AVAILABLE
19:57:47 : Direct: Phaetta: /RACE REGISTER
19:58:02 : Direct: Phaetta: /race register
19:58:07 : Side: Sierra [SD]: I'll take this time to go through the rules with everyone.
19:58:12 : Direct: Phaetta: Race register
19:58:21 : Side: Phaetta: race register
19:58:43 : Side: Sierra [SD]: The race is from Grozovoy Pass to Kamenka Fuel Station.
19:58:54 : Side: Sierra [SD]: You will be given a vehicle to race in
19:58:59 : Side: Phaetta: how can i join?'
19:59:03 : Side: Sierra [SD]: You must stay in your vehicle at all times
19:59:06 : Side: LWB [SD]: you just did
19:59:10 : Side: Phaetta: oh ^^
19:59:15 : Side: Sierra [SD]: No cheating or heli lifting
19:59:33 : Side: matsa: can you tp mee there?
19:59:39 : Side: Sierra [SD]: There will be 200m no kill zone enforced around the finish line.
19:59:40 : Side: LWB [SD]: ot yet, just wait
19:59:51 : Side: Sierra [SD]: Leave all your gear behind.
20:00:16 : Side: Sierra [SD]: No one is allowed to camp the orange SUV's that are taking place in the race. If you do. You will be kicked
20:00:27 : Side: matsa: done
20:00:35 : Side: Sierra [SD]: The losers of the race will be teleported to stary at the end of the event
20:00:42 : Side: [RussianMafia]Hatter: 9 BALILI POT EBAL
20:00:51 : Side: Sierra [SD]: The winner will be teleported to a location of their choosing.
20:01:08 : Side: Sierra [SD]: Those are the rules. I will begin teleportations to the start line in 10 mins
20:01:24 : Side: Winans: is there a prize to win?
20:01:39 : Side: Sierra [SD]: There is always a prize at events :)
20:01:56 : Side: [RussianMafia]Hatter: 9 BALILI pot EBAL
20:02:18 : Side: Sierra [SD]: EVENT: ANYONE WISHING TO REGISTER FOR THE RACE PLEASE TYPE "RACE REGISTER" 7 slots available
20:07:02 : Side: Sierra [SD]: EVENT: 3 MINS UNTIL TELEPORTATIONS BEGIN - DOES ANYONE ELSE WISH TO TAKE PLACE IN THE RACE?
20:08:47 : Side: Sierra [SD]: THE WINNER GETS A BLACK HAWK HELO, 3 X BRIEFCASES, 1 X M107, 2 X SAFES AND A FUEL PUMP. LAST CHANCE TO REGISTER
20:09:37 : Side: Stiefelriemen Bill: RACE REGISTER
20:10:19 : Side: Sierra [SD]: Ok I have Svvay, Matsa, Phaetta & Bill. Anyone else?
20:10:44 : Side: Winans: RACE REGISTER
20:11:21 : Side: Sierra [SD]: Ok got you. If that is all and you are all ready I will begin teleportations. Please wait by me until instructed otherwise
20:11:29 : Side: Phaetta: Im ready
20:11:39 : Side: matsa: rdy
20:12:16 : Side: Sierra [SD]: remember to not bring any gear you are worried about loosing
20:12:27 : Side: Sierra [SD]: winans ready?
20:12:34 : Side: Winans: yes
20:12:40 : Side: Stiefelriemen Bill: ready too
20:12:42 : Side: Sierra [SD]: svvay?
20:12:45 : Side: SAMI   svvay: si
20:12:48 : Direct: Winans: hi
20:13:18 : Direct: Sierra [SD]: right gentlemen, pick a car each and wait for instructions
20:13:52 : Direct: Sierra [SD]: Is everyone clear on the rules?
20:13:56 : Direct: Winans: NO
20:14:02 : Direct: SAMI   svvay: YES
20:14:04 : Side: LWB [SD]: mission event in progress. do not engage,block or attempt to steal orange suvs in race!!!!!
20:14:08 : Direct: Stiefelriemen Bill: no
20:14:09 : Direct: Sierra [SD]: dont move your cars yet. 
20:14:14 : Direct: SAMI   svvay: ROGER
20:14:18 : Direct: Sierra [SD]: ok going over them again
20:14:19 : Direct: Stiefelriemen Bill: repeat the rules again pls
20:14:32 : Direct: Sierra [SD]: Race is to Kamenka Fuel Station
20:14:38 : Side: [RussianMafia]Hatter: Cinder wall window maybe craft?
20:14:43 : Direct: Sierra [SD]: You must stay in your vehicles at all times
20:14:50 : Direct: Sierra [SD]: No cheating or heli lifting
20:15:05 : Direct: Sierra [SD]: 200m no kill zone inforced around the finishline
20:15:06 : Side: LWB [SD]: Only wood has window
20:15:15 : Direct: Sierra [SD]: no one is allowed to camp you
20:15:20 : Side: [RussianMafia]Hatter: Thx
20:15:28 : Direct: Sierra [SD]: loosers will be tp to stary at end of event
20:15:40 : Direct: Sierra [SD]: winner will be tp'd to location of their choice
20:15:41 : Direct: Winans: roger
20:15:44 : Direct: Sierra [SD]: Ok we clear?
20:15:45 : Direct: Stiefelriemen Bill: ok
20:15:46 : Direct: SAMI   svvay: YES
20:15:49 : Direct: Winans: ye
20:15:50 : Direct: Stiefelriemen Bill: lets go
20:15:57 : Direct: Sierra [SD]: Ok GO!!!!!!
20:17:12 : Side: Odlkanack: hello :)
20:17:32 : Side: Sierra [SD]: No camping the orange SUV's during the event
20:17:32 : Side: LWB [SD]: hi )
20:17:38 : Side: Sierra [SD]: hi :)
20:18:08 : Side: Phaetta: h el p
20:18:13 : Side: Phaetta: im tipped
20:18:32 : Direct: Sierra [SD]: push
20:18:48 : Direct: Sierra [SD]: awww
20:18:54 : Direct: Sierra [SD]: prob too late now lol
20:19:07 : Direct: Sierra [SD]: i can help push you over if you hop out though
20:19:12 : Direct: Sierra [SD]: or just want a tp?
20:23:35 : Side: Odlkanack: lol how did i die?
20:24:06 : Side: LWB [SD]: says unkown
20:25:08 : Side: LWB [SD]: Only 400m left til the finish line!!!
20:25:38 : Side: Sierra [SD]: RACE OVER: SVVAY WINS
20:25:41 : Side: LWB [SD]: well done svvay!
20:25:45 : Side: LWB [SD]: follow me
20:25:48 : Side: SAMI   svvay: aiii :D
20:25:52 : Side: Sierra [SD]: all who have taken part can keep their vehicles
20:26:01 : Side: Sierra [SD]: i will tp you all to Stary when you are ready
20:26:08 : Side: bobaliny2: for what
20:26:09 : Direct: SAMI   svvay: :D
20:26:11 : Side: Phaetta: im ready
20:26:15 : Direct: LWB [SD]: there you go
20:26:15 : Side: Sierra [SD]: righty
20:26:16 : Direct: Stiefelriemen Bill: READY
20:26:16 : Side: bobaliny2: is it night?>
20:26:17 : Direct: LWB [SD]: well done
20:26:17 : Side: Phaetta: gg svvay
20:26:19 : Direct: SAMI   svvay: Thank you so much! :D
20:26:20 : Side: Stiefelriemen Bill: ready
20:26:21 : Side: Winans: READY
20:26:25 : Direct: LWB [SD]: I can tp you somewhere if you want
20:26:29 : Side: Lunatick : hey lwb 
20:26:31 : Side: bobaliny2: ready
20:26:35 : Direct: SAMI   svvay: No problem, Ill take this for a ride :D 
20:26:36 : Side: LWB [SD]: gi :)
20:26:40 : Direct: LWB [SD]: ok cool
20:26:42 : Direct: SAMI   svvay: Thank you for the awesome event
20:26:42 : Side: Sierra [SD]: you all in your vehicles?
20:26:43 : Direct: LWB [SD]: gear is isnide
20:26:46 : Side: Stiefelriemen Bill: yes
20:26:48 : Direct: LWB [SD]: so dont loose it!
20:26:49 : Direct: SAMI   svvay: I see, thanks!
20:26:55 : Direct: SAMI   svvay: I'll try to not too :p
20:26:58 : Side: bobaliny2: What are we tp'ing for?
20:27:11 : Side: Winans: yes u can keep the car
20:27:19 : Side: Winans: thx
20:27:25 : Side: Winans: nice event
20:27:33 : Side: bobaliny2: tp me
20:27:53 : Side: Sierra [SD]: is that everyone?
20:27:59 : Side: bobaliny2: I'm not there
20:28:01 : Side: bobaliny2: tp me plz
20:28:09 : Side: Sierra [SD]: you were not in the event
20:28:11 : Side: SAMI   svvay: hahahahaha
20:28:13 : Side: bobaliny2: eh
20:28:35 : Side: BowDownYaBish: ty for sorting our bans out LWB
20:28:45 : Side: LWB [SD]: no problem
20:28:48 : Side: Sierra [SD]: thanks for taking part all :)
20:28:49 : Side: LWB [SD]: sorry they got re added
20:28:52 : Side: Lunatick : love you lwb
20:29:00 : Side: BowDownYaBish: Ignore Luna
20:29:02 : Side: LWB [SD]: :)
20:29:02 : Side: matsa: thanks for letting me in :D
20:29:03 : Side: Winans: thank u for the event
20:29:05 : Side: Lunatick : naah dont 
20:29:24 : Side: Sierra [SD]: Np gg! :)
20:29:37 : Side: LWB [SD]: Nice clean racing, well done all
20:29:43 : Side: SAMI   svvay: Thank you!
20:29:45 : Group: bobaliny2: GOOD BYE CRUEL WORLD
20:35:53 : Side: SAMI   svvay: The fuel pump, will it be destroyed on de-construction?
20:36:14 : Side: LWB [SD]: I believe no
20:36:27 : Side: SAMI   svvay: Roger that, hoss!
20:36:41 : Side: LWB [SD]: they can be removed by anyone though
20:36:45 : Side: LWB [SD]: so put it somewhere safe
20:36:46 : Side: SAMI   svvay: I see
20:36:50 : Side: SAMI   svvay: I will ^^
20:44:18 : Side: Colin: LWB, someone glitched into my base, what do you need as evidence?
20:44:24 : Side: SAMI   svvay: Can I purchase a higher value of placeable landobjects?
20:44:39 : Side: LWB [SD]: need video of them doing it really
20:44:50 : Side: LWB [SD]: No sadly not svvay, not yet anyway
20:45:11 : Side: Colin: ok, dead body isnt enought?
20:45:12 : Side: SAMI   svvay: I see, that is a shame. Are you implementing any of that in the future? ^^
20:45:28 : Side: LWB [SD]: Im looking into it yeah
20:45:47 : Side: SAMI   svvay: Sounds great! I would highly appreciate that :-)
20:45:54 : Side: LWB [SD]: if you can get screens of the body/study body text and location
20:45:54 : Side: Sierra [SD]: no not really - a dead body could have got there anyhow you see so we cannot tell from that.
20:45:56 : Side: Phaetta: Same :D
20:46:02 : Side: [KRT]ImMagu: what happens to the safes that hasnt been used
20:46:05 : Side: [KRT]ImMagu: ??
20:46:06 : Side: LWB [SD]: we'll look into it
20:46:14 : Side: LWB [SD]: they go to 0000
20:46:24 : Side: [KRT]ImMagu: ok
20:47:59 : Side: Sierra [SD]: EVENT: WE WILL BE DRIVING A M113 FROM BEREZINO TO NWAF VIA GORKA. IF YOU CAN DISABLE OUR VEHICLE AND KILL US, OUR GEAR IS YOURS.
20:48:43 : Side: SAMI   svvay: When? :D
20:48:47 : Side: Sierra [SD]: NOW
20:48:49 : Side: Sierra [SD]: :D
20:48:53 : Side: SAMI   svvay: Hahah ait
20:51:51 : Side: Sierra [SD]: WE HAVE LEFT BEREZINO
20:51:56 : Side: SAMI   svvay: :DD
20:51:58 : Side: SAMI   svvay: prepare urshelf
20:52:06 : Side: Sierra [SD]: ooo :D
20:52:08 : Side: Phaetta: on our way
20:52:17 : Side: BowDownYaBish: Im coming for you pooka :3
20:52:28 : Side: Sierra [SD]: ;)
20:55:58 : Side: Sierra [SD]: WE ARE IN THE VICINITY OF GORKA
20:56:18 : Side: [RussianMafia]Vova: XD gg Snikers xDD
20:58:13 : Side: BowDownYaBish: lol
20:58:15 : Side: BowDownYaBish: Well
20:58:18 : Side: BowDownYaBish: That happened
20:58:27 : Side: 2DIE4:  xd
20:58:28 : Side: bobaliny2: lmao what happened
20:58:34 : Side: 2DIE4:  MY CREW HERE 09
20:58:41 : Side: Lunatick : they dead
20:59:38 : Side: LWB [SD]: Well, the M113 is a bag of shite isnt it!
21:00:06 : Side: BowDownYaBish: Yep
21:00:10 : Side: BowDownYaBish: Pooks can kill it mate
21:00:11 : Side: BowDownYaBish: :D
21:00:21 : Side: Sierra [SD]: xD that was fun :D
21:00:58 : Side: LWB [SD]: next time it will be a T55 ;D
21:01:04 : Side: BowDownYaBish: lel
21:01:05 : Side: Lunatick : haha lol 
21:01:35 : Side: ReaperZA: abrams is the way to go
21:01:49 : Side: Sierra [SD]: did you loot the gear?
21:02:19 : Side: [RussianMafia]Hatter: lol noobs suv
21:02:25 : Side: Sierra [SD]: there was goodies there for you :)
21:02:41 : Side: BowDownYaBish: We got what we wanted
21:02:50 : Side: Sierra [SD]: ah ok cool :D
21:04:42 : Side: Sierra [SD]: EVENT: THERE WILL BE A HATCHET BATTLE AT THE VEHICLE POUND IN 10 MINS TO WIN A FULL BRIEFCASE. IF YOU WANT TO TAKE PART SAY SO WHEN I START THE TP's
21:04:49 : Side: Sierra [SD]: LEAVE YOUR GEAR BEHIND
21:05:05 : Side: Phaetta: Im in guys <3
21:05:21 : Side: SAMI   svvay: me2 :D
21:05:23 : Side: Sierra [SD]: cool :)
21:05:32 : Side: Phaetta: You can tp me now ^^w
21:05:41 : Side: matsa: im in too :D
21:05:41 : Side: Sierra [SD]: 10 mins
21:05:48 : Side: Phaetta: ah okay ^^w
21:09:27 : Side: Lunatick : by the way who ever was in the black hawk get rekt x
21:09:56 : Side: SAMI   svvay: woops
21:13:24 : Side: Sierra [SD]: EVENT: HATCHET BATTLE TP's IN 3 MINS. VEHICLE POUND HAS A NO SHOOTING INFORCEMENT IN PLACE
21:14:05 : Side: Phaetta: Do we need to bring our own hatchet?
21:14:25 : Side: LWB [SD]: Nope, hatchets here
21:14:30 : Side: LWB [SD]: leave all gear behind
21:14:34 : Side: Phaetta: cool :D
21:14:45 : Side: SAMI   svvay: Gimme a min
21:15:20 : Side: Sierra [SD]: EVENT: TP'S FOR HATCHET BATTLE TO WIN 1 FULL BRIEFCASE STARTING NOW. LET ME KNOW IF YOU WANT A TP. WAIT BY ME ONCE YOU GET HERE.
21:15:31 : Side: Phaetta: I want a tp (Y)
21:15:43 : Side: matsa: tp me
21:16:16 : Side: Sierra [SD]: Anyone else want TP to the hatchet battle? Leave your gear behind.
21:16:26 : Direct: matsa: i didnt get the chance to leave gear behind tho :/
21:16:35 : Direct: Phaetta: MEHEHE
21:16:40 : Side: SAMI   svvay: Could you teleport me in a minuty?
21:16:54 : Side: Sierra [SD]: yep say when you are ready
21:17:31 : Side: Sierra [SD]: Anyone else for the hatchet battle to win 1 full briefcase?
21:17:50 : Side: Patriks: me
21:17:56 : Side: Sierra [SD]: ready for tp?
21:18:01 : Side: Patriks: i dont have a hatchet tho
21:18:13 : Side: LWB [SD]: matsa, put gear in this car
21:18:14 : Side: Sierra [SD]: hatchets will be provided, leave your gear behind
21:18:18 : Side: LWB [SD]: Ill lock it
21:18:36 : Side: Patriks: im in then
21:18:43 : Side: Sierra [SD]: ok tping now then
21:18:44 : Side: SAMI   svvay: Sierra, I have loot on me. Could I place it somewhere? ^^
21:19:04 : Side: Sierra [SD]: yes - we can put it in a locked car for now.
21:19:09 : Side: Colin: admin, the guy glitched in again, hes in the base and the doors are closed
21:19:09 : Direct: matsa: done
21:19:23 : Side: SAMI   svvay: Alright, thanks
21:19:27 : Side: SAMI   svvay: You can teleport me
21:19:30 : Side: Sierra [SD]: ok
21:20:00 : Direct: SAMI   svvay: Where do I put the items?
21:20:15 : Direct: Sierra [SD]: here
21:20:42 : Side: Sierra [SD]: last call for hatchet battle
21:20:48 : Side: Sierra [SD]: anyone else want in?
21:21:01 : Side: vicio: yeah!w
21:21:16 : Side: Sierra [SD]: ok - can i tp you now? are you gear free?
21:21:32 : Side: Sierra [SD]: can spawn a car for you to use to store if needed though
21:21:41 : Side: vicio: have to storage xD
21:21:45 : Side: vicio: ok
21:22:16 : Side: Sierra [SD]: ok tping you
21:22:22 : Side: Sierra [SD]: patriks dont
21:22:30 : Side: Sierra [SD]: we need that :D
21:22:43 : Side: Patriks: it wont brake
21:22:52 : Direct: Sierra [SD]: here :D
21:23:05 : Direct: Sierra [SD]: this one here
21:23:27 : Direct: Sierra [SD]: vicio
21:23:29 : Direct: Sierra [SD]: by me
21:23:33 : Direct: Patriks: only 3 of us?
21:23:39 : Direct: Sierra [SD]: 5
21:23:46 : Direct: LWB [SD]: where is the glitched in body?
21:24:24 : Side: vicio: have no axe
21:24:25 : Direct: Colin: you are here
21:24:30 : Direct: LWB [SD]: yes
21:24:35 : Side: Sierra [SD]: Axes in the box
21:24:39 : Direct: Colin: caome in
21:24:55 : Side: Sierra [SD]: everyone got an axe?
21:25:01 : Direct: Colin: here into the tent
21:25:13 : Direct: SAMI   svvay: ehh
21:25:17 : Direct: SAMI   svvay: what teh fuk
21:25:21 : Side: Sierra [SD]: everyone at full health?
21:25:25 : Direct: SAMI   svvay: yup
21:25:28 : Direct: LWB [SD]: there are no body markers here
21:25:34 : Direct: Colin: what
21:25:40 : Direct: Sierra [SD]: right form a circle
21:25:45 : Direct: matsa: I THINK SO
21:25:46 : Side: vicio: im not
21:25:55 : Side: vicio: 11400
21:26:00 : Direct: LWB [SD]: there are no dead body markers here 
21:26:05 : Direct: LWB [SD]: only outside
21:26:06 : Direct: Sierra [SD]: ok now?
21:26:09 : Direct: Stiefelriemen Bill: winans just got shot because there was someone in the base again and all the doors were locked
21:26:11 : Direct: Colin: under the floor?
21:26:14 : Direct: Sierra [SD]: fight to the death
21:26:15 : Side: vicio: ready
21:26:20 : Direct: Sierra [SD]: ready steady GO!!!!!
21:26:24 : Direct: LWB [SD]: winans is here
21:26:29 : Direct: Stiefelriemen Bill: yes
21:26:34 : Direct: LWB [SD]: and another outside
21:26:42 : Direct: Stiefelriemen Bill: and he said the killer was inside
21:27:02 : Direct: Stiefelriemen Bill: he already was inside the base 2 times without any doors open
21:27:03 : Direct: LWB [SD]: well I need a video of it really
21:27:15 : Direct: LWB [SD]: I cant say whether he was or not otherwise
21:27:28 : Direct: Stiefelriemen Bill: the only open door was this one here at me
21:28:01 : Direct: LWB [SD]: I would suggest you block the floor off as you can probably get in that way
21:28:03 : Side: Sierra [SD]: I will tp you all back here to get your gear. Matsa wins!!
21:28:04 : Group: Colin: he cant climb over the stone
21:28:07 : Direct: LWB [SD]: and the rock, as you can walk up it
21:28:08 : Group: ReaperZA: headshot
21:28:19 : Direct: Colin: it doesnt work, we triied
21:28:20 : Group: ReaperZA: u got any extra building supplies?
21:28:25 : Direct: Colin: you will die
21:28:29 : Side: Sierra [SD]: where to matsa?
21:28:38 : Direct: matsa: base
21:28:39 : Direct: Colin: you will glitch into the stone
21:28:43 : Direct: Sierra [SD]: do you have gear?
21:28:52 : Side: vicio: round 2? xD
21:29:05 : Side: Sierra [SD]: lol :D
21:29:21 : Direct: Sierra [SD]: where is your base?
21:29:37 : Direct: matsa: i marked on map
21:29:41 : Direct: LWB [SD]: you can get throgh floor
21:29:44 : Direct: LWB [SD]: I just did it
21:29:46 : Side: vicio: deathmatch over?
21:29:51 : Direct: Stiefelriemen Bill: isnt that against any rule?
21:29:55 : Direct: matsa: ty :D
21:29:59 : Direct: LWB [SD]: of course
21:30:06 : Direct: LWB [SD]: but I cant prroove it
21:30:11 : Direct: Sierra [SD]: np will wait until you get in safe
21:30:12 : Direct: Stiefelriemen Bill: so we know how he got in twice
21:30:17 : Direct: Colin: i try to make a video
21:30:20 : Direct: LWB [SD]: you need to block this area off
21:30:21 : Direct: Sierra [SD]: ok cool
21:30:23 : Direct: Colin: next time
21:30:29 : Direct: matsa: :D
21:30:30 : Side: vicio: admin, can i get my stuff back?
21:30:42 : Side: Sierra [SD]: yep was just sorting the winner out - ready for tp now?
21:30:50 : Direct: Colin: yes , we want ,but we need cinder
21:30:54 : Side: vicio: yes
21:31:06 : Side: Sierra [SD]: who else needs tp?
21:31:11 : Direct: Colin: yeah, his vody was at the position where you glitched in
21:31:26 : Direct: LWB [SD]: yeah makes sense, but its not there now
21:31:38 : Direct: LWB [SD]: I shall watch him, see if he does it again
21:31:49 : Direct: LWB [SD]: but if you can video that would be better
21:31:52 : Direct: Colin: mabye he hide his body at te second time
21:31:54 : Side: Sierra [SD]: Well that was fun! gg guys :) anyone else who joined in need a tp anywhere?
21:32:02 : Direct: Sierra [SD]: where can I tp you vicio?
21:32:07 : Direct: LWB [SD]: possible
21:32:07 : Direct: Colin: i will try
21:32:15 : Side: SAMI   svvay: Hey, I could need a tp for my gear^^
21:32:17 : Direct: Colin: to make a video
21:32:20 : Direct: vicio: balota
21:32:21 : Direct: Sierra [SD]: yep np
21:32:26 : Direct: LWB [SD]: even if you block that part with wire or soemthing
21:32:33 : Direct: Sierra [SD]: ok 1 sec
21:32:35 : Direct: LWB [SD]: it would hep
21:32:48 : Direct: Sierra [SD]: here svvay
21:32:49 : Direct: LWB [SD]: I mean help
21:32:50 : Side: matsa: GG guys! :D
21:32:52 : Direct: Colin: hmm,damn, no  wire here, but thx
21:33:03 : Direct: Sierra [SD]: this one
21:33:32 : Direct: LWB [SD]: Ok, well I shall try to watch him
21:33:40 : Direct: Winans: thank you
21:33:40 : Direct: Colin: yeah, thx for all
21:33:43 : Direct: LWB [SD]: ok
21:33:44 : Side: ReaperZA: /vote night
21:33:57 : Direct: SAMI   svvay: Could you give me a "lift" to my base?
21:33:59 : Side: ReaperZA: that not how its done?
21:34:00 : Direct: SAMI   svvay: :p
21:34:00 : Direct: Sierra [SD]: ok balota vicio - just a sec svaay and will tp you where you want to go
21:34:01 : Side: ReaperZA: lol
21:34:06 : Direct: SAMI   svvay: Cheers!
21:34:15 : Direct: vicio: ok
21:34:28 : Side: vicio: ty
21:34:29 : Direct: Sierra [SD]: gg :) see you later
21:34:54 : Direct: Sierra [SD]: green mountain?
21:34:57 : Direct: SAMI   svvay: Si senor :)
21:35:37 : Direct: SAMI   svvay: There we go, thank you!
21:35:40 : Direct: Sierra [SD]: gg :) - have fun!!
21:35:45 : Direct: SAMI   svvay: Thanks, thanks for the event!
21:35:54 : Direct: Sierra [SD]: np! c u later!
21:36:47 : Direct: Sierra [SD]: for taking part....
21:37:10 : Direct: Patriks: lol
21:37:15 : Direct: Patriks: scared me
21:37:20 : Direct: Sierra [SD]: :D
21:37:22 : Direct: Patriks: ty
21:37:23 : Direct: Sierra [SD]: c you later :D
21:37:47 : Direct: Sierra [SD]: for taking part...
21:38:01 : Side: ??????: patrick fuck you mother
21:38:07 : Side: SAMI   svvay: xd
21:38:21 : Side: Patriks: what?
21:38:50 : Direct: Sierra [SD]: for taking part
21:38:53 : Direct: vicio: almost kill you!
21:39:00 : Direct: Sierra [SD]: :P
21:39:04 : Direct: Sierra [SD]: c u later :)
21:39:21 : Direct: vicio: ty! xD
21:39:33 : Side: vicio: ty 
21:39:37 : Side: SAMI   svvay: I cant speak right now, players ^
21:39:42 : Direct: Sierra [SD]: for taking part
21:39:51 : Direct: Sierra [SD]: c u later :)
21:39:58 : Side: SAMI   svvay: Yea, thank you! See you
21:40:00 : Side: SAMI   svvay: :)
21:40:16 : Side: SAMI   svvay: :)
21:40:18 : Side: SAMI   svvay: Thank you
21:48:55 : Side: vicio: admin, you there?
21:52:44 : Side: Sierra [SD]: Right I'm in now, what's up?
21:53:22 : Side: vicio: whats your fps average?
21:53:49 : Side: Sierra [SD]: around 40 usually
21:54:16 : Side: vicio: im having fps problems in this server
21:54:27 : Side: Sierra [SD]: LWB's is closer to 60 - he has a better computer then me I think
21:54:33 : Side: vicio: 22 fps average, adn i have a decent pc
21:55:09 : Side: Sierra [SD]: ah okies. I'm not sure why that is. Even with all my admin tools running i dont usually drop below 40
21:55:11 : Side: vicio: i have core i5 3.1ghz, 8gb ram and gtx 1060
21:55:23 : Side: Sierra [SD]: getting 46 atm
21:55:29 : Side: bobaliny2: I stay at 30 because of my shit processor
21:55:30 : Side: CoNN: yeah performance isnt great on here
21:55:36 : Side: bobaliny2: fx6350 with a gtx1070
21:55:42 : Side: vicio: any video settings advice?
21:55:53 : Side: matsa: i somehow have 55fps
21:56:11 : Side: bobaliny2: I'm waiting for ryzen to launch to upgrade
21:56:17 : Side: bobaliny2: I though arma was multithreaded
21:56:27 : Side: SAMI   svvay: Ryzen seems dope
21:56:27 : Side: vicio: ok, cpu problems then?
21:56:49 : Side: bobaliny2: It is, it's utilizing all 6 cores on my comp
21:56:53 : Side: SAMI   svvay: Thats because it doesnt know which core to utilize
21:56:58 : Side: matsa: krt seems to be running low on recources
21:57:08 : Side: SAMI   svvay: ^agreed
21:57:18 : Side: bobaliny2: mmm gotta try that
21:57:40 : Side: vicio: im new at arma2, but a have played in other server with a better performance
21:58:15 : Side: vicio: bad english srry...
21:58:36 : Side: vicio: ok
21:58:58 : Side: bobaliny2: my fps just dropped when i limited affinity to one core :(
21:59:20 : Side: bobaliny2: 4.5 ghz
21:59:30 : Side: bobaliny2: fx6350 so shit icp tho
21:59:31 : Side: vicio: 3.1
22:00:02 : Side: SAMI   svvay: amd's old techs have terrible IPC
22:00:04 : Side: vicio: where is that option?
22:00:12 : Side: bobaliny2: na, I drop down to 13 on only one core
22:00:30 : Side: bobaliny2: maybe bc that core is being shared?
22:00:40 : Side: bobaliny2: Is there a way to make it so only arma gets that core?
22:01:09 : Side: bobaliny2: oh ew
22:01:21 : Side: vicio: ok i will google it
22:01:41 : Side: SAMI   svvay: You could also unpark your cores
22:03:29 : Side: vicio: 24/7 day server?
22:03:53 : Side: bobaliny2: everybody vote night
22:03:56 : Side: bobaliny2: night time is best time
22:04:02 : Side: SAMI   svvay: Hell yeah bob
22:04:12 : Side: vicio: how to vote?
22:04:25 : Side: SAMI   svvay:  /vote night 
22:04:28 : Side: Sierra [SD]:  /votenight or /voteday
22:04:40 : Side: vicio: /votenight
22:05:44 : Side: bobaliny2: vote night guys
22:05:53 : Side: Sierra [SD]: without the extra / vicio :)
22:05:59 : Side: SAMI   svvay: Vote Sierra!
22:06:01 : Side: SAMI   svvay: LWB!
22:06:03 : Side: SAMI   svvay: :D
22:06:09 : Side: bobaliny2: I'd suck a dick for night time
22:06:12 : Side: Sierra [SD]: lol :D I have voted
22:06:12 : Side: bobaliny2: and i don't have a gag reflex
22:06:14 : Side: Phaetta: Same ^
22:17:12 : Side: Phaetta: when can we purchase more plotpole space? 
22:21:11 : Side: Phaetta: Cool :D
22:21:22 : Side: SAMI   svvay: When will you test it? haha
22:22:18 : Side: SAMI   svvay: Hahahah, alrighty mate
22:22:22 : Side: [RussianMafia]Hatter: rr 5 min?
22:22:28 : Side: [RussianMafia]Hatter: restart?
22:22:38 : Side: Phaetta: do you need those 5 min now ;)
22:23:02 : Side: Phaetta: aww okaay ^^
22:23:04 : Side: Shade.: hello everyone 
22:23:12 : Side: Phaetta: Hello Shade :)
22:23:14 : Side: Shade.: hopefully this will be my new home :D
22:23:25 : Side: Phaetta: This is pretty dope server <3
22:23:28 : Side: Phaetta: Luv it 
22:23:44 : Side: Shade.: it seemed sexually atractive in the launcher
22:23:50 : Side: Shade.: xD
22:23:56 : Side: bobaliny2: This server doesn't have a gag reflex
22:23:59 : Side: matsa: :D
22:24:01 : Side: bobaliny2: so deepthroat it hard
22:24:15 : Side: Phaetta: xD
22:25:38 : Side: SAMI   svvay: See ya!
22:25:41 : Side: Shade.: you too :D
22:25:41 : Side: bobaliny2: Night bb
22:25:46 : Side: Turmoil: good night ^^
22:25:51 : Side: Colin: bye
22:28:41 : Side: Phaetta:  Vote night time pepz <3
22:29:28 : Side: bobaliny2: VOTE FOR NIGHT WEAKLINGS
22:30:42 : Side: matsa: vote vote <3
22:30:49 : Side: Phaetta: Vote for night!
22:30:56 : Side: Shade.: i voted night
22:31:00 : Side: Shade.: =D
22:31:03 : Side: Phaetta: ;D
22:31:16 : Side: [RussianMafia]Hatter: i too
22:31:25 : Side: SAMI   svvay: Nice hatter!
22:31:27 : Side: Phaetta: Good Hatter <3
22:32:30 : Side: SAMI   svvay: Vote night lads! /vote night
22:34:33 : Direct: SAMI   svvay: VOT ENIGHT
22:34:54 : Side: Phaetta:  Vote night :*
22:35:02 : Side: Phaetta: please
22:35:10 : Side: Phaetta: 3
22:37:32 : Side: bobaliny2: Are those russianmafia dudes bandits?
22:37:41 : Side: Phaetta: Some of them 
22:37:43 : Side: matsa: yes
22:37:50 : Side: Turmoil: yup
22:37:52 : Side: bobaliny2: What about the NN guy?
22:37:56 : Side: Turmoil: Ai
22:37:58 : Side: matsa: yep
22:37:58 : Side: Phaetta: NN is ai
22:38:14 : Side: bobaliny2: Wut.
22:38:20 : Side: Phaetta: Roaming ai
22:38:30 : Side: bobaliny2: i'm so confused
22:38:36 : Side: bobaliny2: did an ai just attack their base?
22:38:41 : Side: bobaliny2: is the base by novy theirs?
22:38:49 : Side: Shade.: prolbaly
22:38:49 : Side: Turmoil: the roaming ones can walk into a base yes
22:39:04 : Side: bobaliny2: oh
22:40:31 : Side: Johnny B: Im loosing blood but applied a bandage what?
22:40:45 : Side: SAMI   svvay: antibios
22:40:54 : Side: Turmoil: or food and drinks
22:40:55 : Side: Shade.: make sure you dont need to eat or drink
22:41:05 : Direct: Colin: thx
22:41:05 : Side: Shade.: also make sure your not freezing to death
22:45:15 : Direct: Shade.: :P
23:05:00 : Group: alexxx: /killmi
23:05:06 : Group: alexxx: killmy
23:05:19 : Group: alexxx: GOOD BYE CRUEL WORLD
23:08:12 : Group: Alex (2): killmy
23:08:23 : Group: Alex (2): /killmy
23:15:21 : Side: Turmoil: 2DIE4 - NO VSS? :O
23:15:37 : Side: BowDownYaBish: No
23:15:39 : Side: Lunatick : no
23:15:41 : Side: BowDownYaBish: He said
23:15:50 : Side: SAMI   svvay: 2DIE4 actually killing someone for once :p
23:16:05 : Side: BowDownYaBish: SAMI
23:16:13 : Side: BowDownYaBish: How didn't you kill me before xD?
23:16:19 : Side: BowDownYaBish: You were behind me :D
23:16:25 : Side: 2DIE4:  SO THATS HOW I GOT TO 121k NEG HUMANITYß  xd
23:16:26 : Side: SAMI   svvay: Simply G36C :p
23:16:43 : Side: SAMI   svvay: Whole mag of that does the same damage as one of your bullets
23:16:50 : Side: SAMI   svvay: So that explains it xd
23:16:53 : Side: Turmoil: it feels weird not to see you using a VSS 2DIE4, kinda become your trademark :D
23:16:57 : Side: BowDownYaBish: Aim for the head man :D
23:17:11 : Side: SAMI   svvay: Not easy when your head was covered by a tree :p
23:17:29 : Side: BowDownYaBish: :D
23:17:39 : Side: SAMI   svvay: ^^
23:29:32 : Group: Johnny B: Luke, grab bacon
23:30:17 : Side: [RussianMafia]Hatter: go go lut
23:30:32 : Side: [RussianMafia]Hatter: man my team 5 mens
23:32:37 : Group: alexxx: .killme
23:32:51 : Group: alexxx: GOOD BYE CRUEL WORLD
23:47:17 : Direct: Turmoil: hi there
23:47:25 : Direct: Colin: hello
23:47:34 : Direct: Turmoil: whats up?
23:47:36 : Direct: Colin: have fun with all the money ^^
23:47:45 : Direct: Turmoil: you were in the plane? :O
23:47:46 : Direct: Colin: want to buy a heli
23:47:55 : Direct: Colin: i had an mv 22 too
23:48:16 : Direct: Turmoil: oh, your the guy who just landed before me? or did you hide in the one i just sold?
23:48:40 : Direct: Colin: i landed before you
23:48:54 : Direct: Turmoil: you also found one? xD 
23:48:58 : Direct: Colin: but dont know which heli i have to buy
23:49:08 : Direct: Turmoil: depends what you intend to use it for
23:49:34 : Direct: Colin: no, the russian maffia guys made the mission, my mates and me killed them and stole it XD
23:49:43 : Direct: Turmoil: haha awesome
23:49:48 : Direct: Turmoil: those guys are... anoying 
23:49:56 : Direct: Colin: they are so bad....
23:50:04 : Direct: ReaperZA: 9292 is safe combi
23:50:08 : Direct: Colin: look, again one guy dead
23:50:25 : Direct: Turmoil: if you want a good transportation heli you should get the Merlin
23:50:40 : Direct: Colin: over 300 meter you are safe, they acnt hit you ovewr this distance ^^
23:50:48 : Direct: Turmoil: it has very good fuel, good room, it stores 15 guns, 200 items and 10 backpacks i think it was
23:51:02 : Direct: Turmoil: also you can airlift cars and other stuff with it
23:51:05 : Direct: Colin: hmmm, yes, but i need the money for basebuilding
23:51:23 : Direct: Turmoil: also you could go for the UH heli, same price but less armor fuel and storage
23:51:30 : Direct: Colin: atm you can glitch into it and we have to fix tis
23:51:38 : Side: M.K.: 1 tap
23:51:40 : Side: M.K.: :))
23:52:11 : Direct: Turmoil: you can buy the 1man little bird, only 60oz 
23:52:16 : Direct: Colin: need something fast to save the money
23:52:32 : Direct: Turmoil: i mostly use the mozzie becouse its cheap and i can afford to loose it if i get killed
23:52:58 : Direct: Colin: yes, think i will buy one of that
23:53:07 : Direct: Turmoil: and you can build it yourself from your toolbox if you have the tree main parts of it
23:53:23 : Direct: Colin: need one more fuetank
23:53:50 : Direct: Colin: you have one more fueltank for me?
23:54:03 : Direct: Turmoil: sorry, only have one for my own mozzie, but a mozzie is cheap 
23:54:17 : Direct: Colin: hmmm, k, thx
23:54:19 : Direct: Turmoil: just buy one, you got 3 briefs if you sold that plane ^^
