00:05:07 : Side: 2DIE4: NOOOOOOOOOOOOOOw
00:05:15 : Side: Faldehals: ??
00:05:29 : Side: M.K.: did he step on a mine
00:05:29 : Side: M.K.: XD
00:05:30 : Side: M.K.: ?
00:07:14 : Side: Turmoil: damn heli glitched... jumped into the air and exploded -_-
00:11:52 : Side: Turmoil: you out flying 2DIE4?
00:12:02 : Side: 2DIE4:  nope not me
01:00:02 : Side: Lancer_AUT: na zum glück weis ich wo du wohnst xd
01:00:12 : Side: 2DIE4: sry  
01:00:25 : Side: 2DIE4:  is noch bissl was da  auch der lerge gunbag
01:00:43 : Side: Faldehals: O_o der hots Boo agfasst
01:03:00 : Side: 2DIE4: could not .. had too much on me like 14 BCs 
01:03:55 : Side: Faldehals: und ich war schon mit 8 toapas unterwegs
01:04:19 : Side: 2DIE4:  ich auch aber net zu fuß  XD
01:04:39 : Side: Faldehals: mit rad fliegen war mir da zu auffällig
01:05:12 : Side: 2DIE4:  aut i paed your mozzi next to Turmoils chopper
01:05:21 : Side: 2DIE4:  i parked
01:51:53 : Side: Faldehals: who is that ?
01:53:05 : Side: Sergio: HEY! WHY MY SHOOT IN THE AIRPORT?
01:53:32 : Side: Faldehals: airport at a camp is one running i shoot the zombies 
01:57:12 : Side: Faldehals: who is the guy i saw at the novy lug camp with m24 desert ?
01:57:40 : Side: Sergio: WHO SHOT ME AT THE AIRPORT?
01:57:55 : Side: Faldehals: wich airport ?
01:58:36 : Side: Faldehals: there is a camp with ai no airfield
01:58:54 : Side: Faldehals: was that you with a m24 desert ?
01:59:37 : Side: Faldehals: wie immer nur deppen am start
02:00:24 : Side: Sergio: THEY ARE BOT OR PLAYERS?
02:00:35 : Side: Sergio: BOTS
02:00:45 : Side: Faldehals: bot at airfield if you mean the big one
02:01:51 : Side: Faldehals: who is driving ?
02:02:00 : Side: Faldehals: a red golf lol
02:03:25 : Side: Sergio: BAD SHOOTERS
02:03:30 : Side: Sergio: VERY BAD
02:03:50 : Side: Faldehals: caps !
02:04:17 : Side: Sergio: ?
02:29:39 : Side: Faldehals: 2die noch am start ?
02:29:53 : Side: 2DIE4: yap
02:30:18 : Side: Faldehals: das sind sicher deine freunde sind mit heli unterwegs oder warst du das
02:30:32 : Side: 2DIE4:  nö
02:31:57 : Side: Faldehals: wie weit bist mit base ?
02:32:22 : Side: 2DIE4:  heut nur gefarmt XD
02:36:28 : Side: Faldehals: 5m wow
02:36:43 : Side: Faldehals: sicher noch komplette mag reingeballert :)
02:39:46 : Side: Faldehals: was sagt eigentlich die bandbreite aus ?
02:40:03 : Side: 2DIE4: sry was? 
02:40:12 : Side: Faldehals: na unter df
02:40:19 : Side: Faldehals: unter dem ping
02:40:57 : Side: 2DIE4: ka bin müd 
02:41:13 : Side: Faldehals: k
05:18:55 : Side: Faldehals: o_O
05:19:12 : Side: -SDS- Gowther: guuuuten moooooorgäään
05:19:21 : Side: Faldehals: oioi
05:19:26 : Side: Faldehals: werd erst ma wach
05:19:41 : Side: -SDS- Gowther: Meine fahrzeuge sind immernoch zu
05:19:56 : Side: Faldehals: klar was hast du denn gedacht ?
05:20:24 : Side: -SDS- Gowther: Ich dachte dass die auf gehen nach server restard
05:20:43 : Side: Faldehals: aha
05:21:09 : Side: Faldehals: wennse inner savezone standen und zu dem pound geportet wären ja
05:21:18 : Side: -SDS- Gowther: ne
05:21:24 : Side: -SDS- Gowther: stehen sie nicht
05:21:33 : Side: -SDS- Gowther: aber was passiert jetzt damit?
05:21:36 : Side: Faldehals: das schlecht
05:22:05 : Side: Faldehals: die stehn so lange bise die periode haben dann sinds wech
05:22:16 : Side: -SDS- Gowther: Asoo okee
05:22:19 : Side: Faldehals: oder machse putt
05:22:36 : Side: -SDS- Gowther: ja dann komm ich aber auch nicht an den loot XD
05:23:01 : Side: Faldehals: musst wissen obs lohnt nen hotwirekit zu benutzen
05:23:19 : Side: -SDS- Gowther: Wv isn das kit wert?
05:23:56 : Side: Faldehals: willst nen mtvr hab den falschen gekauft bei klen
05:24:09 : Side: -SDS- Gowther: Ne danke
05:24:14 : Side: -SDS- Gowther: hau glei wieder ab
05:24:37 : Side: -SDS- Gowther: Habe keine waffe kein gar nix
05:24:49 : Side: Faldehals: aber dann hättest nen mtvr ?!
05:24:50 : Side: -SDS- Gowther: an den loot den wir als gruppe haben komme ich nicht ran
05:25:14 : Side: Faldehals: boah ey wie der erste mensch mach komm nach klen jetzt hopp
05:25:22 : Side: -SDS- Gowther: Ich mache mir jetzt nicht noch mal die arbeit waffen zu suchen usw.
05:25:46 : Side: -SDS- Gowther: Aber trotzdem danke echt lieb dass du ihn mir anbietest :D
05:25:48 : Side: Faldehals: laber nit komm einfach mit da scheisst glei uff dei kiste
05:26:18 : Side: Faldehals: das letzte worans hier mangelt sind guns
05:26:29 : Side: Faldehals: wo biste denn ?
05:26:31 : Side: -SDS- Gowther: Wie heißtn auf steam?
05:26:45 : Side: Faldehals: bin da offline immer 
05:26:56 : Side: -SDS- Gowther: Okee
05:27:14 : Side: Faldehals: bist ja immernoch nicht in klen
05:27:32 : Side: -SDS- Gowther: 5km laufen sich nicht so schnell
05:27:42 : Side: Faldehals: netma ne toolbox ?
05:27:48 : Side: -SDS- Gowther: aber bin jetzt eh weg, viel spaß dir noch :)
05:27:51 : Side: -SDS- Gowther: Ne XD
05:27:57 : Side: Faldehals: gut selbst schuld
06:02:17 : Side: Faldehals: maybe someone knows where i can get fertilizer ?
07:20:29 : Side: Faldehals: hey kev .. maybe you know where i can get fertilizer ?
07:21:30 : Side: Kev: uff.. ähm dont know rly, how do u need it for?
07:22:58 : Side: Faldehals: you can earn with the knive pumkins its idk how much time ago you can eat it but now you can idk in english pflanzen but you need it for
07:23:17 : Side: Kev: kannst auch deutsch reden ^^ 
07:23:24 : Side: Faldehals: pff
07:23:31 : Side: Kev: also willst du kürbis anbauen damit du was zum essen hast? 
07:23:37 : Side: Faldehals: nee nu mag ich nimmer
07:23:41 : Side: Kev: :D
07:23:44 : Side: Faldehals: ja ka wie das geht
07:24:06 : Side: Kev: gut, ist ne gute Frage aber Essen findet man doch eigentlich genug? 0.o
07:24:06 : Side: Faldehals: früher haste den einfach essen können jetzt haste samen
07:24:33 : Side: Faldehals: ja sicher aber hab das halt erst gesehn is klar jetzt will ich wissen wie :)
07:24:46 : Side: Kev: kann ich dir echt nicht sagen, sry ^^
07:24:59 : Side: Faldehals: sonnenblumen das selbe da weis ich aber noch net was bei rauskommt
07:26:05 : Side: Faldehals: bist das erste ma hier ?
07:26:16 : Side: Kev: nene, wir spielen schon lang hier, warum?
07:27:05 : Side: Faldehals: ach nur so dachte schon ich muss nu wieder aufhörn mit dem was ich mach weil wieder son kümmerlicher russ am start is hab da son glück ich treff im
07:27:15 : Side: Faldehals: auf die bei 2 mann aufm server
07:27:27 : Side: Faldehals: da hätte mich der homo doch fast überfahrn
07:27:42 : Side: Faldehals: ich weis nitma ob der mich gesehn hatte
07:27:56 : Side: Kev: ja... davon gibts einige hier ^^ aber keine Sorge ich mach nix falls ich dich sehe
07:28:12 : Side: Faldehals: peinlich stell dir vor 3 mann und der überfährt mich und hats nitma mitbekommen
07:28:33 : Side: Kev: das ist echt lächerlich
07:28:51 : Side: Faldehals: is grad 2m an mir vorbei ich hab im gras geleb
07:28:57 : Side: Faldehals: gelegen
07:29:01 : Side: Kev: war das heut?
07:29:19 : Side: Faldehals: nee is schon 3oder 4 tage her
07:29:28 : Side: Kev: achso
07:30:30 : Side: Faldehals: du sagtest schon länger .. wechselt ihr immer den namen oder hab dich glaub noch net hier gesehn :/
07:31:06 : Side: Kev: naja glaube 3 Wochen, und ne heiße immer so. Sind zu 3t. Michael, Legend & ich
07:31:18 : Side: Faldehals: bei den russenkindern ists mir klar so unbelieb wie die sich hier machen 
07:31:25 : Side: Faldehals: ahh ja legend habsch scho gesehn
07:31:42 : Side: Kev: yo
07:31:51 : Side: Kev: der sollte auch bald kommen ^^
07:32:08 : Side: Faldehals: nein alles meins alles meins ...lol
07:32:24 : Side: Kev: ^^  Bist du schon am Base bauen oder noch nicht so weit?
07:33:02 : Side: Faldehals: hab mir ma nen mtvr geholt und mach das eine camp will ma wissen was da an geld bei rauskommt wobei das es letzte is was ich brauch lol
07:33:54 : Side: Kev: das medical camp? Naja auf jeden Fall die Waffen von den Bots mitnehmen sonst kommt kaum geld bei raus
07:34:09 : Side: Faldehals: nee an der küste
07:34:17 : Side: Faldehals: da sind keine ai
07:34:17 : Side: Kev: achso
07:34:29 : Side: Kev: ahh, pass besser auf
07:34:40 : Side: Faldehals: öhh wie meinst ?
07:34:44 : Side: Kev: beim Dichnia Camp, oben bei Vybor da laufen auch oft 2-3 Bots rum
07:34:56 : Side: Faldehals: ja da schon novy lug auch
07:35:06 : Side: Kev: gut ^^
07:35:14 : Side: Faldehals: aber gestern sacht sierra da gibts keine 
07:35:19 : Side: Kev: ah ok
07:36:00 : Side: Kev: naja geldprobleme hatten wir auch schnell los hier, hatten den russen ziemlich zu beginn 2x 20BC abgenommen ^^
07:36:49 : Side: Faldehals: ich zock mit lancer hier der hatn safe mit 67 bc gefunden und nen andern mit 8 topas
07:37:01 : Side: Faldehals: und ka was noch für steine
07:37:04 : Side: Kev: haha :D Ach Lancer_AUT? 
07:37:10 : Side: Faldehals: ja warum ?
07:37:17 : Side: Kev: seid ihr beide Österreicher?
07:37:22 : Side: Faldehals: ich net aber der
07:37:32 : Side: Faldehals: zock aber schon dicke 8 jahre mit dem
07:37:36 : Side: Kev: achso, frage nur, weil Michi und Legend auch Ösi sind
07:37:44 : Side: Faldehals: O_o
07:37:47 : Side: Faldehals: lol
07:39:40 : Side: Faldehals: könn ja nexte zeit ne helistaffel machen bekommt jeder son kleinen mit guns mit 5 man geht das bestimmt ab lol
07:39:48 : Side: Kev: haha
07:40:54 : Side: Faldehals: ei ja wohin sonst mit dem geld wird als mehr baun kannst ja nimmer richtig wird ja sonst langweilig
07:41:10 : Side: Faldehals: und ich bin eigentlich ma garnet der bandit
07:41:25 : Side: Kev: das stimmt, frage mich eh warum es die letzten paar Tage so wenig Spieler sind.
07:41:45 : Side: Kev: vor der Woche kamen wir an machen Tagen nicht auf den server weil er voll war
07:42:40 : Side: Faldehals: die ändern ja als was und ich denk es liegt daran 7 tage und dann kannst noch zerstörn voll beschrängt noch nie gesehn echt
07:43:16 : Side: Kev: meinst jetzt die base, wenn man sie nicht maintained?
07:43:53 : Side: Faldehals: ja sindse nach 7 tagen wech und zerstörn kannste se immer garage bekommst mit suv amo etwa mit 1,5k schuss auf
07:44:42 : Side: Kev: ja.. das stimmt.. wenn man in ne Base will, schafft man es auch. Und zack haben die dann keine Lust mehr ist ja i.wie klar
07:46:02 : Side: Faldehals: ich glaub m107 as50 anzo 20 kannst nur kaufen hab noch keine gefunden und mach schon ne zeit jetzt hier rum
07:46:30 : Side: Faldehals: oh ne fnfal nv
07:46:44 : Side: Kev: Haha lol, ich lauf auch die Ganze Zeit rum und suche alles dergleichen... Ich hasse es mit M110 rumzurennen, will endlich wieder Lapuas haben
07:47:05 : Side: Faldehals: ja die findest da hab ich schon welche
07:47:26 : Side: Kev: dann mögen die mich einfach nicht..
07:47:45 : Side: Faldehals: da gabs ma nen bug mit rangefinder wechseln scope ka da hatte das auf einmal nv scope
07:48:02 : Side: Kev: naja, nv braucht man ja hier nicht ^^
07:48:25 : Side: Faldehals: mag ich eigentlich auch net nur tag is öde
07:48:37 : Side: Kev: stimmt
07:49:16 : Side: Faldehals: ohh ha is bald voll die kiste
07:50:13 : Side: Kev: bei mir ähnlich.. nur leider kein lapuas... nur mk mod u.a. was wir genug haben
07:51:07 : Side: Faldehals: hab ne scheune zugebaut waren 5 safes und lockboxen drinne aber auch nur das beste ksvk dmr und m110
07:51:31 : Side: Faldehals: aber bei allen 20 von 20 
07:51:34 : Side: Kev: von dir jetzt oder wie meinste?
07:52:03 : Side: Faldehals: nee die war halb zerfallen dann hab ich da ne tür rein und gewartet bis die dinger aufgingen
07:52:21 : Side: Kev: wann gehen die safes denn auf???
07:52:29 : Side: Faldehals: ja nach 7 tagen
07:52:50 : Side: Faldehals: mit der combi 0000
07:53:00 : Side: Kev: oh, alles klar
07:53:14 : Side: Faldehals: und die boxen mit rot 00
07:53:37 : Side: Kev: wenn die eigentlich eigentümer ihre Base nicht maintained haben?
07:54:08 : Side: Faldehals: z.b. oder safes im wald eben 7 tage nicht benutzt wurden
07:54:21 : Side: Kev: aha alles klar.
07:54:36 : Side: Kev: dann muss ich direkt mal schauen ob das bei unseren opfern möglich ist ^^
07:55:55 : Side: Faldehals: noch 6 guns dann geht nix mehr rinn
07:56:28 : Side: Kev: weißt du wie das mit den CCO Aufsätzen geht, die man finden kann? Kann ich die auf jede Waffe raufhauen?
07:57:07 : Side: Faldehals: ne schau beim händler attachments da steht wenne anklickst wo die draufgehn
07:57:22 : Side: Kev: alles klar
07:59:00 : Side: Faldehals: vorhin ohne mtvr war alles voll mit mg`s jetzt echt allen scheiss
07:59:18 : Side: Kev: karma ^^
07:59:55 : Side: Faldehals: alles voller rucksäcke aber wehe wenne ma einen brauchst lol
08:00:24 : Side: Kev: :D
08:02:53 : Side: Faldehals: 202 zombies net ein hotwirekit
08:03:11 : Side: Kev: die gehen ja nur bei vehicles oder?
08:03:32 : Side: Faldehals: ja langt doch wenne nen heli klaun kannst
08:03:41 : Side: Kev: stimmt
08:09:03 : Side: Kev: Wenn man das Plot pole aus ner Base entfernt, ist der Base code dann auch direkt 0000?
08:09:12 : Side: Kev: *safe
08:10:02 : Side: Faldehals: nein aber du kannst den neu setzen alles übernehmen und damit die leute hindern dranzukommen
08:10:32 : Side: Kev: ne, man kommt ja nicht an den Safe ran. Man kann ihn nur abbauen wenn er offen ist
08:10:56 : Side: Faldehals: ja aber du übernimmst die base
08:11:05 : Side: Faldehals: der kommt dann nicht mehr an den safe
08:11:21 : Side: Kev: und dann quasi die 7 tage warten..
08:11:24 : Side: Kev: hm stimmt
08:11:30 : Side: Faldehals: genau
08:11:43 : Side: Kev: kurz kaffee holen
08:21:25 : Side: Laurence Gommersil: Hey 2DIE4!
08:21:57 : Side: 2DIE4: hey
08:22:07 : Side: Kev: ouh the legend himself is on :D
08:22:30 : Side: 2DIE4: lol  
08:22:51 : Side: Laurence Gommersil: 2DIE4 can we be team so if we see eachother we dont kill or if you kill me i can have stuff?
08:22:56 : Side: Kev: yo 2die4 u saw what happend to the russians?
08:23:13 : Side: 2DIE4:  yapd
08:23:14 : Side: Faldehals: lol nen mtvr am jetskie
08:23:34 : Side: Laurence Gommersil: Me and prismic killed the russian mafia
08:23:42 : Side: Kev: xDDDDDDDDDD
08:23:43 : Side: 2DIE4:  ill leave ya stuff if i kil u  =)
08:23:56 : Side: Laurence Gommersil: thanks 
08:24:11 : Side: Kev: i'd say u 2 did nothing because we crashed their whole base
08:24:19 : Side: 2DIE4:  well .. u didnt accidentlially raid my base aswell?
08:24:58 : Side: Kev: no, we dont raid any correct persons.. u got raidet?
08:25:23 : Side: 2DIE4:  welll yap a lil 2 nights ago and the armed SUV gone 
08:25:34 : Side: 2DIE4:  but hey its parof the game 
08:25:56 : Side: 2DIE4:  only sad thing is that ppl raid when there is no resistance... 
08:26:12 : Side: Kev: well ofc.. But i can tell u it wasnt us
08:39:51 : Side: Faldehals: naja der bringer wars net etwa 4 bc 2 lapua ne m110
08:40:00 : Side: Kev: geht doch^^
08:50:05 : Side: Faldehals: langt netma fürne m107
08:51:20 : Side: Faldehals: will wern mtvr ?
08:53:32 : Side: Faldehals: geht der liften mit nem littlebirde
08:53:44 : Side: 2DIE4: yap
08:53:52 : Side: Faldehals: na dann
08:57:35 : Side: Faldehals: lol der kost ja nen bc na da bin ich doch zu geizig
08:57:53 : Side: Kev: 2die4 bist du etwa auch deutsch? :D
08:58:16 : Side: 2DIE4: +
09:05:09 : Side: Kev: faldehans?`
09:05:15 : Side: Faldehals: pfff
09:05:23 : Side: Kev: ändern sich die door codes auch, wnn man 7 tage nicht da war?
09:05:31 : Side: Faldehals: ja
09:05:36 : Side: Kev: auch in 000?
09:05:43 : Side: Faldehals: einfach ma auf öffnen
09:06:03 : Side: Kev: okaaay
09:06:11 : Side: Faldehals: möglich schon beim übernehmen ka
09:06:50 : Side: Kev: naja weiß bis jetzt nicht wo das pole ist
09:07:03 : Side: 2DIE4:  wat suchst du denn?
09:07:20 : Side: Faldehals: wer schlau ist bautn safe drüber
09:07:50 : Side: Kev: Habn ne alte runtergekommene base gefunden und wollen uns mal die safes anschauen
09:08:17 : Side: 2DIE4:  sag mir welcher dann kann ich dir eventuelll sagen wo der pole is
09:09:21 : Side: Kev: die holz base bei vybor
09:10:07 : Side: 2DIE4:  der plot steht doch offen da oder net? w
09:10:26 : Side: Kev: hab noch net geschaut ^^
09:10:31 : Side: Faldehals: wenn er denn überhaupt noch steht versuch ma was zu baun
09:11:30 : Side: Faldehals: lol ?
09:11:43 : Side: Faldehals: selbst in den fuss geballert ?!
09:14:46 : Side: Faldehals: vom dach gefallen ?
09:15:09 : Side: 2DIE4:  so ungefähr
09:17:56 : Side: Faldehals: da is ja einer
09:18:11 : Side: 2DIE4:  was denn?w
09:18:19 : Side: Faldehals: miningrock
09:19:22 : Side: Faldehals: silber
09:19:34 : Side: Faldehals: citrine
09:19:52 : Side: Faldehals: mööp
09:20:17 : Side: Faldehals: hast dein suv wieder ?
09:20:22 : Side: Kev: ist unser ^^
09:20:28 : Side: Kev: sponsored bei russia
09:20:31 : Side: Faldehals: ahh .. aufgemotzt ?
09:20:41 : Side: Kev: ne warium
09:20:51 : Side: Faldehals: lol ich hab meinen voll aufgemotzt 
09:21:05 : Side: Kev: wir finden keine 1er dokumente
09:21:14 : Side: Faldehals: hab alle 4ma mindestens
09:22:30 : Side: Faldehals: kann euch geben wenn ichr wollt das beste is eh die ablage 400 plätze 
09:22:41 : Side: Kev: wtf wie nnice
09:22:55 : Side: Kev: und der offroad speed is geil
09:23:08 : Side: Faldehals: glaub 40 oder 50 waffen
09:23:23 : Side: Kev: können wir dir da was abkaufen
09:23:24 : Side: Faldehals: ka hab nur eingebaut aber noch net gefahrn lol
09:24:47 : Side: Faldehals: citrine nur 2 bc naja
09:34:23 : Side: Kev: jemand schon die base beei 030/086 gelootet? Die safes gehen nicht auf
09:34:44 : Side: 2DIE4:  DIE SIND NOCH NET GAR
09:34:54 : Side: Kev: gar?
09:35:11 : Side: 2DIE4:  FERTIG ZUM ÖFFNEN
09:35:27 : Side: Kev: nicht wirklich, safes gehen nicht auf
09:42:12 : Side: Faldehals: mozzies auch ständig nen andern sound
09:43:39 : Side: Faldehals: lol der eine von der tür erschlagen und du kev ?
09:43:53 : Side: Legend: treppe ^^
09:44:15 : Side: Faldehals: lol
09:44:31 : Side: Lancer_AUT: bei mir wars aber ne böse tür
09:45:48 : Side: Kev: war nicht die treppe, war depression das die safes alle zu sind...
09:46:12 : Side: Faldehals: n dokument bei soner versogungskiste
09:46:28 : Side: Faldehals: wartung
09:46:44 : Side: Kev: was kann wartung
09:46:48 : Side: Faldehals: ka
09:46:57 : Side: Kev: gut :D
09:46:58 : Side: Faldehals: brauchst metallwände 2 für
09:48:15 : Side: Kev: 0000 hattest du ja gesagt oder?
09:48:23 : Side: Faldehals: ahh nochn miningrock
09:49:58 : Side: Faldehals: nix drinn wo seid ihr bring dir das buch schonma
09:51:44 : Side: Fontes: sorry legend you scared the shit out of me :D
09:51:54 : Side: Legend: shoot first, ask later
09:51:58 : Side: Legend: nice :D
09:52:06 : Side: Kev: is this ur base?
09:52:08 : Side: Legend: but next time make sure to kill me ^^
09:52:17 : Side: Fontes: yeah lol
09:52:54 : Side: Legend: who are your mates?
09:52:56 : Side: Fontes: my sound was gone so tried to fix it and then i saw you
09:53:12 : Side: Kev: wtf, thought its not used anymore because its looks like shit
09:53:14 : Side: Fontes: svay sami , joshua , matsa 
09:53:22 : Side: Fontes: yeah its our old base
09:53:50 : Side: Faldehals: und so ugly das die gun von alleine geballert hat hehe
09:54:20 : Side: Kev: kay, ur plot is upstairs. U can rebuild it easylie. Didnt want to raid any persons that still playing
09:54:55 : Side: Fontes: nah its ok man , my gear is still there need to move it to the new base
09:56:14 : Side: Faldehals: wollt ihr nu dieses scheiss buch sonst müssta warten 
09:56:20 : Side: Kev: wo bist
09:56:45 : Side: Faldehals: stary
09:56:50 : Side: Kev: 2min
09:58:53 : Side: Kev: dank dir
09:59:03 : Side: Faldehals: andern bekommst auch noch nur will langsam of
09:59:18 : Direct: Kev: Man muss ja immer, mit dem Teil 1 anfangen oder?
09:59:52 : Direct: Faldehals: ich glaub das hatte ich net 
10:00:03 : Direct: Kev: war ja nur ne allgemeine frage?
10:00:04 : Direct: Faldehals: stell dich neben die kiste und versuchs
10:00:14 : Direct: Faldehals: kannst hier kaufen den scheiss den du brauchst
10:00:55 : Direct: Kev: ne, fehlt teil 1
10:01:02 : Direct: Kev: kein upgrades vorhanden steht da
10:01:12 : Direct: Faldehals: ich holse 
10:01:17 : Direct: Faldehals: bis glei
10:08:31 : Side: Faldehals: komm
10:08:41 : Side: Legend: nice danke
10:12:10 : Direct: Faldehals: da
10:12:28 : Direct: Faldehals: wie schnell muss die c130 sein um abzuheben ?
10:12:28 : Direct: Kev: alles klar, dank dir vielmals
10:12:35 : Direct: Kev: ca 120
10:12:51 : Direct: Faldehals: seht ja glei obse schnell genug war
10:12:58 : Direct: Kev: D
10:39:06 : Side: Turmoil: morning guys ^^
10:39:09 : Side: 2DIE4:  hi
10:39:12 : Side: Kev: yoyo
10:41:31 : Side: Faldehals: woher bekomm ich dünger ?
10:41:44 : Side: Lancer_AUT: von ner kuh
10:46:05 : Side: 2DIE4:  hallo chopper  at NWA 
10:46:13 : Side: Kev: hai
10:48:23 : Side: Fontes: whatcha doin choppa :D
10:48:52 : Side: Kev: we're just retarding around
10:53:19 : Side: Turmoil: hey im shooting zombies and you shoot me... thats not fair is it? lol
10:53:21 : Side: Turmoil: im a hero
10:53:36 : Side: Turmoil: lol
10:53:39 : Side: Kev: ok i wont shoot u
10:53:47 : Side: Kev: if u dont shoot m
10:54:00 : Side: Turmoil: i never shot at him :) just curious about what you guys are doing at my neighbour
10:54:18 : Side: Kev: we were watchis whos base is this
10:54:25 : Side: Kev: *wathcing
10:54:39 : Side: Turmoil: the one you landed infront if is Prismic :)
10:54:54 : Side: Turmoil: The one on the lake is Jesse, he is also Hero like me :)
10:55:06 : Side: Kev: k then
10:55:21 : Side: Fontes: if you put a marker on the map how can you see it 
10:56:09 : Side: Turmoil: you can shift and click map to place a point only you see :) with the range to target
11:30:48 : Direct: Fontes: hey man
11:30:58 : Direct: Faldehals: hey
11:46:03 : Side: Lancer_AUT: ho in the chopper
11:46:17 : Side: Kev: ach du sägst da rum
11:46:43 : Side: Lancer_AUT: kannst mal aufs dach fliegen der braucht was zum essen 
11:46:51 : Side: Turmoil: language please
11:47:04 : Side: Lancer_AUT: fly to the top they need food
11:47:15 : Side: Kev: nothing left ^^
12:01:23 : Side: alexxx: hi Sir
12:02:12 : Side: alexxx: sir accept
12:03:09 : Side: alexxx: sir ???/
12:04:35 : Side: alexxx: sir ?
12:05:47 : Side: alexxx: sirrrrr
12:07:34 : Side: alexxx: sir 
12:07:46 : Side: alexxx: come in group
12:11:38 : Side: Fontes: hi
12:11:48 : Side: alexxx: hi
12:11:52 : Side: alexxx: fontes team ?
12:12:21 : Side: Fontes: well i already have team with some other guys but theyre gone at the moment
12:12:29 : Side: alexxx: me too
12:18:28 : Side: alexxx: sir ?
12:18:55 : Side: Fontes: yeah ?
12:19:08 : Side: alexxx: not u is a player with name Sir xD
12:19:12 : Side: Fontes: ah
12:19:26 : Side: alexxx: fontes team only for convoy ?
12:25:44 : Side: Fontes: sorry alexx busy with some other stuff at the moment
12:26:13 : Side: alexxx: ok
12:26:24 : Side: Fontes: you got a base?
12:26:42 : Side: alexxx: no
12:27:14 : Side: alexxx: man
12:27:22 : Side: alexxx: can u give me some bandajes
12:28:34 : Side: alexxx: i can come at you if u want
12:29:01 : Side: Fontes: i can come in about 10 mins
12:29:31 : Side: alexxx: u make your base ?
12:49:04 : Side: alexxx: sir
13:01:47 : Side: alexxx: fontes
13:02:21 : Side: Fontes: yeah
13:02:34 : Side: alexxx: at next convoy help me ?
13:03:39 : Side: Fontes: well my car just blew up
13:04:33 : Side: Sir LongSleeves: alexxx this is not sir gaming, im his girlfriend, can't help you sorry 
13:04:40 : Side: alexxx: ok
13:05:00 : Side: Fontes: your from the neterlands right ?
13:05:18 : Side: Sir LongSleeves: yeah
13:05:27 : Side: Fontes: province?
13:05:31 : Side: Winans: frikandel spezial plz
13:05:37 : Side: Fontes: :D
13:05:41 : Side: Sir LongSleeves: sir or his girlfriend?
13:05:48 : Side: Fontes: you
13:06:02 : Side: Sir LongSleeves: south-holland
13:06:55 : Side: Sir LongSleeves: why?
13:07:03 : Side: Fontes: just a question
13:07:26 : Side: Sir LongSleeves: ok
13:07:44 : Side: Winans: small talk denied
13:07:51 : Side: Winans: FeelsBadMan
13:08:00 : Side: Sir LongSleeves: XD
13:08:43 : Side: Sir LongSleeves: (sits here, watching his girlfriend game, and im lmao)
13:09:09 : Side: Winans: can i kill her at ur pobeda base? Kappa
13:09:18 : Side: Sir LongSleeves: no!
13:09:24 : Side: Sir LongSleeves: said she
13:09:38 : Side: Winans: she wants my D...
13:09:40 : Side: Winans: MR
13:09:43 : Side: Winans: sry
13:09:47 : Side: Winans: i ment DMR
13:10:28 : Side: Sir LongSleeves: no we already have bigger....
13:10:50 : Side: Sir LongSleeves: guns than your little D...
13:10:56 : Side: Winans: :(
13:10:58 : Side: Sir LongSleeves: i mean DMR
13:11:03 : Side: Winans: sure Kappa
13:11:14 : Side: Fontes: oh the jokes
13:11:34 : Side: Winans: had lunch with a clown
13:11:36 : Side: Winans: so...
13:13:25 : Side: Fontes: does anybody need a gun or some ammo ? :D
13:13:48 : Side: Sir LongSleeves: im good thns
13:13:54 : Side: Sir LongSleeves: thnx
13:14:17 : Side: Winans: no thx... dont need ammo for cracking bases 
13:14:49 : Side: Sir LongSleeves: you at the dam?
13:15:00 : Side: Winans: no
13:15:09 : Side: Sir LongSleeves: aw too bad
13:15:25 : Side: Winans: hard to crack cinder or metal with a chainsaw
13:15:29 : Side: Sir LongSleeves: there is a nice base you can take over
13:15:43 : Side: Winans: which ?
13:15:45 : Side: Sir LongSleeves: it has plywood roof
13:16:19 : Side: Sir LongSleeves: dont know who's it is
13:16:24 : Side: Winans: yeah... there are like 3-4 bases in that area
13:16:36 : Side: Winans: that are begging for attention
13:16:44 : Side: PRISMIC: what the fuck are u doing tim
13:16:56 : Side: Sir LongSleeves: i dont  know who they belong too, my BF knows
13:17:19 : Side: Sir LongSleeves: o he says they friendly
13:17:33 : Side: Sir LongSleeves: touch em and he will hunt you
13:17:36 : Side: Winans: who?
13:17:40 : Side: Winans: im not worried :D
13:18:02 : Side: PRISMIC: well done tims gf "clap"
13:18:05 : Side: alexxx: hi sir
13:18:06 : Side: Winans: i am not trying to raid heros tho
13:18:31 : Side: Sir LongSleeves: they all hero bases there he says
13:18:43 : Side: Sir LongSleeves: still not sir
13:18:54 : Side: Winans: a bandit needs a name :D
13:18:57 : Side: Sir LongSleeves: still his gf
13:19:22 : Side: PRISMIC: why dont u make ur own acccount
13:19:43 : Side: Sir LongSleeves: why would if i don"t play that much?
13:20:31 : Side: PRISMIC: why play then
13:20:41 : Side: Winans: why not
13:20:43 : Side: Winans: wtf
13:20:44 : Side: Sir LongSleeves: cause i can
13:21:30 : Side: PRISMIC: didnt mean it  like THAT XD
13:21:47 : Side: Sir LongSleeves: how did you mea nit
13:21:52 : Side: Sir LongSleeves: mean it
13:22:29 : Side: PRISMIC: why dont u start ur own  account ? and get time to help you  ?
13:22:46 : Side: PRISMIC: more fun  foru then  because u could start fresh?
13:23:11 : Side: Sir LongSleeves: you won't start fresh on the same laptop
13:23:23 : Side: Sir LongSleeves: we tried that already
13:23:42 : Side: PRISMIC: oh yea didnt think of that lol
13:24:46 : Side: PRISMIC: sorry  didnt seethat say agaihn
13:31:19 : Group: II TheElite II: What's up? :)
13:34:54 : Side: alexxx: lwb
13:39:58 : Side: Cristi: Does spawning as hero work?
13:40:20 : Side: II TheElite II: Yea it does
13:40:36 : Side: Cristi: Cause I think I got no loot when I did, just some roadflaers, I?ll try again
13:41:02 : Side: Cristi: /kill was the command? 
13:41:13 : Side: II TheElite II: I think thats just coincidence
13:41:29 : Side: II TheElite II: Not sure about the command
13:57:14 : Group: PRISMIC: ellete can i have a favour
13:57:39 : Group: II TheElite II: Sure, whats up?
13:57:53 : Group: PRISMIC: hang on brb
14:01:37 : Group: PRISMIC: sprry back can i get a lift i lagged out at traider
14:01:43 : Group: PRISMIC: in my heli
14:01:57 : Group: PRISMIC: and spwned with out it ?
14:02:18 : Group: II TheElite II: Yea sure im here by bicycle but i can get my uh1h
14:02:48 : Group: PRISMIC: cheers bro could u drop us at  heli trade i have 3 topaz on me dont want to die xd
14:03:11 : Group: II TheElite II: Yea sure! Give me a second to get my chopper :P
14:03:31 : Group: PRISMIC: kk XD
14:08:53 : Group: II TheElite II: Come again?
14:09:06 : Side: PRISMIC: TO HELI TRADER?
14:09:27 : Group: II TheElite II: Is that on airfield or hero trader? :P
14:09:46 : Group: PRISMIC: look in gear 
14:10:01 : Group: II TheElite II: Thank you so much!
14:10:06 : Group: PRISMIC: np
14:10:09 : Group: II TheElite II: Where is it exactly?? :P
14:10:55 : Group: PRISMIC: here land next to hanger
14:11:38 : Group: PRISMIC: cheers bro
14:11:42 : Group: II TheElite II: Cheers!
14:12:06 : Group: PRISMIC: np
14:30:13 : Side: PRISMIC: admin
14:30:37 : Side: Stiefelriemen Bill: no admins online
14:47:35 : Side: Cristi: Are zombies normally found dead in camps?
14:47:44 : Side: 2DIE4:  decoration
14:47:48 : Side: Cristi: k
15:01:41 : Side: Cristi: Atrq and INST on an heli how can be fixed?
15:01:44 : Side: Cristi: scrap?
15:01:49 : Side: 2DIE4: scrap metal
15:01:56 : Side: Cristi: k
15:01:58 : Side: 2DIE4:  u dont need inst
15:03:39 : Side: PRISMIC: WHATS THE HIGHEST U CAN FLY ?
15:03:48 : Side: Cristi: Sky is the limit
15:03:48 : Side: 2DIE4: som around 1300
15:04:02 : Side: Cristi: I went over 1000 in a black hawk once
15:04:04 : Side: PRISMIC: CHEERS BROW
15:04:09 : Side: 2DIE4: np
15:04:27 : Side: PRISMIC: U BANDIT ?
15:04:38 : Side: 2DIE4: who?
15:04:39 : Side: Cristi: Who are you asking? Me or Die?
15:04:48 : Side: PRISMIC: BOTH 
15:04:56 : Side: 2DIE4:  im just a lil bit bandit maybe
15:05:07 : Side: Cristi: I'm hero/survivor
15:05:13 : Side: PRISMIC: who shot me in heli ?
15:05:17 : Side: Cristi: I want to be hero but I kill when I get a chance :)) 
15:05:26 : Side: Cristi: Pff, there are enough bandits around
15:05:32 : Side: Cristi: Maybe you flew above a base
15:05:34 : Side: PRISMIC: init
15:05:37 : Side: Cristi: Maybe you flew above NPCs
15:05:40 : Side: 2DIE4:  ask Turmoil im a pretty fair bandit  =)
15:05:48 : Side: PRISMIC: yh coming back dont shoot please x
15:06:01 : Side: Cristi: I wouldn't do that if I were you but meh :P 
15:06:26 : Side: PRISMIC: is that a okay aha xd
15:07:01 : Side: Cristi: Heli crash incoming.
15:07:10 : Side: Cristi: "PRIMISC is losing connection"
15:23:50 : Side: Cristi: Mission?
15:25:46 : Side: M.K.: dude rly?
15:25:55 : Side: M.K.: everytime ur camping some mission
15:26:00 : Side: 2DIE4:  i see ya mate =9
15:26:00 : Side: M.K.: like everytime
15:26:03 : Side: M.K.: lel
15:26:08 : Side: 2DIE4:  lol i did it 
15:26:13 : Side: M.K.: rly?
15:26:16 : Side: 2DIE4:  i was there way b4 you guys
15:26:20 : Side: Cristi: La ce misiune erai?
15:28:22 : Side: M.K.: can i take my gear or?
15:28:38 : Side: 2DIE4:  tell ya friend to leave on a bike passing the mission
15:28:53 : Side: 2DIE4:  will not shoot then
15:28:54 : Side: M.K.: nah i wont trust you
15:29:00 : Side: M.K.: plus we're 3
15:29:04 : Side: 2DIE4:  u got my word on it
15:41:14 : Side: 2DIE4: go take it  gotta get teh door
15:51:53 : Side: alexxx: hi
15:51:58 : Side: Cristi: You in stary?
15:52:01 : Side: alexxx: nice suv no ?
15:52:03 : Side: Cristi: ye
15:52:20 : Side: Cristi: you ro?
15:52:40 : Side: alexxx: Da
15:52:53 : Side: Cristi: esti cu mk?
15:53:08 : Side: alexxx: yes
15:53:18 : Side: Cristi: k
16:02:16 : Group: Cristi: aici
16:02:19 : Group: Cristi: aici
16:22:21 : Side: Cristi: can mozzie tow?
16:22:29 : Side: Turmoil: nope :)
16:23:26 : Side: Cristi: how much is it?
16:23:47 : Side: Turmoil: the mozzie?
16:23:47 : Side: Cristi: the mozzie
16:24:09 : Side: M.K.: mozzie the
16:24:41 : Side: Turmoil: not much, you can buy a fuel tank, main rotor and engine parts at trader for 12 gold i think it is... then you can build one from toolbox
16:24:53 : Side: Turmoil: or pay 8 gold i think it is at airfield trader
16:25:06 : Side: Turmoil: then you get one with a key but that one cant be packed down
16:25:12 : Side: Cristi: gray little bird can tow?
16:25:34 : Side: Turmoil: think only the big helis can tow, UH-60, Merlin, Mi-17 
16:25:42 : Side: Cristi: the black little bird can
16:25:46 : Side: Cristi: what about towing other helis?
16:26:26 : Side: Turmoil: think you can tow pretty much all vehicles in the game as long as they are not locked
16:34:37 : Side: PRISMIC: turmoil accept group invite?
16:48:00 : Side: Cristi: Can't fish from pbx?
17:11:23 : Group: Cristi: M
17:11:32 : Side: Cristi: Mozzie dissapears after restart even if it's bought?
17:12:15 : Side: 2DIE4:  dunn o bout the bought ones
17:12:32 : Side: Cristi: Did anybody steal the one at the boat trader? 
17:12:34 : Side: PRISMIC: they dont
17:12:40 : Side: Cristi: Boat trader is not safezone, is it?
17:13:09 : Side: 2DIE4:  it is
17:13:17 : Side: Cristi: So it got unlocked and moved then.
17:13:20 : Side: Cristi: Can I find it somehwere?
17:13:52 : Side: 2DIE4:  do u have the key?
17:13:55 : Side: Cristi: yes
17:14:07 : Side: 2DIE4:  dont think anybody would have used a hotwire on it thou
17:14:15 : Side: 2DIE4: do u have a map?
17:14:29 : Side: 2DIE4:  rightclick map   and locate vehicle
17:14:30 : Side: Cristi: mhm
17:15:35 : Side: Cristi: Ok.. it's in the pound. I didn't get a safezone notification when I went to trader.
17:21:03 : Side: ProphetZA: prismic group invite?
17:21:35 : Side: PRISMIC: i dont  know you ?
17:25:36 : Side: 2DIE4:  was that laurence who killed me?
17:26:54 : Side: ProphetZA: it said it was an unknown that killed u so...
17:31:20 : Side: Hailstorm: hey christi
17:31:31 : Side: Hailstorm: group invite?
17:31:32 : Group: PRISMIC: whos  in  heli
17:31:51 : Side: PRISMIC: i  dont know you
17:32:16 : Side: Hailstorm: i didnt mean you, i mean christi ^^
17:32:31 : Side: Cristi: Helo
17:32:32 : Side: PRISMIC: why was u in our group then when i joined ?
17:32:33 : Side: Cristi: What's up with me?
17:32:39 : Side: Hailstorm: lol
17:32:53 : Side: Hailstorm: can you invite me to the group
17:32:54 : Side: Cristi: I was away lol :)
17:32:55 : Side: Cristi: Ye
17:33:03 : Side: PRISMIC: did laurance accept  it ?
17:33:10 : Group: Hailstorm: thx
17:33:19 : Group: Cristi: Sup
17:33:28 : Side: PRISMIC: hailstorm
17:33:30 : Group: Cristi: Fishing xD
17:33:31 : Side: Hailstorm: no, sometimes you join a group after joining the server, its buggy
17:33:43 : Group: Hailstorm: really
17:33:44 : Side: PRISMIC: oh kk no  worries
17:33:47 : Group: Cristi: Ye
17:33:48 : Group: Hailstorm: good luck
17:33:59 : Group: Cristi: How much is a seabass?
17:34:02 : Group: Hailstorm: every silverhead 8 gold
17:34:07 : Group: Hailstorm: 7 gold
17:34:08 : Group: Cristi: steelhead*
17:34:13 : Group: Hailstorm: tuna 9 gold
17:34:19 : Group: Hailstorm: steelhead 8
17:34:29 : Group: Cristi: Well that's something O.O
17:34:35 : Group: Hailstorm: if you have 2 large gunbags you can have 10 bc
17:34:52 : Group: Cristi: I'll just make several runs :P 
17:35:10 : Group: Cristi: Is there a dangerous area to fish? where most players fish?
17:35:38 : Group: Hailstorm: no, think only 15 of 100 player know that with the fishes
17:36:01 : Group: Cristi: And 10 of the 15 think it's too boring :)) 
17:36:06 : Group: Hailstorm: yes
17:36:33 : Group: Cristi: Can a heli tow a heli?
17:36:45 : Group: Hailstorm: yes
17:37:11 : Group: Cristi: Mozzie can tow one? 
17:37:12 : Group: Hailstorm: the Ah6 only unlocked i think, because cant tow my uhey
17:37:16 : Group: Hailstorm: no
17:37:29 : Group: Hailstorm: mozzie only bikes and atws
17:37:37 : Group: Cristi: There's a wrecked merlin I'd like to tow away 
17:38:28 : Group: Cristi: Sorry if I have too many questions :)) It's easier than alt-tabbing for wiki
17:38:34 : Group: Cristi: I haven't played ina long time.
17:38:35 : Group: Hailstorm: np
17:38:40 : Group: Cristi: How many shit for 1 cinderblock wall?
17:38:43 : Group: Cristi: 2 mortar 6 cinder?
17:38:52 : Group: Cristi: a full 1
17:38:56 : Group: Hailstorm: 7 cinder 2 mortar
17:39:06 : Group: Cristi: aha
17:41:47 : Group: Cristi: how many meters from trader are you allowed to build?
17:41:58 : Group: Hailstorm: need a lift mario
17:42:06 : Group: Mario: no :)
17:42:10 : Group: Hailstorm: k
17:42:18 : Group: Cristi: did you ask or say? :)) 
17:42:29 : Group: Hailstorm: adk him
17:42:33 : Group: Hailstorm: ask
17:42:35 : Group: Cristi: a, ok :)) 
17:44:07 : Group: Cristi: Heil, you busy?
17:44:17 : Group: Hailstorm: not really
17:44:27 : Group: Cristi: I'd need a ride from Klen in a bit xD
17:44:37 : Group: Hailstorm: k 
17:44:41 : Group: Cristi: I'll tell you in a sec.
17:48:45 : Group: Cristi: Where you headed off to now?
17:49:09 : Group: Hailstorm: come to you
17:49:12 : Group: Cristi: Oh.
17:49:29 : Group: Cristi: Can you take Mario to NE?
17:49:33 : Group: Cristi: He needs to buy a plane
17:49:40 : Group: Hailstorm: k
17:49:47 : Group: Cristi: Sorry, you're already halfway :( 
17:49:51 : Group: Hailstorm: npq
17:50:42 : Group: Cristi: be carefull, new mission
17:50:49 : Group: Cristi: Close to te main road next to Mario
17:50:58 : Group: Cristi: 019 047
17:51:02 : Group: Hailstorm: yes ,thx
17:52:20 : Group: Hailstorm: new position for the base?
17:52:34 : Group: Cristi: think s
17:52:35 : Group: Cristi: so
17:52:43 : Group: Cristi: what do you think? I haven't seen it yet
17:53:15 : Group: Hailstorm: think the only higher sniper spot is my base ^^
17:53:20 : Group: Hailstorm: ot this mountain
17:54:15 : Group: Cristi: I am headed to Klen
17:55:26 : Group: Hailstorm: lift?
17:55:29 : Group: Cristi: sure
17:55:47 : Group: Cristi: need smoke for landing? :P
17:55:56 : Group: Hailstorm: no
17:56:23 : Group: Hailstorm: you are hero?
17:56:25 : Group: Cristi: ye
17:56:27 : Group: Cristi: this 2 bc?
17:56:28 : Group: Hailstorm: cool
17:56:34 : Group: Hailstorm: the heli?
17:56:38 : Group: Cristi: mhm
17:56:44 : Group: Hailstorm: yes 2 bc
17:56:46 : Group: Cristi: drop me at klen then take Mario to aircraft pls :D
17:57:26 : Group: Hailstorm: dont buy ah6
17:58:09 : Group: Hailstorm: the ah13 is better at hero
17:58:34 : Group: Hailstorm: cost the same, armored and faster
17:59:01 : Group: Cristi: He wants a plane 
17:59:04 : Group: Cristi: He likes planes
17:59:09 : Group: Hailstorm: me too
17:59:24 : Group: Hailstorm: think there is an armed an2
17:59:32 : Group: Cristi: how expensive?
17:59:49 : Group: Hailstorm: think 80 gold
18:00:22 : Group: Hailstorm: need a lift again christi
18:00:26 : Group: Cristi: yes, to ne
18:00:45 : Vehicle: Cristi: Have just made a stupid mistake :)) 
18:00:50 : Vehicle: Cristi: Lost 20 fish because I sold backpack accidentaly.
18:00:59 : Vehicle: Cristi: I've mad 1 bc at least :D
18:01:05 : Vehicle: Hailstorm: :/
18:01:32 : Vehicle: Cristi: I cliked the double arrows and I didn't see the backpack there
18:02:02 : Group: Cristi: Thanks for the ride :D
18:02:18 : Group: Hailstorm: np
18:04:20 : Group: Cristi: Let's see if we get shot down today :)) 
18:04:32 : Group: Hailstorm: :)
18:06:41 : Group: Hailstorm: can you invite stieferiemen
18:07:47 : Group: Cristi: HI
18:08:18 : Group: Hailstorm: hello chesna
18:09:04 : Group: Mario: hello :)
18:15:02 : Side: Commando: hello chickas
18:33:13 : Group: Cristi: Welp, game froze while shooting NPC, after 10 seconds it unfroze when I was dead :))
18:34:12 : Group: nutzer: GOOD BYE CRUEL WORLD
18:36:56 : Side: Commando: guys
18:37:00 : Side: Commando: why are here so few players?
18:37:33 : Side: Stiefelriemen Bill: idk
18:38:21 : Side: TheJBGPotato: killme
18:50:31 : Vehicle: Laurence Gommersil: dont talk
18:53:58 : Direct: PRISMIC: DW
19:01:58 : Side: PRISMIC: CAN  U SELL CARS AT KLEN
19:02:24 : Side: 2DIE4: yap
19:04:36 : Group: PRISMIC: dont fking crash it
19:06:03 : Side: PRISMIC: dont drive near mission
19:08:02 : Side: 2DIE4: peasant tell MK that i am a nice bandit pls 
19:08:11 : Side: M.K.: ?
19:08:18 : Side: 2DIE4:  ans if i give my word  it stands for it  =) 
19:08:28 : Side: M.K.: to whom ur talkin to?
19:08:31 : Side: 2DIE4:  MK ... becaus e u said u dont trust me
19:08:40 : Side: Peasant: well, you didnt shoot me again so I guess xD
19:08:42 : Side: 2DIE4: peasant
19:09:05 : Side: 2DIE4:  if i tell u u can pass or just leave   il let u 
19:12:19 : Group: Cristi: high traffic area
19:12:27 : Group: Hailstorm: yes
19:12:30 : Group: Cristi: we need watchtower guy :))
19:12:40 : Group: Hailstorm: we build the act
19:33:49 : Group: Cristi: Big group
19:33:49 : Group: alexxx: /KILL me
19:33:55 : Group: alexxx: /kellme
19:38:49 : Group: alexxx: GOOD BYE CRUEL WORLD
19:43:27 : Group: alexxx: /killme
19:43:58 : Group: Cristi: Can you build in cities?
19:44:15 : Group: Hailstorm: think so
19:47:32 : Group: alexxx: /KILLME
19:48:02 : Side: alexxx: /killme
19:48:09 : Group: alexxx: /killme
19:48:09 : Side: 2DIE4: ok  =)
19:49:19 : Group: alexxx: /killme
19:49:45 : Group: alexxx: GOOD BYE CRUEL WORLD
19:54:00 : Group: Stiefelriemen Bill: i guess you like your chessna...
19:54:39 : Group: Mario: yep 
20:00:17 : Group: Cristi: Cesena
20:08:44 : Group: Fontes: phaetta just got banned lol
20:09:04 : Group: matsa: he tried to log in
20:09:24 : Group: matsa: hes been banned for awhile now :/
20:10:10 : Group: Fontes: spawned this morning at the base , when 2 man stood infront of me
20:10:34 : Group: Fontes: so i shot them but my gun glitched 
20:15:32 : Group: Cristi: I am out guys, have fun!
20:15:36 : Group: Stiefelriemen Bill: bye
20:15:53 : Group: Hailstorm: bye
20:16:45 : Group: matsa: did you hear reload?¨
20:17:00 : Group: Fontes: nah i dont have my headset on
20:17:28 : Group: matsa: we raided this base a week ago and now the safes are open :D
20:17:44 : Group: Fontes: loll
20:17:44 : Group: matsa: guns up here
20:18:11 : Group: Fontes: and i tought i had many guns
20:18:39 : Group: Fontes: who`s base was this ?
20:18:52 : Group: matsa: bambi something
20:19:04 : Side: M.K.: whos shooting from that far away?
20:19:06 : Side: M.K.: and with what
20:19:25 : Side: M.K.: im so curious
20:19:29 : Group: Fontes: did you guys already found a place for a new base?|
20:20:16 : Group: matsa: you can have all you want
20:20:54 : Group: Fontes: we need to take this to the new base :D
20:21:22 : Group: matsa: take all whats needed and i will remove the safe
20:21:28 : Group: matsa: pack it*
20:21:30 : Side: Sir LongSleeves: thats me bro
20:21:44 : Side: M.K.: lel
20:21:46 : Side: PRISMIC: you going on ts long sleavs
20:21:57 : Side: Sir LongSleeves: no
20:22:00 : Side: PRISMIC: y
20:22:18 : Side: Sir LongSleeves: dont wanna
20:22:28 : Group: Fontes: what are you gonna do with this safe?
20:23:13 : Group: matsa: if you dont need anything i will pack it too
20:23:21 : Group: matsa: you can have it tho
20:23:39 : Side: M.K.: i see ya
20:23:51 : Side: PRISMIC: who
20:24:34 : Group: matsa: ddone?
20:24:38 : Group: Fontes: yeah
20:24:48 : Side: PRISMIC: u anoyed at me long sleavs 
20:25:15 : Side: Sir LongSleeves: no my GF
20:25:20 : Group: Fontes: cant hear you properly
20:25:21 : Side: Sir LongSleeves: is here
20:25:30 : Side: PRISMIC: ohhh ada xd
20:27:00 : Group: matsa: this is open too
20:27:14 : Side: Sir LongSleeves: M.K where about are you
20:27:26 : Group: matsa: good guns
20:27:30 : Side: Sir LongSleeves: i have to know so i wont shoot you
20:27:50 : Side: M.K.: inv us to group
20:27:55 : Side: PRISMIC: tim roll arround
20:28:06 : Side: PRISMIC: is that you
20:28:21 : Side: Sir LongSleeves: no
20:28:34 : Group: matsa: im gonna bike to base
20:28:41 : Group: matsa: wanna come?
20:28:46 : Group: Fontes: yeah
20:29:10 : Side: Sir LongSleeves: M.K your in a group
20:29:14 : Side: M.K.: kk
20:29:43 : Side: M.K.: inv
20:29:57 : Side: alexxx: inv me
20:30:57 : Group: alexxx: hi Sir
20:31:23 : Group: matsa: ehm
20:31:52 : Group: Fontes: i think the 2 guys who killed me did thiss
20:34:58 : Group: Fontes: lol check my safe
20:35:03 : Group: Fontes: all from this morning
20:35:17 : Group: matsa: god damn
20:35:32 : Group: matsa: nice
20:35:33 : Group: Fontes: there was a mission 200 m from the base
20:36:57 : Group: Fontes: you guys going to play tomorrow evening ?
20:36:57 : Group: Sir LongSleeves: nope
20:37:28 : Group: Fontes: ?
20:37:29 : Group: matsa: we have to build a base NOW
20:37:51 : Side: PRISMIC: CAN BANDITS TRAIN ANYWARE OTHER  THAT THE BANDIT TRAIDER
20:37:55 : Group: matsa: someone stole this base and now the loot might be theirs if we dont transfer it
20:37:56 : Group: Fontes: yeah i know 
20:38:12 : Side: PRISMIC: THAN
20:38:18 : Side: 2DIE4:  u mean trade ...
20:38:19 : Side: PRISMIC: ?
20:38:23 : Side: M.K.: DAFUQ?
20:38:23 : Side: PRISMIC: YH
20:38:24 : Side: Peasant: choo choo
20:38:26 : Side: 2DIE4:  stary and 
20:38:30 : Side: 2DIE4: bash
20:39:02 : Group: Fontes: but i dont have time right now man , gotta go to a birthday :D
20:39:09 : Side: Laurence Gommersil: 2DIE4 if your a bandit can you trade anywhere else apart from bandit trader?
20:39:11 : Group: matsa: ok :P
20:39:15 : Group: matsa: have fun :D
20:39:18 : Side: 2DIE4:  stary and bash
20:39:18 : Group: Fontes: thnx
20:39:23 : Side: Peasant: bot klen you cant
20:39:25 : Side: Peasant: not
20:39:25 : Group: Fontes: i can come help tomorrow
20:39:46 : Side: PRISMIC: CHEERS BRO
20:39:58 : Group: matsa: ok
20:40:00 : Side: PRISMIC: sorry for caps
20:40:21 : Group: Fontes: farvel !
20:40:23 : Group: Fontes: :D
20:41:22 : Group: Fontes: bye !
20:41:27 : Group: matsa: bye
20:42:12 : Side: Hailstorm: which helis can lift?
20:42:43 : Side: Peasant: all I think
20:42:57 : Side: Hailstorm: hmm, my uhey cant lift
20:49:01 : Side: 2DIE4:  i see somebody camoing the base near novi XD
20:49:07 : Side: 2DIE4: campping  XD
20:49:17 : Side: 2DIE4:  dmn fat fingers
20:50:54 : Side: 2DIE4: do u want to live?  XD
20:52:05 : Side: matsa: !admin
20:52:06 : Side: 2DIE4:  y u camoing it? 
20:53:13 : Side: 2DIE4: y dont u talk to me? i havent shot once yet
20:53:36 : Side: Peasant: i thibk you talking to yourself dude
20:53:54 : Side: 2DIE4:  naa = ) i know when i see someone  thats not AI  XD
20:54:58 : Side: ReaperZA: can one rearm the uhey's rocket pods?
20:55:06 : Side: 2DIE4:  no rockets
20:55:30 : Side: 2DIE4:  this is not a military playground  this is civil war
20:55:55 : Side: Peasant: where ervy one has a high calibre sniper XD
20:56:14 : Side: 2DIE4:  best dealer  is the ones that bring it to u  XD
20:56:25 : Side: 2DIE4:  4 free  and lead in change
20:56:43 : Side: Mathi: Who took a MTVR in trader
20:57:02 : Side: 2DIE4:  doesnt matter ... read the rules
20:57:36 : Side: [FN]Thekiller: so it was you?
20:57:45 : Side: Mathi: I got kicked
20:58:02 : Side: 2DIE4: nope
21:01:10 : Side: alexxx: rly man
21:01:21 : Side: 2DIE4: hey dude
21:01:22 : Side: alexxx: why camp
21:01:36 : Side: 2DIE4: i hear a   truck and was curious
21:01:46 : Side: alexxx: bye
21:01:47 : Side: 2DIE4: u passed me
21:01:54 : Side: 2DIE4: bb
21:02:25 : Side: alexxx: i see you
21:02:38 : Side: 2DIE4: i know
21:02:50 : Side: 2DIE4:  but u her me  too  XD
21:02:53 : Side: 2DIE4: hear
21:03:08 : Side: Tomahawwk: anyone 
21:03:12 : Side: Tomahawwk: want to team
21:03:13 : Side: 2DIE4:  u can trade 
21:03:28 : Side: 2DIE4:  not gonna take anything from u 
21:03:34 : Side: 2DIE4:  u got my word!
21:03:41 : Side: M.K.: Can you mind ur own bussiness please?
21:04:04 : Side: 2DIE4:  im a bandit
21:04:24 : Side: 2DIE4: this is my busyness
21:04:47 : Side: Hailstorm: cunt
21:04:49 : Side: Peasant: Killing is my business and business is good.....
21:04:58 : Side: 2DIE4: XD
21:05:27 : Side: M.K.: ur so funny i swear XD
21:05:35 : Side: alexxx: look  a mision near we
21:05:36 : Side: M.K.: not.
21:05:42 : Side: 2DIE4:  dude  .,. i said u got my word that its granted!
21:05:45 : Side: alexxx: 2die4 go to make it
21:05:53 : Side: 2DIE4:  i will just watch   not touch anything
21:06:29 : Side: 2DIE4:  i will kill u in a open field or in the woods but ill let u do ya thing in trader
21:08:28 : Side: 2DIE4:  dude just trade   ill go 4  asmoke
21:12:42 : Side: 2DIE4: back =) 
21:13:00 : Side: 2DIE4:  did u do ya thing? =) 
21:16:04 : Side: PRISMIC: CAN U TOW HELIS ?
21:16:09 : Side: 2DIE4: naa
21:16:20 : Side: Tomahawwk: yea
21:16:25 : Side: Tomahawwk: small ones
21:24:05 : Side: 2DIE4:  hahahaa that name and CL 
21:35:17 : Side: Tomahawwk: anyone want to team with me?
21:54:38 : Side: 2DIE4: so who wanted to do the armed vehicle mission ? XD
21:55:04 : Side: M.K.: i know ur base location.
21:55:28 : Side: 2DIE4:  ok . .. its not a secret =) .... 
21:55:41 : Side: 2DIE4:  u gonna be man enough to come at me when im online?
21:55:49 : Side: M.K.: so what are the coords then?
21:55:58 : Side: M.K.: tell them to everyone
21:56:01 : Side: M.K.: :)
21:56:07 : Side: M.K.: i wont tell them
21:56:16 : Side: M.K.: lets see if ur really the man
21:57:00 : Side: 2DIE4:   well altar  should be well known =) 
22:03:17 : Side: Doriny: admin
22:03:34 : Group: PRISMIC: there not on
22:03:45 : Side: Turmoil: sup=
22:03:58 : Side: matsa: admin?
22:04:01 : Side: ReaperZA: hi
22:04:08 : Side: matsa: can you come here?
22:04:15 : Side: Doriny: my car no database ?
22:04:20 : Side: matsa: :(
22:05:35 : Side: 2DIE4:  btw  LWB .l.. .the pick up clothes wont work no more .... did u take it out? 
22:06:00 : Side: 2DIE4:   s not workin 4 me  
22:06:14 : Side: 2DIE4:  brb need to let the dog take a piss XD  =9
22:11:03 : Side: PRISMIC: turmoil wanna do that thing u and jesse do to get ur  humanity up  ?
22:11:24 : Side: Peasant: what thing?
22:11:42 : Side: PRISMIC: turmoil
22:12:00 : Side: Turmoil: Jesse isnt playing this weekend at all
22:12:15 : Side: PRISMIC: ill do it im a bandit
22:12:45 : Group: Turmoil: sorry, i got some other stuff i gotta do :)
22:12:54 : Side: PRISMIC: kk later ?
22:13:16 : Group: PRISMIC: kk later ?
22:13:32 : Group: Turmoil: maybe :) shouldnt type to much about just that in the public chat or else everybody will do it :)
22:13:47 : Group: PRISMIC: okay  aha does ur ts work ?
22:13:55 : Group: Turmoil: got no mic atm
22:14:08 : Group: PRISMIC: u getting one soon  then
22:16:06 : Direct: alexxx: hi
22:16:16 : Direct: alexxx: ty
22:16:21 : Direct: alexxx: u2
22:17:36 : Direct: alexxx: hi
22:18:50 : Direct: alexxx: 2 die
22:20:38 : Direct: alexxx: XD
22:31:15 : Group: Turmoil: dude you know there is a mission right?
22:31:21 : Group: Turmoil: there you go good job :)
22:31:42 : Group: PRISMIC: someone just shot it it wasnt ai !!!}
22:31:56 : Group: PRISMIC: ook out side
22:32:05 : Group: Turmoil: it was... i was watching you my friend :) there is a big AI mission here, lol
22:32:13 : Group: PRISMIC: oh wanna do it ?
22:32:22 : Group: Turmoil: nope, its a hero mission :) 
22:32:41 : Group: PRISMIC: im doing it then lool
22:33:00 : Group: PRISMIC: jacobs flying lol
22:33:14 : Group: Turmoil: this isnt gonna end well xD
22:33:21 : Group: PRISMIC: rip jacob XD
22:33:30 : Group: PRISMIC: wait for  it
22:33:33 : Group: Turmoil: BAIL OUT!!!
22:33:41 : Group: PRISMIC: wait aha
22:33:46 : Group: Turmoil: firewoooooorks
22:33:53 : Group: PRISMIC: yeeeeyyy
22:39:38 : Side: ReaperZA: turmoil and guys, group inv plz
22:39:41 : Side: ReaperZA: ?
22:39:53 : Side: Turmoil: PRISMIC is leader
22:40:21 : Side: ReaperZA: prismic?
22:40:26 : Side: ReaperZA: plz
22:40:44 : Side: Turmoil: hes to busy touching himself behind a bush over here... i see him doing it 
22:41:09 : Group: Oskar: GOOD BYE CRUEL WORLD
22:42:36 : Side: Sir LongSleeves: inv to group plz turmoil
22:42:45 : Side: alexxx: sir
22:42:53 : Side: Turmoil: PRISMIC INVITE THE GUYS! 
22:46:36 : Group: PRISMIC: all down feel free to loot
22:47:20 : Group: Turmoil: dead you said? :P
22:48:02 : Group: PRISMIC: yh all dead
22:48:03 : Group: Turmoil: INCOMING HELI
22:48:13 : Group: PRISMIC: copy
22:48:17 : Group: ReaperZA: im comin t help
22:48:18 : Group: PRISMIC: which direction
22:48:25 : Group: Turmoil: AI dropping from heli
22:48:26 : Group: PRISMIC: is it ai >
22:48:32 : Group: Turmoil: yeah
22:48:38 : Group: ReaperZA: oh nvm then
22:48:38 : Group: PRISMIC: ill get em
22:48:52 : Group: Turmoil: Pesant is also there, dont shoot him
22:49:13 : Group: ReaperZA: who's he?
22:49:15 : Group: PRISMIC: add him to groupe then]
22:49:29 : Group: Turmoil: just a nice guy ive been helping a bit :)
22:49:36 : Group: ReaperZA: ahh ok
22:49:59 : Group: PRISMIC: turmoil stay back
22:52:36 : Group: PRISMIC: dood im down
22:52:51 : Group: Turmoil: i dont have any medic stuff on me dude
22:52:53 : Group: PRISMIC: u got blood bag
22:52:57 : Group: PRISMIC: kk
22:54:44 : Side: Hugin: Who was tat at the airfield
22:54:46 : Side: Hugin: ?
22:55:19 : Group: PRISMIC: is it down
22:56:34 : Group: PRISMIC: peasent is there still more ?
22:56:44 : Group: Peasant: 1 more i think
22:56:51 : Group: PRISMIC: kk moving  up
22:57:52 : Group: PRISMIC: turmoil u spwan with bloos 
22:57:54 : Group: Turmoil: id like to get some stuff on my body
22:57:55 : Group: PRISMIC: blood
22:57:58 : Group: Turmoil: yeah
22:58:08 : Group: ReaperZA: u need pickup?
22:58:17 : Group: Turmoil: u close?w
22:58:27 : Group: ReaperZA: i can be close XD
22:59:03 : Group: PRISMIC: cover me
22:59:17 : Group: Peasant: I have no eyes on ai
23:00:34 : Group: PRISMIC: whos in  heli
23:00:48 : Group: Turmoil: no one... enemies
23:02:13 : Vehicle: ReaperZA: silently* hopefully XD
23:02:29 : Vehicle: Turmoil: hes in the middle of the base so, guess you can drop me off and ill help him
23:04:46 : Group: PRISMIC: RAPER  CAN  U PICK ME UPO
23:05:06 : Group: ReaperZA: ur like, at ur base???
23:05:24 : Group: PRISMIC: NMW
23:05:27 : Group: PRISMIC: NM
23:05:59 : Group: PRISMIC: there wasnt any good loot
23:06:07 : Group: Turmoil: so i see
23:06:18 : Group: PRISMIC: i  only took  a hot wire  kit
23:06:23 : Group: PRISMIC: they good ?w
23:06:53 : Group: Turmoil: you can steal a car or heli with it
23:07:01 : Group: PRISMIC: nice
23:07:33 : Group: PRISMIC: anyone want  to buy  it ?
23:07:43 : Group: Turmoil: nah ill just dupe it 
23:07:56 : Group: PRISMIC: serious?
23:08:04 : Group: Turmoil: just kidding, lol... you should keep it :) steal a MH22
23:08:07 : Group: PRISMIC: does that still work >
23:08:14 : Group: Turmoil: nope, it does not work
23:12:21 : Side: Oskar: can i remove plot pole of another player ?
23:12:32 : Side: Turmoil: yes
23:12:49 : Side: Oskar: thx
23:13:13 : Side: Oskar: on this server vihicle or another patrols allowed ?
23:13:33 : Side: Turmoil: what do you mean?
23:13:51 : Side: Turmoil: there are ai patrols
23:14:15 : Side: Oskar: For example vihicle patrols that driving all map
23:14:17 : Side: Oskar: ?
23:14:24 : Side: Turmoil: nop
23:14:28 : Side: Peasant: there are patrol missions 
23:29:00 : Group: ReaperZA: someone at prismics base
23:29:09 : Group: Turmoil: oh really?
23:29:14 : Group: Turmoil: old or new base?
23:29:28 : Group: ReaperZA: one on hill?
23:29:33 : Group: Turmoil: his old omne
23:30:02 : Group: Turmoil: lets scare him
23:30:23 : Group: ReaperZA: guy just lgged
23:30:27 : Group: ReaperZA: loggged
23:30:37 : Group: Turmoil: chicken ^^
23:30:38 : Group: ReaperZA: i saw him
23:30:51 : Group: ReaperZA: how tf did i not hit him????
23:31:17 : Group: Turmoil: whats that burning in the water?
23:31:22 : Group: Turmoil: by my base
23:31:31 : Group: ReaperZA: dunno, just happened
23:32:40 : Group: ReaperZA: guy is back in base
23:33:30 : Group: Turmoil: is he shooting at you or you at him?
23:33:41 : Group: ReaperZA: both
23:34:04 : Group: ReaperZA: 2 of em
23:34:08 : Group: Turmoil: hmmm
23:34:15 : Side: M.K.: anzio?
23:34:16 : Side: M.K.: wtf
23:34:28 : Side: Stiefelriemen Bill: hehehe
23:34:29 : Side: Sean Heinz: xD
23:34:30 : Side: M.K.: how much does it cost?
23:34:34 : Side: Stiefelriemen Bill: too much
23:34:39 : Side: Sean Heinz: jep
23:34:39 : Side: M.K.: dafuq
23:34:40 : Side: 2DIE4: 6 BC i think
23:34:47 : Side: Stiefelriemen Bill: u have any vehicles to test it on? :D
23:34:48 : Side: M.K.: cal?
23:34:52 : Side: Stiefelriemen Bill: 20mm rounds
23:34:53 : Side: M.K.: sure
23:34:58 : Side: M.K.: omfg
23:35:10 : Side: M.K.: better than m107?
23:35:13 : Side: Stiefelriemen Bill: sure
23:35:18 : Side: Hailstorm: that hurts
23:35:20 : Side: M.K.: ?
23:35:20 : Side: Winans: hell yeah
23:35:35 : Side: Stiefelriemen Bill: u dont need to zero to about 700-800m
23:35:40 : Side: M.K.: :))
23:35:45 : Side: M.K.: max zeroing?
23:35:46 : Side: Stiefelriemen Bill: bullet just flies straight
23:35:54 : Side: Stiefelriemen Bill: does not have zeroing
23:35:57 : Side: Winans: we just trested it
23:35:59 : Side: M.K.: oh
23:36:01 : Side: M.K.: like dmr
23:36:07 : Side: M.K.: i guess
23:36:08 : Group: Turmoil: nice 1 
23:36:11 : Group: Turmoil: oh noes
23:36:11 : Side: Winans: no
23:36:16 : Side: Stiefelriemen Bill: you need to aim at the first mildot at about 1000m :D
23:36:19 : Side: Winans: like 600-700 m spot on
23:37:11 : Group: ReaperZA: 1 still up there
23:37:20 : Side: 2DIE4: shame they dont have the m200 cheytac  =(
23:37:34 : Side: M.K.: thats on overpooch right?
23:37:38 : Side: M.K.: poch*
23:37:39 : Side: Stiefelriemen Bill: yep
23:37:40 : Side: ChrisTheEdge: yep
23:37:47 : Side: M.K.: that has way to many weapons
23:37:55 : Side: ChrisTheEdge: but you cant have your bp + rifle
23:37:56 : Side: M.K.: i used to play on overpoch servers
23:38:37 : Side: 2DIE4: our last one UK111   it was cool as fuck
23:39:02 : Side: Winans: yeah we have been on that server aswell
23:39:08 : Side: Winans: was the fast travel server right=
23:39:41 : Side: 2DIE4:  yap  but i didnt use it  XD
23:48:42 : Side: Sean Heinz: lol hahahahahaha nice
23:50:11 : Side: hehexd: lol reaper you're shite
23:50:19 : Side: hehexd: learn to fly
23:50:44 : Side: ReaperZA: k
23:50:51 : Side: hehexd: lol thats going on utube 
23:50:51 : Side: ReaperZA: salt?
23:51:11 : Side: hehexd: nah friendly banter
23:51:11 : Side: ReaperZA: k
23:52:09 : Side: hehexd: lol reaper, doesnt help to look for me
23:52:16 : Side: hehexd: you had your chance
23:52:43 : Side: ReaperZA: 300 attack flight hours on a3 still cant get used to shitty a2 controls xd
23:56:20 : Side: matsa: admin?
23:57:04 : Side: hehexd: lol u got a good point there reaper
23:57:08 : Side: hehexd: a2 is shite
23:57:12 : Side: hehexd: compared to a3
23:57:29 : Side: matsa: l2fly
23:58:10 : Side: ReaperZA: ye, i just really play this for the "original dayz experienxcc
23:58:29 : Side: ReaperZA: getiing bored real fast though
23:58:38 : Side: hehexd: yah.. i feel ya
