13:41:58 : Group: Hailstorm: they buggt into my garage
17:55:06 : Group: 2DIE4: hey did  an MTVr arrive up at the trader?
17:55:19 : Group: Peasant: yeah
17:55:29 : Group: 2DIE4:  ok hes looting NWA  XD
17:55:40 : Group: Peasant: asked me about my gun :)
17:55:51 : Group: 2DIE4: ??? lol
17:56:07 : Group: 2DIE4:  new player?
17:56:09 : Group: Peasant: said it looked cool. Its only a m110 lol
17:56:16 : Group: 2DIE4:  hahahaha
18:29:00 : Group: 2DIE4: =) 
22:24:46 : Group: Luca: ci sono quando uoi
22:24:58 : Group: Pibe: ok
23:41:09 : Group: 2DIE4:  thx
23:41:34 : Group: 2DIE4: im on the left side
23:42:02 : Group: 2DIE4: any AI left?
23:42:28 : Group: [NG2] Jesse: 6
23:42:35 : Group: 2DIE4:  hold still?
23:42:38 : Group: [NG2] Jesse: my heli dmg
23:44:08 : Group: 2DIE4: ya flying  is  improvable  Xd
23:44:37 : Group: [NG2] Jesse: my drift all the way because its was dmg.. 
23:45:04 : Group: [NG2] Jesse: its was spinnning,,.. 
23:45:32 : Group: [NG2] Jesse: i cleard the mission so i can pick you up again
23:45:41 : Group: 2DIE4:  all u need to do is  circle    steady    big circles   thats all =) 
23:46:08 : Group: [NG2] Jesse: i know.. but the dmg make the heli hard to fly ^^ 
23:46:10 : Group: 2DIE4:  turm did u loot my body? w
23:46:21 : Group: Turmoil: nope ^^
23:46:21 : Group: 2DIE4:  the first one
23:46:24 : Group: Turmoil: want me too?
23:46:33 : Group: 2DIE4:  naa coming
23:46:36 : Group: Turmoil: alright
23:51:34 : Group: 2DIE4: yall shootingh at?
23:51:56 : Group: [NG2] Jesse: base.. 
23:52:09 : Group: 2DIE4: guys?
23:52:14 : Group: 2DIE4: ahhhh
23:52:30 : Group: Turmoil: a guy that pissed off jesse
23:52:34 : Group: 2DIE4: think thats that razor guys  XD
23:52:40 : Group: [NG2] Jesse: this kid anyoys me.. 
23:52:46 : Group: Freedom: lol
23:52:50 : Group: 2DIE4: yap     same here XD
23:53:07 : Group: Freedom: need me to bring some rockets xD
23:53:16 : Group: 2DIE4:  damn 2nd  lb gone 4 today XD
23:53:22 : Group: [NG2] Jesse: left me and freedome 2 times in a mission because his ego is to big.. 
23:53:54 : Group: 2DIE4:  hes useless doin missions
23:54:22 : Group: [NG2] Jesse: this we scare him.. 
23:55:21 : Group: 2DIE4:  hey pickup?
23:55:41 : Group: Turmoil: yes
23:55:46 : Group: Turmoil: anything for you <3
23:56:20 : Group: 2DIE4:  thx
23:56:22 : Group: Turmoil: where to?
23:56:54 : Group: Turmoil: want some of the loot from mission and we drop you at bandit trader so you get a new heli?
23:57:05 : Group: 2DIE4: base
23:57:17 : Group: 2DIE4: naaa its all good
23:58:58 : Group: 2DIE4: thx
23:59:11 : Group: [NG2] Jesse: np
