01:41:10 : Side: Faldehals: this woodramps need a pole to builde or not ?
01:41:48 : Side: Faldehals: dann find ichs halt selbst raus
01:41:54 : Side: Faldehals: tze
02:01:23 : Side: Faldehals: das doch kacke wie soll ich ne rampe ins wasser baun wenn ich dazu nen scheiss plot brauch
04:14:52 : Side: Faldehals: i builde a ramp in the water i hope the jetsky jumps :D
04:37:37 : Side: Faldehals: you guys make this mission at the airfield ?
04:54:13 : Side: MeGa_Koffiepot: i help you zhit q ;ission .p
04:57:12 : Side: MeGa_Koffiepot: i help you out after restart 
04:57:17 : Side: MeGa_Koffiepot: gg lee
04:59:38 : Side: GG_LEE_SIN: if u want
04:59:59 : Side: Faldehals: ?
05:00:10 : Side: GG_LEE_SIN: help me
05:03:28 : Side: Faldehals: what kinde of help you need ?
05:04:01 : Side: GG_LEE_SIN: I think, no
05:04:11 : Side: Faldehals: k
05:04:17 : Side: GG_LEE_SIN: I'm learn
05:06:22 : Side: GG_LEE_SIN: u from Germany?
05:06:53 : Side: Faldehals: ja
05:06:57 : Side: Faldehals: you ?
05:07:55 : Side: GG_LEE_SIN: hah, I'm from Russia
05:08:35 : Side: GG_LEE_SIN: what u think about my country?
05:08:40 : Side: Faldehals: thats not realy far away
05:08:53 : Side: GG_LEE_SIN: if it is not sicret
05:09:32 : Side: Faldehals: not sure what you mean 
05:10:48 : Side: GG_LEE_SIN: may be)
05:11:05 : Side: Faldehals: maybe what ?
05:12:03 : Side: GG_LEE_SIN: hmm, may be I'm not understand, that u sad
05:12:31 : Side: GG_LEE_SIN: because i speak is not so good
05:13:02 : Side: Faldehals: and i dont know i can think about your question what i think about your country ?!
05:13:20 : Side: GG_LEE_SIN: yes
05:13:57 : Side: Faldehals: or ou mean what i think about russians ?
05:15:02 : Side: GG_LEE_SIN: because whole world think that russia - provocateur :D
05:16:51 : Direct: MeGa_Koffiepot: hey
05:16:53 : Side: Faldehals: let others think what they want . 
05:17:03 : Side: GG_LEE_SIN: its
05:17:12 : Side: GG_LEE_SIN: true
05:17:34 : Side: Faldehals: i think my own things ;)
05:18:28 : Side: GG_LEE_SIN: shure, u're right
05:18:33 : Side: Faldehals: but i know that russians and germans are not the best frindes idk why 
05:19:39 : Side: Faldehals: and for this ppls got a problem with ... thats not my problem hehe
05:20:06 : Side: GG_LEE_SIN: yes. i think
05:20:07 : Side: Faldehals: im neutral and never got a problem with russians
05:20:36 : Side: Faldehals: how olde are you ?
05:20:42 : Side: GG_LEE_SIN: o'kay, what u sity from?
05:20:50 : Side: GG_LEE_SIN: city*
05:21:25 : Side: GG_LEE_SIN: friend of my mather from Rostok
05:21:49 : Side: Faldehals: i live near Frankfurt
05:22:42 : Side: GG_LEE_SIN: mmm, i'm live and learn in Moscow
05:23:11 : Side: Faldehals: ahh in the capitolcity 
05:23:36 : Side: Faldehals: what you guys playing like hero or bandit ?
05:24:08 : Side: MeGa_Koffiepot: i got a bandit score but some times i help ppl out :) 
05:24:22 : Side: GG_LEE_SIN: yes)) but i born in Tver, it's not far Moscow
05:24:28 : Side: Faldehals: lol out of what ?
05:24:49 : Side: GG_LEE_SIN: any my friends playing as bandits, any as me - hero
05:25:19 : Side: Faldehals: i play hero at the first time i start play this game
05:26:59 : Side: GG_LEE_SIN: my friend playing bandit and have...24 thousant humanity
05:27:14 : Side: Faldehals: but -
05:27:30 : Side: MeGa_Koffiepot: yeah - :p
05:27:32 : Side: Faldehals: am at +10757 now
05:27:35 : Side: GG_LEE_SIN: yes
05:27:38 : Side: MeGa_Koffiepot: nice
05:27:42 : Side: GG_LEE_SIN: cool
05:27:50 : Side: MeGa_Koffiepot: im -39936
05:28:42 : Side: Faldehals: thats not easy to play as hero but as bandit couse you can kill all you like
05:29:03 : Side: GG_LEE_SIN: at first time i was a hero and have 3 thousant
05:30:13 : Side: GG_LEE_SIN: afer that im killed heros and got 1 thausant
05:31:30 : Side: GG_LEE_SIN: and i treated mach times my friend and got +2 thousant humanity :D lol
05:34:44 : Side: MeGa_Koffiepot: gg lee did you need help whit a mission?
05:38:28 : Side: GG_LEE_SIN: i think, no
05:47:14 : Side: Faldehals: lol now lets have fun
05:47:34 : Side: GG_LEE_SIN: what happen?
05:48:05 : Side: Faldehals: i go to bought a jetsky and try to jump 
05:49:37 : Side: Faldehals: i hope the ramp works
05:50:17 : Side: GG_LEE_SIN: ahah
05:50:28 : Side: GG_LEE_SIN: oo
05:50:38 : Side: Faldehals: LOL what a fuing trader must swim 100m to it
05:50:44 : Side: GG_LEE_SIN: mya be u played in LOL?
05:51:09 : Side: GG_LEE_SIN: may*
05:52:20 : Side: GG_LEE_SIN: League of Legends
05:52:28 : Side: Faldehals: na
05:52:33 : Side: GG_LEE_SIN: ?
05:52:51 : Side: Faldehals: come to the wholesaller near the faktori if you like to see 
05:53:39 : Side: Faldehals: cant make a marker i put all in storage
05:54:21 : Side: Faldehals: i think it works now bit faster i try
05:54:23 : Side: Faldehals: HAHA
05:54:42 : Side: GG_LEE_SIN: where factory?
05:55:15 : Side: Faldehals: the bootsdealer near this camp
05:55:50 : Side: Faldehals: damn i put the map in it to :(
05:55:57 : Side: GG_LEE_SIN: if u want we can playing together
05:56:02 : Side: MeGa_Koffiepot: i come en look yo your ramp ^^
05:56:07 : Side: Faldehals: also not this at kamenka
05:56:44 : Side: Faldehals: thats you ?
05:56:48 : Side: MeGa_Koffiepot: yup
05:56:50 : Side: Faldehals: sec
05:56:50 : Side: MeGa_Koffiepot: hey
05:57:00 : Side: MeGa_Koffiepot: how is the ramp going?
05:57:32 : Side: GG_LEE_SIN: o'kay, i searched
05:57:43 : Side: Faldehals: lol
05:57:45 : Side: MeGa_Koffiepot: hahahah :X NICE
05:57:54 : Side: GG_LEE_SIN: across 5 minutes
05:57:57 : Side: MeGa_Koffiepot: sweet
05:58:02 : Side: Faldehals: i think i builde it to deep
05:58:14 : Side: MeGa_Koffiepot: lol
05:58:47 : Side: Faldehals: carful 
05:58:48 : Side: MeGa_Koffiepot: new challenge xP
05:58:55 : Side: Faldehals: lol
05:59:19 : Side: MeGa_Koffiepot: hahahahhahahaha
05:59:20 : Side: Faldehals: lol
05:59:25 : Side: MeGa_Koffiepot: front flip :p
05:59:44 : Side: Faldehals: not far junp
06:00:06 : Side: Faldehals: need a plot to builde it new
06:01:56 : Side: Faldehals: WOOOOHOOOO
06:02:06 : Side: Faldehals: 250 speed HAHA
06:02:15 : Side: Faldehals: but -
06:03:57 : Side: Faldehals: HAHAHA COME HERE YOU must see this sry caps
06:04:50 : Side: Faldehals: but not to close idk where i fly around haha
06:06:27 : Side: Faldehals: you come or not ?
06:06:51 : Side: GG_LEE_SIN: ahahahahahhahaha
06:07:02 : Side: Faldehals: ?
06:07:05 : Side: GG_LEE_SIN: im blew a uaz
06:07:15 : Side: GG_LEE_SIN: im fucking driver
06:07:18 : Side: Faldehals: was that yours ?
06:07:34 : Side: Faldehals: ahh you drive i think you drop it 
06:07:49 : Side: GG_LEE_SIN: i learn
06:09:00 : Side: GG_LEE_SIN: 4km
06:09:03 : Side: Faldehals: i go to get a plotpole and builde e new better ramp i need 1/2 flours to go mor in 
06:09:40 : Side: GG_LEE_SIN: go in a group
06:10:13 : Side: Faldehals: i have no map
06:10:30 : Side: GG_LEE_SIN: i dont see u
06:10:57 : Side: GG_LEE_SIN: in a map
06:10:57 : Side: Faldehals: i see you at a symbol
06:11:25 : Side: GG_LEE_SIN: ame to
06:11:32 : Side: Faldehals: maybe we need to get as frendly
06:12:08 : Side: GG_LEE_SIN: i think)
06:12:12 : Side: Faldehals: tag or idk in english
06:12:29 : Side: Faldehals: ill try to finde a map
06:15:03 : Group: GG_LEE_SIN: NOW I CRASHED
06:15:20 : Group: Faldehals: ?
06:16:59 : Group: Faldehals: i go to this camp but befor restart there was no AI
06:27:56 : Side: Faldehals: lol what a gay childe i tell i go to camp and this fukcing kid comes to kill me at 4 ppls on server
06:28:32 : Side: MeGa_Koffiepot: i think you got killd by aI
06:28:50 : Side: Faldehals: i hope you mofo saw that i dont choot back but nor its better you run
06:29:01 : Side: Faldehals: ther was no ai
06:29:14 : Side: Faldehals: what msg comes ?
06:29:29 : Side: Faldehals: was there a NN or AI ?
06:29:48 : Side: MeGa_Koffiepot: NN = AI
06:29:58 : Side: Faldehals: i was in befor the last restart mor about 20 min there was nothing
06:30:07 : Side: Faldehals: WOW realy lol
06:30:23 : Side: Faldehals: i realy was thinking there is no ai
06:30:49 : Side: Faldehals: cause i watch it aout and saw nothing
06:31:14 : Side: MeGa_Koffiepot: some loot spots there spawns ai patrolls
06:31:19 : Side: Faldehals: bad if they spawns behinde you wen you get in
06:31:37 : Side: Faldehals: sure but so late
06:31:59 : Side: Faldehals: what ever i open there asses now
06:32:19 : Side: GG_LEE_SIN: i need instruments
06:32:23 : Side: Faldehals: i got only a pdw sd
06:41:21 : Side: Faldehals: was in the other camp got a dmr but no ai
06:41:31 : Side: GG_LEE_SIN: ok
06:41:47 : Side: GG_LEE_SIN: it's my fail that i blaw my car
06:42:26 : Side: Faldehals: umpf there is a cow and i have no knife
06:47:58 : Side: GG_LEE_SIN: what happen?
06:48:09 : Side: Faldehals: sec
06:48:17 : Side: GG_LEE_SIN: okay
06:59:09 : Side: Faldehals: that wasnt ai the ai never takes your gun and put a svd camo in your body
07:04:52 : Side: GG_LEE_SIN: i has maaaaaaaaaaaaaaaany friends
07:05:03 : Side: GG_LEE_SIN: and not so much ammo
07:05:30 : Side: MeGa_Koffiepot: can i get a ride plz?
07:05:39 : Side: GG_LEE_SIN: 10 angry zombies
07:06:10 : Side: Faldehals: i have only a mozzie deploi stuff
07:06:20 : Side: GG_LEE_SIN: hah
07:07:41 : Side: MeGa_Koffiepot: damm my game crasht whil flying ggrrr
07:08:12 : Side: GG_LEE_SIN: ((
07:14:22 : Side: Faldehals: lol this idiot takes only my pdwsd and not the gold ond the gastanktuning book what you cant buy
07:14:50 : Side: Faldehals: i was 100% sure that was no AI
07:15:11 : Side: GG_LEE_SIN: ahahahha
07:15:26 : Side: GG_LEE_SIN: he's really idiot))
07:15:47 : Side: Faldehals: think a noob 
07:17:25 : Side: Faldehals: and not the magazines for the pdw only real the fuing gun
07:17:40 : Side: Faldehals: and put a svd camo in
08:13:56 : Group: MeGa_Koffiepot: hey man :p 
08:14:01 : Group: ReaperZA: hi
08:14:15 : Group: ReaperZA: what u flyin there?
08:17:12 : Group: ReaperZA: do u have any car wheels with u? :P
08:17:29 : Group: MeGa_Koffiepot: yeah
08:17:42 : Group: ReaperZA: could i maybe borrow one??
08:18:25 : Group: MeGa_Koffiepot: olmowst done here :p
08:18:33 : Group: ReaperZA: ok thx
08:19:05 : Group: ReaperZA: are u flying a heli that can tow lift?
08:19:14 : Group: MeGa_Koffiepot: nope
08:19:21 : Group: MeGa_Koffiepot: i can get a black hawk
08:19:29 : Group: MeGa_Koffiepot: dis littel birt cant tow :(
08:20:10 : Group: ReaperZA: ah ok, i think getting a black hawk might work better. i found a fuel truck and i want to take it back to base
08:21:30 : Group: MeGa_Koffiepot: yesss
08:22:40 : Group: MeGa_Koffiepot: broke down the concrid doorway
08:22:48 : Group: ReaperZA: lol
08:33:38 : Side: GG_LEE_SIN: haha
08:33:53 : Side: Faldehals: ?
08:34:01 : Side: GG_LEE_SIN: im searched instruments))))
08:34:24 : Side: GG_LEE_SIN: across 2 hours :D
08:35:29 : Side: GG_LEE_SIN: in this time I killed 70 zombies TT_TT
08:35:56 : Side: Faldehals: with hotwirekits ?
08:37:18 : Side: GG_LEE_SIN: no :D
08:37:32 : Side: GG_LEE_SIN: pfffffffffffffffffffffffffffffffffffffffffffff
08:37:42 : Side: GG_LEE_SIN: and now i search a car
08:37:55 : Side: GG_LEE_SIN: fucking game :D
08:38:10 : Side: Faldehals: why search , bought one thats epoch lol
08:41:03 : Side: Faldehals: what car you like ?
08:41:45 : Side: GG_LEE_SIN: i have screenshort in steam
08:41:56 : Side: GG_LEE_SIN: my steam 1997specialist
08:43:40 : Side: GG_LEE_SIN: what car i have now?)
08:43:58 : Side: Faldehals: idk im ofline at steam
08:45:29 : Side: GG_LEE_SIN: may be u heard about "zaporojets"?)))
08:45:42 : Side: Faldehals: not real
08:45:49 : Side: GG_LEE_SIN: it's car as zaporojets)))
08:46:00 : Side: GG_LEE_SIN: u can search in google
08:46:53 : Side: Faldehals: ill do but im of now i need to go sleep :/
08:47:05 : Side: Faldehals: guys hf gl cya
08:47:06 : Side: GG_LEE_SIN: okay)))
08:47:13 : Side: GG_LEE_SIN: good night))
08:47:39 : Side: GG_LEE_SIN: but now in russia a morning)
08:47:48 : Side: Faldehals: here to lol
08:48:01 : Side: Rassel: с добрым утром )
08:52:05 : Side: [RussianMafia]Godfather: admin
09:14:26 : Side: ReaperZA: messed with the wrong bambi
09:43:25 : Side: [RussianMafia]Godfather: adminw
09:43:39 : Side: Turmoil: admin is not here
09:43:40 : Side: [RussianMafia]Godfather: admin
09:43:44 : Side: [RussianMafia]Godfather: ok
09:43:57 : Side: Turmoil: you can go into their TS if you need help fast :)
09:52:12 : Side: Turmoil: can i help you?
09:52:29 : Side: Rassel: f u )
09:52:41 : Side: Turmoil: me?
09:53:08 : Side: 2DIE4:  hey russelo we dont tolerate behaviour like that here#
09:53:22 : Side: Turmoil: what have i done to you? o.O
09:55:08 : Side: Turmoil: hey 2DIE4 :) how are you doing today?
09:55:23 : Side: 2DIE4:  didnt get hacked so  ok  =)
09:55:29 : Side: Turmoil: good good :D
09:55:36 : Side: 2DIE4:  lol and relog  scrolll  AAAAAAAAAAAAAAAAAAAAAAAAAAA
09:59:14 : Group: Turmoil: i fell trough
10:00:12 : Group: Turmoil: you can fix me after restart ^^
10:00:24 : Group: Turmoil: relog in few secs
10:05:30 : Group: Turmoil: do you have a blood bag?
10:06:17 : Group: MeGa_Koffiepot: more blood?
10:06:22 : Group: Turmoil: thank you <3 no thats good :)
10:06:33 : Group: MeGa_Koffiepot: copy that yw ^^ 
10:06:47 : Group: MeGa_Koffiepot: your addit to the door's
10:06:55 : Group: Turmoil: nice ^^
10:07:23 : Group: Turmoil: koffie
10:07:30 : Group: MeGa_Koffiepot: yeah,,£
10:07:35 : Group: Turmoil: come come
10:07:52 : Group: MeGa_Koffiepot: HELI ,
10:07:56 : Group: MeGa_Koffiepot: heli?
10:08:05 : Group: MeGa_Koffiepot: ow dammit
10:08:19 : Group: Turmoil: yeah
10:08:26 : Group: MeGa_Koffiepot: hmmµ
10:08:41 : Group: MeGa_Koffiepot: take a rifel :p
10:09:05 : Group: MeGa_Koffiepot: lapoma in the truck
10:09:27 : Group: MeGa_Koffiepot: here more ammo
10:09:31 : Group: Turmoil: nice nice
10:09:56 : Group: Turmoil: i store my briefs here in case i die
10:10:06 : Group: Turmoil: do you have maybe a blood bag and morphine in case i get shot?
10:10:08 : Group: MeGa_Koffiepot: copy
10:10:14 : Group: MeGa_Koffiepot: yeahµ
10:10:23 : Group: MeGa_Koffiepot: look in side the safe's :p
10:11:40 : Group: MeGa_Koffiepot: got it ?
10:11:44 : Group: Turmoil: no blood bags
10:11:51 : Group: MeGa_Koffiepot: here
10:12:04 : Group: Turmoil: thanks
10:16:01 : Group: MeGa_Koffiepot: im in possission µ
10:16:21 : Group: MeGa_Koffiepot: i see 2 gunners
10:16:26 : Group: MeGa_Koffiepot: on the roof
10:16:38 : Group: Turmoil: see them, almost in possition
10:16:44 : Group: MeGa_Koffiepot: roger
10:17:37 : Group: Turmoil: need to get my breathing down
10:18:40 : Group: MeGa_Koffiepot: im aiming for the richt gunner on the roof 
10:18:50 : Group: MeGa_Koffiepot: ready to open fire on your commandµ
10:18:54 : Group: Turmoil: roger
10:19:37 : Group: Turmoil: go
10:20:26 : Group: Turmoil: almost got hit, heavy breathing, cant hit anything xD
10:22:07 : Group: Turmoil: i think there are other players here... i see dead people behind the base
10:22:09 : Group: MeGa_Koffiepot: i cant see them 
10:22:55 : Group: MeGa_Koffiepot: hmmm
10:23:01 : Group: MeGa_Koffiepot: shut i move up?
10:23:08 : Group: Turmoil: i dont see any movement down there
10:23:13 : Group: MeGa_Koffiepot: seeing zombis spawning in 
10:23:32 : Group: MeGa_Koffiepot: im going for it 
10:23:52 : Group: MeGa_Koffiepot: biking
10:24:26 : Group: Turmoil: zombies down
10:24:31 : Group: MeGa_Koffiepot: copy
10:24:51 : Group: MeGa_Koffiepot: one ai
10:24:58 : Group: MeGa_Koffiepot: front
10:25:16 : Side: JohnnyFloss: lol
10:26:06 : Group: Turmoil: go get the loot i will cover you... the guy who killed you also died 
10:26:21 : Group: MeGa_Koffiepot: nice thx m8 
10:26:40 : Group: MeGa_Koffiepot: omw
10:29:56 : Side: [RussianMafia]Godfather: lock safe(
10:30:24 : Side: Turmoil: i see you
10:31:24 : Group: Turmoil: russian down
10:33:04 : Group: Turmoil: but it was godfather that killed you
10:33:33 : Group: Turmoil: zombie down
10:40:18 : Side: Joshuaa: can chainsaws break down wooden doors?
10:41:04 : Side: 2DIE4:  hey u russian guys ... ill make sure u will not get back a single piece of ya stuff in the future .... 
10:41:09 : Side: Royoo: ruckelt aber gut ab hier
10:41:24 : Side: Turmoil: two of them are here 2DIE4
10:41:31 : Side: 2DIE4:  where?
10:41:54 : Side: Turmoil: they got koffie pinned down
10:42:00 : Side: 2DIE4:  where?`
10:42:00 : Side: Turmoil: i invited you
10:42:18 : Group: Turmoil: godfather and voda
10:42:18 : Side: 2DIE4:  ok 
10:42:24 : Group: Turmoil: vova
10:42:26 : Group: MeGa_Koffiepot: hey
10:42:47 : Group: Turmoil: if you want your revenge you can come, they camped the place until we killed Ai and then shot us
10:43:16 : Side: 2DIE4:  how did he get there so fast? he killed me in gorka
10:43:51 : Group: Turmoil: hmmm, i know he killed headshot the first time... maybe it is vova then
10:45:19 : Group: Turmoil: seems more quiet now... i can help you get godfather if you want 2DIE4, i also know where their base is
10:45:49 : Side: Joshuaa: can chanisaws break wood doors
11:00:47 : Side: [RussianMafia]Godfather: thx fo 2 L115
11:02:17 : Group: Turmoil: well now you know where he is 2DIE4 xD
11:03:00 : Group: 2DIE4:  il lb there i n  abit
11:11:48 : Group: MeGa_Koffiepot: where to ?
11:17:58 : Group: 2DIE4: r they still round ya base?
11:18:25 : Group: Turmoil: dont think so... im wrecking their car without beeing shot at so
11:21:32 : Side: Turmoil: i dont have anything on me you pieces of shits, you just killed me -_-
11:54:06 : Side: [RussianMafia]Godfather: O
11:54:22 : Side: [RussianMafia]Godfather: Oh no you sell hellicopter
13:38:33 : Side: [RussianMafia]Vova: xD
13:38:39 : Side: [RussianMafia]Vova: Hello
13:40:30 : Side: ??????: god faggot
13:40:58 : Group: [RussianMafia]Vova: дисукорд сломался
13:41:06 : Group: [RussianMafia]Vova: стой
13:41:24 : Vehicle: [RussianMafia]Vova: стой
13:49:25 : Side: [RussianMafia]Godfather: sashka you need key?
13:49:33 : Side: ??????: иди нахуй ебан
13:49:35 : Side: [RussianMafia]Godfather: Ot 4ego oH?
13:49:46 : Side: ??????: ебаные шакалы) которые в 5 ходят
13:49:53 : Side: ??????: найс играете
13:50:01 : Side: [RussianMafia]Godfather: okay
13:50:08 : Side: ??????: тебе лет 15 не больше
13:50:16 : Side: [RussianMafia]Godfather: 21
13:50:25 : Side: ??????: соска
13:50:27 : Side: Sir LongSleeves: guys
13:50:36 : Side: Turmoil: comon, read the rules
13:50:37 : Side: [RussianMafia]Godfather: okay
13:50:40 : Side: Sir LongSleeves: English, server rules
13:50:48 : Side: Sir LongSleeves: dont make us report you
13:50:56 : Side: ??????: tramp server?
13:51:25 : Side: ??????: в кс играешь?
13:51:30 : Side: [RussianMafia]Godfather: Little bird mmm
13:51:31 : Side: [RussianMafia]Godfather: thx
13:51:33 : Side: [RussianMafia]Godfather: noob
13:51:49 : Side: ??????: подарок тебе на новый год)
13:51:56 : Side: ??????: у нас всё равно голды 1000
13:52:00 : Side: Sir LongSleeves: dude
13:52:03 : Side: Sir LongSleeves: english
13:52:16 : Side: Sir LongSleeves: or the admin will ban you
13:52:18 : Side: [RussianMafia]Godfather: yeah yeah
13:52:21 : Side: ??????: играешь нет в контру?
13:52:25 : Side: [RussianMafia]Godfather: da
13:52:34 : Side: [RussianMafia]Godfather: global
13:52:36 : Side: ??????: го сыграем
13:52:38 : Side: Sir LongSleeves: ok your banned ??????
13:52:45 : Side: ??????: я тебя разъебу
13:52:47 : Side: [RussianMafia]Godfather: go money
13:52:56 : Side: [RussianMafia]Godfather: oh you suck
13:53:00 : Side: ??????: steam пиши добавлю
13:54:15 : Side: Turmoil: reported them :)
13:54:42 : Side: ??????: close your mouths
13:55:05 : Side: Turmoil: behave in a normal matter man, not like a 10 year old
13:55:08 : Side: ??????: fatty fagots, fastud
13:55:29 : Side: Sir LongSleeves: dude your going to be removed for offensive language
13:55:46 : Side: Turmoil: please try to behave a bit
13:56:05 : Side: ??????: э герой чё замолчал то, го сыграем я тебя со своим бигстаром разъебу даже
13:56:33 : Side: Sir LongSleeves: omg the percentage of braindead this guy is...
13:56:51 : Side: Turmoil: why can't you just type in english like everybody else? 
13:56:52 : Side: Sir LongSleeves: must be over 9000
13:57:28 : Side: Turmoil: or use teamspeak perhaps, might be a good choice and you can speak as much as you want in your own language as well :)
13:58:39 : Side: ??????: чушки которые стадом играют, давайте играйте окей бегайте в 4 в 5 против 2. всё понят
13:59:20 : Group: GG_LEE_SIN: ZAKROYSYA YJE
13:59:33 : Side: GG_LEE_SIN: ZAKROYSYA YJE
14:00:19 : Side: Turmoil: 2DIE4, knock some sence into them :P
14:00:38 : Side: Sir LongSleeves: if you wont, we will
14:05:03 : Side: 2DIE4:  MV22 coming to the aircraft trraer  
14:05:16 : Side: 2DIE4:  be  fast   get em down
14:05:26 : Side: Kev: wont happen
14:22:32 : Side: [RussianMafia]Godfather: admin
14:22:46 : Side: Turmoil: admin is not here
14:23:03 : Side: 2DIE4:  they will never get it
15:11:12 : Side: [RussianMafia]Godfather: KoffePod you buy heli)
15:13:19 : Group: Turmoil: hey 2DIE4? 
15:13:26 : Side: Turmoil: 2DIE4?
15:13:36 : Side: 2DIE4: ?
15:13:40 : Side: Turmoil: wanna have a beer? ^^
15:13:46 : Side: 2DIE4:  XD
15:13:55 : Side: Turmoil: just realized you can buy em at trader
15:16:09 : Group: GG_LEE_SIN: Thanks, I wanted kill self))
15:16:41 : Side: Turmoil: can you buy camo netting anywhere?
15:16:51 : Side: GG_LEE_SIN: Thanks, I wanted kill self)
15:30:33 : Group: MeGa_Koffiepot: hellow ??? 
15:30:39 : Group: Turmoil: hello
15:31:39 : Group: Turmoil: i have a gift for you
15:32:22 : Group: Turmoil: *knock knock* 
15:55:45 : Group: Turmoil: someone shooting at you???
15:55:51 : Group: MeGa_Koffiepot: nope
15:55:58 : Group: Turmoil: oh you are shooting
15:56:02 : Group: Turmoil: go get the russians!
15:56:03 : Group: MeGa_Koffiepot: :Pµ
15:56:28 : Group: MeGa_Koffiepot: what are the cordenets
15:56:38 : Group: Turmoil: dont know where they are :(
15:57:24 : Group: Turmoil: someone is here!
15:57:35 : Group: Turmoil: gunfire at dam
15:57:50 : Group: MeGa_Koffiepot: to far out i will come back in a sec
16:00:09 : Group: Turmoil: not sure where the shots came from, but its quiet again now... maybe someone just went past and shot a zombie
16:01:02 : Side: 2DIE4:  GET HIS BODY I MARKET IT
16:01:18 : Side: [RussianMafia]Godfather: Okay okay
16:01:27 : Side: Arne: yes get it nice and good
16:06:24 : Group: GG_LEE_SIN: /vote night
16:06:52 : Group: lop24: /vote day
16:58:18 : Side: [RussianMafia]Godfather: admin
17:07:34 : Direct: Kev: get off there
17:07:54 : Direct: Sergio: xD
17:09:12 : Side: Arne: can you put a lockbox without a plot pole?
17:09:22 : Side: Kev: y
17:09:23 : Side: Michael: yes
17:09:27 : Side: Arne: cool
17:14:02 : Side: Otimimpack: eae
17:14:36 : Side: Tobimofat: Did the map get cleared or something?
17:15:30 : Side: Tobimofat: All my vehicles are gone and when i try to locate em they say they are no longer in the database?
17:25:48 : Direct: Sergio: ???
17:26:47 : Direct: Sergio: Xd
17:29:09 : Direct: Sergio: SREAM
17:29:18 : Direct: Sergio: scream
17:30:03 : Side: Otimimpack: eae
17:36:04 : Side: [RussianMafia]Godfather: go vote night 
17:37:37 : Side: Hailstorm: you want night, you and your mates cant do a mission at day, so how you will do this at night :P
17:37:56 : Side: Winans: true story
17:38:08 : Side: [RussianMafia]Godfather: Go NIGHT PLEASE
17:38:11 : Side: [RussianMafia]Godfather: 1 rr
17:38:24 : Side: 2DIE4:  HEARD THEY R SCARED OF THE DARK  xd
17:40:23 : Side: ReaperZA: niccee
17:50:50 : Side: ReaperZA: niiiccccceee
17:51:51 : Side: MeGa_Koffiepot: LOL WHERE did you get hem?
17:51:58 : Side: 2DIE4:  at their base
17:52:13 : Side: MeGa_Koffiepot: nice one ^^ 
17:52:18 : Side: Faldehals: hey guys
17:52:20 : Side: [RussianMafia]Godfather: i camp you Safe 
17:52:24 : Side: [RussianMafia]Godfather: In Gorka
17:52:37 : Side: ReaperZA: where is that base?
17:52:50 : Side: Faldehals: hey LWB what are you doing ?
17:52:53 : Side: Kev: noone cares about what u russian lows are doing lel
17:54:03 : Vehicle: Michael: jan is a richtiger faggot
17:55:44 : Group: Michael: jan probier mit vss 
17:57:16 : Side: 2DIE4:  anybody need a chopper?   spinning in front of their base  =9
17:57:45 : Side: ReaperZA: well i would like me one
17:58:05 : Side: 2DIE4: get it 
18:00:37 : Side: 2DIE4: pls someone get it
18:02:41 : Side: 2DIE4: where?
18:03:43 : Side: 2DIE4:  i see u in the treeline 
18:03:52 : Side: 2DIE4:  bandit ghilli
18:04:04 : Side: 2DIE4:  identify yourself
18:04:25 : Side: 2DIE4:  identify or ill shoot
18:04:43 : Side: ReaperZA: is chopper still there
18:06:06 : Side: 2DIE4:  so who in the chopper?
18:10:13 : Side: [RussianMafia]Godfather: Russia Mafia fuck you ass
18:10:19 : Side: Kev: xDDDDDDDDDDDDD
18:10:24 : Side: Cristi: Sup
18:10:33 : Side: Michael: that means u r gay
18:10:33 : Side: Hailstorm: no, get fucked ^^
18:10:42 : Direct: 2DIE4:   u gay?
18:10:50 : Side: 2DIE4: u gay?
18:10:50 : Side: Hailstorm: hey christi
18:11:08 : Side: [RussianMafia]Godfather: -82000 humanity
18:11:11 : Side: [RussianMafia]Godfather: ...
18:11:15 : Side: [RussianMafia]Godfather: For 3 days
18:11:19 : Side: 2DIE4:  u sink bodies   and u seem do desperatly need everything  Xd so i shoot u and offer ppl your stuff  =) 
18:11:32 : Side: Hailstorm: yes., but most kills under 50 meters with makarov
18:11:56 : Side: Hailstorm: Russian mafia isnt dangerous about 300 meter
18:12:17 : Side: 2DIE4:  hey mad.. if u need another butthole ill tear u one  =) 
18:12:23 : Side: Arne: STOP HATING
18:21:56 : Side: Cristi: How much is little bird?
18:23:14 : Side: Cristi: Hail, do you mind me grouping with you? I'm playing solo tonight :(.
18:23:28 : Side: Cristi: I mean, atleast to see if you are around so I don't have to worry if you come
18:23:43 : Side: Hailstorm: yes, wait ec
18:23:57 : Side: Hailstorm: ok, invited you
18:24:02 : Group: Cristi: Hey guys.
18:24:08 : Group: Winans: hi
18:24:14 : Group: Hailstorm: hi
18:24:18 : Group: Winans: what u been up to
18:24:19 : Group: Cristi: I am trying the mayor mission.
18:24:29 : Group: Winans: i see
18:24:32 : Group: Hailstorm: someone destroyed the farmhouse base north of us
18:24:34 : Group: Cristi: Nothing much, we've been looting NW as a routine
18:24:37 : Group: Cristi: I saw
18:24:41 : Group: Cristi: I went there a couple of mins ago
18:24:46 : Group: Winans: take care... there is a spawn point for survivors
18:24:58 : Group: Cristi: I just want to kill some NPC's you can get the loot later if I kill all
18:25:36 : Group: Hailstorm: no, take it, think you need it more than us
18:26:20 : Group: Cristi: tbh it's a bit hard to loot an entire mission alone, I always hated doing that
18:26:46 : Group: Winans: we can team up later
18:27:31 : Group: Hailstorm: yeah, atm we have to reinforce the abse a little bit, a armed littlebird destroyed the farmhouse base completly
18:27:42 : Group: Hailstorm: its too easy to destroy wood
18:28:01 : Group: Cristi: What farmhouse base you speak of, the one in the shed?
18:28:15 : Group: Winans: yeah up the road
18:28:40 : Group: Cristi: It's yours?
18:28:40 : Group: Winans: marked it
18:29:00 : Group: Winans: no wasnt ours
18:29:22 : Group: Hailstorm: its from the guys who is glitching in bases
18:29:22 : Group: Cristi: k
18:29:31 : Group: Cristi: yes, that's what I understood last night, and what do you want to do now?
18:29:54 : Side: Arne: can you suicide?
18:30:06 : Side: Kev: ./killme
18:32:42 : Group: bobaliny2: Is there a main rotor up there?
18:32:46 : Group: Joshuaa: yep
18:32:48 : Group: bobaliny2: vehicle part
18:32:56 : Group: bobaliny2: Ok I'm going to make a mozzie and find the suv we got the key for
18:33:04 : Group: bobaliny2: can you bring it down?
18:33:10 : Group: Joshuaa: ye
18:33:44 : Group: Cristi: Got mad skills 
18:33:45 : Group: Cristi: :)) 
18:33:52 : Group: Winans: ai op
18:33:57 : Group: Cristi: Once you start getting supressed by 3 NPCs there's no going back
18:34:13 : Group: Cristi: They play the game how it's meant. :)) Army simulator for them
18:34:19 : Group: Joshuaa: you got food?
18:34:36 : Group: Winans: the m2 snipe u from 800 meters :D
18:34:39 : Group: bobaliny2: uh no
18:34:49 : Group: Hailstorm: yes one shot ^^
18:34:58 : Group: Joshuaa: this had all the vehicle keys in
18:35:09 : Group: bobaliny2: ?
18:35:14 : Group: Joshuaa: lockbox
18:35:14 : Group: bobaliny2: oh the lockbox
18:35:19 : Group: bobaliny2: I already tried to locate my humvee
18:35:21 : Group: bobaliny2: not in database
18:35:24 : Group: Joshuaa: ill see what else it has
18:35:50 : Group: bobaliny2: kk, you got the main rotor?
18:35:59 : Group: Hailstorm: oh, i have to eat, dinner is ready, see you in 30 min
18:36:00 : Group: Joshuaa: ye 2 secs
18:36:04 : Group: bobaliny2: aight
18:36:05 : Group: Winans: me 2
18:36:45 : Group: bobaliny2: Kk i'm going to go find the suv
18:39:26 : Group: bobaliny2: Where will our new base be?
18:39:30 : Group: bobaliny2: I have an idea
18:39:36 : Group: Joshuaa: just something simple, like a barn
18:39:42 : Group: Joshuaa: yeah?
18:39:43 : Group: bobaliny2: Under the vybor bridge
18:40:05 : Group: Joshuaa: yeah man
18:40:20 : Group: bobaliny2: only problem is it will be cramped
18:40:25 : Group: bobaliny2: unless we build a tower on the side
18:40:33 : Group: Joshuaa: remember, we need to transport everything there
18:40:41 : Group: bobaliny2: ugh fuck
18:40:45 : Group: Joshuaa: helis
18:40:46 : Group: bobaliny2: how much do we have
18:40:51 : Group: Joshuaa: we could takes helis
18:41:00 : Group: Joshuaa: i got 7 briefs
18:41:06 : Side: Otimimpack: eaew
18:41:16 : Group: bobaliny2: Na, an mtvr will be plenty
18:41:22 : Group: bobaliny2: Plus it's a short drive
18:41:31 : Group: Joshuaa: matsa said he would come and open his safes for me later
18:41:39 : Group: bobaliny2: sweet
18:41:53 : Group: Joshuaa: we need to empty the safes so we can take them as well
18:42:18 : Group: Joshuaa: you found the suv?
18:42:20 : Group: bobaliny2: Suv has jack shit
18:42:22 : Group: bobaliny2: just two guns
18:42:25 : Group: bobaliny2: but free car
18:42:39 : Group: bobaliny2: oh fuck nvm
18:42:43 : Group: bobaliny2: it's missing a wheel
18:42:45 : Group: bobaliny2: good thing i have one
18:42:53 : Group: Joshuaa: hahah
18:43:41 : Group: bobaliny2: I'll trade it in for an mtvr
18:43:42 : Group: Joshuaa: im gonna be afk for 2 mins, just eating an omlette haha
18:43:49 : Group: bobaliny2: That has 50 gunsslots and 200 item slots
18:43:50 : Group: bobaliny2: hahaha k
18:43:59 : Side: [RussianMafia]Godfather: admin
18:44:09 : Side: [RussianMafia]Godfather: help
18:45:03 : Side: [RussianMafia]Godfather: LWB
18:45:38 : Side: Faldehals: lol
18:45:47 : Side: [RussianMafia]Godfather: help remove the camouflage nest over our base.I can not break them
18:46:02 : Side: bobaliny2: Use your toolbox dumby
18:46:08 : Side: Luca: try to use toolbox
18:46:21 : Side: [RussianMafia]Godfather: Oh 
18:46:24 : Side: [RussianMafia]Godfather: Yeas 
18:46:26 : Side: [RussianMafia]Godfather: Thx
18:46:38 : Side: bobaliny2: Sierra
18:47:04 : Side: bobaliny2: How many briefs would i get for a bj
18:47:24 : Group: Joshuaa: back
18:47:59 : Side: Sir LongSleeves: ask Mr Shortbottums when he gets online...
18:48:21 : Side: Faldehals: lwb can you pls remove the ramp in the water at the wholesaler at solnichniy and build it not so deep and not so close at the land ?
18:49:04 : Group: Joshuaa: we should head to devils castle after you got the mtvr
18:49:33 : Group: bobaliny2: Just take a mozzie there
18:49:37 : Group: bobaliny2: If it's just briefs
18:49:56 : Side: LWB [SD]: No, thats game built
18:49:59 : Group: Joshuaa: Ill need the parts
18:50:31 : Side: Faldehals: hmm ...
18:50:35 : Group: bobaliny2: Ok I'll give them when i drive back
18:50:47 : Group: Joshuaa: youll need a way to get there as well
18:51:01 : Group: bobaliny2: Why do both of us need to go to devils?
18:51:10 : Group: bobaliny2: if you know the codes it should just be in and nout
18:51:17 : Group: Joshuaa: yeah fair enough man
18:51:29 : Group: Joshuaa: bring matches back if you can, i need to cook this food haha
18:51:39 : Group: bobaliny2: I got some
18:51:56 : Group: Joshuaa: sweet im almost starving
18:52:49 : Group: Joshuaa: i wish you could remove plot poles
18:52:57 : Group: bobaliny2: You can
18:52:58 : Group: bobaliny2: with crowbar
18:53:05 : Group: Joshuaa: and pick them up?
18:53:09 : Group: bobaliny2: I think
18:54:56 : Group: bobaliny2: attacked
18:56:27 : Group: bobaliny2: Should have fucking rammed him
18:56:31 : Group: bobaliny2: Would have destroyed his car
18:56:38 : Group: Joshuaa: its good man dont worry
18:56:53 : Group: Joshuaa: come back to base, we can buy a car
18:57:07 : Group: bobaliny2: I'm going to do the ural attack mission
18:57:10 : Group: Joshuaa: or get your stuff first
18:57:17 : Group: bobaliny2: Didn't have anything good
18:57:24 : Group: Joshuaa: ill help you dude
18:57:41 : Group: bobaliny2: Hopefully i should be able to do it fine
18:57:42 : Group: Joshuaa: coming now
18:57:56 : Group: bobaliny2: kk
18:58:20 : Side: BowDownYaBish: Where did you run off to Venom?
19:02:13 : Group: bobaliny2: well poop
19:02:23 : Group: Joshuaa: lol
19:02:31 : Group: bobaliny2: Theres a ton of ai there
19:03:38 : Side: Ebse: are gems stones on the server ?? random in the ap ?
19:03:51 : Side: M.K.: dont think so
19:04:04 : Side: LWB [SD]:  In mine viens
19:04:30 : Side: bobaliny2: LWB, do you guys plan on adding thermal weapons?
19:04:34 : Side: LWB [SD]: no
19:04:46 : Side: bobaliny2: Not even teh shit l85 ones?
19:04:51 : Side: LWB [SD]: nope
19:04:54 : Side: bobaliny2: damn
19:04:54 : Side: M.K.: the state in which the server is right now is perfect imo
19:05:09 : Side: Sir LongSleeves: i agree
19:05:17 : Side: bobaliny2: I think it could use an A10 :)
19:05:30 : Side: Sir LongSleeves: no man
19:05:31 : Side: Cristi: Do the missions ever drop gold? 
19:05:37 : Side: Sir LongSleeves: AC - 130
19:05:38 : Side: M.K.: maybe make the bike repair-able even if its on red :))
19:05:39 : Side: Cristi: Are there specific missions that do? 
19:05:40 : Side: Sir LongSleeves: ^^
19:05:47 : Side: M.K.: because the bike is a fkin magnet to trees
19:05:57 : Side: LWB [SD]: thats what the handbrake is for :D
19:05:57 : Side: M.K.: and its sooo annooyying
19:06:07 : Side: M.K.: it doesnt stop either
19:06:10 : Side: M.K.: XD
19:06:24 : Side: LWB [SD]: press space it stops on a sixpence
19:06:27 : Side: Sir LongSleeves: spacebar
19:06:29 : Side: M.K.: lel
19:06:30 : Side: M.K.: k
19:06:30 : Side: M.K.: XD
19:06:33 : Side: M.K.: ty
19:07:07 : Side: lop24: wow
19:07:28 : Side: M.K.: i hear a heli
19:07:32 : Side: M.K.: pick me up
19:07:33 : Side: M.K.: XD
19:07:55 : Side: Sir LongSleeves: what type of heli
19:08:04 : Side: BowDownYaBish: And where?
19:08:20 : Side: M.K.: what is the ideal viewing distance to have, vd / fps , with how much do you guys play with?
19:08:30 : Side: Sir LongSleeves: bowdown dont bother with where
19:08:38 : Side: Sir LongSleeves: you only want to shoot it down
19:08:45 : Side: BowDownYaBish: Exactly...
19:08:58 : Side: BowDownYaBish: Depends what heli it is 
19:08:59 : Side: bobaliny2: Near devil's castle, ai heli hovering
19:09:05 : Side: bobaliny2: UH-60 I think
19:09:07 : Side: BowDownYaBish: Yeah AI huey
19:09:09 : Side: bobaliny2: The shitty one from vietnam
19:09:15 : Side: Sir LongSleeves: how about you stop that or we shove some 50.cal bullets up your heli
19:09:33 : Side: BowDownYaBish: You should
19:09:37 : Side: Sir LongSleeves: or grow a pair and walk or drive
19:09:41 : Side: BowDownYaBish: But it wont stop me
19:09:59 : Side: Lunatick : or learn how to fly 
19:10:41 : Group: Hailstorm: hey, back
19:11:06 : Side: BowDownYaBish: I've only been in heli's for two days on this server the rest of the time I've been on foot
19:19:20 : Direct: Faldehals: homo
19:19:28 : Direct: M.K.: ss
19:19:32 : Direct: M.K.: reported
19:19:53 : Direct: Faldehals: you mother go play and dont sniff around here all time
19:21:52 : Direct: Faldehals: behindertes kind such dir arbeit
19:24:13 : Side: Faldehals: what a behavior with this gettoppls runing around all time in stary to loot the tents why this idiots get no kick or ban
19:24:35 : Side: Faldehals: thats the first server who tollerat this
19:29:26 : Side: BowDownYaBish: Where's the armed SUV?
19:29:51 : Side: Faldehals: you miss one ?
19:29:56 : Side: Sir LongSleeves: BEREZINO
19:30:02 : Side: BowDownYaBish: No, hunting one
19:30:03 : Side: BowDownYaBish: ty
19:30:08 : Side: Faldehals: ahh
19:30:31 : Side: Sir LongSleeves: russian scum
19:31:07 : Side: Sir LongSleeves: they were just looking for bambi's to kill at the coast when i ran into em with my truck
19:31:14 : Side: BowDownYaBish: xD
19:31:23 : Side: BowDownYaBish: Hunting freshies in an armed SUV, nice
19:32:03 : Side: ReaperZA: it's probably not even their lowest form
19:32:11 : Side: BowDownYaBish: :D
19:32:34 : Side: BowDownYaBish: Armed SUV is too easy
19:33:41 : Side: BowDownYaBish: Reaper, did you crash your Venom?
19:34:13 : Side: Sir LongSleeves: no he crashed my littlebird
19:34:19 : Side: BowDownYaBish: rip
19:34:22 : Side: Sir LongSleeves: xD
19:34:32 : Side: BowDownYaBish: Armed one? or normal?
19:34:43 : Side: Sir LongSleeves: normal one
19:34:54 : Side: BowDownYaBish: Ahh, not as bad then
19:34:56 : Side: Sir LongSleeves: flying 3 meter off the ground xD
19:35:00 : Side: BowDownYaBish: lol xD
19:35:11 : Side: Sir LongSleeves: i was on TS like
19:35:22 : Side: Sir LongSleeves: your gonna crash
19:35:30 : Side: Sir LongSleeves: no im not, im a pro..
19:35:32 : Direct: Joshuaa: wtf
19:35:43 : Side: Sir LongSleeves: o a bridge, lets see if it fits...
19:35:47 : Side: Sir LongSleeves: BOOOOM
19:35:49 : Side: Sir LongSleeves: xD
19:36:51 : Side: Faldehals: you guys are stuntpilots ?
19:37:01 : Side: Sir LongSleeves: he is
19:37:15 : Side: Faldehals: lets make a race over the street at the coast with littlebirds
19:58:01 : Group: BowDownYaBish: Sec
19:58:29 : Side: Faldehals: so lagi i can sleep at crafting lol
19:58:32 : Group: BowDownYaBish: Going to log out quickly
20:00:42 : Side: [RussianMafia]Godfather: admin
20:00:59 : Side: LWB [SD]: yes?
20:01:50 : Side: [RussianMafia]Godfather: Well someone stole our base using cheat
20:01:55 : Side: [RussianMafia]Godfather: or bagous
20:02:13 : Side: 2DIE4:  lol how can u steal a whole base?   =) 
20:02:22 : Side: LWB [SD]: got video proof? If so, postit to the website
20:02:42 : Side: [RussianMafia]Godfather: With the bike climbed over the wall
20:03:10 : Side: [RussianMafia]Godfather: bike is near my base and probably he is now in it
20:04:19 : Group: Faldehals: get his ass open
20:09:05 : Side: M.K.: can i eject someoene in my car if im at the wheel?
20:09:13 : Side: 2DIE4: no
20:09:19 : Side: M.K.: :(
20:09:29 : Side: 2DIE4:  stay in the car lockk it  come here
20:09:39 : Side: M.K.: here?
20:09:56 : Side: 2DIE4:  my base on altar =) 
20:10:02 : Side: 2DIE4:  ill shoot him out  =) 
20:10:31 : Side: BowDownYaBish: We did it to some guy in my pook the other day, he was not happy :d
20:10:40 : Side: 2DIE4:  i wl not shoot u  
20:11:02 : Side: 2DIE4:   u got my word !  but i keep his loot is that cool 
20:11:25 : Side: M.K.: i already knocked him out
20:11:28 : Side: M.K.: and left
20:11:29 : Side: M.K.: Xd
20:11:31 : Side: 2DIE4:  GJ  = )
20:13:33 : Group: alexxx: GOOD BYE CRUEL WORLD
20:25:18 : Group: Joshuaa: base is fucked
20:25:28 : Group: matsa: my game is fucked :D
20:25:33 : Group: Joshuaa: how?
20:25:50 : Group: matsa: gotta fix again >:(
20:25:55 : Group: Joshuaa: ok man haha
20:26:15 : Side: alexxx: CAN YOU DELETE ALL THESE MARKS ON THE MAP ?
20:26:29 : Side: alexxx: LWB ?
20:26:32 : Side: Faldehals: erase it 
20:26:41 : Side: alexxx: TY
20:26:43 : Side: BowDownYaBish: I did it
20:29:20 : Side: Faldehals: hey lwb what you think about a dance script at fire ?
20:29:32 : Side: LWB [SD]: absolutely not
20:29:37 : Side: Joshuaa: i wanna dance
20:29:41 : Group: matsa: aigh
20:29:45 : Side: BowDownYaBish: Pointless tbh
20:29:46 : Side: Faldehals: pfff youre no funy guys
20:29:52 : Side: BowDownYaBish: Plus people use it to bug menu's
20:29:54 : Group: Joshuaa: you good?
20:30:04 : Group: matsa: ill come there now
20:30:09 : Side: M.K.: why would you add pointless stuff
20:30:14 : Group: Joshuaa: ok thanks man, have you done the safes?
20:30:16 : Side: M.K.: lel
20:32:00 : Group: Joshuaa: all of the cars gone as well
20:32:04 : Side: mathe: where is the suv armored
20:32:06 : Side: mathe: ??
20:32:12 : Group: Joshuaa: everything just gone
20:32:16 : Side: [RussianMafia]Godfather: house
20:32:46 : Group: matsa: need a toolbox xD
20:32:48 : Side: mathe: come to ch-47
20:32:52 : Side: mathe: mission
20:33:14 : Group: Joshuaa: oh dear haha
20:34:48 : Side: mathe: hahahhaha
20:35:20 : Side: M.K.: can you snap when you build, and how , i forgot :P
20:35:30 : Side: LWB [SD]: scroll wheel and f
20:35:37 : Group: matsa: cant find a toolbox
20:35:38 : Side: BowDownYaBish: Scroll click snap: on , ten click F
20:35:38 : Side: M.K.: ty
20:36:03 : Side: M.K.: lwb come for a sec to me, i want to ask something
20:36:18 : Group: Joshuaa: hmm i could fly to traders and buy you on then bring it?
20:36:24 : Side: 2DIE4: PLS DUDE 
20:36:25 : Direct: M.K.: hey
20:36:27 : Direct: LWB [SD]: sup
20:36:38 : Direct: M.K.: if i place the lockbox here, is it ok, right?
20:36:40 : Group: Joshuaa: ill come now
20:36:44 : Direct: M.K.: under the logs
20:36:49 : Direct: LWB [SD]: should be
20:36:52 : Direct: M.K.: lets check
20:36:56 : Direct: LWB [SD]: but you might not get csess
20:36:59 : Direct: LWB [SD]: acsess
20:37:01 : Group: matsa: ok
20:37:03 : Direct: LWB [SD]: like in trees
20:37:16 : Direct: M.K.: if i screw it up can you help me out?:P
20:37:31 : Direct: LWB [SD]: I dont usually, but maybe
20:37:35 : Direct: M.K.: :D
20:38:01 : Direct: M.K.: its fine
20:38:05 : Direct: LWB [SD]: cool
20:38:07 : Direct: M.K.: ty anyway :P
20:38:10 : Direct: LWB [SD]: np
20:38:19 : Group: Joshuaa: FALL?
20:38:28 : Group: alexxx: HI
20:38:29 : Side: Winans: how long does it take for safes to be unlocked? 7 days?
20:38:38 : Side: LWB [SD]: yeah
20:38:41 : Group: matsa: mhm
20:38:42 : Side: Winans: ty
20:40:32 : Group: matsa: come here?
20:40:46 : Side: BowDownYaBish: LWB, ever considered making it so that food does 100% so you don't need to eat/drink 3 steaks at a time?
20:40:47 : Group: Joshuaa: im at stary atm
20:40:54 : Group: Joshuaa: you dont need toolbox now haha
20:40:58 : Group: matsa: ai blew up my bike...
20:41:04 : Side: LWB [SD]: mm, no, Its just default to what ever the devs set it at
20:41:09 : Side: LWB [SD]: Ive not touched that part
20:41:11 : Group: Joshuaa: you do nee done then?
20:41:11 : Side: BowDownYaBish: Alright
20:41:15 : Group: matsa: ye
20:41:21 : Side: LWB [SD]: I know they made it different
20:41:30 : Side: LWB [SD]: And exercise uses food/drink more
20:41:55 : Side: BowDownYaBish: Is it even something you can change?
20:42:05 : Side: LWB [SD]: Probably, somewhere
20:42:24 : Group: Joshuaa: coming
20:42:57 : Side: Matheus: does the gps scan count yourself when you use it?
20:43:02 : Side: BowDownYaBish: Yes
20:43:02 : Side: LWB [SD]: yeah
20:43:11 : Side: BowDownYaBish: Doesn't count people in vehicles
20:43:59 : Group: matsa: im at vybor
20:45:57 : Group: Joshuaa: you want toolbox or you gonna run?
20:46:04 : Group: matsa: can run
20:46:10 : Group: Joshuaa: ok
20:46:19 : Group: matsa: 1700m tho
20:49:24 : Side: Matheus: this server is the one that i was looking for 
20:49:35 : Side: Matheus: vanilla style gameplay
20:49:40 : Side: Matheus: gj lwd
20:49:51 : Side: M.K.: the exact feeling i had when i first joined
20:50:21 : Side: Matheus: yes,very nice
20:50:45 : Side: Matheus: miss the epoch server from 2 years ago
20:50:49 : Side: Matheus: servers*
20:50:57 : Side: M.K.: "sigh"
20:51:04 : Side: Faldehals: i miss Celle map
20:51:23 : Side: Matheus: origins was good too 
20:51:27 : Side: Matheus: namalsk
20:51:42 : Side: Faldehals: but celle dosnt exist 
20:51:43 : Group: Joshuaa: where did the vehicles and helis go?
20:52:06 : Side: Faldehals: oll others namalsk only with epoch
20:52:12 : Direct: Laurence Gommersil: mega koffie ists prismic you there on mates account
20:52:30 : Side: Faldehals: no original with blowouts and bloodsuckers
20:52:40 : Side: Matheus: yes
20:53:48 : Side: Hailstorm: maybe Trump will make arma 2 dayz great again!
20:53:52 : Side: Hailstorm: XP
20:53:56 : Side: Matheus: ahahaha
20:54:09 : Side: Matheus: way more funny than arma 3
20:54:14 : Side: Hailstorm: yep
20:54:35 : Group: Joshuaa: where did the cars and stuff go?
20:54:39 : Side: Kev: Yo 2DIE u maybe got a sec for a talk?
20:54:45 : Side: Hailstorm: all survival games cant give me the arma 2 dayz feeling
20:54:57 : Group: matsa: maybe they stol them
20:55:07 : Group: Joshuaa: the garage was locked?
20:55:12 : Side: Matheus: this is the absolut truth
20:55:26 : Group: matsa: lock door dude
20:55:36 : Group: Joshuaa: it is
20:55:54 : Side: Matheus: this dayz is way more advanced than any other survival games
20:55:56 : Group: matsa: i think theyre camping outside
20:56:04 : Group: Joshuaa: really?
20:56:19 : Group: matsa: chopper was here a second ago
20:56:45 : Group: Joshuaa: yep they are
20:57:03 : Group: Joshuaa: in 1000m theres 17 players/ai
20:57:13 : Group: Joshuaa: could be mission
20:58:10 : Group: Joshuaa: we need to get a door on the front and back of this barn
20:58:14 : Group: Joshuaa: its open
20:58:31 : Group: matsa: or do you wanna build a new house?
20:58:44 : Group: Joshuaa: lets do it if you want to man
20:58:52 : Group: matsa: :D
20:58:59 : Group: Joshuaa: where then?
20:59:05 : Group: Joshuaa: and how we moving all the ghear?
20:59:46 : Group: matsa: we need to make the house safe first before we transfer gear
20:59:48 : Group: Joshuaa: we need a big car to move all of weapons and safes
21:00:34 : Group: matsa: vodnik has a lot of space
21:00:43 : Group: Joshuaa: how much are they?
21:00:43 : Group: matsa: and can take some bullets
21:01:19 : Group: Joshuaa: 1 brief?
21:01:20 : Group: matsa: lol the pkp dissapeared
21:02:55 : Group: matsa: here
21:03:05 : Group: Joshuaa: thanks
21:03:15 : Group: Joshuaa: should i go grab vodnik?
21:03:21 : Group: matsa: aight lets go
21:03:25 : Group: matsa: have a mozzie?
21:03:27 : Group: Joshuaa: how much gold?
21:03:31 : Group: Joshuaa: yep
21:03:41 : Group: matsa: devil's?
21:03:49 : Group: Joshuaa: now?
21:03:52 : Group: matsa: ye
21:03:56 : Group: Joshuaa: lets go
21:04:28 : Group: matsa: have a toolbox?
21:04:45 : Group: Joshuaa: i put it on your body, you not grab it? xD
21:05:05 : Group: matsa: xD
21:05:53 : Group: Joshuaa: how about you go to detle and i wait for you to come back then we go get vodnik yeah?
21:05:58 : Group: Joshuaa: devils
21:06:07 : Group: Joshuaa: you grab the gold
21:06:34 : Group: matsa: come with
21:06:41 : Group: Joshuaa: that was my tool box haha
21:06:44 : Side: Kev: 2die, can we tomorrow maybe go for a talk? U Guess would be poss?
21:06:54 : Group: matsa: hete
21:06:55 : Side: Faldehals: its time to go fishing now
21:06:57 : Group: matsa: here
21:07:17 : Group: Joshuaa: how da fuq haha
21:07:34 : Group: Joshuaa: i cant get in ffs
21:07:40 : Group: matsa: aim at the rotor
21:07:50 : Group: Joshuaa: thanks
21:08:39 : Group: matsa: ai on right
21:09:18 : Group: matsa: i think thats ikea
21:10:11 : Side: Legend: godfather, pls let the keys there
21:12:21 : Group: Joshuaa: lol never flown before haha
21:12:28 : Group: matsa: hehe
21:15:15 : Group: Joshuaa: wheres the gold
21:15:37 : Group: matsa: ehh
21:15:50 : Group: Joshuaa: svvay said theres like 14 briefcases
21:16:01 : Group: matsa: i have topac
21:16:09 : Group: matsa: its an expensive emerald
21:16:22 : Group: Joshuaa: isnt that 7 briefs?
21:16:41 : Group: matsa: ye
21:16:44 : Group: matsa: there was 2
21:16:49 : Group: Joshuaa: damnnn
21:16:56 : Group: Joshuaa: wheres our new base gonna be then?
21:17:20 : Group: Joshuaa: isnt there 2 safes?
21:17:40 : Group: matsa: nah
21:18:24 : Group: Joshuaa: now we need big vehicle
21:18:40 : Group: matsa: back to base?
21:18:44 : Group: Joshuaa: yep
21:20:19 : Group: Joshuaa: stary?
21:20:22 : Group: matsa: ye
21:21:17 : Side: [RussianMafia]Godfather: people)
21:21:45 : Side: Turmoil: Good evening guys
21:21:57 : Side: Lunatick : hey 
21:22:23 : Side: Kev: what does evening excatly mean in norway? :D
21:22:34 : Side: [RussianMafia]Godfather: It may suffice us up camping
21:22:39 : Side: matsa: kveld
21:22:55 : Group: Joshuaa: damn i was sliding
21:23:19 : Group: Joshuaa: shall we head to bandit trader next?
21:23:38 : Group: matsa: aight
21:23:46 : Group: Joshuaa: so you can convert the emerald
21:24:10 : Direct: [RussianMafia]Godfather: Please read 
21:24:10 : Group: Joshuaa: is vodnik at bandit?
21:25:38 : Group: Joshuaa: seeya at bandit
21:25:42 : Group: matsa: gogo
21:27:36 : Side: Paul: does anyone know what the bottom right indicator is for ?
21:27:42 : Side: Turmoil: water
21:27:47 : Side: Turmoil: fluids
21:27:50 : Side: BowDownYaBish: :d damn
21:27:53 : Side: [RussianMafia]Godfather: ha ha
21:27:55 : Side: BowDownYaBish: You're so new
21:27:58 : Side: Paul: so the third from bottom is for what ?
21:28:03 : Side: Turmoil: blood
21:28:07 : Side: BowDownYaBish: Paul <3
21:28:07 : Side: Paul: ooooh
21:28:08 : Side: Joshuaa: piss
21:28:12 : Side: Paul: nice, thanks
21:28:18 : Side: Turmoil: any of the 3 lowest reach the bottom your dead xD
21:28:19 : Side: Joshuaa: how full your bladder is
21:28:37 : Side: Paul: Yep, I'm so new :)
21:30:42 : Group: matsa: it didnt have that much space :P
21:31:02 : Side: Joshuaa: oh dear
21:31:06 : Group: Joshuaa: oh dear haha
21:31:15 : Group: matsa: but its good tho
21:31:52 : Group: matsa: i can buy you a suv
21:32:04 : Group: Joshuaa: its fine man
21:32:16 : Group: Joshuaa: vodnik will do, im sure theres not that many weapons
21:32:20 : Group: Joshuaa: silver
21:32:52 : Group: Joshuaa: to the base
21:32:54 : Side: Paul: omfg
21:32:58 : Side: Paul: rpk
21:32:58 : Side: BowDownYaBish: LWB :D?
21:33:03 : Side: BowDownYaBish: Are you stalking us?
21:33:11 : Group: Joshuaa: load the car up and find somewhere else
21:33:54 : Group: Joshuaa: i got chanisaw oil yeeee
21:33:58 : Group: matsa: xD
21:34:02 : Direct: LWB [SD]: oh hi
21:34:07 : Direct: LWB [SD]: I wasnt even in game lol
21:34:10 : Side: Turmoil: LWB is like Chuck Norris, you wouldnt know if he stalked you xD
21:34:17 : Direct: LWB [SD]: I was alt tabbed out
21:34:27 : Direct: Lunatick : hi you were being attacked and i panicked came over and got stuck on you 
21:34:33 : Direct: LWB [SD]: :D
21:34:37 : Direct: Lunatick : haha
21:34:45 : Direct: LWB [SD]: I should find a better hidey place
21:34:51 : Direct: Lunatick : yes 
21:34:55 : Side: BowDownYaBish: He forgot to put zed shield on :D
21:35:00 : Direct: LWB [SD]: I got caught typing a mesg and forgot I wa here
21:35:07 : Side: BowDownYaBish: I saw agro on him but he was invisible
21:35:13 : Side: Turmoil: xD
21:35:16 : Direct: Lunatick : haha 
21:35:23 : Direct: LWB [SD]: Ill go awa now :D
21:35:25 : Direct: LWB [SD]: y
21:35:26 : Direct: Lunatick : ok
21:35:35 : Side: Paul: what's the use of painkillers if they don't replenish blood ?
21:35:45 : Side: BowDownYaBish: They stop you from shaking
21:35:55 : Side: Turmoil: you need bloodbags to refill blood or some types of food
21:36:11 : Group: Joshuaa: grab anything you need
21:36:22 : Group: Joshuaa: take only valuable weapons
21:37:08 : Group: Joshuaa: is the car unlocked?
21:37:51 : Group: matsa: we have to do missions or buy building supplies first
21:38:12 : Group: Joshuaa: lets just buy them, ive got 7 briefs and you have like 8
21:38:46 : Group: Joshuaa: how many you got?
21:39:00 : Group: matsa: m8 ikea mission next to us
21:39:06 : Group: Joshuaa: lets do it haha
21:39:12 : Group: matsa: brb
21:39:32 : Group: Joshuaa: ok 
21:40:19 : Group: Cristi: Hey, I am back.
21:40:30 : Group: Joshuaa: yep
21:40:38 : Group: Hailstorm: hey
21:40:49 : Group: Cristi: You guys sit in base quite a lot :P 
21:41:01 : Group: Cristi: Finished the mission, but wasn't really able to get all the good shit.
21:41:16 : Direct: Cristi: sup
21:41:27 : Direct: Sergio: ???
21:41:35 : Group: Hailstorm: yes, before an hour there were 2 guys here and killed winans
21:41:36 : Direct: Cristi: Just hello.
21:41:37 : Group: matsa: im bugged wtf
21:41:39 : Group: Joshuaa: im ready
21:41:47 : Group: Hailstorm: after restart they were gone
21:41:48 : Group: Cristi: Oh. If you still need help I can come by.
21:41:51 : Group: Cristi: Oh, k
21:41:51 : Group: matsa: gotta relog 1 sec
21:41:57 : Group: Cristi: Took anything?
21:42:01 : Group: Hailstorm: not atm, but thx
21:42:08 : Group: Hailstorm: only winans stuff
21:42:14 : Direct: Sergio: you play alone? my inglish is bad, im speak spanish xD
21:42:15 : Group: Cristi: Names?
21:42:25 : Direct: Cristi: Right now I do, but usually I have a team.
21:42:25 : Direct: Sergio: scream
21:42:36 : Group: Hailstorm: ahm
21:42:38 : Direct: Sergio: ok
21:43:11 : Group: Hailstorm: the names were very difficulty, many letters and numbers
21:43:34 : Group: Cristi: k
21:43:59 : Group: Cristi: You know how much is a little bird by the way? 
21:44:15 : Group: Hailstorm: the black 1bc and the silver 60 gold
21:44:19 : Group: Cristi: K 
21:44:59 : Group: Hailstorm: the black can lift also an uhey, dont know if he acn lift bigger things like mv22 or chinooc
21:45:05 : Direct: Sergio: friendly?
21:45:12 : Direct: Cristi: Yee. I play hero.
21:45:21 : Direct: Cristi: you?
21:45:23 : Direct: Sergio: great :D
21:45:35 : Direct: Sergio: friendly
21:45:41 : Direct: Cristi: K
21:45:46 : Direct: Cristi: I'll be around here, where you ehaded to?
21:46:07 : Direct: Sergio: wait
21:46:20 : Direct: Sergio: im go to airport
21:46:38 : Direct: Cristi: Ok, I want to go there too. Don't shoot a ghillie :))
21:46:41 : Direct: Cristi: I won't shoot at you 
21:46:42 : Side: Paul: the black dots on the map are merchants ?
21:46:49 : Direct: Cristi: I'll go somewhere else.
21:46:59 : Direct: Cristi: I don't really want to team up right now, sorry :(.
21:47:10 : Direct: Sergio: :)
21:47:13 : Direct: Cristi: I'll just be carefull not to get you killed.
21:47:15 : Direct: Cristi: Bye 
21:47:34 : Side: LWB [SD]: Traders yes, also at bash,klen and stary
21:47:36 : Group: Joshuaa: was it ai?
21:47:48 : Side: Paul: what are those ?
21:47:53 : Group: matsa: no
21:47:58 : Side: LWB [SD]: traders
21:47:58 : Group: Joshuaa: shittt
21:48:01 : Side: LWB [SD]: where you buy/sell
21:48:09 : Side: Paul: oooh ok
21:48:21 : Group: Joshuaa: whats the closest spanw?
21:48:30 : Side: Paul: how can I use sansbags to hide stuff ?
21:48:37 : Group: matsa: idk
21:48:48 : Side: LWB [SD]: you cant
21:48:53 : Side: Paul: right
21:48:59 : Side: Turmoil: sandbags are quite easy to spot so not good for hiding stuff ^^
21:49:35 : Group: Joshuaa: im close
21:49:44 : Side: Turmoil: try a personal lockbox, those have camo ^^
21:49:47 : Group: matsa: the guy is also
21:49:55 : Side: Paul: where can I get them ?
21:49:57 : Group: Joshuaa: did it say who killed me
21:50:00 : Side: Turmoil: trader
21:50:02 : Side: LWB [SD]: traders lol
21:50:08 : Group: matsa: alexx
21:50:12 : Side: LWB [SD]: but you need to sell stuff first
21:50:20 : Side: Paul: ok right
21:50:35 : Side: Paul: what has good sell value ?
21:50:48 : Group: Joshuaa: i think the shot came from the direction we wwere running
21:50:53 : Group: matsa: yep
21:51:01 : Group: Joshuaa: ill try flank
21:51:08 : Side: Turmoil: high caliber sniper rifles, cooked cow meat, high caliber ammo sells for good cash... cars and trucks, helicopters... if you find any thats not locked
21:51:35 : Side: Paul: ok, thanks
21:51:39 : Side: Turmoil: yw :)
21:51:41 : Side: Faldehals: go fishing thats easy money
21:51:48 : Side: Paul: glad to see the community is present after all these years
21:51:58 : Side: Turmoil: 10 cooked tuna = one briefcase of gold i belive
21:51:58 : Side: Glasgow: +
21:52:11 : Side: Paul: wait a saw a rod
21:52:20 : Side: Paul: does it take a lot of place in the inventory ?*
21:52:34 : Side: Turmoil: one per fish
21:52:41 : Side: Paul: but the fishing rod
21:52:54 : Side: Turmoil: one slot per fish... so if you have a large gunbag you can get 60 tuna and cook em... = 6 briefcases
21:53:05 : Side: Faldehals: large gunbag room for fish you can go fishing 1h
21:53:06 : Side: Turmoil: one weapon slot
21:53:08 : Side: LWB [SD]: the rod takes your primary slow
21:53:11 : Side: LWB [SD]: slot
21:53:17 : Side: Paul: worth it ?
21:53:19 : Side: Winans: doesnt it take hours to fish?
21:53:20 : Side: LWB [SD]: but only one slot in bag
21:53:33 : Side: Paul: nice thanks
21:53:33 : Side: Turmoil: fishing is quite easy Winans :) and not that slow
21:53:33 : Group: Joshuaa: is it the tall base in the woods?
21:53:45 : Group: Joshuaa: i see him!
21:53:50 : Group: Joshuaa: i got makarov tho haha
21:54:04 : Side: Faldehals: must finde a good place ....
21:55:31 : Side: Faldehals: get bandid hat outfit thats the right for fishing :D
21:56:08 : Side: Glasgow: i can eat a bottle of milk? o.O
21:56:54 : Group: Joshuaa: i got makarov theres 2
21:57:05 : Group: Joshuaa: im followinf them
21:57:10 : Side: Faldehals: what can i do with stones ?
21:57:35 : Side: LWB [SD]: nothing, they are left over from vanilla
21:58:23 : Side: Faldehals: and you cant add the books to build here ?
21:58:24 : Group: Joshuaa: WHATS HAPPENING
21:58:28 : Group: Joshuaa: what we do now
21:58:31 : Group: matsa: BS
21:58:32 : Side: LWB [SD]: on certain vehciles yes
21:58:40 : Group: Joshuaa: you hid key didnt you
21:58:41 : Group: matsa: WE KILL THEM
21:58:44 : Group: matsa: YES
21:59:03 : Group: Joshuaa: with my makarov
21:59:06 : Group: Joshuaa: woooo
21:59:08 : Group: matsa: xD
21:59:22 : Group: Joshuaa: could we get our gear
21:59:36 : Side: Faldehals: mkayis thats better like dancing at fire ?
21:59:39 : Group: matsa: you can
21:59:42 : Group: matsa: i think
21:59:54 : Group: Joshuaa: they takre yours?
22:00:20 : Group: Hailstorm: christi, do you know how to craft camonets
22:00:59 : Group: Hailstorm: K ^^
22:01:46 : Group: matsa: theres a guy
22:01:53 : Group: Hailstorm: ok, i found how to craft them
22:02:04 : Group: Joshuaa: in the woods?
22:02:11 : Group: Hailstorm: yes 4 tent 4 poles, thx
22:02:15 : Direct: Sergio: no entiendo
22:02:31 : Group: Joshuaa: think i see him not sure
22:02:34 : Direct: Cristi: hM?
22:02:55 : Group: Joshuaa: nope
22:05:13 : Group: Joshuaa: hit him 5 times
22:05:47 : Group: matsa: i believe in you
22:06:06 : Group: Joshuaa: what gun did he have?
22:06:14 : Group: Joshuaa: it literally 1 shotted me
22:06:21 : Group: matsa: you died?
22:06:41 : Group: Joshuaa: yeah? he was behind me and missed 1st shot so i shot him back like 4 times
22:06:59 : Group: Joshuaa: you got alexx
22:07:02 : Group: matsa: ye
22:07:38 : Group: Joshuaa: yeahhh
22:07:57 : Group: Hailstorm: nooooo, not this guy, over 200 meter you were safe against them
22:08:22 : Group: Joshuaa: frgot haha
22:09:13 : Side: Turmoil: LWB?
22:09:13 : Group: Hailstorm: this guy.... over 200 meter you are safe afainst the russian mafia guys
22:09:20 : Side: LWB [SD]: sup/
22:09:29 : Group: Cristi: Who got me?
22:09:33 : Side: Turmoil: how much does the SUV's cost again?
22:09:37 : Group: Winans: godfather
22:09:44 : Group: Cristi: Russian?
22:09:49 : Group: Cristi: Motherf**
22:09:51 : Group: Cristi: I had 95 gold on me
22:10:05 : Group: Winans: :S
22:10:07 : Group: Hailstorm: oh, noo
22:10:11 : Group: Cristi: I hate NWAF.. High risk no reward.
22:10:14 : Group: Hailstorm: where was he
22:10:17 : Group: Joshuaa: no
22:10:18 : Side: LWB [SD]: 2 10oz
22:10:21 : Group: Cristi: NW
22:10:23 : Side: Turmoil: roger that, thank you sir
22:10:24 : Side: LWB [SD]: or 6 10oz
22:10:35 : Side: LWB [SD]: for the bigger capacity ne
22:10:41 : Group: Cristi: Needed 5 more gold so I can go to NE to buy little bird
22:10:46 : Group: Joshuaa: hahaha
22:10:47 : Group: Cristi: My fault for riding in the airport like an idiot
22:11:00 : Group: Cristi: I saw a dead zombie but I thought it was Sergio's I befriended him in trader
22:11:30 : Group: Joshuaa: where
22:11:30 : Group: Winans: the russian guys are usually camping NW
22:11:41 : Group: Hailstorm: hmmm, go back, they are bad in long range battles, the highes range they killed someone was 350 meter
22:11:49 : Group: Hailstorm: defenitly a luckshot
22:11:53 : Group: Cristi: I am going back only if I can get on MY FUCKING BIKE
22:11:59 : Group: Cristi: It got bugged :))))
22:12:20 : Group: Joshuaa: i cant see
22:12:25 : Group: Winans: ./killme
22:12:46 : Group: Winans: well we are off for today... sry that we cant help u now
22:12:49 : Group: Cristi: /killme
22:13:05 : Group: Cristi: GOOD YE CRUEL WORLD
22:13:09 : Group: Cristi: All good
22:14:58 : Group: Hailstorm: cristi, winans and me are offline now, sry that we cant help now, we have to work tomorrow
22:15:10 : Group: Hailstorm: oh, here the cords of their base
22:15:25 : Group: Cristi: It's ok!
22:15:29 : Group: Cristi: Yes pls.
22:15:35 : Group: Hailstorm: marked it
22:15:53 : Group: Cristi: near NW?
22:15:58 : Group: Hailstorm: if i log out the marker will be gone, so mark it your self agian
22:15:58 : Group: Cristi: Ah< i got it
22:15:59 : Group: Cristi: Thanks
22:16:11 : Group: Joshuaa: plan?
22:16:27 : Group: Joshuaa: mission?
22:17:32 : Group: Hailstorm: ok, see you tomorrow
22:17:34 : Group: Hailstorm: bye
22:17:38 : Group: Cristi: bb
22:17:39 : Group: Joshuaa: we doing mission?
22:17:51 : Group: Joshuaa: we buy building things?
22:18:10 : Group: Joshuaa: you wanna swap?
22:18:30 : Group: Joshuaa: ill try now
22:18:37 : Group: Joshuaa: distance?
22:19:03 : Group: Joshuaa: map says 485
22:19:07 : Group: Joshuaa: ill go 500
22:19:28 : Group: Joshuaa: 1 down
22:19:37 : Group: Joshuaa: omg haha
22:20:04 : Group: Joshuaa: i can get them
22:20:45 : Group: Joshuaa: wtf
22:20:55 : Group: Joshuaa: other m2 gun?
22:20:56 : Side: Paul: CAN i SELL STUFF TO THE BOAT DEALER ,
22:21:07 : Side: JamesDaGamer: IDK CAN YOU?.
22:21:21 : Side: Turmoil: boat dealer, kinda lays in the word, you can sell boats there :)
22:21:25 : Side: Paul: I don't manage to, but I'm new so maybe I made a mistake
22:21:47 : Side: Turmoil: scroll and choose trader - in window click sell in right top
22:21:57 : Side: Turmoil: choose what to sell 
22:22:02 : Side: Paul: ok, thanks
22:22:17 : Group: Joshuaa: ai?
22:22:33 : Group: Joshuaa: they all dead?
22:22:37 : Group: Joshuaa: wa sit ai that killed me?
22:22:45 : Group: Joshuaa: ok good
22:22:47 : Direct: Cristi: sUNT OFFLINE majoritatea
22:22:49 : Direct: Cristi: mai joc cu 3
22:23:33 : Direct: Cristi: lepo13 sau Nobody
22:23:37 : Direct: Cristi: poza cu caine
22:24:53 : Group: Joshuaa: take my sniper
22:25:35 : Side: Otimimpack: eae
22:26:15 : Side: JamesDaGamer: eaeaeaeaeaeaeaeae
22:26:15 : Side: Faldehals: AHA i finde you 
22:26:45 : Group: Joshuaa: i see m2 turret
22:26:58 : Group: Joshuaa: come to me matsa
22:27:29 : Group: matsa: halp
22:27:50 : Side: Paul: how do I fish ?
22:28:19 : Side: Faldehals: take it in you hands and scrool mousewheel
22:28:26 : Group: Joshuaa: player?
22:28:36 : Group: Joshuaa: or ai?
22:28:40 : Side: Paul: ooooh thanks
22:28:51 : Group: Joshuaa: i know where last turret is
22:29:01 : Group: Joshuaa: i got 4
22:29:02 : Side: Paul: Nibble Nibble XD
22:29:14 : Side: Faldehals: knabber knabber here
22:29:20 : Group: Joshuaa: we can do it
22:30:09 : Group: Joshuaa: 500m?
22:30:23 : Group: Joshuaa: im shaking shit
22:30:44 : Group: Joshuaa: dead
22:31:01 : Group: Joshuaa: ai next to you man hahaha
22:32:27 : Side: Faldehals: 16 fish i have now
22:39:49 : Side: Faldehals: lwb whats this #22 ?
22:40:39 : Side: LWB [SD]: "AntiHack_NotRunningONETWO" = "AntiHack_NotRunningONETWO"
22:40:55 : Side: [RussianMafia]Godfather: ?)
22:41:11 : Side: LWB [SD]: his connection isnt very good and didnt load the antihack
22:41:25 : Side: Faldehals: k ty
22:41:42 : Side: alexxx: Hi all
22:41:49 : Side: Cristi: hI
22:42:06 : Side: Cristi: Hi 
22:47:00 : Group: Joshuaa: where you heading matsa?
22:47:32 : Group: Joshuaa: ?
22:47:57 : Group: Joshuaa: ill come lol
22:47:57 : Group: matsa: DIED FROM A BUG
22:48:14 : Group: Joshuaa: you got a gun?
22:48:32 : Group: matsa: ye
22:48:39 : Group: matsa: a shitty one :D
22:48:53 : Group: Joshuaa: look in barracks 1st
22:52:36 : Group: Joshuaa: always bad guns
22:54:29 : Group: Joshuaa: lol rolling wasnt good enough
22:54:30 : Group: matsa: sorry dude :(
22:54:34 : Group: Joshuaa: its fine man haha
22:54:43 : Group: Joshuaa: was he on the firestation
22:55:01 : Group: Joshuaa: doesnt matter, i had no good gear xD
22:55:24 : Group: matsa: im laying here under a tree
22:55:24 : Group: Joshuaa: SOUNDED LIKE M107
22:55:29 : Group: matsa: waiting to die xD
22:55:33 : Group: matsa: ye it was
22:55:37 : Group: matsa: and m110
22:55:40 : Group: Joshuaa: ill go to firestation
22:55:52 : Group: Joshuaa: there was 2?
22:55:59 : Group: Joshuaa: they were rubbish shots haha
22:56:12 : Group: matsa: ye
22:56:15 : Group: matsa: they sucked
22:56:27 : Side: Joshuaa: nice shooting noobs hahaha
22:57:11 : Group: Joshuaa: flank around
22:57:20 : Group: Joshuaa: what wa shis name?
22:57:24 : Group: matsa: i believe :D
22:57:30 : Group: matsa: didnt see
22:57:39 : Group: Joshuaa: you gonna flank?
22:57:40 : Group: matsa: it was russianmafia
22:57:44 : Group: Joshuaa: oh god
22:57:48 : Group: matsa: im pinned
22:58:11 : Group: Joshuaa: we do base tonight or tomorrow?
22:58:48 : Group: matsa: i can do now
22:58:57 : Group: matsa: but we need building supplies
22:59:02 : Group: Joshuaa: elets do it, we have money to buy
22:59:11 : Group: Joshuaa: ive got 8 briefs
22:59:14 : Group: Joshuaa: what you got
22:59:26 : Group: matsa: 9 or smth
22:59:30 : Group: matsa: flank them
22:59:33 : Group: Joshuaa: thats more than enough
23:00:09 : Group: Joshuaa: makarov vs m107 lets goooo
23:00:13 : Group: matsa: xD
23:00:32 : Group: matsa: sneak behind them
23:00:32 : Group: Joshuaa: you wanna buy the supplies then?
23:00:53 : Group: matsa: would be nice
23:01:10 : Group: Joshuaa: shall we just have a basic barn?
23:01:31 : Group: Joshuaa: whats was the distance?
23:02:18 : Group: Joshuaa: wow
23:02:23 : Group: matsa: hehe
23:02:29 : Group: Joshuaa: wheres his body?
23:03:52 : Side: Cristi: Russian again?
23:04:01 : Side: [RussianMafia]Godfather: What
23:04:07 : Side: Cristi: Who killed me just now
23:04:15 : Side: [RussianMafia]Godfather: no me
23:04:29 : Side: M.K.: matsa killed ya
23:04:40 : Side: M.K.: ^^
23:04:42 : Side: Cristi: k 
23:06:03 : Group: Joshuaa: they came in an armoured suv
23:06:10 : Group: Joshuaa: saw me and didnt shoot
23:06:12 : Group: matsa: wow
23:06:15 : Group: Joshuaa: ran off
23:06:18 : Group: Joshuaa: wtfff
23:06:45 : Group: Joshuaa: back to base for money then building supplies?
23:06:47 : Group: matsa: loot nwaf
23:06:54 : Group: matsa: we go sniper extraction
23:07:07 : Group: Joshuaa: roger
23:07:20 : Group: matsa: get free heli :D
23:08:27 : Side: alexxx: SERGIO
23:08:35 : Group: Joshuaa: damnn
23:08:44 : Direct: Sergio: ??
23:08:46 : Direct: alexxx: CAN U GIVE ME 1 GOLD IM SEEK
23:08:47 : Group: Joshuaa: stay safe haha
23:09:03 : Direct: alexxx: TY
23:09:08 : Group: matsa: lol
23:09:17 : Direct: Sergio: i have a briecase
23:09:25 : Group: matsa: players here
23:09:49 : Group: Joshuaa: avoid them
23:10:05 : Group: matsa: im trying
23:10:07 : Group: matsa: ;D
23:12:03 : Side: Paul: why can't I place the bike ?
23:13:01 : Group: matsa: gogo :D
23:13:03 : Group: Joshuaa: where was he?
23:13:14 : Group: matsa: in the trees
23:13:30 : Group: Joshuaa: i need ammo 1st ha
23:14:29 : Side: 2DIE4:  how do u built a M240 nest again?
23:15:26 : Group: Joshuaa: go to where you dided
23:15:28 : Group: Joshuaa: died
23:16:53 : Group: Joshuaa: hes really close to the wall
23:17:25 : Group: Joshuaa: nice man!
23:17:35 : Group: matsa: 1 more
23:17:46 : Group: matsa: im ded
23:20:36 : Group: Joshuaa: you see him?
23:20:57 : Group: matsa: nah
23:21:12 : Group: matsa: im at 1.5k blood
23:21:25 : Group: Joshuaa: suidicde close to base
23:21:43 : Group: Joshuaa: im gonna respawn at base
23:22:25 : Group: Joshuaa: you gonna suicide
23:23:11 : Group: Joshuaa: ill draw fire
23:26:34 : Side: Paul: where can axes be found ? farms or firemen ?
23:26:53 : Side: Turmoil: all over :)
23:26:54 : Group: Joshuaa: lets get building stuff
23:27:12 : Side: Paul: I don't find any :/
23:27:33 : Group: matsa: i cant spawn near base -.-
23:27:41 : Group: Joshuaa: hwo?
23:27:44 : Group: Joshuaa: how?
23:27:50 : Group: matsa: You have to wait 43s
23:27:56 : Group: matsa: idk
23:28:02 : Group: matsa: retarded admins
23:28:03 : Group: Joshuaa: try suicide 
23:28:13 : Group: matsa: dont let me spawn
23:28:15 : Group: matsa: xD
23:28:47 : Group: matsa: GOOD BYE CRUEL WORLD
23:30:04 : Group: Joshuaa: ayyy
23:34:21 : Group: Joshuaa: what building supplies do we need>
23:34:37 : Group: matsa: cinder walls and metal flors
23:34:51 : Group: Joshuaa: we making a new one or keeping this one?
23:34:56 : Group: bobaliny2: Hey
23:35:00 : Group: Joshuaa: yo
23:35:02 : Group: bobaliny2: wyd
23:35:08 : Group: matsa: a new one i guess
23:35:17 : Group: Joshuaa: new base
23:35:25 : Group: Joshuaa: we need plot pole?
23:35:26 : Group: bobaliny2: Where at?
23:35:31 : Group: Joshuaa: not sure yet
23:35:36 : Group: bobaliny2: Vybor bridge
23:35:39 : Group: bobaliny2: We can be trolls
23:36:04 : Group: matsa: i want a peaceful place :)
23:36:14 : Group: bobaliny2: Oh are you stayin on teh server matsa?
23:36:22 : Group: matsa: i guess so
23:36:25 : Group: bobaliny2: fuck ya
23:36:32 : Group: Joshuaa: wooo
23:36:53 : Group: Joshuaa: we got safes, we need plot pole and materials
23:37:01 : Group: Joshuaa: And locks
23:37:07 : Group: matsa: i have locks
23:37:12 : Group: Joshuaa: sweet
23:37:22 : Group: Joshuaa: should i fly to stary and grab some stuff?
23:37:22 : Group: bobaliny2: i"m gonna drive right into the missionw
23:37:30 : Group: matsa: just need to go sell a lot of shit
23:37:47 : Group: Joshuaa: lol
23:37:52 : Group: Joshuaa: sell stuff in this shed
23:38:34 : Group: Joshuaa: we should load the vodnik up
23:38:51 : Group: Joshuaa: go for it man
23:39:14 : Group: Joshuaa: im gonna sell shit as well dude
23:40:37 : Group: Joshuaa: whatever you want to do dude
23:40:46 : Group: Joshuaa: 1 would be easier 
23:40:51 : Group: Joshuaa: but its up to you
23:44:48 : Group: [NG2] Jesse: i deployed my mozzie on a metalfloor, and now i can interacte.. 
23:45:25 : Group: Joshuaa: you got plot pole?
23:45:52 : Group: matsa: we need cinder walls and metal floors
23:45:58 : Side: Nurarihyon: they got alex
23:46:11 : Side: BowDownYaBish: NOOOOOOOOOOOOOOOOO
23:46:14 : Side: BowDownYaBish: ALEX MY BBY
23:46:19 : Group: Joshuaa: ill get as many as i can
23:46:23 : Side: bobaliny2: THOSE BASTARDS
23:46:45 : Side: BowDownYaBish: They shall pay for what they have done
23:47:22 : Side: Nurarihyon: started in division now on here :(
23:47:26 : Side: Nurarihyon: poor alex
23:48:41 : Group: Joshuaa: are we not having the base inside an already existing building?
23:49:04 : Group: matsa: would be prettier to build own
23:49:27 : Group: bobaliny2: Tellin ya, vybor bridge
23:49:27 : Group: Joshuaa: okkk
23:49:36 : Group: Joshuaa: is it easy?
23:49:45 : Group: matsa: ??
23:49:51 : Group: Joshuaa: building shit is expensive
23:50:30 : Group: Joshuaa: cinder wall half or full?
23:51:24 : Group: Joshuaa: take it
23:51:41 : Group: Joshuaa: what you bought
23:52:02 : Group: matsa: cinder wall :D
23:52:32 : Group: Joshuaa: how big are they?
23:52:45 : Group: matsa: youll see
23:54:24 : Group: matsa: those cunts didnt even do the mission
23:54:29 : Group: bobaliny2: huh
23:54:30 : Group: Joshuaa: haha
23:55:43 : Group: matsa: they just killed the people that were doing it
23:55:50 : Group: bobaliny2: lol
23:55:56 : Group: bobaliny2: Russian mafia?
23:56:17 : Group: matsa: ye
23:56:23 : Group: matsa: and alex and co
23:56:50 : Group: matsa: gayest crew ever
23:57:37 : Group: matsa: xD
23:58:17 : Group: Joshuaa: steam opened when i was landing ffs
23:58:39 : Group: matsa: :D
