00:04:29 : Side: 2DIE4: hey freedom ... i left all your stuff and the bodies from the mission 
00:04:42 : Side: 2DIE4:  totally forgot to tell u 
00:06:44 : Side: Hugin: Does this server ever go to nightt?
00:07:06 : Side: matsa: no because of people who are scared of night time
00:07:07 : Side: 2DIE4: if u vote it
00:07:36 : Side: Hugin: d
00:07:44 : Side: Hugin: Thats a bit gay
00:22:09 : Side: 2DIE4:  hey hugin....
00:22:18 : Side: 2DIE4:  where is ya mate mugin?
00:22:31 : Side: Hugin: Munin
00:22:42 : Side: 2DIE4:  sry  .. fat fingers  
00:23:06 : Side: Hugin: Its my new handle, used to be accurist... but im a pretty shit shot XD
00:23:15 : Side: 2DIE4: whats the reson u  r using viking saga names  ? =)
00:23:27 : Side: 2DIE4:  ahhhh  =) 
00:23:30 : Side: Hugin: I dont know, just like the name
00:23:49 : Side: 2DIE4:  also have mates namd geri and freki? XDD
00:24:20 : Side: Hugin: Nice, that was odins wolves right?
00:24:26 : Side: 2DIE4:  yap =) 
00:24:56 : Side: Hugin: I like norse mythology. theyve got some pretty cool stories
00:25:12 : Side: 2DIE4:  they certainly do =)
00:25:57 : Side: Oskar: night allowed on this server ?
00:26:14 : Side: 2DIE4:  gotta vote night
00:58:20 : Side: 2DIE4:  so wanna shoot or we stay cool ?
00:58:33 : Side: Oskar: ?
00:58:53 : Side: 2DIE4:  wll we r 2 ppl on the server .. do u want to shoot each other when we meet?
00:59:02 : Side: Oskar: You /nope
00:59:19 : Side: 2DIE4:  well then lets  farm some stuff   =)
00:59:22 : Side: Oskar: i want became hero )
00:59:29 : Side: Oskar: yup ))
00:59:43 : Side: 2DIE4:  u goin to the mission?
01:00:18 : Side: Oskar: if you want go
01:04:41 : Side: Oskar: what mission you will clearing ?
01:12:53 : Side: Oskar: it`s me )
01:13:08 : Side: Oskar: DIE you on hummwe ?
01:13:25 : Side: 2DIE4: yap
01:33:23 : Side: Oskar: who killed me ?
01:33:36 : Side: 2DIE4:  AI  
01:33:44 : Side: 2DIE4: z no matsa
01:33:59 : Side: 2DIE4:  where?   mission?
01:34:08 : Side: Oskar: yup
01:34:11 : Side: Oskar: chopper
01:38:26 : Side: Oskar: matsa, youre fucking cant
01:38:36 : Side: matsa: :(
01:39:44 : Side: matsa: sorry
01:40:12 : Side: freedom: you all friendly
01:40:43 : Side: Oskar: yup
01:40:53 : Side: freedom: same
01:46:44 : Side: 2DIE4:  who just cleard my MV 22?
01:46:54 : Side: matsa: me :D
02:14:26 : Side: Oskar: who on heli /
02:14:29 : Side: Oskar: ?
02:14:35 : Side: freedom: me
02:14:37 : Side: 2DIE4: me
02:14:43 : Side: 2DIE4:  XD
02:14:49 : Side: Oskar: near mission
02:14:54 : Side: freedom: me
02:14:58 : Side: Oskar: Electro
02:15:11 : Side: freedom: yeah
02:15:37 : Side: freedom: need help or you got it
02:15:40 : Side: Oskar: freandly ?
02:15:46 : Side: freedom: yes sir
02:16:12 : Side: Oskar: yeah i got it ))
02:16:20 : Side: freedom: roger
02:16:23 : Side: Oskar: need humanity ))
02:16:31 : Side: freedom: yup lol same
02:16:37 : Side: Oskar: ))
02:19:37 : Side: 2DIE4:  cant take my clothes no more
03:37:08 : Side: matsa: middions?
03:37:13 : Side: matsa: missions*
03:37:52 : Side: Oskar: nope, sry
03:38:03 : Side: Oskar: youre hero or Bandit ?
03:38:08 : Side: matsa: sorry about that 
03:38:23 : Side: matsa: unfortunately bandit 
03:38:53 : Side: Oskar: no problem )
03:39:15 : Side: matsa: should have rather helped you
03:39:41 : Side: matsa: instead of being a dumbass
03:44:58 : Side: matsa: have you been here for long?
03:45:02 : Side: Oskar: where mission for heroes ))
03:45:22 : Side: Oskar: it`s my first day here
03:45:59 : Side: matsa: you wanna be hero?
03:46:07 : Side: Oskar: yup
03:46:24 : Side: matsa: the missions that start with [Bandits] is what you want to attack
03:46:36 : Side: matsa: they have bandits in them
03:47:49 : Side: Oskar: Yeah, i know, but there no any missions for me right now
03:47:51 : Side: Oskar: (
03:48:08 : Side: matsa: i think they will spawn in a few minutes
03:48:21 : Side: matsa: its me
03:48:40 : Side: Oskar: ou )
03:48:51 : Side: Oskar: u skared me ))
03:49:09 : Side: Oskar: need some help ?
03:49:38 : Side: Oskar: no, thx ))) 
03:49:39 : Side: matsa: trying to gain humsnity
03:49:52 : Side: Oskar: i have DMR )
03:49:57 : Side: matsa: i have some guns i dont need
03:50:21 : Side: Oskar: you will looting here ? 
03:50:32 : Side: matsa: only have a bike atm :P
03:50:47 : Side: matsa: go loot if you wanan
03:50:50 : Side: matsa: wan to
03:50:56 : Side: Oskar: kk
03:51:53 : Side: matsa: btw do you get the option to takes clothes?
03:52:15 : Side: matsa: ghillie suit here
03:52:28 : Side: Oskar: i found skin`s in bot`s bodies
03:52:32 : Side: matsa: watch out
03:52:34 : Side: matsa: ai
03:54:14 : Side: Oskar: i think you kill them )
03:59:29 : Side: Oskar: u killing zombie for humanity ?)
03:59:41 : Side: matsa: YE XD
04:00:01 : Side: Oskar: let`s go on mission with bandit`s )
04:00:06 : Side: Oskar: with me )
04:00:06 : Side: matsa: aight
04:00:15 : Side: Oskar: Mayor Mansion
04:43:37 : Side: Oskar: Good day for all )) bye )
04:43:46 : Side: matsa: bye :)
05:21:57 : Side: freedom: how do you vote for night
05:22:17 : Side: freedom: or vote in general
06:03:53 : Side: matsa: ty man <3
06:42:42 : Side: Faldehals: pff
06:49:39 : Side: freedom: why cant i put a tent down i dont get the option
06:50:03 : Side: Tomahawwk: cuz everyone think your not responsible
06:50:43 : Side: freedom: ha i see the tent just can place it
06:50:58 : Side: matsa: press space
06:56:40 : Side: freedom: thanks matsa
06:56:48 : Side: matsa: what?
06:57:06 : Side: freedom: thanks for telling me how to set the tent
06:57:16 : Side: matsa: yw ^^
06:57:51 : Side: matsa: subscribe for more tips and tricks
07:01:46 : Side: Faldehals: huiii
07:22:23 : Side: Faldehals: aha
07:22:25 : Side: Faldehals: lol
07:22:33 : Side: matsa: ??
07:23:22 : Side: Faldehals: i try to destroy woodbuilding with chainsaw lol
07:23:36 : Side: matsa: ok?
07:34:38 : Side: matsa: hoe much does 1 metal pole sell for?
07:34:55 : Side: matsa: how*
07:35:09 : Side: Faldehals: what you need to builde ?
07:35:35 : Side: matsa: how much will i get if i sell it?
07:35:45 : Side: Faldehals: 6x 10oz
07:35:57 : Side: matsa: ty
07:49:04 : Side: matsa: what u guyd doing?
07:49:20 : Side: Faldehals: try to repair my merlin
07:49:29 : Side: matsa: xD
07:49:42 : Side: freedom: selling crap 
08:27:36 : Side: freedom: whats your humanity?
08:27:53 : Side: matsa: minus 17k
08:27:59 : Side: matsa: :P
08:27:59 : Side: freedom: wow nice
08:28:10 : Side: matsa: i want to become hero tho
08:28:32 : Side: freedom: thought 5k was a hero
08:28:34 : Side: matsa: you?
08:28:57 : Side: freedom: yes but only at 2845 i just started
08:29:06 : Side: matsa: ahh, nice¨
08:29:22 : Side: matsa: need som help?
08:30:00 : Side: freedom: nah im good i was just playing red dayz before trying to build a little stash house
08:30:11 : Side: matsa: :)
08:30:35 : Side: freedom: thanks though
08:30:54 : Side: matsa: just ask if you need help :)
08:31:04 : Side: freedom: i will do buddy 
08:36:37 : Side: freedom: ill start doing missions soon as i get stash done ill help ya out if you want
08:36:46 : Side: matsa: nah im good
08:36:52 : Side: freedom: right on
08:36:57 : Side: matsa: thanks anyway
08:37:06 : Side: freedom: no prob
08:37:24 : Side: matsa: i r
08:37:43 : Side: matsa: i raided this base and got too much
09:25:22 : Side: freedom: matsa i keep putting a jerry can of fuel in my bird but it never fills up whats up with that
09:25:40 : Side: matsa: jerry can is too small
09:25:50 : Side: matsa: you need fuel barrel
09:25:58 : Side: freedom: ok thanks
09:31:50 : Side: matsa: and when you have filled the fuel barrel you should fly to the nearest gas station and refill
09:32:13 : Side: freedom: ok man yeah having trouble finding one
09:32:27 : Side: matsa: i can come help
09:33:00 : Side: freedom: thats alright if i dont find one here i might take you up on it
09:40:24 : Side: matsa: i can come help now if you need
09:47:38 : Side: freedom: i think i got it
09:49:08 : Side: matsa: action
10:34:59 : Side: matsa: how much fps do you guys have?
11:10:28 : Side: 2DIE4:  hey guys
11:10:48 : Side: 2DIE4:  anybody else experiencing problems with taking clothes of bodies?
11:10:57 : Side: matsa: yep
11:11:31 : Side: PRISMIC: they took that out mate 
11:31:49 : Side: 2DIE4:  hey Turm was that u?
11:32:13 : Side: Turmoil: where and what? :)
11:32:20 : Side: 2DIE4:  in that lb?
11:32:32 : Side: Turmoil: im at base atm
11:32:34 : Side: 2DIE4:  if not someone  just blew ya chopper up
11:32:48 : Side: Turmoil: my old one? in your front yard?
11:33:02 : Side: PRISMIC: mightof been me mate
11:33:03 : Side: 2DIE4: yap
11:33:17 : Side: Turmoil: ah well, i alreadt trew away the key to it so :)
11:33:19 : Side: 2DIE4: u in destruction mode?  XD
11:33:24 : Side: PRISMIC: mine blew up where abouts 2die4
11:33:37 : Side: 2DIE4:  so Pris is cleaning up 4 new vehics to spawn XD
11:33:41 : Side: Turmoil: wasnt me :) im at base at the moment so :)
11:34:04 : Side: 2DIE4:  by altar =)
12:00:07 : Side: Turmoil: 2DIE4... is it you flying around shooting? ^^
12:00:19 : Side: 2DIE4: nope
12:28:44 : Side: Turmoil: how many rounds of .50 does it take to take down an humwee? anyone know?
12:29:06 : Side: 2DIE4:  depends on where u hit it
12:29:20 : Side: Turmoil: if the humwee gets any closer to me i will find out i guess xD lol
12:29:46 : Side: Turmoil: whos driving the humwee btw? :) 
12:30:00 : Side: Turmoil: im hero so im pretty much harmless
12:30:57 : Side: Turmoil: hey humwee dude, at least have the balls to identify yourself if your gonna drive around shooting like that :P lol
12:32:15 : Side: 2DIE4: i guess he was too close to the mission XD
12:32:35 : Side: 2DIE4:  up by grishino  ... i heard the explosion XD
12:32:59 : Side: Turmoil: there are no missions up here at least... just a dude in an humwee 
12:33:20 : Side: 2DIE4:  there is a diasbled pickup  bandit mission
12:34:07 : Side: Turmoil: im gonna go have some quality time with the porcelain bowl, cya in a bit ^^ if you want an easy target 2DIE4 fly over here and take the humwee
12:34:13 : Side: Turmoil: unless its you driving it
12:34:25 : Side: 2DIE4: aint me  
12:34:40 : Side: Turmoil: should be some good target practice then :)
12:53:21 : Side: Lancer_AUT: 2die you now where you kill me by the 3 saves much equip that i let there
12:53:47 : Side: 2DIE4: yp weiß noch
12:54:01 : Side: Lancer_AUT: sind ne menge waffen noch dort konnte net alles einladen
12:54:07 : Side: Lancer_AUT: tressore hab ich mit
12:54:16 : Side: 2DIE4: hol sie dir nach restrt =9
12:54:30 : Side: 2DIE4:  ach so   
12:54:37 : Side: 2DIE4:   na  zu spät  =)
12:54:38 : Side: Lancer_AUT: hab sie auf nen haufen geschmissen hab gar net mitbekommen das schon server start ist 
12:54:55 : Side: 2DIE4: pitch nen safe und lad sie da rein 
12:54:58 : Side: Lancer_AUT: aber so 25 edelsteine waren drin 
12:55:03 : Side: 2DIE4:  hol lspäter ab dann
12:56:03 : Side: Lancer_AUT: war nur mehr standart drinnen also nix besonderes
12:56:10 : Side: 2DIE4: na dann 
12:56:28 : Side: Lancer_AUT: weis net find nie ne as 50 oder so 
12:56:59 : Side: 2DIE4:  is net auf dem loot table
12:57:20 : Side: Lancer_AUT: ja klar aber das die spieler keine in den saves haben is schon komisch
14:13:15 : Side: PRISMIC: how do you get rid of sand bags that you have placed ?
14:13:46 : Side: PRISMIC: ??
14:14:06 : Side: II TheElite II: Not sure... Entreching tool?
14:14:31 : Side: Hailstorm: sometimes you have to search the option a while
14:14:43 : Side: Hailstorm: need toolbox etool and crowbar
14:32:39 : Side: Paul: hello guys, I can't maintain my base, so I give out construction materials
14:32:44 : Side: Paul: anyon interrested ?
14:33:01 : Side: Hailstorm: no thx
14:35:50 : Side: Paul: anyone ?
14:39:42 : Side: -SDS- Gowther: Can i kill myself?
14:40:36 : Side: Laurence Gommersil: if u say hello to A ZOMBIE YOU CAN YES
14:49:50 : Side: Paul: why are there no zombies in cherno ?
14:49:58 : Side: Paul: nothing spawns, zombies & loot
14:50:23 : Side: -SDS-Ban: must wait a second
14:50:56 : Side: Paul: I did before writing
14:54:15 : Side: Paul: It's still empty
14:54:42 : Side: -SDS-Ban: ok than i dont know
14:54:53 : Side: -SDS-Ban: i am at balota and its work
14:55:20 : Side: Paul: That's strange
14:55:31 : Side: Paul: north of cherno there's nothing at all
14:55:49 : Side: Paul: OH
14:55:53 : Side: Paul: a zombie
14:55:55 : Side: Paul: finally
14:56:02 : Side: Paul: but still no loot
14:56:21 : Side: Paul: ok, here it is ^^
14:56:25 : Side: Paul: took some time
14:56:30 : Side: 2DIE4:  dude u have to approach ya lootgoals by foot 
14:56:36 : Side: 2DIE4:  not in a vehicle
14:56:44 : Side: Paul: why ?
14:57:01 : Side: 2DIE4:  loot on most servers dont spawn when approaching in vehicles
14:57:08 : Side: Paul: ok, thanks
14:57:13 : Side: 2DIE4:  or it takes quite some time
14:57:14 : Side: Paul: didn't know that
15:03:10 : Side: freedom: where is the best place to find fuel barrel
15:04:12 : Side: 2DIE4:  i found quiet a lot in farm stables
15:04:42 : Side: freedom: thats what i was thinking but no dice
15:17:54 : Side: -SDS- Meliodas: mk wanna have your keys back?
15:17:59 : Side: M.K.: nah :P ty
15:18:05 : Side: -SDS- Gowther: We dont need tham
15:18:09 : Side: -SDS- Gowther: ok
15:18:13 : Side: M.K.: i just wanted to give u some little boost to yyour base
15:18:14 : Side: M.K.: :P
15:18:22 : Side: -SDS- Gowther: ty :)
15:18:27 : Side: -SDS- Meliodas: ty ;) 
15:18:31 : Side: M.K.: but with some tryouts first
15:18:31 : Side: M.K.: :D
15:18:33 : Side: M.K.: gj
15:18:34 : Side: -SDS-Ban: ty
15:20:23 : Side: Laurence Gommersil: TURMOIL LOOK OUTSIDE
15:21:10 : Side: Laurence Gommersil: TURMOIL LOOK OUTSIDE
15:21:17 : Side: Laurence Gommersil: QUICK
15:23:08 : Side: Paul: how do you respawn in chernov ? don't see it on the list
15:23:32 : Side: Fontes: you cant if you died to close to it
15:23:39 : Side: Paul: ok thanks
15:23:42 : Side: 2DIE4: if u died too close to it it will not show up
15:23:55 : Side: Paul: will my loot still be there ?
15:24:07 : Side: -SDS- Merlin: yes
15:24:11 : Side: 2DIE4:  if noone loots it
15:24:11 : Side: Paul: thanks
15:24:44 : Side: Paul: fell from a residential building -_-
15:27:44 : Side: Fontes: i think your body is gone by the time you reach it paul
15:27:53 : Side: Fontes: server restart
15:28:02 : Side: -SDS- Merlin: that may be possible. you need to get there before server restart
15:41:34 : Side: Paul: who was looking for a fuel barrel ?
15:44:21 : Side: II TheElite II: Lol do vehicles get removed in save zone? :P
15:44:41 : Side: Sean Heinz: jep
15:44:44 : Side: 2DIE4:  yap 
15:44:45 : Side: II TheElite II: Whoops
15:44:49 : Side: Sean Heinz: XD
15:44:49 : Side: 2DIE4:  but that message
15:44:56 : Side: 2DIE4:  occurs every time
15:45:13 : Side: II TheElite II: Yea probably does. But who reads nowadays? XD
15:45:40 : Side: Paul: who was looking for a fuel barrel ?
15:54:10 : Side: Paul: anyone know where I can find an engine ?
15:54:25 : Side: -SDS- Merlin: at the local car part dealer
15:54:50 : Side: Paul: Can't I find one ?
15:55:13 : Side: -SDS- Merlin: should be possible
16:10:13 : Side: -SDS- Gowther: I only need one shot...
16:20:13 : Side: -SDS- Meliodas: dudes let us be xD
16:37:08 : Side: Paul: Did anyone try the mozzie ?
16:37:25 : Side: Dimon2004: Hi all
16:37:36 : Side: Dimon2004: I Russian pidor
16:37:45 : Side: Paul: is it possible to pick back the mozzie after use ?
16:38:22 : Side: Turmoil: if you crafted it from toolbox yes
16:38:40 : Side: Paul: nice thanksz
16:39:01 : Side: Paul: let's try it :3
16:39:09 : Side: Dimon2004: BANG BANG BANG FATHER IN BUILD
16:42:58 : Side: Paul: the mozzie has unlimited fuel ?
16:43:25 : Side: Paul: oh nevermind
16:51:27 : Side: Paul: I see my body and can't access inventory
16:51:41 : Side: Paul: also it's marked as being at the other side of the map
16:51:56 : Side: Paul: ok, it's solved
16:53:00 : Side: Paul: I crashed my mozzie I loved so much :(
16:53:13 : Side: Paul: so sad
16:56:45 : Side: Paul: is it possible to pick parts from a crashed mozzie ?
16:57:02 : Side: Turmoil: nope
17:08:36 : Side: Paul: is there a way to craft an engine out of a portable generator ?
17:10:05 : Side: Paul: ok, thanksz
17:10:15 : Side: Paul: I miss my mozzie so much ><
17:16:02 : Side: Paul: where is put the gold we receive ?
17:16:35 : Side: Bean: there military vehicle ?
17:16:52 : Side: Paul: ok, it was a bug
17:19:20 : Side: Paul: I'm friendly
17:19:30 : Side: Paul: seriously, I'm friendly
17:21:42 : Side: Dimon2004: Ok, but this DayZ and nobody trust
17:22:13 : Side: Paul: ok
17:27:43 : Side: Bean: gays there tankы ?
17:27:46 : Side: Bean: tanks
17:43:24 : Side: Fontes: does someone have stairs ? :D
17:45:46 : Side: Paul: can someone steal my mozzie ?
17:46:08 : Side: Fontes: can someone bring me a mozzie ?
17:46:13 : Side: Fontes: :D
17:48:01 : Side: Fontes: anybody near sosnovka ?
18:09:05 : Side: Laurence Gommersil: admin
18:09:31 : Side: LWB [SD]: yeah?
18:10:15 : Side: Laurence Gommersil: a glitch happend i spawned in and everything blew up and i died
18:10:29 : Side: LWB [SD]: ok?
18:10:53 : Side: Laurence Gommersil: can i get my stuff back or what?...
18:11:18 : Side: Laurence Gommersil: or is that not aloud
18:11:45 : Side: LWB [SD]: Not unless you can proove what you had on you at the time no
18:12:02 : Side: Laurence Gommersil: PRISMIC is a witness
18:12:14 : Side: LWB [SD]: thats not proof lol
18:13:14 : Side: Laurence Gommersil: look on the data logs or something
18:13:41 : Side: LWB [SD]: I dont have logs of what each character has at every moment of the game
18:14:21 : Side: Laurence Gommersil: please thats all the stuff i had why would i lie about that
18:14:31 : Side: LWB [SD]: possibly. Other people have done
18:14:49 : Side: Laurence Gommersil: i was first on server
18:15:12 : Side: Laurence Gommersil: and i was in my base and all doors locked
18:15:18 : Side: LWB [SD]: and Ive never heard of what you describe happen unless you logged out in a vehicle
18:15:33 : Side: LWB [SD]: why cant you getyour stuff back off your body?
18:15:45 : Side: Laurence Gommersil: i dont want loot
18:15:54 : Side: LWB [SD]: what do you want then?
18:15:56 : Side: Laurence Gommersil: i want my vehicles
18:17:11 : Side: Laurence Gommersil: it was a suv camo a littlebird and a upgrade from a mozzie thing with a gun on it
18:17:50 : Side: LWB [SD]: Unless you have a video of it, I cant help sorry
18:18:20 : Side: Laurence Gommersil: so u have to be recording every 10 seconds?
18:19:20 : Side: LWB [SD]: yes. I have shadow play
18:19:27 : Side: LWB [SD]: records constantly
18:19:41 : Side: Laurence Gommersil: and other people?
18:20:00 : Side: LWB [SD]: anyone with a recent nvida gtx card has shadow play
19:10:06 : Side: -NFG- Hudson  : Yo, can we have SquadXML's?
19:10:24 : Side: Sierra [SD]: No, not on here.
19:10:37 : Side: -SDS- Gowther: NFG-
19:10:59 : Side: -NFG- Hudson  : What does SDS stand for?w
19:11:37 : Side: -SDS- Meliodas: seven deadly sins
19:11:55 : Side: tom: hahhaah
19:12:25 : Side: -SDS-Ban: huhuhu
19:13:03 : Side: tom: anyone friendly
19:13:31 : Side: -NFG- Hudson  : its dayz
19:14:05 : Side: tom: i know 
19:14:39 : Side: -SDS-Ban: i am friendly
19:14:45 : Side: tom: ye me 2
19:14:54 : Side: -NFG- Hudson  : Sure
19:14:57 : Side: -NFG- Hudson  : ;)
19:15:04 : Side: -SDS- Gowther: We give friendly fire between your eyes
19:15:15 : Side: -NFG- Hudson  : lol
19:15:27 : Side: Sierra [SD]: You can check the stats to see who is friendly or not ;)
19:15:35 : Side: -SDS- Gowther: How?
19:15:36 : Side: -NFG- Hudson  : I just joined :D
19:15:42 : Side: Sierra [SD]: On the website
19:15:51 : Side: -SDS- Gowther: Nice to know
19:15:56 : Side: tom: i just started aswell
19:16:04 : Side: Sierra [SD]: ;)
19:22:31 : Side: -NFG- Hudson  : Can you buy tanks and heli's with rockets?
19:23:12 : Side: -SDS- Gowther: I shot tanks on rockets
19:23:15 : Side: Sierra [SD]: no
19:40:13 : Side: -NFG- Hudson  : Is there a group system?
19:40:29 : Side: -SDS- Meliodas: f5
19:40:32 : Side: Sierra [SD]: yup f5
19:45:06 : Side: -NFG- Nero: sup
19:45:16 : Side: -SDS-Ban: suppe
19:45:33 : Side: -NFG- Hudson  : .
19:55:09 : Side: Fontes: new clan in this server ? SDS
19:55:33 : Side: -SDS-Ban: yeah
19:55:41 : Side: -SDS-Ban: for an week
19:55:54 : Side: -SDS-Ban: we joined this server
19:55:56 : Side: Fontes: ah 
19:57:23 : Side: Fontes: hello chopper :)
19:57:33 : Side: Fontes: above zelangorsk
19:57:42 : Side: Stiefelriemen Bill: mozzie?
19:57:43 : Side: Legend: yo fontes, you again ;D
19:57:52 : Side: Fontes: hehe hey
20:11:22 : Side: -NFG- Nero: safes get 0000'd?
20:11:31 : Side: Sierra [SD]: after 7 days
20:11:36 : Side: Winans: yes
20:11:44 : Side: -NFG- Nero: how long till bases start getting deleted? also 7?
20:12:08 : Side: Sierra [SD]: yes
20:12:13 : Side: -NFG- Nero: ty
20:14:25 : Side: Fontes: yeah
20:23:24 : Side: Winans: hudson....watching you, buddy!
20:23:29 : Side: -NFG- Nero: gg m8
20:23:37 : Side: -NFG- Nero: i deserved to die for letting you so close tbf
20:23:42 : Side: Winans: better back off now
20:23:46 : Side: -NFG- Nero: looool
20:23:47 : Side: -NFG- Hudson  : lol
20:24:12 : Side: -NFG- Nero: dont sound so threatening when you are hiding in a base waiting for your mates
20:24:29 : Side: Stiefelriemen Bill: its not winans hiding in there
20:24:42 : Side: Stiefelriemen Bill: would be dumb to do something else in my position...
20:24:55 : Side: -NFG- Nero: i offered you an exit
20:24:59 : Side: -NFG- Nero: you chose not to take it
20:25:11 : Side: Stiefelriemen Bill: you would have shot me anyway i played this game long enough
20:25:14 : Side: -NFG- Nero: but its cool i was gonna try and be civil being as we were new
20:25:28 : Side: -NFG- Nero: why would i i think its way better to fuck with people and steal their shit
20:25:37 : Side: -NFG- Nero: the walk of shame to stary wouldve been hilarious
20:25:54 : Side: Stiefelriemen Bill: we can try that next time
20:37:16 : Side: Stiefelriemen Bill: NFG guys u can take the empty base and make it your if you want :D
20:47:12 : Side: Ryan: legend 27 hasith died
20:47:28 : Side: Ryan: can i type in side chat on this server
20:52:05 : Side: -NFG- Nero: hahahhaHahahahahahahhaha
20:52:07 : Side: -NFG- Nero: hahahahahahhahaa
20:52:10 : Side: -NFG- Nero: that spray
20:52:14 : Side: -NFG- Nero: holy fucking wow
20:52:23 : Side: -NFG- Nero: whats your youtube so i can tag you when i upload it
20:52:39 : Side: -NFG- Nero: "how to kill a freshy with an mk48 in 436 bullets"
20:52:51 : Side: Winans: salty
20:52:57 : Side: -NFG- Nero: nah enjoy my gear
20:53:00 : Side: Legend: well, you are down, he isnt. at the end of the day, it doesnt matter
20:53:03 : Side: -NFG- Nero: im just playing
20:53:06 : Side: Winans: what gear lol
20:53:07 : Side: -NFG- Nero: its fiiiiine
21:00:06 : Side: -NFG- Nero: heli?
21:01:39 : Side: -SDS-Ban: how 2die4?
21:02:22 : Side: 2DIE4:  THERE WAS  a dustcorn i fell over  XD
21:02:44 : Side: 2DIE4:  at the beach  =)
21:02:51 : Side: -SDS-Ban: ok XD
21:03:00 : Side: 2DIE4:  or maybe even a sandcorn  =9
21:13:44 : Side: Hailstorm: ha, failed combat log
21:14:02 : Side: -NFG- Nero: hes potato
21:14:14 : Side: -NFG- Nero: logged out right by an suv and a base that werent hisw
21:14:27 : Side: -SDS- Gowther: banananas
21:14:45 : Side: -NFG- Nero: you guys been a clan long?
21:15:19 : Side: -SDS- Gowther: I have something long
21:15:24 : Side: -NFG- Nero: ayyyyyy
21:29:37 : Side: Turmoil: good evening guys
21:29:43 : Side: Turmoil: and girls
21:29:47 : Side: Tomahawwk: hi
21:29:59 : Side: Tomahawwk: why is your name in this game the name of another game?
21:30:07 : Side: Sierra [SD]: Hello :) 
21:30:14 : Side: -SDS-Ban: hello
21:32:29 : Side: -NFG- Hudson  : Fishing Rods Glitched?
21:32:46 : Side: Stiefelriemen Bill: its all about the technique
21:32:48 : Side: Winans: only work on seah
21:32:56 : Side: -NFG- Nero: cant put it in hands.
21:32:59 : Side: -NFG- Hudson  : ^^
21:34:31 : Side: -NFG- Hudson  : How to fish? Right click on rod?
21:34:36 : Side: Winans: yeah
21:34:43 : Side: Winans: cast fishing pole
21:35:03 : Side: Winans: or mouse wheel
21:35:08 : Side: Winans: not right click
21:35:16 : Side: -NFG- Nero: ty
21:49:54 : Side: -SDS- Gowther: Hunting fishes XD
21:50:15 : Side: -SDS-Ban: can you sell them and get good money for fish?
21:50:17 : Side: -NFG- Nero: sup?
21:50:23 : Side: -NFG- Nero: not sure mate
21:50:29 : Side: -NFG- Nero: were new today
21:50:42 : Side: -SDS- Gowther: 2gold per
21:50:42 : Side: -SDS-Ban: ok
21:50:50 : Side: -SDS-Ban: hope frindly
21:50:56 : Side: -NFG- Nero: yeah reasonably
21:51:09 : Side: -NFG- Nero: unless you have something i want or are likely to hurt me :c
21:51:39 : Side: -NFG- Nero: how many in your clan?
21:51:46 : Side: -SDS- Gowther: 5
21:51:51 : Side: -NFG- Nero: ah same
21:52:38 : Side: -SDS-Ban: we playing since this week too
21:52:46 : Side: -NFG- Nero: we set up on another server
21:52:53 : Side: [NG2] Jesse: hero clans someone? 
21:52:59 : Side: -NFG- Nero: destroyed this other clan and then there was an admin on their side
21:53:34 : Side: -SDS-Ban: where are you from?
21:53:38 : Side: -NFG- Nero: uk
21:53:48 : Side: -SDS-Ban: ok 
21:53:53 : Side: -SDS-Ban: we from germany
21:55:19 : Side: -NFG- Nero: ai is sick i want him in my clan
21:55:22 : Side: -SDS-Ban: gg
21:55:36 : Side: -SDS- Gowther: Best player EUWw
21:56:45 : Side: -NFG- Nero: roaming ai swuads are fun tbh
22:00:03 : Side: Turmoil: LWB?
22:00:11 : Side: LWB [SD]: sup
22:00:51 : Side: -SDS- Gowther: And for healthy
22:05:59 : Side: -NFG- Nero: why is every kill on here so close lol
22:07:09 : Side: -SDS- Gowther: They forgett to add the aim on the scripts
22:21:59 : Side: Lancer_AUT: lwb building items by base half cinder wall 1 item full wall 2 items ore also 1
22:22:24 : Side: Lancer_AUT: you know it
22:38:21 : Side: [NG2] Jesse: do you bandits enjoy our base ? !! !! 
22:38:42 : Side: -NFG- Nero: who
22:38:56 : Side: [NG2] Jesse: legend and micheal! 
22:39:18 : Side: [NG2] Jesse: therre inside or base, taked the plot pole and everything!@!! ,.. 
22:39:40 : Side: -NFG- Nero: last server i based on when you took plot the base got deleted on restart
22:40:03 : Side: [NG2] Jesse: not here you can retake the ownership then! 
22:40:21 : Side: -NFG- Nero: thats cool i guess
22:40:25 : Side: [NG2] Jesse: where fighting for the last couple ourhers and the locked up ! 
22:40:31 : Side: -NFG- Nero: can i take the floors n shit to sell em?
22:40:42 : Side: [NG2] Jesse: no...! 
22:40:47 : Side: -NFG- Nero: ah thats lame
22:40:58 : Side: -NFG- Nero: i like to build my own bases
22:41:05 : Side: [NG2] Jesse: but where getting raid over now so srry i have other things to do now! ,.. 
22:41:11 : Side: -NFG- Nero: im like the bob   ross of dayz bases
22:45:30 : Side: matsa: inv to group
22:45:57 : Side: -SDS-Ban: who?
22:46:35 : Side: -NFG- Nero: i want m107
22:46:37 : Side: [NG2] Jesse: gj
22:46:38 : Side: -NFG- Nero: gimme barret
22:46:49 : Side: II TheElite II: Sup Jesse
22:47:01 : Side: II TheElite II: Add me to k?
22:47:02 : Side: [NG2] Jesse: sry wrong,. chat!! .. 
22:47:10 : Side: [NG2] Jesse: nfg is a hero clan? 
22:47:21 : Side: -NFG- Nero: not particularly
22:47:29 : Side: -NFG- Nero: if you dont mess with me ill probably be chill with you
22:47:42 : Side: -NFG- Nero: but if i dont know you and you come up to me ill prob try to drop you
22:47:42 : Side: Winans: lol
22:47:49 : Side: -NFG- Nero: were just here to chill tbf
22:47:52 : Side: Stiefelriemen Bill: we had a nice conversation today they're pretty friendly
22:47:55 : Side: matsa: xD
22:48:03 : Side: -NFG- Nero: i offered you a friendly way out babes
22:48:08 : Side: -NFG- Nero: not my fault you didnt want it
22:48:30 : Side: Stiefelriemen Bill: did i say something else? :D
22:48:45 : Side: -NFG- Nero: certainly not hunny bun
22:48:52 : Side: [NG2] Jesse: whe are a hero comunnity... we can use some help.. i guess.. 
22:49:48 : Side: -NFG- Nero: were usually down to help guys out tbf
22:49:56 : Side: -NFG- Nero: we aint set up yet tho
22:50:05 : Side: Stiefelriemen Bill: and take their gear ^^
22:50:06 : Side: Stiefelriemen Bill: haha
22:50:10 : Side: -NFG- Nero: give us maybe 48 hours
22:50:24 : Side: -NFG- Nero: i held you up for your guns so i could get past and you wanted no part of it
22:50:31 : Side: -NFG- Nero: why are you mad i died good job
22:51:00 : Side: [NG2] Jesse: money or guns is not the problem for use its protection for now..!.. 
22:51:39 : Side: -NFG- Nero: protection?
22:51:52 : Side: -NFG- Nero: every player ive encountered in a firefight so  far has been nothing short of laughable
22:52:01 : Side: [NG2] Jesse: we are getting attackt over at our bases  for the couple hours.. !.. 
22:52:07 : Side: -NFG- Nero: even i got tunnel vision at one point
22:52:09 : Side: [NG2] Jesse: we cant move
22:52:37 : Side: -NFG- Nero: pro tip make a second user on this server near base with good gear
22:52:47 : Side: Turmoil: Elite youj close to us?
22:52:51 : Side: -NFG- Nero: get killed then switch and come back with a sniper :D
22:52:57 : Side: II TheElite II: Add me
22:53:24 : Side: [NG2] Jesse: you cant make second profile.. its more its here a hot area with bandits! 
22:53:45 : Side: -NFG- Nero: ah
22:53:53 : Side: -NFG- Nero: safes nearby with good guns then
22:54:06 : Side: -NFG- Nero: or just kill anyone  near the base
22:54:31 : Side: [NG2] Jesse: yea i know.. but nvm.. just chacking if you guys in some action to help some heros.. 
22:54:55 : Side: -NFG- Nero: not got guns for it atm mate sorry
22:55:00 : Side: -SDS- Gowther: Admin?
22:55:09 : Side: -SDS- Gowther: I buy vehicles and get no keys...
22:55:18 : Side: -SDS- Gowther: Already two...
22:55:21 : Side: [NG2] Jesse: alot of guns in the area her (dead bodys.. )
22:55:28 : Side: -SDS-Ban: ohhh admin ohhhh
22:56:06 : Side: -SDS-Ban: hey admins are realy mostly online. nice at this server
22:56:08 : Side: -SDS- Gowther: One key... nvm
22:56:12 : Side: -SDS- Gowther: Ty m8 :)
22:56:22 : Side: matsa: admin?
22:56:56 : Side: matsa: can i ask you something in private?
22:57:06 : Side: Joshuaa: sexual favour
22:57:35 : Side: matsa: ok
22:58:07 : Side: -NFG- Nero: admin
22:58:10 : Side: -NFG- Nero: ban hudson pls
22:58:19 : Side: -NFG- Nero: hes reading out every fucking thing in chat
22:58:22 : Side: -NFG- Nero: to me in ts
22:58:24 : Side: -NFG- Hudson  : Muuuu :P :D
22:58:25 : Side: -NFG- Nero: and im gonna kms
22:58:40 : Side: -SDS- Gowther: Ban hudson for hudsing
22:59:03 : Side: -NFG- Hudson  : Pronounced "udson"
22:59:14 : Side: -NFG- Hudson  : :D
22:59:25 : Side: -NFG- Hudson  : Prepare!
22:59:26 : Side: -NFG- Hudson  : To
22:59:28 : Side: -NFG- Hudson  : Logout
22:59:31 : Side: -NFG- Hudson  : :D
23:02:02 : Side: -NFG- Hudson  : BUT MOM
23:02:10 : Side: -NFG- Hudson  : Ok den
