16:08:32 : Direct: Sebastian: hi
16:09:08 : Direct: Chytry_Dimitri: yo
16:09:25 : Direct: Sebastian: how are you man?
16:09:26 : Direct: Chytry_Dimitri: xD chill i dont now ho wto fl
16:09:28 : Direct: Chytry_Dimitri: y
16:09:33 : Direct: Sebastian: k
16:12:17 : Direct: Sebastian: bye
16:12:23 : Direct: Chytry_Dimitri: cya
16:49:51 : Direct: Chytry_Dimitri: yomate
16:49:57 : Direct: Mario: HI
16:50:02 : Direct: Mario: u are friendly?
17:19:22 : Direct: -SDS- Merlin: hey
17:19:30 : Direct: -SDS- Gowther: hey
18:17:54 : Direct: Turmoil: could you maybe give me a lift?
18:18:34 : Direct: Turmoil: i need to sell it 
18:18:44 : Direct: Turmoil: hahaha
18:18:55 : Direct: Turmoil: could you maybe tow me to superhero trader?
18:19:10 : Direct: Turmoil: thank you, i have some payment for you :)
18:19:27 : Direct: Turmoil: ill wait here then :D
22:48:05 : Direct: Sierra [SD]: Hi
22:48:34 : Direct: Turmoil: where are you now? xD
22:48:53 : Direct: Sierra [SD]: hvordan har du det?
22:49:06 : Direct: Turmoil: Jeg har det bare bra :) hvordan har du det? ;)
22:49:16 : Direct: Sierra [SD]: fint takk :)
22:49:27 : Direct: Turmoil: not bad, you learning norwegian now? :P
22:50:15 : Direct: Sierra [SD]: lol - I already know how to say hello how are you - that is about it - I expect most people know that :) - maybe I should learn some more.
22:50:42 : Direct: Turmoil: you could ^^ but you pretty much only need norwegian if you go to norway
22:50:54 : Direct: Sierra [SD]: its fun to learn new stuff
22:51:00 : Direct: Turmoil: spanish, french or dutch would probably be more usefull ^^
22:51:02 : Direct: Sierra [SD]: but can I actually say it lol :D
22:51:10 : Direct: Turmoil: thats awesome ^^
22:51:22 : Direct: Sierra [SD]: lol
22:51:31 : Direct: Turmoil: so, what are you up to?
22:51:54 : Direct: Sierra [SD]: waiting to see if freedom comes back on :D.
22:52:30 : Direct: Sierra [SD]: left him a little present
22:52:53 : Direct: Turmoil: lol
22:53:18 : Direct: Sierra [SD]: the mystery mozzie stealer mysteriously returned a mystery present :D
22:53:29 : Direct: Turmoil: haha yeah ^^
22:53:46 : Direct: Turmoil: im thinking about what i want to build... i just realized that the garage plans are pretty useless
22:53:51 : Direct: Turmoil: i have a garage xD
22:54:04 : Direct: Sierra [SD]: The movie I put on turned out to be in norwegian lol = xD you could build a whole new base...
22:54:25 : Direct: Turmoil: i guess i could ^^ but i dont really need it 
22:54:51 : Direct: Turmoil: i hear weird noises, but we are both sitting still
22:55:02 : Direct: Sierra [SD]: i dont have my headphones on
22:55:13 : Direct: Sierra [SD]: cant see anyone here though
22:55:26 : Direct: Turmoil: probably just paranoid after the discussion with winans and hailstorm
22:55:31 : Direct: Sierra [SD]: xD
22:55:52 : Direct: Turmoil: dont know were they got the idea that i teamed up with 2DIE4 to raid bases... i never raided bases with him xD  
22:55:58 : Direct: Turmoil: they are pissed at me for some reason
22:56:31 : Direct: Sierra [SD]: lol no idea - wouldn't worry about it - they are just sulking because bandits dont get a lav and they can't be arsed to play nicely and become a hero
22:56:48 : Direct: Turmoil: true 
22:56:56 : Direct: Sierra [SD]: big babies
22:57:02 : Direct: Turmoil: i feel kinda bad about it but i managed to haul out of Tom where their base is
22:57:10 : Direct: Turmoil: not gonna do anything atm, unless they attack me again
22:57:24 : Direct: Sierra [SD]: lol :P such a cheat! ;)
22:57:29 : Direct: Turmoil: yep
22:58:53 : Direct: Turmoil: ill be right back, gonna make me some lemonade, im thirsty 
22:59:03 : Direct: Sierra [SD]: ooo lemonade ok
22:59:58 : Direct: Turmoil: Ananas lemonade
23:00:14 : Direct: Sierra [SD]: :P
23:01:06 : Direct: Sierra [SD]: what do you call a pina colada?
23:01:23 : Direct: Turmoil: a pina colada 
23:01:27 : Direct: Turmoil: ^^
23:01:41 : Direct: Sierra [SD]: lol
23:01:51 : Direct: Turmoil: should you be in bed with Tom? xD
23:01:59 : Direct: Sierra [SD]: not an ananas colada
23:02:04 : Direct: Sierra [SD]: yup
23:02:08 : Direct: Turmoil: nope ^^ 
23:02:16 : Direct: Sierra [SD]: flawed!!
23:02:35 : Direct: Turmoil: thats just a drink, you can call it whatever you want ^^ 
23:02:46 : Direct: Sierra [SD]:  -snorts-
23:02:59 : Direct: Turmoil: hihi
23:03:03 : Direct: Sierra [SD]: :P
23:03:16 : Direct: Sierra [SD]: ok well on that note - I am going to bed
23:03:29 : Direct: Turmoil: alright, have an ananas night and sleep ananas ^^
23:04:14 : Direct: Sierra [SD]: lol well thank you - :P - I don't know norweigian for good night
23:04:26 : Direct: Turmoil: god natt :)
23:04:32 : Direct: Sierra [SD]: ah that is easy
23:04:34 : Direct: Turmoil: Sleep tight - Sov godt
23:04:42 : Direct: Sierra [SD]: what is and
23:05:02 : Direct: Turmoil: like in Good night and sleep tight?
23:05:08 : Direct: Sierra [SD]: mmhmm
23:05:16 : Direct: Turmoil: god natt og sov godt  :)
23:05:19 : Direct: Turmoil: og
23:05:55 : Direct: Sierra [SD]: lol ok - god natt og sov godt! :)
23:06:04 : Direct: Turmoil: i like måte ;)
23:06:16 : Direct: Turmoil: same to you ;)
23:06:30 : Direct: Fedequeso: wtf
23:06:32 : Direct: Fedequeso: im so poor
23:06:57 : Direct: Sierra [SD]: ah! :D lol thank you for the lesson
23:07:09 : Direct: Turmoil: yw :) ill go fly a bit ^^ cya later 
23:07:12 : Direct: Turmoil: bye bye :D
23:07:23 : Direct: Sierra [SD]: ok have fun natt natt byeeeee :)
23:36:39 : Direct: Ryan: nice
23:37:17 : Direct: Ryan: k
23:37:19 : Direct: Tomahawwk: OK 
23:37:22 : Direct: Tomahawwk: THATS FINE
23:37:40 : Direct: Tomahawwk: can you get me a ghille too if you have one?
23:37:49 : Direct: Turmoil: ill have a look
23:39:11 : Direct: Tomahawwk: do you need any sand bags turmoil i have a bunch you can have
23:39:20 : Direct: Turmoil: i have over 100 so im fine :)
23:39:28 : Direct: Tomahawwk: lol nice
23:40:37 : Direct: Turmoil: one gun for each
23:40:42 : Direct: Turmoil: 5 mags for each
23:40:51 : Direct: Turmoil: one ghillie
23:41:30 : Direct: Turmoil: where do you want to go now? ill fly you
23:41:41 : Direct: Turmoil: okay
