12:45:02 : Group: Turmoil: phoah
12:45:06 : Group: Turmoil: phone yeah
12:45:49 : Group: Turmoil: Therese
12:45:58 : Group: Turmoil: kiss kiss
13:03:45 : Group: Martin: faen.. nå kom de hjem... brb
13:04:56 : Group: Martin: orker ikke spille når de sitter å skravler her.. skal dere holde på en stund? 
13:05:40 : Group: Turmoil: probably yes
13:05:44 : Group: Martin: :D kan jeg logge ut her da?
13:06:07 : Group: [NG2] Jesse: yea sure
13:06:08 : Group: Turmoil: you can logg out there as well
13:06:29 : Group: Martin: awesome, I'll be back later then. Sorry to leave you guys, but you are big boys :D 
13:06:47 : Group: Turmoil: cya later sunshine <3
13:06:53 : Group: [NG2] Jesse: ^^ maybe next time we shoot AI
13:32:34 : Group: PRISMIC: hello]
13:32:40 : Group: [NG2] Jesse: hihi lover
13:32:59 : Group: Turmoil: heya
13:40:26 : Group: Turmoil: what are you doing prissy?
13:44:17 : Group: PRISMIC: can we maybe  talk  on teamspeak ?
13:44:33 : Group: Turmoil: we are in chatrom 1 ^^
13:44:49 : Group: PRISMIC: copy
14:01:57 : Group: iHostiiX: Streichhölzer, Heliparts und Scrap metal, Fass, Treibstoff LKW
14:12:02 : Group: Turmoil: are you fapping Prismic?
15:07:03 : Group: iHostiiX: 966c
15:33:09 : Group: PRISMIC: jacob u need pick up ?
15:33:25 : Group: Laurence Gommersil: no
15:34:33 : Group: Laurence Gommersil: i need my gear
15:34:55 : Group: PRISMIC: what geaR
15:35:05 : Group: Laurence Gommersil: the one u have
15:35:10 : Group: PRISMIC: ??
15:41:19 : Group: PRISMIC: wtttffff
15:41:24 : Group: Turmoil: what? 
15:41:30 : Group: PRISMIC: m107 ??
15:41:36 : Group: Turmoil: nope, something larger
15:41:45 : Group: Laurence Gommersil: as50?
15:41:52 : Group: Turmoil: Larger
15:42:07 : Group: Laurence Gommersil: anzio
15:42:10 : Group: Turmoil: yep
15:43:17 : Group: Turmoil: look at this then Prismic
15:43:23 : Group: PRISMIC: noooooooo]
15:44:15 : Group: Turmoil: good to have some defensive weapons ^^
15:44:48 : Group: PRISMIC: ofcorse !
15:48:36 : Group: PRISMIC: off to mission cya  xd
15:49:48 : Group: Freedom: alright waiting on jesse
15:50:01 : Group: PRISMIC: copy
16:24:29 : Group: [NG2] Jesse: prismic? where rhe floors
16:25:08 : Group: PRISMIC: in the  safe ill  be  back at base in 5 mis  just  geting  vetul
16:25:16 : Group: PRISMIC: vtal
16:28:33 : Group: [NG2] Jesse: gonna make dinnenr now, so gonna be later tonight.. 
16:28:45 : Group: PRISMIC: okay
16:42:18 : Group: DeadlyTruth: okay, haste nen teamspeak oder soll ich dir ne ip geben? :P
16:42:30 : Group: -SDS- Gowther: Bin aufm survival ts
16:42:36 : Group: DeadlyTruth: ah k, sekunde
16:42:41 : Group: -SDS- Gowther: yo
17:36:40 : Group: -SDS- Gowther: Group
19:02:13 : Group: SoomqaBlyet: u dunno
20:01:33 : Group: Peasant: :O
20:01:46 : Group: Digupherbones: I erm tried to pack a mozzie
20:02:03 : Group: Peasant: someoneelses?
20:02:15 : Group: Digupherbones: lol no i tried to spawn backpack
20:02:23 : Group: Peasant: ahh
20:02:26 : Group: Peasant: naughty!
20:02:30 : Group: Digupherbones: xD
20:12:41 : Group: Laurence Gommersil: /killme
20:15:54 : Group: Laurence Gommersil: GOOD BYE CRUEL WORLD
20:16:24 : Group: Peasant: what mission are ou at?
20:16:34 : Group: Digupherbones: bandits disabled m1 17
20:16:37 : Group: Peasant: ah
20:16:46 : Group: Digupherbones: did you see I killed one of the sds guys lol
20:16:50 : Group: Peasant: yes :D
20:16:57 : Group: Digupherbones: he tried to run upto the heli xD
20:17:08 : Group: Peasant: I shot 2die4 but he didnt die :(
20:17:36 : Group: Digupherbones: awww lol
20:17:43 : Group: Peasant: must have hax
20:17:53 : Group: Digupherbones: did you shoot him in the head?
20:18:04 : Group: Peasant: no arm ir leg I thjnk
20:18:08 : Group: Peasant: with m107
20:18:11 : Group: Digupherbones: ah ok
20:20:34 : Group: Peasant: loggin for restart xxx
20:27:31 : Group: Digupherbones: i am still hungry
20:27:37 : Group: Digupherbones: want the other pack of prawns lol
20:27:59 : Group: Peasant: :/
20:28:13 : Group: Digupherbones: dont know what is up with me lately
20:28:14 : Group: Laurence Gommersil: yo jesse
20:28:22 : Group: [NG2] Jesse: yo
20:28:23 : Group: Digupherbones: i really needed to finish that mission
20:28:27 : Group: Digupherbones: needed a backpack
20:28:37 : Group: Peasant: there will bemore
20:28:40 : Group: Digupherbones: yeah
20:28:53 : Group: Digupherbones: i got some humanity for killing whoever I killed
20:29:03 : Group: Digupherbones: I h ave done a mission with them before though
20:29:13 : Group: Digupherbones: but they were being cheeky and trying to nick my stuff
20:29:25 : Group: Peasant: they always camp missions
20:29:30 : Group: Digupherbones: yeah
20:29:38 : Group: Digupherbones: serves them right really
20:29:45 : Group: Digupherbones: they are nice to talk to though
20:29:59 : Group: Peasant: dont think they like me after yesterday
20:30:04 : Group: Digupherbones: oh?
20:30:23 : Group: Peasant: I killed one, then killed two more in a heli, which they crashed after I shot the gunner and pilot out
20:30:31 : Group: Digupherbones: oh lol
20:30:39 : Group: Laurence Gommersil: ed..
20:30:41 : Group: Digupherbones: were they being annoying though?
20:30:43 : Group: Laurence Gommersil: join ts
20:30:52 : Group: Peasant: mission camping yea
20:31:02 : Group: Digupherbones: well their own fault then
20:31:43 : Group: Peasant: wanna go to ts?
20:31:55 : Group: Digupherbones: yeah ok 
20:32:07 : Group: Laurence Gommersil: join ts ed...
20:36:35 : Group: [NG2] Jesse: can you make a doorway
20:37:03 : Group: PRISMIC: I GOT ONWE
20:37:47 : Group: [NG2] Jesse: yep
20:38:29 : Group: Laurence Gommersil: is it gunna overhang this?
20:41:58 : Group: [NG2] Jesse: its done now.. you can add floors easy.. 
20:42:18 : Group: [NG2] Jesse: can make them need to buy it
20:42:23 : Group: [NG2] Jesse: cant!
20:47:51 : Group: Doriny: tati granatile le vinzi cu 10 gold si granatile de la a4a1
20:48:05 : Group: PRISMIC: turmoil can i borrow  yourheli  ?
20:48:12 : Group: Doriny: da nu nafig
20:48:55 : Group: Doriny: 6 gild 1 mag la 110
20:48:55 : Group: PRISMIC: can i borrow your heli jesse or tumrmoil
20:49:07 : Group: PRISMIC: ill bring it back  in one peace
20:49:45 : Group: Peasant: naughty tp to mission?
20:49:55 : Group: Digupherbones: yup! xD
20:50:38 : Group: Peasant: cant see it
20:50:42 : Group: Doriny: in suv ma este gold e si cumpara si vrei
20:54:22 : Group: Doriny: go
20:55:07 : Group: PRISMIC: nice shooting turmoil
20:55:38 : Group: Doriny: misiea
20:55:48 : Group: [NG2] Jesse: dude we do mission!@!!
20:55:55 : Group: Doriny: la plotina
20:56:30 : Group: Peasant: someone coming
20:56:35 : Group: Digupherbones: yup
20:57:46 : Group: PRISMIC: turmoil im sorry please for give me darling !! baby dont  be upset
20:58:06 : Group: PRISMIC: owwwwwwwwwwwwccccccchhhhhhhhh
20:58:07 : Group: Turmoil: i forgive you <3
20:58:07 : Group: Laurence Gommersil: oh snap
20:58:27 : Group: Laurence Gommersil: shots fired
20:58:33 : Group: Laurence Gommersil: XD
20:59:36 : Group: Peasant: i see dude
20:59:43 : Group: Digupherbones: can shoot if you want
21:00:06 : Group: Peasant: missed
21:00:32 : Group: Laurence Gommersil: turmoil if theres scar mags can i get some or nah?
21:00:35 : Group: Doriny: go bereazino dupa misa
21:00:39 : Group: Laurence Gommersil: dm if not
21:00:54 : Group: [NG2] Jesse: go buy like us
21:00:58 : Group: Laurence Gommersil: ok
21:01:31 : Group: Turmoil: i love you prismic <3
21:01:43 : Group: [NG2] Jesse: me 2!@
21:01:48 : Group: Turmoil: tho i only wounded you, was jesse who killed you in my defence
21:03:07 : Group: Turmoil: are you good at catching balls laurence?
21:03:18 : Group: [NG2] Jesse: you can take the loot from the mission,.. prismic
21:03:27 : Group: [NG2] Jesse: its save
21:03:32 : Group: Turmoil: i just took two rifles from the crate so everything else is yours if u want
21:04:44 : Group: [NG2] Jesse: never take the with bote its standing at my base for a raisen
21:05:06 : Group: PRISMIC: *boat
21:05:18 : Group: [NG2] Jesse: white boat 
21:08:01 : Group: Peasant: naught!
21:08:04 : Group: Peasant: y
21:08:07 : Group: Digupherbones: lol]
21:37:12 : Group: Doriny: vitea e seif
21:37:43 : Group: Doriny: cumsa eu nam nika
21:45:00 : Group: Doriny: HAI BLEA I DATA
21:45:17 : Group: Doriny: IN VODNIK IS 2 PULIMIOTAE VINDELE SI HADEM AL AMSISEA CONVOIAS
21:48:45 : Group: Misa: amus 2 min
21:48:58 : Group: Doriny: witea o esit
21:49:06 : Group: Doriny: es si eu
