01:02:57 : Side: 2DIE4: ryan,..,...
01:03:02 : Side: Ryan: yes
01:03:11 : Side: 2DIE4:  i finished the stash its all yours
01:03:17 : Side: Ryan: thx
01:03:21 : Side: 2DIE4:  even  a vehicle there
07:21:50 : Side: Freedom: you doing bandi tor hero missions i just dont want to shoot you im a hero
07:50:50 : Side: Freedom: friendly
07:51:30 : Side: el_maestro: the guy in the gillie behind tree?
07:51:41 : Side: Freedom: im friendly are you?
07:51:45 : Side: el_maestro: yes
07:51:47 : Side: Freedom: im a hero
07:51:54 : Side: Freedom: 53k
07:51:57 : Side: el_maestro: me too
07:52:03 : Side: Freedom: ok
07:52:12 : Side: YuRii26: need friendly here
07:52:20 : Side: YuRii26: First time on this server im bambi
07:52:27 : Direct: el_maestro: what youre doing
07:52:40 : Direct: Freedom: this mission
07:52:50 : Direct: el_maestro:  ah ok...just spottet it
07:52:56 : Direct: el_maestro: have fun
07:54:05 : Side: Freedom: 1 ai at the camp up there watch out
07:54:26 : Side: el_maestro: thx
10:04:15 : Side: Sierra [SD]: YuRii26 please could you log off and remove your xml tag. We don't allow them on this server. Thank you.
10:07:49 : Side: Maxno: админ на сервере?
10:09:32 : Side: Sierra [SD]: English only in side please
10:10:20 : Side: Sierra [SD]: YuRii26, please log off and remove your squad xml. Thank you
10:10:30 : Side: YuRii26: oh
10:10:32 : Side: YuRii26: ok sorry
10:10:39 : Side: Sierra [SD]: np :) thanks
10:10:55 : Side: YuRii26: can you make the server night time please ^_^
10:26:32 : Group: YuRii26: why ?
10:32:12 : Side: Sierra [SD]: Yurii - you managed to get back in! :)
10:32:35 : Side: YuRii26: yes
10:33:14 : Side: Sierra [SD]: Good - thanks for removing the xml and you can vote day or vote night in the chat bar if you want to try and change to night
10:33:28 : Side: Sierra [SD]: Not many people vote night very often though.
10:33:30 : Side: YuRii26: ok thanks
11:01:31 : Side: EVSYUK: админ по русски спрехаешь? 
11:01:57 : Side: Sierra [SD]: English only in side please :)
11:03:41 : Side: EVSYUK: admin, can build up under the base hangars
11:16:00 : Side: Sierra [SD]: Sorry EVSYUK was afk. You can build anywhere you can place a plot pole
11:16:11 : Side: Sierra [SD]: it wont let you place if you cant
13:32:08 : Side: Hailstorm: who make the lunchbreak konvoi?
13:32:49 : Side: Hailstorm: i shot down one ai heli befor it arrive at the konvoi
13:33:02 : Side: Hailstorm: but the other came through
13:38:57 : Group: Hailstorm: hi
13:39:01 : Group: Alonso: hello
14:12:38 : Side: WUKONS: hey there. any one on missions?
14:12:48 : Side: Hailstorm: restart ^^
14:13:08 : Side: WUKONS: oh, right
14:21:33 : Side: Freedom: morning guys
14:23:58 : Side: Freedom: lol road flare?
14:35:14 : Side: WUKONS: any one know where to get vehicle offroad upgrade?
14:40:47 : Side: Freedom: hello hailstorm
14:41:14 : Side: Hailstorm: hi
15:00:36 : Side: YuRii26: guys vote for night time
15:00:52 : Side: Hailstorm: ahm....
15:00:54 : Side: Hailstorm: no
15:00:55 : Side: WUKONS: day man, i cant do mission in night
15:01:14 : Side: Freedom: it only last 15 min not worth it
15:01:16 : Side: YuRii26: lol theres ah night vision gogle
15:03:42 : Side: Hailstorm: he would be still alive if we vote night ^^
15:03:51 : Side: Freedom: bahah
15:04:33 : Side: Freedom: its our fault we are only two that did not vote
15:21:01 : Group: Hailstorm: u make the pickup?
15:21:36 : Group: Freedom: im at the mission m2 is still alive cant see from this postion about 4 ai down 
15:21:47 : Group: Freedom: split the ammo if you want to help?
15:23:35 : Group: Hailstorm: well, fuck
15:23:52 : Group: Hailstorm: they have a Kord
15:23:56 : Group: Freedom: lol i thought you were coming down a bit fast
15:24:15 : Group: Hailstorm: no
15:24:25 : Group: Freedom: they shot you down?
15:24:37 : Group: Hailstorm: 12,8mm shot me down
15:24:44 : Group: Freedom: ohh
15:25:06 : Group: Hailstorm: biggest caliber after the 20mm anzio
15:26:42 : Group: Freedom: isee him
15:26:49 : Group: Hailstorm: 5 bc down, armed my heli before
15:26:54 : Group: Hailstorm: :(
15:26:57 : Group: Freedom: ouch
15:27:07 : Group: Freedom: you can have the loot then
15:27:22 : Group: Hailstorm: hurts, unless i have 150 bc
15:27:38 : Group: Hailstorm: nana. half half
15:29:20 : Group: Freedom: 1500m away and i cant see where my bullet hits cant get him
15:29:32 : Group: Freedom: nvm hes down
15:30:14 : Side: YuRii26: Who's in Hero Skin in here that Friendly
15:30:28 : Side: YuRii26: need to group
15:30:28 : Side: Hailstorm: freedom
15:30:37 : Side: Freedom: yeah
15:31:03 : Side: YuRii26: invite me freedom
15:31:03 : Side: YuRii26: im making myself to hero now.
15:31:13 : Side: YuRii26: and if you need some gears i have it right now
15:31:33 : Side: Freedom: im 54k hero and im not at the same spot you are im in ghilli
15:33:42 : Group: Hailstorm: u sell the ammo, or you need something specail
15:33:52 : Group: Freedom: sell
15:34:07 : Group: Freedom: take what ever you need ill sell rest
15:34:24 : Group: Freedom: im not greedy
15:34:40 : Group: Hailstorm: half of the ammo in the crate
15:35:01 : Group: Freedom: you took your half?
15:35:05 : Group: Hailstorm: yep
15:35:09 : Group: Freedom: cool
15:35:17 : Group: Hailstorm: took 3 from all
15:35:38 : Group: Freedom: i trust you 
15:35:59 : Group: Hailstorm: u can watch into my bag
15:36:11 : Group: Hailstorm: u need rpg?
15:36:11 : Group: Freedom: i dont want the truck
15:36:20 : Group: Hailstorm: dont want it oo
15:36:30 : Group: Freedom: i can watch your bag?  no i have plenty of rpgs
15:37:05 : Group: Hailstorm: yep
15:37:22 : Group: Freedom: ohh no im good bro i belive you
15:37:27 : Group: Hailstorm: ok
15:37:39 : Group: Freedom: lol just a game
15:37:49 : Group: Hailstorm: hope thats the 150 rd dshkm mag
15:38:21 : Group: Hailstorm: survivor
15:38:27 : Group: Hailstorm: go
15:38:35 : Group: Hailstorm: i will cover u
15:38:53 : Group: Freedom: where at?
15:39:05 : Group: Hailstorm: 180 degrees
15:39:24 : Group: Hailstorm: not sure if hes gone
15:39:45 : Group: Freedom: in woods or behinde rocks
15:39:53 : Group: Hailstorm: woods
15:40:01 : Group: Hailstorm: mabye he flee
15:40:15 : Group: Freedom: his best intrest xD
15:40:39 : Group: Freedom: how you getting out of here
15:40:56 : Group: Hailstorm: he have a bike, think hes gone, cause didnt see him or the bike anymore
15:41:03 : Group: Hailstorm: mozzie
15:41:04 : Group: Freedom: ok
15:43:02 : Group: Hailstorm: he is at trader
15:43:13 : Group: Freedom: ok
15:43:26 : Group: Freedom: prolly yurri
15:43:38 : Group: Hailstorm: maxno and EVsyuk
15:43:42 : Group: Freedom: copy
15:43:54 : Group: Hailstorm: two guys on bike
15:47:31 : Group: Freedom: is it -50 a piece if i kill hero ai
15:47:54 : Group: Hailstorm: think so, maybe 100, didnt count
15:48:33 : Group: Freedom: ok
15:55:19 : Group: Freedom: jesse!
15:55:33 : Group: [NG2] Jesse: YO!
15:55:41 : Side: WUKONS: mozzie go away
15:55:55 : Side: Alonso: hello
15:56:53 : Group: Freedom: have not fixed the floors couldent tell
15:57:02 : Group: Freedom: what ones
15:57:50 : Group: [NG2] Jesse: its not a big problem ,.. ^^ 
15:58:22 : Group: Freedom: in combat for some reason
15:58:40 : Group: [NG2] Jesse: its so high! the tower ^^
15:58:50 : Group: Freedom: i know its sweet
15:59:27 : Side: YuRii26: /
16:00:13 : Group: Freedom: lol you have ammo
16:00:30 : Group: [NG2] Jesse: only scar.. 
16:00:57 : Group: Freedom: yeah i heard you clicking was gonna give you some mags but your good
16:01:06 : Group: [NG2] Jesse: yea np,.. 
16:01:18 : Side: Rxider: everyone type in chat /vote night
16:01:40 : Side: WUKONS: yup, type in /vote day
16:01:47 : Side: Rxider: no
16:01:51 : Side: WUKONS: yea
16:01:52 : Side: YuRii26: lol afraid of night WUKONS
16:01:53 : Side: Freedom: nope
16:01:59 : Side: YuRii26: such ah gay dude
16:02:09 : Side: Rxider: he doesnt know what hes talkin about hes a retard
16:02:12 : Side: PTBfan: i am... its scary
16:02:25 : Side: YuRii26: dude you can loot Night Visions
16:02:34 : Side: [NG2] Jesse: all the love in chat! 
16:02:42 : Side: Freedom: i have them but night is not goin g to help you]
16:02:49 : Side: WUKONS: do mission with NV and ill give all my stuff
16:03:07 : Side: Freedom: i dont need anything man lol
16:03:17 : Group: Hailstorm: Jesse, if u build a granate trap, are they gone after restart?
16:03:38 : Group: [NG2] Jesse: nope they will stay,.. 
16:03:46 : Group: [NG2] Jesse: also armed 
16:03:50 : Group: Hailstorm: cooooool
16:03:58 : Group: Hailstorm: beartraps too?
16:04:03 : Group: [NG2] Jesse: yea, 
16:04:11 : Group: Hailstorm: coooool
16:04:19 : Group: Freedom: yup my trip wires are still good as well
16:04:45 : Group: Freedom: i aquired more money last night jesse what are you thinking for top
16:05:02 : Group: [NG2] Jesse: i can buy also,.. 
16:05:13 : Group: [NG2] Jesse: just like my tower? 
16:05:23 : Group: Hailstorm: i found my new favorite primary ^^
16:05:23 : Group: [NG2] Jesse: it works very wel.. 
16:05:42 : Group: Freedom: yeah i like yours as well 
16:06:13 : Group: Freedom: pretty sure i have sand bags lol
16:06:33 : Group: [NG2] Jesse: this is alot higher then i have
16:06:35 : Group: [NG2] Jesse: :P
16:06:38 : Group: [NG2] Jesse: love it
16:06:41 : Group: Hailstorm: lol, explosive bolts are only one per quire
16:06:44 : Group: Hailstorm: :(
16:06:48 : Group: Freedom: i know man so tall
16:07:00 : Group: Freedom: lol hail
16:07:08 : Group: Hailstorm: what
16:07:14 : Group: [NG2] Jesse: ooh damn that sounds awesome :P gonna try it out soon 
16:07:25 : Group: Hailstorm: the crossbow?
16:07:40 : Group: [NG2] Jesse: yeah,.. 
16:07:41 : Group: Hailstorm: very cool, but one explosive dart cost 20 gold
16:07:48 : Group: Freedom: bb need coffee
16:08:03 : Group: [NG2] Jesse: thats not that expecive.. 
16:08:11 : Group: Hailstorm: and one tranqilizer dart 2 gold
16:09:15 : Group: [NG2] Jesse: is that new? 
16:10:12 : Group: Freedom: never knew there were diff darts
16:10:37 : Group: Freedom: gonna have to try that out the tranq one lol that be funny
16:11:14 : Group: Hailstorm: explosive dart have an detonation radius like a granade
16:11:37 : Group: [NG2] Jesse: come here and show us ^^ 
16:11:45 : Group: Freedom: where are these at bandit trader
16:12:16 : Group: Hailstorm: sry, have to buy food (in real life ^^), so see you later
16:12:17 : Group: [NG2] Jesse: do we need to do some shopping? freedome?
16:12:30 : Group: Freedom: later hail
16:12:35 : Group: [NG2] Jesse: laterz
16:12:59 : Group: [NG2] Jesse: freedome no ts? 
16:13:23 : Group: Freedom: i think so i have few cinder blocks and motar for 1 half wall yeah one sec ill get on it
16:33:10 : Side: WUKONS: hello suv
16:57:25 : Side: [NG2] Jesse: the guy who left the merlin at the heli trader, its moved to the vehicle pound.. 
17:03:19 : Side: YuRii26: i owned ah Navy Huey now ahaha
17:19:16 : Side: Wilkomir: Shame
17:23:09 : Side: Wilkomir: Hey suv
17:23:13 : Side: Wilkomir: sup?
17:23:23 : Side: Awaken: Hey bro
17:23:31 : Side: Wilkomir: Needs help?
17:23:41 : Side: Awaken: No tnx
17:23:52 : Side: Wilkomir: Call me if u need it
17:23:59 : Side: Awaken: Ok :)
17:34:25 : Side: YuRii26: /vote night
17:35:57 : Side: EVSYUK: русские есть? 
17:56:04 : Side: EVSYUK: admin
17:57:26 : Side: Wilkomir: Hello :3
17:57:29 : Side: Wilkomir: Not much
18:26:53 : Side: Kekus Attilus: M
18:31:56 : Side: [NG2] Jesse: all vote night
18:32:19 : Side: Luca: how can i vote?
18:32:34 : Side: [NG2] Jesse: say "vote night"" 
18:32:38 : Side: Freedom: /votenight with a space 
18:32:48 : Side: Freedom: dont need to push enter
19:06:27 : Side: Freedom: really you just had to kami my heli
19:06:44 : Side: Freedom: put you on my list
19:07:29 : Side: Freedom: hate people like that
20:10:13 : Side: EVSYUK: losser
20:12:31 : Side: EVSYUK: winans losser 
20:12:43 : Side: Winans: what?
20:12:54 : Side: EVSYUK: no kill from SUV 
20:13:04 : Side: Winans: im not in an suv
20:13:05 : Side: Winans: wtf
20:13:13 : Side: EVSYUK: не ты был? 
20:46:54 : Side: [NG2] Jesse: whats the default code for lockbox?
20:47:04 : Side: Winans: red 00
20:47:32 : Side: [NG2] Jesse: ty
21:17:28 : Side: Luca: who is at the airfield with heli?
21:17:37 : Side: [NG2] Jesse: me
21:17:42 : Side: Luca: ok!
21:17:54 : Side: Luca: i see you on my base before :)
21:18:15 : Side: Luca: i'm warried!
21:18:21 : Side: [NG2] Jesse: yea  try to lift stuff but is not working.. 
21:18:36 : Side: Luca: is my stuff outside base
21:18:45 : Side: [NG2] Jesse: tryed plane, heli, and you cars.. 
21:18:54 : Side: [NG2] Jesse: ;) 
21:19:00 : Side: Luca: ok
21:19:13 : Side: [NG2] Jesse: are you doing mission?
21:19:17 : Side: Luca: you are a hero. right?
21:19:22 : Side: [NG2] Jesse: yes
21:19:27 : Side: Luca: ok :)
21:19:36 : Side: Luca: now im building
21:19:46 : Side: Luca: you like my tower?
21:20:07 : Side: [NG2] Jesse: its very wobeling ^^ 
21:20:44 : Side: Luca: just a bit XD
21:20:44 : Side: [NG2] Jesse: i build a tower also today,, you can see for ispertion .. if you want..
21:21:16 : Side: Luca: thank you but now i'm very buisy
21:21:22 : Side: [NG2] Jesse: i can show my design for tower maybe you get some inspertion 
21:21:31 : Side: [NG2] Jesse: aah cool.. 
21:21:44 : Side: Luca: :)
21:22:11 : Side: [NG2] Jesse: i am go doing that mission.. 
21:22:24 : Side: Luca: ok!
21:22:38 : Side: [NG2] Jesse: so dont be scared ^^ 
21:22:39 : Side: Luca: before i've thinked you are a bandit :D
21:23:24 : Side: [NG2] Jesse: are you cars locked? becuas i cant tow nothing with my heli.. 
21:23:32 : Side: Luca: no
21:23:38 : Side: [NG2] Jesse: strange
21:23:41 : Side: Luca: only the vintonez
21:24:04 : Side: Luca: where can i sell them?
21:24:06 : Side: [NG2] Jesse: how is you humanity? 
21:24:31 : Side: Luca: is low
21:24:37 : Side: Luca: 2574
21:24:55 : Side: [NG2] Jesse: you can sell armed helis and cars at the bandit trader or herotrader
21:25:11 : Side: Luca: ok. tx
21:25:22 : Side: [NG2] Jesse: i can sell them for you.. 
21:25:51 : Side: [NG2] Jesse: if you drive the cars to herotrader i will help.. 
21:26:21 : Side: Luca: oh tx jesse but now i want to finish the tower!
21:26:28 : Side: [NG2] Jesse: copy that
21:26:33 : Side: Luca: next time.
21:26:46 : Side: [NG2] Jesse: ok ^^
21:26:52 : Side: Luca: :D
21:28:39 : Side: Luca: you now who have builded a base near mine?
21:29:10 : Side: [NG2] Jesse: i live in herotown ^^ 
21:29:28 : Side: Luca: i know. I remember!
21:29:40 : Side: Luca: the anzio mission
21:29:49 : Side: [NG2] Jesse: i shot your friend with a anzio ^^ 
21:29:53 : Group: Freedom: lol
21:29:53 : Side: Luca: :D
21:30:03 : Side: Luca: yep
21:30:24 : Side: [NG2] Jesse: but we give a brand new car and building stuff back ^^ 
21:30:46 : Side: Luca: yes but you dont know what happened later! :D
21:31:00 : Side: [NG2] Jesse: tell me.. 
21:31:15 : Side: Luca: next day LAURA and his friend have piklocked my base
21:31:29 : Side: [NG2] Jesse: aah damn that sucks.. 
21:31:39 : Side: [NG2] Jesse: they did also at my base and stole i safe
21:31:55 : Side: Luca: they stole the plot pole from pine
21:32:02 : Side: Luca: mine
21:32:09 : Side: [NG2] Jesse: :(
21:32:31 : Side: Luca: but now is all good
21:32:35 : Side: Luca: :D
21:32:51 : Side: Luca: luckly
21:33:22 : Side: Luca: now i change my locks every day :D for safety
21:33:42 : Side: [NG2] Jesse: haha, its not working now, so dont be scared ^^ 
21:33:42 : Side: EVSYUK: BOOM
21:33:51 : Side: Luca: ok
21:34:05 : Side: EVSYUK: izi vodnik
21:35:04 : Side: EVSYUK: wat is saves vodnik?
21:35:28 : Side: Luca: ?
21:35:53 : Side: EVSYUK: car is mission
21:36:01 : Side: Luca: ok sorry ;D
21:36:44 : Side: EVSYUK: admin
21:36:59 : Side: [NG2] Jesse: whats wrong?
21:37:51 : Side: Faldehals: boing
21:38:01 : Side: Faldehals: i got bitches
21:38:15 : Side: Faldehals: cya ppls
21:38:21 : Side: EVSYUK: Vodnik to save after the restart he was. and how about adding keys for machines with
21:40:08 : Side: Freedom: So confused 
21:40:25 : Side: EVSYUK: admin, ok? 
22:32:46 : Group: [NG2] Jesse: pick up?
22:36:51 : Side: [NG2] Jesse: no mission yet. .
22:38:07 : Side: [NG2] Jesse: pick up?
22:38:23 : Group: [NG2] Jesse: pick up? 
22:38:38 : Group: PRISMIC: just getting gear
22:38:54 : Group: [NG2] Jesse: say hi to yuor girlfriend
22:41:09 : Group: PRISMIC: that was my only heli ffs
22:42:06 : Group: [NG2] Jesse: pick up?
22:42:15 : Group: PRISMIC: no thx
22:42:21 : Group: [NG2] Jesse: sure? 
22:42:30 : Group: PRISMIC: yep
22:42:44 : Group: [NG2] Jesse: love you
22:42:54 : Group: PRISMIC: you to
22:43:29 : Group: PRISMIC: u can give me a lift to heli trader if u want
22:43:54 : Group: [NG2] Jesse: but you indnt needid a lift // 
22:44:03 : Group: [NG2] Jesse: i ask are you sure!
22:44:15 : Group: PRISMIC: nm
22:44:52 : Group: Freedom: need a lift?
22:50:18 : Side: Turmoil: *CLAP CLAP CLAP*
22:54:45 : Side: Turmoil: i need to get my stuff
23:32:24 : Side: [NG2] Jesse: ppl want to join on stronghold mission?
23:33:00 : Side: [NG2] Jesse: like 1 big team? !
23:33:37 : Side: Freedom: we will share the loot
23:33:53 : Side: [NG2] Jesse: nobody?
23:35:18 : Side: [NG2] Jesse: damn so much fun on tbhis server! .. 
