00:00:59 : Group: II TheElite II: Ill check with my chopper some other time. Im going to quit for today 
00:01:05 : Group: Turmoil: er
00:01:11 : Group: Turmoil: roger thanks for help :)
00:01:24 : Group: PRISMIC: cya :)
00:01:37 : Group: II TheElite II: My pleasure! Just gona cycle back to my base and log off :P
00:02:25 : Group: matsa: jump out a bit
00:03:35 : Group: Fontes: you want to look for a new baes?
00:03:38 : Group: Fontes: base
00:03:55 : Group: matsa: we gotta get mozzie for him
00:04:00 : Group: Fontes: ah
00:07:35 : Group: matsa: :(
00:07:39 : Group: matsa: every time
00:07:40 : Group: Fontes: it was the mission
00:08:10 : Group: matsa: sorry man
00:08:17 : Group: Fontes: it was fun :D
00:09:20 : Group: matsa: a huge fire over there
00:13:46 : Group: Fontes: yea
00:13:54 : Group: Fontes: getting tired :)
00:15:25 : Group: Fontes: ?
00:15:44 : Group: matsa: i wanna build when everyone is on
00:15:50 : Group: Fontes: sure man
00:15:55 : Group: Fontes: think im leaving
00:15:59 : Group: Fontes: cant keep my eyes open
00:16:12 : Group: matsa: so we all can decide what and where
00:16:31 : Group: matsa: youre gonna sleep?
00:16:35 : Group: Fontes: yea
00:16:41 : Group: matsa: ahh
00:16:51 : Group: matsa: well, gnite :)
00:16:57 : Group: Fontes: cya !
00:17:16 : Group: II TheElite II: Bye guys1
00:17:24 : Group: hehexd: nite 
09:17:18 : Group: Kev: is bei zub castle.. also rel. nahe stary
09:18:40 : Group: MeGa_Koffiepot: hey good mornig
09:18:43 : Group: Turmoil: hello ^^
09:19:06 : Group: Lancer_AUT: sagt mir net wirklich was
09:19:18 : Group: Kev: naja, nen caste halt ``
09:19:24 : Group: Lancer_AUT: find ich auch net auf karte
09:19:29 : Group: Kev: bei vyshnoye
09:19:38 : Group: MeGa_Koffiepot: you know your mute on ts btw do you hear me?
09:19:47 : Group: Turmoil: oh one sec
09:19:50 : Group: Lancer_AUT: südlich davon oder
09:20:01 : Group: Kev: y
09:22:30 : Group: Lancer_AUT: ich komm mal vorbei und schaus mir an 
09:23:27 : Group: Lancer_AUT: sind bei euch öfters missionen in der nähe die zerschiesen auch schon mal fahrzeuge
09:24:02 : Group: Kev: ne, da oben nie. So ohne autos sieht die Base aber kacke aus :D Eigentlich hatten wir überall DSHKM Fahrzeuge gegen heli angriffe
09:24:47 : Group: Lancer_AUT: jo is ziehmlich leer
09:25:11 : Group: Kev: standen über 10-15 fahrzeuge drin ^^ alles down
09:25:36 : Group: Lancer_AUT: jo is relativ leicht mit ner as 50 sind die alle schnell kaput wenn die net eingeschlossen sind 
09:26:00 : Group: Lancer_AUT: ihr solltet vieleicht garagen bauen und die fahrzeuge wegschliesen wenn ihr of geht
09:26:09 : Group: Kev: deswegen find ich das Plugin das locked cars im pole keinenn schaden bekommen cool
09:26:26 : Group: Lancer_AUT: jo das gibts hier aber net 
09:29:14 : Group: Lancer_AUT: schaut euch mal devils cast an sogar dort machen die mir alles kaput 
09:30:05 : Group: Lancer_AUT: aber wie gesagt vieleicht weniger autos dafür garagen dafür bauen und dann passiert euch das net mehr 
09:30:39 : Group: Kev: finds nur lächerlich das i.welche idioten über die map wandern und alles zerschießen...
09:30:46 : Group: Kev: was stören mich die 30 bc
09:31:06 : Group: Lancer_AUT: also ich mach nix kaput klaue nur alles was net niet und nagelfest ist haha
09:31:16 : Group: Kev: haah
09:31:41 : Group: Lancer_AUT: hab glaub ich schon 150 bc so gemacht xd
10:06:10 : Group: Lancer_AUT: so geh mal was frühstücken 
11:10:02 : Group: Kev: noch nen 3tes door_
11:10:04 : Group: Kev: ?
11:15:19 : Group: Legend: hab teile im rucksack
13:49:04 : Group: Turmoil: the city is actually a bit interesting to loot ^^
13:51:02 : Group: Turmoil: hi
13:51:54 : Group: Turmoil: base here 
13:52:06 : Group: Turmoil: stairs upstairs are blocked
13:52:35 : Group: Turmoil: or maybe its just in the game
13:59:49 : Group: MeGa_Koffiepot: back
16:10:39 : Group: [NG2] Jesse: yo
16:16:41 : Group: Laurence Gommersil: kk im back
16:16:54 : Group: Laurence Gommersil: Join ts
16:18:19 : Group: [NG2] Jesse: i cant come on ts now.. 
16:18:54 : Group: Laurence Gommersil: apparently the dam got attacked last night
16:19:27 : Group: [NG2] Jesse: i know they took a lot, we captured it back.. so its save for now but keep your eyes open for people 
16:19:51 : Group: Laurence Gommersil: im heading your way
16:20:26 : Group: Laurence Gommersil: wait do you have any mozzie parts i can borrow please?
16:20:27 : Group: [NG2] Jesse:  i am bussy with base building ,.. 
16:21:24 : Group: [NG2] Jesse: its my last pare so if you give it back when your done..
16:21:35 : Group: Laurence Gommersil: ye i will
16:21:51 : Group: [NG2] Jesse: w8 a sec
16:22:42 : Group: [NG2] Jesse:  i need to find it st ^^
16:24:01 : Group: [NG2] Jesse: take a step back cant open door
16:24:27 : Group: [NG2] Jesse: its in your back
16:24:49 : Group: Laurence Gommersil: thanks
16:25:02 : Group: Laurence Gommersil: got half a brief spare
16:25:16 : Group: Laurence Gommersil: im buying a littlebird
16:25:27 : Group: [NG2] Jesse: aah cool , you learnd to fly?
16:25:36 : Group: Laurence Gommersil: ye
16:26:00 : Group: Laurence Gommersil: you got 1 or not?? :/
16:26:24 : Group: [NG2] Jesse: little bird? 
16:26:36 : Group: Laurence Gommersil: ye
16:27:02 : Group: [NG2] Jesse: sometimes there very usefull.. 
16:27:12 : Group: [NG2] Jesse: and very good to learn how to fly
16:27:31 : Group: Laurence Gommersil: ye but do you have half A brief spare? bc i only got half
16:28:18 : Group: [NG2] Jesse: make some money.. do a looting session.. 
16:28:45 : Group: Laurence Gommersil: i have briefs but prismic forgot code
16:29:04 : Group: [NG2] Jesse: oh, lame :P
16:29:10 : Group: Laurence Gommersil: we have 21 breefs
16:29:46 : Group: [NG2] Jesse: wel nice ! 
16:30:06 : Group: Laurence Gommersil: can u drop me off at aircraft dealer
16:30:16 : Group: [NG2] Jesse: you got mozzie parts.. 
16:30:24 : Group: Laurence Gommersil: oh ye
16:30:30 : Group: Laurence Gommersil: xD
16:55:20 : Group: Laurence Gommersil: JESSE WANNA help us with mission?
16:55:33 : Group: [NG2] Jesse: no bussy with my base..
16:55:51 : Group: [NG2] Jesse: oooh this mission! ., yeah i will help!! 
16:56:12 : Group: Laurence Gommersil: kk come up here
16:56:23 : Group: [NG2] Jesse: i shoot from my base.. 
16:56:40 : Group: Laurence Gommersil: ok
16:56:54 : Group: Laurence Gommersil: ok lets go
17:02:09 : Group: PRISMIC: got them all ?
17:02:17 : Group: Laurence Gommersil: no
17:02:32 : Group: [NG2] Jesse: sse some on the groundn!! 
17:02:43 : Group: PRISMIC: take em out
17:02:59 : Group: [NG2] Jesse: i count.. 
17:03:01 : Group: [NG2] Jesse: cant
17:03:09 : Group: Laurence Gommersil: im going in
17:07:09 : Group: Laurence Gommersil: u see them jesse
17:07:33 : Group: MeGa_Koffiepot: got trubel?
17:07:47 : Group: [NG2] Jesse: looks clear
17:08:23 : Group: [NG2] Jesse: mines go walking!
17:13:14 : Group: [NG2] Jesse: you guys need your car?
17:13:36 : Group: PRISMIC: NA WERE COOL THX 
17:14:39 : Group: PRISMIC: CAN U SELL SOMETHING AT HERO TRADER FOR ME PLEASE
17:15:00 : Group: [NG2] Jesse: yea sure an i destroyd the car.. some how.. :P 
17:15:21 : Group: PRISMIC: where are you
17:15:26 : Group: [NG2] Jesse: omw
17:17:26 : Group: [NG2] Jesse: heli nee to be selled? 
17:18:02 : Group: Laurence Gommersil: jesse what cheap helis can u buy here
17:18:50 : Group: Laurence Gommersil: jesse
17:18:58 : Group: [NG2] Jesse: yeaH? 
17:19:00 : Group: [NG2] Jesse: ofc
17:19:08 : Group: Laurence Gommersil: what cheap helis can u buy here
17:19:17 : Group: [NG2] Jesse: armed? 
17:19:21 : Group: PRISMIC: dwe
17:19:23 : Group: PRISMIC: dw
17:19:26 : Group: Laurence Gommersil: no 
17:19:28 : Group: PRISMIC: just  go
17:21:12 : Group: PRISMIC: cheers
17:21:16 : Group: Laurence Gommersil: bye
17:26:44 : Group: Laurence Gommersil: jesse coming back with the littlebird
17:27:03 : Group: [NG2] Jesse: roger
17:28:15 : Group: Laurence Gommersil: u see me
17:29:13 : Group: Laurence Gommersil: coming down
17:31:01 : Group: Laurence Gommersil: OMG FIRST TIME LANDING ON ROOF YAYAYAY :) xD
17:36:43 : Group: [NG2] Jesse: koffie or base under the dam is raid very hard
17:36:48 : Group: [NG2] Jesse: yesterday
19:34:48 : Group: [NG2] Jesse: add tur plz
20:01:25 : Group: Laurence Gommersil: do you know what prismics fking done
20:01:33 : Group: Turmoil: no?
20:01:43 : Group: Laurence Gommersil: hes watched a youtube video
20:01:51 : Group: Laurence Gommersil: of how to install a dayz mod
20:01:51 : Group: Turmoil: yeah?
20:02:00 : Group: Laurence Gommersil: he does everything it says
20:02:09 : Group: Turmoil: yes?
20:02:15 : Group: Laurence Gommersil: guess what he installed on to dayz launcher
20:02:17 : Group: [NG2] Jesse: what kind of mod? 
20:02:32 : Group: Laurence Gommersil: mod is called cba
20:02:47 : Group: Laurence Gommersil: He dragged it into his personal files
20:02:47 : Group: Turmoil: hmmm
20:03:00 : Group: Laurence Gommersil: all his dayz
20:03:08 : Group: Laurence Gommersil: if he joins a server
20:03:11 : Group: Laurence Gommersil: it says
20:03:23 : Group: Laurence Gommersil: Disconnected
20:03:28 : Group: Turmoil: so hes hacking pretty much
20:03:32 : Group: Laurence Gommersil: no
20:03:37 : Group: Laurence Gommersil: hes been hacked
20:03:45 : Group: Laurence Gommersil: or you can say virused
20:03:57 : Group: Turmoil: becouse he tried to install a mod that he wasnt supose to have?
20:04:02 : Group: Laurence Gommersil: yes
20:04:06 : Group: [NG2] Jesse: hahaha
20:04:17 : Group: Turmoil: how clever off him...
20:04:22 : Group: Laurence Gommersil: ikr
20:04:51 : Group: Laurence Gommersil: so now i have to go round his fking house and fix a mod that he fking installed
20:04:53 : Group: Turmoil: so now his computer is broken?
20:05:08 : Group: Laurence Gommersil: you can say that ye
20:05:28 : Group: Laurence Gommersil: turmoil i learnt how to fly
20:05:45 : Group: Turmoil: thats good
20:06:01 : Group: Laurence Gommersil: jump in ya heli and follow me to aircraft dealer
20:06:12 : Group: [NG2] Jesse: why? 
20:06:16 : Group: Turmoil: im going to the regulare trader, need  buy supplies
20:06:22 : Group: Laurence Gommersil: wait for me ill follow
20:06:41 : Group: Laurence Gommersil: waittt
20:06:47 : Group: Turmoil: im just hovering 
20:07:20 : Group: Laurence Gommersil: lets go
20:07:46 : Group: Laurence Gommersil: go klen
20:08:07 : Group: hehexd: yo
20:08:15 : Group: Joshuaa: supp
20:08:21 : Group: hehexd: you still locked out?
20:08:25 : Group: Joshuaa: yepppp
20:08:30 : Group: hehexd: wtf
20:08:47 : Group: Joshuaa: i got good gear on me as well
20:08:52 : Group: hehexd: damn
20:08:53 : Group: hehexd: shite
20:09:01 : Group: Joshuaa: you got a car?
20:09:57 : Group: hehexd: nopoe
20:09:59 : Group: hehexd: freshpawn
20:10:13 : Group: Joshuaa: shall we head to your base?
20:10:26 : Group: hehexd: in a minute yeah
20:10:30 : Group: hehexd: speaking to gf
20:10:40 : Group: Joshuaa: okk
20:11:27 : Group: Laurence Gommersil: how do you tow a car in a heli?
20:11:36 : Group: Turmoil: you need to have a big heli 
20:11:49 : Group: Laurence Gommersil: i have a littlebird
20:11:54 : Group: Turmoil: too small i think
20:11:58 : Group: Laurence Gommersil: no
20:11:59 : Group: [NG2] Jesse: the name says it
20:12:11 : Group: Laurence Gommersil: turmoil can u tow my suv
20:12:13 : Group: Laurence Gommersil: pls
20:12:16 : Group: Turmoil: hover over the item you want to tow until you get lift option
20:12:50 : Group: Joshuaa: im going for food, wont be long
20:12:56 : Group: Turmoil: did you lock it?
20:13:03 : Group: Laurence Gommersil: no
20:16:55 : Group: Laurence Gommersil: TURMOIL HELP AHHHH
20:16:57 : Group: Laurence Gommersil: quick
20:17:02 : Group: Turmoil: what?
20:17:09 : Group: Laurence Gommersil: my littlebird
20:17:15 : Group: Laurence Gommersil: quickkk
20:17:28 : Group: Turmoil: nothing i can do about that? take the SUV and tow it out if it works :)
20:18:41 : Group: Laurence Gommersil: how do you repair heli
20:18:44 : Group: Turmoil: see you did good buddy
20:18:54 : Group: Turmoil: knew you could do it :) 
20:19:06 : Group: Turmoil: that depends whats broken on it
20:19:09 : Group: Laurence Gommersil: got any spare scrap metal
20:19:17 : Group: Laurence Gommersil: need to repair rotar
20:19:41 : Group: Turmoil: i dont keep any repair supplies becouse i have a fuel pump in my base :) so i just repair it with the pump 
20:19:54 : Group: Laurence Gommersil: can i use it
20:20:14 : Group: Turmoil: then you need gold and you need to land on my roof
20:20:44 : Group: Turmoil: its 20 or 40oz to repair vehicles at pump i think
20:20:45 : Group: Laurence Gommersil: i got gold and i need you to land on my roof please :)
20:21:09 : Group: Turmoil: dont crash, you will wreck my cars inside
20:21:20 : Group: [NG2] Jesse: i help
20:21:24 : Group: Laurence Gommersil: can u fly mine in please i can no way land it there
20:21:35 : Group: [NG2] Jesse: i fly for you,
20:21:44 : Group: Laurence Gommersil: ok jesse come
20:21:45 : Group: [NG2] Jesse: put the money in the heli 
20:21:47 : Group: alexxx: /killme
20:21:55 : Group: alexxx: /killme
20:22:12 : Group: Turmoil: its totally broken, this wont fly...
20:22:16 : Group: Turmoil: wont start
20:22:18 : Group: Laurence Gommersil: turmoil moneys in gear
20:22:23 : Group: Turmoil: engine is broken
20:22:38 : Group: Turmoil: leave it unlocked ill try and tow it
20:22:39 : Group: Laurence Gommersil: fixing
20:22:47 : Group: Laurence Gommersil: i fixed it
20:22:56 : Group: Laurence Gommersil: now try
20:23:13 : Group: Laurence Gommersil: i fixed engine
20:23:43 : Group: [NG2] Jesse: yea but its still broke
20:24:06 : Group: Joshuaa: yo
20:24:25 : Group: Laurence Gommersil: HOLY FUC
20:24:34 : Group: Laurence Gommersil: xDDDDDDDDD
20:24:51 : Group: Laurence Gommersil: R.I fking p
20:26:00 : Group: Laurence Gommersil: turmoil remind me never to get in a fkin heli with you xD
20:26:15 : Group: [NG2] Jesse: thats not nice
20:26:31 : Group: Turmoil: not my fault... helis cant take any damage when red, i just lost a 8 briefcase heli so
20:26:50 : Group: Turmoil: and my gear
20:26:56 : Group: Laurence Gommersil: ure gear will be there
20:27:10 : Group: [NG2] Jesse: nope you guys died above water
20:27:16 : Group: hehexd: yo dawg
20:27:17 : Group: Turmoil: its underwater
20:27:24 : Group: Joshuaa: you back now? haha
20:27:41 : Group: hehexd: lol nah man hahaha
20:27:43 : Group: Laurence Gommersil: my brief was in that heli xD
20:27:52 : Group: [NG2] Jesse: i got it!..
20:27:58 : Group: Laurence Gommersil: yay
20:28:14 : Group: Laurence Gommersil: now i need to do an ai to get a heli
20:28:23 : Group: Joshuaa: message me on steam when you playing
20:28:39 : Group: [NG2] Jesse: dude tur lost 8 bc 
20:29:02 : Group: Laurence Gommersil: i will give him 8 dw i have 32 briefs man
20:29:09 : Group: Laurence Gommersil: chill
20:31:20 : Group: Laurence Gommersil: jesse is my backpack there!?!??!?
20:32:01 : Group: [NG2] Jesse: what do you think?
20:32:05 : Group: Laurence Gommersil: YAY
20:32:22 : Group: [NG2] Jesse: so dont ask stupit quistions
20:32:33 : Group: Laurence Gommersil: :(
20:33:34 : Group: Laurence Gommersil: whers my loot?
20:33:42 : Group: Laurence Gommersil: on his roof
20:33:46 : Group: Laurence Gommersil: omg xD
20:33:59 : Group: Laurence Gommersil: jesse my brief?
20:34:17 : Group: [NG2] Jesse: yes whats with it? 
20:34:25 : Group: Laurence Gommersil: u said u got it
20:34:29 : Group: [NG2] Jesse: yes
20:34:33 : Group: Laurence Gommersil: pass it??
20:34:39 : Group: [NG2] Jesse: why 
20:35:29 : Group: Laurence Gommersil: DUDE WTF
20:35:41 : Group: [NG2] Jesse: enemys! 
20:35:46 : Group: Laurence Gommersil: WHY?
20:35:50 : Group: Turmoil: NEGAN is up in the hill shooting!
20:35:59 : Group: Turmoil: ITS NOT JESSE!
20:36:06 : Group: Laurence Gommersil: FK SAKE
20:36:11 : Group: Laurence Gommersil: WHY ME 
20:36:58 : Group: Laurence Gommersil: TURMOIL WHEN I GET THERE OPEN THE DOOR
20:39:31 : Group: Laurence Gommersil: OPEN
20:39:45 : Group: Turmoil: he is close to us
20:39:54 : Group: Laurence Gommersil: DO IT IM HERE
20:39:59 : Group: Turmoil: SO IS HE!!!!!
20:40:22 : Group: Laurence Gommersil: where
20:40:41 : Group: Turmoil: if i knew i would have killed him already -_-
20:41:43 : Group: Laurence Gommersil: i cant see him
20:42:54 : Group: Laurence Gommersil: LET ME IN QUICK
20:42:58 : Group: Laurence Gommersil: HES NOT HER
20:43:13 : Group: [NG2] Jesse: i got your keys
20:43:30 : Group: Laurence Gommersil: quick!
20:43:39 : Group: Laurence Gommersil: OPEN
20:43:40 : Group: Turmoil: stop nagging
20:44:09 : Group: [NG2] Jesse: i got some of your stuff. 
20:44:16 : Group: Laurence Gommersil: how do i get there...
20:44:20 : Group: [NG2] Jesse: v
20:44:52 : Group: Laurence Gommersil: turmoil salvage sandbags?
20:44:52 : Group: [NG2] Jesse: press v
20:46:21 : Group: Laurence Gommersil: lets me down
20:47:20 : Group: Laurence Gommersil: u want
20:47:21 : Group: [NG2] Jesse: leave my stuf  !!
20:47:34 : Group: Laurence Gommersil: sorry i just rly need them xD
20:47:42 : Group: [NG2] Jesse: take it
20:47:47 : Group: Joshuaa: ask him and see if he locked the door
20:48:00 : Group: Laurence Gommersil: thanks
20:48:01 : Group: hehexd: i think he is asleep
20:48:06 : Group: Joshuaa: damn still haah
20:48:09 : Group: hehexd: hahaha
20:48:14 : Group: [NG2] Jesse: the keys are in you bag
20:48:18 : Group: hehexd: he plays @ night
20:48:19 : Group: Laurence Gommersil: prismic said what should he do?
20:48:22 : Group: hehexd: sleeps @ day/school
20:48:23 : Group: Joshuaa: ah i see
20:48:32 : Group: Joshuaa: how old you guys?
20:48:36 : Group: Laurence Gommersil: wow nice gun storage
20:48:37 : Group: hehexd: 17 and 18
20:48:42 : Group: Laurence Gommersil: what are these
20:48:44 : Group: Joshuaa: ah nice
20:48:56 : Group: hehexd: you were 17, rite?
20:48:58 : Group: Turmoil: private
20:48:59 : Group: Joshuaa: yeee
20:49:04 : Group: hehexd: siick
20:49:10 : Group: Laurence Gommersil: what loot u got
20:49:10 : Group: hehexd: well there is only one thing to do here
20:49:17 : Group: [NG2] Jesse: dotn look!
20:49:21 : Group: Laurence Gommersil: xD
20:49:24 : Group: [NG2] Jesse: leave the room 
20:49:34 : Group: [NG2] Jesse: you bc is in your backpack
20:49:43 : Group: hehexd: lol
20:49:45 : Group: hehexd: wtf
20:49:46 : Group: Joshuaa: wooooo
20:50:05 : Group: Joshuaa: how much gold you need?
20:50:07 : Group: hehexd: hahaha im not even on the list
20:50:13 : Group: Laurence Gommersil: shall we see if he is still there
20:50:16 : Group: hehexd: probs a ton
20:50:17 : Group: hehexd: lmao
20:50:21 : Group: Joshuaa: wow haha
20:50:29 : Group: hehexd: lol np dude
20:50:33 : Group: hehexd: thjats your shuit
20:50:49 : Group: Laurence Gommersil: his heli is on hill
20:50:53 : Group: Joshuaa: you not want any from me?
20:51:00 : Group: [NG2] Jesse: where?
20:51:06 : Group: Laurence Gommersil: right side
20:51:19 : Group: hehexd: as of right now, i dont need that much
20:51:22 : Group: hehexd: if you dont mind
20:51:25 : Group: [NG2] Jesse: little birds its from a friend
20:51:28 : Group: Joshuaa: ok, you got mozzie?
20:51:31 : Group: hehexd: can I loot these safes
20:51:38 : Group: Laurence Gommersil: oh ok
20:51:40 : Group: hehexd: nah
20:51:41 : Group: Joshuaa: theyre yours arent thye?
20:51:46 : Group: [NG2] Jesse: at my location?
20:51:54 : Group: hehexd: well technically xd
20:51:56 : Group: Laurence Gommersil: no
20:52:00 : Group: Laurence Gommersil: on this hill
20:52:11 : Group: Joshuaa: how we ng to your base?
20:52:15 : Group: Laurence Gommersil: come here
20:52:20 : Group: Joshuaa: getting
20:52:25 : Group: hehexd: i dont know
20:52:32 : Group: hehexd: its risky carrying all this shit over there
20:52:39 : Group: hehexd: hold on
20:52:39 : Group: Joshuaa: exactly
20:52:42 : Group: Laurence Gommersil: what am i missing
20:52:57 : Group: [NG2] Jesse: where?
20:52:59 : Group: hehexd: ohshit
20:53:02 : Group: [NG2] Jesse: tur game crached
20:53:04 : Group: hehexd: did my lockbox despawn?
20:53:04 : Group: Laurence Gommersil: fueltank parts. rotor assembly
20:53:06 : Group: Joshuaa: yeah?
20:53:11 : Group: hehexd: fk
20:53:16 : Group: Laurence Gommersil: whats missing?
20:53:17 : Group: Joshuaa: no idea man haha
20:53:21 : Group: hehexd: haha
20:53:22 : Group: [NG2] Jesse: where is the heli
20:53:26 : Group: Laurence Gommersil: here
20:53:38 : Group: Laurence Gommersil: up there
20:53:46 : Group: hehexd: i got some friends that might join us this weekend
20:53:49 : Group: Laurence Gommersil: see it
20:53:51 : Group: Joshuaa: ah sweet
20:53:52 : Group: [NG2] Jesse: no
20:53:55 : Group: hehexd: just for some top quality banter
20:53:59 : Group: Laurence Gommersil: omg nvm
20:54:00 : Group: Joshuaa: yeahhh haha
20:54:26 : Group: Laurence Gommersil: what mozzie part am i missing jesse
20:54:36 : Group: Laurence Gommersil: rotor assembly and fueltank
20:54:41 : Group: [NG2] Jesse: fuel engine and rotor
20:54:55 : Group: Joshuaa: you got plot pole yeah?
20:55:01 : Group: hehexd: yes sir
20:55:04 : Group: Joshuaa: sweet
20:55:19 : Group: hehexd: actually
20:55:22 : Group: Joshuaa: bandit trader and get car?
20:55:25 : Group: hehexd: im so fucking uncertain
20:55:32 : Group: hehexd: yeah i think we have to
20:55:40 : Group: Joshuaa: cheap one tho haha
20:55:47 : Group: Joshuaa: should i bring gold\/
20:55:56 : Group: hehexd: the cheapest money can buy
20:56:01 : Group: hehexd: nah man, I think we're cool
20:56:35 : Group: hehexd: yo you got toolbox?
20:56:41 : Group: Joshuaa: ya
20:56:51 : Group: hehexd: swet
21:00:45 : Group: hehexd: fuck lets steal
21:00:52 : Group: Joshuaa: hahahaha
21:00:54 : Group: Joshuaa: lets gooo
21:00:58 : Group: hehexd: hell yeah
21:01:11 : Group: hehexd: waiting game lmao
21:01:17 : Group: Joshuaa: yeppp
21:02:09 : Group: Joshuaa: they aint gon land haha
21:02:36 : Group: hehexd: lol nah
21:02:38 : Group: hehexd: wanna bounce?
21:02:45 : Group: Joshuaa: they gonna follow us mind
21:02:52 : Group: hehexd: then we take em out
21:02:54 : Group: hehexd: u got mk48
21:02:56 : Group: Joshuaa: leggo
21:03:08 : Group: Joshuaa: wait on edge
21:03:25 : Group: Joshuaa: im watching them
21:03:58 : Group: Joshuaa: mission along road!
21:04:01 : Group: Joshuaa: watch out
21:04:19 : Group: hehexd: hold on
21:06:16 : Group: Joshuaa: awkward lol
21:06:28 : Group: hehexd: what? xD
21:06:34 : Group: Joshuaa: to get through that door
21:06:38 : Group: hehexd: yeah
21:06:49 : Group: hehexd: gonna move some shit rn
21:07:06 : Group: Joshuaa: should i grab stuff?
21:07:12 : Group: Joshuaa: heli
21:07:20 : Group: hehexd: yeah if you want too
21:07:35 : Group: Joshuaa: actually ill just come back when i need it
21:07:45 : Group: hehexd: yeah good idea
21:07:48 : Group: hehexd: yo 2 sec
21:07:48 : Group: hehexd: brb
21:10:43 : Group: hehexd: yo dwag
21:10:47 : Group: Joshuaa: yoyoy
21:10:55 : Group: hehexd: there is a MTVR
21:11:00 : Group: hehexd: stashed in gorka
21:11:02 : Group: Joshuaa: where
21:11:13 : Group: Joshuaa: how u know?
21:11:14 : Group: hehexd: we should check itout
21:11:18 : Group: hehexd: got keys for it
21:11:21 : Group: Joshuaa: sweet
21:14:26 : Group: Joshuaa: drift king
21:14:41 : Group: hehexd: :D
21:16:15 : Group: hehexd: lmao WIP
21:16:21 : Group: Joshuaa: damnn
21:18:21 : Group: hehexd: woah r u shittin me
21:18:24 : Group: hehexd: 20 gold for lockboxes
21:18:30 : Group: hehexd: yo wanna do missions?
21:18:35 : Group: Joshuaa: i have 2 in my safe?
21:18:43 : Group: hehexd: np
21:18:47 : Group: hehexd: we can do missions? :D
21:18:59 : Group: Joshuaa: gunga
21:19:03 : Group: Joshuaa: gunbag
21:19:32 : Group: hehexd: you have to be 5 m away from me xD
21:19:39 : Group: hehexd: ahh
21:19:45 : Group: hehexd: yo ty
21:21:32 : Group: Joshuaa: huh?
21:21:40 : Group: Joshuaa: oh
21:22:02 : Group: Joshuaa: whos is this?
21:22:12 : Group: hehexd: mine lmao
21:22:24 : Group: Joshuaa: never got finishedi guess haha
21:22:27 : Group: Joshuaa: finished
21:22:31 : Group: hehexd: yeah hahah
21:22:51 : Group: hehexd: im gonna work on this 2night
21:23:03 : Group: Joshuaa: nice
21:23:18 : Group: hehexd: gonna build a sniperroof
21:23:30 : Group: hehexd: you can see trader stary, NWAF and the military base from here
21:23:36 : Group: Joshuaa: wow
21:23:51 : Group: Joshuaa: we need metal floors
21:23:54 : Group: Joshuaa: a lot
21:23:54 : Group: hehexd: yeahbuddy
21:23:57 : Group: hehexd: haha yea
21:24:10 : Group: Joshuaa: 1 brief each?
21:24:18 : Group: hehexd: yeah but you can buy metal panels
21:24:22 : Group: hehexd: 9 gold for each
21:24:27 : Group: hehexd: 9x4= 1 floor
21:24:35 : Group: hehexd: vehiucle!!!
21:24:49 : Group: hehexd: coming
21:25:06 : Group: hehexd: north i think
21:25:23 : Group: hehexd: leggo
21:26:24 : Group: hehexd: OH SHIT
21:27:00 : Group: hehexd: take the car
21:28:19 : Group: hehexd: n1 :D
21:28:23 : Group: Joshuaa: NICE DUDE
21:28:43 : Group: Joshuaa: OMG SO MANY KEYS IN CAR!!!!
21:28:49 : Group: hehexd: IKNORIGHTE!!
21:29:10 : Group: hehexd: hmm
21:29:14 : Group: hehexd: i can fix you a lockbox here
21:29:19 : Group: hehexd: so you can stash shit here
21:29:23 : Group: Joshuaa: can i put lockbox down here?
21:29:26 : Group: Joshuaa: oh thanks
21:29:30 : Group: hehexd: yeah just got to fix the plot
21:30:14 : Group: hehexd: gotta transfer all of this
21:30:14 : Group: hehexd: lmao
21:30:18 : Group: Joshuaa: dide they have the key for this on their bodies?
21:30:42 : Group: hehexd: for the ural?
21:30:45 : Group: Joshuaa: ya
21:30:51 : Group: hehexd: im not sure
21:30:56 : Group: Joshuaa: dont think they did
21:31:04 : Group: hehexd: dammit
21:31:58 : Group: Joshuaa: anything you want from ural?
21:32:10 : Group: hehexd: not as of rn i think xd
21:32:21 : Group: Joshuaa: you want cinder blocks?
21:32:35 : Group: hehexd: yeah taht would be useful yo
21:32:46 : Group: hehexd: ait dude
21:32:47 : Group: hehexd: lmao
21:33:41 : Group: Joshuaa: most of their vehicles no longer exist
21:33:49 : Group: hehexd: ahh i see
21:34:24 : Group: Joshuaa: dude wtf they have the key to the motorbike in our base.....
21:34:25 : Group: hehexd: ???
21:34:55 : Group: hehexd: yo grab all the keys
21:35:31 : Group: hehexd: fuck we're low on time
21:35:34 : Group: Joshuaa: in safe?
21:35:46 : Group: hehexd: yeah put everything in safe
21:35:50 : Group: hehexd: just if the veh despawns
21:35:52 : Group: Joshuaa: how they got key to motorbike in barn?
21:36:02 : Group: hehexd: oh that might be mine Lmao
21:45:18 : Group: hehexd: ayy
21:45:20 : Group: hehexd: it didnt despawn
21:45:26 : Group: Joshuaa: ayy
21:45:38 : Group: hehexd: lmaooo
21:45:39 : Group: Joshuaa: whats next then?
21:45:44 : Group: hehexd: i've lost my plotpole here
21:45:45 : Group: hehexd: hahahaha
21:46:03 : Group: Joshuaa: oh dearr
21:46:08 : Group: hehexd: lul
21:46:12 : Group: hehexd: oh
21:48:43 : Group: hehexd: aiiit
21:48:58 : Group: hehexd: wut
21:49:07 : Group: Joshuaa: its lit
21:49:09 : Group: hehexd: sick
21:49:22 : Group: Joshuaa: what we doing?
21:49:30 : Group: hehexd: gettin the mtvr
21:49:33 : Group: hehexd: leggo bby
21:50:21 : Group: Joshuaa: ahahahaha
21:50:35 : Group: hehexd: XD
21:52:32 : Group: Joshuaa: damn how many safes
21:52:48 : Group: hehexd: lmao i dont know
21:52:49 : Group: hehexd: not mine
21:52:54 : Group: Joshuaa: ohh
21:53:11 : Group: hehexd: just not the lad who owned it stopped playin
21:53:12 : Group: hehexd: lel
21:56:54 : Group: hehexd: 2 sec
21:56:54 : Group: Joshuaa: 46 beans damn
21:56:56 : Group: hehexd: xDD
21:57:06 : Group: Joshuaa: shall i drive this?
21:57:20 : Group: hehexd: ill just tow it
21:57:23 : Group: hehexd: or
21:57:27 : Group: hehexd: you wanna drive?
21:57:33 : Group: Joshuaa: YOU CAN
21:57:36 : Group: hehexd: xD
21:57:36 : Group: Joshuaa: woops
21:57:36 : Group: hehexd: ait
22:04:07 : Group: Joshuaa: fuckkkk
22:04:08 : Group: hehexd: fk
22:04:15 : Group: hehexd: get a lot of speed
22:04:19 : Group: hehexd: and jump ram it in xD
22:04:23 : Group: hehexd: just
22:04:28 : Group: Joshuaa: houston we have a problem
22:04:33 : Group: hehexd: hahhah
22:04:55 : Group: hehexd: OH SHIT
22:04:56 : Group: hehexd: bullets
22:05:34 : Group: Joshuaa: shots?
22:05:39 : Group: hehexd: yeah 
22:05:46 : Group: hehexd: heard a bullet pass by
22:05:46 : Group: Joshuaa: i didnt hear them haha
22:05:50 : Group: hehexd: lol haha
22:05:57 : Group: hehexd: yo u got etool?
22:06:03 : Group: Joshuaa: too busy destroying te fat ass truck]
22:06:07 : Group: hehexd: hehe
22:06:09 : Group: Joshuaa: nah sorry
22:06:26 : Group: hehexd: fk
22:06:43 : Group: hehexd: well
22:06:45 : Group: hehexd: i guess
22:06:55 : Group: hehexd: woah
22:06:57 : Group: hehexd: there is a mission
22:07:03 : Group: hehexd: 900 m that way
22:07:10 : Group: Joshuaa: lets do it, lemme go to toilet 1st
22:07:16 : Group: hehexd: oki
22:08:03 : Group: Joshuaa: can i store my things in this safe?
22:08:07 : Group: hehexd: yeah 
22:08:09 : Group: hehexd: np
22:08:23 : Group: hehexd: im just gonna go grab etool
22:08:23 : Group: hehexd: brb
22:08:28 : Group: hehexd: and some gold
22:08:55 : Group: Joshuaa: im gonna jump in shower then dude
22:09:05 : Group: hehexd: roger
22:09:06 : Group: Joshuaa: ill be 10 mins :-)
22:09:11 : Group: hehexd: ait ^^
22:26:11 : Group: hehexd: yopoo
22:26:16 : Group: Joshuaa: sup my man
22:26:33 : Group: hehexd: just arrived
22:26:37 : Group: hehexd: u got done?
22:26:41 : Group: Joshuaa: im done
22:26:53 : Group: hehexd: ooohshit
22:27:09 : Group: Joshuaa: we hitting mission?
22:30:09 : Group: Joshuaa: you got m24 rounds?
22:30:42 : Group: hehexd: ye
22:30:58 : Group: Joshuaa: thats dmr haha
22:31:06 : Group: hehexd: right click it
22:31:20 : Group: Joshuaa: oooo sweet
22:31:27 : Group: Joshuaa: thanks
22:31:29 : Group: hehexd: :D
22:31:30 : Group: hehexd: np
22:31:31 : Group: hehexd: brb
22:33:01 : Group: Joshuaa: i hear shots
22:33:05 : Group: hehexd: oh shit
22:33:05 : Group: hehexd: omw
22:33:18 : Group: Joshuaa: far away its fine man
22:33:28 : Group: Joshuaa: sounds like itsd at the mission dont worry
22:39:12 : Group: Joshuaa: lots of shots at mission
22:39:16 : Group: hehexd: :D
22:39:19 : Group: hehexd: i love action
22:39:20 : Group: hehexd: hghi
22:41:04 : Group: hehexd: lmao bro
22:41:13 : Group: hehexd: could you go cut some Wood Piles for me? hahaha
22:41:20 : Group: Joshuaa: yeah hahaa
22:41:30 : Group: Joshuaa: you got chainsaw gas?
22:41:41 : Group: hehexd: i dont think you need it
22:41:54 : Group: hehexd: like wood piles, as in non-lumer
22:41:56 : Group: hehexd: lumber
22:42:09 : Group: Joshuaa: ah ok, just hatchet then
22:42:13 : Group: hehexd: yee :D
22:42:18 : Group: Joshuaa: you got one?
22:42:36 : Group: hehexd: hey, could you try to run on this stairwell when i place it?
22:42:51 : Group: Joshuaa: lol
22:43:02 : Group: hehexd: ayy :D
22:43:20 : Group: Joshuaa: you got hatchet?
22:43:27 : Group: hehexd: there yo go buddy
22:43:33 : Group: hehexd: btw
22:43:37 : Group: hehexd: the safes code is
22:43:51 : Group: hehexd: 9396
22:43:54 : Group: hehexd: 9363*
22:44:04 : Group: Joshuaa: thanks
22:44:08 : Group: hehexd: and you're added to all doors and plot
22:44:18 : Group: Joshuaa: sweet :-)
22:45:07 : Group: Joshuaa: how many hits is it?
22:45:16 : Group: hehexd: 1 wood pile = 1 hit
22:45:37 : Group: Joshuaa: im gonna need backpack haha
22:45:40 : Group: hehexd: hahaha
22:45:46 : Group: hehexd: just get me 1 wood pile
22:45:52 : Group: hehexd: like burning wood
22:46:27 : Group: hehexd: :D
22:46:28 : Group: Joshuaa: you only need one?
22:46:28 : Group: hehexd: ty broo
22:46:36 : Group: hehexd: nah this is guud
22:46:41 : Group: Joshuaa: ok man
22:47:02 : Group: Joshuaa: how many metal floors you got?
22:47:21 : Group: hehexd: a whole lot lmoa
22:48:14 : Group: Joshuaa: we should move our stuff from old base to this one
22:48:36 : Group: hehexd: yep
22:48:45 : Group: Joshuaa: take mtvr sometime
22:48:48 : Group: Joshuaa: and load it up
22:48:51 : Group: hehexd: hell yeah bby
22:48:55 : Group: hehexd: but wait for the others to get online
22:49:03 : Group: Joshuaa: good idea
22:49:15 : Group: Joshuaa: you need anything?
22:49:27 : Group: hehexd: not as of right now no
22:49:31 : Group: Joshuaa: sweet
22:49:36 : Group: Joshuaa: let me know if you do
22:49:37 : Group: hehexd: i'll call matsa
22:49:41 : Group: hehexd: yeah bro
22:50:59 : Group: hehexd: lmao i told him we we're being raided
22:51:04 : Group: hehexd: just say something like that hahahah
22:51:22 : Group: Joshuaa: hahaha
22:51:37 : Group: Joshuaa: hes finally awake
22:51:40 : Group: hehexd: yup
22:51:45 : Group: hehexd: or was halfawake
22:53:23 : Group: Joshuaa: i bought dayz standalone the other day and its shit, i got my money back haha
22:53:30 : Group: hehexd: hahaha
22:53:32 : Group: hehexd: its so undone
22:53:41 : Group: Joshuaa: i ran around for 30 mins and didnt find anything...
22:53:50 : Group: hehexd: LOL
22:53:59 : Group: Joshuaa: we makiing a big tower?
22:54:09 : Group: hehexd: yeebuddy
22:55:18 : Group: Joshuaa: ill add masta to plot
22:55:23 : Group: hehexd: he is already in
22:55:25 : Group: hehexd: :D
22:55:30 : Group: hehexd: oh
22:55:30 : Group: hehexd: nvm
22:55:31 : Group: Joshuaa: he wasnt on list lol
22:55:31 : Group: hehexd: sure
22:55:36 : Group: hehexd: yea mb
22:55:51 : Group: Joshuaa: yo matsa
22:58:12 : Group: hehexd: yo bro
22:58:21 : Group: Joshuaa: ya
22:58:36 : Group: hehexd: gonna fly to matsa
22:58:39 : Group: hehexd: you got a mozzy?
22:58:44 : Group: Joshuaa: nahh
22:59:06 : Group: Joshuaa: ill chill here haha
22:59:17 : Group: hehexd: haha ait :D
23:00:56 : Group: Joshuaa: hes flying to us
23:12:04 : Group: Joshuaa: what you guys doing?
23:14:17 : Group: Joshuaa: im going now guys
23:14:27 : Group: matsa: :/
23:14:27 : Group: hehexd: ait dude
23:14:29 : Group: hehexd: see ya 
23:14:41 : Group: Joshuaa: bye
23:15:00 : Group: hehexd: bye bro
