00:02:19 : Side: PedroKS-BR: bye...
00:07:07 : Side: [NG2] Jesse: Why this war guys? 
00:07:19 : Side: PedroKS-BR: friends
00:07:28 : Side: PedroKS-BR: love you
00:07:30 : Side: PedroKS-BR: 3
00:07:35 : Side: PedroKS-BR: s2
00:08:00 : Side: [NG2] Jesse: why the need to kill? where herotown nod need for that! 
00:08:03 : Side: Turmoil: i wouldnt worry to much about us two, we are hero... the last guy on the other hand
00:08:31 : Side: Ryan: what 2die4
00:08:44 : Side: Turmoil: lol, they even sunk the bodies xD
00:08:47 : Side: 2DIE4:  hey ryan ... 
00:08:54 : Side: Ryan: sup
00:08:58 : Side: 2DIE4:  i dint have nothing good
00:09:19 : Side: Ryan: you and your humvee maching gun
00:11:22 : Side: 2DIE4:  workin on it   =9
00:13:17 : Side: 2DIE4: either one of them
00:16:09 : Side: 2DIE4: let u know  =)
00:16:43 : Side: Ryan: how u doin die
00:17:09 : Side: 2DIE4: aight
00:26:29 : Side: PedroKS-BR: are we going to be friends?
00:26:53 : Side: Turmoil: as long as you dont show up and kill us im okay with that, cant talk for the others
00:27:03 : Side: Turmoil: Jesse is also fine by it
00:27:09 : Side: PedroKS-BR: :/
00:27:13 : Side: wft: fodase
00:27:31 : Side: PedroKS-BR: i can be your girlfiend
00:27:37 : Side: PedroKS-BR: girlfriend*
00:27:44 : Side: Turmoil: sure, drop your pants 
00:27:47 : Side: Turmoil: hole is a hole
00:29:20 : Side: PedroKS-BR: please we can be friends
00:29:37 : Side: Turmoil: both me and jesse are okay with beeing friends 
00:29:39 : Side: [NG2] Jesse: dude are you serios?
00:29:42 : Side: PedroKS-BR: i'm a girl
00:29:50 : Side: Tomahawwk: pedro you can be my friend too
00:29:51 : Side: [NG2] Jesse: how old are you? 
00:29:54 : Side: Turmoil: you dutch?
00:31:09 : Side: PedroKS-BR: 17
00:31:28 : Side: [NG2] Jesse: why did you attack us? 
00:31:57 : Side: [NG2] Jesse: when we just playing in the backyard..
00:32:48 : Side: PedroKS-BR: i thought you were a non-kill threat
00:33:19 : Side: Turmoil: we dont kill players :)
00:33:35 : Side: Ryan: bandits?
00:34:10 : Side: [NG2] Jesse: only bandits that are a threat to us!
00:35:52 : Side: 2DIE4: omw
00:35:59 : Side: 2DIE4:  ryan
00:36:04 : Side: Ryan: ya
00:38:29 : Side: [NG2] Jesse: hero town! Alarm! :P
00:38:43 : Side: PedroKS-BR: :/
00:38:50 : Side: PedroKS-BR: i´m girl
00:39:46 : Side: wft: kkkkkkkkkkkkkkkk
00:42:17 : Side: PedroKS-BR: i can not trust you
00:42:37 : Side: PedroKS-BR: ;(
00:42:43 : Side: wft: pedro noob
00:42:53 : Side: 2DIE4:  im the bandit that u should not piss off
00:49:11 : Side: PedroKS-BR: viro festa?
01:08:24 : Side: [NG2] Jesse: still want to be friends? 
01:09:14 : Side: PedroKS-BR: i can not trust you! :( , but who knows,another day?
01:09:38 : Side: [NG2] Jesse: why i try to hugg you but you run off
01:10:35 : Side: PedroKS-BR: :/
01:10:41 : Side: PedroKS-BR: sorry men!
01:11:00 : Side: Ryan: turm are u in little bird
01:11:29 : Side: Turmoil: nope, that is most likely our very own neighbourhood bandit 2DIE4 i assume
01:14:31 : Side: 2DIE4: ryan that u downb there?  
01:14:37 : Side: 2DIE4:   i let go   u earned it 
01:15:02 : Side: Ryan: thx fam
01:18:24 : Side: PedroKS-BR: who knows later,I'II pass on my whats app
01:21:02 : Side: 2DIE4:  s all good  =)
01:48:09 : Side: Tomahawwk: 2die4 1v1?
01:48:19 : Side: 2DIE4: ?
01:48:26 : Side: Tomahawwk: what
01:49:12 : Side: 2DIE4: what do u mean?
01:49:31 : Side: Tomahawwk: 1v1 fight duhhh
01:49:57 : Side: 2DIE4:  y?  u doin m ission dont u ?
01:50:11 : Side: Tomahawwk: no essay
01:50:20 : Side: 2DIE4:  holla  hombre
01:50:23 : Side: Tomahawwk: at airfeidl
01:50:37 : Side: 2DIE4:   gimme  bit   =) 
01:50:41 : Side: Tomahawwk: chupa me ballas por foavor
01:50:43 : Side: Tomahawwk: favor
02:01:10 : Side: Ryan: die4 plz go away\
02:01:18 : Side: Boosted Outlaw: gogd play but youre still a cunt
02:01:29 : Side: Ryan: you dont deserve this loot you didnt go and earn it
02:02:56 : Side: 2DIE4:     bossted y so angry?
02:03:03 : Side: 2DIE4:  boosted  sry
02:03:45 : Side: Boosted Outlaw: just cause you come to events and wait for someone else to do it for you, its a good play but youre an ass for doing it
02:04:08 : Side: 2DIE4:  idiopt i came ther when yall was doin it already
02:04:15 : Side: 2DIE4:   i sneak up on u   and kill u 
02:04:21 : Side: 2DIE4:  i dont need to b first
02:04:26 : Side: Boosted Outlaw: after we kill everyone
02:04:56 : Side: 2DIE4:  u dont have the patience
02:05:38 : Side: Boosted Outlaw: you dont have the balls
02:06:03 : Side: 2DIE4:  lolo dont need balls 4  a  Cu*t
02:10:48 : Side: 2DIE4:    lol u   noob
03:12:48 : Side: 2DIE4:  ill get me some sleep loot is all yours  =) 
03:13:07 : Side: 2DIE4:  and outlawl... dont take shit too personal .. this is a game
03:13:20 : Side: Boosted Outlaw: sorry bro shitty day
03:13:23 : Side: 2DIE4:  its not like ther is a bling bling over ya head and i just shoot u
03:13:26 : Side: Boosted Outlaw: cya later
03:13:31 : Side: 2DIE4:  s all good mate i aint mad
03:13:50 : Side: 2DIE4:   btw whos at the lunchbreak ? XD
03:14:09 : Side: Boosted Outlaw: nah bro its like 8 pm
03:14:13 : Side: 2DIE4:  dont worry im far out 
03:14:21 : Side: Boosted Outlaw: lol
03:14:23 : Side: 2DIE4: i talkin bout the mission XD
03:14:36 : Side: Boosted Outlaw: i just realized that
03:14:42 : Side: Boosted Outlaw: i dont do hero missions 
03:14:48 : Side: Boosted Outlaw: bad for my humanity
03:15:05 : Side: 2DIE4: gbk U ß 
03:15:14 : Side: 2DIE4: GBK? 
03:15:36 : Side: 2DIE4:  just askin cuz i walked in ther like strollin cat and got my gear back XD
03:15:56 : Side: 2DIE4:  the mission spawned right on me after i killed the major  XDD
03:16:18 : Side: 2DIE4:  ok gus later
04:11:40 : Side: Fedequeso: jelou
05:21:33 : Side: Freedom: whos marking bases on map
05:21:51 : Side: Tomahawwk: i got bored
05:21:55 : Side: Freedom: haha
05:22:17 : Side: Tomahawwk: so i staredd marking
05:22:38 : Side: Tomahawwk: hoping id actully trick somone  to waste there time
05:25:22 : Side: Freedom: was just curious alot of people on earlier
05:27:56 : Side: -SDS-Ban: good morning at all
05:28:06 : Side: Fedequeso: cya
05:28:18 : Side: Freedom: morning buddy
05:28:35 : Side: Freedom: later
05:28:37 : Side: -SDS-Ban: and hi fredom, you are dont sleep or why so early at this server
05:28:59 : Side: Freedom: im in usa its 11:35 pm here
05:29:08 : Side: -SDS-Ban: ok
05:29:13 : Side: Tomahawwk: lol its 10 for me
05:29:20 : Side: Freedom: lol
05:29:24 : Side: -SDS-Ban: i am only need 5 hours of sleep per day
05:29:39 : Side: -SDS-Ban: by me6:29
05:29:43 : Side: Freedom: lol yep about what i get too
05:30:21 : Side: GBK: im go to yhe gym five veces for day
05:30:43 : Side: GBK: xDDDDD
05:30:55 : Side: Tomahawwk: anyvone vwant to team
05:31:38 : Side: -SDS-Ban: i must work so i have not the time ,not the money for gym XD
05:31:38 : Side: Freedom: here if few i will if you want
05:32:06 : Side: -SDS-Ban: tomahawk you are ne at this server?
05:32:21 : Side: Tomahawwk: ehhh kinda
05:32:38 : Side: GBK: you working in the zone red?
05:32:39 : Side: -SDS-Ban: where are you from?
05:32:44 : Side: Tomahawwk: us
05:32:51 : Side: Tomahawwk: no gbk
05:33:06 : Side: -SDS-Ban: us too ok
05:33:23 : Side: GBK: uruguay
05:33:25 : Side: -SDS-Ban: i am from germany
05:33:44 : Side: Freedom: 2die4 is from germany too correct?
05:33:51 : Side: Tomahawwk: i dont like him
05:33:56 : Side: Freedom: lol
05:33:59 : Side: Tomahawwk: he kill my only friend alot
05:34:06 : Side: -SDS-Ban: yes we was in a group for day because he help us etc
05:34:18 : Side: Tomahawwk: wannt to team sds
05:34:25 : Side: Freedom: he has helped me out too
05:34:44 : Side: -SDS-Ban: at first day he kill our group 10 times with heeli and he have nothing to kill hm butt i like him XD
05:34:46 : Side: Tomahawwk: freedom sds want to team
05:35:08 : Side: Tomahawwk: we cou be unstopable
05:35:11 : Side: -SDS-Ban: not jet
05:35:14 : Side: Tomahawwk: ok
05:35:15 : Side: Freedom: i will here in a min tomaha
05:35:46 : Side: -SDS-Ban: i fist group when my friend will it too
05:36:00 : Side: Tomahawwk: vhat
05:36:10 : Side: -SDS-Ban: sds is an clantag
05:36:44 : Side: -SDS-Ban: we are 4 guys but me and my friend are mostly online the 2 others are not so ofteen like us
05:37:06 : Side: Freedom: yeah i really only see you two 
05:38:16 : Side: -SDS-Ban: yeah because the other has now no work and i play long as i can but have at 13. february vacation
05:38:36 : Side: -SDS-Ban: o at 13. februare 24/7
05:39:02 : Side: Tomahawwk: sds may i join groupy plz
05:39:21 : Side: -SDS-Ban: when myy friend online ye we have no problem
05:39:37 : Side: Tomahawwk: ok thanks famw
05:39:51 : Side: -SDS-Ban: what ws the guy in thee black ssuv?
05:40:16 : Side: Freedom: the armord one
06:02:33 : Side: -SDS-Ban: shot someone at my ka 137?
06:02:43 : Side: -SDS-Ban: i fly normal annd than explode in the air XD
06:03:11 : Side: -SDS-Ban: tomahawk what mission you make?
06:15:16 : Side: -SDS-Ban: now i know why XD
06:17:19 : Side: Ryan: THE BATTLES
06:20:43 : Side: -SDS-Ban: you must fly at kabanino there is an relay big fire oops XDw
06:21:11 : Side: -SDS-Ban: crach with my ka 137 and nor see kabnino burn
06:33:09 : Side: willi: hi
06:33:16 : Side: -SDS-Ban: hi
06:38:57 : Side: feliks_18: есть кто
07:08:32 : Side: Freedom: whos crawling at bandit weapon cache
07:08:45 : Side: Boosted Outlaw: no one
07:08:47 : Side: willi: me. i want my stuff back
07:08:49 : Side: Boosted Outlaw: shoot that niggah
07:08:56 : Side: Boosted Outlaw: nope shoot that niggah
07:09:01 : Side: Boosted Outlaw: lol jk
07:09:09 : Side: Freedom: i wont your safe
07:09:39 : Side: Freedom: just watching you
07:09:46 : Side: -SDS-Ban: and i his wife XD
07:09:47 : Side: willi: zy
07:10:04 : Side: Freedom: your a lady
07:10:20 : Side: -SDS-Ban: i?
07:10:22 : Side: -SDS-Ban: no
07:10:24 : Side: Freedom: yes
07:11:00 : Side: Freedom: ohh lol you said i his wife
07:11:00 : Side: -SDS-Ban: would be cool than i would know what i make all the day ;-)
07:11:28 : Side: -SDS-Ban: yeah i would have his wife i mean when you take the money 
07:35:03 : Side: willi: sorry
07:35:12 : Side: -SDS-Ban: np
07:54:07 : Side: -SDS-Ban: at aircraftdealer stand an military offraod m2 you cann sell them when you would guys
08:10:22 : Side: -SDS- Gowther: What killed me?
08:10:39 : Side: willi: an "unkown"
08:10:52 : Side: -SDS- Gowther: k 
08:41:44 : Side: -SDS-Ban: hello again
08:41:51 : Side: Freedom: hello
08:42:09 : Side: willi: hi
08:47:57 : Side: -SDS- Gowther: i want to make the gasoline of my MTVR in the fuel barrel
08:48:27 : Side: Freedom: need hose
08:48:36 : Side: -SDS- Gowther: but he told me i need a 
08:48:38 : Side: -SDS- Gowther: yes
08:48:43 : Side: -SDS- Gowther: where can i get one
08:48:49 : Side: -SDS- Gowther: ?
08:48:56 : Side: Freedom: buy one at trade
08:49:03 : Side: -SDS- Gowther: Im in stary
08:49:14 : Side: Freedom: building material
08:49:16 : Side: -SDS- Gowther: under tag "vehicle parts" is nothing
08:49:18 : Side: Freedom: ast bottom
08:49:39 : Side: -SDS- Gowther: Ahhh
08:49:48 : Side: -SDS- Gowther: got it ty love ya #nohomo
08:50:00 : Side: Freedom: haha no prob
08:55:35 : Side: Freedom: hey will
08:55:53 : Side: willi: hi
08:56:07 : Side: Freedom: are you at bandit
08:56:17 : Side: Freedom: bandit base
08:56:43 : Side: willi: no, im no bandit. i have 3650 humanity
08:56:50 : Side: willi: im at hte airfield
08:56:56 : Side: Freedom: no the mission bandit base
08:57:23 : Side: Freedom: who is at bandit base mission
08:57:29 : Side: willi: you need help?
08:57:58 : Side: Freedom: just trying to figure who this guy is in bandit outfit
08:58:15 : Side: willi: maybe one of the
08:58:25 : Side: willi: sds members
08:58:26 : Side: Freedom: he better speak up
08:58:35 : Side: -SDS-Ban: no must be mario
08:58:45 : Side: Mario: i'm not
08:58:47 : Side: -SDS-Ban: can kill him he iss not the best will not find you
08:58:57 : Side: -SDS-Ban: ok than i ddont know
08:59:05 : Side: -SDS-Ban: we make other missionss
08:59:54 : Side: Freedom: must been ai he was right next to me i was in bush
09:00:10 : Side: Freedom: glad i shot
09:01:17 : Side: Freedom: i cant belive the ai flacke dme at 700m
09:01:42 : Side: willi: ohh
09:38:40 : Side: -SDS- Gowther: I got a question
09:39:08 : Side: -SDS- Gowther: When i take the base of a other person and get all right at the plotpole
09:39:23 : Side: -SDS- Gowther: and i want to remove the buildingparts
09:39:32 : Side: -SDS- Gowther: and they are damaged
09:39:43 : Side: -SDS- Gowther: so i repaired them for gold on the plotpole
09:39:59 : Side: -SDS- Gowther: but i still cant remove the part
09:40:35 : Side: -SDS- Gowther: No one knows?
09:41:18 : Side: willi: sorry, what was your question?
09:41:30 : Side: -SDS- Gowther: go in chat and push pic up
09:41:34 : Side: Mario: that is not important, because if u remove a wall,dor,etc, u don;t recive nothing
09:41:52 : Side: -SDS- Gowther: why?
09:42:02 : Side: -SDS- Gowther: when i remove parts of my own base?
09:42:07 : Side: -SDS- Gowther: i got tham back too
10:13:55 : Side: -SDS-Ban: hi 2die4
10:14:02 : Side: 2DIE4:  hi
10:46:13 : Side: 2DIE4:  ya pthx u?w
10:46:50 : Side: -SDS-Ban: what?
10:47:43 : Side: -SDS-Ban: ah so yeah realy good
10:49:53 : Side: iHostiiX: How much Humanity need i 4 hero ? :D
10:50:03 : Side: -SDS-Ban: 5000
10:50:09 : Side: iHostiiX: thx
10:50:13 : Side: -SDS-Ban: aand for superhero 30,000
10:50:46 : Side: -SDS-Ban: oh 35k dont knowi only know is very much
10:50:57 : Side: -SDS-Ban: than i must be a good boy now XD
10:52:04 : Side: -SDS-Ban: ok but when you lv 5 hero you became an dmr from begining right?
10:53:44 : Side: -SDS-Ban: ok this is good too
10:56:03 : Side: 2DIE4:  Xd i die  but not as often i guess Xd
10:56:21 : Side: -SDS-Ban: why never die than?
10:57:19 : Side: -SDS-Ban: what? i die now every day?
10:57:54 : Side: -SDS-Ban: ah ok
10:57:59 : Side: 2DIE4:   Xd
10:58:15 : Side: 2DIE4:  hey sierra y sneak around at hero town yesterday?  Xd
10:58:57 : Side: 2DIE4:   XD  oooops 
10:59:58 : Side: 2DIE4:   Xd
11:01:55 : Side: 2DIE4:  later
11:03:50 : Side: -SDS-Ban: someone shot at me?
11:03:57 : Side: 2DIE4:  not me
11:04:25 : Side: -SDS-Ban: i fly with heli
11:04:31 : Side: -SDS-Ban: and than boom
11:05:19 : Side: 2DIE4:  someone kamikaze into u? 
11:05:26 : Side: -SDS-Ban: no
11:05:26 : Side: 2DIE4:  i heard a cessna flying round
11:05:35 : Side: -SDS-Ban: maybe i fly in a tree
11:05:47 : Side: -SDS-Ban: i had an ka 127
11:05:51 : Side: -SDS-Ban: 137
12:19:20 : Side: 2DIE4:  high ground as less as possible trees around
12:20:03 : Side: 2DIE4:  im here emplying a base  Xd
12:20:22 : Side: 2DIE4:  XD
12:21:13 : Side: 2DIE4:  yap
12:21:32 : Side: 2DIE4:  gimme  a sec
12:26:11 : Side: 2DIE4:  need   a few mins
12:26:44 : Side: 2DIE4:  ill pick u up 
12:26:49 : Side: 2DIE4:  u cn help if u want
12:28:08 : Side: 2DIE4:  iull send u a TS linkl
12:29:06 : Side: 2DIE4: ts.uk111.uk
12:29:43 : Side: 2DIE4: lounge altis 1
12:29:50 : Side: 2DIE4:  relog
12:32:47 : Side: 2DIE4: yap
12:33:08 : Side: 2DIE4:  ok
12:51:53 : Side: -SDS-Ban: burder king bitch how you came on this name? 
12:52:11 : Side: -SDS-Ban: *burger
12:52:11 : Side: burger king bitch: from a videogamedunkey video
12:52:18 : Side: -SDS-Ban: ok lol
12:52:34 : Side: -SDS-Ban: you are neww here i am right?
12:57:02 : Side: -SDS- Gowther: 2DIE4 i hab ne frage bezüglich base raiden
12:57:09 : Side: 2DIE4:  ?
12:57:41 : Side: -SDS- Gowther: Ich hab letztens schon mit Turmoil darüber geredet... Hab da einiges erfahren
12:57:58 : Side: -SDS- Gowther: Wir haben den plotpole einer basis jetzt uns selbst überschrieben
12:58:24 : Side: -SDS- Gowther: Wie können wir das baumaterial jetzt abbauen? es war alles beschädigt und haben es dann repariert
12:58:25 : Side: 2DIE4:  gut
12:58:46 : Side: -SDS- Gowther: Aber wenn ich es abbauen will steht da dass es keinen ersatz gibt
12:58:51 : Side: 2DIE4:  richtig
12:58:56 : Side: 2DIE4:  english pls
12:59:17 : Side: -SDS- Gowther: My english is not so the yellow from the egg XD
12:59:25 : Side: 2DIE4:   if u take over plotpole ownership   means u  have take over the base   to the last brick
12:59:36 : Side: 2DIE4:  but m,odular building items do not refund
12:59:44 : Side: -SDS- Gowther: Are u teamspeak of the server?
12:59:59 : Side: 2DIE4:  brickwalls dont refund   metal floors dont refund
13:00:06 : Side: -SDS- Gowther: oh okee
13:00:09 : Side: -SDS- Gowther: thats sad
13:00:10 : Side: 2DIE4:   we r on survivalists TS
13:01:00 : Side: -SDS- Gowther: We come ts
13:01:27 : Side: 2DIE4: ok
13:06:23 : Side: -SDS- Gowther: mach ma unten auf
13:21:23 : Side: 2DIE4:  =)  hey
13:25:00 : Side: 2DIE4:  np  =)
13:30:20 : Side: 2DIE4: nope
13:31:35 : Side: 2DIE4:  np  =) 
13:32:20 : Side: [NG2] Jesse: we gonna fly by, SDS.. 
13:34:36 : Side: Turmoil: hey guys ^^
13:34:38 : Side: -SDS-Ban: this base is on fire
13:34:43 : Side: -SDS-Ban: ohhh ohh ohh
13:34:56 : Side: -SDS- Gowther: THIS GIRL IS ON FIREEEEEEE
13:35:21 : Side: Turmoil: remember to manage the doors so the owners dont get in :)
13:36:00 : Side: -SDS- Gowther: We cant replace the plotpole
13:36:11 : Side: [NG2] Jesse: why?
13:36:19 : Side: Turmoil: you need a crowbar and toolbox - scroll down and remove plot pole
13:36:28 : Side: -SDS- Gowther: it says too much object near 100m
13:36:41 : Side: Turmoil: oh yeah they have to much crap there then xD
13:36:48 : Side: [NG2] Jesse: remove the tanktraps and everthing.. 
13:36:53 : Side: -SDS- Gowther: but i try to place it on the same possition it was before
13:37:29 : Side: Turmoil: yeah, but some items you can place without plotpole... but its calculated into the plotpole inventory anyways
14:21:31 : Side: DeadlyTruth: heyo, can anybody tell me when the server started or when it was wiped for the last time?
14:21:47 : Side: 2DIE4: ???ß
14:21:54 : Side: 2DIE4:  where was ya base?   XD
14:21:55 : Side: -SDS- Gowther: wiped?
14:22:46 : Side: DeadlyTruth: ye Im looking for a quite new server to play on. usually I dont like servers which are running for at least 1 year
14:23:14 : Side: 2DIE4:  im rich  and ther was no whipe
14:23:27 : Side: DeadlyTruth: since when are you playing on? :P
14:27:42 : Side: DeadlyTruth: thx
16:39:09 : Side: -SDS- Gowther: Allah uakbar
17:52:09 : Side: -SDS-Ban: where was the guys that i shot on bike?
17:52:34 : Side: -SDS- Gowther: he mean who
17:53:23 : Side: kemna: You the guy with the truck? Kinda wasted your shots, didn't have anything on me
17:53:38 : Side: -SDS-Ban: i shot you in your face with dmr XD
17:53:46 : Side: -SDS-Ban: in your face XD
17:54:45 : Side: kemna: Well, I didn't take any damage
17:55:12 : Side: -SDS-Ban: maybe because i shot you only with dmr in your face XD
17:55:33 : Side: -SDS- Gowther: mhhm maybe it got blocked of anything
17:55:35 : Side: -SDS- Gowther: who caresw
18:50:02 : Side: DeadlyTruth: can I place a safe without having a plotpole?
18:50:22 : Side: [NG2] Jesse: i think so
19:09:26 : Side: GBK: WHO DESTROY HELI?
19:09:35 : Side: [NG2] Jesse: me?
19:09:49 : Side: 2DIE4: thx god it wasnt me
19:09:57 : Side: GBK: FRIENDLY?
19:10:24 : Side: [NG2] Jesse: its ai heli? right?
19:11:30 : Side: GBK: no shoot me please
19:11:31 : Side: [NG2] Jesse: i am firendly! ? i shot a ai heli out of the air..? 
19:12:35 : Side: Junkiii: i hate this combat log
19:12:37 : Side: Junkiii: ...
19:12:41 : Side: [NG2] Jesse: die2 i am close to your mission!
19:12:43 : Side: 2DIE4:  mario is  areal whimp
19:13:51 : Side: 2DIE4:  who was crazy outh to try to camp me at my base earlier?  XD
19:14:58 : Side: [NG2] Jesse: i am at your mission now.. 
19:15:03 : Side: 2DIE4:  ok
19:16:27 : Side: GBK: jesse
19:16:31 : Side: [NG2] Jesse: yeah?
19:17:04 : Side: GBK: im in the mission
19:18:02 : Side: GBK: bandit base?
19:18:27 : Side: GBK: a
19:20:13 : Side: 2DIE4: who got M110?
19:20:20 : Side: [NG2] Jesse: me
19:29:27 : Side: 2DIE4: jesse u back?
19:29:35 : Side: [NG2] Jesse: yes
19:29:46 : Side: 2DIE4:  i figure all these Zds spawning  Xd
19:30:16 : Side: 2DIE4:  who tried to camp me up here earlier?
19:30:45 : Side: [NG2] Jesse: hoe do you mean? 
19:31:02 : Side: 2DIE4:  i dont know   thats y i ask  =) 
19:31:22 : Side: 2DIE4:  jesse my scan sais GO#
19:31:25 : Side: [NG2] Jesse: to camp you up?
19:33:05 : Side: 2DIE4:  cow?!  =)
19:33:15 : Side: [NG2] Jesse: haha 30g
19:33:42 : Side: 2DIE4:  3 briefs?
19:34:22 : Side: 2DIE4:  i shot   acow so u can gut it  XD
19:35:01 : Side: [NG2] Jesse: i know but i am not that poor anymore maybe a couple months ago i will did it ^^
19:35:22 : Side: 2DIE4:  well we had some nice looting today XD
19:35:36 : Side: [NG2] Jesse: its only a alot of junk guns
19:36:22 : Side: [NG2] Jesse: i want to know whats the junk missions giffs.
19:57:05 : Side: [NG2] Jesse: who killed me?!
19:58:15 : Side: [NG2] Jesse: someone?who killed me?
19:58:30 : Side: wft: sorry
19:58:37 : Side: [NG2] Jesse: you?A
19:58:39 : Side: GBK: im in my base jesse
19:59:10 : Side: [NG2] Jesse: ofc is it you and pedro
19:59:26 : Side: PedroKS-BR: sorry men!
20:00:04 : Side: [NG2] Jesse: i was no danger.. 
20:04:04 : Side: GBK: who shoot me
20:04:11 : Side: Alonso: hi
20:04:40 : Side: GBK: ustedes matarona jesse
20:05:06 : Side: [NG2] Jesse: ?
20:06:34 : Side: GBK:   I was shot by ls they killed you, jesse
20:06:52 : Side: GBK: They are with your vehicles
20:07:08 : Side: [NG2] Jesse: yea they stole every thing from me
20:07:53 : Side: GBK: what?
21:17:31 : Side: Turmoil: Alonso?
21:17:38 : Side: Alonso: iea
21:17:45 : Side: Turmoil: did you do a mission and died?
21:17:55 : Side: PedroKS-BR: no
21:17:58 : Side: Alonso: i try to do
21:17:59 : Side: PedroKS-BR: trade
21:18:06 : Side: Alonso: why?
21:18:29 : Side: Alonso: you are there?
21:18:55 : Side: Turmoil: found your car
21:19:36 : Side: Turmoil: want it back? 
21:19:55 : Side: Alonso: if you want to give me back
21:20:12 : Side: Turmoil: sure :) we are hero so 
21:20:44 : Side: Turmoil: we cant invite you to group tho, dont want anyone else to take it
21:20:57 : Side: Turmoil: maybe you leave group for a sec and we invite you so we can give it too you
21:21:08 : Side: Alonso: of course
21:45:31 : Side: Freedom: hello
21:52:29 : Side: Turmoil: no need to shoot us :) we are friendly :D
21:52:43 : Side: SoomqaBlyet: there was a bot
21:52:56 : Side: SoomqaBlyet: we are friendly too
22:12:28 : Side: Freedom: Any heros wanna team up after restart?
22:12:49 : Side: [NG2] Jesse: i am going for some base building maybe later
22:13:06 : Side: Freedom: ok bro sounds good
22:13:44 : Side: [NG2] Jesse: where you from?>?
22:14:03 : Side: Freedom: usa Illinois you?
22:14:12 : Side: [NG2] Jesse: the netherlands!
22:14:33 : Side: Freedom: thats awesome 
22:14:38 : Side: SoomqaBlyet: I am going to you Jesse
22:14:41 : Side: SoomqaBlyet: next week
22:14:50 : Side: SoomqaBlyet: Amster
22:14:54 : Side: Freedom: loooks like great place to live
22:14:55 : Side: SoomqaBlyet: ?
22:14:55 : Side: [NG2] Jesse: haha 
22:22:15 : Side: Freedom: Ng2 i have an extra fuel pump if you need one for your base
22:22:56 : Side: SoomqaBlyet: how is the weather in Illinois? :D
22:23:08 : Side: Freedom: bit chilly right now lol
22:24:16 : Side: SoomqaBlyet: we have snow right now 
22:24:25 : Side: Freedom: where you from?
22:24:31 : Side: SoomqaBlyet: Estonia
22:24:37 : Side: Freedom: right on
22:27:05 : Side: [NG2] Jesse: someone did army mission today? curriues what kind of laat we can find there 
22:27:24 : Side: [NG2] Jesse: loot*
22:27:50 : Side: Freedom: same i tried to do one last night but ran out of time and it restarted
22:28:03 : Side: [NG2] Jesse: ooh
22:28:52 : Side: Freedom: alot of ai on those 
22:34:03 : Side: Laurence Gommersil: YO JESSE
22:34:27 : Side: Laurence Gommersil: inv me
22:34:28 : Side: [NG2] Jesse: yo!@!!
22:39:06 : Side: Fedain: Hello!
23:09:01 : Side: [NG2] Jesse: freedom
23:28:38 : Side: Lzhecz: guys, why on 1.0.6 fps so low?
23:31:46 : Side: SoomqaBlyet: wtf
23:31:50 : Side: Turmoil: tought you were hero?
23:32:28 : Side: SoomqaBlyet: i tought it is a bot
23:32:33 : Side: SoomqaBlyet: lol
23:33:11 : Side: Turmoil: then that bot was far away from the mission xD
23:33:24 : Side: Freedom: kinda what i was thinking
23:33:40 : Side: SoomqaBlyet: i dont know what bots can do
23:33:50 : Side: SoomqaBlyet: they runs mindles
23:33:58 : Side: SoomqaBlyet: everywhere
23:34:04 : Side: Turmoil: where are you Soomqa, so i dont shoot you
23:34:35 : Side: SoomqaBlyet: near the tree
23:35:45 : Side: Turmoil: your friends or?
23:35:52 : Side: SoomqaBlyet: idk
23:36:09 : Side: SoomqaBlyet: i will logout mb
23:36:25 : Side: SoomqaBlyet: russian bastard looks like
23:44:41 : Side: SoomqaBlyet: I think I see him
