03:13:45 : Side: Wallace: u guys friendlies?
03:13:54 : Side: Awaken: +
03:15:18 : Side: Wallace: u guys grouped?
03:15:33 : Side: Wallace: oh i guess so
03:15:41 : Side: Wallace: i see you
03:16:01 : Side: Awaken: Ok
03:16:07 : Side: Wallace: can i loot some bodies?
03:16:33 : Side: Awaken: Ok.. We friendly
03:19:59 : Side: Wallace: wow another mv22 mission
03:20:17 : Side: Awaken: )
03:20:24 : Side: Awaken: Ez mission
08:18:29 : Direct: [OCB]Dodgy Embalmer: hi good morning
08:19:00 : Direct: Walasznikow: good:)
08:26:26 : Direct: Walasznikow: freindly
08:27:03 : Side: [OCB]Dodgy Embalmer: yes try to be
11:24:49 : Side: nabekren: hi
11:26:13 : Side: Pibe: hi
11:26:26 : Side: nabekren: are you admin?
11:26:38 : Side: Pibe: no
11:26:50 : Side: Pibe: i'm only player
11:27:16 : Side: Pibe: why?
11:27:38 : Side: Pibe: have you a problem with this server?
11:28:10 : Side: nabekren: no just want to ask some questions about server
11:29:06 : Side: Pibe: ah ok....you can write your question to the official forum
12:15:50 : Side: Turmoil: hey 2DIE4 ^^
12:15:56 : Side: 2DIE4:  hell ovictims  =) 
12:16:15 : Side: Turmoil: did you see my message on TS? ^^
12:16:29 : Side: 2DIE4:  wait
12:17:02 : Side: 2DIE4: no
12:17:17 : Side: Turmoil: the guy who kamikazied your base and blew up your heli? 
12:19:24 : Side: 2DIE4:  -oh   free send me a  pM  =)   i guess mix got  a bad conscience about it  XD
12:19:40 : Side: 2DIE4:  but  i respect that  ..  
12:19:44 : Side: Turmoil: lol
12:20:02 : Side: 2DIE4:  free can keep it if he want he got the key as far as i know
13:05:05 : Side: nabekren: is admin here?
13:05:12 : Side: 2DIE4:  no 
13:05:22 : Side: 2DIE4:  but i might be ablee to help
13:05:31 : Side: 2DIE4:  lol  LWB on console again   XD
13:05:46 : Side: nabekren: is any differs between hero and bandit traders?
13:05:57 : Side: 2DIE4:  the humanity ne
13:06:02 : Side: 2DIE4: needed
13:06:32 : Side: nabekren: but viechels and weapons are same?
13:08:10 : Direct: nabekren: so you solve problem that during pvp player become bandit?
13:08:49 : Side: nabekren: and what about problem that during pvp player become bandit?
13:09:39 : Side: nabekren: i know it
13:10:06 : Side: 2DIE4: we have super heros here so  itworks  its just hard
13:10:46 : Side: nabekren: but after some time of playing i always become bandit cause sometimes better rto shot first than :)
13:11:04 : Side: 2DIE4:  up to u
13:11:40 : Side: 2DIE4:  but u got that ONE 
13:11:43 : Side: 2DIE4:  bandit
13:11:47 : Side: 2DIE4:  XD
13:12:02 : Side: nabekren: will you make super bandit trader?
13:12:29 : Side: 2DIE4:  spawnlvl 4  would do
13:14:41 : Side: 2DIE4: or maybe im not bandit enough yet?   XD
13:15:20 : Side: 2DIE4: o onlöy got  335K  neg
13:15:43 : Side: 2DIE4: XD
13:20:43 : Side: Awaken: Hi guys
13:43:57 : Side: nabekren: why i can't take a wheel from car?
13:44:13 : Side: 2DIE4:  need crowbar and toolbox
14:05:23 : Group: Walasznikow: siemka ts?
14:05:36 : Group: VLADIMIR>***: oki:)
14:05:45 : Group: VLADIMIR>***: 5 min:)
14:06:06 : Group: Walasznikow: ok
14:32:36 : Side: WUKONS: ey guys
14:32:47 : Side: WUKONS: wtf going on in zeleno?
14:33:03 : Side: WUKONS: ded bodies all over the place
14:37:00 : Side: WUKONS: hey guys
14:37:17 : Side: WUKONS: from who i can get some metal floors?
14:37:37 : Side: WUKONS: and some buckets or mortar?
14:37:54 : Side: WUKONS: money's not an issue
14:47:56 : Side: WUKONS: LUL
15:22:54 : Group: Bacon: sec
15:23:02 : Group: Bacon: only have my hatchet
15:26:44 : Side: Bacon: does it help to kill AI's with a gun that has a silencer on it? lol
15:26:59 : Side: WUKONS: no
15:42:55 : Group: Bacon: where are you gonna put the base
17:10:02 : Group: Bacon: sec
17:10:03 : Group: Bacon: phone call
17:10:50 : Group: Bacon: yea sec/
17:10:53 : Group: Bacon: im on the phone
17:11:16 : Side: 2DIE4: no AI
17:57:47 : Side: WUKONS: THOSE TWO HELIS AROUND KAMENKA, WHAT ITS ALL ABOUT?
17:58:02 : Side: 2DIE4:  ai
17:58:09 : Side: WUKONS: ohh
17:58:11 : Side: 2DIE4: COMIN OR GOIN TO  A MISSION
17:58:26 : Side: WUKONS: weird because they r going like everywhere
17:59:04 : Side: 2DIE4:  what kinda choppers is it?
17:59:19 : Side: 2DIE4:  huyey or merlin?
17:59:34 : Side: WUKONS: i think merlins
17:59:47 : Side: WUKONS: not sure, just saw them in distance
18:00:14 : Side: 2DIE4:  its AI
18:15:35 : Side: WUKONS: does someone got any metal floors for sale?
18:16:38 : Side: 2DIE4:  u need to craft them or buy  at the dealer 
18:17:11 : Side: WUKONS: how much are they?
18:17:18 : Side: 2DIE4: 1 bc
18:17:23 : Side: WUKONS: omg
18:17:55 : Side: 2DIE4:  u need to work 4  ya base 
18:18:33 : Side: WUKONS: i know, did a few missions, got tha money, now at my location, have down my plot pole
18:18:43 : Side: WUKONS: starting to build
18:27:29 : Side: WUKONS: ok
18:27:35 : Side: WUKONS: i need some cinder
18:27:44 : Side: WUKONS: any for friendly price?
18:37:42 : Side: 2DIE4:  hey jessse   =)
18:37:48 : Side: [NG2] Jesse: hey!
19:33:04 : Side: 2DIE4: attilus
19:33:12 : Side: 2DIE4:  your mate got good aim  
19:33:46 : Side: Kekus Attilus: )
19:34:10 : Side: 2DIE4:  i guess its awaken
19:34:27 : Side: 2DIE4:  it is  =)
20:49:45 : Side: Freedom: who is in camo suv?
22:39:49 : Side: Tamago: helo
22:40:07 : Side: Turmoil: hey
22:40:20 : Side: Tamago: whats the max peak for this server?w
22:40:44 : Side: Turmoil: its been a bit on the low side now, it maxed out a few months ago
22:40:53 : Side: Tamago: cool for me
22:41:01 : Side: Tamago: you are admin here or just a player? "D
22:41:04 : Side: Tamago: :D
22:41:12 : Side: Turmoil: just player, admins on server are Sierra and LWB 
22:41:24 : Side: Turmoil: you new on here? 
22:41:27 : Side: Tamago: okies okies thanks ^^
22:41:42 : Side: Tamago: here? yesw
22:42:02 : Side: Turmoil: Ikea convoy mission at NWAF if you want some base building stuff :)
22:42:26 : Side: Tamago: cant do much with makarow but im at grishno
22:42:55 : Side: Turmoil: gimme a sec ill fly you too a place where you can get some good stuff :)
22:43:17 : Side: Tamago: thanks :D
22:45:04 : Group: Tamago: I cant talk cayse my gf is trying to sleep but i canm type
22:45:14 : Group: Turmoil: alrighty ^^
22:46:11 : Group: Turmoil: what weapons do you prefere?
22:46:29 : Group: Tamago: well for misions a sniper would be ncie cz550 is enoughw
22:50:13 : Group: Turmoil: im almost done 
22:50:22 : Group: Tamago: NO PROBS
22:50:27 : Group: Tamago: scry caps
22:53:20 : Group: Tamago: chanign clothes kicks you off =o
22:53:36 : Group: Turmoil: its arma, lol... it happend to me a few times as well
22:53:47 : Group: Turmoil: got you a little something as a welcome to the server :)
22:53:55 : Group: Turmoil: not much but it will get you started
22:54:06 : Group: Tamago: sounds nice :D
22:55:52 : Group: Turmoil: be carefull whit the ai at the airfield xD sneaky guys
22:55:59 : Group: Tamago: ok =o
22:56:27 : Group: Tamago: damn
22:56:57 : Group: Turmoil: key is in car :)
22:56:57 : Group: Tamago: a bit xD
22:57:20 : Group: Tamago: thansk man ^^
22:57:28 : Group: Tamago: now i need a spot for a base xD
22:57:39 : Group: Turmoil: thats a welcome package from Hero Town ^^ lol
22:57:46 : Group: Tamago: haha ty :D
22:57:56 : Group: Turmoil: we are a group consisting of heroes and superheroes up at the dam in the north
22:58:07 : Group: Tamago: sounds neat =o
22:58:22 : Group: Tamago: i never really kos ;/ thats how i die often
22:58:24 : Group: Tamago: xD
22:58:30 : Group: Turmoil: so NG2 Jesse, Freedom and me are all superheroes 
22:58:40 : Group: Turmoil: 35 000 + humanity
22:58:43 : Group: Tamago: got it
22:58:57 : Group: Turmoil: 2DIE4 is the servers biggest bandit and he is a very good shot, lol
22:59:09 : Group: Tamago: ok xD
22:59:13 : Group: Tamago: got to remeber that
22:59:26 : Group: Turmoil: for some reason im getting 3 ai players so there might be another player around here
22:59:32 : Group: Tamago: is that armored suv?
23:00:01 : Group: Turmoil: its the most expensive one except for the one whit the M134 on it
23:00:03 : Group: Tamago: what do you mean you are getting 3 ai?
23:00:10 : Group: Tamago: wow thanks
23:00:15 : Group: Turmoil: if you find a GPS you can scan if you right click it 
23:00:21 : Group: Turmoil: it shows you the amount of AI players 
23:00:22 : Group: Tamago: whaat
23:00:29 : Group: Tamago: thats handy
23:00:44 : Group: Turmoil: doesnt show where they are tho... it counts all ai as well as players as well so
23:00:51 : Group: Tamago: huh
23:00:56 : Group: Tamago: sp 1 person more
23:01:13 : Group: Turmoil: mine is set to 1500m so i might be getting one of the ai in the trader north of here
23:01:48 : Group: Tamago: thats kinda bit over 1.5k
23:02:06 : Group: Turmoil: do you see that guy?
23:02:09 : Group: Tamago: yes
23:02:11 : Side: Turmoil: hello
23:02:23 : Side: [OCB]Dodgy Embalmer: hi
23:02:30 : Side: Turmoil: whats up? ^^
23:02:34 : Group: Tamago: he logged in i guess
23:03:04 : Side: [OCB]Dodgy Embalmer: nothing just trying to start a base
23:03:09 : Group: Turmoil: do you see the guy infront of me? o.O or is my game bugged?
23:03:17 : Group: Tamago: yes i do see him
23:03:48 : Side: Turmoil: is that you infront of me embalmer?
23:04:24 : Side: Tamago: or is it legolas
23:05:06 : Group: Turmoil: umm this is weird, lol
23:05:12 : Direct: Tamago: u there buddy?
23:05:37 : Direct: Turmoil: hello??
23:05:42 : Group: Tamago: thats so odd
23:05:54 : Group: Turmoil: not really acting like a player..
23:06:04 : Group: Tamago: i shoot
23:06:09 : Group: Tamago: 3
23:06:09 : Group: Tamago: 2
23:06:10 : Group: Tamago: 1
23:06:27 : Group: Turmoil: no kill message either, weird
23:06:43 : Group: Tamago: ummm
23:06:44 : Group: Turmoil: says it was you o.O
23:06:46 : Group: Tamago: that was me?
23:06:48 : Group: Tamago: O_O
23:06:53 : Group: Tamago: what
23:07:20 : Group: Tamago: i got kicked
23:07:24 : Group: Turmoil: did you play on a overpoch server before you came here? seems like you have a classical overpoch bambi gear xD
23:07:26 : Group: Tamago: when i was chaoing clothes
23:07:32 : Group: Tamago: /
23:07:35 : Group: Tamago: nope
23:07:38 : Group: Tamago: only epoh
23:07:38 : Group: Turmoil: weird
23:07:47 : Group: Tamago: and i found crossbow in grishna
23:07:53 : Group: Tamago: its even in a car
23:08:06 : Group: Turmoil: just a weird arma glitch then i suppose
23:08:07 : Side: [OCB]Dodgy Embalmer: where
23:08:17 : Group: Tamago: but srsly'
23:08:37 : Side: Turmoil: nvm, it was a weird as arma glitch, was a player infront of us xD it was a duplicate of Tamago
23:08:40 : Side: Turmoil: that was weird as hell
23:08:48 : Side: Tamago: yup
23:09:01 : Side: Tamago: i shot it so you could say i comited suicide?
23:09:24 : Group: Tamago: but why it was moving
23:09:32 : Group: Turmoil: no clue, lol
23:09:51 : Group: Turmoil: at least you got a safe now so you can store stuff until you get a base going ^^
23:10:00 : Group: Tamago: yup thanks :D
23:10:10 : Group: Turmoil: you are very welcome :)
23:10:41 : Group: Turmoil: the AI at the airfield is usually up at the north end 
23:10:52 : Group: Turmoil: they are here now as well so 
23:11:35 : Group: Tamago: so nwaf is with ai spawned naturally?
23:12:23 : Group: Turmoil: nwaf, Dichina camp and Novy lug has ai :) rest is ai free
23:12:33 : Group: Tamago: wow
23:12:49 : Group: Turmoil: the barracks north on nwaf has ai, rest is free of ai
23:19:30 : Group: Turmoil: so where you from
23:19:32 : Group: Turmoil: ?
23:19:42 : Group: Tamago: Poland
23:19:44 : Group: Tamago: you?
23:19:49 : Group: Turmoil: Norway ^^
23:19:53 : Group: Tamago: nice: D
23:20:12 : Group: Turmoil: i work whit a couple of polish guys ^^ 
23:20:24 : Group: Turmoil: but there are alot of polish guys in Norway, lol
23:20:33 : Group: Tamago: hehe yeah your country pays like ten times more than ours
23:20:49 : Group: Turmoil: lol yeah, but the cost if living is also 10 times as high xD lol
23:20:53 : Group: Tamago: true
23:21:02 : Group: Tamago: my friend has a bf from Norway
23:21:03 : Group: Turmoil: most polish people rent places in groups to make it cheaper i noticed
23:21:20 : Group: Tamago: yeah i would do same at start =pw
23:21:39 : Group: Turmoil: alot of cute polish girls as well so im not surpirsed about that
23:21:42 : Group: Turmoil: surprised
23:21:59 : Group: Tamago: xD
23:25:14 : Group: Turmoil: bah im tired *yawn*
23:25:45 : Group: Tamago: go to sleep than ^^
23:25:57 : Group: Turmoil: soon, lol
23:26:58 : Group: Turmoil: dang it, ai shooting at me xD
23:27:13 : Group: Tamago: lel
