03:13:45 : Side: Wallace: u guys friendlies?
03:13:54 : Side: Awaken: +
03:15:18 : Side: Wallace: u guys grouped?
03:15:33 : Side: Wallace: oh i guess so
03:15:41 : Side: Wallace: i see you
03:16:01 : Side: Awaken: Ok
03:16:07 : Side: Wallace: can i loot some bodies?
03:16:33 : Side: Awaken: Ok.. We friendly
03:19:59 : Side: Wallace: wow another mv22 mission
03:20:17 : Side: Awaken: )
03:20:24 : Side: Awaken: Ez mission
08:27:03 : Side: [OCB]Dodgy Embalmer: yes try to be
11:24:49 : Side: nabekren: hi
11:26:13 : Side: Pibe: hi
11:26:26 : Side: nabekren: are you admin?
11:26:38 : Side: Pibe: no
11:26:50 : Side: Pibe: i'm only player
11:27:16 : Side: Pibe: why?
11:27:38 : Side: Pibe: have you a problem with this server?
11:28:10 : Side: nabekren: no just want to ask some questions about server
11:29:06 : Side: Pibe: ah ok....you can write your question to the official forum
12:15:50 : Side: Turmoil: hey 2DIE4 ^^
12:15:56 : Side: 2DIE4:  hell ovictims  =) 
12:16:15 : Side: Turmoil: did you see my message on TS? ^^
12:16:29 : Side: 2DIE4:  wait
12:17:02 : Side: 2DIE4: no
12:17:17 : Side: Turmoil: the guy who kamikazied your base and blew up your heli? 
12:19:24 : Side: 2DIE4:  -oh   free send me a  pM  =)   i guess mix got  a bad conscience about it  XD
12:19:40 : Side: 2DIE4:  but  i respect that  ..  
12:19:44 : Side: Turmoil: lol
12:20:02 : Side: 2DIE4:  free can keep it if he want he got the key as far as i know
13:05:05 : Side: nabekren: is admin here?
13:05:12 : Side: 2DIE4:  no 
13:05:22 : Side: 2DIE4:  but i might be ablee to help
13:05:31 : Side: 2DIE4:  lol  LWB on console again   XD
13:05:46 : Side: nabekren: is any differs between hero and bandit traders?
13:05:57 : Side: 2DIE4:  the humanity ne
13:06:02 : Side: 2DIE4: needed
13:06:32 : Side: nabekren: but viechels and weapons are same?
13:08:49 : Side: nabekren: and what about problem that during pvp player become bandit?
13:09:39 : Side: nabekren: i know it
13:10:06 : Side: 2DIE4: we have super heros here so  itworks  its just hard
13:10:46 : Side: nabekren: but after some time of playing i always become bandit cause sometimes better rto shot first than :)
13:11:04 : Side: 2DIE4:  up to u
13:11:40 : Side: 2DIE4:  but u got that ONE 
13:11:43 : Side: 2DIE4:  bandit
13:11:47 : Side: 2DIE4:  XD
13:12:02 : Side: nabekren: will you make super bandit trader?
13:12:29 : Side: 2DIE4:  spawnlvl 4  would do
13:14:41 : Side: 2DIE4: or maybe im not bandit enough yet?   XD
13:15:20 : Side: 2DIE4: o onlöy got  335K  neg
13:15:43 : Side: 2DIE4: XD
13:20:43 : Side: Awaken: Hi guys
13:43:57 : Side: nabekren: why i can't take a wheel from car?
13:44:13 : Side: 2DIE4:  need crowbar and toolbox
14:32:36 : Side: WUKONS: ey guys
14:32:47 : Side: WUKONS: wtf going on in zeleno?
14:33:03 : Side: WUKONS: ded bodies all over the place
14:37:00 : Side: WUKONS: hey guys
14:37:17 : Side: WUKONS: from who i can get some metal floors?
14:37:37 : Side: WUKONS: and some buckets or mortar?
14:37:54 : Side: WUKONS: money's not an issue
14:47:56 : Side: WUKONS: LUL
15:26:44 : Side: Bacon: does it help to kill AI's with a gun that has a silencer on it? lol
15:26:59 : Side: WUKONS: no
17:11:16 : Side: 2DIE4: no AI
17:57:47 : Side: WUKONS: THOSE TWO HELIS AROUND KAMENKA, WHAT ITS ALL ABOUT?
17:58:02 : Side: 2DIE4:  ai
17:58:09 : Side: WUKONS: ohh
17:58:11 : Side: 2DIE4: COMIN OR GOIN TO  A MISSION
17:58:26 : Side: WUKONS: weird because they r going like everywhere
17:59:04 : Side: 2DIE4:  what kinda choppers is it?
17:59:19 : Side: 2DIE4:  huyey or merlin?
17:59:34 : Side: WUKONS: i think merlins
17:59:47 : Side: WUKONS: not sure, just saw them in distance
18:00:14 : Side: 2DIE4:  its AI
18:15:35 : Side: WUKONS: does someone got any metal floors for sale?
18:16:38 : Side: 2DIE4:  u need to craft them or buy  at the dealer 
18:17:11 : Side: WUKONS: how much are they?
18:17:18 : Side: 2DIE4: 1 bc
18:17:23 : Side: WUKONS: omg
18:17:55 : Side: 2DIE4:  u need to work 4  ya base 
18:18:33 : Side: WUKONS: i know, did a few missions, got tha money, now at my location, have down my plot pole
18:18:43 : Side: WUKONS: starting to build
18:27:29 : Side: WUKONS: ok
18:27:35 : Side: WUKONS: i need some cinder
18:27:44 : Side: WUKONS: any for friendly price?
18:37:42 : Side: 2DIE4:  hey jessse   =)
18:37:48 : Side: [NG2] Jesse: hey!
19:33:04 : Side: 2DIE4: attilus
19:33:12 : Side: 2DIE4:  your mate got good aim  
19:33:46 : Side: Kekus Attilus: )
19:34:10 : Side: 2DIE4:  i guess its awaken
19:34:27 : Side: 2DIE4:  it is  =)
20:49:45 : Side: Freedom: who is in camo suv?
22:39:49 : Side: Tamago: helo
22:40:07 : Side: Turmoil: hey
22:40:20 : Side: Tamago: whats the max peak for this server?w
22:40:44 : Side: Turmoil: its been a bit on the low side now, it maxed out a few months ago
22:40:53 : Side: Tamago: cool for me
22:41:01 : Side: Tamago: you are admin here or just a player? "D
22:41:04 : Side: Tamago: :D
22:41:12 : Side: Turmoil: just player, admins on server are Sierra and LWB 
22:41:24 : Side: Turmoil: you new on here? 
22:41:27 : Side: Tamago: okies okies thanks ^^
22:41:42 : Side: Tamago: here? yesw
22:42:02 : Side: Turmoil: Ikea convoy mission at NWAF if you want some base building stuff :)
22:42:26 : Side: Tamago: cant do much with makarow but im at grishno
22:42:55 : Side: Turmoil: gimme a sec ill fly you too a place where you can get some good stuff :)
22:43:17 : Side: Tamago: thanks :D
23:02:11 : Side: Turmoil: hello
23:02:23 : Side: [OCB]Dodgy Embalmer: hi
23:02:30 : Side: Turmoil: whats up? ^^
23:03:04 : Side: [OCB]Dodgy Embalmer: nothing just trying to start a base
23:03:48 : Side: Turmoil: is that you infront of me embalmer?
23:04:24 : Side: Tamago: or is it legolas
23:08:07 : Side: [OCB]Dodgy Embalmer: where
23:08:37 : Side: Turmoil: nvm, it was a weird as arma glitch, was a player infront of us xD it was a duplicate of Tamago
23:08:40 : Side: Turmoil: that was weird as hell
23:08:48 : Side: Tamago: yup
23:09:01 : Side: Tamago: i shot it so you could say i comited suicide?
