12:32:40 : Side: Greg: siema 
12:32:58 : Group: Acer: SIEMKA 
12:33:13 : Side: Walasznikow: siema
12:33:52 : Side: Greg: co porabiacie łobuzy? ;p
12:34:06 : Side: Walasznikow: a przebudowe robie
12:34:17 : Group: Acer: zbieractwo :P 
12:34:26 : Side: Greg: heheh
12:34:38 : Side: Acer: ogolnie zbieractwo :P 
12:34:48 : Side: Greg: ja chyba też zrobię, mam 65 waliek to wydam na coś ;p
12:35:13 : Side: Greg: i co nazbierałeś fajnego :D
12:36:01 : Side: Acer: troche broni pare tych bebenkow czerwonych i niebieskich takie tam...
12:36:22 : Side: Greg: życie stalkera ;p
13:02:01 : Side: Acer: waldek bedziesz jechal sprzedac cos w stylu tych magazynkow bębenkowych czerwonych????
13:02:14 : Side: Greg: a po ile one są?
13:02:17 : Side: Walasznikow: pozniej bo zaraz uciekam
13:02:31 : Side: Acer: podobno drogie 
13:02:35 : Side: Walasznikow: po 10 golda
13:02:41 : Side: Greg: uuu
20:15:51 : Side: Qwarl: cool
20:29:04 : Side: 2DIE4:  io see ui
20:29:41 : Side: Qwarl: here are you?
20:42:41 : Side: 2DIE4: wanna dance? 
20:42:47 : Side: 2DIE4:  come to stary   =)
22:49:26 : Side: 2DIE4:  just go desert ... get it  --
22:49:37 : Side: 2DIE4:  i wont hunt yall down 
22:50:10 : Side: Desert Panther: You expect me to trust you?
22:50:26 : Side: 2DIE4: well everybody on this server know i stand 4 my word
22:50:37 : Side: Cpt.FeatherSword: not me
22:50:45 : Side: Desert Panther: Except me
22:50:46 : Side: 2DIE4: the MV and the loot is yours i dont need nuttin
22:51:02 : Side: 2DIE4:  well u guys r newbies 
22:51:08 : Side: 2DIE4:  havent seen u b4 
22:51:21 : Side: Desert Panther: Been here a while
22:51:28 : Side: 2DIE4:  panther ya friend is close
22:51:40 : Side: 2DIE4:  lol 
22:51:41 : Side: Desert Panther: Yes i noticed
22:51:53 : Side: 2DIE4:  omg he blind?
22:52:00 : Side: 2DIE4:  he knows there is mines right?
22:52:14 : Side: Desert Panther: yes he is a bit crazy
22:52:27 : Side: 2DIE4:  like i said .. its yours .
22:56:40 : Side: 2DIE4:  get it im far away 
