11:51:35 : Direct: SoomqaBlyet: hello :D
11:51:50 : Direct: Sierra [SD]: hi :)
11:52:47 : Direct: SoomqaBlyet: do you need help?
11:53:02 : Direct: SoomqaBlyet: with something)
11:53:20 : Direct: Sierra [SD]: No thanks, just selling some stuff :).
11:53:30 : Direct: SoomqaBlyet: okay ^-^
11:53:34 : Direct: SoomqaBlyet: see you soon
11:53:40 : Direct: Sierra [SD]: have fun
16:07:06 : Direct: Freedom: hello
16:48:54 : Direct: VPr3stigious: hey
16:49:50 : Direct: VPr3stigious: got your pole equipped?
17:12:56 : Direct: VPr3stigious: does that boat work?
17:14:01 : Direct: VPr3stigious: alright
20:41:35 : Direct: Luca: hi!
20:42:17 : Direct: Luca: found something good?
21:35:15 : Direct: Sebastian: hello
21:35:26 : Direct: Freedom: hey man
21:35:36 : Direct: nutzer: a hero :O
21:35:36 : Direct: Sebastian: how are you?
21:35:59 : Direct: Freedom: good just got shot by black suv stole brief case
21:36:11 : Direct: Sebastian: fells bad man
21:38:23 : Direct: Freedom: later guys
21:38:27 : Direct: Sebastian: bye
21:38:40 : Direct: nutzer: bye
22:07:15 : Direct: Freedom: get out 
22:09:14 : Direct: Freedom: i will find you and kill you fyi
22:13:31 : Direct: Freedom: hello
22:13:48 : Direct: Chytry_Dimitri: YO
22:13:50 : Direct: Chytry_Dimitri: Xd
22:13:55 : Direct: Freedom: haha
22:14:39 : Direct: Chytry_Dimitri: i going make mozzle now
