10:34:23 : Group: Greg: ts?
19:01:52 : Group: Tamago: trak
19:02:01 : Group: Tamago: dic mi sie zwisil juz go reloaduje
22:49:28 : Group: Tamago: hello
22:51:30 : Group: Tamago: yup
22:54:12 : Group: Tamago: kk
22:54:20 : Group: Tamago: i will try to do a mission with this lil bird :D
22:54:45 : Group: Tamago: dont walk on the roof that has no metal walkway
22:55:08 : Group: Tamago: wait a sec i will gow tih you
22:55:30 : Group: Tamago: we will quicly do the mission. convy.
22:55:37 : Group: Tamago: its near and i will load 1 mingun clip
22:56:20 : Group: Tamago: oh
22:56:24 : Group: Tamago: yup
22:56:45 : Group: Tamago: i tried to do this convoy but there are 20 ai in a shit position
22:57:20 : Group: Tamago: and all we need now is metal floors and cinder blocks
22:57:25 : Group: Tamago: idk never saw them before
22:59:12 : Group: Tamago: heli? nah as log as any thing dosnt goes yellow is good
22:59:18 : Group: Tamago: after that run like hell
23:01:12 : Group: Tamago: sure auto hover to land
23:01:16 : Group: Tamago: use*
23:01:38 : Group: Tamago: its easier when you are remebering stuff
23:01:59 : Group: Tamago: x and c rotate heli on its axis
23:02:22 : Group: Tamago: yup
23:02:52 : Group: Tamago: yup it was fine :D
23:04:11 : Group: Tamago: nice
23:04:29 : Group: Tamago:  i will load left gunner position so be sure to keep mission on the left
23:04:42 : Group: Tamago: unless the miniguns will nto work again
23:05:00 : Group: Tamago: nah
23:05:15 : Group: Tamago: flares are a-a rockets. and yup you fly
23:05:21 : Group: Tamago: and use mingun
23:05:34 : Group: Tamago: and its stuck
23:05:36 : Group: Tamago: look
23:05:49 : Group: Tamago: i cant see where i am pointing
23:06:03 : Group: Tamago: see what
23:06:08 : Group: Tamago: no
23:06:11 : Group: Tamago: ;/
23:06:19 : Group: Tamago: ok i can
23:06:34 : Group: Tamago: yeah its working left gun
23:06:44 : Group: Tamago: mark that convoy mission
23:06:50 : Group: Tamago: i need building supplies
23:06:54 : Group: Tamago: LOTS of them
23:07:28 : Group: Tamago: i will try
23:07:34 : Group: Tamago: not sure if i will see ai
23:07:43 : Group: Tamago: if you will see we taking dmg just run
23:08:07 : Group: Tamago: its ok
23:08:19 : Group: Tamago: if it start going down try to land it
23:08:27 : Group: Tamago: unless it will be out of control than eject
23:08:39 : Group: Tamago: yup
23:08:48 : Group: Tamago: unless we land inside mission xD
23:09:06 : Group: Tamago: i mean when we eject
23:09:24 : Group: Tamago: almost 600 meters xD
23:09:32 : Group: Tamago: no
23:09:42 : Group: Tamago: yeah go 400
23:09:53 : Group: Tamago: 19
23:10:00 : Group: Tamago: 17*
23:10:08 : Group: Tamago: we can do it
23:11:33 : Group: Tamago: cant hit too far
23:11:45 : Group: Tamago: 1
23:12:19 : Group: Tamago: ig you stop moving than yes
23:12:21 : Group: Tamago: xD
23:12:51 : Group: Tamago: go
23:13:21 : Group: Tamago: 1 xD
23:13:25 : Group: Tamago: srsly im laughing
23:13:41 : Group: Tamago: is it engine or rotor
23:14:06 : Group: Tamago: i have a spare
23:14:17 : Group: Tamago: took it form russian lada. it shoudl work
23:14:22 : Group: Tamago: yeah hgero mission
23:14:35 : Group: Tamago: try to land
23:14:45 : Group: Tamago: snose up
23:15:01 : Group: Tamago: gj
23:15:04 : Group: Tamago: really gj
23:15:13 : Group: Tamago: lel
23:15:28 : Group: Tamago: in base
23:15:35 : Group: Tamago: lock it
23:15:50 : Group: Tamago: yup
23:16:33 : Group: Tamago: chinook?
23:16:46 : Group: Tamago: idk
23:16:59 : Group: Tamago: huh maybe
23:17:13 : Group: Tamago: my lb has 25 armnor
23:17:19 : Group: Tamago: xD
23:18:05 : Group: Tamago: yeah zombie hit
23:18:21 : Group: Tamago: sure
23:18:29 : Group: Tamago: i have no bandages
23:18:55 : Group: Tamago: ty
23:19:32 : Group: Tamago: well no use doing that convoy mission. 20 minutes left
23:19:40 : Group: Tamago: yup
23:19:48 : Group: Tamago: hopefully better spot
23:20:34 : Group: Tamago: i srsly runned out of bandawth
23:20:39 : Group: Tamago: bandages*
23:20:54 : Group: Tamago: btw that gree truck
23:21:00 : Group: Tamago: you drive this one in normally
23:21:02 : Group: Tamago: xD
23:21:26 : Group: Tamago: yup
23:21:33 : Group: Tamago: its low enough to get in without towing
23:21:50 : Group: Tamago: next to wooden
23:21:52 : Group: Tamago: yeah
23:22:05 : Group: Tamago: yup
23:22:25 : Group: Tamago: how do you like my bunker idea?
23:22:39 : Group: Tamago: double doors will go in every 2 concrete walls
23:22:48 : Group: Tamago: and it will go all around the base
23:23:00 : Group: Tamago: and above that will be one massive heli pad
23:23:03 : Group: Tamago: whole roof
23:23:10 : Group: Tamago: yup
23:23:24 : Group: Tamago: but we have to add mroe doorways inside of the tower in the middle
23:23:33 : Group: Tamago: you can take parts and fix it now
23:23:59 : Group: Tamago: we will fix it but i think fuel was fine
23:24:27 : Group: Tamago: mission
23:24:36 : Group: Tamago: paratroopers
23:24:55 : Group: Tamago: admin said that they all spawn 2 to 5 km behind our base xD
23:24:57 : Group: Tamago: nah
23:25:02 : Group: Tamago: thye went to a mission spot
23:25:15 : Group: Tamago: i think that someone is doing that convoy
23:25:36 : Group: Tamago: cause when you get into the mission circle and you will stay for too long paratroopers will get called in
23:25:40 : Group: Tamago: thats why they have it
23:25:54 : Group: Tamago: what missles?
23:26:16 : Group: Tamago: i think that all missiles are disabled on this server
23:26:23 : Group: Tamago: would make everything too easy
23:26:30 : Group: Tamago: like raiding a base would be a piece of cake
23:26:47 : Group: Tamago: oh and these helicopers can get shot down
23:26:55 : Group: Tamago: so we can pervent them reaching missions :D
23:27:11 : Group: Tamago: why not right?
23:27:13 : Group: Tamago: yup
23:27:15 : Group: Tamago: same here
23:49:20 : Group: Tamago: is taht you or me coughing
23:49:30 : Group: Tamago: me
23:50:27 : Group: Tamago: lol
23:51:34 : Group: Tamago: damn so far away
23:53:21 : Group: Tamago: sure
23:53:40 : Group: Tamago: do you have any spare bandages?
23:53:49 : Group: Tamago: can i get some? 
23:53:51 : Group: Tamago: xD
23:54:24 : Group: Tamago: ty
23:54:33 : Group: Tamago: same
23:54:37 : Group: Tamago: ural attack?
23:54:53 : Group: Tamago: get in. i will show you how this baby shoots :D
23:55:19 : Group: Tamago: boom
23:55:29 : Group: Tamago: xD
23:55:46 : Group: Tamago: so i leave you and attack from above?
23:56:19 : Group: Tamago: i got you a decent spot i hope
23:56:57 : Group: Tamago: 5
23:57:06 : Group: Tamago: good
23:58:07 : Group: Tamago: try to go to that weird empty spot
23:58:13 : Group: Tamago: o the other side of the forest
23:58:38 : Group: Tamago: yeah you nwws to tell me if you see them
23:58:42 : Group: Tamago: need*
23:59:21 : Group: Tamago: no
23:59:51 : Group: Tamago: same im going in
