05:16:51 : Direct: MeGa_Koffiepot: hey
17:07:34 : Direct: Kev: get off there
17:07:54 : Direct: Sergio: xD
17:25:48 : Direct: Sergio: ???
17:26:47 : Direct: Sergio: Xd
17:29:09 : Direct: Sergio: SREAM
17:29:18 : Direct: Sergio: scream
18:10:42 : Direct: 2DIE4:   u gay?
19:19:20 : Direct: Faldehals: homo
19:19:28 : Direct: M.K.: ss
19:19:32 : Direct: M.K.: reported
19:19:53 : Direct: Faldehals: you mother go play and dont sniff around here all time
19:21:52 : Direct: Faldehals: behindertes kind such dir arbeit
19:35:32 : Direct: Joshuaa: wtf
20:36:25 : Direct: M.K.: hey
20:36:27 : Direct: LWB [SD]: sup
20:36:38 : Direct: M.K.: if i place the lockbox here, is it ok, right?
20:36:44 : Direct: M.K.: under the logs
20:36:49 : Direct: LWB [SD]: should be
20:36:52 : Direct: M.K.: lets check
20:36:56 : Direct: LWB [SD]: but you might not get csess
20:36:59 : Direct: LWB [SD]: acsess
20:37:03 : Direct: LWB [SD]: like in trees
20:37:16 : Direct: M.K.: if i screw it up can you help me out?:P
20:37:31 : Direct: LWB [SD]: I dont usually, but maybe
20:37:35 : Direct: M.K.: :D
20:38:01 : Direct: M.K.: its fine
20:38:05 : Direct: LWB [SD]: cool
20:38:07 : Direct: M.K.: ty anyway :P
20:38:10 : Direct: LWB [SD]: np
20:52:12 : Direct: Laurence Gommersil: mega koffie ists prismic you there on mates account
21:24:10 : Direct: [RussianMafia]Godfather: Please read 
21:34:02 : Direct: LWB [SD]: oh hi
21:34:07 : Direct: LWB [SD]: I wasnt even in game lol
21:34:17 : Direct: LWB [SD]: I was alt tabbed out
21:34:27 : Direct: Lunatick : hi you were being attacked and i panicked came over and got stuck on you 
21:34:33 : Direct: LWB [SD]: :D
21:34:37 : Direct: Lunatick : haha
21:34:45 : Direct: LWB [SD]: I should find a better hidey place
21:34:51 : Direct: Lunatick : yes 
21:35:00 : Direct: LWB [SD]: I got caught typing a mesg and forgot I wa here
21:35:16 : Direct: Lunatick : haha 
21:35:23 : Direct: LWB [SD]: Ill go awa now :D
21:35:25 : Direct: LWB [SD]: y
21:35:26 : Direct: Lunatick : ok
21:41:16 : Direct: Cristi: sup
21:41:27 : Direct: Sergio: ???
21:41:36 : Direct: Cristi: Just hello.
21:42:14 : Direct: Sergio: you play alone? my inglish is bad, im speak spanish xD
21:42:25 : Direct: Cristi: Right now I do, but usually I have a team.
21:42:25 : Direct: Sergio: scream
21:42:38 : Direct: Sergio: ok
21:45:05 : Direct: Sergio: friendly?
21:45:12 : Direct: Cristi: Yee. I play hero.
21:45:21 : Direct: Cristi: you?
21:45:23 : Direct: Sergio: great :D
21:45:35 : Direct: Sergio: friendly
21:45:41 : Direct: Cristi: K
21:45:46 : Direct: Cristi: I'll be around here, where you ehaded to?
21:46:07 : Direct: Sergio: wait
21:46:20 : Direct: Sergio: im go to airport
21:46:38 : Direct: Cristi: Ok, I want to go there too. Don't shoot a ghillie :))
21:46:41 : Direct: Cristi: I won't shoot at you 
21:46:49 : Direct: Cristi: I'll go somewhere else.
21:46:59 : Direct: Cristi: I don't really want to team up right now, sorry :(.
21:47:10 : Direct: Sergio: :)
21:47:13 : Direct: Cristi: I'll just be carefull not to get you killed.
21:47:15 : Direct: Cristi: Bye 
22:02:15 : Direct: Sergio: no entiendo
22:02:34 : Direct: Cristi: hM?
22:22:47 : Direct: Cristi: sUNT OFFLINE majoritatea
22:22:49 : Direct: Cristi: mai joc cu 3
22:23:33 : Direct: Cristi: lepo13 sau Nobody
22:23:37 : Direct: Cristi: poza cu caine
23:08:44 : Direct: Sergio: ??
23:08:46 : Direct: alexxx: CAN U GIVE ME 1 GOLD IM SEEK
23:09:03 : Direct: alexxx: TY
23:09:17 : Direct: Sergio: i have a briecase
