00:00:06 : Group: Headshot: here is food en drinks
00:00:35 : Group: Headshot: still a lott of work ^^ 
00:00:48 : Group: Turmoil: tought you said you werent much of a base builder? xD this is awesome
00:00:57 : Group: Turmoil: must have cost a fortune
00:01:19 : Group: Headshot: yeah i that lets give it a try ^^
00:01:39 : Group: Headshot: you like it so fare :p w8 untill its finnist 
00:01:52 : Group: Turmoil: i bet its gonna be awesome ^^
00:01:57 : Group: Headshot: there is still work on thet ladder carfull going up 
00:02:44 : Group: Headshot: lol your back on the ground for me xP 
00:02:47 : Group: Turmoil: sweeeeet
00:02:50 : Group: Headshot: still up there ? 
00:02:56 : Group: Turmoil: fell down xD
00:03:51 : Group: Headshot: lol dis is trash 
00:04:05 : Group: Turmoil: transport crates?
00:04:19 : Group: Headshot: delete trash
00:04:24 : Group: Turmoil: got some fences here
00:04:37 : Group: Headshot: pff its not mots
00:05:01 : Group: Headshot: can you see dis
00:05:07 : Group: Turmoil: see what? 
00:05:14 : Group: Turmoil: yeah i see the wall
00:05:25 : Group: Turmoil: your not gonna use em?
00:05:29 : Group: Headshot: if you like them store get some
00:05:42 : Group: Turmoil: ill take em ^^ 
00:06:09 : Group: Turmoil: you dont need them? 
00:06:16 : Group: Headshot: if you need a bigger back pack i got one you free to use 
00:06:18 : Group: Headshot: nope
00:06:57 : Group: Turmoil: sweet ^^ thanks man, those might come in handy for shielding our base a bit
00:07:31 : Group: Headshot: np m8 if you guys need someting i will look for some lest overs your to use 
00:08:01 : Group: Turmoil: well, if you dont use crafting stuff let me know and if we need it i can give you some gold at least ^^
00:08:30 : Group: Headshot: nvm the gold those i diddent need 
00:11:59 : Group: Headshot: if you want to go i will open the door :p 
00:12:08 : Group: Turmoil: sure ill head back to base ^^ 
00:12:27 : Group: Headshot: somting els i cen help you whit ?
00:12:30 : Group: Turmoil: park the helicopter and stuff 
00:12:37 : Group: Turmoil: place some walls xD 
00:12:50 : Group: Headshot: rogger
00:13:12 : Group: Headshot: cya
00:13:13 : Group: Turmoil: cya ^^w
01:12:22 : Group: Headshot: dammit im stuck xP 
01:38:56 : Group: Marco: hey, als je wat loot wil, ik heb net de missie bij de dam geklaard. :)
01:39:23 : Group: Headshot: dank je ga dan zo afsluiten ^
14:35:24 : Group: BaffledBambi: yo
14:35:31 : Group: BaffledBambi: im in disc
14:35:35 : Group: Christmas: ok 
16:35:25 : Group: Odlkanack: shopper
17:05:46 : Group: Headshot: hey ppl :)
17:05:53 : Group: PRISMIC: headshot go on  team speak
17:06:04 : Group: Headshot: copy that in 5 sec
19:16:54 : Group: SNOPY: УУу залет
19:16:58 : Group: SNOPY: доди мэны
19:21:54 : Group: Turmoil: my teamspeak is currently not working... for some weird ass reason
19:22:00 : Group: Turmoil: not able to speak
19:22:13 : Group: Turmoil: ill check it when the server restarts
19:23:57 : Group: Turmoil: headshot? 
19:24:43 : Group: Headshot: yeah ? 
19:25:04 : Group: Turmoil: everything is done now, but i need to go fix a thing and i will be back in 10-15 mins okay? 
19:25:44 : Group: Headshot: np i w8 still bolding some tings
21:34:25 : Group: Turmoil: i heard a car around this area, was that you?
21:42:04 : Group: Jesse: no ts?
21:50:27 : Group: Turmoil: i crashed marco xD
21:50:39 : Group: Bitchslap: noooo
21:50:47 : Group: Bitchslap: you ded?
21:50:53 : Group: Turmoil: no im outside xD
21:50:57 : Group: Bitchslap: heli intact?
21:51:43 : Group: Turmoil: i got a safe xD 
21:51:53 : Group: Bitchslap: awesoooome
21:52:04 : Group: Turmoil: im chatting with sierra on TS xD 
21:52:10 : Group: Bitchslap: and?
21:52:14 : Group: Turmoil: shes cool :D
21:57:25 : Group: Turmoil: helicopter
21:57:31 : Group: Bitchslap: heard it
21:59:14 : Group: Turmoil: someone in base??
21:59:29 : Group: Bitchslap: heli landing here
21:59:45 : Group: Turmoil: what do you think? open? 
22:12:22 : Group: Turmoil: anything we need? got two suitcases
22:12:41 : Group: Jesse: not now... 
22:15:33 : Group: Turmoil: anyone flying? 
22:33:24 : Group: Ola: lost him whilst reloading
22:33:59 : Group: Ola: he is in trees on hill opposite me
22:34:12 : Group: Turmoil: close to me`?
22:34:44 : Group: Ola: /they were heading for the lane that goes to airfield
22:34:55 : Group: Ola: on north side of Ostry
22:35:21 : Group: Marco: I'll see if i can intercept
22:36:15 : Group: Jesse: ola you can and joinn my armd car
22:36:27 : Group: Ola: I was actually just logging off lol
22:36:44 : Group: Turmoil: thanks for the help <3
22:36:47 : Group: Ola: np
22:36:49 : Group: Jesse: oke, than just thanks for the help ^^ 
22:36:52 : Group: Ola: hope you get them
