13:26:37 : Direct: [HWB] Penetrator: ich kauf mir jetzt ne rosa chainsaw
13:26:50 : Direct: [HWB] Penetrator: oder ?
13:27:38 : Direct: [HWB] Penetrator: pink is nice :)
13:35:43 : Direct: [HWB] Penetrator: take it
13:35:46 : Direct: [HWB] Penetrator: a beer
13:35:50 : Direct: [HWB] Penetrator: :)
13:36:16 : Direct: [HWB] Penetrator: nezo here
13:37:36 : Direct: [HWB] Penetrator: cheers
15:23:28 : Direct: NezoX: Where you buy Uniform
15:23:39 : Direct: Jack_SNIPER: her
15:23:58 : Direct: Jack_SNIPER: herocamp
15:24:02 : Direct: NezoX: You are russian
15:24:46 : Direct: NezoX: what national
15:25:20 : Direct: NezoX: What?
15:25:41 : Direct: NezoX: Ты русский?
15:25:53 : Direct: NezoX: )))
15:26:08 : Direct: NezoX: Ну ты и угарашь!
15:26:17 : Direct: NezoX: Стой
15:26:26 : Direct: NezoX: Где нахлдится банк?
15:26:42 : Direct: NezoX: where the bank?
15:26:51 : Direct: NezoX: :fkm
15:26:55 : Direct: NezoX: жаль
15:27:14 : Direct: NezoX: Не не не )))
15:27:47 : Direct: NezoX: Мне?
15:27:55 : Direct: NezoX: 15
15:28:00 : Direct: NezoX: Стой ты болен
15:28:14 : Direct: NezoX: Чего нужно?
15:28:42 : Direct: NezoX: Ты Джек снайпер?
15:29:03 : Direct: NezoX: Какие потроны нужны?
15:29:04 : Direct: willi: hello m8
15:29:31 : Direct: NezoX: У меня дохрена потрон могу тебе продать дешего!
15:29:42 : Direct: NezoX: Даже пулеметные
16:01:53 : Direct: FedteG.: hey gusy
21:13:37 : Direct: willi: drop
21:13:53 : Direct: willi: drop
21:13:58 : Direct: willi: gun
