00:00:10 : Group: Tamago: why discord is making these random sounds
00:00:13 : Group: Tamago: so annoying
00:01:19 : Group: Tamago: i guess they know how to use their eyes
00:01:34 : Group: Tamago: LKOL
00:01:43 : Group: Tamago: kurwa umieram
00:02:58 : Group: Tamago: i will trey
00:03:28 : Group: Tamago: kk
00:03:37 : Group: Tamago: eee rusze ja dzis
00:04:45 : Group: Tamago: he didnt want to swallow
00:05:14 : Group: Tamago: they are imigrants training for isis proigram
00:05:20 : Group: Tamago: that was a suicide attemnt
00:05:22 : Group: Tamago: FAILED
00:07:42 : Group: Tamago: im here
00:08:49 : Group: Tamago: idk i shoot
00:13:46 : Group: Tamago: smoke?
00:14:03 : Group: Tamago: aim at the ground there
00:15:28 : Group: Tamago: 400m
00:15:44 : Group: Tamago: dmrw
00:16:14 : Group: Tamago: im here dude
00:30:28 : Side: ThirdEyeSphinx: WTF
00:30:38 : Side: ThirdEyeSphinx: Found c130 out in the middle of nowher
00:36:28 : Side: 2DIE4:  y cant i toggle my debugmonitor no more?
00:36:40 : Side: 2DIE4:  fucking annoying
03:29:38 : Side: ThirdEyeSphinx: Sup morriison
03:30:02 : Side: Morrison: hey whats up
03:30:28 : Side: ThirdEyeSphinx: Just bought an M107
03:30:42 : Side: ThirdEyeSphinx: Gun is expensive lol.
03:31:05 : Side: Morrison: nice
03:31:20 : Side: Morrison: ammo is too isnt it?
03:31:43 : Side: ThirdEyeSphinx: Yeah, 1 BC a clip
03:32:05 : Side: Morrison: so not zombie ammo lol
03:32:36 : Side: ThirdEyeSphinx: Yeah lol.
04:28:58 : Side: ThirdEyeSphinx: Doing pickup mission
04:29:33 : Side: Morrison: im near that lol
04:29:41 : Side: ThirdEyeSphinx: Almost done too lol.
04:30:13 : Side: Morrison: i seen only 2 left i think maybe 3
04:31:50 : Side: Morrison: how does the color coding for the mission work any way? i done one yellow had 6 ai, then i tried another yellow and it had 25
04:41:48 : Side: ThirdEyeSphinx: Still in the area?
04:42:04 : Side: Morrison: near
04:43:39 : Side: Morrison: need a hand or lift?
04:47:54 : Side: ThirdEyeSphinx: Guy on a turret if you want to take him out.
04:48:04 : Side: ThirdEyeSphinx: I'll give you two round if you can take him out.
04:48:29 : Side: Morrison: kk
04:52:50 : Side: Morrison: down
04:53:18 : Side: ThirdEyeSphinx: Omw over
04:53:57 : Side: Morrison: that was all of them right?
04:54:09 : Side: ThirdEyeSphinx: Yeah
04:54:27 : Side: Morrison: ok im heading out 
04:55:52 : Side: ThirdEyeSphinx: Mission was annoying
04:56:28 : Side: ThirdEyeSphinx: I'll give you 2 bcs soon if you'd like
04:56:44 : Side: Morrison: nah dont worry about it 
05:06:48 : Side: ThirdEyeSphinx: hey lol
05:07:02 : Side: Morrison: hey!
12:32:37 : Side: Juiles: рудз
12:35:05 : Direct: Juiles: thx
12:35:10 : Direct: tropa: ghbdtn 
12:35:13 : Direct: tropa: привет
12:35:18 : Direct: Juiles: j
12:35:25 : Direct: Juiles: о
12:35:28 : Direct: tropa: ахах
12:35:29 : Direct: Juiles: можно по русски)
12:35:34 : Direct: tropa: дада
12:35:44 : Direct: Juiles: это же пиндосерв?
12:35:48 : Direct: Juiles: или не?
12:36:00 : Direct: tropa: вроде как да
12:36:04 : Direct: tropa:  да и похуй
12:36:34 : Direct: Juiles: залутал уже?
12:36:38 : Direct: Juiles: давно тут?
12:36:39 : Direct: tropa: погнали на миссию 
12:36:41 : Direct: tropa: нее
12:36:42 : Direct: tropa: ток вот 
12:36:47 : Direct: tropa: в верте лут
12:36:49 : Direct: tropa: бери 
12:36:52 : Direct: Juiles: блин мне надо труп забрать
12:36:55 : Direct: Juiles: и уходить
12:36:58 : Direct: tropa: аа
12:37:04 : Direct: tropa: так это твой грузовик
12:37:04 : Direct: Juiles: по делам часто тут играешь?
12:37:06 : Direct: tropa: ?
12:37:08 : Direct: Juiles: да
12:37:14 : Direct: tropa: ну тк 
12:37:23 : Direct: tropa: недавно только сюуда зашел 
12:37:27 : Direct: tropa: два дня где то
12:37:27 : Direct: Juiles: я вчера
12:37:29 : Direct: tropa: мб 4
12:37:43 : Direct: Juiles: погнобить англичан
12:37:45 : Direct: Juiles: =)
12:37:46 : Direct: tropa: хаха
12:38:02 : Direct: Juiles: у тебя есть базм аза или нет еще?
12:38:15 : Direct: tropa: ток сейф
12:38:22 : Direct: tropa: пока не строил 
12:38:47 : Direct: Juiles: я может вечерком зайду после 12
12:38:53 : Direct: Juiles: у тебя московское?
12:38:57 : Direct: tropa: неее
12:39:03 : Direct: tropa: я вечерком ухожу 
12:39:08 : Direct: tropa: точнее после 12
12:39:13 : Direct: tropa: у меня уфимское 
12:39:14 : Direct: Juiles: ник знакомый у тебя
12:39:23 : Direct: tropa: если знаешь где уфа конечно 
12:39:27 : Direct: tropa: ))
12:39:36 : Direct: Juiles: походу где то пересекались
12:39:41 : Direct: Juiles: я почти год не играл прост
12:39:45 : Direct: tropa: я тоже 
12:39:53 : Direct: Juiles: я у блин как его
12:39:54 : Direct: tropa: даже юольше ге то 
12:39:56 : Direct: Juiles: каспер
12:40:03 : Direct: tropa: хмхм
12:40:08 : Direct: Juiles: у него раньше играл там серв без доната был
12:40:12 : Direct: tropa: аа
12:40:14 : Direct: tropa: вот хз
12:40:17 : Direct: tropa: не помн. 
12:40:30 : Direct: Juiles: я еще базу на острове огромную отсроил
12:40:45 : Direct: Juiles: на весь залив)
12:41:14 : Direct: tropa: вот хз 
12:41:15 : Direct: Juiles: ну лан не суть тогда)
12:41:17 : Direct: tropa: не моню 
12:41:22 : Direct: tropa: :)
12:41:26 : Direct: Juiles: я почапал
12:41:31 : Direct: tropa: давай 
12:41:32 : Direct: tropa: удачи 
12:41:35 : Direct: Juiles: если что кричи)
12:41:44 : Direct: tropa: :D
12:42:05 : Direct: Juiles: я тебя в стиме добавил
12:42:11 : Direct: Juiles: охуитель же
12:42:13 : Direct: tropa: о круть
12:42:14 : Direct: Juiles: ?
12:42:16 : Direct: tropa: хааха
12:42:17 : Direct: tropa: даа
13:10:56 : Side: agss: cze
13:14:58 : Side: agss: hello
13:15:17 : Side: tropa: Hia
13:15:29 : Side: agss: you friendly?
13:15:42 : Side: tropa: yes
13:15:43 : Side: agss: siema greg, jak tam walek?
13:15:48 : Side: tropa: and u?
13:15:59 : Side: agss: i am friendly tropa
13:16:05 : Side: tropa: good
13:16:09 : Side: Greg: hello
13:16:34 : Side: agss: greg ohara?
13:16:40 : Side: Greg: tak
13:16:54 : Side: agss: seba z tej strony, od waldka :)
13:17:05 : Side: Greg: tak myślałem że to ty ;p
13:17:34 : Group: Greg: widziałem jak się logowłeś
13:17:44 : Group: Greg: mam cię na steamie
13:17:57 : Group: agss: wpadne tam do Ciebie na jakas misje jak troche sie uzbroje
13:18:21 : Group: Greg: spoko, ja gram z tamago i sphinxem, bo nasi misje to tak słabo chętni sa robić ;p
13:19:13 : Group: Greg: teraz na chwilę jestem tylko bo niedługo idę z dzieciakami na spacer
13:19:44 : Group: agss: jaka jest najlepsza broń na misje wg Ciebie?
13:20:46 : Group: Greg: m110 nv i mk17 sd
13:20:59 : Group: Greg: tylko magazynki drogie ;p
13:21:23 : Group: Greg: m110 zerowanie do 800, a sd do 300
13:21:52 : Group: agss: a do jakiej odleglosci ai nie widza Cie?
13:22:25 : Group: Greg: zawsze cię namierzą z czasem, no może koło 1000 będzie trudniej
13:22:32 : Group: Greg: ale tak to zawsze flankują
13:23:42 : Group: Greg: mk17 sd na każdej misji praktycznie znajdziesz jak coś to niemusisz kupować na razie
13:25:03 : Group: Greg: na gps-ie masz skanowanie, pokazuje ile AI jest w okolicy 
13:25:23 : Group: agss: to dobre, nie wiedzialem, a z jakiej odleglosci Cie nie widza Ai?
13:25:35 : Group: Greg: tylko w tej liczbie jesteś też ty i inni gracze
13:25:55 : Group: Greg: w pojeździe jak jesteś to z kilometra cię zobaczą
13:26:10 : Group: Greg: a jak zaczniesz strzelać to zawsze cię znajdą z czasem
13:26:36 : Group: agss: czyli najlepiej pare zabic i zmienic pozycje...?
13:26:37 : Group: Greg: flankują z obu stron zwykle także musisz uważać
13:26:42 : Group: Greg: dokłądnie
13:27:12 : Group: Greg: jak nie możesz znaleźć ostatnich to przejedź koło misji albo na drugą stronę to wrócą za chwile na misję
13:27:30 : Group: Greg: spadam, do później ;)
13:27:39 : Group: agss: dzieki za info, nara
13:28:28 : Side: agss: tropa do you do mission?
13:28:34 : Side: tropa: yes
13:29:01 : Side: agss: what missin, i go do next
13:29:24 : Side: tropa: convoy
13:29:33 : Side: agss: ok :)
13:30:31 : Side: agss: where are you from? what country?
13:55:30 : Side: agss: what weapon is the best to do mission?
15:28:09 : Side: Lewis: is there more vehicles in this version or what?
15:28:18 : Side: Lewis: i found 4 cars in 5 minutes
15:46:46 : Side: Lewis: CHristopher
15:46:49 : Side: Lewis: just a hint
15:46:54 : Side: Lewis: dont leave your heli open
15:47:02 : Side: Lewis: a) i could have stole it
15:47:12 : Side: Lewis: b) i could have taken gear from it
15:47:44 : Side: cristoffer: if i am right it is agients the rules to steal from a safe zone!!!!
15:48:03 : Side: Lewis: i didnt steal anything
15:48:20 : Side: Lewis: but it does say, gear and vehicles can be stolen anywhere
15:48:22 : Side: cristoffer: no but if you did 
15:48:27 : Side: Lewis: i didnt
15:48:40 : Side: cristoffer: i know you didn't XD
15:49:50 : Side: cristoffer: ahhh shit
15:49:53 : Side: cristoffer: XD
15:49:56 : Side: Lewis: lmao
15:49:59 : Side: cristoffer: haha
15:50:04 : Side: cristoffer: ohh well 
15:50:14 : Side: cristoffer: ty for not stealing my chopper!
15:50:19 : Side: Lewis: np
15:50:42 : Side: Lewis: then the rules page pops up XDDDDD
15:52:24 : Side: Lewis: my mouse is messed up :(
15:52:33 : Side: Lewis: it double clicks for some reason :(
15:52:44 : Side: cristoffer: ahhh R.I.P
16:08:14 : Side: Lewis: what ranging is the DMR? 300?
16:12:16 : Side: Lewis: is there anyone at the abandoned trader mission?
16:12:21 : Side: Lewis: there is about 15 AI
16:12:32 : Side: austi: Need weapons so i=no
16:13:52 : Side: agss: YOU FRIENDLY?
16:13:58 : Side: Lewis: I am
16:14:17 : Side: Lewis: im at the mission tho lol
16:14:20 : Side: agss: I AM TOO
16:14:26 : Side: austi: e
16:14:29 : Side: Lewis: the trader one
16:14:34 : Side: austi: Super friendly
16:35:16 : Side: Lewis: Keep the Mozzie
16:35:28 : Side: agss: FUCK OFF
16:35:33 : Side: Lewis: Languager
16:35:36 : Side: Lewis: language
16:35:52 : Side: Lewis: since you told me to fuck off
16:36:00 : Side: Lewis: ill say ive hid your gear in a busdh
16:36:01 : Side: Lewis: bush
16:36:07 : Side: Lewis: so check around the castle
16:36:22 : Side: agss: I HAVE MUCH GEAR
16:36:28 : Side: Lewis: oke
16:36:40 : Side: Lewis: then i guess you wont mind that your gear is gone
16:38:07 : Side: Lewis: tbh i dont know how you didnt hear me
16:38:29 : Side: Lewis: sneeky beeky like
16:38:35 : Side: Lewis: sneaky beaky like*
16:38:42 : Side: austi: kkkkw
17:14:08 : Side: agss: HELLO
19:24:45 : Side: Hippotamus: someone want wood???
19:39:43 : Side: Ankanariym: всем дарова мужики
20:00:49 : Group: Greg: jak budowlanka idzie? ;p
20:01:20 : Group: Walasznikow: nie bylem w w bazie ze 3 dni
20:01:30 : Group: Walasznikow: jeszcze nie skonczona
20:01:34 : Group: Greg: Seba gra widziałem
20:01:40 : Group: Greg: ale ładnie wygląda
22:05:17 : Side: Marinka: hey guys,tanks allowed here?
22:05:30 : Side: 2DIE4:  whats a tank to u?
22:05:39 : Side: 2DIE4:  we have armord vehicles 
22:05:49 : Side: Marinka: tanks? like t-34 and alse
22:06:00 : Side: 2DIE4:  nope nuttin like that 
22:29:13 : Side: Morrison: :( lol
22:29:29 : Side: 2DIE4:  ill  leave all your stuff
22:29:58 : Side: Morrison: we got to stop meeting like this 
22:35:31 : Side: 2DIE4:  now get ya stuff im outt
22:49:52 : Side: 2DIE4: got yours stuff morrison?
22:50:48 : Side: Morrison: yeah i got it :)
22:51:13 : Side: 2DIE4:  see and some loot  ---- fair enough  =9
22:51:40 : Side: VLADIMIR>***: morison is not fer is Trader zone-Ban
22:51:59 : Side: 2DIE4: ??
22:52:01 : Side: Morrison: ?
22:52:15 : Side: 2DIE4:  i like the Number plate on ya base  XD
22:52:29 : Side: VLADIMIR>***: morison yu soulen my mozee
22:52:44 : Side: 2DIE4:  if i still had enough space to built i might have done the same  XD
22:52:52 : Side: 2DIE4:  lol mozzi 
22:52:57 : Side: Morrison: not me
22:53:04 : Side: 2DIE4:  how much is it?   1 10 ouz?
22:53:07 : Side: Morrison: dont fly
23:02:06 : Side: Ankanariym: владимир ты русский?
23:02:18 : Side: Ankanariym: слышу
23:03:02 : Side: Ankanariym: сорри
23:03:08 : Side: Ankanariym: мы их просто взяли попробывать
23:03:20 : Side: 2DIE4:  english only in sidechat pls
23:03:24 : Side: Ankanariym: куда они делись после рестарта?
23:03:42 : Side: 2DIE4:  u heard me?
23:03:43 : Side: Lewis: ENGLISH
23:04:11 : Side: nETPOBICH: HIS PARKING 
23:04:15 : Side: Ankanariym: sorry, we didnt wantr
23:04:23 : Side: Ankanariym: want*
23:04:58 : Side: nETPOBICH: moscwa
23:04:59 : Side: Ankanariym: moscow)
23:05:33 : Side: Ankanariym: oh, nice
23:06:09 : Side: Ankanariym: Your helicopters on the Parking lot?
23:06:47 : Side: Ankanariym: We repent of his actions, we really honestly did not
23:07:49 : Side: Ankanariym: man
23:08:23 : Side: Ankanariym: No more
23:09:00 : Side: Ankanariym: Sorry for our act
23:10:01 : Side: Ankanariym: Good luck to you guys
23:10:08 : Side: Ankanariym: sry
23:13:03 : Side: Morrison: lol
23:13:26 : Side: Ryan: karma
23:13:37 : Side: 2DIE4:  i am the truth 
23:13:43 : Side: Ryan: lol
23:13:46 : Side: 2DIE4:  i am the justice
23:16:18 : Side: 2DIE4: your bodies still there
