07:06:04 : Group: mixer_90: Are you ready
07:06:34 : Group: VLADIMIR>***: /wheit
07:06:49 : Group: mixer_90: +
07:06:51 : Group: VLADIMIR>***: yu gowing to mision?
07:07:09 : Group: mixer_90: Go to base, after to missions)
07:07:48 : Group: mixer_90: I look their heli in my base, wont destroy it)
07:08:02 : Group: VLADIMIR>***: ok. wheit
07:08:46 : Group: mixer_90: It is will be "Surprise twou mat`"
07:11:28 : Group: VLADIMIR>***: Ewgieni odajdi niemnozka'
07:12:07 : Group: mixer_90: Money?
07:12:37 : Group: VLADIMIR>***: yes:)
07:12:57 : Group: mixer_90: Take
07:13:21 : Group: VLADIMIR>***: woow thanks:)
07:13:26 : Group: mixer_90: )
07:13:28 : Group: VLADIMIR>***: ok ja gatow
07:14:07 : Group: mixer_90: Ostawlyai otkrito
07:14:23 : Group: mixer_90: Sadis
07:14:29 : Group: mixer_90: GUNNER)
07:17:39 : Group: VLADIMIR>***: good pilot:)
07:18:30 : Group: mixer_90: RABOTAET RPG
07:19:11 : Group: mixer_90: WTF? NOTHING)
07:20:10 : Group: mixer_90: CHort s nim
07:21:39 : Group: VLADIMIR>***: no charoszu bazu sdielal:)
07:22:13 : Group: mixer_90: Kak smog)
07:23:47 : Group: VLADIMIR>***: budiet charaszooo:)
07:23:59 : Group: mixer_90: ))))
07:24:45 : Group: mixer_90: Ti mozhesh hodit v dveri kak friend)
07:25:02 : Group: VLADIMIR>***: spasiba:)
07:26:20 : Group: mixer_90: Obichno ih net)
07:26:27 : Group: mixer_90: 1-2
07:26:36 : Group: mixer_90: A tut nashestvie)
07:27:37 : Group: VLADIMIR>***: spasiba Ewgieni:) ja jedu da swajoj :)))-budiem razom raobotat:)
07:28:28 : Group: mixer_90: Mozhem na heli rabotat po botam
07:29:07 : Group: VLADIMIR>***: mi 17 mozem naladit:)
07:31:31 : Group: mixer_90: ti na miss
07:31:53 : Group: VLADIMIR>***: niet-budu zakanczat igru siewodnia:)
07:32:05 : Group: mixer_90: ok
07:34:07 : Group: VLADIMIR>***: Ewgieni u mienia czetiri bazy-3 in Berezino, adna in Krutoy:)
07:34:33 : Group: mixer_90: Ok, budu znat)))
07:35:03 : Group: VLADIMIR>***: da sustreczy:)
07:35:26 : Group: mixer_90: Do Vstrechi)
07:35:49 : Group: VLADIMIR>***: oooo da da Vstreczi:)))))
07:36:29 : Group: mixer_90: Ya ponimaju)))
