00:00:00 : Side: 2DIE4:  turm where?
00:00:36 : Side: 2DIE4:  turm? where?
00:00:59 : Side: Turmoil: i died from a bear trap... -_- i stepped on one and apparently it killed me
00:01:10 : Side: 2DIE4:  said PKP 0 m  XD
00:01:17 : Side: Turmoil: yeah xD
00:01:29 : Side: 2DIE4:  sounds more heroic  XD
00:01:36 : Side: Turmoil: indeed
00:01:44 : Side: Turmoil: hero level 5 = spawn with mozzie :D
00:01:47 : Side: Turmoil: thats nice
00:01:52 : Side: 2DIE4:  cool
00:19:01 : Side: Ryan: to die4 what are u doing
00:19:53 : Side: 2DIE4:  dont tell me that u again ... R u living here?
00:20:00 : Side: Turmoil: hahah
00:20:24 : Side: Ryan: where
00:22:05 : Side: Ryan: im at trader so
00:26:03 : Side: 2DIE4: guess he wasnt at trader
00:33:46 : Side: Turmoil: well, loop didnt work
01:47:17 : Side: GBK: failed to maintain 8 objects. you need
01:47:44 : Side: GBK: help
01:47:57 : Side: GBK: im need help
05:16:14 : Side: -SDS-Ban: good moning guys
05:16:25 : Side: -SDS-Ban: *morning
05:16:51 : Side: Freedom: morning
05:41:56 : Side: -SDS-Ban: hello vasko
05:44:39 : Side: -SDS-Ban: who makes the mark on the map?
05:45:47 : Side: -SDS-Ban: vasko have you dont vehicle?
05:51:07 : Side: -SDS-Ban: shady dont fuck with me XD
05:51:41 : Side: Shady: ^_^ cum back bruh
05:51:56 : Side: -SDS-Ban: i am in vecicle sso why?
05:52:04 : Side: -SDS-Ban: i cant shot back 
05:52:29 : Side: Freedom: look at his name lol
05:53:10 : Side: Shady: my name ? 
05:53:41 : Side: Freedom: if he was talking about you shooting at his vehicle then yes
05:54:16 : Side: -SDS-Ban: firt shot at me in stary so i kill him and noww hot agin on me
05:54:24 : Side: Freedom: lol]
05:54:50 : Side: -SDS-Ban: we could be best friends an than this :-(w
05:54:57 : Side: Freedom: haha
05:55:41 : Side: Shady: yeaah .... here is a thing... in this game u cannot have friends... soz 
05:55:56 : Side: -SDS-Ban: i have friends in this game XD
05:56:04 : Side: Freedom: sorry you feel that way
05:57:56 : Side: Shady: soz i was afk u said smthin ?
06:27:21 : Side: Freedom: are vehicles that are locked indestructable?
06:27:54 : Side: -SDS-Ban: no
06:28:18 : Side: -SDS-Ban: aat fist day we playd our vehicle walocked and destroyed from  helis
06:28:29 : Side: Freedom: i just put 800 rounds of m249 saw into a little bird and nothing lol
06:28:44 : Side: -SDS-Ban: ok lo
06:29:00 : Side: -SDS-Ban: our mtv need only 5 secnds nd than blow up
06:29:12 : Side: Freedom: someone parked their helli like 2 feet away from my base
06:29:21 : Side: Freedom: crazy man
06:29:56 : Side: Freedom: also shot 3 m203 at it 
06:30:13 : Side: Freedom: took it like a champ
07:03:19 : Side: Freedom: wow 1 gp25 did the trick broke my leg in process too has one heck of a blast radius lol
07:03:40 : Side: -SDS-Ban: look at map there re the best base ever
07:03:52 : Side: -SDS-Ban: o loot th base completly
07:04:12 : Side: Freedom: whos is it
07:04:23 : Side: -SDS-Ban: look aat me i wride ther
07:04:35 : Side: -SDS-Ban: over pusta
07:04:58 : Side: -SDS-Ban: take all loot an destry his carss
07:04:59 : Side: Freedom: what about it 
07:05:08 : Side: Freedom: nope 
07:05:44 : Side: -SDS-Ban: you dont see the marker?
07:05:50 : Side: Freedom: he dident do anything to me this heli was on my property and tow truck guy was out of town
07:05:56 : Side: Freedom: yes i do
07:06:31 : Side: Freedom: im a hero
07:07:02 : Side: -SDS-Ban: i will become hero too because you cant play bandit on this server
07:07:16 : Side: Freedom: why
07:07:18 : Side: -SDS-Ban: but at last all make thiss nd it gives only heros and thts are boring
07:07:32 : Side: -SDS-Ban: because i cant buy an tank at superhero base as bandit
07:07:46 : Side: -SDS-Ban: so hen admins must make aan superbandit base too
07:08:21 : Side: Freedom: i could care less i doubt ill ever get a tank unless i just have the gold to waste
07:45:49 : Side: -SDS-Ban: lol was mario scare
07:45:54 : Side: -SDS-Ban: scared
07:53:54 : Side: Sierra [SD]: Morning 
07:54:02 : Side: -SDS-Ban: morning
07:54:03 : Side: Freedom: morning
07:54:17 : Side: -SDS-Ban: i have an question
07:54:28 : Side: Sierra [SD]: Yep
07:54:35 : Side: -SDS-Ban: when you make an super heero trader you will make aan super bandit trader too?
07:54:50 : Side: Sierra [SD]: No just the superhero
07:54:59 : Side: -SDS-Ban: ohhh
07:55:06 : Side: -SDS-Ban: now i am sad :-)
07:55:32 : Side: Sierra [SD]: Aww - well you could work towards being a hero maybe?
09:53:58 : Side: -SDS- Gowther: Yoo
09:57:23 : Side: Turmoil: hey Gowther, how are you doing today? :)
09:57:57 : Side: -SDS- Gowther: im still hobbyless
09:58:01 : Side: -SDS- Gowther: so...
09:58:04 : Side: -SDS- Gowther: im fine :D
09:58:14 : Side: -SDS- Gowther: U? XDw
09:58:56 : Side: Turmoil: well im playing the game in workhours, so i guess im also fine... kinda feel like working xD
09:59:16 : Side: Turmoil: i miss my job xD
09:59:43 : Side: -SDS- Gowther: :D
09:59:57 : Side: Turmoil: been on sickleave since september 2016 xD
10:00:06 : Side: -SDS- Gowther: Ouh :(
10:00:34 : Side: Turmoil: broke my hand, had 2 operations, might need one more... so boring xD
10:00:47 : Side: -SDS- Gowther: How?
10:01:10 : Side: Turmoil: i hit myself with an hammer, on my left hand... i got angry and hit my right hand in the wall and it broke xD
10:01:46 : Side: -SDS- Gowther: hehe
10:02:00 : Side: -SDS- Gowther: Feels batman XD
10:02:07 : Side: -SDS- Gowther: bad man*
10:02:38 : Side: Turmoil: i have only myself to blame, but still... when you break something it usually takes about a month to heal xD
10:02:55 : Side: -SDS- Gowther: Never broke something
10:03:02 : Side: -SDS- Gowther: im very massive XD
10:03:11 : Side: Turmoil: im 27 years old, i never broke anything either, until now :PP
10:03:44 : Side: -SDS- Gowther: Drink much milk and u get hard as steel 
10:03:46 : Side: -SDS- Gowther: XDD
10:04:07 : Side: -SDS- Gowther: then the hammer broke :d
10:04:17 : Side: Turmoil: loool
10:04:56 : Side: -SDS- Gowther: no kidding milk is good for bones
10:05:13 : Side: Turmoil: i know ^^
10:05:34 : Side: Turmoil: i drink alot of milk also... but when you hit a brick wall with full strenght i dont think it matters how much milk you drink xD
10:06:08 : Side: -SDS- Gowther: Mhhm maybe :D
10:09:17 : Side: Turmoil: OMG
10:09:30 : Side: -SDS- Gowther: ?
10:09:44 : Side: Turmoil: i was going to the mission, the mission AI shoot my heli... i land, i go to find a sniper position and the mission despawns -_- ANOYING
10:09:59 : Side: -SDS- Gowther: :x
10:11:49 : Side: Sierra [SD]: Hello
10:12:02 : Side: Turmoil: hey mommy ^^
10:12:05 : Side: -SDS- Gowther: peace
10:12:14 : Side: Sierra [SD]: lol
10:12:15 : Side: -SDS- Gowther: in a shooter... 
10:12:45 : Side: Sierra [SD]: xD
10:13:15 : Side: Turmoil: ai shoot my chopper :( i report them for hacking
10:13:48 : Side: Sierra [SD]: lol naughty ai!
10:13:55 : Side: Turmoil: they shoot me and turn on invisibility, thats hacking xD
10:14:08 : Side: Sierra [SD]: m2's?
10:14:16 : Side: -SDS- Gowther: The zombies are hunting me :(
10:14:29 : Side: Turmoil: KORK machine gune i assume, since it was bandit mission :) 
10:14:38 : Side: Sierra [SD]: ah
10:14:41 : Side: Turmoil: the whole mission despawned so wasnt hacking/glitching from AI ^^
10:14:47 : Side: Sierra [SD]: zombies will do that ;)
10:14:54 : Side: Sierra [SD]: ah okies
10:14:54 : Side: Turmoil: zombies <3
10:15:01 : Side: Sierra [SD]: lol
10:15:03 : Side: -SDS- Gowther: yeah i want tham to stop ;(
10:15:21 : Side: Sierra [SD]: Ask Turmoil to come get them for you
10:15:23 : Side: -SDS- Gowther: i ask them but they dont listen :(
10:15:28 : Side: Turmoil: shoot em in the head :D
10:15:41 : Side: -SDS- Gowther: im crafting XD
10:15:58 : Side: Turmoil: build a few walls ;D they will keep you safe
10:16:23 : Side: -SDS- Gowther: makes sence....
10:17:06 : Side: Turmoil: ill be right back
10:17:11 : Side: Sierra [SD]: ok
10:19:14 : Side: -SDS- Gowther: stop!
10:19:18 : Side: -SDS- Gowther: bad zombie
10:19:40 : Side: Sierra [SD]: xD - you need to hurry up and get your walls up!
10:20:37 : Side: Sierra [SD]: hit it with an axe!!
10:22:44 : Side: Turmoil: IM BAAAAAAAAAAACK
10:22:54 : Side: -SDS- Gowther: yey
10:23:13 : Side: Sierra [SD]: wooooooo!
10:23:36 : Side: Turmoil: how's work today Sierra? alot too do or is it a calm and quiet friday?
10:25:09 : Side: Sierra [SD]: not too bad today thanks - less hectic :)
10:25:21 : Side: Turmoil: thats good :)
10:25:37 : Side: Sierra [SD]: you been on long?
10:25:53 : Side: Turmoil: since i came on TS only :) so 30 mins maby
10:25:56 : Side: Turmoil: maybe
10:26:05 : Side: Sierra [SD]: Oh didn't realise you were on ts
10:26:36 : Side: Turmoil: if im playing theres a big chance im already on ;) lol
10:27:44 : Side: Sierra [SD]: yeah I don't usually see unless you call me when its on my ipad :)
10:28:02 : Side: Turmoil: ^^
10:28:23 : Side: Turmoil: i tought the admins paid attension to the TS at all times? lol 
10:28:49 : Side: -SDS- Gowther: report
10:28:51 : Side: Sierra [SD]: exactly - if people call me I answer :P
10:29:09 : Side: -SDS- Gowther: troll or yasuo
10:29:22 : Side: Turmoil: then i must say, i forgot to say hi when i joined xD
10:29:32 : Side: Sierra [SD]: lol
10:29:53 : Side: Sierra [SD]: if I'm at home and using ts on my computer I see usually
10:45:25 : Side: -SDS- Gowther: How is it with the plot pole?
10:45:39 : Side: Turmoil: whats what with the plotpole?
10:45:40 : Side: -SDS- Gowther: before i start to build i have to place it on the ground
10:45:46 : Side: Turmoil: yes
10:46:02 : Side: -SDS- Gowther: Can i make it off and place it otherwhere?
10:46:34 : Side: Turmoil: you can remove it again and replace it yes, but make sure everything you build stays within the 30m range of the plotpole
10:46:47 : Side: -SDS- Gowther: Oke
10:47:13 : Side: Turmoil: and also, its not allowed to place the plotpole inside safes or other indestructible objects
10:47:31 : Side: Turmoil: it has to be available incase someone raids your base
10:47:48 : Side: -SDS- Gowther: Äh
10:47:50 : Side: -SDS- Gowther: okee
10:47:59 : Side: Turmoil: but, you can place it in a room etc with a locked door
10:48:16 : Side: Turmoil: or inside a room thats inside another room, with two locked doors xD
10:48:58 : Side: -SDS- Gowther: And 5
10:49:02 : Side: -SDS- Gowther: ?
10:49:04 : Side: Turmoil: yep
10:49:10 : Side: -SDS- Gowther: and 500?
10:49:19 : Side: Turmoil: nope
10:49:29 : Side: Turmoil: the build limit per plotpole is 200 ;) lol
10:49:49 : Side: -SDS- Gowther: and 50?
10:49:58 : Side: Turmoil: yes xD lol
10:50:06 : Side: -SDS- Gowther: but not 51 :3
10:50:20 : Side: Turmoil: no point tho, no one will ever bother to break trough 50 walls to get a plotpole i think xD
10:50:46 : Side: -SDS- Gowther: Why anyone would take a plotpole?
10:50:50 : Side: -SDS- Gowther: what for?
10:50:53 : Side: -SDS- Gowther: and how?
10:51:16 : Side: Turmoil: if you remove a plotpole and replace it, you can take plot ownership and take the base for yourself :)
10:51:49 : Side: -SDS- Gowther: Oh oke
10:51:58 : Side: -SDS- Gowther: But u dont get the safes anyway?
10:52:14 : Side: -SDS- Gowther: u have to wait a week
10:53:20 : Side: Turmoil: you can have safes, you just cant put the plotpole inside it, becouse then nobody can take it if they raid the base
10:58:01 : Side: -SDS- Gowther: Can i place 2 plotpoles in one base?
10:58:07 : Side: -SDS- Gowther: to make it bigger?
10:58:31 : Side: Turmoil: nope
10:58:42 : Side: Turmoil: limited to one plotpole
10:58:45 : Side: -SDS- Gowther: ouh :(
10:58:58 : Side: -SDS- Gowther: And if a teammate place it?
10:59:11 : Side: Turmoil: he can add you too the plotpole :) 
11:00:03 : Side: -SDS- Gowther: So its possible if he place a plotpole in my base and add me to it
11:00:43 : Side: Turmoil: if you place it you are automatically added to it, but if Ban or King wants to build anything at your base you will have to scroll - manage plotpole 
11:00:46 : Side: Turmoil: and add them
11:01:24 : Side: -SDS- Gowther: yeah i know i just ask for mor space to build
11:01:36 : Side: Turmoil: you are limited to 200 no matter what :) 
11:01:40 : Side: -SDS- Gowther: if one of tham place a secound plotpole in my base or near my base
11:01:49 : Side: Turmoil: not possible :) 
11:02:00 : Side: -SDS- Gowther: oh :(
11:02:12 : Side: Turmoil: if you place a plotpole you or any other can not place another plotpole within 100m of it
11:02:30 : Side: -SDS- Gowther: oke
11:03:00 : Side: -SDS- Gowther: ty m8
11:03:11 : Side: Turmoil: your welcome :)
11:26:23 : Side: Turmoil: why is there no good missions??? :'(
11:26:44 : Side: -SDS- Gowther: I need building shit mission XD
11:27:10 : Side: Turmoil: night :D
11:27:19 : Side: -SDS- Gowther: /vote day
11:27:27 : Side: Turmoil: noooo :'(
11:27:27 : Side: -SDS- Gowther: i need to build sry
11:27:35 : Side: -SDS- Gowther: how can i vote?
11:27:45 : Side: Turmoil: type /day or /night
11:28:09 : Side: -SDS- Gowther: /night
11:28:17 : Side: -SDS- Gowther: ?
11:28:50 : Side: Turmoil: yep, if you do it right it will disapear as soon as you finish typing it ^^
11:29:09 : Side: -SDS- Gowther: ok
11:29:10 : Side: Turmoil: just like when you type /killme
11:29:24 : Side: -SDS- Gowther: what happens than? XD
11:29:29 : Side: Turmoil: try ;)
11:29:41 : Side: -SDS- Gowther: /kill me
11:29:47 : Side: Turmoil: in one word /killme
11:29:52 : Side: -SDS- Gowther: /killme
11:30:48 : Side: Turmoil: where you spawn? ill come pick you up <3
11:31:05 : Side: -SDS- Gowther: u dont need im fine :D
11:31:19 : Side: Turmoil: now you know how to suicide ^^
11:31:26 : Side: -SDS- Gowther: yeah
11:31:31 : Side: -SDS- Gowther: ty
11:31:49 : Side: Turmoil: i use it if i dont have any transportation and i find myself on the other side of the map with just a mountainbike
11:32:18 : Side: -SDS- Gowther: i mostly do it when i got told it to do XD
11:33:31 : Side: -SDS- Gowther: can a hackertool just open vehicles`?
11:33:41 : Side: Turmoil: you mean the hotwire kit?
11:33:45 : Side: -SDS- Gowther: yeah
11:33:52 : Side: Turmoil: cars, planes, helicopters etc
11:34:00 : Side: -SDS- Gowther: but no doors
11:34:03 : Side: -SDS- Gowther: or safesw
11:34:06 : Side: Turmoil: no doors or safes
11:34:22 : Side: -SDS- Gowther: lamew
12:14:03 : Side: -SDS- Gowther: New missions ;(
12:14:10 : Side: -SDS- Gowther: /votenewmissions
12:15:28 : Side: VPr3stigious: nighttime anyone?#
12:15:51 : Side: -SDS- Gowther: nighttime is just wurf against players
12:16:00 : Side: -SDS- Gowther: KI dont care about day or night
12:16:05 : Side: -SDS- Gowther: AI*
12:16:12 : Side: VPr3stigious: ah fair enough
12:16:18 : Side: VPr3stigious: i like the atmosphere though you know
12:16:39 : Side: -SDS- Gowther: than
12:26:11 : Side: Turmoil: you doing mission Gowther?
12:26:17 : Side: -SDS- Gowther: sure
12:50:25 : Side: VPr3stigious: nice convoy
12:52:57 : Side: Turmoil: im just gonna assume that was you VPres
12:53:12 : Side: VPr3stigious: ya i beeped at you
12:53:20 : Side: Turmoil: with a machine gun?
12:53:24 : Side: VPr3stigious: oh no
12:53:26 : Side: VPr3stigious: lol
12:53:33 : Side: Turmoil: we got shoot out of the air :P
12:53:39 : Side: VPr3stigious: oh shit :O
12:54:06 : Side: -SDS- Gowther: Vpr3 was in a car 
12:54:17 : Side: Turmoil: armed?
12:54:23 : Side: VPr3stigious: no
12:54:35 : Side: -SDS- Gowther: Offroad unarmed right to Pogorevka
12:55:15 : Side: Turmoil: no mission here either, wonder wtf shot at us xD maybe patrol then
13:52:53 : Side: Turmoil: run over by my friend :( *cries*
13:53:44 : Side: [NG2] Jesse: walking behind my car ^^ 
13:53:48 : Side: Turmoil: your car? 
13:53:56 : Side: [NG2] Jesse: your car! ^^
13:54:02 : Side: Turmoil: 3
13:54:07 : Side: Turmoil: :D
14:42:53 : Side: SoomqaBlyet: lol
14:43:08 : Side: SoomqaBlyet: by fishing pole
14:43:10 : Side: SoomqaBlyet: xDDD
16:37:57 : Side: [NG2] Jesse: free loot, see map
16:58:06 : Side: [NG2] Jesse: someone shooting? 
16:58:28 : Side: [NG2] Jesse: at hte mission? i am in metalbarn, .. Frendly
17:11:09 : Side: [NG2] Jesse: ai?
17:11:21 : Side: -SDS-Ban: yes
17:11:34 : Side: [NG2] Jesse: ty
17:11:54 : Side: -SDS-Ban: from 811 metres with m4a1 cco sd
17:12:01 : Side: -SDS-Ban: 81 metres
17:12:16 : Side: [NG2] Jesse: oke.. 
17:12:45 : Side: [NG2] Jesse: alot of bushes and stuff :P
17:14:20 : Side: Chytry_Dimitri: ahahahha nice choper secured
17:18:51 : Side: [NG2] Jesse: who n metal barn?!
17:19:03 : Side: Mario: are u herro?
17:19:07 : Side: [NG2] Jesse: YES
17:19:17 : Side: Mario: oh, ok, we are fierndly
17:19:22 : Side: [NG2] Jesse: dont shoot me i come in.. 
17:19:22 : Side: Mario: and herroes also
17:20:03 : Side: -SDS-Ban: mario i shot you today XD
17:22:22 : Side: Mario: 1 more , was 3 left :D
17:22:44 : Side: [NG2] Jesse: lets group
17:30:39 : Side: Chytry_Dimitri: what ined to heal infected?
17:30:49 : Side: [NG2] Jesse: wipes
17:31:18 : Side: Chytry_Dimitri: thanks
17:33:39 : Side: [NG2] Jesse: d24 :O 
17:33:57 : Side: 2DIE4:  U THEREß  
17:34:03 : Side: 2DIE4: ?
17:34:43 : Side: [NG2] Jesse: YES
17:35:01 : Side: 2DIE4: good i didnt hit u XD
17:35:17 : Side: [NG2] Jesse: dude you scared the hell of me
17:35:23 : Side: 2DIE4:  XD
17:35:37 : Side: Mario: fucking idiot 2 die
17:35:47 : Side: -SDS-Ban: mario let him
17:35:55 : Side: Mario: fucking bandit
17:35:55 : Side: 2DIE4:  u should really overthink the choice of your word orm  = 9
17:36:01 : Side: -SDS-Ban: he is bandit what would you i shot you today at you mission too
17:36:05 : Side: 2DIE4: * worm
17:37:18 : Side: [NG2] Jesse: sry guys! , your stuff is still here
17:37:45 : Side: Mario: yeah.. this is ddayz, don;t thrust anyone
17:37:57 : Side: [NG2] Jesse: its not my fault,!! 
17:38:04 : Side: [NG2] Jesse: i was helping you guys.. 
17:38:18 : Side: -SDS-Ban: yeah but mario isnt th best player so its not bad when you kill him
17:38:19 : Side: 2DIE4:  i just saw th e mission was done so i though swing by  XD
17:38:59 : Side: [NG2] Jesse: 1 tip dont stand next of cars when a armed  truck come by.. 
17:39:11 : Side: 2DIE4:   good one  =)
17:39:25 : Side: 2DIE4:  s kinda dangerous XD
17:39:50 : Side: [NG2] Jesse: but guys i will keep your stuff save dont worry, 2die4 dont pop by again ^^ 
17:40:18 : Side: 2DIE4:  over 3 k away
17:43:40 : Side: [NG2] Jesse: oke guys, have fun and sorry .. 
17:47:48 : Side: -SDS- Gowther: Warum schlachtet mein dude den heli nicht aus?
17:47:58 : Side: 2DIE4:  kein dmg dran?
17:48:08 : Side: 2DIE4:   kein toolbox?
17:48:18 : Side: 2DIE4:  no crowbar?
17:48:20 : Side: -SDS- Gowther: Doch ist bissel kaputt ich hab toolbox
17:48:33 : Side: -SDS- Gowther: was ist crowbar?
17:48:44 : Side: 2DIE4: brecheisen
17:48:57 : Side: -SDS- Gowther: hab toolbox und brecheisen
17:49:20 : Side: -SDS- Gowther: Wenn ich auf ausschlachen gehe passiert nix
17:49:27 : Side: -SDS- Gowther: steht nur da aktion abbrechen#+
17:49:53 : Side: -SDS-Ban: luca my frind
17:50:58 : Side: kemna: Knäppkes, Kameraden
17:51:14 : Side: -SDS-Ban: du bist neu oder?
17:51:15 : Side: Luca: ;)
17:51:35 : Side: kemna: Möglich
17:52:08 : Side: -SDS-Ban: habe dich vorher noch nie gesehen hier und wo deine base ist weiß ich auch nicht
17:52:50 : Side: kemna: Wenn ich mich schlau genug anstelle, wird das auch so bleiben :D
17:52:56 : Side: Mario: fuck u
17:53:11 : Side: -SDS-Ban: glaube mir defintitv nein
17:53:30 : Side: -SDS-Ban: ich spieele seit 2 wochen hier und habe schon von fast jeden spieler die base gefunden
17:53:47 : Side: Luca: only english in chat
17:53:48 : Side: kemna: Fast reicht mir
17:54:34 : Side: 2DIE4:  wow  who got me?  =)
17:54:40 : Side: -SDS-Ban: you search guys to pla with or play allone kemna?
17:54:46 : Side: Mario: fuck u
17:55:01 : Side: Mario: u are a bandit, u need to die
17:55:04 : Side: -SDS-Ban: ovodium with hmvr from 87 metres
17:55:04 : Side: kemna: Not searching for anybody yet
17:55:04 : Side: 2DIE4:  u mario?  =)
17:55:23 : Side: 2DIE4:  well that fuck u will be reported since u have some real issues behaving
17:55:53 : Side: -SDS-Ban: i must say when all play hero here its boring mario so dont cry
17:55:55 : Side: 2DIE4:  the rest is peanuts = )
17:56:01 : Side: Mario: so? u will play alone after, if u report all angries people
17:56:08 : Side: 2DIE4:  just shows u r a sore looser  !  =)
17:56:36 : Side: 2DIE4:  i know dying is part of the game  
17:56:42 : Side: 2DIE4:  u take shit personal 
17:57:03 : Side: Luca: big MARIO!!!
17:57:10 : Side: Mario: :))
17:57:12 : Side: 2DIE4:   u react like a lil kid to b precise  XD
17:57:23 : Side: Luca: you are the best! :-D
17:57:35 : Side: 2DIE4:  he actually sucks ass 
17:57:50 : Side: Mario: i;m just angrie, u have somthing with me? shutt up
17:57:53 : Side: Luca: you avenged me!!
17:57:59 : Side: 2DIE4:  hahahaha
17:58:05 : Side: Luca: SDS is a fucking bandit
17:58:10 : Side: 2DIE4:  u suck more than the hooker around the corner XD
17:58:38 : Side: -SDS-Ban: so you shot to at aall and i dont cry XD
17:58:45 : Side: -SDS-Ban: and hy i am fucking bandit?
17:58:54 : Side: Luca: sure
17:58:59 : Side: -SDS-Ban: i find it only funny to kill you two times XD
17:59:01 : Side: 2DIE4:  Ban hes mentally challanged  =)  leave himw
17:59:57 : Side: Luca: next time... we see :-)
17:59:59 : Side: [NG2] Jesse: 2die4 you close to you base ? 
18:00:06 : Side: 2DIE4:  i am
18:00:06 : Side: [NG2] Jesse: your*
18:00:18 : Side: [NG2] Jesse: do you have a spare toolbox? 
18:00:26 : Side: 2DIE4:  yapw
18:00:49 : Side: -SDS-Ban: but thx that you kill me because spawn new and must now not drive so long
18:00:50 : Side: [NG2] Jesse: cant pack my bike and want to fix this chopper
18:01:05 : Side: 2DIE4:  the one i made  XDw
18:01:15 : Side: -SDS-Ban: yeah mario and ovidium your bases the next that i will loot ;-)
18:01:48 : Side: 2DIE4:  NG    wait ill show u some fun XD
18:02:08 : Side: [NG2] Jesse: thats you?
18:02:14 : Side: 2DIE4:  gimme asec
18:02:32 : Side: 2DIE4:   who?
18:02:43 : Side: -SDS- Gowther: Is that u ?`
18:02:44 : Side: [NG2] Jesse: who there?
18:02:49 : Side: -SDS- Gowther: ahh
18:02:51 : Side: -SDS- Gowther: ok
18:02:58 : Side: kemna: Whos shooting in cherno
18:02:59 : Side: [NG2] Jesse: need a toolbox :P 
18:03:32 : Side: [NG2] Jesse: 2die you home?
18:03:46 : Side: 2DIE4: chopper
18:03:49 : Side: -SDS- Gowther: remove your bike
18:03:49 : Side: 2DIE4:  come in 
18:03:58 : Side: [NG2] Jesse: cant pack bike
18:04:05 : Side: -SDS- Gowther: why?w
18:04:57 : Side: [NG2] Jesse: i cant it wont work.. 
18:05:07 : Side: 2DIE4:  u get mine but first
18:05:08 : Side: [NG2] Jesse: cant see the option 
18:09:15 : Side: 2DIE4: get in 
18:09:24 : Side: 2DIE4:  u get the briefs 4 this from me   =) 
18:09:52 : Side: [NG2] Jesse: ooh thats kind ^^ 
18:09:59 : Side: 2DIE4:  get in
18:13:07 : Side: 2DIE4: hero town?
18:13:12 : Side: [NG2] Jesse: yes plz
18:13:18 : Side: 2DIE4: np
18:15:44 : Side: [NG2] Jesse: Thanks!
18:15:51 : Side: 2DIE4: yw
18:24:31 : Side: Freedom: admin?
18:24:54 : Side: Sierra [SD]: Hey Freedom, whats up?
18:25:12 : Side: Freedom: lol there a reason why i would have 15 mossie spawned around my base
18:25:36 : Side: -SDS- Gowther: Happy Birthday :D
18:25:39 : Side: Sierra [SD]: someone put them there maybe?
18:25:45 : Side: Freedom: lmao never seen anything like it
18:25:58 : Side: Freedom: all in a perfect cirlcle
18:26:02 : Side: Sierra [SD]: lol
18:26:38 : Side: Freedom: can you see this
18:28:18 : Side: Luca: who bild base in hospital?
18:28:45 : Side: Ken: me no englado. teach me senpai 
18:29:02 : Side: kemna: Can ANYONE write actual english here?
18:29:20 : Side: Ken: who is this anyone guy? fight me irl!
18:29:24 : Side: Mario: yeah, 2 die and his stupid ideas
18:29:30 : Side: -SDS- Gowther: Dude get some salt to your brakefast....
18:29:46 : Side: kemna: Gotta brake fast!
18:30:10 : Side: -SDS- Gowther: Allah uakbar
18:30:16 : Side: Ken: uakbar
18:30:26 : Side: -SDS- Gowther: ?
18:30:32 : Side: kemna: Nearly had it
18:31:01 : Side: Freedom: admin now there is a teleporter pr spmthing here
18:31:17 : Side: Sierra [SD]: you not getting direct chat?
18:31:23 : Side: 2DIE4:  never done this to anyone on this server  ... .fiund the reason i did it to u  sucker
18:32:07 : Side: 2DIE4:  hhahahahw
18:33:10 : Side: Mario: all that u know 2die? to make kamikaze? LAME
18:33:28 : Side: 2DIE4:   like i said sucker   u r the first i did it to  on this server
19:10:30 : Side: 2DIE4:  nice defending
19:10:52 : Side: 2DIE4:   sweet shots gotta give u that
19:11:28 : Side: 2DIE4:  enjoy the loot  = =)w
19:13:48 : Side: GBK: 1 bot
19:14:10 : Side: Freedom: where
19:15:19 : Side: GBK: clear
19:15:50 : Side: Freedom: what one
19:16:00 : Side: Freedom: uaz
19:16:00 : Side: GBK: in the mision
19:16:24 : Side: Freedom: nvm
19:16:41 : Side: GBK: noy shoot me, im friendly
19:17:15 : Side: Freedom: what mission are you at
19:17:16 : Side: Luca: hey dont shoot me i'm friendly
19:17:30 : Side: Luca: i'm in UAZ
19:17:43 : Side: Freedom: same and friendly as well
19:17:52 : Side: Luca: i'm in the woods
19:18:00 : Side: Luca: im coming out now
19:18:49 : Side: Freedom: ok im in ghilli
19:18:59 : Side: Luca: i have baseball
19:19:03 : Side: GBK: who shoot me?
19:19:09 : Side: Luca: me no
19:19:50 : Side: userpc: someone took shot at the mission while all ai s are deadd
19:20:12 : Side: Luca: i see one of you
19:20:16 : Side: [NG2] Jesse: wapon cash?
19:20:27 : Side: Freedom: me
19:20:40 : Side: Luca: near the car
19:20:53 : Side: Luca: ok dont shoot to me
19:21:24 : Side: userpc: gear is all yours peeps i came to kill the ais at the camp not the mission
19:21:50 : Side: Luca: who is the one with gun bag?
19:22:06 : Side: userpc: gb smth guy
19:22:08 : Side: Freedom: im with gbk
19:22:30 : Side: Luca: drop your weapons guis
19:22:49 : Side: GBK: common gear
19:23:37 : Side: userpc: guys imma drive my truck to the shed to pick up my friend plz dont shoot
19:23:45 : Side: GBK: ok
19:23:58 : Side: Freedom: luc you not friendly?
19:24:00 : Side: Panic: / easy plz
19:24:05 : Side: Luca: i have dont shoot
19:24:06 : Side: GBK: freedom, you are ok?
19:24:18 : Side: Luca: you need help?
19:24:20 : Side: Freedom: why did he say drop weapons
19:24:21 : Side: -SDS-Ban: luca are friendly
19:24:34 : Side: Luca: i'm friendly
19:24:37 : Side: [NG2] Jesse: someone at wapen chase? 
19:24:42 : Side: Panic: i only kill zombies
19:24:50 : Side: GBK: who shoot me?
19:24:55 : Side: Freedom: why did you say drop weapons guys
19:24:57 : Side: GBK: bot?
19:24:58 : Side: Luca: i have melee weapon
19:25:10 : Side: Sierra [SD]: me Jesse
19:25:10 : Side: Luca: cos i dont trust you
19:25:17 : Side: Freedom: and then shots were fired l;ol
19:25:30 : Side: Luca: i have not shooting
19:25:55 : Side: Luca: i hear shoot
19:26:02 : Side: Freedom: yeah at me
19:26:10 : Side: Luca: who is
19:26:13 : Side: Luca: ?
19:26:21 : Side: Freedom: thats wghat i wasnt to know
19:26:29 : Side: Freedom: want to know
19:27:05 : Side: Luca: freedom you are on the jeep?
19:27:12 : Side: Freedom: yes
19:27:17 : Side: Luca: ok then
19:27:37 : Side: Luca: i cant find were the shoot came from
19:28:23 : Side: Luca: some bandit is reading the chat and is here
19:29:03 : Side: Luca: who are you
19:29:08 : Side: -SDS-Ban: i read chat but i wouldn shot at peoplee you know luca
19:29:31 : Side: Luca: who is in mission?
19:29:38 : Side: Luca: uaz?ù
19:30:30 : Side: Freedom: i dont trust you guys i left uaz at medic station in town there good luck still has gas no damage 
19:30:37 : Side: userpc: whos shooting outside novy lug camp
19:31:42 : Side: [NG2] Jesse: whos at mission!
19:31:53 : Side: slias: what mission?
19:31:57 : Side: [NG2] Jesse: with the pruple smoke
19:32:06 : Side: slias: me
19:32:12 : Side: [NG2] Jesse: human? 
19:32:19 : Side: [NG2] Jesse: humanity? 
19:32:21 : Side: Panic: relaxxxxxx
19:32:24 : Side: slias: 2005
19:32:30 : Side: slias: s505
19:32:35 : Side: slias: 2505
19:32:41 : Side: [NG2] Jesse: oke just go, .. your save 
19:32:53 : Side: slias: i just need pack pack
19:33:02 : Side: slias: backpack
19:33:05 : Side: [NG2] Jesse: oke.. 
19:33:20 : Side: [NG2] Jesse: where you running to? 
19:33:40 : Side: slias: wanna fing big gun bag
19:33:46 : Side: [NG2] Jesse: just leave the area if your done 
19:34:04 : Side: Freedom: slias i have extras if you want one
19:34:18 : Side: slias: maybe bodys have one
19:34:35 : Side: Freedom: roger
19:35:03 : Side: slias: nice find one
19:35:04 : Side: [NG2] Jesse: i see some dead ai with large gunback
19:35:11 : Side: 2DIE4:  funny hoiw scared they were to loot me   XD
19:35:13 : Side: Freedom: awesome
19:35:54 : Side: slias: crate has just light mashinguns
19:37:04 : Side: [NG2] Jesse: slias what did you think about the Herotown sign? 
19:37:12 : Side: slias: i see LWB doing well with this server
19:37:30 : Side: [NG2] Jesse: its not his.. 
19:37:38 : Side: LWB [SD]: hmm
19:37:49 : Side: [NG2] Jesse: haha ^^
19:37:52 : Side: 2DIE4: hey LWB =)
19:37:55 : Side: slias: as i remember it was his
19:37:59 : Side: LWB [SD]: Hi
19:38:03 : Side: LWB [SD]: yes Silas it is
19:38:05 : Side: slias: him an pooka
19:38:13 : Side: [NG2] Jesse: i build it .. the signs
19:38:22 : Side: 2DIE4:   i would appreciate if u could remind MARIO that this is just a game  and there ios no need 44 profanity after getting shot
19:38:31 : Side: Freedom: were is this hero town i hear so much about
19:38:56 : Side: [NG2] Jesse: haha ^^ 
19:39:16 : Side: [NG2] Jesse: we markd our community with a HeroTown sign ^^ 
19:39:16 : Side: LWB [SD]: Were you called Silas on old server too?
19:39:42 : Side: slias: sliash and my brother sentinel
19:39:43 : Side: Sierra [SD]: sliash
19:39:45 : Side: Freedom: maybe ill see it one day
19:39:48 : Side: LWB [SD]: ahh
19:39:58 : Side: LWB [SD]: remember now
19:40:35 : Side: LWB [SD]: Your brother was in Norway If I remeber right?
19:40:54 : Side: slias: i remember how fuck up you was with this server wanna just drop everything
19:41:05 : Side: slias: yeah and i move in ireland now
19:41:26 : Side: Panic: /so here is not only killing zombies?
19:41:48 : Side: Panic: what if i want to play with friends and killing zombies?
19:42:06 : Side: SoomqaBlyet: you have to chang server xD
19:42:10 : Side: -SDS- Gowther: Its not forbitten to kill zombies
19:42:14 : Side: -SDS-Ban: thn you kill zombies with friends
19:42:17 : Side: slias: so pooka become seirra?;dddd
19:42:25 : Side: -SDS- Gowther: but u can get killed every moment
19:42:33 : Side: Panic: i dont want to get killed from players or i dont want to kill players
19:42:35 : Side: -SDS-Ban: and you cann kill veeryonee
19:42:51 : Side: Panic: for that reason i have  cs go :P
19:42:56 : Side: SoomqaBlyet: then change server
19:43:09 : Side: Sierra [SD]: ;)
19:43:26 : Side: [NG2] Jesse: or try to be a 100% hero
19:43:37 : Side: slias: lwb you need to make donators with perks
19:43:38 : Side: kemna: Well, that kinda sucks for you then, it's PvP on this server.
19:43:58 : Side: Panic: all servers arent pvp?
19:44:04 : Side: Panic: :S
19:44:39 : Side: Freedom: more eciting when someone is shooting at you
19:45:05 : Side: Dennis: Hey guys, how can I check my bank account?
19:45:07 : Side: Panic: not excactly when you have few gear
19:45:21 : Side: slias: i know one server where you dont even have time to think of killing other players
19:45:26 : Side: Panic: without gear = zero surviving
19:45:27 : Side: LWB [SD]: There no bank
19:45:30 : Side: LWB [SD]: is
19:45:30 : Side: Freedom: evade and survive its called dayz not left4dead
19:45:31 : Side: slias: cuz ai hunt you like a dog
19:45:39 : Side: Dennis: Aight, thanks
19:45:48 : Side: Sierra [SD]: xD
19:45:59 : Side: Panic: slias relax boy or you gonna jizz your pants
19:46:12 : Side: slias: say what boy?
19:46:24 : Side: Panic: you said that you gonna hunt me like a dog
19:46:26 : Side: Sierra [SD]: someone always has to lower the tone
19:46:33 : Side: Panic: and i said plz relax 
19:46:55 : Side: Panic: you was too excited fwith hunting like dog think
19:46:59 : Side: slias: i just type about server where ai hunt you like a dog.....
19:47:02 : Side: LWB [SD]: he said the AI will hunt you like a dog
19:47:07 : Side: Panic: oohhhhh 
19:47:21 : Side: Panic: really sorry 
19:47:48 : Side: slias: apology acepted
19:47:49 : Side: Panic: sincerely apologize my english are..killing 
19:47:56 : Side: Panic: thank you 
19:48:32 : Side: 2DIE4: funny how no one apologizes when they loose it after i shot em
19:48:50 : Side: Panic: maybe i am new here :P
19:49:01 : Side: 2DIE4:  wasnt bout u mate X
19:49:08 : Side: Panic: ax0x0a0xa0
19:49:19 : Side: 2DIE4:  hahahahah
19:49:22 : Side: -SDS-Ban: panic where are you from?
19:49:36 : Side: 2DIE4:  MArio i love u being my customer  Xd
19:49:38 : Side: Panic: greece - the next post apocalyptic country
19:49:39 : Side: -SDS- Gowther: GG 2die4
19:49:39 : Side: Freedom: nice shot
19:49:44 : Side: 2DIE4:  thx 
19:49:48 : Side: -SDS-Ban: nice shot
19:50:04 : Side: -SDS-Ban: u are an bandit but my hero ;-)
19:50:18 : Side: -SDS- Gowther: our hero :D
19:50:19 : Side: 2DIE4:  stop it im am getting red  XD
19:50:20 : Side: Panic: actually post crysis country 0xa0xa
19:50:25 : Side: Freedom: ha
19:50:45 : Side: 2DIE4:   he was too scared to loot my body after they shot me down  in my lb  XD
19:51:07 : Side: slias: maybe they dont wanted to loot you?
19:51:32 : Side: 2DIE4:    well their fault had a BC  4  134 mags  a lapua    XD
19:52:25 : Side: Panic: is my idea or ... the zombies are only male and not female?
19:52:47 : Side: Panic: i like the guy who goes like frog
19:52:58 : Side: 2DIE4:  y u wanna hook up w one?  XD
19:53:11 : Side: Sierra [SD]: xD I never even thought about that.
19:53:17 : Side: Panic: lonely dayz my friend :(
19:53:18 : Side: -SDS- Gowther: the only frog i can see is you... i thought u wants to jump out of the server?
19:53:36 : Side: Panic: tooo lonely i am afraid..the zombie is good option 
19:53:46 : Side: -SDS- Gowther: marry them :D
19:53:55 : Side: -SDS- Gowther: they love ya like food
19:54:04 : Side: Panic: i need to find costume for the wedding
19:54:04 : Side: -SDS-Ban: panic how much hours you play dayz sandalone?
19:54:18 : Side: -SDS- Gowther: XD Sandalone
19:54:24 : Side: Panic: zero .. every time with friend after work
19:54:32 : Side: Panic: he tries to teach me
19:54:44 : Side: -SDS-Ban: where are ou from?
19:55:23 : Side: Panic: from greece
19:55:41 : Side: Panic: i think is second or third time playing this game 
19:55:52 : Side: Panic: too exausted from work 
19:56:22 : Side: -SDS-Ban: ok i am from germany i play over 1100 hours dayz standalone but wait for th next big update that i can play it again
19:56:43 : Side: 2DIE4:  u bobs really shopuld stop marking ppls positions on the map  Xd 
19:56:44 : Side: Panic: niceeeee
19:56:58 : Side: Panic: they say if you spend 3000 hours on something you master it
19:57:04 : Side: Panic: so you are close xD
19:57:18 : Side: 2DIE4:  me?
19:57:24 : Side: 2DIE4:  naaw
19:57:36 : Side: Panic: the sbs ban with 1100 hours
19:57:40 : Side: -SDS-Ban: WHAT YOU MEAN WITH MASTER ITß
19:58:16 : Side: Panic: by master it i mean like taking a degree  a bachelor 
19:58:37 : Side: Panic: i dont know how to explain it more
19:59:11 : Side: Panic: the say that : if you spend 3000hours on something you learned very very gooddd like prof
19:59:32 : Side: -SDS-Ban: OK
19:59:37 : Side: 2DIE4:  whoever is/ was with Mario get his loot  Xd
19:59:38 : Side: -SDS-Ban: WOULDN SAY THAT
19:59:49 : Side: Panic: ??
20:00:01 : Side: Panic: :S 
20:00:25 : Side: 2DIE4:  i mean if u can get to his loot
20:00:36 : Side: -SDS-Ban: i play wot and it gives guys that play more as 3000 hours and not better as guys that play only 500 and new at this game
20:00:38 : Side: 2DIE4:  he likes to fast log so the body just dissapears
20:00:50 : Side: 2DIE4:  did that to me  like 2 - 3 times already
20:01:08 : Side: Panic: noooo i didnt say that i am good
20:01:25 : Side: Panic: i dont have near 20 hours 
20:01:44 : Side: Panic: its phrase : if you spend 3000 hours on something... mplamplampa google it :S
20:01:59 : Side: -SDS-Ban: XD
20:02:20 : Side: Panic: dude you scared mee lot really ..i said omg ...what i said what i said ... 
20:05:41 : Side: [NG2] Jesse: can i join ppl who doing missions now? you dont have to share the loot i only want humanity( iam a hero) 
20:06:35 : Side: [NG2] Jesse: no one? 
20:09:46 : Side: Freedom: i took 3 down at black hawk crash but i have to got get my daughter you can have it if you want
20:10:00 : Side: Freedom: ng2^
20:10:16 : Side: Freedom: think 3 or 4 left
20:10:20 : Side: [NG2] Jesse: thx 
20:10:26 : Side: [NG2] Jesse: for the info ^^
20:10:55 : Side: Freedom: would have said yes earlier but just in case bandits were around lol
20:11:13 : Side: [NG2] Jesse: aah np ^^
20:11:40 : Side: Freedom: but for future if you want to team up and do missions im game im a hero
20:11:50 : Side: [NG2] Jesse: cool sounds good
20:11:59 : Side: Freedom: right on
20:58:05 : Side: [NG2] Jesse: lol, 
21:33:35 : Side: kemna: Why the frunk does it take so long for loot to spawn?
21:35:03 : Side: LWB [SD]: just does sometimes
21:35:15 : Side: Turmoil: why does my beer get empty so fast? :(
21:35:32 : Side: kemna: A hole in the bottom?
21:35:42 : Side: Turmoil: only a hole in the top, i checked 
21:36:05 : Side: kemna: Maybe your holding it wrong? Dude, I don't know
21:44:13 : Side: NWB: Mr Kallonosjr sir? Thank you for invite, but i had to decline. Im kind of a new at this game, and don't wanna be burden, till i learn how to play.
21:44:21 : Side: NWB: Sorry.
23:50:46 : Side: 2DIE4:  naughty
23:50:56 : Side: 2DIE4:  hes  a hero  dont kill him
23:51:58 : Side: 2DIE4:  i did
23:52:39 : Side: 2DIE4: 2
23:52:51 : Side: [NG2] Jesse: Guys!??
23:53:10 : Side: [NG2] Jesse: why?
23:53:33 : Side: [NG2] Jesse: talk? 
23:54:49 : Side: [NG2] Jesse: ... guys? why did you do that?
