00:40:35 : Side: [HWB] Penetrator: cool ohne diese heuler mit ihrm only english gebrassel
00:40:47 : Side: [HWB] Penetrator: was geht
00:41:03 : Side: 2DIE4: hi =) 
00:41:18 : Side: [HWB] Penetrator: hattest du dir in klen gradn suv gekauft ?
00:41:25 : Side: 2DIE4: nö
00:41:37 : Side: [HWB] Penetrator: k
00:42:04 : Side: [HWB] Penetrator: hab dem einfach ma nen bc hingestellt aber der hette mehr schiss um sein roten golf 
00:42:31 : Side: 2DIE4: XD
00:42:33 : Side: [HWB] Penetrator: was machst ?
00:42:51 : Side: 2DIE4: farmen
00:42:55 : Side: [HWB] Penetrator: bist ja eigentlich auch ich würd sagen allein unterwegs
00:43:09 : Side: 2DIE4: imo ja =) 
00:43:15 : Side: [HWB] Penetrator: farmen haha wasn sonnenblumenkerne ? :)
00:43:41 : Side: 2DIE4: parts zum zerlegen ich bau gerade jede menge metal floors
00:44:41 : Side: [HWB] Penetrator: hör mir auf hatte sierra gefragt ob er net ma ne workbench in klen stellen kann
00:45:06 : Side: 2DIE4:  stell dir doch eine in die base
00:45:15 : Side: 2DIE4:  kurz relog 
00:45:39 : Side: [HWB] Penetrator: prima denkst ich bin blöd ....
00:47:07 : Side: [HWB] Penetrator: und ?! denkst ich hab bock 1 tag lang 50 ma a-b-a 
00:47:22 : Side: 2DIE4: ????
00:47:47 : Side: [HWB] Penetrator: von base klen kaufe zurück craften wieder klen zurück .....
00:48:22 : Side: [HWB] Penetrator: 3 fahreten 12 floors dann kein bock mehr
00:48:25 : Side: 2DIE4:  hey Kent 
00:48:42 : Side: 2DIE4:   u cool with us speakin som jibberish?
00:49:38 : Side: 2DIE4: ich kanns mir ja leisten zu kaufen, bin ich aber zu kniggerig  XD
00:49:48 : Side: 2DIE4: 1 BC für n metal floor
00:49:54 : Side: Kent: Sure chat all u like. im cool
00:50:02 : Side: [HWB] Penetrator: seh ich doch genau so als rohre tabktraps
00:50:07 : Side: [HWB] Penetrator: n
00:50:08 : Side: 2DIE4: just wanna make sure dude  =)
00:50:32 : Side: [HWB] Penetrator: ja der eine gestern war echt zum kotzen
00:51:37 : Side: [HWB] Penetrator: aber kannst auch 4 wände für 3 10oz 6g kaufen
00:51:52 : Side: 2DIE4: ich bau nur cinder
00:52:00 : Side: [HWB] Penetrator: immer noch 6 10oz 4g gespart
00:52:08 : Side: [HWB] Penetrator: für die floors mann
00:52:13 : Side: 2DIE4: wie mach ich das? 
00:52:45 : Side: [HWB] Penetrator: geh klen buildingparts metallwände kaufen 4 kannst zu einem floor machen 
00:52:57 : Side: 2DIE4:  is egal ob ich  ne fertige wand kaufe oder bei den wholesaler gehe
00:52:58 : Side: [HWB] Penetrator: 1 wand 9 gold
00:53:04 : Side: [HWB] Penetrator: x 4
00:53:18 : Side: 2DIE4:  oh echt
00:53:29 : Side: 2DIE4: muß ioch ma l hier in stary schaun
00:53:51 : Side: [HWB] Penetrator: habs auch vorhin erst richtig durchgeschaut
00:54:11 : Side: 2DIE4: yop 1 panel 9 güld XD
01:18:05 : Side: [HWB] Penetrator: uh-1h bringt net viel wa ?!
01:18:17 : Side: 2DIE4: XD nö wa
01:18:47 : Side: [HWB] Penetrator: ch47 is mehr
01:20:36 : Side: [HWB] Penetrator: ahh mining rock is noch besser
01:23:03 : Side: [HWB] Penetrator: eisen hmmm
01:25:38 : Side: [HWB] Penetrator: geht ne c130 town ?
01:26:17 : Side: [HWB] Penetrator: egal wär ja langweilig hehe
01:27:47 : Side: [HWB] Penetrator: sach doch nur 1 bc der uh
01:28:59 : Side: [HWB] Penetrator: 2die weist ob das geht ?
01:29:06 : Side: 2DIE4: ill get that MV is that cool with u two?
01:29:09 : Side: 2DIE4:  ka
01:30:14 : Side: Kent: Go for it..
01:30:46 : Side: 2DIE4: i mean with 3 guys we dont neccessarily need to shoot us  or do we?!
01:33:16 : Side: [HWB] Penetrator: belagerst du da den damm ?
01:33:30 : Side: 2DIE4: ???
01:33:38 : Side: [HWB] Penetrator: also nein :)
01:37:57 : Side: [HWB] Penetrator: ohh mann das wird was mit dem teil
01:38:20 : Side: [HWB] Penetrator: town geht nicht
01:39:23 : Side: [HWB] Penetrator: oder doch .. nee will net aber sagt wo mom
01:39:58 : Side: [HWB] Penetrator: to far aber steht voll daneben
01:46:01 : Side: [HWB] Penetrator: wasne arbeit erstma die bäume alle umfahrn die willsts dir ansehn ?
01:48:27 : Side: [HWB] Penetrator: easy
01:48:53 : Side: [HWB] Penetrator: ich hoffe die landebahn is frei
01:50:44 : Side: [HWB] Penetrator: oh mann wie fade
01:51:32 : Side: [HWB] Penetrator: HAHA 1 bc 
01:52:36 : Side: [HWB] Penetrator: das doch arm echt
01:58:52 : Side: [HWB] Penetrator: hörst dun mozzie ?
02:01:10 : Side: [HWB] Penetrator: voll im baurausch wa
02:01:21 : Side: 2DIE4: XD yop
02:01:30 : Side: [HWB] Penetrator: wo baust denn ?
02:02:04 : Side: 2DIE4:  altar   =)
02:02:24 : Side: [HWB] Penetrator: ja alter bin immernoch der mit mtvr an der scheune
02:02:40 : Side: 2DIE4: XD
02:03:44 : Side: [HWB] Penetrator: bin immer nur der oder faldehals denkst ich frag um so assi zu sein dir ans pein zu pinkeln ?
02:03:57 : Side: 2DIE4:  nö  
02:04:02 : Side: 2DIE4:  warum denn=?!
02:04:48 : Side: [HWB] Penetrator: hörte sich so an als wie klar als würdest mir da sagen .. ne echt sag ma mir gehts eher darum das ich weis wo ich die finger weg lasse
02:05:12 : Side: 2DIE4: ich sitz auf altar rum   =)
02:06:05 : Side: [HWB] Penetrator: ahh dann hörst jetzt aber n mozzilla
02:06:17 : Side: [HWB] Penetrator: ewtl
02:06:21 : Side: 2DIE4: ne bin gerade in stary   =)
02:08:33 : Side: 2DIE4: kurz mozzi teile holen und dann MV veticken =) 
02:09:04 : Side: [HWB] Penetrator: grad um die ecke anem crash nur müll
02:09:19 : Side: 2DIE4: XD
02:09:36 : Side: [HWB] Penetrator: WOOWOO ALTER NV
02:10:00 : Side: [HWB] Penetrator: n coyote liegt hier
02:10:41 : Side: [HWB] Penetrator: 1 uhr 500m 
02:10:56 : Side: [HWB] Penetrator: is net mein tach ma schaun ob die mi17 noch steh
02:10:58 : Side: [HWB] Penetrator: t
02:11:24 : Side: 2DIE4: gönn dir
02:12:04 : Side: [HWB] Penetrator: eigentlich kein plan mehr wofür
02:12:23 : Side: 2DIE4: hhahahahha
02:13:12 : Side: [HWB] Penetrator: dachte der kanack und sein kumpel baun hier
02:13:43 : Side: 2DIE4: XD
02:13:50 : Side: [HWB] Penetrator: das  neeeehh oder N TRACKTOR HAHA
02:13:57 : Side: 2DIE4: yop
02:14:21 : Side: [HWB] Penetrator: is mei pink chainsaw cooler
02:14:53 : Side: [HWB] Penetrator: gehörst zu denen oder ? 
02:15:14 : Side: 2DIE4: nö
02:19:31 : Side: geistfrei: heyhey
02:19:36 : Side: 2DIE4: hoi
02:19:49 : Side: [HWB] Penetrator: jojo
02:28:17 : Side: [HWB] Penetrator: wer am af
02:28:20 : Side: [HWB] Penetrator: ?
02:28:29 : Side: geistfrei: .+
02:30:51 : Side: [HWB] Penetrator: renn hier ai rum oder echt nur bei den roten camps ?
02:31:15 : Side: 2DIE4: AF?  yap da auch 
02:31:16 : Side: geistfrei: noch keine gesehen
02:33:27 : Side: [HWB] Penetrator: denk wenn hättn die sicher schon geschossen solang wie ich hier in der luft steh
02:33:46 : Side: geistfrei: stimmt
02:33:50 : Side: 2DIE4:  stell dich mal auf den boden XD
02:34:13 : Side: [HWB] Penetrator: der aff wieder
02:34:27 : Side: 2DIE4: XD
02:34:58 : Side: [HWB] Penetrator: am tower kann das sein sehs net richtig ?!
02:35:13 : Side: 2DIE4: also geist.. wir ahben und drauf geeinigt wir schießen uns net übern haufen wenn nur 3 4 mann on sind
02:35:36 : Side: geistfrei: jup alles klar
02:35:57 : Side: [HWB] Penetrator: joah vor allem immer erst auf die die immer als erstes jammern und einem was von den rules erzählen wolln
02:36:11 : Side: 2DIE4: XD
02:37:01 : Side: [HWB] Penetrator: sach ma die wo genau oder überall aufm kompletten irgendwo
02:37:13 : Side: [HWB] Penetrator: öhm ?
02:38:15 : Side: [HWB] Penetrator: ja doch da sins
02:38:31 : Side: [HWB] Penetrator: geist siehst mich ?
02:38:38 : Side: geistfrei: bin stary
02:38:44 : Side: [HWB] Penetrator: k
02:38:59 : Side: [HWB] Penetrator: was passiert 2 ?
02:39:22 : Side: 2DIE4: mom
02:40:00 : Side: 2DIE4:  jetzt spawn auch noch ne mission an meiner leiche
02:40:15 : Side: geistfrei: ätzend :D
02:40:20 : Side: [HWB] Penetrator: wo denn ?
02:40:27 : Side: 2DIE4:  kommt die mal mit wegknallen
02:40:57 : Side: [HWB] Penetrator: welche denn ?
02:41:01 : Side: 2DIE4:  mit bissl glück sehen die mich net in der kuhle
02:41:13 : Side: 2DIE4:  hero BH crash
02:43:58 : Side: 2DIE4: sollte so gen
02:44:02 : Side: 2DIE4: gehn
02:44:35 : Side: [HWB] Penetrator: sicher sonst fahr ichse übern haufen
02:44:53 : Side: 2DIE4:  einmal net aufgepasst unf karte geschaut mit mozzi und boom XD  harte landung 
02:45:08 : Side: 2DIE4:  geht danke
02:45:13 : Side: [HWB] Penetrator: ok
02:45:45 : Side: [HWB] Penetrator: vodnik macht alles um .. nur die 2 am M2 müsse wech
02:46:01 : Side: [HWB] Penetrator: ahh tesa
02:46:40 : Side: 2DIE4:  dann komm ich mach die M2 wech  = ) 
02:48:57 : Side: 2DIE4: hey bambi we agreed not to shoot each other .. its senseless with 4 or less ppl online
02:49:17 : Side: BaffledBambi: ok
02:49:42 : Side: 2DIE4:  geist ready ? 
02:49:47 : Side: 2DIE4:  ill give the go
02:49:58 : Side: [HWB] Penetrator: hast die am m2 wech ?
02:50:03 : Side: geistfrei: go 4 what ?`
02:50:20 : Side: 2DIE4:  noch net
02:50:43 : Side: [HWB] Penetrator: prima 250m wech
02:50:47 : Side: [HWB] Penetrator: :/
02:52:00 : Side: 2DIE4: hast inv
02:53:42 : Side: 2DIE4: 10min
02:53:58 : Side: [HWB] Penetrator: seh den einschlag net
02:55:01 : Side: 2DIE4: 1 is noch
02:55:05 : Side: 2DIE4: glaub
02:56:00 : Side: [HWB] Penetrator: 1 ai oder 1 m2 ?
02:56:01 : Side: 2DIE4: fahr
02:56:13 : Side: 2DIE4: Ai   2 noch 
02:56:17 : Side: 2DIE4:  oder 3
04:18:29 : Side: 2DIE4:  kurzes geimprojekt X
04:19:11 : Side: [HWB] Penetrator: mach du ma ich tucker die kiste ma in den puff
04:19:22 : Side: 2DIE4:  XD
04:27:31 : Side: Headshot: whats a entrenching tool?
04:27:42 : Side: 2DIE4: its to built stuff
04:27:50 : Side: 2DIE4:  like a shovel
04:27:58 : Side: Headshot: thx m8 
04:32:58 : Side: 2DIE4: headshot want som of the loot?
04:33:17 : Side: Headshot: hmm no thx ^^ 
04:33:44 : Side: Headshot: from what mission?
04:33:51 : Side: 2DIE4: i mean we agreed NOT to shoot each other   due to 3 ppl its not worth it
04:34:06 : Side: 2DIE4:  the the rogue dude
04:35:21 : Side: 2DIE4: might be one more AI  left cant see it
04:39:09 : Side: 2DIE4: cmon get sdome of the loot
04:39:17 : Side: 2DIE4:  its fresh www
04:44:08 : Side: 2DIE4: if u want im out its all yours
04:44:20 : Side: 2DIE4:  large gunbag at teh crate
04:46:42 : Side: 2DIE4: off 4 tonight guys im tired
04:46:52 : Side: 2DIE4:  gg all   =) get teh loot
04:46:58 : Side: Headshot: cya
04:46:59 : Side: 2DIE4: bb
04:47:04 : Side: [HWB] Penetrator: bin auch nimmer lang
04:47:15 : Side: 2DIE4:  Head trust me there is still plenty of stuff 
04:47:21 : Side: 2DIE4:  bb all =)
08:51:51 : Side: Turmoil: Mooorning folks
08:52:09 : Side: Sierra [SD]: Hiya :) - how are you?
08:52:32 : Side: Turmoil: im goodie good, except for my crazy neighbour that keeps ripping out that damn ethernet cable -,-
08:52:42 : Side: Turbovozbuditel: who kill me in dichina camp?
08:53:09 : Side: Turmoil: shut did, since i just logged on and Sierra is admin? 
08:53:18 : Side: Sierra [SD]: yeah - she sounds a bit of a pain
08:53:31 : Side: Sierra [SD]: AI killed him I think
08:53:40 : Side: Sierra [SD]: that is what the kill feed said
08:53:44 : Side: Turbovozbuditel: ai in camP?
08:53:47 : Side: Turmoil: ooooh, my bad then sorry shut, didnt mean to blame you ^^
08:53:48 : Side: Sierra [SD]: yeah
08:54:03 : Side: Sierra [SD]: there is usually 3
08:55:04 : Side: Turmoil: base got raped last night too sierra :( buuuuuh
08:55:18 : Side: Turmoil: umm, i got warned for that? :O
08:55:51 : Side: Sierra [SD]: lol a load of heli just jumped out of a heli and pretty sure they all died. Yeah LWB said - he saw the chatter before he came to bed :D 
08:55:59 : Side: Sierra [SD]: yeah you prob would
08:56:28 : Side: Sierra [SD]: there is a list of key words that you get a warning for
10:06:22 : Side: Do6ry: Fuck you men
10:32:45 : Side: Turbovozbuditel: where i can find gems?
10:33:22 : Side: Sierra [SD]: there are a few ore spawns about but very rare
10:49:37 : Side: hitrec: sierra,
10:51:32 : Side: hitrec: We removed xml
10:51:57 : Side: Mathi: Hello
10:52:04 : Side: hitrec: hey
10:52:44 : Side: Sierra [SD]: Hi hitrec - it should have just been a temp ban - I'm not sure I can remove it from here but let me see. If not I will get LWB to remove it as soon as
10:52:44 : Side: Mathi: I dont know why but my game does not look good¨
10:52:50 : Side: Sierra [SD]: he is at the comp
10:53:13 : Side: Sierra [SD]: Hi Mathi - in what sense?
10:53:38 : Side: Mathi: It used to be pretty 
10:53:59 : Side: hitrec: his banned
10:54:23 : Side: Sierra [SD]: yeah I can see he still is. Its coming up in the admin messages
10:55:00 : Side: hitrec: thx
10:55:23 : Side: Sierra [SD]: I will get him unbanned as soon as I can
10:57:57 : Side: Sierra [SD]: and thank you for removing the xml - we appreciate it. 
10:58:23 : Side: Mathi: I cant open doors or pick stuff up atm
10:58:38 : Side: Sierra [SD]: have you tried relogging Mathi
10:58:38 : Side: hitrec: :)
10:58:52 : Side: Mathi: Yeah okay but theere is a Combo luck here :D
10:59:05 : Side: Mathi: Dont want it to go bye bye ;D
10:59:15 : Side: Mathi: Iam new on here 
11:00:40 : Side: Sierra [SD]: I've just spoken to LWB on the phone hitrec and he will be at his computer within the next 15 mins so he will unban bobah straight away as soon as he 
11:00:43 : Side: Sierra [SD]: gets on it
11:00:54 : Side: Sierra [SD]: i will let you know when he has done it.
11:01:27 : Side: Sierra [SD]: do you have low FPS at all Mathi?
11:01:50 : Side: Sierra [SD]: if there is lag that could cause a problem with doors etc
11:04:13 : Side: hitrec: ok, we'll be waiting
11:04:37 : Side: Sierra [SD]: Yep - i'll let you know as soon as its done. shouldnt be long now
11:09:47 : Side: Sierra [SD]: Hiya hitrec, the ban should be lifted now
11:11:37 : Side: BOBAH: thank you for unban 
11:11:38 : Side: hitrec: grateful
11:15:08 : Side: Sierra [SD]: no problem guys, sorry about the wait. Have fun gaming! :)
11:16:14 : Side: [GOC] hairy: hi guys
11:16:21 : Side: Sierra [SD]: Hiya :)
11:17:05 : Side: [GOC] hairy: with is the best way to get build things 
11:19:32 : Side: Sierra [SD]: missions most likely
11:19:38 : Side: Sierra [SD]: the convoy ones
11:19:46 : Side: [GOC] hairy: ok then thanks 
11:19:47 : Side: Do6ry: my
11:19:51 : Side: Do6ry: mission
11:20:00 : Side: Sierra [SD]: I did a convoy mission earlier and left all the gear for anyone who wanted it - shame you were not on
11:20:46 : Side: [GOC] hairy: neaver mind we will get there 
11:20:52 : Side: Sierra [SD]: xD
12:08:43 : Side: Replicate: you are heroes?
12:08:46 : Side: Replicate: guys
12:08:49 : Side: BOBAH: нуы
12:08:51 : Side: BOBAH: yes
12:08:55 : Side: Replicate: сори
12:08:57 : Side: Replicate: тогда
12:08:59 : Side: BOBAH: хахах
12:09:03 : Side: Replicate: я не буду палить
12:09:04 : Side: BOBAH: русский
12:09:07 : Side: Replicate: ага
12:09:09 : Side: Replicate: сорян
12:09:10 : Side: BOBAH: подъезжай , поделим
12:09:14 : Side: Replicate: просто там труп мой
12:09:22 : Side: Replicate: и я ее чистил
12:09:27 : Side: BOBAH: бери , мы десант зачистили ток
12:09:35 : Side: Replicate: сори еще раз
12:09:43 : Side: BOBAH: да ничего ) ябы тоже так сделал )
12:11:55 : Side: Replicate: я его заберу?
12:12:13 : Side: Replicate: ок?
12:12:18 : Side: BOBAH: ой
12:12:21 : Side: BOBAH: да кончечно
12:12:27 : Side: BOBAH: твоя же миссия
12:12:38 : Side: BOBAH: просто я думал ты в группу вошёлв
12:12:49 : Side: BOBAH: удачи , бро )
12:12:54 : Side: BOBAH: если что зови на помощь
12:12:56 : Side: Replicate: и тебе
12:13:00 : Side: Replicate: ок )
12:23:41 : Side: BOBAH: ты на суве ?
12:23:51 : Side: Replicate: +
12:23:54 : Side: BOBAH: ок
12:26:25 : Side: Replicate: вован, а вы с базой?
12:26:37 : Side: hitrec: пока нет
12:27:10 : Side: Replicate: я думал может рядом с вами построиться
12:27:20 : Side: BOBAH: соседи не помешают )
12:27:25 : Side: hitrec: без проблем )
12:27:34 : Side: Replicate: а вы где?
12:28:03 : Side: Replicate: поставь меточку
12:28:25 : Side: BOBAH: группу прими
12:28:27 : Side: BOBAH: скажем
13:51:44 : Side: Jesse: how dos viewdistance work on this server?
13:52:06 : Side: [KRT]ImMagu: binos
13:52:15 : Side: Jesse: whats binos? 
13:52:40 : Side: [KRT]ImMagu: binoculars
13:52:50 : Side: Jesse: ooh ^^ 
14:54:59 : Side: Franchi516: Hero on crash you frendly?
14:55:18 : Side: BOBAH: yes
14:55:28 : Side: Franchi516: russian?
14:55:31 : Side: BOBAH: yesw
14:55:41 : Side: Franchi516: go russian group
14:57:07 : Side: BOBAH: why you shooting ?
14:57:17 : Side: BOBAH: i am friendly
14:57:20 : Side: Franchi516: hi your frend?
14:57:25 : Side: Franchi516: friend?
14:57:30 : Side: BOBAH: yes
14:57:34 : Side: Franchi516: Sorry
14:57:39 : Side: Franchi516: I goin out
14:57:45 : Side: Franchi516: Please sorry
14:57:52 : Side: BOBAH: 600 blood
14:58:21 : Side: Franchi516: i dont shoot on hero about auer chat
14:58:43 : Side: Franchi516: I has a blood
14:59:07 : Side: Franchi516: i has SVD
14:59:14 : Side: Franchi516: I not shoot you
14:59:21 : Side: BOBAH: ok
14:59:46 : Side: Franchi516: I shoot on zombies
14:59:53 : Side: BOBAH: ok
14:59:59 : Side: Franchi516: I has union helmet
15:00:08 : Side: Franchi516: I has skin union solider
15:00:14 : Side: Franchi516: UN solider
15:00:21 : Side: BOBAH: you need loot ?
15:00:23 : Side: Franchi516: I see you
15:00:35 : Side: Franchi516: I run to you
15:00:57 : Side: BOBAH: us 3 mans
15:29:11 : Side: Sierra [SD]: hi everyone - all ok?
15:29:21 : Side: Turmoil: hey hey ^^ yeah 
15:29:26 : Side: [2ez]Zeus: hey admin... yes... 
15:29:37 : Side: Sierra [SD]: good :)
15:29:38 : Side: Franchi516: Есть тачка в березинол
15:29:45 : Side: Turmoil: almost good that is...
15:29:46 : Side: Franchi516: опс
15:30:10 : Side: Sierra [SD]: English only in side please :) - only almost...
15:31:02 : Side: [2ez]Zeus: admin ?
15:31:08 : Side: Sierra [SD]: mmhmm?
15:31:28 : Side: [2ez]Zeus: is forbidden to build on military or high loot ?
15:31:42 : Side: Sierra [SD]: you can't build within 500m of military
15:31:59 : Side: Sierra [SD]: a message will come up and you will not be able to build if you are too close
15:32:01 : Side: [2ez]Zeus: well.... come take a look at green mountain...
15:32:21 : Side: [2ez]Zeus: the place is totally overtaken
15:33:03 : Side: Sierra [SD]: we know that there is a base on green mountain - it's buildings aren't in the no build scripting
15:33:08 : Side: Sierra [SD]: but the road there is
15:33:25 : Side: [2ez]Zeus: yes but u cannot acces buildings
15:33:42 : Side: [2ez]Zeus: and that are miltary
15:34:07 : Side: Sierra [SD]: those buildings are not included in the anti build script
15:34:14 : Side: Sierra [SD]: that is why someone can build there
15:34:53 : Side: [2ez]Zeus: mkay....not fair but ok
16:01:20 : Side: Sierra [SD]: sorry boys I died xD
16:01:35 : Side: [2ez]Zeus: lol
16:01:44 : Side: Turmoil: how did you do that? said infection xD
16:01:54 : Side: Sierra [SD]: AI xD
16:40:29 : Side: Vito: question guys... how do you deploy a bike?
16:40:39 : Side: Sierra [SD]: right click on toolbox :)
16:40:47 : Side: Turmoil: right click toolbox select bike and place bike with hitting space bar
16:41:52 : Side: Vito: thanks guys :D
16:42:07 : Side: Sierra [SD]: :)
16:42:36 : Side: Vito: if you see a lonely man on a bike dont bother killing me i just started :'D
16:42:48 : Side: simon: haha!
16:46:04 : Side: All: i spawned in and got shot by a 50 cal in 3 seconds
16:46:15 : Side: simon: where?
16:46:26 : Side: All: the hero base mission
16:46:34 : Side: simon: okay
17:05:28 : Side: KomuriKun: been walking for 15 mins no  backpacks wtf
17:11:17 : Side: Turmoil: Ola Ola Ola .... 
17:11:29 : Side: Turmoil: great shot :D
17:11:36 : Side: approved murder: Troll lo lo
17:12:21 : Side: Ola: bloodfest at nwaf, love it
17:15:57 : Side: Ola: simon says.... splat
17:29:07 : Side: Franchi516: Boris you are russian?
17:34:27 : Side: Ola: wow
17:34:36 : Side: Turmoil: fell down?
17:35:02 : Side: Ola: nope, was riding a motorbike and fell off. Spawned right into a mission with an M2 beside me
17:35:22 : Side: Ola: gonna pistol whip him
17:35:26 : Side: All: same happened to me
17:35:29 : Side: Ola: the heli might be harder
17:37:32 : Side: Ola: that ended predictably. I got rhe M2 though :D
17:59:20 : Side: Patrick: hi
17:59:28 : Side: Turmoil: hi ^^
17:59:32 : Side: Sierra [SD]: Hi :) - not long until restart 
18:14:30 : Side: Franchi516: Sorry me in no eng on chat Борис и сантехник в по русски говорите?
18:14:45 : Side: Santexnik: да
18:14:55 : Side: Franchi516: МОжет в группу?
18:15:05 : Side: Santexnik: ок
18:15:20 : Side: Santexnik: борис не со мной
18:15:25 : Side: Franchi516: Я понял
18:15:34 : Side: Franchi516: F5 accept
18:33:34 : Side: Tom: Hola des amigo
18:55:02 : Side: diebels10010: hallo zusammen 
18:57:37 : Side: diebels10010: ist das ein pvp server ??
18:57:58 : Side: Sebastian: well its english only
18:58:56 : Side: diebels10010: sorry no englisch 
18:59:24 : Side: Julian: well i guess you cant play on this server then XD
19:00:13 : Side: Tom: no hablo englando?
19:00:16 : Side: Tom: des amigo
19:00:24 : Side: KomuriKun: qué?
19:00:43 : Side: Tom: yes
19:01:11 : Side: diebels10010: deutsch 
19:54:36 : Side: 2DIE4: here comes the pain
19:54:40 : Side: 2DIE4:  hi all
20:01:41 : Side: nutzer: anyone else got lags?
20:01:54 : Side: simon: me and rasmus does
20:01:57 : Side: [KRT]Uku: Like random lag spikes every second ?
20:02:05 : Side: Blyatcuk: yep
20:02:07 : Side: [KRT]Uku: same
20:02:09 : Side: Sebastian: me too
20:02:28 : Side: nutzer: so probably server issues 
20:03:33 : Side: [KRT]Uku: annoying asf
20:03:49 : Side: nutzer: agreed
20:13:54 : Side: Matt: how often does this stuttering happen
20:14:07 : Side: Matt: is it a one off?
20:14:23 : Side: [KRT]Uku: First time experiencing this
20:14:34 : Side: Matt: how long u been playing?
20:14:39 : Side: Matt: on this server
20:14:45 : Side: [KRT]Uku: 2-3 days
20:15:02 : Side: Matt: ok
20:15:11 : Side: Matt: how often does this restart?
20:15:30 : Side: Matt: nvm 
20:15:33 : Side: Matt: im retarded
20:19:20 : Side: 2DIE4: low frames????  wtf
20:19:53 : Side: Jesse: yup, frame drops... 
20:20:57 : Side: 2DIE4: hey ola... try a reconnect.. your bandwith is showing that its almost dead
20:21:29 : Side: 2DIE4: who else laggin?
20:21:39 : Side: Adam: lots of people
20:21:43 : Side: [NG2] Strifer: me
20:21:56 : Side: Adam: me and matta
20:21:59 : Side: Adam: matt
20:44:36 : Side: Sierra [SD]: Hello boys, everyone alright?
20:44:40 : Side: nutzer: yup
20:44:46 : Side: nutzer: no lags anymore
20:44:47 : Side: 2DIE4: hey =) yap
20:45:03 : Side: Sierra [SD]: good good! I had terrible lag yesterday night
20:45:13 : Side: Sierra [SD]: my fault though
20:45:17 : Side: Sierra [SD]: my internet
21:03:26 : Side: [GOC] hairy: HAHAHA u aint ment to blow ya own car up 
21:04:26 : Side: Gandy: i didnt expect it to blow up from 3 bullets :D
21:24:40 : Side: 2DIE4: i am the TRUTH!!!
21:24:59 : Side: Sierra [SD]: so true that you are infact untrue :P
21:25:08 : Side: 2DIE4: naaa XD
21:25:20 : Side: Sierra [SD]: hee hee ;)
21:26:42 : Side: Adam: simon how did u get back there so fast ?
21:27:02 : Side: simon: i spawned in gorka
21:27:07 : Side: Adam: twice
21:27:10 : Side: Adam: because u died there before
21:27:13 : Side: simon: yes?
21:28:10 : Side: Adam: strange y friend died there and couldnt respawn a second time in guglovo
21:28:32 : Side: Adam: gorka i mean
21:28:45 : Side: [GOC] hairy: hu just done weopons 
21:30:02 : Side: 2DIE4: hello UH 60  XD
21:30:34 : Side: Sebastian: hey:D
21:30:45 : Side: 2DIE4: XD
21:31:06 : Side: Sebastian: jusrt on my way to trader
21:52:38 : Side: simon: admin?
21:52:50 : Side: Sierra [SD]: hi simon, what's up?
21:52:56 : Side: simon: never mind :D
21:53:07 : Side: Sierra [SD]: ok :D
21:54:29 : Side: 2DIE4: gg ola
21:54:51 : Side: 2DIE4:  if u need anything take it  or just lemme pick it up = ) 
21:55:06 : Side: 2DIE4: just gotta suicide  Xd
21:55:10 : Side: Adam: ley me pick it up
21:55:22 : Side: Ola: I may have taken a few things to fund my new motorbike
21:55:56 : Side: 2DIE4: ;-)
21:58:54 : Side: 2DIE4: how did u spot me ?
21:59:01 : Side: Ola: you got on a bike lol
21:59:12 : Side: 2DIE4:  well fait enough  Xd
21:59:24 : Side: 2DIE4: fair
21:59:26 : Side: Ola: even a ghille cant hide that xD
21:59:35 : Side: 2DIE4: true
22:03:47 : Side: 2DIE4: me up her u see me?
22:04:25 : Side: 2DIE4: comin to my spot .. cool?
22:04:40 : Side: Ola: im not there
22:22:20 : Side: 2DIE4:  by who?
22:27:42 : Side: 2DIE4: ola did u get me again?
22:27:48 : Side: Ola: nope
22:27:58 : Side: Ola: I got killed withon 30 secs of respawning
23:28:45 : Side: Romeo Petti: hi guys ..... new player here
23:28:52 : Side: Sierra [SD]: Hi there :)
23:33:03 : Side: simon: admin, from witch country is this server hosted, and do you life there yourself? :D
23:33:55 : Side: Sierra [SD]: the server is hosted in germany and we are in the uk
23:34:11 : Side: Romeo Petti: says so on the website .....
23:34:16 : Side: simon: okay then, whats the clock in uk right now?
23:34:40 : Side: userpc: 00 30 
23:34:50 : Side: simon: okay
23:34:56 : Side: Sierra [SD]: its 11:30 here
23:35:15 : Side: Sierra [SD]: 11:35 to be exact :P
23:35:17 : Side: Turmoil: 00:35 here :O
23:35:29 : Side: userpc: wait uk is gmt 0 
23:41:09 : Side: Romeo Petti: running zombies ..... have not had them in a while !
23:41:17 : Side: Sierra [SD]: xD
23:50:01 : Side: Sierra [SD]: I'm off guys - see you later! have fun! :)
23:50:12 : Side: Romeo Petti: cya'
23:56:09 : Side: Romeo Petti: i am totally new on this server .... can anyone give me a quick headsup about where NOT to go ???
23:56:26 : Side: simon: my base
23:56:45 : Side: Romeo Petti: good point ..... i have not seen any bases yet
23:56:47 : Side: KomuriKun: just the N-W sides, the rest is chill
23:56:53 : Side: KomuriKun: North more dangerous than South
23:56:56 : Side: simon: me nieter, i have only seen mine
23:57:12 : Side: Romeo Petti: nwaf no go area
23:57:41 : Side: KomuriKun: you'll get an m107 or an as50 stuck i nyour ass if you gow
23:57:45 : Side: Turmoil: i guess the best choice is to stay away from bases xD i know there are several big groups so could be a bit of a hazzle if you enter the wrong one xD
23:57:57 : Side: Turmoil: like i did
23:58:23 : Side: Romeo Petti: ...... first weapon i found is an LLR .... who wants to buy it ???
23:59:51 : Side: [NG2] Strifer: heya
