02:18:07 : Side: Bobby: are antibiotics bugged or different then usual?
02:20:04 : Side: Bobby: why im keep loosing blood?
02:22:06 : Side: Bobby: .-.
10:13:38 : Side: agss: hello
10:13:54 : Side: Tamago: hi
10:15:59 : Side: Tamago: you are from greg?
10:16:10 : Side: agss: yes :) we friend
10:16:17 : Side: Tamago: bede na tsie xD
10:16:20 : Side: agss: and walasznikow
10:16:44 : Side: agss: nie wbije w tsa bo w pracy na sluzbie jestem i nie moge gadac
10:16:49 : Side: Tamago: aha xDlol
11:28:27 : Side: agss: hello
11:28:38 : Side: GloomyRaccoon: Hi
11:29:09 : Side: agss: friendly?
11:29:16 : Side: GloomyRaccoon: Yes
11:29:31 : Side: agss: i am too
11:29:37 : Side: GloomyRaccoon: ok :)
12:03:21 : Side: nKey: Hi everyone
12:03:25 : Side: GloomyRaccoon: Hu
12:03:28 : Side: GloomyRaccoon: Hi
12:03:49 : Side: Tamago: hi
12:35:08 : Side: agss: cze greg
12:36:08 : Side: agss: greg daj zape do grupy zebym nie strzelal do swoich :)
14:26:22 : Side: Walasznikow: :)
14:26:46 : Side: Greg: add me ;p
14:51:00 : Side: agss: siema
14:51:08 : Side: Walasznikow: :)
14:53:13 : Side: Walasznikow: DO GRUPY
16:40:54 : Side: VLADIMIR>***: admin?
16:42:59 : Side: VLADIMIR>***: admin?
16:54:44 : Side: Hippi: hi
16:54:51 : Side: agss: hello
16:54:56 : Side: Hippi: you wouldn't happen to have some blood would you?
16:54:59 : Side: VLADIMIR>***: hi
16:55:01 : Side: Hippi: I'm new to the server
16:55:32 : Side: Hippi: Thanks so much
16:55:40 : Side: agss: np
16:55:59 : Side: 2DIE4:  hi new victim  XD
16:57:14 : Side: VLADIMIR>***: hello admin:) i have a problem in my database disappeard my plot pole i can not make paymennts
16:57:28 : Side: VLADIMIR>***: will you help me?
16:57:42 : Side: VLADIMIR>***: sory my enhlesh not wery god
16:57:44 : Side: 2DIE4:  u can remove it?  
16:58:08 : Side: 2DIE4:  if yes remove it replant and make your maintanance
16:58:25 : Side: VLADIMIR>***: /no  he dissappeard
16:58:33 : Side: 2DIE4:  place a new one
16:59:29 : Side: VLADIMIR>***:  recoginizes the previous?
16:59:42 : Side: 2DIE4:  u polace it  its yours
16:59:50 : Side: 2DIE4:  u place it  its yours
16:59:54 : Side: VLADIMIR>***: yes 100 %
17:00:16 : Side: 2DIE4: 100%
17:00:56 : Side: VLADIMIR>***: scaner?
17:02:25 : Side: VLADIMIR>***: i do not understend:(
17:02:33 : Side: 2DIE4:  hey sierra
17:02:43 : Side: 2DIE4:  how come i cant sell bloodbags at trader?
17:03:28 : Side: 2DIE4:  no option.. its like not recognizing them in my inv
17:03:38 : Side: 2DIE4:  u can buy em
17:04:12 : Side: 2DIE4:  aight
17:05:42 : Side: Hippi: Hi I'm new to 1.0.6.1. Can you tell me the purpose for duct tape here? I know it repairs in A3
17:05:57 : Side: 2DIE4:  throw it away
17:06:04 : Side: Hippi: lol Roger
17:06:20 : Side: LWB [SD]: dontknow why BB wont sell, Im guessing they are using different classnames, even though the one I just bought wont sell either
17:06:40 : Side: 2DIE4:   thats a  ripoff XD
17:07:41 : Side: VLADIMIR>***: admin i want to put another, but detects first
17:08:58 : Side: VLADIMIR>***: no only mi
17:09:12 : Side: nKey: How much dmg do wooden walls take?
17:13:23 : Side: 2DIE4: omg id be laughing my ass off XD
17:13:34 : Side: LWB [SD]: the plot pole is here
17:13:41 : Side: LWB [SD]: its has disaperared
17:13:43 : Side: LWB [SD]: hasnt
17:21:25 : Side: 2DIE4: i see u on the hill  =)
17:21:30 : Side: 2DIE4:  u want the car? 
17:21:30 : Side: nKey: God damnit game Im not trying to enable cheats I'm trying to mute teamspeak :D
17:22:23 : Side: 2DIE4:  i ll le u live !
17:22:30 : Side: 2DIE4:  got get the car -.-... 
17:22:36 : Side: 2DIE4:  ill take the ammo
17:23:11 : Side: 2DIE4:  u have my word 4 it  and u can ask anybody if i say so it is written and sealed
17:23:51 : Side: 2DIE4:  u came here with ya mozzi  .
17:24:00 : Side: 2DIE4:  just get it and then get the car
17:24:39 : Side: 2DIE4:  must b someone new  XD
17:24:50 : Side: 2DIE4:  LWB tell him what my word is worth!
17:26:10 : Side: 2DIE4: this is my offer !  .. and dont lemme wait too long!
17:33:42 : Side: 2DIE4: told u 1
17:33:52 : Side: 2DIE4:  DONT LEMME WAIT TOO LONG
17:40:04 : Side: 2DIE4:  anybody want an M2 military offroad?
17:40:33 : Side: Daniel: anyone want an M107 Mag?
17:41:13 : Side: 2DIE4:  ill give it away 4 free in stary 
17:41:24 : Side: 2DIE4:  so u can feel safe taking it
17:41:26 : Side: Daniel: why not sell it?
17:41:43 : Side: 2DIE4:  dude i got over 120 Topaz .-.-.. this is peanuts to me
17:41:48 : Side: Daniel: :D
17:43:09 : Side: Hippi: That moment when somebody keeps texting you and you are trying to scratch out a DayZ living!
17:43:35 : Side: Daniel: Wat
17:43:43 : Side: 2DIE4:  who ever wants it just untow it
17:43:56 : Side: 2DIE4:  np
17:44:27 : Side: Daniel: how much humanity do you need for bandit and hero?
17:44:33 : Side: Daniel: rn at -1205
17:44:36 : Side: 2DIE4:  5k
17:44:41 : Side: Daniel: for both?
17:44:57 : Side: Daniel: minus* for bandit
17:45:47 : Side: Daniel: whos in the heli near stary?
17:46:20 : Side: Hippi: I was but dead now
17:47:03 : Side: 2DIE4:  hippi  ita ll there  i just took one gold as a tribute
17:47:16 : Side: 2DIE4:  and ill leave the truck there  =) 
17:47:51 : Side: 2DIE4: did he logg?
17:47:59 : Side: Daniel: Yep :DDD
17:48:11 : Side: 2DIE4:  omg  they dont know how human i am  =9
17:48:55 : Side: 2DIE4: loot at kabanino  pig stab le   and a  truck
17:50:10 : Side: 2DIE4:  its not a  trap i am offering
17:51:25 : Side: 2DIE4:  Daniel go get it
17:51:31 : Side: 2DIE4:  onm the marker
17:51:57 : Side: Daniel: the truck?
17:52:03 : Side: Daniel: ive seen it
17:52:15 : Side: 2DIE4:  open 
17:52:19 : Side: 2DIE4:  amnd the body
17:53:15 : Side: Daniel: was that u in suv
17:53:26 : Side: 2DIE4:  yapw
17:53:59 : Side: 2DIE4:  u untowed a Mil offrs from it 2 mins agow
18:20:44 : Side: VLADIMIR>***: Admin thanks:) is ok:)
18:22:12 : Side: Kemsss: coins?
18:22:18 : Side: 2DIE4: no
18:22:29 : Side: 2DIE4:  hey KEK and friend ...
18:22:37 : Side: 2DIE4:  i left all your stuff there
18:22:37 : Side: nKey: ?
18:22:45 : Side: nKey: U blew it up
18:22:47 : Side: nKey: duh
18:22:57 : Side: 2DIE4:  your bodies is still there
18:23:07 : Side: 2DIE4:  and the loot from the soldiers
18:23:41 : Side: 2DIE4:  truck in kabanino if u need transport
18:23:59 : Side: nKey: No need
18:24:06 : Side: [KEK]neshy33: Well thanks for leaving our stuff, even if you just ripped us to bits XD
18:24:12 : Side: nKey: ty for leaving the stuff man
18:24:20 : Side: 2DIE4:  XD  brrrrrad
18:24:51 : Side: 2DIE4:  u can ask LWB our admin ... i might be a bandit but im not a total sick
18:24:54 : Side: 2DIE4:  dick
18:25:12 : Side: 2DIE4:  XD
18:26:22 : Side: Daniel: what does a MAAWS Missile do??
18:26:32 : Side: 2DIE4:  explode
18:26:32 : Side: nKey: Make things go boom
18:26:35 : Side: Daniel: heat rocket :/
18:26:40 : Side: nKey: Dont point at your face
18:26:42 : Side: Daniel: :D
18:26:55 : Side: Daniel: can i sell it somewhere?
18:27:04 : Side: 2DIE4:  now
18:27:12 : Side: Daniel: oh :(
18:27:26 : Side: Daniel: anyyone want a rocket lol
18:31:49 : Side: 2DIE4:  yaeh i hit 400 K  =)
18:32:21 : Side: Liner69: i wonder how u did that?????
18:32:46 : Side: 2DIE4:  i wonder too  i do all those bandit missions as well XD
18:33:02 : Side: 2DIE4:  guess i would have hit 500 k if i only did heros  XD
18:33:17 : Side: Liner69: this game is really easy if u cheat
18:33:27 : Side: 2DIE4:  i dont cheat  
18:33:40 : Side: Daniel: serial killer roleplay lol
18:35:18 : Side: Liner69: Who is Admin?
18:35:32 : Side: 2DIE4:  LWB
18:35:35 : Side: Daniel: LWB
18:35:38 : Side: 2DIE4:  and Sierra
18:35:46 : Side: Daniel: sierra
18:35:48 : Side: Daniel: yeah
18:37:10 : Side: 2DIE4:  if u think i cheat .. pls have a look at my steak profile  =) 
18:37:37 : Side: 2DIE4:  got another 1000+ hrs on an old acc i was testing with 
18:38:04 : Side: Liner69: i dont think u cheat......... i know, but its fine, the server is about to lose another 4 players
18:38:31 : Side: 2DIE4:  well if u cannot handle being shot .  dont play with weapons then 
18:38:37 : Side: Liner69: where and how did u get all of ur briefcases?
18:39:00 : Side: 2DIE4:  if been very busy  =) like a lil bee  =) 
18:39:11 : Side: 2DIE4:  pretty much yeah
18:39:12 : Side: Liner69: ok cos ur so good, like i said, when u cheat its easy
18:39:24 : Side: 2DIE4:  everybody i shot is safe to get to the body and loot it
18:39:38 : Side: 2DIE4:  dont land here  =)
18:39:54 : Side: Liner69: u carry on little boy and enjoy cheating
18:40:04 : Side: 2DIE4:  whatever   ... 
18:40:24 : Side: Liner69: ruined a good server
18:40:32 : Side: 2DIE4:  go whine somewhere else
18:40:42 : Side: Liner69: bye all
18:40:49 : Side: [KEK] Lutajev: bey
18:42:49 : Side: 2DIE4:  is that u Walasnikov?
18:42:53 : Side: Kemsss: coins?
18:42:54 : Side: Kemsss: ;D
18:42:56 : Side: 2DIE4:  sry kow
18:43:02 : Side: 2DIE4:  no coins
18:43:17 : Side: Kemsss: why?
18:43:31 : Side: 2DIE4:  because we have gold  =)
18:43:35 : Side: 2DIE4:  and  gems
18:43:47 : Side: 2DIE4:  and briefs  =)
18:44:07 : Side: Kemsss: Where i can find AS50?
18:44:14 : Side: 2DIE4:  u need to buy it 
18:44:20 : Side: 2DIE4:  not on the loot table
18:44:50 : Side: 2DIE4:  Walasznikow r u hero?  
18:45:04 : Side: 2DIE4:  because u came back with a mozzi pretty quick 
18:45:31 : Side: 2DIE4:  later all 
19:08:35 : Side: 2DIE4: sry i dont speak jibberish
19:10:50 : Side: 2DIE4: hey guys --- u r with third eye right?
19:11:13 : Side: 2DIE4: i know agss is =) 
19:11:28 : Side: agss: :)
19:25:49 : Side: 2DIE4: u wanna stay up there?
19:26:26 : Side: agss: HOW DO YOY NOW?
19:26:47 : Side: 2DIE4:  well im not stupid i shot ya mate down and u r still up there
19:27:17 : Side: 2DIE4:  last chance to leave
19:27:25 : Side: agss: ok. i go
19:27:55 : Side: 2DIE4:  ur mate can get his stuff  .. i will not chase u
19:55:00 : Side: 2DIE4:  hey greg
19:55:19 : Side: Greg: hey man
19:55:36 : Side: 2DIE4:  tell me  .. agss is with u right? 
19:55:44 : Side: 2DIE4:  is Walasznikow also?
19:55:47 : Side: Greg: yep ;)
19:55:56 : Side: 2DIE4:  both?
19:56:12 : Side: Greg: yeah, i hear you kill him today
19:56:46 : Side: 2DIE4:  if they troll me me oncemore i will forget about my ethics and tear yalls base down to the last brick!
19:57:20 : Side: Greg: its Tamago base, if you mean Zielono
19:57:57 : Side: 2DIE4:  well third  already told me  .. and yall ahve safes there as well 
19:58:16 : Side: Greg: only me, cos i play with Tamago an Sphinx
19:58:37 : Side: Greg: not them, they have they own bases
19:59:05 : Side: 2DIE4:  thats not a big deal to find it
19:59:22 : Side: Greg: you kill them they try to respond
19:59:24 : Side: 2DIE4:  i i go hunting chances of killing who i look 4 is 100%
19:59:35 : Side: 2DIE4:  i dont speak russian 
19:59:47 : Side: Greg: we are not russians ;p
19:59:47 : Side: 2DIE4:  this is an english server so keep it english
19:59:56 : Side: 2DIE4:  polish?
19:59:59 : Side: Greg: yeah
20:00:01 : Side: 2DIE4:  kurwa  XD
20:00:08 : Side: Greg: hahaha
20:00:20 : Side: 2DIE4:  is it pedau?
20:00:30 : Side: Greg: pedał is faggot
20:01:01 : Side: 2DIE4:  yea i know the meaning just didnt know how to spell
20:01:36 : Side: 2DIE4:  hey agss... nxt time u land on someones base ... dont pack your mozzi  XD
20:01:44 : Side: 2DIE4:  then u dont have to jump
20:01:51 : Side: agss: ok :)
20:02:00 : Side: Greg: ahahah
20:02:03 : Side: agss: i like jump :)
20:02:17 : Side: Greg: polish paratroopers ;p
20:14:47 : Side: Mr Wuzzle: hi all
20:15:07 : Side: Greg: hi
20:15:07 : Side: 2DIE4: hi
20:37:10 : Side: nKey: Why cant I equip rpg's?
20:40:16 : Side: nKey: Oh
20:40:27 : Side: nKey: Thanks m8
20:59:09 : Side: agss: 2DIE4 YOUR CAR A BASE IS BROKEN :)
22:02:06 : Side: Ryan: NICE TRY SHOOTING AT US 2DIE4
22:02:29 : Side: Ryan: NOW WE KNOW WHERE UR BASE IS
22:09:04 : Side: 2DIE4: omg u guys really attack bases when ppl r offline?  how sad is that?
22:09:16 : Side: 2DIE4:  u r  some real heros ...
22:09:32 : Side: Tomahawwk: we didnt attack we got shot at next to your base
22:09:35 : Side: Ryan: we were going to mission
22:09:57 : Side: 2DIE4:  who ever did it knows who i mean 
22:10:21 : Side: Tomahawwk: oh
22:10:29 : Side: 2DIE4: gj agss and the other dude
22:10:29 : Side: Ryan: if you shot at black hawk it was us but we weren't attacking ur base
22:10:55 : Side: 2DIE4: u would have shot wouldnt u?  =)
22:11:01 : Side: 2DIE4:  dont take it personal
22:11:19 : Side: Ryan: ya ur right 
22:11:23 : Side: Tomahawwk: alright good point
22:11:48 : Side: 2DIE4:  walasznikow  .. u guys rt some cowards but thats ok  =)
22:12:12 : Side: 2DIE4:  fight me when i m home  .-..--- not when ppl r offline 
22:12:16 : Side: 2DIE4:  thats no fun 
22:12:39 : Side: Tomahawwk: yea tahts a real asshole move if you want loot go to a bandit thing
22:14:59 : Side: Tamago: LOL
22:15:06 : Side: Greg: lol
22:15:29 : Side: Tamago: thout you were a
22:15:31 : Side: Tamago: ai
22:19:33 : Side: 2DIE4: tamago =)
22:19:39 : Side: Tamago: sup
22:20:01 : Side: 2DIE4: inv pls. 
22:20:06 : Side: 2DIE4:  got som  =) 
22:25:13 : Side: 2DIE4: hey agss
22:25:26 : Side: agss: hellos
22:25:42 : Side: 2DIE4: u werent soo smart right?  .... 
22:26:02 : Side: 2DIE4: u fucked up the lil bird and the damn key was in the box  XD
22:26:33 : Side: agss: i have this key :)
22:26:42 : Side: [KEK]neshy33: ;P
22:26:45 : Side: [KEK]neshy33: LOL?
22:26:53 : Side: 2DIE4:  sad that u didnt have the balls to fight me when i was online
22:27:13 : Side: 2DIE4:  u rather act like a  bitch and raid when ppl r offline  =) 
22:44:48 : Side: Tamago: yo 2die4 green huey is me so save your minigun xD
22:44:53 : Side: Tamago: doign a scouting mission'
22:45:12 : Side: 2DIE4:  agss and walasnibob  blew it up dont worry  =)
22:45:24 : Side: Tamago: oh kk
22:46:26 : Side: 2DIE4: those polish guys have no honor... sad  =(
22:46:31 : Side: Tamago: lel
22:52:10 : Side: 2DIE4: see that a  fair fight ... 
22:52:15 : Side: 2DIE4:  and its more fun
22:55:57 : Side: 2DIE4:  hey agss?  y did u take off?  
22:56:08 : Side: 2DIE4: u could have saved  walas gear
22:57:30 : Side: 2DIE4:  hey third  i got som   =)   inv?
22:58:44 : Side: 2DIE4: ryan..
22:58:52 : Side: Ryan: yes
22:59:02 : Side: 2DIE4: hows ya base down at krasnostav?
22:59:13 : Side: Ryan: how do you know
22:59:32 : Side: 2DIE4:  dude i knopw everything sooner or later i just wanted to mention it !
22:59:49 : Side: 2DIE4:  i admit ive been there in my mozzi just lookin at it
23:00:01 : Side: 2DIE4:  like oi said i dont raid when ppl r offline
23:01:30 : Side: ThirdEyeSphinx: At NW
23:02:00 : Side: 2DIE4: third eye  can u inv for a second?
