17:19:57 : Direct: Mario: take the loot if u want
17:20:05 : Direct: [NG2] Jesse: there is still 1 ai
17:20:16 : Direct: Mario: i come just for humanity, 
17:20:17 : Direct: [NG2] Jesse: i got killed .. 
17:20:19 : Direct: [NG2] Jesse: me 2
17:20:50 : Direct: [NG2] Jesse: thats my body
17:40:43 : Direct: [NG2] Jesse: its kinda nesty form him
17:40:49 : Direct: [NG2] Jesse: nasty*
17:41:40 : Direct: [NG2] Jesse: take what you need i dont care about money of soemthing
17:41:54 : Direct: [NG2] Jesse: sryy dude.. 
17:42:02 : Direct: Mario: ok
17:42:19 : Direct: [NG2] Jesse: did you guys lose alot? 
17:43:10 : Direct: [NG2] Jesse: your gonna do a new mission? 
17:43:23 : Direct: Mario: no :)
18:29:53 : Direct: Sierra [SD]: otherwise it kicks you
18:30:22 : Direct: Sierra [SD]: looks like someone has played a joke on you anyway - no way they would spawn like this
18:31:08 : Direct: Sierra [SD]: direct chat broken?
18:31:23 : Direct: Freedom: lol its you
18:31:37 : Direct: Freedom: ok now i see it
18:31:41 : Direct: Sierra [SD]: yeah - I came to look :)
18:31:56 : Direct: Freedom: i cant pack them battle eye kicks me if i do
18:32:01 : Direct: Sierra [SD]: if someone else has deployed them you need to sit in them 1st
18:32:12 : Direct: Freedom: ok
18:32:15 : Direct: Sierra [SD]: otherwise it thinks you are trying to steal someone elses mozzie
18:32:32 : Direct: Freedom: you think this is just a spawn thing
18:32:37 : Direct: Sierra [SD]: nope
18:32:40 : Direct: Freedom: or someone did this
18:32:42 : Direct: Sierra [SD]: someone is playing a joke on you
18:32:53 : Direct: Freedom: lmao
18:33:12 : Direct: Sierra [SD]: xD - why they would do this though I have no idea lol
18:33:19 : Direct: Freedom: me either
18:33:29 : Direct: Freedom: some stole my mossie from here once 
18:33:41 : Direct: Sierra [SD]: maybe the same person did this then lol
18:33:54 : Direct: Freedom: lol maybe you can have a few if you want lol
18:34:25 : Direct: Freedom: was a heli here last night locked 
18:34:35 : Direct: Freedom: but i blew it up
18:34:47 : Direct: Sierra [SD]: xD - thanks but I am good. Oh really lol :D 
18:35:00 : Direct: Sierra [SD]: someone is bringing you presenta haha
18:35:20 : Direct: Freedom: yeah i waited at top of that hill over their for hour watching but no one was around
18:35:34 : Direct: Freedom: this is crazy
18:35:45 : Direct: Sierra [SD]: lol :D. Its a bit weird but funny too. anyway if you don't need anything else I will be off. Enjoy your mozzies! :D 
18:35:53 : Direct: Freedom: i was gone for 15 min though lol
18:36:02 : Direct: Sierra [SD]: :D
18:36:09 : Direct: Freedom: ok bro thanks for coming by see ya
18:36:17 : Direct: Sierra [SD]: np - catch you later :)
18:56:52 : Direct: Luca: hi
18:57:23 : Direct: Luca: your gold
18:57:36 : Direct: Luca: hei man 
18:57:49 : Direct: Luca: your gold on the ground
18:58:07 : Direct: SoomqaBlyet: this is gift
18:58:09 : Direct: SoomqaBlyet: dude
18:58:17 : Direct: Luca: ok tx
18:58:21 : Direct: SoomqaBlyet: it is your now
18:58:26 : Direct: Luca: why?
19:11:02 : Direct: GBK: hi
19:11:21 : Direct: GBK: im friendly
19:11:41 : Direct: GBK: ok
19:11:43 : Direct: userpc: hi just died here need to get my gear
19:11:48 : Direct: GBK: not shot me please
19:11:57 : Direct: GBK: ok?
19:12:00 : Direct: userpc: i dont want to shoot you i want to get my gear back 
19:12:13 : Direct: userpc: care the ai
19:12:32 : Direct: GBK: go
19:12:42 : Direct: GBK: all die
19:20:47 : Direct: Freedom: hello
19:20:52 : Direct: GBK: hello free
19:20:59 : Direct: GBK: im finish the mision
19:21:05 : Direct: Freedom: i wont
19:21:13 : Direct: GBK: loot
19:21:18 : Direct: Freedom: roger
19:21:30 : Direct: GBK: nothing
19:21:34 : Direct: GBK: :(
19:21:39 : Direct: Freedom: guys go ahead ill take whats left
19:48:13 : Direct: LWB [SD]: is that attkaz or wheteevr he was called
19:48:37 : Direct: Sierra [SD]: he did have another name but can't remember what it is
19:48:46 : Direct: LWB [SD]: Yeah its buggin me
19:49:03 : Direct: Sierra [SD]: me too lol
19:49:33 : Direct: LWB [SD]: sure it was attkaz
19:49:47 : Direct: Sierra [SD]: might have been but I think something else too
20:03:01 : Direct: Luca: hi
20:03:11 : Direct: Panic: hiiii!! :D nice jeep :D
20:03:34 : Direct: Pibe: thnx
20:03:44 : Direct: Panic: :D
20:03:53 : Direct: Pibe: :)
