00:20:07 : Side: Jesse: is there a way to set a spawnpoint? 
00:22:42 : Side: Jesse: is there a way to set a spawnpoint? 
00:22:54 : Side: willi: no
00:23:39 : Side: Jesse: ty
00:43:44 : Side: Marco: if you deconstruct items, do you get them back?
00:43:51 : Side: Odlkanack: no
00:44:06 : Side: Marco: ah thanks
00:46:53 : Side: Marco: how do I make the crafting bench?
02:30:37 : Side: RiperS: Привет всем=)
11:43:41 : Side: micha$: hi
11:43:57 : Side: Wyhzo: Hi !
11:44:03 : Side: micha$: ru guys at the mission?
11:44:17 : Side: Wyhzo: Nop, just spawn ^^ 
11:44:31 : Side: micha$: ok
12:26:38 : Side: Headshot: hellow
12:29:42 : Side: Valued Customer: anyone giving lifts
12:30:03 : Side: NezoX: Hi
12:30:14 : Side: Valued Customer: hey
12:30:32 : Side: NezoX: are you russian?
12:30:34 : Side: Valued Customer: u giving lifts?
12:31:14 : Side: Valued Customer: ???
12:31:18 : Side: Valued Customer: no
12:31:23 : Side: NezoX: (
12:31:34 : Side: Headshot: where you at nezox ? 
12:31:49 : Side: NezoX: I am from russia
12:32:28 : Side: NezoX: you?
12:32:35 : Side: Headshot: im from belguim
12:32:42 : Side: NezoX: Тшсу
12:32:46 : Side: NezoX: Nice
16:37:36 : Side: Lewis: the amount of guys at that hero mission lo
16:37:38 : Side: Lewis: lol
21:15:03 : Side: Jaqen Hghar: this server have a day and night cycle?
21:15:11 : Side: Odlkanack: noa
21:15:12 : Side: SierraDeltaZ: No - vote
21:15:22 : Side: Jaqen Hghar: damn shame
21:15:29 : Side: Blackfyre: does it have a starter box?
21:15:33 : Side: SierraDeltaZ: no
21:20:46 : Side: David: Will jemand mit mir zusammen zocken ? :D
21:21:00 : Side: Odlkanack: english :)
21:21:35 : Side: David: My english is very bad :/
21:29:45 : Side: Odlkanack: you removed auto refuel?
21:30:21 : Side: SierraDeltaZ [SD]: nope - you can fuel up at petrol stations
21:31:07 : Side: Odlkanack: but it doesnt work
21:32:16 : Side: SierraDeltaZ [SD]: works for us
21:32:24 : Side: Ola: woeking for me too
21:32:28 : Side: Ola: working
21:32:29 : Side: Odlkanack: ok
21:32:34 : Side: Odlkanack: bug
21:32:41 : Side: SierraDeltaZ [SD]: yeah maybe try relogging
21:34:36 : Side: SierraDeltaZ [SD]: are you at the petrol station right now?
21:34:44 : Side: Odlkanack: no
21:35:02 : Side: SierraDeltaZ [SD]: ah ok I was going to say I could have taken a look to see if it was a localised thing
21:47:46 : Side: Blackfyre: how much is the cheapest heli which can hold 2 people?
21:47:58 : Side: SchwabbeRotzOrsch: little bird i think
21:48:04 : Side: SchwabbeRotzOrsch: 60 oz
21:48:21 : Side: Blackfyre: ah kk
21:48:31 : Side: Blackfyre: also is there a way to combine gold bars?
21:48:40 : Side: SchwabbeRotzOrsch: at the trader
21:49:07 : Side: Blackfyre: ah cheers :)
21:51:01 : Side: willi: ????
21:51:15 : Side: anv?ndaren: admin
21:51:38 : Side: SchwabbeRotzOrsch: sry the driver just slept in
21:52:09 : Side: SierraDeltaZ [SD]: hey - what's up?
21:54:17 : Side: anv?ndaren: yeah so i kinda locked the key in the car by accident so if you could come help i would be very thankful
21:54:46 : Side: SierraDeltaZ [SD]: sorry I cant help with that
21:55:26 : Side: Odlkanack: can i sell a hotwire kit?
21:56:15 : Side: anv?ndaren: well then im fucked, but do you know a way to get the key out off the car ?
21:56:29 : Side: SchwabbeRotzOrsch: hotwire kit?
21:56:36 : Side: SierraDeltaZ [SD]: buy the hotwire kit off of Odl :D
21:56:46 : Side: SchwabbeRotzOrsch: ;)
21:56:54 : Side: anv?ndaren: ok thanks for response :)
21:57:16 : Side: SierraDeltaZ [SD]: np - sorry I couldn't help
21:57:26 : Side: anv?ndaren: yeah but its fine
22:37:57 : Side: Patrick: hi
22:38:11 : Side: SierraDeltaZ [SD]: hey
22:38:11 : Side: willi: hi
22:38:18 : Side: Odlkanack: dere
22:39:00 : Side: Patrick: how your day?
22:39:11 : Side: Patrick: how's*
22:39:16 : Side: SierraDeltaZ [SD]: good thx - you?
22:39:25 : Side: Patrick: good im surviving
22:39:42 : Side: SierraDeltaZ [SD]: nice to know! :)
22:39:59 : Side: Patrick: good to know you are alive too ! :)
22:40:10 : Side: SierraDeltaZ [SD]: xD
23:52:06 : Side: Odlkanack: ok guys ;) 
