07:38:36 : Group: 2DIE4:  anybody doin th pickup?
10:49:50 : Group: Ovidiu: do next mission?
10:50:05 : Group: Turmoil: i dont do hero missions, sorry :)
10:50:21 : Group: Ovidiu: bandits patrol
10:50:34 : Group: Turmoil: oh yeah didnt see that
10:50:35 : Group: Turmoil: sure
10:50:57 : Group: Ovidiu: just wait too left my gear
10:51:21 : Group: Turmoil: okay, i follow you 
10:57:12 : Group: Ovidiu: here cars or heli from the mission dissapear?
10:57:29 : Group: Turmoil: did you see any vehicles?
10:57:40 : Group: Ovidiu: no
10:59:24 : Group: Turmoil: oh dang it, im gonna need some spare parts xD lol
10:59:34 : Group: Ovidiu: what parts?
10:59:42 : Group: Turmoil: engine and rotor parts
10:59:51 : Group: Ovidiu: wait
11:00:09 : Group: Turmoil: we can do mission first :)
11:00:32 : Group: Ovidiu: open the heli
11:01:10 : Group: Turmoil: just a lockbox ^^
11:01:16 : Group: Ovidiu: there
11:01:43 : Group: Turmoil: i came a bit to close to the mission so i landed to hard 
11:01:47 : Group: Ovidiu: logg out come backs
11:01:59 : Group: Ovidiu: noo ammo 
11:02:11 : Group: Turmoil: okay
11:03:14 : Group: Ovidiu: done
11:03:18 : Group: Turmoil: ok 
11:03:20 : Group: Ovidiu: 1 more player
11:03:23 : Group: Ovidiu: go?
11:03:26 : Group: Turmoil: yes i see
11:03:39 : Group: Turmoil: also a mozzie over there
11:04:54 : Group: Turmoil: this is bad place for mission
11:04:59 : Group: Turmoil: need to go close :P
11:05:10 : Group: Ovidiu: you have friends to play arma?
11:05:19 : Group: Ovidiu: from norway?
11:05:23 : Group: Turmoil: not from Norwa
11:06:25 : Group: Ovidiu: wtf :))
11:06:47 : Group: Turmoil: i think there is one left
11:07:08 : Group: Ovidiu: i'm go there 
11:08:24 : Group: Ovidiu: yeap
11:09:01 : Group: Turmoil: i only take rangefinder :) only thing i need :)
11:10:24 : Group: Turmoil: put whatever you need in the car and i can fly you and the car back to your base :)
11:10:38 : Group: Turmoil: unless you want to drive back
11:10:48 : Group: Ovidiu: i will go and sell the guns
11:13:30 : Group: Turmoil: ill go get helicopter
11:13:49 : Group: Ovidiu: ok
11:15:24 : Group: Turmoil: im gonna salvage some parts from this mozzie over here
11:17:38 : Group: Ovidiu: done here
11:17:41 : Group: Turmoil: okay
11:18:01 : Group: Ovidiu: go to stary sobor to sell?
11:18:07 : Group: Turmoil: okay :)
11:18:16 : Group: Ovidiu: another one
11:18:41 : Group: Turmoil: i need to go soon so i dont have time for another mission, sorry
11:18:51 : Group: Ovidiu: no problem man 
11:19:13 : Group: Ovidiu: i hope to play togheter when you come back
11:19:49 : Group: Ovidiu: good man
11:19:52 : Group: Ovidiu: thank you
11:19:55 : Group: Ovidiu: very much
11:19:55 : Group: Turmoil: unless my group is on we can play together ^^
11:20:18 : Group: Turmoil: if they are on i play with them :) i can ofcourse help you if you need that
11:20:30 : Group: Ovidiu: okay
11:20:34 : Group: Ovidiu: :)
11:24:10 : Group: Turmoil: what happend???
11:25:40 : Group: Ovidiu: yeap :)
15:10:08 : Group: [NG2] Jesse: mission clear!
15:10:13 : Group: Turmoil: hey honey <3
15:10:20 : Group: Turmoil: nice ^^
15:10:34 : Group: Turmoil: i was on TS waiting for you to come on xD lol... 
15:32:54 : Group: Laurence Gommersil: yo
15:33:04 : Group: [NG2] Jesse: yo
15:42:42 : Group: Laurence Gommersil: turmoil
15:42:49 : Group: Turmoil: yeees?
15:43:00 : Group: Laurence Gommersil: got a spare hunting knife i could borrow?
15:43:39 : Group: Turmoil: sorry man, i dont even have one on me atm, i lost my gear yesterday when i deid
15:44:10 : Group: Laurence Gommersil: jesse you got a spare hunting knife?
15:44:21 : Group: Laurence Gommersil: i just need to unpack my plywood
15:44:50 : Group: [NG2] Jesse: i will come over
15:44:56 : Group: Laurence Gommersil: im here
15:45:40 : Group: [NG2] Jesse: ooh sorry i dont have one :( 
15:45:51 : Group: [NG2] Jesse: thought i hade one11. .
15:45:56 : Group: [NG2] Jesse: :( 
16:06:10 : Group: Laurence Gommersil: turmoil
16:06:24 : Group: Laurence Gommersil: inv prismic
16:07:03 : Group: Turmoil: Prismic? :D
16:19:25 : Group: [NG2] Jesse: are you sure your going to do the mission? , but we are close now :P PP
16:19:40 : Group: PRISMIC: yer we just got heli were on our way
16:22:36 : Group: Turmoil: well, thats 12-15 BC's gone ^^
16:23:01 : Group: PRISMIC: fs doing bh crash
16:23:17 : Group: Turmoil: xD
16:23:33 : Group: PRISMIC: well just do the  next one
16:23:55 : Group: Turmoil: im gonna go eat so i dont mind if the mission disapeared :D
16:24:02 : Group: Turmoil: just said so you know the mission was gone ^^
16:24:25 : Group: PRISMIC: lol kkw
17:15:08 : Group: Laurence Gommersil: jesse
17:15:12 : Group: [NG2] Jesse: yo
17:15:16 : Group: Laurence Gommersil: wanna do hero base wit us at dam?
17:15:22 : Group: Laurence Gommersil: or nah
17:15:35 : Group: [NG2] Jesse: yeah you guys can come over to the tower.. 
17:15:54 : Group: Laurence Gommersil: or u not wanna do it bc ure hero?
17:16:15 : Group: [NG2] Jesse: you guys can shoot i will protect you
17:16:21 : Group: Laurence Gommersil: ok thanks!
17:18:27 : Group: Laurence Gommersil: jesse im on my way
17:19:47 : Group: Laurence Gommersil: to be fair that happend like 8 times npw
17:19:49 : Group: Laurence Gommersil: now
17:20:27 : Group: [NG2] Jesse: thats becuase the roof is not straight,.. 
17:20:37 : Group: [NG2] Jesse: there not snapt
17:21:05 : Group: Laurence Gommersil: tower?
17:22:39 : Group: Laurence Gommersil: lol hes mad he said see if you can do a better job of roof
17:23:04 : Group: [NG2] Jesse: haha
17:23:25 : Group: Laurence Gommersil: imma start mission
17:23:32 : Group: [NG2] Jesse: yes
17:23:45 : Group: [NG2] Jesse: go for it
17:24:18 : Group: Laurence Gommersil: wtf...
17:24:24 : Group: Laurence Gommersil: i hit one but hes still alive
17:24:41 : Group: [NG2] Jesse: yea that can happen just shoor more bullets
17:25:50 : Group: Laurence Gommersil: did u just kill me...
17:25:57 : Group: [NG2] Jesse: you got shot by arne
17:26:11 : Group: Laurence Gommersil: FUCK
17:26:19 : Group: Laurence Gommersil: U SEE HIM???
17:26:29 : Group: [NG2] Jesse: nope try to find him
17:28:59 : Group: Laurence Gommersil: i was unconsious covered by the sandbags how did he shoot me...
17:29:11 : Group: [NG2] Jesse: the hill maybe
17:30:18 : Group: [NG2] Jesse: cant sse him
17:30:36 : Group: Laurence Gommersil: well hes there
17:34:25 : Group: Laurence Gommersil: jesse let me in?
17:34:48 : Group: [NG2] Jesse: its not save.. 
17:34:55 : Group: [NG2] Jesse: i save you stuf dont worry
17:36:00 : Group: Laurence Gommersil: brb
17:36:04 : Group: [NG2] Jesse: i cant open the door,.. just go to your base and gear up 
17:37:06 : Group: [NG2] Jesse: i saved your tuff so dont worry about that
17:41:48 : Group: [NG2] Jesse: what are you doing?
17:41:55 : Group: Laurence Gommersil: sitting here
17:44:10 : Group: [NG2] Jesse: i am going to open the door
17:44:54 : Group: Laurence Gommersil: dude
17:45:07 : Group: [NG2] Jesse: your stuff is in the lockbox in the tower 
17:45:17 : Group: Laurence Gommersil: i swear u killed me i heard the exact same gun as the one i got shot with
17:45:44 : Group: [NG2] Jesse: he shot you with the same gun! ,,.. its arne so we need to becarefull 
17:47:53 : Group: [NG2] Jesse: becarefull keep your head low 
17:48:13 : Group: Laurence Gommersil: keep the m1o13
17:48:17 : Group: Laurence Gommersil: whatever its called
17:48:26 : Group: [NG2] Jesse: ok
17:49:21 : Group: Laurence Gommersil: every time i shoot imma get down
17:49:31 : Group: [NG2] Jesse: :o dont know why
17:49:47 : Group: [NG2] Jesse: he knows your here now.. 
17:50:05 : Group: [NG2] Jesse: go lay down here you can shoot the mission beter
17:50:46 : Group: [NG2] Jesse: go lay here!
17:51:46 : Group: Laurence Gommersil: my shots are shit today
17:51:56 : Group: [NG2] Jesse: take your time
17:52:12 : Group: [NG2] Jesse: its 600m
17:52:40 : Group: [NG2] Jesse: heli
17:53:13 : Group: [NG2] Jesse: dude dont oke fire to the heli :P 
17:53:27 : Group: [NG2] Jesse: just clear the mission
17:54:06 : Group: Laurence Gommersil: its ack
17:54:31 : Group: Laurence Gommersil: if it comes back imma rko it
17:55:02 : Group: [NG2] Jesse: only if itts attacking, its just passing by,... if you shoot you make more enemys
17:56:10 : Group: Laurence Gommersil: omg
17:56:14 : Group: Laurence Gommersil: they keep moving
17:56:30 : Group: [NG2] Jesse: did you zero your gun?
17:56:54 : Group: Laurence Gommersil: there we go
17:58:44 : Group: Laurence Gommersil: see anymore?
17:58:55 : Group: Laurence Gommersil: i see 1
17:58:58 : Group: Laurence Gommersil: at back
17:59:21 : Group: Laurence Gommersil: u got it?
17:59:29 : Group: [NG2] Jesse: nope
17:59:42 : Group: Laurence Gommersil: u see any
17:59:51 : Group: [NG2] Jesse: nope not from here
18:00:15 : Group: Laurence Gommersil: what u shooting
18:00:25 : Group: [NG2] Jesse: sa one
18:00:29 : Group: Laurence Gommersil: where
18:00:31 : Group: [NG2] Jesse: its dead now
18:00:33 : Group: Laurence Gommersil: ok
18:00:41 : Group: Laurence Gommersil: shall we go down
18:01:18 : Group: [NG2] Jesse: maybe you need to leave you hotwirekit here,
18:01:32 : Group: Laurence Gommersil: ok
18:01:42 : Group: [NG2] Jesse: and you expensive stuff you dont want to lose
18:02:53 : Group: Laurence Gommersil: back
18:04:38 : Group: [NG2] Jesse: go!
18:05:25 : Group: Laurence Gommersil: spare large gunbag spawned at dam
18:07:36 : Group: Laurence Gommersil: HELP
18:07:41 : Group: Laurence Gommersil: MISSION CAMPERS
18:11:36 : Group: Laurence Gommersil: jesse can u bring me a heli or something to put this gear in
18:11:53 : Group: [NG2] Jesse: nope i at nexxt mission
18:12:31 : Group: Laurence Gommersil: arne is pretty nice
18:12:34 : Group: Laurence Gommersil: i like him
18:19:17 : Group: Laurence Gommersil: oh ok
18:22:22 : Group: PRISMIC: IM GOING TO DO THAT YELLOW MISSION
18:25:41 : Group: [NG2] Jesse: i got shot close to your base
18:26:06 : Group: Laurence Gommersil: im bait
18:27:44 : Group: Laurence Gommersil: GUY AT BASE
18:32:40 : Group: [NG2] Jesse: send invite to 2die
18:38:03 : Group: [NG2] Jesse: the sds guys are enyoning
18:38:27 : Group: [NG2] Jesse: there always hunting at or lake.. 
18:38:47 : Group: [NG2] Jesse: do you know where there bases are? 
18:39:11 : Group: 2DIE4:  check map   i think about there 
18:39:32 : Group: [NG2] Jesse: humm intressting.. 
18:39:47 : Group: [NG2] Jesse: there a lot of little bases.. 
18:40:01 : Group: [NG2] Jesse: maybe i need to inspect it some day
18:40:01 : Group: 2DIE4:  whos MH13 E is that?
18:40:50 : Group: [NG2] Jesse: we dont have one? 
18:41:02 : Group: 2DIE4: duno
18:41:51 : Group: [NG2] Jesse: but still the sds guys they just shoot and kill and walk away.. maybe in futher we need to raid ther base or something like that.. 
18:42:12 : Group: 2DIE4:   welli got me  alil bit of his stufff  XD
18:42:28 : Group: [NG2] Jesse: something good?
18:42:50 : Group: 2DIE4:  they key 
18:42:55 : Group: [NG2] Jesse: ooh ,
18:42:56 : Group: 2DIE4:  DMR camo
18:43:06 : Group: [NG2] Jesse: key of there heli? 
18:43:09 : Group: 2DIE4:  some gold
18:43:14 : Group: 2DIE4:  yap
18:43:31 : Group: [NG2] Jesse: standing there at the base ? or did he use it to come over? 
18:43:38 : Group: 2DIE4:  ill check if that choppa is missing onthat base 
18:43:50 : Group: 2DIE4:   pretty much right where i am
18:44:21 : Group: 2DIE4:  im in  =9
18:44:33 : Group: [NG2] Jesse: ooh they tryed to do the mission but i am little faster, .. so they follopwd me
18:44:46 : Group: [NG2] Jesse: haha
18:44:59 : Group: 2DIE4:  ill check base
18:45:06 : Group: [NG2] Jesse: oke ^^ 
18:46:57 : Group: [NG2] Jesse: no one home ? 
18:47:10 : Group: 2DIE4: no
18:50:25 : Group: [NG2] Jesse: thanks for the help ^^ 
18:50:57 : Group: 2DIE4: np
18:51:26 : Group: [NG2] Jesse: what do you think about the sds guys? 
18:52:06 : Group: 2DIE4: nothing special
18:52:41 : Group: [NG2] Jesse: i heard they offerd you to join them .. 
18:52:54 : Group: 2DIE4:  yap
18:53:05 : Group: 2DIE4:  want this chopper?`
18:53:14 : Group: [NG2] Jesse: no thank you ^^ 
18:53:23 : Group: 2DIE4:  otherwise ill crash it
18:53:32 : Group: [NG2] Jesse: haha its your, 
18:55:44 : Group: 2DIE4:  ill have  a smoke  =)
18:55:54 : Group: [NG2] Jesse: have fun ^^ :P 
19:47:09 : Group: Laurence Gommersil: yo tu
19:47:19 : Group: Turmoil: hola
19:47:38 : Group: Laurence Gommersil: bh crach at base
19:48:32 : Group: Laurence Gommersil: found a massive base
19:51:47 : Group: Laurence Gommersil: turmoil u see me xD
19:51:54 : Group: Turmoil: plz stay away from the mission, i need the stuff
19:52:02 : Group: Laurence Gommersil: dude im helping
19:52:16 : Group: Laurence Gommersil: not takin any loot xD
19:52:44 : Group: Laurence Gommersil: stop shooting 1 sec please
19:52:51 : Group: Laurence Gommersil: trying to pack mozzie xD
19:53:02 : Group: Laurence Gommersil: putting me in combat
19:53:11 : Group: Laurence Gommersil: omg...
19:53:43 : Group: Turmoil: WHAT=!
19:53:47 : Group: Turmoil: ?!
19:53:49 : Group: Laurence Gommersil: u keep shooting
19:53:54 : Group: Laurence Gommersil: its putting me in combat
19:53:59 : Group: Turmoil: well i told you im doing the mission! you landed on top here
19:54:08 : Group: Turmoil: im done now so pack your mozzie 
19:54:22 : Group: Laurence Gommersil: kk
19:54:26 : Group: Laurence Gommersil: thanks
19:56:01 : Group: Turmoil: dude
19:56:08 : Group: Laurence Gommersil: just lookin
19:57:08 : Group: Turmoil: Laurence, you can have anything in the crate, i got what i needed
19:57:55 : Group: Laurence Gommersil: we doin anymore missions?
19:59:42 : Group: Laurence Gommersil: nice landing
20:01:16 : Group: Laurence Gommersil: guys wanna do that black hawk mission its bandits?
20:09:59 : Group: Laurence Gommersil: wanna do that one aswell?
20:10:24 : Group: [NG2] Jesse: you can do that one
20:11:27 : Group: Laurence Gommersil: jesse can i have my hotwire kit back?
20:14:07 : Group: Laurence Gommersil: can i hitch a ride
20:14:45 : Group: Laurence Gommersil: ill be ure cover
20:14:49 : Group: Laurence Gommersil: go where ure gunna go
20:15:35 : Group: Laurence Gommersil: can i get my hotwire 
20:15:41 : Group: [NG2] Jesse: yea h yeahw
20:17:21 : Group: Laurence Gommersil: race back down go!
20:18:02 : Group: [NG2] Jesse: you a bandit now?
20:18:17 : Group: Laurence Gommersil: just wearing bandit outfit
20:18:35 : Group: Turmoil: GOODBYE CRUEL WORLD!
20:19:02 : Group: Turmoil: /killme
20:19:15 : Group: Laurence Gommersil: xD
20:19:57 : Group: Laurence Gommersil: i dont need to be dropped off here
20:20:06 : Group: Laurence Gommersil: ill go wherever ure going
20:20:15 : Group: Laurence Gommersil: im bored
20:20:32 : Group: Laurence Gommersil: so what stuff can u get at superhero trader?
20:21:24 : Group: [NG2] Jesse: dude you got your hot wire kit!
20:21:40 : Group: Laurence Gommersil: fine :/
20:23:43 : Group: Laurence Gommersil: jesse crashed ure heli
20:23:46 : Group: Laurence Gommersil: lol xD
20:24:28 : Group: Laurence Gommersil: jesse hoiw did u crash...
20:24:44 : Group: [NG2] Jesse: just flying to hard
20:26:54 : Group: Laurence Gommersil: jesse therres a guy headin for ure loot
20:27:36 : Group: [NG2] Jesse: you can shoot him, or i dont care if he takes it
20:29:41 : Group: Laurence Gommersil: wtf killed me..
20:29:52 : Group: Turmoil: AI
20:29:57 : Group: Laurence Gommersil: FUC
20:30:15 : Group: Laurence Gommersil: i thought novy lug camp was stary..
20:32:48 : Group: Laurence Gommersil: tanks and crap
20:37:51 : Group: Laurence Gommersil: jesse were you trying to do this novy lug camp?
20:38:05 : Group: [NG2] Jesse: nope
20:45:20 : Group: Laurence Gommersil: kk cool just didnt want to be shot
20:45:34 : Group: Laurence Gommersil: i just completed novy lug camp and got my gear
21:36:24 : Group: Ovidiu: no asa 
21:36:48 : Group: Ovidiu: cati ani ai?
21:41:14 : Group: Ovidiu: esti aici?
21:42:30 : Group: Ovidiu: ai skype?
22:16:56 : Group: Ovidiu: hey guys
22:17:01 : Group: Winans: i
22:17:02 : Group: Hailstorm: hello
22:17:03 : Group: Winans: hi
22:17:06 : Group: Ovidiu: what's up
22:17:08 : Group: Winans: whats up
22:17:16 : Group: Winans: going off soon
22:17:24 : Group: Ovidiu: ohh why?
22:17:30 : Group: Hailstorm: its late
22:17:32 : Group: Winans: work 2morrow
22:17:39 : Group: Ovidiu: yeah
22:18:04 : Group: Ovidiu: if you want i tell you guys where is 2die4 base
22:18:08 : Group: Winans: are u building a new base?
22:18:16 : Group: Ovidiu: noo
22:18:19 : Group: Hailstorm: where is it?
22:18:19 : Group: Winans: near altar i think right?
22:18:29 : Group: Ovidiu: i don't have anithyng
22:18:36 : Group: Ovidiu: let mee see 
22:18:46 : Group: Winans: arent u playing with christi and mario?
22:18:51 : Group: Ovidiu: yes
22:19:04 : Group: Ovidiu: that's my friends
22:19:24 : Group: Winans: u can mark 2die4s base on the map
22:20:03 : Group: Ovidiu: me and mario die there,,,camp us 
22:20:26 : Group: Winans: where is the base
22:21:18 : Group: Ovidiu: wait to check the map 
22:23:27 : Group: Winans: can u mark it or give coordinates?
22:23:32 : Group: Faldehals: hey heros....
22:23:36 : Group: Turmoil: i was just making a sandwich ^^ need some food
22:23:59 : Group: Faldehals: i macke chicken hehe
22:24:04 : Group: Ovidiu: near altar or someting....i'm go there to check and ii will tel you
22:24:16 : Group: Faldehals: hey also come to me pls#
22:24:25 : Group: Faldehals: you see my position
22:24:31 : Group: Hailstorm: is it a metal tower
22:24:31 : Group: Winans: yeah its his base...
22:24:36 : Group: Winans: wasmt 100 % sure
22:24:58 : Group: Faldehals: maybe keep 3 safes with
22:25:10 : Group: Faldehals: not sure how much i have here
22:25:23 : Group: Turmoil: the safes are locked... 3 safes an MTVR and a Merlin?
22:25:23 : Group: Ovidiu: i'm go there i will check on the map
22:25:28 : Group: Winans: nvm...
22:25:32 : Group: Winans: we are off for today
22:25:35 : Group: Winans: back 2morrow
22:25:40 : Group: Winans: gn8
22:25:46 : Group: Faldehals: i mean take 3 safes on you and come here
22:26:08 : Group: Faldehals: ahh here i have 3 ok 
22:26:11 : Group: Turmoil: why should i take 3 safes with me? i need to buy em and i dont have money on me :P
22:26:32 : Group: Faldehals: you have more you need in 20 min
22:26:48 : Group: Faldehals: :o)
22:26:54 : Group: [NG2] Jesse: i dont get you?
22:27:18 : Group: [NG2] Jesse: what do we need to do?
22:27:26 : Group: Faldehals: to come here hehe
22:27:34 : Group: [NG2] Jesse: and then?
22:27:54 : Group: Faldehals: why you ask pls do it you know you kan trust me and thats the reason i got you 
22:28:51 : Group: Turmoil: sup?
22:28:57 : Group: [NG2] Jesse: whats the problem? i dont get it ^^ 
22:29:04 : Group: Faldehals: here key is in car its full tuned
22:29:41 : Group: Faldehals: but w8 we start first :D
22:30:38 : Group: Faldehals: if you take the base i you hafe the rights to change what ever you like ?!
22:30:45 : Group: [NG2] Jesse: i dont get it why we are locked here ^^
22:30:46 : Group: Faldehals: you not i
22:30:48 : Group: Faldehals: lol
22:31:09 : Group: Faldehals: but 7 days are long time here 3 safes
22:31:09 : Group: Turmoil: if we take the plotpole - replace it and take ownership we will own it yeah
22:31:26 : Group: Faldehals: its at the ground and start at roof hehe
22:31:27 : Group: [NG2] Jesse: are you leaving the server?
22:31:42 : Group: Faldehals: come here in the lockbox
22:32:26 : Group: Faldehals: i give you guys this cause you are correckt ppls
22:32:41 : Group: Turmoil: so we take everything here? :O
22:33:00 : Group: [NG2] Jesse: the car or the base? ,.. oop caps
22:33:11 : Group: Faldehals: thats from lancer money inside but needs to w8 for 0000
22:33:36 : Group: Faldehals: and jeah thats no joke
22:33:42 : Group: [NG2] Jesse: falde just start over, what are we doing here?
22:34:08 : Group: Turmoil: are you giving this stuff to us? 
22:34:24 : Group: Faldehals: i show you ouer new base
22:34:30 : Group: Faldehals: cmon
22:35:02 : Group: Faldehals: i open all saves for you
22:35:23 : Group: [NG2] Jesse: can we keep  it? 
22:35:33 : Group: Faldehals: who like to set the plotpole ?
22:35:53 : Group: Faldehals: come down
22:36:14 : Group: Faldehals: sry i havnt write the keys down
22:36:36 : Group: [NG2] Jesse: why you giving it away? 
22:37:03 : Group: Faldehals: i play at more like 3 servers and i havnt more the time
22:37:15 : Group: [NG2] Jesse: your ganne quit?
22:37:25 : Group: Faldehals: andi dont like that to give it away befor it disapered
22:37:35 : Group: Faldehals: here is the magic
22:37:39 : Group: Faldehals: :)
22:38:35 : Group: Faldehals: security toors
22:38:58 : Group: [NG2] Jesse: so you going to quit? 
22:39:05 : Group: [NG2] Jesse: this is very kind of you
22:39:08 : Group: Faldehals: here thats the best place but im sure you use it good
22:39:23 : Group: Faldehals: special box this one
22:39:46 : Group: Faldehals: and what you think :D ?
22:40:08 : Group: Faldehals: put the save over the plot
22:40:25 : Group: Faldehals: so nobudy can take it
22:40:52 : Group: [NG2] Jesse: but this a goodby? 
22:41:04 : Group: Faldehals: thats not all there is one more safe with 40 bc i think from lancer 
22:41:09 : Group: Turmoil: leaving us forever? :(
22:41:16 : Group: Faldehals: jesse look in the lockbox
22:42:06 : Group: Faldehals: k must w8 for it
22:42:14 : Group: Faldehals: the special present hehe
22:42:26 : Group: Faldehals: you saw the safe here
22:42:31 : Group: Faldehals: dont forget it
22:42:59 : Group: Faldehals: this one must w8 sry
22:43:01 : Group: [NG2] Jesse: its locked
22:43:08 : Group: Faldehals: think 40 bc in
22:43:22 : Group: Faldehals: but it was more like 60
22:43:32 : Group: Faldehals: hehe have to w8
22:43:48 : Group: Faldehals: and what you say now ?
22:43:56 : Group: Turmoil: THANK YOU!
22:44:03 : Group: Faldehals: ;) np yw
22:44:07 : Group: [NG2] Jesse: THANK DUDE!
22:44:15 : Group: [NG2] Jesse: you leaving for ever? 
22:44:39 : Group: Faldehals: naa idk next time i dont have time to play
22:45:01 : Group: Faldehals: but if i join im sure you help me out
22:45:34 : Group: Faldehals: you have 1,5 h to meke the best with it
22:45:42 : Group: [NG2] Jesse: yea! 
22:45:47 : Group: [NG2] Jesse: so we go bussy now!
22:45:50 : Group: Faldehals: not sure how much safes here around
22:46:06 : Group: Faldehals: mom looking for my chicken
22:47:33 : Group: [NG2] Jesse: this one is locked
22:47:42 : Group: [NG2] Jesse: under the stairs
22:48:21 : Group: Faldehals: jap sry lancer placed it need to w8 idk think max 3-4 days
22:49:07 : Group: Faldehals: i still can open the door management
22:49:10 : Group: Faldehals: `?
22:49:28 : Group: Turmoil: you should yeah
22:49:37 : Group: [NG2] Jesse: i added you so 
22:49:43 : Group: [NG2] Jesse: your not locked up :P 
22:50:09 : Group: Faldehals: you have take all to you at the plotpole ?
22:50:30 : Group: Faldehals: and take money to ..you know what i mean
22:50:40 : Group: Turmoil: we have to remove everything before restart becouse we cannot access the safes
22:50:57 : Group: Turmoil: we have to wait 7 days then :)
22:51:22 : Group: Faldehals: place the 3 or look where are more here take money buy some or keep al in the ass hehe
22:51:51 : Group: Faldehals: but you need a big hole ;)
22:52:28 : Group: Faldehals: you guys are the first ppls make the first step to trust me 
22:52:35 : Group: Faldehals: in this game
22:52:42 : Group: [NG2] Jesse: ooh your awesome dude
22:52:42 : Group: Faldehals: thats the reason for this
22:53:02 : Group: [NG2] Jesse: we finaly got paid to be nice guys ^^
22:53:32 : Group: Faldehals: and im sure you use it not to be a asshole at otheres
22:53:39 : Group: Turmoil: we definitively appreciate it 
22:53:58 : Group: Turmoil: we only use it for good :) i actually spent some cash earlier today and yesterday to help out some new players ^^
22:55:35 : Group: Faldehals: i look if some of you are online before i join
22:55:51 : Group: Turmoil: ^^
22:56:30 : Group: Faldehals: im at cooking  sry it needs a mom i answere sec must ..
22:57:22 : Group: Faldehals: also you have the suv key
22:57:29 : Group: Turmoil: Jesse has it i think
22:57:53 : Group: Faldehals: i place a box wor the keys ever 
22:58:12 : Group: Faldehals: dont hold it on you if you dont use it
22:58:45 : Group: [NG2] Jesse: yea its in good use
22:58:55 : Group: Faldehals: here a box place it at top
22:59:13 : Group: Faldehals: better like christmas ? :D
22:59:15 : Group: [NG2] Jesse: the safe under the stairs is locked
22:59:21 : Group: Faldehals: i know
22:59:23 : Group: Turmoil: i can build my garage now xD lol
22:59:32 : Group: Faldehals: thats the special if you can open
22:59:44 : Group: [NG2] Jesse: i cant open your safes
23:00:11 : Group: Faldehals: here one more
23:01:01 : Group: Faldehals: hehe
23:01:25 : Group: Faldehals: here 1 more box in
23:01:46 : Group: Faldehals: in safe
23:02:00 : Group: Faldehals: here to
23:02:14 : Group: Faldehals: and here
23:03:02 : Group: Faldehals: keep cool i can come after restart again to open
23:03:47 : Group: Turmoil: how you get all this awesomeness?
23:04:30 : Group: Faldehals: sooo the rice is in the waater hehe im hungry
23:04:42 : Group: Turmoil: im also still hungry xD
23:05:00 : Group: Faldehals: hehe
23:05:15 : Group: Faldehals: looks like funy you runing around
23:05:29 : Group: PRISMIC: why the fuck are you guys down there aha XD ?
23:05:43 : Group: [NG2] Jesse: to gear up for missions
23:08:40 : Group: PRISMIC: are you guys in team speak ?
23:08:52 : Group: Turmoil: do you see us in TS? :D
23:09:04 : Group: Faldehals: sry im a blinde guy
23:09:14 : Group: Faldehals: but hungry
23:09:15 : Group: PRISMIC: dont know havent looked are you ?
23:12:39 : Group: Hailstorm: ovidiu whats going on????
23:12:59 : Group: Ovidiu: killed me
23:13:15 : Group: Hailstorm: lost something good
23:13:29 : Group: Ovidiu: just my gun
23:14:03 : Group: Hailstorm: hm, only look for the base, hope he wont come and destroy everything
23:14:21 : Group: Ovidiu: don't have anithyng anithyng
23:14:37 : Group: Hailstorm: wait, i will come and pick u up
23:14:38 : Group: Ovidiu: i know where is the base
23:14:45 : Group: Ovidiu: no
23:14:57 : Group: Hailstorm: ok
23:15:03 : Group: Hailstorm: where?
23:15:08 : Group: Hailstorm: is the base?
23:15:17 : Group: Hailstorm: at the castle
23:15:23 : Group: Ovidiu: don't come shes here with elicopter gun
23:15:42 : Group: Ovidiu: np
23:15:44 : Group: Ovidiu: no
23:16:31 : Group: Ovidiu: 081 062 altar
23:16:40 : Group: Ovidiu: there
23:16:41 : Group: Hailstorm: ohh, this ugly crap base
23:16:50 : Group: Ovidiu: yeap
23:16:54 : Group: Hailstorm: need something?
23:17:02 : Group: Ovidiu: noo
23:17:08 : Group: Ovidiu: goo too loot
23:17:12 : Group: Hailstorm: ok
23:17:21 : Group: Hailstorm: good night
23:17:25 : Group: Hailstorm: see you
23:17:30 : Group: Ovidiu: camp that base
23:17:33 : Group: Ovidiu: ok
23:17:36 : Group: Hailstorm: good luck
23:17:38 : Group: Ovidiu: good night
23:17:49 : Group: Hailstorm: and make a lot of damage
23:17:57 : Group: Ovidiu: ok
23:18:12 : Group: PRISMIC: can i come join u guys  ?
23:25:06 : Group: PRISMIC: watcha up to turmoil
23:25:43 : Group: Turmoil: right now im gonna go take a piss ^^
23:46:38 : Group: PRISMIC: anyone want to buyotwire kit of me]
23:46:50 : Group: Turmoil: i have so no thank you :)
23:47:16 : Group: PRISMIC: know any helis to steal  >
23:47:38 : Group: Turmoil: just fly around and look at bases :D always helis around to steal
23:47:50 : Group: Turmoil: try get the armed ones those sell for the most, like the one i have is 3 or 4 briefs
23:48:11 : Group: PRISMIC: okay mate
23:48:19 : Group: PRISMIC: thank you
23:49:29 : Group: PRISMIC: can i talk to you guys on team speak ?
23:50:30 : Group: [NG2] Jesse: nope whe  have a meeting
23:50:43 : Group: Turmoil: we are in hero channel atm, meeting
23:50:44 : Group: [NG2] Jesse: a bussnins meeting
