10:33:23 : Group: Greg: got lav 25 ;p
18:47:10 : Group: Greg: jak tam?
18:47:41 : Group: agss: cze. zbieran kase
18:47:50 : Group: Greg: jedziemy na misje
18:48:23 : Group: agss: spoko, jedz, ja dojade do Ciebie za 10 min
18:48:35 : Group: Greg: okw
18:49:18 : Group: agss: na która jedziesz?
18:49:25 : Group: Greg: zółtą
18:51:07 : Group: agss: czym ty tam jedziesZ?? :)
18:51:17 : Group: Greg: czołgiem ;p
19:41:01 : Group: Greg: i think 2die4 was hunting me ;p
19:41:41 : Group: Greg: at Altar its his base?
19:42:42 : Group: ThirdEyeSphinx: discord
19:42:55 : Group: Greg: need to go
19:43:11 : Group: Greg: little one crying ;p
20:23:16 : Group: agss: i dont now
20:23:21 : Group: agss: know
20:26:52 : Group: agss: /\
20:28:24 : Group: 2DIE4:  hi
20:28:31 : Group: agss: hello
20:30:09 : Group: agss: ok, sorry :)
20:47:33 : Group: Greg: ts
20:51:57 : Group: Greg: w chuj :D
20:52:08 : Group: Greg: m240 a drugiego chyba nie ma
20:52:12 : Group: Greg: powinno być HE
20:52:24 : Group: Greg: więć jest tylko karabin, bo działko nie hula
20:52:31 : Group: Greg: ale i tak jest w kur we
20:52:58 : Group: Greg: narka
21:02:08 : Group: Greg: 2die dwa razy próbował mnie ubić dzisiaj ;p
21:02:17 : Group: Tamago: wyszlo mu?
21:02:22 : Group: Greg: nie :D
21:02:27 : Group: Tamago: lol
