00:00:47 : Group: [NG2] Jesse: you join?w
00:01:22 : Group: [NG2] Jesse: ?
00:01:44 : Group: Faldehals: pkp and dmr i try
00:01:59 : Group: [NG2] Jesse: dont open fire.. 
00:02:03 : Group: [NG2] Jesse: where you from?
00:02:09 : Group: Turmoil: i guess germany
00:02:14 : Group: Faldehals: ja
00:02:23 : Group: Turmoil: ja, daz is gut 
00:02:36 : Group: [NG2] Jesse: can you speak english?
00:02:41 : Group: Turmoil: im from Norway ^^
00:02:45 : Group: Faldehals: whats this ?
00:02:47 : Group: Turmoil: hes from Netherlands
00:02:47 : Group: [NG2] Jesse: dutch
00:03:01 : Group: Faldehals: aha gauda
00:03:46 : Group: [NG2] Jesse: can you speak english?
00:04:00 : Group: Faldehals: i think
00:04:18 : Group: Turmoil: do you use teamspeak?
00:04:23 : Group: [NG2] Jesse: we are on ts from the server
00:04:47 : Group: Faldehals: ah thats what you mean i dont like to speak
00:08:14 : Group: Faldehals: zombies spawn there lol
00:09:01 : Group: Faldehals: lol
00:10:00 : Group: Faldehals: no special there ?
00:11:16 : Group: Faldehals: i think he was at a other mission
00:12:42 : Group: Faldehals: ohh dokument
00:13:12 : Group: Faldehals: nice outfit hehe
00:14:15 : Group: Faldehals: i realy dont understand the situation at the moment ?! :/
00:14:26 : Group: Turmoil: he shot jesse 
00:15:20 : Group: [NG2] Jesse: lets full heli
00:16:04 : Group: Faldehals: what pervormance
00:16:15 : Group: Turmoil: that guy must have some sort of braindamage
00:16:55 : Group: Faldehals: i think i was killed by m2 gunner
00:17:38 : Group: Faldehals: guns are full
00:18:08 : Group: [NG2] Jesse: also the bodys
00:19:04 : Group: Faldehals: lol
00:19:09 : Group: Faldehals: freaks
00:19:12 : Group: Faldehals: HAHA
00:19:19 : Group: Turmoil: i enjoy beeing a freak :D
00:19:26 : Group: [NG2] Jesse: haha you should join TS
00:20:04 : Group: [NG2] Jesse: its full
00:20:24 : Group: Faldehals: he is killed by m2 guner
00:20:49 : Group: Turmoil: he died at exactly the same time as i shot an AI that was shooting Jesse, so i tought it was him
00:20:55 : Group: Faldehals: sell the stuff ? i fly with you got some stuff at me
00:22:12 : Group: Faldehals: i dont understand why this idiot has dupe if there so much at this server you realy dont need to dupe
00:23:15 : Group: Faldehals: to easy with autohoover ?
00:23:27 : Group: Turmoil: i dont use autohover ^^
00:24:10 : Group: [NG2] Jesse: haha 
00:24:12 : Group: Faldehals: ungabunga
00:24:35 : Group: Turmoil: gotta move closer to sell
00:25:10 : Group: [NG2] Jesse: why do you got bandit skin
00:25:29 : Group: Faldehals: O_o
00:25:39 : Group: Faldehals: uff
00:26:45 : Group: Turmoil: need gold?
00:26:50 : Group: Faldehals: lets make a helojump here but dont open the para
00:27:10 : Group: Faldehals: you joke hehe
00:27:15 : Group: Faldehals: not real
00:27:18 : Group: Turmoil: thats all we got from mission xD
00:27:20 : Group: [NG2] Jesse: take it
00:27:23 : Group: Faldehals: you need the book ?
00:27:28 : Group: Turmoil: you can have the gold :)
00:27:46 : Group: Faldehals: i realy dont need it but lets buy some lrr guns
00:28:09 : Group: Turmoil: buy whatever you want with it ^^ 
00:28:20 : Group: Turmoil: DISCO
00:28:35 : Group: Faldehals: lol
00:29:03 : Group: Faldehals: you dont like he tuningbook ?
00:29:09 : Group: Turmoil: i have one ^^
00:29:14 : Group: Turmoil: or several i think
00:29:18 : Group: Faldehals: there are 4 
00:29:20 : Group: [NG2] Jesse: we want full bc ^^ 
00:30:03 : Group: [NG2] Jesse: come in
00:30:05 : Group: Faldehals: hmm
00:30:21 : Group: Faldehals: looking for toiletpaper
00:30:29 : Group: Turmoil: no fapping in the heli
00:30:40 : Group: Faldehals: i maybe got 200 bc all in one 
00:30:40 : Group: [NG2] Jesse: yeah i am out of paper in base ^^ 
00:30:54 : Group: Turmoil: not bad, i got like 12 xD lol
00:31:19 : Group: Faldehals: i play with lancer most time last safe he found there was 67bc in
00:31:34 : Group: Turmoil: thats probably from Koffiepot
00:31:35 : Group: Faldehals: thats a real lucker
00:31:44 : Group: [NG2] Jesse: damn lucker
00:31:50 : Group: Faldehals: maybe lol
00:32:21 : Group: [NG2] Jesse: we wait for next mission
00:32:24 : Group: Faldehals: hero pls got a slug mag to sell
00:32:27 : Group: Turmoil: is it michael that plays with lancer?
00:34:50 : Group: Faldehals: where you going ?
00:34:57 : Group: Turmoil: gonna follow jesse, hes checking out a base
00:35:10 : Group: Faldehals: base or a garage ?
00:35:17 : Group: Turmoil: dont know
00:35:19 : Group: [NG2] Jesse: tents
00:35:44 : Group: Faldehals: there is a garage i remove the plot was outside and put a mine in it :D
00:37:28 : Group: [NG2] Jesse: next mission, hurry.. 
00:38:01 : Group: Turmoil: im gonna park the heli for the night, anywhere i should drop you off Fald?
00:38:10 : Group: Faldehals: here
00:38:13 : Group: Faldehals: stop
00:39:29 : Group: Faldehals: you guys know what a miningrock is ?
00:39:38 : Group: Turmoil: yes
00:39:43 : Group: [NG2] Jesse: yea but never sa one.. 
00:39:52 : Group: [NG2] Jesse: in this server
00:40:00 : Group: Faldehals: few i found but realy rare here
00:40:12 : Group: [NG2] Jesse: more of the black crates
00:40:30 : Group: [NG2] Jesse: i see that more often
00:40:41 : Group: Faldehals: thats i never found lol but the last 2 only 1 pk belt in 
00:41:20 : Group: [NG2] Jesse: you need a crowbar or hammer 
00:41:40 : Group: Faldehals: hehe i remember the time you shoot at a britishassoult he begins to burn
00:42:49 : Group: Faldehals: there are some hotspots for this rocks but agayn here is it rare
00:43:15 : Group: [NG2] Jesse: never saw one.. and play for more than a mounth in this server
00:43:39 : Group: Faldehals: one is the herotrader at stary and the big af
00:44:10 : Group: Faldehals: at the night is it easyer to finde
00:44:14 : Group: [NG2] Jesse: ooh never sa it
00:44:59 : Group: [NG2] Jesse:  i am going,.. 
00:45:08 : Group: Faldehals: gn8
00:45:15 : Group: [NG2] Jesse: see you next time.. 
02:14:39 : Group: Faldehals: willst nen paar m110 ?
02:14:55 : Group: Faldehals: hab da grad wieder 2 safes 3 boxen gefunden
02:15:00 : Group: Faldehals: 3safes
02:15:05 : Group: Faldehals: 3boxen
02:15:45 : Group: 2DIE4:  wo denn?
02:15:56 : Group: Faldehals: airfield steht nen mtvr neben
02:16:10 : Group: Faldehals: war leider kein schlüssel bei
02:16:36 : Group: 2DIE4: ich schaus mir nach restart mal an
02:16:45 : Group: Faldehals: kk
02:20:22 : Group: Faldehals: 200rnd m240 ?
02:29:18 : Group: 2DIE4:  doch n schlüssel gefunden? XD
02:29:37 : Group: Faldehals: ne grad gekauft
02:35:10 : Group: Faldehals: lol von oben ist alles bissl übersichtlicher
02:35:22 : Group: 2DIE4: XD
02:35:33 : Group: Faldehals: hier nen littlebirde engine put
02:35:48 : Group: 2DIE4: ?
02:35:54 : Group: Faldehals: rep den grad ma
02:36:03 : Group: Faldehals: mitn mozzie teilen
02:38:36 : Group: Faldehals: jetzt habschs
02:42:30 : Group: Faldehals: kommste ?
02:42:52 : Group: 2DIE4: jo gleich hab da auch nen kleinen gefunden XD
02:43:20 : Group: Faldehals: wode lancer weggeknallt hattest wa ? :D
02:43:31 : Group: 2DIE4:  nee 
02:43:37 : Group: 2DIE4:  aba fast
02:44:08 : Group: Faldehals: danach müsse ma ma in der scheune bei skalka schaun
02:44:49 : Group: Faldehals: na hier auf jedenfall wenne willst 5 m110 mit 11 mags
02:45:14 : Group: Faldehals: 2 boxen und nen safe kannst ham
02:45:38 : Group: Faldehals: 2 pkp wenne willst
02:48:10 : Group: Faldehals: ich pack ein und komm zu dir
02:49:04 : Group: 2DIE4: bin gleich feddich is hat viel kleinkram
02:50:59 : Group: Faldehals: schon gepackt hehe
02:52:35 : Group: Faldehals: gleich da
02:54:50 : Group: Faldehals: ich frag wegen der m110 wenn du die benutzt kannse auch verkaufen dann machen wa einfach 50/50
02:54:59 : Group: Faldehals: hab da kein problem mit
02:55:36 : Group: 2DIE4:  du kannst sie auc hgerne selber behalten/ verkaufen ,,,, glaub mir mir kommt das geld schon zu den oihren raus XD
02:55:43 : Group: Faldehals: weis eh nimmer wohinne mit all dem scheiss
02:55:59 : Group: 2DIE4:  verkauf sie steck die kohle ein
02:56:17 : Group: Faldehals: geht mir auch so deshalb hab ich letztens nades gekauft und fallen mit gebaut aus spass an de freud hehe
02:56:35 : Group: 2DIE4: XD
02:56:37 : Group: Faldehals: ja komm nimmse dir oder die muni und sovielde halt kannst
02:56:50 : Group: Faldehals: nen safe und 2 boxen kannst immer brauchen
02:57:29 : Group: 2DIE4:  du hast ja keine vorstellungen XD
02:57:41 : Group: Faldehals: ne aber du auch sicher net lol
02:57:56 : Group: Faldehals: nimm wasde kannst 
02:58:00 : Group: 2DIE4:  ich hab über 50 lockboxes ... und wieviele safes XD
02:58:10 : Group: 2DIE4:  ich kann den kack nimma zählen 
02:58:24 : Group: Faldehals: ich kauf schon steine hehe
02:58:30 : Group: Faldehals: topasen
02:58:41 : Group: 2DIE4:  yap  
02:58:57 : Group: Faldehals: also keine boxen willst 
02:59:21 : Group: Faldehals: schade die kosten mehr alse bringen beim verkauf eigentlich bescheuert
02:59:29 : Group: 2DIE4:  verkauf ruhig 
02:59:40 : Group: Faldehals: sicher
02:59:54 : Group: Faldehals: hier was damit ?
02:59:57 : Group: 2DIE4:  verkauf doch aus dem LKW raus is wesentlich entspannter
03:00:01 : Group: Faldehals: jaja
03:00:07 : Group: Faldehals: eins nachm annern
03:00:11 : Group: 2DIE4:  hab ich bestimmt 30 von XD
03:00:15 : Group: Faldehals: pff
03:00:22 : Group: 2DIE4:  von allen XD
03:00:28 : Group: 2DIE4:  noch keins benutzt XD
03:00:38 : Group: Faldehals: wasn das ?
03:00:42 : Group: Faldehals: 200rnd
03:00:48 : Group: 2DIE4:  oje XD
03:00:58 : Group: Faldehals: wollt die verkaufen ging net
03:01:09 : Group: Faldehals: noch nie gesehn 200
03:01:12 : Group: 2DIE4: geht net 
03:01:17 : Group: 2DIE4:  benutzen geht
03:01:43 : Group: Faldehals: also hast wasde magst rausgenommen ja
03:01:54 : Group: 2DIE4:  jo  kleinigkeit ...
03:01:57 : Group: 2DIE4:  danke 
03:02:14 : Group: Faldehals: lol scheiss heli
03:02:23 : Group: 2DIE4:  mal noch was angucken und dann mission machen
03:02:51 : Group: Faldehals: ja in skalka ne scheune wenn die noch auf ist da standen 10 safes oder so drinne
03:03:25 : Group: 2DIE4:  wos skalka noch?
03:03:42 : Group: Faldehals: richtung ende der strasse
03:03:58 : Group: Faldehals: guggstu
03:04:00 : Group: 2DIE4: ach ja
03:18:13 : Group: Faldehals: gut nurnoch 3 hier und gehn auch net öffnen
03:22:57 : Group: Faldehals: hier sinds aber auch saftig am baun
03:23:04 : Group: 2DIE4: aha
03:24:13 : Group: Faldehals: lol scheiss bugi landschaft wasn glück ist die kiste net explodiert
03:24:51 : Group: Faldehals: scheisse engine im arsch
03:25:13 : Group: 2DIE4:  hast doch noch mozzi oder?
03:25:30 : Group: Faldehals: hab ich ja schon benutzt aber hab zum glück den mtvr noch bei
03:25:56 : Group: Faldehals: geht der heli town 
03:26:41 : Group: Faldehals: nä dreck lol
03:29:46 : Group: Faldehals: nen silberner mit m24 guns an der seite wieviel bringtn der den könnt ich ja knacken ?
03:29:53 : Group: Faldehals: m240 lol
03:30:52 : Group: Faldehals: weist das bringt der mehr als 2 bc ?
03:31:33 : Group: Faldehals: egal ich fahr
03:32:08 : Group: 2DIE4:  ka ich mach mission = 9
03:41:24 : Group: Faldehals: lol motorad 2 reifen dmg 96% könnt die jetzt 100k ma ausbaun
03:41:39 : Group: Faldehals: hab schon 10 räderhaha
03:41:50 : Group: 2DIE4:  mach  =) 
03:42:04 : Group: Faldehals: was soll ich mit bringen doch nur nix
03:42:31 : Group: Faldehals: joah 2 silber lol
03:44:26 : Group: Faldehals: 2 wuze totgefahrn lol
03:44:39 : Group: 2DIE4:  biste aus der palz?
03:44:50 : Group: Faldehals: na hesse
03:45:01 : Group: 2DIE4:  jo da sagen die ja auch wutz XD
04:19:04 : Group: Faldehals: kann ich wenn ich nen heli lifte landen und aussteigen ?
04:19:19 : Group: 2DIE4:  heli liften?
04:19:43 : Group: Faldehals: ja nen kleinen mit nem kleinen geht aber ohne den abzulassen landen und aussteigen
04:19:51 : Group: Faldehals: weist das ?
04:20:00 : Group: 2DIE4:  yap geht 
04:20:50 : Group: Faldehals: gab ma ne zeit da konntest nimmer einstaigen ohne das ding vorher abzulassen
04:21:11 : Group: 2DIE4: schon was her XD
04:21:52 : Group: Faldehals: schon aber sowas vergisst nicht wieder
04:30:41 : Group: Faldehals: lol ka137
04:38:00 : Group: Faldehals: lol das scheissding hatn radar
04:38:09 : Group: 2DIE4: ?
04:38:16 : Group: Faldehals: ka-137
04:38:26 : Group: Faldehals: die kugel
04:50:14 : Group: Faldehals: ihr habtn timing hehe
05:31:13 : Group: Faldehals: omg
05:40:14 : Group: Faldehals: von tanke zu tanke gebrettert mitm heli weil ich zu geizig war den zu repariern lol
05:40:24 : Group: 2DIE4: XD
05:44:36 : Group: Faldehals: frag ma ob er bock auf nacht hat
05:44:59 : Group: Faldehals: wenn dus überhaupt hast
11:31:34 : Group: PRISMIC: what u guys do 
11:31:41 : Group: PRISMIC: doing ?
11:31:46 : Group: Turmoil: mission
11:31:48 : Group: [NG2] Jesse: adulte stuff
11:31:57 : Group: Turmoil: touching eachother
11:32:05 : Group: PRISMIC: can i join you lovers ?
11:32:16 : Group: [NG2] Jesse: quility time
11:32:32 : Group: PRISMIC: whats that spose to mean >
11:41:04 : Group: Turmoil: what?
11:41:41 : Group: Turmoil: hey
11:42:39 : Group: PRISMIC: YOU GUYS ON TS ?
11:42:47 : Group: Turmoil: do you see us on ts?
11:42:53 : Group: PRISMIC: NO Y ?
11:42:53 : Group: Turmoil: :O
11:42:59 : Group: Turmoil: surpirise
11:44:37 : Group: Turmoil: getting humanity
11:44:51 : Group: Turmoil: yeah yeah ^^
11:45:14 : Group: Turmoil: mission
11:45:18 : Group: [NG2] Jesse: we did mission
11:45:41 : Group: Turmoil: i know
11:45:55 : Group: Turmoil: i still know its locked
11:46:54 : Group: PRISMIC: dont leave me
11:47:35 : Group: [NG2] Jesse: fap fap fap
11:47:44 : Group: PRISMIC: GO ON TS
11:47:47 : Group: Turmoil: oooooh yeah
11:48:04 : Group: PRISMIC: gg
11:50:30 : Group: [NG2] Jesse: did you switch to gunner,.. HAHAHA
11:50:57 : Group: Turmoil: why did you jump out?!?!?!
11:51:07 : Group: PRISMIC: got anoyed
11:51:19 : Group: Turmoil: next time use a parachute xD
11:51:26 : Group: [NG2] Jesse: did you switch to gunner,.. HAHAHA
11:51:29 : Group: Turmoil: you could have gotten the heli that was close to were u died
12:19:50 : Group: PRISMIC: pick up near you ?
12:20:02 : Group: PRISMIC: im atthe aircraft trader
12:20:27 : Group: Turmoil: i dont have vehicle
12:21:50 : Group: Turmoil: dude im logging out
12:21:54 : Group: PRISMIC: sdame
12:21:54 : Group: Turmoil: go away, server restarts now
12:22:11 : Group: PRISMIC: kk
12:30:28 : Group: Turmoil: kill the cow 
12:30:32 : Group: PRISMIC: where u going  XD
12:30:39 : Group: Turmoil: im gonna get my stuff over here
12:31:18 : Group: Turmoil: dude
12:31:24 : Group: PRISMIC: ye
12:31:32 : Group: Turmoil: not you, jesse, he broke my heli
12:33:30 : Group: [NG2] Jesse: pris we watn to play toghter this time, sorry
12:34:35 : Group: PRISMIC: HERE U GO
12:34:48 : Group: PRISMIC: ILL GO NOW
12:34:49 : Group: [NG2] Jesse: we need engineparts
12:36:44 : Group: Turmoil: hey ^^
12:37:17 : Group: 2DIE4:  go to stary
12:37:21 : Group: 2DIE4:  all of u 
12:37:32 : Group: Turmoil: heli is broken xD
12:37:39 : Group: 2DIE4:  get int o the big red metall hall thingy
12:37:44 : Group: 2DIE4:  ok .....
12:37:50 : Group: 2DIE4:  well anyway
12:37:59 : Group: 2DIE4:  have a toolbox and a crowbar
12:38:17 : Group: 2DIE4:   and remove the cars and trucks within the hall 
12:38:27 : Group: 2DIE4:  the vehicles will b there everytime u relog
12:38:39 : Group: 2DIE4:  so thatrs  an easy way to get spareparts ..
12:38:58 : Group: 2DIE4:  all kinds of .  scrap , engines , windows tires  eccept rotory parts
12:38:59 : Group: Turmoil: Jesse just did that now in the buildings by airfield ^^
12:39:17 : Group: 2DIE4:  well yap ther is some more  i just dont know them all
12:39:26 : Group: 2DIE4:  u can also remove barriers
12:39:29 : Group: [NG2] Jesse: found one
12:39:35 : Group: 2DIE4:   thats  it  good hunting  =) 
12:56:48 : Group: Turmoil: Hey LongSleeves
12:57:11 : Group: Sir LongSleeves: hey man, im gonna buy a 1TB SSD-Drive
12:57:20 : Group: Turmoil: sounds expensive xD
12:57:31 : Group: Sir LongSleeves: nah only 356
12:57:53 : Group: Sir LongSleeves: btw what was the code for the lockbox again
12:58:02 : Group: Turmoil: ummm, good question 
12:58:08 : Group: Turmoil: Peasant isnt on atm
12:59:09 : Group: Turmoil: it was green something xD
13:35:18 : Group: Sir LongSleeves: ok guys just improved my graphics performence
13:35:30 : Group: Sir LongSleeves: it wassnt even optimised
13:35:31 : Group: [NG2] Jesse: nice
13:35:44 : Group: Turmoil: notice any difference?
13:35:51 : Group: Sir LongSleeves: its allot quicker
14:08:10 : Group: Sir LongSleeves: still working on it
14:08:40 : Group: Turmoil: im gonna work on some dinner quite soon i think :O
14:18:49 : Group: Sir LongSleeves: jesse
14:19:02 : Group: Sir LongSleeves: weet jij de code nog van de lockbox bij me heli?
14:19:04 : Group: [NG2] Jesse: yo
14:19:10 : Group: [NG2] Jesse: nope
14:19:19 : Group: Sir LongSleeves: want toen turmoil t wilde zeggen crashte me driver
14:19:54 : Group: [NG2] Jesse: was iets met groen
14:20:05 : Group: Sir LongSleeves: ja volgens mij groen 44
14:20:12 : Group: Sir LongSleeves: omg, black box
14:20:26 : Group: [NG2] Jesse: ?
14:20:31 : Group: Sir LongSleeves: op de weg
14:20:45 : Group: [NG2] Jesse: nice
14:21:20 : Group: Sir LongSleeves: i need a damned crowbar, HEY EARL YOU SUNVABICH, GO GIT ME MAH CROWBAR SUN! xD
14:21:44 : Group: [NG2] Jesse: kan ook hammer gebruiken
14:21:48 : Group: Sir LongSleeves: thats not earl thats a zombie xD
14:21:53 : Group: Sir LongSleeves: heb ik niew
14:22:01 : Group: [NG2] Jesse: of heel veel ammo
14:22:55 : Group: Sir LongSleeves: machette goed? xD
14:23:27 : Group: [NG2] Jesse: kan je probe
14:23:51 : Group: Sir LongSleeves: first 400 rounds to try out xD
14:24:23 : Group: Sir LongSleeves: ok thay worked xD
14:24:44 : Group: [NG2] Jesse: bullets of machete?
14:24:54 : Group: Sir LongSleeves: 60 rounds xD
14:25:26 : Group: Sir LongSleeves: leeg
14:25:55 : Group: [NG2] Jesse: nee wachten en remove troep doen
14:28:01 : Group: Sir LongSleeves: cant remove the crapp
14:28:25 : Group: [NG2] Jesse: dan heb je wel een crowbar nodig..
14:28:36 : Group: PRISMIC: jesse u got a spare  engin part for longsleaves ?
14:28:40 : Group: Sir LongSleeves: i dont have any xD
14:29:03 : Group: PRISMIC: trying to get one  for you
14:29:21 : Group: Sir LongSleeves: i dont have a crowbar
14:29:33 : Group: PRISMIC: ask jesse
14:29:53 : Group: Sir LongSleeves: no, ill find my way
14:32:49 : Group: Sir LongSleeves: ed
14:32:54 : Group: Sir LongSleeves: got an idea
14:33:11 : Group: Sir LongSleeves: there is a house here
15:58:43 : Group: Turmoil: give me a sec ill see if he is on 
15:58:44 : Group: Sir LongSleeves: tell here
15:58:49 : Group: Sir LongSleeves: xD
15:59:05 : Group: Turmoil: its green66
16:22:42 : Group: Turmoil: Guys!
16:22:48 : Group: Turmoil: SDS guys are up here
16:23:02 : Group: Turmoil: lurking in the bushes
16:23:28 : Group: Turmoil: at least i think its them, saw one guy run at the dam
16:25:17 : Group: PRISMIC: .
16:25:44 : Group: Turmoil: i saw one running down the valley downside the dam... they might be going away... ill let you know if anyone shoots
16:25:58 : Group: PRISMIC: COPY
16:34:35 : Group: Turmoil: yes hello?
16:35:17 : Group: Turmoil: hey
16:36:46 : Group: Turmoil: me? im currently trying to finish my tower atm, sry
16:38:46 : Group: matsa: i glitched ofc :P
16:39:15 : Group: yavvs: really?
16:39:30 : Group: matsa: no i was sarcastic again !
16:39:35 : Group: yavvs: ahh xD
18:09:05 : Group: [NG2] Jesse: roger lwd ^^
18:41:57 : Group: Fontes: Hey guys :)
18:50:17 : Group: Fontes: where al the vehicles go ?
18:50:28 : Group: matsa: someone blow them up
18:50:30 : Group: matsa: :(
18:50:34 : Group: Fontes: wtf 
18:51:03 : Group: Fontes: you need help at the mission ?
18:51:07 : Group: yavvs: yes xD
18:51:11 : Group: yavvs: hey
18:51:12 : Group: yavvs: btw
18:51:15 : Group: Fontes: hey :D
18:51:16 : Group: matsa: YES
18:51:32 : Group: Fontes: im coming
18:57:24 : Group: Fontes: where they at?
18:58:45 : Group: Fontes: you see more yvass?
18:58:59 : Group: Fontes: svayy
19:04:40 : Group: Fontes: lol i really didnt see the other one
19:09:34 : Group: Fontes: guys can you pick me up when i got my gear?
19:09:40 : Group: yavvs: suure
19:09:48 : Group: Fontes: fucking zombies here
19:10:49 : Group: yavvs: NOOT NOOT THE FUCKTRAIN IS LEAVING
19:11:46 : Group: Fontes: Beast truck :D
19:16:13 : Group: Fontes: man where can i get some money lol
19:16:46 : Group: matsa: i can give some
19:17:35 : Group: Fontes: lol i have 35 dmr mags
19:17:48 : Group: yavvs: whaaaat? XD
19:17:55 : Group: Fontes: any one need any ? :D
19:18:08 : Group: yavvs: hmm, maybe later :D
19:18:11 : Group: Fontes: 16 svd mags but dont even have a svd
19:18:11 : Group: yavvs: ty tho ^^
19:18:13 : Group: yavvs: for offer
19:19:05 : Group: Fontes: oh thanks man !
19:19:14 : Group: yavvs: :D
19:19:18 : Group: yavvs: its from matsa ^^
19:20:15 : Group: Fontes: 10 x 1 oz gold bar is one briefcasE?
19:20:32 : Group: Fontes: or is it 1/10 of a briefcase
19:21:43 : Group: Fontes: you scared me lol
19:22:21 : Group: Fontes: me neither
19:22:54 : Group: [NG2] Jesse: ?
19:22:54 : Group: Paul: Hi
19:23:03 : Group: yavvs: hello and welcomd
19:23:06 : Group: yavvs: to this great community
19:23:07 : Group: [NG2] Jesse: ^^
19:23:16 : Group: [NG2] Jesse: thanks
19:23:25 : Group: Paul: Yavvs, I owe you one
19:23:29 : Group: Joshuaa: yo
19:24:16 : Group: Fontes: im stuck again
19:24:21 : Group: Joshuaa: wtf happened there?
19:24:21 : Group: Fontes: for fuck sake
19:24:29 : Group: yavvs: hahahah
19:24:32 : Group: Joshuaa: oh damn hahaha
19:24:36 : Group: Fontes: my aim is stuck
19:24:38 : Group: yavvs: hi josh :D
19:24:40 : Group: Fontes: how can i fix it
19:24:54 : Group: Joshuaa: yo man ;-)
19:25:08 : Group: Fontes: keeps pointing
19:25:10 : Group: Joshuaa: lets hit the mission guys?
19:25:30 : Group: yavvs: surahhh
19:25:41 : Group: yavvs: XD
19:26:51 : Group: yavvs: lmao
19:26:53 : Group: yavvs: bridge
19:26:54 : Group: yavvs: :D
19:27:06 : Group: Fontes: shots?
19:27:39 : Group: Joshuaa: i got like 3
19:28:17 : Group: Fontes: wtf 
19:28:22 : Group: Joshuaa: im shaking like mad ffs
19:28:22 : Group: Fontes: cant open the doors
19:29:02 : Group: Joshuaa: all dead?
19:29:15 : Group: Arne: lol ok something happened
19:29:18 : Group: yavvs: it was a bug
19:29:31 : Group: yavvs: nobody could bro
19:30:00 : Group: Arne: getting some building supplies. comming after
19:30:08 : Group: Fontes: hey man
19:30:19 : Group: Joshuaa: wtf, i got shot through metal?!
19:30:32 : Group: yavvs: :D
19:30:52 : Group: Arne: hey you guys know how make metal floors from metal panels?
19:31:09 : Group: Arne: how do you get metal floors then?
19:31:37 : Group: Joshuaa: im coming for my body now
19:32:39 : Group: Fontes: fuck missed al of it :D
19:33:26 : Group: Joshuaa: yo who needs tank traps? i found 20
19:33:31 : Group: yavvs: nice!
19:33:34 : Group: Fontes: lol
19:33:39 : Group: yavvs: take it if you want
19:33:50 : Group: Joshuaa: ill bring them back
19:35:07 : Group: Fontes: do i know you arne ?
19:38:25 : Group: Joshuaa: open doors plz
19:38:37 : Group: yavvs: i cant xDD
19:38:37 : Group: Joshuaa: like walking dead out here
19:38:43 : Group: yavvs: my legs are broken
19:38:44 : Group: yavvs: lmao
19:38:47 : Group: yavvs: yo fntes
19:38:49 : Group: Fontes: ill go down
19:38:49 : Group: yavvs: jump down
19:38:53 : Group: yavvs: come 
19:38:54 : Group: Joshuaa: i got it
19:38:54 : Group: yavvs: hahahaha
19:38:55 : Group: Fontes: lol
19:39:03 : Group: Fontes: dont want broken legs :D
19:39:41 : Group: Fontes: ill come with extra morphine and bloodbag
19:40:01 : Group: yavvs: arne?
19:40:04 : Group: Arne: yes
19:40:25 : Group: Arne: sup
19:40:28 : Group: yavvs: kjenner du til navnet jokke og Izer?
19:40:35 : Group: Arne: nej?
19:40:50 : Group: Arne: Jeg er dansk
19:40:51 : Group: Arne: :D
19:40:53 : Group: yavvs: ahh :D
19:41:44 : Group: Fontes: lol
19:41:57 : Group: yavvs: ty m8
19:41:58 : Group: yavvs: forreal
19:42:05 : Group: Fontes: you need blood ?
19:42:09 : Group: yavvs: yeah lol
19:42:17 : Group: Joshuaa: missions after restart anyone?
19:42:23 : Group: yavvs: yeah sure
19:42:30 : Group: matsa: ye :D
19:42:34 : Group: Fontes: why cant i give you one
19:42:53 : Group: yavvs: lol
19:42:54 : Group: Joshuaa: fuck these zombies man
19:43:21 : Group: matsa: i have stuff for you
19:43:27 : Group: Arne: nice
19:43:32 : Group: Arne: meet below?
19:43:34 : Group: Joshuaa: im coming lol
19:43:45 : Group: Arne: i can jump in
19:43:55 : Group: Joshuaa: oh they dead haha
19:44:11 : Group: yavvs: lol josh
19:44:15 : Group: yavvs: vault as u open to garage door
19:44:28 : Group: Joshuaa: wheres my heli gone haha?
19:44:35 : Group: yavvs: blown up this morning D:
19:44:39 : Group: yavvs: with all the other vehicles
19:44:53 : Group: Joshuaa: damn
19:46:59 : Group: Arne: like the base so far matsa
19:47:03 : Group: Arne: ?
19:47:06 : Group: matsa: :D
19:47:10 : Group: Joshuaa: anyone got a 20l jerry can for ym chainsaw haha
19:47:12 : Group: matsa: nice sniper spot
19:47:20 : Group: Arne: haha yeah
19:47:25 : Group: Arne: i am a sniper soo :D
19:47:39 : Group: Joshuaa: im going for food guys wbl
19:49:21 : Group: Fontes: so misson after the restarT?
19:49:28 : Group: Fontes: then i`l come back 
19:49:29 : Group: yavvs: yes sir!
19:59:47 : Group: Joshuaa: we being attcked?
20:00:02 : Group: yavvs: i hope not
20:00:08 : Group: Joshuaa: WHOS SHOOTING?
20:00:14 : Group: Joshuaa: sorry caps
20:01:14 : Group: Fontes: You need antibiotics svaY?
20:01:30 : Group: yavvs: i found one :D
20:01:40 : Group: Fontes: ah i have 2 if you need
20:02:40 : Group: Fontes: lol where did the heli come from
20:02:50 : Group: Arne: you need help`?
20:03:21 : Group: yavvs: not as of right now no
20:03:31 : Group: yavvs: but you are welcome to join us at any time
20:03:44 : Group: Fontes: they said that to me as well
20:03:51 : Group: Fontes: now i need to do everything for them
20:04:02 : Group: yavvs: lol
20:04:14 : Group: yavvs: you are under your own commando :D
20:04:20 : Group: Fontes: just kidding :D
20:05:38 : Group: matsa: ARE WE ALLOWED TO VISIT?
20:05:45 : Group: matsa: sorry caps lock
20:05:47 : Group: Arne: me?
20:05:52 : Group: Joshuaa: visit where?
20:05:52 : Group: matsa: ye
20:05:59 : Group: Fontes: we at the tower
20:06:19 : Group: Arne: sure
20:06:29 : Group: Joshuaa: where you guys gone?
20:06:35 : Group: Fontes: phae still banned?
20:06:46 : Group: yavvs: yeah
20:07:38 : Group: Fontes: we at green mountain josh
20:07:44 : Group: Joshuaa: what yous doing
20:07:51 : Group: matsa: soin some shit
20:08:00 : Group: Joshuaa: soin?
20:08:03 : Group: Fontes: smoking marihuana
20:08:07 : Group: matsa: xD
20:08:09 : Group: Joshuaa: ah nice hhahaha
20:08:13 : Group: matsa: doin*
20:08:19 : Group: Joshuaa: why does it say eye scan faile don the doors in base 
20:08:29 : Group: Joshuaa: i cant get in anywhere haha
20:08:33 : Group: Fontes: lol
20:08:37 : Group: Fontes: keeps doing that isnt it
20:08:52 : Group: Joshuaa: ye
20:09:28 : Group: Arne: YOU COMING?
20:09:41 : Group: Fontes: YES
20:10:32 : Group: Joshuaa: ooo disabled conboy
20:10:35 : Group: Joshuaa: convoy
20:11:10 : Group: Fontes: lol
20:12:50 : Group: matsa: dangerous base xD
20:13:13 : Group: Joshuaa: what does m107 zero up to?
20:13:27 : Group: Joshuaa: sweet
20:13:32 : Group: Fontes: Mats can you take my gear?
20:13:38 : Group: Arne: i will
20:13:44 : Group: Fontes: im at base
20:13:49 : Group: Joshuaa: could someone add me to doors please haha
20:13:49 : Group: Fontes: nice man
20:13:54 : Group: Arne: i will bring the gear to you
20:14:08 : Group: yavvs: ait arne ^^
20:14:48 : Group: yavvs: get it
20:14:50 : Group: yavvs: it was locked
20:14:52 : Group: yavvs: lol mb
20:15:16 : Group: Fontes: how did i die tho
20:15:19 : Group: Fontes: :D
20:15:19 : Group: yavvs: xD
20:15:27 : Group: yavvs: you can take my chopper
20:15:28 : Group: Arne: arma 2 killed you
20:15:29 : Group: yavvs: or  w/e
20:15:30 : Group: matsa: glitch xD
20:15:35 : Group: yavvs: its in the right safe
20:15:44 : Group: Arne: that last planform is fucked
20:16:17 : Group: Joshuaa: missions?
20:17:13 : Group: Fontes: dont nead it man
20:17:19 : Group: Fontes: need
20:17:24 : Group: Fontes: lol bad english
20:19:06 : Group: Fontes: hm no backpack
20:19:12 : Group: Arne: is it bugged when you sit in the gunners seat in choppers?
20:19:30 : Group: Arne: you can get mine if yo want
20:21:18 : Group: Arne: IKEA MISSION?
20:21:39 : Group: Fontes: sure
20:22:15 : Group: Joshuaa: me
20:22:21 : Group: Joshuaa: taking out ai haha
20:22:32 : Group: Joshuaa: im coming wait guys
20:22:49 : Group: Joshuaa: wait for meee
20:23:48 : Group: Joshuaa: im coming
20:23:55 : Group: Joshuaa: wow wtf
20:24:02 : Group: Joshuaa: font you being shot at>
20:24:08 : Group: Fontes: no
20:24:12 : Group: Arne: IM SHOOTING DMR
20:24:15 : Group: Joshuaa: okk
20:24:17 : Group: Fontes: me 2
20:25:52 : Group: Joshuaa: how many left?
20:26:15 : Group: Arne: I DONT SEE ANY
20:26:24 : Group: Joshuaa: push up
20:27:40 : Group: Arne: all i need is a combi lock i think
20:28:19 : Group: Arne: probably players here
20:28:50 : Group: Joshuaa: im going to loot
20:29:07 : Group: Joshuaa: president mission
20:29:22 : Group: yavvs: does anyone need anything? ^^
20:29:34 : Group: Joshuaa: im good
20:29:38 : Group: yavvs: gold?
20:29:44 : Group: yavvs: building materials?
20:30:03 : Group: Fontes: GOLD :d
20:31:05 : Group: Joshuaa: im taking car
20:31:26 : Group: Joshuaa: anyone want lift?
20:32:25 : Group: Arne: haha 
20:32:33 : Group: Joshuaa: lol
20:32:45 : Group: Fontes: This AI was still alive man
20:32:57 : Group: Joshuaa: large gunbag if anyone need
20:33:16 : Group: Joshuaa: president mission now?
20:34:04 : Group: Arne: STILL ALOT OF MORTAR HERE
20:34:10 : Group: Arne: you dont want it
20:34:11 : Group: Fontes: you take the ural arne?
20:34:27 : Group: Fontes: minibird on the left
20:34:33 : Group: Joshuaa: yyo svvay open gate plz
20:34:46 : Group: yavvs: lmao bro
20:34:49 : Group: yavvs: im too far away
20:34:50 : Group: yavvs: sorry bru
20:35:45 : Group: Arne: JUST GOING TO EMPTY MY BACKPACK
20:35:49 : Group: Arne: COMING BACK
20:36:04 : Group: Arne: Caps
20:36:30 : Group: Fontes: whre did you learn to drive lol
20:36:36 : Group: Joshuaa: fuckkkk
20:36:44 : Group: Joshuaa: yeah i guessed hahaha
20:36:50 : Group: yavvs: hehe xd
20:37:03 : Group: Joshuaa: oh fuck off
20:37:06 : Group: Joshuaa: hahahahaha
20:37:14 : Group: Joshuaa: i blame arma
20:37:21 : Group: yavvs: lol fuck arma 
20:37:26 : Group: yavvs: yo josh
20:37:27 : Group: yavvs: shithead
20:37:29 : Group: Joshuaa: yo
20:37:41 : Group: yavvs: catch me
20:37:52 : Group: yavvs: xD
20:37:55 : Group: Fontes: LOL
20:37:56 : Group: Joshuaa: i wasnt readyyy!
20:37:58 : Group: Joshuaa: haha
20:38:00 : Group: yavvs: hahahah :D
20:38:08 : Group: yavvs: yo, you got morphine?
20:38:11 : Group: Joshuaa: you need morphine?
20:38:18 : Group: yavvs: yeah ^^
20:38:32 : Group: Joshuaa: president mission?
20:39:07 : Group: Fontes: how do you use a keymakes kit :D
20:39:23 : Group: Joshuaa: you copy keys
20:39:45 : Group: yavvs: there is a fire inside
20:39:47 : Group: Fontes: ah so you cant make any
20:39:55 : Group: yavvs: 2 sec
20:40:00 : Group: yavvs: there is woodpiles in some safes
20:40:10 : Group: yavvs: if you take that, and a pair of matches
20:40:12 : Group: yavvs: its lit
20:40:30 : Group: Joshuaa: could you add me to plot plz
20:40:38 : Group: yavvs: yeah mb
20:40:41 : Group: yavvs: there you go :D
20:40:46 : Group: Joshuaa: thanks dude
20:40:53 : Group: yavvs: tell me if there is any doors you lads arent added too
20:40:58 : Group: yavvs: are
20:40:59 : Group: Fontes: im added to al
20:41:05 : Group: Fontes: but it keeps deleting josh
20:41:14 : Group: yavvs: wtf
20:41:15 : Group: Joshuaa: it keeps deleting me yeah haha
20:41:27 : Group: Arne: lol
20:41:33 : Group: Fontes: convoy is nearby
20:41:47 : Group: Arne: can help. but need to go off soon
20:42:02 : Group: Fontes: yeah im going to man
20:42:15 : Group: yavvs: ait ^^
20:42:19 : Group: Arne: not doing the mission?
20:42:43 : Group: Fontes: nah im leaving man
20:42:48 : Group: yavvs: :(
20:42:52 : Group: yavvs: ait, catch ya later buddy
20:43:02 : Group: Arne: yeah me too
20:43:06 : Group: Fontes: cya later guys !
20:43:10 : Group: Arne: see ya
20:43:11 : Group: Joshuaa: byeee
20:43:17 : Group: yavvs: bye!
20:44:04 : Group: Joshuaa: mission now guys?
20:44:11 : Group: Arne: im going off bro
20:44:24 : Group: Joshuaa: ok dude cya
20:44:30 : Group: Arne: see ya
20:47:59 : Group: Joshuaa: where you going?
20:48:42 : Group: matsa: BETTER SPOT
20:48:49 : Group: Joshuaa: ok
20:50:41 : Group: Joshuaa: where the ai?
21:01:59 : Group: Joshuaa: hacking?
21:02:22 : Group: Joshuaa: my gear fuck
21:02:28 : Group: Joshuaa: i had m110
21:02:53 : Group: Joshuaa: the mission?
21:03:12 : Group: Joshuaa: oh thanks
21:03:17 : Group: Joshuaa: wtf are the bodies doing
21:03:31 : Group: Joshuaa: ai dead?
21:03:54 : Group: Joshuaa: ok ill get them
21:04:42 : Group: Joshuaa: i only see 1
21:05:09 : Group: Joshuaa: theres loads dude!!
21:05:38 : Group: Joshuaa: iu got 5
21:05:41 : Group: Joshuaa: i got 5
21:06:08 : Group: Joshuaa: yo type please
21:06:39 : Group: yavvs: matsa is unconscious
21:06:45 : Group: Joshuaa: ah shit
21:06:50 : Group: yavvs: ah
21:06:51 : Group: yavvs: nvm
21:09:27 : Group: Joshuaa: yo matsa
21:12:14 : Group: Joshuaa: mats where last ai?
21:12:29 : Group: Joshuaa: i see you
21:13:31 : Group: Joshuaa: i see you, where?
21:14:18 : Group: Joshuaa: heli shoits
21:14:46 : Group: Joshuaa: heli strafing
21:14:49 : Group: Joshuaa: i think
21:15:53 : Group: Joshuaa: anymore dude?
21:16:00 : Group: Joshuaa: i dont see ant
21:16:25 : Group: Joshuaa: im coming
21:18:06 : Group: Joshuaa: noscope ftw
21:18:48 : Group: Joshuaa: wheres all the good loot? haha
21:19:01 : Group: Joshuaa: ah shit
21:19:14 : Group: Joshuaa: lets tow the cars and go
21:19:50 : Group: Joshuaa: nothing on your body dude
21:21:04 : Group: Joshuaa: how was peaches hacking?
21:22:19 : Group: Cristi: hi
21:22:22 : Group: Hailstorm: hey
21:22:27 : Group: Winans: hi
21:22:29 : Group: Hailstorm: some guys attackt your base
21:22:33 : Group: Cristi: ya?
21:22:51 : Group: Cristi: meh, ye
21:22:52 : Group: Hailstorm: i defendet it...
21:23:03 : Group: Hailstorm: but was to slow
21:23:06 : Group: Cristi: Looks like we've lost both choppers
21:23:11 : Group: Hailstorm: yes
21:23:23 : Group: Cristi: They blew them up or stole them?
21:23:31 : Group: Winans: you can have our little bird if u like
21:23:39 : Group: Hailstorm: the merlin blow up, cause they crashed it and the blackhawk was stoln
21:23:52 : Group: Cristi: How did they steal it tho, lifed? 
21:23:54 : Group: Cristi: Lifted? 
21:24:02 : Group: Winans: hotwire kit
21:24:06 : Group: Cristi: :( 
21:24:12 : Group: Hailstorm: no, hotwired and flew way
21:24:17 : Group: Hailstorm: away*
21:24:22 : Group: Cristi: That's what you get if you put it on the ground :)) 
21:24:27 : Group: Cristi: Anyway I told them this position is shit.
21:24:29 : Group: Cristi: But meh
21:24:43 : Group: Hailstorm: one bad guy is yavvs
21:24:45 : Group: Cristi: I think I'll build on the hill opposite of you.
21:24:59 : Group: Cristi: That happened now? Today? 
21:25:06 : Group: yavvs: lol
21:25:11 : Group: Hailstorm: yes
21:26:16 : Group: Cristi: You are evilw
21:26:22 : Group: Winans: :D
21:26:42 : Group: Joshuaa: oops haha
21:26:47 : Group: Cristi: I'm coming to your base for a second
21:27:03 : Group: Hailstorm: christi you can have our little bird, we have some other helis
21:27:12 : Group: Joshuaa: why was he banned?
21:27:38 : Group: Cristi: Welp, let me think something through.
21:27:39 : Group: matsa: did some stupid shit he regrets
21:27:51 : Group: Cristi: I don't want to get it crashed :)) 
21:27:56 : Group: Joshuaa: well hahaha
21:28:12 : Group: Cristi: Nice base you are building.
21:28:29 : Group: Winans: key inside
21:28:32 : Group: Hailstorm: thx, thats only the garage
21:28:34 : Group: Winans: its our garage
21:28:46 : Group: Winans: u could try building up the road
21:28:52 : Group: Joshuaa: whys there so many zombies only at our base?
21:28:54 : Group: Winans: theres a little house
21:29:29 : Group: Cristi: The fact there is an identical bird here makes me suspicious af but lol :)) 
21:29:38 : Group: Winans: lol
21:29:40 : Group: Cristi: I know you wouldn't 
21:29:49 : Group: Cristi: I hope you wouldn't. I guess I only have your word for it :)) 
21:29:59 : Group: Winans: dont unterstand
21:30:16 : Group: Joshuaa: all ge gotta do is buy a new cd key
21:30:20 : Group: Joshuaa: he
21:30:32 : Group: Cristi: Did mic work properly? 
21:30:33 : Group: Hailstorm: oh, but after restart the heli is closed
21:30:38 : Group: Winans: yeah
21:30:45 : Group: Winans: key is inside
21:30:50 : Group: Hailstorm: if its hotwired, you have to sell it after hotwireing
21:31:01 : Group: Winans: + you dont have a key
21:31:06 : Group: Joshuaa: this is me shooting btw
21:31:51 : Group: Cristi: Yeh. " This vehicle no longer exists in the databsae) 
21:31:57 : Group: Winans: yeah
21:31:58 : Group: Hailstorm: yes
21:32:16 : Group: Hailstorm: but i swear i defendet your stuff
21:32:31 : Group: Hailstorm: i killed yavvs after crashing
21:32:32 : Group: Cristi: I wanted to drop off some money here but if I got the little I will go drop it to the lockbox. Cause nigga moved the safes and I don't know the codes.
21:32:37 : Group: Hailstorm: with your merlin
21:32:53 : Group: Cristi: Ya, I was just speaking my mind if I really thought you guys did something I wouldn't have said that
21:33:00 : Group: Cristi: Btw, got some food/water?
21:33:14 : Group: Joshuaa: yo svvay you need anyhting man?
21:33:16 : Group: Winans: no food
21:33:23 : Group: Winans: u need a lockbox?
21:33:32 : Group: Joshuaa: damn dayz lawyer
21:34:03 : Group: Cristi: my favourite heli :P 
21:34:10 : Group: Winans: crap :D
21:34:34 : Group: Winans: too slow....
21:39:29 : Group: Cristi: What are your plans for today? Logging out soon?
21:39:59 : Group: Hailstorm: no, maybe some missions
21:40:04 : Group: Winans: think so yeah! work 2morrow! but maybe a good missions spawns
21:40:16 : Group: Hailstorm: everytime fishing is boring
21:41:13 : Group: Cristi: Can you invite " ovidiu" ? 
21:41:21 : Group: Hailstorm: yes
21:41:30 : Group: Hailstorm: k
21:42:35 : Group: Joshuaa: who was shooting pistol before?
21:42:40 : Group: Winans: going for missions now...wanna join
21:42:42 : Group: Winans: ?
21:42:47 : Group: Cristi: yeh, let me drop some gear off
21:42:55 : Group: Cristi: can you pick me up from somewhere? 
21:42:58 : Group: Cristi: 10 klicks away
21:43:01 : Group: Winans: yeah sure
21:46:58 : Group: Hailstorm: ovidiu you want to come with us?
21:47:09 : Group: Cristi: Pick him up :) 
21:47:48 : Group: Ovidiu: thanks
21:50:32 : Group: Joshuaa: im going guys
21:51:13 : Group: Hailstorm: we found an armed mi
21:52:08 : Group: yavvs: ait Josh!
21:52:11 : Group: yavvs: catch ya later bro
21:52:15 : Group: Joshuaa: cya man
21:54:05 : Group: Cristi: That deep land tho :)) 
21:54:39 : Group: Hailstorm: u want to build a base there
22:21:32 : Group: Cristi: Dropped 59 gold in the heli
22:21:49 : Group: Cristi: I have absolutely nothing to do with it right now.
22:21:52 : Group: Cristi: You are my bank
22:21:56 : Group: Winans: okay
22:22:04 : Group: Cristi: I will take it later, with return. 500% return 
22:22:26 : Group: Winans: lol
22:22:30 : Group: Hailstorm: XD
22:37:01 : Group: [NG2] Jesse: mk14
22:37:17 : Group: [NG2] Jesse: mk19 40mm
23:39:01 : Group: [NG2] Jesse: yea
23:42:12 : Group: [NG2] Jesse: see map
23:43:37 : Group: Paul: Thanks !
23:44:04 : Group: [NG2] Jesse: you can see where we are now
23:44:21 : Group: Paul: nice, didn't know about this feature$
23:44:29 : Group: Paul: Do I take my mic ?
23:46:01 : Group: [NG2] Jesse: paul whats you humanity?
23:46:33 : Group: Paul: 800
23:46:46 : Group: Paul:  - 800
23:46:48 : Group: Paul: sorry
23:47:01 : Group: Paul: I try to kill AI in order to access the bandit trader
23:47:11 : Group: Paul: because I don't think I'll achieve being a hero
23:47:24 : Group: Paul: but don't worry
23:47:27 : Group: Paul: and you ?
23:47:51 : Group: [NG2] Jesse: 11925
23:47:55 : Group: Paul: wow
23:48:31 : Group: Paul: nice car
23:49:52 : Group: [NG2] Jesse: cofront gunner seat ether is ammo in it
23:49:54 : Group: Paul: yaaaay
23:50:31 : Group: [NG2] Jesse: go front gunner
23:50:38 : Group: Paul: I can't
23:50:56 : Group: Paul: thanks !
23:50:57 : Group: [NG2] Jesse: there is ammo
23:51:10 : Group: Paul: I'll not waste it
23:51:11 : Group: [NG2] Jesse: we are cleaning the server from old cars 
23:51:19 : Group: Paul: really ?
23:51:25 : Group: Paul: why not just sell them ?
23:51:29 : Group: [NG2] Jesse: yeah
23:51:57 : Group: Turmoil: we only sell the expensive ones
23:51:58 : Group: [NG2] Jesse: there to many cars in the server so they dont spawn randome, because the most broke cars are locked
23:52:23 : Group: Paul: I saw many on the hill above stary
23:52:34 : Group: Paul: Do you also get rid of player cars ?
23:53:00 : Group: Turmoil: yes if they are parked in the open
23:53:12 : Group: Paul: Did you find the ones in stary ?
23:53:48 : Group: Paul: is it yours ?
23:53:49 : Group: Turmoil: now some action
23:54:28 : Group: [NG2] Jesse: shoot
23:54:39 : Group: Turmoil: there are currently aruond 370 vehicles on the server.... so we destroy a few of them
23:55:00 : Group: [NG2] Jesse: there are more bullets i the car
23:55:13 : Group: Paul: ok
23:55:14 : Group: Turmoil: m240 ammo 
23:55:36 : Group: Paul: Personally, I don't like logging off with anything else than a character on the server
23:55:51 : Group: Paul: I buy a car when I need to carry a lot, and then re sell it
23:55:58 : Group: Paul: Same for base
23:56:07 : Group: Paul: The 7 day system discourages me
23:56:20 : Group: [NG2] Jesse: its like paying the rent
23:56:23 : Group: Paul: I don't like the idea of having to log regularly to maintain stuff
23:56:47 : Group: [NG2] Jesse: if you see my base you think diffrent
23:56:50 : Group: Turmoil: you could just have a safe somewhere, thats free
23:56:59 : Group: Paul: no rent ?
23:57:05 : Group: Turmoil: not for safew
23:57:16 : Group: Paul: Oh nice, I didn't know, I'll do that
23:57:34 : Group: [NG2] Jesse: so your not a rich guy ^^ 
23:57:56 : Group: Paul: I think the dayz spirit is to travel light
23:57:57 : Group: Turmoil: my base cost 2 briefcases to maintain every 7 days
23:58:25 : Group: Paul: I once started to build 2 tents and a few stuff, but I didn't like it
23:58:36 : Group: Paul: poor chicken
23:58:43 : Group: [NG2] Jesse: i like the building part of the mod
23:59:10 : Group: Paul: I think I would like it too, but I don't want to invest time regularly
23:59:43 : Group: Paul: And I like being able to fly where I want with the mozzie, and log off under a tree with nothing to fear
23:59:55 : Group: Paul: no base to protect
