00:02:38 : Side: Turmoil: ah well, you get some you lose some
00:03:04 : Side: Tamago: thats right
00:03:22 : Side: Turmoil: where you at Tamago? 
00:03:33 : Side: Tamago: bandits stronhold
00:04:47 : Side: Tamago: HOLY SSSS give me a rocket launcher
00:05:11 : Side: Turmoil: there are 3 humwees whit .50cals and between 30 and 50 ai at stronghold missions :)
00:05:27 : Side: Tamago: 46 AI
00:05:32 : Side: Turmoil: :)
00:05:33 : Side: Tamago: you kiddin me
00:06:24 : Side: Tamago: give me a striker with granade luncher please
00:07:00 : Side: Tamago: thats not even funny. ai cover so large area that i would need a base here to kill them off without worring about getting flanked
00:07:37 : Side: [NG2] Jesse: its the harded missions of all 
00:07:49 : Side: Tamago: wtf tank inside just moved O_O
00:08:00 : Side: [NG2] Jesse: no thats not true ^^ 
00:08:05 : Side: [NG2] Jesse: its fake
00:08:15 : Side: Turmoil: illusion
00:08:18 : Side: Tamago: i swear i was looking at it and it changed position
00:08:28 : Side: Tamago: ik its fake cause thats one of the statue tanks
00:08:33 : Side: Tamago: but still
00:08:38 : Side: [NG2] Jesse: ^^
00:08:53 : Side: Tamago: and it has that heli you lost y'day
00:09:05 : Side: [NG2] Jesse: that heli is loot
00:10:21 : Side: Tamago: whats range o agression for these ai? 600meters?
00:10:26 : Side: Tamago: of*]
00:10:34 : Side: [NG2] Jesse: keep them on distance,.. 
00:10:41 : Side: Turmoil: m2 .50 cal shoots you easily at 1200-1800m
00:11:01 : Side: [NG2] Jesse: ai on 800 is save mostly
00:11:10 : Side: Tamago: nice. yeah im going to mvoe to anoter mission but i will usre hit that one later on
00:11:49 : Side: Tamago: rpg with 5 ammo and run so ai loose aggro xD
00:12:05 : Group: Tamago: ^^
00:13:39 : Group: Tamago: whats the % of scucess with hotwire kit on this server?
00:13:55 : Group: Turmoil: it never failed on me
00:13:58 : Group: [NG2] Jesse: i am not sure,..  i faild ones
00:14:00 : Group: Tamago: neat xD
00:14:01 : Group: Turmoil: or once, in 10-15 hotswires
00:14:14 : Group: [NG2] Jesse: do you have a target? 
00:14:21 : Group: Tamago: not yet but i have a kit =p
00:14:28 : Group: Tamago: pne tho
00:14:30 : Group: Turmoil: where ya flying to xD
00:14:30 : Group: Tamago: one*
00:14:36 : Group: Tamago: bandit squad
00:21:25 : Group: Turmoil: taken out the rpg guy?
00:21:31 : Group: Tamago: i think
00:22:23 : Group: Turmoil: looks clear
00:22:38 : Group: Tamago: 7 ai
00:22:58 : Group: [NG2] Jesse: are the trader in stary
00:23:03 : Group: Turmoil: you are near stary :=
00:23:10 : Group: Tamago: and?
00:23:19 : Group: Turmoil: it counts the ai traders in the safezone :) 
00:23:24 : Group: Tamago: ahh lol
00:23:26 : Group: Turmoil: all clear ^^
00:23:33 : Group: [NG2] Jesse: the tradersguys
00:24:58 : Group: Tamago: ty lol
00:26:47 : Group: Tamago: not that bad. 3 dmrs
00:31:07 : Group: Tamago: so what are you 2 up to now?w
00:31:28 : Group: [NG2] Jesse: nothing.. ... .. . .. 
00:31:31 : Group: Turmoil: not much, just screwing around xD
00:31:33 : Group: Tamago: okkk
00:48:30 : Group: Tamago: someone is downloading at home and i got sick ping now >_>
00:49:44 : Group: Turmoil: i had same problem, so i turned of wifi and plugged in cable ^^
00:49:57 : Group: Tamago: problem is i am using cable =p
00:53:20 : Group: Turmoil: lol found an abandon base, two lockboxes xD whit a shotgun and some few 1 and 3zo gold bars xD
00:53:31 : Group: Tamago: lol
00:55:17 : Group: Tamago: that mayors mansion seems doable
00:55:35 : Group: Turmoil: it is, just watch out for the M2 .50cals on the roof :)
00:55:49 : Group: Tamago: i can see only heavey mashine guns mounts
01:00:53 : Group: Tamago: holy shit they flanked me so hard
01:01:07 : Group: Turmoil: naughty ai
06:39:27 : Side: mixer_90: Vladimir, good morning!
06:39:56 : Side: VLADIMIR>***: heloo Mixer:)
06:40:22 : Side: mixer_90: Where you are from?
06:40:33 : Side: VLADIMIR>***: Polend, and yu?
06:40:44 : Side: mixer_90: Russia)
06:40:59 : Side: VLADIMIR>***: i like dis contry
06:41:11 : Side: mixer_90: I too)))
06:41:20 : Side: VLADIMIR>***: kaki gorad?:))
06:41:56 : Side: mixer_90: Kaluga (200km from Moscow to Sound-West)
06:42:17 : Side: VLADIMIR>***: da ja znaju?)
06:42:45 : Side: mixer_90: Bil v Rossii?!
06:43:08 : Side: VLADIMIR>***: niet, ale chaczu:)
06:43:20 : Side: VLADIMIR>***: uwidiet Maskwu:)
06:43:30 : Side: VLADIMIR>***: Dien Pabiedy:)
06:43:49 : Side: VLADIMIR>***: no i Waszy diewuszki:)
06:44:10 : Side: mixer_90: Please Welcom))))
06:44:46 : Side: VLADIMIR>***: wher ar yu now in Czernoruś
06:44:58 : Side: VLADIMIR>***: im in Krutoy Camp
06:45:54 : Side: mixer_90: Im in Guglovo, go to mission Hero Black Hawk Crash
06:46:12 : Side: VLADIMIR>***: ok god lok:)
06:46:30 : Side: mixer_90: Thenks)
06:47:09 : Side: mixer_90: If are you wont somthing, i have the base there (look map)
06:48:15 : Side: VLADIMIR>***: oooo thanks, yes i se your base:)
06:48:26 : Side: VLADIMIR>***: my in Berezino:)
06:48:38 : Side: VLADIMIR>***: Ty moj susied:)
06:48:57 : Side: mixer_90: Kak v zhizni)))
06:49:17 : Side: VLADIMIR>***: :)]
06:50:02 : Side: VLADIMIR>***: if yu wont somteng-help or gold, wepon, ewakuation-plese tel me:)
06:50:20 : Side: mixer_90: OK, you too)
06:50:43 : Side: mixer_90: My name Evgenij)
06:50:50 : Side: mixer_90: Or mixer)
06:51:21 : Side: VLADIMIR>***: Priviet Ewgieni-my Mariusz
06:51:46 : Side: mixer_90: Budem znakomi)
06:51:56 : Side: VLADIMIR>***: da budiem:)
10:03:06 : Side: Tamago: where Ai is killing you?
10:03:45 : Side: mixer_90: Vibor missions
10:03:59 : Side: Tamago: ahh vodnik xD
10:04:07 : Side: mixer_90: Yes)
10:04:38 : Side: Tamago: its in stupid position cause not that many snipings spots and ai can flank you easy
10:07:46 : Side: mixer_90: He is 1 or 2 bots
10:07:59 : Side: Tamago: if these were bandits i would help you to snipe them out but i dont want to loose humanity =p
10:08:23 : Side: mixer_90: They Hero((
10:08:30 : Side: Tamago: yup
10:08:37 : Side: mixer_90: RPK
12:47:11 : Side: GoForthAndMultiply: oh shit
12:48:39 : Side: GoForthAndMultiply: you want picking up
12:48:42 : Side: GoForthAndMultiply: sorry man
12:48:47 : Side: GoForthAndMultiply: ?
12:48:50 : Side: Tamago: well xD
12:49:01 : Side: GoForthAndMultiply: genuinely thought you were AI
12:49:07 : Side: GoForthAndMultiply: sorry man
12:49:12 : Side: Tamago: yeah i would liek totake my stuff back you can loot anything else. i was doing these for humanity anyways =p[
12:55:26 : Group: Tamago: THIS FUCKING GAMEW
12:55:32 : Group: Tamago: LOAD FOR FUCKSA SAKE
12:59:42 : Side: Tamago: thisf...iig game. always when i die i have to reset client to start playing ...
12:59:49 : Side: GoForthAndMultiply: its ok
12:59:57 : Side: GoForthAndMultiply: i have all your gear bag and clothes :)
13:00:04 : Side: Tamago: thanks
13:01:03 : Side: GoForthAndMultiply: really sorry man,i genuinely thought you wwere AI
13:01:07 : Side: Tamago: its ok xD
13:01:19 : Side: Tamago: tho bizzare that everything around was dead =p
13:01:30 : Side: GoForthAndMultiply: i thought you missed 1
13:01:35 : Side: Tamago: xD
13:01:37 : Side: GoForthAndMultiply: lol i've done that before
13:01:52 : Side: GoForthAndMultiply: i should've asked
13:01:57 : Side: Tamago: nah its fine
13:02:57 : Side: GoForthAndMultiply: i can pick you up after restart
13:03:17 : Side: Tamago: 1k left
13:03:31 : Side: GoForthAndMultiply: ok
13:07:22 : Side: GoForthAndMultiply: that new mission is close
13:12:52 : Side: Tamago: im at gorka
13:13:10 : Side: GoForthAndMultiply: i am next to your heli
13:13:33 : Side: Tamago: omw
13:24:46 : Side: Tamago: i got ping kicked there =p
13:30:03 : Side: Tamago: oh damn
13:31:23 : Side: GoForthAndMultiply: CRACK SHOT ai LOL
13:31:30 : Side: Tamago: xD
13:31:42 : Side: Tamago: hit f5 and join team i will get ya
13:32:23 : Side: GoForthAndMultiply: i have a bike :)
13:32:38 : Side: Tamago: i have a bird
14:40:35 : Side: Tamago: hello 2die 4 dotn shoot the bird please xD
14:40:43 : Side: 2DIE4:  hi
16:26:56 : Side: mixer_90: Hi, guys!
16:27:02 : Side: 2DIE4: hey
16:27:45 : Side: VLADIMIR>***: Hy my Frend:)
16:28:19 : Side: VLADIMIR>***: how are yu Ewgieni:)
16:28:44 : Side: mixer_90: Last week i have gammage your heli... My plane crashed it. I buy new heli for you (2DAE4). I think Your Friend asked this/
16:28:49 : Side: mixer_90: I ok!
16:29:21 : Side: 2DIE4:  i appreciate your good will...  thank u very much ! 
16:29:34 : Side: mixer_90: ))
16:30:31 : Side: mixer_90: It did be fun, and I didnt wont be bandit)))
16:30:56 : Side: 2DIE4: did u try to land up there  ?  XD
16:31:09 : Side: mixer_90: )))
20:06:30 : Side: nabekren: is admin here?
20:07:04 : Side: nabekren: i have some questions about bases
20:07:36 : Side: nabekren: are they distuctable?
20:09:04 : Side: nabekren: even metal and cinder?
20:09:35 : Side: nabekren: :(
20:09:41 : Side: [OCB]Dodgy Embalmer: why ask an admin yes all bases are destructable
20:17:58 : Side: nabekren: Hi comrads
20:18:06 : Side: mosun: Hi!
20:18:21 : Side: ARTaRDD: ky
20:18:34 : Side: nabekren: any one need mercenaries?
20:19:12 : Side: nabekren: you pay we kill
20:19:46 : Side: nabekren: first chernorus PMC
21:05:07 : Side: ARTaRDD: pidarasi
21:38:41 : Side: 2DIE4:  MOSUN ya body is  a  damn combat loggin sissi
