00:06:40 : Side: SoomqaBlyet: server lagging
00:07:05 : Side: Turmoil: not for me
00:17:47 : Side: alexxx: /all where u are guys
00:33:47 : Side: alexxx: where die all those guys ?
00:52:39 : Side: Haiden: those frames tho
01:01:40 : Side: [NG2] Jesse: i am the first guy in this word(server) who made art !
01:21:32 : Side: Haiden: ghillie guy , you forgot to finish me off. 
02:35:31 : Side: Boosted Outlaw: dang that was close
02:35:33 : Side: Boosted Outlaw: lol
02:49:38 : Side: Haiden: are you able to break into bases?
02:49:57 : Side: Haiden: dont have one in mind, just curious. 99% of the servers dont allow it
04:12:45 : Side: Haiden: if anyone would like there are still weapons available at the bandit mission near Berezino. I didnt take much
04:13:06 : Side: Haiden: and mission by Polana
04:17:30 : Side: freedom: who all are heros?
04:18:04 : Side: Ryan: me im level 1
04:18:08 : Side: Haiden: i dont play as either
04:18:25 : Side: freedom: same ryan
04:18:36 : Side: Haiden: im just playing casual really. usually play on a 100-50 slot
04:18:50 : Side: freedom: wow
08:58:30 : Side: freedom: still a guy left somwhere here'
08:58:40 : Side: 2DIE4:  where?
08:58:54 : Side: 2DIE4: convoy?
08:59:26 : Side: freedom: yeah but they just droped reinforcments damnit
11:17:48 : Side: SoomqaBlyet: ahahah
11:17:51 : Side: SoomqaBlyet: idiot
11:38:13 : Side: -SDS- Gowther: how rude
11:38:27 : Side: -SDS- Gowther: :(
11:41:03 : Side: -SDS- Gowther: WTF NN isnt on the server?
11:41:19 : Side: Turmoil: Its AI
11:41:27 : Side: -SDS- Gowther: Lol
11:41:28 : Side: -SDS- Gowther: oke
11:51:28 : Side: Turmoil: 2DIE4?
11:51:33 : Side: 2DIE4:  ?
11:51:44 : Side: Turmoil: whats the effective range of the VSS? :)
11:51:57 : Side: 2DIE4:  400  and a lil
11:52:12 : Side: 2DIE4:  experienced  600
11:52:22 : Side: Turmoil: okay, thank you sir :)
11:52:27 : Side: 2DIE4:  =)
11:53:05 : Side: Turmoil: have you gotten into that base yet btw? :D you know the guys who magically disapeared
11:53:25 : Side: 2DIE4:   not yet 
11:54:15 : Side: Turmoil: alright ^^ 
12:11:42 : Side: 2DIE4:  IKEA  yeah   lots of money
12:19:13 : Side: 2DIE4: yap =9
12:19:14 : Side: Turmoil: all good here
12:20:47 : Side: Turmoil: how about you?
12:25:45 : Side: 2DIE4:  dunno
12:25:56 : Side: Ovidiu: pl in mata 
12:27:35 : Side: Turmoil: sounds real exciting xD
12:42:09 : Side: 2DIE4:  hey u sore loosers ... u better leave my mom outta this  ... rread the rules or play tetris
12:42:54 : Side: Ovidiu: fuck you little shit 
12:43:02 : Side: 2DIE4:   oh  good
12:43:14 : Side: 2DIE4:   u read that  LWB?   fuck me  X
12:43:25 : Side: M.K.: let me guess, he camped again?
12:43:51 : Side: 2DIE4:  this is my  backyrd so i cannot camp it  now  zip ya piehole
12:44:24 : Side: Roma: I thought that here are adequate people
12:44:40 : Side: M.K.: there are 2 types of people here
12:44:45 : Side: 2DIE4:  well getting shot is part of the game and some ppl take it personal
12:44:58 : Side: M.K.: nice, friendly, and then there is 2die4
12:45:04 : Side: M.K.: :)
12:45:06 : Side: 2DIE4:  yap  ppl that whine  like u and ppl that shoot and get shot and dont loose a word about it
12:45:31 : Side: Turmoil: i think he is friendly ^^
12:45:36 : Side: 2DIE4:   Turm  what was the gifts 4 u guys yesterday?
12:45:56 : Side: Turmoil: the one jesse took from my roof?
12:45:58 : Side: M.K.: i'd better watch that mouth, you're talkin to your daddy
12:46:05 : Side: 2DIE4:  both?!
12:46:21 : Side: Turmoil: CH47 and MV22? :D
12:46:23 : Side: Laurence Gommersil: turmoil
12:46:34 : Side: Laurence Gommersil: inv me to ure grou[
12:46:36 : Side: 2DIE4:   =) 
12:47:43 : Side: 2DIE4: MK  i bet when u in ya base  and the mission spawns right in front u log out or leave  .....  =)
12:47:59 : Side: M.K.: everyone laugh pls
12:47:59 : Side: 2DIE4:  i live here so  i cant camp
12:48:04 : Side: M.K.: otherwise he will get sad
12:48:07 : Side: M.K.: and rage quit
12:48:15 : Side: M.K.: lets make him happy for a second shall we
12:48:17 : Side: M.K.: :)
12:48:31 : Side: 2DIE4:   damn  u should hit the stage with that
12:48:52 : Side: tom: anyone friendly on here
12:48:52 : Side: M.K.: did i ever mention to stop calling my name again?
12:48:54 : Side: M.K.: thanks.
12:49:07 : Side: 2DIE4:  whatever   ... 
12:49:10 : Side: 2DIE4:  MK
12:49:39 : Side: 2DIE4:  lol see i dont even need to do anything  
12:51:28 : Side: 2DIE4:  u can drag em when they unconcious
12:53:13 : Side: 2DIE4:  M" still up
12:53:22 : Side: 2DIE4:  yap
12:57:04 : Side: 2DIE4:  MK   would u stop markin shit in side channel?  get in a  group and mark in group  or come hear and catch some lead
13:07:32 : Side: 2DIE4:  look at u kid
13:12:26 : Side: 2DIE4: ok
13:17:37 : Side: 2DIE4:  HAHAHAHAAH GJ  =) 
13:19:08 : Side: M.K.: why? lel
13:19:15 : Side: M.K.: i was trying to help ya guys
13:19:17 : Side: M.K.: ^^
13:20:01 : Side: M.K.: who killed me?
13:20:31 : Side: Laurence Gommersil: ovidiu
13:20:48 : Side: M.K.: ovidiule esti prost sa mor
13:20:51 : Side: M.K.: ok ty
13:20:59 : Side: Mario: DAI ACCEPT 
13:21:11 : Side: Ovidiu: hai iati gearu
13:21:34 : Side: 2DIE4:  englsh only in side pls
13:21:39 : Side: M.K.: dont need it 
13:21:46 : Side: M.K.: gonna try somethin out
13:21:47 : Side: M.K.: XD
13:25:35 : Side: Laurence Gommersil: LOL who ran u over xDDD
13:25:42 : Side: 2DIE4: lol now they start hackin 
13:25:54 : Side: 2DIE4:   ah no he ran into the mines 
13:25:55 : Side: M.K.: ppfffhahahahaa 
13:26:02 : Side: 2DIE4:   i always forget about the mines
13:26:03 : Side: M.K.: wtf just happedn
13:26:06 : Side: M.K.: :)))))))))))))))))))))))))))))))))))))
13:26:25 : Side: 2DIE4:  well the satchels make the same explosion    and i forget about the mines too often
13:26:47 : Side: Ovidiu: mk
13:26:52 : Side: M.K.: ?
13:27:05 : Side: Ovidiu: intra in grup
13:27:09 : Side: M.K.: cant
13:27:11 : Side: M.K.: right now
13:27:26 : Side: M.K.: i need a radio &&
13:27:30 : Side: Ovidiu: dupaia
13:27:45 : Side: Ovidiu: nu tre 
13:27:54 : Side: Ovidiu: nu ai nevoie de radio
13:27:54 : Side: M.K.: i cannot without
13:31:44 : Side: M.K.: im gonna get every mine until i succeed and there is none left
13:31:45 : Side: M.K.: XD
13:31:51 : Side: M.K.: fockin hell
13:31:54 : Side: 2DIE4: sounds like  aplan 
13:32:07 : Side: M.K.: who's talkin to u again? craving attention much ?
13:32:59 : Side: 2DIE4:  well im not the kid markin the map like  a retard the whole time   =) 
13:33:10 : Side: M.K.: me neither? 
13:33:26 : Side: 2DIE4:  well then it must  be our new friends here
13:33:27 : Side: M.K.: again stop adressing to me fat fuck cheers!
13:33:40 : Side: M.K.: :D
13:33:51 : Side: 2DIE4:  lol   u r pretty strong behind your keyboard   kid  
13:34:19 : Side: M.K.: first of all get that AI guys
13:34:27 : Side: M.K.: :))
13:36:10 : Side: M.K.: did u kill the ai?
13:37:20 : Side: M.K.: watch out for 2die, he's out of his base or changed pos, i can smell his stinge
13:37:23 : Side: 2DIE4: here comes the biker
13:38:15 : Side: M.K.: got it:)
13:38:24 : Side: 2DIE4: whoever is marking... mark in your group pls  its  just  getting old
13:39:23 : Side: M.K.: get the ai ovidiu or whoever is here
13:39:32 : Side: M.K.: i cannot get close or he will kill me
13:40:41 : Side: M.K.: ok im out no ones here and i got no weps
13:41:00 : Side: Mario: take the loot and go..
13:41:06 : Side: M.K.: i cant ai near the crate
13:41:09 : Side: M.K.: soz :)
13:41:14 : Side: M.K.: kill the ai 
13:41:20 : Side: M.K.: AI / Bots
13:41:30 : Side: M.K.: im gone anyways
13:44:21 : Side: Mario: mk u are in mission?
13:45:39 : Side: M.K.: cine pula mea mai putea fi
13:45:43 : Side: M.K.: coaie nu ganditi deloc
13:45:50 : Side: 2DIE4:  lol 
13:45:51 : Side: M.K.: suntem doar noi 4 pe server
13:45:55 : Side: Ovidiu: raspunde in pula mea
13:45:56 : Side: 2DIE4:  still english pls
13:46:04 : Side: M.K.: UITE-TE LA PLAYER
13:46:09 : Side: M.K.: suntem doar noi 3 si el
13:46:11 : Side: M.K.: in sloboz
13:46:11 : Side: 2DIE4:  ui ignorant  fucks
13:46:13 : Side: M.K.: doamne
13:46:19 : Side: Mario: if u don't press f5 to group..sory is not so hard
13:46:28 : Side: M.K.: NU IMI MERGE IN PULA MEA f%
13:46:35 : Side: M.K.: am scris ca fara radio nu pot
13:46:38 : Side: M.K.: bagamias pula
13:46:42 : Side: M.K.: ce nu pricepeti
13:47:33 : Side: M.K.: its bad to be stupid
13:47:35 : Side: M.K.: so sad..
13:47:55 : Side: M.K.: i guess im done for today
13:50:27 : Side: 2DIE4:  u holding it up 
13:50:32 : Side: M.K.: ?
13:50:33 : Side: 2DIE4:  i respect that 
13:50:40 : Side: 2DIE4:  or they left ai 
13:50:41 : Side: M.K.: what u mean
13:50:49 : Side: 2DIE4:   they cant even  kill AI?
13:50:55 : Side: M.K.: no..apparently
13:51:02 : Side: 2DIE4:  be honest 
13:51:08 : Side: 2DIE4:  then they dont 
13:51:17 : Side: 2DIE4:  deserve it
13:51:37 : Side: M.K.: im comming for the supplies trying to dodge the ai's
13:51:46 : Side: M.K.: lets see how that goes
13:51:47 : Side: 2DIE4:  ill shoot em if i see em
13:53:44 : Side: M.K.: dont crash the choppa im safe
13:53:51 : Side: M.K.: fkin wood supplies
13:53:54 : Side: M.K.: great
13:54:07 : Side: 2DIE4:  lol
13:54:23 : Side: M.K.: need their stuff?
13:54:31 : Side: 2DIE4:  get it
13:54:42 : Side: M.K.: k
13:55:37 : Side: 2DIE4:  dunno where 
13:55:40 : Side: 2DIE4:  the last one
13:55:41 : Side: M.K.: its k
13:55:45 : Side: M.K.: ty
13:55:47 : Side: 2DIE4:  aight
13:55:56 : Side: 2DIE4:  see  ... im not even that bandit
13:56:01 : Side: M.K.: meh..
13:56:51 : Side: M.K.: all of taht for some fkin wood
13:56:52 : Side: M.K.: great
13:57:14 : Side: 2DIE4: that sucks 4 sure
13:57:17 : Side: M.K.: those 2 are a bunch of retards
13:57:32 : Side: 2DIE4:   yap 
13:58:20 : Side: M.K.: remember, this doesnt make us allies, just changes my opinion that i had about you a bit.
13:58:33 : Side: 2DIE4:   naa the game must go on  XD
13:58:37 : Side: M.K.: k
13:59:02 : Side: 2DIE4:  well rewll
13:59:08 : Side: 2DIE4:  well... farewell
13:59:14 : Side: M.K.: bye
14:01:00 : Side: 2DIE4: sure np
14:01:52 : Side: 2DIE4: gimme a sec
14:05:19 : Side: 2DIE4: omw
14:12:43 : Side: 2DIE4: yap
14:13:31 : Side: 2DIE4: 2 more
14:13:45 : Side: 2DIE4:  see them o dont
14:14:16 : Side: 2DIE4:  one more 
14:14:45 : Side: 2DIE4:    therer is one more  check ll bushes
14:14:56 : Side: 2DIE4:  gj+
14:27:00 : Side: 2DIE4:  lets get me some lunch   then  =) 
14:27:03 : Side: 2DIE4:  later  =9 
14:28:55 : Side: M.K.: how can i remove a doore?
14:28:57 : Side: M.K.: door?
14:29:45 : Side: M.K.: nvm got it
14:29:54 : Side: M.K.: fuck
14:30:24 : Side: Laurence Gommersil: no swearing in side chat
14:30:32 : Side: Laurence Gommersil: i dont think xD
14:30:35 : Side: M.K.: shut up.
14:30:48 : Side: Laurence Gommersil: nah
15:04:42 : Side: Turmoil: hola guys
15:04:51 : Side: Sebastian: hi
15:04:54 : Side: M.K.: sup
15:04:56 : Side: [NG2] Jesse: hi
15:05:07 : Side: Digupherbones: hi
15:06:59 : Side: [NG2] Jesse: need a pick up?
15:10:44 : Side: M.K.: how can i remove a metal door from a block doorframe?
15:32:20 : Side: M.K.: who's towing that uaz with the suv?
16:44:01 : Side: Turmoil: who just parked their heli north of Grezino?
16:56:11 : Side: 2DIE4:  pink SUV  XD
16:56:15 : Side: Turmoil: yeah :D
16:56:45 : Side: 2DIE4:  XD
16:57:48 : Side: 2DIE4:  see u later goin to have  beer .. talkin bout next season paintball = )
16:57:59 : Side: Turmoil: alright
16:58:06 : Side: Turmoil: did you enjoy the car tho?
16:58:18 : Side: 2DIE4:  its still up ther i cant lift it  atm
16:58:27 : Side: 2DIE4:  but it looks fenzy  XD
16:58:32 : Side: [NG2] Jesse: its agift from Hero Town! 
16:58:37 : Side: 2DIE4:  i mean fancy  XD
16:58:46 : Side: 2DIE4:    well appreciatet  =)
16:59:00 : Side: 2DIE4:  later  =) 
19:47:35 : Side: Cristi: Admins_
19:47:41 : Side: Cristi: ?
19:48:44 : Side: Cristi: How can safes dissapear? 
20:08:14 : Side: [NG2] Jesse: 2die4, did you see my artwork on this server? 
20:08:25 : Side: 2DIE4:  yap  nice  XD
20:08:41 : Side: [NG2] Jesse: ^^ 
20:08:46 : Side: 2DIE4:  like the 
20:08:58 : Side: 2DIE4: hollywood thing  XD
20:09:04 : Side: [NG2] Jesse: thought we can use a new friendly town in  this server ;) 
20:09:14 : Side: [NG2] Jesse: yea, thx ^^ 
20:38:12 : Side: Cristi: Heil, you never get tired of this game?
20:38:22 : Side: Hailstorm: NOPE
20:38:37 : Side: Cristi: ok :)) 
20:38:42 : Side: Winans: being rich helps :D
20:39:09 : Side: Cristi: :))
20:39:40 : Side: Cristi: 2 of our safe appearently dissapeared, along with the entire base.
20:39:59 : Side: Cristi: Looks like I will have to be building alone
20:40:19 : Side: 2DIE4:  your base wasnt by PULKOVO   by any chance?
20:40:29 : Side: Cristi: no
20:40:34 : Side: 2DIE4:  ok 
20:40:34 : Side: nutzer: where was it?
20:40:46 : Side: Cristi: Why would I say? 
20:40:51 : Side: nutzer: dunno
20:40:57 : Side: nutzer: thought youll leave it anyway
20:41:02 : Side: Cristi: Max 3 days ago
20:41:14 : Side: Cristi: The plot pole got replaced though
20:41:21 : Side: Cristi: What about safes, safes blow up too?
20:41:57 : Side: Cristi: Somebody replaced the plotpole, it got raided
20:42:08 : Side: Cristi: He probably did select that if it's an option
20:42:14 : Side: Cristi: It gives him right to the safes?
20:42:22 : Side: 2DIE4:  no
20:42:31 : Side: 2DIE4:  the safes r  a thing of their own 
20:42:33 : Side: Cristi: Anyway, he got banned the same day afterwards
20:42:45 : Side: 2DIE4:  therefore they do not get maintained over the plot
20:42:48 : Side: Cristi: It wasn't 7 days :\ 
20:43:08 : Side: Cristi: Or maybe it was, anyway, it's done :). I don't cry over them, I was just wondering. So it doesn't happen again.
20:43:34 : Side: Cristi: yvvrs or something that was arguing with you the other day took ownership of the plot pole
20:43:37 : Side: Cristi: He got banned later
20:43:42 : Side: Cristi: About base glitching.
20:44:40 : Side: Cristi: It was in the middle of the woods, it's allright.
20:45:08 : Side: Cristi: Well you've just broadcasted it :))
20:45:40 : Side: Cristi: Tbh I don't even know where Dichina is
20:46:53 : Side: Hailstorm: thats the base from yavvs and masta
20:47:05 : Side: Winans: it was :D
20:51:56 : Side: Cristi: repairing and refueling helis? 
20:52:00 : Side: Cristi: Can you do it at Klen?
20:52:16 : Side: 2DIE4:  u can do it at any service station
21:11:14 : Side: 2DIE4: nutzer
21:11:24 : Side: nutzer: yo
21:11:34 : Side: 2DIE4:  your stuff still there every single thing
21:11:41 : Side: M.K.: omw
21:11:43 : Side: nutzer: you can take it
21:11:44 : Side: M.K.: ^^
21:11:45 : Side: M.K.: :))
21:11:50 : Side: nutzer: dont really need it 
21:11:50 : Side: 2DIE4:  i dont need it  
21:11:56 : Side: nutzer: hm
21:12:05 : Side: nutzer: alright thx dude
21:12:19 : Side: nutzer: ill have a look if i can get there soon 
21:12:31 : Side: nutzer: very kind of you 
21:12:49 : Side: 2DIE4:  np  like i said i dont need anything atm 
21:13:08 : Side: 2DIE4:  u was just too loud  XD
21:13:16 : Side: nutzer: haha
21:13:23 : Side: nutzer: ye i missed a few shots with the dmr
21:13:26 : Side: nutzer: was pretty bad
21:13:41 : Side: 2DIE4:  dude u missed like  a mag or two  
21:13:46 : Side: 2DIE4:  XDw
21:13:53 : Side: nutzer: shuuush dont tell anyone
21:14:00 : Side: 2DIE4:  ok i wont
21:14:02 : Side: nutzer: 700 meters wasnt that easy to hit xd
21:15:08 : Side: nutzer: what weapon were you using? 
21:15:14 : Side: 2DIE4: VSS
21:15:19 : Side: nutzer: oh alright :D
21:15:37 : Side: 2DIE4:  pretty quiet huh?!  XD
21:15:42 : Side: nutzer: yup xD
21:15:56 : Side: nutzer: like 30 sec before you shot me a bot shot me unconsious
21:16:02 : Side: nutzer: then i woke up xd
21:16:13 : Side: 2DIE4:  sawsw u bandaging
21:24:37 : Side: nutzer: im going to pick the stuff back up
21:24:44 : Side: 2DIE4:   go ahead
21:24:48 : Side: M.K.: i already did that
21:24:49 : Side: M.K.: :P
21:24:51 : Side: nutzer: just so u dont think its a stranger if you see someone xd
21:26:57 : Side: nutzer: thx dude :)
21:32:10 : Side: [NG2] Jesse: i need to shoot 7 bullets from my azion at a ai chopper to shoot it down :( 
21:32:33 : Side: [NG2] Jesse: anzion* .. 
21:32:42 : Side: Faldehals: anzio
21:32:53 : Side: [NG2] Jesse: ^^ 
21:33:20 : Side: [NG2] Jesse: not that powerfull i guess
21:35:17 : Side: Boosted Outlaw: any admins online?
21:36:59 : Side: [NG2] Jesse: what do you guys think about the anzio?
21:38:11 : Side: M.K.: whats goin on there
21:38:37 : Side: M.K.: 2die4 is that you?
21:38:54 : Side: 2DIE4:  =)
21:39:02 : Side: M.K.: what are you shooting at/
21:40:08 : Side: Faldehals: hihi
21:40:25 : Side: M.K.: oh was it you
21:40:33 : Side: M.K.: what were u shooting at?
21:42:06 : Side: Boosted Outlaw: any admins online?
21:42:11 : Side: Boosted Outlaw: i need a little help
21:42:28 : Side: [NG2] Jesse: maybe later..
21:45:36 : Side: Faldehals: sry guys i have my play like a asshole day
21:46:15 : Side: LWB [SD]: whats wrong Boosted?
21:47:09 : Side: Turmoil: JESSE!!!!
21:47:11 : Side: 2DIE4:  i come lpaying  =)
21:47:19 : Side: Laurence Gommersil: TURMOIL!!!!
21:47:22 : Side: Laurence Gommersil: xD
21:47:29 : Side: [NG2] Jesse: LOVE!!@!
21:47:57 : Side: LWB [SD]: boosted?
21:48:09 : Side: Boosted Outlaw: you an admin?
21:48:19 : Side: LWB [SD]: no just a friendly elf
21:48:27 : Side: Turmoil: are you an elf LWB?
21:48:32 : Side: LWB [SD]: yep
21:48:38 : Side: [NG2] Jesse: where is santa>? 
21:48:41 : Side: Turmoil: cool... that explains alot
21:48:48 : Side: LWB [SD]: got pointy ears
21:48:49 : Side: Sebastian: an elf with server console?
21:48:55 : Side: Sebastian: :D
21:49:01 : Side: Boosted Outlaw: a truck is in my base and i cant get out.............
21:49:36 : Side: LWB [SD]: your truck or someone elses truck?
21:50:17 : Side: Boosted Outlaw: a truck that i had parked outside and now its in the door way with broken wheels so i cant leave to tow it out of the way
21:50:58 : Side: Lancer_AUT: 2DIE ALSO DU DER TYP DER JEDE NACHT ALLES MIT HELI ZERSCHIEST
21:51:08 : Side: 2DIE4: nope
21:51:24 : Side: Boosted Outlaw: i got it
21:51:28 : Side: LWB [SD]: I saw ;-)
21:51:41 : Side: Boosted Outlaw: 4 stanag mags did the trick
21:52:03 : Side: LWB [SD]: and the delete key ;-)
21:52:03 : Side: Faldehals: got the money from my body and repair but i think after restart we start round 2 or 2die4 ?
21:52:09 : Side: 2DIE4: aber wenn ich den schon mal hab hol ich den auch wenn mich n lb angreift  XD
21:52:12 : Side: Boosted Outlaw: so you are an admin?  /friendly elf
21:52:30 : Side: Faldehals: ACTIONDAY !!!!
21:52:30 : Side: Boosted Outlaw: thanks man
21:52:32 : Side: LWB [SD]: Im the messaiah
21:53:03 : Side: 2DIE4:  sure y not but against two birds is tricky  =)
21:53:05 : Side: LWB [SD]: har har
21:53:06 : Side: Faldehals: LWB ist DER Führer
21:53:19 : Side: LWB [SD]: heil LWB
21:53:28 : Side: Faldehals: JAWOL ! :D
21:53:50 : Side: 2DIE4:  i leave yalls stuff
21:54:03 : Side: 2DIE4:  but i am patroling  ;-)
21:54:38 : Side: Faldehals: nimm komm da nimmer rann 
21:54:59 : Side: 2DIE4: klar
21:55:04 : Side: LWB [SD]: English only in side chat except when Heiling me
21:55:14 : Side: 2DIE4:  i mean sure
21:55:21 : Side: nutzer: HEIL LWB 
21:55:42 : Side: LWB [SD]: :D
21:55:55 : Side: Faldehals: JAWOL ... HEIL LWB 
21:56:00 : Side: 2DIE4: spawn greshino 
21:57:07 : Side: Faldehals: 2die that looks like you dont fly with mouse and keyb. ?!
21:57:14 : Side: 2DIE4: nope
21:57:19 : Side: Faldehals: arsch
21:57:19 : Side: 2DIE4: js
21:57:24 : Side: 2DIE4:  XD
21:58:38 : Side: 2DIE4: XD
21:58:41 : Side: 2DIE4:  ghet it
21:59:06 : Side: Lancer_AUT: SEE YOU FALDES BODY
21:59:33 : Side: 2DIE4: nope
22:00:51 : Side: 2DIE4: cant spot it
22:01:38 : Side: Lancer_AUT: w w ww
22:01:49 : Side: Lancer_AUT: i have all go stary
22:02:28 : Side: 2DIE4:  that was fun
22:03:01 : Side: Faldehals: round 2 in 5 min. !
22:04:00 : Side: 2DIE4: XD
22:13:12 : Side: Faldehals: hmm
22:25:42 : Side: Turmoil: free humwees at klen trader ^^
22:25:57 : Side: Turmoil: compliments of the heroes
22:25:57 : Side: Faldehals: na thx :)
22:27:59 : Side: 2DIE4: back=)
22:28:19 : Side: 2DIE4: ???
22:28:20 : Side: Faldehals: ach ja
22:28:43 : Side: 2DIE4:  what SUV?
22:29:00 : Side: Turmoil: the pink one on your roof :D
22:29:08 : Side: 2DIE4:  oh   it wasnt ther after restart
22:29:16 : Side: Turmoil: oooh
22:31:52 : Side: 2DIE4: ?
22:32:12 : Side: 2DIE4: nope
22:40:23 : Side: SoomqaBlyet: new plugins :D
22:43:39 : Side: SoomqaBlyet: admin
22:43:59 : Side: SoomqaBlyet: here is the problem 
22:44:18 : Side: SoomqaBlyet: traders doesn't show final price 
22:44:34 : Side: SoomqaBlyet: fix it 
22:44:41 : Side: SoomqaBlyet: it will be very cool
22:45:06 : Side: Freedom: otr just add in your head
22:45:23 : Side: SoomqaBlyet: noooo
22:45:26 : Side: Freedom: lol
22:45:28 : Side: SoomqaBlyet: its too hard
22:45:37 : Side: SoomqaBlyet: add silver and gold 
22:46:00 : Side: SoomqaBlyet: but if you have briefs 
22:46:06 : Side: SoomqaBlyet: its not a problem
22:46:10 : Side: SoomqaBlyet: okay
22:57:19 : Side: Faldehals: who with ch47 ?
22:57:28 : Side: [NG2] Jesse: me ^^
22:57:34 : Side: Faldehals: :/
22:57:39 : Side: [NG2] Jesse: so dont worry ^^
22:57:41 : Side: Faldehals: allone ?
22:58:17 : Side: [NG2] Jesse: why?
22:58:34 : Side: Faldehals: need to config my js .. 
22:58:49 : Side: [NG2] Jesse: js?
22:59:03 : Side: SoomqaBlyet: javascript?
22:59:04 : Side: Faldehals: joistick
22:59:08 : Side: Faldehals: lol
22:59:09 : Side: SoomqaBlyet: xDD
22:59:11 : Side: [NG2] Jesse: :O
22:59:26 : Side: SoomqaBlyet: you mean gamepad?
22:59:42 : Side: Faldehals: jaa the same
23:00:04 : Side: SoomqaBlyet: joystick good for flying
23:05:55 : Side: Freedom: who i keep passing in black suv
23:14:56 : Side: Faldehals: fukc options i push controler and shows me a half sec. a other window and change back
23:15:35 : Side: Faldehals: connectet or not
23:17:45 : Side: Faldehals: join ma 2die
23:22:20 : Side: justd: what is n/a 
23:22:45 : Side: Freedom: not availablr
23:28:29 : Side: justd: where i can find a Bank?
23:28:37 : Side: Turmoil: there are no banks on the server
23:28:50 : Side: Turmoil: buy a safe :)
23:29:03 : Side: Arne: Isnt banking overpoch?
23:29:08 : Side: justd: but if i sell some guns , i have gold in inventory 
23:29:17 : Side: justd: and if you kill me i lose everything 
23:29:25 : Side: Turmoil: yes, that is right... thats why i said buy a safe :) so you have somewhere to put it
23:29:31 : Side: Freedom: safe and lockboxes bro
23:30:04 : Side: justd: and one question more, i had full inventory and i sell gun where is my gold?
23:30:21 : Side: Turmoil: if inventory is full, move some stuff into your backpack
23:30:32 : Side: Freedom: ^
23:30:46 : Side: justd: but you didn't answer where is my gold 
23:30:48 : Side: Freedom: it will go into overflow spot if not
23:31:01 : Side: Freedom: move stuff to backpack it will show up
23:31:20 : Side: justd: thx
23:31:25 : Side: Freedom: np
23:35:06 : Side: 2DIE4:  using js and tracjk IR
23:35:30 : Side: Arne: what?
23:35:44 : Side: Arne: you scripting?
23:36:02 : Side: 2DIE4:  no
23:36:19 : Side: 2DIE4: joystick and track IR
23:36:20 : Side: Arne: aha
23:37:14 : Side: 2DIE4: google it  =) 
23:52:43 : Side: Turmoil: who is that bicycling? ^^
23:54:22 : Side: [NG2] Jesse: sorry,.. just want to find a good spot for the mission.. 
23:54:55 : Side: Peaches: Clearly wasn't a good spot for the mission then :(
23:54:59 : Side: RipTiiide|Snow: does this server have day n night
23:55:10 : Side: Arne: no
23:55:14 : Side: RipTiiide|Snow: awe
23:55:21 : Side: RipTiiide|Snow: i cant find a damn server day n night
23:55:43 : Side: [NG2] Jesse: is it your bases? can i get my stuff back? 
23:55:49 : Side: [RD]Chief: iv found plenty 
23:56:38 : Side: [NG2] Jesse: are you a hero?
23:57:27 : Side: Turmoil: Peaches... Jesse asked you a question ^^
23:57:59 : Side: Peaches: sorry missed that, yeah if you come back unarmed you can have whats left, I havnt touched it
23:58:12 : Side: [NG2] Jesse: peaches can come over and help you?w
23:58:17 : Side: Peaches: arne might or had somet of it
23:58:40 : Side: Peaches: Just come unarmed preferably
23:58:59 : Side: Turmoil: Jesse is nice, you dont have to worrie about him shooting at you, he is hero so ^^
23:59:26 : Side: [NG2] Jesse: 1k
23:59:34 : Side: Peaches: I don't know anyone on this server. so just being careful. :)
23:59:43 : Side: [NG2] Jesse: i got it..
