00:37:36 : Direct: VPr3stigious: dude
00:37:45 : Direct: VPr3stigious: whats your name
09:10:04 : Direct: just4fun: сань
09:10:06 : Direct: just4fun: я слетаю
09:10:09 : Direct: just4fun: чекну скок верти стоят
09:25:46 : Direct: just4fun: здарова
13:45:23 : Direct: RecDi [Ru: Свои?
13:45:59 : Direct: RecDi [Ru: Cdjb&
13:46:06 : Direct: RecDi [Ru: Свои?
13:48:14 : Direct: svvay: is this you my friend
13:49:35 : Direct: RecDi [Ru: Ты?
13:49:40 : Direct: svvay: no russian
13:49:44 : Direct: svvay: i dont speak russian
13:49:46 : Direct: svvay: trade
13:49:51 : Direct: RecDi [Ru: 80 gold
13:49:53 : Direct: svvay: yes
13:49:54 : Direct: svvay: ammo down
13:49:55 : Direct: svvay: first
13:50:18 : Direct: svvay: good?
13:50:26 : Direct: svvay: that is together 80 gold
13:50:26 : Direct: RecDi [Ru: Yes
13:50:32 : Direct: svvay: ok, thank you for deal
13:50:33 : Direct: svvay: :)
13:50:34 : Direct: svvay: friend
13:50:37 : Direct: RecDi [Ru: you not kill me
13:50:40 : Direct: svvay: no
13:50:49 : Direct: RecDi [Ru: Thx
13:50:50 : Direct: svvay: stary is safe
13:50:52 : Direct: svvay: god mode
15:11:00 : Direct: Gladstone: hi
15:11:09 : Direct: _The_SnikerS_: hi
15:37:14 : Direct: Legend: bin gleich wieder da, geht ruhig ohne mich vor
15:37:42 : Direct: Michael: DRAUSSN IS A JUDAS UND BALLERT AUF UNS
15:37:54 : Direct: Michael: KEIN PLAN WO DER IS
15:38:01 : Direct: Legend: bot?
15:38:06 : Direct: Michael: VLT
15:58:18 : Direct: Gladstone: hello there
15:58:28 : Direct: Kev: yoo
15:58:30 : Direct: Michael: heil
16:00:55 : Direct: Gladstone: u guys need a better car
16:01:30 : Direct: Legend: would be very nice
16:01:33 : Direct: Michael: sure
16:01:35 : Direct: Legend: we just started here
16:01:36 : Direct: Kev: ye some kind of start help ^^
16:01:37 : Direct: Gladstone: here... take this suv ;)
16:01:46 : Direct: Kev: nice man
16:01:49 : Direct: Gladstone: key is inside
16:02:02 : Direct: Legend: thanks mate
16:02:04 : Direct: Kev: thanks a lot
16:02:14 : Direct: Michael: i love u
16:02:20 : Direct: Gladstone: merry xmas lol
17:07:34 : Direct: Michael: heeeeeeeeeeeeeeil
18:56:58 : Direct: [RussianMafia]DiZZy: IDI NAHOOOY
18:57:04 : Direct: [RussianMafia]DiZZy: EBLAN EBANIY
18:57:10 : Direct: [RussianMafia]DiZZy: UEBEKKK
18:58:03 : Direct: [RussianMafia]DiZZy: it's my heli
18:58:09 : Direct: [RussianMafia]DiZZy: fucking retard
18:58:14 : Direct: [RussianMafia]DiZZy: get out
18:58:27 : Direct: 2DIE4:  sure
18:58:33 : Direct: 2DIE4:  i earned it
18:58:41 : Direct: 2DIE4:  do fuck off
18:59:01 : Direct: [RussianMafia]DiZZy: whore
18:59:16 : Direct: 2DIE4: recorded
20:36:00 : Direct: LWB [SD]: sup?
20:36:06 : Direct: Phaetta: can I build here?
20:36:18 : Direct: Phaetta: is it legal?
20:36:23 : Direct: LWB [SD]: someone already has
20:36:34 : Direct: Phaetta: oh
20:36:55 : Direct: LWB [SD]: but apart from that, yes :)
20:37:06 : Direct: Phaetta: oh thanks :)
20:37:10 : Direct: LWB [SD]: ok
22:05:34 : Direct: Sir LongSleeves: give it back
22:05:40 : Direct: Sir LongSleeves: put it back in there
22:05:42 : Direct: Sir LongSleeves: or die
22:06:03 : Direct: Sir LongSleeves: give that ksvk back or die
22:06:23 : Direct: Sir LongSleeves: drop it
