00:13:05 : Side: Ryan: sup vlad
00:13:26 : Side: VLADIMIR>***: hey  gays:)
00:13:38 : Side: Ryan: hahahaha
00:13:38 : Side: Tamago: hellow
00:13:42 : Side: Morrison: lol
00:13:45 : Side: Tamago: no
00:14:00 : Side: Tamago: no
00:14:03 : Side: Tamago: its fixed now
00:14:11 : Side: Tamago: w/c
00:15:32 : Side: Ryan: hey vlad got small amount of gold cant use you want it
00:16:19 : Side: Ryan: its on the ground behind u if you want it
00:16:46 : Side: VLADIMIR>***: sory my englesh not very god:)
00:17:04 : Side: Ryan: we left u gold behind u 
00:17:17 : Side: VLADIMIR>***: oooolllll thanxxxx-:))))))
00:17:31 : Side: VLADIMIR>***: God Bles YU:)
00:17:51 : Side: VLADIMIR>***: and Vladimir:)
01:38:25 : Side: Ryan: beep beep
01:38:51 : Side: VLADIMIR>***: hahah crazy Rayan:)
01:39:03 : Side: Ryan: haha
15:07:34 : Side: ThirdEyeSphinx: Ah a bandit!
15:09:59 : Side: ThirdEyeSphinx: Heroes or Bandits?
15:41:01 : Side: Walasznikow: PIEKNIE
17:56:44 : Side: 2DIE4: hey mofat  ....
17:56:57 : Side: Tobimofat: Sup
17:57:02 : Side: 2DIE4: do u know what blew me up yesterday? 
17:57:23 : Side: 2DIE4: i had terrible lags  and i couldnt rejoin 
17:57:36 : Side: Tobimofat: Didnt know you were blown up
17:57:47 : Side: Tobimofat: Sounds werid
17:57:50 : Side: 2DIE4:  well didnt loose too much  
17:58:12 : Side: 2DIE4:  armed SUV   with aboiut 6 BCs  and 16 M134 mags  so nothing really worthy  XD
17:58:39 : Side: Tobimofat: Bruh...nah i follow you not too much 
17:59:21 : Side: 2DIE4:  did a mission and dunno if either  someone sneaked up on me  with RPG or i hit a mine  or whatever  .. but    well  ) 
17:59:32 : Side: 2DIE4:  like i said  luckily didnt loose too much 
18:00:08 : Side: Tobimofat: There are f...ing landmines___
18:00:29 : Side: 2DIE4:  i know but  last ive seen i was still outta reach
19:00:29 : Side: Torn: Всем привет
19:00:39 : Side: 2DIE4:  english only pls
19:00:52 : Side: Torn: ok
19:00:56 : Side: Torn: hi
19:01:17 : Side: 2DIE4:  hi
19:01:46 : Side: Torn: The server has tanks?
19:01:55 : Side: 2DIE4:  no
19:02:14 : Side: 2DIE4:  we have armored vehicles but not tanks like battletanks
19:03:41 : Side: Torn: 35465M lol)
19:03:47 : Side: Torn: wtf&
19:12:10 : Side: ThirdEyeSphinx: WTF
19:12:31 : Side: ThirdEyeSphinx: As I log in someone is trying to shoot folks in Stary
19:26:59 : Side: Tobimofat: Your body stay where it is untill restart right?
19:32:12 : Side: ThirdEyeSphinx: Guy in the mozzie, go F yourself
19:32:37 : Side: 2DIE4:  what happend?
19:32:47 : Side: ThirdEyeSphinx: He blew up my base
19:32:54 : Side: ThirdEyeSphinx: And all of my helis
19:33:05 : Side: ThirdEyeSphinx: With RPgs
19:33:15 : Side: 2DIE4:  where is your base?
19:33:27 : Side: Tobimofat: lol
19:34:02 : Side: ThirdEyeSphinx: Tobima was it you?
19:34:26 : Side: Tobimofat: Nope
19:34:40 : Side: ThirdEyeSphinx: It was the guy in the mozzie that flew off
19:34:55 : Side: ThirdEyeSphinx: What a pussy
19:35:09 : Side: Tobimofat: I dunno haven't seen a guy in a mozzie lately
19:35:17 : Side: 2DIE4: im around a mission didnt hear no chopper
19:35:20 : Side: 2DIE4:  sry mozzi
19:35:42 : Side: ThirdEyeSphinx: If you see a guy in a mozzie, he has an RPG and he's going around destroying people's helis.
19:36:03 : Side: 2DIE4:  i bought me  a new one  not to long ago
19:36:05 : Side: ThirdEyeSphinx: I'll set the bounty for 8 brief cases if you can find him.
19:36:27 : Side: 2DIE4:  keep them i got over 100 topaz  XD
19:36:32 : Side: ThirdEyeSphinx: find him and kill him*
19:36:40 : Side: ThirdEyeSphinx: Damn lol.
19:36:53 : Side: ThirdEyeSphinx: I thought you wanted a new contract Mr.Wick :D
19:36:56 : Side: Tobimofat: If i see a guy in a mozzi with an RPG i will shoot him down
19:37:04 : Side: Tobimofat: Just for you ;)
19:37:11 : Side: 2DIE4:  i have  a lifetime contract  XD
19:37:14 : Side: ThirdEyeSphinx: Fuck man, I just lost 15 Bcs worth of shit
19:37:17 : Side: Tobimofat: And your 8b riefcases
19:37:51 : Side: 2DIE4:  dude i lost my SUV  with 16 M134 mags and 6 BCs  + lots of other stuff yesteray ...  
19:37:58 : Side: 2DIE4:  no big deal
19:38:04 : Side: ThirdEyeSphinx: Yeah lol.
19:39:32 : Side: ThirdEyeSphinx: To the player that raided my base, I will find you, and I will kill you.
19:39:46 : Side: 2DIE4:  ill shoot anyone in a  a Mozzi 
19:40:04 : Side: ThirdEyeSphinx: Oh he left lol.
20:33:32 : Side: ThirdEyeSphinx: Who is this?
20:33:48 : Side: Greg: is this you john wayne?
20:33:59 : Side: ThirdEyeSphinx: Yo get on Discord
20:34:24 : Side: Greg: i need to put toddler on sleep, ill be back later 
21:14:17 : Side: ThirdEyeSphinx: Tobima
21:14:22 : Side: Tobimofat: Yo
21:14:31 : Side: ThirdEyeSphinx: Don't shoot me lol
21:14:36 : Side: ThirdEyeSphinx: In the sky
21:14:58 : Side: Tobimofat: Lol i won\t 
22:23:19 : Side: ThirdEyeSphinx: Ryan watch out, theres a guy going around blowing up people's bases
22:24:22 : Side: Ryan: name?
22:24:32 : Side: Greg: we dont know
22:24:41 : Side: ThirdEyeSphinx: He flies around in a Mozzie
22:24:46 : Side: ThirdEyeSphinx: Carryig a RPG 7
22:25:00 : Side: Ryan: is still online just shows us right now
22:25:07 : Side: Ryan: he
22:25:11 : Side: ThirdEyeSphinx: He's a pussy.
22:25:28 : Side: ThirdEyeSphinx: He wouldn't tell me who he was
22:26:02 : Side: ThirdEyeSphinx: Guess he doesn't want the server to come after him lol.
22:26:27 : Side: Ryan: wasnt vladimir was it?
22:26:39 : Side: ThirdEyeSphinx: Could have been.
22:26:43 : Side: Greg: i ask him, but i dont think 
22:27:03 : Side: ThirdEyeSphinx: Nah its not.
22:27:37 : Side: Ryan: we played with him the other night hes got a little bird but he was just out killin zombies and looting we gave him spare gold he was cool
22:28:08 : Side: ThirdEyeSphinx: Yeah he's not too much of a bandit and it was not 2dief4
22:28:16 : Side: ThirdEyeSphinx: 2die4*
22:28:17 : Side: Ryan: but we drove our damn supply truck into the water and it blew up lol
22:28:26 : Side: ThirdEyeSphinx: LOL
22:28:37 : Side: ThirdEyeSphinx: I crashed a Blackhawk the other day lol.
22:29:08 : Side: Ryan: lol our "base" is fine but its cheap build prolly wasnt worth his time haha 
22:29:12 : Side: Greg: i crashed mozzie once ;p
22:29:59 : Side: Ryan: i broke my leg jumping a fence still lost on that one wasnt this server tho
22:31:23 : Side: Ryan: whats the key to see whos online
22:31:29 : Side: Greg: p
22:31:47 : Side: Ryan: is it that dude now
22:32:24 : Side: [OCB]Dodgy Embalmer: what dude
22:32:43 : Side: Ryan: guess not ^^ lol
22:40:50 : Side: Ryan: yall dont shoot if you see me i need to recoup my losses hahahah
23:31:01 : Side: Ryan: aight peeps im off for a few ill be back later
23:31:09 : Side: Greg: see ya
