07:56:46 : Group: agss: cze
07:56:53 : Group: Tamago: siemka
08:23:34 : Group: agss: siema :)
08:23:42 : Group: Tamago: siem
11:48:40 : Group: Senych^^: То что он хотел мне въебать, а не базарить тупо
11:49:04 : Group: Senych^^: Мол я пиздел про него
11:49:12 : Group: Senych^^: Мол он с авика
11:49:14 : Group: Senych^^: Лене
11:49:29 : Group: Senych^^: Потом то что он ребёнок ебаный
12:06:11 : Group: Senych^^: бабах
12:08:55 : Group: Senych^^: ты чё из скайпа вышел?
13:28:26 : Group: Greg: siema
13:28:38 : Group: Greg: jakiś chuj mi wszystkie pojazdy rozjebał razem z czołgiem
20:22:57 : Group: Greg: ktoś rozjebał wszystkie samochody na zewnątrz
20:23:03 : Group: Greg: łącznie z moim lav
20:23:10 : Group: Tamago: raczej ukradl
20:23:17 : Group: Tamago: i to byl na 80% 2die4
20:23:28 : Group: Greg: raczej nie, nie ma w database już
20:23:30 : Group: Tamago: 15% christof
20:23:37 : Group: Greg: a sprzedać nie mogli
20:23:49 : Group: Tamago: mogli =o
20:23:53 : Group: Greg: gdzie?
20:23:58 : Group: Tamago: no lav nie
20:24:04 : Group: Greg: no właśnie
20:24:16 : Group: Greg: robisz misje?
20:24:22 : Group: Tamago: jeszcze niew
20:24:30 : Group: Tamago: i nie ta
20:24:32 : Group: Greg: to poczekaj na mnie ;p
20:26:53 : Group: Greg: uaz?
20:27:14 : Group: Tamago: nad baza lata AI copter z misji. zbugowal sie i nie wraca
20:27:22 : Group: Greg: zestrzel go ;p
20:28:09 : Group: Tamago: zestrzelilem gunnera
20:28:30 : Group: Tamago: poszet
20:28:33 : Group: Greg: na południe leci bird
20:28:42 : Group: Tamago: tam ktos sie rozbil
20:29:10 : Group: Tamago: musi wyladawac u nas bo misja jest na wraku jego hueya
20:29:55 : Group: Tamago: lb jaki kwadrat?
20:29:58 : Group: Tamago: wchodze na tsa
20:30:10 : Group: Greg: ok
