03:54:28 : Direct: matsa: xD
04:03:21 : Direct: Oskar: give me a few sec )
04:05:16 : Direct: matsa: i have some combination locks if you want
04:06:15 : Direct: Oskar: sty, for this )) I am from Ukraine )
04:07:19 : Direct: matsa: stop for a bit gotta do something
04:08:00 : Direct: matsa: im slowly loosing blood
04:08:24 : Direct: Oskar: use antibiotics )
04:08:33 : Direct: matsa: i did
04:08:39 : Direct: matsa: just keeps going xD
04:09:06 : Direct: Oskar: use it
04:09:20 : Direct: Oskar: must help
04:09:36 : Direct: matsa: ty
04:09:42 : Direct: Oskar: np
04:10:15 : Direct: matsa: i took a blood bag
04:10:20 : Direct: Oskar: ok
04:13:58 : Direct: matsa: i need to go to a hill so i can snipe
04:14:52 : Direct: matsa: on the other side of the mission looks good
04:15:11 : Direct: Oskar: yup
04:18:31 : Direct: Oskar: u have ?)
04:18:49 : Direct: matsa: i saw an aiwith rocket launcher
04:24:02 : Direct: matsa: shots
04:24:08 : Direct: Oskar: +
07:02:23 : Direct: Faldehals: hi
16:43:59 : Direct: Dimon2004: Если что
16:44:03 : Direct: Dimon2004: Блляяяяяяяяя
16:44:05 : Direct: Dimon2004: Я нахуй
16:44:07 : Direct: Dimon2004: Деб
16:44:10 : Direct: Dimon2004: Патронов нету
16:44:13 : Direct: Dimon2004: Сука
16:44:23 : Direct: Dimon2004: Я не в скупе
16:44:26 : Direct: Dimon2004: С вами
16:44:32 : Direct: Dimon2004: Пока что
16:46:12 : Direct: Dimon2004: Я пока что ушел
16:46:18 : Direct: Dimon2004: В другую конфу
17:24:13 : Direct: Paul: hi
17:24:20 : Direct: Paul: you can have the gun
17:24:28 : Direct: Sergio: hi bto
21:26:49 : Direct: LWB [SD]: tis good
21:27:01 : Direct: Sierra [SD]: :D
21:27:07 : Direct: Sierra [SD]: i want chocco
21:27:17 : Direct: LWB [SD]: :D get some
21:27:22 : Direct: Hailstorm: wer ist das
21:27:24 : Direct: Sierra [SD]: yes :D
21:27:30 : Direct: Stiefelriemen Bill: ein random türke
21:27:53 : Direct: Hailstorm: scheiß türken
21:28:12 : Direct: Stiefelriemen Bill: die sind echt behindert
21:28:22 : Direct: LWB [SD]: the gun is bigger than you :D
21:28:22 : Direct: Stiefelriemen Bill: aber nur männer
21:28:28 : Direct: Hailstorm: und kinder
21:28:40 : Direct: Sierra [SD]: lol yes :D
21:28:44 : Direct: Hailstorm: und transen
21:28:49 : Direct: Sean Heinz: und die frauen sind da um geschlagen zu werden
21:29:27 : Direct: Sierra [SD]: logging now xxx
21:29:32 : Direct: LWB [SD]: okies xxx
21:43:46 : Direct: Winans: lock ihn auf den server dann killen wir ihn
21:47:03 : Direct: Winans: LASST IHN HINRICHTEN
21:47:39 : Direct: Hailstorm: ist er in der gruppe
21:47:44 : Direct: Winans: nein
21:55:40 : Direct: Hailstorm: wen jucks
21:55:43 : Direct: Stiefelriemen Bill: klar dass direkt wieder sowas kommt
21:55:50 : Direct: Winans: lol
21:56:00 : Direct: Stiefelriemen Bill: unnötig wie seine gürtelschnalle
21:57:14 : Direct: Hailstorm: ICH WILL NICHT das DummDumm mit macht
21:57:28 : Direct: -NFG- Nero: oioi
21:57:35 : Direct: -SDS-Ban: hello
21:57:42 : Direct: -NFG- Nero: hows it going
21:58:10 : Direct: -SDS-Ban: GOOD
21:58:27 : Direct: -SDS-Ban: try our best to make money
21:59:12 : Direct: -NFG- Hudson  : You guys got a mox of batches?
22:00:36 : Direct: -NFG- Nero: YO
22:00:40 : Direct: -NFG- Nero: fish is good for money
22:01:02 : Direct: -NFG- Nero: 8 gold each fish
22:01:31 : Direct: -SDS- Gowther: I knew it was gold wasnt sure about how much exactly
22:01:47 : Direct: -SDS-Ban: thx for the info
22:05:36 : Direct: Hailstorm: alter der witz
22:15:36 : Direct: Hailstorm: lustig
22:32:17 : Direct: Peasant: almost essup there
22:32:19 : Direct: Turmoil: hello ^^
22:32:20 : Direct: Peasant: was tping around
22:32:27 : Direct: Peasant: prismin doesnt know Im lwb
22:32:35 : Direct: Peasant: :D
22:32:38 : Direct: Turmoil: dont think so xD
22:32:53 : Direct: Peasant: dont want him to know
22:33:00 : Direct: Turmoil: what a bunch of wankers xD lol... luckily my stuff is mostly here
22:33:09 : Direct: Peasant: one is coming back
22:33:14 : Direct: Peasant: in the woods
22:33:16 : Direct: Turmoil: are they suiciding to spawn closer to here? i see them died a few times
22:33:22 : Direct: Peasant: looks thatw ay
22:33:36 : Direct: Peasant: you need to get the plot pole back from in there whilst you can
22:34:03 : Direct: Turmoil: so they are in the woods now heading towards us?
22:34:05 : Direct: Peasant: two incoming
22:34:11 : Direct: Peasant: one that way
22:34:17 : Direct: Peasant: one behind
22:34:24 : Direct: Turmoil: there was a armored car outside my base that prismic stole, probably theirs i assume
22:34:33 : Direct: Peasant: no idea
22:35:09 : Direct: Peasant: one at the dam now
22:35:12 : Direct: Peasant: one behind
22:36:41 : Direct: Turmoil: i dont see anything xD 
22:36:46 : Direct: Peasant: tree in the way
22:38:20 : Direct: Turmoil: did u hit?
22:38:24 : Direct: Peasant: no
22:40:08 : Direct: Turmoil: is he ontop or are they both inside atm? 
22:40:20 : Direct: Peasant: he is in woods on your left
22:40:46 : Direct: Peasant: other coming behind
22:49:26 : Direct: Peasant: wtf is with that guy
22:50:12 : Direct: Turmoil: he is in our teamspeak crying like a baby
22:50:16 : Direct: Peasant: lol
22:50:17 : Direct: Turmoil: jesse just snapped at him
22:50:33 : Direct: Peasant: haha, the other one was crying to me earlier
22:50:46 : Direct: Peasant: legend incoming behind dam
22:51:34 : Direct: Turmoil: im tired of this... tomorrow im gonna use my last points and get a building supply crate and move my shit away from here... Prismic is trouble
22:51:35 : Direct: Peasant: the elite guy with you?
22:51:52 : Direct: Turmoil: hes cool 
22:52:02 : Direct: Turmoil: THE ELITE? 
22:52:15 : Direct: Peasant: yeah, he is on hill by dam
22:52:27 : Direct: Turmoil: think one is outside base
