13:43:06 : Group: Turmoil: hi 
13:43:24 : Group: Digupherbones: hiya :)
13:43:30 : Group: Turmoil: we are in hero channel now ^^
13:43:46 : Group: Digupherbones: ok cool :)
13:55:49 : Group: Turmoil: watcha doin sierra? :)
13:56:13 : Group: Digupherbones: riding back to my body
13:56:21 : Group: Turmoil: ah ^^
13:59:41 : Group: Turmoil: 50K HUMANITY :D
14:00:03 : Group: Digupherbones: ooo not bad! xD - just rode into a mission lol
14:08:57 : Group: Turmoil: 2 armed vehicle missions in 15 minutes... we are awesome
14:34:53 : Group: Turmoil: im cleaning my safes... tedious work
14:35:23 : Group: Freedom: i was totlly thinning last night too man i hope they dont blow my crap up thats why i stuck camo over it so it looked like a move in lol
14:35:44 : Group: Freedom: lol dude last night sucked took 3 hours to move the crap ]
14:36:16 : Group: Freedom: loaded up 4 vehicels and lifted each one over lol
14:36:17 : Group: Turmoil: haha, moving sucks xD
14:36:53 : Group: Freedom: yeah i dont plan on doing again unless kicked out of hero town xD
14:37:05 : Group: Turmoil: yeah, well luckily theres less players on when you play :) 
14:37:11 : Group: Turmoil: i doubt it ^^
14:37:38 : Group: Freedom: yes made move way easy no one was on last night usually 2die4 is on but nope
14:38:01 : Group: Turmoil: we all left at around 2 last night, our time ^^
14:38:10 : Group: Freedom: on
14:38:15 : Group: Freedom: right on*
14:39:07 : Group: Freedom: you gonna be messing around at your base for a bit
14:39:26 : Group: Turmoil: yeah ^^
14:39:31 : Group: Digupherbones: hi :)
14:39:40 : Group: Freedom: cool im gonna start moving the last stuff i have 
14:39:58 : Group: Freedom: hello digupherbones
14:40:18 : Group: Digupherbones: :)
14:43:28 : Group: Freedom: did someone shoot my helli?
14:43:40 : Group: Turmoil: theres been missions up there all day so thats not impossible
14:44:05 : Group: Freedom: gas is gone dident know if had hole in tank
14:47:41 : Group: Freedom: turmoil do you have a full fuel barrel 
14:47:52 : Group: Turmoil: ill get you something better
14:48:01 : Group: Freedom: your the man
14:49:39 : Group: Freedom: i dident know everything locks itself after reestarat
14:49:43 : Group: Freedom: restart
14:49:52 : Group: Turmoil: place it in a safe place :)
14:50:08 : Group: Freedom: i have 3 fuel pumps dident even think about that mna
14:50:21 : Group: Turmoil: okay, so u dont need it? xD
14:50:31 : Group: Freedom: lol you can have it back sorry
14:50:52 : Group: Turmoil: np ^^
14:51:48 : Group: Freedom: crap they are still at old base lol ill come to you 
14:51:57 : Group: Freedom: give you one back when i get back
14:52:37 : Group: Freedom: thanks you
14:52:48 : Group: Turmoil: your welcome :D
14:56:50 : Group: Freedom: yup hole in tanks
15:58:20 : Group: Freedom: you from uk as well?
15:58:40 : Group: Digupherbones: yeah :)
15:59:01 : Group: Freedom: usa here 
15:59:15 : Group: Digupherbones: ah cool :)
15:59:31 : Group: Freedom: are you female?
16:00:04 : Group: Freedom: name is why i ask
16:01:00 : Group: Digupherbones: Its a song :P
16:01:08 : Group: Digupherbones: Misfits
16:01:09 : Group: Freedom: got yeah
16:01:24 : Group: Freedom: ahh yeah use to listen to them years ago lol
16:01:45 : Group: Freedom: and rancid bands like that 
16:02:11 : Group: Digupherbones: yeah I don't listen to them too much anymore - can be a bit too noisy these days - have to be in the right mood
16:02:23 : Group: Digupherbones: still like them though
16:02:34 : Group: Freedom: exactly
16:03:21 : Group: Digupherbones: Do I come across as female apart from that?
16:03:40 : Group: Freedom: a bit lmao no offence if not
16:03:54 : Group: Digupherbones: hee hee xD
16:05:28 : Group: Digupherbones: well you aren't wrong
16:06:01 : Group: Freedom: yeah i kindda figured xD
16:06:05 : Group: Digupherbones: haha
16:06:24 : Group: Freedom: i think its cool need more girl gamers
16:06:48 : Group: Digupherbones: yeah - I have a feeling there is only a couple on here
16:07:10 : Group: Freedom: sierra the admin is female
16:07:43 : Group: Freedom: thats only other i know
16:08:07 : Group: Digupherbones: Yeah - she is married to LWB 
16:08:21 : Group: Freedom: ahh ok thats so cool
16:12:10 : Group: Digupherbones: lvl 3 hero!
16:12:29 : Group: Freedom: very nice just hit it myself
16:13:01 : Group: Digupherbones: that is cool xD - we should move into the hero village! haha
16:13:18 : Group: Freedom: thats what im doing now xD
16:13:40 : Group: Digupherbones: oh cool!
16:14:08 : Group: Freedom: finishing up now moving sucks lol
16:15:04 : Group: Freedom: sure they wont mind if you do more the marry
16:16:21 : Group: Digupherbones: yeah got to move all your stuff! Yeah I think I might do that
16:16:56 : Group: Freedom: yeah ask turm or jesse they will let you know where to build
16:17:13 : Group: Digupherbones: Yeah I spoken to them about it xD
16:17:26 : Group: Freedom: awsome
16:20:39 : Group: Freedom: well that sucked their goes my pook gunship 
16:20:52 : Group: Digupherbones: damn - internet connection?
16:21:18 : Group: Freedom: yes daughter is watching netflix screws me every time xD
16:21:50 : Group: Digupherbones: yeah - the internet always goes here if someone is streaming 
16:22:01 : Group: Freedom: yup same
16:26:10 : Group: Freedom: they stuck me in the barn on other side of the pond like a red headed step child though xD
16:26:42 : Group: Digupherbones: haha xD I'm sure that is the prime position! xD
16:26:51 : Group: Freedom: lol
16:37:00 : Group: Digupherbones: Cya later! :)
16:37:08 : Group: Freedom: bye later
22:57:06 : Group: Turmoil: freeeeeeeedom <3
22:57:18 : Group: Freedom: whats up??
22:57:41 : Group: Turmoil: not much, just playing a bit before bedtime ^^
22:57:59 : Group: Freedom: cool im still building lol
22:58:09 : Group: Turmoil: nice ^^
22:58:17 : Group: Turmoil: takes some time to get things the way you want it 
22:58:51 : Group: Freedom: yeah and when im done still wont be the wau i want haha
22:59:05 : Group: Turmoil: thats arma in a nutshell, stuff never goes the way you want
22:59:17 : Group: Freedom: yep
23:12:27 : Group: Turmoil: whats your humanity?
23:12:39 : Group: Freedom: mine
23:12:43 : Group: Turmoil: yeah ^^
23:12:51 : Group: Freedom: a bit over 15k
23:22:38 : Group: [NG2] Jesse: you need 30g? 
23:24:06 : Group: [NG2] Jesse: your fine or do need anything for plotepole? 
23:25:29 : Group: [NG2] Jesse: this building can be blowed up so you need to secure your plotepole in walls
23:25:46 : Group: [NG2] Jesse: the wooden barn can be shoot down
23:26:00 : Group: Freedom: yeah i will 
23:26:34 : Group: Freedom: you and turmoil will be on the doors or do i put you on the plot poll
