12:14:22 : Group: Tamago: siema
12:14:22 : Group: Greg: siema
12:14:28 : Group: Tamago: jak tam leci?
12:14:36 : Group: Tamago: kur.ewka cos rozrabiala?
12:14:37 : Group: Greg: poluję na Qwrla
12:14:47 : Group: Tamago: haha ok
12:14:50 : Group: Greg: misje robi i zdycha ciagle, nie mam szansy go abić ;p
12:14:55 : Group: Tamago: hahah
12:15:08 : Group: Tamago: jest na tej misji co ty teraz?
12:15:16 : Group: Greg: tak
12:15:26 : Group: Tamago: hmm sprawdze jego humanity
12:15:28 : Group: Greg: tylko znowu umarł i czekam znowu aż wróci ;p
12:16:41 : Group: Tamago: jak cos pisales to nie widzialem. quwarl ma -10k
12:16:51 : Group: Greg: ładnie
12:17:01 : Group: Tamago: nom
12:17:09 : Group: Greg: warto go ustrzelić ;p
12:17:10 : Group: Tamago: ladny boost jak sie go zdejmie xD
12:17:19 : Group: Greg: hahah
12:17:57 : Group: Tamago: w bazie go nie ma
12:18:05 : Group: Greg: jest tutaj
12:18:11 : Group: Tamago: a z twojej musze sobie przeniesc jedzienie xD
12:19:31 : Group: Greg: nie mogę go namierzyć bez słuchawek kur..
12:19:40 : Group: Tamago: no ciezko jest ;/
12:19:45 : Group: Greg: masakra
12:20:52 : Group: Tamago: jest na misji
12:21:04 : Group: Tamago: LOOOL najs
12:21:09 : Group: Tamago: ece poc iebie
12:21:10 : Group: Greg: ;p
12:21:12 : Group: Tamago: bierz itemki
12:22:00 : Side: Qwarl: hm
12:22:00 : Group: Tamago: widac nadal nie wiedza o gpsie xD
12:22:14 : Side: Greg: karma
12:22:19 : Group: Tamago: hahah xD
12:22:25 : Side: Qwarl: mmm
12:22:46 : Group: Tamago: ile humanity dostales?
12:22:49 : Side: Greg: nic
12:22:51 : Group: Tamago: co?
12:22:54 : Side: Qwarl: fuck you
12:23:17 : Side: Greg: hahah
12:24:01 : Group: Tamago: to co teraz?
12:26:40 : Group: Tamago: eskorta xD
12:27:55 : Group: Tamago: huey zeilony tu jest
12:28:56 : Group: Tamago: zamkniety?
12:29:05 : Group: Greg: ta
12:29:08 : Group: Tamago: szkoda
12:29:23 : Group: Tamago: a nasza pipcia nie miala klucza moze?
12:29:34 : Group: Greg: chyba nie ;pw
12:29:45 : Group: Tamago: jak by pomyslal to by zresplil sie w klemie
12:29:52 : Group: Tamago: i staral sie nas zdjac obok hero tradera
12:30:08 : Group: Tamago: ale to zbut zaawansowane taktyki dla niego
12:30:13 : Group: Greg: hahah
12:31:32 : Group: Tamago: sprzedajewsz oba rozumiem
12:31:36 : Group: Greg: ta
12:31:40 : Group: Tamago: kk
12:31:44 : Group: Tamago: 3bc + ammo
12:31:46 : Group: Tamago: najs
12:32:03 : Group: Tamago: albo 4 bc z wozow
12:32:14 : Group: Greg: vod to 2 chyba
12:32:21 : Group: Tamago: tak
12:32:52 : Group: Tamago: chcesz potem czolgiem pojezdzic? :D
12:33:04 : Group: Greg: misje ? ;p
12:33:08 : Group: Tamago: mozna
12:33:36 : Group: Greg: misja
12:33:40 : Group: Greg: na kierunku
12:33:53 : Group: Tamago: widze
12:34:11 : Group: Tamago: to jakis black hawk
12:34:23 : Group: Tamago: przejedziesz
12:34:32 : Group: Tamago: sa daleko od drogi
12:34:38 : Group: Tamago: powinienes dac rade vodnikiem
12:36:35 : Group: Tamago: bedziemy musieli zrobic misje u mnie 
12:36:48 : Group: Greg: kk
12:37:21 : Group: Tamago: smiesznie sie tak lata xD
12:40:56 : Group: Tamago: hmm
12:40:59 : Group: Tamago: 100m 2 ai
12:41:01 : Group: Tamago: 1000
12:41:12 : Group: Tamago: ok normlany ac dealer
12:41:16 : Group: Tamago: 928m
12:42:09 : Group: Tamago: dodam cie tez do drzwi tej bazy i dam ci tam sejf na wypadek szybkiego odwrotu
12:44:29 : Side: Tamago: nice heli on gvozdno mission
12:44:51 : Side: Qwarl: ea
12:44:58 : Group: Greg: 16 bc
12:44:59 : Side: Tamago: ?
12:45:03 : Side: Qwarl: yas
12:45:04 : Group: Tamago: weri najs
12:45:06 : Side: Qwarl: yes
12:45:14 : Side: Tamago: k
12:45:19 : Side: Qwarl: ))
12:45:31 : Group: Greg: mogłem zostawić m134 i zładować ;p
12:45:36 : Group: Tamago: haha xD
12:45:47 : Group: Tamago: masz snajperka nie? m110?
12:45:53 : Side: Qwarl: your how clear misshion?
12:45:56 : Group: Greg: podrzućmnie najpierw do domu, trochę ciezko mi z tą kasą ;p
12:46:01 : Group: Tamago: k
12:46:13 : Group: Greg: mam 110, tak
12:46:38 : Side: Qwarl: go all clear misshion 
12:46:58 : Side: Tamago: i dislike back hawks
12:47:21 : Side: Greg: you can take it
12:47:34 : Side: Qwarl: snipers
12:47:40 : Group: Greg: nie dostałem nic za to że go odwaliłem
12:47:47 : Side: Qwarl: your hell?
12:47:55 : Side: Tamago: we left
12:48:02 : Side: Tamago: no worry
12:48:08 : Side: Greg: mission is all yours ;)
12:48:12 : Group: Tamago: no dziwne ;/
12:48:16 : Side: Qwarl: go clear
12:48:21 : Side: Qwarl: real 
12:48:25 : Side: Qwarl: im not war
12:48:59 : Group: Greg: co on pierdoli :P
12:49:05 : Group: Tamago: nie wiem
12:49:06 : Side: Qwarl: m?
12:50:00 : Group: Greg: pijany lotnik ;p
12:50:00 : Group: Tamago: kot myszke ruszyl
12:50:03 : Group: Greg: lol
12:50:12 : Side: Qwarl: ok
12:50:20 : Side: Qwarl: you kill me 
12:50:25 : Side: Qwarl: yes?
12:50:42 : Side: Tamago: no?
12:51:02 : Group: Greg: lol
12:51:05 : Group: Tamago: xD
12:51:07 : Group: Tamago: co za cep
12:51:27 : Side: Qwarl: you evil
12:51:50 : Side: Greg: yeah
12:51:52 : Side: Tamago: you have -10000 umanity we have 35k+
12:51:59 : Side: Tamago: you are bandit = you are evil =p
12:52:14 : Side: Qwarl: WHAT
12:52:20 : Side: Tamago: yes
12:52:24 : Side: Qwarl: no
12:52:31 : Group: Tamago: kurwa jaki cep
12:52:38 : Side: Qwarl: be lenin has war
12:52:40 : Group: Greg: ja pierdole :D
12:52:41 : Side: Qwarl: me no
12:52:47 : Side: Tamago: ?
12:53:06 : Side: Qwarl: lenin war a your 
12:53:09 : Side: Tamago: ok ok
12:53:11 : Group: Tamago: xD
12:53:16 : Side: Qwarl: huek
12:53:28 : Group: Tamago: pamietam jak dzis jak qwarl pisal "we kill you base"
12:53:36 : Group: Tamago: a potem oboje padli
12:53:45 : Group: Tamago: chodz do tego sejfu
12:53:45 : Group: Greg: głupek :p
12:53:48 : Group: Greg: boi się
12:54:06 : Group: Tamago: wez sobie m107 2
12:54:27 : Group: Tamago: ba
12:54:29 : Group: Tamago: powinien
12:54:55 : Group: Greg: m107 na misje brać?
12:55:03 : Group: Tamago: nie xD wez je z mojego sejfu lolw
12:55:31 : Group: Tamago: mozesz brac scary tez jak chcesz
12:55:42 : Group: Tamago: w 2 mam dmr
12:55:54 : Group: Greg: sprzedałem wczoraj 7 ;p
12:55:59 : Group: Tamago: haha
12:56:31 : Group: Tamago: lecimy na ta misje radowa?
12:56:39 : Group: Tamago: radiowoa
12:56:45 : Group: Greg: spoko
12:57:05 : Group: Greg: zjem tylko
12:57:14 : Group: Tamago: kk
12:57:41 : Group: Tamago: nie budowales nic?
12:58:02 : Group: Tamago: ja bede robil sobie jakiegos towera na jakiejs gorce
12:58:07 : Group: Greg: nie było kiedy
12:58:07 : Group: Tamago: nie wiem gdzie jeszcze
12:58:09 : Group: Tamago: mhm
12:58:12 : Group: Tamago: wymowki
12:58:27 : Group: Greg: lol
12:58:33 : Group: Greg: ide zapalic ;p
12:58:44 : Side: Qwarl: you see me?
12:58:51 : Side: Tamago: we are far away
12:59:01 : Side: Tamago: idk where you are
12:59:02 : Side: Qwarl: ?
12:59:06 : Side: Tamago: we are in heli
12:59:08 : Side: Qwarl: a
12:59:13 : Side: Qwarl: greg
12:59:18 : Side: Tamago: greg with me
12:59:24 : Side: Qwarl: ok
13:01:51 : Group: Greg: robił skurwiel ;p
13:02:08 : Group: Tamago: a niech ma xD
13:03:30 : Group: Tamago: ja dam rade tutaj robic
13:04:19 : Group: Tamago: sporo ich
13:04:26 : Group: Greg: no, 18
13:05:57 : Group: Tamago: omg jednemu trafiuam to nad to pod leb
13:06:05 : Group: Greg: heheh
13:07:40 : Group: Greg: jeden bardzo na lewo uciekł
13:07:43 : Group: Greg: w las
13:07:50 : Group: Greg: szukam go
13:09:18 : Group: Tamago: 5
13:09:27 : Group: Greg: zgubiłem go
13:10:01 : Group: Greg: jest
13:10:29 : Group: Tamago: 1
13:11:18 : Group: Tamago: gdzie jest?
13:11:29 : Group: Greg: nie wiem, trupa sprawdzałem
13:11:34 : Group: Tamago: aha lolo
13:11:59 : Group: Greg: po prawej wydaje mi się, lewą zrobiłem
13:12:39 : Group: Tamago: ja z prawej jednego widzialem tylko
13:13:08 : Group: Tamago: srzelil we mnie ale nie wiem skad
13:13:22 : Group: Tamago: widze
13:13:34 : Group: Tamago: ok poszedl.
13:13:39 : Group: Tamago: byl poda nami 300 metrow O_O
13:13:41 : Group: Greg: gdzie był/
13:13:46 : Group: Greg: o skurwesyn ;p
13:13:51 : Group: Tamago: zaraz za drzewami naszymi
13:15:55 : Group: Tamago: jak wjedziesz na observera to wysadze cie na wierzy
13:16:05 : Group: Tamago: aha ty pobiwgles lolq
13:16:11 : Group: Greg: ;p
13:17:45 : Group: Greg: shit
13:17:50 : Group: Tamago: ?
13:17:53 : Group: Tamago: znowu?
13:17:55 : Side: Qwarl: go misshoin weapon chach
13:17:58 : Group: Greg: nic nie ma wartego uwagi
13:18:58 : Side: Qwarl: greg, tamago
13:19:03 : Side: Tamago: ?
13:19:21 : Side: Greg: weapon cache yeah
13:19:23 : Side: Qwarl: weapon cache 
13:19:26 : Side: Tamago: we are good
13:19:28 : Side: Tamago: thanks
13:19:33 : Group: Tamago: czego on kuzwa chce
13:19:39 : Group: Tamago: przyjaciol
13:19:43 : Group: Greg: mówi że na misje idzie
13:19:49 : Group: Greg: żeby go nei zajebać
13:19:55 : Group: Tamago: a niech idzie gdzie chce
13:19:58 : Group: Tamago: w dupie go mam xD
13:20:03 : Group: Greg: heheh
13:22:36 : Group: Tamago: xD
13:22:45 : Group: Tamago: ten obaczaj
13:22:50 : Group: Greg: sppko baza
13:22:56 : Group: Tamago: nom
13:23:00 : Group: Tamago: tutaj ten
13:23:22 : Group: Tamago: spoko nie?
13:23:28 : Group: Greg: trochę kasy jest
13:23:45 : Group: Tamago: nadal; sie uczeco w jakim jest
13:24:04 : Group: Greg: chyba ci ulżę,, bo to za duży wysiłek tyle mieć ;p
13:24:13 : Group: Tamago: juz ci dalem 20bc z tego lol
13:24:27 : Group: Greg: spoko, mam z 50 chyba teraz
13:24:31 : Group: Tamago: kk
13:24:53 : Group: Greg: a w toware pewnie drugie tyle
13:24:59 : Group: Tamago: nom
13:25:55 : Group: Tamago: ja tylko bornie bralem xD
13:26:03 : Group: Tamago: bedziemy lavem zapodawac
13:26:15 : Group: Greg: do czego jest laser maker?
13:26:30 : Group: Tamago: nie wiem to chyba pomaga przy celowaniu z miniguna z pozycji pilota
13:26:46 : Group: Greg: observer to ma
13:26:58 : Group: Tamago: nom
13:28:43 : Group: Greg: muszę nabic humanity ;p
13:28:58 : Group: Tamago: tez
13:29:10 : Group: Greg: ai w bazach i misje
13:29:12 : Group: Tamago: pojezdzimy czolgiem porobimy misja a jak beda bandit to snajperkami
13:30:43 : Group: Greg: wracam po restarcie
13:30:48 : Group: Tamago: chodz tu be reset zaraz
13:43:30 : Side: Qwarl: nice base
13:43:54 : Side: Tamago: you are not even close to me xD who are you talking too?
13:44:11 : Side: Qwarl: good base 
13:44:21 : Side: Qwarl: you
13:44:31 : Group: Tamago: dekiel mysli ze znalazl moja baze
13:44:36 : Group: Greg: gdzie? :D
13:44:39 : Side: Qwarl: )))
13:44:42 : Group: Tamago: nie wiem
13:44:49 : Side: Tamago: where is that base?
13:44:55 : Group: Greg: zw
13:45:19 : Side: Qwarl: sosnovka
13:45:33 : Side: Tamago: oh that one yes
13:51:41 : Group: Greg: jestem
13:52:09 : Group: Tamago: cipka ejst w sosnowce. tak mowila przynajmniej
13:52:17 : Group: Greg: jedź do bazy na ai
13:54:54 : Group: Greg: bedzie
13:56:54 : Group: Greg: siema Seba
13:56:58 : Group: Tamago: siema
13:57:14 : Group: agss: witam panowie, jak dzionek mija?
13:57:22 : Group: Tamago: luzacko
13:57:25 : Group: Greg: spoczko
13:57:39 : Group: agss: misja kolo mnie :)
13:57:59 : Group: Greg: junk jest lekko chujowy ;p
13:59:28 : Group: Tamago: sa na tyle teraz
13:59:41 : Group: agss: /gdzie?
13:59:47 : Group: Tamago: lewo brama
13:59:52 : Group: Tamago: rozdzielili sie
14:00:20 : Group: Tamago: 1 mam 
14:00:48 : Group: Greg: po dwa razy trzeba ich zabijac
14:00:59 : Group: Greg: albo trzy
14:01:06 : Group: Tamago: wstala juz 2 razy
14:02:06 : Group: Greg: jednego trzy razy zabijałem
14:04:15 : Group: Tamago: pojebani. wstali juz ponad 3 razy
14:04:25 : Group: Greg: kuniec
14:04:29 : Group: Tamago: chyba
14:06:13 : Group: Tamago: loot?
14:07:48 : Group: Tamago: dmry musze miecw
14:08:35 : Group: Greg: tu nei ma
14:08:49 : Group: Tamago: z
14:09:43 : Group: Tamago: omg
14:09:53 : Group: Tamago: daje blod baga
14:10:05 : Group: Tamago: 150 humanity ;/
14:10:53 : Group: Tamago: ladna ruinka :D
14:10:55 : Group: Greg: radio tower znowu?
14:11:06 : Group: Tamago: dla humanity mozna
14:14:22 : Group: Tamago: dupa jest za gorka
14:15:04 : Group: Tamago: 16 ai
14:15:36 : Group: Tamago: ale to bedzie upierdliwe xD
14:18:06 : Group: Tamago: od H poszlo ich w lewo
14:18:07 : Group: agss: jak idzie dzisiaj? robimy jakas zadyme wieczorem jak ludzie beda?
14:18:57 : Group: Tamago: ostatni mag mam
14:19:36 : Group: Tamago: pusto. ostatni mial 4 strzaly xD
14:19:46 : Group: Greg: to chuj ;p
14:19:56 : Group: Tamago: bede oslanial lewa z lava
14:21:27 : Group: Tamago: sa w lesie juz
14:22:43 : Group: Tamago: 4
14:22:48 : Group: Tamago: 3
14:23:44 : Group: Greg: jeden za budynkiem
14:24:14 : Group: Tamago: na misji?
14:25:00 : Group: Tamago: mozemy podjechac do niego :D
14:25:07 : Group: Tamago: gps pokazuje 2
14:26:58 : Group: Greg: czołga się
14:27:13 : Group: Tamago: 1?
14:27:33 : Group: Tamago: k
14:28:30 : Group: Tamago: ammo do wozu ;/
14:29:48 : Group: Greg: scary jakieś?
14:29:52 : Group: Tamago: nic
14:30:33 : Group: Tamago: jestem debile. mialem 6 dmr magow w plecaku...
14:30:39 : Group: Greg: lol
14:30:43 : Group: Tamago: ech
14:30:58 : Group: Tamago: ale ten dzwiek opbracania wierzyczki ejst koszmarny
14:31:01 : Group: Greg: masz w wozie
14:31:02 : Group: Tamago: nadal go slysze
14:31:09 : Group: Tamago: dziwkowac
14:31:13 : Group: Tamago: dziekowac*
14:31:32 : Group: Greg: konwój obok bazy
14:31:40 : Group: Tamago: kk
14:32:13 : Group: Greg: mam tylko 20 naboi ;p
14:32:23 : Group: Tamago: wal z czolgu
14:32:29 : Group: Greg: z sd powale
14:32:33 : Group: Tamago: albo taka
14:34:06 : Group: Tamago: kots byl w baziew
14:37:25 : Group: Tamago: to darcie ryja hahah
14:37:30 : Group: Greg: lol
14:37:30 : Group: Tamago: ty
14:38:31 : Group: Tamago: omg
14:38:35 : Group: Greg: za blisko
14:39:22 : Group: Greg: zero widoku
14:39:23 : Group: Tamago: kijowa pozycja tej misji
14:42:04 : Group: Tamago: w bazie jest z 5
14:44:50 : Group: Greg: 4
14:44:56 : Group: Tamago: 2 w bazie jest
14:45:43 : Group: Tamago: smiglo wyladowalo tam
14:46:32 : Side: Qwarl: 100% greg fire
14:46:47 : Side: Qwarl: yes?
14:46:50 : Group: Tamago: wbijaj do wozu quwal jest na prawo od misji
14:47:12 : Side: Tamago: idk 5 people online could be anyone
14:47:22 : Side: Qwarl: 4
14:47:26 : Side: Qwarl: 3
14:47:34 : Side: Tamago: was 5 a minut ago
14:47:40 : Side: Qwarl: you group
14:48:23 : Group: Greg: lol
14:48:35 : Group: Tamago: ?
14:48:59 : Group: Tamago: co lol?
14:49:11 : Group: Greg: komunikat
14:49:16 : Group: Tamago: nie widzialem
14:49:36 : Group: Greg: bandit leader looks like lav
14:49:50 : Group: Tamago: lol
14:50:54 : Group: Tamago: baza
14:51:00 : Group: agss: wezcie wladimira do grupy zeby go przypadkiem nie odjebac :)
14:51:49 : Group: Tamago: tu sa
14:52:19 : Group: Greg: 2
14:52:27 : Group: Greg: 1
14:52:54 : Group: Tamago: mozliwa ze quwarl
14:54:16 : Group: Tamago: nic nie widze
14:55:09 : Group: Tamago: nie
14:55:21 : Group: Tamago: ok mam
14:55:29 : Group: Tamago: 0
14:56:30 : Side: Qwarl: hi
14:56:46 : Group: Greg: gdzieś tu jest menda
14:56:51 : Group: Tamago: wiem
14:57:01 : Group: Tamago: woz lewo
14:57:11 : Side: Qwarl: ei
14:57:16 : Side: Tamago: xD
14:57:23 : Side: Qwarl: EVIL
14:57:23 : Side: Tamago: go
14:57:28 : Side: Qwarl: ?
14:57:35 : Side: Tamago: drive away
14:57:38 : Side: Qwarl: GHO
14:58:05 : Side: Tamago: 5 secs to go away
14:58:17 : Group: Greg: lol
14:58:21 : Side: Qwarl: ////
14:58:21 : Group: Tamago: odjedz
14:58:27 : Side: Qwarl: EEE
14:58:31 : Group: Tamago: nie mgoe go trafic xD
14:58:50 : Group: Greg: lol
14:58:58 : Group: Tamago: jak do debila
14:59:08 : Group: Tamago: humvee wybuchnie
14:59:45 : Group: Tamago: pisze mu sie "go away""
14:59:54 : Group: Tamago: ciezko tego zdania nie zrozumiec
15:00:01 : Group: Greg: hehhe
15:00:10 : Group: Tamago: a ten podjechal i tym pedofilskim glosem "helllooo~"
15:00:31 : Side: Tamago: told you to go away dude
15:00:32 : Side: Qwarl: tamago no love me?
15:00:37 : Group: Greg: lol
15:00:44 : Side: Tamago: no. this is pvp game and i dont trust you
15:00:48 : Side: Tamago: easy
15:00:53 : Side: Tamago: you would live if you go away
15:00:55 : Side: Qwarl: bebebe
15:01:00 : Side: Qwarl: New car
15:01:02 : Side: Tamago: wtf
15:01:03 : Side: Qwarl: 3 bref
15:01:22 : Group: Tamago: lol
15:01:25 : Side: Greg: lol
15:01:26 : Group: Tamago: jaki spam
15:01:31 : Side: Qwarl:  
15:01:43 : Group: Tamago: D
15:01:53 : Group: Tamago: chodz jedeimy dalej xD
15:01:54 : Group: Greg: co robimy ;p
15:02:04 : Group: Greg: zaraz muszę spadać
15:02:05 : Group: Tamago: presidents in town jest
15:02:07 : Group: Tamago: aha
15:03:00 : Side: Qwarl: wath kill me
15:03:09 : Side: Qwarl: blat'
15:03:18 : Side: Tamago: mine on mission
15:03:20 : Group: Tamago: xD
15:03:25 : Group: Greg: hahah
15:03:50 : Side: Qwarl: ..
15:03:59 : Group: Tamago: kuzwa ja na miejscu tego kolesia bym dawno szukal nowego serwera xD
15:04:08 : Side: Qwarl: fucking junggle
15:04:16 : Group: Tamago: kuzwa dal wiare?
15:04:19 : Group: Tamago: xDDDDDDDDDDDDDDD
15:04:24 : Group: Greg: ja pierdole :D
15:04:29 : Group: Tamago: co ze dabil
15:04:45 : Group: Tamago: oplulem sie ze smiechu
15:05:03 : Group: Tamago: co tam tak cicho vlad i seba?
15:05:18 : Group: VLADIMIR>***: na tsie jestesmy
15:05:21 : Group: Tamago: fajny truck xD
15:05:31 : Group: Tamago: aa spoko
15:05:31 : Group: agss: my nie cicho. wy cicho,,, :)
15:05:43 : Group: Tamago: zaraz tez wejde
15:06:48 : Group: Tamago: nikogo
15:07:27 : Group: Tamago: 3 50
15:07:42 : Group: Tamago: stoj xD
15:07:48 : Group: Tamago: widze 4 50
15:09:49 : Group: Greg: 18 ;p
15:09:51 : Group: Tamago: ewszystko w drzewach jest
15:11:28 : Group: Tamago: 14
15:13:37 : Group: Greg: 6 już tylko ;p
15:13:54 : Group: Tamago: 3
15:16:06 : Group: Greg: prezydent i sekretarka w środku to 2
15:16:12 : Group: Tamago: serio?
15:16:57 : Group: Greg: tak mi się wydaje, bo prezydenta nie ma
15:16:59 : Group: Tamago: do srodka musimy wejsc?
15:21:05 : Group: agss: zw
15:21:05 : Group: Tamago: ide na gorew
15:21:32 : Group: Greg: 100 golda i 17 dokumentów
15:21:54 : Group: Greg: musze spadać
15:22:00 : Group: Tamago: nizele
15:22:19 : Group: Greg: 1000 hymanity straciłem...
15:22:45 : Group: Tamago: xD
16:29:59 : Group: Walasznikow: LATAM ZA SKALAMI
16:42:09 : Group: Greg: bry ;p
16:42:35 : Group: Walasznikow: siema
16:43:39 : Group: Walasznikow: chlopaki dzis chca grac na overpochu
16:44:00 : Group: Greg: ja odpadam, overpoch mi nie leży
16:44:06 : Group: Greg: za dużo gadżetów
16:44:12 : Group: Walasznikow: ok
16:44:34 : Group: Greg: tu jest dość broni, a używam tylko dwóch ;p
16:45:08 : Group: Walasznikow: ja tez na razie tu zostaje
16:47:13 : Group: Greg: spadam po dziecko ;)
16:47:21 : Group: Walasznikow: ok
16:49:31 : Group: agss: waldi kupisz mi rosomaka? musze baze rozjebac temu 2die4
16:51:35 : Group: agss: masz teraz czas walek zeby roska kupic?
16:54:58 : Group: agss: te waldek to co znajdziesz 5 min zeby wyskoczyc na zakupy?
16:57:49 : Group: Walasznikow: to ty strzelasz
17:00:26 : Group: agss: podlecimy waldek po rosomaka?
17:02:35 : Group: Walasznikow: ktos leci seba za toba
17:10:29 : Group: 2DIE4: I am too scared of the mean Zombies
17:22:34 : Side: agss: qrwal, i like your m22
17:22:41 : Group: Greg: hehhe
17:22:45 : Side: Qwarl: thx
17:23:01 : Side: agss: its good taxi
17:23:05 : Side: Qwarl: )))
17:23:12 : Side: Qwarl: 400km
17:23:18 : Side: Qwarl: spd
17:23:43 : Group: Greg: dwa ray go dzisiaj odwaliliśmy
17:23:58 : Group: Greg: ukraińska menda
17:24:09 : Side: Qwarl: you kill me?
17:24:13 : Group: agss: zajebalem mu taxi
17:24:14 : Group: Greg: hahah
17:24:51 : Group: agss: czemu nie moge go sprzedac nigdzie?? mv22
17:25:04 : Group: Greg: u air normalnie sprzedasz
17:25:31 : Group: Greg: za daleko pewnie jesteś z nim
17:25:32 : Group: Walasznikow: W KRASNYM NA LOTNISKU
17:26:06 : Group: agss: podjechalem blizej i 3 walizki wpadly...
17:26:20 : Group: Greg: nice
17:26:23 : Group: agss: waldi kupisz mi kurwa tego rosomaka czy nie?
17:26:35 : Group: Greg: hahah
17:26:43 : Group: Walasznikow: SPOKO 
17:26:45 : Side: agss: qrwal 3 brc :)))))))))) mv22 free loot
17:27:00 : Side: Greg: lol
17:27:02 : Side: Qwarl: 1 brif me
17:27:15 : Side: agss: ok, where are you now?
17:27:16 : Side: Qwarl: ok?)
17:27:27 : Side: agss: 2die4 give you 1 brc
17:27:29 : Group: Greg: ja pierdole :D
17:28:09 : Group: Walasznikow: ZA ILE SIE SPOTYKAMY ZEBY KUPIC CI AUTKO?
17:28:33 : Group: agss: 023/051 tam ten idiota jest na misji
17:28:49 : Group: Greg: on jest tak głupi że szkoda mówić
17:29:07 : Group: Greg: dzisiaj na misje przyjechał, mówimy żeby spierdalał bo go zabijemy to ten jeździ po misji
17:29:15 : Group: Greg: Tamago go rozjebał z LAVa
17:29:18 : Group: agss: kolo mojej bazy wyladowal, grzech bylo mu nie zajebac tego transporty
17:29:28 : Group: Greg: a potem mu powiedział że na minewjechał a on uwierzył
17:29:54 : Group: Walasznikow: lecimy kupic ci auto?
17:30:15 : Group: agss: ok. wez walizki od siebie, zajedziemy i ci oddam
17:37:03 : Side: agss: 2die4 how are you?
17:41:06 : Group: agss: podczepie go pod smoglo
17:41:17 : Group: Walasznikow: to ty przed chwila strzelales?
17:41:24 : Group: agss: tak ja
17:42:02 : Group: agss: przylec do mnie do bazy, oddam z odsetkami odrazu
17:42:21 : Direct: agss: zobaczysz te dziwne inne rpg, postrzelamy do samochodu
17:43:05 : Group: Walasznikow: co zobaczyc?
17:43:34 : Group: agss: te takie inne rpg.....i moze podjedziemy do tego pajaca do bazy?
17:44:01 : Group: agss: dawaj do mnie do bazy zobaczys sam
17:44:05 : Group: Greg: atakujecie 2die4? ;p
17:44:46 : Group: Walasznikow: ja na razie nie jade tam
17:45:06 : Group: Walasznikow: jest do rpg dwoglowicowe kumulacyjne
17:45:38 : Group: Greg: jak się kiedyś spotkamy w penym składzie to wtedy pojedziemy na 3 wozy z rpg-ami i zrównamy z ziemią ;p
17:46:26 : Group: agss: czekam w bazie walek
17:52:00 : Group: agss: zejdz na dol walek, wezmiesz kase, wezmiemy rpg i jedziemy do frajera
17:52:22 : Group: Greg: jednak jedziecie do niego?
18:16:50 : Group: Greg: nic was nie rozumiem ;p
18:33:27 : Group: Tamago: czemu nikt na tsie nie jest? xD
19:08:34 : Group: Tamago: masz zarcie jakies?
19:08:35 : Group: Tamago: xD
19:10:55 : Group: Tamago: lece do gorki bo zdechne z glodu zaraz moze cos tam znajde
