00:22:48 : Group: [NG2] Jesse: lol
00:23:12 : Group: Turmoil: whats up Koffie???????
00:40:46 : Group: Marco: need a bloodbag
00:41:09 : Direct: Turmoil: giving
00:41:33 : Group: Marco: awesome thx
00:41:48 : Direct: Turmoil: ok now?
01:33:26 : Side: M.K.: hey guys, what's good?
01:36:00 : Side: gas1n: Base can be built on this server guys?
01:36:08 : Side: [NG2] Jesse: yes
01:44:41 : Side: gas1n: where i can find weppons ?:D
02:01:45 : Side: gas1n: do npc's patroling map on this server guys>?
02:02:15 : Side: [NG2] Jesse: you can see it on the map where the missions are.. 
02:02:29 : Side: gas1n: besides the mission i mean
02:02:30 : Side: [NG2] Jesse: and some little camps of ai.. 
02:02:41 : Side: gas1n: oh ok
02:54:49 : Side: gas1n: How to check how much mone i have?
03:17:46 : Side: Matheus: where are you guys?
03:49:26 : Side: -SDS- Gowther: WTF is this background music? XDD
04:30:50 : Side: -SDS- Gowther: Hey MrPilot
10:31:53 : Side: Turmoil: hey 2DIE ^^ how are you doing today?
10:32:21 : Side: Turmoil: nvm¨
10:34:08 : Side: 2DIE4:  aight i guess ... u?
10:35:35 : Side: Turmoil: good, just did a mission ^^
10:35:47 : Side: 2DIE4: nice
10:36:05 : Side: Turmoil: helping Jesse a bit ^^
10:37:35 : Side: [RussianMafia]Godfather: vss dmr mm
10:45:50 : Side: M.K.: really?
10:45:56 : Side: Legend: yes
10:46:37 : Side: M.K.: but why?
10:52:27 : Side: [RussianMafia]Godfather: Legend
10:52:33 : Side: Legend: yo sup?
10:52:48 : Side: [RussianMafia]Godfather: ..!.
10:53:11 : Side: 2DIE4:  just sink his body... he is sinkin shit every time =) 
10:53:15 : Side: Legend: im sorry for you that you are russian
10:53:22 : Side: Legend: not everbody can be perfect
11:04:33 : Side: [RussianMafia]Godfather: 2die4 you have a base?
11:04:59 : Side: 2DIE4:  nope my friends do
11:12:42 : Side: Sierra [SD]: Hiya
11:12:49 : Side: M.K.: hey :D
11:12:55 : Side: Turmoil: heey
11:13:02 : Side: Sierra [SD]: Everyone ok?
11:13:04 : Side: [RussianMafia]Godfather: Hey
11:13:08 : Side: Legend: yo
11:14:37 : Side: Turmoil: all good here ^^w
11:15:34 : Side: Sierra [SD]: good glad to hear :)
11:24:37 : Side: [NG2] Jesse: hello
11:25:50 : Side: [NG2] Jesse: why are you looking for problems?
11:26:44 : Side: Sierra [SD]: Hmm me?
11:26:50 : Side: Turmoil: is it you flying?
11:27:40 : Side: Turmoil: Sierra? you flying?
11:28:04 : Side: Sierra [SD]: Nope - not playing
11:46:27 : Side: 2DIE4: whos base? =)whos base? 
11:46:36 : Side: Turmoil: is it you flying 2DIE4?
11:46:46 : Side: 2DIE4:  nope 
11:47:10 : Side: 2DIE4: interesting how many sheds is in this base  =)
11:48:31 : Side: 2DIE4: whos base is north of rifty?
11:48:44 : Side: 2DIE4:  or better rify
11:50:18 : Side: 2DIE4:  ill b walkin the dog a bit  =)
11:51:55 : Side: M.K.: =))
12:03:35 : Side: M.K.: hillarious
12:03:37 : Side: M.K.: XD
12:03:40 : Side: Michael: HAHAHA
12:03:52 : Side: M.K.: how can you miss so many shots with that heli
12:03:53 : Side: M.K.: :)))
12:04:13 : Side: M.K.: at least i found your bases ^^
12:04:35 : Side: Michael: because the pilot is the gunner too
12:04:46 : Side: M.K.: who was the pilot?:))
12:04:49 : Side: M.K.: you?
12:05:00 : Side: Michael: try to fly and shot the same time. 
12:05:16 : Side: Michael: no, i was just co-pilot
12:05:33 : Side: M.K.: and who flew the thing? 
12:05:58 : Side: Legend: the pilot probably
12:06:02 : Side: M.K.: ^^
12:12:09 : Side: Arne: the fuck dude
12:12:26 : Side: M.K.: u scared the shit out fo me
12:12:34 : Side: Arne: killing somebody loggin off. classy move
12:12:42 : Side: M.K.: didnt even see you
12:12:43 : Side: M.K.: :))
12:12:50 : Side: Arne: you were biking too me
12:12:58 : Side: M.K.: i wasnt i saw the smoke
12:12:58 : Side: Arne: going off your bike
12:13:01 : Side: M.K.: on the far
12:13:08 : Side: M.K.: and went past by you
12:13:09 : Side: Arne: dickish move
12:13:13 : Side: M.K.: wtv
12:13:22 : Side: Arne: then give me back my stuff
12:13:55 : Side: M.K.: you only had a dmr on you..
12:14:02 : Side: M.K.: go take it back 
12:14:03 : Side: Arne: i only have a dmr
12:14:11 : Side: Arne: i was logging off because of restart
12:14:22 : Side: M.K.: lel srryy :))
12:24:26 : Group: Arne: GOOD BYE CRUEL WORLD
12:24:55 : Side: Arne: sierra are you admin?
12:26:14 : Side: Michael: sierra?
12:30:46 : Side: Sierra [SD]: Hello Michael, what's up?
12:31:31 : Side: Michael: the doors at our base got duplicated....i dont know why....
12:32:10 : Side: Michael: seems like its the same code for the lock too...i think bug again?
12:32:46 : Side: Sierra [SD]: are you at your base now?
12:32:51 : Side: Legend: i am
12:32:56 : Side: Michael: yes he is
12:33:24 : Side: Michael: its every door. we got like 5 doors i think...everyone got duplicated
12:33:50 : Direct: Legend: its pretty much every door expect this one here
12:33:55 : Side: Sierra [SD]: I can see - LWB will have to look later
12:34:07 : Direct: Legend: kk thanks
12:34:17 : Side: Sierra [SD]: I'll tell him
12:34:24 : Side: Michael: nice thx
12:34:26 : Direct: Legend: thanks mate
12:35:43 : Side: Sierra [SD]: LWB says have you taken ownership of the plot pole?
12:36:11 : Side: Legend: yes, we can even acces both doors
12:36:41 : Side: Sierra [SD]: yeah that is why it has done it then. He says it causes that sometimes but it was supposed to be fixed in the new mod.
12:37:15 : Side: Michael: alrighty...yes we had to build our plotpole again, because someone stole it.
12:38:01 : Side: Sierra [SD]: Yeah - ok I will delete one set of each of the doors - coming back - you can point them all out to me.
12:38:20 : Direct: Legend: should be that one
12:38:22 : Direct: Legend: nice
12:38:22 : Side: Michael: nice, u r a good booiii
12:38:32 : Side: Michael: nice admins
12:39:24 : Side: Arne: DID YOUR SCREENS JUST TURN COMPLETELY BLACK?
12:39:34 : Side: Michael: no
12:39:38 : Side: Sierra [SD]: nope
12:39:39 : Direct: Legend: that one is buggy
12:39:49 : Side: Arne: weird
12:39:57 : Direct: Sierra [SD]: ah ok want me to try?
12:40:01 : Direct: Legend: pls
12:40:28 : Direct: Legend: thanks so much
12:40:33 : Direct: Legend: i think thats it
12:40:52 : Direct: Sierra [SD]: ok np - let me know if there are any problems with it
12:41:05 : Side: Sierra [SD]: oh
12:41:14 : Side: Michael: hahahahaha
12:41:15 : Side: Sierra [SD]: he just fell down :(
12:41:32 : Side: Sierra [SD]: or something lol
12:41:39 : Side: Legend: fuck that... that happens sometimes
12:41:41 : Side: Michael: thats dayz. happens sometimes :DD
12:41:46 : Side: Legend: in this base, you just randomly die
12:41:50 : Side: Sierra [SD]: lol :D
12:42:04 : Side: Legend: but thanks mate :D
12:42:17 : Side: Sierra [SD]: lol np :D
12:42:42 : Side: Michael: when the base doesnt like u, it kills u instant.
12:42:47 : Side: Sierra [SD]: ive shut your door for you
12:42:53 : Side: Legend: thank you
12:42:54 : Side: Michael: thanks mate
13:24:02 : Group: Arne: hi
13:24:17 : Group: Lancer_AUT: hi
13:24:22 : Group: Arne: mission?
13:26:44 : Side: Lancer_AUT: sierre have you a secend for me
13:27:03 : Side: Sierra [SD]: Hi Lancer - what's up?
13:27:28 : Side: Lancer_AUT: can you come a little bit i will write in direct 
13:28:32 : Direct: Lancer_AUT: hi 
13:28:37 : Direct: Sierra [SD]: hello
13:28:53 : Direct: Lancer_AUT: i found here the base without plat  i rebuild all and build it new is this ok 
13:29:37 : Direct: Lancer_AUT: i think the player is now in tower the can make nothing i think the kill me one time and than the can not out and must die
13:29:57 : Direct: Sierra [SD]: if there is no plot then it should be fine - did you remove the plot?
13:30:29 : Side: Kev: sirra? is there a hidden trader somewhere?
13:30:31 : Direct: Lancer_AUT: no not plot here i think the rebuild self the only i build my plot and take all
13:30:38 : Side: Kev: *sierra sry
13:30:56 : Side: Sierra [SD]: No hidden traders Kev no. Just the usual ones.
13:31:03 : Direct: Lancer_AUT: 22 building parts i take
13:31:10 : Side: Kev: kk, thanks a lot
13:31:29 : Direct: Sierra [SD]: Well there are no rules against it so its between you and the other players.
13:31:52 : Direct: Lancer_AUT: ok thx i can build again here
13:32:39 : Direct: Sierra [SD]: anything else i can help with?
13:33:08 : Direct: Lancer_AUT: no thats is all i will only not that the other player came back und i must remove all 
13:33:42 : Direct: Sierra [SD]: ok then :D - well have fun! :)
13:33:59 : Direct: Lancer_AUT: thx for help and have also fun 
13:34:09 : Direct: Sierra [SD]: np :) c u later
13:45:03 : Side: [RussianMafia]Godfather: hello
13:45:15 : Side: Sierra [SD]: hi :)
13:45:18 : Group: Arne: launcher do you have some money? i can get us a amored suv
13:46:12 : Group: Arne: hey pick me up please
13:46:17 : Group: Arne: heeeelp
13:47:59 : Group: Arne: go to my base
13:48:02 : Group: Arne: lopatino
13:48:24 : Group: Arne: want to help me get the other armoured suv?
13:49:00 : Group: Arne: just need 2 BC
13:49:25 : Group: Arne: do you have morphine?
13:49:44 : Direct: Lancer_AUT: where is lapertino i long time wehre not here
13:49:48 : Group: Arne: bro my base is to the right
13:49:52 : Group: Arne: right
13:50:03 : Group: Arne: more right
13:50:16 : Group: Arne: the red thing
13:50:48 : Group: Arne: i need to get a couple of bc and then go to bandit trader
13:51:21 : Direct: Lancer_AUT: i have no morphin xd
13:51:26 : Side: PRISMIC: how do you destroy a plot hole ?
13:51:26 : Group: Arne: np
13:51:49 : Direct: Lancer_AUT: and money i have also only 1,5 bc faldehals have all in the save
13:52:03 : Group: Arne: i have a little
13:53:41 : Group: Arne: ok bye :D
13:54:23 : Group: Arne: thx bro
13:54:50 : Group: Lancer_AUT: np
13:56:56 : Group: Arne: i think i need your back up bro
13:59:26 : Group: Arne: can you help me
13:59:43 : Group: Arne: i need to do a raid
14:03:56 : Group: Arne: ome with me
14:03:59 : Group: Arne: come
14:05:11 : Group: Arne: HILFEN MICH
14:05:17 : Group: Arne: JOIN ME
14:05:36 : Group: Arne: I NEED YOU TO OME HELP ME TAKE A SUV
14:05:48 : Group: Arne: PLZ
14:05:50 : Group: Lancer_AUT: what you will make i have the heli and mtvr fuel with building parts i take a base from other player an must that make save now
14:06:06 : Group: Arne: OK GO DO THAT THEN COME
14:13:18 : Group: Arne: AN YOU COME WITH A WHEEL AND SOME SCRAPMETAL + TOOLBOX
14:15:50 : Group: Arne: Scrapmetal for repairs
14:18:18 : Group: Arne: shit pc just crashed
14:18:32 : Group: Arne: can you help me?
14:25:16 : Side: [KRT]Uku: Admin ?
14:25:30 : Side: [KRT]Uku: Is MAAWS suppoused to be ingame ?
14:50:48 : Side: Arne: hey prismic
14:51:45 : Side: Arne: hey prismic
14:57:33 : Side: Arne: can you get stuff at those camps around the map?
15:15:04 : Side: 2DIE4:  GB cruel world  
15:15:21 : Side: Arne: noo dont die
15:18:03 : Side: PRISMIC: can you leave his loot  king  ?
15:18:13 : Side: PRISMIC: he just started ?
15:18:28 : Side: 2DIE4:  lol yall didnt leave mine  XD
15:18:47 : Side: Sir LongSleeves: DUDE 
15:18:53 : Side: Sir LongSleeves: king
15:19:12 : Side: Sir LongSleeves: your camping outside the trader
15:19:20 : Side: 2DIE4: hello mozzi
15:19:28 : Side: Arne: that is a dickish move to do
15:19:28 : Side: -SDS- Meliodas: he did not
15:19:30 : Side: Sir LongSleeves: im gonna report you 
15:19:37 : Side: Sir LongSleeves: yes he did
15:19:41 : Side: -SDS- Meliodas: we saw you crash
15:19:41 : Side: -SDS- King: didnt camped
15:19:47 : Side: 2DIE4:  trader camoing IS NOT ALLOWED!
15:19:49 : Side: Arne: if you have shadow play it can replay the last 20 min and you can show it to the admins
15:19:57 : Side: Kev: sir longsleeves, they also did to us yesterday
15:20:09 : Side: -SDS- Meliodas: we? o.O
15:20:13 : Side: Kev: ur mate
15:20:22 : Side: Sir LongSleeves: king, loot my stuff and your going to get banned
15:20:32 : Side: -SDS- King: why?
15:20:33 : Side: -SDS- Meliodas: why should he get banned?
15:20:47 : Side: -SDS- King: im not camped outside trader
15:20:50 : Side: Sir LongSleeves: for beeing a low life scum
15:20:54 : Side: -SDS- Meliodas: we saw you crahing and then we got there?
15:20:57 : Side: Arne: then you have nothing to fear
15:21:13 : Side: -SDS- Meliodas: srsly i don't get it
15:21:18 : Side: Sir LongSleeves: sure, i got back there, its just outside the trader
15:21:21 : Side: Kev: this chat is even more funny than television
15:21:30 : Side: Sir LongSleeves: if you wont loot me, then trust me, you will be fine
15:21:49 : Side: Sir LongSleeves: you even get a little bird in the proces
15:22:17 : Side: -SDS- Meliodas: but what is wrong about looting someone who just crashed?
15:22:46 : Side: -SDS- Meliodas: i mean he wasn't even there before
15:22:54 : Side: -SDS- King: lood can stolen everywhere->Rules
15:23:09 : Side: Sir LongSleeves: no camping outside trader RULES
15:23:20 : Side: -SDS- Gowther: HAHAHA he again XD
15:23:25 : Side: -SDS- King: i wasnt camping
15:23:27 : Side: -SDS- Meliodas: he did not camp
15:23:30 : Side: Arne: without footage it doesnt matter for each of you
15:23:39 : Side: Sir LongSleeves: i have footage
15:23:47 : Side: -SDS- King: have you camed outside trader?
15:23:48 : Side: -SDS- Meliodas: he looted you and then you came along
15:23:53 : Side: -SDS- Meliodas: so he killed you
15:23:53 : Side: Sir LongSleeves: its litteraly just outside the safezone
15:24:03 : Side: Arne: well then let the admins decide then
15:24:06 : Side: -SDS- Meliodas: sir i get your point 
15:24:08 : Side: Arne: end of story
15:24:15 : Side: -SDS- Gowther: Arne and Sir LongSleeves go youtubre and watch some videos about camping XD
15:24:17 : Side: -SDS- Meliodas: but u crashed there
15:24:26 : Side: -SDS- Gowther: U both going to be a shame
15:24:49 : Side: -SDS- Meliodas: could u pls stop writing inrelevant stuff,...
15:24:51 : Side: Arne: i dont give a shit.. just stating that it is up to the admins in the end
15:24:58 : Side: Sir LongSleeves: at least i dont shoot fresh spawns\
15:25:02 : Side: Kev: where to get some popcorn for this movie?
15:25:23 : Side: -SDS- Gowther: I hope the admins laugh same well about u like us! XDD
15:25:55 : Side: -SDS- Meliodas: the thing is: if he had not killed you, you had killed him afterwards
15:26:26 : Side: -SDS- Meliodas: after looting your corpse of course
15:26:56 : Side: Sir LongSleeves: dude, SDS is dead, i can tell you that ^.^
15:27:06 : Side: -SDS- Meliodas: well sry about that, but it happened :)
15:27:09 : Side: Sir LongSleeves: i heard rumors about you guys camping and stuff
15:27:46 : Side: -SDS- Meliodas: well i don't know about anything, but for sure i wouldn't camp
15:28:59 : Side: -SDS- Meliodas: so to end this argumentation: "it is just a game why u have to be mas"
15:29:04 : Side: -SDS- Meliodas: mad*
15:29:12 : Side: M.K.: tyler?
15:29:16 : Side: M.K.: is that you?
15:29:24 : Side: Sir LongSleeves: im not mad
15:29:28 : Side: Sir LongSleeves: disappionted
15:29:36 : Side: M.K.: what happened
15:29:37 : Side: Sir LongSleeves: *disappointed
15:29:38 : Side: M.K.: and hello :D
15:29:45 : Side: Sir LongSleeves: shooting a fresh spawn with an LMG
15:29:53 : Side: M.K.: oh
15:30:06 : Side: -SDS- Meliodas: well i got killed through walls last time and i just accepted it
15:30:09 : Side: 2DIE4: stop whining now ffs  
15:30:19 : Side: -SDS- Meliodas: ty
15:30:37 : Side: 2DIE4:  i got shot lost all gear to this russian dick    and didnt loose a word about it 
15:30:39 : Side: Kev: it has just stardet gettin funny :DD
15:30:55 : Side: -SDS- Meliodas: :DD
15:31:08 : Side: 2DIE4:  stand up dust off ya shoulders get geared   kill repeat
15:31:30 : Side: -SDS- Meliodas: nice phrase 
15:32:00 : Side: M.K.: are you two togheter?
15:32:06 : Side: M.K.: like as a couple?
15:32:16 : Side: Kev: Fall down, get up, straighten crown, carry on.  :DDD
15:32:25 : Side: M.K.: oh a trio
15:32:26 : Side: M.K.: XD
15:32:41 : Side: -SDS- Meliodas: 3
15:32:48 : Side: -SDS- Meliodas: oh
15:33:14 : Side: -SDS- Gowther: x3
15:33:34 : Side: Arne: gratz on the mv22 boys
15:33:44 : Side: -SDS- Meliodas: ...
15:33:46 : Side: Sir LongSleeves: o really trying to run me over
15:34:00 : Side: -SDS- Meliodas: sry me mate is a dick sometimes...
15:34:00 : Side: M.K.: whos bases are near kabanino?
15:34:04 : Side: 2DIE4: where is all the fun happening?
15:34:15 : Side: Kev: also asking that 2die4 :D
15:35:30 : Side: [NG2] Jesse: wel we cleard the mission, arne
15:36:05 : Side: Sir LongSleeves: SDS come out come out >:)
15:36:14 : Side: -SDS- Meliodas: i knew it :DDF
15:36:33 : Side: -SDS- King: are you caming out of trader?
15:36:37 : Side: Sir LongSleeves: you ran over me
15:36:44 : Side: -SDS- Gowther: XDDD
15:36:46 : Side: -SDS- Meliodas: next time try to do it less obvious :D
15:36:54 : Side: -SDS- Gowther: Kids...
15:36:58 : Side: Sir LongSleeves: i have skills
15:37:14 : Side: -SDS- Meliodas: everyone here got skills
15:37:15 : Side: Sir LongSleeves: i dont need to be less obvious
15:38:41 : Side: Sir LongSleeves: what you looking at
15:39:24 : Side: -SDS- Meliodas: i really don't get :D
15:39:46 : Side: -SDS- Meliodas: why are you getting upset 'bout dying?
15:40:00 : Side: -SDS- Meliodas: sure u think that we camped you
15:40:15 : Side: Sir LongSleeves: im nort upset, just on the hunt
15:40:23 : Side: -SDS- Meliodas: ok :)
15:40:36 : Side: Sir LongSleeves: now man up bro, lets make this interessting ;)
15:40:44 : Side: -SDS- Meliodas: gl
15:40:51 : Side: Sir LongSleeves: me with bad gear, against you guys with good gear
15:41:00 : Side: Sir LongSleeves: and you mean good luck to yourself
15:41:02 : Side: Arne: UUUUH!
15:41:09 : Side: Arne: SHITS GOING DOWN Y'ALL
15:41:26 : Side: Sir LongSleeves: maybe
15:41:38 : Side: -SDS- Meliodas: shots fired :DD
15:42:13 : Side: Arne: I PROPOSE A HATCHED MATCH 
15:42:23 : Side: -SDS- Meliodas: lel
15:43:51 : Side: Sir LongSleeves: omg i just went for a piss you still here
15:44:13 : Side: PRISMIC: arna we not enemies ?
15:44:18 : Side: PRISMIC: anymore
15:44:40 : Side: -SDS- Meliodas: c ya later
15:44:41 : Side: Arne: i am not enemies with anybody. 
15:44:57 : Side: Arne: and i surely didnt try to take your base 
15:45:21 : Side: Arne: i am just here to have some fun you know
15:45:24 : Side: PRISMIC: okay mate dont worry about  it
15:45:31 : Side: PRISMIC: enjoy the m107
15:45:49 : Side: Arne: sorry i lost it.. pressed caps on side chat while flying my mozzie
15:46:03 : Side: Arne: and the other one i gave to 2D
15:46:17 : Side: -SDS- Meliodas: lol gowther is lagging af
15:46:29 : Side: Arne: you can still try to find me tho :)
15:46:31 : Side: PRISMIC: okay its cool
15:46:34 : Side: -SDS- Meliodas: that desync xD
15:49:32 : Direct: DimaK: write
15:49:41 : Direct: DimaK: i am from russia
15:49:45 : Direct: Sir LongSleeves: whats your humanity
15:50:07 : Direct: Sir LongSleeves: mine is 3640, the normal humanity is 2500
15:50:07 : Direct: DimaK: . -2.5
15:50:26 : Direct: Sir LongSleeves: yours is -2.500?
15:50:36 : Direct: DimaK: yes
15:50:51 : Direct: DimaK: .-2486
15:50:55 : Direct: Sir LongSleeves: aight i trust you not to shoot me then ^.^
15:59:24 : Side: Arne: who killed me?
15:59:33 : Side: -SDS- Gowther: AIw
15:59:39 : Side: -SDS- Gowther: AI*
15:59:49 : Side: Arne: damn they have heat vision
16:00:11 : Side: Arne: and sniper m2s
16:00:26 : Side: Sir LongSleeves: thermals you mean arne
16:00:51 : Side: Arne: ok yes
16:10:07 : Group: Winans: You have to wait 166s
16:29:13 : Group: -SDS- Gowther: Sage gar nix mehr
16:29:32 : Group: -SDS- Gowther: Geh mal zu den 3 dead bodeys
16:29:38 : Group: -SDS- Gowther: ja
18:06:12 : Side: M.K.: how to place that yellow arrow for the group to see?
18:06:16 : Side: M.K.: like a marker
18:06:25 : Side: M.K.: ctrl?
18:06:29 : Side: M.K.: i forgot
18:45:25 : Side: -SDS- Gowther: Who killed me?
18:45:41 : Side: Kev: u killed urself stood in chat
18:45:54 : Side: -SDS- Gowther: I didnt some one shot at me
18:47:16 : Side: Legend: how did u get killed?
18:47:35 : Side: -SDS- Gowther: A MG shot me while i drived my ural
18:48:01 : Side: Legend: weird
18:51:02 : Side: -SDS- Gowther: Allah uakbar
18:57:46 : Side: -SDS- Gowther: My Ural got changed by another ural
18:57:55 : Side: -SDS- Gowther: And my dead boddy disappers
18:58:00 : Side: -SDS- Gowther: LoooL
19:21:27 : Side: Turmoil: hey pris, invite?
19:22:17 : Group: PRISMIC: go on ts turmoil
19:22:26 : Group: Turmoil: mic not working
19:22:45 : Group: PRISMIC: people around ur bas
19:24:09 : Group: Turmoil: dont see anything from here
19:24:56 : Group: Turmoil: do you mean the guy that was on the roof that fired an AK towards you?
19:25:09 : Group: Sir LongSleeves: yes
19:25:12 : Group: Turmoil: that was me
19:25:47 : Group: Turmoil: i just reclaimed your base Prismic
19:26:04 : Group: Turmoil: plotpole is here, come take it!
19:26:10 : Group: Turmoil: you get your base back dude
19:26:30 : Group: PRISMIC: iv moved oposite u xd
19:26:37 : Side: Arne: hello. 
19:26:40 : Group: Turmoil: what about your base up here then?
19:26:42 : Side: Arne: where did the suv go?
19:26:56 : Side: Arne: i see 3 boddies
19:26:59 : Side: Kev: home
19:27:14 : Side: Arne: did i kill 3 ppl or just the 2?
19:27:18 : Side: Kev: 2
19:27:34 : Group: Turmoil: longsleeves? do you have a toolbox?
19:27:46 : Side: Arne: that is what i thought but i see 3 of your ropses
19:27:49 : Side: Arne: corpses
19:27:58 : Side: Kev: my old one
19:28:22 : Side: Arne: ah ok.. nice fight.. my adrenelin was on a all time high when you pulled up
19:28:32 : Side: Kev: i let the loot there, i thought u could need it that often u die a day
19:28:44 : Side: Arne: what loot?
19:28:55 : Group: Turmoil: dudes, you should at least take the plot pole up here
19:28:56 : Side: Kev: enough weapons
19:28:59 : Side: Peaches: lol
19:29:25 : Group: PRISMIC: we will hang on
19:29:31 : Group: Turmoil: didnt he loose this base?
19:29:48 : Group: Turmoil: whos plotpole is that inside? 
19:29:51 : Group: Turmoil: yeah i seen it
19:30:13 : Group: Turmoil: exactly... if it doesnt belong to us... someone else has taken over, which isnt good
19:30:34 : Group: Turmoil: you need a toolbox and crowbar to take it away
19:30:42 : Group: Turmoil: i only have crowbar
19:31:12 : Group: Turmoil: we could do that, but still need to take that thing out of the ground, or else we cant use it
19:31:22 : Group: Turmoil: remove it at replace it, but it should be somewere safe
19:31:52 : Group: Turmoil: i dont want the russians or some other shitty guys to make a sniper base up here :P
19:32:09 : Group: Turmoil: double doors
19:32:19 : Group: Turmoil: guess the new owner placed one as well
19:32:47 : Group: Turmoil: whoever places a plotpole and takes ownership owns everything here
19:33:12 : Group: Turmoil: place plot pole - manage plot - take ownership - voila you own everything within 30m 
19:33:22 : Group: Turmoil: you also take ownership of the doors and locks then
19:33:54 : Group: Turmoil: should make sure to have supplies for a roof before placing plotpole again tho, or else whoever can fly in and take it
19:34:09 : Group: Sir LongSleeves: will do
20:33:56 : Side: PRISMIC: negan why u being a prick for
20:35:27 : Side: PRISMIC: thank you peaches
20:35:39 : Side: PRISMIC: dont shhot me on  bike mate
20:35:46 : Side: Arne: peaches = Rick Grimes
20:35:48 : Side: Peaches: No probs
20:35:53 : Side: PRISMIC: have no  loot
20:44:14 : Direct: Luca: i dont understand
20:44:34 : Direct: Luca: ??
21:03:05 : Side: Legend: wheres the party?
21:03:24 : Side: alexxx: where u fight ?
21:17:05 : Direct: Luca: hi
21:17:14 : Direct: Glasgow: hey man
21:17:33 : Direct: Luca: good luck
21:18:33 : Direct: Glasgow: for what you wait here?
21:18:51 : Direct: Glasgow: only enjoy the safezone feeling?
21:18:51 : Direct: Luca: im eating in real life :-)
21:18:55 : Direct: Glasgow: ah
21:22:05 : Direct: Glasgow: a gift from the christmas man :3
21:22:19 : Direct: Luca: o thank you man :-)
21:25:33 : Side: Sir LongSleeves: mk where are you
21:25:36 : Side: Sir LongSleeves: im near you
21:28:22 : Side: Sir LongSleeves: LIFE SAVER
21:28:32 : Side: M.K.: :)
21:29:31 : Side: Sir LongSleeves: yes
21:36:25 : Direct: Turmoil: TS?
21:36:25 : Direct: LWB [SD]: watch the gas station
21:36:40 : Direct: Turmoil: hahaha
21:36:48 : Direct: LWB [SD]: oops
21:37:38 : Direct: LWB [SD]: Ill finish it off I think
21:38:18 : Direct: Turmoil: dang this is big
21:40:00 : Direct: Turmoil: im helping
21:40:07 : Direct: LWB [SD]: pew pew
21:40:21 : Direct: Turmoil: no good loot here, lol
21:40:33 : Direct: Turmoil: stole a wooden bench from the vodnik xD
21:41:13 : Direct: LWB [SD]: 42 so far :D
21:41:20 : Direct: Turmoil: dont crash the server xD
21:42:36 : Direct: LWB [SD]: lols
21:42:38 : Direct: Turmoil: something went flying
21:43:18 : Direct: LWB [SD]: someone coming
21:43:20 : Direct: Turmoil: still got alot of explosives to place xD
21:43:28 : Direct: Turmoil: bet they are curious
21:43:35 : Direct: LWB [SD]: yeah robably
21:44:08 : Direct: LWB [SD]: I shall take you back before you get shot
21:44:13 : Direct: Turmoil: yeah sure
21:45:01 : Direct: Turmoil: prismic crushed himself
21:45:08 : Direct: LWB [SD]: must have got out of the boat
21:45:13 : Direct: Turmoil: was crawling under my floors
21:45:19 : Direct: LWB [SD]: ahh
21:45:33 : Direct: LWB [SD]: the new anti glitch thing works then
21:45:43 : Direct: Turmoil: cool :D
21:45:57 : Direct: LWB [SD]: :D well, ill go delete the rest of that base
21:51:39 : Side: Faldehals: wutz up ihr Bazis ?! :)
21:52:07 : Side: 2DIE4: hi
21:54:08 : Group: Faldehals: hey hoo
21:54:17 : Group: Arne: HI BUDDY
21:55:22 : Group: Faldehals: need to maintain first was sleeping maybe its 1h ago i wake up
21:55:40 : Group: Arne: OK :)
21:57:46 : Side: alexxx: Sir accept
21:58:07 : Side: Sir LongSleeves: try now
22:00:37 : Side: Turmoil: LWB?
22:00:46 : Side: LWB [SD]: sup?
22:00:57 : Side: Turmoil: how do you remove a placed tank trap?
22:01:21 : Side: LWB [SD]: thats a very good question
22:01:50 : Side: Turmoil: think prismic might need your help then xD
22:01:54 : Side: LWB [SD]: either you cant, or with a crowbar and toolbox
22:02:16 : Side: PRISMIC: lyb im verry stuck
22:03:10 : Side: LWB [SD]: yeah you need a crowbar and toolbox
22:03:45 : Direct: LWB [SD]: np
22:07:04 : Side: PRISMIC: LYB HOW CAN I FULE THINGS  USING A FULE TRUCJ#
22:07:14 : Side: PRISMIC: sorry for caps
22:07:49 : Group: alexxx: blood bags ?
22:07:50 : Side: LWB [SD]: need a generator I think
22:15:58 : Side: Faldehals: whats this now sd anti-dupe shit
22:16:14 : Side: Faldehals: omg
22:24:00 : Group: Arne: HELLO
22:24:13 : Group: Arne: WHERE YOU GOING?
22:24:29 : Group: Faldehals: stary
22:24:36 : Group: Arne: OK :)
22:25:38 : Group: Arne: IT SAYS I AM A BANDIT
22:25:45 : Group: Arne: i have just done mission :(
22:46:23 : Side: PRISMIC: admin ?
22:55:05 : Vehicle: Hailstorm: IM GHELI
22:55:16 : Vehicle: Sean Heinz: danke
23:03:04 : Vehicle: Hailstorm: HELLO
23:18:42 : Group: Faldehals: you know now what a miningrock is ?
23:18:49 : Group: Arne: no
23:19:17 : Group: Faldehals: i serch and tell you if i finde one
23:27:11 : Group: Arne: hello
23:27:38 : Group: Arne: going after some weapons at the mission i was at
23:32:48 : Group: Faldehals: thats only a lagi shit here
23:33:00 : Group: Arne: yes
23:36:03 : Group: Faldehals: jeah i kill a muh
23:36:09 : Group: Arne: nooOO!
23:36:17 : Group: Faldehals: to late
23:36:25 : Group: Arne: you bandit :D
23:36:37 : Group: Faldehals: oh jeahh a bad one
23:36:39 : Group: Faldehals: lolw
23:36:47 : Group: Arne: hahah
23:37:45 : Group: Faldehals: and , you start building a base ?
23:37:51 : Group: Arne: nej ikke endnuw
23:37:55 : Group: Arne: not yet sorryq
23:43:43 : Group: Faldehals: ja thats not easy play like a hero
23:43:48 : Group: Arne: :(
23:45:17 : Side: Turmoil: whos doing the hero mission?
23:45:27 : Side: Arne: what mission
23:45:47 : Side: Turmoil: the hero base mission
23:45:56 : Side: Arne: that is me
23:46:05 : Side: Turmoil: roger that, ill stay clear then :)
23:46:11 : Side: Arne: thank you sir
23:46:30 : Side: Turmoil: np ^^ got no interest in it, i play as hero so i dont wanna loose my humanity
23:46:40 : Side: Arne: i just need stuff
23:46:43 : Side: Arne: im new
23:47:10 : Group: Faldehals: what stuff you need you can ask me for ...
23:47:17 : Side: Turmoil: not that new i see, ghillied up with an M110 shooting quite alot of ammo :)
23:47:19 : Side: Arne: just b and stuff
23:47:36 : Side: Arne: hehe this is my 3. day
23:47:53 : Side: Turmoil: i know, havent seen you that much on the server until the past days so
23:48:44 : Side: Turmoil: still Ai there so be carefull
23:48:46 : Group: Faldehals: i have 2 beton garagedoors and few half walls if you like
23:48:55 : Direct: Hailstorm: blablabla
23:49:12 : Side: Turmoil: they are close to the barn on the other side i think, not 100% sure
23:49:14 : Group: Arne: it always helps ofc
23:52:43 : Side: Turmoil: Arne
23:53:09 : Side: Turmoil: there is one in the water, almost at the shore down from the barn
23:53:43 : Side: Turmoil: swimming over towards you
23:53:59 : Side: Arne: insane
23:54:05 : Side: Arne: dont see him
23:54:12 : Side: Turmoil: i can take him out for you
23:54:23 : Side: Hailstorm: turmoil? are you hero?
23:54:27 : Side: Turmoil: yeah
23:54:33 : Side: Arne: that must be a player. zeds
23:54:51 : Side: Hailstorm: ok, if the hero has other thins than the bandit?
23:54:57 : Side: Turmoil: there is a guy with camo swimming in the water with a sniper rilfe in that case
23:54:58 : Side: Hailstorm: skins
23:55:10 : Side: Turmoil: hero spawns with different weapons yeah
23:55:14 : Side: Turmoil: and clothes
23:55:32 : Side: Hailstorm: ok, thx
23:55:38 : Side: Turmoil: depending on lvl
23:55:43 : Side: Glasgow: hero lvl 1 is 5000+ or?
23:55:55 : Side: Hailstorm: yep
23:55:56 : Side: Arne: well kill the guy :)
23:56:12 : Side: Turmoil: hero level 1 is 5000, hero level 2 is 10 000, hero level 3 is 15 and 4 is 25 000
23:56:17 : Side: Hailstorm: but i am BANDIT with -25000 :.(
23:56:36 : Side: Turmoil: there you go arne he is down
23:56:41 : Side: Arne: you on that m107
23:56:45 : Side: Turmoil: yeah
23:56:49 : Side: Hailstorm: i dont wanna be a bandit, but vertime there are some survivor who are illing my friends
23:56:56 : Side: Arne: you at that base by the water?
23:57:09 : Side: Turmoil: im close at least yeah
23:57:16 : Side: Turmoil: its my base 
23:57:21 : Side: Arne: ok :=)
23:57:25 : Side: Arne: want loot?
23:57:39 : Side: Turmoil: all Ai dead?
23:57:43 : Side: Arne: thing so
23:57:47 : Side: Arne: think
23:57:53 : Side: Faldehals: aha thats you build the base near my barn ?
23:57:53 : Side: Arne: we will find out
23:58:18 : Side: Arne: probably some players moving up because of our conversation :D
23:59:46 : Side: Turmoil: i left all my stuff at base so no point in killing me at least... wont gain anything except - humanity :)
