01:53:26 : Side: Daniel: yo anyone there ?
01:53:55 : Side: VLADIMIR>***: wher?
03:48:02 : Side: ThirdEyeSphinx: Vlad is the m32 in the game?
03:49:25 : Side: VLADIMIR>***: m 32 ?
03:49:34 : Side: ThirdEyeSphinx: m32 grenade launcher
03:51:49 : Side: VLADIMIR>***: aaa yes yes .also that  i am looking for")
11:36:39 : Side: Tamago: hello cris
11:36:49 : Side: cristoffer: suh dude
11:36:58 : Side: Tamago: nm
11:37:07 : Side: cristoffer: ?
11:37:17 : Side: Tamago: not much (nm)
11:37:23 : Side: cristoffer: AHHH ok
11:37:25 : Side: cristoffer: XD
11:37:26 : Side: Tamago: ^^
12:31:04 : Side: Greg: Bolo
12:31:09 : Side: Greg: ile ma plot poli?
12:31:38 : Side: VLADIMIR>***: zbudowanych?
12:31:47 : Side: Greg: tak, w berezynie
12:32:04 : Side: VLADIMIR>***: trzy
12:32:12 : Side: Greg: no widzisz Tamago ;p
12:32:23 : Side: Tamago: jak blisko siebie je masz?
12:32:26 : Side: VLADIMIR>***: ale jeden mi zniknal
12:32:43 : Side: VLADIMIR>***: musisz co 100 m
12:32:47 : Side: Tamago: k
12:33:10 : Side: VLADIMIR>***: czemu pytacie działkowicze?
12:33:11 : Side: Greg: a czyli jednak miałeś rację
12:33:24 : Side: Greg: trzy rpg i drzwi stoją
12:33:29 : Side: Tamago: bo myslalem ze masz jakis dziki sposób na układanie plot poli
12:33:36 : Side: Tamago: drewno?
12:33:40 : Side: Greg: tak
12:33:48 : Side: VLADIMIR>***: hehehehe mam:)
12:34:27 : Side: Tamago: a na czym on polega?
12:34:31 : Side: VLADIMIR>***: wyjmuje, wbijam dalej budujue i wracam ponownie do punktu 
12:34:39 : Side: Tamago: aaa
12:34:51 : Side: Tamago: a jak płacisz za budowle?
12:34:54 : Side: Greg: a nie zniknie potem?
12:34:56 : Side: Tamago: tez przekładasz?w
12:35:10 : Side: VLADIMIR>***: ale wczoraj mialem akcje i mi zniknął:)
12:35:46 : Side: Tamago: plot pol czy całośc zabudowania w tamtym rejonie?
12:36:03 : Side: VLADIMIR>***: /nie , jedynie plot pol
12:36:13 : Side: Tamago: kk
12:36:37 : Side: VLADIMIR>***: w berezinie na kominie
12:36:44 : Side: Tamago: aha
12:36:45 : Side: Greg: heheh
12:37:28 : Side: VLADIMIR>***: Firma i potentat budowlany na czerno "Vladimir Development"
12:37:33 : Side: Tamago: xD
12:37:33 : Side: Greg: :D
12:37:50 : Side: Greg: Wałek widziałem że zaczął w vyborze
12:38:11 : Side: VLADIMIR>***: sa przymiarki do fuzji "Walasznikow and Vladimir
12:38:25 : Side: VLADIMIR>***: tak, bylem wczoraj-ladnie mu wychodzi
12:38:45 : Side: Greg: Wałek niedługo się znudzi budowaniem a wtedy żadna baza nie będzie bezpieczna ;p
12:38:54 : Side: VLADIMIR>***: ja juz swoja skonczylem na kominie i tu takie kwiatki z Plotem
12:38:57 : Side: Tamago: omg xD
12:38:59 : Side: VLADIMIR>***: hahahahahah:))))))
12:39:31 : Side: VLADIMIR>***: a wy co broicie na czerno , bo wyczuwam spisek
12:39:42 : Side: Tamago: uwazaj bo glowny admin nie lubi pinisow na kominach xD
12:39:42 : Side: Greg: my to misje robimy codziennie
12:40:09 : Side: VLADIMIR>***: hahhahaha ja tam mam napis:)
12:40:17 : Side: Tamago: widzialem VALDI
12:40:24 : Side: Greg: rotfl
12:40:28 : Side: VLADIMIR>***: juz Wladimir
12:40:32 : Side: Tamago: haha
12:40:54 : Side: VLADIMIR>***: chcialem napisać CHWDP:(
12:40:59 : Side: Tamago: eee
12:41:03 : Side: Greg: lol
12:41:12 : Side: Greg: on jest z policji Tamago :p
12:41:31 : Side: Tamago: moj tesc tez
12:41:41 : Side: VLADIMIR>***: hehehehe, bo mnie wkurwila ostatnio ta instytucja
12:41:45 : Side: Tamago: xD
12:41:47 : Side: Greg: hahah
12:41:50 : Side: Tamago: mandat ci dali? xD
12:41:53 : Side: VLADIMIR>***: ale spoko firmowo, to firmowo
12:42:09 : Side: VLADIMIR>***: nie takie buractwo nami kieruje
12:42:26 : Side: VLADIMIR>***: admini tu ok?
12:42:39 : Side: Tamago: sa w miarte spoko
12:42:45 : Side: Greg: nie tacy jak na irrenhaus ;p
12:43:04 : Side: VLADIMIR>***: musze im napisac , że mi plota wcielo
12:43:22 : Side: Tamago: kup se nowy
12:44:02 : Side: VLADIMIR>***: kupilem::) juz robilem akcje na 2 w tej samej bazie:) ale chyba przedobrzylem:)
12:44:10 : Side: Tamago: wut. jak?
12:44:18 : Side: Greg: co ta podłoga taka krzywa?
12:44:28 : Side: Tamago: sphinx ja kladl
12:44:34 : Side: Greg: lol
12:44:38 : Side: Tamago: serio xD
12:44:53 : Side: Tamago: chcial zmiescic swojego kurczaka na dachu to powiakszyl
12:45:02 : Side: Greg: hahahah jebany
12:45:17 : Side: Tamago: zaraz powiaksze dach
12:45:22 : Side: VLADIMIR>***: przenosilem sobie 1 i bylo ok, nagle mi znikl do postawilem 2 , bylo ok i nagle zonk:)
12:45:32 : Side: Tamago: lol
12:45:41 : Side: VLADIMIR>***: nie moge wsadzic zadnego:)
12:46:09 : Side: VLADIMIR>***: ale spokojnie Vladimir Bulding rozwiąże problem
12:46:28 : Side: VLADIMIR>***: gdzie Wy Jestescie kurczaczki?
12:46:33 : Side: Tamago: zelenogorsk
12:46:35 : Side: Greg: w zielono
12:46:38 : Side: Tamago: chodz zobacz sobie
12:47:03 : Side: VLADIMIR>***: zbuduje do was autostradę z Metal Florow
12:47:10 : Side: Tamago: lol
12:47:50 : Side: Greg: most zbuduj
12:47:59 : Side: Greg: przez całe czerno
12:48:14 : Side: VLADIMIR>***: hahhahahaa
12:48:49 : Side: Greg: wszedłem przez drzwi
12:48:59 : Side: Tamago: co?
12:49:10 : Side: Greg: przeniknąłem przez drzwi'
12:49:16 : Side: Tamago: lol
12:49:18 : Side: Tamago: legitnie
16:46:09 : Side: Anton: что надо сув????
16:46:11 : Side: VIP GOLDEM: чувэээ
16:46:49 : Side: Anton: все дтп
17:55:15 : Side: ThirdEyeSphinx: wHAT killed me?
17:55:29 : Side: Jakob: a zombie?
17:55:40 : Side: ThirdEyeSphinx: No. Did an AI kill me?
17:55:50 : Side: cristoffer: nope
17:55:57 : Side: 2DIE4:  me  just came there3
17:56:03 : Side: ThirdEyeSphinx: WTF
18:00:02 : Side: 2DIE4: lol my debug monitor wont pop up
18:00:17 : Side: Jakob: min neither
18:03:54 : Side: ThirdEyeSphinx: Cristoffer
18:04:03 : Side: ThirdEyeSphinx: You have deathwish out fer ya.
18:12:09 : Side: ThirdEyeSphinx: Lol you really killed me?
18:12:17 : Side: 2DIE4:  did  ...
18:12:22 : Side: ThirdEyeSphinx: I'm not mad haha.
18:12:27 : Side: 2DIE4:  is that your base down there?
18:12:32 : Side: ThirdEyeSphinx: That was like the ultimate cock block.
18:12:43 : Side: 2DIE4: well u dont have  a tag over ya head .ö...
18:12:47 : Side: ThirdEyeSphinx: Its some hero's base.
18:12:59 : Side: ThirdEyeSphinx: Haha.
18:13:04 : Side: 2DIE4: u came from there ....
18:14:06 : Side: ThirdEyeSphinx: Yeah it could be my base.
18:14:19 : Side: ThirdEyeSphinx: Its shared with four others
18:14:31 : Side: 2DIE4: oh ok ... 
18:15:05 : Side: ThirdEyeSphinx: lol, are you going to raid it?
18:15:39 : Side: 2DIE4: i only raid when i  know whos bvase it is... if i cant stand them and they r online
18:16:03 : Side: 2DIE4:  there is no challange in raiding bases when no one is on to defend it and get salty XD
18:16:14 : Side: ThirdEyeSphinx: I like you lol.
18:16:23 : Side: ThirdEyeSphinx: You're a bandit with ethics :D
18:16:30 : Side: 2DIE4: XD
18:17:01 : Side: ThirdEyeSphinx: Yeah, we're just trying to fortify this because cristoffer keeps trying to get into it lol.
18:17:26 : Side: 2DIE4:  lemme swing by  and maybe show u sme weak spots
18:17:36 : Side: ThirdEyeSphinx: Oh shit.
18:17:46 : Side: ThirdEyeSphinx: Can I get a rain check on that lol?
18:17:52 : Side: 2DIE4:  not coming 4  a battle 
18:18:10 : Side: 2DIE4: ill come in my mozzi 
18:18:29 : Side: ThirdEyeSphinx: Aight.
18:20:19 : Side: 2DIE4:  landet in here  =)
18:20:30 : Side: 2DIE4: u r  german i can hear it
18:20:33 : Side: 2DIE4:  arent u ?`
18:20:43 : Side: 2DIE4:  u kinda sound  german a lil  
18:21:04 : Side: 2DIE4:  lemme find my ptt button real quic k
18:55:13 : Side: ThirdEyeSphinx: SELKET_IS_HOT
18:58:05 : Side: ThirdEyeSphinx: TRY LOWERCASE
19:01:59 : Side: 2DIE4: : JUST US  ONLINE
19:05:40 : Side: 2DIE4:  OMW
19:13:51 : Side: 2DIE4: GOT MY STUFF ALREADY
19:13:56 : Side: 2DIE4:  caps lol
19:36:32 : Side: 2DIE4: off 4  smoke 
19:37:08 : Side: cristoffer: what does that means?
20:15:08 : Side: ThirdEyeSphinx: Hello guys
20:15:14 : Side: Tobimofat: sUP
20:15:25 : Side: Ryan: yoooo
20:15:40 : Side: ThirdEyeSphinx: The MK17 Scar 7.62 rifle is sooooo good lol.
20:16:20 : Side: Tobimofat: The silenced one_
20:16:37 : Side: ThirdEyeSphinx: Yeah lol, takes a bit of learning.
20:16:43 : Side: ThirdEyeSphinx: With the scope
20:17:19 : Side: Tobimofat: The bullet drop is real tho
20:17:31 : Side: ThirdEyeSphinx: Yeah lol.
20:18:52 : Side: Ryan: how far is a DMR good up to as far as range?
20:32:27 : Side: Tamago: good evening
20:33:16 : Side: 2DIE4: hi
20:33:27 : Side: Tamago: sup man :D
20:33:35 : Side: Tamago: damn 5 minutes and chissy has died
20:34:03 : Side: Tamago: i heard you still blow up our cars
20:34:08 : Side: Tamago: ahh he left
20:34:20 : Side: Tamago: piece of ****
20:34:41 : Side: 2DIE4: third tell him im the coolest dude here XD
20:34:56 : Side: Tamago: ofc you are
20:35:04 : Side: Tamago: see you after restart
20:35:09 : Side: 2DIE4:  yap
20:54:51 : Side: Tamago: damn
20:54:56 : Side: Tamago: wrong person
20:55:02 : Side: cristoffer: haha 
20:55:36 : Side: Tamago: well either way he would have died. walking with makarow to a mission  250 meters close
20:55:37 : Side: cristoffer: shoot them and then i take itXD
20:55:43 : Side: Tamago: nah
20:55:43 : Side: cristoffer: yeah
20:55:50 : Side: cristoffer: XD
20:56:15 : Side: Jakob: it was a suacide missoin
20:56:20 : Side: Jakob: haha
20:56:20 : Side: Tamago: yeah sorry
20:56:29 : Side: Tamago: i didnt see name tag and i took a shot
20:56:31 : Side: Jakob: i tried to stel it
21:00:43 : Side: Tamago: LOL
21:00:52 : Side: Tamago: 162 meters
21:01:25 : Side: cristoffer: tried my best LOL
21:01:34 : Side: Tamago: without a gun?
21:01:39 : Side: cristoffer: no 
21:01:40 : Side: Tamago: or you just came that close
21:01:58 : Side: Tamago: get even cz550 
21:02:04 : Side: Tamago: and snipe at lest 400 meters
21:02:09 : Side: Tamago: perfect is 800+
21:02:25 : Side: Tamago: im nto a bad guy you jsut stepped on my toe
21:13:52 : Side: Jakob: hahahahahaha
21:14:04 : Side: Tamago: oh it was you?
21:14:06 : Side: Tamago: its ok than
21:14:08 : Side: Jakob: ye
21:14:14 : Side: Tamago: land it and sell it
21:14:20 : Side: ThirdEyeSphinx: sHOULDA TOLD US IT WAS YOU LOL
21:14:28 : Side: Jakob: oh
21:14:29 : Side: ThirdEyeSphinx: wE WOULDN'T HAVE SHOT
21:14:29 : Side: Jakob: haha
21:14:32 : Side: Tamago: them SMOKE TRAIL THO
21:14:55 : Side: Jakob: haha
21:17:35 : Side: Morrison: almost
21:18:49 : Side: cristoffer: who is this littlebird on a open field?
21:19:00 : Side: Tamago: idk
21:19:17 : Side: cristoffer: there is a truck too!
21:19:46 : Side: 2DIE4: they both locked and u r by green mountain  =)
21:23:17 : Side: Tobimofat: fucks
21:23:22 : Side: Tamago: ?
21:23:35 : Side: ThirdEyeSphinx: You killed me xD
21:23:39 : Side: Tobimofat: Thougt it was a AI
21:23:43 : Side: Tamago: LOL
21:23:50 : Side: Tobimofat: Your loot is still there
21:24:04 : Side: ThirdEyeSphinx: Alright lol.
21:30:50 : Side: Tamago: yo 2die4 wanna come to a group chat for a sec?
21:31:03 : Side: 2DIE4: inv
21:41:08 : Side: 2DIE4: who ever that is over there that is with morrison.. 
21:41:15 : Side: 2DIE4:  do u want to live?
21:41:20 : Side: Tamago: LOL
21:41:24 : Side: Morrison: lol
21:41:28 : Side: Tamago: ITS TIME TOO CHOOSE
21:41:48 : Side: 2DIE4: i suggest u unfold ya bike and take off
21:41:49 : Side: Ryan: LMAO yes
21:41:54 : Side: Morrison: i wouldve chose to live
21:42:03 : Side: Tamago: smart xD
21:42:08 : Side: Ryan: lol yeah he didnt get a choice haha
21:42:23 : Side: Tamago: haha good sport my lads :D
21:42:39 : Side: Ryan: we were just watching the show anyways IM OUT ! haha
21:42:53 : Side: 2DIE4: =) good choice 
21:43:26 : Side: 2DIE4: still not on ya bike mate
21:43:55 : Side: 2DIE4: running is cool too XD
21:43:58 : Side: Ryan: yeah dont have that anymore lol
21:44:03 : Side: Greg: lol
21:44:16 : Side: Tamago: you shot his bike out?
21:44:31 : Side: 2DIE4: no i was so kind NOT to shoot yet
21:44:36 : Side: Tamago: lol
21:44:48 : Side: Ryan: lol yeah dont do that 
21:44:51 : Side: Morrison: trucks near 230 2die
21:46:28 : Side: Ryan: aight you good im gone have at it haha
21:51:41 : Side: Tamago: good to know that everybody online is a good lad :D
21:52:05 : Side: Morrison: i want a choice next time 
21:52:14 : Side: Ryan: lol we just wanted to watch the show good times hahah
21:52:42 : Side: 2DIE4: well i couldnt figure who was who if i could id shoot ya mate next time and leave u thechoice  XD
21:52:53 : Side: Ryan: haha
21:52:58 : Side: Tamago: lol
21:53:03 : Side: Morrison: lol
21:53:05 : Side: Greg: rotfl
21:53:19 : Side: Tamago: na zewnatrz badz
21:55:13 : Side: 2DIE4: still loot there
21:55:32 : Side: 2DIE4:  ILL SHOOT YA AT THE NEXTR MISSION xd
21:55:40 : Side: 2DIE4:  caps
22:03:12 : Side: Tamago: sphinx is on the truck xD
22:21:06 : Side: adamm_000: morrison come pick me up
