02:30:44 : Direct: Janzen: hello there
10:53:57 : Direct: Sierra [SD]: shhh :P
10:54:05 : Direct: Turmoil: xD
10:54:16 : Direct: Sierra [SD]: only because of restart ;)
10:54:31 : Direct: Turmoil: i like mountain bikes now xD
10:54:38 : Direct: Sierra [SD]: xD
18:51:26 : Direct: LWB [SD]: Ok ready
18:53:50 : Direct: Joshuaa: yo
18:54:45 : Direct: Joshuaa: nope
19:53:34 : Direct: LWB [SD]: sup
19:53:35 : Direct: M.K.: ok so
19:53:45 : Direct: M.K.: where shoudl i start
19:53:46 : Direct: M.K.: hmm
19:53:53 : Direct: M.K.: i wanted to place these walls
19:53:59 : Direct: M.K.: 3-4 times lower
19:54:13 : Direct: M.K.: and when i placed them , the server reseted to default height 
19:54:16 : Direct: M.K.: and i didnt noticed
19:54:17 : Direct: alexxx: hi lwb
19:54:18 : Direct: M.K.: until now...
19:54:42 : Direct: LWB [SD]: hmm. not heard of that before
19:54:45 : Direct: M.K.: so if u can removed them all and givem back or try to place yuorself
19:54:59 : Direct: M.K.: this line
19:55:06 : Direct: LWB [SD]: I can only delete, I cant get them back
19:55:38 : Direct: M.K.: cmon one time only i promise, i dont have anymore..
19:55:48 : Direct: LWB [SD]: I cant spawn them
19:55:48 : Direct: M.K.: i know u can i was a admin once:P
19:55:54 : Direct: M.K.: hmm why?
19:56:02 : Direct: LWB [SD]: the infistar doesnt let you, its a pile of crap
19:56:07 : Direct: LWB [SD]: hardly anything works
19:56:09 : Direct: M.K.: oh...fk
19:56:21 : Direct: M.K.: well okok thanks man anyways, i will see what i can do
19:56:25 : Direct: M.K.: no problems
19:56:37 : Direct: LWB [SD]: if you destroy them, you get some cinder back
19:56:42 : Direct: M.K.: thing is
19:56:45 : Direct: M.K.: u dont
19:56:47 : Direct: M.K.: anything
19:56:54 : Direct: M.K.: nothing back
19:56:58 : Direct: M.K.: and that sucks
19:56:59 : Direct: M.K.: :(
19:57:00 : Direct: LWB [SD]: you should do
19:57:07 : Direct: M.K.: look
19:57:21 : Direct: LWB [SD]: destroy not remove
19:57:26 : Direct: M.K.: ohhhh
19:57:31 : Direct: M.K.: how to destroy?
19:57:54 : Direct: alexxx: u scarred me
19:58:02 : Direct: M.K.: XD
19:58:12 : Direct: LWB [SD]: lols 92 percent still
19:58:15 : Direct: M.K.: lol
19:58:21 : Direct: M.K.: ookok stop this is pointless
19:58:25 : Direct: M.K.: and taking too long
19:58:30 : Direct: LWB [SD]: yep
19:59:20 : Direct: M.K.: btw if im asking you something in the chat , or i have a problem
19:59:28 : Direct: M.K.: dont take it the wrong way
19:59:35 : Direct: LWB [SD]: I wont :)
19:59:36 : Direct: M.K.: im not trying to critisice
19:59:45 : Direct: M.K.: :P
19:59:49 : Direct: LWB [SD]: :)
19:59:55 : Direct: M.K.: im just curious how things work etc
19:59:56 : Direct: M.K.: :P
20:00:05 : Direct: LWB [SD]: often they dont :P
20:00:15 : Direct: M.K.: i had the feeling that u were mad about something that i did /ask
20:00:22 : Direct: M.K.: well thats all thanks again :P
20:00:27 : Direct: LWB [SD]: dont think so :)
20:00:31 : Direct: LWB [SD]: ok see ya later
20:00:34 : Direct: M.K.: lates
22:16:46 : Direct: -SDS-Ban: hello
