00:04:29 : Side: 2DIE4: hey freedom ... i left all your stuff and the bodies from the mission 
00:04:42 : Side: 2DIE4:  totally forgot to tell u 
00:06:44 : Side: Hugin: Does this server ever go to nightt?
00:07:06 : Side: matsa: no because of people who are scared of night time
00:07:07 : Side: 2DIE4: if u vote it
00:07:36 : Side: Hugin: d
00:07:44 : Side: Hugin: Thats a bit gay
00:22:09 : Side: 2DIE4:  hey hugin....
00:22:18 : Side: 2DIE4:  where is ya mate mugin?
00:22:31 : Side: Hugin: Munin
00:22:42 : Side: 2DIE4:  sry  .. fat fingers  
00:23:06 : Side: Hugin: Its my new handle, used to be accurist... but im a pretty shit shot XD
00:23:15 : Side: 2DIE4: whats the reson u  r using viking saga names  ? =)
00:23:27 : Side: 2DIE4:  ahhhh  =) 
00:23:30 : Side: Hugin: I dont know, just like the name
00:23:49 : Side: 2DIE4:  also have mates namd geri and freki? XDD
00:24:20 : Side: Hugin: Nice, that was odins wolves right?
00:24:26 : Side: 2DIE4:  yap =) 
00:24:56 : Side: Hugin: I like norse mythology. theyve got some pretty cool stories
00:25:12 : Side: 2DIE4:  they certainly do =)
00:25:57 : Side: Oskar: night allowed on this server ?
00:26:14 : Side: 2DIE4:  gotta vote night
00:58:20 : Side: 2DIE4:  so wanna shoot or we stay cool ?
00:58:33 : Side: Oskar: ?
00:58:53 : Side: 2DIE4:  wll we r 2 ppl on the server .. do u want to shoot each other when we meet?
00:59:02 : Side: Oskar: You /nope
00:59:19 : Side: 2DIE4:  well then lets  farm some stuff   =)
00:59:22 : Side: Oskar: i want became hero )
00:59:29 : Side: Oskar: yup ))
00:59:43 : Side: 2DIE4:  u goin to the mission?
01:00:18 : Side: Oskar: if you want go
01:04:40 : Side: Oskar: what mission you will clearing ?
01:12:53 : Side: Oskar: it`s me )
01:13:08 : Side: Oskar: DIE you on hummwe ?
01:13:25 : Side: 2DIE4: yap
01:33:23 : Side: Oskar: who killed me ?
01:33:36 : Side: 2DIE4:  AI  
01:33:44 : Side: 2DIE4: z no matsa
01:33:59 : Side: 2DIE4:  where?   mission?
01:34:08 : Side: Oskar: yup
01:34:11 : Side: Oskar: chopper
01:38:26 : Side: Oskar: matsa, youre fucking cant
01:38:36 : Side: matsa: :(
01:39:44 : Side: matsa: sorry
01:40:12 : Side: freedom: you all friendly
01:40:43 : Side: Oskar: yup
01:40:53 : Side: freedom: same
01:46:44 : Side: 2DIE4:  who just cleard my MV 22?
01:46:54 : Side: matsa: me :D
02:14:26 : Side: Oskar: who on heli /
02:14:29 : Side: Oskar: ?
02:14:35 : Side: freedom: me
02:14:37 : Side: 2DIE4: me
02:14:43 : Side: 2DIE4:  XD
02:14:49 : Side: Oskar: near mission
02:14:54 : Side: freedom: me
02:14:58 : Side: Oskar: Electro
02:15:11 : Side: freedom: yeah
02:15:37 : Side: freedom: need help or you got it
02:15:39 : Side: Oskar: freandly ?
02:15:46 : Side: freedom: yes sir
02:16:12 : Side: Oskar: yeah i got it ))
02:16:20 : Side: freedom: roger
02:16:23 : Side: Oskar: need humanity ))
02:16:31 : Side: freedom: yup lol same
02:16:37 : Side: Oskar: ))
02:19:37 : Side: 2DIE4:  cant take my clothes no more
03:37:08 : Side: matsa: middions?
03:37:13 : Side: matsa: missions*
03:37:52 : Side: Oskar: nope, sry
03:38:03 : Side: Oskar: youre hero or Bandit ?
03:38:08 : Side: matsa: sorry about that 
03:38:23 : Side: matsa: unfortunately bandit 
03:38:53 : Side: Oskar: no problem )
03:39:15 : Side: matsa: should have rather helped you
03:39:41 : Side: matsa: instead of being a dumbass
03:44:58 : Side: matsa: have you been here for long?
03:45:02 : Side: Oskar: where mission for heroes ))
03:45:22 : Side: Oskar: it`s my first day here
03:45:59 : Side: matsa: you wanna be hero?
03:46:07 : Side: Oskar: yup
03:46:24 : Side: matsa: the missions that start with [Bandits] is what you want to attack
03:46:36 : Side: matsa: they have bandits in them
03:47:49 : Side: Oskar: Yeah, i know, but there no any missions for me right now
03:47:51 : Side: Oskar: (
03:48:08 : Side: matsa: i think they will spawn in a few minutes
03:48:21 : Side: matsa: its me
03:48:40 : Side: Oskar: ou )
03:48:51 : Side: Oskar: u skared me ))
03:49:09 : Side: Oskar: need some help ?
03:49:38 : Side: Oskar: no, thx ))) 
03:49:39 : Side: matsa: trying to gain humsnity
03:49:52 : Side: Oskar: i have DMR )
03:49:57 : Side: matsa: i have some guns i dont need
03:50:21 : Side: Oskar: you will looting here ? 
03:50:32 : Side: matsa: only have a bike atm :P
03:50:47 : Side: matsa: go loot if you wanan
03:50:50 : Side: matsa: wan to
03:50:56 : Side: Oskar: kk
03:51:53 : Side: matsa: btw do you get the option to takes clothes?
03:52:15 : Side: matsa: ghillie suit here
03:52:28 : Side: Oskar: i found skin`s in bot`s bodies
03:52:32 : Side: matsa: watch out
03:52:34 : Side: matsa: ai
03:54:14 : Side: Oskar: i think you kill them )
03:54:28 : Direct: matsa: xD
03:59:29 : Side: Oskar: u killing zombie for humanity ?)
03:59:41 : Side: matsa: YE XD
04:00:01 : Side: Oskar: let`s go on mission with bandit`s )
04:00:06 : Side: Oskar: with me )
04:00:06 : Side: matsa: aight
04:00:15 : Side: Oskar: Mayor Mansion
04:00:59 : Vehicle: matsa: shit thats far
04:01:24 : Vehicle: Oskar: what is your humanity ?
04:01:43 : Vehicle: matsa: its embarrassing
04:02:03 : Vehicle: matsa: minus 18000
04:02:16 : Vehicle: Oskar: ou
04:02:29 : Vehicle: matsa: i wanna be a hero tho
04:02:36 : Vehicle: Oskar: From where you are ?
04:02:43 : Vehicle: matsa: norway, you?
04:03:21 : Direct: Oskar: give me a few sec )
04:05:16 : Direct: matsa: i have some combination locks if you want
04:06:14 : Direct: Oskar: sty, for this )) I am from Ukraine )
04:07:19 : Direct: matsa: stop for a bit gotta do something
04:08:00 : Direct: matsa: im slowly loosing blood
04:08:24 : Direct: Oskar: use antibiotics )
04:08:33 : Direct: matsa: i did
04:08:39 : Direct: matsa: just keeps going xD
04:09:06 : Direct: Oskar: use it
04:09:20 : Direct: Oskar: must help
04:09:36 : Direct: matsa: ty
04:09:42 : Direct: Oskar: np
04:10:15 : Direct: matsa: i took a blood bag
04:10:20 : Direct: Oskar: ok
04:13:58 : Direct: matsa: i need to go to a hill so i can snipe
04:14:52 : Direct: matsa: on the other side of the mission looks good
04:15:11 : Direct: Oskar: yup
04:18:31 : Direct: Oskar: u have ?)
04:18:49 : Direct: matsa: i saw an aiwith rocket launcher
04:24:02 : Direct: matsa: shots
04:24:08 : Direct: Oskar: +
04:24:25 : Vehicle: matsa: someone shot at us with an ak
04:24:37 : Vehicle: Oskar: ye, i saw
04:24:53 : Vehicle: Oskar: from hill, where we was
04:24:57 : Vehicle: matsa: ye
04:25:11 : Vehicle: Oskar: if you want we can kill him )
04:25:15 : Vehicle: matsa: nah
04:25:17 : Vehicle: matsa: risky
04:25:33 : Vehicle: matsa: xD
04:25:35 : Vehicle: Oskar: ye
04:29:57 : Vehicle: matsa: did you want the code locks?
04:30:35 : Vehicle: Oskar: maybe 1 ))) i will buy it from you ))
04:30:56 : Vehicle: matsa: nah for free :)
04:31:21 : Vehicle: matsa: i put in the car
04:31:23 : Vehicle: Oskar: ou thx ))
04:32:06 : Vehicle: matsa: lock car
04:32:37 : Vehicle: matsa: its allowed to steal in trader zones
04:32:46 : Vehicle: Oskar: yeah )) i know this thievs )
04:32:48 : Vehicle: matsa: so be careful and always lock car
04:32:49 : Vehicle: Oskar: ye ye
04:33:16 : Vehicle: Oskar: if you will need some help, call )) 
04:33:44 : Vehicle: Oskar: i will came )) and bring my few friends ) from another servers ))
04:34:06 : Vehicle: matsa: .9
04:34:16 : Vehicle: matsa: :)
04:34:29 : Vehicle: Oskar: ;)
04:35:12 : Vehicle: matsa: unlock and lock fast
04:37:31 : Vehicle: Oskar: where i can drive you)) cause i will go sleep )
04:37:34 : Vehicle: Oskar: ?
04:38:19 : Vehicle: matsa: i can bike here to home
04:38:38 : Vehicle: Oskar: ok ) 
04:43:37 : Side: Oskar: Good day for all )) bye )
04:43:46 : Side: matsa: bye :)
05:21:57 : Side: freedom: how do you vote for night
05:22:17 : Side: freedom: or vote in general
06:03:53 : Side: matsa: ty man <3
06:42:42 : Side: Faldehals: pff
06:49:39 : Side: freedom: why cant i put a tent down i dont get the option
06:49:52 : Group: Tomahawwk: .
06:50:03 : Side: Tomahawwk: cuz everyone think your not responsible
06:50:43 : Side: freedom: ha i see the tent just can place it
06:50:58 : Side: matsa: press space
06:56:40 : Side: freedom: thanks matsa
06:56:48 : Side: matsa: what?
06:57:06 : Side: freedom: thanks for telling me how to set the tent
06:57:16 : Side: matsa: yw ^^
06:57:51 : Side: matsa: subscribe for more tips and tricks
07:01:46 : Side: Faldehals: huiii
07:02:23 : Direct: Faldehals: hi
07:22:23 : Side: Faldehals: aha
07:22:25 : Side: Faldehals: lol
07:22:33 : Side: matsa: ??
07:23:22 : Side: Faldehals: i try to destroy woodbuilding with chainsaw lol
07:23:36 : Side: matsa: ok?
07:34:38 : Side: matsa: hoe much does 1 metal pole sell for?
07:34:55 : Side: matsa: how*
07:35:09 : Side: Faldehals: what you need to builde ?
07:35:35 : Side: matsa: how much will i get if i sell it?
07:35:45 : Side: Faldehals: 6x 10oz
07:35:57 : Side: matsa: ty
07:49:04 : Side: matsa: what u guyd doing?
07:49:20 : Side: Faldehals: try to repair my merlin
07:49:29 : Side: matsa: xD
07:49:42 : Side: freedom: selling crap 
08:27:36 : Side: freedom: whats your humanity?
08:27:52 : Side: matsa: minus 17k
08:27:59 : Side: matsa: :P
08:27:59 : Side: freedom: wow nice
08:28:10 : Side: matsa: i want to become hero tho
08:28:32 : Side: freedom: thought 5k was a hero
08:28:34 : Side: matsa: you?
08:28:57 : Side: freedom: yes but only at 2845 i just started
08:29:06 : Side: matsa: ahh, nice¨
08:29:22 : Side: matsa: need som help?
08:30:00 : Side: freedom: nah im good i was just playing red dayz before trying to build a little stash house
08:30:11 : Side: matsa: :)
08:30:35 : Side: freedom: thanks though
08:30:54 : Side: matsa: just ask if you need help :)
08:31:04 : Side: freedom: i will do buddy 
08:36:37 : Side: freedom: ill start doing missions soon as i get stash done ill help ya out if you want
08:36:46 : Side: matsa: nah im good
08:36:52 : Side: freedom: right on
08:36:57 : Side: matsa: thanks anyway
08:37:06 : Side: freedom: no prob
08:37:24 : Side: matsa: i r
08:37:43 : Side: matsa: i raided this base and got too much
09:25:22 : Side: freedom: matsa i keep putting a jerry can of fuel in my bird but it never fills up whats up with that
09:25:40 : Side: matsa: jerry can is too small
09:25:50 : Side: matsa: you need fuel barrel
09:25:58 : Side: freedom: ok thanks
09:31:50 : Side: matsa: and when you have filled the fuel barrel you should fly to the nearest gas station and refill
09:32:13 : Side: freedom: ok man yeah having trouble finding one
09:32:27 : Side: matsa: i can come help
09:33:00 : Side: freedom: thats alright if i dont find one here i might take you up on it
09:40:24 : Side: matsa: i can come help now if you need
09:47:38 : Side: freedom: i think i got it
09:49:08 : Side: matsa: action
10:34:59 : Side: matsa: how much fps do you guys have?
11:10:28 : Side: 2DIE4:  hey guys
11:10:48 : Side: 2DIE4:  anybody else experiencing problems with taking clothes of bodies?
11:10:57 : Side: matsa: yep
11:11:31 : Side: PRISMIC: they took that out mate 
11:21:25 : Group: Turmoil: i think someone is shootin at you
11:21:40 : Group: PRISMIC: its me trying to take down heli
11:23:23 : Group: PRISMIC: heli down
11:26:13 : Group: PRISMIC: lolw
11:26:21 : Group: PRISMIC: ripw
11:31:29 : Group: PRISMIC: taking out ai ill let u know  when its over
11:31:39 : Group: Turmoil: okay
11:31:49 : Side: 2DIE4:  hey Turm was that u?
11:32:13 : Side: Turmoil: where and what? :)
11:32:20 : Side: 2DIE4:  in that lb?
11:32:32 : Side: Turmoil: im at base atm
11:32:34 : Side: 2DIE4:  if not someone  just blew ya chopper up
11:32:48 : Side: Turmoil: my old one? in your front yard?
11:33:02 : Side: PRISMIC: mightof been me mate
11:33:03 : Side: 2DIE4: yap
11:33:17 : Side: Turmoil: ah well, i alreadt trew away the key to it so :)
11:33:19 : Side: 2DIE4: u in destruction mode?  XD
11:33:24 : Side: PRISMIC: mine blew up where abouts 2die4
11:33:37 : Side: 2DIE4:  so Pris is cleaning up 4 new vehics to spawn XD
11:33:41 : Side: Turmoil: wasnt me :) im at base at the moment so :)
11:34:04 : Side: 2DIE4:  by altar =)
11:40:02 : Group: PRISMIC: 1 left
11:40:14 : Group: Turmoil: i heard a regulare sniper rifle
11:40:50 : Group: PRISMIC: its the one in that armaoud car
11:44:41 : Group: PRISMIC: clear
11:46:12 : Group: PRISMIC: be carful
11:46:15 : Group: Turmoil: oooh ikea mission xD
11:46:20 : Group: PRISMIC: yey
11:46:26 : Group: Turmoil: i should do that except i get visitors soon :(
11:46:35 : Group: PRISMIC: ow
11:47:02 : Group: Turmoil: still AI here 
11:47:18 : Group: PRISMIC: where
11:47:29 : Group: Turmoil: mission is still marked on map so there are AI alive
11:47:44 : Group: Turmoil: M2!!!!!!!
11:47:45 : Group: PRISMIC: dont look up
11:47:56 : Group: PRISMIC: i got him
11:49:39 : Group: Turmoil: killed 2 AI
11:50:04 : Group: PRISMIC: pick up ?
11:51:34 : Group: PRISMIC: shit
11:52:50 : Group: Turmoil: i spawned in the middle of some zombies
11:52:52 : Group: PRISMIC: u hero lv 4
11:52:58 : Group: Turmoil: yeah
11:53:06 : Group: PRISMIC: ur okay then u have sniper
11:53:16 : Group: PRISMIC: im bandit lv 2
11:53:29 : Group: PRISMIC: FS
11:53:52 : Group: PRISMIC: how far out ?
11:53:58 : Group: Turmoil: behind u
11:54:02 : Group: PRISMIC: heli !!
11:54:27 : Group: PRISMIC: catch up XD
11:55:37 : Group: PRISMIC: OMG !!!
11:55:53 : Group: Turmoil: ?
11:56:08 : Group: PRISMIC: HELI WITH MINI GUN
11:56:24 : Group: Turmoil: m134?
11:56:30 : Group: PRISMIC: YUP
11:56:39 : Group: Turmoil: ai or standing there?d
11:56:54 : Group: PRISMIC: ITS NOT AI THERE SHOOTNGAI
11:58:05 : Group: PRISMIC: GG
11:58:22 : Group: PRISMIC: u got m107 ??
11:58:28 : Group: Turmoil: not on me
11:58:53 : Group: Turmoil: sounds like the heli went away
11:59:29 : Group: Turmoil: was it a small heli?
11:59:53 : Group: PRISMIC: wanna mo in ?
11:59:58 : Group: PRISMIC: move
12:00:07 : Side: Turmoil: 2DIE4... is it you flying around shooting? ^^
12:00:19 : Side: 2DIE4: nope
12:00:28 : Group: PRISMIC: he blew up all my stuf
12:01:20 : Group: PRISMIC: do u see any ai
12:01:42 : Group: Turmoil: not at the moment
12:01:47 : Group: Turmoil: but they are here since i got killed
12:02:58 : Group: PRISMIC: wyf !!!
12:03:11 : Group: Turmoil: did you just RUN OVER A MINE WITH A BIKE?!?!
12:03:18 : Group: PRISMIC: no ?
12:03:31 : Group: Turmoil: i heard a bike and BOOOOOM
12:03:45 : Group: PRISMIC: maybe XD didnt die tho ? aha
12:04:04 : Group: Turmoil: i died and now i lost all my stuff.. black things on ground is mines
12:04:31 : Group: Turmoil: do not run over them with anything... :P
12:05:44 : Group: PRISMIC: shot 2 more ai now  there is purpul somke
12:07:18 : Group: PRISMIC: going to go and get choppa u need pick up ?
12:07:27 : Group: Turmoil: nah im fine
12:07:41 : Group: PRISMIC: gunnu fly in
12:09:57 : Group: PRISMIC: omw
12:11:24 : Group: PRISMIC: any more ?
12:11:24 : Group: Turmoil: not much good stuff
12:12:32 : Group: PRISMIC: can u check my body i think it had a key on it 
12:13:17 : Group: Turmoil: ,
12:14:01 : Group: PRISMIC: it was ai
12:14:26 : Group: Turmoil: you flying?
12:14:47 : Group: PRISMIC: nope
12:15:45 : Group: PRISMIC: when do blown up cars de spawn ?
12:16:04 : Group: Turmoil: restart of server
12:16:43 : Group: PRISMIC: gunnu go  ofline now cya
12:16:57 : Group: PRISMIC: and get ur mic fixed XD 
12:17:06 : Group: Turmoil: ill try
12:28:44 : Side: Turmoil: how many rounds of .50 does it take to take down an humwee? anyone know?
12:29:05 : Side: 2DIE4:  depends on where u hit it
12:29:20 : Side: Turmoil: if the humwee gets any closer to me i will find out i guess xD lol
12:29:46 : Side: Turmoil: whos driving the humwee btw? :) 
12:30:00 : Side: Turmoil: im hero so im pretty much harmless
12:30:57 : Side: Turmoil: hey humwee dude, at least have the balls to identify yourself if your gonna drive around shooting like that :P lol
12:32:15 : Side: 2DIE4: i guess he was too close to the mission XD
12:32:35 : Side: 2DIE4:  up by grishino  ... i heard the explosion XD
12:32:59 : Side: Turmoil: there are no missions up here at least... just a dude in an humwee 
12:33:20 : Side: 2DIE4:  there is a diasbled pickup  bandit mission
12:34:07 : Side: Turmoil: im gonna go have some quality time with the porcelain bowl, cya in a bit ^^ if you want an easy target 2DIE4 fly over here and take the humwee
12:34:13 : Side: Turmoil: unless its you driving it
12:34:25 : Side: 2DIE4: aint me  
12:34:40 : Side: Turmoil: should be some good target practice then :)
12:53:21 : Side: Lancer_AUT: 2die you now where you kill me by the 3 saves much equip that i let there
12:53:47 : Side: 2DIE4: yp weiß noch
12:54:01 : Side: Lancer_AUT: sind ne menge waffen noch dort konnte net alles einladen
12:54:07 : Side: Lancer_AUT: tressore hab ich mit
12:54:16 : Side: 2DIE4: hol sie dir nach restrt =9
12:54:30 : Side: 2DIE4:  ach so   
12:54:37 : Side: 2DIE4:   na  zu spät  =)
12:54:38 : Side: Lancer_AUT: hab sie auf nen haufen geschmissen hab gar net mitbekommen das schon server start ist 
12:54:55 : Side: 2DIE4: pitch nen safe und lad sie da rein 
12:54:58 : Side: Lancer_AUT: aber so 25 edelsteine waren drin 
12:55:03 : Side: 2DIE4:  hol lspäter ab dann
12:56:03 : Side: Lancer_AUT: war nur mehr standart drinnen also nix besonderes
12:56:10 : Side: 2DIE4: na dann 
12:56:28 : Side: Lancer_AUT: weis net find nie ne as 50 oder so 
12:56:59 : Side: 2DIE4:  is net auf dem loot table
12:57:20 : Side: Lancer_AUT: ja klar aber das die spieler keine in den saves haben is schon komisch
13:35:28 : Group: PRISMIC: alright mate
13:35:36 : Group: II TheElite II: Hey man!
13:35:48 : Group: PRISMIC: u have team speak ?
13:35:54 : Group: II TheElite II: Did you day something before?
13:35:59 : Group: II TheElite II: No i dont
13:36:06 : Group: PRISMIC: u have a mic ?
13:36:11 : Group: II TheElite II: Yea :)
13:36:17 : Group: PRISMIC: get team speak
13:36:24 : Group: PRISMIC: then we can chat in game
13:37:14 : Group: II TheElite II: Ill get it but today I just want to shoot stuff and do a bit of looting alone. Im a bit hangover XD
13:37:24 : Group: II TheElite II: hungover*
13:37:34 : Group: PRISMIC: o
13:37:38 : Group: PRISMIC: okay mate
13:37:45 : Group: II TheElite II: Nothing personal :P
13:39:00 : Group: II TheElite II: But I will get teampseak so we can do missions in the future ;)
13:41:11 : Group: PRISMIC: yup
14:13:15 : Side: PRISMIC: how do you get rid of sand bags that you have placed ?
14:13:46 : Side: PRISMIC: ??
14:14:06 : Side: II TheElite II: Not sure... Entreching tool?
14:14:31 : Side: Hailstorm: sometimes you have to search the option a while
14:14:43 : Side: Hailstorm: need toolbox etool and crowbar
14:22:29 : Group: Cristi: Ni pestele cum sare.
14:22:47 : Group: Mario: sare sare
14:22:52 : Group: Mario: hai pe skype
14:22:59 : Group: Cristi: Nu stua mult
14:22:59 : Group: Hailstorm: hey guys
14:23:02 : Group: Cristi: hey heil
14:23:04 : Group: Mario: hello
14:23:10 : Group: Cristi: hai
14:23:12 : Group: Cristi: hail*
14:23:31 : Group: Sean Heinz: hi
14:25:13 : Group: Cristi: Hail, do you have any clue why I keep getting "canceled fishing"? 
14:25:55 : Group: Hailstorm: you have to set the fishing pole as primary, outside of the boat
14:28:46 : Group: Cristi: And you just need to be in the boat for the bonus or far at sea?
14:29:09 : Group: Hailstorm: 20 meters out of the sea
14:29:17 : Group: Hailstorm: should be enough
14:29:31 : Group: Cristi: k
14:31:42 : Group: Cristi: Gata, eu am iesit, merg la scandal, la protest :P. 
14:31:55 : Group: Cristi: Just logged in to check something guys, have fun! Bye :).
14:32:05 : Group: Hailstorm: bye
14:32:39 : Side: Paul: hello guys, I can't maintain my base, so I give out construction materials
14:32:44 : Side: Paul: anyon interrested ?
14:33:01 : Side: Hailstorm: no thx
14:35:50 : Side: Paul: anyone ?
14:39:42 : Side: -SDS- Gowther: Can i kill myself?
14:40:36 : Side: Laurence Gommersil: if u say hello to A ZOMBIE YOU CAN YES
14:46:01 : Group: Hailstorm: mimimi, help
14:46:21 : Group: Hailstorm: drive directly into a mission
14:49:50 : Side: Paul: why are there no zombies in cherno ?
14:49:58 : Side: Paul: nothing spawns, zombies & loot
14:50:23 : Side: -SDS-Ban: must wait a second
14:50:56 : Side: Paul: I did before writing
14:54:15 : Side: Paul: It's still empty
14:54:42 : Side: -SDS-Ban: ok than i dont know
14:54:53 : Side: -SDS-Ban: i am at balota and its work
14:55:20 : Side: Paul: That's strange
14:55:31 : Side: Paul: north of cherno there's nothing at all
14:55:49 : Side: Paul: OH
14:55:53 : Side: Paul: a zombie
14:55:55 : Side: Paul: finally
14:56:02 : Side: Paul: but still no loot
14:56:21 : Side: Paul: ok, here it is ^^
14:56:25 : Side: Paul: took some time
14:56:30 : Side: 2DIE4:  dude u have to approach ya lootgoals by foot 
14:56:36 : Side: 2DIE4:  not in a vehicle
14:56:44 : Side: Paul: why ?
14:57:01 : Side: 2DIE4:  loot on most servers dont spawn when approaching in vehicles
14:57:08 : Side: Paul: ok, thanks
14:57:13 : Side: 2DIE4:  or it takes quite some time
14:57:14 : Side: Paul: didn't know that
15:03:10 : Side: freedom: where is the best place to find fuel barrel
15:04:12 : Side: 2DIE4:  i found quiet a lot in farm stables
15:04:42 : Side: freedom: thats what i was thinking but no dice
15:17:54 : Side: -SDS- Meliodas: mk wanna have your keys back?
15:17:59 : Side: M.K.: nah :P ty
15:18:05 : Side: -SDS- Gowther: We dont need tham
15:18:09 : Side: -SDS- Gowther: ok
15:18:13 : Side: M.K.: i just wanted to give u some little boost to yyour base
15:18:14 : Side: M.K.: :P
15:18:22 : Side: -SDS- Gowther: ty :)
15:18:27 : Side: -SDS- Meliodas: ty ;) 
15:18:31 : Side: M.K.: but with some tryouts first
15:18:31 : Side: M.K.: :D
15:18:33 : Side: M.K.: gj
15:18:34 : Side: -SDS-Ban: ty
15:20:23 : Side: Laurence Gommersil: TURMOIL LOOK OUTSIDE
15:21:09 : Group: Turmoil: whats outside?
15:21:10 : Side: Laurence Gommersil: TURMOIL LOOK OUTSIDE
15:21:17 : Side: Laurence Gommersil: QUICK
15:21:20 : Group: Turmoil: yeah yeah
15:21:28 : Group: Turmoil: lol you got a MH22
15:22:49 : Group: Turmoil: did you guys buy it or steal it with hotwire kit? xD 
15:23:06 : Group: Laurence Gommersil: AI MISSION
15:23:08 : Side: Paul: how do you respawn in chernov ? don't see it on the list
15:23:25 : Group: Turmoil: nice nice
15:23:32 : Side: Fontes: you cant if you died to close to it
15:23:39 : Side: Paul: ok thanks
15:23:42 : Side: 2DIE4: if u died too close to it it will not show up
15:23:42 : Group: PRISMIC: did you see the fire works
15:23:51 : Group: Turmoil: yeah, i had those on my merlin as well :)
15:23:55 : Side: Paul: will my loot still be there ?
15:24:03 : Group: Turmoil: they will be gone after restart so use em up ^^
15:24:04 : Group: PRISMIC: and the barrel rolls ?
15:24:07 : Side: -SDS- Merlin: yes
15:24:07 : Group: PRISMIC: XD
15:24:11 : Side: 2DIE4:  if noone loots it
15:24:11 : Side: Paul: thanks
15:24:44 : Side: Paul: fell from a residential building -_-
15:24:59 : Group: PRISMIC: hey man
15:27:44 : Side: Fontes: i think your body is gone by the time you reach it paul
15:27:53 : Side: Fontes: server restart
15:28:02 : Side: -SDS- Merlin: that may be possible. you need to get there before server restart
15:36:39 : Group: Laurence Gommersil: lets  do that ai misson
15:38:06 : Group: PRISMIC: ill let u know when its clear aha XD
15:38:52 : Group: Turmoil: its bandit so i will join :)
15:39:36 : Group: PRISMIC: swwt
15:40:28 : Group: Turmoil: hold fire until i reach you plz, or else they will pepper me with rounds
15:40:39 : Group: PRISMIC: copy
15:41:34 : Side: Paul: who was looking for a fuel barrel ?
15:42:22 : Group: Turmoil: gotta be carefull then :D
15:42:39 : Group: Turmoil: take the M2's first
15:44:21 : Side: II TheElite II: Lol do vehicles get removed in save zone? :P
15:44:41 : Side: Sean Heinz: jep
15:44:44 : Side: 2DIE4:  yap 
15:44:45 : Side: II TheElite II: Whoops
15:44:49 : Side: Sean Heinz: XD
15:44:49 : Side: 2DIE4:  but that message
15:44:56 : Side: 2DIE4:  occurs every time
15:45:13 : Side: II TheElite II: Yea probably does. But who reads nowadays? XD
15:45:15 : Group: Turmoil: humwee driver down
15:45:40 : Side: Paul: who was looking for a fuel barrel ?
15:45:54 : Group: Laurence Gommersil: TURMOIL QUICK COME HERE
15:46:02 : Group: Laurence Gommersil: BLOOD BAG
15:46:21 : Group: Turmoil: bandage him
15:46:33 : Group: Laurence Gommersil: HOW~
15:46:43 : Group: Turmoil: scroll mouse weel and select bandage
15:47:06 : Group: Turmoil: i dont have any bandages
15:48:40 : Group: Turmoil: dont stay so close, bad enough if one of us get hit... i know where the last guy is
15:49:02 : Group: Turmoil: you got the hummer?
15:49:49 : Group: Turmoil: roger
15:49:55 : Group: Turmoil: m2 in the rear yeah
15:50:16 : Group: Turmoil: be carefull, tought i  saw movement in the woods behind the base... we can move up a bit
15:51:02 : Group: Turmoil: i used my last to fix u
15:53:12 : Group: Turmoil: shoots AI middle of base left side
15:54:10 : Side: Paul: anyone know where I can find an engine ?
15:54:25 : Side: -SDS- Merlin: at the local car part dealer
15:54:44 : Group: Laurence Gommersil: ED DOWN
15:54:48 : Group: Turmoil: so i see
15:54:50 : Side: Paul: Can't I find one ?
15:54:58 : Group: Laurence Gommersil: Wheres that machine gunner
15:55:09 : Group: Turmoil: rear of the base and one on the left side of the base
15:55:13 : Side: -SDS- Merlin: should be possible
15:55:25 : Group: Laurence Gommersil: i see left one
15:56:46 : Group: Turmoil: who killed me?
15:57:01 : Group: PRISMIC: 2die4
15:57:01 : Group: Laurence Gommersil: A ai with a saw
15:57:26 : Group: Turmoil: decide, AI or 2DIE4? :P
15:57:32 : Group: PRISMIC: ai
15:57:34 : Group: Laurence Gommersil: ai
15:57:38 : Group: PRISMIC: lol XD
15:58:22 : Group: Turmoil: incoming heli
16:00:17 : Group: Turmoil: is it AI heli or player heli flying there?
16:00:25 : Group: PRISMIC: ai heli
16:00:32 : Group: Laurence Gommersil: ai heli
16:03:20 : Group: Turmoil: how many ai left?
16:03:33 : Group: Laurence Gommersil: 5 just dropped
16:04:27 : Group: Turmoil: i need to get to my body, got my keys on me -_-
16:05:11 : Group: Turmoil: is the rear M2 gone?
16:05:34 : Group: Laurence Gommersil: i have sight on an m2
16:05:45 : Group: Turmoil: same here, need to slow my breathing to take him out
16:06:03 : Group: Laurence Gommersil: tell me when to fire
16:06:16 : Group: Turmoil: hes down
16:06:22 : Group: Turmoil: if you see others take em out
16:06:26 : Group: Laurence Gommersil: ye ok
16:06:33 : Group: Turmoil: 3 more down
16:06:49 : Group: Laurence Gommersil: heading ure way
16:07:02 : Group: Turmoil: dont come to close, easier to kill both if we are to close to eachother
16:07:14 : Group: Laurence Gommersil: take out the heli
16:07:21 : Group: Turmoil: there is one in the front of the base towards the dam, i cant get a shoot at him
16:08:36 : Group: Laurence Gommersil: THIS GUN HAS SUCH BAD RANGE
16:08:42 : Group: Turmoil: mk17 SD?
16:08:51 : Group: Laurence Gommersil: ye
16:09:04 : Group: Turmoil: useless weapon if your fighting at ranges over 2-300 m
16:09:22 : Group: Turmoil: decent dmr is the M110 
16:09:25 : Group: Laurence Gommersil: 1 down
16:09:42 : Group: Turmoil: or go bolt action, lapua rifle or M107
16:09:50 : Group: Laurence Gommersil: did we get them all?
16:09:58 : Group: Turmoil: i can move a bit closer, keep your eyes out for movement
16:10:10 : Group: Laurence Gommersil: sure thing
16:10:13 : Side: -SDS- Gowther: I only need one shot...
16:11:38 : Group: Laurence Gommersil: U do realise u died to same ai xD
16:11:40 : Group: Turmoil: damn 
16:11:49 : Group: Turmoil: i did not see him at all -_- anoying
16:12:17 : Group: Laurence Gommersil: u died in bandit base xD rip forever
16:12:33 : Group: Turmoil: probably lost my key now
16:13:24 : Group: Turmoil: where is prismic?
16:13:39 : Group: Laurence Gommersil: He got kicked hes coming back though
16:13:50 : Group: Laurence Gommersil: bdw dont worry ill get your key
16:14:34 : Group: Laurence Gommersil: do you know how im gunna get it
16:14:57 : Group: Turmoil: just let it be :) its most likely gone since i died twice
16:15:43 : Group: Laurence Gommersil: dont worry i can get it
16:16:30 : Group: Laurence Gommersil: ok i made it to the hummer
16:16:45 : Group: Laurence Gommersil: time to spray and pray
16:16:48 : Group: Turmoil: have you taken out the AI that killed me? 
16:16:57 : Group: Laurence Gommersil: i cant see it
16:17:43 : Group: Laurence Gommersil: im at your body
16:17:51 : Group: Laurence Gommersil: come to me
16:17:54 : Group: Turmoil: the one with ghillie?
16:18:33 : Group: Laurence Gommersil: I see the one who killed you imma fire
16:18:33 : Group: Turmoil: i didnt die down there, lol
16:18:41 : Group: Turmoil: sure fire! kill him
16:19:04 : Group: Laurence Gommersil: 2 down
16:19:20 : Group: Laurence Gommersil: HEAL ME PLEASE QUIC
16:19:32 : Group: Laurence Gommersil: BANDAGE
16:20:03 : Group: Turmoil: stay still
16:20:13 : Side: -SDS- Meliodas: dudes let us be xD
16:20:46 : Group: Laurence Gommersil: son get ure loot im covering you
16:23:29 : Group: Laurence Gommersil: Turmoil u got ure key?
16:24:59 : Group: Turmoil: got my key back <3
16:25:09 : Group: Laurence Gommersil: what did i say :)
16:25:55 : Group: Turmoil: couple of rifles, thats it
16:26:12 : Group: PRISMIC: heli
16:26:28 : Group: Laurence Gommersil: turmoil i said ide get it back for u
16:27:15 : Group: Turmoil: i wasnt worried about that :) but often when you die twice the stuff on the first body disapears :)
16:27:52 : Group: Laurence Gommersil: thanks for healing me
16:27:59 : Group: Turmoil: your welcome :)
16:28:09 : Group: PRISMIC: nive one turmoil
16:28:45 : Group: Turmoil: now watch me take out that bloody heli over there
16:29:42 : Group: Turmoil: well at least it moves
16:29:53 : Group: Laurence Gommersil: what heli!?!??!
16:30:01 : Group: Turmoil: was a heli behind u :P
16:30:13 : Group: Turmoil: turn your volume up and you can probably hear it... i hear it where i am
16:30:25 : Group: Turmoil: its incoming
16:30:26 : Group: Laurence Gommersil: i hear it but dont see it
16:30:32 : Group: Turmoil: above you
16:31:07 : Group: Laurence Gommersil: still cant see it
16:31:29 : Group: Turmoil: whats going on?
16:32:04 : Group: Laurence Gommersil: im being shot at
16:32:12 : Group: Turmoil: from where?
16:32:26 : Group: Laurence Gommersil: no idea
16:35:15 : Group: Turmoil: a bit triggerhappy over there are we?
16:35:48 : Group: PRISMIC: ye
16:37:08 : Side: Paul: Did anyone try the mozzie ?
16:37:25 : Side: Dimon2004: Hi all
16:37:36 : Side: Dimon2004: I Russian pidor
16:37:45 : Side: Paul: is it possible to pick back the mozzie after use ?
16:38:22 : Side: Turmoil: if you crafted it from toolbox yes
16:38:40 : Side: Paul: nice thanksz
16:38:48 : Group: Turmoil: guys, there is someone outside my base
16:39:01 : Side: Paul: let's try it :3
16:39:09 : Side: Dimon2004: BANG BANG BANG FATHER IN BUILD
16:39:19 : Group: PRISMIC: is that u shooting m107 ?
16:39:29 : Group: Turmoil: yeah there is a guy outside my base
16:39:48 : Group: Laurence Gommersil: where
16:39:55 : Group: Laurence Gommersil: close to dam?
16:40:24 : Group: Turmoil: its a damn zombie panthing -_- sounded like a player damn it
16:41:17 : Group: Laurence Gommersil: what u shooting now omfg
16:41:19 : Group: Turmoil: shot the gunner out of the heli
16:41:35 : Group: Laurence Gommersil: WHERE IS THE HELI
16:41:42 : Group: Turmoil: flying below the dam
16:41:58 : Group: Laurence Gommersil: we out
16:42:00 : Group: Turmoil: not sure if it flew away now
16:42:01 : Group: PRISMIC: jaacob calm down ahah
16:42:04 : Group: Turmoil: alrighty, have fun
16:42:16 : Group: Turmoil: its still there
16:42:26 : Group: Laurence Gommersil: now i see it
16:42:30 : Group: Turmoil: good :P
16:42:58 : Side: Paul: the mozzie has unlimited fuel ?
16:43:02 : Group: Turmoil: guess someone got you
16:43:25 : Side: Paul: oh nevermind
16:43:59 : Direct: Dimon2004: Если что
16:44:03 : Direct: Dimon2004: Блляяяяяяяяя
16:44:05 : Direct: Dimon2004: Я нахуй
16:44:07 : Direct: Dimon2004: Деб
16:44:10 : Direct: Dimon2004: Патронов нету
16:44:13 : Direct: Dimon2004: Сука
16:44:23 : Direct: Dimon2004: Я не в скупе
16:44:26 : Direct: Dimon2004: С вами
16:44:32 : Direct: Dimon2004: Пока что
16:45:45 : Group: Turmoil: you need to get back down here fast... there are other players around
16:46:12 : Direct: Dimon2004: Я пока что ушел
16:46:18 : Direct: Dimon2004: В другую конфу
16:46:50 : Group: PRISMIC: turmoil pick up ?
16:47:05 : Group: Turmoil: a bit busy atm 
16:47:13 : Group: Turmoil: crafting some shizzle
16:47:27 : Group: PRISMIC: just managed to mis ur base aha
16:47:37 : Group: Turmoil: luckily yeah
16:48:02 : Group: Turmoil: i lost a heli and a truck a few days ago to the exact same thing that just happend :P
16:48:56 : Group: Turmoil: there is a car here
16:49:47 : Group: Turmoil: did you drive Laurence?
16:50:11 : Group: Laurence Gommersil: no
16:50:32 : Group: Turmoil: be carefull then, there was a car here, it blew up in the lake but havent seen any death messages
16:50:42 : Group: Laurence Gommersil: let me up there pls tumoil?
16:51:27 : Side: Paul: I see my body and can't access inventory
16:51:41 : Side: Paul: also it's marked as being at the other side of the map
16:51:56 : Side: Paul: ok, it's solved
16:52:04 : Group: PRISMIC: le me in
16:52:08 : Group: Laurence Gommersil: nice gun storage
16:53:00 : Side: Paul: I crashed my mozzie I loved so much :(
16:53:13 : Side: Paul: so sad
16:53:44 : Group: Turmoil: why you looting my crates?
16:54:08 : Group: PRISMIC: init
16:54:13 : Group: Laurence Gommersil: Just seeing how easy it is to get in to
16:54:21 : Group: PRISMIC: owwww yeer
16:54:28 : Group: Turmoil: they are crates -_- they arent locked, lol
16:54:41 : Group: Laurence Gommersil: Let me out pls
16:54:58 : Group: PRISMIC: nice
16:55:17 : Group: Turmoil: cya ^^
16:56:21 : Group: Turmoil: yes
16:56:23 : Group: Turmoil: yes
16:56:24 : Group: Turmoil: yes
16:56:45 : Side: Paul: is it possible to pick parts from a crashed mozzie ?
16:57:02 : Side: Turmoil: nope
17:08:36 : Side: Paul: is there a way to craft an engine out of a portable generator ?
17:10:05 : Side: Paul: ok, thanksz
17:10:15 : Side: Paul: I miss my mozzie so much ><
17:14:41 : Group: -SDS-Ban: was ist jetzt sache?
17:14:53 : Group: -SDS-Ban: marco wird wohl nicht wieder kommen
17:15:02 : Group: -SDS- Meliodas: marco ist wohl internetlos
17:15:11 : Group: -SDS-Ban: scheiße mit ihm
17:15:24 : Group: -SDS- Meliodas: und die mauern snappen nicht 
17:15:26 : Group: -SDS-Ban: johannes kommt ja auch nicht
17:15:54 : Group: -SDS- Meliodas: kommt erstmal zuück
17:16:02 : Side: Paul: where is put the gold we receive ?
17:16:35 : Side: Bean: there military vehicle ?
17:16:52 : Side: Paul: ok, it was a bug
17:19:20 : Side: Paul: I'm friendly
17:19:30 : Side: Paul: seriously, I'm friendly
17:21:42 : Side: Dimon2004: Ok, but this DayZ and nobody trust
17:22:13 : Side: Paul: ok
17:24:13 : Direct: Paul: hi
17:24:20 : Direct: Paul: you can have the gun
17:24:28 : Direct: Sergio: hi bto
17:27:43 : Side: Bean: gays there tankы ?
17:27:46 : Side: Bean: tanks
17:30:25 : Group: -SDS-Ban: seid ihr afk?
17:30:29 : Group: -SDS- Meliodas: nein
17:30:32 : Group: -SDS-Ban: macht jürgen die mission?
17:30:34 : Group: -SDS- Meliodas: kommt wieder here
17:30:36 : Group: -SDS- Meliodas: nein
17:30:50 : Group: -SDS-Ban: ja aber ohne jürgen kann ich nicht zurück
17:30:52 : Group: -SDS- Merlin: ich warte ja
17:30:59 : Group: -SDS-Ban: ich warte die ganze zeit im lkw
17:31:02 : Group: -SDS- Merlin: wollen wir die mal machen?
17:31:03 : Group: PRISMIC: OMW
17:31:07 : Group: -SDS-Ban: auf wheinachten?
17:31:12 : Group: -SDS- Merlin: ich dachte du kannst  nciht?
17:31:12 : Group: -SDS-Ban: mit was?
17:31:30 : Group: -SDS- Merlin: hast du ausrüstung?
17:31:34 : Group: -SDS-Ban: ich habe keine waffe und marco kann nicht mehr online kommen
17:31:45 : Group: -SDS- Merlin: ja ich komme gleich
17:31:50 : Group: -SDS- Merlin: kannst du nicht reden?
17:34:18 : Group: -SDS- Merlin: mach auf
17:35:38 : Group: -SDS-Ban: ist offen
17:39:00 : Group: -SDS-Ban: ich bin dann mal gleich offline
17:39:11 : Group: -SDS-Ban: komme später wieder on muss bei gta was ausprobieren
17:39:42 : Group: -SDS- Meliodas: k
17:39:42 : Group: -SDS-Ban: schlüssel vom truck ligt drinnnen
17:40:03 : Group: -SDS-Ban: bis später
17:40:07 : Group: -SDS- Meliodas: bd
17:43:24 : Side: Fontes: does someone have stairs ? :D
17:45:46 : Side: Paul: can someone steal my mozzie ?
17:46:08 : Side: Fontes: can someone bring me a mozzie ?
17:46:13 : Side: Fontes: :D
17:48:01 : Side: Fontes: anybody near sosnovka ?
18:09:05 : Side: Laurence Gommersil: admin
18:09:31 : Side: LWB [SD]: yeah?
18:10:15 : Side: Laurence Gommersil: a glitch happend i spawned in and everything blew up and i died
18:10:29 : Side: LWB [SD]: ok?
18:10:53 : Side: Laurence Gommersil: can i get my stuff back or what?...
18:11:18 : Side: Laurence Gommersil: or is that not aloud
18:11:45 : Side: LWB [SD]: Not unless you can proove what you had on you at the time no
18:12:02 : Side: Laurence Gommersil: PRISMIC is a witness
18:12:14 : Side: LWB [SD]: thats not proof lol
18:12:49 : Group: Laurence Gommersil: can i show u proof of all the helis gone
18:13:14 : Side: Laurence Gommersil: look on the data logs or something
18:13:41 : Side: LWB [SD]: I dont have logs of what each character has at every moment of the game
18:14:21 : Side: Laurence Gommersil: please thats all the stuff i had why would i lie about that
18:14:31 : Side: LWB [SD]: possibly. Other people have done
18:14:49 : Side: Laurence Gommersil: i was first on server
18:15:12 : Side: Laurence Gommersil: and i was in my base and all doors locked
18:15:18 : Side: LWB [SD]: and Ive never heard of what you describe happen unless you logged out in a vehicle
18:15:28 : Group: Laurence Gommersil: so i wa
18:15:33 : Side: LWB [SD]: why cant you getyour stuff back off your body?
18:15:45 : Side: Laurence Gommersil: i dont want loot
18:15:54 : Side: LWB [SD]: what do you want then?
18:15:56 : Side: Laurence Gommersil: i want my vehicles
18:17:11 : Side: Laurence Gommersil: it was a suv camo a littlebird and a upgrade from a mozzie thing with a gun on it
18:17:50 : Side: LWB [SD]: Unless you have a video of it, I cant help sorry
18:18:20 : Side: Laurence Gommersil: so u have to be recording every 10 seconds?
18:19:20 : Side: LWB [SD]: yes. I have shadow play
18:19:27 : Side: LWB [SD]: records constantly
18:19:41 : Side: Laurence Gommersil: and other people?
18:20:00 : Side: LWB [SD]: anyone with a recent nvida gtx card has shadow play
18:33:29 : Group: -SDS-Ban: der spast glaubt aber auh alles
18:33:36 : Group: -SDS-Ban: anfänger
19:10:06 : Side: -NFG- Hudson  : Yo, can we have SquadXML's?
19:10:24 : Side: Sierra [SD]: No, not on here.
19:10:37 : Side: -SDS- Gowther: NFG-
19:10:59 : Side: -NFG- Hudson  : What does SDS stand for?w
19:11:37 : Side: -SDS- Meliodas: seven deadly sins
19:11:55 : Side: tom: hahhaah
19:12:25 : Side: -SDS-Ban: huhuhu
19:13:03 : Side: tom: anyone friendly
19:13:31 : Side: -NFG- Hudson  : its dayz
19:14:05 : Side: tom: i know 
19:14:39 : Side: -SDS-Ban: i am friendly
19:14:45 : Side: tom: ye me 2
19:14:54 : Side: -NFG- Hudson  : Sure
19:14:57 : Side: -NFG- Hudson  : ;)
19:15:04 : Side: -SDS- Gowther: We give friendly fire between your eyes
19:15:15 : Side: -NFG- Hudson  : lol
19:15:27 : Side: Sierra [SD]: You can check the stats to see who is friendly or not ;)
19:15:35 : Side: -SDS- Gowther: How?
19:15:36 : Side: -NFG- Hudson  : I just joined :D
19:15:41 : Side: Sierra [SD]: On the website
19:15:51 : Side: -SDS- Gowther: Nice to know
19:15:56 : Side: tom: i just started aswell
19:16:04 : Side: Sierra [SD]: ;)
19:22:31 : Side: -NFG- Hudson  : Can you buy tanks and heli's with rockets?
19:23:12 : Side: -SDS- Gowther: I shot tanks on rockets
19:23:14 : Side: Sierra [SD]: no
19:40:13 : Side: -NFG- Hudson  : Is there a group system?
19:40:29 : Side: -SDS- Meliodas: f5
19:40:32 : Side: Sierra [SD]: yup f5
19:43:44 : Group: -SDS- Meliodas: uaz hier
19:43:49 : Group: -SDS- Meliodas: hat zeug drin
19:44:25 : Group: -SDS- Meliodas: können los
19:44:58 : Group: -SDS- Meliodas: ty
19:45:06 : Side: -NFG- Nero: sup
19:45:16 : Side: -SDS-Ban: suppe
19:45:33 : Side: -NFG- Hudson  : .
19:47:31 : Group: -SDS-Ban: hup noch einmal und du stirbst
19:50:14 : Group: -SDS- Meliodas: upps
19:50:33 : Group: -SDS- Meliodas: karma
19:52:35 : Group: -SDS- Meliodas: logge jetzt aus
19:53:00 : Group: -SDS- Meliodas: immer schön türen etc verschließen
19:53:11 : Group: -SDS-Ban: warte mal
19:53:25 : Group: -SDS-Ban: ich muss noch türfreund werden
19:53:41 : Group: -SDS- Meliodas: so
19:54:02 : Group: -SDS-Ban: thx
19:54:05 : Group: -SDS-Ban: i love you
19:54:11 : Group: -SDS- Meliodas: np
19:55:09 : Side: Fontes: new clan in this server ? SDS
19:55:33 : Side: -SDS-Ban: yeah
19:55:41 : Side: -SDS-Ban: for an week
19:55:54 : Side: -SDS-Ban: we joined this server
19:55:56 : Side: Fontes: ah 
19:57:23 : Side: Fontes: hello chopper :)
19:57:33 : Side: Fontes: above zelangorsk
19:57:42 : Side: Stiefelriemen Bill: mozzie?
19:57:43 : Side: Legend: yo fontes, you again ;D
19:57:52 : Side: Fontes: hehe hey
19:59:01 : Group: -SDS- Gowther: Was?
19:59:10 : Group: -SDS- Merlin: BLEIBT MAL IN DER ANDEREN ECKE
19:59:32 : Group: -SDS-Ban: geh du doch in die ecke und schäm dich
20:01:20 : Group: -SDS- Gowther: Warum bist du jetzt gestorben?
20:01:34 : Group: -SDS-Ban: er ist vom server runter
20:11:22 : Side: -NFG- Nero: safes get 0000'd?
20:11:31 : Side: Sierra [SD]: after 7 days
20:11:36 : Side: Winans: yes
20:11:44 : Side: -NFG- Nero: how long till bases start getting deleted? also 7?
20:12:08 : Side: Sierra [SD]: yes
20:12:13 : Side: -NFG- Nero: ty
20:14:21 : Group: Joshuaa: that you shooting?
20:14:25 : Side: Fontes: yeah
20:14:29 : Group: Fontes: ye
20:14:50 : Group: Joshuaa: you wanna put your gear in my safe?
20:15:12 : Group: Fontes: if savi and mats still aint coming
20:15:39 : Group: Joshuaa: savi is sometime, he wants to build a new base
20:15:47 : Group: Fontes: check my safe 
20:15:53 : Group: Joshuaa: dude, you can jump off the roof and survive
20:16:00 : Group: Fontes: i got al this in just 1 hour
20:16:05 : Group: Joshuaa: wow
20:16:36 : Group: Joshuaa: if you jump off the roof you survuve, ill show you
20:16:55 : Group: Joshuaa: bring morphine and maybe blood bag
20:16:56 : Group: Fontes: uh
20:17:11 : Group: Joshuaa: if i die dont do it haha
20:17:40 : Group: Joshuaa: you coming?
20:17:44 : Group: Fontes: ye
20:18:04 : Group: Joshuaa: i didnt die last time haha
20:18:09 : Group: Joshuaa: lets goooo
20:18:18 : Group: Joshuaa: ayyyy
20:18:24 : Group: Fontes: :d
20:18:40 : Group: Joshuaa: quick escape haha
20:18:59 : Group: Joshuaa: do ittttt
20:19:05 : Group: Joshuaa: only way down
20:19:25 : Group: Joshuaa: oh fuck
20:19:29 : Group: Joshuaa: plot pole is gone
20:19:34 : Group: Fontes: yeah i know
20:19:45 : Group: Joshuaa: fuck
20:19:55 : Group: Joshuaa: we need ladders
20:19:55 : Group: Fontes: some one else put one back i think
20:20:11 : Group: Joshuaa: where haha
20:20:20 : Group: Fontes: well i cant built here
20:20:23 : Group: Fontes: allready tried
20:20:59 : Group: Joshuaa: hmm
20:21:08 : Group: Joshuaa: we need a way up there
20:21:17 : Group: Fontes: yeah
20:21:21 : Group: Joshuaa: heli copter is only way
20:21:31 : Group: Fontes: we need parts for a mozie
20:21:40 : Group: Joshuaa: you got gold on you?
20:21:48 : Group: Fontes: fuck forgot it 
20:21:56 : Group: Joshuaa: ah fuck hahaha
20:21:58 : Group: Fontes: hm thats a pity
20:22:10 : Group: Joshuaa: this yours?
20:22:13 : Group: Fontes: no
20:22:19 : Group: Joshuaa: its ours now
20:22:28 : Group: Fontes: jep :D
20:23:01 : Group: Fontes: we can check green mountain
20:23:24 : Side: Winans: hudson....watching you, buddy!
20:23:29 : Side: -NFG- Nero: gg m8
20:23:37 : Side: -NFG- Nero: i deserved to die for letting you so close tbf
20:23:42 : Side: Winans: better back off now
20:23:46 : Side: -NFG- Nero: looool
20:23:47 : Side: -NFG- Hudson  : lol
20:24:12 : Side: -NFG- Nero: dont sound so threatening when you are hiding in a base waiting for your mates
20:24:29 : Side: Stiefelriemen Bill: its not winans hiding in there
20:24:42 : Side: Stiefelriemen Bill: would be dumb to do something else in my position...
20:24:44 : Group: Joshuaa: everythings done
20:24:45 : Group: Fontes: i think mats removed it
20:24:55 : Side: -NFG- Nero: i offered you an exit
20:24:59 : Side: -NFG- Nero: you chose not to take it
20:25:01 : Group: Joshuaa: how you know?
20:25:11 : Side: Stiefelriemen Bill: you would have shot me anyway i played this game long enough
20:25:14 : Side: -NFG- Nero: but its cool i was gonna try and be civil being as we were new
20:25:28 : Side: -NFG- Nero: why would i i think its way better to fuck with people and steal their shit
20:25:30 : Group: Fontes: he was going to he told me
20:25:37 : Side: -NFG- Nero: the walk of shame to stary wouldve been hilarious
20:25:42 : Group: Joshuaa: hmm
20:25:45 : Group: Joshuaa: we need a base now
20:25:54 : Side: Stiefelriemen Bill: we can try that next time
20:26:25 : Group: Joshuaa: you got plot pole dont you?
20:26:33 : Group: Fontes: in my safe yea :D
20:26:44 : Group: Joshuaa: you got anything on you you can sell>
20:26:55 : Group: Fontes: only my rifles 
20:26:59 : Group: Fontes: nothing in the back ?
20:27:04 : Group: Joshuaa: m14 cco
20:27:07 : Group: Fontes: scar mags 
20:27:10 : Group: Fontes: :D
20:27:11 : Group: Joshuaa: we need mozzie parts
20:27:22 : Group: Fontes: we can find em
20:27:47 : Group: Fontes: you can buy them at traders dont you ?
20:27:54 : Group: Joshuaa: ye
20:28:16 : Group: Fontes: fucking server restart 
20:29:50 : Group: Fontes: park the car in the trees?
20:35:52 : Group: Joshuaa: i cant get in
20:37:16 : Side: Stiefelriemen Bill: NFG guys u can take the empty base and make it your if you want :D
20:37:47 : Group: Joshuaa: gotta get mozzie parts
20:39:00 : Group: Fontes: the scar mags sell good
20:39:18 : Group: Joshuaa: i got enough for one mozzie
20:39:37 : Group: Fontes: i dont man
20:39:38 : Group: Joshuaa: i cant sell this gun
20:39:46 : Group: Fontes: i can sell the ammo ?
20:40:03 : Group: Joshuaa: i sold scar ammo
20:40:07 : Group: Fontes: ah
20:40:18 : Group: Joshuaa: look for things to sell maybe
20:40:51 : Group: Fontes: wait
20:40:57 : Group: Fontes: i take the car
20:41:01 : Group: Fontes: you go with mozie
20:41:02 : Group: Joshuaa: good idea
20:41:08 : Group: Fontes: you can acces my safe with code
20:41:41 : Group: Fontes: mission at base
20:41:43 : Group: Joshuaa: mission outside base fuck
20:41:50 : Group: Fontes: yeah for fuck sake
20:41:56 : Group: Joshuaa: ill try avoid it
20:42:48 : Group: Joshuaa: dude, for marker use shift + click to mark
20:43:03 : Group: Joshuaa: everyone can see the big ones
20:43:03 : Group: Fontes: ah 
20:44:06 : Group: Joshuaa: i see mission
20:44:49 : Group: Fontes: i can snipe from green mountain
20:45:19 : Group: Joshuaa: who was shooting?
20:45:41 : Group: Fontes: dont know man
20:46:53 : Group: Joshuaa: ok, im gonna grab plot pole from your safe and thats it
20:47:12 : Side: Ryan: legend 27 hasith died
20:47:24 : Group: Joshuaa: code?
20:47:28 : Side: Ryan: can i type in side chat on this server
20:47:32 : Group: Fontes: 0491
20:47:51 : Group: Joshuaa: we should make base in a long barn
20:47:55 : Group: Fontes: guy coming
20:48:01 : Group: Joshuaa: to base?
20:48:06 : Group: Fontes: ye
20:48:11 : Group: Joshuaa: heli?
20:48:37 : Group: Joshuaa: wheres he at
20:48:51 : Group: Fontes: infront of the vodnik
20:48:57 : Group: Joshuaa: in the base?
20:49:04 : Group: Fontes: just outside the door
20:49:09 : Group: Joshuaa: or at mission?
20:49:22 : Group: Fontes: no not the mission
20:49:28 : Group: Fontes: at the base
20:49:31 : Group: Joshuaa: i cant exactly jump down hahaha
20:49:41 : Group: Joshuaa: tell me where he is all the time
20:50:08 : Group: Fontes: hes stil outside
20:50:21 : Group: Joshuaa: shots
20:50:26 : Group: Fontes: bambi
20:50:36 : Group: Joshuaa: he shooting you?
20:50:58 : Group: Fontes: no i shoot him
20:51:00 : Group: Joshuaa: i hear him
20:51:04 : Group: Fontes: he is in the base now
20:51:24 : Group: Joshuaa: i cant get down haha
20:51:37 : Group: Fontes: i need to go around man
20:51:50 : Group: Joshuaa: im on roof
20:52:05 : Side: -NFG- Nero: hahahhaHahahahahahahhaha
20:52:05 : Group: Fontes: he is running towards the mission
20:52:07 : Side: -NFG- Nero: hahahahahahhahaa
20:52:10 : Side: -NFG- Nero: that spray
20:52:14 : Side: -NFG- Nero: holy fucking wow
20:52:23 : Side: -NFG- Nero: whats your youtube so i can tag you when i upload it
20:52:29 : Group: Joshuaa: hit
20:52:39 : Side: -NFG- Nero: "how to kill a freshy with an mk48 in 436 bullets"
20:52:51 : Side: Winans: salty
20:52:57 : Side: -NFG- Nero: nah enjoy my gear
20:53:00 : Side: Legend: well, you are down, he isnt. at the end of the day, it doesnt matter
20:53:03 : Side: -NFG- Nero: im just playing
20:53:06 : Side: Winans: what gear lol
20:53:07 : Side: -NFG- Nero: its fiiiiine
20:53:53 : Group: Joshuaa: in bushes now, i broke his leg
20:55:01 : Group: Fontes: he still there ?
20:55:06 : Group: Joshuaa: gone i think
20:55:10 : Group: Joshuaa: i only had m14
20:55:28 : Group: Fontes: it was to far for my dmr
20:56:19 : Group: Fontes: can you see the mission from up there ?
20:56:23 : Group: Joshuaa: nah
20:57:34 : Group: Fontes: what do you want to do
20:57:47 : Group: Joshuaa: we need a base
20:57:57 : Group: Fontes: yeah the other guys need to ocme
20:58:01 : Group: Fontes: come
20:58:07 : Group: Joshuaa: or we could make a simple barn base
20:58:29 : Group: Fontes: sure
20:58:47 : Group: Joshuaa: we should clear that mission
20:58:54 : Group: Fontes: i can come to you
20:58:58 : Group: Joshuaa: sweet
20:59:59 : Group: Fontes: take the silenced sniper from my save if you need it
21:00:03 : Group: Joshuaa: will do
21:00:06 : Side: -NFG- Nero: heli?
21:01:00 : Group: Joshuaa: wtf
21:01:18 : Group: Joshuaa: who was shooting
21:01:32 : Group: Fontes: i dont know man
21:01:38 : Group: Fontes: at you ?
21:01:39 : Side: -SDS-Ban: how 2die4?
21:01:48 : Group: Joshuaa: dik it was at the base i think hahaha
21:01:52 : Group: Joshuaa: idk
21:02:22 : Side: 2DIE4:  THERE WAS  a dustcorn i fell over  XD
21:02:44 : Side: 2DIE4:  at the beach  =)
21:02:51 : Side: -SDS-Ban: ok XD
21:03:00 : Side: 2DIE4:  or maybe even a sandcorn  =9
21:04:04 : Group: Joshuaa: who was it?
21:04:24 : Group: Fontes: sean heinz
21:04:35 : Group: Fontes: i heart shots from green mountain
21:04:39 : Group: Fontes: lot of people here
21:05:14 : Group: Joshuaa: my mozzie on roof
21:05:15 : Group: Joshuaa: shit
21:05:30 : Group: Fontes: i see a sniper with dmr
21:05:41 : Group: Joshuaa: kill
21:06:19 : Group: Fontes: got him
21:06:28 : Group: Joshuaa: he aint dead
21:06:38 : Group: Joshuaa: he is now
21:07:03 : Group: Joshuaa: i need to get on roof
21:07:27 : Group: Joshuaa: dude you need to remove those markers on the mpa
21:07:32 : Group: Fontes: how man
21:07:40 : Group: Fontes: i got the one who shot you pinned down]
21:07:48 : Group: Joshuaa: hold delete and click i think
21:09:55 : Group: Joshuaa: im gon flank him
21:10:01 : Group: Fontes: i hit him once 
21:10:10 : Group: Joshuaa: where is he?
21:10:18 : Group: Fontes: at green mountain
21:10:23 : Group: Fontes: beneath the tower
21:10:43 : Group: Joshuaa: in trees?
21:10:52 : Group: Fontes: dont know he ran after i shot him
21:10:58 : Group: Fontes: he was at some rocks
21:11:05 : Group: Fontes: at the left side of the road
21:12:46 : Group: Fontes: more to the tower josh
21:12:57 : Group: Joshuaa: i see him!
21:13:02 : Group: Fontes: k nice
21:13:02 : Group: Joshuaa: he cant shoot
21:13:10 : Group: Fontes: more shots ?
21:13:10 : Group: Joshuaa: i got makarov shit
21:13:44 : Side: Hailstorm: ha, failed combat log
21:13:46 : Group: Joshuaa: hes directly in front of me
21:13:56 : Group: Joshuaa: exactly in front
21:14:00 : Group: Fontes: try to roll to him
21:14:02 : Side: -NFG- Nero: hes potato
21:14:11 : Group: Joshuaa: he will see me if i move
21:14:14 : Side: -NFG- Nero: logged out right by an suv and a base that werent hisw
21:14:25 : Group: Fontes: can you mark him ? :D
21:14:27 : Side: -SDS- Gowther: banananas
21:14:45 : Side: -NFG- Nero: you guys been a clan long?
21:15:08 : Group: Joshuaa: itll be too obvious, look at my guy on map
21:15:19 : Side: -SDS- Gowther: I have something long
21:15:23 : Group: Joshuaa: then hes a little bit infront of me in the forest
21:15:24 : Side: -NFG- Nero: ayyyyyy
21:15:28 : Group: Fontes: west ?
21:15:33 : Group: Joshuaa: he got car
21:15:53 : Group: Joshuaa: vodnik went past me
21:16:08 : Group: Fontes: tell me if he moves
21:17:10 : Group: Fontes: where is he aiming at ?
21:17:23 : Group: Joshuaa: im in a bush atm, i cant see
21:17:43 : Group: Joshuaa: zombies just walked past so i think hes gone
21:18:08 : Group: Fontes: he logged you mean?
21:18:11 : Group: Joshuaa: im gonna roll
21:18:16 : Group: Joshuaa: not sure
21:19:16 : Group: Fontes: nobody there?
21:19:25 : Group: Joshuaa: im rolling and havent been shot
21:19:53 : Group: Joshuaa: im gonna go to big tower
21:20:05 : Group: Fontes: me 2
21:20:48 : Group: Fontes: you can get the gear of the other guy i shot btw
21:20:55 : Group: Joshuaa: wher eis he>?
21:21:03 : Group: Fontes: next to the road
21:21:10 : Group: Fontes: near a hunting cabin
21:21:46 : Group: Joshuaa: where?
21:21:58 : Group: Fontes: follow me
21:23:17 : Group: Fontes: in that tree
21:23:42 : Group: Fontes: pity i didnt get him tho
21:23:51 : Group: Joshuaa: no one
21:24:10 : Group: Fontes: lol
21:24:20 : Group: Joshuaa: was it defo there?
21:24:25 : Group: Fontes: he disconnected
21:24:31 : Group: Fontes: yeah i see his blood 
21:24:46 : Group: Joshuaa: car?
21:24:50 : Group: Fontes: follow
21:25:30 : Group: Joshuaa: lose zombies
21:25:44 : Group: Fontes: kill em ?
21:25:48 : Group: Joshuaa: just wait
21:25:51 : Group: Fontes: k
21:26:09 : Group: Fontes: the one i shot the other guy was just above him
21:26:20 : Group: Joshuaa: he gone now
21:26:49 : Direct: LWB [SD]: tis good
21:27:01 : Direct: Sierra [SD]: :D
21:27:07 : Direct: Sierra [SD]: i want chocco
21:27:17 : Direct: LWB [SD]: :D get some
21:27:22 : Direct: Hailstorm: wer ist das
21:27:24 : Direct: Sierra [SD]: yes :D
21:27:30 : Direct: Stiefelriemen Bill: ein random türke
21:27:53 : Direct: Hailstorm: scheiß türken
21:28:12 : Direct: Stiefelriemen Bill: die sind echt behindert
21:28:22 : Direct: LWB [SD]: the gun is bigger than you :D
21:28:22 : Direct: Stiefelriemen Bill: aber nur männer
21:28:28 : Direct: Hailstorm: und kinder
21:28:40 : Direct: Sierra [SD]: lol yes :D
21:28:44 : Direct: Hailstorm: und transen
21:28:49 : Direct: Sean Heinz: und die frauen sind da um geschlagen zu werden
21:29:13 : Group: Joshuaa: i need my body on roof
21:29:14 : Group: Fontes: shot him from here
21:29:27 : Direct: Sierra [SD]: logging now xxx
21:29:32 : Direct: LWB [SD]: okies xxx
21:29:37 : Side: Turmoil: good evening guys
21:29:43 : Side: Turmoil: and girls
21:29:47 : Side: Tomahawwk: hi
21:29:59 : Side: Tomahawwk: why is your name in this game the name of another game?
21:30:07 : Side: Sierra [SD]: Hello :) 
21:30:14 : Side: -SDS-Ban: hello
21:30:44 : Group: Fontes: only had a document
21:30:55 : Group: Joshuaa: i need mozzie again
21:31:09 : Group: Fontes: dont have stuff to buy parts
21:31:21 : Group: Joshuaa: plot pole on my body
21:31:27 : Group: Fontes: ah shite
21:31:45 : Group: Fontes: we can do the mission 
21:31:46 : Group: Joshuaa: hmhm
21:31:48 : Group: Fontes: ?
21:31:55 : Group: Joshuaa: you got spare gun?
21:31:56 : Group: Fontes: get some gear
21:32:07 : Group: Joshuaa: good idea
21:32:22 : Group: Fontes: ill go with the dmr
21:32:23 : Group: Joshuaa: lets go
21:32:29 : Side: -NFG- Hudson  : Fishing Rods Glitched?
21:32:46 : Side: Stiefelriemen Bill: its all about the technique
21:32:48 : Side: Winans: only work on seah
21:32:56 : Side: -NFG- Nero: cant put it in hands.
21:32:59 : Side: -NFG- Hudson  : ^^
21:33:32 : Group: Joshuaa: gon be hard
21:34:31 : Side: -NFG- Hudson  : How to fish? Right click on rod?
21:34:36 : Side: Winans: yeah
21:34:43 : Side: Winans: cast fishing pole
21:34:58 : Group: Fontes: leave car here?
21:35:03 : Side: Winans: or mouse wheel
21:35:08 : Side: Winans: not right click
21:35:16 : Side: -NFG- Nero: ty
21:37:21 : Group: Joshuaa: closer
21:37:32 : Group: Fontes: counting them
21:38:46 : Group: Joshuaa: plan?
21:38:56 : Group: Fontes: take the 3 machines guns first ?
21:39:07 : Group: Fontes: fuck chopper
21:39:39 : Group: Fontes: if they going for the mission we should wait
21:39:47 : Group: Joshuaa: yea
21:39:51 : Group: Fontes: let them kill the AI
21:39:57 : Group: Joshuaa: parachurw
21:40:00 : Group: Joshuaa: parachute
21:40:17 : Group: Fontes: one gunner
21:40:22 : Group: Joshuaa: it was ai wtf
21:40:27 : Group: Fontes: 4 guys
21:40:34 : Group: Fontes: lol
21:41:18 : Group: Fontes: well this makes it more complicating :D
21:41:22 : Group: Joshuaa: haha
21:41:34 : Group: Joshuaa: ooo rocket launcher
21:41:53 : Group: Fontes: lol other mission near our base ass wel
21:42:05 : Group: Joshuaa: jeez
21:42:40 : Group: Fontes: this one is hard man
21:42:44 : Group: Joshuaa: lol
21:42:59 : Group: Joshuaa: they must know were here
21:43:12 : Group: Fontes: yeah
21:43:19 : Group: Joshuaa: i think its ai heli
21:43:33 : Group: Joshuaa: because ai parachute out
21:43:43 : Group: Joshuaa: and died when they hit the ground before haha 
21:43:46 : Direct: Winans: lock ihn auf den server dann killen wir ihn
21:43:55 : Group: Fontes: well..
21:43:55 : Group: Joshuaa: should i take the gunner?
21:44:06 : Group: Fontes: cant see them from here
21:44:16 : Group: Joshuaa: aim for rotor
21:44:42 : Group: Joshuaa: u ready?
21:44:50 : Group: Fontes: ye
21:45:13 : Group: Joshuaa: i got gunner
21:45:20 : Group: Fontes: follow it ?
21:45:31 : Group: Joshuaa: it gone now
21:45:46 : Group: Fontes: i can still hear him
21:45:59 : Group: Joshuaa: take out ai now?
21:46:05 : Group: Fontes: its coming back
21:46:25 : Group: Joshuaa: wtf is happening hahaha
21:46:29 : Group: Fontes: yeah wtf 
21:46:58 : Group: Fontes: its still here
21:47:02 : Group: Joshuaa: shhot at it
21:47:03 : Direct: Winans: LASST IHN HINRICHTEN
21:47:16 : Group: Joshuaa: couldnt see it
21:47:39 : Direct: Hailstorm: ist er in der gruppe
21:47:39 : Group: Fontes: getting low on ammo
21:47:44 : Direct: Winans: nein
21:47:58 : Group: Joshuaa: how much?
21:48:06 : Group: Fontes: shots
21:48:08 : Group: Fontes: shots
21:48:23 : Group: Joshuaa: i hear them
21:48:42 : Group: Joshuaa: shall we get ai?
21:48:52 : Group: Fontes: they are shooting at me
21:48:55 : Group: Joshuaa: heli isnt doing fuck all
21:49:25 : Group: Fontes: person shot at me
21:49:30 : Group: Joshuaa: should i take turret?
21:49:35 : Group: Joshuaa: player?
21:49:54 : Side: -SDS- Gowther: Hunting fishes XD
21:50:08 : Group: Joshuaa: fucking trees
21:50:12 : Group: Joshuaa: it was heli
21:50:14 : Group: Fontes: dude behind us
21:50:15 : Side: -SDS-Ban: can you sell them and get good money for fish?
21:50:17 : Side: -NFG- Nero: sup?
21:50:23 : Side: -NFG- Nero: not sure mate
21:50:29 : Side: -NFG- Nero: were new today
21:50:32 : Group: Fontes: heli down lol
21:50:39 : Group: Joshuaa: ayy
21:50:42 : Side: -SDS- Gowther: 2gold per
21:50:42 : Side: -SDS-Ban: ok
21:50:50 : Side: -SDS-Ban: hope frindly
21:50:53 : Group: Joshuaa: or our car haha
21:50:56 : Side: -NFG- Nero: yeah reasonably
21:50:57 : Group: Fontes: lol yeah
21:51:06 : Group: Fontes: i think there is someone behind us
21:51:09 : Side: -NFG- Nero: unless you have something i want or are likely to hurt me :c
21:51:27 : Group: Joshuaa: why?
21:51:39 : Side: -NFG- Nero: how many in your clan?
21:51:46 : Side: -SDS- Gowther: 5
21:51:50 : Group: Fontes: i got shot before the heli came over
21:51:51 : Side: -NFG- Nero: ah same
21:51:59 : Group: Joshuaa: ai?
21:52:08 : Group: Fontes: it was from behind
21:52:36 : Group: Joshuaa: dont think theres anyone
21:52:38 : Side: -SDS-Ban: we playing since this week too
21:52:46 : Side: -NFG- Nero: we set up on another server
21:52:53 : Side: [NG2] Jesse: hero clans someone? 
21:52:59 : Side: -NFG- Nero: destroyed this other clan and then there was an admin on their side
21:53:09 : Group: Joshuaa: ai now?
21:53:12 : Group: Fontes: sure
21:53:18 : Group: Joshuaa: turrets 1st
21:53:34 : Side: -SDS-Ban: where are you from?
21:53:36 : Group: Fontes: ill take left
21:53:38 : Side: -NFG- Nero: uk
21:53:48 : Side: -SDS-Ban: ok 
21:53:51 : Group: Joshuaa: ok
21:53:53 : Side: -SDS-Ban: we from germany
21:54:05 : Group: Joshuaa: where is other turret
21:54:14 : Group: Fontes: i can only see 2 now
21:54:22 : Group: Joshuaa: i see 1
21:54:29 : Group: Fontes: green one ?
21:54:39 : Group: Joshuaa: oh ya
21:54:42 : Group: Joshuaa: ready?
21:54:53 : Group: Fontes: ye
21:55:19 : Side: -NFG- Nero: ai is sick i want him in my clan
21:55:22 : Side: -SDS-Ban: gg
21:55:36 : Side: -SDS- Gowther: Best player EUWw
21:55:40 : Direct: Hailstorm: wen jucks
21:55:43 : Direct: Stiefelriemen Bill: klar dass direkt wieder sowas kommt
21:55:50 : Direct: Winans: lol
21:56:00 : Direct: Stiefelriemen Bill: unnötig wie seine gürtelschnalle
21:56:45 : Side: -NFG- Nero: roaming ai swuads are fun tbh
21:57:14 : Direct: Hailstorm: ICH WILL NICHT das DummDumm mit macht
21:57:28 : Direct: -NFG- Nero: oioi
21:57:35 : Direct: -SDS-Ban: hello
21:57:38 : Group: Fontes: there was 3 th gunner
21:57:42 : Direct: -NFG- Nero: hows it going
21:58:10 : Direct: -SDS-Ban: GOOD
21:58:27 : Direct: -SDS-Ban: try our best to make money
21:59:12 : Direct: -NFG- Hudson  : You guys got a mox of batches?
22:00:03 : Side: Turmoil: LWB?
22:00:11 : Side: LWB [SD]: sup
22:00:36 : Direct: -NFG- Nero: YO
22:00:38 : Group: LWB [SD]: hey
22:00:40 : Direct: -NFG- Nero: fish is good for money
22:00:51 : Side: -SDS- Gowther: And for healthy
22:00:54 : Group: Turmoil: the cars in missions aren stealable?
22:00:58 : Group: [NG2] Jesse: the ai car is driving from the mission! 
22:01:02 : Direct: -NFG- Nero: 8 gold each fish
22:01:14 : Group: LWB [SD]: no not the humvee
22:01:23 : Group: Turmoil: the humwee is driving around now... its weird
22:01:30 : Group: Turmoil: never seen that before
22:01:31 : Direct: -SDS- Gowther: I knew it was gold wasnt sure about how much exactly
22:01:37 : Group: LWB [SD]: yeah the ai decided to leave xD
22:01:47 : Direct: -SDS-Ban: thx for the info
22:02:00 : Group: Turmoil: is there still an M2 down there as well? i get killed by something everytime i go there xD
22:02:10 : Group: LWB [SD]: no, but a few players
22:02:31 : Group: Turmoil: players down in the mission zone? :O havent seen them... saw one that logged out earlier
22:02:44 : Group: LWB [SD]: been there for ages
22:03:23 : Group: Turmoil: hmmm, thats weird, i saw one bandit there, but he logged out of the game when i reached the base xD 
22:03:42 : Group: LWB [SD]: there are a few bodies of thiers too down there
22:04:00 : Group: Turmoil: bodies yeah... but im more worried about the live ones :P
22:04:26 : Group: LWB [SD]: yeah, they are close and armed well
22:04:32 : Group: LWB [SD]: Jesse is YOLOing
22:04:39 : Group: LWB [SD]: wiats fordeath mesg
22:05:00 : Group: Turmoil: i want to go back to my base :(
22:05:28 : Group: NEGAN: lol
22:05:31 : Group: LWB [SD]: one is at dam,just shot negan
22:05:36 : Direct: Hailstorm: alter der witz
22:05:40 : Group: LWB [SD]: another is in woodsbeside dam
22:05:47 : Group: Joshuaa: last turret?
22:05:54 : Group: Turmoil: bandit? 
22:05:59 : Side: -NFG- Nero: why is every kill on here so close lol
22:06:00 : Group: LWB [SD]: you should be good for base if you stay left
22:06:23 : Group: Fontes: nobody on it
22:06:28 : Group: LWB [SD]: im gonna kill driver of humvee
22:06:35 : Group: Joshuaa: get cover and fire
22:06:55 : Group: Fontes: ready?
22:07:08 : Group: Turmoil: nice running you hacker, drawing the attension towards me :P
22:07:09 : Group: Joshuaa: i need good postition
22:07:09 : Side: -SDS- Gowther: They forgett to add the aim on the scripts
22:07:12 : Group: Turmoil: i will report you :P
22:07:33 : Group: LWB [SD]: guys are inside the dam
22:07:37 : Group: LWB [SD]: somehow
22:07:50 : Group: Turmoil: they have to glitch then... its failsafe :P
22:07:51 : Group: [NG2] Jesse: omw
22:07:59 : Group: Turmoil: or was at least unless they broke something
22:08:01 : Group: LWB [SD]: a door is missing
22:08:11 : Group: Joshuaa: ready fuck it
22:08:20 : Group: Turmoil: what door?
22:08:27 : Group: LWB [SD]: garage door
22:08:41 : Group: LWB [SD]: looks like they might have shot it out sometime
22:08:54 : Group: [NG2] Jesse: howmany?
22:09:03 : Group: LWB [SD]: wait, all doors are open on top
22:09:24 : Group: Turmoil: how is that possible??? i maintained base yesterday?
22:09:36 : Group: LWB [SD]: the doors are open, not missing
22:09:45 : Group: LWB [SD]: well, one is missing that i can see
22:10:46 : Group: Joshuaa: die?
22:10:56 : Group: Fontes: yea he got on the machine gun again
22:11:06 : Group: Joshuaa: too hard with 2 people
22:11:16 : Group: Fontes: that thing fire trough the trees lol
22:11:17 : Group: Joshuaa: wanna try again or not
22:11:54 : Group: Fontes: spawned at mission for fuck sake
22:11:57 : Group: Fontes: almost got killed
22:12:00 : Group: Joshuaa: one more try then im going off haha
22:12:14 : Group: Fontes: you got gun ?
22:12:23 : Group: Joshuaa: no
22:12:35 : Group: Joshuaa: come to mission we were doing
22:13:08 : Group: Joshuaa: get gear back
22:13:32 : Group: Joshuaa: what you doing?
22:13:43 : Group: Turmoil: all doors gone?
22:13:48 : Group: Fontes: was bleeding
22:13:52 : Group: LWB [SD]: theyve taken over the plotpole
22:14:09 : Group: Fontes: scared the shit out of me
22:14:11 : Group: LWB [SD]: earlier this evening
22:14:56 : Group: Turmoil: just wonder how they got access to everyting xD lol
22:15:12 : Group: LWB [SD]: well if they got the plot, they get acsess to remove doors
22:15:19 : Group: Turmoil: true
22:15:36 : Direct: Hailstorm: lustig
22:15:39 : Group: LWB [SD]: all the doors have no names on, so they must have taken them
22:15:54 : Group: Turmoil: lets hope that :)d
22:15:58 : Group: Turmoil: so its fair at least :)
22:16:34 : Group: LWB [SD]: there is a pickup with gun, so I assume they managed to break the doors with that
22:16:48 : Group: LWB [SD]: plot was removed at 8.15 this evening Uk time
22:16:57 : Vehicle: Stiefelriemen Bill: is die kombi aus colin und björn
22:17:02 : Vehicle: Stiefelriemen Bill: coburn
22:17:41 : Group: LWB [SD]: they have left, running up the hill
22:17:50 : Group: LWB [SD]: you need to get in here and replace the plot again
22:18:02 : Group: Fontes: where did the chopper crash
22:18:07 : Group: Joshuaa: no idea
22:18:12 : Group: Turmoil: the hill up behind the dam? towards the base on top?
22:18:20 : Group: LWB [SD]: yeah
22:18:35 : Group: LWB [SD]: where I am now
22:18:50 : Group: LWB [SD]: one is further towards you
22:20:37 : Group: LWB [SD]: Ill brb and sort it
22:20:44 : Group: Turmoil: roger 
22:21:42 : Group: Joshuaa: 1 on turret
22:21:59 : Side: Lancer_AUT: lwb building items by base half cinder wall 1 item full wall 2 items ore also 1
22:22:20 : Group: Fontes: 7 guys left?
22:22:21 : Group: Joshuaa: get turret guy
22:22:24 : Side: Lancer_AUT: you know it
22:22:37 : Group: Joshuaa: go
22:23:02 : Group: Joshuaa: 2 down
22:23:08 : Group: Legend: You have to wait 121s
22:23:27 : Group: Joshuaa: 4 left
22:24:07 : Group: Fontes: cant see the others
22:24:08 : Group: Peasant: theyve gone :(
22:24:12 : Group: Joshuaa: same
22:25:03 : Group: Joshuaa: i see 1
22:25:49 : Group: Joshuaa: dead
22:26:07 : Group: Fontes: dont know if we got em all
22:26:10 : Group: Joshuaa: same
22:26:30 : Group: Joshuaa: move up?
22:26:41 : Group: Fontes: one get the car?
22:26:53 : Group: Joshuaa: who?
22:27:04 : Group: Fontes: il get it
22:29:51 : Group: Fontes: mines everywhere tho
22:30:00 : Group: Joshuaa: huh
22:30:08 : Group: Joshuaa: ah oj
22:30:10 : Group: Joshuaa: ok
22:30:29 : Group: Fontes: think i see one
22:30:45 : Group: Joshuaa: enemy car machine gun
22:30:54 : Group: Joshuaa: thatw aht it was
22:31:02 : Group: Joshuaa: you need dmr to take it
22:31:09 : Vehicle: Stiefelriemen Bill: schnauze unser heli is voll
22:31:13 : Vehicle: Hailstorm: auch wenn der nix kann
22:31:43 : Group: Fontes: where at?
22:31:54 : Group: Joshuaa: in front of me
22:31:56 : Group: Peasant: tis me
22:32:10 : Group: Fontes: lol
22:32:12 : Group: Joshuaa: leggo
22:32:17 : Direct: Peasant: almost essup there
22:32:19 : Direct: Turmoil: hello ^^
22:32:20 : Direct: Peasant: was tping around
22:32:27 : Direct: Peasant: prismin doesnt know Im lwb
22:32:29 : Group: Joshuaa: carefulll
22:32:35 : Direct: Peasant: :D
22:32:38 : Direct: Turmoil: dont think so xD
22:32:53 : Direct: Peasant: dont want him to know
22:33:00 : Direct: Turmoil: what a bunch of wankers xD lol... luckily my stuff is mostly here
22:33:09 : Direct: Peasant: one is coming back
22:33:14 : Direct: Peasant: in the woods
22:33:16 : Direct: Turmoil: are they suiciding to spawn closer to here? i see them died a few times
22:33:22 : Direct: Peasant: looks thatw ay
22:33:36 : Direct: Peasant: you need to get the plot pole back from in there whilst you can
22:34:03 : Direct: Turmoil: so they are in the woods now heading towards us?
22:34:05 : Direct: Peasant: two incoming
22:34:11 : Direct: Peasant: one that way
22:34:17 : Direct: Peasant: one behind
22:34:24 : Direct: Turmoil: there was a armored car outside my base that prismic stole, probably theirs i assume
22:34:33 : Direct: Peasant: no idea
22:35:09 : Direct: Peasant: one at the dam now
22:35:12 : Direct: Peasant: one behind
22:36:41 : Direct: Turmoil: i dont see anything xD 
22:36:46 : Direct: Peasant: tree in the way
22:38:20 : Direct: Turmoil: did u hit?
22:38:21 : Side: [NG2] Jesse: do you bandits enjoy our base ? !! !! 
22:38:24 : Direct: Peasant: no
22:38:42 : Side: -NFG- Nero: who
22:38:56 : Side: [NG2] Jesse: legend and micheal! 
22:39:18 : Side: [NG2] Jesse: therre inside or base, taked the plot pole and everything!@!! ,.. 
22:39:40 : Side: -NFG- Nero: last server i based on when you took plot the base got deleted on restart
22:40:03 : Side: [NG2] Jesse: not here you can retake the ownership then! 
22:40:08 : Direct: Turmoil: is he ontop or are they both inside atm? 
22:40:20 : Direct: Peasant: he is in woods on your left
22:40:21 : Side: -NFG- Nero: thats cool i guess
22:40:25 : Side: [NG2] Jesse: where fighting for the last couple ourhers and the locked up ! 
22:40:31 : Side: -NFG- Nero: can i take the floors n shit to sell em?
22:40:42 : Side: [NG2] Jesse: no...! 
22:40:46 : Direct: Peasant: other coming behind
22:40:47 : Side: -NFG- Nero: ah thats lame
22:40:58 : Side: -NFG- Nero: i like to build my own bases
22:41:05 : Side: [NG2] Jesse: but where getting raid over now so srry i have other things to do now! ,.. 
22:41:11 : Side: -NFG- Nero: im like the bob   ross of dayz bases
22:43:08 : Group: Turmoil: can you close the door peasant? lol
22:43:34 : Group: Peasant: ill tey
22:43:35 : Group: Peasant: try
22:43:35 : Group: Joshuaa: you see?
22:44:10 : Group: Fontes: lets see
22:44:31 : Group: Joshuaa: it was 91m
22:44:43 : Group: Fontes: yeah at the back i think
22:45:00 : Group: Joshuaa: you see him?
22:45:09 : Group: Fontes: nope
22:45:20 : Group: Joshuaa: maybe at side
22:45:30 : Side: matsa: inv to group
22:45:39 : Group: Joshuaa: font inv mats
22:45:57 : Side: -SDS-Ban: who?
22:46:05 : Group: matsa: ayy
22:46:08 : Group: Joshuaa: yoo
22:46:17 : Group: Fontes: fuck man where he at
22:46:30 : Group: Turmoil: nice 1
22:46:30 : Group: matsa: im running to base
22:46:35 : Side: -NFG- Nero: i want m107
22:46:37 : Side: [NG2] Jesse: gj
22:46:37 : Group: Turmoil: where was he?
22:46:38 : Side: -NFG- Nero: gimme barret
22:46:44 : Group: [NG2] Jesse: gh
22:46:46 : Group: PRISMIC: GG
22:46:46 : Group: [NG2] Jesse: gj
22:46:49 : Side: II TheElite II: Sup Jesse
22:46:52 : Group: Peasant: in woods on prismics side
22:47:01 : Side: II TheElite II: Add me to k?
22:47:02 : Side: [NG2] Jesse: sry wrong,. chat!! .. 
22:47:10 : Side: [NG2] Jesse: nfg is a hero clan? 
22:47:16 : Vehicle: Hailstorm: solche noobs
22:47:21 : Side: -NFG- Nero: not particularly
22:47:29 : Side: -NFG- Nero: if you dont mess with me ill probably be chill with you
22:47:42 : Side: -NFG- Nero: but if i dont know you and you come up to me ill prob try to drop you
22:47:42 : Side: Winans: lol
22:47:49 : Side: -NFG- Nero: were just here to chill tbf
22:47:52 : Side: Stiefelriemen Bill: we had a nice conversation today they're pretty friendly
22:47:55 : Side: matsa: xD
22:47:56 : Group: Joshuaa: wtfff
22:48:03 : Side: -NFG- Nero: i offered you a friendly way out babes
22:48:03 : Group: matsa: ??
22:48:08 : Side: -NFG- Nero: not my fault you didnt want it
22:48:13 : Group: Joshuaa: we cant find last ai
22:48:30 : Side: Stiefelriemen Bill: did i say something else? :D
22:48:37 : Group: Joshuaa: shoot and see if he moves?
22:48:43 : Group: matsa: its prob laying on the ground somewhere or tried to flank you and got lost
22:48:44 : Group: Fontes: ill flank
22:48:45 : Side: -NFG- Nero: certainly not hunny bun
22:48:52 : Side: [NG2] Jesse: whe are a hero comunnity... we can use some help.. i guess.. 
22:49:04 : Group: Joshuaa: base is fucked matsa
22:49:25 : Group: matsa: ??
22:49:26 : Direct: Peasant: wtf is with that guy
22:49:32 : Group: Joshuaa: you will see
22:49:41 : Group: Fontes: he knows :D
22:49:46 : Group: Joshuaa: oh ok
22:49:48 : Side: -NFG- Nero: were usually down to help guys out tbf
22:49:56 : Side: -NFG- Nero: we aint set up yet tho
22:50:05 : Side: Stiefelriemen Bill: and take their gear ^^
22:50:06 : Side: Stiefelriemen Bill: haha
22:50:10 : Side: -NFG- Nero: give us maybe 48 hours
22:50:12 : Direct: Turmoil: he is in our teamspeak crying like a baby
22:50:16 : Group: matsa: someone was raiding so i took away the ladder so no one could climb up
22:50:16 : Direct: Peasant: lol
22:50:17 : Direct: Turmoil: jesse just snapped at him
22:50:22 : Group: Joshuaa: should i go for car?
22:50:24 : Side: -NFG- Nero: i held you up for your guns so i could get past and you wanted no part of it
22:50:31 : Side: -NFG- Nero: why are you mad i died good job
22:50:33 : Direct: Peasant: haha, the other one was crying to me earlier
22:50:35 : Group: matsa: you guys have mozzie parts?
22:50:41 : Group: Joshuaa: sadly no
22:50:46 : Direct: Peasant: legend incoming behind dam
22:51:00 : Side: [NG2] Jesse: money or guns is not the problem for use its protection for now..!.. 
22:51:13 : Group: matsa: i stole 70+ briefcases last night
22:51:21 : Group: Joshuaa: wtf how
22:51:28 : Group: matsa: i raided :D
22:51:33 : Group: Joshuaa: you still got them?
22:51:34 : Direct: Turmoil: im tired of this... tomorrow im gonna use my last points and get a building supply crate and move my shit away from here... Prismic is trouble
22:51:35 : Direct: Peasant: the elite guy with you?
22:51:39 : Side: -NFG- Nero: protection?
22:51:42 : Group: matsa: i think so¨
22:51:52 : Direct: Turmoil: hes cool 
22:51:52 : Side: -NFG- Nero: every player ive encountered in a firefight so  far has been nothing short of laughable
22:51:57 : Group: matsa: if base is still good
22:52:00 : Group: Fontes: i really dont know where is
22:52:01 : Side: [NG2] Jesse: we are getting attackt over at our bases  for the couple hours.. !.. 
22:52:02 : Direct: Turmoil: THE ELITE? 
22:52:07 : Side: -NFG- Nero: even i got tunnel vision at one point
22:52:09 : Side: [NG2] Jesse: we cant move
22:52:15 : Direct: Peasant: yeah, he is on hill by dam
22:52:27 : Direct: Turmoil: think one is outside base
22:52:37 : Side: -NFG- Nero: pro tip make a second user on this server near base with good gear
22:52:47 : Side: Turmoil: Elite youj close to us?
22:52:51 : Side: -NFG- Nero: get killed then switch and come back with a sniper :D
22:52:57 : Side: II TheElite II: Add me
22:53:14 : Group: Turmoil: peasent, your group leader, can u invite theelite?
22:53:14 : Group: Joshuaa: im in suv
22:53:24 : Side: [NG2] Jesse: you cant make second profile.. its more its here a hot area with bandits! 
22:53:32 : Group: Peasant: done
22:53:32 : Group: Joshuaa: ill drive around
22:53:35 : Group: Joshuaa: yeah>
22:53:37 : Group: Fontes: sure
22:53:45 : Side: -NFG- Nero: ah
22:53:50 : Group: II TheElite II: Sup guys here to help
22:53:53 : Side: -NFG- Nero: safes nearby with good guns then
22:54:06 : Side: -NFG- Nero: or just kill anyone  near the base
22:54:08 : Group: matsa: im at 2k blood and i have ebola
22:54:09 : Group: II TheElite II: Where to look?
22:54:15 : Group: matsa: gonna die at base soon
22:54:23 : Group: Joshuaa: wtf
22:54:23 : Group: Fontes: lol
22:54:25 : Group: Turmoil: dam area... they are coming from all directions tho
22:54:26 : Group: Fontes: wtf
22:54:28 : Group: Peasant: in or by the dam we think
22:54:31 : Side: [NG2] Jesse: yea i know.. but nvm.. just chacking if you guys in some action to help some heros.. 
22:54:35 : Group: Fontes: bullshit :D
22:54:51 : Group: [NG2] Jesse: elite ts? 
22:54:55 : Side: -NFG- Nero: not got guns for it atm mate sorry
22:54:58 : Group: matsa: have no antibacs :D
22:55:00 : Side: -SDS- Gowther: Admin?
22:55:03 : Group: Fontes: i have
22:55:09 : Side: -SDS- Gowther: I buy vehicles and get no keys...
22:55:10 : Group: II TheElite II: Didnt downloaded yet...
22:55:18 : Side: -SDS- Gowther: Already two...
22:55:19 : Group: matsa: ill try to survive till you get here
22:55:21 : Side: [NG2] Jesse: alot of guns in the area her (dead bodys.. )
22:55:27 : Group: II TheElite II: How many?
22:55:27 : Group: Joshuaa: well
22:55:28 : Side: -SDS-Ban: ohhh admin ohhhh
22:55:36 : Group: Turmoil: two
22:55:39 : Group: Joshuaa: i found the last ai hahaah
22:55:41 : Group: Turmoil: Legend and Michael 
22:56:01 : Group: Fontes: wtf haha
22:56:06 : Side: -SDS-Ban: hey admins are realy mostly online. nice at this server
22:56:07 : Group: matsa: xD
22:56:08 : Side: -SDS- Gowther: One key... nvm
22:56:12 : Side: -SDS- Gowther: Ty m8 :)
22:56:22 : Side: matsa: admin?
22:56:26 : Group: Joshuaa: lets go font when youre ready
22:56:56 : Side: matsa: can i ask you something in private?
22:57:06 : Side: Joshuaa: sexual favour
22:57:17 : Group: II TheElite II: I see nothing around the dam
22:57:23 : Group: Joshuaa: ai was stood here
22:57:33 : Group: II TheElite II: Which base is under attack?
22:57:35 : Side: matsa: ok
22:57:39 : Group: Joshuaa: lets go
22:57:47 : Group: Joshuaa: base
22:57:51 : Group: [NG2] Jesse: under the dam is a base
22:57:57 : Group: II TheElite II: y
22:58:06 : Group: [NG2] Jesse: they take it from us! 
22:58:07 : Side: -NFG- Nero: admin
22:58:10 : Side: -NFG- Nero: ban hudson pls
22:58:19 : Side: -NFG- Nero: hes reading out every fucking thing in chat
22:58:22 : Group: [NG2] Jesse: shot?
22:58:22 : Side: -NFG- Nero: to me in ts
22:58:24 : Side: -NFG- Hudson  : Muuuu :P :D
22:58:25 : Side: -NFG- Nero: and im gonna kms
22:58:29 : Group: Joshuaa: that was bs
22:58:34 : Group: Fontes: yea i know
22:58:38 : Group: Joshuaa: got plot pole as well
22:58:40 : Side: -SDS- Gowther: Ban hudson for hudsing
22:58:43 : Group: Joshuaa: and a brief
22:58:55 : Group: Joshuaa: im staying off after restart
22:59:03 : Side: -NFG- Hudson  : Pronounced "udson"
22:59:06 : Group: Peasant: im going round the front
22:59:13 : Group: Joshuaa: add hehexd
22:59:14 : Side: -NFG- Hudson  : :D
22:59:25 : Side: -NFG- Hudson  : Prepare!
22:59:26 : Side: -NFG- Hudson  : To
22:59:28 : Side: -NFG- Hudson  : Logout
22:59:31 : Side: -NFG- Hudson  : :D
22:59:32 : Group: Joshuaa: drop me here font im going off
22:59:43 : Group: II TheElite II: Ive a pretty good view from here I see nothing yet 
22:59:53 : Group: [NG2] Jesse: just keep looking! 
22:59:56 : Group: Joshuaa: font inv hehexd to group
22:59:58 : Group: II TheElite II: YEa i will
23:00:01 : Group: Peasant: he is indisd the damn I think
23:00:59 : Group: [NG2] Jesse: going outside
23:00:59 : Group: matsa: 2 min till logout
23:01:13 : Group: Fontes: ill come after the restart
23:01:21 : Group: matsa: ok
23:02:02 : Side: -NFG- Hudson  : BUT MOM
23:02:05 : Group: Peasant: think he logged, not in playerlist
23:02:10 : Side: -NFG- Hudson  : Ok den
23:02:18 : Group: Turmoil: yeah server restart
23:02:40 : Group: Peasant: I wont be back after, so good luck
23:02:48 : Group: Turmoil: thanks for help ^^
23:02:52 : Group: Peasant: np
23:07:38 : Group: II TheElite II: They online?
23:07:59 : Group: [NG2] Jesse: press P
23:09:03 : Group: [NG2] Jesse: legend and micheal!. see nothing we could pop on with ah litlle heli, 
23:09:03 : Group: matsa: 1.3k blood
23:09:17 : Group: Fontes: you got stairs ?
23:09:30 : Group: [NG2] Jesse: do you have fuel parts on you? . so i can make a mozzie
23:09:37 : Group: II TheElite II: I dont
23:09:39 : Group: matsa: i need antibacs fast
23:09:44 : Group: Fontes: its in my safe
23:09:49 : Group: Fontes: upstairs
23:10:04 : Group: II TheElite II: There is a little bird on the other side of the water. Not sure if its locked
23:10:44 : Group: matsa: you got a blood bag
23:10:58 : Group: Fontes: giving you blood
23:11:02 : Group: Fontes: we can go to trader
23:11:23 : Group: matsa: ty
23:12:46 : Group: Fontes: no all my gear is upstairs
23:12:56 : Group: Fontes: we can go to trader
23:13:15 : Group: [NG2] Jesse: i am in!
23:13:22 : Group: II TheElite II: Good!
23:13:53 : Group: II TheElite II: Shall I stay up here just for security or is the danger gone?
23:13:53 : Group: Fontes: is our plot pole still at the base?
23:14:02 : Group: matsa: ye
23:14:09 : Group: [NG2] Jesse: yea cool warng me! 
23:14:10 : Group: Fontes: we can buy stairs
23:14:17 : Group: matsa: i hid it so it should be there
23:14:18 : Group: PRISMIC: That would be cool there not in  the serrver yet tho
23:14:35 : Group: II TheElite II: Sure, I'll keep looking ;)
23:14:44 : Group: Fontes: josh and i died 3 times at the mission
23:14:55 : Group: Fontes: we didnt see the gunner in the humvee lol
23:15:05 : Group: [NG2] Jesse: i try to find plot pole!
23:15:15 : Group: matsa: its invisible for me too
23:15:19 : Group: matsa: everytime
23:15:25 : Group: Fontes: :D
23:15:43 : Group: II TheElite II: They didn't put a safe on top of it I hope
23:16:51 : Group: II TheElite II: ???
23:19:35 : Group: Fontes: brb
23:20:48 : Group: Fontes: you got everything?
23:20:54 : Group: matsa: ye
23:21:05 : Group: II TheElite II: I think they gave up :p
23:21:07 : Group: Fontes: we need a new base man :D
23:21:27 : Group: matsa: xD
23:21:28 : Group: [NG2] Jesse: yea but to be sure i guess! cant find plote pole!
23:22:00 : Group: II TheElite II: Hmmm and you're sure its hidden somewhere?
23:22:26 : Group: II TheElite II: You shooting me? :P
23:22:54 : Group: matsa: hehe
23:22:57 : Group: [NG2] Jesse: no shopper
23:23:18 : Group: II TheElite II: Wow those bullets where close XD
23:23:31 : Group: [NG2] Jesse: haha
23:25:12 : Group: matsa: got  toolbox
23:25:51 : Group: Fontes: finaley
23:25:55 : Group: Fontes: lol
23:25:58 : Group: Fontes: finaly
23:26:13 : Group: matsa: its a bit ugly but it works :D¨
23:26:17 : Group: Fontes: can you add me to the plot pole ?
23:26:19 : Group: matsa: xD
23:26:34 : Group: Fontes: need to place lockbox
23:27:02 : Group: II TheElite II: You want me to help searching?
23:27:17 : Group: matsa: look at this
23:27:24 : Group: PRISMIC: your good  mate cheers
23:27:27 : Group: matsa: all these are full
23:27:45 : Group: II TheElite II: So that's a no? :P
23:27:46 : Group: matsa: except for that
23:27:48 : Group: Fontes: lol
23:28:30 : Group: Fontes: wtfff
23:28:37 : Group: Fontes: how did you get those
23:28:39 : Group: [NG2] Jesse: its bheind a door,.. 
23:28:47 : Group: Fontes: :D
23:28:48 : Group: [NG2] Jesse: thats the last option
23:29:04 : Group: II TheElite II: Really....
23:29:14 : Group: II TheElite II: Can bullets destroy it?
23:29:20 : Group: II TheElite II: I have a grenade on me
23:29:29 : Group: II TheElite II: And a sledgehammer. Not sure what that does
23:29:31 : Group: Fontes: lol
23:29:36 : Group: [NG2] Jesse: come over
23:30:02 : Group: Fontes: can you add me?
23:30:26 : Group: [NG2] Jesse: yeah,.. 
23:30:37 : Group: [NG2] Jesse: we are talking on ts now ^^
23:31:51 : Group: Fontes: wtf
23:32:09 : Group: Fontes: thats crazy
23:32:22 : Group: Fontes: so who are we going to kill :D
23:32:41 : Group: Fontes: in your backpack
23:32:56 : Group: [NG2] Jesse: can you add turmoil?
23:33:03 : Group: Fontes: ah lol
23:33:56 : Group: [NG2] Jesse: ai wil be trigged if we shoot becarefull 
23:34:13 : Group: Fontes: what did you say ?
23:34:30 : Group: II TheElite II: Whats the plan?
23:34:31 : Group: matsa: we can go bild the base now if we have a goos spot
23:34:37 : Group: Fontes: sure man
23:34:38 : Group: [NG2] Jesse: shooting in the door.. 
23:35:27 : Group: Fontes: do we need anything ?
23:35:43 : Group: matsa: you know where to build?
23:35:58 : Group: Fontes: we can search for a good spot
23:36:36 : Group: [NG2] Jesse: elite can you see if you can do something with hammer? 
23:36:50 : Group: II TheElite II: Do you know if that does damage?
23:36:54 : Group: matsa: shall we go by one chopper or my mozzies?
23:37:05 : Group: Fontes: dont know how to fly :D
23:37:14 : Group: matsa: aigh
23:37:17 : Group: matsa: aight
23:37:27 : Group: Turmoil: it should be taking damage... the door requires between 2000 and 2500 M134 rounds
23:37:39 : Group: [NG2] Jesse: AI
23:38:28 : Group: Fontes: sure
23:39:26 : Group: [NG2] Jesse: AI!
23:39:37 : Group: Fontes: yep
23:42:04 : Group: [NG2] Jesse: elite you got grenade? 
23:42:22 : Group: II TheElite II: AI
23:43:04 : Group: II TheElite II: Yea I do
23:43:16 : Group: [NG2] Jesse: trow it at the door! .. 
23:43:19 : Group: II TheElite II: But its going down so not sure if that will work...
23:43:32 : Group: matsa: I DIDNT TAKE ENOUGH MONEY Xd
23:43:41 : Group: II TheElite II: Watch out\
23:43:42 : Group: Fontes: lol haha
23:43:53 : Group: Turmoil: area clear, go ahead
23:44:16 : Group: II TheElite II: Whooops
23:44:24 : Group: II TheElite II: Thanks guys ^^
23:45:58 : Group: II TheElite II: Come again?
23:46:02 : Group: Fontes: ?
23:47:12 : Group: [NG2] Jesse: wecna fly my armd chapper.. 
23:47:15 : Group: [NG2] Jesse: chopper
23:47:16 : Group: II TheElite II: Jesus is it even possible?
23:47:20 : Group: [NG2] Jesse: yes
23:47:30 : Group: II TheElite II: Want me to fly?
23:51:29 : Group: II TheElite II: My MK48 despawned >.>
23:52:00 : Group: Fontes: we should check near guglova 
23:52:31 : Group: [NG2] Jesse: come elite
23:56:20 : Group: II TheElite II: Well I guess in the end you guys won. Let me know when it's payback time ;)
23:56:29 : Group: PRISMIC: CHEERS DUDE
23:56:30 : Group: Turmoil: sure will :D
23:56:37 : Group: [NG2] Jesse: yes we will!! next time Ts ^^
23:56:39 : Group: Turmoil: you might wanna check the top of the hill, they were running that way
23:57:46 : Group: II TheElite II: Are those SDS guys your enemy?
23:57:57 : Group: Turmoil: havent met them yet
23:58:08 : Group: II TheElite II: One of them was close
23:58:08 : Group: Fontes: lawl
23:58:38 : Group: II TheElite II: Who did you see at the top of the hill?
23:58:52 : Group: Turmoil: they were going that way when we attacked them the first time
23:58:54 : Group: Fontes: no bloodbags
23:59:16 : Group: Turmoil: the merlin up there is friendly everything else is enemy if you see anything there
23:59:43 : Group: II TheElite II: Alright so their base is probably somewhere around here
