00:00:17 : Side: mr.whale: how do you know that that is dutcvh
00:00:34 : Side: 2DIE4:  i am german   XD
00:00:37 : Side: mr.whale: ooh
00:00:39 : Side: [NG2] Jesse: grapjas
00:00:41 : Side: mr.whale: XD
00:00:42 : Side: Turmoil: and jesse is dutch
00:00:45 : Side: mr.whale: nice
00:00:47 : Side: 2DIE4:  so englsih in side pls .. dankje well
00:00:54 : Side: mr.whale: juww
00:00:59 : Side: Winans: frikandel spezial plz
00:01:13 : Side: mr.whale: i would love that
00:01:31 : Side: Winans: oder eine currywurst pommes
00:02:02 : Side: 2DIE4:  id like a hänchennkubbel
00:02:56 : Group: PRISMIC: turmoil im naked 
00:03:07 : Group: Turmoil: so am i
00:03:12 : Side: 2DIE4:  hey stop complaining anyway.. i left u the mission vehicle 
00:03:50 : Group: PRISMIC: *brushing penis*
00:03:50 : Side: Winans: :(
00:04:13 : Group: PRISMIC: *lifts hand to mouth*
00:04:18 : Group: Turmoil: im naked on the couch watching tv, chatting with the guys nad playing DayZ
00:05:28 : Side: mr.whale: can somwane pick me up and give me cheesy starter pack??
00:05:40 : Group: PRISMIC: im rubbing  my dick  on  the mic
00:05:56 : Side: [NG2] Jesse: what? ... you asking like a hoobo? 
00:06:02 : Side: mr.whale: yes]
00:06:05 : Side: 2DIE4:  whale  no offend but once u hit a military base u r full geared ..
00:06:06 : Side: [NG2] Jesse: lol
00:06:10 : Side: 2DIE4:  dont be lazy
00:06:12 : Group: PRISMIC: wast  singing do it like  a  dude by jesse jay
00:06:23 : Side: Winans: u can also go fishing
00:06:32 : Side: Winans: 30 mins like 5bc
00:06:33 : Side: mr.whale: can somwane pick me up?
00:06:53 : Group: PRISMIC: turmoil will you  marry me ?
00:06:54 : Side: Winans: im busy
00:07:09 : Side: Winans: spawn lopatino and go to nwa
00:07:12 : Side: 2DIE4:  vehicles span on the map dude
00:07:19 : Side: 2DIE4:  and u got  a toolbox/ bike
00:07:23 : Side: mr.whale: are you lazy??w
00:07:29 : Group: PRISMIC: turmoil  will u marry me
00:07:36 : Group: Turmoil: nah, im not gay... 
00:07:58 : Group: PRISMIC: ill  come  and propse
00:08:00 : Side: 2DIE4:  i can afford beingh lazy morte than anybody else here  but im not 
00:08:58 : Side: 2DIE4:  misa/ picachy .. btw .. u were killed by AI   and u can check on the killboard at traderr!
00:09:11 : Side: Winans: they are not even online
00:09:23 : Side: 2DIE4:  lol sissis
00:09:50 : Side: 2DIE4:  no skills but mimimi
00:14:58 : Group: PRISMIC: wtf  aha
00:15:13 : Group: PRISMIC: fuck u
00:18:39 : Group: PRISMIC: can u kill yr  self turmoil ?
00:18:48 : Group: Turmoil: i can but why should i?
00:19:02 : Group: PRISMIC: soi can fly  back and u can spwan new one ?
00:19:16 : Group: Turmoil: i dont wanna die
00:34:20 : Group: PRISMIC: i  need help at  bottomof base
00:35:14 : Group: PRISMIC: i need to  get gear from base
00:36:31 : Group: PRISMIC: dont i needto go
00:37:40 : Group: PRISMIC: fuuuuuukkkkkk
00:39:40 : Group: PRISMIC: can i fly
00:39:51 : Group: [NG2] Jesse: i lost my heli ^^ 
00:40:09 : Group: Turmoil: i had nothing to do with that.... 
00:43:03 : Group: [NG2] Jesse: pirs you got everything? 
00:43:10 : Group: PRISMIC: yea
00:43:15 : Group: [NG2] Jesse: good
00:43:32 : Group: [NG2] Jesse: did you try the zerion already? 
00:44:19 : Group: PRISMIC: cya guys 
00:44:36 : Group: Freedom: later man
00:44:38 : Side: 2DIE4: bb
00:44:41 : Group: Turmoil: cya
00:44:55 : Group: PRISMIC: i herd that aha
02:45:07 : Side: Shady: hey bud
02:46:07 : Side: Freedom: hello
02:46:18 : Side: galina: hi
02:46:28 : Side: Shady: how ya doen
02:47:14 : Side: Freedom: great and yourself i dunno if your talking to me or not lol
02:47:52 : Side: Shady: what'ya doen ? 
02:48:14 : Side: Freedom: building
04:16:54 : Side: Freedom: you building as well?
09:00:12 : Group: Laurence Gommersil: hey!
09:00:20 : Group: Freedom: WHATS UP MAN
09:00:32 : Group: Laurence Gommersil: wanna do a mission with me
09:00:32 : Group: Freedom: sorry for caps
09:00:45 : Group: Freedom: after restart i will 
09:00:57 : Group: Laurence Gommersil: ok anyway i have to go put my rpg in safe
09:01:11 : Group: Freedom: copy that
09:01:40 : Group: Laurence Gommersil: shall we just 
09:01:47 : Group: Laurence Gommersil: do that bandit base
09:02:30 : Group: Freedom: theres no loot there just what you get off ai
09:02:46 : Group: Freedom: i already shot their heli down for fun lol
09:02:47 : Group: Laurence Gommersil: no theres loot in middle
09:03:06 : Group: Freedom: theres 24 ai and me have 21 min
09:06:58 : Group: Laurence Gommersil: did u crash...
09:07:53 : Group: Freedom: did not know mission was going on and they shot me down at take off causeing me to blow up other helli on that side as well pissed me off
09:09:28 : Group: Laurence Gommersil: when eye scan fails does it meen ure plot pole hasnt been maintained
09:09:56 : Group: Freedom: are you trying to get in your base
09:10:00 : Group: Laurence Gommersil: ye
09:10:43 : Group: Freedom: prismic left without locking up so turmoil went over and took over plot so he could lock things up 
09:11:08 : Group: Laurence Gommersil: oh ffs
09:11:16 : Group: Laurence Gommersil: can u get turmoil on??
09:11:25 : Group: Freedom: i have stuff if you need 
09:11:33 : Group: Freedom: lol no im in usa
09:11:39 : Group: Laurence Gommersil: please if u dont mind
09:11:55 : Group: Freedom: sure what do you need
09:12:26 : Group: Laurence Gommersil: well i need money but i dont wanna ask for that
09:12:57 : Group: Laurence Gommersil: thats what i was gunn get
09:13:02 : Group: Laurence Gommersil: but i cant get in xD
09:13:04 : Group: Freedom: lol that i dont have spent all i had during move over
09:13:18 : Group: Laurence Gommersil: can i see ure base?
09:13:37 : Group: Freedom: yeah one sec
09:15:03 : Group: Freedom: have to go in angle its tricky lol
09:15:12 : Group: Freedom: or just push v
09:15:44 : Group: Laurence Gommersil: like my gun
09:15:58 : Group: Freedom: yup i have a few myself
09:16:12 : Group: Laurence Gommersil: noice
09:16:18 : Group: Freedom: thanks
09:16:36 : Group: Laurence Gommersil: imma take out some ais up here if u dont mind xD
09:16:47 : Group: Freedom: go right ahead
09:17:00 : Group: Freedom: i dont see them been looking
09:17:15 : Group: Laurence Gommersil: ure fires in the way xD
09:17:56 : Group: Laurence Gommersil: fires in the way
09:18:05 : Group: Freedom: dont use ladder inside by steps coming off it will push you off have to build more
09:18:11 : Group: Freedom: lol
09:18:47 : Group: Freedom: do you need anything besides money
09:18:55 : Group: Laurence Gommersil: nah not rly
09:19:11 : Group: Laurence Gommersil: pet
09:19:15 : Group: Laurence Gommersil: or nah
09:19:21 : Group: Freedom: thought about it lol
09:19:36 : Group: Freedom: they are naggy though
09:19:38 : Group: Laurence Gommersil: i best be on my way
09:19:56 : Group: Freedom: ok ill be mission ready after restart
09:19:59 : Group: Laurence Gommersil: wait
09:20:15 : Group: Laurence Gommersil: is prismic still on plot pole?
09:20:38 : Group: Freedom: dont think so he was off line cant put on if they are off line
09:20:47 : Group: Laurence Gommersil: omg
09:20:55 : Group: Freedom: lol
09:21:22 : Group: Freedom: ill see if they put me on by chance after restart but i doubt it
09:21:31 : Group: Laurence Gommersil: ok
09:26:51 : Group: Laurence Gommersil: so wanna come chack?
09:27:08 : Group: Freedom: yeah be over in 1 sec
09:29:44 : Group: Freedom: nope 
09:29:52 : Group: Freedom: you remember combo
09:29:57 : Group: Laurence Gommersil: no
09:30:08 : Group: Freedom: thats not good
09:30:18 : Group: Laurence Gommersil: whos combo
09:30:40 : Group: Freedom: the combination code 
09:30:52 : Group: Freedom: instead of eye scan
09:31:11 : Group: Laurence Gommersil: no i didnt place it
09:32:02 : Group: Laurence Gommersil: you trying to glitch?
09:32:17 : Group: Freedom: lol seeing where plot poll is
09:32:18 : Group: Laurence Gommersil: if u are do this door
09:32:32 : Group: Laurence Gommersil: under safe by stairs
09:32:42 : Group: Freedom: nah i dont want to do that even if it is yours
09:32:58 : Group: Laurence Gommersil: ive done it by accident before
09:33:19 : Group: Freedom: try again
09:34:03 : Group: Laurence Gommersil: ah ha
09:34:14 : Group: Freedom: you get in
09:34:22 : Group: Laurence Gommersil: another door
09:34:40 : Group: Freedom: so your good?
09:34:45 : Group: Laurence Gommersil: no
09:34:53 : Group: Laurence Gommersil: i gotta get through next door xD
09:35:03 : Group: Freedom: lol so your stuck
09:35:15 : Group: Laurence Gommersil: im clever so if i ever did that look
09:35:39 : Group: Freedom: cool
09:36:20 : Group: Laurence Gommersil: ahhh i cant get through next door
09:36:33 : Group: Laurence Gommersil: GOTEEM
09:36:44 : Group: Freedom: sweet im going to go gear up
09:36:56 : Group: Laurence Gommersil: i was correct
09:37:06 : Group: Laurence Gommersil: plot poles gone
09:37:28 : Group: Freedom: prolly just moved
09:37:34 : Group: Laurence Gommersil: moved where
09:38:03 : Group: Freedom: hard telling
09:40:12 : Group: Laurence Gommersil: kk imma wait for prismic to get on lets do a mission
09:40:27 : Group: Freedom: ok is he getting on soon?
09:40:37 : Group: Laurence Gommersil: no idea
09:41:13 : Group: Laurence Gommersil: fuck sake
09:42:02 : Group: Laurence Gommersil: freedom
09:42:06 : Group: Freedom: yes sir
09:42:23 : Group: Laurence Gommersil: that captured mv22 mission can i please get the plane i have 0 and no mozzie if u wouldnt mind
09:42:39 : Group: Freedom: yeah i dont care
09:42:43 : Group: Laurence Gommersil: ok thanks
09:43:01 : Group: Freedom: be there in min
09:43:03 : Group: Laurence Gommersil: but u got extra mozzie parts i need pickup if u dont mind 
09:43:23 : Group: Laurence Gommersil: it would meen alot
09:43:31 : Group: Freedom: ill bring some be a min though
09:43:39 : Group: Laurence Gommersil: ok thanks so much!
09:43:50 : Group: Freedom: yep np
09:44:22 : Group: Freedom: do you have tool box?
09:44:27 : Group: Laurence Gommersil: ye
09:44:39 : Group: Freedom: ok
09:47:18 : Group: Laurence Gommersil: u see where i am
09:47:41 : Group: Freedom: yeah missions was close
09:47:53 : Group: Freedom: taking fire
09:48:07 : Group: Laurence Gommersil: bdw can i use ure tower to shoot off of please?
09:48:22 : Group: Freedom: yep
09:49:06 : Group: Laurence Gommersil: ty
09:49:21 : Group: Freedom: ok ill be there in a min have to get a drink and crap 
09:49:26 : Group: Laurence Gommersil: ok
09:49:36 : Group: Freedom: your welcome
09:53:35 : Group: Freedom: thats a hero mission by our base
09:54:57 : Group: Laurence Gommersil: freedom
09:55:01 : Group: Freedom: yes
09:55:07 : Group: Laurence Gommersil: i took out 1 m2
09:55:22 : Group: Freedom: they are heros i cant do it
09:55:32 : Group: Laurence Gommersil: ...
09:56:08 : Group: Freedom: its all yours looks like xD
09:56:27 : Group: Laurence Gommersil: dude
09:56:31 : Group: Laurence Gommersil: im so dead
09:56:33 : Group: Laurence Gommersil: xD
09:56:43 : Group: Freedom: theres a bandit one down south im going there if you want to come
09:56:58 : Group: Laurence Gommersil: u gunna take mv22?
09:57:05 : Group: Freedom: you can have it
09:57:12 : Group: Laurence Gommersil: ok im coming
09:58:28 : Group: Freedom: wish i had my big heli right about now
09:59:01 : Group: Laurence Gommersil: whys my deploying failed...
09:59:18 : Group: Freedom: in combat still?
09:59:38 : Group: Laurence Gommersil: FUC
10:00:29 : Group: Freedom: guess mossie is blown up lol
10:01:23 : Group: Laurence Gommersil: this is why i need an mv22 its not flammable as fuck
10:02:11 : Group: Laurence Gommersil: would u mind flying that mv22 back for me?
10:02:30 : Group: Freedom: yeah no prob
10:02:34 : Group: Laurence Gommersil: thanks
10:02:45 : Group: Laurence Gommersil: and if u get a hot kit can i has?
10:02:58 : Group: Freedom: ypu
10:03:01 : Group: Freedom: yup
10:03:02 : Group: Laurence Gommersil: thanks
10:04:29 : Group: Laurence Gommersil: why do vehicles have to be used every 3 days...
10:04:54 : Group: Freedom: so it dont cause a build up of cars on server
10:05:33 : Group: Freedom: morse stuff slows game down
10:09:59 : Group: Laurence Gommersil: wait there im coming to ure mission
10:10:41 : Group: Laurence Gommersil: freedom
10:10:43 : Group: Freedom: just got here lol 
10:10:52 : Group: Laurence Gommersil: im comin there now
10:11:06 : Group: Freedom: ok
10:13:03 : Group: Laurence Gommersil: what are the dotted missions
10:13:55 : Group: Freedom: not sure
10:14:51 : Group: Freedom: got 5 down
10:14:55 : Group: Laurence Gommersil: noice
10:14:58 : Group: Laurence Gommersil: got m2s
10:15:00 : Group: Freedom: 12 left
10:15:05 : Group: Laurence Gommersil: get m2s
10:15:28 : Group: Freedom: one m2 down think i got other but cant tell
10:15:50 : Group: Freedom: yes both m2 down
10:15:58 : Group: Laurence Gommersil: allmost there
10:16:15 : Side: Winans: hi
10:16:22 : Side: Laurence Gommersil: hey
10:16:23 : Group: Freedom: hello
10:17:11 : Group: Freedom: 9 left
10:17:48 : Side: Freedom: hello
10:21:28 : Group: Laurence Gommersil: i cant spawn anywhere near!
10:22:14 : Group: Freedom: yeah i totaly spawned wrong place
10:23:10 : Group: Laurence Gommersil: 3.4k is closest
10:23:24 : Group: Freedom: lol im 7k
10:33:39 : Group: Laurence Gommersil: u fking serious
10:38:33 : Group: Laurence Gommersil: u hear heli?
10:38:40 : Group: Freedom: yeah
10:39:33 : Group: Laurence Gommersil: is it u
10:39:46 : Group: Freedom: no
10:39:56 : Group: Laurence Gommersil: we died on windy mountain right?
10:40:19 : Group: Freedom: yes
10:42:42 : Group: Laurence Gommersil: DONT GO THAT WAY!
10:42:44 : Group: Laurence Gommersil: MISSION
10:42:56 : Group: Freedom: body
10:43:01 : Group: Laurence Gommersil: where?
10:43:16 : Group: Freedom: my body is up ther
10:43:33 : Group: Laurence Gommersil: i died at u
10:45:04 : Group: Freedom: prolly ai in the woods
10:46:44 : Group: Laurence Gommersil: u dead?
10:46:54 : Group: Laurence Gommersil: wtf just killed me
10:46:57 : Side: Winans: hi sierra
10:47:01 : Side: Wilkomir: yes, ty
10:47:03 : Side: Winans: yes ty! u too?
10:47:39 : Group: Laurence Gommersil: freedom u alive?
10:48:06 : Group: Laurence Gommersil: sierra can u see these messages xD
10:48:44 : Side: Laurence Gommersil: omg#
10:48:54 : Side: Laurence Gommersil: why these ais SO good!
10:49:38 : Group: Laurence Gommersil: dude 
10:50:45 : Group: Freedom: was just typeing three ai up there then you got shot
10:51:10 : Group: Laurence Gommersil: what killed me
10:51:37 : Group: Freedom: ai lol
10:52:36 : Group: Freedom: i only got one still two up there
10:56:23 : Group: Freedom: im comin up back side
10:56:30 : Group: Laurence Gommersil: k
10:59:46 : Group: Laurence Gommersil: what u shooting
11:00:11 : Group: Freedom: yeah 43 down still one hiding begind somthing
11:00:17 : Group: Freedom: 4 down
11:00:44 : Group: Laurence Gommersil: i dont get where our loot is
11:00:54 : Group: Freedom: hes down
11:01:29 : Group: Laurence Gommersil: where our loot
11:01:42 : Group: Freedom: across the field
11:01:49 : Group: Laurence Gommersil: ill follow u
11:02:25 : Group: Laurence Gommersil: lemme get ais gun
11:03:19 : Group: Laurence Gommersil: rpg!
11:03:49 : Group: Laurence Gommersil: so wheres our gear?
11:04:02 : Group: Freedom: hold on looking for my ghilli body
11:05:13 : Side: Wilkomir: pff
11:05:22 : Side: Wilkomir: What a bandit
11:05:28 : Side: Wilkomir: Go to hell
11:05:35 : Side: Winans: what up
11:05:55 : Group: Laurence Gommersil: wtf where is it
11:06:07 : Group: Freedom: no idea
11:06:23 : Side: Wilkomir: what do u want?
11:06:32 : Group: Laurence Gommersil: dont u have a marker?
11:06:46 : Side: Winans: clear more missions for me so i can loot
11:06:57 : Side: Wilkomir: Asshole
11:07:15 : Group: Freedom: 6 ai left
11:07:28 : Side: Winans: such harsh words :(
11:08:51 : Group: Freedom: see it out there
11:08:54 : Group: Laurence Gommersil: i need my mozzie parts!
11:09:37 : Group: Freedom: need a sniper
11:09:43 : Group: Laurence Gommersil: same
11:10:04 : Group: Laurence Gommersil: our look cant just dissapear
11:10:09 : Group: Laurence Gommersil: loot
11:10:27 : Group: Freedom: no not if your doing it
11:10:55 : Group: Laurence Gommersil: shall we go in close range?
11:11:10 : Group: Freedom: yup
11:11:19 : Group: Laurence Gommersil: follow me
11:11:32 : Group: Freedom: see one
11:11:37 : Group: Laurence Gommersil: where?
11:11:56 : Group: Freedom: low in tree ling by heli plane
11:12:18 : Group: Laurence Gommersil: i see all 4
11:12:24 : Group: Freedom: shoot
11:13:27 : Group: Laurence Gommersil: there coming closer
11:13:42 : Group: Freedom: good
11:13:59 : Group: Laurence Gommersil: have u hit one
11:14:08 : Group: Freedom: nope can get shot 
11:14:17 : Group: Laurence Gommersil: i have an rpg
11:14:20 : Group: Laurence Gommersil: shall i?
11:14:34 : Group: Freedom: if you want
11:14:34 : Group: Laurence Gommersil: but i dont wanna blow up mv22
11:14:39 : Group: Freedom: yeah
11:14:58 : Group: Laurence Gommersil: shall we get closer?
11:15:06 : Group: Freedom: we have a sniper player by house over there
11:15:20 : Side: Freedom: whos banfit sniper at mv2?
11:15:43 : Group: Laurence Gommersil: actual player/?!
11:15:48 : Side: Freedom: behinde the house 
11:15:50 : Side: Winans: wilkomir flew into your direction with a lb
11:15:51 : Side: Wilkomir: mv2?
11:15:58 : Side: Freedom: yes
11:16:04 : Group: Laurence Gommersil: stay here imma flank
11:16:10 : Side: Freedom: mv22
11:16:32 : Group: Laurence Gommersil: im ded
11:17:11 : Side: Winans: 500 m with a scar weapon
11:17:13 : Side: Winans: not bad
11:17:30 : Group: Laurence Gommersil: what just killed me!
11:17:36 : Side: Freedom: ai
11:17:40 : Side: Winans: op
11:17:41 : Group: Freedom: ai
11:17:44 : Group: Laurence Gommersil: WHAT
11:17:52 : Group: Laurence Gommersil: THERES NO WAY
11:18:05 : Side: Laurence Gommersil: 2die4 i need help
11:18:10 : Side: Winans: u need help clearing?
11:18:22 : Side: 2DIE4:  u got shot by Ai
11:18:28 : Side: Laurence Gommersil: ik
11:18:30 : Group: Freedom: one down
11:18:46 : Group: Laurence Gommersil: freedom join my group inv
11:19:21 : Side: Laurence Gommersil: freedom join
11:19:28 : Side: mr.whale: heloww
11:19:33 : Side: Laurence Gommersil: 2die4 join?
11:19:34 : Side: Wilkomir: hoi
11:20:40 : Group: Laurence Gommersil: can i get a pixkup pls?
11:21:05 : Side: 2DIE4:  lol easy spot u on the wrong side  XD
11:21:17 : Side: Freedom: me?
11:21:56 : Group: Laurence Gommersil: 2die4 can i get a pickup please?
11:22:15 : Side: 2DIE4:  dude i  thought u doin the mision?
11:22:26 : Group: Laurence Gommersil: i am
11:22:31 : Side: 2DIE4:  i swing by
11:22:40 : Group: Laurence Gommersil: can u help us do it?
11:22:50 : Side: 2DIE4: yap
11:22:55 : Group: Laurence Gommersil: kk 
11:22:59 : Side: Wilkomir: rip
11:22:59 : Group: Freedom: only 5 left
11:23:06 : Group: Laurence Gommersil: freedom
11:23:07 : Group: Freedom: i think we can handle it
11:23:17 : Group: Laurence Gommersil: therees a player there
11:23:23 : Group: Freedom: unless you want to dont want to bother you
11:23:34 : Group: Laurence Gommersil: what?
11:23:43 : Group: Freedom: im talikg to 2die4
11:23:46 : Group: Laurence Gommersil: ik
11:23:59 : Group: Laurence Gommersil: i dont understand what u said xD
11:24:36 : Side: mr.whale: this game xd
11:25:43 : Group: Laurence Gommersil: ye 2die4 i think we need help xD
11:27:18 : Group: Laurence Gommersil: freedom we can handle it cant we xD
11:27:41 : Group: Freedom: 27 min better hurry
11:28:32 : Side: 2DIE4: its Winans at the mission i bet   =) 
11:28:40 : Side: Winans: what mission
11:28:51 : Side: 2DIE4:  MV
11:29:03 : Side: Winans: which one
11:29:11 : Side: 2DIE4:  by Zele
11:29:12 : Group: Freedom: might have been ai the movent just looked a bit off
11:29:19 : Side: Winans: ah u doing it
11:29:31 : Side: Laurence Gommersil: yes he is
11:29:47 : Group: Laurence Gommersil: 2die4 hes scared of u dont say ure not
11:29:51 : Side: Winans: thought u doing it at hero town
11:30:09 : Side: Winans: saw 2 ai
11:30:09 : Side: Laurence Gommersil: winan
11:30:13 : Side: Winans: heading south
11:30:20 : Side: Laurence Gommersil: u friends with jesse and turmoil
11:30:24 : Side: Winans: yes
11:30:38 : Side: Laurence Gommersil: oh im friends with them aswell
11:30:41 : Side: Laurence Gommersil: truce?
11:30:50 : Side: Freedom: lol
11:30:55 : Side: Winans: i already backed off...
11:30:59 : Side: Laurence Gommersil: ok
11:31:00 : Side: Winans: no distraction from me
11:31:06 : Side: Laurence Gommersil: thanks xD
11:31:33 : Side: Laurence Gommersil: winan want a rocket for free?
11:31:47 : Side: Winans: maybe later
11:31:51 : Side: Laurence Gommersil: ok
11:31:54 : Side: Winans: thx
11:34:46 : Group: Laurence Gommersil: i cant see anymore ai
11:35:06 : Group: 2DIE4:  great u make me hurry i fuckiong glitched the key away 4 the SUV loaded 
11:35:19 : Group: Laurence Gommersil: never mind
11:35:37 : Group: 2DIE4:  sure never mind  my key is gone  
11:35:58 : Group: Laurence Gommersil: i meen that never mind
11:36:01 : Group: Laurence Gommersil: as in theres more ai
11:36:44 : Group: 2DIE4:  u own me  a hotwire kit
11:38:45 : Group: Laurence Gommersil: 1 ai left
11:38:49 : Group: Laurence Gommersil: i think
11:39:18 : Group: 2DIE4:  and thayts what u make me hurry 4  ?    like i said  hurrying made me glitch my key
11:39:32 : Group: Laurence Gommersil: tell admin then
11:39:40 : Group: 2DIE4:  wrong answer
11:40:21 : Side: Laurence Gommersil: 2die4 i got u a hot kit
11:40:58 : Group: Freedom: do you gps
11:41:02 : Group: Freedom: have]
11:41:16 : Group: Laurence Gommersil: ?
11:41:26 : Group: Freedom: do you have a gps
11:41:53 : Group: Laurence Gommersil: why
11:42:10 : Group: Freedom: you can scan for ai
11:42:25 : Group: Laurence Gommersil: not unless u spawn with gps no
11:43:41 : Side: Laurence Gommersil: 2die4 i got ure hot kit
11:43:52 : Side: 2DIE4:  i read it 
11:45:52 : Group: Laurence Gommersil: YES
11:46:12 : Group: Laurence Gommersil: lemme fly
11:46:36 : Group: Freedom: 8 min
11:46:43 : Group: Laurence Gommersil: ill be quick
11:47:05 : Group: Laurence Gommersil: can u fly
11:47:08 : Group: Laurence Gommersil: i cant
11:47:13 : Group: Freedom: yes
11:47:29 : Group: Laurence Gommersil: ready
11:47:36 : Group: Freedom: yeah
11:47:45 : Group: Laurence Gommersil: how do you change seats
11:47:50 : Group: Freedom: you have to land
11:48:57 : Group: Freedom: wait till restart mission by base
11:49:12 : Group: Freedom: get shot down going by
11:49:34 : Group: Laurence Gommersil: there hard to fly
11:49:45 : Group: Laurence Gommersil: do you have flaps up or down
11:49:56 : Group: Freedom: they are a bit tricky 
11:50:01 : Group: Laurence Gommersil: inv ed
11:50:04 : Group: Laurence Gommersil: prisamic
11:50:08 : Group: Laurence Gommersil: prismic
11:50:23 : Group: Freedom: i dont mess with the flaps i think thats for if your landing like a plane
11:50:58 : Group: Laurence Gommersil: what u doing...
11:51:07 : Group: Freedom: just foldong it up lol
11:51:30 : Group: Freedom: check out the back
11:57:02 : Group: Laurence Gommersil: wait
11:57:03 : Group: Laurence Gommersil: WAIT
11:57:07 : Group: Freedom: ok
11:57:11 : Group: Laurence Gommersil: nvm go
11:57:13 : Side: PRISMIC: 2die4 u there ?
11:57:17 : Group: Laurence Gommersil: inv prismic
11:57:36 : Group: Freedom: im leaving after we get back
11:57:40 : Group: Laurence Gommersil: ok
11:57:44 : Group: Laurence Gommersil: inv prismic
11:57:46 : Group: Laurence Gommersil: hes at dam
11:58:14 : Group: Laurence Gommersil: WHAT U DOIN
11:58:26 : Group: Laurence Gommersil: dude land
11:58:58 : Group: Laurence Gommersil: FREEDOM
11:59:15 : Group: Freedom: lol its good flaps were jacked up
11:59:23 : Side: PRISMIC: 2die4 go on teamspeak i have a problem
11:59:24 : Group: Laurence Gommersil: fly base imma suicide
12:00:24 : Group: Laurence Gommersil: dont crash it
12:03:01 : Group: Laurence Gommersil: freedom add prismic
12:03:05 : Group: Laurence Gommersil: quick
12:03:35 : Group: Laurence Gommersil: quick!
12:04:05 : Group: Laurence Gommersil: dude add prismic!
12:04:08 : Group: Freedom: what
12:04:42 : Side: nutzer: sooo hows everyone doing?
12:04:47 : Side: PRISMIC: 2die4 im stuck in  base and dont  have a crowbar
12:05:13 : Side: PRISMIC: i have one  down stairs but i cant get down
12:05:35 : Side: Freedom: i can fly one over
12:05:43 : Side: 2DIE4:  first lesson ... weapon slots r also meant to be used 4  IMPORTANT toolbelt items  XD
12:06:08 : Side: PRISMIC: okay mate i dont know how im  going to get it
12:07:14 : Side: 2DIE4:  lo u cannot even get on the roof or anything?
12:07:27 : Side: PRISMIC: nope locked  in
12:09:31 : Side: PRISMIC: fuck sake
12:09:49 : Side: 2DIE4: need to wait 4 turm
12:10:35 : Side: PRISMIC: i have a plot  hole in a  safe can i place a  new one /
12:10:38 : Side: Laurence Gommersil: what weapons can u break doors with 2die4?
12:10:45 : Side: Freedom: nope
12:10:50 : Side: PRISMIC: or can i destroy turmoils ?
12:11:15 : Side: 2DIE4:  u can break a door with  a hatchet   ... just takes  4 ever  XD
12:11:34 : Side: PRISMIC: can i destroy a plot hole ?
12:11:41 : Side: 2DIE4:  ye
12:11:47 : Side: PRISMIC: how
12:11:52 : Side: 2DIE4:    bet it up
12:11:52 : Side: PRISMIC: i can do  that
12:11:54 : Side: 2DIE4:  bet
12:11:59 : Side: 2DIE4:  beat
12:12:02 : Side: PRISMIC: ?
12:12:12 : Side: Laurence Gommersil: cant u shoot it and it will break?
12:12:20 : Side: 2DIE4:    hatchet  and  smak the shit outta it
12:12:28 : Side: Freedom: you need crow bar up there
12:12:30 : Side: 2DIE4:  abything that will do dmg
12:12:47 : Side: PRISMIC: yes i do
12:14:09 : Side: Laurence Gommersil: freedom
12:14:13 : Side: Freedom: yes
12:14:25 : Side: Laurence Gommersil: nvm
12:14:49 : Side: PRISMIC: can  u  blow through me door 2 die for?
12:15:15 : Side: 2DIE4:  all building parts r destructble 
12:16:35 : Side: Laurence Gommersil: freedom
12:16:39 : Side: Laurence Gommersil: can i use mozzie pls
12:17:07 : Side: PRISMIC: FUCK FUCK FUCK
12:17:16 : Side: 2DIE4:  u can use crowbar ...hatchet  or  sledgehammer
12:17:25 : Side: 2DIE4:  or any other weapon
12:19:48 : Group: Laurence Gommersil: GOOD BYE CRUEL WORLD
12:21:36 : Side: Laurence Gommersil: 2die4
12:21:48 : Side: PRISMIC: we did it 
12:21:53 : Side: 2DIE4:  see   
12:21:54 : Side: PRISMIC: but i need a e  tool
12:21:55 : Side: Laurence Gommersil: all we need is e tool
12:22:14 : Side: PRISMIC: he died next to base and body glitched through roof
12:22:20 : Side: 2DIE4:  easy to find   or buy one up at klen
12:22:28 : Side: PRISMIC: he needs  to do it again  but  with  tool
12:23:07 : Side: 2DIE4:  ill be off ina second  im goin to the movie theatre
12:23:17 : Side: 2DIE4:  LEGO batman  = )w my son  =) 
12:30:12 : Side: Laurence Gommersil: 2die4
12:30:36 : Side: PRISMIC: we need ur  help quick mate
12:31:09 : Side: Winans: hi
12:32:44 : Side: PRISMIC: sierra i need help !
12:33:12 : Side: PRISMIC: can you go into the chat room on team speak its hard  to explain
12:34:37 : Side: PRISMIC: oh okay never mind
12:40:56 : Side: PRISMIC: what do lockboxes re set to if they havent been  used
12:41:22 : Side: Winans: red 00
12:45:13 : Side: PRISMIC: killme
12:45:17 : Side: PRISMIC: /killme
12:45:25 : Direct: PRISMIC: GOOD BYE CRUEL WORLD
13:23:35 : Side: Laurence Gommersil: Selling rpg and rockets!
13:37:38 : Side: nutzer: someone doing the stronghold mission?
13:38:12 : Side: nutzer: just curious dont wanna fk someone up or something
13:59:19 : Side: PRISMIC: i see you xd
13:59:29 : Side: PRISMIC: in  that gillie
13:59:32 : Side: PRISMIC: lol
13:59:44 : Side: PRISMIC: nice nv
14:00:26 : Side: duckdick: what do you want
14:00:42 : Side: PRISMIC: is it you i see
14:00:49 : Side: duckdick: i think so
14:01:09 : Side: PRISMIC: your at  mission ?
14:01:15 : Side: duckdick: ye
14:01:35 : Side: PRISMIC: okay do you want me to shoot ?
14:01:49 : Side: duckdick: sure
14:02:10 : Side: PRISMIC: ill wait till you go for the hili xd
14:02:20 : Side: PRISMIC: heli
14:02:42 : Side: duckdick: i lied
14:02:45 : Side: duckdick: thats not me
14:03:02 : Side: PRISMIC: what mission u at ?
14:03:11 : Side: duckdick: not the same as youw
14:03:37 : Side: PRISMIC: okay we will see  in the deat message 
14:03:45 : Side: PRISMIC: death
14:03:55 : Side: duckdick: keyw
14:15:48 : Side: nutzer: that looked kinda sad
14:43:55 : Side: duckdick: is there ai in the camps that are marced on the map
15:15:01 : Group: Laurence Gommersil: this server is shit
15:15:09 : Group: Laurence Gommersil: so a bit like you
16:24:48 : Side: DayZ-Player: hay all, its this server PVP or PVE ?? thx
16:24:57 : Side: Wilkomir: hello :3
16:25:04 : Side: Wilkomir: Its pvp
16:25:26 : Side: DayZ-Player: oh NO , sorry and bb 
17:11:37 : Side: Wilkomir: Hey
17:11:41 : Side: Wilkomir: Ghillie guy
17:11:45 : Side: Wilkomir: Next to Stary
17:12:00 : Side: Wilkomir: Do u want to take this heli mission?
17:12:14 : Side: Wilkomir: I can help u
17:12:26 : Side: Wilkomir: Pls just dont shoot me ok?
18:31:18 : Side: GBK:   they are very bad xD xD
18:33:00 : Side: GBK: aircraft krasno
18:33:14 : Side: GBK: I am one, and you?
18:33:18 : Side: GBK: xD
18:33:38 : Side: GBK: They can not with me xD xD
18:37:10 : Side: DELETED: Русские вы где?
18:38:28 : Side: DELETED: Снайпер на Срасно(спец.икоряжил) ты русский?
18:38:31 : Side: Sierra [SD]: English only in side please.
18:38:39 : Side: GBK: english
18:38:56 : Side: DELETED: Why?
18:39:05 : Side: Sierra [SD]: Because its the rules
18:39:26 : Side: DELETED: My eng BAD
18:39:50 : Side: Peasant: Our russian is worse I bet, so speak english
18:40:02 : Side: GBK: translator
18:40:23 : Side: DELETED: POSLU NA XYU PIDARI
18:40:29 : Side: Peasant: wow
18:41:59 : Side: Sierra [SD]: I also suggest that you lot disperse from the aircraft trader
18:43:34 : Side: GBK: Who is here
18:44:23 : Side: GBK: in aircraft 
18:44:31 : Side: GBK: krasno
18:45:36 : Side: GBK: xD
18:46:03 : Side: GBK: The last 40 minutes I'll spend it here
18:50:40 : Side: GBK: xDDDDDDDDDDD
18:52:05 : Side: GBK: 4?
18:52:14 : Side: GBK: 3?
18:52:19 : Side: GBK: vs 1?
18:52:25 : Side: GBK: xDDDDDDDDD
18:53:56 : Side: GBK: zafe zone xDDDD
18:54:56 : Side: GBK: admin
18:55:35 : Side: GBK: admindw
18:56:03 : Side: Sierra [SD]: yes?
18:57:00 : Side: GBK: why they took me out of the aircraft
18:57:10 : Side: Sierra [SD]: because I told you all to disperse
18:57:36 : Side: Sierra [SD]: instead you all keep mucking around in the trader
18:57:48 : Side: 2DIE4: hahahahh cute
18:58:16 : Side: picachy: admin
18:58:19 : Side: GBK: I arrived first and did the mission
18:58:28 : Side: 2DIE4:  omg 
18:59:19 : Side: picachy: admin you can caming to me please?
18:59:57 : Side: GBK: I do not think it's fair
19:00:00 : Side: Sierra [SD]: I suggest you all do what you need to do at the trader and leave. Stop keep mucking around.
19:00:59 : Side: picachy: admin i need speack witch you , you can coming?
19:01:50 : Side: Sierra [SD]: We have a ts if you need to speak to an admin
19:02:44 : Side: picachy: you can cheack player 2DIE4 please, its have a maphack.
19:03:09 : Side: 2DIE4:   lol    sierra please check me   the whole  10 yrs up and down
19:04:01 : Side: 2DIE4:  they think just because i use my brain  or  i am at a  mission first being parient   and then shoot em tha i hack   hahahah thx 4  the compliment  =)
19:04:02 : Side: Sierra [SD]: You've been hacking again 2DIE4 honestly - you are such a bad boy! :P
19:04:34 : Side: 2DIE4:  i love u sierra  and the sarkastic humor  XD
19:05:34 : Side: Sierra [SD]: ;)
19:19:50 : Side: picachy: admin and you have to let him play with maphack ??
19:20:05 : Side: Sierra [SD]: 2DIE4 does not have a maphack
19:21:47 : Side: picachy: you are sure? its not have ?
19:22:08 : Side: Sierra [SD]: Yes - he is just a good player - he spends alot of time on here
19:22:10 : Side: Peasant: nice rpg shot.. missed a lil bit
19:23:45 : Side: picachy: then where always knows where I am?
19:24:01 : Side: 2DIE4:  i dont know if its u or anybody else
19:24:14 : Side: Peasant: its called being good at the game numnuts.. lookfor zombies,scan the trees, use gps
19:24:16 : Side: Peasant: stop crying
19:24:19 : Side: 2DIE4:  i just know ther  is two of u  and when i shoot one the other wont be far
19:24:31 : Side: 2DIE4:   thx peasant
19:25:11 : Side: 2DIE4:  i love the choice of words  XD 
19:30:00 : Side: 2DIE4:  its funny how ppl dont whine when they kill me and  they start to bragg about it aswell XD
19:30:22 : Side: Sierra [SD]: xD
19:30:32 : Side: Peasant: yep, pisses me off when people shout hacks just cos someoneis better than they are
19:30:46 : Side: 2DIE4: its a compliument  =)
19:31:09 : Side: Peasant: I guess it is yeah :D
21:14:30 : Side: Winans: is a blackhawk able to lift?
21:43:49 : Side: 2DIE4:  lol kick the admin
21:44:02 : Side: Sierra [SD]: xD
21:44:51 : Side: Hailstorm: who is  at bandit?
21:44:58 : Side: 2DIE4:  come down mate
21:45:02 : Side: Hailstorm: no
21:45:10 : Side: Hailstorm: we have enough time
21:49:06 : Side: Hailstorm: new toy???
21:55:49 : Side: ChineseBandit: Hello?
22:00:23 : Side: ChineseBandit: Hello
22:00:32 : Side: 2DIE4: hi
22:00:45 : Side: ChineseBandit: this server been here long?
22:01:06 : Side: Staneles: hello
22:01:13 : Side: Winans: how u define long
22:01:18 : Side: Staneles: don't know i m newbie
22:01:24 : Side: Staneles: ahah 
22:01:35 : Side: ChineseBandit: me to
22:01:47 : Side: Staneles: but im find and you ^^ ?
22:01:48 : Side: ChineseBandit: like a few months
22:02:17 : Side: Staneles: i played 3 years ago and yesterday i reload the game
22:02:29 : Side: ChineseBandit: oh ok
22:02:41 : Side: Winans: its a good server !
22:02:48 : Side: Staneles: i hope
22:02:51 : Side: 2DIE4:  im  anoob aswell only 2000+ hours 
22:02:54 : Side: Staneles: where are you guys ?
22:03:09 : Side: Staneles: maybe we have to play rp ?
22:03:11 : Side: ChineseBandit: ahh good im going nw airfield im fresh spawn
22:03:30 : Side: Staneles: i am to thernogosk
22:03:39 : Side: Winans: care ai at nw airfield
22:03:45 : Side: Winans: northern sector of it
22:03:50 : Side: Staneles: okok
22:03:56 : Side: Staneles: see you later so ^^
22:04:21 : Side: Staneles: it's dangerous to be in a city a the begin ?
22:04:29 : Side: Winans: nah not really
22:04:35 : Side: Winans: not much on the coast
22:04:41 : Side: Winans: unless u loot the military camps
22:04:46 : Side: Staneles: okok
22:04:59 : Side: Staneles: military camp are in the north ?
22:05:09 : Side: Winans: but care dichina and novy got some ai on it
22:05:12 : Side: Winans: check ur map
22:05:22 : Side: Staneles: kk
22:05:29 : Side: Winans: krutoy camp and three valley military loot ajnd no ai
22:07:42 : Side: Turmoil: Hello all my children <3
22:07:45 : Side: Winans: hi
22:07:47 : Side: 2DIE4: =)
22:07:55 : Side: ChineseBandit: hello dad
22:08:05 : Side: Turmoil: i got new kids i see
22:08:07 : Side: Hailstorm: hello 
22:08:13 : Side: Staneles: hello
22:08:25 : Side: Staneles: yes you are my dad so ?
22:08:33 : Side: Staneles: i finaly found you ;)
22:08:53 : Side: Turmoil: i can be everybodys dad, except 2DIE4 couse hes older than me
22:08:56 : Side: Turmoil: he can be your grandad
22:09:23 : Side: Staneles: of course ! new family :)
22:09:49 : Side: Staneles: if you are my dad don't shoot me when you see me
22:09:53 : Side: Turmoil: just remember that grandad is a bit unstable, so he might shoot you :) isnt that right 2DIE4?
22:10:09 : Side: 2DIE4:  ahhahahaahah   yap =)
22:10:32 : Side: Staneles: ahaha
22:11:20 : Side: ChineseBandit: like this server so far :)
22:11:47 : Side: 2DIE4: were all fun guys 
22:11:49 : Side: Laurence Gommersil: turmoil!!!!!!!!!!!!!!!!
22:11:56 : Side: Turmoil: hey laurie <3
22:11:58 : Side: 2DIE4:  unless u start whining
22:11:59 : Side: Turmoil: Laurence <3
22:12:00 : Side: Laurence Gommersil: inv me..
22:12:17 : Group: Laurence Gommersil: DUDE
22:12:26 : Side: Hailstorm: ahh, armed little in the air and make everything down
22:12:29 : Group: Laurence Gommersil: did u just place a fucking plot pole in my base
22:12:47 : Group: Turmoil: your base? its prismic, if you are gonna complain about it im gonna shoot you in your head
22:13:04 : Group: Turmoil: Prismic left the doors open last night when he logged out, i replaced the plotpole to LOCK YOUR FUCKING DOORS!!!
22:13:10 : Group: Turmoil: so noone would raid your base
22:13:45 : Group: Laurence Gommersil: you know how much trouble we went throgh
22:14:00 : Group: Turmoil: well, your base is still there, huh? 
22:14:07 : Group: Laurence Gommersil: inv prismic
22:14:37 : Group: Turmoil: i did
22:15:41 : Side: 2DIE4:  he had the nerve to shoot 4 me
22:15:51 : Group: Turmoil: have you got the plotpole back in order?
22:16:24 : Side: ChineseBandit: it was me that shot at you, he didn't shoot first anyway
22:16:34 : Side: 2DIE4:  dont matter 
22:16:39 : Side: ChineseBandit: what ever
22:16:58 : Side: SleevlessBand1t: dick
22:17:12 : Side: ChineseBandit: seems legit
22:17:15 : Side: Turmoil: Prismic....
22:17:19 : Group: Turmoil: Pris---
22:17:29 : Group: PRISMIC: YES BABE
22:17:37 : Group: Turmoil: you got access now?
22:17:46 : Group: Laurence Gommersil: after 10 hours yes :)
22:17:53 : Group: PRISMIC: yes mate thank you i guess aha
22:18:14 : Group: Turmoil: alright, good... and prismic, tell your little friend there to be a bit more respectfull, i almost blew up your base in anger just now
22:18:25 : Group: Turmoil: i help you guys and he comes shouting at me for helping you guys... 
22:18:27 : Side: 2DIE4: like i said,,,,,
22:18:34 : Side: 2DIE4: ayll fun n games till#+
22:18:44 : Side: 2DIE4: someone gets hurt  XD
22:18:47 : Group: PRISMIC: say again >
22:19:04 : Group: Turmoil: he comes on here like DUDE did you place a fucking plotpole in our base?!?!
22:19:14 : Side: ChineseBandit: wow seems very legit xD bb server onto the next
22:19:24 : Side: 2DIE4:  lol sissi
22:19:29 : Side: Turmoil: lol
22:19:37 : Side: 2DIE4:  get lost 
22:19:40 : Side: Sierra [SD]: xD
22:19:44 : Side: ChineseBandit: nah don't need admin abuse have fun with your 10 pop server xD
22:19:55 : Side: 2DIE4:    dude im not an admion  u just suck
22:20:00 : Group: Turmoil: i could have let it all open so Negan could have walked right in, you had two safes that was unlocked as well, btw... 
22:20:03 : Side: Sierra [SD]: he isnt admin lol
22:20:08 : Side: 2DIE4:  go suck 4  a penny on the corner
22:20:28 : Group: PRISMIC: thank you mate love you !!
22:20:31 : Side: ChineseBandit: what ever you say xD your not going to get people on the server with dicks like that bye.
22:20:39 : Group: Turmoil:     <3
22:20:39 : Side: Sierra [SD]: byeee sweetie
22:20:42 : Side: 2DIE4:  play tetris noob
22:20:51 : Side: Turmoil: bye bye honeypuff <3
22:21:40 : Group: PRISMIC: turmoil u do know she is marrird ? XD xx
22:21:55 : Group: Turmoil: know that who is married?
22:22:02 : Group: PRISMIC: sierra ?
22:22:04 : Side: 2DIE4:  bet they even suck on a  PVE server
22:22:15 : Group: Turmoil: with me yeah
22:22:21 : Side: Turmoil: sierra, you love me right?
22:22:33 : Side: Sierra [SD]: Of course I do my little snugglepuff
22:22:42 : Side: Winans: wtf
22:23:08 : Side: Turmoil: you do too LWB, admit it and you'll have all the beer you want
22:23:41 : Group: Turmoil: there you see Prismic?
22:23:58 : Group: Laurence Gommersil: calm down
22:24:15 : Group: Turmoil: i am calm as an ice cube little man
22:24:25 : Side: 2DIE4:  oh LWB 
22:24:30 : Group: Laurence Gommersil: what about dry ice
22:24:31 : Side: 2DIE4: btw 
22:24:33 : Group: Turmoil: offcourse i know she is married as well, i chat with both her and her husband every day :) 
22:24:38 : Group: Turmoil: i dont like it dry :) 
22:24:41 : Side: 2DIE4:   please scan me up and down 4 maphacks  Xd
22:24:52 : Side: 2DIE4:  been accused today   ... AGAIN!
22:24:59 : Side: Turmoil: lol hacker xD <3
22:25:19 : Side: 2DIE4:  u MUST find something i cant be that good  Xd
22:25:20 : Side: Sierra [SD]: we can't keep doing it everytime!! :P
22:25:52 : Side: Staneles: this game is a great dicovery
22:25:57 : Group: Turmoil: whoever is shooting at my base, stop..
22:26:10 : Side: Staneles: better than the standalone
22:26:14 : Group: PRISMIC: no o !!
22:26:17 : Side: Winans: yeah
22:26:26 : Side: 2DIE4:  ,its me
22:26:35 : Side: Laurence Gommersil: 2die4 omg...
22:26:47 : Side: Laurence Gommersil: u scared me
22:27:01 : Side: 2DIE4:  stop shooting i t was just  a kinock knock
22:27:16 : Side: PRISMIC: the as50 was on its way out xd
22:27:24 : Side: Turmoil: hey there 2DIE ^^
22:27:32 : Side: Turmoil: watch out for AI
22:28:43 : Direct: 2DIE4:  hey turm i see u  XD
22:30:40 : Side: 2DIE4:  so whoever i killed on NWA    ther is  acorpse  on the hospital aswell as on the firestation 
22:31:12 : Group: Laurence Gommersil: sick heli
22:32:53 : Side: Hailstorm: ok, good night my friend, see u tommorow
22:33:00 : Side: Hailstorm: *friends
22:33:22 : Side: Sierra [SD]: night! :)
22:34:21 : Side: Sierra [SD]: Right I am logging, night all! :)
22:34:34 : Side: 2DIE4: bb =)
22:37:42 : Side: 2DIE4: M2 ?
22:39:29 : Side: 2DIE4: M2 down?
22:39:52 : Side: PRISMIC: dont think there is one ?
22:41:53 : Group: Laurence Gommersil: 2die4 ai or player?
22:41:58 : Side: 2DIE4: one more alive
22:42:04 : Group: Laurence Gommersil: where?
22:42:33 : Side: 2DIE4: dunno
22:43:44 : Side: 2DIE4: happy looting
22:43:58 : Group: PRISMIC: thank you x
22:45:33 : Group: 2DIE4:  chopper comin
22:54:03 : Group: PRISMIC: 2die4 look on the map now,, what mission will me and jacob get the most money from mate ? x
22:54:38 : Group: 2DIE4: can tell
23:09:19 : Side: salli: hello everyone
23:09:29 : Side: Staneles: hi
23:09:37 : Side: salli: how are you ?
23:16:39 : Side: Laurence Gommersil: noob
23:16:44 : Side: salli: how many people normally hop on ?
23:16:54 : Side: Laurence Gommersil: who just stole my heli
23:17:30 : Side: Laurence Gommersil: 2die4 if that was you
23:17:40 : Side: Laurence Gommersil: was it?
23:17:43 : Side: 2DIE4:  nope 
23:17:49 : Side: 2DIE4:   im on my base mate
23:17:58 : Side: salli: what type of heli ?
23:18:43 : Side: 2DIE4:  laurence what  your position?
23:19:11 : Group: Laurence Gommersil: nato weapon
23:19:39 : Group: 2DIE4:  wich direction?
23:20:02 : Group: Laurence Gommersil: infront of black hawk crash
23:20:32 : Group: 2DIE4: what?
23:21:49 : Group: 2DIE4: ill check bandit
23:26:20 : Group: 2DIE4: cant find it
23:26:37 : Group: 2DIE4:  was it armed?
23:26:52 : Group: Laurence Gommersil: ye
23:30:56 : Side: Staneles: tell me guys can we retrive our stuff of fisrt live fi we dead 2 times ?
23:31:16 : Side: Staneles: if*
23:36:08 : Side: Turmoil: whos the genious who actually marks their body on the map for everyone to see? :)
23:36:21 : Side: Staneles: oh
23:36:31 : Side: Staneles: so everyone see ? ^^
23:36:44 : Side: Turmoil: yeah, those marks can be seen... there are bandits on here so you should be carefull :)
23:37:17 : Side: Staneles: how can i delete ?
23:37:27 : Side: Turmoil: open map and hit delete i think
