01:41:10 : Side: Faldehals: this woodramps need a pole to builde or not ?
01:41:48 : Side: Faldehals: dann find ichs halt selbst raus
01:41:54 : Side: Faldehals: tze
02:01:23 : Side: Faldehals: das doch kacke wie soll ich ne rampe ins wasser baun wenn ich dazu nen scheiss plot brauch
04:14:52 : Side: Faldehals: i builde a ramp in the water i hope the jetsky jumps :D
04:37:37 : Side: Faldehals: you guys make this mission at the airfield ?
04:54:13 : Side: MeGa_Koffiepot: i help you zhit q ;ission .p
04:57:12 : Side: MeGa_Koffiepot: i help you out after restart 
04:57:17 : Side: MeGa_Koffiepot: gg lee
04:59:38 : Side: GG_LEE_SIN: if u want
04:59:59 : Side: Faldehals: ?
05:00:10 : Side: GG_LEE_SIN: help me
05:03:28 : Side: Faldehals: what kinde of help you need ?
05:04:01 : Side: GG_LEE_SIN: I think, no
05:04:11 : Side: Faldehals: k
05:04:17 : Side: GG_LEE_SIN: I'm learn
05:06:22 : Side: GG_LEE_SIN: u from Germany?
05:06:53 : Side: Faldehals: ja
05:06:58 : Side: Faldehals: you ?
05:07:55 : Side: GG_LEE_SIN: hah, I'm from Russia
05:08:35 : Side: GG_LEE_SIN: what u think about my country?
05:08:40 : Side: Faldehals: thats not realy far away
05:08:53 : Side: GG_LEE_SIN: if it is not sicret
05:09:32 : Side: Faldehals: not sure what you mean 
05:10:48 : Side: GG_LEE_SIN: may be)
05:11:05 : Side: Faldehals: maybe what ?
05:12:03 : Side: GG_LEE_SIN: hmm, may be I'm not understand, that u sad
05:12:31 : Side: GG_LEE_SIN: because i speak is not so good
05:13:02 : Side: Faldehals: and i dont know i can think about your question what i think about your country ?!
05:13:20 : Side: GG_LEE_SIN: yes
05:13:57 : Side: Faldehals: or ou mean what i think about russians ?
05:15:02 : Side: GG_LEE_SIN: because whole world think that russia - provocateur :D
05:16:53 : Side: Faldehals: let others think what they want . 
05:17:03 : Side: GG_LEE_SIN: its
05:17:12 : Side: GG_LEE_SIN: true
05:17:34 : Side: Faldehals: i think my own things ;)
05:18:28 : Side: GG_LEE_SIN: shure, u're right
05:18:33 : Side: Faldehals: but i know that russians and germans are not the best frindes idk why 
05:19:39 : Side: Faldehals: and for this ppls got a problem with ... thats not my problem hehe
05:20:06 : Side: GG_LEE_SIN: yes. i think
05:20:07 : Side: Faldehals: im neutral and never got a problem with russians
05:20:36 : Side: Faldehals: how olde are you ?
05:20:42 : Side: GG_LEE_SIN: o'kay, what u sity from?
05:20:50 : Side: GG_LEE_SIN: city*
05:21:25 : Side: GG_LEE_SIN: friend of my mather from Rostok
05:21:49 : Side: Faldehals: i live near Frankfurt
05:22:42 : Side: GG_LEE_SIN: mmm, i'm live and learn in Moscow
05:23:11 : Side: Faldehals: ahh in the capitolcity 
05:23:36 : Side: Faldehals: what you guys playing like hero or bandit ?
05:24:08 : Side: MeGa_Koffiepot: i got a bandit score but some times i help ppl out :) 
05:24:22 : Side: GG_LEE_SIN: yes)) but i born in Tver, it's not far Moscow
05:24:28 : Side: Faldehals: lol out of what ?
05:24:49 : Side: GG_LEE_SIN: any my friends playing as bandits, any as me - hero
05:25:19 : Side: Faldehals: i play hero at the first time i start play this game
05:26:59 : Side: GG_LEE_SIN: my friend playing bandit and have...24 thousant humanity
05:27:15 : Side: Faldehals: but -
05:27:30 : Side: MeGa_Koffiepot: yeah - :p
05:27:32 : Side: Faldehals: am at +10757 now
05:27:35 : Side: GG_LEE_SIN: yes
05:27:38 : Side: MeGa_Koffiepot: nice
05:27:42 : Side: GG_LEE_SIN: cool
05:27:50 : Side: MeGa_Koffiepot: im -39936
05:28:42 : Side: Faldehals: thats not easy to play as hero but as bandit couse you can kill all you like
05:29:03 : Side: GG_LEE_SIN: at first time i was a hero and have 3 thousant
05:30:13 : Side: GG_LEE_SIN: afer that im killed heros and got 1 thausant
05:31:30 : Side: GG_LEE_SIN: and i treated mach times my friend and got +2 thousant humanity :D lol
05:34:44 : Side: MeGa_Koffiepot: gg lee did you need help whit a mission?
05:38:28 : Side: GG_LEE_SIN: i think, no
05:47:14 : Side: Faldehals: lol now lets have fun
05:47:34 : Side: GG_LEE_SIN: what happen?
05:48:05 : Side: Faldehals: i go to bought a jetsky and try to jump 
05:49:37 : Side: Faldehals: i hope the ramp works
05:50:17 : Side: GG_LEE_SIN: ahah
05:50:28 : Side: GG_LEE_SIN: oo
05:50:38 : Side: Faldehals: LOL what a fuing trader must swim 100m to it
05:50:44 : Side: GG_LEE_SIN: mya be u played in LOL?
05:51:09 : Side: GG_LEE_SIN: may*
05:52:20 : Side: GG_LEE_SIN: League of Legends
05:52:28 : Side: Faldehals: na
05:52:33 : Side: GG_LEE_SIN: ?
05:52:51 : Side: Faldehals: come to the wholesaller near the faktori if you like to see 
05:53:39 : Side: Faldehals: cant make a marker i put all in storage
05:54:21 : Side: Faldehals: i think it works now bit faster i try
05:54:23 : Side: Faldehals: HAHA
05:54:42 : Side: GG_LEE_SIN: where factory?
05:55:15 : Side: Faldehals: the bootsdealer near this camp
05:55:50 : Side: Faldehals: damn i put the map in it to :(
05:55:57 : Side: GG_LEE_SIN: if u want we can playing together
05:56:02 : Side: MeGa_Koffiepot: i come en look yo your ramp ^^
05:56:07 : Side: Faldehals: also not this at kamenka
05:56:44 : Side: Faldehals: thats you ?
05:56:48 : Side: MeGa_Koffiepot: yup
05:56:50 : Side: Faldehals: sec
05:56:50 : Side: MeGa_Koffiepot: hey
05:57:00 : Side: MeGa_Koffiepot: how is the ramp going?
05:57:32 : Side: GG_LEE_SIN: o'kay, i searched
05:57:43 : Side: Faldehals: lol
05:57:45 : Side: MeGa_Koffiepot: hahahah :X NICE
05:57:54 : Side: GG_LEE_SIN: across 5 minutes
05:57:57 : Side: MeGa_Koffiepot: sweet
05:58:02 : Side: Faldehals: i think i builde it to deep
05:58:14 : Side: MeGa_Koffiepot: lol
05:58:47 : Side: Faldehals: carful 
05:58:48 : Side: MeGa_Koffiepot: new challenge xP
05:58:55 : Side: Faldehals: lol
05:59:19 : Side: MeGa_Koffiepot: hahahahhahahaha
05:59:20 : Side: Faldehals: lol
05:59:25 : Side: MeGa_Koffiepot: front flip :p
05:59:44 : Side: Faldehals: not far junp
06:00:06 : Side: Faldehals: need a plot to builde it new
06:01:56 : Side: Faldehals: WOOOOHOOOO
06:02:06 : Side: Faldehals: 250 speed HAHA
06:02:15 : Side: Faldehals: but -
06:03:57 : Side: Faldehals: HAHAHA COME HERE YOU must see this sry caps
06:04:50 : Side: Faldehals: but not to close idk where i fly around haha
06:06:27 : Side: Faldehals: you come or not ?
06:06:51 : Side: GG_LEE_SIN: ahahahahahhahaha
06:07:02 : Side: Faldehals: ?
06:07:05 : Side: GG_LEE_SIN: im blew a uaz
06:07:15 : Side: GG_LEE_SIN: im fucking driver
06:07:19 : Side: Faldehals: was that yours ?
06:07:34 : Side: Faldehals: ahh you drive i think you drop it 
06:07:49 : Side: GG_LEE_SIN: i learn
06:09:00 : Side: GG_LEE_SIN: 4km
06:09:03 : Side: Faldehals: i go to get a plotpole and builde e new better ramp i need 1/2 flours to go mor in 
06:09:40 : Side: GG_LEE_SIN: go in a group
06:10:13 : Side: Faldehals: i have no map
06:10:30 : Side: GG_LEE_SIN: i dont see u
06:10:57 : Side: GG_LEE_SIN: in a map
06:10:57 : Side: Faldehals: i see you at a symbol
06:11:25 : Side: GG_LEE_SIN: ame to
06:11:33 : Side: Faldehals: maybe we need to get as frendly
06:12:08 : Side: GG_LEE_SIN: i think)
06:12:12 : Side: Faldehals: tag or idk in english
06:12:29 : Side: Faldehals: ill try to finde a map
06:27:56 : Side: Faldehals: lol what a gay childe i tell i go to camp and this fukcing kid comes to kill me at 4 ppls on server
06:28:32 : Side: MeGa_Koffiepot: i think you got killd by aI
06:28:50 : Side: Faldehals: i hope you mofo saw that i dont choot back but nor its better you run
06:29:01 : Side: Faldehals: ther was no ai
06:29:14 : Side: Faldehals: what msg comes ?
06:29:29 : Side: Faldehals: was there a NN or AI ?
06:29:48 : Side: MeGa_Koffiepot: NN = AI
06:29:58 : Side: Faldehals: i was in befor the last restart mor about 20 min there was nothing
06:30:07 : Side: Faldehals: WOW realy lol
06:30:23 : Side: Faldehals: i realy was thinking there is no ai
06:30:49 : Side: Faldehals: cause i watch it aout and saw nothing
06:31:14 : Side: MeGa_Koffiepot: some loot spots there spawns ai patrolls
06:31:19 : Side: Faldehals: bad if they spawns behinde you wen you get in
06:31:37 : Side: Faldehals: sure but so late
06:31:59 : Side: Faldehals: what ever i open there asses now
06:32:19 : Side: GG_LEE_SIN: i need instruments
06:32:23 : Side: Faldehals: i got only a pdw sd
06:41:21 : Side: Faldehals: was in the other camp got a dmr but no ai
06:41:31 : Side: GG_LEE_SIN: ok
06:41:47 : Side: GG_LEE_SIN: it's my fail that i blaw my car
06:42:26 : Side: Faldehals: umpf there is a cow and i have no knife
06:47:58 : Side: GG_LEE_SIN: what happen?
06:48:09 : Side: Faldehals: sec
06:48:17 : Side: GG_LEE_SIN: okay
06:59:09 : Side: Faldehals: that wasnt ai the ai never takes your gun and put a svd camo in your body
07:04:52 : Side: GG_LEE_SIN: i has maaaaaaaaaaaaaaaany friends
07:05:03 : Side: GG_LEE_SIN: and not so much ammo
07:05:30 : Side: MeGa_Koffiepot: can i get a ride plz?
07:05:39 : Side: GG_LEE_SIN: 10 angry zombies
07:06:10 : Side: Faldehals: i have only a mozzie deploi stuff
07:06:20 : Side: GG_LEE_SIN: hah
07:07:41 : Side: MeGa_Koffiepot: damm my game crasht whil flying ggrrr
07:08:12 : Side: GG_LEE_SIN: ((
07:14:22 : Side: Faldehals: lol this idiot takes only my pdwsd and not the gold ond the gastanktuning book what you cant buy
07:14:50 : Side: Faldehals: i was 100% sure that was no AI
07:15:11 : Side: GG_LEE_SIN: ahahahha
07:15:26 : Side: GG_LEE_SIN: he's really idiot))
07:15:47 : Side: Faldehals: think a noob 
07:17:25 : Side: Faldehals: and not the magazines for the pdw only real the fuing gun
07:17:40 : Side: Faldehals: and put a svd camo in
08:33:38 : Side: GG_LEE_SIN: haha
08:33:53 : Side: Faldehals: ?
08:34:01 : Side: GG_LEE_SIN: im searched instruments))))
08:34:24 : Side: GG_LEE_SIN: across 2 hours :D
08:35:29 : Side: GG_LEE_SIN: in this time I killed 70 zombies TT_TT
08:35:56 : Side: Faldehals: with hotwirekits ?
08:37:18 : Side: GG_LEE_SIN: no :D
08:37:32 : Side: GG_LEE_SIN: pfffffffffffffffffffffffffffffffffffffffffffff
08:37:42 : Side: GG_LEE_SIN: and now i search a car
08:37:55 : Side: GG_LEE_SIN: fucking game :D
08:38:10 : Side: Faldehals: why search , bought one thats epoch lol
08:41:03 : Side: Faldehals: what car you like ?
08:41:45 : Side: GG_LEE_SIN: i have screenshort in steam
08:41:56 : Side: GG_LEE_SIN: my steam 1997specialist
08:43:40 : Side: GG_LEE_SIN: what car i have now?)
08:43:58 : Side: Faldehals: idk im ofline at steam
08:45:29 : Side: GG_LEE_SIN: may be u heard about "zaporojets"?)))
08:45:42 : Side: Faldehals: not real
08:45:49 : Side: GG_LEE_SIN: it's car as zaporojets)))
08:46:00 : Side: GG_LEE_SIN: u can search in google
08:46:53 : Side: Faldehals: ill do but im of now i need to go sleep :/
08:47:05 : Side: Faldehals: guys hf gl cya
08:47:06 : Side: GG_LEE_SIN: okay)))
08:47:13 : Side: GG_LEE_SIN: good night))
08:47:39 : Side: GG_LEE_SIN: but now in russia a morning)
08:47:48 : Side: Faldehals: here to lol
08:48:01 : Side: Rassel: с добрым утром )
08:52:05 : Side: [RussianMafia]Godfather: admin
09:14:26 : Side: ReaperZA: messed with the wrong bambi
09:43:25 : Side: [RussianMafia]Godfather: adminw
09:43:39 : Side: Turmoil: admin is not here
09:43:40 : Side: [RussianMafia]Godfather: admin
09:43:44 : Side: [RussianMafia]Godfather: ok
09:43:57 : Side: Turmoil: you can go into their TS if you need help fast :)
09:52:12 : Side: Turmoil: can i help you?
09:52:29 : Side: Rassel: f u )
09:52:42 : Side: Turmoil: me?
09:53:08 : Side: 2DIE4:  hey russelo we dont tolerate behaviour like that here#
09:53:22 : Side: Turmoil: what have i done to you? o.O
09:55:08 : Side: Turmoil: hey 2DIE4 :) how are you doing today?
09:55:23 : Side: 2DIE4:  didnt get hacked so  ok  =)
09:55:29 : Side: Turmoil: good good :D
09:55:36 : Side: 2DIE4:  lol and relog  scrolll  AAAAAAAAAAAAAAAAAAAAAAAAAAA
10:25:16 : Side: JohnnyFloss: lol
10:29:56 : Side: [RussianMafia]Godfather: lock safe(
10:30:24 : Side: Turmoil: i see you
10:40:18 : Side: Joshuaa: can chainsaws break down wooden doors?
10:41:04 : Side: 2DIE4:  hey u russian guys ... ill make sure u will not get back a single piece of ya stuff in the future .... 
10:41:09 : Side: Royoo: ruckelt aber gut ab hier
10:41:24 : Side: Turmoil: two of them are here 2DIE4
10:41:31 : Side: 2DIE4:  where?
10:41:54 : Side: Turmoil: they got koffie pinned down
10:42:00 : Side: 2DIE4:  where?`
10:42:00 : Side: Turmoil: i invited you
10:42:18 : Side: 2DIE4:  ok 
10:43:16 : Side: 2DIE4:  how did he get there so fast? he killed me in gorka
10:45:49 : Side: Joshuaa: can chanisaws break wood doors
11:00:47 : Side: [RussianMafia]Godfather: thx fo 2 L115
11:21:32 : Side: Turmoil: i dont have anything on me you pieces of shits, you just killed me -_-
11:54:06 : Side: [RussianMafia]Godfather: O
11:54:22 : Side: [RussianMafia]Godfather: Oh no you sell hellicopter
13:38:34 : Side: [RussianMafia]Vova: xD
13:38:39 : Side: [RussianMafia]Vova: Hello
13:40:30 : Side: ??????: god faggot
13:49:25 : Side: [RussianMafia]Godfather: sashka you need key?
13:49:33 : Side: ??????: иди нахуй ебан
13:49:35 : Side: [RussianMafia]Godfather: Ot 4ego oH?
13:49:46 : Side: ??????: ебаные шакалы) которые в 5 ходят
13:49:53 : Side: ??????: найс играете
13:50:01 : Side: [RussianMafia]Godfather: okay
13:50:08 : Side: ??????: тебе лет 15 не больше
13:50:16 : Side: [RussianMafia]Godfather: 21
13:50:25 : Side: ??????: соска
13:50:27 : Side: Sir LongSleeves: guys
13:50:36 : Side: Turmoil: comon, read the rules
13:50:37 : Side: [RussianMafia]Godfather: okay
13:50:40 : Side: Sir LongSleeves: English, server rules
13:50:48 : Side: Sir LongSleeves: dont make us report you
13:50:56 : Side: ??????: tramp server?
13:51:25 : Side: ??????: в кс играешь?
13:51:30 : Side: [RussianMafia]Godfather: Little bird mmm
13:51:31 : Side: [RussianMafia]Godfather: thx
13:51:33 : Side: [RussianMafia]Godfather: noob
13:51:49 : Side: ??????: подарок тебе на новый год)
13:51:56 : Side: ??????: у нас всё равно голды 1000
13:52:00 : Side: Sir LongSleeves: dude
13:52:03 : Side: Sir LongSleeves: english
13:52:16 : Side: Sir LongSleeves: or the admin will ban you
13:52:18 : Side: [RussianMafia]Godfather: yeah yeah
13:52:21 : Side: ??????: играешь нет в контру?
13:52:25 : Side: [RussianMafia]Godfather: da
13:52:34 : Side: [RussianMafia]Godfather: global
13:52:37 : Side: ??????: го сыграем
13:52:38 : Side: Sir LongSleeves: ok your banned ??????
13:52:45 : Side: ??????: я тебя разъебу
13:52:47 : Side: [RussianMafia]Godfather: go money
13:52:56 : Side: [RussianMafia]Godfather: oh you suck
13:53:00 : Side: ??????: steam пиши добавлю
13:54:15 : Side: Turmoil: reported them :)
13:54:42 : Side: ??????: close your mouths
13:55:05 : Side: Turmoil: behave in a normal matter man, not like a 10 year old
13:55:08 : Side: ??????: fatty fagots, fastud
13:55:29 : Side: Sir LongSleeves: dude your going to be removed for offensive language
13:55:46 : Side: Turmoil: please try to behave a bit
13:56:05 : Side: ??????: э герой чё замолчал то, го сыграем я тебя со своим бигстаром разъебу даже
13:56:33 : Side: Sir LongSleeves: omg the percentage of braindead this guy is...
13:56:51 : Side: Turmoil: why can't you just type in english like everybody else? 
13:56:52 : Side: Sir LongSleeves: must be over 9000
13:57:28 : Side: Turmoil: or use teamspeak perhaps, might be a good choice and you can speak as much as you want in your own language as well :)
13:58:39 : Side: ??????: чушки которые стадом играют, давайте играйте окей бегайте в 4 в 5 против 2. всё понят
13:59:33 : Side: GG_LEE_SIN: ZAKROYSYA YJE
14:00:19 : Side: Turmoil: 2DIE4, knock some sence into them :P
14:00:38 : Side: Sir LongSleeves: if you wont, we will
14:05:03 : Side: 2DIE4:  MV22 coming to the aircraft trraer  
14:05:16 : Side: 2DIE4:  be  fast   get em down
14:05:26 : Side: Kev: wont happen
14:22:32 : Side: [RussianMafia]Godfather: admin
14:22:46 : Side: Turmoil: admin is not here
14:23:04 : Side: 2DIE4:  they will never get it
15:11:13 : Side: [RussianMafia]Godfather: KoffePod you buy heli)
15:13:26 : Side: Turmoil: 2DIE4?
15:13:36 : Side: 2DIE4: ?
15:13:40 : Side: Turmoil: wanna have a beer? ^^
15:13:46 : Side: 2DIE4:  XD
15:13:55 : Side: Turmoil: just realized you can buy em at trader
15:16:41 : Side: Turmoil: can you buy camo netting anywhere?
15:16:52 : Side: GG_LEE_SIN: Thanks, I wanted kill self)
16:01:02 : Side: 2DIE4:  GET HIS BODY I MARKET IT
16:01:18 : Side: [RussianMafia]Godfather: Okay okay
16:01:27 : Side: Arne: yes get it nice and good
16:58:18 : Side: [RussianMafia]Godfather: admin
17:09:12 : Side: Arne: can you put a lockbox without a plot pole?
17:09:22 : Side: Kev: y
17:09:23 : Side: Michael: yes
17:09:27 : Side: Arne: cool
17:14:02 : Side: Otimimpack: eae
17:14:36 : Side: Tobimofat: Did the map get cleared or something?
17:15:30 : Side: Tobimofat: All my vehicles are gone and when i try to locate em they say they are no longer in the database?
17:30:03 : Side: Otimimpack: eae
17:36:04 : Side: [RussianMafia]Godfather: go vote night 
17:37:37 : Side: Hailstorm: you want night, you and your mates cant do a mission at day, so how you will do this at night :P
17:37:56 : Side: Winans: true story
17:38:08 : Side: [RussianMafia]Godfather: Go NIGHT PLEASE
17:38:11 : Side: [RussianMafia]Godfather: 1 rr
17:38:24 : Side: 2DIE4:  HEARD THEY R SCARED OF THE DARK  xd
17:40:23 : Side: ReaperZA: niccee
17:50:50 : Side: ReaperZA: niiiccccceee
17:51:51 : Side: MeGa_Koffiepot: LOL WHERE did you get hem?
17:51:58 : Side: 2DIE4:  at their base
17:52:13 : Side: MeGa_Koffiepot: nice one ^^ 
17:52:18 : Side: Faldehals: hey guys
17:52:20 : Side: [RussianMafia]Godfather: i camp you Safe 
17:52:24 : Side: [RussianMafia]Godfather: In Gorka
17:52:37 : Side: ReaperZA: where is that base?
17:52:50 : Side: Faldehals: hey LWB what are you doing ?
17:52:53 : Side: Kev: noone cares about what u russian lows are doing lel
17:57:16 : Side: 2DIE4:  anybody need a chopper?   spinning in front of their base  =9
17:57:45 : Side: ReaperZA: well i would like me one
17:58:05 : Side: 2DIE4: get it 
18:00:37 : Side: 2DIE4: pls someone get it
18:02:41 : Side: 2DIE4: where?
18:03:43 : Side: 2DIE4:  i see u in the treeline 
18:03:52 : Side: 2DIE4:  bandit ghilli
18:04:04 : Side: 2DIE4:  identify yourself
18:04:25 : Side: 2DIE4:  identify or ill shoot
18:04:43 : Side: ReaperZA: is chopper still there
18:06:06 : Side: 2DIE4:  so who in the chopper?
18:10:13 : Side: [RussianMafia]Godfather: Russia Mafia fuck you ass
18:10:19 : Side: Kev: xDDDDDDDDDDDDD
18:10:24 : Side: Cristi: Sup
18:10:33 : Side: Michael: that means u r gay
18:10:33 : Side: Hailstorm: no, get fucked ^^
18:10:50 : Side: 2DIE4: u gay?
18:10:50 : Side: Hailstorm: hey christi
18:11:08 : Side: [RussianMafia]Godfather: -82000 humanity
18:11:11 : Side: [RussianMafia]Godfather: ...
18:11:15 : Side: [RussianMafia]Godfather: For 3 days
18:11:19 : Side: 2DIE4:  u sink bodies   and u seem do desperatly need everything  Xd so i shoot u and offer ppl your stuff  =) 
18:11:32 : Side: Hailstorm: yes., but most kills under 50 meters with makarov
18:11:56 : Side: Hailstorm: Russian mafia isnt dangerous about 300 meter
18:12:17 : Side: 2DIE4:  hey mad.. if u need another butthole ill tear u one  =) 
18:12:23 : Side: Arne: STOP HATING
18:21:56 : Side: Cristi: How much is little bird?
18:23:14 : Side: Cristi: Hail, do you mind me grouping with you? I'm playing solo tonight :(.
18:23:28 : Side: Cristi: I mean, atleast to see if you are around so I don't have to worry if you come
18:23:43 : Side: Hailstorm: yes, wait ec
18:23:57 : Side: Hailstorm: ok, invited you
18:29:54 : Side: Arne: can you suicide?
18:30:06 : Side: Kev: ./killme
18:41:06 : Side: Otimimpack: eaew
18:43:59 : Side: [RussianMafia]Godfather: admin
18:44:09 : Side: [RussianMafia]Godfather: help
18:45:03 : Side: [RussianMafia]Godfather: LWB
18:45:38 : Side: Faldehals: lol
18:45:47 : Side: [RussianMafia]Godfather: help remove the camouflage nest over our base.I can not break them
18:46:02 : Side: bobaliny2: Use your toolbox dumby
18:46:08 : Side: Luca: try to use toolbox
18:46:21 : Side: [RussianMafia]Godfather: Oh 
18:46:24 : Side: [RussianMafia]Godfather: Yeas 
18:46:26 : Side: [RussianMafia]Godfather: Thx
18:46:38 : Side: bobaliny2: Sierra
18:47:04 : Side: bobaliny2: How many briefs would i get for a bj
18:47:59 : Side: Sir LongSleeves: ask Mr Shortbottums when he gets online...
18:48:21 : Side: Faldehals: lwb can you pls remove the ramp in the water at the wholesaler at solnichniy and build it not so deep and not so close at the land ?
18:49:56 : Side: LWB [SD]: No, thats game built
18:50:31 : Side: Faldehals: hmm ...
18:58:20 : Side: BowDownYaBish: Where did you run off to Venom?
19:03:38 : Side: Ebse: are gems stones on the server ?? random in the ap ?
19:03:51 : Side: M.K.: dont think so
19:04:04 : Side: LWB [SD]:  In mine viens
19:04:30 : Side: bobaliny2: LWB, do you guys plan on adding thermal weapons?
19:04:34 : Side: LWB [SD]: no
19:04:46 : Side: bobaliny2: Not even teh shit l85 ones?
19:04:51 : Side: LWB [SD]: nope
19:04:54 : Side: bobaliny2: damn
19:04:54 : Side: M.K.: the state in which the server is right now is perfect imo
19:05:09 : Side: Sir LongSleeves: i agree
19:05:17 : Side: bobaliny2: I think it could use an A10 :)
19:05:30 : Side: Sir LongSleeves: no man
19:05:31 : Side: Cristi: Do the missions ever drop gold? 
19:05:37 : Side: Sir LongSleeves: AC - 130
19:05:38 : Side: M.K.: maybe make the bike repair-able even if its on red :))
19:05:39 : Side: Cristi: Are there specific missions that do? 
19:05:40 : Side: Sir LongSleeves: ^^
19:05:47 : Side: M.K.: because the bike is a fkin magnet to trees
19:05:57 : Side: LWB [SD]: thats what the handbrake is for :D
19:05:57 : Side: M.K.: and its sooo annooyying
19:06:07 : Side: M.K.: it doesnt stop either
19:06:10 : Side: M.K.: XD
19:06:24 : Side: LWB [SD]: press space it stops on a sixpence
19:06:27 : Side: Sir LongSleeves: spacebar
19:06:29 : Side: M.K.: lel
19:06:30 : Side: M.K.: k
19:06:30 : Side: M.K.: XD
19:06:33 : Side: M.K.: ty
19:07:07 : Side: lop24: wow
19:07:28 : Side: M.K.: i hear a heli
19:07:32 : Side: M.K.: pick me up
19:07:33 : Side: M.K.: XD
19:07:55 : Side: Sir LongSleeves: what type of heli
19:08:04 : Side: BowDownYaBish: And where?
19:08:20 : Side: M.K.: what is the ideal viewing distance to have, vd / fps , with how much do you guys play with?
19:08:30 : Side: Sir LongSleeves: bowdown dont bother with where
19:08:38 : Side: Sir LongSleeves: you only want to shoot it down
19:08:45 : Side: BowDownYaBish: Exactly...
19:08:58 : Side: BowDownYaBish: Depends what heli it is 
19:08:59 : Side: bobaliny2: Near devil's castle, ai heli hovering
19:09:05 : Side: bobaliny2: UH-60 I think
19:09:07 : Side: BowDownYaBish: Yeah AI huey
19:09:09 : Side: bobaliny2: The shitty one from vietnam
19:09:15 : Side: Sir LongSleeves: how about you stop that or we shove some 50.cal bullets up your heli
19:09:33 : Side: BowDownYaBish: You should
19:09:37 : Side: Sir LongSleeves: or grow a pair and walk or drive
19:09:41 : Side: BowDownYaBish: But it wont stop me
19:09:59 : Side: Lunatick : or learn how to fly 
19:11:06 : Side: BowDownYaBish: I've only been in heli's for two days on this server the rest of the time I've been on foot
19:24:13 : Side: Faldehals: what a behavior with this gettoppls runing around all time in stary to loot the tents why this idiots get no kick or ban
19:24:35 : Side: Faldehals: thats the first server who tollerat this
19:29:26 : Side: BowDownYaBish: Where's the armed SUV?
19:29:51 : Side: Faldehals: you miss one ?
19:29:56 : Side: Sir LongSleeves: BEREZINO
19:30:02 : Side: BowDownYaBish: No, hunting one
19:30:03 : Side: BowDownYaBish: ty
19:30:08 : Side: Faldehals: ahh
19:30:31 : Side: Sir LongSleeves: russian scum
19:31:07 : Side: Sir LongSleeves: they were just looking for bambi's to kill at the coast when i ran into em with my truck
19:31:14 : Side: BowDownYaBish: xD
19:31:23 : Side: BowDownYaBish: Hunting freshies in an armed SUV, nice
19:32:03 : Side: ReaperZA: it's probably not even their lowest form
19:32:11 : Side: BowDownYaBish: :D
19:32:34 : Side: BowDownYaBish: Armed SUV is too easy
19:33:41 : Side: BowDownYaBish: Reaper, did you crash your Venom?
19:34:13 : Side: Sir LongSleeves: no he crashed my littlebird
19:34:19 : Side: BowDownYaBish: rip
19:34:22 : Side: Sir LongSleeves: xD
19:34:32 : Side: BowDownYaBish: Armed one? or normal?
19:34:43 : Side: Sir LongSleeves: normal one
19:34:54 : Side: BowDownYaBish: Ahh, not as bad then
19:34:56 : Side: Sir LongSleeves: flying 3 meter off the ground xD
19:35:00 : Side: BowDownYaBish: lol xD
19:35:11 : Side: Sir LongSleeves: i was on TS like
19:35:22 : Side: Sir LongSleeves: your gonna crash
19:35:30 : Side: Sir LongSleeves: no im not, im a pro..
19:35:43 : Side: Sir LongSleeves: o a bridge, lets see if it fits...
19:35:47 : Side: Sir LongSleeves: BOOOOM
19:35:49 : Side: Sir LongSleeves: xD
19:36:51 : Side: Faldehals: you guys are stuntpilots ?
19:37:01 : Side: Sir LongSleeves: he is
19:37:15 : Side: Faldehals: lets make a race over the street at the coast with littlebirds
19:58:29 : Side: Faldehals: so lagi i can sleep at crafting lol
20:00:42 : Side: [RussianMafia]Godfather: admin
20:00:59 : Side: LWB [SD]: yes?
20:01:50 : Side: [RussianMafia]Godfather: Well someone stole our base using cheat
20:01:55 : Side: [RussianMafia]Godfather: or bagous
20:02:13 : Side: 2DIE4:  lol how can u steal a whole base?   =) 
20:02:22 : Side: LWB [SD]: got video proof? If so, postit to the website
20:02:42 : Side: [RussianMafia]Godfather: With the bike climbed over the wall
20:03:10 : Side: [RussianMafia]Godfather: bike is near my base and probably he is now in it
20:09:05 : Side: M.K.: can i eject someoene in my car if im at the wheel?
20:09:13 : Side: 2DIE4: no
20:09:19 : Side: M.K.: :(
20:09:29 : Side: 2DIE4:  stay in the car lockk it  come here
20:09:39 : Side: M.K.: here?
20:09:56 : Side: 2DIE4:  my base on altar =) 
20:10:02 : Side: 2DIE4:  ill shoot him out  =) 
20:10:31 : Side: BowDownYaBish: We did it to some guy in my pook the other day, he was not happy :d
20:10:40 : Side: 2DIE4:  i wl not shoot u  
20:11:02 : Side: 2DIE4:   u got my word !  but i keep his loot is that cool 
20:11:25 : Side: M.K.: i already knocked him out
20:11:28 : Side: M.K.: and left
20:11:29 : Side: M.K.: Xd
20:11:31 : Side: 2DIE4:  GJ  = )
20:26:15 : Side: alexxx: CAN YOU DELETE ALL THESE MARKS ON THE MAP ?
20:26:29 : Side: alexxx: LWB ?
20:26:32 : Side: Faldehals: erase it 
20:26:41 : Side: alexxx: TY
20:26:43 : Side: BowDownYaBish: I did it
20:29:20 : Side: Faldehals: hey lwb what you think about a dance script at fire ?
20:29:32 : Side: LWB [SD]: absolutely not
20:29:37 : Side: Joshuaa: i wanna dance
20:29:45 : Side: BowDownYaBish: Pointless tbh
20:29:46 : Side: Faldehals: pfff youre no funy guys
20:29:52 : Side: BowDownYaBish: Plus people use it to bug menu's
20:30:09 : Side: M.K.: why would you add pointless stuff
20:30:16 : Side: M.K.: lel
20:32:04 : Side: mathe: where is the suv armored
20:32:06 : Side: mathe: ??
20:32:16 : Side: [RussianMafia]Godfather: house
20:32:48 : Side: mathe: come to ch-47
20:32:52 : Side: mathe: mission
20:34:48 : Side: mathe: hahahhaha
20:35:20 : Side: M.K.: can you snap when you build, and how , i forgot :P
20:35:30 : Side: LWB [SD]: scroll wheel and f
20:35:38 : Side: BowDownYaBish: Scroll click snap: on , ten click F
20:35:38 : Side: M.K.: ty
20:36:03 : Side: M.K.: lwb come for a sec to me, i want to ask something
20:36:24 : Side: 2DIE4: PLS DUDE 
20:38:29 : Side: Winans: how long does it take for safes to be unlocked? 7 days?
20:38:38 : Side: LWB [SD]: yeah
20:38:42 : Side: Winans: ty
20:40:46 : Side: BowDownYaBish: LWB, ever considered making it so that food does 100% so you don't need to eat/drink 3 steaks at a time?
20:41:04 : Side: LWB [SD]: mm, no, Its just default to what ever the devs set it at
20:41:09 : Side: LWB [SD]: Ive not touched that part
20:41:11 : Side: BowDownYaBish: Alright
20:41:21 : Side: LWB [SD]: I know they made it different
20:41:30 : Side: LWB [SD]: And exercise uses food/drink more
20:41:55 : Side: BowDownYaBish: Is it even something you can change?
20:42:05 : Side: LWB [SD]: Probably, somewhere
20:42:57 : Side: Matheus: does the gps scan count yourself when you use it?
20:43:02 : Side: BowDownYaBish: Yes
20:43:02 : Side: LWB [SD]: yeah
20:43:11 : Side: BowDownYaBish: Doesn't count people in vehicles
20:49:24 : Side: Matheus: this server is the one that i was looking for 
20:49:35 : Side: Matheus: vanilla style gameplay
20:49:40 : Side: Matheus: gj lwd
20:49:51 : Side: M.K.: the exact feeling i had when i first joined
20:50:21 : Side: Matheus: yes,very nice
20:50:45 : Side: Matheus: miss the epoch server from 2 years ago
20:50:49 : Side: Matheus: servers*
20:50:57 : Side: M.K.: "sigh"
20:51:04 : Side: Faldehals: i miss Celle map
20:51:23 : Side: Matheus: origins was good too 
20:51:27 : Side: Matheus: namalsk
20:51:42 : Side: Faldehals: but celle dosnt exist 
20:52:06 : Side: Faldehals: oll others namalsk only with epoch
20:52:30 : Side: Faldehals: no original with blowouts and bloodsuckers
20:52:40 : Side: Matheus: yes
20:53:48 : Side: Hailstorm: maybe Trump will make arma 2 dayz great again!
20:53:52 : Side: Hailstorm: XP
20:53:56 : Side: Matheus: ahahaha
20:54:09 : Side: Matheus: way more funny than arma 3
20:54:14 : Side: Hailstorm: yep
20:54:39 : Side: Kev: Yo 2DIE u maybe got a sec for a talk?
20:54:45 : Side: Hailstorm: all survival games cant give me the arma 2 dayz feeling
20:55:12 : Side: Matheus: this is the absolut truth
20:55:54 : Side: Matheus: this dayz is way more advanced than any other survival games
21:06:44 : Side: Kev: 2die, can we tomorrow maybe go for a talk? U Guess would be poss?
21:06:55 : Side: Faldehals: its time to go fishing now
21:10:11 : Side: Legend: godfather, pls let the keys there
21:21:17 : Side: [RussianMafia]Godfather: people)
21:21:45 : Side: Turmoil: Good evening guys
21:21:57 : Side: Lunatick : hey 
21:22:23 : Side: Kev: what does evening excatly mean in norway? :D
21:22:34 : Side: [RussianMafia]Godfather: It may suffice us up camping
21:22:39 : Side: matsa: kveld
21:27:36 : Side: Paul: does anyone know what the bottom right indicator is for ?
21:27:42 : Side: Turmoil: water
21:27:47 : Side: Turmoil: fluids
21:27:50 : Side: BowDownYaBish: :d damn
21:27:53 : Side: [RussianMafia]Godfather: ha ha
21:27:55 : Side: BowDownYaBish: You're so new
21:27:58 : Side: Paul: so the third from bottom is for what ?
21:28:03 : Side: Turmoil: blood
21:28:07 : Side: BowDownYaBish: Paul <3
21:28:07 : Side: Paul: ooooh
21:28:08 : Side: Joshuaa: piss
21:28:12 : Side: Paul: nice, thanks
21:28:18 : Side: Turmoil: any of the 3 lowest reach the bottom your dead xD
21:28:19 : Side: Joshuaa: how full your bladder is
21:28:37 : Side: Paul: Yep, I'm so new :)
21:31:02 : Side: Joshuaa: oh dear
21:32:54 : Side: Paul: omfg
21:32:58 : Side: Paul: rpk
21:32:58 : Side: BowDownYaBish: LWB :D?
21:33:03 : Side: BowDownYaBish: Are you stalking us?
21:34:10 : Side: Turmoil: LWB is like Chuck Norris, you wouldnt know if he stalked you xD
21:34:55 : Side: BowDownYaBish: He forgot to put zed shield on :D
21:35:07 : Side: BowDownYaBish: I saw agro on him but he was invisible
21:35:13 : Side: Turmoil: xD
21:35:35 : Side: Paul: what's the use of painkillers if they don't replenish blood ?
21:35:45 : Side: BowDownYaBish: They stop you from shaking
21:35:55 : Side: Turmoil: you need bloodbags to refill blood or some types of food
21:46:42 : Side: Paul: the black dots on the map are merchants ?
21:47:34 : Side: LWB [SD]: Traders yes, also at bash,klen and stary
21:47:48 : Side: Paul: what are those ?
21:47:58 : Side: LWB [SD]: traders
21:48:01 : Side: LWB [SD]: where you buy/sell
21:48:09 : Side: Paul: oooh ok
21:48:30 : Side: Paul: how can I use sansbags to hide stuff ?
21:48:48 : Side: LWB [SD]: you cant
21:48:53 : Side: Paul: right
21:48:59 : Side: Turmoil: sandbags are quite easy to spot so not good for hiding stuff ^^
21:49:44 : Side: Turmoil: try a personal lockbox, those have camo ^^
21:49:55 : Side: Paul: where can I get them ?
21:50:00 : Side: Turmoil: trader
21:50:02 : Side: LWB [SD]: traders lol
21:50:12 : Side: LWB [SD]: but you need to sell stuff first
21:50:20 : Side: Paul: ok right
21:50:35 : Side: Paul: what has good sell value ?
21:51:08 : Side: Turmoil: high caliber sniper rifles, cooked cow meat, high caliber ammo sells for good cash... cars and trucks, helicopters... if you find any thats not locked
21:51:35 : Side: Paul: ok, thanks
21:51:39 : Side: Turmoil: yw :)
21:51:41 : Side: Faldehals: go fishing thats easy money
21:51:48 : Side: Paul: glad to see the community is present after all these years
21:51:58 : Side: Turmoil: 10 cooked tuna = one briefcase of gold i belive
21:51:58 : Side: Glasgow: +
21:52:11 : Side: Paul: wait a saw a rod
21:52:20 : Side: Paul: does it take a lot of place in the inventory ?*
21:52:34 : Side: Turmoil: one per fish
21:52:41 : Side: Paul: but the fishing rod
21:52:54 : Side: Turmoil: one slot per fish... so if you have a large gunbag you can get 60 tuna and cook em... = 6 briefcases
21:53:05 : Side: Faldehals: large gunbag room for fish you can go fishing 1h
21:53:06 : Side: Turmoil: one weapon slot
21:53:08 : Side: LWB [SD]: the rod takes your primary slow
21:53:11 : Side: LWB [SD]: slot
21:53:17 : Side: Paul: worth it ?
21:53:19 : Side: Winans: doesnt it take hours to fish?
21:53:20 : Side: LWB [SD]: but only one slot in bag
21:53:33 : Side: Paul: nice thanks
21:53:33 : Side: Turmoil: fishing is quite easy Winans :) and not that slow
21:54:04 : Side: Faldehals: must finde a good place ....
21:55:31 : Side: Faldehals: get bandid hat outfit thats the right for fishing :D
21:56:08 : Side: Glasgow: i can eat a bottle of milk? o.O
21:57:10 : Side: Faldehals: what can i do with stones ?
21:57:35 : Side: LWB [SD]: nothing, they are left over from vanilla
21:58:23 : Side: Faldehals: and you cant add the books to build here ?
21:58:32 : Side: LWB [SD]: on certain vehciles yes
21:59:36 : Side: Faldehals: mkayis thats better like dancing at fire ?
22:09:13 : Side: Turmoil: LWB?
22:09:20 : Side: LWB [SD]: sup/
22:09:33 : Side: Turmoil: how much does the SUV's cost again?
22:10:18 : Side: LWB [SD]: 2 10oz
22:10:23 : Side: Turmoil: roger that, thank you sir
22:10:24 : Side: LWB [SD]: or 6 10oz
22:10:35 : Side: LWB [SD]: for the bigger capacity ne
22:20:56 : Side: Paul: CAN i SELL STUFF TO THE BOAT DEALER ,
22:21:07 : Side: JamesDaGamer: IDK CAN YOU?.
22:21:21 : Side: Turmoil: boat dealer, kinda lays in the word, you can sell boats there :)
22:21:25 : Side: Paul: I don't manage to, but I'm new so maybe I made a mistake
22:21:47 : Side: Turmoil: scroll and choose trader - in window click sell in right top
22:21:57 : Side: Turmoil: choose what to sell 
22:22:02 : Side: Paul: ok, thanks
22:25:35 : Side: Otimimpack: eae
22:26:15 : Side: JamesDaGamer: eaeaeaeaeaeaeaeae
22:26:15 : Side: Faldehals: AHA i finde you 
22:27:50 : Side: Paul: how do I fish ?
22:28:19 : Side: Faldehals: take it in you hands and scrool mousewheel
22:28:40 : Side: Paul: ooooh thanks
22:29:02 : Side: Paul: Nibble Nibble XD
22:29:14 : Side: Faldehals: knabber knabber here
22:32:27 : Side: Faldehals: 16 fish i have now
22:39:49 : Side: Faldehals: lwb whats this #22 ?
22:40:39 : Side: LWB [SD]: "AntiHack_NotRunningONETWO" = "AntiHack_NotRunningONETWO"
22:40:55 : Side: [RussianMafia]Godfather: ?)
22:41:11 : Side: LWB [SD]: his connection isnt very good and didnt load the antihack
22:41:25 : Side: Faldehals: k ty
22:41:42 : Side: alexxx: Hi all
22:41:49 : Side: Cristi: hI
22:42:06 : Side: Cristi: Hi 
22:56:27 : Side: Joshuaa: nice shooting noobs hahaha
23:03:52 : Side: Cristi: Russian again?
23:04:01 : Side: [RussianMafia]Godfather: What
23:04:07 : Side: Cristi: Who killed me just now
23:04:15 : Side: [RussianMafia]Godfather: no me
23:04:29 : Side: M.K.: matsa killed ya
23:04:40 : Side: M.K.: ^^
23:04:42 : Side: Cristi: k 
23:08:27 : Side: alexxx: SERGIO
23:12:03 : Side: Paul: why can't I place the bike ?
23:14:29 : Side: 2DIE4:  how do u built a M240 nest again?
23:26:34 : Side: Paul: where can axes be found ? farms or firemen ?
23:26:53 : Side: Turmoil: all over :)
23:27:12 : Side: Paul: I don't find any :/
23:45:58 : Side: Nurarihyon: they got alex
23:46:11 : Side: BowDownYaBish: NOOOOOOOOOOOOOOOOO
23:46:14 : Side: BowDownYaBish: ALEX MY BBY
23:46:23 : Side: bobaliny2: THOSE BASTARDS
23:46:45 : Side: BowDownYaBish: They shall pay for what they have done
23:47:22 : Side: Nurarihyon: started in division now on here :(
23:47:26 : Side: Nurarihyon: poor alex
