00:00:22 : Side: Faldehals: i like to builde a new ramp inside the water 
00:00:46 : Side: Turmoil: hi ^^
00:01:07 : Side: Turmoil: i cant hear shizzle... your heli is to noisy
00:01:09 : Side: Turmoil: xD
00:01:13 : Direct: Arne: lol
00:01:32 : Direct: Arne: moving off. got mostly what i needed
00:01:37 : Direct: Arne: thx bro
00:03:33 : Group: Faldehals: maybe you have nothing to do you can cover me wen i builde the ramp at the wholesaler
00:03:55 : Group: Arne: ok but need to go home and put stuff in safe first
00:04:09 : Group: Faldehals: sure
00:04:26 : Group: Faldehals: i get the stuff i need for atm
00:04:28 : Group: Arne: what an you buy at wholesaler?
00:04:41 : Side: Turmoil: was it you that was flying the mozzie this morning Arne? down by berazino? stalking a car and a truck?
00:04:43 : Side: Arne: do hotwire kits work?
00:04:51 : Side: Arne: no
00:05:02 : Side: Arne: havent really been to the coast
00:05:03 : Side: Turmoil: yeah they work :) on cars and helis
00:05:26 : Group: Arne: git a blood back?
00:05:31 : Side: Faldehals: turmoil thats also you near the damm ?
00:05:32 : Group: Arne: blood pack?
00:05:44 : Group: Faldehals: you need ?
00:05:47 : Group: Arne: yes
00:05:56 : Group: Faldehals: i have
00:06:34 : Group: Faldehals: put your stuff in safe and come to my base you see at map my position
00:07:32 : Group: Arne: all my stuff. even my gun?
00:07:56 : Group: Faldehals: idk i mean only that you dont need 
00:08:28 : Group: Faldehals: i think better you keep a gun at you
00:08:32 : Group: Arne: hehe
00:11:30 : Group: Faldehals: need money for jetskee`s
00:11:43 : Group: Arne: jetskees?
00:11:47 : Group: Faldehals: boots
00:12:03 : Group: Arne: havent tried e :D
00:12:27 : Group: Faldehals: whou think i like to builde a ramp in the water 
00:13:49 : Side: Hailstorm: ok, night guys, see you tomorow
00:13:56 : Side: Turmoil: nighty ^^
00:14:02 : Side: Hailstorm: ^^
00:14:04 : Side: Arne: gnight
00:14:27 : Side: Turmoil: you forgot some documents Arne :) but they were all shit, just books and newspapers
00:14:33 : Side: Turmoil: you should take those
00:14:40 : Side: Arne: never understood what they can do?
00:14:50 : Side: Turmoil: examine them and you can get stuff like plot deeds etc
00:14:57 : Side: Turmoil: or upgraders for cars and trucks
00:15:18 : Side: Arne: what can car upgrades do?
00:15:27 : Group: Arne: hello!!!
00:15:35 : Group: Arne: nice base
00:15:43 : Side: Turmoil: luggage, fuel, armor and speed i think, not 100% sure
00:15:51 : Side: Arne: OK :d
00:16:00 : Side: Arne: PLOT DEED IS LIKE A PLOT POLE?
00:16:08 : Group: Arne: thank you sir
00:16:18 : Group: Faldehals: here take if you need food blood
00:16:42 : Group: Arne: thx
00:16:53 : Group: Faldehals: np
00:17:03 : Group: Faldehals: lets have fun
00:17:15 : Side: Turmoil: the deed gives you a discounted plot pole
00:17:31 : Group: Faldehals: wholesaler first
00:17:36 : Side: Turmoil: so insted of 60oz gold you pay only 20oz i think it was
00:17:39 : Group: Arne: after you friend
00:18:05 : Side: Turmoil: ill try it and se
00:20:07 : Group: Faldehals: whats up with your mozzie ?
00:20:17 : Group: Arne: m2 gunner at mission
00:20:33 : Group: Faldehals: lol why you dont ask me for stuff 
00:20:39 : Group: Arne: hhe it works still
00:20:47 : Group: Faldehals: k
00:20:55 : Group: Arne: :)
00:21:03 : Group: Faldehals: here make a look what he sells
00:22:43 : Group: Faldehals: try where the savezone begins
00:22:45 : Side: Glasgow: can anyone explain me the new regeneration systeM?
00:23:27 : Side: Turmoil: health regeneration?
00:23:30 : Group: Arne: works?
00:23:35 : Side: Glasgow: yea
00:23:39 : Side: Turmoil: what would you like to know?
00:23:47 : Group: Faldehals: try to place a lockbox in savezone
00:24:00 : Group: Arne: ok
00:24:13 : Side: Glasgow: how much do i regenreate per second and its important to have more blood?
00:24:55 : Group: Faldehals: it works i think
00:24:58 : Group: Arne:  :D
00:25:02 : Side: Glasgow: so with 11000 i generate more than with 3000 for example
00:25:07 : Side: Turmoil: your maximum blood count is 12 000, if you are out of food or drinks you will slowly lose blood and die... the lower blood the less damage you can tak
00:25:11 : Group: Arne: what is it for?
00:25:17 : Group: Faldehals: rot45
00:25:22 : Group: Faldehals: red
00:25:29 : Side: Turmoil: you generate the same amount of blood all over as far as i know, but you can use blood transfusions to speed it up drastically
00:25:45 : Side: Glasgow: ok thank you
00:25:54 : Group: Arne: sorry was afk for 2 sec
00:25:58 : Group: Arne: what do you need
00:26:04 : Side: Turmoil: a good rule to have is to keep at least one morphine pen and one bloodbag in your inventory and some bandages
00:26:29 : Group: Faldehals: cover if someo kills me
00:26:37 : Side: Turmoil: gives you a better chance to survive at least :) morphine pen is golden to have if you break your leg 
00:26:43 : Group: Arne: got your back brp
00:27:21 : Group: Arne: haha you build for boats? :D
00:27:29 : Group: Faldehals: jeah :D
00:27:57 : Group: Faldehals: but this is to close at land
00:28:04 : Group: Arne: haha
00:31:33 : Group: Faldehals: hehe
00:31:48 : Group: Arne: uh also a base in the water could be cool!!
00:32:09 : Group: Faldehals: i think its not allowed here
00:32:22 : Group: Arne: :( why
00:32:42 : Group: Faldehals: but ramps in the water ..... its same like flyingbases
00:33:04 : Group: Faldehals: what you think its far enough ?
00:33:05 : Group: Arne: i guess so. maybe we should ask a admin
00:33:30 : Group: Arne: it is for boats to jump?
00:33:42 : Group: Arne: yes
00:35:04 : Group: Faldehals: lets try it out
00:35:23 : Group: Arne: ok we need to hurry(restard)
00:35:33 : Group: Arne: restart
00:36:17 : Group: Faldehals: thats good after reestart will se if its still here the box
00:36:22 : Group: Arne:  :D
00:36:50 : Group: Faldehals: now bosdealer
00:38:29 : Group: Faldehals: damn lol
00:39:25 : Group: Arne: where you going?
00:40:19 : Group: Faldehals: lol
00:40:43 : Group: Arne: hehe wtf
00:41:54 : Group: Faldehals: lol
00:41:58 : Group: Arne: hahaha
00:42:03 : Group: Faldehals: dont jumps
00:42:18 : Group: Arne: you did jump :D
00:42:55 : Group: Arne: lel
00:43:34 : Group: Faldehals: LOOOL:
00:43:46 : Group: Arne: where the fuck did you end up?
00:43:54 : Group: Faldehals: hehe
00:44:01 : Group: Arne: wow
00:44:07 : Group: Arne: can i try?
00:44:33 : Group: Faldehals: HAHA
00:44:36 : Group: Faldehals: sure
00:45:00 : Group: Arne: restart tho
00:45:05 : Group: Faldehals: sec
00:45:08 : Group: Arne: maybe i should wait
00:45:20 : Group: Faldehals: buy one 
00:45:27 : Group: Arne: you just shit gold :D
00:45:34 : Group: Arne: ok loggin off
00:45:39 : Group: Faldehals: fly the mozzie is done after restart
00:45:51 : Group: Arne: i cant pack it'
00:45:57 : Group: Faldehals: time enough and after restart buy one
00:46:02 : Group: Faldehals: hehe
00:52:42 : Group: Faldehals: jeah fishing
00:53:29 : Group: Arne: lol
00:53:33 : Group: Faldehals: hahaha
00:53:55 : Group: Faldehals: its not easy
00:54:26 : Group: Faldehals: catch 3 now
00:54:52 : Group: Faldehals: nice
00:55:28 : Group: Faldehals: lol
00:55:32 : Group: Arne: isuck
00:55:48 : Group: Faldehals: i need few trys to
00:56:30 : Group: Faldehals: thats the only way to use a ramp and dont die like with cars
00:56:43 : Group: Faldehals: LOL
00:57:51 : Group: Arne: lets do one at the same time
00:58:01 : Group: Faldehals: take fishingpole in hand packseet and you can fishing
00:58:09 : Group: Faldehals: lol
00:58:42 : Group: Faldehals: bää
00:59:22 : Group: Faldehals: lol
00:59:48 : Group: Faldehals: WOW
01:00:02 : Group: Faldehals: you are 100m in the sky
01:00:07 : Group: Arne: haha
01:00:33 : Group: Arne: maybe it should be two ramps
01:01:14 : Group: Faldehals: lol
01:01:16 : Group: Arne: oh ooo
01:04:01 : Group: Arne: try
01:07:26 : Group: Faldehals: arne ?=
01:08:00 : Group: Arne: uuuh thank you
01:08:29 : Group: Faldehals: you need stuff for mozzie ?
01:08:42 : Group: Faldehals: i go klen if you need ?
01:10:23 : Group: Faldehals: arne i go klen get stuff for you for mozzie k ?
01:10:37 : Group: Arne: dont worry bro. i can take the jet ski
01:10:45 : Group: Faldehals: k
01:10:55 : Group: Arne: how much is a mozzie at aircraft
01:10:56 : Group: Faldehals: but its no prob
01:11:01 : Group: Faldehals: idk
01:11:14 : Group: Arne: ok if you want you can get it :D
01:11:29 : Group: Faldehals: back in a bit
01:11:43 : Group: Arne: :D
01:18:28 : Group: Arne: thanks bto
01:19:40 : Side: Arne: is it allowed to build in cherno?
01:19:48 : Group: Faldehals: not sure
01:20:09 : Side: -SDS- Gowther: Push M
01:20:16 : Side: -SDS- Gowther: On the right sides are rules
01:23:52 : Group: Arne: probably going off soon boys
02:56:57 : Side: -SDS- Gowther: Anyone doing the UH-1Y?
02:57:06 : Side: Faldehals: nope
02:57:09 : Side: -SDS- Gowther: Hear shells but im not sure...
02:57:25 : Side: Faldehals: we are at devils castle but make no missions
02:57:41 : Side: -SDS- Gowther: Are u Hero or Bandit?
02:57:57 : Side: Faldehals: heros
02:58:19 : Side: -SDS- Gowther: Cool, are u building base on devils?
02:58:30 : Side: Faldehals: make your mission we dont like to kill someone we are only 3 players
02:58:53 : Side: Faldehals: he has stolen the base here
02:59:03 : Side: -SDS- Gowther: he?
02:59:07 : Side: -SDS- Gowther: who?
02:59:14 : Side: Faldehals: lancer we play in team
03:00:05 : Side: -SDS- Gowther: Where are u guys from?
03:00:32 : Side: Faldehals: me germany he austria
03:00:46 : Side: Faldehals: and you ?
03:00:49 : Side: -SDS- Gowther: Dacht ich mir beim namen
03:00:56 : Side: Faldehals: lol homo
03:01:01 : Side: Faldehals: sach das doch glei
03:01:10 : Side: -SDS- Gowther: Ich spiele auch in einer gruppe von 5mann
03:01:20 : Side: -SDS- Gowther: aber die haben im gegensatz zu uns ein leben XD
03:01:26 : Side: Faldehals: k aber noch net lang hier oder ?
03:01:34 : Side: -SDS- Gowther: Nee
03:01:44 : Side: -SDS- Gowther: Wir spielen seit 3-4 tagen
03:01:55 : Side: -SDS- Gowther: Haben ewig kein arma2 mehr gespielt
03:01:56 : Side: Faldehals: leben wasn das kann man das essen ? :D
03:01:59 : Side: -SDS- Gowther: eher arma3
03:02:18 : Side: -SDS- Gowther: Ne ist ne scheiß spiel...
03:02:36 : Side: -SDS- Gowther: Gute grafik aber scheiß story
03:03:10 : Side: Faldehals: dann kennst die story von ARK net
03:03:20 : Side: -SDS- Gowther: ?
03:03:33 : Side: Faldehals: ARK survival evolvet oder wies heist
03:03:53 : Side: -SDS- Gowther: Nee?
03:03:55 : Side: Lancer_AUT: da gibts dinos must auch bauen und forschen 
03:03:56 : Side: -SDS- Gowther: Kenne das spiel
03:04:08 : Side: -SDS- Gowther: Aber nicht was man da machen muss XD
03:04:20 : Side: -SDS- Gowther: Bin nicht so ein dino vernarrter mensch XD
03:04:26 : Side: Faldehals: stary is weit hergeholt auserirdiche bringen dich auf ne insel mit dinos die du zähmen und reiten kannst
03:04:34 : Side: Faldehals: o
03:04:38 : Side: Faldehals: story lol
03:04:55 : Side: Lancer_AUT: 2299 stunden blöd rumlaufen dinos zähmen ne riesen base bauen und dann von ner bitch denn spaß verderben lassen
03:05:09 : Side: Faldehals: ich auch net der lancer hier kam ma an damit dachte der will mich verarschen aber dann warns doch 2k spielstunden
03:05:14 : Side: -SDS- Gowther: Hört sich nach nem geilen game an XD
03:05:35 : Side: Lancer_AUT: da must mal ne horde skampi überleben 
03:06:25 : Side: -SDS- Gowther: wollter die UH-1Y haben?
03:06:37 : Side: Faldehals: verkauf
03:06:38 : Side: -SDS- Gowther: Bin weder bandit noch hero kann sie nicht verkaufen
03:06:52 : Side: Faldehals: bring zum hero ich verkauf ihn dir
03:07:33 : Side: -SDS- Gowther: Danke, bist nach restard noch da? :)
03:07:39 : Side: Faldehals: klar
03:07:44 : Side: -SDS- Gowther: Super :)
03:09:37 : Side: Faldehals: du darfst keine fahrzeuge in safezone stehn lassen sonst sindse an dem point nordlich auf der map
03:09:48 : Side: Faldehals: pound
03:09:51 : Side: Faldehals: was auch immer
03:12:41 : Side: Faldehals: lol helicrash am klen berg 3 rangefinder sonst nix
03:13:08 : Side: -SDS- Gowther: Ich raste aus letzter gegner ich drück ab...
03:13:11 : Side: -SDS- Gowther: keine muni
03:13:24 : Side: Faldehals: ne nix
03:14:11 : Side: Faldehals: boah muss pinkeln mir platzt der schlauch
03:14:29 : Side: Lancer_AUT: schmeis ihn weg is eh schon zu alt
03:16:18 : Side: Faldehals: oioi ich steh am boden nur 19fps lol
03:16:44 : Side: Faldehals: bis glei
03:17:05 : Side: -SDS- Gowther: yo
03:18:33 : Group: Faldehals: depp
03:30:25 : Side: Faldehals: also bin beim hero unten anne baracke wenne willst weist bescheid
03:30:43 : Side: -SDS- Gowther: Gib mir noch 7min
03:30:50 : Side: Faldehals: jaja immer mit der ruhe
03:30:54 : Side: -SDS- Gowther: Hab ewig nicht gespielt erstmal gucken wegen fliegen XD
03:31:05 : Side: Faldehals: Q gibst gas
03:31:11 : Side: -SDS- Gowther: Oha 
03:31:11 : Side: Faldehals: Y gehst runter
03:31:22 : Side: -SDS- Gowther: arma3 war es wieder anders
03:33:52 : Side: -SDS- Gowther: Ich liebe die UH-1Y finde das ding so geil
03:34:04 : Side: -SDS- Gowther: Gibts überhaupt auch muni für das moped?w
03:34:18 : Side: Faldehals: ich flieg nochma nach klen sachen verkloppen dann hast freie bahn net dasde abschmierst und mein heli mitnimmst :)
03:34:37 : Side: Faldehals: klar haste ne benzinpumpe ?
03:34:45 : Side: -SDS- Gowther: Bin gerade selber noch in klen XD
03:34:51 : Side: Faldehals: beim hero oder bandit kannst auch so kaufen
03:34:59 : Side: -SDS- Gowther: Benzinpumpe?
03:35:13 : Side: Faldehals: ja an servicepoints kannst laden
03:35:33 : Side: -SDS- Gowther: Wie meinst, tanken?
03:35:42 : Side: Faldehals: ja sieht aus wie sone zapfstelle anner tanke
03:35:59 : Side: -SDS- Gowther: Was ist damit?
03:36:00 : Side: Faldehals: unterhalb von klen ist ne tanke da kannst schaun
03:36:07 : Side: -SDS- Gowther: Achsoooo
03:36:20 : Side: -SDS- Gowther: ja das bissel im heli reicht noch bis zu hero XD
03:36:29 : Side: Faldehals: ja wenne eine gefunden hast kannst die überall aufbaun und free tanken repariern und muni füllen
03:36:55 : Side: -SDS- Gowther: muni füllen? kostenlos?
03:36:59 : Side: Faldehals: hier am hero unten die baracke steht auch eine mitten auf der wiese
03:37:16 : Side: Faldehals: nee
03:37:53 : Side: Faldehals: nur benzin kost nix
03:37:59 : Side: -SDS- Gowther: PKP
03:38:20 : Side: -SDS- Gowther: Und die kann man aufbauen und abbauen wie man lustig ist?
03:38:49 : Side: Faldehals: ja wenne eine findest ist sone kiste kaum zu übersehn
03:39:02 : Side: -SDS- Gowther: Okee
03:39:07 : Side: -SDS- Gowther: Wie heißt das?
03:39:39 : Side: Faldehals: was wie ?
03:39:44 : Side: Faldehals: na benzinpumpe
03:39:46 : Side: -SDS- Gowther: Diese tankstelle?
03:39:48 : Side: -SDS- Gowther: achso
03:39:50 : Side: -SDS- Gowther: oke
03:39:57 : Side: -SDS- Gowther: gut weiß ich bescheid danke
03:40:05 : Side: Faldehals: komm zum hero ich zeigs dir da
03:40:10 : Side: -SDS- Gowther: stand erst n bissel aufm schlauch XD
03:40:14 : Side: Faldehals: da nimm die klamotten
03:40:17 : Side: -SDS- Gowther: Yoo
03:40:36 : Side: -SDS- Gowther: Thx
03:41:00 : Side: Faldehals: den kannst auch haben wenne willst
03:41:06 : Side: -SDS- Gowther: hab schon
03:41:26 : Group: Faldehals: dann lass zum hero
03:41:32 : Side: Faldehals: dann lass zum hero
03:42:48 : Side: Faldehals: hier ist auch eine
03:43:01 : Side: Faldehals: unter mir siehst ja wo ich grad war
03:43:32 : Side: -SDS- Gowther: ?
03:43:41 : Side: -SDS- Gowther: achso diese pumpe
03:43:46 : Side: -SDS- Gowther: ja habs gesehen
03:43:50 : Side: -SDS- Gowther: danke dir :)
03:43:52 : Side: Faldehals: genau die ist aber fest
03:44:16 : Side: Faldehals: muss nurma einsteigen weist ja
03:44:28 : Side: -SDS- Gowther: Der mann will nicht mit mir reden... wasn arsch...
03:44:35 : Side: -SDS- Gowther: Jaja mach nur XD
03:44:36 : Side: Faldehals: da is ne mk48 drinne
03:44:40 : Side: -SDS- Gowther: AHHH
03:44:45 : Side: Faldehals: lol
03:44:57 : Side: -SDS- Gowther: Danke XDD
03:45:22 : Side: Faldehals: 3 bc
03:45:28 : Side: -SDS- Gowther: Wut?
03:45:38 : Side: Faldehals: ja wenn du keufst kost er 7
03:45:49 : Side: Faldehals: nen amored suv 10
03:45:50 : Side: -SDS- Gowther: Und ich schuffte den ganzen tag für einen...
03:46:19 : Side: -SDS- Gowther: Seid ihr immer nur abends/morgens on?
03:46:21 : Side: Faldehals: da
03:46:35 : Side: Faldehals: von morgens bis abends und 
03:46:42 : Side: Faldehals: lol
03:46:56 : Side: Faldehals: soll ich dich wo absetzen ?
03:47:01 : Side: Lancer_AUT: das 2 tage lang und dann schläft er bis er wieder munter wird
03:47:08 : Side: -SDS- Gowther: 24/7? XD und was ist mit schlafen? XD
03:47:09 : Side: Faldehals: schnautze
03:47:13 : Side: -SDS- Gowther: Ja wäre lieb von dir :)
03:47:38 : Side: Faldehals: da blut oder essen nimm dir wenn brauchst
03:47:46 : Side: -SDS- Gowther: My MTVR steht beim Novy Lug
03:48:23 : Side: -SDS- Gowther: Sehe sie
03:48:35 : Side: -SDS- Gowther: Kenne die festen aber schon
03:48:56 : Side: -SDS- Gowther: oke 
03:49:00 : Side: -SDS- Gowther: ja :D
03:50:14 : Side: -SDS- Gowther: Jo
03:50:18 : Side: -SDS- Gowther: Auf der wiese
03:50:23 : Side: -SDS- Gowther: 3 bandits
03:50:31 : Side: -SDS- Gowther: Die sind nicht stark
03:50:40 : Side: -SDS- Gowther: 5? ne... 3...?=
03:51:21 : Side: -SDS- Gowther: Danke dir <3 :)
03:53:23 : Side: -SDS- Gowther: Heli bum XD
03:53:49 : Side: Faldehals: ??
03:54:29 : Side: -SDS- Gowther: Karte
03:56:52 : Side: Faldehals: da is ne crashsite ja aber warst doch eben bei deinem mtvr ?
03:57:22 : Side: -SDS- Gowther: Bin aufm weg zu der MV22
03:57:55 : Side: Faldehals: dann nimm ich mir den scheiss hier mit
03:58:07 : Side: -SDS- Gowther: Mach nur ^^w
03:58:14 : Side: Lancer_AUT: nimmst du bitte
04:02:21 : Side: -SDS- Gowther: Spielt ihr am wochenende?
04:02:31 : Side: -SDS- Gowther: Also dieses...
04:02:37 : Side: Faldehals: voll dabei wie du siehst
04:02:53 : Side: -SDS- Gowther: Naja ich sehe ihr spielt jetzt XD
04:02:59 : Side: -SDS- Gowther: hätte ja sein können :D
04:03:13 : Side: -SDS- Gowther: Wir sind jedenfalls zu 5t am wochenende
04:03:37 : Side: -SDS- Gowther: Nur damit ich meinen bescheid sage wir sind eig. bandets...
04:03:48 : Side: -SDS- Gowther: so bandet wie man nach 4 tagen halt sein kann
04:07:26 : Side: -SDS- Gowther: Hier ist ne schwarze kiste am straßen rand?
04:07:37 : Side: Faldehals: mach kaput dann abbaun
04:07:42 : Side: Faldehals: das ne munikiste
04:07:56 : Side: -SDS- Gowther: Wie kaputt?
04:07:59 : Side: Faldehals: haste toolbox und crowbar ?
04:08:00 : Side: -SDS- Gowther: schießen?
04:08:05 : Side: Faldehals: z.B.
04:08:22 : Side: -SDS- Gowther: Ich hab beides
04:08:26 : Side: Faldehals: brauchst aber werkzeugkiste und brecheisen
04:08:30 : Side: Faldehals: dann hau rein
04:08:49 : Side: Faldehals: mit glück hast da muni für heli drinne
04:09:11 : Side: -SDS- Gowther: Hää?
04:09:22 : Side: -SDS- Gowther: mit der brechstange drauf schlagen?XD
04:09:32 : Side: Faldehals: nei ballern bis die einbricht
04:09:40 : Side: Faldehals: mit deiner mk
04:09:47 : Side: -SDS- Gowther: Ahh stimmt
04:09:53 : Side: -SDS- Gowther: Ist aber nix drin? :(
04:09:54 : Side: Faldehals: danach einfach rangehn
04:10:00 : Side: Faldehals: und abbaun
04:10:07 : Side: -SDS- Gowther: Ah ja ich sehs
04:10:12 : Side: Faldehals: ;)
04:10:36 : Side: -SDS- Gowther: Mk. 19 40mm und HE rounds
04:11:06 : Side: Faldehals: na immerhin ich hatte schonma nur 1 pkbelt drinne
04:23:42 : Side: Faldehals: wenne irgendwo safes rumstehn siehst immer mit 0000 versuchen 
04:23:57 : Side: -SDS- Gowther: Ok...
04:24:07 : Side: -SDS- Gowther: Wir haben mal einen safe aufgebaut...
04:24:19 : Side: -SDS- Gowther: Konnten aber keinen pin auswählen
04:24:40 : Side: Faldehals: den bekommste gesagt in grauer schrift
04:24:52 : Side: -SDS- Gowther: Wusste ich es doch
04:24:59 : Side: Faldehals: aber der der ihn aufbaut brauch keine nummer mehr eingeben hat sich alles bissl geändert
04:25:00 : Side: -SDS- Gowther: der idiot hat es einfach übersehen XD
04:25:25 : Side: Faldehals: die türen gehn auf mit irisscan
04:25:34 : Side: Faldehals: is total geil jetzt
04:25:42 : Side: -SDS- Gowther: Ich hab so ein knackertool
04:25:51 : Side: Faldehals: woher ?
04:25:57 : Side: -SDS- Gowther: Ural mission
04:26:02 : Side: Faldehals: aufbruchswerkzeuck ?
04:26:06 : Side: -SDS- Gowther: Ja
04:26:11 : Side: Faldehals: arschloch :D
04:26:24 : Side: Faldehals: nutze es weise
04:26:30 : Side: -SDS- Gowther: :)
04:29:51 : Side: -SDS- Gowther: Aber heros raden doch eh nicht? XDw
04:30:03 : Side: Faldehals: wie meinst ?
04:30:12 : Side: -SDS- Gowther: Naja das knackerwerkzeug 
04:30:20 : Side: -SDS- Gowther: Ist ja zum einbrechen oder nicht?
04:30:22 : Side: Faldehals: wenn ich was klau bekomm ich ja kein punktabzug
04:30:32 : Side: Faldehals: ja nur fahrzeuge
04:30:37 : Side: -SDS- Gowther: Achso XD
04:30:45 : Side: -SDS- Gowther: Naja wenn man es so betrachtet XD#
04:33:08 : Side: Faldehals: ich machs anders geh kein risiko ein humanity zu verliern ich setz sprengfallen um basen da hat derjenige auch spass mit
04:37:15 : Side: -SDS- Gowther: Kannst du mich dann beim flugzeughändler auflesen? :3
04:37:36 : Side: Faldehals: gleich muss ausräumen grad
04:38:04 : Side: Faldehals: du kannst auch nen mozzie mit deiner toolbox baun brauchst motor tank und mainrotor
04:38:25 : Side: -SDS- Gowther: HAbe davon nur die toolbox XD
04:39:02 : Side: Faldehals: sags ja nur , komm glei
04:42:04 : Side: Faldehals: bist schon da ?
04:42:07 : Side: -SDS- Gowther: Yo
04:42:19 : Side: -SDS- Gowther: Wieder 3 briefcase :)
04:42:34 : Side: -SDS- Gowther: Hab jetzt schon 7 1/2 
04:42:46 : Side: Faldehals: wir ham 60 inem safe gefunden letztens
04:42:49 : Side: -SDS- Gowther: Wird bestimmt alles für Baumaterial drauf gehen XD
04:42:55 : Side: -SDS- Gowther: XDDDD
04:43:04 : Side: -SDS- Gowther: Das ist noch besser
04:44:00 : Side: -SDS- Gowther: Aber wenn man einen code bekommt sobald man den safe aufstellt
04:44:14 : Side: -SDS- Gowther: dann müssen die spieler den code ja selbst 0000 gemacht haben
04:44:19 : Side: Faldehals: kannst andren geben damit die auch ran können
04:44:32 : Side: Faldehals: nein nach 7 tage nicht benutzt ist das so
04:44:38 : Side: -SDS- Gowther: Achsoooo
04:45:08 : Side: -SDS- Gowther: Aber die base löst sich nach 7tagen doch automatisch auf oder nicht?
04:46:13 : Side: Faldehals: die ham vorhin mein heli angeschossen ich glaub der verliert sprit
04:46:28 : Side: Faldehals: eigentlich minimal
04:47:18 : Side: -SDS- Gowther: Eig ist er noch ganz XD
04:47:24 : Side: -SDS- Gowther: Kp
04:47:38 : Side: Faldehals: huhn im hangar lol
04:47:49 : Side: -SDS- Gowther: Mein MTVR steht bei der mission
04:47:54 : Side: -SDS- Gowther: LoL XD
04:48:17 : Side: -SDS- Gowther: Oh schon 4 leute aufm server
04:48:30 : Side: -SDS- Gowther: jetzt müssen wa ja langsam wieder deutsch reden XD
04:48:35 : Side: -SDS- Gowther: englisch*
04:49:28 : Vehicle: Faldehals: wo willst hinne ?
04:49:40 : Side: -SDS- Gowther: da wo die MV22 mission war
04:49:53 : Vehicle: Faldehals: wo war die ?
04:49:59 : Side: -SDS- Gowther: Nähe beim dichina camp
04:50:05 : Side: -SDS- Gowther: kabanino
04:50:32 : Side: -SDS- Gowther: RECHT
04:50:35 : Side: -SDS- Gowther: HELI
04:50:45 : Vehicle: Faldehals: war ne base sind 2
04:50:54 : Side: -SDS- Gowther: Aso
04:51:40 : Side: -SDS- Gowther: gehe ich gleich zum weapon cache
04:51:50 : Side: -SDS- Gowther: und danach mach ich erstmal pause :D
04:52:07 : Side: -SDS- Gowther: Ich bedanke mich recht herzlich :)
04:59:29 : Side: Faldehals: hast ts ?
05:03:58 : Side: -SDS- Gowther: Alter hier sind 22 gegner... .___.
05:04:14 : Side: Faldehals: dann hast ja was zutun 
05:04:31 : Side: -SDS- Gowther: Bin fast fertig
05:04:50 : Side: -SDS- Gowther: KACKE
05:04:57 : Side: -SDS- Gowther: habe kein morphin .___.
05:05:50 : Side: -SDS- Gowther: Toll
05:06:06 : Side: Faldehals: lol musst mom warten
05:06:09 : Side: -SDS- Gowther: muni alle
05:06:27 : Side: Faldehals: na jetzt hasts ja hinter dir hehe
05:08:26 : Side: -SDS- Gowther: Muni alle beine gebrochen und zombies...
05:19:40 : Side: -SDS- Gowther: waren sogar noch mehrw
05:47:21 : Side: -SDS- Gowther: So leute ich bin weg fürs erste
05:47:29 : Side: Faldehals: hau rein
05:47:29 : Side: -SDS- Gowther: danke nochmal fürs fliegen bye :)
06:29:23 : Side: 2DIE4:  i really like how low uu guys r.    being hero raiding bases at night when ther woul dbe no resistance 
06:29:31 : Side: 2DIE4:  poor guyds
06:29:46 : Side: Faldehals: hää ?
06:29:56 : Side: [NG2] Jesse: haha,.. 
06:30:19 : Side: 2DIE4:  di eschwanzlutscher raiden einem die base nur nachts wenn kein schwein da ist . 
06:30:45 : Side: Faldehals: ich war ganze nacht da waren fast nur alleine
06:31:17 : Side: 2DIE4:  wel i know it was jesse and friends . bet my ass on it
06:31:29 : Side: [NG2] Jesse: what did i do?
06:31:49 : Side: Faldehals: also ich hab nix mit zutun 
06:32:04 : Side: 2DIE4:  ya lil hero friends r really tough raiding bases at night when no one is online .... 
06:32:58 : Side: [NG2] Jesse: i dont raid baseses only if de door is open ^^ , i just starting basebuilding thats why i am so early ^^
06:34:26 : Side: [NG2] Jesse: did your base get raid this night? 
06:35:50 : Side: [NG2] Jesse: did you get raid tonight? 
06:35:54 : Side: Faldehals: ich komm ma vorbei
06:36:15 : Side: 2DIE4: we i guess so ... but thats ok ... SUV didnt cot nuttin =) 
06:36:49 : Side: Lancer_AUT: brauchst metalplatten um es wieder dicht zu machen 
06:37:33 : Side: [NG2] Jesse: ooh, locked? so some one hotwired a suv :P 
06:38:03 : Side: 2DIE4: na   it was stolen  =)
06:38:28 : Side: Faldehals: ja irgendwie fehlt doch da was oben oder ?
06:38:32 : Side: [NG2] Jesse: maybe you can track it and we or you can track it down
06:38:39 : Side: 2DIE4:  is net ferttig 
06:38:51 : Side: 2DIE4:  how do u want to track that?
06:39:01 : Side: Faldehals: da war doch aber vor 2 tagen schon was bin ich der meinung
06:39:02 : Side: [NG2] Jesse: with your key, on the map
06:39:25 : Side: 2DIE4:  i have no key .. it was an mission one that i stole from somebody   XD
06:39:40 : Side: [NG2] Jesse: haha oke nvm ^^ 
06:40:33 : Side: Faldehals: war da net ne plattform ?
06:40:45 : Side: 2DIE4:  abgebaut 
06:40:51 : Side: 2DIE4:  wird neu gemacht 
06:40:54 : Side: Faldehals: ahh k warum ?
06:40:58 : Side: Faldehals: achso
06:41:12 : Side: 2DIE4:  ok oguys i gotta vring my boy to school real quick
06:41:20 : Side: Faldehals: hau rein
06:41:26 : Side: Faldehals: bin dann sicher noch da
07:53:10 : Side: 2DIE4:  falde bist du das hier bei der MV misssion?
07:53:22 : Side: Faldehals: nein
07:53:27 : Side: Faldehals: bin am fishen
07:53:35 : Side: Glasgow: keine sorge, ich bin das auch nicht :D
07:53:49 : Side: Faldehals: lol
07:53:57 : Side: 2DIE4:  Hey glasgow u might NOT wanna camp this mission any longer =) 
07:55:02 : Side: Faldehals: ich hol mir jetztn boot und fish das voll 400 stk. :D
07:57:27 : Side: Glasgow: ist es hier eigentlich immer noch so das hier mehr deutsche spielen als engländer?
07:57:36 : Side: 2DIE4: ka
07:57:55 : Side: Faldehals: ich auch net
07:58:03 : Side: Faldehals: und davon am meisten
07:58:22 : Side: 2DIE4: XD
08:04:04 : Side: Faldehals: 7 fische 5x 10oz 6gold
08:04:20 : Side: Glasgow: solide einnahmequelle
08:04:51 : Side: Faldehals: auf jeden wenne nen dickes boot hast mit mehr leuten geht das razfaz
08:04:57 : Side: Faldehals: was machst du ?
08:05:03 : Side: Glasgow: auto fahren
08:05:15 : Side: Faldehals: wow
08:05:33 : Side: Faldehals: soo nu aber nen boot kaufen
08:06:05 : Side: Faldehals: gehst mit fischen ?
08:06:14 : Side: Glasgow: bin gerade heavy beschäftigt :D
08:06:21 : Side: Faldehals: kk
08:09:51 : Side: Faldehals: voll behindert musst zu deim boot schwimmen
08:12:01 : Side: Faldehals: wow das geht schnell
08:12:08 : Side: Glasgow: das schwimmen?
08:12:18 : Side: Faldehals: 3 würfe 3 fische
08:12:24 : Side: Glasgow: achso :D
08:13:59 : Side: Glasgow: ich logg mich ma aus bis später
08:14:03 : Side: Faldehals: kk
08:25:35 : Side: Faldehals: lol nen dickes fischerboot am jetski hintendran omg
08:27:48 : Side: Glasgow: dieser moment wen neben dir ne ai patrulie spawned
08:28:18 : Side: Faldehals: ich kenns nur beim fliegen ist auch net besser
08:29:10 : Side: Glasgow: spielst schon länger hier?
08:29:19 : Side: Faldehals: es geht warum ?
08:29:34 : Side: Glasgow: hab vorher hier mal gespielt
08:29:40 : Side: Glasgow: bevor lwb den server neu gemacht hat
08:29:47 : Side: Faldehals: mkay
08:33:51 : Side: Faldehals: schon 15 fisch
08:34:58 : Side: Glasgow: schon zwei mal gestorben
08:35:06 : Side: Faldehals: habs gesehn
08:35:30 : Side: Faldehals: du sagtest bin ma wech bis später hatte ja net lange gedauert lol
08:35:52 : Side: Glasgow: bist du bandit oder hero?
08:35:57 : Side: Faldehals: hero
08:36:07 : Side: Glasgow: wirklich?
08:36:10 : Side: Faldehals: ja
08:36:17 : Side: Faldehals: 12k +
08:36:23 : Side: Glasgow: hm
08:36:29 : Side: Glasgow: die ai ist kaka
08:36:34 : Side: Faldehals: sry kann dir da leider net helfen
08:36:34 : Side: Glasgow: die becampt meine leiche
08:36:42 : Side: Glasgow: ne noch kann ich das ja alleine
08:36:46 : Side: Faldehals: was hattest den bei ?
08:36:48 : Side: Glasgow: hab ja noch 2 stunden zeit :D
08:36:50 : Side: Glasgow: alles :D
08:36:56 : Side: Faldehals: was is alles
08:37:03 : Side: Glasgow: auto schlüssel waffen geld
08:37:15 : Side: Faldehals: welches auto wieviel geld ?
08:37:42 : Side: Glasgow: offroad
08:37:49 : Side: Glasgow: 40oz
08:37:50 : Side: Faldehals: nix teures also
08:37:55 : Side: Glasgow: schon
08:37:57 : Side: Faldehals: also 4 koffer ?
08:38:06 : Side: Glasgow: ne 4 10er oz
08:38:19 : Side: Faldehals: ach lol geb ich dir
08:38:27 : Side: Faldehals: wo biste ?
08:38:48 : Side: Glasgow: warte ich versuchs nochmal :D
08:38:59 : Side: Faldehals: kannst auch warten bis die mission wech is
08:39:07 : Side: Glasgow: ist keine mission
08:39:23 : Side: Faldehals: sondern ?
08:39:27 : Side: Glasgow: ai bei nem camp
08:39:36 : Side: Faldehals: ja das sind doch bandits
08:39:45 : Side: Faldehals: welches camp ?
08:39:51 : Side: Glasgow: bei stary
08:40:01 : Side: Faldehals: dichina ich komm ma
08:43:44 : Group: Glasgow: ich bin demotiviert
08:43:57 : Group: Faldehals: lol warte stary
08:44:16 : Group: Glasgow: wenn es die ai nicht ist dann sind es die zombies ^^
08:47:36 : Group: Faldehals: erstma fisch verkaufe
08:48:16 : Group: Faldehals: 1 1halb bc
08:48:56 : Group: Faldehals: welche waffe willst ?
08:49:09 : Group: Faldehals: da kauf dir ma was
08:49:10 : Group: Glasgow: mein auto wieder :D
08:49:34 : Group: Faldehals: haste den koffer genommen
08:49:42 : Group: Glasgow: ja
08:49:45 : Group: Faldehals: gut
08:51:56 : Group: Faldehals: warte doch bis ich steh
08:52:42 : Group: Glasgow: es sind btw mitlerweile drei leichen
08:56:10 : Direct: Glasgow: hast alle drei?
08:56:19 : Group: Faldehals: nee
08:56:30 : Group: Faldehals: 2
08:57:00 : Group: Faldehals: komm auto
08:57:26 : Direct: Glasgow: roadkill? :D
08:59:25 : Group: Faldehals: lol
08:59:32 : Direct: Glasgow: lass mich
09:00:37 : Group: Faldehals: kannst denen auch die klamoten ausziehn
09:01:31 : Group: Faldehals: gold hab ich
09:01:44 : Group: Faldehals: boah hier stinkts lol
09:01:48 : Direct: Glasgow: :D
09:02:02 : Direct: Glasgow: eben schnell durchlooten
09:02:15 : Group: Faldehals: mach ich bleib sitzen sicher is sicher
09:03:10 : Group: Faldehals: die solln nach ner zeit auch wieder spawnen
09:04:40 : Group: Glasgow: wir können zu stary
09:05:10 : Group: Glasgow: warte
09:05:11 : Group: Glasgow: stop
09:05:14 : Group: Glasgow: schau auf die karte
09:06:40 : Group: Glasgow: dank dir
09:07:39 : Group: Faldehals: willst den vodnik ?
09:07:53 : Group: Glasgow: hmm
09:07:57 : Group: Glasgow: wenn du ihn nicht brauchst :D
09:08:20 : Group: Faldehals: nimm key raus
09:08:41 : Group: Glasgow: eine sehr herorische geste 
09:08:46 : Group: Glasgow: vielen dank :)
09:08:47 : Group: Faldehals: und nie was stehn lassen hier is alles erlaubt
09:08:59 : Group: Glasgow: ich weiß
09:09:25 : Group: Glasgow: aber da ich ja nen friendly player bin troll ich nicht
09:09:44 : Group: Glasgow: ich hab eventuell vor einige leute wieder hier drauf zu bringen (halt ne große gruppe)
09:09:49 : Group: Glasgow: ich sag denen das du korrekt bist (y)
09:09:50 : Group: Faldehals: da nimms noch
09:10:56 : Group: Faldehals: oki dann hau rein nexte ma bissl uffpasse
09:11:04 : Group: Glasgow: mach ich mach ich
09:11:08 : Group: Glasgow: dank dir hast aufjedenfall was gut
09:11:26 : Group: Faldehals: ich werds im hinterkopf behalten :)
09:12:00 : Group: Glasgow: wie kommst du jetzt eigentlich hier weg?
09:12:11 : Group: Faldehals: mozzie aus der toolbox
09:12:48 : Group: Glasgow: guten flug
09:18:00 : Group: Faldehals: kauf dir nen safe und hau dein shit da ma rein
09:18:57 : Group: Glasgow: hab schon
09:19:01 : Group: Faldehals: prima
09:19:45 : Group: Glasgow: spiel ja net erst seit gestern ;)
09:19:53 : Group: Glasgow: auch wenn ich nicht so skillfull bin und pve bevorzuge
09:19:57 : Group: Faldehals: ach ja
09:20:09 : Group: Faldehals: hehe
09:20:32 : Group: Faldehals: ach komm pve is doch fade
09:20:44 : Group: Glasgow: ja aber mein pc ist net so der geilste
09:20:54 : Group: Glasgow: und bin dann halt meistens tod bevor ich es überhaupt gesehen habe
09:21:08 : Group: Faldehals: meiner auch net schatten aus alles unnötige runter passt schon
09:22:51 : Group: Glasgow: ja ich bin auch nebenbei eher der nahkampf mensch
09:23:00 : Group: Glasgow: also wir sind ja ne gruppe von mindestens 4 leuten
09:23:14 : Group: Glasgow: zwei snipen und zwei sind mit sd sturmgewehren unterwegs
09:23:36 : Group: Faldehals: net alle mit baseballschlägern am druffknüppeln hehe
09:23:47 : Group: Glasgow: naja wird bei ai schwierig ;)
09:24:16 : Group: Faldehals: naja bei 4 mann wirds aber lustig 
09:24:34 : Group: Glasgow: ja ist so halt die standart gruppe
09:24:38 : Group: Glasgow: manchmal mehr manchmal weniger
09:25:39 : Group: Faldehals: so ich baller ma bissl am airfield rum
09:26:08 : Group: Glasgow: auf spieler? :OO
09:26:24 : Group: Faldehals: ne
09:28:38 : Group: Glasgow: bin erstmal off
09:28:45 : Group: Glasgow: bis später oder iwie so :D
09:28:47 : Group: Faldehals: hau rein
09:32:23 : Side: Turmoil: hey Jesse
09:33:25 : Group: [NG2] Jesse: hi
10:21:02 : Side: [NG2] Jesse: ok?
10:57:49 : Side: Turmoil: i got a mission for you 2DIE4
10:58:20 : Side: 2DIE4: i figured... thats y u and ya friends raid bases at night with no resistance right
10:58:31 : Side: Turmoil: i never raid bases?w
10:58:46 : Side: Turmoil: i just looked at a base but i have never raided a base in my life, lol
10:58:53 : Side: [NG2] Jesse: dont do silly i told you we dont do that kind of stuff..
10:58:56 : Side: 2DIE4:  lol mission.. i read passion XD
10:59:14 : Side: 2DIE4:  who u want me to camp or kill?
10:59:20 : Side: Turmoil: my helicopter
10:59:30 : Side: 2DIE4:  whats with that?
10:59:40 : Side: Turmoil: its broken, everything is red after i landed on a mine xD
10:59:49 : Side: Turmoil: is the base with the big pointy tower on it yours?
10:59:58 : Side: 2DIE4:   thats y u have to do missions by foot XD
11:00:18 : Side: 2DIE4:  yap   its not finished
11:00:19 : Side: Turmoil: i did xD but then i took heli to loot and landed on a damn mine in a bush :P
11:00:28 : Side: Turmoil: my merlin is parked downhill from your base, lol
11:00:47 : Side: 2DIE4:  well tzhen go repair im not around and u r free to leave
11:10:06 : Direct: [NG2] Jesse: oops
11:13:19 : Side: Turmoil: need a ride?
11:13:26 : Side: II TheElite II: sure!
11:13:26 : Direct: [NG2] Jesse: you need  a ride?
11:13:36 : Direct: II TheElite II: One sec :)
11:13:42 : Direct: [NG2] Jesse: where yo? 
11:13:46 : Direct: [NG2] Jesse: where to?
11:13:50 : Vehicle: II TheElite II: Hello :)
11:13:53 : Vehicle: [NG2] Jesse: welcome
11:13:56 : Vehicle: II TheElite II: Hero trader please
11:14:12 : Vehicle: Turmoil: this is the hero buss then xD
11:14:15 : Vehicle: Turmoil: all heroes
11:14:24 : Vehicle: II TheElite II: Hahaha good thing!
11:14:32 : Vehicle: II TheElite II: You guys got bored? :P
11:14:46 : Vehicle: Turmoil: a bit xD
11:15:05 : Vehicle: Turmoil: my merlin got wrecked at a mission just before the restart so we had to walk
11:15:10 : Vehicle: II TheElite II: Turmoil you are the guy that needs to repair his chopper? 
11:15:20 : Vehicle: Turmoil: both yes and no
11:15:23 : Vehicle: II TheElite II: There is my answer 
11:15:31 : Vehicle: Turmoil: im buying a new one anyways
11:15:44 : Vehicle: II TheElite II: Money ain't a thing 
11:16:08 : Vehicle: II TheElite II: You guys are a team?
11:16:13 : Vehicle: Turmoil: yeah
11:16:25 : Vehicle: II TheElite II: It's good to know who's friendly and who isn't
11:16:32 : Vehicle: Turmoil: true true :)
11:16:57 : Vehicle: Turmoil: guess me and jesse are one of the friendliest, lol
11:17:12 : Vehicle: Turmoil: i have only killed one player since i started the game i think xD
11:17:14 : Group: II TheElite II: That's nice :)
11:17:22 : Group: II TheElite II: Really?
11:17:33 : Vehicle: [NG2] Jesse: can go futher!
11:17:34 : Group: II TheElite II: That's rare in Dayz
11:17:40 : Vehicle: [NG2] Jesse: cant* 
11:17:55 : Group: Turmoil: yeah i supose
11:17:57 : Group: II TheElite II: Thanks guys!!
11:18:18 : Group: Turmoil: i defend myself with heavy weaponary if needed xD .50 cals usually scares people away
11:18:48 : Group: II TheElite II: Haha it does :D
11:19:24 : Group: II TheElite II: If you ever need any help feel free to ask ;)
11:19:42 : Group: Turmoil: will do :)
11:19:59 : Group: Turmoil: same to you as long as you dont expect me to kill players xD 
11:34:21 : Side: Arne: did you figure out what to dowith a plot deed turmoil?
11:34:42 : Side: 2DIE4:  u need a  an amethyst plus the deed i think
11:34:45 : Side: Turmoil: i forgot to check, lol
11:34:51 : Side: Turmoil: isnt it 20oz gold? 
11:34:52 : Side: Arne: ok
11:34:59 : Side: 2DIE4:  or gold
11:35:14 : Side: Arne: how do you get amethyests?
11:35:14 : Group: [NG2] Jesse: still buying?
11:38:03 : Side: Turmoil: i beeeeeeeelive i can flyyyyyyy, i beeeeeeeelive i can touch the skyyyyyyyyy
11:38:24 : Side: Arne: i too believe that
11:38:32 : Side: Turmoil: soon i will
11:41:19 : Group: II TheElite II: Hello :)
11:41:37 : Group: [NG2] Jesse: welcome back.. 
11:41:48 : Direct: II TheElite II: Hahah was getting something to drink
11:42:40 : Group: [NG2] Jesse: need a lift? 
11:42:48 : Group: II TheElite II: What are you guys up to? :)
11:42:59 : Group: Turmoil: think im gonna park this thing
11:43:07 : Group: II TheElite II: No missions?
11:43:19 : Group: [NG2] Jesse: maybe.. 
11:43:30 : Group: [NG2] Jesse: first i need to regear ^^ 
11:43:52 : Group: II TheElite II: Aah I see. Maybe I'll join you guys later ok?
11:43:56 : Group: [NG2] Jesse: do you have a base ? 
11:43:58 : Group: II TheElite II: Thanks though!
11:44:08 : Group: [NG2] Jesse: do you want a lift ? 
11:44:09 : Group: II TheElite II: Yes a 2x2
11:44:16 : Group: [NG2] Jesse: ^^
11:44:20 : Group: II TheElite II: Not thanks I'm fine for now
11:44:32 : Group: II TheElite II: Many thanks guys!
11:56:11 : Group: II TheElite II: Zijn jullie Nederlands? :D
11:56:28 : Group: [NG2] Jesse: ikke en kofiie, maar de rest niet
11:57:11 : Group: II TheElite II: Aah ok! Goeie naam hoor!
11:58:00 : Group: [NG2] Jesse: but we are with a big group ^^ 
11:59:45 : Group: II TheElite II: How big? What are the names? Then I know who I shouldn't shoot :P
11:59:53 : Side: Arne: NICE JOBW
12:00:07 : Side: Legend: thanks for doing the hard part
12:00:29 : Group: [NG2] Jesse: you can see them when press f5
12:00:47 : Group: II TheElite II: So you guys are with 4?
12:01:12 : Group: [NG2] Jesse: more a mixed group randome ppl ..
12:01:23 : Side: Arne: I like how you always need advanged equipment to take me out. good job guys :D
12:01:44 : Side: Michael: why not using it when u have it
12:01:45 : Side: Legend: that was the fastet way, not the advanced 
12:02:07 : Side: Arne: the only way you meand
12:02:19 : Side: Legend: to catch u in time, yes
12:03:11 : Side: Arne: well gg anyways. part of the game to deal with guys like you
12:12:38 : Side: Arne: where do you live guys?
12:13:13 : Side: Michael: i am from chernarus
12:22:35 : Side: Arne: do ai spawn zombies?
12:42:38 : Direct: II TheElite II: Hello :)
12:45:38 : Group: PRISMIC: NEED A LIFT ?
12:46:08 : Group: II TheElite II: I'm off to the heroes trader so I'm fine. Thanks!
13:10:16 : Direct: Lancer_AUT: sry slow not so fast 
13:10:55 : Direct: Lancer_AUT: i will take the saves than say arne that they play with you and i make nothing
13:11:37 : Direct: Lancer_AUT: sry i german i understand much of yours not 
13:11:58 : Direct: Lancer_AUT: you take the plotpol and build it new
13:12:14 : Direct: Lancer_AUT: give a save over it than you are save
13:13:34 : Direct: Lancer_AUT: can you write your voice is so crashed you have a bad micro 
13:13:49 : Direct: Lancer_AUT: i understund the half what you say
13:14:04 : Direct: PRISMIC: you need to back off  the dam and caping my friends base
13:14:21 : Direct: Lancer_AUT: wich base
13:14:26 : Direct: PRISMIC: i was helping him build it and you ruined it
13:14:38 : Direct: Lancer_AUT: wich base
13:14:43 : Direct: PRISMIC: the one you you stole the plot hole from
13:14:57 : Direct: PRISMIC: why u play like that we kinow where your base it
13:15:05 : Direct: Lancer_AUT: i stole much plots from other players 
13:15:18 : Direct: PRISMIC: me and my group will sachel charge it if u carry on
13:15:33 : Direct: Lancer_AUT: i take more then 15 bases in last 2 weeks i not know wich you mean
13:15:53 : Direct: Lancer_AUT: say wich base you mean
13:28:42 : Side: Lancer_AUT: fuck  xd
13:49:15 : Side: 2DIE4:  turm thats u guys on the mission right
13:51:12 : Group: PRISMIC: go on ts
13:59:21 : Side: 2DIE4: u guys all heros?
13:59:31 : Side: Turmoil: who? ^^
13:59:32 : Side: Sir LongSleeves: who?
13:59:40 : Side: 2DIE4:  u and the other 3 in ya group  =)
14:00:00 : Side: PRISMIC: turmoil group invite ?
14:00:01 : Side: Turmoil: im hero and jesse is
14:00:15 : Side: Sir LongSleeves: dunno bout that group, i got about 4531 humanity
14:00:16 : Side: Turmoil: you are in a group 
14:00:23 : Side: PRISMIC: not anymore
14:00:25 : Side: 2DIE4: were u guys in the CH47 earler?
14:00:45 : Side: Turmoil: im flying a regulare heli at least
14:01:08 : Side: Sir LongSleeves: 4 kilometers running to go xD
14:01:11 : Side: [NG2] Jesse: the 2 blade ting? 
14:01:18 : Side: Sir LongSleeves: no wait, 3740m xD
14:02:01 : Side: Turmoil: you home 2DIE4? i can drop by and say hello :D
14:02:06 : Side: PRISMIC: you guys on ts ?
14:02:18 : Side: 2DIE4: not home 
14:02:27 : Side: Sir LongSleeves: im not, my GF is gonna play when i stashed my gear
14:02:54 : Side: Turmoil: my old heli is still littering your front yard 2DIE4, im sorry about that :(
14:03:06 : Side: 2DIE4:  no worries
14:04:53 : Side: Turmoil: can you get in?
14:04:56 : Side: Turmoil: cant land here
14:05:26 : Vehicle: Sir LongSleeves: klen plz
14:05:32 : Vehicle: Turmoil: roger
14:05:37 : Vehicle: Sir LongSleeves: need to trade stuff
14:06:08 : Vehicle: Sir LongSleeves: thnx bro
14:06:18 : Vehicle: Turmoil: your very welcome
14:06:20 : Vehicle: Sir LongSleeves: saved me a hell of a stroll
14:07:17 : Group: Turmoil: need a lift from here?
14:07:39 : Group: Sir LongSleeves: to my base maybe
14:07:48 : Group: Turmoil: sure i will wait :) ill go take a piss while you trade
14:07:52 : Group: PRISMIC: i can pick u up if u want
14:09:12 : Group: Turmoil: im back
14:10:28 : Group: Turmoil: there
14:10:55 : Vehicle: Turmoil: where is the base again?
14:11:28 : Vehicle: Turmoil: i dont have ingame sound atm if you are speaking, sorry
14:12:39 : Vehicle: Turmoil: all i need is a grid coordinate 
14:13:17 : Vehicle: Sir LongSleeves: 137 007
14:17:41 : Group: Turmoil: Jesse
14:17:51 : Group: Turmoil: come on the other TS? 
15:28:25 : Side: Hagebutte: hiho
15:28:35 : Side: -SDS-Ban: moin
15:29:13 : Side: Hagebutte: deutscher server?
15:29:22 : Side: Kev: englisch
15:29:26 : Side: Hagebutte: k
15:29:30 : Side: Kev: aber einige
15:29:52 : Side: -SDS-Ban: ja wir sind auch ne gruppe und recht neu hier
15:29:52 : Side: Hagebutte: gibts hier panzer usw
15:29:59 : Side: Winans: nein
15:30:00 : Side: -SDS-Ban: ne panzer nicht
15:30:13 : Side: -SDS-Ban: aber bewaffnete fahrzeuge
15:30:15 : Side: Hagebutte: perfekt ^^ dan werden wir glaube auch joinen 
15:30:17 : Side: Winans: englisch im side chat
15:30:28 : Side: Hagebutte: ok sry
15:30:37 : Side: Kev: xD
15:31:01 : Side: -SDS-Ban: yeah sorry
15:31:06 : Side: Hagebutte: german admin? 
15:31:10 : Side: Winans: nein
15:31:12 : Side: -SDS-Ban: but must say my english skillz are not perfect
15:31:24 : Side: Kev: winans isnt admin
15:31:25 : Side: Winans: ist ein uk server und die rules sind so
15:31:38 : Side: Hagebutte: xFD
15:31:44 : Side: -SDS-Ban: and i have an friend that learn only russian because from DDR
15:31:53 : Side: Hagebutte: xxxxxD
15:32:10 : Side: Kev: am Besten du bleibst bei Deutsch
15:32:43 : Side: Hagebutte: denke englisch^^
15:34:15 : Side: Hagebutte: erstma wieder wech bis nachher
15:34:22 : Side: Kev: cia
15:34:26 : Side: -SDS-Ban: tschau
16:00:32 : Side: M.K.: metal poles are now called metal pipes?
16:02:46 : Side: M.K.: how to make metal floor now?
16:02:54 : Side: M.K.: i mean how to do metal panels
16:03:04 : Side: M.K.: with 4 tanktrap kits 
16:03:05 : Side: M.K.: and?
16:03:26 : Side: M.K.: metal poles seem to be gone
16:04:28 : Group: Laurence Gommersil: Longsleeves u there
16:05:03 : Group: Sir LongSleeves: yeah
16:05:23 : Group: Laurence Gommersil: join teamspeak
16:05:45 : Group: Sir LongSleeves: in a minute
16:06:06 : Side: M.K.: ye but there are two types now..
16:06:13 : Side: M.K.: which ones are good
16:06:15 : Side: M.K.: ?
16:06:43 : Side: M.K.: i must be blind then
16:07:40 : Side: M.K.: yup thanks
16:08:45 : Group: Sir LongSleeves: we on TS now
16:09:05 : Group: Laurence Gommersil: speak
16:18:43 : Group: Laurence Gommersil: come to eds base longs
16:26:36 : Side: M.K.: the bike thing is annoying
16:26:56 : Side: M.K.: cannot crash one single thing u must drive perfectly otherwise you cannot repair
16:26:58 : Side: M.K.: :(
16:27:03 : Side: M.K.: so bs
16:30:49 : Side: M.K.: so i must have 2 toolboxes and parts tor repair the bike
16:30:51 : Side: M.K.: :))
16:30:56 : Side: M.K.: cmon that;s soooooo...w
16:30:56 : Direct: Hailstorm: hi LWB
16:31:08 : Side: M.K.: yea i know what u mean
16:31:16 : Side: -SDS-Ban: how much humanitiy i need to became an hero
16:31:17 : Side: M.K.: but if u wanna rush to get somewhere
16:31:21 : Side: -SDS-Ban: ?
16:31:27 : Side: Hailstorm: 5000
16:31:35 : Side: M.K.: nvm..w
16:31:38 : Side: -SDS-Ban: ok thx
16:31:55 : Side: M.K.: ^^
16:32:07 : Side: 2DIE4:  doin both XD
16:32:27 : Side: M.K.: im lucky that i got 40+ fps but people with 10-20 fps in woods will curse and be so mad...
16:32:30 : Side: M.K.: think about ti
16:32:32 : Side: M.K.: :))
16:32:54 : Side: M.K.: i get it that;s a simulator
16:32:56 : Side: M.K.: but..
16:33:39 : Side: M.K.: and if u are freshspawn , you need to walk to fkin no-where or a find a new toolbox :)))
16:34:08 : Side: M.K.: and between walking 6k meters and quitting game
16:34:10 : Side: M.K.: uhmm..
16:34:28 : Side: M.K.: you dont get my point :P
16:34:32 : Side: M.K.: its ok anyways
16:34:44 : Side: 2DIE4:  Ur lazy thats it point blanc
16:35:06 : Side: M.K.: lets see you walk 6k+ meters each time you die and crash ur bike
16:35:07 : Side: M.K.: :P
16:35:17 : Side: 2DIE4:  been there done that 
16:35:25 : Side: M.K.: and its soo good right?
16:35:28 : Side: M.K.: b
16:35:30 : Side: M.K.: BOOOYAA
16:35:44 : Side: 2DIE4:  there was no such thing as popping a bike outta your pocket on our old 1st person hardcore server 
16:36:05 : Side: 2DIE4:  u run or just let ya shit go ,.... and spawn was random no choice
16:36:29 : Side: M.K.: i said i get the realism thing. but if u have the option to pack ur bike back and getting all the way fixed
16:36:40 : Side: M.K.: why not go all in and make it even red fixable
16:36:43 : Side: M.K.: thats my point
16:36:45 : Side: M.K.: :P
16:36:51 : Side: M.K.: no middle-way
16:37:16 : Side: 2DIE4:  but u still need a second toolbox to fix it then XD
16:37:25 : Side: M.K.: no
16:37:28 : Side: M.K.: u can just pack it back
16:37:37 : Side: M.K.: even if its red
16:37:40 : Side: M.K.: thats my point
16:37:45 : Side: M.K.: fffss ok subject closed.
16:37:50 : Side: M.K.: this is going no-where
16:37:54 : Side: 2DIE4:  z ahh i get it  bi
16:38:18 : Side: 2DIE4:  but that way u would just drive ruthless no caring about obstackles and crashing into shit 
16:38:31 : Side: M.K.: was only my frustration spoken that i need to walk cuz i hit a fkin little rock
16:38:34 : Side: M.K.: with the bikew
16:38:44 : Side: 2DIE4:  the way it is u either drive perfectly or u wont be as fast
16:39:00 : Side: M.K.: thats exactly what i said..
16:39:02 : Side: M.K.: nvm..
16:39:20 : Side: 2DIE4:  then b more carefull XD
16:39:38 : Side: M.K.: really?w
16:39:44 : Side: M.K.: oh yea that was the soltion!
16:39:45 : Side: M.K.: thanks!
16:39:54 : Side: Laurence Gommersil: 2DIE4
16:40:08 : Side: 2DIE4:  ?
16:40:16 : Side: -SDS-Ban: !
16:40:21 : Side: M.K.: /
16:40:26 : Side: Laurence Gommersil: How do you make a safe 2DIE4
16:40:34 : Side: 2DIE4: buy one
16:40:55 : Side: Laurence Gommersil: how much are they
16:41:16 : Side: 2DIE4:  cant even tell i find other ppls safes XD
16:43:39 : Side: 2DIE4:  safe is one BC
16:54:38 : Side: M.K.: thanks very much
16:54:39 : Side: M.K.: :)
16:54:44 : Side: M.K.: i apreciate it
16:59:48 : Side: 2DIE4: =)
17:02:41 : Side: alexxx: You have to wait 68s
17:26:26 : Group: [NG2] Jesse: at the phone
18:13:49 : Side: [NG2] Jesse: how long is a car locked?
18:16:59 : Side: Joshuaa: wheres everyone gone man?
18:26:44 : Side: [NG2] Jesse: elite!
18:27:02 : Side: II TheElite II: Yea??
18:27:28 : Side: [NG2] Jesse: send you a invite.. 
18:27:52 : Group: II TheElite II: Oops didnt see it o:)
18:28:13 : Group: [NG2] Jesse: yo, wil je samen missions doen? 
18:28:20 : Group: II TheElite II: Ja is goed!
18:28:33 : Group: II TheElite II: Welke wil je doen?
18:28:45 : Group: II TheElite II: Laat maar er is nog niks XD
18:28:49 : Group: [NG2] Jesse: eerst beste volgende bandit..
18:29:19 : Group: II TheElite II: Ja doen we! Dan ga ik eerst een sniper fixen 
18:29:25 : Group: [NG2] Jesse: me 2
18:29:43 : Group: [NG2] Jesse: heb je er wel een? ,heb er genoeg..
18:30:27 : Group: II TheElite II: Ja heb ik maar ik ga toch even bij dat kamp kijken hier in de buurt
18:30:37 : Group: II TheElite II: Kijken of ik daar wat kan regelen
18:30:40 : Group: [NG2] Jesse: novy?dd
18:30:45 : Group: II TheElite II: Ja die :P
18:30:56 : Group: [NG2] Jesse: speel je al lang op deze server?
18:31:21 : Group: II TheElite II: Ehm ik denk 2 weken op deze server
18:31:35 : Group: II TheElite II: Maar speel al jaren Dayz 
18:31:40 : Group: [NG2] Jesse: oke coolaa
18:32:02 : Group: II TheElite II: Wil je die missie doen?
18:32:11 : Group: [NG2] Jesse: beetje onhandig ver
18:32:21 : Group: II TheElite II: Ja zat ik ook te denken...
18:32:26 : Group: [NG2] Jesse: komt snel wel een 2de
18:34:03 : Group: [NG2] Jesse: heb je vervoer of zou ik met suv komen richting novy?
18:34:29 : Group: II TheElite II: Ik heb een fiets XD
18:34:48 : Group: [NG2] Jesse: haha! 
18:35:00 : Group: [NG2] Jesse: een echte hollander
18:35:26 : Group: II TheElite II: Haha zo is dat!
18:39:23 : Group: II TheElite II: Heb een svd met 1 mag
18:40:01 : Group: [NG2] Jesse: moet je niet een betere wapen ? 
18:40:42 : Group: II TheElite II: Tja ik heb volgens mij nog een KSVK zonder ammo en een paar DMR's
18:41:04 : Group: [NG2] Jesse: ooh, haat ksvk en svd :P kan je niet mee inzoomen ^^ 
18:42:21 : Group: II TheElite II: Ja zit wat in :P
18:42:34 : Group: II TheElite II: Op hoeveel meter afstand doe jij die missies dan?
18:42:55 : Group: [NG2] Jesse: hangt van de plek af rond 800 meestal
18:44:30 : Group: II TheElite II: Ik heb alleen een ammo probleempje
18:44:36 : Group: II TheElite II: M240 mag en svd
18:45:00 : Group: [NG2] Jesse: we gaan wel eerst een loot plekje vinden
18:45:10 : Group: II TheElite II: Perfect :)
18:45:39 : Group: II TheElite II: 15 kogels m240 :')
18:50:44 : Group: [NG2] Jesse: je kan de auto gewoon vol proppen
18:50:57 : Group: II TheElite II: k
18:51:04 : Group: II TheElite II: Nog niks gespawned he?
18:52:16 : Group: II TheElite II: Komen alleen maar meer nu natuurlijk XD
18:52:34 : Group: II TheElite II: Geen ammo meer...
18:52:45 : Group: [NG2] Jesse: pak alles wat goud waard is dan verkopen we dat en krijg je dan
18:53:32 : Group: II TheElite II: YEs goed plan
18:54:19 : Group: [NG2] Jesse: wil je munity? kan je me bloodbagen mis veel bloed, bloodbag in de auto
18:54:31 : Group: [NG2] Jesse: humanity*
18:55:05 : Group: II TheElite II: Thanks :)
18:55:22 : Side: Cristi: Mornin
18:55:33 : Side: 2DIE4: HI
18:57:00 : Group: II TheElite II: Alles gehad?
18:57:39 : Side: Cristi: 5 players online and you still kill eachother
18:57:42 : Side: Cristi: What are the chances?
18:57:44 : Side: Cristi: Where was he?
18:58:03 : Side: 2DIE4: GOIN $ THE MISSION FULL RETARD  xD 
18:58:17 : Side: 2DIE4:  they knocked him ot i finished him 
18:58:52 : Group: II TheElite II: Is 2DIE4 een vriend van jullie?
18:59:00 : Group: [NG2] Jesse: nope!!@
18:59:04 : Group: II TheElite II: Ojee XD
18:59:31 : Group: [NG2] Jesse: hij is een dikke bandit, en duitser ^^ 
18:59:59 : Group: II TheElite II: Hahah dan zeker niet 
19:04:27 : Group: Sir LongSleeves: who or what killed me
19:04:35 : Group: [NG2] Jesse: en heb je een beetje een goed wapen? 
19:04:36 : Group: II TheElite II: Verkopen dan maar? 
19:04:52 : Group: II TheElite II: Geen goede sniper eigenlijk
19:04:56 : Group: II TheElite II: Alleen die svd
19:05:02 : Group: II TheElite II: Maar daar lukt het ook wel mee
19:05:03 : Group: [NG2] Jesse: ja is goed, pak maar wat je wilt houden! ,
19:05:12 : Group: II TheElite II: Verkoop maar alles
19:05:16 : Group: [NG2] Jesse: :P 
19:05:20 : Group: II TheElite II: Koop ik ammo en dan ben ik er klaar voor
19:05:22 : Side: alexxx: sir 
19:05:27 : Group: [NG2] Jesse: slechte loot round :( 
19:05:30 : Side: Sir LongSleeves: yes
19:05:30 : Side: alexxx: remember me im friend with M.K
19:05:37 : Group: II TheElite II: Ja was niet echt bijzonder
19:05:40 : Side: Sir LongSleeves: did you kill me
19:05:40 : Side: alexxx: i add u in group 
19:05:50 : Side: alexxx: no u killed me
19:06:06 : Side: Sir LongSleeves: i killed an AI
19:06:18 : Group: [NG2] Jesse: is weer 30 gold
19:06:23 : Side: Sir LongSleeves: or did you have a bandit outfit on?
19:06:25 : Group: II TheElite II: 30!?
19:06:33 : Group: II TheElite II: Voor een koe
19:06:35 : Side: alexxx: i dont know
19:06:41 : Group: II TheElite II: Wist ik niet
19:06:43 : Group: [NG2] Jesse: 6 cookd beef is 30 gold bij het verkopen
19:06:47 : Side: alexxx: accept invitation
19:06:56 : Group: II TheElite II: Dat is echt netjes
19:07:01 : Group: II TheElite II: Goed om te weten
19:07:13 : Group: Sir LongSleeves: add alexxx ff in group
19:07:16 : Group: [NG2] Jesse: 2 koeen en je hebt een suv :Pw
19:07:31 : Group: II TheElite II: Kun je niet gewoon op die koe rijden?
19:07:42 : Group: [NG2] Jesse: ?
19:07:42 : Group: II TheElite II: Helemaal mooi
19:07:57 : Group: II TheElite II: Wie heeft een suv nodig als je een koe hebt :P
19:07:58 : Side: alexxx: sir come in my group m.k is at bathroom
19:08:02 : Group: [NG2] Jesse: hahah 
19:08:24 : Side: Sir LongSleeves: ADD ME
19:08:47 : Group: [NG2] Jesse: je ging dood man
19:08:52 : Side: Sir LongSleeves: alex add me
19:08:53 : Group: [NG2] Jesse: door ai
19:09:02 : Side: alexxx: say this player already has a pending invite
19:14:31 : Side: alexxx: rly sir
19:14:40 : Group: alexxx: u get my dmr
19:14:57 : Group: Sir LongSleeves: no
19:15:07 : Group: Sir LongSleeves: im dead
19:15:17 : Group: Sir LongSleeves: i didnt kill you
19:16:08 : Direct: II TheElite II: We zijn uit die groep
19:16:13 : Direct: II TheElite II: Ik heb ammo :)
19:16:50 : Group: [NG2] Jesse: je mag het goud hebben
19:17:00 : Group: II TheElite II: Heb niks meer :P
19:17:16 : Group: [NG2] Jesse: goed zit in de auto mag je hebben ! 
19:17:27 : Group: II TheElite II: Ik had perongelijk 2 goedkope wapens in mn rugtas gelaten dus kon er 2x M240 en 6x SVD van kopen
19:17:38 : Group: II TheElite II: Ooh nice, thanks! :)
19:18:22 : Vehicle: II TheElite II: Moet ik die cco nog verkopen?
19:18:26 : Group: [NG2] Jesse: missies zijn wel gevaarlijk.. gok ik ,.. 
19:18:36 : Group: [NG2] Jesse: ooh ja doe maar
19:18:43 : Group: II TheElite II: Ja wil je nog een missie doen of toch maar niet?
19:19:08 : Group: [NG2] Jesse: kunnen ook gewoon door looten, .. 
19:19:30 : Group: [NG2] Jesse: of gewoon een missie is ook wel zo spannend
19:19:38 : Group: II TheElite II: Doen we dat! Ik ga denk toch stoppen over een half uurtj
19:19:49 : Group: II TheElite II: Oja ook prima :P
19:20:04 : Group: [NG2] Jesse: laten we nog even looten dan.. met een mission kan alles gebeuren
19:20:24 : Group: II TheElite II: Yes
19:21:39 : Group: II TheElite II: Thanks dat ik het goud mag hebben
19:21:44 : Group: [NG2] Jesse: wat is je humanity?
19:21:50 : Group: [NG2] Jesse: np heb genoegw
19:21:50 : Group: II TheElite II: 7300
19:21:55 : Group: [NG2] Jesse: netjes
19:22:03 : Group: alexxx: sir
19:22:04 : Group: II TheElite II: Hahah hoelang speel jij al in deze server?
19:22:14 : Group: II TheElite II: Wat is jouw humanity?
19:22:17 : Group: [NG2] Jesse: bijna 2 maanden gok ik .. 
19:22:17 : Group: alexxx: u do the mision ?
19:22:28 : Group: Sir LongSleeves: yes
19:22:29 : Group: [NG2] Jesse: 10450
19:22:38 : Group: Sir LongSleeves: did you have a DMR and M16?
19:22:39 : Group: II TheElite II: Nog beter ;)
19:22:45 : Group: alexxx: no
19:22:50 : Group: alexxx: i come 
19:23:03 : Group: II TheElite II: Ben je dan lvl2 hero?
19:23:11 : Group: [NG2] Jesse: ja
19:23:26 : Group: II TheElite II: En 15000 zal dan wel lvl3 zijn :p
19:23:33 : Group: [NG2] Jesse: jup
19:23:44 : Group: II TheElite II: Wel relaxed dat je dan met een wapen begint
19:23:55 : Group: [NG2] Jesse: dat is lvl 3 
19:23:57 : Group: [NG2] Jesse: ^^
19:24:12 : Group: II TheElite II: lvl 2 krijg je toch m4? Of is dat plaatje bedrog?
19:24:22 : Group: [NG2] Jesse: dat is lvl 4
19:24:37 : Group: II TheElite II: Oja hero heeft 4 levels
19:24:44 : Group: II TheElite II: Was het even kwijt :P
19:24:51 : Group: [NG2] Jesse: zag net ook 5 is toegevoegd
19:25:04 : Group: II TheElite II: Ooh nice!
19:27:50 : Group: II TheElite II: Hahah lekker dan
19:27:55 : Group: II TheElite II: Kom eraan op de fiets
19:27:56 : Group: [NG2] Jesse: zie hem nie ,.. 
19:28:08 : Group: II TheElite II: Hij ligt iets links van die ghillie
19:28:42 : Group: alexxx: im coming
19:29:51 : Group: [NG2] Jesse: neer
19:30:02 : Group: II TheElite II: Lekker
19:30:11 : Group: II TheElite II: Welke sniper heb jij
19:30:33 : Group: [NG2] Jesse: m110
19:30:37 : Direct: Sir LongSleeves: 1 still alive
19:30:45 : Group: alexxx: give 1 weapon
19:30:46 : Direct: Sir LongSleeves: need a DMR?
19:30:47 : Group: II TheElite II: Hij klinkt echt vet
19:30:50 : Group: alexxx: yes
19:30:52 : Group: alexxx: xD
19:31:27 : Group: alexxx: my love
19:31:50 : Group: alexxx: i go ok
19:31:58 : Group: Sir LongSleeves: ok
19:32:37 : Group: [NG2] Jesse: zombies.. .
19:32:46 : Group: II TheElite II: Word je leip van
19:33:58 : Group: II TheElite II: m24
19:34:02 : Group: II TheElite II: beter dan svd?
19:34:10 : Group: [NG2] Jesse: weer stome loot,..!!!! 
19:34:37 : Group: II TheElite II: Ja zeg dat wel
19:35:27 : Group: alexxx: was so close
19:35:28 : Group: alexxx: xD
19:35:45 : Group: II TheElite II: Kan je kleding niet meer pakken?
19:35:52 : Group: [NG2] Jesse: tenten al gedaan? 
19:36:00 : Group: II TheElite II: Yes helemaal niks...
19:36:22 : Group: Sir LongSleeves: flanking
19:36:38 : Group: [NG2] Jesse: 2de locatie
19:36:49 : Group: II TheElite II: Airfield
19:36:55 : Group: [NG2] Jesse: jup
19:37:07 : Group: II TheElite II: Zit jullie basis bij de dam?
19:37:12 : Group: [NG2] Jesse: ja
19:37:26 : Group: II TheElite II: Ik ben er een keer langs gelopen, netjes hoor :P
19:37:33 : Group: [NG2] Jesse: ^^d
19:37:43 : Group: II TheElite II: Mijn 2x2 is daar niks bij XD
19:38:05 : Group: [NG2] Jesse: je bent welkom om bij ons in de buurt te bouwen zo dat we elkaar kunnen helpen
19:38:27 : Group: alexxx: i shot 1
19:39:03 : Group: II TheElite II: Dat is wel een goeie. Ik gebruik voorlopig nog even deze en als ik genoeg geld heb om wat moois te bouwen dan kijken we wel ;)
19:39:14 : Group: [NG2] Jesse: is cool
19:39:27 : Group: alexxx: no bandage
19:39:47 : Group: alexxx: help
19:40:25 : Group: [NG2] Jesse: nog niks gespawnd? 
19:40:41 : Group: II TheElite II: Jawel in firedepartment wel maar alleen maar poep
19:41:20 : Group: alexxx: help 5000 blod
19:41:24 : Group: alexxx: blood
19:41:29 : Group: II TheElite II: heb je wat aan windscreen of scrap metal?
19:41:35 : Group: [NG2] Jesse: nee! :P 
19:41:51 : Group: II TheElite II: Geen idee wat die vehicle parts waard zijn XD
19:41:58 : Group: Sir LongSleeves: one comming to yuo
19:42:04 : Group: [NG2] Jesse: haha niks maar je kan wel voor spare mozziepart sparen
19:42:25 : Group: Sir LongSleeves: got her
19:42:39 : Group: alexxx: broken legs
19:42:48 : Group: alexxx: cant survive bye my friend ))))))))
19:43:17 : Group: Sir LongSleeves: one my flank
19:44:22 : Group: II TheElite II: Vekopen en stoppen?
19:44:32 : Group: [NG2] Jesse: deze gasten wonnen ook dicht bij de dam, vandaar zijn ze in de groep
19:44:53 : Group: II TheElite II: Aah jullie zijn bevriend met hun
19:45:00 : Group: II TheElite II: Goede zaak
19:45:45 : Group: [NG2] Jesse: soort van ingame leren kennen net als ons en dan dicht bij de dam komen bouwen zodat we elkaar kunnen helpen in nood.. als bjiv worden aangvallen
19:46:14 : Group: II TheElite II: Ja precies. Veel beter dan onderling oorlog voeren :P
19:47:39 : Group: [NG2] Jesse: even ammo verkopen bij hero
19:47:52 : Group: [NG2] Jesse: dan trader en dan klaar
19:47:58 : Group: II TheElite II: k
19:48:32 : Group: M.K.: hey :D
19:52:54 : Group: [NG2] Jesse: hoe zit je?
19:53:02 : Group: II TheElite II: Haha met ''
19:53:04 : Group: Sir LongSleeves: im gonna shoot dont worry
19:53:18 : Group: II TheElite II: Naast je backslash
19:53:30 : Group: [NG2] Jesse: jaja cpp;
19:53:32 : Group: [NG2] Jesse: cool
19:53:43 : Group: II TheElite II: Hahah cool he :P
19:53:52 : Side: Cristi: Hi Heil
19:53:56 : Group: II TheElite II: De salut kende je al?
19:54:07 : Side: M.K.: why i cannot use the hatchet?
19:54:11 : Side: M.K.: i bought it from the trader
19:54:16 : Group: [NG2] Jesse: ja zeker wist wel dat je kon zitten maar niet hoe :P 
19:54:17 : Side: M.K.: i bought 3 , 2 dissapeared
19:54:19 : Side: M.K.: wtf
19:54:23 : Group: II TheElite II: Aah zo
19:54:30 : Side: 2DIE4: u need to right clivk it remove from toolbelt 
19:54:34 : Side: M.K.: ...
19:54:36 : Side: M.K.: i know
19:54:45 : Side: 2DIE4:  when the upper weaponslot is empty
19:54:45 : Side: M.K.: but i cannot SWING with it / USE IT
19:54:47 : Group: [NG2] Jesse: je mag de goud houden, ! heb je verdiend! hooplijk wil je in de toekomst in de buurt bouwen! 
19:54:52 : Side: M.K.: its in my hands dude
19:54:54 : Side: 2DIE4:  u can only carry one on ya belt 
19:55:05 : Side: 2DIE4:  the others need to go in the backpack
19:55:19 : Group: [NG2] Jesse: waar is je base ? 
19:55:33 : Group: [NG2] Jesse: dan breng ik je er heen 
19:55:35 : Group: II TheElite II: Dankjewel! Dat waardeer ik! Ik zal er zeker over nadenken. Ik speel met 1 iemand anders maar die is er nooit >.>
19:55:44 : Group: [NG2] Jesse: :P 
19:55:54 : Group: II TheElite II: Ehm hij is hier vlakbij in de bossen wil je coordinaten?
19:56:13 : Group: [NG2] Jesse: als je een beetje engels kan we zitten oop op ts, dan is er altijd wel iemand online.. 
19:56:27 : Group: [NG2] Jesse: mark maar in groupchat 
19:56:28 : Side: M.K.: lwb?
19:56:30 : Side: M.K.: whats going on?
19:56:54 : Side: M.K.: whenever i put it in my hands and try to swing its just dropping everything i have in hand down
19:56:58 : Group: II TheElite II: Hoe doe je dat ook alweer?
19:57:09 : Group: [NG2] Jesse: dubble klik op de map ..
19:57:11 : Side: M.K.: the swings left...1000000000
19:57:17 : Side: M.K.: im not stupid
19:57:19 : Group: II TheElite II: Gewoon marken terwijl je in groupschannel zit?
19:57:24 : Group: [NG2] Jesse: ja
19:57:26 : Group: II TheElite II: Dan zie alleen jij hem
19:57:29 : Side: M.K.: sort of a weird bug
19:57:30 : Group: II TheElite II: Lol wist ik niet
19:57:36 : Group: [NG2] Jesse: ik verwijder hem wel als ik hem heb gezien
19:57:37 : Group: II TheElite II: Staat erop
19:57:41 : Side: 2DIE4:  greasy hands?
19:58:04 : Group: [NG2] Jesse: lekker centraal
19:58:10 : Group: II TheElite II: Ik heb zelf geen teamspeak alleen... Heb wel discord maar daar zitten jullie dnek iet op? 
19:58:17 : Group: II TheElite II: Haha mooie plek he
19:58:18 : Group: [NG2] Jesse: nope
19:58:21 : Side: M.K.: its just not letting me pick it up anymore
19:58:25 : Group: II TheElite II: Novy lug looten en klen verkopen
19:58:25 : Side: M.K.: from the ground
19:58:33 : Side: M.K.: im gonna relog
19:58:57 : Group: II TheElite II: Ik zal wel even kijken om volgende keer teamspreak te installeren. Engels kan ik wel
19:59:07 : Group: [NG2] Jesse: top
19:59:34 : Side: M.K.: nope
19:59:35 : Group: II TheElite II: Mijn vila
19:59:36 : Side: M.K.: still bugged
19:59:39 : Group: [NG2] Jesse: haha
19:59:47 : Group: II TheElite II: Nogmaals bedankt!
19:59:58 : Group: [NG2] Jesse: np, zie je wel weer een andere keer
20:00:02 : Group: II TheElite II: En tot volgende keer
20:00:06 : Side: Cristi: Heil?
20:00:07 : Group: II TheElite II: Zeker
20:00:14 : Group: II TheElite II: EN dan wel missies
20:00:21 : Side: Hailstorm: hello?
20:00:24 : Side: Cristi: Sup.
20:00:24 : Side: M.K.: i just need some fkin wood
20:00:48 : Side: [NG2] Jesse: haha wood ;)
20:00:53 : Side: Cristi: Can you add me to group for a second? 
20:00:55 : Side: Cristi: I need a word.
20:01:33 : Group: alexxx: go ?
20:01:39 : Group: Hailstorm: allone again?
20:01:46 : Group: Cristi: No, I am with a friend.
20:01:54 : Group: Cristi: Had hostiles on NE wanted to make sure it's not you.
20:02:07 : Group: Cristi: Can you add Mario?
20:02:12 : Group: Cristi: if you want to stick to the same group?
20:02:15 : Group: Cristi: Or I can go backw
20:02:41 : Group: Hailstorm: ivited
20:02:59 : Group: Hailstorm: hello
20:03:05 : Group: Winans: hi
20:03:09 : Group: Mario: hi
20:03:38 : Group: alexxx: lolll
20:03:42 : Side: 2DIE4: hey ICEE... 
20:04:00 : Group: alexxx: bye amigo
20:04:01 : Side: [RussianMafia]ICEE: Hi 
20:04:07 : Group: Sir LongSleeves: cya
20:04:21 : Side: 2DIE4:  ive seen u been raided too ... . my base also got raided
20:05:57 : Side: 2DIE4:  must have been somewhen at night when we r not online 
20:06:02 : Side: 2DIE4:  sissi move 
20:07:37 : Group: Sir LongSleeves: 1 sec
20:09:44 : Group: Sir LongSleeves: need to sell some first
20:09:59 : Group: Sir LongSleeves: i got one
20:10:21 : Group: Sir LongSleeves: its broke
20:10:26 : Group: Sir LongSleeves: ask sierra
20:10:37 : Group: Sir LongSleeves: its a glitch i think
20:10:38 : Side: M.K.: oh its says 0 uses i jsut saw
20:10:44 : Side: M.K.: but i just bought them
20:10:45 : Side: M.K.: wtf
20:11:06 : Side: M.K.: i demand a REFUND!
20:11:24 : Side: 2DIE4: try puttin it in ya backpack  then take it out again and try to use it
20:11:30 : Side: M.K.: i did
20:11:35 : Side: 2DIE4:  otr reload
20:13:10 : Group: Sir LongSleeves: hang on, lemme check something
20:14:26 : Group: Sir LongSleeves: lemme show you why
20:15:12 : Group: Sir LongSleeves: see its cuz your in safezone
20:15:48 : Group: Hailstorm: lol
20:17:48 : Group: Winans: what happenend lol
20:17:54 : Group: Cristi: Flew over a base 
20:17:55 : Group: Cristi: Got shot down
20:18:01 : Group: Winans: what base
20:18:04 : Group: Cristi: Who has base at Podoba? 
20:18:20 : Group: Winans: mark it in group
20:18:27 : Group: Cristi: I spawned without map.
20:18:33 : Group: Cristi: Podoba Dam
20:18:35 : Group: Cristi: NE 
20:18:40 : Group: Hailstorm: maybe the mission
20:18:41 : Group: Cristi: Close to NEAF
20:18:46 : Group: Winans: sir longsleeves
20:18:48 : Group: Cristi: No, I flew away from the mision
20:19:01 : Group: Cristi: I ducked to avoid the mission, I got shot from the dam 100%
20:19:11 : Group: Cristi: Eh, yea it's a bandit.
20:19:24 : Group: Cristi: I'll be off for the night. Second time I get 1 briefcase for little bird and get fucked.
20:19:34 : Group: Winans: :/
20:19:39 : Group: Hailstorm: :(
20:19:55 : Group: Cristi: Gl :) 
20:20:01 : Group: Winans: try fishing
20:20:04 : Group: Winans: 30 mins
20:20:05 : Group: Cristi: Fishing?
20:20:07 : Group: Winans: 10 bc
20:20:17 : Group: Winans: yeah... if u are two ppl
20:20:24 : Group: Hailstorm: 2 backpacks full with fish 10 bc
20:20:30 : Group: Winans: u can make 8-10 bc in 30 mins
20:20:38 : Group: Cristi: Do you need to fish somewhere special?
20:20:46 : Group: Winans: at the sea
20:20:49 : Group: Hailstorm: only at the see
20:20:52 : Group: Winans: not ponds
20:21:04 : Group: Winans: on a boat u get a bonus
20:21:09 : Group: Cristi: Ok. 
20:21:12 : Group: Cristi: I'll try/
20:21:16 : Group: Cristi: I am off tonight. Have fun!
20:21:18 : Group: Winans: bb
20:21:28 : Group: Hailstorm: its boring, but profitable
20:25:23 : Side: 2DIE4:  who got me?  =)
20:25:30 : Side: 2DIE4:  that was good looking out!
20:26:49 : Side: 2DIE4:  so who`?w
20:31:16 : Group: M.K.: we're going to do the convoy mission
20:31:18 : Group: M.K.: you down?
20:32:01 : Group: Sir LongSleeves: no man im going
20:32:12 : Side: alexxx: Lwb i cant exit from the car im glichet
20:32:19 : Side: alexxx: bugged
20:32:43 : Side: alexxx: ty
20:32:58 : Side: M.K.: ty :P
20:33:07 : Side: M.K.: i think he had a crush for my car
20:33:08 : Side: M.K.: :))
20:33:16 : Side: M.K.: and just couldn't let go
20:33:19 : Side: Sierra [SD]: :)
20:33:56 : Side: SecuroServ: bmp  btr  tank who can i buy ??
20:39:55 : Side: -SDS-Ban: how you die?
20:40:10 : Side: 2DIE4: how did i die earlierß
20:41:08 : Side: 2DIE4:  funny when ppl dont have the balls to tell
20:41:22 : Side: -SDS-Ban: you mean me?
20:41:31 : Side: 2DIE4:  whoever killed me
20:41:38 : Side: -SDS-Ban: ok
20:41:59 : Side: -SDS-Ban: than i am not meaning
20:42:05 : Side: -SDS-Ban: spawn for 2 minutes
20:42:14 : Side: -SDS-Ban: but have not balls too
21:00:33 : Side: Faldehals: hey ho guys
21:00:48 : Side: -SDS-Ban: hello
21:01:13 : Side: 2DIE4:  hi
21:01:21 : Side: Faldehals: hey sierra ?
21:02:02 : Side: Faldehals: hmm
21:03:34 : Side: Sierra [SD]: Hello Faldehals, what's up?
21:04:16 : Side: Faldehals: ahh hey , i builde a new ramp maybe you can give my jetski a boost to try it and have fun a bit ?
21:04:58 : Side: Sierra [SD]: ah :) - no can do sorry. I'm sure its a very cool ramp though! 
21:06:01 : Side: Faldehals: hmm :/ 
21:11:15 : Side: M.K.: dafuq?
21:11:21 : Side: M.K.: u mad?
21:15:27 : Side: Faldehals: haha
21:15:40 : Side: -SDS- Gowther: Moin Falde :D
21:16:10 : Side: Faldehals: hey
21:16:36 : Side: -SDS-Ban: hey
21:18:41 : Side: Faldehals: AHHH HAHA
21:21:35 : Side: Faldehals: oioi
21:28:10 : Side: userpc: sierra plz help im stuck i cannot move
21:28:22 : Side: Sierra [SD]: stuck in what way?
21:28:30 : Side: userpc: im on a rock and i cant move
21:28:40 : Side: userpc: can kneel or crounch but cannot move
21:28:44 : Side: M.K.: BETWEEN A ROCK AND A HARD PLACE
21:29:01 : Side: userpc: thank you
21:29:09 : Side: Sierra [SD]: np :)
21:31:42 : Side: userpc: sry to bother you again but......
21:32:33 : Side: Sierra [SD]: yep
21:32:52 : Side: userpc: do you want me to give you the coords? the place seems buggy 
21:33:12 : Side: userpc: cause im stuck yet again
21:33:28 : Side: Faldehals: omg
21:33:28 : Side: Sierra [SD]: Not much I can do about it if its buggy
21:33:42 : Side: userpc: oh ok 
21:33:44 : Side: Sierra [SD]: perhaps dont climb in the same place ;)
21:33:59 : Side: userpc: ill leave alone like kitties avoid water
21:34:04 : Side: 2DIE4: Peasant .. it looks as it was u  who killed me b4 restart Xd
21:34:14 : Side: 2DIE4:  VSS  and camo DMR  =) 
21:34:21 : Side: Sierra [SD]: xD
21:34:25 : Side: Peasant: maybe
21:34:27 : Side: Sierra [SD]: are you actually still stuck?
21:34:32 : Side: userpc: yes
21:34:38 : Side: 2DIE4:  well good lookin out dude no hate just the game =) 
21:34:41 : Side: Sierra [SD]: ok will have to wait 2 secs
21:34:46 : Side: Peasant: :)
21:34:50 : Side: userpc: sure thank you
21:34:56 : Side: 2DIE4:  was u alone? 
21:35:37 : Side: Peasant: I was wathving someones back
21:36:02 : Side: 2DIE4: like i said good lokin out mate
21:36:20 : Side: Peasant: :) more luck than anything else. saw a ghillie head, shot....
21:36:36 : Side: 2DIE4:  look the other way next time XD
21:36:39 : Side: userpc: sierra if you moved me thank you or else it seems i slided off 
21:36:42 : Side: 2DIE4:  but u didnt her me did u? 
21:36:49 : Side: Peasant: no didnt hear
21:36:54 : Side: Sierra [SD]: you are welcome :D
21:37:00 : Side: 2DIE4:  im still sneaky XD
21:37:13 : Side: Peasant: And I guess I managed to walk straight into your base
21:37:47 : Side: 2DIE4:  z i mean u though u could  =9
21:38:02 : Side: 2DIE4:  u mean sry =)
21:38:13 : Side: Peasant: I was gonna do mission, but M2 scared me and Was gonna hide behind it
21:38:33 : Side: 2DIE4:  u could hacve asked XD
21:38:57 : Side: Peasant: didnt know there was anyone there XD
21:57:02 : Side: Faldehals: sierra why i never saw ai at the three valley camp ?
21:57:20 : Side: Sierra [SD]: there aren't ai there.
21:57:49 : Side: Faldehals: aha
21:58:20 : Side: Sierra [SD]: xD
22:06:15 : Side: Faldehals: how long is it night if we vote ?
22:06:39 : Side: Sierra [SD]: until restart
22:06:40 : Side: 2DIE4:  for this restart
22:07:06 : Side: Faldehals: we have do it last time but after 5min change it to day
22:09:06 : Side: Turmoil: whos at the dam? :)
22:09:20 : Side: -SDS- Gowther: dam?
22:09:33 : Side: Turmoil: last warning :)
22:09:38 : Side: Faldehals: me and im not frendly lol
22:10:07 : Side: Faldehals: lalalaaa
22:10:27 : Side: Turmoil: whats up? ^^
22:10:42 : Side: Faldehals: nothing ...
22:22:36 : Group: Turmoil: hi there longpants ^^
22:23:31 : Group: Turmoil: what are you doing? ^^
22:43:54 : Side: userpc: are rough stones useful in any way?
22:44:00 : Side: Turmoil: nope
22:44:01 : Side: 2DIE4: no
22:44:03 : Side: Turmoil: trash :)
22:44:42 : Side: userpc: meh it would be nice to use em as a building material
22:46:20 : Side: -SDS- Merlin: admin here?
22:46:39 : Side: Turmoil: maybe?
22:46:56 : Side: Turmoil: want a truck 2DIE4?
22:47:30 : Side: 2DIE4: naa mate im good thx   =9
22:47:49 : Side: -SDS- Merlin: well, i died in combat against ai. wanted to respawn, and then loot my corpse. while spawning, the game didnt load the files or something, so i had to
22:48:00 : Side: -SDS- Merlin: alt+f4 and start again, now my corpse is empty
22:50:22 : Side: -SDS- Merlin: sierra, can you help?
22:53:49 : Side: 2DIE4:  what  a cheap rip off
22:54:11 : Side: -SDS- Merlin: yeah, thats what i thought, but i alt+f4 after i died and wanted to respawn. but while respawning my game freezed
22:55:17 : Side: Turmoil: dude if you alt + f4 out of game thats combat logging and your own problem i supose?
22:55:49 : Side: 2DIE4:  im talkin boit the black hawk stealin the mission  XDw
22:56:00 : Side: -SDS- Merlin: i know that combat logging is bad, but after i died in the loading screen while spawning the first time? i couldnt spawn without closing the game
22:56:19 : Side: -SDS- Merlin: well, ok then
22:56:26 : Side: Turmoil: didnt you just kill a guy? if you are at a mission i supose you killed the guy who did it? :P 
22:56:32 : Side: -SDS- Merlin: oh wait
22:56:46 : Side: -SDS- Merlin: now i can access my loot somehow
22:56:51 : Side: 2DIE4:  dude  they cmae in with a bh and lifted the mission car  Xd
22:57:13 : Side: Turmoil: cheap of them indeed
22:57:14 : Side: 2DIE4:  who was that?  XD
22:57:26 : Side: Turmoil: i dont know? im no admin 
22:57:34 : Side: Turmoil: i dont keep track of players xD
22:57:47 : Side: 2DIE4:  was it u guys?  XD
22:57:56 : Side: Turmoil: im on alone
22:58:21 : Side: 2DIE4:  MKL were they with u?
22:59:08 : Side: Turmoil: im currently helping pesant out :)
22:59:27 : Side: Peasant: Im so poor
23:00:03 : Side: Turmoil: wanna donate to him 2DIE4? or are you too bandit? :D
23:00:19 : Side: 2DIE4:  ill throw in a weapon =) 
23:00:25 : Side: Peasant: He donated me some lead earlier
23:00:31 : Side: Turmoil: loool
23:00:40 : Side: Turmoil: so you guys met then 
23:00:48 : Side: Peasant: yeah :/
23:00:56 : Side: Turmoil: Pesant, meet 2DIE4, our very own bandit :)
23:03:18 : Side: M.K.: you cannot take clothes from otehr players?
23:03:53 : Side: Turmoil: scroll em and remove clothes :)
23:04:09 : Side: M.K.: nope.
23:06:23 : Side: Faldehals: lol wtf i cant builde a lockbox i run and run reason a barack or a safezone
23:06:39 : Side: Faldehals: never saw a biger bullshti
23:07:02 : Side: Turmoil: you cant build in military areas or safezones
23:07:02 : Side: Faldehals: lol
23:07:14 : Side: Faldehals: im far away
23:07:36 : Side: 2DIE4:  tum if u ever wanted to to me a favor.. u can do me one now 
23:07:46 : Side: 2DIE4:  i mean Turmoil
23:07:57 : Side: Turmoil: what is that my bandidos friend?
23:08:06 : Side: 2DIE4:  gimme a lil lift?  XD
23:08:15 : Side: Turmoil: you promise not to shoot?
23:08:36 : Side: 2DIE4:  somehow my bird died on mye and now im kinda stuck  Xd
23:08:45 : Side: 2DIE4:  u have amans word on it
23:09:08 : Side: Turmoil: will you let sierra kill you and steal 10 briefs from you if you do? :D
23:09:09 : Side: 2DIE4:  i have one weapon on me    ... my penis  XD
23:09:17 : Side: Faldehals: O_o
23:09:26 : Side: 2DIE4:  dude if i kill u i open up my safe 4 u
23:09:29 : Side: Peasant: he fires blanks its ok :D
23:09:36 : Side: 2DIE4:  ill put tht gun in my bag
23:09:45 : Side: Turmoil: where you at my friend? :)
23:09:57 : Side: 2DIE4:  gimme a inv
23:10:12 : Side: Turmoil: im more worried about that other gun you were talking about... keep your flier closed and we have a deal
23:10:21 : Side: 2DIE4:  Xd ok 
23:10:49 : Side: 2DIE4:  ha it was u stealing the damn armed SUV  X
23:10:54 : Side: 2DIE4: XD
23:11:01 : Group: Turmoil: i deny it xD
23:11:15 : Group: Turmoil: on my way :)
23:11:30 : Group: 2DIE4: i see  =)
23:11:48 : Group: 2DIE4:  just need  a fast relog  scroll
23:14:50 : Group: Turmoil: your inside -_-
23:14:54 : Group: Turmoil: cant land this thing in there
23:14:57 : Side: 2DIE4:  XD
23:15:04 : Side: 2DIE4:  just hover close
23:15:17 : Side: 2DIE4:  too easy
23:15:32 : Side: 2DIE4:  turn right 
23:15:37 : Side: 2DIE4:  a lil 
23:15:45 : Side: 2DIE4:  in
23:15:54 : Group: Turmoil: pro rescue
23:15:55 : Group: Turmoil: where to?
23:15:57 : Side: 2DIE4:  base  and thx  
23:16:12 : Side: 2DIE4:  ill throw my weapon in as sponsorchip  =)
23:17:24 : Group: Turmoil: cya
23:17:25 : Side: Faldehals: someone make this uh1y mission ?
23:17:27 : Side: 2DIE4:  thx 
23:17:46 : Group: Turmoil: yw
23:18:04 : Side: 2DIE4:  weapon is in the chopper
23:18:35 : Group: Turmoil: that should get him started :) 4 briefs from the SUV and a DMR
23:19:05 : Group: Peasant: :D
23:19:10 : Side: 2DIE4:  stop stealin my missions  XD
23:19:20 : Side: Faldehals: du ?
23:19:26 : Side: 2DIE4:  neee 
23:19:30 : Side: 2DIE4:  die davor 
23:19:32 : Side: 2DIE4:  sry guys
23:20:01 : Side: Faldehals: fly over there but nothing to se only the heli and a chest
23:34:18 : Side: -SDS- Gowther: I died 5min before restard and lost my keys
23:34:26 : Side: -SDS- Gowther: Why are my vehicles not open?
23:34:47 : Side: M.K.: they lock after restart, like safes/doors
23:34:51 : Side: -SDS- Gowther: They are locked with a key which doesnt exist
23:35:02 : Side: -SDS- Gowther: Restart was 5min ago?
23:35:03 : Side: M.K.: this is a game afterall
23:35:56 : Side: Turmoil: it breaks my heart to tell you, but your cars are scrap now... you cannot get the keys back :) 
23:36:03 : Side: Turmoil: they are lost and gone
23:36:19 : Side: -SDS- Gowther: Rly?
23:36:22 : Side: Turmoil: you could hotwire them if you find a hotwire kit tho 
23:36:38 : Side: -SDS- Gowther: I have a hotwirekit 
23:37:00 : Side: Faldehals: lol and what car .. offroder ?
23:37:07 : Side: Turmoil: then you can hotwire it :) it only works on one car tho so you need one for each car/truck/heli/plane you want to unlock
23:37:08 : Side: -SDS- Gowther: But this vehicels are not very cheap just the gear inside
23:37:42 : Side: -SDS- Gowther: Ill could cry ._.
23:37:52 : Side: Turmoil: but the car will lock again after next restart when you use hotwire kit so its just a temporary fix... 
23:38:05 : Side: -SDS- Gowther: Mhhm
23:38:28 : Side: userpc: so hotwire it and sell it
23:38:29 : Side: -SDS- Gowther: Good thanks man im done with this game for today...
23:38:38 : Side: -SDS- Gowther: Bb
23:38:38 : Side: Faldehals: jammer net rum
