10:33:18 : Direct: BOBAH: ща отъеду
16:09:22 : Direct: Turmoil: he can build in the barn if he wants
16:09:27 : Direct: Turmoil: we can be allies
16:09:41 : Direct: Turmoil: follow
16:09:54 : Direct: Turmoil: yeh
16:10:05 : Direct: Turmoil: in the barn? 
16:10:38 : Direct: Turmoil: well, i guess anywhere around here is ok, we have down there
16:10:54 : Direct: Turmoil: we can help eachother out, also easier to protect :)
16:11:01 : Direct: Turmoil: yeah
16:12:00 : Direct: Turmoil: got it from me
16:12:25 : Direct: Turmoil: found 2 of them today :) 
16:12:41 : Direct: Turmoil: Patrick knows my locations ;) 
16:12:54 : Direct: Turmoil: army bases i showed you patrick
16:13:02 : Direct: Turmoil: DENMARK!!!
16:13:59 : Direct: Turmoil: how do i use the voice chat again?
16:19:58 : Direct: TheLegend27: should we go into a TS? easier than ig voip
16:21:43 : Direct: Turmoil: wich channel are you guys in? this in game shit sucks xD
16:23:13 : Direct: Turmoil: channel 3?
18:36:27 : Direct: Sebastian: hey how are you :)
20:01:51 : Direct: Seven937: Russian?
20:12:48 : Direct: TheLegend27: /boxing
21:28:47 : Direct: Alexander: fuck off
