10:00:28 : Group: Bunraku San: yo dude
10:00:40 : Group: charlie kelly: yo
10:02:52 : Group: Bunraku San: 2 more big bases up at the dam
10:05:28 : Group: Bunraku San: lmao
10:05:47 : Group: charlie kelly: base at pobeda?
10:05:49 : Group: Bunraku San: so someone has wrote out in wood walls HERO TOWN
10:05:57 : Group: charlie kelly: hahahah whaat
10:05:58 : Group: charlie kelly: thats mint
10:05:58 : Group: Bunraku San: 2 BASES
10:06:08 : Group: charlie kelly: abandoned or still locked?
10:06:16 : Group: Bunraku San: look maintained
10:06:33 : Group: charlie kelly: still sweet
10:07:13 : Group: Bunraku San: the hero town hollywood sign got me, i love it
10:07:25 : Group: charlie kelly: haha is it on the hill behind the dam?
10:07:42 : Group: Bunraku San: on the hill where the ai mission usually spawns
10:07:47 : Group: charlie kelly: class
10:07:52 : Group: charlie kelly: heli? lol
10:07:55 : Group: charlie kelly: or heli parked at base
10:08:08 : Group: Bunraku San: what heli?
10:08:21 : Group: charlie kelly: just came up with the auto arma thing that youd seen a heli
10:08:29 : Group: Bunraku San: oh
10:08:59 : Group: Bunraku San: i see no heli haha
10:19:45 : Group: charlie kelly: base? ore?
10:19:53 : Group: charlie kelly: or you at old camp
10:20:48 : Group: Bunraku San: just at safe
10:21:01 : Group: Bunraku San: i havent seen any ore on this server
10:21:09 : Group: charlie kelly: none at all? dang
10:21:17 : Group: Bunraku San: nah
10:21:31 : Group: Bunraku San: im just grabbing you a safe and combilock
10:21:46 : Group: Bunraku San: will head to you after restart
10:21:49 : Group: charlie kelly: sweeet i need a combi lock for the back door
10:21:52 : Group: charlie kelly: sweet
10:22:14 : Group: Bunraku San: im gonna log now n roll a j and make a brew
10:22:18 : Group: charlie kelly: np
10:22:21 : Group: charlie kelly: see you after restart man
10:34:25 : Group: charlie kelly: 3 walls 2 floors and its done i think
10:34:29 : Group: charlie kelly: maybe another 1/2 floor
10:34:48 : Group: Bunraku San: sweet, omw to you now
10:43:29 : Group: Bunraku San: nice n hidden
10:43:43 : Group: charlie kelly: haha yeah
10:44:01 : Group: charlie kelly: its 292 but ill add you to door in a mo for eye scan
10:44:03 : Group: Bunraku San: safe n combi in my bag
10:44:36 : Group: charlie kelly: sweeet ta
10:49:07 : Group: charlie kelly: gonna be stairs at that door
10:49:08 : Group: charlie kelly: oncesecure
10:49:13 : Group: charlie kelly: otehrwhise anyone could walk in ha
10:49:16 : Group: Bunraku San: nice
10:49:18 : Group: charlie kelly: gonna be the locked back door near where i am now
10:49:23 : Group: charlie kelly: that door youre at is just an inside door
10:50:09 : Group: Bunraku San: need me to do anything?
10:50:29 : Group: charlie kelly: i dont have a hatchet if you fancy filing the box with 10-15 wood piles?
10:50:35 : Group: charlie kelly: probably just for cooking
10:50:38 : Group: Bunraku San: sure
10:50:41 : Group: charlie kelly: ta mon
10:50:57 : Group: charlie kelly: if you can find a tree still standing ha
10:51:02 : Group: Bunraku San: haha
10:53:37 : Group: Bunraku San: combi and safe in box too
10:53:40 : Group: charlie kelly: sweet ta
10:53:56 : Group: Bunraku San: gonna look for animals 
10:54:00 : Group: charlie kelly: sweet
10:54:05 : Group: charlie kelly: loads on 106 i love it
10:55:50 : Group: charlie kelly: safe is 9114
10:56:24 : Group: Bunraku San: cool
11:01:05 : Group: charlie kelly: ahaha 
11:01:06 : Group: charlie kelly: dude
11:01:08 : Group: charlie kelly: both doors on this base
11:01:10 : Group: charlie kelly: have saem code
11:01:17 : Group: Bunraku San: niiice
11:01:21 : Group: charlie kelly: 292 is both
11:02:15 : Group: charlie kelly: i wouldnt miudn a spliff if you fancy taking chainsaw duties|?
11:02:21 : Group: charlie kelly: for 10 mins or so
11:02:36 : Group: Bunraku San: no worries
11:02:59 : Group: charlie kelly: im just makign as much plywood as i can, since lumber comes straight off trees
11:03:05 : Group: charlie kelly: once i hit 30/35 plywood i start making walls n shit
11:03:28 : Group: charlie kelly: if you do feel like building anything, I need a 1/2 floor and wood stairs at least, then afetr that itll just be tactical/ luxury stuff
11:03:42 : Group: Bunraku San: cool
11:03:43 : Group: charlie kelly: but i dont midn doing that once bac
11:05:23 : Group: charlie kelly: only 20oz gold to maintain this base a week
11:05:26 : Group: charlie kelly: not bad
11:05:33 : Group: charlie kelly: so far anyway
11:05:35 : Group: charlie kelly: probably wont rise over 40
11:06:16 : Group: charlie kelly: also you can deploy mozzie with parts
11:06:21 : Group: charlie kelly: so once base is doen im gonna go part hunting
11:06:31 : Group: Bunraku San: ah cool
11:07:36 : Group: charlie kelly: remind me to move the vodnik when back as well
11:07:38 : Group: charlie kelly: been a day or two
11:07:49 : Group: Bunraku San: will do
11:10:06 : Group: charlie kelly: back in 5 
11:17:47 : Group: charlie kelly: yo
11:18:27 : Group: charlie kelly: 113 lubmer hahaah
11:18:28 : Group: charlie kelly: nice
11:18:33 : Group: Bunraku San: lol
11:18:50 : Group: Bunraku San: will have 36 ply here too
11:18:56 : Group: charlie kelly: sweet were set
11:19:22 : Group: Bunraku San: you craft, i will gwet more ply mae
11:19:25 : Group: Bunraku San: made
11:19:25 : Group: charlie kelly: sweet
11:21:09 : Group: Bunraku San: 37 lumber from 1 tree. niiiice
11:21:13 : Group: charlie kelly: haha nice
11:21:16 : Group: charlie kelly: i got 46 yesterday from one
11:21:19 : Group: charlie kelly: today its all been shit
11:21:22 : Group: Bunraku San: sweeet
11:27:39 : Group: Bunraku San: another 36 ply coming up
11:27:48 : Group: charlie kelly: haha sweet
11:27:51 : Group: charlie kelly: i think we're good
11:27:55 : Group: charlie kelly: could start buidling floor 2 though
11:28:08 : Group: Bunraku San: and i killed a goat while getting wood
11:28:13 : Group: charlie kelly: niiice
11:28:40 : Group: charlie kelly: heli
11:28:41 : Group: charlie kelly: faint
11:28:43 : Group: Bunraku San: i have a sweet idea for access to a second floor
11:29:07 : Group: charlie kelly: haha what?
11:29:35 : Group: Bunraku San: stairs going up and a doorway as floor, opens upwards to the floor above
11:29:53 : Group: charlie kelly: ahhnice
11:29:56 : Group: charlie kelly: garage door?
11:30:05 : Group: Bunraku San: normal door
11:30:30 : Group: Bunraku San: garage door could work too
11:31:54 : Group: Greg: siema
11:33:19 : Group: agss: cze greg
11:33:29 : Group: Bunraku San: 46 ply and 56 lumber remaining on piles
11:33:33 : Group: Greg: siedzisz w bazie? ;p
11:33:54 : Group: agss: lece po materialy na małą bazę 
11:33:57 : Group: charlie kelly: sweet
11:34:02 : Group: charlie kelly: we'll have to stash it in base i think ha
11:34:06 : Group: charlie kelly: almost done building
11:34:22 : Group: Greg: gdzie się budujesz?
11:34:52 : Group: agss: postawie malutka chatke kolo lopatina pod mijsce
11:35:01 : Group: Bunraku San: dont forget to move the vod
11:35:05 : Group: charlie kelly: ye
11:35:18 : Group: Bunraku San: where do you want the chainsaw
11:35:22 : Group: charlie kelly: safe?
11:35:27 : Group: Bunraku San: np
11:35:38 : Group: Greg: ja to wypierdalam bazę z wieżami :D
11:35:51 : Group: agss: zaraz podlece zobaczyc :)
11:36:23 : Group: agss: a czy moge czasami tam podleciec jak bedzie misja a Ciebie nie bedzie?
11:36:29 : Group: Greg: jasne
11:36:30 : Group: Bunraku San: put 1 bc in there too
11:36:35 : Group: agss: :)
11:36:44 : Group: Greg: dodam cię do drzwi jak coś
11:37:10 : Group: agss: postawie sobie u Ciebie sejf na dachu. w sumie to przywioze Ci sejf i postawisz mi jak mozesz
11:37:37 : Group: Greg: wpadaj to pokaze ci co i jak
11:37:50 : Group: agss: zrobie zakupy i podlece
11:38:03 : Group: agss: potrzebujesz cos z budowlanego?
11:38:19 : Group: Greg: nie, na razie nie, dzięki'
11:41:56 : Group: Bunraku San: got all lumber in my bag
11:42:09 : Group: charlie kelly: thres a lumber box
11:42:11 : Group: charlie kelly: one for lubmer one for ply
11:42:55 : Group: charlie kelly: ill build a second one ha
11:44:23 : Group: Bunraku San: i may go out on a scavenge for fuel drums and such, i also have a fuel pump back at my safe
11:44:29 : Group: charlie kelly: sweeeet
11:44:37 : Group: charlie kelly: im gonna go scavenging myself soon
11:44:41 : Group: charlie kelly: just finish sorting
11:45:10 : Group: Bunraku San: let you know what i find
11:45:36 : Group: charlie kelly: yeah me too
11:47:13 : Group: Bunraku San: wow, ikea red mission, so close
11:47:22 : Group: charlie kelly: lets do it
11:47:27 : Group: charlie kelly: give me 5 to get my m14 from lockbox
11:47:30 : Group: Bunraku San: fuckin nails man
11:47:35 : Group: charlie kelly: oh really? ha
11:47:46 : Group: Bunraku San: oh yes
11:47:49 : Group: charlie kelly: yeah 800m away from camp, thats the spot i told you about
11:48:11 : Group: Bunraku San: in that spot a yellow mission would challenge us to max
11:48:21 : Group: charlie kelly: oh is coloru difficulty?
11:48:22 : Group: charlie kelly: i didnt know that ha
11:48:32 : Group: Bunraku San: black is insane
11:49:14 : Group: Bunraku San: at red theres mounted guns, humv or asuv(maybe both) and heli support
11:49:20 : Group: charlie kelly: fuuck
11:49:23 : Group: Bunraku San: plus around 30 ground troops
11:49:30 : Group: charlie kelly: how you supposed to even do that haha
11:49:38 : Group: Bunraku San: big teams
11:49:47 : Group: Greg: nie mam słuchawek w pracy ;p
11:49:57 : Group: Bunraku San: or persafuckingvere haha
11:50:02 : Group: Greg: tu jest śluza
11:50:05 : Group: charlie kelly: haha
11:50:22 : Group: Bunraku San: i may go scope this red one, see whats there
11:50:26 : Group: charlie kelly: yeah let me know
11:50:28 : Group: agss: spoko, dzieki, a w jaki sejf moge wrzucac jak cos?
11:50:30 : Group: charlie kelly: loot is probably nuts too
11:50:42 : Group: Greg: masz ze sobą sejf?
11:51:03 : Group: agss: zapomnialem kupic, dobra namiot sobie przywioze przy okazji
11:51:03 : Group: Bunraku San: i bet it is, may be worth putting gear in safe and going for it, if not too nuts
11:51:10 : Group: charlie kelly: yeah lemme know
11:51:11 : Group: Greg: dam ci, mam jeden tutaj
11:51:13 : Group: Bunraku San: flanking by ai is crazy though
11:51:15 : Group: agss: albo jak masz sejf to daj a dam ci walizke
11:51:56 : Group: Greg: w sejfie
11:51:59 : Group: Greg: weź sobie
11:52:14 : Group: Greg: i ustaw gdzieś tu, na górze może?
11:52:48 : Group: Greg: dodany jesteś do wszystkich drzwi jak coś
11:52:55 : Group: charlie kelly: is vodnik fully bulletproof? lol
11:52:58 : Group: charlie kelly: could just mow them all down
11:53:32 : Group: Greg: to sprawdź, jak coś dodam cię do plota
11:53:39 : Group: Bunraku San: not when they have mounted guns and rpgs
11:53:43 : Group: charlie kelly: ah
11:53:59 : Group: Greg: to czekaj, zaraz cię dodam
11:54:04 : Group: Bunraku San: plus mines i think
11:54:13 : Group: charlie kelly: ahhh
11:54:15 : Group: Bunraku San: these missions arent to be sniffed art hha
11:54:41 : Group: charlie kelly: ima go scavenging
11:54:59 : Group: Bunraku San: k man
11:55:00 : Group: Greg: tylko nie stawiaj na lądowisku ;p
11:55:05 : Group: charlie kelly: did you work out if dichina has ai?
11:55:21 : Group: Bunraku San: im sure it does, just 3 so not too hard to pick off
11:55:25 : Group: charlie kelly: sweet
11:55:27 : Group: charlie kelly: open?
11:55:29 : Group: charlie kelly: or walled
11:55:39 : Group: Bunraku San: walled, but broken parts
11:55:59 : Group: Bunraku San: 3 barracks and a few med tents plus 1 building
11:56:04 : Group: charlie kelly: sweet
11:56:26 : Group: charlie kelly: huge base
11:56:28 : Group: charlie kelly: at pass sosnovy
11:56:57 : Group: Greg: jak skończymy z Tamago bazę to będą dwie wieże do misji ;p
12:01:36 : Group: Bunraku San: to be fair it doesnt look as bad as expected, i see no enemy vehicles on the ground
12:01:46 : Group: Bunraku San: and havent spotted the mounted guns yet
12:02:05 : Group: Bunraku San: but trees blocking much of my vision
12:02:47 : Group: Bunraku San: may take a few shots and see what caomes back at me haha
12:14:40 : Group: charlie kelly: im fucked
12:14:45 : Group: Bunraku San: how?
12:15:32 : Group: Bunraku San: ah
12:15:40 : Group: Bunraku San: el presidento
12:15:54 : Group: charlie kelly: i so nearly died
12:16:30 : Group: charlie kelly: im ko ing
12:16:48 : Group: Bunraku San: can you get to safety?
12:16:57 : Group: charlie kelly: im out of car
12:16:58 : Group: Bunraku San: im all the way down kamenka
12:17:00 : Group: charlie kelly: glithced i think
12:17:05 : Group: Bunraku San: fuuuck
13:09:45 : Group: Tamago: co tam
13:10:02 : Group: Greg: widziałem jak pobudowałeś ;p
13:10:17 : Group: Tamago: no kombinowalem bo misja byla obok
13:10:39 : Group: Tamago: jakis sejf na dachu jest O_O
13:10:47 : Group: Greg: seby
13:10:53 : Group: Tamago: k
13:10:55 : Group: Greg: mówiłem żeby nie stawiał na dachu :D
13:11:07 : Group: Tamago: lol
13:11:39 : Group: Tamago: so za humvee masz
13:11:52 : Group: Greg: z pounda, nic innego nei było ;p
13:11:57 : Group: Tamago: aaa
13:12:17 : Group: Tamago: dzis niszczymy ukraincom baze co ty na to?
13:12:20 : Group: Tamago: suv i lav
13:12:24 : Group: VLADIMIR>***: hey chlopaczki-President Berezina wita i zyczy milego dnia
13:12:30 : Group: Greg: hahha
13:12:30 : Group: Tamago: witej
13:12:32 : Group: Greg: spoko
13:12:47 : Group: Tamago: O KURWA ta misja
13:13:13 : Group: Tamago: biere smiglo i robie ja
13:13:17 : Group: Greg: która?
13:13:22 : Group: Tamago: obok hero tradera
13:13:48 : Group: Greg: weź mnie ze staregow
13:13:59 : Group: Tamago: k
13:16:42 : Group: Tamago: boze jakie leszcze
13:16:43 : Group: Greg: co za goście
13:17:55 : Group: Tamago: czekam
13:21:03 : Group: Tamago: lel
13:21:09 : Group: Greg: sd mam tylko, wieć podejdęblisko ;p
13:21:17 : Group: Tamago: k
13:21:42 : Group: Greg: m2 jest na misji, a tego towaru mamy od zajebania ;p
13:23:33 : Group: Tamago: nie mamy smigla rotor jebli
13:24:14 : Group: Tamago: misja jest w zlym miejscu ;/
13:26:58 : Group: Tamago: biere 50
13:27:09 : Group: Greg: jeszcze nie na pozycji
13:28:09 : Group: Tamago: 6 jeszcze
13:30:14 : Group: Greg: 2 widziałem ale uciekli
13:30:21 : Group: Tamago: tez
13:33:42 : Group: Greg: idą linią lasu w twoją stronę
13:33:47 : Group: Tamago: wiem widzialem
13:33:50 : Group: Tamago: 1 zostal
13:34:23 : Group: Greg: wbiegli na mnie praktycznie ;p
13:36:25 : Group: Tamago: mam
13:38:41 : Group: Greg: mam kurwa 8 fps
13:38:45 : Group: Tamago: okolo 13 bc
13:39:01 : Group: Greg: wszystko się rusza jakby cjciało a nie mogło
13:39:05 : Group: Greg: ładnie
13:39:18 : Group: Tamago: czekac na ciebie czy sporzedac?w
13:39:25 : Group: Greg: jedź
13:40:10 : Group: Greg: źle trochę postawiliśmy tę wieżę, tak myślę, jak mamy robić most między dwiema ;p
13:40:26 : Group: Greg: bardzije w stronę budynku byłoby lepiej
13:40:48 : Group: Tamago: bywa
13:40:57 : Group: Greg: rozbierze się jak coś hahah
13:45:16 : Group: Tamago: 19bc xD
13:45:23 : Group: Greg: niceee
13:45:38 : Group: Tamago: jakie smiglo kupic? xD
13:45:43 : Group: Greg: hahaha
13:45:45 : Group: Tamago: lb z minigunami czy hueya
13:45:48 : Group: Greg: uzbrojone ;p
13:46:00 : Group: Greg: lb chyba lepiej
13:46:07 : Group: Tamago: jest
13:46:32 : Group: Tamago: cos z tradera wziac?
13:46:40 : Group: Greg: chyba nic nie potrzebujemy
13:46:47 : Group: Tamago: k
13:48:25 : Group: VLADIMIR>***: Tamago
13:48:27 : Group: Tamago: ?
13:48:42 : Group: VLADIMIR>***: podrzucisz mnie na clen?
13:48:46 : Group: Tamago: tak
13:48:52 : Group: VLADIMIR>***: jestem w Berezinku
13:48:56 : Group: VLADIMIR>***: superrr
13:49:06 : Group: Greg: potem na suva lecim ;p
13:49:19 : Group: Tamago: 1bc za 1km 20 golda za kazdy kolejny!
13:49:26 : Group: Greg: lol
13:49:43 : Group: VLADIMIR>***: podlec tu, to ci pokaze , co to BC:)
13:49:48 : Group: Tamago: xD
13:50:07 : Group: Greg: black cock? ;p
13:51:10 : Group: VLADIMIR>***: otworz go
13:51:11 : Group: Tamago: ?
13:51:16 : Group: Tamago: sory xD
13:51:35 : Group: VLADIMIR>***: na clenik
13:51:39 : Group: VLADIMIR>***: woowwwwwwww
13:52:29 : Group: Tamago: to cyyba ma rakiety !
13:52:39 : Group: Greg: ide zapalić, przyleć na misję, czekam
13:52:42 : Group: Tamago: k
13:52:48 : Group: VLADIMIR>***: tak:)
13:53:19 : Group: Tamago: jak co lb zamkniety
13:53:20 : Group: VLADIMIR>***: dziekoweczka dobry czlowieku
13:53:23 : Group: Tamago: ide opcje obczaic
13:53:27 : Group: Tamago: spoko
13:56:29 : Group: Greg: jeszcze cię tu nie ma?;p
13:56:30 : Group: Tamago: O KURWA XD
13:56:37 : Group: Greg: ouch
13:57:13 : Group: VLADIMIR>***: wtf????
13:57:43 : Group: Greg: czyli po śmigle? ;p
13:59:49 : Group: Tamago: fajnie
13:59:57 : Group: Greg: taaa
14:00:00 : Group: Tamago: smiglo sie JE*IE bo czat filter
14:00:16 : Group: Tamago: i nie mam ekwipunku
14:00:22 : Group: Tamago: NIC
14:00:35 : Group: Greg: super
14:00:44 : Group: Tamago: 19bc poszlo sie walic
14:01:38 : Group: Greg: bosko ;p
14:01:50 : Group: Tamago: nawet mapy nie mam
14:02:06 : Group: Greg: lol
14:02:26 : Group: Tamago: se polataøem
14:02:32 : Group: Tamago: ok relog 
14:02:41 : Group: Greg: k
14:02:52 : Group: Tamago: i wejde na forum bo ten chat filter z grup czata wyjebali
14:03:01 : Group: Tamago: o slowo WYJEBALI jest spoko
14:03:10 : Group: Tamago: ale Ku8rwa juz nie
14:03:19 : Group: Greg: bo pewnie to tylko znają ;p
14:03:23 : Group: Tamago: debile
14:04:34 : Group: Tamago: nie. relog nie pomaga
14:04:35 : Group: Tamago: ....
14:04:46 : Group: Tamago: moge sie zabic i zespawnic w zielono teraz
14:04:57 : Group: Tamago: bo biec nie mam zamiaru
14:05:03 : Group: Tamago: zw
14:06:31 : Group: Greg: jadę na misje
14:10:56 : Group: Tamago: ok zrobilem posta
14:11:55 : Group: Tamago: zrobiles ta misje z wozem?
14:12:02 : Group: Greg: jadę na nią
14:12:16 : Group: Tamago: k
14:12:47 : Group: Tamago: ide obczaic green mountain i ich baze
14:23:05 : Group: Tamago: ale sie wkur.wilem
14:23:13 : Group: Greg: life
14:23:49 : Group: Tamago: przyjade tam do ciebie zaraz
14:24:24 : Group: Greg: gps pokazuje też mnie?
14:24:33 : Group: Tamago: tak
14:24:46 : Group: Tamago: chyba ze ejstes w wozie albo na rowerze
14:25:12 : Group: Tamago: ilu ci zostalo?
14:25:38 : Group: Tamago: gz
14:25:45 : Group: Greg: thx
14:26:39 : Group: Tamago: i tak tam jade bo darmowy plecak i inne syfki
14:26:51 : Group: Greg: spoczo
14:29:44 : Group: Tamago: wtf wodnik
14:29:48 : Group: Greg: sztywny mnie prawie zabuił
14:29:54 : Group: Tamago: zamkniety
14:29:59 : Group: Tamago: jak to?
14:30:02 : Group: Tamago: aha zombie
14:35:27 : Group: Greg: relog
14:35:34 : Group: Tamago: k
14:35:38 : Group: Greg: albo nie ;p
14:42:22 : Group: Tamago: co tam xD
14:42:32 : Group: Greg: prowadź
14:42:42 : Group: Tamago: hero trader?
14:42:45 : Group: Greg: taa
14:43:14 : Group: Greg: 3 dsk 7 m134 i 5 m2
14:43:24 : Group: Tamago: nie tak zle
14:43:31 : Group: Greg: ide zajarać
14:43:38 : Group: Tamago: k
14:48:02 : Group: Greg: sprzedaj najpierw ammo z samochodu 
14:48:06 : Group: Tamago: k
14:49:14 : Group: Tamago: 12.9
14:49:44 : Group: Greg: podrzuć nas ;p
14:49:51 : Group: VLADIMIR>***: ok
14:49:57 : Group: VLADIMIR>***: gdzie?
14:50:03 : Group: Greg: do domu :D
14:50:07 : Group: Tamago: xD
14:50:54 : Group: Greg: ten nasz pod gwozdnem poszedł się jebać bo klucza nie ma?
14:51:12 : Group: Tamago: ja nic nie wiem
14:51:15 : Group: Greg: 5187 humanity mi zostało ;p
14:51:25 : Group: VLADIMIR>***: dajcie namiar na wasz kwadrat
14:51:27 : Group: Greg: ta pszczoła co nią przylecieliśmy
14:51:29 : Group: Tamago: 12970
14:51:33 : Group: Tamago: tak
14:51:41 : Group: Greg: 30/86
14:51:44 : Group: VLADIMIR>***: ok
14:51:54 : Group: Greg: misja po drodze
14:52:19 : Group: Tamago: to smiglo jest dosc delikatne wiec uwazaj xD
14:52:23 : Group: Greg: lecisz prosto na misje
14:52:35 : Group: Tamago: byl afk lol
14:52:52 : Group: Tamago: omg
14:53:02 : Group: Greg: lol
14:53:21 : Group: VLADIMIR>***: hahah jest adrenalinka:)
14:53:21 : Group: Tamago: kuzwa dostalem Dx
14:53:24 : Group: Greg: już eject miał być hahah
14:53:27 : Group: Tamago: 10k hp lol
14:53:34 : Group: Greg: lol
14:53:56 : Group: Tamago: wcisnij R
14:54:01 : Group: Tamago: vlad
14:54:06 : Group: Greg: co to robi?
14:54:09 : Group: VLADIMIR>***: tak?
14:54:12 : Group: Tamago: granat dymny
14:54:17 : Group: Tamago: R
14:54:35 : Group: Tamago: powinno byc r
14:54:39 : Group: VLADIMIR>***: gdzie ta wasza baza?
14:54:50 : Group: Greg: pas sosnowy
14:54:52 : Group: Tamago: 2k km prosto
14:55:18 : Group: Tamago: za ta szopa
14:55:33 : Group: Greg: 500 metrów
14:55:38 : Group: Tamago: lool
14:55:41 : Group: Tamago: tutaj
14:56:06 : Group: Tamago: a most mozemy pociagnac. nie wime o co ci chodzi
14:56:09 : Group: Greg: dzięki
14:56:14 : Group: Tamago: tak 
14:56:46 : Group: Greg: jakby wieże stały w lini szczytu budynku było lepiej
14:57:07 : Group: Greg: chyba że wyjdziemy bokiem na lewo
14:57:12 : Group: Tamago: ja bym wieze ta zrobil na pietrze raz w lewo
14:57:17 : Group: Tamago: i bylko by git
14:57:25 : Group: Tamago: bo nie mzoemy wchodzic na szczyt drabina
14:57:32 : Group: Greg: spoko
14:57:42 : Group: Tamago: bo bedziemy do odstrzalu
14:57:47 : Group: Greg: no wiem
14:58:03 : Group: Greg: czyli jeszcze raz w górę i drzwi na lewo
14:58:09 : Group: Tamago: tak
14:58:13 : Group: Tamago: zw
15:01:45 : Group: Greg: odjedź czołgiem, muszę sejf na plota postawić dobrze ;p
15:02:33 : Group: Greg: ta podłoga na lookoucie chyba wyżej by się przydała
15:05:03 : Group: Greg: co jest z tym serwerem dzisiaj
15:10:26 : Group: Tamago: jezdem
15:10:34 : Group: Greg: czołg zabierz
15:10:40 : Group: Tamago: czemu?
15:10:47 : Group: Greg: nie mogę sejfu dobre postawić
15:10:51 : Group: Greg: na plocie
15:10:59 : Group: Tamago: aha k
15:11:36 : Group: Greg: trochę dalej go postaw ;p
15:12:32 : Group: Tamago: naprawie go odrazu bo po ostatniej misji z vladem najechalem na mine xD
15:12:48 : Group: Greg: lol
15:13:09 : Group: Tamago: masz otwarty sejf?
15:13:10 : Group: Greg: później trzeba wziąć tę kasę i nakupić bloczków znowu ;p
15:13:18 : Group: Tamago: mhm
15:13:33 : Group: Greg: tak
15:13:51 : Group: Greg: zrobić ze dwie takie misje i dokończymy baze
15:14:23 : Group: Greg: już trzy sejfy, dorabiasz się ;p
15:14:27 : Group: Tamago: mniej nawet jak sphinx przyjdzie i dam mi swoje sejfy
15:14:54 : Group: Greg: nie masz rotora wolnego?
15:15:00 : Group: Tamago: tutaj nie
15:15:11 : Group: Tamago: w tamtej bazie mam z 5
15:15:19 : Group: Greg: zgubiłem na misji jak pakowałem 
15:15:27 : Group: Tamago: w sumie wezme czolg i poprzewoze rzeczyw
15:15:45 : Group: Tamago: 13 minut zostalo nie lec nigdzie
15:15:56 : Group: Greg: lecę do domu, koniec pracy ;p
15:16:05 : Group: Tamago: kk
15:16:46 : Group: Greg: do później jak coś
15:16:51 : Group: Tamago: narka
21:28:24 : Group: Ryan: /
23:48:59 : Group: Ryan: greg did it say someone killed me
23:49:06 : Group: Greg: nope
23:49:10 : Group: Ryan: ai?
23:49:19 : Group: Greg: nothing 
23:52:18 : Group: Greg: now it was picachy
23:52:38 : Group: Ryan: ya their assholes
