03:02:24 : Direct: ProX1: Привет
03:02:29 : Direct: ProX1: Как у вас шо
03:03:00 : Direct: nutzer: putin?
09:26:51 : Direct: hitrec: hey
09:27:13 : Direct: Dr. Pussy: 20 briefcase for you vehicle
09:28:07 : Direct: BOBAH: key
11:59:38 : Direct: Christmas: want me to move mine ? 
12:01:34 : Direct: hitrec: nop ) 
13:24:44 : Direct: hitrec: sry
13:43:12 : Direct: BOBAH: hi :)
14:12:25 : Direct: Val: shots
14:12:34 : Direct: Val: ok cool#
14:12:47 : Direct: Val: ok I'm off then - guillie in the bush :D don't shoot :D
14:13:16 : Direct: Val: see you guys later
14:13:24 : Direct: Val: sorry again
15:54:53 : Direct: LWB [SD]: hey
15:55:51 : Direct: LWB [SD]: so you are trying to build on thr road, by the gate?
15:56:39 : Direct: LWB [SD]:  the game thinks its a road, and I cant bypassthat either
15:56:49 : Direct: LWB [SD]: nope
15:57:06 : Direct: LWB [SD]: yeah, its a pain here
15:57:23 : Direct: LWB [SD]: but if I allow build on road, people actually build right over roads and block them
15:57:45 : Direct: LWB [SD]: its an on/off setting in the config and I cant override it
15:57:59 : Direct: LWB [SD]: afraid not
15:58:14 : Direct: LWB [SD]: ok :)
15:58:16 : Direct: LWB [SD]: see ya
16:14:05 : Direct: Marius: dude did u just sell our vehicle?
16:14:08 : Direct: Sir Heinz: what are you want&
16:14:19 : Direct: Sir Heinz: i dontr sell nothin
16:14:35 : Direct: Sir Heinz: i want take gun but i dont sell it
16:20:55 : Direct: Progger: sorry man
22:18:01 : Direct: Guriwaka: Hey
22:18:13 : Direct: PC: you ok
22:18:19 : Direct: Guriwaka: y
23:13:35 : Direct: nutzer: go?
23:14:39 : Direct: Sebastian: sollen wir?
23:14:43 : Direct: nutzer: dunno
23:14:47 : Direct: nutzer: dont car
23:14:52 : Direct: Julian: jo
23:14:58 : Direct: Sebastian: der cryet dann nochmehr
23:15:08 : Direct: Julian: der cied auch wen ich den wegballer
23:15:11 : Direct: Sebastian: kannst den gleich killen julian
23:15:21 : Direct: Sebastian: ups querschlager
