00:00:06 : Group: Freedom: the real money is in that loot the chain ammo
00:02:08 : Group: Freedom: they wont hurt you only on bike or car
00:02:21 : Group: Freedom: yeah
00:02:46 : Group: Freedom: here
00:03:05 : Group: Freedom: yup
00:03:16 : Group: Freedom: yuri here
00:03:44 : Group: Freedom: yep np
00:04:16 : Group: Freedom: it lets you duplicate your keys
00:04:26 : Group: Freedom: have to have iorn though too
00:04:45 : Group: Freedom: did you guys get the ammo
00:04:58 : Group: Freedom: are you selling or keeping
00:05:12 : Group: Freedom: talking the ammo out of crate
00:05:35 : Group: Freedom: its worth alot of money thats what i sold 
00:05:52 : Group: Freedom: prolly 7 brief cases fyi
00:12:04 : Group: Freedom: yes you can have it all
00:12:19 : Group: Freedom: your not super hero wont let you
00:12:40 : Group: Freedom: 4
00:13:08 : Group: Freedom: blue
00:14:08 : Group: Freedom: that all of it
00:14:29 : Group: Freedom: no
00:14:36 : Group: Freedom: nopr
00:14:55 : Group: Freedom: that ammo dont sell
00:15:10 : Group: Freedom: and the other ammo worth more the bigger rounds
00:15:20 : Group: Freedom: m134 cheap
00:15:48 : Group: Freedom: i have the push to talk off i always push it and get froze for 5 sec
00:16:40 : Group: Freedom: where to
00:17:03 : Group: Freedom: yeah
00:19:03 : Group: Freedom: yup
00:19:44 : Group: Freedom: have to get of for a bit after this i can drop you guys of where ever
00:20:16 : Group: Freedom: its fine ill wait
00:20:44 : Group: Freedom: ill take my m2 ammo back the one i had in here?
00:20:58 : Group: Freedom: i did it was in the heli gear
00:21:20 : Group: Freedom: no
00:23:43 : Group: Freedom: take attachment off
00:23:59 : Group: Freedom: have to be super hero
00:24:28 : Group: Freedom: the ones you find on ai you cant sell anywhere
00:25:45 : Group: Freedom: go into trader menu and click combine currency
00:25:52 : Group: Freedom: alot easier lol
00:29:02 : Group: Freedom: basically a scar weapon is it tan
00:29:27 : Group: Freedom: its just assault rifle
00:30:25 : Group: Freedom: are you in third person
00:31:45 : Group: Freedom: you shop like a women
00:32:04 : Group: Freedom: feel like im waiting on my wife
00:32:54 : Group: Freedom: better hurry i gotta go
00:34:27 : Group: Freedom: yes
00:37:14 : Group: Freedom: /the ammo you took from my heli
00:37:55 : Group: Freedom: thank you
00:38:10 : Group: Freedom: it dont sell lol
00:38:20 : Group: Freedom: you cant
00:38:46 : Group: Freedom: ok im outa here
00:39:13 : Group: Freedom: dont you want your rpgs?]
00:39:39 : Group: Freedom: where to?
00:40:24 : Group: Freedom: where do yo want to go i have to leave ill drop you off
00:41:25 : Group: Freedom: lol 
00:41:35 : Group: Freedom: the one si gave you lol
00:42:59 : Group: Freedom: see ya
01:35:20 : Group: Rxider: ryan join group to do the missions i j kms to respawn
10:59:25 : Group: VLADIMIR>***: jak serwer
10:59:37 : Group: Walasznikow: SPOKO nie jest zly
10:59:41 : Group: VLADIMIR>***: hahahhahahahahah
11:00:03 : Group: VLADIMIR>***: wczoraj mialem akcje-przechwycili mi plot pola:)
11:00:08 : Group: Walasznikow: sporo razy juz padlem przez boty w strefie ale ciekawie jest
11:00:25 : Group: Walasznikow: o kurcze jak to zrobili
11:01:15 : Group: VLADIMIR>***: znalazleś skalki?:)
11:01:30 : Group: Walasznikow: nie szukalem
11:01:46 : Group: Walasznikow: tylko raz bylem sie przeleciec ale nie znalazlem nic
11:01:51 : Group: VLADIMIR>***: oki:)wczoraj wieczorem sporo graczy bylo
11:02:04 : Group: VLADIMIR>***: ale mam patent na bazę:)
11:02:11 : Group: Walasznikow: jaki
11:03:32 : Group: VLADIMIR>***: baza w berezinie na kominie:)ale trudne do realizacji:)ale już polot pol jest:)
11:03:56 : Group: Walasznikow: no nizzly pomysl
11:04:02 : Group: VLADIMIR>***: na tym najwiekszym:) od dołu nie do podejscia:)
11:04:14 : Group: VLADIMIR>***: dwa razy zginłęm:)
11:04:39 : Group: VLADIMIR>***: /zginąłem:)
11:05:37 : Group: VLADIMIR>***: widziałem na chłopaki siedzą na serwerze-odbudowałem tam baze
11:05:51 : Group: VLADIMIR>***: ale jest lipa-nie mam graczy
11:06:06 : Group: Walasznikow: no nie ma
11:06:14 : Group: Walasznikow: lece do ciebie
11:06:35 : Group: VLADIMIR>***: oki dawaj do bazy-dodam Cie do drzwi
11:09:09 : Group: VLADIMIR>***: dodam do wszystkich
11:09:22 : Group: VLADIMIR>***: luknij na komin-lornetka
11:09:37 : Group: Walasznikow: widzialem jak lecialem
11:09:51 : Group: VLADIMIR>***: /hahha bedzie podstawa na samej gorze
11:11:04 : Group: Walasznikow: ale masz tych szopek
11:11:29 : Group: VLADIMIR>***: hah kraftuj sobie w nich:)
11:12:15 : Group: VLADIMIR>***: dobrze by bylo reszte tu sciagnac
11:12:40 : Group: Walasznikow: no tak
11:13:04 : Group: VLADIMIR>***: jest sporo graczy, misji-nie laguje, szybko wchodzi, duzo bandytow
11:13:10 : Group: Walasznikow: tu tez moga sobie robic misje:)
11:13:20 : Group: VLADIMIR>***: no wlasnie tak myslalem'
11:13:52 : Group: VLADIMIR>***: tak
11:14:17 : Group: Walasznikow: ile masz humanity
11:14:27 : Group: VLADIMIR>***: 7100
11:14:42 : Group: Walasznikow: a ile trzeba miec u 
11:14:46 : Group: VLADIMIR>***: 5000
11:15:00 : Group: Walasznikow: tp troszke brakuje
11:15:07 : Group: VLADIMIR>***: spokojnie
11:15:14 : Group: VLADIMIR>***: potrzebujesz czegos
11:15:36 : Group: Walasznikow: nie dzieki
11:16:36 : Group: VLADIMIR>***: smigloooo
11:16:50 : Group: Walasznikow: tak mial podwieszony motocykl
11:17:39 : Group: VLADIMIR>***: super te podwieszanie-ja ciagam ciezarowki od treida wyladowane po brzegi:)
11:18:12 : Group: VLADIMIR>***: strzelasz?
11:18:24 : Group: Walasznikow: tak robie humanity
11:18:36 : Group: VLADIMIR>***: spoko spoko
11:18:59 : Group: Walasznikow: mam 4870
11:19:14 : Group: VLADIMIR>***: eeeee to Ty gosc juz jestes
11:19:26 : Group: VLADIMIR>***: ja chce do12000  dobic
11:20:05 : Group: VLADIMIR>***: dodalem Cie do wszystkich drzwi
11:20:14 : Group: VLADIMIR>***: korzystaj z bazy do woli
11:20:29 : Group: Walasznikow: ok spoko
11:20:45 : Group: VLADIMIR>***: i bron bazy:)
11:20:54 : Group: VLADIMIR>***: bo wlezli mi wczoraj chyba
11:21:28 : Group: Walasznikow: gralem wczoraj ale caly czas bylem na duzym lotnisku i tam sie dorabiam
11:21:42 : Group: VLADIMIR>***: ladnie-byly boty?
11:21:55 : Group: Walasznikow: tak
11:22:17 : Group: Walasznikow: ale jak sie je zabije za jakis czas sa znowu
11:22:43 : Group: Walasznikow: trzeba caly czas bys czujnym
11:22:47 : Group: VLADIMIR>***: tak-jedynie ta baza w ktorej bylismy jest czysta
11:23:55 : Group: Walasznikow: bede musial kupic troszke sprzetu i tam na lotnisku sie krecic chyba i zbierac bron
11:24:16 : Group: Walasznikow: a pozniej poleciec sprzedac
11:24:23 : Group: VLADIMIR>***: ile juz uzbieraleś
11:24:33 : Group: Walasznikow: szczerze nie wiem
11:24:40 : Group: VLADIMIR>***: jak bedziemy dłuzej, to Ci pomogę
11:24:53 : Group: VLADIMIR>***: w ciezarówki sie napakuje i sprzeda
11:25:05 : Group: Walasznikow: mam sejf i 2 lockbocy i troche kasy
11:25:15 : Group: VLADIMIR>***: jest tu ten Freedom, on duzo umie i warto misje robic
11:25:36 : Group: VLADIMIR>***: no to ladnie-dobra ja zmykam'
11:25:53 : Group: Walasznikow: ok
20:38:18 : Group: Luca: ok tx
20:38:24 : Group: Luca: im coming :)
20:40:27 : Group: [NG2] Jesse: we killed like 50 ai already, its just the last one inside.. 
20:40:41 : Group: Luca: ok
20:43:13 : Group: [NG2] Jesse: nono
20:43:23 : Group: [NG2] Jesse: mines..
20:43:30 : Group: [NG2] Jesse: ooh ther gone,,
20:47:18 : Group: [NG2] Jesse: its cleard! 
20:47:25 : Group: Luca: i'm coming
20:47:33 : Group: Luca: 3km
20:51:51 : Group: Turmoil: carefull still armed humwee there
20:52:16 : Group: Luca: theres an heli
20:52:18 : Group: Turmoil: armed humwee in the trees there
20:52:20 : Group: Turmoil: its minew
20:52:24 : Group: Luca: ok
20:52:35 : Group: Turmoil: i tried to help Jesse and i got shot xD
20:54:50 : Group: Luca: i cant retake my gear
20:55:04 : Group: [NG2] Jesse: me 2, 
20:55:17 : Group: [NG2] Jesse: we cant see the ai beacus he is inside a tree
20:59:58 : Group: Luca: where?
21:06:10 : Group: Luca: he killed me while i'm prone
21:06:29 : Group: Luca: he is in upper position maybe
21:06:30 : Group: [NG2] Jesse: the same eho killed us
21:09:28 : Group: Turmoil: anoying shizzle
21:09:40 : Group: [NG2] Jesse: yea this ai is bugeed.. 
21:14:07 : Group: [NG2] Jesse: its clear!
21:14:31 : Group: Luca: are you sure?
21:14:31 : Group: Turmoil: i kamikazied into the trees and got him xD
21:14:41 : Group: [NG2] Jesse: yep i am at your body.. 
21:14:44 : Group: Luca: goooood! XD
21:15:20 : Group: [NG2] Jesse: jump in
21:15:52 : Group: Luca: ok
21:15:57 : Group: Luca: im in
21:16:16 : Group: [NG2] Jesse: sure?
21:16:25 : Group: Luca: ?
21:16:35 : Group: [NG2] Jesse: your standing on the ground
21:18:09 : Group: Luca: i'm killed by a bug!!
21:19:03 : Group: Luca: i dont know what happen
21:19:04 : Group: [NG2] Jesse: euh? 
21:19:11 : Group: [NG2] Jesse: try to go in pilot
21:19:40 : Group: Luca: ok
21:19:51 : Group: [NG2] Jesse: got you key in the heli.. 
21:20:05 : Group: Luca: ok tx
21:20:22 : Group: [NG2] Jesse: thought before is despawnd
21:20:38 : Group: Luca: ok
21:21:28 : Group: Luca: tx a lot
21:21:59 : Group: [NG2] Jesse: there is a emerald in your car for the trouble.. 
21:22:34 : Group: Luca: ok tx :)
