00:41:09 : Direct: Turmoil: giving
00:41:48 : Direct: Turmoil: ok now?
12:33:50 : Direct: Legend: its pretty much every door expect this one here
12:34:07 : Direct: Legend: kk thanks
12:34:26 : Direct: Legend: thanks mate
12:38:20 : Direct: Legend: should be that one
12:38:22 : Direct: Legend: nice
12:39:39 : Direct: Legend: that one is buggy
12:39:57 : Direct: Sierra [SD]: ah ok want me to try?
12:40:01 : Direct: Legend: pls
12:40:28 : Direct: Legend: thanks so much
12:40:33 : Direct: Legend: i think thats it
12:40:52 : Direct: Sierra [SD]: ok np - let me know if there are any problems with it
13:28:32 : Direct: Lancer_AUT: hi 
13:28:37 : Direct: Sierra [SD]: hello
13:28:53 : Direct: Lancer_AUT: i found here the base without plat  i rebuild all and build it new is this ok 
13:29:37 : Direct: Lancer_AUT: i think the player is now in tower the can make nothing i think the kill me one time and than the can not out and must die
13:29:57 : Direct: Sierra [SD]: if there is no plot then it should be fine - did you remove the plot?
13:30:31 : Direct: Lancer_AUT: no not plot here i think the rebuild self the only i build my plot and take all
13:31:03 : Direct: Lancer_AUT: 22 building parts i take
13:31:29 : Direct: Sierra [SD]: Well there are no rules against it so its between you and the other players.
13:31:52 : Direct: Lancer_AUT: ok thx i can build again here
13:32:39 : Direct: Sierra [SD]: anything else i can help with?
13:33:08 : Direct: Lancer_AUT: no thats is all i will only not that the other player came back und i must remove all 
13:33:42 : Direct: Sierra [SD]: ok then :D - well have fun! :)
13:33:59 : Direct: Lancer_AUT: thx for help and have also fun 
13:34:09 : Direct: Sierra [SD]: np :) c u later
13:49:44 : Direct: Lancer_AUT: where is lapertino i long time wehre not here
13:51:21 : Direct: Lancer_AUT: i have no morphin xd
13:51:49 : Direct: Lancer_AUT: and money i have also only 1,5 bc faldehals have all in the save
15:49:32 : Direct: DimaK: write
15:49:41 : Direct: DimaK: i am from russia
15:49:45 : Direct: Sir LongSleeves: whats your humanity
15:50:07 : Direct: Sir LongSleeves: mine is 3640, the normal humanity is 2500
15:50:07 : Direct: DimaK: . -2.5
15:50:26 : Direct: Sir LongSleeves: yours is -2.500?
15:50:36 : Direct: DimaK: yes
15:50:51 : Direct: DimaK: .-2486
15:50:55 : Direct: Sir LongSleeves: aight i trust you not to shoot me then ^.^
20:44:14 : Direct: Luca: i dont understand
20:44:34 : Direct: Luca: ??
21:17:05 : Direct: Luca: hi
21:17:14 : Direct: Glasgow: hey man
21:17:33 : Direct: Luca: good luck
21:18:33 : Direct: Glasgow: for what you wait here?
21:18:51 : Direct: Glasgow: only enjoy the safezone feeling?
21:18:51 : Direct: Luca: im eating in real life :-)
21:18:55 : Direct: Glasgow: ah
21:22:05 : Direct: Glasgow: a gift from the christmas man :3
21:22:19 : Direct: Luca: o thank you man :-)
21:36:25 : Direct: Turmoil: TS?
21:36:25 : Direct: LWB [SD]: watch the gas station
21:36:40 : Direct: Turmoil: hahaha
21:36:48 : Direct: LWB [SD]: oops
21:37:38 : Direct: LWB [SD]: Ill finish it off I think
21:38:18 : Direct: Turmoil: dang this is big
21:40:00 : Direct: Turmoil: im helping
21:40:07 : Direct: LWB [SD]: pew pew
21:40:21 : Direct: Turmoil: no good loot here, lol
21:40:33 : Direct: Turmoil: stole a wooden bench from the vodnik xD
21:41:13 : Direct: LWB [SD]: 42 so far :D
21:41:20 : Direct: Turmoil: dont crash the server xD
21:42:36 : Direct: LWB [SD]: lols
21:42:38 : Direct: Turmoil: something went flying
21:43:18 : Direct: LWB [SD]: someone coming
21:43:20 : Direct: Turmoil: still got alot of explosives to place xD
21:43:28 : Direct: Turmoil: bet they are curious
21:43:35 : Direct: LWB [SD]: yeah robably
21:44:08 : Direct: LWB [SD]: I shall take you back before you get shot
21:44:13 : Direct: Turmoil: yeah sure
21:45:01 : Direct: Turmoil: prismic crushed himself
21:45:08 : Direct: LWB [SD]: must have got out of the boat
21:45:13 : Direct: Turmoil: was crawling under my floors
21:45:19 : Direct: LWB [SD]: ahh
21:45:33 : Direct: LWB [SD]: the new anti glitch thing works then
21:45:43 : Direct: Turmoil: cool :D
21:45:57 : Direct: LWB [SD]: :D well, ill go delete the rest of that base
22:03:45 : Direct: LWB [SD]: np
23:48:55 : Direct: Hailstorm: blablabla
