08:26:05 : Group: Adam: Hey
08:27:47 : Group: Adam: Yeah
08:39:05 : Group: Adam: 3km
08:43:08 : Group: Adam: Wait what did you say? 1 sec
08:43:20 : Group: Adam: k music is off now lol
08:43:51 : Group: Adam: i started doing that at first too lol
08:44:03 : Group: Adam: its ai
08:45:27 : Group: Adam: i was
08:46:00 : Group: Adam: i was using your leg to stop the guy that ran up from shooting me lol
08:46:30 : Group: Adam: Yes and no
08:46:37 : Group: Adam: i died but got him at the same thime
08:46:40 : Group: Adam: time*
08:46:46 : Group: Adam: i got it
08:47:10 : Group: Adam: no im gonna shoot it with this m240
08:47:21 : Group: Adam: got it from ai just now
08:47:57 : Group: Adam: can we hit it from here with an m240?
08:48:11 : Group: Adam: k, and im ready
08:48:53 : Group: Adam: its gonna come back so get ready
08:51:01 : Group: Adam: np
08:51:39 : Group: Adam: 9 players online
08:52:23 : Group: Adam: im out of ammo
08:58:34 : Group: Adam: yeah
09:01:12 : Group: Adam: k
09:08:31 : Group: Adam: wheres my backpack?
09:08:53 : Group: Adam: its fine
09:09:07 : Group: Adam: i think a gun not sure what tho
09:10:58 : Group: Adam: its up to you
09:11:46 : Group: Adam: and missions spawn here
09:12:11 : Group: Adam: a large gun bag spawned down here
09:12:30 : Group: Adam: i got 1 from the truck
09:12:40 : Group: Adam: so we both have one and a backup
09:12:53 : Group: Adam: nope
09:13:30 : Group: Adam: got really lucky with this heli, got a dmr and m9 sd mags
09:14:39 : Group: Adam: where we going now
09:15:22 : Group: Adam: we got that plot pole so we can build a base now
09:15:37 : Group: Adam: so we can store gear in a safe place
09:16:09 : Group: Adam: nope
09:18:48 : Group: Adam: yeah, and my backpack is full of wood now
09:19:06 : Group: Adam: 58 lumber lol
09:19:29 : Group: Adam: Nope, its so much faster doing this lol
09:20:46 : Group: Adam: im just waiting for us to get sniped sitting here lol
09:21:14 : Group: Adam: i got it
09:21:52 : Group: Adam: i've got the pistol
09:22:35 : Group: Adam: thats one thing i love about arma/dayz headshot = Dead, no matter what
09:23:23 : Group: Adam: here so we both can craft lol
09:25:22 : Group: Adam: thats all i got left
09:48:21 : Group: Adam: maybe the trader, will our best bet
09:54:34 : Group: Adam: love that thing
09:54:53 : Group: Adam: Yeah
09:56:21 : Group: Adam: Theres alot of wood in the box if you need it
09:57:41 : Group: Adam: yeah we can
09:59:04 : Group: Adam: 1 sec
10:00:49 : Group: Adam: make a large wooden wall and right click it
10:01:09 : Group: Adam: you'll see it there
10:01:19 : Group: Adam: np
10:01:34 : Group: Adam: theres like 20 ai at that mission
10:04:18 : Group: Adam: brb im gonna go get something to eat real fast
10:04:26 : Group: Adam: lumber in the box
10:11:49 : Group: Adam: im back
10:12:15 : Group: Adam: alright
10:12:26 : Group: Adam: look in the box got a little bit of stuff so you can build
10:15:06 : Group: Adam: some pvp going down somewhere,
10:23:37 : Group: Adam: just remove it and place a new one we got more wood then we're gonna need
10:24:27 : Group: Adam: that guy that died in the pvp was killed from 800m by a awp so watch out
10:25:06 : Group: Adam: yeah
10:25:29 : Group: Adam: 3 dead ai at the mission
10:26:12 : Group: Adam: wanna be bandits for a sec and wait for him to kill all the ai? and take the heli
10:26:31 : Group: Adam: i see him
10:35:33 : Group: Adam: whats the code for the lockbox?
10:35:58 : Group: Adam: it worked, thanks
10:37:00 : Group: Adam: k
10:42:21 : Group: Adam: np
10:47:38 : Group: Adam: k
10:50:05 : Group: Adam: no way someone will fit in there
10:52:41 : Group: Adam: k
11:50:00 : Group: Adam: you hear that?
11:50:20 : Group: Adam: someones shooting
11:50:25 : Group: Adam: at the heli
11:50:52 : Group: Adam: helis down
11:51:39 : Group: Adam: you think their gonna go for the mission aswell?
11:53:11 : Group: Adam: "go away" that sounds like someone thats friendly
11:53:29 : Group: Adam: i see a little bird
11:54:43 : Group: Adam: you think your mic is what?
11:55:03 : Group: Anton: button got stuck
11:55:19 : Group: Anton: and now doesnt work
11:55:30 : Group: Adam: welp, that sucks
11:56:06 : Group: Anton: It does lol, brb 1min
11:56:10 : Group: Adam: k
11:58:16 : Group: Anton: bck
11:58:30 : Group: Adam: k
11:58:40 : Group: Anton: we really need locks
11:58:45 : Group: Adam: Yeah
11:59:09 : Group: Anton: there is money in the lock box
12:00:49 : Group: Anton: can u give me some mags for DMR?
12:01:02 : Group: Adam: theres 6 in the lock box
12:01:04 : Group: Anton: we cant drive
12:01:49 : Group: Anton: nope nothing
12:01:55 : Group: Anton: thats G36
12:02:19 : Group: Adam: i put 3 in the box
12:02:40 : Group: Anton: thx
12:03:01 : Group: Adam: np, and why can't we drive?
12:03:11 : Group: Anton: truck cant fit
12:03:30 : Group: Anton: and its full what if we lose it
12:05:37 : Group: Anton: VERY CLOSE
12:05:43 : Group: Anton: saw a guy now
12:05:50 : Group: Adam: i saw him to
12:06:04 : Group: Anton: wanna move
12:06:07 : Group: Adam: Yeah
12:08:38 : Group: Adam: i see some
12:08:55 : Group: Anton: go for it
12:09:36 : Group: Adam: did you shoot?
12:09:52 : Group: Anton: i did yes
12:22:02 : Group: Anton: load the guns
12:23:36 : Group: Anton: take what you can so we can leave
12:26:25 : Group: Anton: lets go
12:27:13 : Group: Anton: i want more guns
12:27:37 : Group: Adam: we're gonna have to do more missions then.
12:36:14 : Group: Anton: down
12:38:12 : Group: Tamago: who destryoed my LAV that was Inside of my base
12:38:20 : Group: Tamago: it happened THIS restart
12:38:28 : Group: Tamago: kuzwa nie ten channel
12:40:50 : Group: Anton: lol GJ
12:45:21 : Group: Anton: thx
12:45:26 : Group: Adam: np
12:45:39 : Group: Anton: we need to close here with bags
12:45:50 : Group: Adam: do you need blood?
12:46:01 : Group: Anton: yeah
12:46:26 : Group: Anton: thx
12:46:33 : Group: Adam: i got 400 humanity for that
12:46:38 : Group: Anton: nice
12:46:44 : Group: Adam: go get shot more so i can get some humanity
12:46:48 : Group: Adam: lol
12:46:55 : Group: Anton: lol behind
12:48:00 : Group: Adam: 586 blood lol
12:48:24 : Group: Adam: can you give me this blood bag? if i do it i will only get 6k and not 12
12:48:27 : Group: Anton: wait
12:49:15 : Group: Adam: thanks
12:49:16 : Group: Anton: i hear 1
12:49:33 : Group: Anton: footsteps
12:49:47 : Group: Tamago: witam
12:49:54 : Group: Adam: 4 right outside
12:50:07 : Group: agss: cze, co tam slychac?
12:50:07 : Group: Tamago: uwazaj bo 2 ukraincow lata w uzbrojonym black hawku
12:50:13 : Group: Tamago: wjdz na tsa
12:50:21 : Group: agss: spoko, zaraz wbije
12:51:48 : Group: Adam: im still at 3k blood
12:51:55 : Group: Anton: weird
12:52:36 : Group: Tamago: rozjebal mi ktos mojego LAV'a
12:52:51 : Group: Tamago: wiem kto bo lataja teraz smiglem
12:52:53 : Group: Adam: 6 outside
12:53:02 : Group: Tamago: widze ich baze na 1000m
12:53:30 : Group: agss: spoko, to może zajebac im pozniej to smiglo?
12:53:59 : Group: Tamago: tak jak napisalem 
12:54:30 : Group: Tamago: lol CHAT  LOL
12:54:44 : Group: Tamago: tez zjebales xD
12:54:46 : Group: agss: pojebalem:)
12:54:55 : Group: Tamago: czekam na tsie bezpieczniej xD
12:54:56 : Group: Tamago: hahaha
13:01:39 : Group: Lenin: 115086
13:11:33 : Group: Tamago: co ty tak znikasz i pojawiasz sie?
13:11:36 : Group: Tamago: w pracy ejstes?
13:12:00 : Group: Anton: 1 left
13:12:16 : Group: agss: problem z kompem mialem
13:12:20 : Group: Tamago: kk
13:12:33 : Group: Adam: so i don't know where i spawned, and i don't have any of the spawn gear not even a map
13:12:33 : Group: Anton: done
13:12:55 : Group: Anton: your near Cherno
13:12:55 : Group: Tamago: potrzebuje eskorty do starego
13:12:58 : Group: Anton: die again
13:13:09 : Group: Tamago: wejdziesz na miniguna?
13:13:30 : Group: agss: juz lece
13:13:48 : Group: Tamago: dzieki
13:14:31 : Group: Tamago: omg to ty na moziku?
13:15:16 : Group: Tamago: spoko
13:15:49 : Group: Tamago: juz biore k i jedziemy
13:16:12 : Group: Tamago: te dekle co lataly w black hawkuy
13:16:40 : Group: Tamago: mam 1000m do ich bazy i moge strzelac z dachu wiec cokolwiek bede tam widzial beda to tracic
13:16:44 : Group: Tamago: green mountain
13:17:18 : Group: Tamago: czekaj dodam ammo
13:17:28 : Group: Tamago: wyjdz na chwilke
13:17:39 : Group: agss: spoko czekam
13:18:20 : Group: Tamago: wyjd z turreta
13:18:49 : Group: Tamago: masz
13:18:55 : Group: Tamago: 2k
13:19:40 : Group: Tamago: ups
20:18:17 : Group: agss: jak tam?
20:18:25 : Group: Tamago: a juz spoko :D
20:18:30 : Group: Tamago: jetem na tsie jak cos
20:22:40 : Group: Tamago: cos sie dzialo jak mnie nie bylo?d
20:25:40 : Group: Tamago: krutoy camp mial 4 aiw
20:36:40 : Group: Tamago: co ty robisz tak daleko w mapie?w
20:37:15 : Group: agss: takie tam :)
20:37:24 : Group: Tamago: baza? xDw
20:37:35 : Group: agss: buduje domek maly
20:37:44 : Group: Tamago: hehe ok =p
20:56:45 : Group: Tamago: ok xD
21:48:04 : Group: Greg: siema Seba
21:48:26 : Group: agss: czesc, co tam rozwalacie baze tym ukraincom?
21:48:45 : Group: Greg: no za chwilę
21:48:58 : Group: agss: przylece popatrzec :)
21:49:03 : Group: Greg: heheh
22:12:15 : Group: Greg: Tamago crashed ;p
23:10:37 : Group: agss: ale urwał
23:10:48 : Group: Tamago: no nie XD
23:10:51 : Group: Tamago: maja po bazie
23:13:10 : Group: Tamago: wracvamy xD pozamiatane
23:13:14 : Group: Greg: lol
