16:09:49 : Direct: Roma: omg whats wrong with people
18:25:16 : Direct: Sebastian: hey guys
19:01:31 : Direct: Roma: eyyy
20:29:42 : Direct: Doriny: e baza cuiva
20:30:00 : Direct: Doriny: in regula e scris daca 4 zile nu folos masin o deschide
20:30:24 : Direct: Doriny: asteptam misia
20:31:11 : Direct: Doriny: in suvu sela sint 2 chenti mari de 60 lok
20:32:09 : Direct: picachy: stai plea
20:34:46 : Direct: Doriny: dicinaea
20:35:13 : Direct: Doriny: e linga noi
20:36:23 : Direct: picachy: da sint boti aishea :d 
20:47:35 : Direct: picachy: aicea se vinde M110 
20:49:39 : Direct: picachy: am 160 gold :D 
21:31:26 : Direct: picachy: si esti kon4enii?
21:31:40 : Direct: picachy: oaie plea
21:36:00 : Direct: picachy: misha na vodniku
21:37:10 : Direct: picachy: am 170 de goluri : 
21:37:28 : Direct: picachy: ei fut da tu si nuti ei 
21:37:37 : Direct: picachy: ca tu tot ai bani
21:38:12 : Direct: picachy: ei fut shi asha ai vindut un suv plin ku arujii shi nu ai bani ,hai laso puli
21:46:55 : Direct: Doriny: hai la convoi
21:47:40 : Direct: Doriny: dmr pot sa ti dau
21:47:50 : Direct: Doriny: cu 3 magazuri
