04:56:01 : Direct: galina: ai sa maine6
04:58:35 : Direct: galina: da ima
04:58:59 : Direct: galina: o6 1
04:59:20 : Direct: galina: gurmq6tiq suv da ne sa obajda
05:04:00 : Direct: galina: nalqao mai ima
05:09:33 : Direct: galina: vnimaai vutre
05:10:22 : Direct: galina: tuka
05:11:30 : Direct: galina: kazah ti not secure
05:11:57 : Direct: galina: im out
05:14:26 : Direct: galina: oprai si kalnika tui furlq tornado odzade
05:15:33 : Direct: galina: habq6tiq patroni
05:29:49 : Direct: galina: asd
05:29:55 : Direct: galina: do sq moe6e li da 4ere6
05:30:15 : Direct: galina: 4ete6*
05:30:26 : Direct: galina: ne kat doide
05:30:32 : Direct: galina: kill me
05:30:57 : Direct: galina: bqh # camo i ne ma vidq
05:30:59 : Direct: galina: mhm
05:31:03 : Direct: galina: nqa hoim
05:31:08 : Direct: galina: mn kufari stanaha
05:31:35 : Direct: galina: super hero tradera iska 30k humanity xD
05:32:08 : Direct: galina: su6toto + nqkoi dr vehicle
05:32:13 : Direct: galina: samo 4e ima otstupka
05:35:09 : Direct: galina: sjit imam 4 kufara e
06:05:20 : Direct: galina: shit ela zemi gunovete ot hmmv
06:05:32 : Direct: galina: 5
06:07:08 : Direct: galina: zeli si4ko e
06:07:32 : Direct: galina: 6 gold e sus supressora xD
06:07:38 : Direct: galina: mqza sniper alooo
06:11:58 : Direct: galina: 1 burza misiq i malko cs ?
06:13:58 : Direct: galina:   -1 sukvartirant
06:14:06 : Direct: galina: nop
06:14:22 : Direct: galina: nopw
06:24:04 : Direct: galina: vlizai naprao
06:25:14 : Direct: galina: zimai hmmv-to
06:25:24 : Direct: galina: nedei we
06:25:30 : Direct: galina: awe otiai i go prodaai
06:25:34 : Direct: galina: az naprao otiam do safe
06:25:46 : Direct: galina: suva nemoe da otide do tradera
06:25:49 : Direct: galina: 6ot reskat
10:32:23 : Direct: PRISMIC: DO YOU WANT ME TO FLY I KNOW WHERE MY BASE IS 
10:33:13 : Direct: PRISMIC: saur
10:33:16 : Direct: PRISMIC: sure
10:33:56 : Direct: PRISMIC: just got to go to base quick and gear up +  buy heli
10:34:49 : Direct: PRISMIC: soz i had to aha
10:35:00 : Direct: Hailstorm: np
10:35:10 : Direct: Hailstorm: i wanted to help u at mission ^^
10:36:10 : Direct: PRISMIC: brb
17:56:38 : Direct: Hailstorm: that was bullshit
17:56:47 : Direct: Hailstorm: somedays i hate arma for his glitches
