01:24:53 : Direct: Kent: Nice bird u have
12:14:18 : Direct: BOBAH: мы мтвр возьмём ?
12:14:26 : Direct: Replicate: берите
12:15:31 : Direct: BOBAH: кстати , мосинка тащит )
15:01:07 : Direct: Franchi516: Cвои
15:01:20 : Direct: BOBAH: хуль тогда по английски пишешь ?))
15:01:26 : Direct: Franchi516: Чат так то
15:01:29 : Direct: Franchi516: Го группа
15:01:34 : Direct: Franchi516: У меня В3с
15:01:35 : Direct: BOBAH: а тип не политься что русский ?)
15:01:38 : Direct: Franchi516: V3S
15:01:42 : Direct: Franchi516: )))
15:01:46 : Direct: BOBAH: наши
15:01:49 : Direct: Franchi516: ОПА
15:01:50 : Direct: Franchi516: АА
15:02:01 : Direct: Franchi516: Мне бриф на сейф нужен
15:02:03 : Direct: BOBAH: пригласил тебя
15:49:27 : Direct: Sierra [SD]: knock knock
15:49:39 : Direct: Turmoil: hey ^^
15:49:56 : Direct: Sierra [SD]: hi
15:50:02 : Direct: Sierra [SD]: there you go
15:50:03 : Direct: Turmoil: taking chances coming here and not beeing in group... could get killed xD
15:50:03 : Direct: Jesse: aah hi ^^ 
15:50:18 : Direct: Sierra [SD]: yeah i didnt put god on either lol
15:50:28 : Direct: Sierra [SD]: some guns in that backpack
15:50:29 : Direct: Turmoil: good, moahahahaha
15:50:46 : Direct: Sierra [SD]: :D
15:51:09 : Direct: Sierra [SD]: can get to them ok?
15:51:13 : Direct: Turmoil: oh, that was in the pickup from the mission earlier today
15:51:23 : Direct: Sierra [SD]: ?
15:51:38 : Direct: Turmoil: or is it yours?
15:51:42 : Direct: Sierra [SD]: yeah mine
15:51:47 : Direct: Sierra [SD]: just put them there for you
15:51:55 : Direct: Turmoil: oh cool, thanks 
15:51:55 : Direct: Sierra [SD]: replacements
15:52:09 : Direct: Sierra [SD]: np :)
15:52:10 : Direct: Turmoil: *kiss on cheek* your so cool ^^
15:52:18 : Direct: Sierra [SD]: haha xD
15:52:30 : Direct: Turmoil: just dont tell LWB xD 
15:53:00 : Direct: Sierra [SD]: lol xD - my lips are sealed! ok well catch you later - give me a call if you want anything or I'm on teamspeak
15:53:18 : Direct: Turmoil: alrighty, i will ^^ currently on TS with tha booooys
15:53:40 : Direct: Sierra [SD]: booooooys
15:53:47 : Direct: Turmoil: yeah
