08:05:16 : Group: agss: są kurwa AI na lotnisku?
11:28:04 : Group: agss: /
22:22:09 : Group: Greg: tamago z tyłu lewa flanka
22:51:23 : Group: Tamago: sorry it longer
22:51:29 : Group: Tamago: i got a safe for you guys to clear out
22:51:38 : Group: Tutra: oh cool
22:51:42 : Group: Tamago: so come to my position i will let you in and you can take whatever you want
22:51:47 : Group: Tamago: safe included
22:52:02 : Group: Tutra: aight
22:52:09 : Group: Tutra: it might take a while for us to get there
22:52:18 : Group: Tamago: sure thing. it doesnt have to be now
22:52:25 : Group: Tamago: safe is waiting
22:52:26 : Group: Tutra: okeydokey
23:04:42 : Group: Tamago: care for mission cause its close
23:07:27 : Group: anders: im out fornt
23:08:00 : Group: anders: awesome thanks so much
23:08:18 : Group: anders: thanks
23:08:40 : Group: anders: okay
23:09:43 : Group: Tamago: i hope that will cover part of these 10 bc i promised
23:10:00 : Group: Tamago: you guys have a base spot already?
23:10:09 : Group: anders: no were just starting off
23:10:19 : Group: Tamago: you can place safe anywhere without needed plot pole
23:10:24 : Group: Tamago: and nobodyu can pick them up
23:10:31 : Group: anders: oh awesome i didnt know that
23:10:31 : Group: Tamago: so you guys can have a ncie start
23:10:50 : Group: anders: awesome well thanks so much
23:10:51 : Group: Tamago: your mate can come in too so he can take some stuff
23:10:54 : Group: Tamago: npa
23:11:02 : Group: anders: cool cool he is on his way
23:11:09 : Group: Tamago: sure thing
23:12:17 : Group: Tamago: junkysions are not really worth risk
23:12:42 : Group: Tamago: shot zed
23:13:25 : Group: Tutra: hi, guy
23:13:33 : Group: Tamago: other side =p
23:14:13 : Group: Tutra: thanks mate
23:14:41 : Group: Tutra: thanks
23:14:50 : Group: Tutra: you too
23:15:01 : Group: Tamago: thanks
23:16:16 : Group: Tamago: ok im joining my friends group. gl ^^
