00:34:28 : Side: matsa: i like how he hid his plot pole inside the before he logged off
00:34:36 : Side: matsa: wall
01:04:59 : Side: Phaetta: suck on that bambi!
01:32:59 : Side: MeGa_Koffiepot: how to use a Chainsaw ? gas problem :p
01:33:25 : Side: 2DIE4:  u need 2 stroke oil
01:33:35 : Side: matsa: you need oil and a jerry can
01:33:37 : Side: 2DIE4:  mix it with a kanister
01:33:40 : Side: MeGa_Koffiepot: thx m
03:28:12 : Side: 2DIE4:  hey Hals wo turns du rum?
03:28:57 : Side: Faldehals: im bunker und mach nix wie immer
03:29:16 : Side: 2DIE4:  wo is im bunker  ... bisch daoch keine 1000 von mir wech  =)
03:29:28 : Side: Faldehals: ey muss dich ma was fragen gestern bin ich rein war aber nurnoch 1 min bis neustart
03:29:39 : Side: 2DIE4:  yap und?
03:29:41 : Side: Faldehals: hab den LWB angelabert
03:30:02 : Side: Faldehals: warst du auch da wenn du dich überhaupt erinnerst
03:30:13 : Side: 2DIE4:  um was gehts denn?
03:30:56 : Side: Faldehals: vor etwa net ganz ner woche hat wer gefragt currently is it not alowed to builde at devilscastle
03:31:10 : Side: 2DIE4:  ok   und?
03:31:18 : Side: Faldehals: da sagte sierra thats right warst du da auch am start ?
03:31:36 : Side: 2DIE4:  war ich wohl vertieft oder net on
03:32:11 : Side: Faldehals: k hätte ja sein können aber was das bedeutet wenn man die unterhaltung mitbekommen hatte weist ja oder ?
03:32:31 : Side: 2DIE4:  das das admin base wird? XD
03:32:39 : Side: Faldehals: ich hab da ichs mitbekommen hab deswegen net angefangen da zu bauen
03:32:53 : Side: Faldehals: ja ok das wäre ja ok
03:33:10 : Side: Faldehals: also baun tut da wer aber kein plan ob admin
03:33:11 : Side: 2DIE4:  was isses dann?
03:33:54 : Side: Faldehals: das wollt ich ja wissen wenns eben kein admin ist wär ich angepisst
03:34:34 : Side: Faldehals: ma sehn was die sagen und wenn es doch kein admin base sein sollte sierra das abstreitet gesagt zu haben
03:34:57 : Side: Lancer: blablabla
03:35:19 : Side: Faldehals: aber zurück zu deiner frage habs net gerafft was genau du wolltest da ich am rattern war
03:35:35 : Side: Faldehals: du spacken halt dein schluchtenkacker maul
03:35:56 : Side: Lancer: haha
03:36:05 : Side: Faldehals: beacht den net is nur angepisst weil ich ihn net beachte und mit dir schreib
03:36:24 : Side: Faldehals: fress dei tortelini und halts maul
03:36:41 : Side: Lancer: alter nach 4 stunden was du mich vollgetextet hast bin ich froh das n anderer gekommen is
03:37:29 : Side: Faldehals: ahh ja
03:40:28 : Side: Faldehals: ka wie weit ich weg bin
03:43:57 : Side: Faldehals: 2die warum hast denn nu gefragt ?
03:45:07 : Side: 2DIE4:  hatte 2 player auf dem schirm und dachtte du wärst beimir inne nähe
03:45:51 : Side: Faldehals: na denk net war in meiner scheune ... ist das richtig wenn da nur ne 1 steht das ist man selbst ?
03:46:01 : Side: 2DIE4:  yap
03:47:28 : Side: 2DIE4: yo auf 
03:47:37 : Side: 2DIE4:  devils wird gebaut
03:51:45 : Side: Faldehals: joah und das sich nen admin platz reserviert hab ich erst garnet dran gedacht weil noch nie erlebt als admin haben spieler vorrang das meine einstellu
03:51:56 : Side: Faldehals: hab sowas auch noch nicht erlebt
03:52:02 : Side: 2DIE4: find ich auch
04:12:55 : Side: Faldehals: 2die wir hatten hier nen merlin stehn abgeschlossen denkst das jemand meinte es sei es wert nen hotwirrekit dafür zu benutzen ?
04:13:14 : Side: 2DIE4: ka
04:13:57 : Side: Faldehals: ja merkwürdig da es welche gibt die schon weit länger stehn
04:14:49 : Side: Faldehals: den hat wer zerstört der mtvr stand als nextes dran der hat auch schaden
04:16:53 : Side: Faldehals: hast du irgendwo fahrzeuge stehn ?
04:17:05 : Side: Faldehals: das ich weis welche ich net wegballer
04:17:09 : Side: 2DIE4:  in base
04:17:17 : Side: Faldehals: heli ?
04:17:34 : Side: 2DIE4:  steht noch  oben auf 
04:18:24 : Side: Faldehals: k letztens sah ich keinen stehn sah nur eus wie treppe mit metallboden dicht gemacht
04:18:30 : Side: Faldehals: aus
04:18:58 : Side: Faldehals: wurscht welchen haste da stehn ?
04:19:12 : Side: Faldehals: war ewtl garnet deine base
04:19:18 : Side: 2DIE4:  MI 17
04:19:23 : Side: Faldehals: alles kla
04:42:37 : Side: Faldehals: 2die irgendwo stand doch ma wieviel gewicht man mit sich träggt ?
04:43:04 : Side: 2DIE4:  is modabhängig
04:43:16 : Side: Faldehals: k also hier nicht ?
04:43:19 : Side: 2DIE4: nö
05:29:18 : Side: Faldehals: die in stary ?
05:29:24 : Side: 2DIE4: +
05:29:43 : Side: Faldehals: ok was bedeutet das ?
05:29:49 : Side: Faldehals: warst du das ?
05:29:52 : Side: 2DIE4: +
08:19:24 : Side: Faldehals: ahhh hey sierra
08:20:12 : Side: Faldehals: are you there ?
08:23:31 : Side: Faldehals: hi again
08:23:38 : Side: Sierra [SD]: Hello Faldehals 
08:24:15 : Side: Faldehals: the base at devilscastle is that adminbase ?
08:24:38 : Side: Sierra [SD]: No
08:25:16 : Side: Faldehals: mkay also i hope you dont forget this
08:25:28 : Side: Sierra [SD]: ?
08:25:51 : Side: Faldehals: maybe max it is 1 week ago someone ask also currentli is it not allowed to builde at devilscastle 
08:26:17 : Side: Faldehals: and you answered thats right or exactly
08:26:35 : Side: Faldehals: that was the reason i dont start building there
08:26:38 : Side: Sierra [SD]: Nope
08:26:48 : Side: Faldehals: nope what ?
08:27:31 : Side: Faldehals: i forget the playername but im sure to 100% that was your answere
08:27:36 : Side: Sierra [SD]: Don't remember saying that. The only building rules are not within 500m of a military base. A message comes up if you cannot build.
08:27:55 : Side: Sierra [SD]: Someone asked me about green mountain
08:29:45 : Side: Faldehals: belive me i was close to start at there and green mountain and devilscastle  are 2 other thinks i cant missunderstand
08:31:08 : Side: Faldehals: sry but realy it was about devilscastle cause i was real pissed abaut it 
08:32:05 : Side: Faldehals: sierra nobody is perfekt but thats my favorit place so i cnow it 100%
08:32:13 : Side: Sierra [SD]: Sorry to hear that. Nothing to do with me though I'm afraid. 
08:33:56 : Side: Faldehals: shti happens now is it my problem but the misstake from you :/
08:34:04 : Side: Sierra [SD]: I'm afraid not.
08:36:19 : Side: Faldehals: damn it i forget the players name 
08:38:28 : Side: Faldehals: no worries realy but but you realy can trust me that was devilscastle i know it cause i .. you know but it is how it is ;)
08:41:36 : Side: Faldehals: fate , is this the right word ? 
08:43:20 : Side: Faldehals: k cya guys , hf gl
08:44:05 : Side: Faldehals: more like me i hope .....
09:55:39 : Side: Tobimofat: Anyone know why i can\t refuel a humvee
09:55:59 : Side: Joshuaa: damage?
09:56:11 : Side: Tobimofat: Not at all
09:56:21 : Side: Joshuaa: re log
09:57:04 : Side: Tobimofat: I could not do it yesterday either
09:57:25 : Side: Joshuaa: wait until admin is on
09:57:41 : Side: Sierra [SD]: trying to refuel it at the refuelling pump?
09:58:26 : Side: Tobimofat: Im gonna try with a fuel barrel or something like that, i have been trying with the fuel pump
10:29:13 : Side: Tobimofat: 2 stroke engine oil for a chainsaw right
10:34:27 : Side: Sierra [SD]: yup 
10:34:55 : Side: Sierra [SD]: you need to mix it dont you? with fuel - used to have to anyway.
10:35:33 : Side: Tobimofat: Yeah just found out
10:35:38 : Side: Sierra [SD]: ok cool
11:17:36 : Side: svvay: patrik
11:20:28 : Side: RecDi [Ru: Hi all
11:20:35 : Side: Tobimofat: Howdy
11:20:36 : Side: Phaetta: Hello :D
11:20:44 : Side: Sierra [SD]: Hello :)
11:20:56 : Side: low: HEY :*
11:57:11 : Side: Tobimofat: Anybody else experienced that the vehicle you untow just disappeared
11:57:29 : Side: MeGa_Koffiepot: you heave to drive it after towing 
11:57:57 : Side: MeGa_Koffiepot: so the game knows where your car is go look at the place where you attatcht your car 
11:58:10 : Side: MeGa_Koffiepot: befor server restart 
11:58:32 : Side: Tobimofat: It happenend just now
11:59:40 : Side: Tobimofat: Oh ffs used the vehicle locater and is had tp all the way back where we picked it up.....
12:00:01 : Side: MeGa_Koffiepot: dammit lol
12:09:54 : Side: MeGa_Koffiepot: =
12:12:06 : Side: Joshuaa: how often does ai respawn?
12:13:02 : Side: [RussianMafia]JeRaX: sashka
12:17:13 : Side: [RussianMafia]JeRaX: sashka
12:17:22 : Side: Sashka: ?
12:17:28 : Side: [RussianMafia]JeRaX: go v pati?
12:17:51 : Side: ICEE: Серв русский или как ?
12:17:55 : Side: [RussianMafia]JeRaX: net
12:18:02 : Side: ICEE: Лол
12:18:11 : Side: [RussianMafia]JeRaX: ne pishi na rus ban
12:18:15 : Side: Tobimofat: Only english in side please
12:18:21 : Side: [RussianMafia]JeRaX: v party poidesh?
12:18:34 : Side: ICEE: Ok
12:18:36 : Side: [RussianMafia]JeRaX: russkie est' kto 
12:18:50 : Side: ICEE: kak vidih
12:18:59 : Side: [RussianMafia]JeRaX: primi
12:19:24 : Side: [RussianMafia]JeRaX: F5 najmi
13:16:33 : Side: -PWN- TMAX: hello
13:16:47 : Side: -PWN- TMAX: this server is a fresh server?
13:19:19 : Side: Sierra [SD]: All 1.0.6 are fresh. We were running the old mod before this though.
13:31:11 : Side: svvay: sierra?
13:32:13 : Side: Sierra [SD]: Hi svvay - if you get to where you want, I will sort it for you. :)
13:32:59 : Side: Sierra [SD]: just let me know when you are ready
13:33:06 : Side: svvay: Im ready
13:33:08 : Side: svvay: ^^
13:33:13 : Side: Sierra [SD]: okies coming now then
13:33:17 : Side: svvay: roger!
13:44:48 : Side: Tobimofat: Can it really be true that your food and water level decrease so much by using a hatchet?
13:45:19 : Side: Sierra [SD]: its probably quite a strenuous activity! Haven't you tried chopping wood irl? :P
13:45:24 : Side: matsa: yes
13:46:17 : Side: Tobimofat: Yeah but it's insane how much it takes we lost almost our intire water supply in like 20-mins
13:50:38 : Side: Sierra [SD]: Sorry, I was on the phone, yeah thirsty work!! xD
14:36:08 : Side: MeGa_Koffiepot: hey admin the fuel pomp stations dont work no more :( 
14:38:24 : Side: Phaetta: Someone is mad af xD
14:39:05 : Side: Phaetta: But thanks for the base <3
14:45:21 : Side: Joshuaa: anyone wanna team?
14:45:30 : Side: matsa: yes
14:45:30 : Side: Gandy: me
14:45:56 : Side: Phaetta: yea join Me, Matsa and Svvay
14:46:19 : Side: Joshuaa: ok man, inv me to group if you want
14:47:11 : Side: Joshuaa: phaetta you got a group?
15:03:27 : Side: Alex: left before the last restart now the car I had is gone....any way to ping it?
15:04:06 : Side: ahquaa: left the car yesterday with all my stuff, today its gone too
15:04:16 : Side: Alex: daaaaamn 
15:04:25 : Side: matsa: feel ya man
15:04:26 : Side: LWB [SD]: was it a bought car or span one?
15:04:36 : Side: ahquaa: bought
15:04:37 : Side: Alex: bought
15:04:37 : Side: LWB [SD]: if you have key, open gear, right click map and locate
15:04:46 : Side: Alex: nice! thanks :D
15:04:49 : Side: LWB [SD]: it will show you where it is, or tell you its destroyed
15:05:19 : Side: Alex: thanks alot :P
15:08:29 : Side: LWB [SD]: 2 UAZ,s, a vodnik and a golf at Vehcile pound
15:09:06 : Side: Alex: yeah haha the golf is mine, thought I was parked outta the trade zone guess not 
15:27:50 : Side: Colin: can a venom lift vehicles?
15:29:25 : Side: LWB [SD]: should be able to
15:29:36 : Side: Colin: k, thx
15:50:02 : Side: Mr.Rollin: RIP ME 
15:51:11 : Side: svvay: stahp
15:51:13 : Side: svvay: please
16:05:20 : Side: Mr.Rollin: yo this server is bae
16:05:30 : Side: ahquaa: ?
16:05:52 : Side: Mr.Rollin: its a good server
16:06:20 : Side: ahquaa: yea but laggy
16:06:29 : Side: Mr.Rollin: not for me
16:06:48 : Side: Mr.Rollin: its not laggy for me
16:08:50 : Side: Mr.Rollin: yo car near nwaf
16:09:09 : Side: Mr.Rollin: can i get a lift?
16:09:15 : Side: Colin: no -.-
16:09:22 : Side: Mr.Rollin: D:
16:09:56 : Side: Colin: sry
16:10:05 : Side: LWB [SD]: getin
16:14:28 : Side: Mr.Rollin: thanks :D
16:14:33 : Side: LWB [SD]: ;-)
16:15:38 : Side: LWB [SD]: Refuel/Repair should be working now. Let me know if you have issues
16:16:25 : Side: Sir LongSleeves: yup its fixed
16:16:35 : Side: LWB [SD]: cool
16:16:39 : Side: Sir LongSleeves: we just repaired our car
16:17:05 : Side: Colin: hmmm, i can detach unlimited wheels from my car O.O
16:17:12 : Side: Colin: buggy
16:17:37 : Side: LWB [SD]: which car?
16:17:53 : Side: Colin: Pickup (PK) AL
16:20:27 : Side: Phaetta: Admin?
16:20:35 : Side: Colin: glasses the same
16:20:48 : Side: LWB [SD]: whats up.. It not like it for me I dont think
16:21:20 : Side: Phaetta: Could you come and help me? My door is dublicated
16:21:36 : Side: Phaetta: Cant remove it
16:29:31 : Side: svvay: cinder is indestructable here?
16:29:39 : Side: LWB [SD]: no
16:29:45 : Side: svvay: okey
16:30:40 : Side: II TheElite II: AI are alot better than they used to. Is that permanent?
16:30:51 : Side: svvay: they vary
16:30:57 : Side: LWB [SD]: they havent been touched :/
16:31:40 : Side: II TheElite II: Really?? At some missions they are so good that if you snipe from 800m they will kill you in a second XD
16:31:49 : Side: svvay: depends on the mission difficulty
16:31:59 : Side: II TheElite II: I see. Thanks :)
16:32:00 : Side: svvay: red=hard, yellow=medium, green=easy
16:32:05 : Side: svvay: IIRC
16:32:22 : Side: LWB [SD]: its not exactly like that noe
16:32:28 : Side: svvay: really? 
16:32:30 : Side: LWB [SD]: now
16:32:33 : Side: svvay: ahh
16:32:52 : Side: LWB [SD]: But all ai are set to hard, and have been since server started
16:33:03 : Side: svvay: ait, i see ^^
16:33:46 : Side: II TheElite II: But it has been restarted a few days ago because of a hacker right?
16:34:00 : Side: LWB [SD]: nothing changed though
16:34:03 : Side: II TheElite II: Before that it seemed they where easier
16:34:16 : Side: LWB [SD]: nope, I havent touched the ai at all
16:34:21 : Side: II TheElite II: Then it's me being silly :P
16:34:52 : Side: LWB [SD]: maybe they are more intelligent than wee think and learning ;-)
16:35:15 : Side: II TheElite II: Haha could be 
16:35:49 : Side: Kev: armed suv guys shooting noobie with bike? FFS?
16:36:17 : Side: svvay: :p
16:40:49 : Side: LWB [SD]: Pheatta, did you take ownership of a plot pole at that site? Trying to find why the doors did that. Take ownership is a known bug
16:41:09 : Side: Phaetta: Ye
16:41:09 : Side: matsa: that was me, sorry
16:41:24 : Side: LWB [SD]: ok cool. I can fix it then. thanks
16:41:37 : Side: Phaetta: Thanks :)
16:41:38 : Side: matsa: :D
16:51:16 : Side: Kev: is cinder destroyable?
16:51:25 : Side: LWB [SD]: yes
16:51:31 : Side: Kev: metall also?
16:51:35 : Side: LWB [SD]: yes
16:51:44 : Side: Michael: we need mitril
17:01:40 : Side: Alex: well that was a grueling drive through the wilderness to get my golf back to a road XD
17:02:01 : Side: LWB [SD]: :D yeah, they arent the best offroaders
17:02:55 : Side: Alex: fun roadtrip listened to some good tunes ;P
17:04:38 : Side: PRISMIC: .
17:05:22 : Side: PRISMIC: admin you there?
17:05:29 : Side: Sierra [SD]: what's up?
17:05:36 : Side: LWB [SD]: yep. I suggest if you want to keep that btr yu stop that
17:06:22 : Side: PRISMIC: some guys are  ramming us  in there car in trader 
17:06:31 : Side: M.K.: is this server pvp aswell?
17:06:39 : Side: Sir LongSleeves: sierra, 2 bandits are ramming us at the trader in stary
17:06:43 : Side: LWB [SD]: not any more
17:06:46 : Side: Sir LongSleeves: thnx
17:06:53 : Side: M.K.: ??
17:06:54 : Side: PRISMIC: gg
17:07:01 : Side: LWB [SD]: yes its pvp
17:07:01 : Side: M.K.: can you shoot other players?
17:07:04 : Side: M.K.: k ty
17:07:13 : Side: MeGa_Koffiepot: gg thx allot ^^
17:07:29 : Side: Sir LongSleeves: they were balkan
17:17:46 : Side: M.K.: my friend cannot find this server 
17:17:47 : Side: M.K.: why/
17:17:49 : Side: M.K.: ?
17:17:58 : Side: M.K.: can he do anything?
17:18:02 : Side: M.K.: to join?
17:18:05 : Side: Sierra [SD]: try typing the remove addy in
17:18:18 : Side: svvay: try to delete corepatch from AddOns folder in ArmAOA directory
17:19:35 : Side: adrien: move!!!!!!!!!!!!!!!!!!!!!!!!!!!
17:20:12 : Side: adrien: move 5 meter!!!!!!!!!!!!!
17:20:22 : Side: svvay: !!!!!!
17:21:46 : Side: adrien: admin pls
17:21:53 : Side: LWB [SD]: what?
17:21:57 : Side: Sierra [SD]: yes adrien
17:22:07 : Side: adrien: player cheap me in a trader
17:22:26 : Side: Sierra [SD]: what do you mean?
17:22:27 : Side: adrien: trader city bash
17:22:39 : Side: svvay: be more specific for the admin
17:22:43 : Side: adrien: cheap in my backpack
17:22:49 : Side: Alex: are you talking about me?....
17:22:53 : Side: Alex: what?
17:22:56 : Side: adrien: yes
17:23:02 : Side: Alex: all i did was give you clothes bro...
17:23:15 : Side: Alex: i didnt take anything lol
17:23:15 : Side: adrien: you have abused
17:23:22 : Side: Alex: abused?....
17:23:38 : Side: Alex: honestly no idea what you mean
17:23:54 : Side: adrien: yes im not possible equip my backpack you dont move
17:24:14 : Side: Alex: its not my fault you cant equip your pack?
17:24:48 : Side: adrien: .........
17:24:54 : Side: Alex: yeah lol
17:24:56 : Side: Alex: he got it
17:26:08 : Side: Alex: why did you leave the clothes i was giving them to you XD
17:26:32 : Side: M.K.: is cinder indestructible here?
17:26:41 : Side: LWB [SD]: no
17:26:42 : Side: Sierra [SD]: cinder is destructable
17:26:45 : Side: M.K.: kk
17:50:08 : Side: Joshuaa: anyone wanna team?
17:50:14 : Side: svvay: yea sure
17:50:31 : Side: Joshuaa: where you at man?
17:50:58 : Side: svvay: im in stary
17:55:58 : Side: Alex: wha? D:
17:56:25 : Side: [RussianMafia]DiZZy: dayz
17:56:33 : Side: Alex: XD
17:59:32 : Side: Legend: how do u snap things here?
17:59:42 : Side: svvay: scroll
17:59:49 : Side: Legend: ty
17:59:51 : Side: svvay: e
17:59:53 : Side: svvay: ye
18:04:14 : Side: Michael: so where is the ikea truck?
18:04:20 : Side: Michael: cant see it on map
18:04:45 : Side: Sir LongSleeves: bring me a new couch if they have any xD
18:16:10 : Side: Alex: god damnit lol all i wanna do is tow my golf 
18:41:54 : Side: Turmoil: good evening ^^
18:42:06 : Side: MeGa_Koffiepot: hey m8
18:47:43 : Side: svvay: admin?
18:48:11 : Side: svvay: any chance of considering to make daytime a thing?
18:48:23 : Side: svvay: would create a variety of the atmosphere
18:55:24 : Side: Sierra [SD]: Hi all - everyone ok?
18:55:30 : Side: Turmoil: yep 
18:55:33 : Side: Panda: not bad, u?
18:55:35 : Side: Turmoil: ^^
18:55:40 : Side: svvay: Good Sierra, wbu
18:55:55 : Side: Sierra [SD]: good thanks :) - just finished eating
18:56:24 : Side: svvay: food tasted good?
18:56:37 : Side: Sierra [SD]: yes very good thanks - a bit full now though!
18:57:23 : Side: svvay: Haha sounds great :p should maybe grab something myself
18:57:59 : Side: svvay: yo, any chance of enabling nighttime cycle? would be great with a variation ^^
18:58:18 : Side: Sierra [SD]: you can vote for it :) just /votenight
18:58:26 : Side: matsa: and the NV goggles would be useful :P
18:58:52 : Side: Panda: can you base raid ?
18:58:59 : Side: matsa: yes
18:59:03 : Side: Panda: sweet
19:06:45 : Side: matsa: /vote night
19:07:00 : Side: svvay: anyone up for trying nighttime? ^
19:07:16 : Side: Sir LongSleeves: hell yeah
19:07:26 : Side: Panda: sounds good
19:10:43 : Side: Sir LongSleeves: guys
19:10:52 : Side: svvay: hey
19:10:55 : Side: Sir LongSleeves: night time would be so much better right now
19:11:01 : Side: svvay: indeed
19:11:06 : Side: svvay: /vote night lads
19:17:35 : Side: Panda: spare medical supplies at that hero mission if anyone wants it 
19:17:48 : Side: svvay: cheers
19:17:59 : Side: Logix: retard that shoots at me
19:18:41 : Side: Logix: he shoots at me and looses to a PM..
19:19:11 : Side: svvay: loses
19:25:34 : Side: matsa: /killme
19:29:56 : Side: matsa: admin?
19:30:04 : Side: Sierra [SD]: hey what's up?
19:30:14 : Side: Sir LongSleeves: my bad
19:30:21 : Side: matsa: could you tp here for a sec?
19:30:46 : Side: Sierra [SD]: yep just a sec
19:46:36 : Side: Fontes: who shot me how the heck did you do that 
19:46:52 : Side: Fontes: i was behind cover
19:47:09 : Side: Winans: who killed u
19:47:15 : Side: Logix: hes a wizard
19:47:34 : Side: Fontes: didnt see who killed me
20:00:06 : Side: Logix: where is everyone, havent seen anyone in a long time...
20:00:17 : Side: matsa: hola
20:00:42 : Side: Fontes: im at pustoshka
20:01:13 : Side: Logix: I have been along half the map and seen no one..
20:01:32 : Side: Logix: im just looking for people to help, trying to get that hero 3 
20:01:33 : Side: Fontes: i started this 20 mins ago and i was shot already :D
20:01:48 : Side: Fontes: probably cant help im a bambi :D
20:02:26 : Side: Logix: I can help you to find loot and to survive tho >D
20:03:06 : Side: Fontes: well i need to go in about 10 mins
20:03:15 : Side: Logix: ohh, well then its no worth >D
20:03:29 : Side: Fontes: :D
20:03:36 : Side: Fontes: maybe another time
20:03:46 : Side: Logix: just let me know if you see me on the server bro! cya 
20:03:59 : Side: Fontes: will do , bye
20:04:06 : Side: Logix: bye!
20:04:37 : Side: Logix: is it just me thats surpriced that there are no bandits on the high buildings in cherno_
20:05:20 : Side: Logix: the guy at balota airfield, u want help_
20:06:29 : Side: Logix: you in the firestation---
20:08:58 : Side: Logix: OLDspaiS just combat logged on me..
20:12:47 : Side: PzyTec: where is the action :>
20:12:59 : Side: Colin: NWA
20:13:31 : Side: PzyTec: anyone want to team up and pick me up on balota ?
20:20:31 : Side: Torello: Дно над электро сидит)
20:20:53 : Side: ICEE: chel
20:20:55 : Side: [RussianMafia]JeRaX: chelik po angliiski pishi
20:21:08 : Side: [RussianMafia]DiZZy: translitom
20:21:11 : Side: ICEE: Ne pihi na ruskom
20:21:15 : Side: [RussianMafia]DiZZy: a to pezdi dadyt
20:21:20 : Side: ICEE: Za eto ban
20:37:25 : Side: PRISMIC: near base
20:53:25 : Side: Hatter: Привет всем
20:53:47 : Side: Colin: ENGLISH PLS
20:54:10 : Side: Hatter: что?
20:54:37 : Side: LWB [SD]: English Only in side chat
20:54:47 : Side: Hatter: почему?
20:55:22 : Side: Colin: ^^
20:56:10 : Side: Hatter: ok ok english
20:56:25 : Side: Hatter: ectb russian?
20:56:45 : Side: Hatter: You have to wait 133s
21:04:06 : Side: Hatter: Have TPW?
21:05:19 : Side: Kev: yo the elite, u insterestede in buying ur one yellow key back?
21:11:27 : Side: Hatter: this server has a weapon with TPW
21:11:47 : Side: Sierra [SD]: You mean thermal?
21:12:04 : Side: Sierra [SD]: No it doesn't if you mean that
21:12:17 : Side: Hatter: Yes thermal
21:12:28 : Side: Sierra [SD]: Ok - no thermals
21:12:45 : Side: Hatter: AS50 or m107?
21:12:58 : Side: Sierra [SD]: M107 & AS50
21:13:59 : Side: Hatter: Ohhhh has m107
21:14:02 : Side: Hatter: i have it
21:24:56 : Side: Hatter: there are military vehicles tanks and helicopters wath bombs?
21:25:57 : Side: Hatter: ?
21:26:01 : Side: LWB [SD]: no, just normal stuff. a few armed helis with guns
21:26:14 : Side: Hatter: ерч
21:26:15 : Side: Hatter: thx
21:26:25 : Side: Hatter: sorry
21:26:26 : Side: [RussianMafia]DiZZy: palevo
21:26:31 : Side: [RussianMafia]JeRaX: +
21:26:36 : Side: Hatter: nemnogo
21:26:37 : Side: [IRA-CBS]: hello guys, i just got arma, how do i play
21:26:48 : Side: Ebse: wasd
21:26:52 : Side: Hatter: russian mafia 9 toje tak
21:27:00 : Side: [RussianMafia]JeRaX: ?
21:27:00 : Side: Hatter: podpishus
21:27:03 : Side: [IRA-CBS]: ty, and where are the zombies and snipers?
21:27:13 : Side: Ebse: balota ;)
21:27:15 : Side: Hatter: :D
21:27:19 : Side: [RussianMafia]DiZZy: skok chasov?
21:27:32 : Side: Hatter: 9 tol'ko 3ashel i nashel m107
21:27:38 : Side: Hatter: 5 let
21:27:38 : Side: [RussianMafia]JeRaX: fartu masti A.Y.E
21:27:44 : Side: Hatter: aye
21:27:44 : Side: LWB [SD]: English only in side Chat
21:27:51 : Side: Hatter: english
21:27:51 : Side: [RussianMafia]DiZZy: go ts
21:28:11 : Side: Hatter: Nik steam?
21:28:39 : Side: [RussianMafia]JeRaX: ?
21:28:42 : Side: [RussianMafia]JeRaX: dizzy
21:29:00 : Side: Hatter: accept
21:36:33 : Side: Sierra [SD]: Night everyone!
21:36:39 : Side: svvay: nightnight!
21:37:11 : Side: [IRA-CBS]: whats the servers policy on ira related speech?
21:37:48 : Side: LWB [SD]: ? as the Irish terrorist group?
21:38:02 : Side: svvay: lmao
21:47:44 : Side: Ebse: is there an sd teamspeak ?
21:47:51 : Side: Ebse: server ?
21:48:00 : Side: LWB [SD]: yes, press esc you can see the ip
21:48:12 : Side: Ebse: thx
21:50:47 : Side: Ebse: why does lop has an admin ban ?
21:50:52 : Side: Turmoil: i accidentally declined... plz invite again
21:51:05 : Side: LWB [SD]: Because he had a hak script detected
21:51:09 : Side: LWB [SD]: hack
21:51:21 : Side: Ebse: O.o
21:51:37 : Side: svvay: do we know Lop?
21:51:43 : Side: Ebse: no
21:52:44 : Side: Ebse: well he is my friend and he isnt hacking he just has scripts for armory
21:52:59 : Side: svvay: feels bad
21:53:00 : Side: Ebse: privat server
21:54:39 : Side: Turmoil: can you buy fuel pumps LWB? or are they rare spawn only?
21:55:20 : Side: LWB [SD]: loot find only, usually in hangars
22:21:47 : Side: [RussianMafia]JeRaX: vote night
23:15:45 : Side: Sashka: kak seif postavit
23:15:47 : Side: Sashka: bla
23:15:58 : Side: [RussianMafia]DiZZy: rukami
23:16:04 : Side: Hatter: BILOJI EGO
23:16:15 : Side: Hatter: OH CTO9TB BUDET
23:16:26 : Side: Sashka: jasno
23:16:29 : Side: Sashka: wkola
23:16:34 : Side: Sashka: van lav
23:16:38 : Side: Hatter: eee
23:16:40 : Side: Phaetta: English only in sidechat please
23:16:41 : Side: [RussianMafia]DiZZy: :*
