00:09:17 : Side: Faldehals: lol 2 presidents in town
00:09:23 : Side: M.K.: LEL
00:11:02 : Group: M.K.: got any spare cinder i could use?
00:11:04 : Group: M.K.: :P
00:12:24 : Group: M.K.: BRB
00:12:29 : Group: Arne: k
00:15:46 : Side: Faldehals: nice bike lool
00:16:05 : Side: [KRT]Uku: Thx
00:16:09 : Side: Faldehals: lol
00:16:22 : Side: Faldehals: is that the base you mean
00:20:56 : Side: Arne: an you buy hotwire kits?
00:21:03 : Side: Arne: can
00:21:11 : Side: Faldehals: nope
00:21:14 : Side: -SDS- Gowther: i dont think so
00:21:16 : Side: Faldehals: from players ja
00:21:29 : Side: -SDS- Gowther: i can sell ya 2 XD
00:21:32 : Side: Arne: got some faldehals?
00:21:41 : Side: Faldehals: not real
00:22:04 : Side: Arne: ok :)
00:24:01 : Side: Faldehals: who knows wich players go around if no one is online and destroy all they found 
00:24:22 : Side: M.K.: that weird guy
00:24:24 : Side: M.K.: ^^
00:25:01 : Side: Faldehals: thats asozial behavior
00:25:11 : Side: Arne: i dont trust that matsa guy
00:25:27 : Side: M.K.: he's fine, i bet he;s pretty new to the game
00:25:32 : Side: M.K.: met him couple of time
00:25:33 : Side: Faldehals: that 1 of the name lancer
00:25:37 : Side: M.K.: times^
00:25:43 : Side: Faldehals: saw his last night
00:25:43 : Side: Arne: matsa is fine?
00:25:49 : Side: M.K.: guess so..
00:26:14 : Side: Arne: he kamikazeed me at aireraft traDER
00:26:18 : Side: M.K.: XD
00:26:40 : Side: Arne: BUT GOT BACK AT HIM SO IT IS FINE
00:26:49 : Side: -SDS- Gowther: HAHAHAHAHAHAHA XDD nice one M.K. and arne XD
00:27:01 : Side: -SDS- Gowther: The car on the base dore... XD
00:27:03 : Side: M.K.: the weird guy again
00:27:05 : Side: M.K.: XD
00:27:14 : Side: -SDS- Gowther: This one is good! XD
00:27:35 : Side: Arne: cringe for life
00:27:41 : Side: M.K.: stop talking to me please, im gonna ignore you from now on.
00:28:21 : Side: -SDS- Gowther: Die haben halt einfach mal das fahrzeug was kein schlüssel hatte von meiner base genommen vor die tür der base gestellt
00:28:30 : Side: -SDS- Gowther: und die reifen zerschossen XDDD
00:28:42 : Side: -SDS- Gowther: Der ist echt gut den merk ich mir XD
00:29:05 : Side: Arne: wat?
00:29:21 : Side: -SDS- Gowther: Talking to faldehals :D
00:31:53 : Side: -SDS- Gowther: Can i kill myself?
00:32:21 : Side: Faldehals: jap
00:32:34 : Side: -SDS- Gowther: Wie'en?
00:33:06 : Side: -SDS- Gowther: Also erschießen meine ich
00:33:19 : Side: Faldehals: ne
00:33:30 : Side: T.J: yo arne
00:33:38 : Side: matsa: ich bien ein cancer
00:33:40 : Side: -SDS- Gowther: Scheiße
00:33:42 : Side: T.J: the guy you were trashtalking is online now
00:33:50 : Side: -SDS- Gowther: Naja dann warte ich bis morgen auf die unterstüßzung der kameraden :D
00:33:57 : Side: -SDS- Gowther: Bye :D
00:34:10 : Side: Arne: lol
00:34:17 : Side: -SDS- Gowther: cancer?
00:34:18 : Side: Faldehals: wo liegt dein problem ?
00:34:20 : Side: T.J: lmao pinlig
00:34:21 : Side: Arne: awkwaaard
00:34:22 : Side: matsa: wanna fite?
00:34:24 : Side: T.J: eller hva arne
00:34:33 : Side: Arne: meget pinligt
00:34:42 : Side: T.J: hehe xd
00:34:47 : Side: T.J: neida
00:34:53 : Side: Arne: ej det er fint. folk siger han er god nok
00:35:04 : Side: -SDS- Gowther: Hab gebrochene beine und die deppen haben ja meine base blockiert
00:35:11 : Side: -SDS- Gowther: XD
00:35:17 : Side: -SDS- Gowther: Geht die base kaputt wenn ich die karre sprenge?
00:35:18 : Side: Lancer_AUT: wer
00:35:43 : Side: Faldehals: ne schreib nur suici.. dann stirbst
00:35:43 : Side: Lancer_AUT: wirst belager
00:35:44 : Side: -SDS- Gowther: Naja M.K. und arne
00:35:45 : Side: Lancer_AUT: t
00:36:15 : Side: -SDS- Gowther: Naja belagert nicht wirklich die sind halt letztens bei uns an der base vorbei wir haben sie gekillt und ihr loot genommen
00:36:42 : Side: -SDS- Gowther: dann kamen sie die ganze zeit als bambie wieder aber wir wollten bauen deswegen haben wir sie immer und immer wieder gekillt
00:36:56 : Side: T.J: selling fuel pump
00:36:59 : Side: T.J: 7 bc
00:37:02 : Side: Faldehals: lol
00:37:04 : Side: -SDS- Gowther: jetzt haben sie ein fahrzeug vor die tür der base gestellt und die räder zerschossen
00:37:09 : Side: matsa: i offer bj
00:37:11 : Side: -SDS- Gowther: so dass ich nicht mehr rein komme
00:37:24 : Side: Faldehals: dann machse putt
00:37:24 : Side: T.J: yo stfu with ur stupid nazi language
00:37:31 : Side: M.K.: XD
00:37:35 : Side: Faldehals: hey T:J
00:37:37 : Side: -SDS- Gowther: deswegen frag ich ja ob die base kaputt geht wenn ich die karre sprenge
00:37:44 : Side: M.K.: i got all screenshoted
00:37:50 : Side: matsa: good
00:37:53 : Side: Faldehals: STFU i make a ss and show it sierra
00:37:56 : Side: M.K.: he doesnt know that is english only allowed in chat
00:37:58 : Side: M.K.: :P
00:38:11 : Side: T.J: lol
00:38:26 : Side: Faldehals: thats no reason to call someone nazi you motherfucker
00:38:36 : Side: Arne: who called you a nazi?
00:38:40 : Side: matsa: english only in sidechat!!
00:39:05 : Side: -SDS- Gowther: like he said talking a other language is no reason to call some one a nazi
00:39:20 : Side: T.J: lmao, was just some banter
00:39:23 : Side: T.J: keep it cool
00:39:31 : Side: matsa: chill
00:39:34 : Side: -SDS- Gowther: Im fine
00:39:37 : Side: T.J: yeah
00:39:44 : Side: T.J: it doesnt look like it
00:39:48 : Side: Arne: falde is a good guy,, dont call him nazi. it is a suckie move
00:39:56 : Side: T.J: roger hoss
00:40:20 : Side: -SDS- Gowther: faldehals my legs are brocken and right no i havent a gun to destroy the vehicle
00:40:31 : Side: -SDS- Gowther: right now*
00:40:49 : Side: Faldehals: i set a marker there is a safe open with free guns
00:41:00 : Side: matsa: riiiight
00:41:12 : Side: -SDS- Gowther: my legs are brocken XD
00:41:25 : Side: matsa: btw T.J is sorry, but dont get offended so easily
00:41:33 : Side: T.J: ^this
00:41:53 : Side: -SDS- Gowther: We wasnt offended but we just want to say him it wasnt cool XD
00:41:59 : Side: Faldehals: ok marker is
00:42:07 : Side: matsa: so he cool now?
00:42:07 : Side: T.J: my friend, im part german
00:42:14 : Side: T.J: my surname is Schultz
00:42:21 : Side: Faldehals: lol
00:42:24 : Side: T.J: it goes both way
00:42:32 : Side: T.J: if you get triggered, I should toow
00:42:45 : Side: T.J: see no way that its racist, just some friendly banter
00:43:05 : Side: T.J: we're men, not "feminists"
00:43:08 : Side: -SDS- Gowther: Im 8km away for your mark now i only need to roll 16km and all is done XD
00:43:09 : Side: M.K.: arne accept
00:43:10 : Side: matsa: xD
00:43:30 : Side: Lancer_AUT: sds go in group
00:43:44 : Group: -SDS- Gowther: Besser XD
00:43:57 : Group: M.K.: come here
00:44:01 : Group: Lancer_AUT: wir bringen noch waffen weg denn helf ich dir 
00:44:01 : Group: M.K.: they will come to rescue him
00:44:07 : Group: M.K.: he;s near the base somewhere
00:44:11 : Group: Arne: im in a middle of a mission :/
00:44:14 : Group: -SDS- Gowther: Beste männer
00:44:14 : Group: M.K.: fk
00:44:21 : Group: Arne: sry will hury
00:44:21 : Group: -SDS- Gowther: Habt was gut ^^
00:46:43 : Side: Faldehals: thats no joke no trap guys look if you need something maybe try the safe with 0000 maybe you can pack it
00:46:53 : Group: -SDS- Gowther: Wie macht ihr eig geld?
00:47:09 : Side: M.K.: on my way
00:47:29 : Group: Lancer_AUT: finden
00:48:24 : Group: -SDS- Gowther: Geld finden
00:48:38 : Group: -SDS- Gowther: Aus basen?
00:49:02 : Group: Faldehals: oder steine aus miningrocks
00:49:06 : Group: Lancer_AUT: jo
00:49:08 : Side: M.K.: its empty..
00:49:22 : Side: Faldehals: ?
00:49:25 : Side: M.K.: XD
00:49:30 : Side: Faldehals: you make it empty ?
00:50:01 : Side: Faldehals: i left some snipers and amo
00:50:15 : Side: Faldehals: lol
00:51:10 : Side: Faldehals: you try to pack it ?
00:51:20 : Side: Hugin: Can you build by the coast on this server?
00:51:26 : Side: matsa: yes
00:51:30 : Side: Hugin: Thanks
00:51:34 : Group: M.K.: are you done with the mission?
00:51:43 : Group: Arne: almost
00:51:43 : Group: M.K.: he will return to open his door at the base
00:51:50 : Group: Arne: 5 minW
00:51:54 : Group: M.K.: and move the vehicle
00:54:53 : Group: Arne: omw
00:55:14 : Group: Arne: in mozzie
00:57:21 : Group: M.K.: ok
00:57:30 : Group: Arne: what happened
00:57:38 : Group: M.K.: i see the little worm
00:57:48 : Group: M.K.: but im waiting for him to open the door on the base
00:57:57 : Group: M.K.: so first he;s gotta move that vehicle
00:58:13 : Group: M.K.: so he needs to get 3 wheels
00:58:16 : Group: M.K.: just come down
00:58:21 : Group: M.K.: and lets wait for him
00:58:29 : Group: M.K.: but dont make urself noticed
00:58:55 : Side: -SDS- Gowther: Do u inv me again faldehals?
01:00:27 : Side: -SDS- Gowther: Allah uakbar
01:01:14 : Group: Lancer_AUT: bist da sds
01:01:37 : Group: -SDS- Gowther: Yo
01:01:47 : Group: -SDS- Gowther: War zwar bewusstlos als ich auf en server kam
01:01:49 : Group: -SDS- Gowther: warum auch immer
01:01:55 : Group: -SDS- Gowther: aber ansonsten gehts mir gut XD
01:02:17 : Group: Lancer_AUT: hole dich jetzt 
01:02:25 : Group: -SDS- Gowther: Okee
01:02:54 : Side: -SDS- Gowther: 2 presidents...
01:03:09 : Side: matsa: which is me and my fiend
01:03:29 : Side: -SDS- Gowther: So the mission is to kill ya both? XD
01:03:40 : Side: matsa: if you manage to
01:04:05 : Side: -SDS- Gowther: Like every mission... XD
01:04:31 : Group: -SDS- Gowther: Hast oder wurdest du beschoßen?
01:05:04 : Group: Lancer_AUT: ne hab auto shoot
01:05:22 : Group: -SDS- Gowther: Lagge ich?
01:05:57 : Group: Lancer_AUT: ne 
01:06:08 : Group: -SDS- Gowther: Kann nicht einsteigen XD
01:06:19 : Group: Lancer_AUT: bist ja schon drinnen 
01:06:33 : Group: Lancer_AUT: sind gleich klen
01:09:30 : Side: matsa: i see you
01:09:48 : Side: kleme: No you dont
01:10:01 : Side: T.J: halla klemet
01:10:05 : Side: kleme: Halla man
01:20:26 : Group: Arne: is he back?
01:20:51 : Group: M.K.: ?
01:21:26 : Group: Arne: lets do some missions tomorrow
01:21:53 : Group: M.K.: sure
01:27:48 : Group: M.K.: u got ur base at green mountain?
01:27:50 : Group: M.K.: sweet
01:28:01 : Group: Arne: atually i stole it earlier
01:28:01 : Group: M.K.: i really liked that place back in the day
01:28:05 : Group: M.K.: ahahha how?
01:28:09 : Group: Arne: want to build here with me?
01:28:20 : Group: M.K.: already have a base spot :P
01:28:23 : Group: Arne: what is your relationship with masta?
01:28:26 : Group: Arne: matsa
01:28:43 : Group: M.K.: not good, i mean i know where his base is and u can get in pretty fast
01:28:56 : Group: Arne: it was his base here. or one of his mates at least
01:29:16 : Group: M.K.: get into his base and steal his plot
01:29:18 : Group: M.K.: XD
01:29:38 : Group: Arne: he was on the plot- but i like going into bases. finding the way in... when i figured  it was his i just stole it
01:29:46 : Group: M.K.: 030/086
01:29:58 : Group: Arne: made sure he ould not get it back without using alot of BC
01:30:02 : Group: M.K.: in the small barn
01:30:20 : Group: Arne: nice bro.. jjust wrote it down for tomorrow
01:30:26 : Group: M.K.: but how you deal with the locks on the door?
01:30:33 : Group: M.K.: how you remove / unlock them
01:30:49 : Group: Arne: well he had a small ladder going from the roof down. so i got in that way
01:31:01 : Group: M.K.: but if u replace the plot 
01:31:08 : Group: M.K.: can you remove the coded locks
01:31:09 : Group: Arne: i figured out where he put his plot.(it was udner the stairs in the military office building
01:31:18 : Group: M.K.: or ur stuck with the coded doors
01:31:19 : Group: Arne: behind a steal door
01:31:40 : Group: Arne: so i come up to his base with that big humwee with MK19 rounds on it
01:31:54 : Group: M.K.: ok i got that but can you remove coded doors?
01:32:01 : Group: M.K.: if u remove and replace the plot
01:32:02 : Group: M.K.: ?
01:32:07 : Group: Arne: destroyed the whole house. and there he had his plot just stiking out of the ground
01:32:28 : Group: Arne: yes if you remove plot and you set it down again, you an access the doors
01:32:37 : Group: M.K.: wow..
01:32:41 : Group: Arne: and make sure who can access them as well
01:33:03 : Group: Arne: if you can get to a plot pole, the base is yours!
01:33:12 : Group: Arne: 100%
01:33:17 : Group: M.K.: nice
01:33:36 : Group: Arne: well i have to leave.. dont tell matsa i took his base. :P
01:33:41 : Group: M.K.: okokok
01:33:43 : Group: M.K.: np
01:33:45 : Group: M.K.: bb :D
01:33:48 : Group: Arne: i want him to find out the hard way
01:33:56 : Group: Arne: see you tomorrow mate
01:33:57 : Group: M.K.: so i can take over his base?
01:34:01 : Group: M.K.: wait a sec
01:34:02 : Group: M.K.: XD
01:34:08 : Group: M.K.: what about the safes?
01:34:08 : Group: Arne: yes basically if you have a crowbar and a Etool
01:34:34 : Group: Arne: you cant get into safesm but if a safe has not been open in a while the code gets reset to 0000
01:34:40 : Group: M.K.: nice
01:34:42 : Group: M.K.: okok thanks
01:34:46 : Group: Arne: :D
01:35:01 : Group: Arne: take his base. otherwise i will tomorrow
01:35:06 : Group: M.K.: :D
01:35:09 : Group: M.K.: i will!
01:35:10 : Group: Arne: one way or the other
01:35:10 : Group: M.K.: XD
01:35:17 : Group: Arne: see ya bro!
01:35:20 : Group: Arne: :P
01:35:20 : Group: M.K.: see ya
02:03:16 : Group: -SDS- Gowther: Sry hatte internet probleme
02:03:29 : Group: -SDS- Gowther: Geht jetzt aber wieder einwand frei
02:03:44 : Group: Faldehals: ich war ma abwesend mir war schlecht
02:04:11 : Group: -SDS- Gowther: Oh ok, gehts wieder besser?q
02:04:29 : Group: Faldehals: im mom schon
02:05:10 : Group: -SDS- Gowther: Gut :)
02:05:29 : Group: -SDS- Gowther: Danke fürs nach klen bringen aber als bandit kann ich da nicht traden XD
02:06:03 : Group: Faldehals: echt jetzt lol ka ich hab dich nirgends hingebracht aber wusst ich auch net
02:06:22 : Group: -SDS- Gowther: Ich wusste es auch erst seit gestern XD
02:06:30 : Group: -SDS- Gowther: Hab seit gestern erst genug punkte
02:06:34 : Group: Faldehals: brqauchst was ich komms dir bringen bzw holen ?
02:06:42 : Group: -SDS- Gowther: Der greis auf der karte bei klen ist grün
02:06:58 : Group: -SDS- Gowther: Naja morphin halt noch
02:07:08 : Group: Faldehals: wart komm glei
02:07:59 : Group: -SDS- Gowther: Und essen wird auch langsam knapp XD
02:13:38 : Group: Faldehals: immernoch gebrochene beine ?
02:13:45 : Group: -SDS- Gowther: Ja
02:14:18 : Group: -SDS- Gowther: Ist nein name bei dir jetzt eig rot?
02:14:43 : Group: -SDS- Gowther: Danke dir :)
02:14:50 : Group: Faldehals: ka mom
02:15:05 : Group: Faldehals: ja schon
02:15:09 : Group: -SDS- Gowther: ok
02:15:37 : Group: -SDS- Gowther: Hab 2 gold hingelegt
02:15:38 : Group: Faldehals: brauuchst zeug fürn mozzie ?
02:15:42 : Group: Faldehals: lol
02:15:46 : Group: -SDS- Gowther: kaufste mir ein motorrad bitte?
02:15:55 : Group: Faldehals: kein mozzie ?
02:15:59 : Group: -SDS- Gowther: Ne
02:16:05 : Group: -SDS- Gowther: Mag das ding nicht XD
02:16:45 : Group: -SDS- Gowther: die yamaha
02:16:53 : Group: Faldehals: welches lol ? ahh kk
02:16:57 : Group: -SDS- Gowther: gold liegt hier
02:17:20 : Group: Faldehals: key is drinne
02:17:23 : Group: Faldehals: nimms
02:17:25 : Group: -SDS- Gowther: danke :)
02:17:33 : Group: Faldehals: was soll ich mit 2 gold
02:17:43 : Group: -SDS- Gowther: für das motorrad
02:17:47 : Group: Faldehals: laber nit
02:17:48 : Group: -SDS- Gowther: kostet glaube 2
02:17:50 : Group: Faldehals: hebs uff
02:18:11 : Group: -SDS- Gowther: Danke dir :)
02:18:15 : Group: Faldehals: da
02:18:18 : Group: Faldehals: nimms mit
02:18:19 : Group: -SDS- Gowther: Neeeeeee
02:18:28 : Group: -SDS- Gowther: nein sowas nicht XD
02:18:34 : Group: -SDS- Gowther: nur das nötigste XD
02:18:49 : Group: Faldehals: dann lass es liegen
02:18:54 : Group: -SDS- Gowther: Hast mir genug geholfen :D
02:19:33 : Group: Faldehals: das nur nen 10er ozen 
02:19:45 : Group: -SDS- Gowther: warte
02:19:51 : Group: -SDS- Gowther: befor du gehst
02:19:52 : Group: Faldehals: also essen das beste sind kartoffeln
02:20:09 : Group: -SDS- Gowther: kannst du mir für das gold n ketten mg kaufen?
02:20:20 : Group: -SDS- Gowther: damit ich die karre vor meiner base kaputt machen kann?
02:20:23 : Group: Faldehals: ketten mg ?
02:20:59 : Group: Faldehals: reicht glaub net dafür
02:21:11 : Group: -SDS- Gowther: da
02:22:27 : Group: Faldehals: m240 oder m249 saw dafür langts
02:22:40 : Group: Faldehals: dann hast aber keine muni
02:23:11 : Group: -SDS- Gowther: hab noch 2 gold
02:23:33 : Group: Faldehals: wasn das fürne karre die da steht ?
02:27:00 : Group: -SDS- Gowther: Kack internet
02:27:21 : Group: -SDS- Gowther: da sind noch 2 gold
02:27:26 : Group: -SDS- Gowther: solle für mag reichen
02:27:53 : Group: Faldehals: soll ich noch eins holen ?
02:28:15 : Group: -SDS- Gowther: Sollte reichen für das auto
02:28:30 : Group: -SDS- Gowther: danke dir XD
02:28:41 : Group: Faldehals: joah aber das wrack ist erst nach neustart wech
02:28:51 : Group: -SDS- Gowther: Ja ich weiß :(
02:28:51 : Group: Faldehals: also reinkommen wirst dennoch net 
02:29:03 : Group: -SDS- Gowther: Wie gesagt habt was gut
02:29:23 : Group: -SDS- Gowther: wenn euch mal einer angreift
02:29:26 : Group: -SDS- Gowther: und wir sind on
02:29:28 : Group: Faldehals: ich komm schon klar ...
02:29:42 : Group: -SDS- Gowther: sagter bescheid
02:29:56 : Group: -SDS- Gowther: Hab heute einen aus 675m ausm heli geschoßen XD
02:30:08 : Group: Faldehals: joah immer druff
02:30:32 : Group: Faldehals: spielst du mit W-Lan `?
02:30:56 : Group: -SDS- Gowther: Ja hab internet verbot XDd
02:31:15 : Group: Faldehals: aha
02:31:40 : Group: -SDS- Gowther: Ich bin 19... XD
02:31:44 : Group: -SDS- Gowther: Ich weiß was du denkst XD
02:32:02 : Group: Faldehals: nix
02:32:22 : Group: Faldehals: nur das ich schon nen alter sack bin :/
02:33:04 : Group: -SDS- Gowther: Aber irgendwie dacht ich mir das :x
02:33:23 : Group: -SDS- Gowther: Habs an der art bemerkt
02:34:09 : Side: Faldehals: guys 096/027 was a base someone knows what happen with there ?
02:34:41 : Side: kleme: i joined the server. then found c4
02:34:48 : Side: T.J: really
02:34:52 : Side: Faldehals: lol
02:35:16 : Side: Faldehals: i never found a sattlecharge here
02:35:56 : Side: Faldehals: where you found it ?
02:39:46 : Side: Tomahawwk: /vote dau
02:40:08 : Side: T.J: pussies
02:40:09 : Side: matsa: are you a pussy?
02:40:29 : Side: Tomahawwk: yea
02:40:39 : Side: Ryan: yes
02:48:28 : Side: Faldehals: was 2die4 online jesterday ?
02:48:37 : Side: T.J: he sux
02:49:06 : Side: Faldehals: thats not the answere for my question
02:49:10 : Side: T.J: idc
02:49:13 : Side: T.J: he still sux
02:49:16 : Side: T.J: thats your answer
02:49:29 : Side: matsa: you cant expect everyone to know everything 
02:49:30 : Side: Faldehals: ...
03:05:27 : Side: Faldehals: ill try out the mosin lol
03:05:37 : Side: matsa: lol hahahaha xD
03:06:22 : Side: Faldehals: ahh a chicken hehe
03:06:31 : Side: Faldehals: LOL
03:06:34 : Side: matsa: YOU ARE SO FUNNY HAHAHAHA
03:12:17 : Side: Faldehals: lol ?
03:13:17 : Side: T.J: hahaha
03:13:19 : Side: T.J: was a bit bored
03:13:21 : Side: T.J: kamikaze
03:13:30 : Side: Faldehals: i saw lol
03:13:40 : Side: T.J: lmao sick backflip
03:14:28 : Side: Faldehals: the truck is explote to
03:14:41 : Side: T.J: ohshit
03:14:51 : Side: T.J: that was not apart of the plan
03:14:53 : Side: T.J: XD
03:15:04 : Side: Faldehals: lol what was in it ?
03:15:10 : Side: T.J: cinder lmao
03:15:25 : Side: Faldehals: oh thats bad
03:15:30 : Side: T.J: feels bad m8
03:15:58 : Side: Faldehals: you kill the ai at this camp `?
03:16:05 : Side: T.J: no
03:16:30 : Side: Faldehals: the scope is bullshit at the mosin
03:16:34 : Side: T.J: XD
03:17:21 : Side: Faldehals: maybe i have some half walls if you like ?
03:17:57 : Side: T.J: thank you for the offer, but I couldnt do that ^^
03:18:24 : Side: Faldehals: why not i dont need it
03:18:43 : Side: Faldehals: lol shoot in the ass
03:19:01 : Side: T.J: lmao
03:19:14 : Side: Boosted Outlaw: nah
03:19:18 : Side: T.J: are you new to the server?
03:19:21 : Side: T.J: faldehals
03:19:27 : Side: Faldehals: not real
03:19:34 : Side: T.J: ahh
03:19:56 : Direct: Boosted Outlaw: you an admin?
03:20:01 : Side: Faldehals: maybe 1 month
03:20:06 : Side: Faldehals: bit more
03:20:13 : Direct: Boosted Outlaw: just wonderin see you on a lot
03:20:14 : Side: T.J: ahh, same here
03:20:22 : Side: Faldehals: play all time like hero
03:20:39 : Side: T.J: nice
03:20:44 : Side: T.J: i usually KOS
03:20:52 : Side: T.J: unless someone act friendly
03:22:05 : Side: Faldehals: i go look for the walls
03:22:14 : Side: T.J: really? ^^
03:22:17 : Side: Faldehals: ja
03:22:21 : Side: Faldehals: why not ?
03:22:24 : Side: T.J: danke!
03:22:25 : Side: T.J: really
03:23:26 : Side: Faldehals: lol suv ling on roof 
03:23:32 : Side: T.J: lmao
03:23:38 : Side: Faldehals: yours to ?
03:23:43 : Side: T.J: yeah xd
03:24:00 : Side: Faldehals: ahh was a mission here ?
03:24:11 : Side: T.J: yup, some vodnik
03:29:14 : Side: Faldehals: lol was like to cook but i shoot OMG
03:32:18 : Side: Faldehals: also i have 14 half walls and 15 idk mörtel lol foret the english name
03:32:53 : Side: T.J: ohshit!
03:33:03 : Side: Faldehals: you like it or not ?
03:33:15 : Side: T.J: man, I can not take it from you.. 
03:33:17 : Side: T.J: its yours ^^
03:33:32 : Side: Faldehals: i dont need it
03:33:35 : Side: Faldehals: realy
03:33:55 : Side: T.J: well sure, could you bring it here? ^^
03:34:01 : Side: Faldehals: i do
03:34:18 : Side: T.J: well, thank you so much!
03:35:01 : Side: Faldehals: i got so much stuff i donted and you have no idea how much money :)
03:35:16 : Group: -SDS- Gowther: Mein internet läuft einwandfrei
03:35:23 : Group: -SDS- Gowther: nur arma geht nicht -_-
03:35:37 : Side: T.J: hahah, damn you got to be rich
03:35:56 : Side: Faldehals: more i realy need ja
03:37:42 : Group: Faldehals: du hast als nen ping von über 7k
03:38:28 : Side: Faldehals: i go to this base you crash ok ?
03:38:49 : Side: T.J: yeah man :D
03:38:50 : Side: Faldehals: or stary ?
03:39:06 : Side: T.J: the crash base would be better, I have lost my keys hahaha
03:39:24 : Side: Faldehals: i trust you this moment
03:39:33 : Side: T.J: roger 
03:40:17 : Direct: T.J: hello
03:40:46 : Side: T.J: :OO
03:40:52 : Side: Faldehals: hehe
03:40:54 : Direct: T.J: thank you so much!!!
03:41:01 : Side: Faldehals: np
03:41:06 : Direct: T.J: i appreciate it ^^
03:41:11 : Side: Faldehals: take it is close to restart
03:41:20 : Side: Faldehals: hurry
03:41:20 : Side: T.J: alright, thank you so much!!
03:43:48 : Side: Faldehals: lol
03:45:53 : Side: Faldehals: what happen ?
03:50:43 : Group: T.J: /
03:51:00 : Side: Faldehals: and you loose it or safe it befor you die ?
03:51:05 : Side: T.J: i safed it
03:51:13 : Side: Faldehals: lol
03:51:16 : Side: T.J: but was making bitch sounds
03:51:18 : Side: T.J: so kms
03:51:21 : Side: freedom: whats up matsa
03:51:44 : Side: matsa: just chilling, you? :)
03:52:04 : Side: freedom: same bro kids finally went to bed
03:52:24 : Side: matsa: :D
04:02:55 : Direct: freedom: hey there
04:04:21 : Direct: Faldehals: hi
04:09:14 : Side: Faldehals: lol mines around the mission
04:09:50 : Side: matsa: what mission?
04:10:02 : Side: Faldehals: near the novy camp
04:10:13 : Side: matsa: ahh
04:10:48 : Side: Faldehals: WOHOOO
04:10:50 : Side: Faldehals: lol
04:19:01 : Side: Faldehals: someone around here at this mission cause i see a empty can ?
04:25:42 : Side: Faldehals: k guys i kill 6 of it cant see more cause trees in the way and i go of now hf gl
04:33:38 : Side: matsa: you guys doing missions?
04:40:46 : Side: freedom: can you not harvest wood with axe?
04:41:15 : Side: matsa: yes
04:41:27 : Side: freedom: not getting the option to do so hmm
04:41:38 : Side: matsa: you need to hit it
04:41:56 : Side: freedom: lol ohh others i played was a click option
04:42:10 : Side: matsa: :P
04:42:35 : Side: freedom: ohh man this is way more fun thanks lol!!
04:42:43 : Side: matsa: np
04:42:55 : Side: freedom: alot more wood too
04:43:09 : Side: matsa: easier tho
04:43:20 : Side: freedom: yeah 
04:43:51 : Side: matsa: if you use a chainsaw i think it creates lumber instantly so you dont need to craft it?
04:44:08 : Side: freedom: that be nice 
04:44:54 : Side: freedom: a guy named arne was asking about you today
04:45:05 : Side: matsa: ye?
04:46:22 : Side: freedom: asked how good of a guy you were in side i respond said a good one that you helped me out he said you killed him at trade with heli
04:46:41 : Side: freedom: said dont sound like you 
04:47:05 : Side: freedom: said happened last night but i was on at time he said it happend 
04:47:21 : Side: matsa: he stole my heli that i was gonna sell so i crashed into him
04:47:41 : Side: matsa: didnt know there was a trader there xD
04:47:44 : Side: freedom: well now thats a diff story then he told i dont blame you lol
04:48:01 : Side: matsa: xD
09:06:03 : Side: PRISMIC: HI
09:06:41 : Side: PRISMIC: i see u in that plain 
09:06:50 : Side: PRISMIC: lol dw  im  friendly
10:32:40 : Side: yavvs: hello patriks
10:32:50 : Side: Patriks: sup
10:33:11 : Side: matsa: jjoinn
10:33:52 : Side: matsa: join so we dont accidentally kill each other
10:34:24 : Side: Patriks: sorry what? 
10:34:28 : Side: Patriks: didnt read
10:34:40 : Side: matsa: join our group
10:34:59 : Side: Patriks: yore 2 guys?
10:35:02 : Side: Patriks: youre*
10:35:06 : Side: matsa: ye
10:35:15 : Side: Patriks: do u have a base?
10:35:25 : Side: Patriks: im looking for a group to play with
10:35:42 : Side: matsa: join so we know not to kill each other
10:35:48 : Side: matsa: xD
10:36:14 : Side: matsa: we can do some missions if you'd like to
10:36:24 : Side: Patriks: give me a min
10:40:04 : Side: Patriks: that didnt go as planned :D
10:41:59 : Side: Patriks: ;eave somethign for me too :D
10:42:04 : Side: yavvs: okay 
10:42:37 : Side: Patriks: u have a base?
10:44:59 : Side: matsa: patrik you mf join the group
10:45:14 : Side: Patriks: u have a teamspeak or smt?
10:45:44 : Side: matsa: group channel :D
10:46:28 : Side: Patriks: u communicate just through game?
10:46:34 : Side: matsa: yea
10:46:39 : Side: yavvs: basiclly
10:47:52 : Side: Patriks: i guess i can but not today as im logging off, gotta go play some poker :D
10:48:01 : Side: yavvs: lmao happy winning
10:48:26 : Side: Patriks: will try, gonna just sell my suvb
11:05:20 : Side: Patriks: gl guys
11:05:23 : Side: yavvs: ty
11:05:37 : Side: Patriks: byw
11:05:38 : Side: Patriks: btw
11:05:52 : Side: Patriks: how much supplies are in a ikea convoy?
11:06:27 : Side: matsa: it depends
11:06:37 : Side: Patriks: well how much was in this one?
11:06:52 : Side: Patriks: how many cinders and buckets for example?
11:07:01 : Side: yavvs: 10 cinder/mortar
11:07:15 : Side: Patriks: oke, ty, bye
11:07:23 : Side: yavvs: yeha man
11:07:29 : Side: yavvs: cya
11:09:29 : Group: Turmoil: sorry that was me
11:15:32 : Group: PRISMIC: any spare building  suplies ?
11:15:47 : Group: PRISMIC: like 1/4 floors
11:16:13 : Group: Turmoil: im building my own base at some other place so i cant really give away what i have, i need it
11:16:35 : Group: PRISMIC: kk
11:16:43 : Group: Turmoil: to much action for me up here, lol
11:16:52 : Group: Turmoil: oh time to log
11:52:38 : Side: Turmoil: hey sierra ^
11:52:46 : Side: Sierra [SD]: hiya :)
11:53:13 : Side: Sierra [SD]: Everything alright?
11:53:19 : Side: Turmoil: yep ^^
11:53:25 : Side: matsa: can you come delete some shit?
11:54:16 : Side: Sierra [SD]: good :) - not right now sorry matsa
12:04:48 : Group: matsa: kan man bruke hotwire kit på dører
12:04:57 : Group: yavvs: jeg vet itje
12:05:00 : Group: yavvs: trur det
12:05:10 : Group: yavvs: vent ska sjekke
12:06:29 : Group: yavvs: nei funker ikke på dører
12:06:35 : Group: matsa: :/
12:06:40 : Group: yavvs: D:
12:07:15 : Side: Turmoil: sierra?
12:08:57 : Side: [NG2] Jesse: sierra at mission?
12:16:16 : Side: Sierra [SD]: Hey sorry was afk, what's up?
12:17:05 : Side: Turmoil: was just some random shooting
12:17:28 : Side: Turmoil: tought maybe you were hiding in the bushes
12:19:04 : Side: Sierra [SD]: ah - prob the ai wasnt it?
12:19:11 : Side: Turmoil: yeah
12:21:03 : Side: 2DIE4: matsa
12:21:08 : Side: 2DIE4: im coming  =)
12:22:10 : Side: 2DIE4: u here?
12:22:17 : Side: matsa: where?
12:22:29 : Side: 2DIE4:  our lil place  =)
12:22:57 : Side: yavvs: lmao
12:23:50 : Side: matsa: the barn?
12:24:01 : Side: 2DIE4: ;-)
12:24:09 : Side: 2DIE4:  u made good bank didnt u?!  
12:24:31 : Side: matsa: ??
12:25:01 : Side: 2DIE4:  is that u?
12:25:16 : Side: matsa: yeah
12:25:26 : Side: 2DIE4:  ok  
12:25:31 : Side: 2DIE4:  ill stop shooting
12:25:45 : Side: 2DIE4:   all closed
12:26:52 : Side: 2DIE4: u goin 4 the mission?
13:05:02 : Side: matsa: arne ka du?
13:05:08 : Side: Arne: what?
13:05:27 : Side: matsa: føck
13:05:33 : Side: Arne: whats up friend?
13:05:52 : Side: matsa: what are you doing
13:05:58 : Side: Arne: what do you mean?
13:06:13 : Side: matsa: its a simple question...
13:06:17 : Side: yavvs: lmao
13:06:46 : Side: Arne: i am playing a game on my pc? can you be more detailed in your simple question friend
13:07:29 : Group: yavvs: narcisst
13:07:34 : Group: yavvs: narcissist
13:07:43 : Side: matsa: stop being a narcissist fag
13:07:51 : Side: Arne: ??
13:08:01 : Side: Arne: are you mad because i am defending my base?
13:08:04 : Side: Turmoil: stop using such words in chat
13:08:12 : Side: matsa: yours?
13:08:15 : Side: Arne: yes?
13:08:29 : Side: matsa: how did you get plot pole??
13:09:04 : Side: matsa: did you glitch into it??
13:09:09 : Side: Arne: no
13:09:19 : Side: matsa: how did you get it then?
13:09:26 : Side: matsa: theres no other way
13:09:34 : Side: Arne: haha yes there was
13:09:55 : Side: Arne: just need some good old exlosives
13:09:59 : Side: Arne: explosives
13:10:01 : Side: matsa: riiight
13:10:18 : Side: Arne: dont be mad.. at least i didnt kamikazee a dude in a trade zone 
13:10:38 : Side: matsa: lmao
13:10:40 : Side: Arne: this is my revenge. and it feels juuuust right
13:11:03 : Side: Turmoil: sierra, you flying? :D
13:11:55 : Side: Arne: thank you tho. it is a good location and didnt really want to build all that stuff myself
13:13:09 : Side: Arne: come and get soem!
13:15:52 : Side: Arne: i gotta hurry because i need to go off in 5 minuts
13:16:10 : Side: Arne: i mean you gotta hurry
13:19:21 : Side: Arne: thank you come again
13:20:41 : Side: 2DIE4: matsa lemme guess... he captured your base wich was on 
13:20:51 : Side: 2DIE4: green mauntain?!
13:20:59 : Side: Arne: yep
13:21:02 : Side: 2DIE4: *mountain sry
13:22:00 : Side: Arne: yeah you best role out 
13:22:06 : Side: Arne: this is arnes land
13:22:18 : Side: Arne: lil sniper dude
13:22:21 : Side: 2DIE4: z bet not  =)
13:22:28 : Side: Arne: got 
13:22:40 : Side: Arne: try me punk
13:22:56 : Side: 2DIE4:   lol what u shootin with ?  i scared the shit outta u with a DMR  = )
13:23:03 : Side: Arne: dmr
13:25:06 : Side: yavvs: rekt
13:26:22 : Side: Arne: nice job.. hard being one guys against a squad.. gg
13:26:32 : Side: yavvs: squad? im a lone wolf
13:26:40 : Side: yavvs: 1v1 
13:26:42 : Side: Arne:  gotta go. good luck trying to take the plot.. i am sure you will figrue it out
13:26:48 : Side: 2DIE4:  were not in a squad and therefore its arnes land  he poked you in the ass pretty bad 
13:27:04 : Side: 2DIE4:  yavis get his stuff =9 
13:27:17 : Side: Arne: :) well a chopper, plane, mozzie and a sniper hardly seems like a 1v1. 
13:27:34 : Side: Arne: anyways.. i really have to go.. see you guys later
13:27:38 : Side: yavvs: lmao, rekt
13:27:40 : Side: 2DIE4: ok mate
13:27:41 : Side: yavvs: had to leave 
13:27:41 : Group: PRISMIC: can u come here in a min ?
13:28:04 : Group: [NG2] Jesse: why ?
13:28:12 : Group: Turmoil: im busy crafting cinder walls atm 
13:28:28 : Group: PRISMIC: okay ill wait
13:29:25 : Group: PRISMIC: your funny
13:30:33 : Group: PRISMIC: im wanking
13:30:56 : Side: 2DIE4: yavvs liar  XD  u in a squad with lemme guess.. matsa  XD
13:31:09 : Side: yavvs: nope, just cooperated before
13:31:15 : Side: Turmoil: hes not with us, so yeah xD
13:31:29 : Side: 2DIE4:  u still in the squad and matsa just landet on his old thing  XD
13:32:01 : Side: yavvs: if the owner of a squad creates a group with users leaving, the group will still remain 
13:32:06 : Side: yavvs: so no, ur statement is false
13:32:25 : Side: 2DIE4:  well its buggy sometiimes so might be right doesnt matter though =) 
13:32:46 : Side: yavvs: :p
13:34:51 : Side: [NG2] Jesse: is there a bug that keys will disapere in lockboxes? 
13:35:04 : Side: 2DIE4: sometimes ... happend to me too 
13:35:06 : Side: matsa: yes
13:35:09 : Side: 2DIE4:  make  acopy
13:35:47 : Side: [NG2] Jesse: whut!,.. its the second time the key dgoas away after restart!! 
13:36:23 : Side: 2DIE4: put it in a safe but make a copy
13:36:44 : Side: [NG2] Jesse: use safeboxes for al the keys ^^ 
13:37:01 : Side: [NG2] Jesse: damn it! 
13:37:02 : Side: yavvs: safes
13:37:10 : Side: yavvs: wtf is a safebox xd
13:37:21 : Side: [NG2] Jesse: lockbox i mean,..
13:37:25 : Side: yavvs: ah
13:37:27 : Side: 2DIE4:  its  a mixture between a safe and a lockbox
13:37:34 : Side: 2DIE4: XD
13:37:35 : Side: [NG2] Jesse: haha
13:37:36 : Side: Turmoil: which contains vodka
13:37:36 : Side: yavvs: xd
13:37:40 : Side: 2DIE4:  good 
13:37:50 : Side: Turmoil: or no.. hes dutch, so it will contain Berenburg
13:37:53 : Side: yavvs: lol are you guys even legal?
13:38:28 : Side: 2DIE4:  i  guess with 41 years  XD
13:38:33 : Side: [NG2] Jesse: but now i lost my heli again!@!@!
13:38:41 : Side: 2DIE4:  hotwire it 
13:38:47 : Side: 2DIE4:  at least u can sell it
13:38:47 : Side: yavvs: you sure the lockbox is not full
13:38:49 : Side: Turmoil: well, im 27 so i guess im legal as well then
13:38:51 : Side: [NG2] Jesse: i dont have 
13:38:59 : Side: yavvs: and by that I mean the weaponslots
13:39:15 : Side: [NG2] Jesse: no its was a empty one.. 
13:39:25 : Side: Turmoil: he played the game long enough to know that he shouldnt put stuff in a full box xD
13:39:33 : Side: [NG2] Jesse: ;) 
13:39:47 : Side: yavvs: s
13:39:51 : Side: [NG2] Jesse: damn! . so anyoning :( and sad.. 
13:40:21 : Side: [NG2] Jesse: sierra you here?
13:40:42 : Side: 2DIE4:  u know where to find hotwires right?!
13:40:50 : Side: [NG2] Jesse: missions? 
13:41:00 : Side: 2DIE4:  broke down ural missions
13:41:05 : Side: 2DIE4:  and presidents 
13:41:31 : Side: 2DIE4:  or majors
13:41:32 : Side: [NG2] Jesse: yea itss. . i can do that or i buy a new one :P 
13:44:53 : Side: 2DIE4: what happendß
13:45:00 : Side: matsa: bug
13:45:11 : Side: 2DIE4:  ???ß what kinda bug explodes?
13:45:30 : Side: matsa: flied over a telephone line
13:45:40 : Side: 2DIE4:  its not a  bug dude u ran into it 
13:45:46 : Side: matsa: no i didnt
13:45:48 : Side: 2DIE4:  they really work   XD  
13:46:07 : Side: 2DIE4:   u did .. just by flying OVER them u wont explode
13:46:22 : Side: 2DIE4:    happend to me b4  a thousand times
13:46:31 : Side: matsa: didnt even touch it
13:46:34 : Side: matsa: so...
13:46:40 : Side: 2DIE4:  the game sais other  XD
13:46:47 : Side: 2DIE4:  later guys
13:46:51 : Side: matsa: so does shadowplay
13:58:42 : Side: M.K.: sierra, after how much time does a safe resets it's code ?
13:58:50 : Side: [NG2] Jesse: haha
13:58:52 : Side: Sierra [SD]: 7 days
13:58:54 : Side: M.K.: ty
13:59:01 : Side: Sierra [SD]: np
13:59:21 : Direct: Sierra [SD]: lololol
13:59:24 : Direct: Sierra [SD]: xD
13:59:31 : Direct: [NG2] Jesse: hi
14:00:14 : Direct: Sierra [SD]: hi :)
14:00:35 : Direct: [NG2] Jesse: my key is gone after restart.. \
14:00:49 : Direct: Sierra [SD]: yeah I heard
14:00:52 : Direct: [NG2] Jesse: i left it in a lockbox and its gone.. 
14:01:31 : Direct: Sierra [SD]: Not really supposed to give keys out, usually people have to find a hotwire kit, but I will give you on this time because I dont think you have asked 
14:01:33 : Direct: Sierra [SD]: b4
14:01:41 : Side: M.K.: isnt glitching your way into bases bannable?
14:01:51 : Direct: [NG2] Jesse: ooh thats realy nice.! 
14:01:52 : Side: Sierra [SD]: yes
14:01:53 : Side: M.K.: i forgot to ask you the other day?
14:01:56 : Side: M.K.: ok
14:02:02 : Side: M.K.: good.
14:02:07 : Direct: [NG2] Jesse: its the heli on the roof of the big boat!
14:02:14 : Side: Sierra [SD]: proof is needed though of course
14:02:33 : Direct: Sierra [SD]: ok will do that 1st & then I will get you the build box
14:02:41 : Side: M.K.: well if there is no other way of getting into it how else could it be
14:02:54 : Side: Sierra [SD]: doors being left open
14:03:03 : Side: M.K.: but you can see that on the logs
14:03:15 : Side: Sierra [SD]: not always no
14:04:07 : Side: M.K.: this can be sketchy
14:04:32 : Direct: Sierra [SD]: there
14:04:37 : Side: M.K.: so in other words if the owner of the base doesnt have proof that u glitched ur not in trouble..
14:04:40 : Side: M.K.: and thats bs
14:04:42 : Direct: [NG2] Jesse: ooh wow your my hero!! 
14:04:44 : Side: M.K.: tbh
14:04:46 : Direct: Sierra [SD]: righty :D - you want the box here?
14:04:49 : Direct: Turmoil: can it be placed inside?
14:04:51 : Side: M.K.: :(
14:04:54 : Direct: Sierra [SD]: think so
14:04:59 : Direct: Turmoil: lets try that xD
14:05:07 : Direct: Turmoil: safer that way
14:05:10 : Side: Rhys: but otherwise any could say someone broke in... 
14:05:21 : Side: M.K.: what?
14:05:40 : Side: M.K.: no im just saying
14:05:44 : Direct: Sierra [SD]: can get to it ok?
14:05:52 : Side: M.K.: dont get me wrong
14:05:52 : Direct: Turmoil: yes thank you :D
14:06:19 : Direct: Sierra [SD]: cool np :)
14:06:40 : Side: M.K.: after the restart the doors lock themselves right?
14:06:59 : Direct: Sierra [SD]: and you are welcome Jesse - sorry I'm keeping an eye on what M.K is saying too.
14:07:00 : Side: M.K.: okok
14:08:12 : Side: M.K.: so if someone is far away from his base and restart happens, and until he is home the base gets taken over and there is no other possible way but
14:08:20 : Side: M.K.: he has no proof to show because he wasnt home
14:08:25 : Side: M.K.: :D
14:08:26 : Side: matsa: did it say i combat logged?
14:08:29 : Side: M.K.: nope
14:08:32 : Side: Rhys: yes
14:08:47 : Side: Rhys: it said player mtsa combat logged 
14:08:49 : Side: matsa: shot an ai and internet went out 
14:08:54 : Direct: Sierra [SD]: you guys need anything else?
14:09:08 : Side: Rhys: thtas what I meant....
14:09:13 : Side: matsa: shitty internet because of a storm here
14:09:19 : Direct: Turmoil: is there any way to move all items into safe insted of one and one item?
14:09:36 : Direct: Sierra [SD]: not that I am aware of
14:09:44 : Direct: Sierra [SD]: would be nice if there was though :P
14:09:47 : Side: M.K.: okok i thought ur logs can prove it, that he didnt enter any code / open any doors to get into the base
14:09:49 : Direct: Turmoil: yeah xD
14:09:51 : Side: M.K.: but i may be wrong
14:10:07 : Side: M.K.: im just trying to understand how the system works
14:10:08 : Side: M.K.: thanks:P
14:10:23 : Direct: Turmoil: some walking required, but thats no problem xD
14:10:36 : Direct: Sierra [SD]: xD
14:10:39 : Side: M.K.: okok ty :)
14:10:44 : Side: Turmoil: HEY OLD MAN!
14:10:49 : Side: Turmoil: ooops caps
14:11:06 : Direct: Sierra [SD]: okies well I am going to head off - catch you later :)
14:11:14 : Direct: Turmoil: cya later, thanks :)
14:11:18 : Side: PRISMIC: un mute me
14:11:19 : Direct: Sierra [SD]: ill still stay in game if you need anything for a while.
14:11:28 : Direct: Sierra [SD]: np c u later :)
14:11:42 : Direct: Sierra [SD]: see you later jesse :) - have fun!
14:11:54 : Direct: [NG2] Jesse: THANKS!
14:11:54 : Side: PRISMIC: un mute me !!
14:12:14 : Direct: Sierra [SD]: np! :)
14:12:21 : Side: Turmoil: Fix your mic then xD
14:13:47 : Side: M.K.: sierra tp to me for a sec
14:13:52 : Side: M.K.: if u dont have anything to do
14:16:44 : Side: M.K.: u there?
14:19:12 : Side: M.K.: lwb, is placing a safe on top of the plot to hide it allowed?
14:19:23 : Side: Turmoil: no it is not
14:19:26 : Side: -NFG- Nero: cant even pick up plots can u?
14:19:31 : Side: Turmoil: yes you can
14:19:34 : Side: -NFG- Nero: ive tried 3 and all were un able to pick up
14:19:45 : Side: Turmoil: have to have a toolbox and crowbar i think
14:19:50 : Side: M.K.: yes
14:20:07 : Side: M.K.: but i seen a couple of bases that done the safe thing to hide it
14:20:23 : Side: Turmoil: wasnt allowed earlier at least
14:23:09 : Side: M.K.: if u can come to me you will see why did i ask lwb/sierra
14:23:17 : Side: M.K.: :P
14:23:38 : Side: M.K.: okok
14:30:57 : Side: matsa: taking my base back :)
14:34:33 : Side: M.K.: what is the fastest way to increase humanity?
14:34:43 : Side: Turmoil: bandit missions
14:34:43 : Side: matsa: be good
14:34:50 : Side: M.K.: XD
14:34:53 : Side: Turmoil: and behave like a good buy
14:34:56 : Side: Turmoil: boy**
14:34:57 : Side: [NG2] Jesse: do missions
14:35:02 : Side: M.K.: ok thanks
14:35:05 : Side: M.K.: :)
14:35:30 : Side: [NG2] Jesse: or heal ppl who loses some blood
14:37:09 : Side: matsa: admin just in case Arne starts complaining, i did not glitch into the base
14:37:48 : Side: 2DIE4:  got it taped?
14:37:57 : Side: 2DIE4:  best way to prove
14:38:10 : Side: yavvs: lmao, no proof that he glitched so nah
14:40:03 : Side: 2DIE4:  im almost hero  =)
14:40:08 : Side: Turmoil: ....
14:40:21 : Side: 2DIE4:  just 166K to go XD
14:40:28 : Side: Turmoil: yeah was about to say that xD
14:41:06 : Side: [NG2] Jesse: haha! its you dram to became a hero 2die4? 
14:41:10 : Side: [NG2] Jesse: dream*
14:41:36 : Side: 2DIE4:  eversince  =) 
14:42:40 : Direct: Sierra [SD]: you got your toolbox?
14:42:55 : Direct: Turmoil: i removed it... but now i cant place it again, to many items apparently :(
14:42:59 : Direct: Sierra [SD]: oh
14:43:11 : Direct: Sierra [SD]: yeah you will have to get rid of one prob then
14:43:12 : Direct: Turmoil: if you want you can help me delete the crates and gunracks here xD except the two racks on the right side 
14:43:29 : Direct: Turmoil: but your probably still at work
14:43:46 : Direct: Sierra [SD]: yup ok - no its ok - I am here so might as well, then I am going
14:43:51 : Direct: Turmoil: still gets to many items within 100m 
14:44:21 : Direct: Sierra [SD]: all these except the two by you
14:44:22 : Direct: Turmoil: thats weird, im not over the 200 limit yet i think
14:44:31 : Direct: Turmoil: except these two yeah
14:44:41 : Direct: Turmoil: two gun racks on right side has to stay, rest can go
14:44:47 : Direct: Sierra [SD]: ok no gear in?
14:44:59 : Direct: Turmoil: not any of value at least :)
14:46:13 : Direct: Turmoil: weeeeird, still says to many items within 100m :O im SURE im not over the limit now :(
14:46:48 : Direct: Sierra [SD]: hmm - I'm not sure - will tell LWB but he is indisposed atm
14:46:57 : Side: matsa: badman¨
14:46:58 : Side: yavvs: badmin
14:47:09 : Direct: Turmoil: alrighty... how long will the base stand without plot pole tho? anyone can remove stuff right?
14:47:50 : Direct: Sierra [SD]: It wont all of a sudden dissapear but I think people can get in etc
14:47:56 : Direct: Turmoil: yeah
14:48:27 : Direct: Turmoil: they can also remove walls etc... so i might be screwed now xD
14:49:21 : Direct: Sierra [SD]: have you tried relogging?
14:49:38 : Direct: Turmoil: i can try
14:49:48 : Direct: Sierra [SD]: well it does sometimes work
14:49:55 : Direct: Turmoil: zombies are glitching in now when i dont have the plot pole
14:50:05 : Direct: Sierra [SD]: ill wait here for you 
14:50:12 : Direct: Turmoil: aborting now
14:50:15 : Direct: Sierra [SD]: ok
14:50:23 : Direct: Turmoil: damn zombies
14:53:35 : Direct: Turmoil: same message
14:53:57 : Direct: Sierra [SD]: hmm I am not sure then
14:54:13 : Direct: Turmoil: ill remove some bag fences
14:54:33 : Direct: Sierra [SD]: ok - I've told LWB so as soon as he can he will come look
14:54:40 : Direct: Turmoil: nice :) 
14:55:12 : Direct: Sierra [SD]: I dont have any way of counting the amount of items or anything from here
14:55:35 : Direct: Sierra [SD]: its strange though because I wouldnt have thought you could build more than 200
14:55:39 : Direct: Sierra [SD]: that is the whole point
14:55:42 : Direct: Turmoil: ill get Jesse to try and place a plot pole
14:56:03 : Direct: Sierra [SD]: ok then - anyway I have got to log now - but I will catch up with you later
14:59:56 : Direct: LWB [SD]: boo
15:00:12 : Direct: Turmoil: hey m
15:00:19 : Direct: [NG2] Jesse: hi
15:00:19 : Direct: LWB [SD]: hey
15:00:29 : Direct: LWB [SD]: whats up with pole then?
15:00:35 : Direct: Turmoil: jesse managed to place a plot pole inside there... but i cant place for some reason
15:01:08 : Direct: LWB [SD]: 139 items it says for me
15:01:28 : Direct: Turmoil: 185 for me xD
15:01:32 : Direct: LWB [SD]: maybe it counts your safes
15:01:36 : Direct: LWB [SD]: for you but not me
15:01:53 : Direct: LWB [SD]: and doors maybe
15:02:02 : Direct: Turmoil: perhaos
15:02:14 : Direct: Turmoil: will these items still count in? boundry ends here
15:02:36 : Direct: LWB [SD]: not sure
15:02:45 : Direct: Turmoil: ill try and pick it up and replace it 
15:02:52 : Direct: Turmoil: so its mine again and not jesse
15:03:29 : Direct: Turmoil: can you remove it? ill get another one from my safe... you can just delete the pole i guess
15:03:36 : Direct: Turmoil: i dont get the option to remove
15:03:57 : Direct: LWB [SD]: crowbar broke ;/
15:04:22 : Direct: Turmoil: you need to buy quality tools :D
15:04:29 : Direct: LWB [SD]: cant get it
15:04:38 : Direct: LWB [SD]: got it
15:04:42 : Direct: Turmoil: good job
15:05:02 : Direct: Turmoil: ill try and place my own pole downstairs in saftey 
15:06:02 : Side: yavvs: admin, hacker here!!
15:06:10 : Direct: Turmoil: is this legal?
15:06:13 : Direct: LWB [SD]: yeah
15:06:16 : Side: 2DIE4: ????
15:06:18 : Side: LWB [SD]: ???
15:06:32 : Direct: Turmoil: now it works! :D
15:06:33 : Side: Hailstorm: ???
15:06:39 : Side: yavvs: Dimon2004
15:06:41 : Side: -NFG- Nero: hacker where?
15:06:42 : Direct: Turmoil: hank you very much sir
15:06:49 : Side: LWB [SD]: why do you think that
15:06:55 : Side: 2DIE4:  maybe he logged out where u shot him?
15:07:07 : Side: Agressor2002: yeah
15:07:14 : Side: Agressor2002: he my fried
15:07:36 : Side: yavvs: well, he suddenly appears inside my base(saferoom), as of the base is in full lockdown
15:07:42 : Direct: LWB [SD]: 194 items now
15:07:47 : Side: LWB [SD]: he logged out..
15:07:51 : Direct: Turmoil: as long as its not inside anything... its ok?
15:07:53 : Side: LWB [SD]: thats not hacking
15:08:07 : Direct: LWB [SD]: yep
15:08:22 : Direct: Turmoil: so i can place a doorway with a locked door infront and thats legal? :D
15:08:27 : Direct: LWB [SD]: yep
15:08:32 : Side: yavvs: what I'm saying, is that he ported inside my saferoom, where my plot is, to then remove it
15:08:34 : Direct: Turmoil: nice, extra security ;);
15:08:39 : Side: yavvs: doesn't that seem sketchy for you?
15:08:47 : Side: LWB [SD]: i doubt that
15:08:51 : Side: LWB [SD]: gltched in maybe
15:09:17 : Side: 2DIE4:  check if its the same IP as arnes  =) 
15:09:24 : Side: 2DIE4:  ID
15:09:28 : Side: yavvs: ait bro
15:09:45 : Direct: Turmoil: thank you very much again LWB, lifesaver 
15:10:00 : Direct: Turmoil: gonna lock everything up now and take a break, Therese just came home from work so
15:10:08 : Direct: LWB [SD]: okies
15:10:27 : Side: [NG2] Jesse: mateu how did you get killed
15:10:38 : Direct: Turmoil: still here?
15:10:39 : Side: [NG2] Jesse: ?
15:10:45 : Direct: LWB [SD]: yep
15:10:47 : Side: 2DIE4: wasnt me
15:10:54 : Direct: Turmoil: i have key in toolbelt but cant lock heli? 
15:11:05 : Direct: Turmoil: thats weird
15:11:21 : Direct: LWB [SD]: says it non lockable
15:11:28 : Direct: Turmoil: o.O
15:11:49 : Direct: Turmoil: thats the key for it, in your backpack
15:12:11 : Direct: LWB [SD]: its got no id, so key wont work, its a mission veh essentially
15:12:25 : Direct: LWB [SD]: where is it from
15:12:37 : Direct: Turmoil: Sierra lended it to me last night so i could fly back here
15:12:51 : Direct: Turmoil: worked fine with the key all day
15:13:17 : Direct: LWB [SD]: kinda weird
15:13:28 : Direct: Turmoil: maybe sierra duped it? :O
15:13:43 : Direct: LWB [SD]: you must have some wierd heli destroying aura
15:13:54 : Direct: Turmoil: yeah helis hate me for some reason
15:14:15 : Direct: LWB [SD]: ill get you another
15:14:25 : Direct: Turmoil: ill probably destroy that too xD lol
15:14:33 : Direct: LWB [SD]: wants the guns from it?
15:15:22 : Direct: Turmoil: looking for something? xD
15:15:26 : Direct: LWB [SD]: ill go over there so it doesnt blow up
15:16:42 : Direct: LWB [SD]: go sell that one i guess
15:16:47 : Direct: Turmoil: roger that sir
15:17:03 : Direct: Turmoil: what was the code again? the safebox, i closed down TS 
15:17:03 : Direct: LWB [SD]: right back to hacker watch :D
15:17:09 : Direct: LWB [SD]: oh green66
15:17:12 : Direct: Turmoil: roger
15:17:24 : Direct: Turmoil: thank you
15:17:27 : Direct: LWB [SD]: np
15:17:29 : Direct: Turmoil: might end up buying you another beer
15:17:33 : Direct: LWB [SD]: :D
15:17:46 : Direct: Turmoil: ill get my mozzie parts and fly down and sell it then
15:17:53 : Direct: Turmoil: HAHAHAHA AGAIN!!!
15:18:00 : Direct: LWB [SD]: how????
15:18:00 : Direct: Turmoil: killed himself several times today
15:18:04 : Direct: LWB [SD]: why??
15:18:16 : Direct: LWB [SD]: just tired of the world
15:18:24 : Direct: Turmoil: he places stuff, and if it hits you while placing it, it will knock you into the walls and you die
15:18:32 : Direct: LWB [SD]: :D
15:18:51 : Direct: Turmoil: well, go get the hackers, ill sell the heli and get back on later :)
15:18:57 : Direct: LWB [SD]: okies
15:20:05 : Group: Turmoil: do not shoot the black hawk outside your base prismic, its mine
15:20:47 : Group: Turmoil: Jesse?
15:20:53 : Group: [NG2] Jesse: yeah?
15:21:01 : Group: Turmoil: is longsleeves still on TS?
15:21:06 : Side: -NFG- Nero: anyone selling an m107?
15:21:08 : Group: [NG2] Jesse: not no
15:21:16 : Side: -NFG- Nero: ill give you 4 sea bass and a  camp fire
15:21:16 : Group: [NG2] Jesse: now he is
15:21:23 : Side: 2DIE4:  yap trader = ) 
15:21:29 : Side: Hailstorm: deal XP
15:21:31 : Side: 2DIE4:  lol 
15:21:32 : Side: -NFG- Nero: overpriced lol
15:21:37 : Group: Turmoil: tell him lockbox is green 66
15:21:38 : Side: -NFG- Nero: they want like 6bc for it
15:21:40 : Side: 2DIE4:  XD
15:21:44 : Side: -NFG- Nero: dmr is better value
15:21:50 : Side: Hailstorm: whats the price at bandit???
15:21:53 : Side: -NFG- Nero: 6bc
15:22:08 : Side: -NFG- Nero: that new gun is 8 and id rather try that
15:22:24 : Side: 2DIE4:  u mean the ANZIO?
15:22:28 : Side: -NFG- Nero: ye
15:22:32 : Side: -NFG- Nero: looks v cool
15:22:34 : Side: Hailstorm: i like that gun :)
15:22:39 : Side: 2DIE4:  its a  3 rnd 20mm vulcan rifle
15:22:44 : Side: -NFG- Nero: id rly like to shoot my team mates in the face with it
15:22:44 : Group: [NG2] Jesse: why you not on ts
15:22:55 : Side: 2DIE4:   its not only the gun   but ammo is like  OUCH!
15:22:56 : Side: Hailstorm: you can shoot 2 with one shot
15:22:58 : Group: PRISMIC: HES WANKING
15:23:10 : Side: Hailstorm: but the third is save behind them
15:23:24 : Side: -NFG- Nero: ksvk/lapua has the coolest sound i know
15:23:25 : Group: Turmoil: TS crashed and im about to logg off anyways so ÅÅ
15:23:27 : Side: Hailstorm: we try it
15:23:54 : Group: [NG2] Jesse: oke ^^
15:24:47 : Group: Turmoil: just tell longsleeves green 66 for lockbox so he get his heli back ^^
15:30:50 : Group: PRISMIC: turmoil have any spare locks need 2 ?
15:30:54 : Side: 2DIE4: punk staay off that mission
15:31:02 : Side: -NFG- Jaeger: jesus literally everyone is getting kills with m107 rn
15:31:04 : Group: Turmoil: just got one, gonna use it on my tower ^^
15:31:25 : Group: Turmoil: did you get the message longsleeves?
15:32:04 : Group: Sir LongSleeves: what message
15:32:08 : Group: Turmoil: green 66
15:32:20 : Group: Sir LongSleeves: ok thnx
15:32:44 : Side: 2DIE4: whats funny is i didnt have him on the scan
15:32:58 : Side: 2DIE4:  he was there all of a sudden and got into the chopper 
15:34:06 : Side: -NFG- Jaeger: can you remove other peoples plot poles on this server?
15:34:14 : Side: 2DIE4: yap
15:34:15 : Side: Turmoil: yes
15:34:18 : Side: -NFG- Jaeger: alright ty
15:34:21 : Side: 2DIE4:  u can destroy them 
15:35:16 : Side: 2DIE4: lol that katyusha guy quickly left
15:35:28 : Side: 2DIE4:  almost hero now  XD
15:36:46 : Group: Turmoil: well im off guys, ill be back on later today... cya
15:37:07 : Group: PRISMIC: see ya
15:45:00 : Side: M.K.: You have to wait 55s
15:45:03 : Side: M.K.: dafuq
15:51:40 : Side: M.K.: whats the comb for when the lockbox resets?
15:51:53 : Side: 2DIE4: b99
15:51:55 : Side: LWB [SD]: 10000
15:52:12 : Side: M.K.: ty
15:54:07 : Side: [KRT]Uku: Okei my neighbours are not friendly
16:27:41 : Side: Hailstorm: WHAT, build a safe and the combination is 0000, bullshit...
16:28:04 : Side: yavvs: xd
16:33:59 : Side: yavvs: REKT
16:35:05 : Side: 2DIE4:  that wasnt nice
16:42:08 : Side: 2DIE4:  rekt
16:57:12 : Side: matsa: why do you always try to steal my base_
16:57:54 : Side: freedom: whos that?
17:00:09 : Side: Faldehals: jo ho
17:03:03 : Side: 2DIE4: hi pook  =)
17:03:25 : Side: 2DIE4:  hi other pook
17:03:43 : Side: Faldehals: ?
17:12:32 : Side: 2DIE4: yavvs at least i got my revenge  XD
17:12:35 : Side: 2DIE4:   gg
17:12:43 : Side: yavvs: proud? :Dd
17:13:07 : Side: 2DIE4:  should have picked another weapon though then yall 3 would have been 6 feet under
17:13:18 : Side: yavvs: hahahaha
17:13:20 : Side: yavvs: ritew
17:13:27 : Side: yavvs: like all the other times you tried
17:13:40 : Side: 2DIE4:  lol how many times did i try?
17:13:43 : Side: yavvs: btw, you should practice on your flying
17:13:49 : Side: yavvs: you seem to struggled
17:14:30 : Side: yavvs: your just garbage, you have to face it
17:14:30 : Side: 2DIE4:  well keeping two  in focus is hard   but the 3rd came in thats when i had to leave cuz he seemed to angle me
17:14:40 : Side: yavvs: hahaha
17:14:43 : Side: 2DIE4:    you must speak of yaself
17:14:45 : Side: yavvs: my friends were offline
17:14:54 : Side: yavvs: just as you passed over
17:14:57 : Side: yavvs: after the restart
17:15:02 : Side: 2DIE4:   sure thats y ther wa 3 ppl at the busses and the fuel truck 
17:15:04 : Side: yavvs: you didnt even have a chance to circle
17:15:26 : Side: matsa: no wonder you dont have any friends
17:15:31 : Side: yavvs: lmao rekt
17:15:36 : Side: 2DIE4:   whatever sore looser
17:15:39 : Side: freedom: lmao
17:15:43 : Side: yavvs: loser*
17:15:49 : Side: yavvs: l2write
17:16:03 : Side: nutzer: so triggered
17:16:22 : Side: yavvs: lol who the fuck r u xd
17:31:56 : Side: 2DIE4:  anybody enjoy the loot at versesnik crash BH    AI should be gone 
17:39:39 : Side: Faldehals: m2 out
17:39:45 : Side: Oskar: Matsa hello !)
17:39:57 : Side: Oskar: AS50 with TPW allowed here ?
17:40:00 : Side: matsa: hello :D
17:40:03 : Side: 2DIE4: ope 
17:40:14 : Side: Oskar: ?
17:40:21 : Side: 2DIE4: nope
17:40:38 : Side: Oskar: as50 standart ?
17:41:18 : Side: 2DIE4: what do u mean allowed? 
17:41:24 : Side: 2DIE4:  want to spawn some in?
17:41:42 : Side: Faldehals: guy at house i see nothing more you ?
17:42:27 : Side: Faldehals: k i dont need anithing
17:42:31 : Side: Faldehals: y
17:49:52 : Side: 2DIE4: ill go prepare some dinner ... happy looting all 
17:49:57 : Side: yavvs: kk
17:50:21 : Side: 2DIE4:  dude .. pls .. dont take all this personal or  too serious.. .its a game  .
17:50:35 : Side: matsa: ??
17:50:36 : Side: yavvs: bro, its me as a person to be care
17:50:42 : Side: 2DIE4:  i saw the chopper crash is still not lootet
17:50:45 : Side: yavvs: no offence, im kind to you
17:51:00 : Side: 2DIE4:   XD    
17:51:17 : Side: 2DIE4:  later  =)
17:51:23 : Side: yavvs: yeah, later buddy
17:53:47 : Group: yavvs: yo font!
17:53:48 : Group: matsa: gsegs
17:53:54 : Group: Fontes: you guys !
17:53:57 : Group: Fontes: Yoo *
17:53:58 : Group: yavvs: hey bro!
17:54:13 : Group: yavvs: we've built since last night :D
17:54:19 : Group: Fontes: loll
17:54:31 : Group: Fontes: nice :D
17:55:25 : Group: yavvs: fucking gr8 xd
17:56:09 : Group: Fontes: can someone put me on the door ?
17:56:28 : Group: yavvs: sure, give me a min
17:58:19 : Group: Fontes: lol im glitched
17:59:31 : Group: Fontes: my body is stuck
17:59:33 : Group: Fontes: keeps aiming
18:00:40 : Group: Fontes: fuck cant abort lol
18:03:09 : Group: Fontes: can you ad me to the door ?
18:03:26 : Group: Fontes: the one above
18:03:53 : Group: Fontes: thnx
18:04:23 : Group: Fontes: so you guys built the base at night ?
18:04:29 : Group: Fontes: dont you have to go to school ? :D
18:04:37 : Group: yavvs: yeah lal
18:04:38 : Group: yavvs: xD
18:04:45 : Group: yavvs: we have alot of spare time
18:04:47 : Group: yavvs: :D
18:04:50 : Group: Fontes: lol wish i had
18:04:58 : Group: yavvs: hehe
18:05:03 : Group: yavvs: isnt it hard running a business?
18:05:24 : Group: Fontes: mwah i have help from another man who has his own business
18:05:30 : Group: Fontes: but its a lot of work yeah
18:05:35 : Group: Fontes: pays good tho :D
18:06:03 : Group: yavvs: damn :D
18:07:13 : Group: Fontes: but im not a good learner
18:07:18 : Group: Fontes: so school was a no go for me
18:07:26 : Group: yavvs: ahh i see
18:07:35 : Group: yavvs: like as in economics?
18:07:58 : Group: Fontes: no just everything
18:08:11 : Group: Fontes: i cant concentrate if im sitting behind a desk
18:08:30 : Group: yavvs: hahaha :D
18:09:44 : Group: Fontes: anything i can do ?
18:11:37 : Group: Fontes: you have a spare save left?
18:11:49 : Group: yavvs: yeah, you want a lockbox? ^^
18:12:11 : Group: Fontes: thnx
18:12:14 : Group: yavvs: wait
18:12:15 : Group: yavvs: here
18:12:22 : Group: Fontes: you already moved everything from old basE?
18:12:30 : Group: yavvs: yup
18:12:39 : Group: Fontes: my gear`s still there :D
18:12:45 : Group: yavvs: hahaha :S
18:12:48 : Group: yavvs: you got to go get it
18:12:56 : Group: Fontes: yeah gonna do 
18:13:28 : Group: Fontes: oops
18:13:32 : Group: yavvs: XD
18:13:53 : Group: Fontes: no man
18:13:58 : Group: Fontes: there is one outside the base
18:14:23 : Group: Fontes: overthere
18:14:33 : Group: Fontes: yep
18:14:36 : Group: Fontes: outside the crate
18:17:17 : Group: Fontes: DONT KNOW MAN
18:17:17 : Group: yavvs: JUST CAMP HIM
18:17:46 : Group: Fontes: kill him?
18:18:27 : Side: Oskar: matsa, sorry bro, i don`t know tha this is you
18:19:45 : Side: matsa: WHY U KILL?
18:19:56 : Group: yavvs: Fontes!! :D
18:19:58 : Group: yavvs: nice job
18:20:03 : Group: Fontes: get rekt lol :D
18:20:15 : Group: yavvs: haha :D
18:21:09 : Side: Oskar: skared, because you have bandit skin
18:21:18 : Side: Oskar: and shoot first
18:21:31 : Side: Fontes: lawl
18:21:49 : Side: Oskar: lat ve take my loot back and i live this area
18:21:57 : Side: Oskar: let me
18:22:59 : Group: yavvs: hey fontes
18:23:04 : Group: yavvs: just build like a room or w/e
18:23:08 : Group: yavvs: so you're protected XD
18:23:12 : Side: Oskar: so you returt my as50 ?
18:23:14 : Group: yavvs: if you feel liek it
18:23:36 : Group: Fontes: oskar wants his as50 back lol
18:23:43 : Group: yavvs: lmaaao
18:24:10 : Side: Oskar: so ?
18:24:21 : Side: Fontes: sure
18:24:47 : Side: Fontes: i just shot you because you went prone in the grass ready to shoot
18:24:57 : Side: Oskar: ok, im flyin to you
18:25:11 : Side: Oskar: yeah, stupid situation )
18:25:46 : Group: Fontes: dont shoot hem tho :D
18:26:00 : Group: Fontes: lol hehe
18:26:03 : Group: yavvs: D:
18:26:17 : Side: matsa: payback :D
18:27:39 : Group: yavvs: anyone got a cinder?
18:28:23 : Side: yavvs: sorry oscar
18:28:42 : Side: Oskar: guys, it was your biggest mistake
18:28:51 : Side: yavvs: why
18:28:54 : Side: matsa: sorry
18:29:10 : Side: Oskar: it is late
18:29:16 : Side: yavvs: wat
18:29:19 : Side: yavvs: kurwa
18:29:38 : Side: Oskar: shca budet myaso
18:29:45 : Side: Oskar: zdite
18:29:56 : Side: Fontes: wit
18:30:00 : Side: matsa: do we know each other oskar?
18:30:03 : Side: Fontes: met paarse stippen
18:30:31 : Side: Oskar: i dont know this guys
18:31:04 : Group: Fontes: anyone want to help me get my gear from old base?
18:31:04 : Side: Oskar: but i have a lot of money, and it will be hot in there area
18:31:17 : Side: yavvs: hahaha bring it on
18:31:29 : Side: Oskar: wait wait
18:36:13 : Group: Fontes: nice
18:36:28 : Group: Fontes: you want to go and get my gear from old base?
18:38:15 : Group: Fontes: lol
18:38:22 : Group: Fontes: they both got kicked
18:38:26 : Group: matsa: :D
18:38:27 : Group: yavvs: :DDD
18:38:30 : Side: yavvs: thank you..
18:38:31 : Group: Fontes: leonardo i shot 
18:39:14 : Group: Fontes: wich car can i borrow ?
18:39:25 : Group: yavvs: whichever is open :D
18:40:07 : Group: Fontes: ah server restart
18:40:10 : Group: Fontes: i`ll wait
18:40:11 : Group: yavvs: ahh
18:40:12 : Group: yavvs: oki
18:43:17 : Group: Fontes: fucking loud mate
18:43:27 : Group: yavvs: :D
18:43:53 : Group: Fontes: well i like the dmr more tho
18:44:43 : Group: Fontes: where he going :D
18:45:46 : Group: Fontes: see ya in a bit
18:45:50 : Group: yavvs: yeah :D
19:03:05 : Side: -SDS- Gowther: AI nice idea but u should change your name before admin notice
19:03:35 : Side: AI: i not understand
19:03:48 : Side: -SDS- Gowther: change your name i dont think this is allowed
19:04:07 : Side: Fontes: AI is a used name 
19:04:13 : Side: AI: why not allowed, is not bad word
19:04:36 : Side: AI: is my name letters is all
19:12:13 : Direct: Joshuaa: its me
19:12:29 : Direct: Joshuaa: inv me to group plzz
19:13:32 : Side: Joshuaa: matsa or font could someone inv me to group?
19:13:50 : Group: Joshuaa: hey guys
19:13:54 : Group: Fontes: hey man
19:14:13 : Group: Joshuaa: you getting your stuff fontes?
19:14:19 : Group: Fontes: yea
19:14:35 : Group: Fontes: cant fit everything in the car tho :D
19:14:46 : Group: Joshuaa: yo patrick, we still being attacked?
19:15:04 : Group: Patrick: ahah nope ^^
19:15:12 : Group: Joshuaa: ah good man xD
19:17:48 : Group: Joshuaa: IM COMING FONT
19:17:50 : Group: Joshuaa: woops
19:18:01 : Group: Fontes: im almost back man
19:18:05 : Group: Fontes: then you come with me
19:18:09 : Group: Joshuaa: sweet
19:19:18 : Group: Fontes: josh can you open front gate
19:19:27 : Group: Joshuaa: eye scan failed wtf
19:19:36 : Group: Joshuaa: i cant dude
19:20:04 : Group: Joshuaa: could you add me to doors please
19:20:08 : Group: Fontes: sure
19:20:19 : Group: Joshuaa: shit sottu
19:20:21 : Group: Joshuaa: sorry
19:20:25 : Group: Fontes: wtf man haha
19:20:34 : Group: Joshuaa: i moved my mouse and my finger slipped
19:20:47 : Group: Fontes: can you help me empty it ?
19:20:59 : Group: Fontes: put it in these lockboxes
19:21:01 : Group: Joshuaa: which safe?
19:21:05 : Group: Joshuaa: oh ok
19:21:08 : Group: Fontes: sniper on the left
19:21:13 : Group: Fontes: other guns on the right one
19:21:17 : Group: Fontes: middle is for other shit 
19:23:17 : Group: Joshuaa: ammo in middle?
19:23:21 : Group: Joshuaa: or with guns
19:23:25 : Group: Fontes: with guns
19:23:52 : Group: Patrick: /kill
19:24:01 : Group: Joshuaa: 7 ammo slots left in this one
19:24:09 : Group: Fontes: :D
19:24:16 : Group: Fontes: got to buy some saves
19:24:21 : Group: Fontes: but still aint got my money back
19:24:59 : Group: Joshuaa: you fancy missions soon?
19:25:10 : Group: Fontes: still some gear at the old base
19:25:12 : Group: Fontes: sure man
19:25:18 : Group: Joshuaa: yeah lets go to base
19:26:35 : Group: Joshuaa: 2 mins
19:27:38 : Group: Joshuaa: ok lets go font
19:28:58 : Group: Fontes: need help mats?
19:29:34 : Group: matsa: just fuckin around
19:32:44 : Group: Joshuaa: well my safe is floating haha
19:32:49 : Group: Fontes: :D
19:33:06 : Group: Joshuaa: you want a dmr?
19:33:14 : Group: Fontes: already have 3
19:33:15 : Group: Fontes: :D
19:33:54 : Group: Joshuaa: fuck im gonna have to come back again haha
19:34:03 : Group: Fontes: so much stuff?
19:34:11 : Group: Joshuaa: yep
19:34:35 : Group: Joshuaa: ive got mine on my body
19:38:45 : Group: Joshuaa: black hawk crash after this?
19:38:53 : Group: Fontes: sure
19:43:23 : Group: Joshuaa: mission font?
19:43:31 : Group: Fontes: unload my stuff
19:44:00 : Group: Joshuaa: locked
19:44:02 : Group: Fontes: put the rest in the save
19:45:08 : Group: Joshuaa: done
19:45:14 : Group: Fontes: ive got silenced sniper
19:45:16 : Group: Fontes: take it ?
19:45:24 : Group: Joshuaa: yeah ok man
19:46:05 : Group: Joshuaa: you got a spare one?
19:46:11 : Group: Fontes: sniper ?
19:46:13 : Group: matsa: cya guys
19:46:16 : Group: Joshuaa: silenced?
19:46:17 : Group: Fontes: bye man
19:46:20 : Group: Joshuaa: bey matsa
19:46:21 : Group: Fontes: not silenced
19:46:23 : Group: matsa: remember to lock everything 
19:46:26 : Group: Joshuaa: ok it fine
19:46:34 : Group: matsa: :)
19:47:17 : Group: Fontes: ready man
19:47:21 : Group: Joshuaa: same
19:47:42 : Group: Fontes: wich one ?
19:47:53 : Group: Joshuaa: black hawk
19:48:07 : Group: Fontes: can you drive ?
19:48:10 : Group: Fontes: need to pee real quick
19:51:32 : Group: Joshuaa: we need trees
19:51:43 : Group: Fontes: from here?
19:52:02 : Group: Fontes: it will be quick tho
19:52:07 : Group: Joshuaa: go to bushes behind it
19:52:34 : Group: Joshuaa: here might be alright
19:53:27 : Group: Joshuaa: not many
19:53:31 : Group: Fontes: 5?
19:53:52 : Group: Joshuaa: dead player
19:53:58 : Group: Fontes: i see ye
19:54:03 : Group: Fontes: it was patrick i tink
19:54:18 : Group: Joshuaa: you ready?
19:54:21 : Group: Fontes: how do you zero?
19:54:30 : Group: Joshuaa: page up/down
19:54:41 : Group: Fontes: ready
19:54:46 : Group: Joshuaa: you take left side
19:56:40 : Group: Joshuaa: all down?
19:56:52 : Group: Joshuaa: got him
19:57:16 : Group: Joshuaa: anymore?
19:57:27 : Group: Fontes: dont think man
19:57:36 : Group: Joshuaa: take zombies
19:58:19 : Group: Joshuaa: shots
19:58:27 : Group: Joshuaa: or was that ou?
19:58:28 : Group: Fontes: when
19:58:31 : Group: Joshuaa: shooting zombie?
19:58:34 : Group: Fontes: yep
19:58:38 : Group: Joshuaa: ah ok haha
19:59:00 : Group: Fontes: il go with car
20:00:40 : Group: Joshuaa: bad loot 
20:02:11 : Group: Joshuaa: im ready dude
20:02:38 : Group: Joshuaa: another one?
20:02:56 : Group: Joshuaa: i heard
20:03:06 : Group: Joshuaa: sounded like pistol
20:04:47 : Group: Fontes: think i`ll be leaving man
20:04:58 : Group: Joshuaa: you going off.
20:05:00 : Group: Joshuaa: ?
20:05:04 : Group: Fontes: yep
20:05:07 : Group: Joshuaa: ok man
20:05:13 : Group: Fontes: tired :D
20:05:17 : Group: Joshuaa: same haha
20:06:01 : Group: Joshuaa: going now?
20:06:16 : Group: Fontes: 5 mins
20:06:41 : Group: Joshuaa: could you add me to this door -lz
20:06:44 : Group: Joshuaa: plz
20:06:48 : Group: Fontes: sure
20:07:26 : Group: Fontes: added you to all man
20:07:35 : Group: Joshuaa: thanks, gotta repair my heli
20:09:22 : Group: Joshuaa: cya man
20:09:40 : Group: Fontes: bye man :)
20:42:12 : Side: Ming Wu: How do i combine bars?
20:42:42 : Side: ImWithStuPiD: in trader
20:44:49 : Group: Hailstorm: glück gehbat
20:45:17 : Group: Winans: er kommt wieder
20:45:31 : Group: Hailstorm: das böse kommt immer wieder
20:45:37 : Group: Hailstorm: das dumme auch
20:45:47 : Group: victorKS-BR: ACER PERA TEM NEGO ATIRANDO PERTO DE MIN
20:45:52 : Group: victorKS-BR: E MATO O CARA
20:46:09 : Group: acer: eta
20:46:22 : Group: Hailstorm: waisch
20:46:28 : Group: Hailstorm: wöisch
20:46:29 : Group: victorKS-BR: TO COM MEDO
20:46:29 : Group: victorKS-BR: AA
20:46:38 : Group: Winans: wegen?
20:46:47 : Group: Winans: er ist aufm server
20:46:47 : Group: Hailstorm: hhuuuuuuu
20:47:22 : Group: acer: vou ai com minha macarov pra fazer eles chorarem
20:47:29 : Group: victorKS-BR: kk blz
20:47:32 : Group: victorKS-BR: te do cover
20:48:05 : Group: victorKS-BR: to vendo 2 corpo ali 
20:48:09 : Group: victorKS-BR: mosrtos perto da base
20:48:31 : Group: victorKS-BR: acer conto com vc quando chegar aki kk
20:48:42 : Group: acer: ok
20:51:31 : Group: acer: que arma que vc ta?
20:51:35 : Group: victorKS-BR: lapua
20:51:38 : Group: victorKS-BR: to vendo um cara
20:51:48 : Group: victorKS-BR: so que ele sempre pega cover de min aff
20:54:43 : Side: Turmoil: if you help out some more victor ill give you a briefcase
20:56:52 : Side: Turmoil: Victor?
21:00:53 : Side: Hailstorm: are there nps helis
21:01:16 : Side: Coburn: *NPCs
21:01:26 : Side: ImWithStuPiD: at missions sometimes
21:04:16 : Group: -SDS- Gowther: Moin
21:04:23 : Group: Faldehals: joah
21:06:28 : Side: Faldehals: hey digu how much ai you kill in this camp ?
21:07:00 : Side: Faldehals: i got the one who kill you come to get your body
21:07:07 : Vehicle: Hailstorm: dann kann er fishen helfen
21:07:17 : Side: Digupherbones: me?
21:07:22 : Side: Faldehals: ya you
21:07:40 : Side: Digupherbones: i haven't killed any of the ai there
21:08:19 : Side: Faldehals: ohh mkay they was near the barn im in also 2 more i think there around
21:08:39 : Side: Turmoil: SDS guys? what do you want? 
21:08:48 : Side: Digupherbones: yeah there will be 2 more around.
21:09:24 : Group: wft: acer vc e muito rato cara kk
21:09:25 : Side: Faldehals: if you come ill try to cover you the ai is at the street
21:09:38 : Side: Faldehals: near your body
21:09:43 : Group: wft: nao escreve nada so vem
21:09:50 : Side: Digupherbones: ah ok - not coming back but cheers
21:09:50 : Group: wft: para nao te atrapalhar
21:10:33 : Side: Faldehals: realy not ok i dont kill you im hero
21:11:14 : Side: Digupherbones: thanks but spawned elsewhere - nothing worthwhile on my body
21:11:16 : Group: acer: acho que peguei a chave dela
21:11:30 : Side: Faldehals: but the ai has a coyote bp
21:11:46 : Group: wft: ns sera
21:11:50 : Group: wft: kk q e uma suv armored
21:11:55 : Group: acer: sim
21:12:00 : Group: wft: mesmo se tu nao tivesse pegado
21:12:03 : Group: wft: nois faz trap
21:12:08 : Group: wft: deixa no campo aberto e esonde
21:12:14 : Group: wft: esconde e mata os cara quando chegar
21:13:08 : Group: wft: vo ver onde ta meus lugazinho de guarda loot
21:13:13 : Group: wft: ai te levo la e vc se equipa
21:13:26 : Group: acer: tem ate muniçao de lança granadas
21:13:44 : Group: wft: wft
21:13:48 : Group: wft: q lança granda?
21:13:59 : Group: acer: de um hamve 
21:14:08 : Group: wft: se ta trazendo 2 carro?
21:14:13 : Group: acer: so 1
21:14:17 : Group: wft: ue
21:14:20 : Group: acer: a muniçao e pra um hamve
21:14:24 : Group: wft: a ta
21:14:26 : Group: wft: :)
21:15:27 : Group: wft: acer vc e muito foda cara q isso tipo tinha nego la?
21:15:36 : Group: acer: sim
21:15:41 : Group: acer: eu to os pes dele
21:15:47 : Group: wft: ue
21:15:57 : Group: acer: eu vi*
21:16:06 : Group: wft: kkk
21:16:41 : Side: -SDS- Gowther: Anyone got my SUV, just asking... than i dont need to search it XD
21:16:49 : Group: wft: tem q ver se essa chave e dele se nao
21:16:54 : Side: acer: Thanks 
21:16:55 : Group: wft: os cara ta cinhando ai ja
21:16:58 : Group: wft: kk
21:16:59 : Side: Winans: sold it
21:17:03 : Group: wft: se nao os cara ve onde tamos
21:17:07 : Side: -SDS- Gowther: Ok XD
21:17:11 : Group: Faldehals: nen amored ?
21:17:16 : Group: -SDS- Gowther: Ja :Dww
21:17:26 : Group: Faldehals: woher hattest den ?
21:17:31 : Group: Faldehals: sach net gekauft
21:17:32 : Group: -SDS- Gowther: Mission
21:17:35 : Side: acer: Thank you for the SUV
21:17:47 : Group: acer: kkkkkkkkkkkkkkkkkkkkkkkkkkkkkk
21:17:47 : Group: Faldehals: warum hast du den dann net verkauft ?
21:17:47 : Side: -SDS- Gowther: Already said np XD
21:17:56 : Group: wft: os cara ta chorando namoral kk
21:18:08 : Group: wft: ns achei q era vc
21:18:09 : Group: wft: kk
21:18:10 : Group: -SDS- Gowther: Bin bandit und kein hero
21:18:24 : Group: -SDS- Gowther: Und meine kollegen haben nicht genug hero punkte
21:18:34 : Group: acer: ele ta aonde eu marquei
21:19:09 : Group: Faldehals: willst ne m14 cco ?
21:19:12 : Group: acer: nao e
21:19:20 : Group: -SDS- Gowther: Hab dmr
21:19:32 : Group: Faldehals: ok dan verkauf ich mir liegt das ding net
21:19:53 : Group: acer: aqui?
21:24:42 : Group: acer: ta aberta ainda
21:24:53 : Group: acer: sim
21:25:06 : Group: acer: ou era de uma missao
21:25:23 : Group: acer: ok
21:25:38 : Vehicle: Hailstorm: es ist wieder da
21:25:47 : Vehicle: Winans: :D
21:25:49 : Group: acer: eu nao sei como ele nao me vio
21:27:32 : Group: acer: e uma base ali?
21:28:05 : Group: acer: olha dnv
21:29:00 : Group: acer: zumbis
21:29:09 : Group: acer: na base ali
21:29:20 : Group: acer: sim
21:29:55 : Group: acer: vou ter que sair umpouco
21:30:13 : Group: acer: diriji ai
21:36:22 : Group: acer: volteu
21:36:27 : Group: wft: kk vc fico no driver
21:36:33 : Group: wft: ai subi aki para te proteger
21:39:30 : Group: acer: vc tem muniçao de sa 58?
21:39:51 : Group: acer: vc tem gps?
21:40:00 : Group: acer: rastreia essa chave
21:41:11 : Group: acer: nao sei
21:41:36 : Group: acer: quer que eu va verificar o merlin?
21:41:45 : Group: acer: so de macarov
21:43:40 : Group: acer: e agora?
21:44:34 : Group: acer: to sem toolbox
21:45:21 : Side: Faldehals: thats better
21:45:32 : Group: acer: sim
21:52:14 : Vehicle: Hailstorm: jetzt kauft der erstmal irgendeinen scheiß
21:52:44 : Vehicle: Hailstorm: idiot
21:52:57 : Vehicle: Winans: wie immer
21:52:59 : Vehicle: Winans: klassiker
21:57:04 : Group: Dell: n
21:58:18 : Group: Dell: jogava
21:58:30 : Group: Dell: arena 3
21:59:01 : Group: Dell: ue
21:59:58 : Group: Dell: eta
22:01:00 : Group: Dell: o dono dele saio
22:01:30 : Group: Dell: essa suv era pra ser melhor
22:02:28 : Group: Dell: era pra andar a 30
22:02:40 : Group: Dell: base
22:03:50 : Group: Dell: kkkkkkkkk
22:04:56 : Side: Dell: admin?
22:05:42 : Side: Dell: My friend died for no reason
22:05:53 : Side: Faldehals: lol sierra i have a present for you !
22:06:11 : Side: Faldehals: a special HE dilldo :)
22:06:37 : Side: Turmoil: mmmm dildos
22:06:43 : Side: Faldehals: lol
22:06:46 : Side: [NG2] Jesse: ok
22:07:11 : Side: Faldehals: i found a rocket at a barack not in safe also normal loot
22:07:53 : Side: Faldehals: if i found one more you have toi give me a louncher :)
22:08:48 : Side: Faldehals: its the same like the other 2 you saw
22:09:51 : Side: Faldehals: is a plotpole destroyable ?
22:09:58 : Side: Hailstorm: yes
22:10:05 : Side: Faldehals: k
22:10:06 : Side: [NG2] Jesse: you can remove it
22:10:15 : Side: [NG2] Jesse: everybody cans
22:10:17 : Side: Faldehals: not remove i mean realy destroy
22:10:17 : Side: Hailstorm: or you can claim the plot and the whole base
22:10:32 : Side: Hailstorm: yes both
22:10:39 : Side: Faldehals: kk
22:41:33 : Side: Turmoil: Falde? you shooting?
22:41:42 : Side: Faldehals: nope im fishing
22:41:49 : Side: [NG2] Jesse: hihi oke ^^ 
22:41:54 : Side: Turmoil: okay, AI then i guess, we are heroes btw also ^^
22:41:58 : Side: Turmoil: both me and Jesse
22:42:00 : Side: [NG2] Jesse: your also  a hero i heard? 
22:42:24 : Side: Faldehals: jap 14442+ atm you ?
22:42:35 : Side: [NG2] Jesse: 11745
22:42:51 : Side: Turmoil: was 30600 but now 27k becouse of the SDS guys attacked my base
22:43:53 : Side: Faldehals: what is the different with the lvl heros you can change at spawn ?
22:43:54 : Side: Turmoil: working on getting to 35k and hero lvl 5
22:44:21 : Side: Turmoil: 1 and 2 is revolver, 3 is G36 SD and 4 is M24
22:44:30 : Side: Faldehals: i have a acu bp with my lvl atm 
22:44:32 : Side: Faldehals: aha
22:44:34 : Side: Turmoil: 5 is ghillie, dmr, backpack etc
22:44:39 : Side: Faldehals: same at bandit ?
22:44:48 : Side: Turmoil: not sure, never tried xD
22:44:55 : Side: Faldehals: same here
22:46:38 : Group: Turmoil: welcome to the hero group :D
22:46:45 : Side: Faldehals: :)
22:47:09 : Group: Faldehals: cooking fish lol
22:47:21 : Group: Turmoil: gonna try and do the mission, my heli got shot to pieces tho
22:48:02 : Group: Faldehals: go klen first sell the fishes its good money
22:52:33 : Group: Faldehals: 1,9bc for fishes lol
22:56:21 : Group: Faldehals: look for other gun
23:00:46 : Group: Faldehals: lol gpk in the woods not locket
23:02:34 : Group: Faldehals: gpk its a m2 gun aon it ?
23:03:01 : Group: Turmoil: not sure
23:03:37 : Group: Faldehals: damn no m2 ammo only he 
23:03:42 : Group: Turmoil: do you have engine parts Falde?
23:03:54 : Group: Faldehals: ja
23:04:08 : Group: [NG2] Jesse: are you our neigber? 
23:04:19 : Group: Turmoil: my base is down by the dam
23:04:31 : Group: Faldehals: i have stuff at this barn here
23:04:38 : Group: [NG2] Jesse: my base is the big boat in the water at the dam ^^ 
23:04:52 : Group: Turmoil: and i have the one on the side of the dam, towards you ^^
23:05:03 : Group: Turmoil: and the third base is Prismic, he is stupid ^^
23:05:08 : Group: Faldehals: lol ther was a base near here but there is nothing more and idk wich base it was
23:05:20 : Group: Turmoil: that was koffiepot, he got banned for duping items
23:05:26 : Group: Faldehals: lol
23:05:52 : Group: Faldehals: for what you need engineparts ?
23:06:02 : Group: Turmoil: my helicopter got shot by M2 machinegun AI 
23:06:12 : Group: Faldehals: i come
23:06:41 : Group: Turmoil: expensive heli so i dont wanna lose it xD
23:07:39 : Group: Faldehals: crashsite at your way
23:07:50 : Group: Turmoil: yeah we saw it on the way here
23:08:06 : Group: Faldehals: and not the gpk ?
23:08:56 : Group: [NG2] Jesse: gpk is  using like the pkbelt, right? 
23:09:05 : Group: Faldehals: no
23:09:14 : Group: Turmoil: dhsmk ?
23:09:20 : Group: Faldehals: m2 i think
23:09:26 : Group: Turmoil: ah
23:09:59 : Group: Turmoil: mozzie to the rescue :D
23:10:27 : Group: Turmoil: thank you very much!! :)
23:10:28 : Group: Faldehals: i go for the gpk to sell 
23:10:32 : Group: Faldehals: yw
23:10:34 : Group: Turmoil: alright ^^
23:14:15 : Group: Turmoil: hello down there ^^
23:14:30 : Group: Faldehals: crap
23:14:34 : Group: Turmoil: locked?
23:14:45 : Group: Faldehals: crassite
23:16:30 : Group: Faldehals: m2 ja
23:23:00 : Group: Faldehals: oi 3 bc
23:23:19 : Group: Turmoil: nice
23:24:29 : Group: Faldehals: also a anzio i know now but the next i like to try the AA with he amo
23:25:58 : Group: Faldehals: bad position this bandit base i dont like it
23:28:07 : Side: Turmoil: KZEE
23:28:55 : Side: Turmoil: dont come here and steal the stuff when we killed the AI 
23:29:53 : Side: [NG2] Jesse: kazee talk!!
23:29:57 : Side: Turmoil: answer
23:30:14 : Side: Turmoil: answer and we let you go man...
23:30:34 : Group: Faldehals: lol
23:30:43 : Side: Turmoil: that was a fair warning at least... 
23:30:47 : Group: [NG2] Jesse: sry man he was pointing gun to me11
23:30:50 : Group: Faldehals: 100%
23:31:36 : Group: Faldehals: guys be carefull at this barn i put some traps around here
23:32:33 : Side: Turmoil: we did not take anything, all your stuff is still there
23:32:51 : Side: Turmoil: key, car, weapons everything is at your body
23:32:54 : Side: [NG2] Jesse: i need to shoot you you pointing the gun to me! 
23:33:24 : Side: KZEEBEX: ._.
23:33:39 : Side: KZEEBEX: I didnt saw chat
23:33:41 : Side: Turmoil: we told you to answer, we gave warning shots as well
23:33:46 : Side: [NG2] Jesse: why did you say anething!
23:33:53 : Side: [NG2] Jesse: dude 
23:33:56 : Side: Faldehals: full in scopetrance
23:34:12 : Side: Faldehals: i know that hehe
23:34:17 : Side: [NG2] Jesse: we give warning shots an say it 3 times
23:34:37 : Side: Turmoil: we are heroes so we dont kill players usually
23:34:42 : Side: KZEEBEX: but what about just let me go? xD
23:34:58 : Side: KZEEBEX: or let me be there
23:35:04 : Side: [NG2] Jesse: we would but you aim the gun to me
23:35:14 : Side: Turmoil: we tried that first... fired warning shot and said leave... you just sat behind your car
23:35:15 : Side: [NG2] Jesse: we cleard the mission
23:35:37 : Side: KZEEBEX: i cleared :c
23:35:38 : Side: Turmoil: i can airlift your car to a place where you can fix
23:35:45 : Side: KZEEBEX: i killed all bots
23:36:10 : Side: Turmoil: we took out 5 ai + the M2 machine gunners...
23:36:12 : Side: [NG2] Jesse: we killed allot also,.. like the m2 guns... 
23:36:36 : Side: Turmoil: ill fly your car to where ever you want... if you want
23:36:47 : Group: [NG2] Jesse: stu[pit guy ther goes my humianity
23:36:49 : Side: KZEEBEX: my humanity: 3085
23:36:55 : Side: KZEEBEX: cole to hero
23:36:58 : Side: Turmoil: im 28k
23:37:01 : Side: KZEEBEX: uhh
23:37:12 : Side: KZEEBEX: true hero
23:37:13 : Side: KZEEBEX: xD
23:37:32 : Side: Turmoil: want me to airlift your car?
23:37:40 : Side: [NG2] Jesse: 9540 now
23:37:47 : Side: KZEEBEX: dont care about this
23:37:51 : Side: [NG2] Jesse: i lost 3 from your stu[pit action
23:37:57 : Side: [NG2] Jesse: 3k*
23:38:29 : Side: Turmoil: well, apologiez for the misunderstanding
23:38:32 : Side: KZEEBEX: i thought some bots left 
23:38:34 : Side: KZEEBEX: )))
23:38:54 : Side: [NG2] Jesse: next time read text ^^ 
23:39:39 : Side: KZEEBEX: so
23:39:47 : Side: KZEEBEX: you guys friendly?
23:39:50 : Side: Turmoil: yeah :)
23:39:52 : Side: [NG2] Jesse: yea ! 
23:39:57 : Side: Turmoil: me jesse and falde are all heroes
23:40:00 : Side: KZEEBEX: me too)
23:40:05 : Side: [NG2] Jesse: but you pointing gun to my face after 3 warning shots! 
23:40:19 : Side: KZEEBEX: omfg
23:40:24 : Side: KZEEBEX: i told you 
23:40:32 : Side: [NG2] Jesse: but after that we are very friendly
23:40:33 : Side: KZEEBEX: i thought it was bots
23:40:51 : Side: Turmoil: shit happens, at least know we know ^^
23:40:56 : Side: [NG2] Jesse: yea butt to come clean ^^
23:41:16 : Side: KZEEBEX: i think, its normal reaction
23:41:24 : Side: KZEEBEX: when some one shooting you 
23:41:32 : Side: KZEEBEX: hide and try to find 
23:41:38 : Side: KZEEBEX: ho was shooting
23:41:41 : Side: KZEEBEX: no?
23:42:01 : Side: Turmoil: yeah, but not if you had seen what we typed first :)
23:42:10 : Side: KZEEBEX: btww
23:42:42 : Side: [NG2] Jesse: yea we shot your tires so you could see the chat :P 
23:42:47 : Side: [NG2] Jesse: but shit happens
23:42:57 : Side: [NG2] Jesse: next time we wil let you go
23:43:01 : Side: Turmoil: thats why i said i could fly it to a place you can fix it ^^
23:50:01 : Side: Faldehals: log out maybe you lost stuff
23:50:23 : Side: KZEEBEX: i dont have nothing
23:54:44 : Group: Faldehals: what guns you use atm ?
23:54:56 : Group: [NG2] Jesse: m110
23:55:19 : Group: Faldehals: i hove not sure 20 but i dont use it
23:55:21 : Group: Faldehals: a
23:56:05 : Group: Faldehals: i got so much guns but themost time i use pkp
23:56:10 : Group: Faldehals: lol
23:58:11 : Group: Faldehals: sometimes its not wrong to check the vehicle pound for free stuff :D
