12:47:18 : Group: Greg: siema
12:47:29 : Group: VLADIMIR>***: hey
12:48:30 : Group: VLADIMIR>***: robisz misję?
12:48:59 : Group: Greg: taa ;p
12:49:56 : Group: VLADIMIR>***: to dawaj do swojej bazy zrobimy Waszym czolgiem:) wczoraj z Tamago zrobiliśmy 3 w 30 min--po 15 walizek:)
12:50:28 : Group: Greg: nie mam kluczy
12:50:33 : Group: VLADIMIR>***: ok
12:50:42 : Group: VLADIMIR>***: lece Ci pomogę
12:56:16 : Group: VLADIMIR>***: ili zostalo?
12:56:28 : Group: Greg: wydaje mi się że zero ;p
12:56:54 : Group: VLADIMIR>***: jestem blisko
12:57:24 : Group: Greg: sztywnych ogarnę i wchodzę
12:58:46 : Group: Greg: ktoś został jeszcze
13:00:41 : Group: Greg: soryyyyy'
13:02:54 : Group: Greg: jade
13:03:20 : Group: VLADIMIR>***: bylo coś?ja lece do ciala
13:03:43 : Group: Greg: właśnie jechałem po ciebie
13:07:22 : Group: VLADIMIR>***: podrzuc mnie po cialo
13:07:30 : Group: Greg: siadaj i i prowadź
13:07:46 : Group: Greg: myslałem że jesteś ai ;p
13:07:59 : Group: Greg: rozjebałeś :D
13:08:01 : Group: VLADIMIR>***: kurwa!!!!!
13:08:44 : Group: Greg: kierowca za dyche ;p 
13:08:53 : Group: VLADIMIR>***: hahahah 
13:09:16 : Group: Greg: a ja podbiegam, patrzę, widzę że jeden leży i się rozgląda, to bach
13:09:30 : Group: Greg: a tu kurwa humanity jeb i Bolo jeb
13:09:30 : Group: VLADIMIR>***: hhahaha
13:09:36 : Group: Greg: hahh
13:11:47 : Group: Greg: potrzebuje toolboxa z trupa 'p
13:12:16 : Group: VLADIMIR>***: mam ze soba kolo
13:13:09 : Group: VLADIMIR>***: bylo cos dobrego?
13:13:26 : Group: Greg: ammo
13:13:48 : Group: Greg: zaden nie ma toolboxa
13:13:57 : Group: VLADIMIR>***: no te misje maja dobre ammo i spoko kaska, chodz tu ja mam
13:14:35 : Group: Greg: dzięki, weź samochód i opchnij
13:16:41 : Group: VLADIMIR>***: WTF?
13:16:49 : Group: Greg: ??? nie mam pojęcia
13:17:40 : Group: VLADIMIR>***: wydaje mi się ze mozyy wypierdolil
13:17:49 : Group: Greg: jakim cudem?
13:18:11 : Group: Greg: przewrócił się widziałem
13:22:17 : Group: Greg: ale szajs
13:23:39 : Group: Greg: weźmiesz hmv do sprzedania?
13:23:55 : Group: Greg: masz blisko do domu ;p
13:24:01 : Group: Greg: od tradera
13:24:34 : Group: VLADIMIR>***: tak, w miare
13:25:04 : Group: Greg: jak ci się nei chce to zostaw, ale ze dwie walizki chyba będą z niego
13:25:25 : Group: VLADIMIR>***: wezme go-gdzie byl?
13:25:34 : Group: Greg: leć za mną
13:25:34 : Group: VLADIMIR>***: mam tu blisko baze
13:25:48 : Group: VLADIMIR>***: ok, czekaj
13:25:51 : Group: Greg: widziałem, w magazynie
13:26:47 : Group: Greg: tu jest
13:26:57 : Group: VLADIMIR>***: oksss dzieki
13:33:14 : Group: Greg: spadam do roboty ;p
15:45:24 : Group: charlie kelly: was that you./
15:45:29 : Group: Bunraku San: HAHA YEAH
15:45:32 : Group: charlie kelly: hahaha
15:45:34 : Group: charlie kelly: scared me so much
15:45:39 : Group: Bunraku San: lmao
15:45:47 : Group: charlie kelly: you got antbio?
15:45:53 : Group: Bunraku San: i do
15:46:03 : Group: charlie kelly: oh crap youre further than i thoguht haha
15:46:07 : Group: charlie kelly: just started coughing
15:46:10 : Group: charlie kelly: setting up cabin here though
15:46:39 : Group: Bunraku San: wont take me long to get to you
15:46:56 : Group: charlie kelly: sweet
15:47:01 : Group: charlie kelly: only losing like 3 blood a sec
15:51:56 : Group: charlie kelly: ta
15:52:15 : Group: charlie kelly: ta
15:52:17 : Group: charlie kelly: put them back 
15:52:23 : Group: charlie kelly: you only use 1 pill at a time now 
15:52:30 : Group: Bunraku San: so im sure i was taking shots on my way past dichina camp
15:52:38 : Group: charlie kelly: interesting
15:52:41 : Group: Bunraku San: could have been ai though?
15:52:48 : Group: charlie kelly: theres a mission nearby
15:52:52 : Group: charlie kelly: dunno if camp has ai
15:53:09 : Group: Bunraku San: i was told camps had ai, but each time ive been to one there hasnt been any
15:53:23 : Group: charlie kelly: weird maybe it spawned them in for once
15:54:01 : Group: Bunraku San: well i may head up to lopatino for the mission
15:54:14 : Group: charlie kelly: think im gonna craft this camp while its here
15:54:20 : Group: charlie kelly: get the walls and floors done then whap pp down and quickbuild
15:54:28 : Group: Bunraku San: no worries
15:55:06 : Group: Bunraku San: ill let you know how i get on
15:55:10 : Group: charlie kelly: yeah sweet
15:56:22 : Group: Bunraku San: damn
15:56:27 : Group: charlie kelly: get there quick
15:56:32 : Group: charlie kelly: kill them while they looot ?
15:56:32 : Group: charlie kelly: or leave
15:57:47 : Group: charlie kelly: you found a base?
15:57:49 : Group: Bunraku San: found a base
15:57:51 : Group: charlie kelly: haha
15:57:55 : Group: charlie kelly: was watchin you on the map go up a side road
15:57:58 : Group: charlie kelly: thought you musta found a base
16:04:31 : Group: Bunraku San: bloody women
16:04:49 : Group: Bunraku San: i may have to shoot man, the missus just been on the phone
16:04:57 : Group: charlie kelly: fair enough dude haha
16:05:17 : Group: Bunraku San: but good news, she got me some bud if i go pick it up haha
16:05:22 : Group: charlie kelly: haha worth it
16:09:49 : Group: Bunraku San: k dude, im gonna shoot. no idea how long she will keep me at hers though
16:09:57 : Group: charlie kelly: yeah no probs
16:10:02 : Group: charlie kelly: ill be with my bird after 7ish unfortunately
16:10:08 : Group: Bunraku San: not long probably since we are still kinda fallen out haha
16:10:27 : Group: Bunraku San: no worries man
16:10:37 : Group: charlie kelly: iill see you if if youre back soon
16:10:41 : Group: charlie kelly: if not, another day
16:10:46 : Group: Bunraku San: cool
20:21:12 : Group: Senych^^: lz
20:21:16 : Group: Senych^^: da
20:21:29 : Group: Senych^^: пахан спит
20:42:24 : Group: Tamago: depends on an hour
21:17:53 : Group: Tamago: witam
