00:00:11 : Side: 2DIE4:  on altar on my way back  =) 
00:00:20 : Side: Turmoil: need a ride? ^^
00:00:35 : Side: 2DIE4:  im good thx 4 offering
00:00:39 : Side: Turmoil: yw
00:01:13 : Side: Turmoil: i wont shoot you xD im hero and planning to stay that way too
00:01:42 : Side: M.K.: what silencer can i put on pdw?
00:01:43 : Side: 2DIE4:  i get to loot and look around more  on my bike  XD
00:01:49 : Side: 2DIE4:  9MM
00:03:09 : Side: James: did I hit you with the mak at all?
00:05:44 : Side: 2DIE4: vodnik just passed me  
00:06:00 : Side: 2DIE4:  blind noobs  =)
00:06:13 : Side: Turmoil: nope not blind :) i just dont kill players
00:06:25 : Side: 2DIE4:  u ?  XD
00:06:30 : Side: Turmoil: yeaha
00:06:34 : Side: 2DIE4:  dude i passed u 5 m  XD
00:06:49 : Side: 2DIE4:  well as u see  i am at home  =)
00:06:49 : Side: Turmoil: ^^
00:07:08 : Side: Turmoil: yeah ^^ 
00:08:02 : Side: Turmoil: i like my humanity to much to kill others so thats why i just drove on
00:15:57 : Side: M.K.: what is the default view dist
00:15:59 : Side: M.K.: ?
00:16:04 : Side: SAMI   svvay: 2k i think
00:16:09 : Side: SAMI   svvay: give or take
00:22:30 : Side: Turmoil: nice try
00:41:23 : Side: M.K.: is it allowed to camp at trader cities?
00:41:36 : Side: matsa: no!
00:41:37 : Side: Phaetta: No
00:41:40 : Side: M.K.: good.
00:41:40 : Side: Stiefelriemen Bill: theres no rule against it
00:41:55 : Side: M.K.: so yea?
00:41:57 : Side: M.K.: ...?
01:07:03 : Side: 2DIE4:  who shot me there?
01:07:20 : Side: Phaetta: :)
01:07:26 : Side: Phaetta: not me ;)
01:07:35 : Side: Phaetta: but one of my friends <3
01:07:47 : Side: 2DIE4:  ok  =)
01:07:57 : Side: Phaetta: yee ^^
01:12:28 : Side: 2DIE4: hello vodnik
03:10:28 : Side: SAMI   svvay: anyone up for some nighttime^^
03:26:08 : Side: Zeus: Any admin online?
03:26:26 : Side: 2DIE4: nope
03:26:43 : Side: Zeus: Anyone know when they get on?
03:27:18 : Side: Phaetta: Tomorrow I think
03:27:23 : Side: Zeus: ight
03:56:58 : Side: Faldehals: someone knows what happen with combatliggin ?
03:57:31 : Side: SAMI   svvay: did your friend combatlog?
03:58:07 : Side: Faldehals: nope and i never do this but if ja what is if i come back in
05:14:22 : Side: GRENADIER: is that side?
05:14:34 : Side: SAMI   svvay: wut
05:14:50 : Side: GRENADIER: those puffs from earlier
05:14:59 : Side: SAMI   svvay: aha
05:39:38 : Side: Zeus: lol nice shot 
05:39:51 : Side: Zeus: damn zombies
05:39:54 : Side: 2DIE4: thx
05:51:34 : Side: Zeus: fun fight
05:51:41 : Side: 2DIE4:  yapw
05:51:51 : Side: 2DIE4:  thx 4 showing me the weak spot  =) 
05:52:01 : Side: Zeus: np
05:52:11 : Side: Zeus: yeah you were cornered
06:01:15 : Side: GRENADIER: whos in that camo suv?
06:01:32 : Side: SAMI   svvay: me xd
06:01:33 : Side: matsa: me
06:01:39 : Side: SAMI   svvay: no me stfu
06:02:20 : Side: Faldehals: aha also thats you near the damm ?!
06:02:37 : Side: SAMI   svvay: which one?
06:02:44 : Side: Faldehals: big one
06:02:51 : Side: SAMI   svvay: there are many big ones
06:03:05 : Side: SAMI   svvay: be specific
06:03:19 : Side: Faldehals: sry if a talk about a damm its only this one
06:03:33 : Side: SAMI   svvay: wut
06:03:36 : Side: SAMI   svvay: ok
06:03:40 : Side: SAMI   svvay: tell me, what do you see around 
06:03:42 : Side: SAMI   svvay: u
06:03:46 : Side: GRENADIER: dude there are at least 2 big dams on the map
06:04:14 : Side: GRENADIER: it's topolka, north of elektro and pobeda, north of the map
06:04:15 : Side: Faldehals: there is a base ner the damm thats what i mean
06:04:40 : Side: Kleaticus: whos base is east of novy sobor?
06:05:00 : Side: Kleaticus: thanks for the gold
06:05:07 : Side: Faldehals: ruusianmafias campingbase you mean i think
06:05:27 : Side: GRENADIER: mark it on the map kleaticus
06:05:27 : Side: Faldehals: its a smal one ?
06:05:33 : Side: Kleaticus: idk there was some gold on the ground
06:05:56 : Side: SAMI   svvay: yes, he means the russians
06:06:11 : Side: GRENADIER: you still there?
06:06:12 : Side: Faldehals: lol thats it
06:06:30 : Side: Faldehals: real pussylike little base to camp for stary
06:06:33 : Side: Kleaticus: nah im in stary
06:06:56 : Side: GRENADIER: youre in a suv, kleaticus?
06:07:07 : Side: Kleaticus: yeah
06:07:26 : Side: GRENADIER: alright
06:07:39 : Side: GRENADIER: so is the player that owns that base you just looted online now?
06:11:26 : Side: Kleaticus: ;)
06:11:35 : Side: GRENADIER: lol, was that him?
06:12:09 : Side: Kleaticus: who ever was in an suv
06:13:04 : Side: GRENADIER: raid his base if you killed him lol
06:13:43 : Side: specialistTt: why u camp me?
06:14:00 : Side: specialistTt: lol
06:14:29 : Side: Faldehals: specialist is that your base ner the damm ?
06:14:29 : Side: Zeus: you literally just drove up lol
06:14:33 : Side: GRENADIER: did you at least lock that base buddy?
06:14:57 : Side: specialistTt: go in your base please
06:15:22 : Side: specialistTt: and nathing come
06:16:19 : Side: GRENADIER: so any goodies at his base?
06:16:36 : Side: GRENADIER: perhaps youll throw a party in stary
06:16:40 : Side: Zeus: we found narnia
06:18:39 : Side: specialistTt: good boy
06:19:00 : Side: GRENADIER: ?
06:19:38 : Side: Kleaticus: thanks for the suv
06:19:52 : Side: specialistTt: pff
06:19:59 : Side: Faldehals: lol
06:20:00 : Side: specialistTt: that's all?))
06:20:22 : Side: GRENADIER: nah the stuff inside your base is gone too
06:20:32 : Side: GRENADIER: i took care of that
06:20:48 : Side: specialistTt: o'kay
06:20:59 : Side: Zeus: lol
06:21:16 : Side: GRENADIER: kinda lame that you put bcs in the gun racks
06:21:22 : Side: GRENADIER: but who am i to judge
06:21:25 : Side: Zeus: So it was you dropping gold grenadier
06:21:29 : Side: GRENADIER: you must be really rich
06:21:48 : Side: GRENADIER: nah, im trying to keep it for myself. its my first day on this server
06:22:03 : Side: Kleaticus: were you gonn akill me if i went in?
06:22:08 : Side: specialistTt: ok-ok
06:22:16 : Side: Zeus: We were watching the base and saw gold drop out of the floor\
06:22:57 : Side: GRENADIER: nah, i was long gone by then
06:23:06 : Side: GRENADIER: but theres still stuff inside i guess
06:23:13 : Side: GRENADIER: if he goes and unlocks the safes
06:39:11 : Side: GRENADIER: lol these camps are quite nice
06:39:21 : Side: GRENADIER: the one in dichina at least
08:07:00 : Side: specialistTt: why?
08:07:15 : Side: Faldehals: ?
08:08:05 : Side: specialistTt: u killed me///
08:08:11 : Side: specialistTt: ...
08:08:18 : Side: Faldehals: i ? nä
08:17:41 : Side: specialistTt: camper ebanyj
09:26:10 : Side: Dark Wolf: how do i pick up a backpack? i'm a noob :/
09:27:02 : Side: Faldehals: look at it mousewheel
09:27:51 : Side: Dark Wolf: thats not working? i thought it was because it was diffrent on this server :/
10:00:25 : Side: Dark Wolf: any admins on?
11:47:27 : Side: Miss MiniSkirt: /vote night
11:50:34 : Side: Draundenth: xD
11:58:44 : Side: Draundenth: anybody in cherno want team up ?
12:12:45 : Side: MeGa_Koffiepot: hey ReaperZA
12:13:58 : Side: Miss MiniSkirt: who is cycling from berezino along the coast?
12:14:14 : Side: Miss MiniSkirt: i just drove past in a UAZ
12:14:27 : Side: Dark Wolf: me
12:14:48 : Side: Miss MiniSkirt: where you headed?
12:15:02 : Side: ReckerGaming: anyone in cherno
12:15:13 : Side: Dark Wolf: trying to find a car so i can get to the missions
12:16:18 : Side: ReckerGaming: yo how do u turn on the flashllight on your primarz
12:17:19 : Side: Miss MiniSkirt: dark
12:17:25 : Side: Dark Wolf: yea?
12:17:28 : Side: Miss MiniSkirt: found a car
12:17:37 : Side: Dark Wolf: where?
12:17:39 : Side: Miss MiniSkirt: proper screwed though
12:17:45 : Side: Dark Wolf: oh never mind xD
12:17:56 : Side: ReckerGaming: how do u turn on your flashlight pls
12:17:58 : Side: Dark Wolf: thanks anyways
12:18:00 : Side: ReckerGaming: im new to the game
12:18:39 : Side: ReaperZA: press l
12:18:54 : Side: ReckerGaming: tryed it 
12:18:59 : Side: ReckerGaming: doesnt work
12:19:07 : Side: Miss MiniSkirt: we fixed engine
12:19:09 : Side: MeGa_Koffiepot: hey 
12:19:19 : Side: Miss MiniSkirt: needs 3 wheels though
12:19:42 : Side: Dark Wolf: where abouts is it?
12:20:22 : Side: Miss MiniSkirt: just at the railway crossing outside electro
12:20:51 : Side: Dark Wolf: thanks :)
12:20:57 : Side: ReckerGaming: I FOUND MOMS SPAGETHI
12:21:19 : Side: ReckerGaming: EMINEM WOULD BE PROUD
12:34:08 : Side: Miss MiniSkirt: dark
12:34:12 : Side: Dark Wolf: hello
12:34:21 : Side: Miss MiniSkirt: need a mozzie?
12:34:25 : Side: Dark Wolf: mid if i get a lift?
12:34:44 : Side: Dark Wolf: mind*
12:34:47 : Side: Miss MiniSkirt: i cangive you a portable j
12:34:53 : Side: Miss MiniSkirt: heli
12:34:58 : Side: Dark Wolf: upto you
12:35:12 : Side: Dark Wolf: i've got some stuff in my bad that you might want for the mozzie
12:35:18 : Side: Dark Wolf: bag*
12:37:20 : Side: Dark Wolf: i left a wheel and a fuel pump in the broken pickup if you want some spare parts
12:37:57 : Side: Miss MiniSkirt: i can bring you to the traider?
12:38:16 : Side: Dark Wolf: yea please :)
12:38:19 : Side: Miss MiniSkirt: we need main rotor, then we can give you the mozzie
12:43:13 : Side: ReckerGaming: ANYONE WANNA TEAMUP IM GOING AFTER THAT BANDIT CAPTURED MHZ
12:43:21 : Side: ReckerGaming: MV22*
12:43:57 : Side: Turmoil: was it yours MV22 standing down at the beach?
12:44:05 : Side: ReckerGaming: NOPE
12:44:16 : Side: Turmoil: ah okay... 
12:45:02 : Side: ReckerGaming: IM NEAR KOZLOVKA IF ANYONE WANNA TEAM UP
12:50:26 : Side: Dark Wolf: thank you :)
12:50:50 : Side: Miss MiniSkirt: no problem ^^
12:52:35 : Side: Miss MiniSkirt: hey wolf
12:52:39 : Side: Dark Wolf: yea?
12:52:47 : Side: Miss MiniSkirt: want a coyete backpack?
12:52:57 : Side: Dark Wolf: yes please :D
12:54:03 : Side: Dark Wolf: thanks again
12:54:26 : Side: Miss MiniSkirt: no problem
12:59:18 : Side: ReckerGaming: i can hear a chopper
12:59:27 : Side: ReckerGaming: does anyone have a heli?
13:04:35 : Side: MeGa_Koffiepot: some babmis neer the cost nees a lift? 
13:04:51 : Side: MeGa_Koffiepot: dis is koffie airlines
13:09:46 : Side: MeGa_Koffiepot: Koffie airlines is on the way to refaul the plane 
13:13:25 : Side: MeGa_Koffiepot: safe tutch down over 10 min were reday to go whit a full feultank if there bambies out there ther is still some hope
13:16:31 : Side: MeGa_Koffiepot: Dis is your polit speaking were ready for take off. fisrt stop Berezino.z
13:29:11 : Side: [RussianMafia]Vova: /votenight
13:31:37 : Side: MeGa_Koffiepot: Koffie airlaind will be down at the mom ^^ 
13:49:20 : Side: PRISMIC: IM PICKING U UP WHERE ARE YOU ?
13:49:41 : Side: PRISMIC: DUDE UN MUTE ME ?
13:49:52 : Side: PRISMIC: IM AT THE AIR STRIP
13:51:17 : Side: PRISMIC: CAN U UN MUTE ME FOR A SECOND
13:52:17 : Side: Turmoil: prismic? 
14:03:38 : Side: PRISMIC: any admins online ?
14:05:02 : Side: PRISMIC: adamin ?
14:05:58 : Side: PRISMIC: sup coffee
14:07:14 : Side: PRISMIC: admin]
14:23:54 : Side: ReaperZA: way to kill a fresh spawn mr big guy
14:25:11 : Side: Ebse: is it alowed to build on streets ?
15:21:08 : Side: [RussianMafia]ICEE: Senk for vodnik
15:26:04 : Side: lol25: senk for vodnik
15:26:26 : Side: [RussianMafia]ICEE: Senk for loot
15:26:30 : Side: 2DIE4:  who r u guys talkin to? 
15:26:45 : Side: Kev: talking lik downsyndrome
15:29:26 : Side: Kev: yo 2die4 which base u camped yesterday evening? Was it the russian lows?
15:29:47 : Side: 2DIE4:  yap 
15:30:02 : Side: Kev: haha :D We took 20BC out there later ^^
15:30:06 : Side: 2DIE4:  but it seems  as if they have more than one base
15:30:14 : Side: 2DIE4:  GJ  XD
15:30:16 : Side: Kev: okey
15:48:06 : Side: Miss MiniSkirt: koffie, inv in groep aub
15:48:19 : Side: Fontes: NL ?|
15:48:27 : Side: [NG2] Jesse: ja? 
15:48:35 : Side: Fontes: nice
15:49:02 : Side: Miss MiniSkirt: yup longsleeves girlfriend
16:06:02 : Side: Fontes: where can you get ores ?
16:29:57 : Side: GRENADIER: if you have snipers go kill the ai south of stary
16:30:07 : Side: GRENADIER: they kinda camp the trader
16:37:24 : Side: Fontes: sami
17:11:56 : Side: JOHNNYVAIN: hello?
17:12:03 : Side: bobaliny2: hey
17:12:21 : Side: JOHNNYVAIN: im stuck out in middle of a off map zone......
17:12:54 : Side: JOHNNYVAIN: admin: im stuck in middle of NO WHERE  literally
17:14:33 : Side: JOHNNYVAIN: damn i have my simple starter crap from the other night when i first started ....i guess dying is no biggie but how do i suicide?
17:17:50 : Side: JOHNNYVAIN: well as i die of hunger .....so i can start fresh.   how is this server.....
17:18:00 : Side: JOHNNYVAIN: not full of kos snipers and pvpers?
17:18:30 : Side: [NCR] Rookie: kos?
17:18:47 : Side: JOHNNYVAIN: sorry  k.o.s   kill on sight
17:19:12 : Side: bobaliny2: Why do you put so many spaces between words
17:21:45 : Side: JOHNNYVAIN: funny you noticed spacing haha
17:22:09 : Side: JOHNNYVAIN: habit from taking typing in highschool i guess.  you hit space twice after a period
17:22:23 : Side: JOHNNYVAIN: icantypelikethisifitseasiertoread
17:32:20 : Side: JOHNNYVAIN: damn been a long time, this game makes ya appreciate all the work they put into standalone so far
17:36:12 : Side: matsa: thx for the ksvk :)
17:36:20 : Side: matsa: and chinook
17:36:37 : Side: Colin: ?
17:41:53 : Side: matsa: thx for looting for us :)
17:43:19 : Side: Colin: hey chinooc
17:44:07 : Side: Colin: hope you havn't any ammo, my mozzie inst armored very well
17:44:20 : Side: matsa: we do
17:44:46 : Side: Colin: O.O
17:44:51 : Side: Colin: im gone
17:50:33 : Side: Panda: guy who was repairing the venom
17:50:59 : Side: Panda: are u still here
18:07:37 : Side: matsa:  i doesnt help to kill your own 
18:44:31 : Side: SAMI   svvay: Admin?
18:44:47 : Side: Winans: yes?
18:44:53 : Side: SAMI   svvay: Xd
18:44:58 : Side: Winans: 3
18:45:06 : Side: SAMI   svvay: 4
18:51:05 : Side: SAMI   svvay: :D
18:51:40 : Side: ??????: russian vi ebanie krisi shakali pozornie kotorie camperyat
18:52:30 : Side: matsa: farming humanity?
19:13:20 : Side: [RussianMafia]Hatter: Vodnik BOOOOOOOOM
19:13:22 : Side: [RussianMafia]Hatter: hshs
19:13:24 : Side: [RussianMafia]Hatter: haha
19:13:34 : Side: [RussianMafia]Vova: xD
19:13:39 : Side: _The_SnikerS_: я тебя огарчу
19:13:44 : Side: _The_SnikerS_: мы его бууум
19:13:53 : Side: ??????: мафия вы чмошники ебаные
19:13:57 : Side: [RussianMafia]Hatter: This is good
19:13:58 : Side: ??????: я ваших мам ебал шлюх
19:13:59 : Side: _The_SnikerS_: +++++++++++++++++++++++\
19:14:08 : Side: Triam: +++++++++++++++++++++++++
19:14:10 : Side: [RussianMafia]Hatter: Your stupid boobs
19:14:10 : Side: ??????: крысы
19:14:11 : Side: Triam: ++++++++++++++++++++++++++++++++++++++++++++++++++++
19:14:15 : Side: Triam: +
19:14:17 : Side: [RussianMafia]Hatter: You mouse
19:14:22 : Side: [RussianMafia]Vova: omg xD
19:14:27 : Side: _The_SnikerS_: ты крыса
19:14:28 : Side: [RussianMafia]Hatter: Stupiiiid
19:14:31 : Side: ??????: школьники которым лет по 16 
19:14:32 : Side: [RussianMafia]Hatter: M
19:14:33 : Side: [RussianMafia]Hatter: o
19:14:34 : Side: [RussianMafia]Hatter: u
19:14:35 : Side: [RussianMafia]Hatter: s
19:14:35 : Side: [RussianMafia]Hatter: e
19:14:36 : Side: [RussianMafia]Hatter: Y
19:14:37 : Side: [RussianMafia]Vova: baby 
19:14:37 : Side: [RussianMafia]Hatter: o
19:14:38 : Side: [RussianMafia]Hatter: u
19:14:44 : Side: ??????: какая нахуй русская мафия олени малолетние 
19:14:55 : Side: [RussianMafia]Hatter: Yes of course
19:15:04 : Side: [RussianMafia]Hatter: We school
19:15:12 : Side: [RussianMafia]Hatter: We is children 
19:15:17 : Side: [RussianMafia]Hatter: Are your noobs
19:15:30 : Side: Sashka: u are pidoras
19:18:09 : Side: 2DIE4: lol already?  XD
19:21:50 : Side: [RussianMafia]Hatter: Snikers sni ne tormozi
19:22:09 : Side: [RussianMafia]Vova: xDDD
19:26:36 : Side: ReaperZA: admin is it against rules to build over water?
19:27:01 : Side: LWB [SD]: no
19:27:36 : Side: ReaperZA: so one may build a base over say a lake if one desired it?
19:28:48 : Side: LWB [SD]: yes you could
19:28:55 : Side: ReaperZA: thanks
19:43:00 : Side: M.K.: who was chasing me with the vodnik?
19:43:08 : Side: M.K.: have you meet karma before?
19:43:18 : Side: M.K.: met*
19:43:25 : Side: _The_SnikerS_: :D
19:45:05 : Side: Sierra [SD]: EVENT: RACE FROM GROZOVOY PASS TO KAMENKA FUEL STATION. 10 CARS AVAILABLE. YOU MAY TEAM UP. REGISTRATION OPENING IN 10 MINS. RACE STARTING IN 25 MINS.
19:48:09 : Side: SAMI   svvay: can you shoot at other vehicles in the race?
19:48:39 : Side: Sierra [SD]: All the rules will be given before the race starts
19:51:48 : Side: matsa: can we bring our own car?
19:53:02 : Side: LWB [SD]: No. All the rules will be given before the race starts. Leave all important gear at your base
19:55:04 : Side: Sierra [SD]: EVENT: RACE - REGISTATION OPEN. 10 SLOTS AVAILABLE - PLEASE TYPE "RACE REGISTER" IF YOU WISH TO BE INVOLVED. IF A TEAM, ONLY ONE PERSON TYPE PLEASE.
19:55:12 : Side: SAMI   svvay: RACE REGISTER
19:55:30 : Side: matsa: RACE REGISTER
19:57:27 : Side: Sierra [SD]: EVENT: RACE REGISTRATION OPEN. PLEASE TYPE "RACE REGISTER" IF YOU WISH TO BE INVOLED. 8 SLOTS AVAILABLE
19:58:07 : Side: Sierra [SD]: I'll take this time to go through the rules with everyone.
19:58:21 : Side: Phaetta: race register
19:58:43 : Side: Sierra [SD]: The race is from Grozovoy Pass to Kamenka Fuel Station.
19:58:54 : Side: Sierra [SD]: You will be given a vehicle to race in
19:58:59 : Side: Phaetta: how can i join?'
19:59:03 : Side: Sierra [SD]: You must stay in your vehicle at all times
19:59:06 : Side: LWB [SD]: you just did
19:59:10 : Side: Phaetta: oh ^^
19:59:15 : Side: Sierra [SD]: No cheating or heli lifting
19:59:33 : Side: matsa: can you tp mee there?
19:59:39 : Side: Sierra [SD]: There will be 200m no kill zone enforced around the finish line.
19:59:40 : Side: LWB [SD]: ot yet, just wait
19:59:51 : Side: Sierra [SD]: Leave all your gear behind.
20:00:16 : Side: Sierra [SD]: No one is allowed to camp the orange SUV's that are taking place in the race. If you do. You will be kicked
20:00:27 : Side: matsa: done
20:00:35 : Side: Sierra [SD]: The losers of the race will be teleported to stary at the end of the event
20:00:42 : Side: [RussianMafia]Hatter: 9 BALILI POT EBAL
20:00:51 : Side: Sierra [SD]: The winner will be teleported to a location of their choosing.
20:01:08 : Side: Sierra [SD]: Those are the rules. I will begin teleportations to the start line in 10 mins
20:01:24 : Side: Winans: is there a prize to win?
20:01:39 : Side: Sierra [SD]: There is always a prize at events :)
20:01:56 : Side: [RussianMafia]Hatter: 9 BALILI pot EBAL
20:02:18 : Side: Sierra [SD]: EVENT: ANYONE WISHING TO REGISTER FOR THE RACE PLEASE TYPE "RACE REGISTER" 7 slots available
20:07:02 : Side: Sierra [SD]: EVENT: 3 MINS UNTIL TELEPORTATIONS BEGIN - DOES ANYONE ELSE WISH TO TAKE PLACE IN THE RACE?
20:08:47 : Side: Sierra [SD]: THE WINNER GETS A BLACK HAWK HELO, 3 X BRIEFCASES, 1 X M107, 2 X SAFES AND A FUEL PUMP. LAST CHANCE TO REGISTER
20:09:37 : Side: Stiefelriemen Bill: RACE REGISTER
20:10:19 : Side: Sierra [SD]: Ok I have Svvay, Matsa, Phaetta & Bill. Anyone else?
20:10:44 : Side: Winans: RACE REGISTER
20:11:21 : Side: Sierra [SD]: Ok got you. If that is all and you are all ready I will begin teleportations. Please wait by me until instructed otherwise
20:11:29 : Side: Phaetta: Im ready
20:11:39 : Side: matsa: rdy
20:12:16 : Side: Sierra [SD]: remember to not bring any gear you are worried about loosing
20:12:27 : Side: Sierra [SD]: winans ready?
20:12:34 : Side: Winans: yes
20:12:40 : Side: Stiefelriemen Bill: ready too
20:12:42 : Side: Sierra [SD]: svvay?
20:12:45 : Side: SAMI   svvay: si
20:14:04 : Side: LWB [SD]: mission event in progress. do not engage,block or attempt to steal orange suvs in race!!!!!
20:14:38 : Side: [RussianMafia]Hatter: Cinder wall window maybe craft?
20:15:06 : Side: LWB [SD]: Only wood has window
20:15:20 : Side: [RussianMafia]Hatter: Thx
20:17:12 : Side: Odlkanack: hello :)
20:17:32 : Side: Sierra [SD]: No camping the orange SUV's during the event
20:17:32 : Side: LWB [SD]: hi )
20:17:38 : Side: Sierra [SD]: hi :)
20:18:08 : Side: Phaetta: h el p
20:18:13 : Side: Phaetta: im tipped
20:23:35 : Side: Odlkanack: lol how did i die?
20:24:06 : Side: LWB [SD]: says unkown
20:25:08 : Side: LWB [SD]: Only 400m left til the finish line!!!
20:25:38 : Side: Sierra [SD]: RACE OVER: SVVAY WINS
20:25:41 : Side: LWB [SD]: well done svvay!
20:25:45 : Side: LWB [SD]: follow me
20:25:48 : Side: SAMI   svvay: aiii :D
20:25:52 : Side: Sierra [SD]: all who have taken part can keep their vehicles
20:26:01 : Side: Sierra [SD]: i will tp you all to Stary when you are ready
20:26:08 : Side: bobaliny2: for what
20:26:11 : Side: Phaetta: im ready
20:26:15 : Side: Sierra [SD]: righty
20:26:16 : Side: bobaliny2: is it night?>
20:26:17 : Side: Phaetta: gg svvay
20:26:20 : Side: Stiefelriemen Bill: ready
20:26:21 : Side: Winans: READY
20:26:29 : Side: Lunatick : hey lwb 
20:26:31 : Side: bobaliny2: ready
20:26:36 : Side: LWB [SD]: gi :)
20:26:42 : Side: Sierra [SD]: you all in your vehicles?
20:26:46 : Side: Stiefelriemen Bill: yes
20:26:58 : Side: bobaliny2: What are we tp'ing for?
20:27:11 : Side: Winans: yes u can keep the car
20:27:19 : Side: Winans: thx
20:27:25 : Side: Winans: nice event
20:27:33 : Side: bobaliny2: tp me
20:27:53 : Side: Sierra [SD]: is that everyone?
20:27:59 : Side: bobaliny2: I'm not there
20:28:01 : Side: bobaliny2: tp me plz
20:28:09 : Side: Sierra [SD]: you were not in the event
20:28:11 : Side: SAMI   svvay: hahahahaha
20:28:13 : Side: bobaliny2: eh
20:28:35 : Side: BowDownYaBish: ty for sorting our bans out LWB
20:28:45 : Side: LWB [SD]: no problem
20:28:48 : Side: Sierra [SD]: thanks for taking part all :)
20:28:49 : Side: LWB [SD]: sorry they got re added
20:28:52 : Side: Lunatick : love you lwb
20:29:00 : Side: BowDownYaBish: Ignore Luna
20:29:02 : Side: LWB [SD]: :)
20:29:02 : Side: matsa: thanks for letting me in :D
20:29:03 : Side: Winans: thank u for the event
20:29:05 : Side: Lunatick : naah dont 
20:29:24 : Side: Sierra [SD]: Np gg! :)
20:29:37 : Side: LWB [SD]: Nice clean racing, well done all
20:29:43 : Side: SAMI   svvay: Thank you!
20:35:53 : Side: SAMI   svvay: The fuel pump, will it be destroyed on de-construction?
20:36:14 : Side: LWB [SD]: I believe no
20:36:27 : Side: SAMI   svvay: Roger that, hoss!
20:36:41 : Side: LWB [SD]: they can be removed by anyone though
20:36:45 : Side: LWB [SD]: so put it somewhere safe
20:36:46 : Side: SAMI   svvay: I see
20:36:50 : Side: SAMI   svvay: I will ^^
20:44:18 : Side: Colin: LWB, someone glitched into my base, what do you need as evidence?
20:44:24 : Side: SAMI   svvay: Can I purchase a higher value of placeable landobjects?
20:44:39 : Side: LWB [SD]: need video of them doing it really
20:44:50 : Side: LWB [SD]: No sadly not svvay, not yet anyway
20:45:11 : Side: Colin: ok, dead body isnt enought?
20:45:12 : Side: SAMI   svvay: I see, that is a shame. Are you implementing any of that in the future? ^^
20:45:28 : Side: LWB [SD]: Im looking into it yeah
20:45:47 : Side: SAMI   svvay: Sounds great! I would highly appreciate that :-)
20:45:54 : Side: LWB [SD]: if you can get screens of the body/study body text and location
20:45:54 : Side: Sierra [SD]: no not really - a dead body could have got there anyhow you see so we cannot tell from that.
20:45:56 : Side: Phaetta: Same :D
20:46:02 : Side: [KRT]ImMagu: what happens to the safes that hasnt been used
20:46:05 : Side: [KRT]ImMagu: ??
20:46:06 : Side: LWB [SD]: we'll look into it
20:46:14 : Side: LWB [SD]: they go to 0000
20:46:24 : Side: [KRT]ImMagu: ok
20:47:59 : Side: Sierra [SD]: EVENT: WE WILL BE DRIVING A M113 FROM BEREZINO TO NWAF VIA GORKA. IF YOU CAN DISABLE OUR VEHICLE AND KILL US, OUR GEAR IS YOURS.
20:48:43 : Side: SAMI   svvay: When? :D
20:48:47 : Side: Sierra [SD]: NOW
20:48:49 : Side: Sierra [SD]: :D
20:48:53 : Side: SAMI   svvay: Hahah ait
20:51:51 : Side: Sierra [SD]: WE HAVE LEFT BEREZINO
20:51:56 : Side: SAMI   svvay: :DD
20:51:58 : Side: SAMI   svvay: prepare urshelf
20:52:06 : Side: Sierra [SD]: ooo :D
20:52:08 : Side: Phaetta: on our way
20:52:17 : Side: BowDownYaBish: Im coming for you pooka :3
20:52:28 : Side: Sierra [SD]: ;)
20:55:58 : Side: Sierra [SD]: WE ARE IN THE VICINITY OF GORKA
20:56:18 : Side: [RussianMafia]Vova: XD gg Snikers xDD
20:58:13 : Side: BowDownYaBish: lol
20:58:15 : Side: BowDownYaBish: Well
20:58:18 : Side: BowDownYaBish: That happened
20:58:27 : Side: 2DIE4:  xd
20:58:28 : Side: bobaliny2: lmao what happened
20:58:34 : Side: 2DIE4:  MY CREW HERE 09
20:58:41 : Side: Lunatick : they dead
20:59:38 : Side: LWB [SD]: Well, the M113 is a bag of shite isnt it!
21:00:06 : Side: BowDownYaBish: Yep
21:00:10 : Side: BowDownYaBish: Pooks can kill it mate
21:00:11 : Side: BowDownYaBish: :D
21:00:21 : Side: Sierra [SD]: xD that was fun :D
21:00:58 : Side: LWB [SD]: next time it will be a T55 ;D
21:01:04 : Side: BowDownYaBish: lel
21:01:05 : Side: Lunatick : haha lol 
21:01:35 : Side: ReaperZA: abrams is the way to go
21:01:49 : Side: Sierra [SD]: did you loot the gear?
21:02:19 : Side: [RussianMafia]Hatter: lol noobs suv
21:02:25 : Side: Sierra [SD]: there was goodies there for you :)
21:02:41 : Side: BowDownYaBish: We got what we wanted
21:02:50 : Side: Sierra [SD]: ah ok cool :D
21:04:42 : Side: Sierra [SD]: EVENT: THERE WILL BE A HATCHET BATTLE AT THE VEHICLE POUND IN 10 MINS TO WIN A FULL BRIEFCASE. IF YOU WANT TO TAKE PART SAY SO WHEN I START THE TP's
21:04:49 : Side: Sierra [SD]: LEAVE YOUR GEAR BEHIND
21:05:05 : Side: Phaetta: Im in guys <3
21:05:21 : Side: SAMI   svvay: me2 :D
21:05:23 : Side: Sierra [SD]: cool :)
21:05:32 : Side: Phaetta: You can tp me now ^^w
21:05:41 : Side: matsa: im in too :D
21:05:41 : Side: Sierra [SD]: 10 mins
21:05:48 : Side: Phaetta: ah okay ^^w
21:09:27 : Side: Lunatick : by the way who ever was in the black hawk get rekt x
21:09:56 : Side: SAMI   svvay: woops
21:13:24 : Side: Sierra [SD]: EVENT: HATCHET BATTLE TP's IN 3 MINS. VEHICLE POUND HAS A NO SHOOTING INFORCEMENT IN PLACE
21:14:05 : Side: Phaetta: Do we need to bring our own hatchet?
21:14:25 : Side: LWB [SD]: Nope, hatchets here
21:14:30 : Side: LWB [SD]: leave all gear behind
21:14:34 : Side: Phaetta: cool :D
21:14:45 : Side: SAMI   svvay: Gimme a min
21:15:20 : Side: Sierra [SD]: EVENT: TP'S FOR HATCHET BATTLE TO WIN 1 FULL BRIEFCASE STARTING NOW. LET ME KNOW IF YOU WANT A TP. WAIT BY ME ONCE YOU GET HERE.
21:15:31 : Side: Phaetta: I want a tp (Y)
21:15:43 : Side: matsa: tp me
21:16:16 : Side: Sierra [SD]: Anyone else want TP to the hatchet battle? Leave your gear behind.
21:16:40 : Side: SAMI   svvay: Could you teleport me in a minuty?
21:16:54 : Side: Sierra [SD]: yep say when you are ready
21:17:31 : Side: Sierra [SD]: Anyone else for the hatchet battle to win 1 full briefcase?
21:17:50 : Side: Patriks: me
21:17:56 : Side: Sierra [SD]: ready for tp?
21:18:01 : Side: Patriks: i dont have a hatchet tho
21:18:13 : Side: LWB [SD]: matsa, put gear in this car
21:18:14 : Side: Sierra [SD]: hatchets will be provided, leave your gear behind
21:18:18 : Side: LWB [SD]: Ill lock it
21:18:36 : Side: Patriks: im in then
21:18:43 : Side: Sierra [SD]: ok tping now then
21:18:44 : Side: SAMI   svvay: Sierra, I have loot on me. Could I place it somewhere? ^^
21:19:04 : Side: Sierra [SD]: yes - we can put it in a locked car for now.
21:19:09 : Side: Colin: admin, the guy glitched in again, hes in the base and the doors are closed
21:19:23 : Side: SAMI   svvay: Alright, thanks
21:19:27 : Side: SAMI   svvay: You can teleport me
21:19:30 : Side: Sierra [SD]: ok
21:20:42 : Side: Sierra [SD]: last call for hatchet battle
21:20:48 : Side: Sierra [SD]: anyone else want in?
21:21:01 : Side: vicio: yeah!w
21:21:16 : Side: Sierra [SD]: ok - can i tp you now? are you gear free?
21:21:32 : Side: Sierra [SD]: can spawn a car for you to use to store if needed though
21:21:41 : Side: vicio: have to storage xD
21:21:45 : Side: vicio: ok
21:22:16 : Side: Sierra [SD]: ok tping you
21:22:22 : Side: Sierra [SD]: patriks dont
21:22:30 : Side: Sierra [SD]: we need that :D
21:22:43 : Side: Patriks: it wont brake
21:24:24 : Side: vicio: have no axe
21:24:35 : Side: Sierra [SD]: Axes in the box
21:24:55 : Side: Sierra [SD]: everyone got an axe?
21:25:21 : Side: Sierra [SD]: everyone at full health?
21:25:46 : Side: vicio: im not
21:25:55 : Side: vicio: 11400
21:26:15 : Side: vicio: ready
21:28:03 : Side: Sierra [SD]: I will tp you all back here to get your gear. Matsa wins!!
21:28:29 : Side: Sierra [SD]: where to matsa?
21:28:52 : Side: vicio: round 2? xD
21:29:05 : Side: Sierra [SD]: lol :D
21:29:46 : Side: vicio: deathmatch over?
21:30:30 : Side: vicio: admin, can i get my stuff back?
21:30:42 : Side: Sierra [SD]: yep was just sorting the winner out - ready for tp now?
21:30:54 : Side: vicio: yes
21:31:06 : Side: Sierra [SD]: who else needs tp?
21:31:54 : Side: Sierra [SD]: Well that was fun! gg guys :) anyone else who joined in need a tp anywhere?
21:32:15 : Side: SAMI   svvay: Hey, I could need a tp for my gear^^
21:32:50 : Side: matsa: GG guys! :D
21:33:44 : Side: ReaperZA: /vote night
21:33:59 : Side: ReaperZA: that not how its done?
21:34:01 : Side: ReaperZA: lol
21:34:28 : Side: vicio: ty
21:38:01 : Side: ??????: patrick fuck you mother
21:38:07 : Side: SAMI   svvay: xd
21:38:21 : Side: Patriks: what?
21:39:33 : Side: vicio: ty 
21:39:37 : Side: SAMI   svvay: I cant speak right now, players ^
21:39:58 : Side: SAMI   svvay: Yea, thank you! See you
21:40:00 : Side: SAMI   svvay: :)
21:40:16 : Side: SAMI   svvay: :)
21:40:18 : Side: SAMI   svvay: Thank you
21:48:55 : Side: vicio: admin, you there?
21:52:44 : Side: Sierra [SD]: Right I'm in now, what's up?
21:53:22 : Side: vicio: whats your fps average?
21:53:49 : Side: Sierra [SD]: around 40 usually
21:54:16 : Side: vicio: im having fps problems in this server
21:54:27 : Side: Sierra [SD]: LWB's is closer to 60 - he has a better computer then me I think
21:54:33 : Side: vicio: 22 fps average, adn i have a decent pc
21:55:09 : Side: Sierra [SD]: ah okies. I'm not sure why that is. Even with all my admin tools running i dont usually drop below 40
21:55:11 : Side: vicio: i have core i5 3.1ghz, 8gb ram and gtx 1060
21:55:23 : Side: Sierra [SD]: getting 46 atm
21:55:29 : Side: bobaliny2: I stay at 30 because of my shit processor
21:55:30 : Side: CoNN: yeah performance isnt great on here
21:55:36 : Side: bobaliny2: fx6350 with a gtx1070
21:55:42 : Side: vicio: any video settings advice?
21:55:53 : Side: matsa: i somehow have 55fps
21:56:11 : Side: bobaliny2: I'm waiting for ryzen to launch to upgrade
21:56:17 : Side: bobaliny2: I though arma was multithreaded
21:56:27 : Side: SAMI   svvay: Ryzen seems dope
21:56:27 : Side: vicio: ok, cpu problems then?
21:56:49 : Side: bobaliny2: It is, it's utilizing all 6 cores on my comp
21:56:53 : Side: SAMI   svvay: Thats because it doesnt know which core to utilize
21:56:58 : Side: matsa: krt seems to be running low on recources
21:57:08 : Side: SAMI   svvay: ^agreed
21:57:18 : Side: bobaliny2: mmm gotta try that
21:57:40 : Side: vicio: im new at arma2, but a have played in other server with a better performance
21:58:15 : Side: vicio: bad english srry...
21:58:36 : Side: vicio: ok
21:58:58 : Side: bobaliny2: my fps just dropped when i limited affinity to one core :(
21:59:20 : Side: bobaliny2: 4.5 ghz
21:59:30 : Side: bobaliny2: fx6350 so shit icp tho
21:59:31 : Side: vicio: 3.1
22:00:02 : Side: SAMI   svvay: amd's old techs have terrible IPC
22:00:04 : Side: vicio: where is that option?
22:00:12 : Side: bobaliny2: na, I drop down to 13 on only one core
22:00:30 : Side: bobaliny2: maybe bc that core is being shared?
22:00:40 : Side: bobaliny2: Is there a way to make it so only arma gets that core?
22:01:09 : Side: bobaliny2: oh ew
22:01:21 : Side: vicio: ok i will google it
22:01:41 : Side: SAMI   svvay: You could also unpark your cores
22:03:29 : Side: vicio: 24/7 day server?
22:03:53 : Side: bobaliny2: everybody vote night
22:03:56 : Side: bobaliny2: night time is best time
22:04:02 : Side: SAMI   svvay: Hell yeah bob
22:04:12 : Side: vicio: how to vote?
22:04:25 : Side: SAMI   svvay:  /vote night 
22:04:28 : Side: Sierra [SD]:  /votenight or /voteday
22:04:40 : Side: vicio: /votenight
22:05:44 : Side: bobaliny2: vote night guys
22:05:53 : Side: Sierra [SD]: without the extra / vicio :)
22:06:00 : Side: SAMI   svvay: Vote Sierra!
22:06:01 : Side: SAMI   svvay: LWB!
22:06:03 : Side: SAMI   svvay: :D
22:06:09 : Side: bobaliny2: I'd suck a dick for night time
22:06:12 : Side: Sierra [SD]: lol :D I have voted
22:06:12 : Side: bobaliny2: and i don't have a gag reflex
22:06:14 : Side: Phaetta: Same ^
22:17:12 : Side: Phaetta: when can we purchase more plotpole space? 
22:21:11 : Side: Phaetta: Cool :D
22:21:22 : Side: SAMI   svvay: When will you test it? haha
22:22:18 : Side: SAMI   svvay: Hahahah, alrighty mate
22:22:22 : Side: [RussianMafia]Hatter: rr 5 min?
22:22:28 : Side: [RussianMafia]Hatter: restart?
22:22:38 : Side: Phaetta: do you need those 5 min now ;)
22:23:02 : Side: Phaetta: aww okaay ^^
22:23:04 : Side: Shade.: hello everyone 
22:23:12 : Side: Phaetta: Hello Shade :)
22:23:14 : Side: Shade.: hopefully this will be my new home :D
22:23:25 : Side: Phaetta: This is pretty dope server <3
22:23:28 : Side: Phaetta: Luv it 
22:23:44 : Side: Shade.: it seemed sexually atractive in the launcher
22:23:50 : Side: Shade.: xD
22:23:56 : Side: bobaliny2: This server doesn't have a gag reflex
22:23:59 : Side: matsa: :D
22:24:01 : Side: bobaliny2: so deepthroat it hard
22:24:15 : Side: Phaetta: xD
22:25:38 : Side: SAMI   svvay: See ya!
22:25:41 : Side: Shade.: you too :D
22:25:41 : Side: bobaliny2: Night bb
22:25:46 : Side: Turmoil: good night ^^
22:25:51 : Side: Colin: bye
22:28:41 : Side: Phaetta:  Vote night time pepz <3
22:29:28 : Side: bobaliny2: VOTE FOR NIGHT WEAKLINGS
22:30:42 : Side: matsa: vote vote <3
22:30:49 : Side: Phaetta: Vote for night!
22:30:56 : Side: Shade.: i voted night
22:31:00 : Side: Shade.: =D
22:31:03 : Side: Phaetta: ;D
22:31:16 : Side: [RussianMafia]Hatter: i too
22:31:25 : Side: SAMI   svvay: Nice hatter!
22:31:27 : Side: Phaetta: Good Hatter <3
22:32:30 : Side: SAMI   svvay: Vote night lads! /vote night
22:34:54 : Side: Phaetta:  Vote night :*
22:35:02 : Side: Phaetta: please
22:35:10 : Side: Phaetta: 3
22:37:32 : Side: bobaliny2: Are those russianmafia dudes bandits?
22:37:41 : Side: Phaetta: Some of them 
22:37:43 : Side: matsa: yes
22:37:50 : Side: Turmoil: yup
22:37:52 : Side: bobaliny2: What about the NN guy?
22:37:56 : Side: Turmoil: Ai
22:37:58 : Side: matsa: yep
22:37:58 : Side: Phaetta: NN is ai
22:38:14 : Side: bobaliny2: Wut.
22:38:20 : Side: Phaetta: Roaming ai
22:38:30 : Side: bobaliny2: i'm so confused
22:38:36 : Side: bobaliny2: did an ai just attack their base?
22:38:41 : Side: bobaliny2: is the base by novy theirs?
22:38:49 : Side: Shade.: prolbaly
22:38:49 : Side: Turmoil: the roaming ones can walk into a base yes
22:39:04 : Side: bobaliny2: oh
22:40:31 : Side: Johnny B: Im loosing blood but applied a bandage what?
22:40:45 : Side: SAMI   svvay: antibios
22:40:54 : Side: Turmoil: or food and drinks
22:40:55 : Side: Shade.: make sure you dont need to eat or drink
22:41:05 : Side: Shade.: also make sure your not freezing to death
23:15:21 : Side: Turmoil: 2DIE4 - NO VSS? :O
23:15:37 : Side: BowDownYaBish: No
23:15:39 : Side: Lunatick : no
23:15:41 : Side: BowDownYaBish: He said
23:15:50 : Side: SAMI   svvay: 2DIE4 actually killing someone for once :p
23:16:05 : Side: BowDownYaBish: SAMI
23:16:13 : Side: BowDownYaBish: How didn't you kill me before xD?
23:16:19 : Side: BowDownYaBish: You were behind me :D
23:16:25 : Side: 2DIE4:  SO THATS HOW I GOT TO 121k NEG HUMANITYß  xd
23:16:26 : Side: SAMI   svvay: Simply G36C :p
23:16:43 : Side: SAMI   svvay: Whole mag of that does the same damage as one of your bullets
23:16:50 : Side: SAMI   svvay: So that explains it xd
23:16:53 : Side: Turmoil: it feels weird not to see you using a VSS 2DIE4, kinda become your trademark :D
23:16:57 : Side: BowDownYaBish: Aim for the head man :D
23:17:11 : Side: SAMI   svvay: Not easy when your head was covered by a tree :p
23:17:29 : Side: BowDownYaBish: :D
23:17:39 : Side: SAMI   svvay: ^^
23:30:17 : Side: [RussianMafia]Hatter: go go lut
23:30:32 : Side: [RussianMafia]Hatter: man my team 5 mens
23:51:38 : Side: M.K.: 1 tap
23:51:40 : Side: M.K.: :))
