03:06:57 : Group: 2DIE4: wbw
03:07:13 : Group: [HWB] Penetrator: jo
03:07:23 : Group: [HWB] Penetrator: konnte das ding nicht ma heilen
03:07:36 : Group: 2DIE4: wie ?
03:07:53 : Group: [HWB] Penetrator: ja igw halt lol
03:08:09 : Group: 2DIE4:  was denn ?  hab ich was verpasst?
03:08:19 : Group: [HWB] Penetrator: joah 2 ma aufschliessen
03:08:24 : Group: [HWB] Penetrator: immer gut
03:08:53 : Group: [HWB] Penetrator: ka war ewtl auch nurn script
03:09:11 : Group: [HWB] Penetrator: der kleine heli da abgeschlossen ?
03:09:19 : Group: 2DIE4: ka 
03:09:43 : Group: [HWB] Penetrator: jo
03:10:50 : Group: [HWB] Penetrator: mhh gude puddel in de buttel
03:11:04 : Group: 2DIE4: XD
03:12:35 : Group: [HWB] Penetrator: looolw
03:13:23 : Group: [HWB] Penetrator: net lustig
03:13:33 : Group: 2DIE4: muß eben relog
03:14:52 : Group: [HWB] Penetrator: drück eben M steh voll im roten kreis
03:15:03 : Group: 2DIE4:  oooops
03:15:21 : Group: 2DIE4: da is ja der heli  XD
03:15:34 : Group: [HWB] Penetrator: was das ?
03:15:43 : Group: 2DIE4:  nachschubtruppen
03:15:44 : Group: [HWB] Penetrator: BALLERN ??
03:15:50 : Group: 2DIE4:  paras
03:16:17 : Group: [HWB] Penetrator: toll weg als ich geschossen hab
03:16:20 : Group: 2DIE4:  könn ma machen
03:18:21 : Group: [HWB] Penetrator: sin da auch m2 am start hab wie immer nurs pkp bei
03:19:31 : Group: [HWB] Penetrator: findest bei so missions ma sowas wie m107 oder as50 ?
03:19:45 : Group: 2DIE4: M107 is seeehr rar
03:19:53 : Group: 2DIE4:  AS weiß ic h net
03:20:02 : Group: 2DIE4:  anzio is nur zu kaufen
03:20:10 : Group: [HWB] Penetrator: kaufe kannst m107 find ich nur mags
03:20:31 : Group: [HWB] Penetrator: l115 anem crash wars beste bis jetzt
03:22:33 : Group: [HWB] Penetrator: ach hab ma voll kein bock uff nix geburtstach wollten wech son trecks kanacke hat mich eingeparkt drecks bullen meinten ich soll mirn taxi rufen ungla
03:22:51 : Group: [HWB] Penetrator: ublich oder
03:24:13 : Group: [HWB] Penetrator: hatte eigentlich vor am af nach den hotwirekits zu schaun bis du sagtest da sin ai
03:24:52 : Group: 2DIE4: hwk hab ich bis jetzt nur bei missionen bekommen glaub ich 
03:36:25 : Group: [HWB] Penetrator: was sachtn deine humanity ?
03:36:52 : Group: 2DIE4: 71400
03:36:59 : Group: 2DIE4: minus
03:37:04 : Group: [HWB] Penetrator: + .... aha
03:37:34 : Group: 2DIE4: und elog
03:49:58 : Group: [HWB] Penetrator: nochn m2 da ?
03:50:18 : Group: 2DIE4: nö
03:55:24 : Group: 2DIE4: komm looten
04:04:26 : Group: [HWB] Penetrator: ALLES OK ?
04:04:34 : Group: 2DIE4: yap
04:04:57 : Group: [HWB] Penetrator: stary oder ?
04:05:03 : Group: 2DIE4: yap
04:06:37 : Group: [HWB] Penetrator: hat die alte gestöhnt als ich drüber bin hehe
04:07:10 : Group: 2DIE4: XD
04:08:46 : Group: [HWB] Penetrator: wieder ne grundstucksurkunde mir fehlen noch die meisten tuning dingers
04:09:01 : Group: 2DIE4: Xd
08:56:48 : Group: Turmoil: we got our revenge tho :D
08:56:57 : Group: Sierra [SD]: I am glad! :D
08:57:21 : Group: Turmoil: they stole the keys to two of our transports... we blew up two of theirs... fair deal i belive ^^ they gain two and lost two
08:57:47 : Group: Sierra [SD]: who was it?
08:58:20 : Group: Turmoil: The Snikers and a friend of him apparantly... showed up at camp and killed Jesse and Marco
08:58:40 : Group: Turmoil: think his name is written a bit differently than that but, you get the idea ^^
08:59:02 : Group: Sierra [SD]: ah righty - I've never seen him talk on here. Are they russian?
08:59:34 : Group: Turmoil: they might be... i've seen quite a few russians on, they are mostly really anoying, especially when your and LWB have left
09:00:34 : Group: Sierra [SD]: yeah - they usually either seem to talk Russian all the time in side chat or keep completely silent and never talk, that is why I was wondering xD
09:01:02 : Group: Turmoil: yeah, they talk russian in side chat as soon as you guys are not around, filling it up with jibberish xD
09:01:20 : Group: Sierra [SD]: xD - what time did you stay on til last night?
09:01:27 : Group: Turmoil: same goes for Odlbland or whatever hes called and 2DIE4 
09:01:58 : Group: Turmoil: oooh, i guess around 23:40-23:50 i think, around that time
09:03:37 : Group: Sierra [SD]: oh yeah I know - and 2DIE4 always moans when other people do it too! xD. Ah okies not too late then :D - are you an hour or two hours different to us?
09:04:07 : Group: Turmoil: think we are on same time or 1 hour difference, currenty its 10:04 here
09:04:18 : Group: Sierra [SD]: ah yeah 1hr then :D
09:04:26 : Group: Sierra [SD]: ahead
09:05:29 : Group: Turmoil: this is the last weak tho im gonna be up late in the weekdays, monday i start working again hopefully if everything goes good at the hospital today ^^
09:06:04 : Group: Sierra [SD]: Ah ok - you've been away from work sick then?
09:06:46 : Group: Turmoil: not really sick, i broke my right hand in september, been trough a couple of surgeries and stuff so its taken way to long to get back :)
09:07:40 : Group: Sierra [SD]: Oh ouch! Must have broken it quite badly for it to need a couple of ops
09:08:10 : Group: Turmoil: broke the 5th methacarpal, the bone between the knuckle and wrist, straight of
09:08:14 : Group: Turmoil: littlefinger
09:08:29 : Group: Sierra [SD]: how did you manage that?
09:09:06 : Group: Turmoil: hit my left han with a hammer, got a bit angry and apparently my automatic reaction was to hit a brick wall with my right hand... makes sense, yeh? xD
09:10:10 : Group: Sierra [SD]: OMG forgot i had that turned on - just hit a wrong button tp'd forward a little bit and nearly killed myself lol. Oh! silly boy xD that must have been
09:10:15 : Group: Sierra [SD]: very painful!
09:10:55 : Group: Turmoil: absolutely... when they set the fracture at the hospital they gave me no anastecia or anything... when they were done i actually passed out from the p
09:10:58 : Group: Turmoil: pain
09:11:46 : Group: Sierra [SD]: i expect you will be glad to get back to work - it must have been a bit boring for you
09:12:22 : Group: Turmoil: yeah... umm is the helicopter/plane thing at our base player or just spawned in Ai transport? :O 
09:12:50 : Group: Sierra [SD]: there is a bandit mission nearby
09:13:00 : Group: Sierra [SD]: its a patrol though
09:13:05 : Group: Sierra [SD]: shouldnt be a heli
09:13:06 : Group: Turmoil: its not locket either so... wish i knew how to fly it so i could sell it xD
09:13:20 : Group: Sierra [SD]: lol what is it?
09:13:31 : Group: Turmoil: the plane that can take of and land vertically
09:13:52 : Group: Sierra [SD]: oh the mv22 - they are ok to take off with auto hover but a bit trick to land i find :D
09:14:15 : Group: Turmoil: guess i can autohover down to the airfield xD slow but effective thenw
09:14:56 : Group: Turmoil: im gonna try and take out the bandits ^^
09:15:19 : Group: Sierra [SD]: yeah you auto hover to get up in the air but because it is like a plane you need to take the auto hover off or it doesnt fly well. 
09:15:27 : Group: Sierra [SD]: ah cool :D - i was heading that way too
09:16:13 : Group: Turmoil: im just missing my targets.... ooooooh *anoyed*
09:16:29 : Group: Sierra [SD]: you can use your m107 xD
09:16:37 : Group: Turmoil: no ammo :)
09:16:47 : Group: Sierra [SD]: damn :P
09:17:40 : Group: Turmoil: got one
09:17:51 : Group: Sierra [SD]: well done! :D
09:18:01 : Group: Turmoil: two more down
09:18:15 : Group: Turmoil: 3
09:18:57 : Group: Turmoil: if you want to kill any of them you need to hurry ;)
09:19:10 : Group: Sierra [SD]: nah - ill go for the camp instead :D
09:19:43 : Group: Turmoil: yaaaay
09:19:46 : Group: Sierra [SD]: I see Dobry "Do6ry" has finally removed his xml 
09:20:04 : Group: Sierra [SD]: good job :D
09:20:07 : Group: Turmoil: whats an XML?
09:20:46 : Group: Sierra [SD]: its a link you put on your character profile which uploads a file which shows your clan info etc on your player profile
09:21:01 : Group: Sierra [SD]: but they can seriously muck up a server
09:21:30 : Group: Turmoil: ah i see ^^ 
09:21:55 : Group: Turmoil: im gonna see if i got any good stuff ^^
09:22:14 : Group: Sierra [SD]: we asked him and his friend to remove them and he kept arguing about it - yes - keep an eye out because i saw a vehicle driving around near here
09:22:27 : Group: Sierra [SD]: think it might have left though
09:22:29 : Group: Sierra [SD]: a golf
09:22:38 : Group: Turmoil: hmmm, should probably scout the area then...
09:23:29 : Group: Sierra [SD]: its freezing in here because I'm having to charge my car battery up - it was flat this morning - had to jump start it
09:23:37 : Group: Turmoil: this is just gonna end up with me dead and no loot xD
09:23:47 : Group: Turmoil: that sucks :( its quite cold here as well, around minus 14 
09:24:29 : Group: Sierra [SD]: lol :D I'm sure you will be fine :D - yeah it has actually warmed up here today - 5.9 - supposed to stay warm now over the weekend but when you are 
09:24:42 : Group: Sierra [SD]: sat next to an open window...
09:25:05 : Group: Turmoil: sounds a bit chilly yeah xD we had the window open all last night becouse of the crazy lady upstairs
09:25:29 : Group: Sierra [SD]: what was she doing last night?
09:25:31 : Group: Turmoil: had to move the wifi router downstairs to us and drag a ethernet cable trough the window
09:25:40 : Group: Turmoil: she belive it gives deadly radiation
09:25:54 : Group: Sierra [SD]: oh - hmmm she sounds a bit odd!
09:26:13 : Group: Turmoil: shes not normal xD
09:26:33 : Group: Sierra [SD]: has she been there long?
09:27:03 : Group: Turmoil: we lived here since april and she lived here when we moved here ^^
09:27:20 : Group: Sierra [SD]: well that is unfortunate
09:27:36 : Group: Sierra [SD]: our neighbour can be a bit funny sometimes too
09:30:53 : Group: Turmoil: if i put a backback with items in a truck, will i lose the items?
09:31:07 : Group: Sierra [SD]: never tried it :P
09:31:22 : Group: Sierra [SD]: want me to come try it 1st and see what happens?
09:31:47 : Group: Turmoil: sure, then i dont loose anything xD
09:31:58 : Group: Sierra [SD]: ok coming
09:32:20 : Group: Turmoil: this would be heaven for 2DIE4 :D 3 or 4 VSS'es
09:33:23 : Group: Sierra [SD]: xD - hmm I'm sure I lost two mags
09:33:27 : Group: Sierra [SD]: let me try again
09:33:34 : Group: Turmoil: a bit sketchy then...
09:34:35 : Group: Sierra [SD]: mmmm it seems ok - maybe i just had less mags then i thought
09:34:44 : Group: Turmoil: haha ^^ maybe ^^
09:34:46 : Group: Sierra [SD]: everything else seems to be there
09:34:53 : Group: Turmoil: nice
09:35:05 : Group: Sierra [SD]: xD
09:35:05 : Group: Turmoil: if you need/want anything feel free to get whatever you like from the truck
09:35:10 : Group: Turmoil: perhaps an VSS? 
09:35:31 : Group: Sierra [SD]: thanks - lol - I'm good thanks - got my m107 for now until someone kills me and steals it :D
09:35:43 : Group: Turmoil: ooooh tempting
09:35:50 : Group: Turmoil: lucky for you im a good boy
09:35:53 : Group: Turmoil: lol xD
09:35:59 : Group: Sierra [SD]: hopping back to my barn!! :P
09:36:02 : Group: Sierra [SD]: lol :D
09:36:10 : Group: Turmoil: thanks for help ^^ 
09:36:23 : Group: Sierra [SD]: thats ok - better my stuff lost than yours!
09:36:47 : Group: Turmoil: ill get my new stuff into the storage and see if i cant fly the heli down to the trader :D
09:37:15 : Group: Sierra [SD]: yeah i think they are worth a couple of briefcases at least
09:37:37 : Group: Turmoil: should be yeah, the heli ola came with was 2 ^^
09:37:45 : Group: Sierra [SD]: nice! xD
09:38:30 : Group: Sierra [SD]: I would have said we could go on teamspeak as its a bit quieter at the moment but my mum is in the office too and playing wow so loudly i don't think 
09:38:34 : Group: Sierra [SD]: i would hear you lol
09:38:47 : Group: Turmoil: hahahah
09:38:58 : Group: Turmoil: well im in the lobby already so, been there since i came on ^^
09:39:57 : Group: Sierra [SD]: ah - I was about to say I'm sat in the admin room atm but the connection just went
09:41:05 : Group: Turmoil: i got a document that says offroad performance x1?
09:41:19 : Group: Sierra [SD]: yeah i haven't found anything you can use that on yet
09:41:40 : Group: Sierra [SD]: they were supposed to be vehicle upgrades but I don't think they work
12:11:56 : Group: BOBAH: ты её до нас чистил )
12:12:00 : Group: BOBAH: конечно
12:12:04 : Group: BOBAH: твоя же миска
12:28:40 : Group: BOBAH: в пулково
12:28:43 : Group: BOBAH: где башня
12:29:03 : Group: hitrec: 052/100
12:29:34 : Group: Replicate: ок
12:29:59 : Group: Replicate: я тогда потехоньку перебераюсь в ту область
12:30:05 : Group: Replicate: поти*
12:30:08 : Group: hitrec: не видел куда патруль путь держит?
12:30:15 : Group: Replicate: неа
12:30:20 : Group: Replicate: а вы же герои?
12:30:46 : Group: Replicate: у меня хаммер тут на дороге валяется, можете продать
12:30:49 : Group: hitrec: вован да, мне 300 хумки не осталось добрать
12:31:02 : Group: Replicate: я его с собой захвачу
12:34:53 : Group: hitrec: нас тут забанили позавчера за отряд
12:35:08 : Group: hitrec: хотели бросить серв, но он один хороший на 106
12:35:20 : Group: hitrec: разбанились, xml удалили
12:35:31 : Group: Replicate: за что забанили?
12:35:40 : Group: hitrec: за клановый xml
12:35:53 : Group: hitrec: ссылка в профиле
12:36:04 : Group: hitrec: пришлось удалить
12:36:10 : Group: Replicate: маразм
12:36:15 : Group: hitrec: эт да
12:40:35 : Group: hitrec: на всех серверах тут живем )
12:40:51 : Group: hitrec: одну и ту же базу уже три раза строил )
12:41:01 : Group: Replicate: место хорошее?
12:41:07 : Group: hitrec: красивое
12:41:18 : Group: BOBAH: хах , у нас такой же хамер )
12:41:34 : Group: Replicate: этот продать нужно
12:41:41 : Group: BOBAH: продадим
12:41:56 : Group: Replicate: я поставлю сейф?
12:42:00 : Group: BOBAH: ставь
12:42:38 : Group: BOBAH: если есть потребность в оружии , говориф
12:43:07 : Group: Replicate: ок
12:43:11 : Group: Replicate: спасибо
12:46:14 : Group: Replicate: цепляйте хаммер
12:46:18 : Group: BOBAH: ща
12:46:55 : Group: BOBAH: ключ от верта бери
12:46:58 : Group: BOBAH: беру*
12:47:38 : Group: BOBAH: верт пустой ((((
12:47:40 : Group: Replicate: кек
12:47:48 : Group: Replicate: у меня канистры есть
12:47:54 : Group: Replicate: для бензопилы брал
12:47:54 : Group: BOBAH: вылазь , так доедем
12:48:09 : Group: BOBAH: там бочки нужны чтоб заправить
12:49:00 : Group: BOBAH: так повезём ?
12:49:22 : Group: Replicate: ну да
12:49:51 : Group: Replicate: а тут бронетехника продается?
12:50:02 : Group: hitrec: вроде нет
12:50:21 : Group: Replicate: только этот хаммер же только у героя продать можно
12:50:36 : Group: BOBAH: знаю
12:52:53 : Group: Replicate: по поводу бронетехники. тут просто топазы и тд продаются
12:53:12 : Group: hitrec: так это теперь вообще валюта )
12:53:33 : Group: Replicate: просто раньше они были только с бронетехникой
12:53:43 : Group: Replicate: я просто года 2 в арму 2 не играл
12:53:59 : Group: hitrec: да не, у нас на серве просто продавалась за брифы
12:54:56 : Group: Replicate: это была миссия
12:55:01 : Group: hitrec: ахах
12:55:07 : Group: Replicate: кек
12:55:33 : Group: Replicate: гайс, а у вас дмрка есть?
12:55:39 : Group: hitrec: да
12:56:13 : Group: Replicate: можно 1 украсть пока на миссии не найду?
12:56:43 : Group: BOBAH: бери
12:56:55 : Group: Replicate: спасибо
12:57:02 : Group: hitrec: нзч
12:57:12 : Group: Replicate: камуфляж забери
12:57:15 : Group: Replicate: он твой
12:57:39 : Group: hitrec: оставь себе 0
12:57:43 : Group: hitrec: * )
12:57:49 : Group: Replicate: грациас
12:58:52 : Group: Replicate: цесна
12:59:00 : Group: Replicate: ой, не цесна
12:59:12 : Group: Replicate: у кого-то там мясо
12:59:25 : Group: hitrec: турбовозбудитель xD
13:00:16 : Group: Replicate: куда
13:00:18 : Group: BOBAH: бери
13:00:22 : Group: BOBAH: ща рестарт
13:00:32 : Group: BOBAH: выезжаем из трейда
13:00:44 : Group: Replicate: грац
13:00:46 : Group: BOBAH: после рестарта зайдёшь ?
13:00:51 : Group: Replicate: есесьно
13:00:58 : Group: BOBAH: )
13:01:16 : Group: BOBAH: в лесочке вышел бы
13:09:53 : Group: hitrec: это мы тебя там в друзья добавили? )
13:09:58 : Group: Replicate: на миссию?
13:10:00 : Group: hitrec: все верно?
13:10:00 : Group: Replicate: да
13:10:07 : Group: hitrec: ок ) Щас вовка зайдет
13:11:20 : Group: hitrec: 11 км по прямой )))
13:12:15 : Group: Replicate: куда 11?
13:12:27 : Group: hitrec: в мышкино, на верт со снайперсками
13:12:31 : Group: Replicate: а на геройские миссии не ,
13:12:38 : Group: Replicate: они не подходят?
13:12:42 : Group: hitrec: пока нет )
13:12:47 : Group: hitrec: хумку сливать
13:13:04 : Group: Replicate: а, ок. А то я не вкурсе
13:13:37 : Group: Replicate: ну где там вован
13:14:58 : Group: hitrec: все, тут
13:15:10 : Group: Replicate: а что за кэмпы?
13:15:13 : Group: Replicate: на карте
13:15:20 : Group: hitrec: лагеря военные
13:15:30 : Group: hitrec: там по 3-5 ботов бегают
13:15:33 : Group: Replicate: там бандиты или герои?
13:15:38 : Group: hitrec: бандиты
13:15:41 : Group: Replicate: и что по луту?
13:16:00 : Group: hitrec: там казармы
13:16:13 : Group: BOBAH: сорри за задержку
13:16:48 : Group: BOBAH: сколько хуманити у тебя ?
13:16:54 : Group: Replicate: 3589
13:17:00 : Group: BOBAH: а
13:17:11 : Group: BOBAH: ну до 5к не много
13:17:19 : Group: Replicate: было 4200 пока в вас не пострелял
13:17:22 : Group: Replicate: )
13:17:24 : Group: hitrec: )))
13:17:26 : Group: BOBAH: ))
13:19:44 : Group: Replicate: на какую едем?
13:19:49 : Group: hitrec: новую
13:21:33 : Group: hitrec: прямо
13:24:43 : Group: BOBAH: мне кажется тут есть кто-то
13:24:54 : Group: Replicate:  и мне
13:25:29 : Group: BOBAH: машина
13:25:36 : Group: BOBAH: ехала
13:25:41 : Group: Replicate: пыль была
13:25:55 : Group: BOBAH: по дороге проехала
13:25:56 : Group: Replicate: тройка открыта
13:27:11 : Group: BOBAH: вижу один станок
13:27:13 : Group: BOBAH: могу убивать
13:27:31 : Group: BOBAH: так что ?
13:27:31 : Group: Replicate: вижу второй
13:27:36 : Group: BOBAH: начинем ?
13:27:47 : Group: BOBAH: станок
13:29:04 : Group: Replicate: пиздец
13:29:31 : Group: BOBAH: хитрец убил одного
13:29:51 : Group: BOBAH: тупо слились
13:31:41 : Group: Replicate: я бегу
13:31:47 : Group: BOBAH: велик сделайв
13:34:09 : Group: hitrec: мозинка шикарна )
13:34:16 : Group: hitrec: мосинка
13:36:28 : Group: Replicate: я тут
13:38:41 : Group: Replicate: бывает
13:38:52 : Group: hitrec: угу )
13:40:25 : Group: Replicate: кек
13:40:29 : Group: Replicate: война
13:43:39 : Group: BOBAH: чё мож валим отсюда ?
13:43:54 : Group: Replicate: залутаать нужно себя
13:45:56 : Group: BOBAH: поца убил , у него дмр была
13:46:20 : Group: Replicate: минус 1 станок еще
13:47:20 : Group: BOBAH: минус 5 ботов
13:47:25 : Group: Replicate: и я 6
13:48:03 : Group: BOBAH: блин поца убил минус 3к хуманитиъ
13:49:29 : Group: Replicate: вижу еще 3
13:49:55 : Group: BOBAH: я стрелял
13:50:00 : Group: BOBAH: по зомби елси что
13:50:28 : Group: Replicate: еще 3 минимум
13:50:34 : Group: Replicate: возле меня
13:50:34 : Group: BOBAH: я 8 убил
13:51:39 : Group: BOBAH: по мне кто-то стрелял
13:51:45 : Group: BOBAH: отступил
13:51:49 : Group: Replicate: я жив
13:51:54 : Group: Replicate: 600 крови
13:52:19 : Group: Replicate: еще 1 вижу
13:52:32 : Group: Replicate: от меня метрах в 30
13:52:41 : Group: Replicate: на линии куста
13:53:03 : Group: Replicate: еще один
13:53:05 : Group: Replicate: слева
13:53:10 : Group: Replicate: ползет
13:53:37 : Group: Replicate: хитек
13:53:45 : Group: Replicate: там где дальний пулемет
13:53:51 : Group: Replicate: слева от него
13:53:59 : Group: Replicate: живой
13:54:14 : Group: Replicate: возле меня
13:54:21 : Group: Replicate: прям тут
13:54:23 : Group: Replicate: 5 метров
13:54:30 : Group: Replicate: в панамке
13:55:10 : Group: BOBAH: у меня обзор плохой
13:55:13 : Group: BOBAH: никого не вижуф
13:55:36 : Group: Replicate: кровь есть?
13:57:13 : Group: BOBAH: крови залить ?
13:57:17 : Group: Replicate: еще 2 минимум есть
13:57:24 : Group: Replicate: да, пожалуйста
13:57:32 : Group: BOBAH: без проблем
13:57:40 : Group: BOBAH: ща на машине в центр поеду
13:57:44 : Group: BOBAH: разведать
13:57:51 : Group: BOBAH: если что на подхвате
13:57:55 : Group: Replicate: один там где хитрец валяется
13:57:58 : Group: BOBAH: норм ?ы
13:58:06 : Group: Replicate: да
13:58:21 : Group: BOBAH: задавилц
13:58:41 : Group: Replicate: не
13:58:43 : Group: Replicate: застрелил
13:59:57 : Group: Replicate: 2
14:00:45 : Group: Replicate: а где ящик?
14:00:57 : Group: BOBAH: убил их ?
14:01:07 : Group: Replicate: да
14:01:12 : Group: BOBAH: красава
14:04:32 : Group: BOBAH: меня не лутал ?
14:04:36 : Group: Replicate: нет
14:04:49 : Group: hitrec: 2 места всего, он не сядет
14:04:58 : Group: Replicate: туплюц
14:05:53 : Group: Replicate: :Ж
14:06:23 : Group: BOBAH: ну , какие итоги от миссии ?
14:06:27 : Group: BOBAH: я убил одного поца
14:06:32 : Group: Replicate: получили пиздыц
14:06:38 : Group: BOBAH: хитрец ещё одного
14:06:44 : Group: BOBAH: лут ?
14:06:49 : Group: Replicate: ну такое
14:06:57 : Group: Replicate: боты только
14:07:15 : Group: BOBAH: я хотяб себя залутаю
14:07:30 : Group: BOBAH: просто так постреляли получается
14:07:40 : Group: BOBAH: ещё 3 к хумки просрал
14:07:46 : Group: BOBAH: ну ничего , бывает
14:08:16 : Group: BOBAH: за трупом бегу )
14:11:12 : Group: Replicate: куда,
14:11:16 : Group: BOBAH: дмр на
14:11:20 : Group: BOBAH: и патроны
14:11:23 : Group: BOBAH: положил
14:11:29 : Group: Replicate: грац
14:11:36 : Group: Replicate: в лопатино?
14:11:41 : Group: Replicate: через старый
14:11:44 : Group: BOBAH: у тебя скар патроны есть ?
14:11:47 : Group: Replicate: неа
14:11:48 : Group: hitrec: на бэндит патруль, там лут хороший
14:11:52 : Group: BOBAH: го
14:11:56 : Group: Replicate: го
14:12:00 : Group: Replicate: через старый
14:12:04 : Group: Replicate: продать надо
14:12:20 : Group: BOBAH: играем , а даже имени не знаем твоего )
14:12:25 : Group: Replicate: владц
14:12:25 : Group: BOBAH: хитрец - Андрюха
14:12:30 : Group: BOBAH: я Вован
14:12:37 : Group: BOBAH: приятно познакомитьс
14:12:40 : Group: BOBAH: я
14:12:42 : Group: Replicate: взаимно
14:12:43 : Group: BOBAH: ))
14:12:45 : Group: hitrec: ага
14:13:35 : Group: BOBAH: ща историю расскажу
14:13:56 : Group: BOBAH: однажды с Андрюхой увидели патруль движущийся
14:14:00 : Group: BOBAH: ну поехали на него
14:14:09 : Group: BOBAH: отжали хаммер с м2
14:14:13 : Group: hitrec: 2 дня назад
14:14:16 : Group: BOBAH: который ещё бронированный
14:14:18 : Group: BOBAH: взяла
14:14:21 : Group: BOBAH: взяли*
14:14:26 : Group: BOBAH: едем в старый
14:14:35 : Group: BOBAH: к нам подходят 2 пацана
14:14:49 : Group: BOBAH: по английски нам предлагают этот хамер за 20 
14:14:52 : Group: BOBAH: брифов
14:15:12 : Group: BOBAH: мы еле как на ломанном английском продали его )
14:15:16 : Group: BOBAH: они забрали
14:15:20 : Group: BOBAH: покатались и вернули
14:15:27 : Group: Replicate: кек
14:15:32 : Group: BOBAH: прикинь 20 брифов с куста
14:15:39 : Group: Replicate: ке кисловц
14:15:45 : Group: Replicate: не*
14:15:46 : Group: BOBAH: ага
14:16:02 : Group: BOBAH: потом мы взяли этот хамер и в геройке ещё раз продали )
14:16:22 : Group: BOBAH: видимо админы те поцы были
14:16:57 : Group: Replicate: что мне продавать?
14:17:02 : Group: BOBAH: всё 
14:17:11 : Group: BOBAH: что тебе нужно оставь
14:18:21 : Group: Replicate: 47
14:18:23 : Group: Replicate: золота
14:19:33 : Group: Replicate: то не продается
14:19:37 : Group: Replicate: нужно выкинуть
14:19:46 : Group: BOBAH: что ?
14:19:49 : Group: BOBAH: пулик ?
14:19:52 : Group: Replicate: 48 мод 0
14:19:57 : Group: BOBAH: там прицел нужно снять
14:19:58 : Group: Replicate: кек
14:20:07 : Group: Replicate: новый епоч
14:23:50 : Group: BOBAH: минус 2
14:24:24 : Group: Replicate: а аиммпоинт тоже продается,
14:25:05 : Group: Replicate: не успел
14:25:28 : Group: Replicate: все,
14:25:31 : Group: Replicate: ?
14:26:52 : Group: BOBAH: я еду
14:27:00 : Group: BOBAH: сам себя залутаю 
14:28:23 : Group: BOBAH: патруль
14:28:28 : Group: BOBAH: в кабанино едет
14:28:32 : Group: BOBAH: можно подождать их там
14:29:59 : Group: Replicate: куда едем?
14:30:09 : Group: hitrec: ПАТРУЛЬ БУДЕМ ЛОВИТЬ
14:30:11 : Group: hitrec: ой
14:30:19 : Group: Replicate: в кабанино?
14:30:23 : Group: BOBAH: ага
14:30:24 : Group: hitrec: ага
14:32:42 : Group: BOBAH: он не в машине
14:32:45 : Group: BOBAH: выпрыгнул
14:32:56 : Group: Replicate: чего?
14:32:58 : Group: BOBAH: а
14:33:01 : Group: BOBAH: я тупанул
14:33:07 : Group: BOBAH: думал он с нами еде )))))
14:33:16 : Group: BOBAH: сорян ))
14:34:00 : Group: BOBAH: можно и в старом их подкараулить
14:34:18 : Group: Replicate: а они бандиты?
14:34:20 : Group: BOBAH: ехали в старый
14:34:24 : Group: BOBAH: вроде
14:34:34 : Group: BOBAH: хитрый в кабанино сидит
14:35:33 : Group: Replicate: что дальше?
14:35:39 : Group: BOBAH: я думал продаться
14:35:42 : Group: BOBAH: лута много ?
14:35:47 : Group: Replicate: ну да
14:35:56 : Group: BOBAH: ну давай продавай я тут буду
14:38:09 : Group: BOBAH: ждём крч
14:39:55 : Group: BOBAH: ой
14:40:00 : Group: Replicate: сейф зона
14:40:02 : Group: BOBAH: я стрельунл ?
14:40:05 : Group: Replicate: я
14:40:07 : Group: BOBAH: я сам испугался
14:40:08 : Group: Replicate: по кабану
14:40:15 : Group: BOBAH: аа
14:40:22 : Group: BOBAH: я аж подпрыгнул
14:40:34 : Group: Replicate: :)
14:41:00 : Group: BOBAH: лол
14:41:12 : Group: BOBAH: ахахаха
14:41:29 : Group: BOBAH: у меня моргает капец
14:41:37 : Group: Replicate: это сейф зона
14:42:01 : Group: Replicate: они долго?
14:42:07 : Group: BOBAH: хз
14:42:13 : Group: BOBAH: АНдрюха поехал к ним
14:42:27 : Group: BOBAH: обычно они тупят
14:42:32 : Group: BOBAH: застрянут где нить
14:42:37 : Group: Replicate: давай к нему
14:42:47 : Group: BOBAH: го
14:43:01 : Group: BOBAH: миссия
14:43:08 : Group: BOBAH: в новом
14:43:12 : Group: BOBAH: он нашёл их
14:43:15 : Group: BOBAH: поехали
14:43:25 : Group: Replicate: в новый?
14:43:29 : Group: BOBAH: в долину
14:47:02 : Group: BOBAH: минус один станок
14:48:22 : Group: BOBAH: всё ?
14:48:26 : Group: Replicate: я жив
14:48:30 : Group: Replicate: слава богу
14:48:31 : Group: BOBAH: падал ?в
14:50:48 : Group: BOBAH: а откуда тебя бот убил ?
14:50:49 : Group: Replicate: упал
14:50:54 : Group: Replicate: хз
14:50:59 : Group: BOBAH: не вижу его
14:51:14 : Group: Turmoil: hey, are you on TS? 
14:51:27 : Group: Jesse: yes
14:53:56 : Group: BOBAH: по мне стреляли
14:54:15 : Group: BOBAH: чел видимо
14:54:16 : Group: Replicate: я почти тут
14:54:22 : Group: Replicate: тут база де я
14:54:24 : Group: Replicate: рядом
14:55:18 : Group: Replicate: это нам
14:56:20 : Group: Replicate: 1
14:59:10 : Group: BOBAH: конченный какой то
14:59:50 : Group: BOBAH: ok
15:00:02 : Group: BOBAH: в
15:00:54 : Group: Replicate: не лутали меня?
15:01:02 : Group: BOBAH: не
15:01:11 : Group: Replicate: левей
15:02:12 : Group: Franchi516: Хай пацаны
15:02:19 : Group: Franchi516: Простите кого слил
15:02:21 : Group: hitrec: ку
15:02:55 : Group: BOBAH: ну ты даёшь , говоришь не будешь стрелять 
15:03:00 : Group: BOBAH: и мне ноги ломаешь
15:03:03 : Group: Franchi516: Подкините до Моей тачки
15:03:07 : Group: BOBAH: еле вылечился
15:03:09 : Group: Franchi516: Я не с лапой был
15:03:47 : Group: BOBAH: садись
15:03:50 : Group: BOBAH: куда едем ?
15:04:05 : Group: Replicate: тут скар патроны
15:04:10 : Group: Replicate: вов
15:04:13 : Group: Replicate: нужны
15:04:16 : Group: Replicate: ?
15:04:20 : Group: BOBAH: да
15:04:23 : Group: BOBAH: а не
15:04:24 : Group: BOBAH: то сд
15:04:30 : Group: BOBAH: мне не сд нужны
15:04:30 : Group: Replicate: не сд
15:04:32 : Group: Franchi516: Все
15:04:33 : Group: Replicate: обычные
15:04:43 : Group: Franchi516: Подкините до моей тачки
15:04:44 : Group: Franchi516: ?
15:04:48 : Group: Franchi516: Я её возьму
15:04:48 : Group: BOBAH: сд это
15:04:52 : Group: BOBAH: да
15:05:01 : Group: BOBAH: садисб
15:05:07 : Group: BOBAH: куда довести ?
15:05:22 : Group: BOBAH: куда ?
15:05:23 : Group: Franchi516: 72 59
15:05:27 : Group: Franchi516: 72 сверху
15:05:31 : Group: Franchi516: 59 слева
15:05:43 : Group: BOBAH: да я понимаю :)
15:06:00 : Group: Franchi516: В меня пойми я обосрался когда выстрелы услышал
15:06:33 : Group: BOBAH: я тебя ладе не видел
15:06:39 : Group: BOBAH: адже*
15:06:44 : Group: BOBAH: даже*
15:06:49 : Group: Replicate: мы куда?
15:06:55 : Group: hitrec: в сс
15:06:57 : Group: Franchi516: С моей голубой головой это странно
15:07:07 : Group: Franchi516: Я увидел герой и следить начал.
15:07:15 : Group: Franchi516: Не они
15:07:25 : Group: BOBAH: всё?
15:07:28 : Group: BOBAH: я поеду
15:07:30 : Group: BOBAH: давай
15:07:30 : Group: Franchi516: Да
15:07:35 : Group: Franchi516: Подожди меня толькоц
15:08:16 : Group: Franchi516: Я знаю что это говно
15:08:44 : Group: BOBAH: садись ко мне
15:08:49 : Group: BOBAH: машину зацепи
15:08:54 : Group: Franchi516: Но оно не пробиваемое в жопу
15:09:08 : Group: Franchi516: Нецепляемо
15:10:39 : Group: Franchi516: Опа
15:10:44 : Group: Franchi516: Поедим?ц
15:10:56 : Group: BOBAH: 22 минуты до рестарта
15:11:00 : Group: Franchi516: А
15:11:08 : Group: BOBAH: 25*
15:11:14 : Group: BOBAH: лол
15:11:17 : Group: BOBAH: не заметил
15:11:32 : Group: BOBAH: есть коляскио ?
15:11:49 : Group: Franchi516: Одно?
15:11:53 : Group: BOBAH: ага
15:12:10 : Group: BOBAH: да щас поцы подъедут
15:12:14 : Group: Franchi516: Отойди
15:12:25 : Group: Replicate: там мв
15:12:27 : Group: Replicate: 22
15:12:33 : Group: BOBAH: не успеем
15:12:38 : Group: Replicate: успеем
15:12:41 : Group: Franchi516: Не
15:12:44 : Group: Franchi516: Запаски нет
15:12:52 : Group: BOBAH: ща приедут
15:13:11 : Group: BOBAH: поехали
15:13:12 : Group: Replicate: едем на мв?
15:13:17 : Group: Franchi516: 22
15:13:19 : Group: BOBAH: в сс
15:13:19 : Group: Franchi516: минуты
15:13:31 : Group: Replicate:  я за 15 управлялся
15:13:42 : Group: Replicate: тем более место хорошее
15:13:43 : Group: Franchi516: Я мв управляю норм
15:13:47 : Group: Replicate: и я 
15:13:49 : Group: Replicate: профиц
15:13:51 : Group: BOBAH: да мы все норм
15:14:06 : Group: Replicate: жду вас там
15:14:41 : Group: Franchi516: ОТойду
15:18:15 : Group: Replicate: 700 м
15:20:30 : Group: BOBAH: ты чистишь уже ?
15:20:48 : Group: Replicate: почти
15:22:21 : Group: Franchi516: Хах лол
15:22:26 : Group: BOBAH: ещё один )))
15:23:04 : Group: Franchi516: Я хамер нашел с грнантометом
15:23:17 : Group: hitrec: норм )
15:23:40 : Group: Franchi516: Я к вам лечу
15:23:50 : Group: Franchi516: На праге
15:23:54 : Group: BOBAH: к нам подлети , возьми колёса
15:24:02 : Group: BOBAH: авария
15:24:04 : Group: BOBAH: дтп
15:24:04 : Group: Franchi516: Бле
15:24:10 : Group: Franchi516: Я тут уже почти у горки
15:24:20 : Group: BOBAH: а ну лан
15:24:20 : Group: Franchi516: Разворот тогдац
15:24:39 : Group: BOBAH: не
15:24:40 : Group: BOBAH: едб
15:24:56 : Group: Franchi516: Хели
15:24:57 : Group: BOBAH: едь на миску
15:25:05 : Group: BOBAH: помогай , мы далеко
15:25:12 : Group: Franchi516: Я не чистану
15:25:19 : Group: Franchi516: в Соло
15:25:57 : Group: BOBAH: мы врезались , не можем подъехать
15:26:00 : Group: Franchi516: Как буксировать?
15:26:15 : Group: hitrec: Tow..
15:26:26 : Group: Franchi516: Сколько колес надо?
15:26:40 : Group: BOBAH: та уже не надо
15:26:42 : Group: BOBAH: бежим
15:27:02 : Group: Franchi516: НА мис идет?
15:27:17 : Group: BOBAH: не
15:27:19 : Group: BOBAH: далеко
15:27:49 : Group: Franchi516: А вы лд?
15:27:55 : Group: BOBAH: всегда норм миссии появляются ближе к рестарту
15:28:03 : Group: BOBAH: мы бежим прост
15:28:21 : Group: Franchi516: Ладно я на миссц
15:29:32 : Group: Franchi516: ц
15:29:56 : Group: Franchi516: Есть тачка в березиноц
15:30:49 : Group: Franchi516: Все
15:30:53 : Group: Franchi516: Неуспели
15:31:31 : Group: BOBAH: Влад , как успехи ?
15:32:10 : Group: Franchi516: Как думаете проскочу?
15:32:35 : Group: BOBAH: проскочил...
15:34:09 : Group: BOBAH: проскочил...
15:34:14 : Group: Replicate: успел
15:34:18 : Group: Replicate: за вещами
15:34:20 : Group: Replicate: фууух
15:34:35 : Group: Franchi516: Я успешен
15:34:37 : Group: Franchi516: Топ
15:34:43 : Group: Franchi516: У заправки в горке был
15:34:45 : Group: Franchi516: Ван шот
15:34:50 : Group: Franchi516: И праги нЕТ
15:34:50 : Group: BOBAH: чё , Влад не получилось ?
15:35:39 : Group: Franchi516: Я на милитарку в кабанку дабы полсе реста что нить купить
15:39:11 : Group: Turmoil: Sierra?
15:39:22 : Group: Sierra [SD]: heya :)
15:39:30 : Group: Sierra [SD]: still in a group from earlier
15:39:41 : Group: Turmoil: what happend? no warning message? 
15:39:43 : Group: Jesse: ^^ 
15:39:56 : Group: Turmoil: i didnt see any RED TEXT! loool... 
15:39:58 : Group: Sierra [SD]: Dont know - I was getting them ok
15:40:04 : Group: Sierra [SD]: no idea lol
15:40:19 : Group: Sierra [SD]: had the 5 min warning and then the log out now one.
15:40:27 : Group: Turmoil: ah well, guess the text drove on the wrong side of the road and went past me without me noticing ^^
15:40:35 : Group: Sierra [SD]: :P
15:41:14 : Group: Sierra [SD]: I wonder if that happened for others too then
15:43:26 : Group: Sierra [SD]: Well I shall get out of you guys group - I'm sure you don't want the admin sat in here :P
15:49:33 : Group: Jesse: ?
15:49:38 : Group: Jesse: aah hi
15:54:02 : Group: Sierra [SD]: lol hello again
15:54:11 : Group: Turmoil: did i invite you? :O
15:54:18 : Group: Sierra [SD]: Jesse
15:54:25 : Group: Sierra [SD]: I believe
15:54:41 : Group: Turmoil: oh ^^
15:54:53 : Group: Turmoil: well at least we know where we have you... so we dont kill you ^^
16:02:40 : Group: Sierra [SD]: bonjour :)
16:02:55 : Group: Turmoil: hola seniorita ^^
16:03:01 : Group: Sierra [SD]: :)
16:05:15 : Group: Jesse: sierra can you add prismic
16:05:18 : Group: Turmoil: sierra, your group leader apparently...
16:05:20 : Group: Turmoil: xD
16:05:28 : Group: Sierra [SD]: oh yep :D
16:07:45 : Group: Turmoil: is it possible to rename keys Sierra?
16:08:06 : Group: PRISMIC: mhacker i shot you loads befor you killed  me !
16:08:15 : Group: Sierra [SD]: not as far as I know but will double check with LWB
16:08:34 : Group: PRISMIC: can you check if  he is hacking ?
16:09:10 : Group: PRISMIC: think  he had god mode on #
16:09:25 : Group: Sierra [SD]: i can take a look at him 
16:09:31 : Group: PRISMIC: ty
16:09:49 : Group: Sierra [SD]: who was it?
16:10:25 : Group: PRISMIC: approved mudurur
16:10:38 : Group: Sierra [SD]: infistar should pick it up if he was mind but the odd one might slip through - ok i will have a look
16:10:53 : Group: Sierra [SD]: nope def not possible to rename keys btw
16:13:51 : Group: Turmoil: can you figure out the number of what key belongs to wich veichle? xD
16:14:04 : Group: Turmoil: anyway i can do that? without running back and forth?
16:15:08 : Group: Sierra [SD]: erm nope lol - perhaps you should write them down. The only way to tell is when you unlock a vehicle and the name of it comes up
16:15:28 : Group: Turmoil: yeah, i will do that when i find out wich one belongs where xD
16:15:35 : Group: Turmoil: so anoying
16:15:39 : Group: Sierra [SD]: haha :D - too many vehicles ;)
16:15:52 : Group: Turmoil: i only have 4 :(
16:15:58 : Group: Sierra [SD]: oh lol :D
16:16:10 : Group: Turmoil: found the right one! :D
16:16:15 : Group: Sierra [SD]: woo!
16:18:00 : Group: Turmoil: i see you ^^
16:18:26 : Group: Sierra [SD]: xD
16:18:35 : Group: Sierra [SD]: im spectating approved still
16:19:20 : Group: Sierra [SD]: is my bike still there?
16:19:30 : Group: Turmoil: where? 
16:20:05 : Group: Sierra [SD]: im near Kras somewhere
16:20:23 : Group: Turmoil: didnt see any bike
16:20:38 : Group: Sierra [SD]: lol bet someone has nicked it
16:21:41 : Group: Sierra [SD]: at the moment I have to say I can't see them doing anything wrong but I will keep checking back on them.
16:22:06 : Group: Turmoil: russians? :O
16:22:22 : Group: Turmoil: hahaha The Snikers is on... thats the guys who raped us last night
16:23:09 : Group: Sierra [SD]: lol - I wonder if he will kick off xD
16:23:38 : Group: Turmoil: id love to kill him, but i love my humanity to much
16:24:06 : Group: Sierra [SD]: xD - I just went over 15k today
16:24:37 : Group: Sierra [SD]: I was going to say something then but I've completely forgotten lol
16:24:54 : Group: Turmoil: i know the feeling... xD i want to reach 15 as well, currently at 5394
16:25:20 : Group: Sierra [SD]: nope - wont come back lol. Lots of bandit missions for you then! or tonnes of zombies :P
16:25:39 : Group: Turmoil: The snikers? 
16:26:17 : Group: Sierra [SD]: xD
16:26:44 : Group: Sierra [SD]: thats going to totally annoy me now
16:26:52 : Group: Turmoil: hes a coward.... deluxe, right after he and his friend killed Marco and Jesse they logged out
16:27:12 : Group: Sierra [SD]: yeah - I don't get that
16:27:16 : Group: Sierra [SD]: where is the fun in that
16:27:29 : Group: Turmoil: i have a word for it but i already got one warning today xD
16:28:05 : Group: Sierra [SD]: if you are going to do such things at least stick around and have a proper fight instead of running away and hiding! lol xD
16:28:17 : Group: Sierra [SD]: bike!
16:28:25 : Group: Turmoil: im gonna check if the wall is still up at their base xD
16:28:32 : Group: Sierra [SD]: lol :D
16:30:15 : Group: Turmoil: walls still there, they so deserve it... they are bad players
16:30:38 : Group: Sierra [SD]: lol :D
16:30:57 : Group: Sierra [SD]: they will have to get themselves a pink chainsaw now! :P
16:31:06 : Group: Turmoil: i have one xD
16:31:18 : Group: Sierra [SD]: niiiiiccce! xD
16:32:52 : Group: Turmoil: is it you whos kicking him or battleeye?w
16:33:12 : Group: Sierra [SD]: battleye
16:35:45 : Group: Sierra [SD]: who was that lol - it was a bit fuzzy
16:42:45 : Group: Turmoil: *straps on the working pants* time to get some wood
16:43:00 : Group: Sierra [SD]: *grins*
16:43:43 : Group: Sierra [SD]: I so hate bikes
16:44:07 : Group: Turmoil: same same
16:44:21 : Group: Sierra [SD]: :D
18:16:04 : Group: Franchi516: Дратуте
18:18:07 : Group: Franchi516: Где мне ресаться?
18:18:34 : Group: Santexnik: поближе к старому
18:18:43 : Group: Franchi516: СС?
18:18:47 : Group: Franchi516: Или село
18:18:49 : Group: Santexnik: да
18:18:55 : Group: Franchi516: СС
18:19:27 : Group: Franchi516: На военку сбегать?
18:19:45 : Group: Santexnik: как знаешь
18:22:21 : Group: Santexnik: перезайду
19:52:39 : Group: 2DIE4: loladin takes 4eva =(
21:32:44 : Group: Matt: GOOD BYE CRUEL WORLD
