01:23:44 : Side: Ryan: vladmir you at big airfield?
01:24:23 : Side: VLADIMIR>***: HEY RYAN, IS NOT MI:)
01:25:30 : Side: Ryan: ok we thought we heard someone up here
10:41:09 : Side: agss: hello
10:57:08 : Side: Walasznikow: :)
10:58:38 : Side: agss: czym gadasz?
10:59:50 : Side: agss: NIE DZIALA U MNIE GADANIE
11:00:15 : Side: Tamago: you guys are from greg?
11:00:51 : Side: Walasznikow: tak gramy
11:01:03 : Side: Tamago: ktorys z was zrobiul wlasnie misje?
11:01:09 : Side: agss: zaden
11:01:15 : Side: Tamago: k
11:01:20 : Side: agss: jebaj do goscia :)
11:01:48 : Side: agss: zapros waldi tamago do grupy zeby go nie odjebac
11:30:09 : Side: cristoffer: how did you die tamago
11:30:21 : Side: Tamago: ai?
11:33:45 : Side: Tamago: you know that bike glich is bannable offence?
11:34:13 : Side: cristoffer: haha i did not use bike glich!!!!
11:34:28 : Side: Tamago: magic^^
11:34:59 : Side: Tamago: consider yourself kos'd
11:40:59 : Side: ThirdEyeSphinx: Cristoffer, why are you going to people's bases blowing shit up?
11:41:16 : Side: cristoffer: i am not!!!!
11:41:31 : Side: ThirdEyeSphinx: You are though lol. Stop lying
11:41:49 : Side: cristoffer: i just landed with my mozzie and i cant get in it agien
11:42:42 : Side: cristoffer: friends?
11:43:13 : Side: Tamago: you kille dme in my own base and you offer frienship?
11:43:18 : Side: Tamago: you mental?
11:43:43 : Side: cristoffer: i paniced 
11:44:13 : Side: Tamago: than suicide
11:44:34 : Side: cristoffer: why
11:44:45 : Side: Tamago: cause i will not let you ont
11:45:03 : Side: ThirdEyeSphinx: You're in our base man
11:45:11 : Side: Tamago: 12 minutes and your mozzie despawns
11:45:25 : Side: cristoffer: i have the stuff to build one
11:45:40 : Side: Tamago: than fly away?
11:45:54 : Side: Tobimofat: ThirdEye need help?
11:48:26 : Side: Tamago: why you are not flying off dude
11:48:33 : Side: cristoffer: can you guys just let me out of the front door or somehting
11:48:37 : Side: Tamago: since you have parts for another one
11:48:38 : Side: Tamago: no
11:48:45 : Side: Tamago: i am not opening doors for you fag
11:48:46 : Side: cristoffer: i cant deploy it 
11:48:54 : Side: Tamago: than suicide
11:49:15 : Side: cristoffer: no
11:49:28 : Side: Tamago: than we will wait till you starve to death
11:49:41 : Side: Tamago: eiuther way you are dead
11:49:51 : Side: cristoffer: my backpack is full with food so go ahead
11:49:58 : Side: Tamago: np ^^
11:50:02 : Side: ThirdEyeSphinx: We can wait a few server restarts
11:50:18 : Side: ThirdEyeSphinx: You shouldn't be in ouur base man...
11:50:40 : Side: Tobimofat: Christoffer how did you get in the base?
11:50:49 : Side: Tamago: he flew in with mozzie
11:51:00 : Side: Tamago: and cause he is dumb he cant get back to it
11:51:03 : Side: cristoffer: i am not gonna shout you guys
11:51:13 : Side: Tamago: 1 fale too late
11:51:16 : Side: Tamago: life*
11:51:29 : Side: cristoffer: sorry
11:51:59 : Side: Tobimofat: So you can get there by chopper? Take a armored one and shoot him 
11:52:22 : Side: Tamago: and buy it with what. nails?
11:53:13 : Side: Tobimofat: Before i asked if you need help, by offer is still standing
11:53:23 : Side: cristoffer: i can hear all the shit you are saying guys...
11:53:26 : Side: Tamago: sure come in
11:53:43 : Side: Tamago: and how can you hear it while we are in group xD
11:54:03 : Side: cristoffer: sorry about your veichles!!!
11:54:34 : Side: cristoffer: no i did not blow your shit up 
11:54:40 : Side: cristoffer: that was not me 
11:55:20 : Side: ThirdEyeSphinx: tHEN why did you land in our base?
11:56:11 : Side: Tobimofat: Do you guys want this guy dead, i would be happy to do the job
11:56:25 : Side: Tamago: do it after the restart
12:05:46 : Side: agss: waldi chuju
13:43:41 : Side: Tobimofat: Hey, did you guys get control of the situation?
13:44:12 : Side: ThirdEyeSphinx: He has not reconnected.
13:44:44 : Side: Tobimofat: He logged off inside your base?
13:44:47 : Side: Tamago: yup.
13:44:56 : Side: Tamago: like a simple trash
14:16:13 : Side: ThirdEyeSphinx: If you see a mozzie near stary its me lol.
14:16:26 : Side: Tamago: SHOOT IT DOWN HE BETRAYED ME
14:16:30 : Side: Tamago: lol
14:16:33 : Side: ThirdEyeSphinx: LMAO
14:16:49 : Side: Tobimofat: It's the base destrying RPG guy! kill him!
14:16:54 : Side: Tamago: yes
14:17:07 : Side: Tamago: i head he has bp full of bc!
14:35:04 : Side: ThirdEyeSphinx: Sup vlad
14:55:29 : Side: cristoffer: hey guys its nicole XD
14:56:17 : Side: ThirdEyeSphinx: cRISTOFFER base
14:56:31 : Side: cristoffer: whaaaaaaaat !
14:56:52 : Side: ThirdEyeSphinx: Get out of baseeeee
14:57:10 : Side: cristoffer: yeah but i cant
14:57:26 : Side: ThirdEyeSphinx: Where are you?
14:57:32 : Side: ThirdEyeSphinx: I'll let you out.
14:57:46 : Side: cristoffer: ok then lock the door up 
14:58:08 : Side: ThirdEyeSphinx: Where?
14:58:09 : Side: cristoffer: i dont want any trouble 
14:58:18 : Side: cristoffer: the garage door
14:58:47 : Side: cristoffer: can we be friends i will make it all up agien OK?! pls
15:00:02 : Side: cristoffer: i think it is the only door you guys have to the base ...?
15:00:25 : Side: cristoffer: can i take my mozzie back from the roof and fly away 
15:00:38 : Side: ThirdEyeSphinx: Yes
15:00:56 : Side: cristoffer: how much gold did i do in damage ?
15:01:55 : Side: ThirdEyeSphinx: Come out drop all weapons
15:02:00 : Side: cristoffer: OK !!
15:02:28 : Side: Tobimofat: lol
15:03:25 : Side: ThirdEyeSphinx: sTAY THE FUCK OUT OF MY BASE.
15:03:39 : Side: cristoffer: i will be back....
15:04:03 : Side: ThirdEyeSphinx: and you will die =)
15:04:14 : Side: cristoffer: no you will 
15:04:17 : Side: cristoffer: XD
15:04:22 : Side: cristoffer: just kidding dude
15:06:49 : Side: ThirdEyeSphinx: bLEW UP YOUR MOZZIE
15:07:22 : Side: cristoffer: K
15:09:38 : Side: Tamago: chiristy why are you coming back?
15:09:43 : Side: Tamago: told you to suicide :D
15:10:03 : Side: cristoffer: .....
15:10:34 : Side: ThirdEyeSphinx: yOUR MOzzie is in the forest
15:14:35 : Side: Tamago: BOOM there goes the mozzie
15:14:49 : Side: cristoffer: k
15:14:52 : Side: Tamago: i didnt bring sausages to this grill party
15:15:12 : Side: Tamago: you brought that to yourself man
15:15:26 : Side: cristoffer: k
15:15:31 : Side: Tamago: and next time buy mozzie parts instead of mozzie in trader its cheaper
15:15:51 : Side: cristoffer: ok
15:41:57 : Side: Tobimofat: You can't land chopper on wooden floors/cellings?
15:42:06 : Side: Tobimofat: Right
15:42:11 : Side: Tamago: wood thend to bug out
15:43:01 : Side: Tobimofat: Yeah, thought i remembered that
17:04:00 : Side: ThirdEyeSphinx: rYAN WHAT'S YOUR STEAM?
17:04:54 : Side: Ryan: hold on gotta look itup lol
17:05:13 : Side: ThirdEyeSphinx: add selket_is_hot
17:05:48 : Side: Morrison: rmorris6305
17:05:57 : Side: Ryan: yeah thats mine 
17:06:19 : Side: ThirdEyeSphinx: Addded.
17:06:25 : Side: ThirdEyeSphinx: Yall got discord?
17:06:25 : Side: Morrison: drive ill be back in a sec 
17:06:37 : Side: Ryan: how the hell you minimize the screen yeah we use discord
17:06:51 : Side: ThirdEyeSphinx: ctrl esc
17:06:55 : Side: Tamago: alt tab works for me
17:07:02 : Side: Morrison: brb
17:07:05 : Side: Tamago: tho i am using 2 screens
17:07:49 : Side: Ryan: i got it and my discord is firedog626
17:10:08 : Side: ThirdEyeSphinx: Alright gave him discord info
17:11:48 : Side: Ryan: his is Kacaveman
17:15:20 : Side: ThirdEyeSphinx: Yall can join Discord xD!
17:23:57 : Side: Tamago: ryan is taht you nwaf?
17:24:12 : Side: Tamago: nvm
17:31:23 : Side: Ryan: morrison check your messages
17:50:12 : Side: Ryan: get my shit you non flyin ass hat lol
17:50:59 : Side: Morrison: strong wind nmf 
17:55:15 : Side: Ryan: im behind dont shoot me
18:18:54 : Side: agss: you friendly?
18:27:52 : Side: ThirdEyeSphinx: So Cristoffer still raiding people's bases?
18:39:34 : Side: ThirdEyeSphinx: Cristoffer I'll make a deal with you.
19:06:09 : Side: ThirdEyeSphinx: 2die4 has cristoffer tried to kill you?
19:06:23 : Side: 2DIE4:  dunno im still alive  XD
19:06:32 : Side: ThirdEyeSphinx: Found his base lol.
19:06:41 : Side: 2DIE4:  ok
19:06:44 : Side: 2DIE4:  where at?
19:06:45 : Side: ThirdEyeSphinx: He was the guy going arounf boowing people's helis up.
19:06:54 : Side: ThirdEyeSphinx: In between dolina and Soli
19:07:23 : Side: ThirdEyeSphinx: It was a wooden shed
19:07:34 : Side: 2DIE4: nice base  XD
19:48:52 : Side: Greg: evening
19:49:02 : Side: ThirdEyeSphinx: Greg Discord?
19:49:06 : Side: Greg: yup
20:00:19 : Side: ThirdEyeSphinx: 2die4 don't shoot us :D
20:20:08 : Side: 2DIE4:  i left a CH 53 in stary  ... any of  can get it 
20:20:31 : Side: 2DIE4: first come first serve
23:34:54 : Side: ThirdEyeSphinx: Sup Vlad
23:35:07 : Side: VLADIMIR>***: hi:)
23:35:35 : Side: ThirdEyeSphinx: Saw your base earlier its pretty awesome.
23:36:01 : Side: ThirdEyeSphinx: From the sky I mean.
23:36:05 : Side: VLADIMIR>***: heheh my base is pretyy?:)
23:36:17 : Side: VLADIMIR>***: hahahha yessss is main base:)
23:36:28 : Side: VLADIMIR>***: Angel:)
