13:55:57 : Group: Winans: hi
13:56:25 : Group: Hailstorm: hello
13:56:35 : Group: Laurence Gommersil: hey
13:56:38 : Group: Hailstorm: the mv 22 killed our heli
13:56:48 : Group: Laurence Gommersil: sorry we kinda interupted ure missiom
14:05:46 : Group: Hailstorm: lol, u can pickup the mines at the mission
14:28:19 : Group: Winans: u need a ride to hero town?
14:28:33 : Group: Laurence Gommersil: we kinda have 4 vehicles xD
14:28:37 : Group: Laurence Gommersil: so its a bit hard
14:28:39 : Group: Winans: okay^^
14:56:01 : Group: Hailstorm: freedom, you have a good position to make the mission
15:07:56 : Group: Laurence Gommersil: come here please
15:08:07 : Group: Laurence Gommersil: please come to me
15:08:16 : Group: Laurence Gommersil: i need morphine!
15:09:12 : Group: Laurence Gommersil: hailstorm or winans can i get some morphine please
15:09:32 : Group: Winans: sure
15:09:45 : Group: Sir LongSleeves: we need med evac asap
15:09:45 : Group: Laurence Gommersil: come to me pls
15:10:34 : Group: Hailstorm: on the way, but i didnt see anything, but i am healthy full blood...
15:12:30 : Group: Laurence Gommersil: thx dude]
15:12:36 : Group: Hailstorm: np
17:08:54 : Group: Freedom: was that ai?
17:09:08 : Group: 2DIE4: yap
17:10:23 : Group: Freedom: hard to scan with novy being right there
17:10:52 : Group: 2DIE4: they spawn 3 AI at a time
17:11:07 : Group: Freedom: thank you!
17:11:10 : Group: 2DIE4: u
17:11:13 : Group: 2DIE4: uw
17:23:42 : Group: Freedom: they come after i kill all they ai and take the loot lol
17:23:55 : Group: 2DIE4: who
17:24:16 : Group: Freedom: lawrence asking if i wanted any after i complete it
18:04:28 : Group: PRISMIC: killme
18:04:32 : Group: PRISMIC: /killme
18:04:54 : Group: Hailstorm: lol, is the whole server in one group ?
18:06:12 : Group: PRISMIC: hailstorm give back our heli
18:06:20 : Group: Hailstorm: ?
18:06:27 : Group: PRISMIC: iv got the keyt for it 
18:06:35 : Group: PRISMIC: ill locate it dosentmatter
18:06:37 : Group: PRISMIC: lol
18:06:38 : Group: Hailstorm: what heli?
18:06:47 : Group: PRISMIC: the one you stole and shot us with
18:07:03 : Group: PRISMIC: shot laurence
18:07:10 : Group: Hailstorm: we didnt stole it, we only killed the pilot
18:07:26 : Group: Wilkomir: Hey
18:07:27 : Group: Hailstorm: and let everything there after we saw it was gommersil
18:07:30 : Group: Wilkomir: What is going onj?
18:07:39 : Group: Hailstorm: or was it longsleves
18:07:40 : Group: PRISMIC: oh thaught it was you
18:07:50 : Group: PRISMIC: /killme
18:07:52 : Group: Sir LongSleeves: it wassnt me
18:07:58 : Group: Sir LongSleeves: i havent been here in weeks
18:08:33 : Group: Hailstorm: he means the littlebird today???
18:08:46 : Group: Hailstorm: or an other heli
18:09:09 : Group: Hailstorm: cause we only killed gomersil after he get out of his AH6
18:09:27 : Group: Hailstorm: and after that we left and let his stuff and the heli there
18:09:58 : Group: Hailstorm: mission at pobeda
18:10:03 : Group: Hailstorm: carefull
18:10:36 : Group: Wilkomir: Guys
18:10:41 : Group: Hailstorm: yes
19:06:52 : Group: Freedom: was me on bike 
19:07:25 : Group: Freedom: i was on bike at airplane dealer
20:45:43 : Group: Laurence Gommersil: LOL
20:46:18 : Group: Laurence Gommersil: TROLOLOLLOLOL
21:04:47 : Group: Sir LongSleeves: camel press F1
22:06:08 : Group: Turmoil: be carefull with Luca and Pibe
22:06:12 : Group: Freedom: whats up
22:06:16 : Group: Freedom: really?
22:06:28 : Group: Freedom: i figured luca
22:06:38 : Group: Turmoil: they are not as inocent as they might seem... they came here last week trying to steal a mission me and Jesse cleared... Jesse killed Luca with an Anz
22:07:02 : Group: Freedom: copy that thanks for info they are at this mission by our bases
22:07:03 : Group: Turmoil: do you know their location?
22:07:09 : Group: Freedom: negitive
22:07:21 : Group: Turmoil: ill scout the woods by foot since im already here
22:07:27 : Group: Freedom: ok 
22:07:45 : Group: Freedom: guessing in woods on other side
22:07:56 : Group: Turmoil: most likely
22:08:58 : Group: Turmoil: im gonna get my M107 and get up into the tower on the hill
22:09:16 : Group: Freedom: lol ok 
22:09:40 : Group: Turmoil: just to cover your rear end a bit, lol
22:10:15 : Group: Freedom: i did a mission with luca once well i did not know he was there till the end and i swear he was taking shots at me after but he denys
22:10:21 : Group: Freedom: lol sounds good
22:14:22 : Group: Turmoil: are all the ai down?
22:14:31 : Group: Freedom: not sure scan says 5
22:14:46 : Group: Turmoil: see a player running down, left side of the woods down towards the mission
22:15:00 : Group: Freedom: copy
22:16:01 : Group: Turmoil: do you hear my shots down at your base?
22:16:05 : Group: Freedom: our woods side the damn side?
22:16:10 : Group: Freedom: yes
22:16:18 : Group: Freedom: its clear
22:16:26 : Group: Turmoil: hes in the radio tower building now, lol... scared him a bit with a few shots
22:16:50 : Group: Freedom: lol
22:17:34 : Group: Freedom: do a fly by see if they shoot at me
22:18:38 : Group: Turmoil: cant see the other one anywhere
22:19:16 : Group: Turmoil: shhhhh xD
22:19:24 : Group: Freedom: lol
22:27:23 : Group: Turmoil: pibe is up in the woods, 1200m away from me, just above the mission wearing white camo, lol
22:27:35 : Group: Turmoil: i want to shoot him just for beeing so easy to spot
22:27:41 : Group: Freedom: lmao
22:27:59 : Group: Freedom: fml it blew up my other heli too
22:28:15 : Group: Turmoil: yeah i saw that... are you currently holding capslock in or something? 
22:28:20 : Group: Turmoil: i hear you hitting your keyboard xD
22:28:33 : Group: Freedom: nope
22:28:45 : Group: Freedom: hom about now
22:28:57 : Group: Turmoil: think it better :)
22:29:35 : Group: Turmoil: INCOMING HELI
22:30:38 : Group: Freedom: it leave?
22:31:09 : Group: Turmoil: nah landed, nbehind my tower base in the hill...
22:36:15 : Group: Turmoil: im off again, was just on to maintain base :)
22:36:34 : Group: Freedom: ok buddy see ya
