10:25:07 : Side: agss: hello, you are friendly?
10:25:15 : Side: Bunraku San: i am
10:25:22 : Side: Bunraku San: morning
10:25:23 : Side: agss: i am too :)
11:22:39 : Side: agss: what mission you do now?
11:55:06 : Side: Bunraku San: hey
11:55:15 : Side: agss: hello friend :)
11:55:31 : Side: Bunraku San: you just land near me in a mozzie
11:55:39 : Side: agss: yes :)
11:56:02 : Side: Bunraku San: suup
11:56:06 : Side: agss: how are you?
11:56:16 : Side: Bunraku San: im good, just looking for gems
11:56:33 : Side: Bunraku San: just had 1 ore vein, no gem though
11:56:37 : Side: agss: there is gold
11:57:08 : Side: Bunraku San: i like gtems
11:57:46 : Side: agss: you need samething>
11:57:51 : Side: agss: ?
11:57:55 : Side: Bunraku San: nah im cool man
11:58:11 : Side: agss: see you later
11:58:14 : Side: Bunraku San: thanks though
12:02:21 : Side: agss: when you need samething everytime you told me :)
12:28:04 : Group: Bunraku San: yo dude
12:28:12 : Group: charlie kelly: yo
12:28:38 : Group: Bunraku San: an ai mission spawned on me an hour ago, killed me dead
12:28:42 : Group: charlie kelly: shiiit
12:28:59 : Group: Bunraku San: just noticed someone has cleared it so gonna see if my body is still there
12:29:08 : Group: charlie kelly: where was it?
12:29:17 : Group: Bunraku San: top of gorka
12:29:24 : Group: charlie kelly: ah
12:29:28 : Group: charlie kelly: im miles away haha
12:33:32 : Group: charlie kelly: ill head to gorka
12:38:57 : Group: Bunraku San: no sign of my body
12:43:30 : Group: Bunraku San: bits of gear on bodies
12:43:42 : Group: Bunraku San: coyote backpack on a couple
12:46:05 : Group: Bunraku San: nice
12:47:29 : Group: charlie kelly: where to ?
12:47:37 : Group: Bunraku San: erm
12:47:42 : Group: Bunraku San: my camp?
12:47:45 : Group: charlie kelly: yea
12:48:06 : Group: Bunraku San: 074 / 060
12:48:17 : Group: charlie kelly: yeah
12:48:19 : Group: charlie kelly: wont let me drive lols
12:49:02 : Group: Bunraku San: yellow mission close to camp
12:49:15 : Group: charlie kelly: aye w could hit it up
12:49:17 : Group: charlie kelly: after
12:49:23 : Group: Bunraku San: yea
12:50:07 : Group: charlie kelly: lol
12:50:08 : Group: charlie kelly: shit
12:50:11 : Group: Bunraku San: wtf
12:50:12 : Group: charlie kelly: wait
12:50:14 : Group: charlie kelly: i have wheels
12:50:32 : Group: charlie kelly: crap i only have one lol
12:56:26 : Group: charlie kelly: sweeet
12:56:41 : Group: charlie kelly: niice
12:57:15 : Group: charlie kelly: nice water source too
12:57:29 : Group: charlie kelly: oh shit yellow circle is close to base haha
12:57:44 : Group: charlie kelly: 511m that way
12:57:52 : Group: charlie kelly: im gonna go s cout
13:00:34 : Group: Bunraku San: i see at least 1 mounted gun
13:00:52 : Group: charlie kelly: mounted guner
13:00:53 : Group: charlie kelly: yea
13:00:58 : Group: charlie kelly: about 10 total max i think
13:01:16 : Group: Bunraku San: 20 min to restart
13:01:25 : Group: charlie kelly: fucks saake haha
13:01:30 : Group: charlie kelly: may as well get humanity up
13:01:56 : Group: Bunraku San: gonna try get a few?
13:02:11 : Group: charlie kelly: ye
13:02:16 : Group: Bunraku San: say when
13:02:36 : Group: charlie kelly: you aiming at mounted or shall i?
13:02:50 : Group: Bunraku San: if you have a clear shot take him
13:02:54 : Group: charlie kelly: sweet
13:02:56 : Group: charlie kelly: cco scope thoutgh
13:02:59 : Group: charlie kelly: count to 3
13:03:45 : Group: charlie kelly: did you get omunted?
13:03:50 : Group: Bunraku San: yea
13:03:52 : Group: charlie kelly: i think i missd, so hard with cco lol
13:03:53 : Group: charlie kelly: sweet
13:06:08 : Group: charlie kelly: another ai jumped on mounted gun lol
13:08:45 : Group: Bunraku San: gonna try get back to body before restart
13:09:00 : Group: charlie kelly: im back at your camp
13:09:05 : Group: charlie kelly: doors unlocked so gonna peek over roof
13:09:09 : Group: charlie kelly: make sure they dont lfank this far
13:09:16 : Group: charlie kelly: cause tehy chased me a few hundred metres
13:11:24 : Group: charlie kelly: fuck
13:11:26 : Group: charlie kelly: theyre here hahah
13:11:30 : Group: Bunraku San: fuck
13:11:31 : Group: charlie kelly: wahts front door code???
13:11:33 : Group: charlie kelly: i ned to lock
13:11:40 : Group: Bunraku San: 986
13:12:14 : Group: charlie kelly: been shot
13:12:17 : Group: charlie kelly: idunno if he cna open door
13:12:18 : Group: charlie kelly: or not
13:12:40 : Group: charlie kelly: ok door locked
13:13:09 : Group: charlie kelly: whats roiof door code?
13:33:03 : Group: Bunraku San: yo frogman
13:33:07 : Group: charlie kelly: haha
13:33:18 : Group: charlie kelly: underwater while i have a bucket
13:33:26 : Group: Bunraku San: haha
13:34:02 : Group: Bunraku San: added you to plot pole
13:34:09 : Group: charlie kelly: ah ta
13:34:18 : Group: charlie kelly: fancy adding me to doors?
13:34:22 : Group: charlie kelly: incase of emergency/ forgotten code
13:34:54 : Group: Bunraku San: done
13:34:57 : Group: charlie kelly: ta mon
13:35:29 : Group: charlie kelly: you ever spoken to / ran into agsss?
13:35:52 : Group: Bunraku San: spoke ealier, then he landed a mozzie next to me while i was mining ore
13:35:55 : Group: charlie kelly: ah nice
13:35:59 : Group: Bunraku San: hes freindly
13:36:02 : Group: charlie kelly: sweet
13:36:49 : Group: Bunraku San: just boiling all my water bottles
13:36:54 : Group: charlie kelly: sweet
13:38:02 : Group: Bunraku San: gonna put metal floors under the water aso i can land a heli there
13:38:07 : Group: charlie kelly: niice
13:38:15 : Group: charlie kelly: yeah we need air travel
13:38:38 : Group: Bunraku San: that vodnik is now scrap too
13:38:46 : Group: charlie kelly: oh lost key?
13:38:48 : Group: charlie kelly: i lost my vodnik haha
13:38:50 : Group: Bunraku San: yep
13:38:57 : Group: charlie kelly: someone blew it up while i was off i guess
13:39:05 : Group: Bunraku San: that sucsk
13:39:19 : Group: charlie kelly: bakc in 2, gonna have quick look for no pp server
13:39:25 : Group: charlie kelly: napf ideally
13:39:27 : Group: charlie kelly: get lost in the forest again
13:39:40 : Group: Bunraku San: ah nice, i fancy a bit of napf if you find a good one
13:59:36 : Side: agss: cze Grego, co tam?
13:59:46 : Group: Greg: spoczo ;p praca :D
13:59:53 : Group: Greg: a ty co rozrabiasz?
13:59:57 : Group: agss: ja na L4 :)
14:00:05 : Group: Greg: hahah
14:01:01 : Group: agss: znalazlem porzucony sejf a w srodku 80 walizek :)
14:01:13 : Group: Greg: ło kierwa :D
14:02:35 : Group: agss: i mam od chuja RPG kumulacyjnych, dziwnie wygladaja:)
14:02:47 : Group: Greg: tych maaws?
14:04:51 : Group: agss: RPG18 wyglada jak ta amerykanska
14:05:00 : Group: Greg: aaa
14:05:18 : Group: Greg: raz widiałem to chyba tylko
14:20:16 : Group: agss: robisz jakas misje? jak opłacić plot pole?
14:20:40 : Group: Greg: nie robię na razie
14:20:51 : Group: Greg: wchodzisz na plot i masz maintance
14:31:14 : Group: agss: lece zajebac temu 2die4 smiglo z dachu i sprzedac, ale sie wkurwi
14:31:20 : Group: Greg: lol
14:32:44 : Group: Greg: trzeba wziąc czołgi i mu ją rozjebać
15:09:00 : Group: Greg: spadam, baw się dobrzze ;)
15:25:05 : Side: agss: hello
15:26:04 : Side: Paul: hello
15:26:14 : Side: agss: you are friendly?
15:27:02 : Side: Paul: sure if you want to be
15:27:37 : Side: agss: yes, frien
15:27:58 : Side: Paul: ok then
15:56:58 : Side: agss: F5 zupran dawaj do grupy
15:58:15 : Group: agss: siema szweju
17:01:44 : Group: agss: CO JEST ZUPRAN?
17:02:05 : Group: agss: WARTO
17:02:12 : Group: agss: DROGIE TO GÓWNO JEST
17:16:45 : Side: 2DIE4: wow   must have been al couraged cowboy that either blew up my chopper or  stole it   =)
17:16:58 : Side: 2DIE4:  enjoy the few BCs ... hahahaha
17:17:23 : Side: 2DIE4:  no balls ppl here
17:28:35 : Side: agss: hello my friend 2DIE4, how are you? :_
17:28:49 : Side: 2DIE4: fine .. how was the chopper? =)
17:29:11 : Side: agss: that time is not I :)
17:29:33 : Side: 2DIE4:  well someone was really brave and either took it or blew it up 
17:29:39 : Side: agss: i see player name lenin,,,he flaying
17:30:07 : Side: agss: fly and destroy vehicles in base
17:30:20 : Side: 2DIE4:  well a  girl then ?!
17:30:31 : Side: Qwarl: hahahahah
17:30:37 : Side: agss: :) 
17:31:16 : Side: 2DIE4:  only pussies attack a base when the owner is not online
17:31:45 : Side: agss: i now, this is no sport :)
17:31:53 : Side: agss: no fair
17:43:36 : Group: agss: misje robisz zumpraN?
17:44:07 : Group: Acer: jade rowerem zobaczyc 
18:08:38 : Group: Acer: rozjebali mi rower 
18:08:52 : Group: Acer: 1000 m do auta
18:47:37 : Group: agss: siema chuju
18:47:59 : Group: agss: zbieraj takie niebieskie i czerwone okrafle naboje bo drogiw
20:00:07 : Side: 2DIE4:  hey lenin  =) 
20:00:22 : Side: Lenin: qq
20:00:46 : Side: 2DIE4:  u the girl without balls that attacks bases when ppl r offlin=?
20:00:51 : Side: 2DIE4: *offline?
20:00:57 : Side: Lenin: no
20:01:13 : Side: 2DIE4: hmmm u sure u didnt steal my chopper?
20:02:00 : Side: 2DIE4:  cuz if u did and u have a base u better pray that i dont find it
20:02:18 : Side: 2DIE4: it will be gone within one server restart!
20:02:23 : Side: Lenin: i not play day
20:03:03 : Side: 2DIE4:  but u fly from base to base blowing shit up right? 
20:03:32 : Side: Lenin: i dont undestend
20:03:39 : Side: Lenin: you
20:03:59 : Side: 2DIE4:  a chopper doesnt mean shit to me   just the fact that some whimps without balls or courage act like cowards attacking when pplp r not onin . 
20:04:21 : Side: 2DIE4: have u stolen or blown up a a CH53 lately?
20:05:16 : Side: 2DIE4:  lol and now any of u even blew up my SUV while i  was offline  hahahahah
20:05:23 : Side: 2DIE4:  i act like fucking pussies 
20:07:04 : Side: 2DIE4:  but i even rather think it was agss
20:13:09 : Side: 2DIE4: i mean .. u guys dont even have the balls to to say  ok hey i did it
20:13:46 : Group: agss: /
20:13:52 : Side: agss: what?
20:14:05 : Side: 2DIE4:  breaking into bases while ppl r offline
20:14:21 : Side: agss: i now, you tell me
20:31:23 : Group: agss: jak tam zupran?
20:34:30 : Group: agss: mam juz 130 walizek, z tego 115 zajebanych :)
21:09:01 : Group: agss: CZE
21:09:06 : Group: Greg: siemka
21:09:15 : Group: Greg: jak tam, widzę że sporo bandytów ;p
21:09:39 : Group: agss: ja kase zbieram, :) mam juz 150 walizek :)
21:09:49 : Group: Greg: lol
21:09:51 : Group: Acer: siemka greg 
21:10:03 : Group: Greg: właśnie miałem pytać kto to ;p
21:10:16 : Group: Acer: zupran 
21:10:18 : Group: agss: waldek musni nam kurwa te rosomaki kupowoac :)
21:10:28 : Group: Greg: o jaa, żupran :D
21:10:37 : Group: Greg: haha no w kurwe są :D
21:10:43 : Group: agss: zupran mieszka w waldkiem
21:10:52 : Group: Greg: pamiętam go przecież
21:11:37 : Group: agss: znalazlem 20 topazow, to duzo na normalne?
21:11:52 : Group: Greg: topaz to 750 tutaj chyba albo 700
21:12:01 : Group: Greg: ładny sejf rozbiłeś ;p
21:14:36 : Group: Tamago: nikogo na tsie?
21:14:55 : Group: agss: cze, ja spadam, siedze pol dnia  :)
21:15:00 : Group: Tamago: aha xD
21:49:36 : Side: Qwarl: ЕФЬФПЩ
21:49:54 : Side: Qwarl: tamago
21:50:03 : Side: Qwarl: :(
21:50:36 : Side: Tamago: happens ;/
21:51:01 : Side: Qwarl: you atack base?
21:51:04 : Side: Qwarl: me
21:51:08 : Side: Qwarl: bese
21:51:09 : Side: Tamago: no.
21:51:14 : Side: Tamago: i dont attack base
21:51:14 : Side: Qwarl: ok
21:51:16 : Side: Tamago: just drive
21:51:28 : Side: Greg: i will
21:51:35 : Side: Qwarl: pidor
21:51:43 : Side: Tamago: ?
21:51:48 : Side: Qwarl: :)
21:51:53 : Side: Tamago: what is pidor
21:52:01 : Side: Qwarl: russha speak)))
21:52:20 : Side: Tamago: well idk putin sucks anyways
21:52:34 : Side: Tamago: =p
21:52:36 : Side: Qwarl: idk?
21:52:41 : Side: Tamago: i dont know
21:53:11 : Side: Qwarl: putin gay
21:53:15 : Side: Tamago: yes
21:53:22 : Side: Qwarl: ))
21:53:50 : Side: Qwarl: putin kiss my pissos
21:53:58 : Side: Tamago: whatever you say
21:55:28 : Side: Qwarl: how buy LUV?
21:55:46 : Side: Tamago: secret
21:55:54 : Side: Qwarl: :(
21:56:28 : Side: Qwarl: you how Humanity?
21:56:49 : Side: Tamago: hero lvl
21:56:59 : Side: Qwarl: yes
21:57:54 : Side: Qwarl: how lvl hero??d
21:57:58 : Side: Tamago: 5
21:58:03 : Side: Qwarl: rel>
21:58:11 : Side: Qwarl: real?
21:58:18 : Side: Tamago: maybe
21:58:39 : Side: Qwarl:  -_-
22:02:00 : Side: Qwarl: suka blad'
22:02:16 : Side: Tamago: ai?
22:02:36 : Side: Tamago: ai form mission still alive
22:02:43 : Side: Qwarl: im drink vodka
22:02:46 : Side: Tamago: lol
22:02:48 : Side: Tamago: enjoy
22:02:49 : Side: Qwarl: you pizdez
22:03:21 : Side: Qwarl: vodka putin balalaika
22:03:57 : Side: Qwarl: tamago you how old?
22:04:02 : Side: Tamago: 28
22:04:06 : Side: Qwarl: lol
22:04:17 : Side: Qwarl: AHAHAHAHHA
22:04:38 : Side: Qwarl: wathafuckmotherfucka
22:04:49 : Side: Tamago: u ok
22:04:55 : Side: Tamago: ?
22:05:05 : Side: Greg: not really smart arent you, Qwarl? ;)
22:05:05 : Side: Qwarl: you job?
22:05:28 : Side: Tamago: I iwll send you my CV
22:05:55 : Side: Qwarl: 28
22:05:58 : Side: Qwarl: omg
22:06:03 : Side: Tamago: you?
22:06:08 : Side: Greg: yeah we know you are 12
22:06:12 : Side: Qwarl: 20)))))
22:06:42 : Side: Qwarl: no kill mi
22:06:53 : Side: Tamago: we left
22:07:02 : Side: Greg: ok, g get your body 
22:07:53 : Side: Qwarl: i will talk
22:28:34 : Group: Acer: tamago robisz misje????
22:28:41 : Group: Tamago: tak robimy :D
22:29:03 : Group: Tamago: potrzebujesz cos?
22:29:21 : Group: Acer: faktycznie teraz dopiero zauwazylem ze greg tez tam jest :P
22:29:44 : Group: Acer: nieee dzieki nie trzeba :)
22:29:56 : Group: Tamago: kkw
22:45:24 : Group: Tamago: ok
22:45:37 : Group: Tamago: miales time out na tsie
22:46:25 : Group: Greg: nie chce się włączyć
