00:09:17 : Side: Faldehals: lol 2 presidents in town
00:09:23 : Side: M.K.: LEL
00:15:46 : Side: Faldehals: nice bike lool
00:16:05 : Side: [KRT]Uku: Thx
00:16:09 : Side: Faldehals: lol
00:16:22 : Side: Faldehals: is that the base you mean
00:20:56 : Side: Arne: an you buy hotwire kits?
00:21:03 : Side: Arne: can
00:21:11 : Side: Faldehals: nope
00:21:14 : Side: -SDS- Gowther: i dont think so
00:21:16 : Side: Faldehals: from players ja
00:21:29 : Side: -SDS- Gowther: i can sell ya 2 XD
00:21:32 : Side: Arne: got some faldehals?
00:21:41 : Side: Faldehals: not real
00:22:04 : Side: Arne: ok :)
00:24:01 : Side: Faldehals: who knows wich players go around if no one is online and destroy all they found 
00:24:22 : Side: M.K.: that weird guy
00:24:24 : Side: M.K.: ^^
00:25:01 : Side: Faldehals: thats asozial behavior
00:25:11 : Side: Arne: i dont trust that matsa guy
00:25:27 : Side: M.K.: he's fine, i bet he;s pretty new to the game
00:25:32 : Side: M.K.: met him couple of time
00:25:33 : Side: Faldehals: that 1 of the name lancer
00:25:37 : Side: M.K.: times^
00:25:43 : Side: Faldehals: saw his last night
00:25:43 : Side: Arne: matsa is fine?
00:25:49 : Side: M.K.: guess so..
00:26:14 : Side: Arne: he kamikazeed me at aireraft traDER
00:26:18 : Side: M.K.: XD
00:26:40 : Side: Arne: BUT GOT BACK AT HIM SO IT IS FINE
00:26:49 : Side: -SDS- Gowther: HAHAHAHAHAHAHA XDD nice one M.K. and arne XD
00:27:01 : Side: -SDS- Gowther: The car on the base dore... XD
00:27:03 : Side: M.K.: the weird guy again
00:27:05 : Side: M.K.: XD
00:27:14 : Side: -SDS- Gowther: This one is good! XD
00:27:35 : Side: Arne: cringe for life
00:27:41 : Side: M.K.: stop talking to me please, im gonna ignore you from now on.
00:28:21 : Side: -SDS- Gowther: Die haben halt einfach mal das fahrzeug was kein schlüssel hatte von meiner base genommen vor die tür der base gestellt
00:28:30 : Side: -SDS- Gowther: und die reifen zerschossen XDDD
00:28:42 : Side: -SDS- Gowther: Der ist echt gut den merk ich mir XD
00:29:05 : Side: Arne: wat?
00:29:21 : Side: -SDS- Gowther: Talking to faldehals :D
00:31:53 : Side: -SDS- Gowther: Can i kill myself?
00:32:21 : Side: Faldehals: jap
00:32:34 : Side: -SDS- Gowther: Wie'en?
00:33:06 : Side: -SDS- Gowther: Also erschießen meine ich
00:33:20 : Side: Faldehals: ne
00:33:30 : Side: T.J: yo arne
00:33:38 : Side: matsa: ich bien ein cancer
00:33:40 : Side: -SDS- Gowther: Scheiße
00:33:42 : Side: T.J: the guy you were trashtalking is online now
00:33:50 : Side: -SDS- Gowther: Naja dann warte ich bis morgen auf die unterstüßzung der kameraden :D
00:33:57 : Side: -SDS- Gowther: Bye :D
00:34:10 : Side: Arne: lol
00:34:17 : Side: -SDS- Gowther: cancer?
00:34:18 : Side: Faldehals: wo liegt dein problem ?
00:34:20 : Side: T.J: lmao pinlig
00:34:21 : Side: Arne: awkwaaard
00:34:22 : Side: matsa: wanna fite?
00:34:24 : Side: T.J: eller hva arne
00:34:33 : Side: Arne: meget pinligt
00:34:42 : Side: T.J: hehe xd
00:34:47 : Side: T.J: neida
00:34:53 : Side: Arne: ej det er fint. folk siger han er god nok
00:35:04 : Side: -SDS- Gowther: Hab gebrochene beine und die deppen haben ja meine base blockiert
00:35:11 : Side: -SDS- Gowther: XD
00:35:17 : Side: -SDS- Gowther: Geht die base kaputt wenn ich die karre sprenge?
00:35:18 : Side: Lancer_AUT: wer
00:35:43 : Side: Faldehals: ne schreib nur suici.. dann stirbst
00:35:43 : Side: Lancer_AUT: wirst belager
00:35:44 : Side: -SDS- Gowther: Naja M.K. und arne
00:35:45 : Side: Lancer_AUT: t
00:36:15 : Side: -SDS- Gowther: Naja belagert nicht wirklich die sind halt letztens bei uns an der base vorbei wir haben sie gekillt und ihr loot genommen
00:36:43 : Side: -SDS- Gowther: dann kamen sie die ganze zeit als bambie wieder aber wir wollten bauen deswegen haben wir sie immer und immer wieder gekillt
00:36:56 : Side: T.J: selling fuel pump
00:36:59 : Side: T.J: 7 bc
00:37:02 : Side: Faldehals: lol
00:37:05 : Side: -SDS- Gowther: jetzt haben sie ein fahrzeug vor die tür der base gestellt und die räder zerschossen
00:37:09 : Side: matsa: i offer bj
00:37:11 : Side: -SDS- Gowther: so dass ich nicht mehr rein komme
00:37:24 : Side: Faldehals: dann machse putt
00:37:24 : Side: T.J: yo stfu with ur stupid nazi language
00:37:31 : Side: M.K.: XD
00:37:35 : Side: Faldehals: hey T:J
00:37:37 : Side: -SDS- Gowther: deswegen frag ich ja ob die base kaputt geht wenn ich die karre sprenge
00:37:44 : Side: M.K.: i got all screenshoted
00:37:50 : Side: matsa: good
00:37:53 : Side: Faldehals: STFU i make a ss and show it sierra
00:37:56 : Side: M.K.: he doesnt know that is english only allowed in chat
00:37:58 : Side: M.K.: :P
00:38:11 : Side: T.J: lol
00:38:26 : Side: Faldehals: thats no reason to call someone nazi you motherfucker
00:38:36 : Side: Arne: who called you a nazi?
00:38:40 : Side: matsa: english only in sidechat!!
00:39:05 : Side: -SDS- Gowther: like he said talking a other language is no reason to call some one a nazi
00:39:20 : Side: T.J: lmao, was just some banter
00:39:23 : Side: T.J: keep it cool
00:39:31 : Side: matsa: chill
00:39:34 : Side: -SDS- Gowther: Im fine
00:39:37 : Side: T.J: yeah
00:39:44 : Side: T.J: it doesnt look like it
00:39:48 : Side: Arne: falde is a good guy,, dont call him nazi. it is a suckie move
00:39:56 : Side: T.J: roger hoss
00:40:20 : Side: -SDS- Gowther: faldehals my legs are brocken and right no i havent a gun to destroy the vehicle
00:40:31 : Side: -SDS- Gowther: right now*
00:40:50 : Side: Faldehals: i set a marker there is a safe open with free guns
00:41:00 : Side: matsa: riiiight
00:41:12 : Side: -SDS- Gowther: my legs are brocken XD
00:41:25 : Side: matsa: btw T.J is sorry, but dont get offended so easily
00:41:33 : Side: T.J: ^this
00:41:53 : Side: -SDS- Gowther: We wasnt offended but we just want to say him it wasnt cool XD
00:41:59 : Side: Faldehals: ok marker is
00:42:07 : Side: matsa: so he cool now?
00:42:07 : Side: T.J: my friend, im part german
00:42:14 : Side: T.J: my surname is Schultz
00:42:21 : Side: Faldehals: lol
00:42:24 : Side: T.J: it goes both way
00:42:32 : Side: T.J: if you get triggered, I should toow
00:42:45 : Side: T.J: see no way that its racist, just some friendly banter
00:43:05 : Side: T.J: we're men, not "feminists"
00:43:08 : Side: -SDS- Gowther: Im 8km away for your mark now i only need to roll 16km and all is done XD
00:43:09 : Side: M.K.: arne accept
00:43:10 : Side: matsa: xD
00:43:30 : Side: Lancer_AUT: sds go in group
00:46:43 : Side: Faldehals: thats no joke no trap guys look if you need something maybe try the safe with 0000 maybe you can pack it
00:47:09 : Side: M.K.: on my way
00:49:08 : Side: M.K.: its empty..
00:49:23 : Side: Faldehals: ?
00:49:25 : Side: M.K.: XD
00:49:30 : Side: Faldehals: you make it empty ?
00:50:01 : Side: Faldehals: i left some snipers and amo
00:50:15 : Side: Faldehals: lol
00:51:10 : Side: Faldehals: you try to pack it ?
00:51:20 : Side: Hugin: Can you build by the coast on this server?
00:51:26 : Side: matsa: yes
00:51:30 : Side: Hugin: Thanks
00:58:55 : Side: -SDS- Gowther: Do u inv me again faldehals?
01:00:27 : Side: -SDS- Gowther: Allah uakbar
01:02:54 : Side: -SDS- Gowther: 2 presidents...
01:03:09 : Side: matsa: which is me and my fiend
01:03:29 : Side: -SDS- Gowther: So the mission is to kill ya both? XD
01:03:40 : Side: matsa: if you manage to
01:04:06 : Side: -SDS- Gowther: Like every mission... XD
01:09:31 : Side: matsa: i see you
01:09:48 : Side: kleme: No you dont
01:10:01 : Side: T.J: halla klemet
01:10:05 : Side: kleme: Halla man
02:34:09 : Side: Faldehals: guys 096/027 was a base someone knows what happen with there ?
02:34:41 : Side: kleme: i joined the server. then found c4
02:34:48 : Side: T.J: really
02:34:52 : Side: Faldehals: lol
02:35:16 : Side: Faldehals: i never found a sattlecharge here
02:35:56 : Side: Faldehals: where you found it ?
02:39:46 : Side: Tomahawwk: /vote dau
02:40:08 : Side: T.J: pussies
02:40:09 : Side: matsa: are you a pussy?
02:40:29 : Side: Tomahawwk: yea
02:40:39 : Side: Ryan: yes
02:48:28 : Side: Faldehals: was 2die4 online jesterday ?
02:48:37 : Side: T.J: he sux
02:49:06 : Side: Faldehals: thats not the answere for my question
02:49:10 : Side: T.J: idc
02:49:13 : Side: T.J: he still sux
02:49:16 : Side: T.J: thats your answer
02:49:29 : Side: matsa: you cant expect everyone to know everything 
02:49:30 : Side: Faldehals: ...
03:05:27 : Side: Faldehals: ill try out the mosin lol
03:05:37 : Side: matsa: lol hahahaha xD
03:06:22 : Side: Faldehals: ahh a chicken hehe
03:06:31 : Side: Faldehals: LOL
03:06:34 : Side: matsa: YOU ARE SO FUNNY HAHAHAHA
03:12:17 : Side: Faldehals: lol ?
03:13:17 : Side: T.J: hahaha
03:13:19 : Side: T.J: was a bit bored
03:13:21 : Side: T.J: kamikaze
03:13:30 : Side: Faldehals: i saw lol
03:13:40 : Side: T.J: lmao sick backflip
03:14:28 : Side: Faldehals: the truck is explote to
03:14:41 : Side: T.J: ohshit
03:14:51 : Side: T.J: that was not apart of the plan
03:14:53 : Side: T.J: XD
03:15:04 : Side: Faldehals: lol what was in it ?
03:15:10 : Side: T.J: cinder lmao
03:15:25 : Side: Faldehals: oh thats bad
03:15:30 : Side: T.J: feels bad m8
03:15:58 : Side: Faldehals: you kill the ai at this camp `?
03:16:05 : Side: T.J: no
03:16:30 : Side: Faldehals: the scope is bullshit at the mosin
03:16:34 : Side: T.J: XD
03:17:21 : Side: Faldehals: maybe i have some half walls if you like ?
03:17:57 : Side: T.J: thank you for the offer, but I couldnt do that ^^
03:18:24 : Side: Faldehals: why not i dont need it
03:18:43 : Side: Faldehals: lol shoot in the ass
03:19:01 : Side: T.J: lmao
03:19:14 : Side: Boosted Outlaw: nah
03:19:19 : Side: T.J: are you new to the server?
03:19:21 : Side: T.J: faldehals
03:19:27 : Side: Faldehals: not real
03:19:34 : Side: T.J: ahh
03:20:01 : Side: Faldehals: maybe 1 month
03:20:06 : Side: Faldehals: bit more
03:20:14 : Side: T.J: ahh, same here
03:20:22 : Side: Faldehals: play all time like hero
03:20:39 : Side: T.J: nice
03:20:44 : Side: T.J: i usually KOS
03:20:52 : Side: T.J: unless someone act friendly
03:22:05 : Side: Faldehals: i go look for the walls
03:22:14 : Side: T.J: really? ^^
03:22:17 : Side: Faldehals: ja
03:22:21 : Side: Faldehals: why not ?
03:22:24 : Side: T.J: danke!
03:22:25 : Side: T.J: really
03:23:26 : Side: Faldehals: lol suv ling on roof 
03:23:32 : Side: T.J: lmao
03:23:38 : Side: Faldehals: yours to ?
03:23:43 : Side: T.J: yeah xd
03:24:00 : Side: Faldehals: ahh was a mission here ?
03:24:11 : Side: T.J: yup, some vodnik
03:29:14 : Side: Faldehals: lol was like to cook but i shoot OMG
03:32:18 : Side: Faldehals: also i have 14 half walls and 15 idk mörtel lol foret the english name
03:32:54 : Side: T.J: ohshit!
03:33:03 : Side: Faldehals: you like it or not ?
03:33:15 : Side: T.J: man, I can not take it from you.. 
03:33:17 : Side: T.J: its yours ^^
03:33:32 : Side: Faldehals: i dont need it
03:33:35 : Side: Faldehals: realy
03:33:55 : Side: T.J: well sure, could you bring it here? ^^
03:34:01 : Side: Faldehals: i do
03:34:18 : Side: T.J: well, thank you so much!
03:35:01 : Side: Faldehals: i got so much stuff i donted and you have no idea how much money :)
03:35:37 : Side: T.J: hahah, damn you got to be rich
03:35:56 : Side: Faldehals: more i realy need ja
03:38:28 : Side: Faldehals: i go to this base you crash ok ?
03:38:50 : Side: T.J: yeah man :D
03:38:50 : Side: Faldehals: or stary ?
03:39:06 : Side: T.J: the crash base would be better, I have lost my keys hahaha
03:39:24 : Side: Faldehals: i trust you this moment
03:39:33 : Side: T.J: roger 
03:40:46 : Side: T.J: :OO
03:40:52 : Side: Faldehals: hehe
03:41:01 : Side: Faldehals: np
03:41:11 : Side: Faldehals: take it is close to restart
03:41:20 : Side: Faldehals: hurry
03:41:20 : Side: T.J: alright, thank you so much!!
03:43:48 : Side: Faldehals: lol
03:45:53 : Side: Faldehals: what happen ?
03:51:00 : Side: Faldehals: and you loose it or safe it befor you die ?
03:51:05 : Side: T.J: i safed it
03:51:13 : Side: Faldehals: lol
03:51:16 : Side: T.J: but was making bitch sounds
03:51:18 : Side: T.J: so kms
03:51:21 : Side: freedom: whats up matsa
03:51:44 : Side: matsa: just chilling, you? :)
03:52:04 : Side: freedom: same bro kids finally went to bed
03:52:24 : Side: matsa: :D
04:09:14 : Side: Faldehals: lol mines around the mission
04:09:50 : Side: matsa: what mission?
04:10:02 : Side: Faldehals: near the novy camp
04:10:13 : Side: matsa: ahh
04:10:48 : Side: Faldehals: WOHOOO
04:10:50 : Side: Faldehals: lol
04:19:01 : Side: Faldehals: someone around here at this mission cause i see a empty can ?
04:25:42 : Side: Faldehals: k guys i kill 6 of it cant see more cause trees in the way and i go of now hf gl
04:33:38 : Side: matsa: you guys doing missions?
04:40:46 : Side: freedom: can you not harvest wood with axe?
04:41:15 : Side: matsa: yes
04:41:27 : Side: freedom: not getting the option to do so hmm
04:41:38 : Side: matsa: you need to hit it
04:41:56 : Side: freedom: lol ohh others i played was a click option
04:42:10 : Side: matsa: :P
04:42:35 : Side: freedom: ohh man this is way more fun thanks lol!!
04:42:43 : Side: matsa: np
04:42:55 : Side: freedom: alot more wood too
04:43:09 : Side: matsa: easier tho
04:43:20 : Side: freedom: yeah 
04:43:51 : Side: matsa: if you use a chainsaw i think it creates lumber instantly so you dont need to craft it?
04:44:08 : Side: freedom: that be nice 
04:44:54 : Side: freedom: a guy named arne was asking about you today
04:45:05 : Side: matsa: ye?
04:46:22 : Side: freedom: asked how good of a guy you were in side i respond said a good one that you helped me out he said you killed him at trade with heli
04:46:41 : Side: freedom: said dont sound like you 
04:47:05 : Side: freedom: said happened last night but i was on at time he said it happend 
04:47:21 : Side: matsa: he stole my heli that i was gonna sell so i crashed into him
04:47:41 : Side: matsa: didnt know there was a trader there xD
04:47:44 : Side: freedom: well now thats a diff story then he told i dont blame you lol
04:48:01 : Side: matsa: xD
09:06:03 : Side: PRISMIC: HI
09:06:41 : Side: PRISMIC: i see u in that plain 
09:06:50 : Side: PRISMIC: lol dw  im  friendly
10:32:40 : Side: yavvs: hello patriks
10:32:50 : Side: Patriks: sup
10:33:11 : Side: matsa: jjoinn
10:33:52 : Side: matsa: join so we dont accidentally kill each other
10:34:25 : Side: Patriks: sorry what? 
10:34:28 : Side: Patriks: didnt read
10:34:40 : Side: matsa: join our group
10:34:59 : Side: Patriks: yore 2 guys?
10:35:02 : Side: Patriks: youre*
10:35:06 : Side: matsa: ye
10:35:15 : Side: Patriks: do u have a base?
10:35:26 : Side: Patriks: im looking for a group to play with
10:35:42 : Side: matsa: join so we know not to kill each other
10:35:48 : Side: matsa: xD
10:36:14 : Side: matsa: we can do some missions if you'd like to
10:36:24 : Side: Patriks: give me a min
10:40:04 : Side: Patriks: that didnt go as planned :D
10:41:59 : Side: Patriks: ;eave somethign for me too :D
10:42:04 : Side: yavvs: okay 
10:42:37 : Side: Patriks: u have a base?
10:44:59 : Side: matsa: patrik you mf join the group
10:45:14 : Side: Patriks: u have a teamspeak or smt?
10:45:44 : Side: matsa: group channel :D
10:46:28 : Side: Patriks: u communicate just through game?
10:46:34 : Side: matsa: yea
10:46:39 : Side: yavvs: basiclly
10:47:52 : Side: Patriks: i guess i can but not today as im logging off, gotta go play some poker :D
10:48:01 : Side: yavvs: lmao happy winning
10:48:26 : Side: Patriks: will try, gonna just sell my suvb
11:05:20 : Side: Patriks: gl guys
11:05:23 : Side: yavvs: ty
11:05:37 : Side: Patriks: byw
11:05:39 : Side: Patriks: btw
11:05:52 : Side: Patriks: how much supplies are in a ikea convoy?
11:06:27 : Side: matsa: it depends
11:06:37 : Side: Patriks: well how much was in this one?
11:06:52 : Side: Patriks: how many cinders and buckets for example?
11:07:01 : Side: yavvs: 10 cinder/mortar
11:07:15 : Side: Patriks: oke, ty, bye
11:07:23 : Side: yavvs: yeha man
11:07:29 : Side: yavvs: cya
11:52:38 : Side: Turmoil: hey sierra ^
11:52:46 : Side: Sierra [SD]: hiya :)
11:53:13 : Side: Sierra [SD]: Everything alright?
11:53:19 : Side: Turmoil: yep ^^
11:53:25 : Side: matsa: can you come delete some shit?
11:54:16 : Side: Sierra [SD]: good :) - not right now sorry matsa
12:07:15 : Side: Turmoil: sierra?
12:08:57 : Side: [NG2] Jesse: sierra at mission?
12:16:16 : Side: Sierra [SD]: Hey sorry was afk, what's up?
12:17:05 : Side: Turmoil: was just some random shooting
12:17:28 : Side: Turmoil: tought maybe you were hiding in the bushes
12:19:04 : Side: Sierra [SD]: ah - prob the ai wasnt it?
12:19:11 : Side: Turmoil: yeah
12:21:03 : Side: 2DIE4: matsa
12:21:08 : Side: 2DIE4: im coming  =)
12:22:10 : Side: 2DIE4: u here?
12:22:17 : Side: matsa: where?
12:22:29 : Side: 2DIE4:  our lil place  =)
12:22:57 : Side: yavvs: lmao
12:23:50 : Side: matsa: the barn?
12:24:01 : Side: 2DIE4: ;-)
12:24:09 : Side: 2DIE4:  u made good bank didnt u?!  
12:24:32 : Side: matsa: ??
12:25:01 : Side: 2DIE4:  is that u?
12:25:16 : Side: matsa: yeah
12:25:26 : Side: 2DIE4:  ok  
12:25:31 : Side: 2DIE4:  ill stop shooting
12:25:45 : Side: 2DIE4:   all closed
12:26:52 : Side: 2DIE4: u goin 4 the mission?
13:05:02 : Side: matsa: arne ka du?
13:05:08 : Side: Arne: what?
13:05:27 : Side: matsa: føck
13:05:33 : Side: Arne: whats up friend?
13:05:52 : Side: matsa: what are you doing
13:05:58 : Side: Arne: what do you mean?
13:06:13 : Side: matsa: its a simple question...
13:06:17 : Side: yavvs: lmao
13:06:46 : Side: Arne: i am playing a game on my pc? can you be more detailed in your simple question friend
13:07:43 : Side: matsa: stop being a narcissist fag
13:07:51 : Side: Arne: ??
13:08:02 : Side: Arne: are you mad because i am defending my base?
13:08:04 : Side: Turmoil: stop using such words in chat
13:08:12 : Side: matsa: yours?
13:08:15 : Side: Arne: yes?
13:08:29 : Side: matsa: how did you get plot pole??
13:09:04 : Side: matsa: did you glitch into it??
13:09:10 : Side: Arne: no
13:09:20 : Side: matsa: how did you get it then?
13:09:26 : Side: matsa: theres no other way
13:09:34 : Side: Arne: haha yes there was
13:09:55 : Side: Arne: just need some good old exlosives
13:09:59 : Side: Arne: explosives
13:10:01 : Side: matsa: riiight
13:10:18 : Side: Arne: dont be mad.. at least i didnt kamikazee a dude in a trade zone 
13:10:38 : Side: matsa: lmao
13:10:40 : Side: Arne: this is my revenge. and it feels juuuust right
13:11:03 : Side: Turmoil: sierra, you flying? :D
13:11:55 : Side: Arne: thank you tho. it is a good location and didnt really want to build all that stuff myself
13:13:09 : Side: Arne: come and get soem!
13:15:52 : Side: Arne: i gotta hurry because i need to go off in 5 minuts
13:16:10 : Side: Arne: i mean you gotta hurry
13:19:21 : Side: Arne: thank you come again
13:20:41 : Side: 2DIE4: matsa lemme guess... he captured your base wich was on 
13:20:51 : Side: 2DIE4: green mauntain?!
13:20:59 : Side: Arne: yep
13:21:02 : Side: 2DIE4: *mountain sry
13:22:00 : Side: Arne: yeah you best role out 
13:22:06 : Side: Arne: this is arnes land
13:22:18 : Side: Arne: lil sniper dude
13:22:21 : Side: 2DIE4: z bet not  =)
13:22:28 : Side: Arne: got 
13:22:40 : Side: Arne: try me punk
13:22:56 : Side: 2DIE4:   lol what u shootin with ?  i scared the shit outta u with a DMR  = )
13:23:03 : Side: Arne: dmr
13:25:06 : Side: yavvs: rekt
13:26:22 : Side: Arne: nice job.. hard being one guys against a squad.. gg
13:26:32 : Side: yavvs: squad? im a lone wolf
13:26:40 : Side: yavvs: 1v1 
13:26:42 : Side: Arne:  gotta go. good luck trying to take the plot.. i am sure you will figrue it out
13:26:48 : Side: 2DIE4:  were not in a squad and therefore its arnes land  he poked you in the ass pretty bad 
13:27:04 : Side: 2DIE4:  yavis get his stuff =9 
13:27:18 : Side: Arne: :) well a chopper, plane, mozzie and a sniper hardly seems like a 1v1. 
13:27:34 : Side: Arne: anyways.. i really have to go.. see you guys later
13:27:38 : Side: yavvs: lmao, rekt
13:27:40 : Side: 2DIE4: ok mate
13:27:41 : Side: yavvs: had to leave 
13:30:56 : Side: 2DIE4: yavvs liar  XD  u in a squad with lemme guess.. matsa  XD
13:31:09 : Side: yavvs: nope, just cooperated before
13:31:15 : Side: Turmoil: hes not with us, so yeah xD
13:31:29 : Side: 2DIE4:  u still in the squad and matsa just landet on his old thing  XD
13:32:01 : Side: yavvs: if the owner of a squad creates a group with users leaving, the group will still remain 
13:32:06 : Side: yavvs: so no, ur statement is false
13:32:25 : Side: 2DIE4:  well its buggy sometiimes so might be right doesnt matter though =) 
13:32:46 : Side: yavvs: :p
13:34:51 : Side: [NG2] Jesse: is there a bug that keys will disapere in lockboxes? 
13:35:04 : Side: 2DIE4: sometimes ... happend to me too 
13:35:06 : Side: matsa: yes
13:35:09 : Side: 2DIE4:  make  acopy
13:35:47 : Side: [NG2] Jesse: whut!,.. its the second time the key dgoas away after restart!! 
13:36:23 : Side: 2DIE4: put it in a safe but make a copy
13:36:44 : Side: [NG2] Jesse: use safeboxes for al the keys ^^ 
13:37:01 : Side: [NG2] Jesse: damn it! 
13:37:02 : Side: yavvs: safes
13:37:10 : Side: yavvs: wtf is a safebox xd
13:37:21 : Side: [NG2] Jesse: lockbox i mean,..
13:37:25 : Side: yavvs: ah
13:37:27 : Side: 2DIE4:  its  a mixture between a safe and a lockbox
13:37:34 : Side: 2DIE4: XD
13:37:35 : Side: [NG2] Jesse: haha
13:37:36 : Side: Turmoil: which contains vodka
13:37:36 : Side: yavvs: xd
13:37:40 : Side: 2DIE4:  good 
13:37:50 : Side: Turmoil: or no.. hes dutch, so it will contain Berenburg
13:37:53 : Side: yavvs: lol are you guys even legal?
13:38:28 : Side: 2DIE4:  i  guess with 41 years  XD
13:38:33 : Side: [NG2] Jesse: but now i lost my heli again!@!@!
13:38:41 : Side: 2DIE4:  hotwire it 
13:38:47 : Side: 2DIE4:  at least u can sell it
13:38:48 : Side: yavvs: you sure the lockbox is not full
13:38:49 : Side: Turmoil: well, im 27 so i guess im legal as well then
13:38:51 : Side: [NG2] Jesse: i dont have 
13:38:59 : Side: yavvs: and by that I mean the weaponslots
13:39:15 : Side: [NG2] Jesse: no its was a empty one.. 
13:39:25 : Side: Turmoil: he played the game long enough to know that he shouldnt put stuff in a full box xD
13:39:33 : Side: [NG2] Jesse: ;) 
13:39:47 : Side: yavvs: s
13:39:51 : Side: [NG2] Jesse: damn! . so anyoning :( and sad.. 
13:40:21 : Side: [NG2] Jesse: sierra you here?
13:40:42 : Side: 2DIE4:  u know where to find hotwires right?!
13:40:50 : Side: [NG2] Jesse: missions? 
13:41:00 : Side: 2DIE4:  broke down ural missions
13:41:05 : Side: 2DIE4:  and presidents 
13:41:31 : Side: 2DIE4:  or majors
13:41:32 : Side: [NG2] Jesse: yea itss. . i can do that or i buy a new one :P 
13:44:53 : Side: 2DIE4: what happendß
13:45:00 : Side: matsa: bug
13:45:11 : Side: 2DIE4:  ???ß what kinda bug explodes?
13:45:30 : Side: matsa: flied over a telephone line
13:45:40 : Side: 2DIE4:  its not a  bug dude u ran into it 
13:45:46 : Side: matsa: no i didnt
13:45:48 : Side: 2DIE4:  they really work   XD  
13:46:07 : Side: 2DIE4:   u did .. just by flying OVER them u wont explode
13:46:22 : Side: 2DIE4:    happend to me b4  a thousand times
13:46:31 : Side: matsa: didnt even touch it
13:46:34 : Side: matsa: so...
13:46:40 : Side: 2DIE4:  the game sais other  XD
13:46:47 : Side: 2DIE4:  later guys
13:46:51 : Side: matsa: so does shadowplay
13:58:42 : Side: M.K.: sierra, after how much time does a safe resets it's code ?
13:58:50 : Side: [NG2] Jesse: haha
13:58:52 : Side: Sierra [SD]: 7 days
13:58:54 : Side: M.K.: ty
13:59:01 : Side: Sierra [SD]: np
14:01:41 : Side: M.K.: isnt glitching your way into bases bannable?
14:01:52 : Side: Sierra [SD]: yes
14:01:53 : Side: M.K.: i forgot to ask you the other day?
14:01:56 : Side: M.K.: ok
14:02:02 : Side: M.K.: good.
14:02:14 : Side: Sierra [SD]: proof is needed though of course
14:02:41 : Side: M.K.: well if there is no other way of getting into it how else could it be
14:02:54 : Side: Sierra [SD]: doors being left open
14:03:03 : Side: M.K.: but you can see that on the logs
14:03:15 : Side: Sierra [SD]: not always no
14:04:07 : Side: M.K.: this can be sketchy
14:04:37 : Side: M.K.: so in other words if the owner of the base doesnt have proof that u glitched ur not in trouble..
14:04:40 : Side: M.K.: and thats bs
14:04:44 : Side: M.K.: tbh
14:04:51 : Side: M.K.: :(
14:05:10 : Side: Rhys: but otherwise any could say someone broke in... 
14:05:21 : Side: M.K.: what?
14:05:40 : Side: M.K.: no im just saying
14:05:52 : Side: M.K.: dont get me wrong
14:06:40 : Side: M.K.: after the restart the doors lock themselves right?
14:07:00 : Side: M.K.: okok
14:08:12 : Side: M.K.: so if someone is far away from his base and restart happens, and until he is home the base gets taken over and there is no other possible way but
14:08:20 : Side: M.K.: he has no proof to show because he wasnt home
14:08:25 : Side: M.K.: :D
14:08:26 : Side: matsa: did it say i combat logged?
14:08:29 : Side: M.K.: nope
14:08:32 : Side: Rhys: yes
14:08:47 : Side: Rhys: it said player mtsa combat logged 
14:08:49 : Side: matsa: shot an ai and internet went out 
14:09:08 : Side: Rhys: thtas what I meant....
14:09:13 : Side: matsa: shitty internet because of a storm here
14:09:47 : Side: M.K.: okok i thought ur logs can prove it, that he didnt enter any code / open any doors to get into the base
14:09:51 : Side: M.K.: but i may be wrong
14:10:07 : Side: M.K.: im just trying to understand how the system works
14:10:08 : Side: M.K.: thanks:P
14:10:39 : Side: M.K.: okok ty :)
14:10:44 : Side: Turmoil: HEY OLD MAN!
14:10:49 : Side: Turmoil: ooops caps
14:11:18 : Side: PRISMIC: un mute me
14:11:54 : Side: PRISMIC: un mute me !!
14:12:21 : Side: Turmoil: Fix your mic then xD
14:13:47 : Side: M.K.: sierra tp to me for a sec
14:13:52 : Side: M.K.: if u dont have anything to do
14:16:44 : Side: M.K.: u there?
14:19:12 : Side: M.K.: lwb, is placing a safe on top of the plot to hide it allowed?
14:19:23 : Side: Turmoil: no it is not
14:19:26 : Side: -NFG- Nero: cant even pick up plots can u?
14:19:31 : Side: Turmoil: yes you can
14:19:34 : Side: -NFG- Nero: ive tried 3 and all were un able to pick up
14:19:45 : Side: Turmoil: have to have a toolbox and crowbar i think
14:19:50 : Side: M.K.: yes
14:20:07 : Side: M.K.: but i seen a couple of bases that done the safe thing to hide it
14:20:23 : Side: Turmoil: wasnt allowed earlier at least
14:23:09 : Side: M.K.: if u can come to me you will see why did i ask lwb/sierra
14:23:17 : Side: M.K.: :P
14:23:38 : Side: M.K.: okok
14:30:57 : Side: matsa: taking my base back :)
14:34:33 : Side: M.K.: what is the fastest way to increase humanity?
14:34:43 : Side: Turmoil: bandit missions
14:34:43 : Side: matsa: be good
14:34:50 : Side: M.K.: XD
14:34:53 : Side: Turmoil: and behave like a good buy
14:34:56 : Side: Turmoil: boy**
14:34:57 : Side: [NG2] Jesse: do missions
14:35:02 : Side: M.K.: ok thanks
14:35:05 : Side: M.K.: :)
14:35:30 : Side: [NG2] Jesse: or heal ppl who loses some blood
14:37:09 : Side: matsa: admin just in case Arne starts complaining, i did not glitch into the base
14:37:48 : Side: 2DIE4:  got it taped?
14:37:57 : Side: 2DIE4:  best way to prove
14:38:10 : Side: yavvs: lmao, no proof that he glitched so nah
14:40:03 : Side: 2DIE4:  im almost hero  =)
14:40:08 : Side: Turmoil: ....
14:40:21 : Side: 2DIE4:  just 166K to go XD
14:40:28 : Side: Turmoil: yeah was about to say that xD
14:41:06 : Side: [NG2] Jesse: haha! its you dram to became a hero 2die4? 
14:41:10 : Side: [NG2] Jesse: dream*
14:41:36 : Side: 2DIE4:  eversince  =) 
14:46:57 : Side: matsa: badman¨
14:46:58 : Side: yavvs: badmin
15:06:02 : Side: yavvs: admin, hacker here!!
15:06:16 : Side: 2DIE4: ????
15:06:18 : Side: LWB [SD]: ???
15:06:33 : Side: Hailstorm: ???
15:06:39 : Side: yavvs: Dimon2004
15:06:41 : Side: -NFG- Nero: hacker where?
15:06:49 : Side: LWB [SD]: why do you think that
15:06:55 : Side: 2DIE4:  maybe he logged out where u shot him?
15:07:07 : Side: Agressor2002: yeah
15:07:14 : Side: Agressor2002: he my fried
15:07:36 : Side: yavvs: well, he suddenly appears inside my base(saferoom), as of the base is in full lockdown
15:07:47 : Side: LWB [SD]: he logged out..
15:07:53 : Side: LWB [SD]: thats not hacking
15:08:32 : Side: yavvs: what I'm saying, is that he ported inside my saferoom, where my plot is, to then remove it
15:08:39 : Side: yavvs: doesn't that seem sketchy for you?
15:08:47 : Side: LWB [SD]: i doubt that
15:08:51 : Side: LWB [SD]: gltched in maybe
15:09:17 : Side: 2DIE4:  check if its the same IP as arnes  =) 
15:09:24 : Side: 2DIE4:  ID
15:09:28 : Side: yavvs: ait bro
15:10:27 : Side: [NG2] Jesse: mateu how did you get killed
15:10:39 : Side: [NG2] Jesse: ?
15:10:47 : Side: 2DIE4: wasnt me
15:21:06 : Side: -NFG- Nero: anyone selling an m107?
15:21:16 : Side: -NFG- Nero: ill give you 4 sea bass and a  camp fire
15:21:23 : Side: 2DIE4:  yap trader = ) 
15:21:29 : Side: Hailstorm: deal XP
15:21:31 : Side: 2DIE4:  lol 
15:21:32 : Side: -NFG- Nero: overpriced lol
15:21:38 : Side: -NFG- Nero: they want like 6bc for it
15:21:40 : Side: 2DIE4:  XD
15:21:44 : Side: -NFG- Nero: dmr is better value
15:21:50 : Side: Hailstorm: whats the price at bandit???
15:21:53 : Side: -NFG- Nero: 6bc
15:22:08 : Side: -NFG- Nero: that new gun is 8 and id rather try that
15:22:24 : Side: 2DIE4:  u mean the ANZIO?
15:22:28 : Side: -NFG- Nero: ye
15:22:32 : Side: -NFG- Nero: looks v cool
15:22:34 : Side: Hailstorm: i like that gun :)
15:22:39 : Side: 2DIE4:  its a  3 rnd 20mm vulcan rifle
15:22:44 : Side: -NFG- Nero: id rly like to shoot my team mates in the face with it
15:22:55 : Side: 2DIE4:   its not only the gun   but ammo is like  OUCH!
15:22:56 : Side: Hailstorm: you can shoot 2 with one shot
15:23:10 : Side: Hailstorm: but the third is save behind them
15:23:24 : Side: -NFG- Nero: ksvk/lapua has the coolest sound i know
15:23:27 : Side: Hailstorm: we try it
15:30:54 : Side: 2DIE4: punk staay off that mission
15:31:02 : Side: -NFG- Jaeger: jesus literally everyone is getting kills with m107 rn
15:32:44 : Side: 2DIE4: whats funny is i didnt have him on the scan
15:32:58 : Side: 2DIE4:  he was there all of a sudden and got into the chopper 
15:34:06 : Side: -NFG- Jaeger: can you remove other peoples plot poles on this server?
15:34:14 : Side: 2DIE4: yap
15:34:15 : Side: Turmoil: yes
15:34:18 : Side: -NFG- Jaeger: alright ty
15:34:21 : Side: 2DIE4:  u can destroy them 
15:35:16 : Side: 2DIE4: lol that katyusha guy quickly left
15:35:28 : Side: 2DIE4:  almost hero now  XD
15:45:00 : Side: M.K.: You have to wait 55s
15:45:03 : Side: M.K.: dafuq
15:51:40 : Side: M.K.: whats the comb for when the lockbox resets?
15:51:53 : Side: 2DIE4: b99
15:51:55 : Side: LWB [SD]: 10000
15:52:12 : Side: M.K.: ty
15:54:07 : Side: [KRT]Uku: Okei my neighbours are not friendly
16:27:41 : Side: Hailstorm: WHAT, build a safe and the combination is 0000, bullshit...
16:28:04 : Side: yavvs: xd
16:33:59 : Side: yavvs: REKT
16:35:05 : Side: 2DIE4:  that wasnt nice
16:42:08 : Side: 2DIE4:  rekt
16:57:12 : Side: matsa: why do you always try to steal my base_
16:57:54 : Side: freedom: whos that?
17:00:09 : Side: Faldehals: jo ho
17:03:03 : Side: 2DIE4: hi pook  =)
17:03:25 : Side: 2DIE4:  hi other pook
17:03:43 : Side: Faldehals: ?
17:12:32 : Side: 2DIE4: yavvs at least i got my revenge  XD
17:12:35 : Side: 2DIE4:   gg
17:12:43 : Side: yavvs: proud? :Dd
17:13:07 : Side: 2DIE4:  should have picked another weapon though then yall 3 would have been 6 feet under
17:13:18 : Side: yavvs: hahahaha
17:13:20 : Side: yavvs: ritew
17:13:27 : Side: yavvs: like all the other times you tried
17:13:40 : Side: 2DIE4:  lol how many times did i try?
17:13:43 : Side: yavvs: btw, you should practice on your flying
17:13:49 : Side: yavvs: you seem to struggled
17:14:30 : Side: yavvs: your just garbage, you have to face it
17:14:30 : Side: 2DIE4:  well keeping two  in focus is hard   but the 3rd came in thats when i had to leave cuz he seemed to angle me
17:14:40 : Side: yavvs: hahaha
17:14:43 : Side: 2DIE4:    you must speak of yaself
17:14:45 : Side: yavvs: my friends were offline
17:14:54 : Side: yavvs: just as you passed over
17:14:57 : Side: yavvs: after the restart
17:15:02 : Side: 2DIE4:   sure thats y ther wa 3 ppl at the busses and the fuel truck 
17:15:04 : Side: yavvs: you didnt even have a chance to circle
17:15:26 : Side: matsa: no wonder you dont have any friends
17:15:31 : Side: yavvs: lmao rekt
17:15:36 : Side: 2DIE4:   whatever sore looser
17:15:39 : Side: freedom: lmao
17:15:43 : Side: yavvs: loser*
17:15:49 : Side: yavvs: l2write
17:16:03 : Side: nutzer: so triggered
17:16:22 : Side: yavvs: lol who the fuck r u xd
17:31:56 : Side: 2DIE4:  anybody enjoy the loot at versesnik crash BH    AI should be gone 
17:39:39 : Side: Faldehals: m2 out
17:39:45 : Side: Oskar: Matsa hello !)
17:39:57 : Side: Oskar: AS50 with TPW allowed here ?
17:40:00 : Side: matsa: hello :D
17:40:03 : Side: 2DIE4: ope 
17:40:14 : Side: Oskar: ?
17:40:21 : Side: 2DIE4: nope
17:40:38 : Side: Oskar: as50 standart ?
17:41:18 : Side: 2DIE4: what do u mean allowed? 
17:41:24 : Side: 2DIE4:  want to spawn some in?
17:41:42 : Side: Faldehals: guy at house i see nothing more you ?
17:42:27 : Side: Faldehals: k i dont need anithing
17:42:31 : Side: Faldehals: y
17:49:52 : Side: 2DIE4: ill go prepare some dinner ... happy looting all 
17:49:57 : Side: yavvs: kk
17:50:21 : Side: 2DIE4:  dude .. pls .. dont take all this personal or  too serious.. .its a game  .
17:50:35 : Side: matsa: ??
17:50:36 : Side: yavvs: bro, its me as a person to be care
17:50:42 : Side: 2DIE4:  i saw the chopper crash is still not lootet
17:50:45 : Side: yavvs: no offence, im kind to you
17:51:00 : Side: 2DIE4:   XD    
17:51:17 : Side: 2DIE4:  later  =)
17:51:23 : Side: yavvs: yeah, later buddy
18:18:27 : Side: Oskar: matsa, sorry bro, i don`t know tha this is you
18:19:45 : Side: matsa: WHY U KILL?
18:21:09 : Side: Oskar: skared, because you have bandit skin
18:21:18 : Side: Oskar: and shoot first
18:21:31 : Side: Fontes: lawl
18:21:49 : Side: Oskar: lat ve take my loot back and i live this area
18:21:57 : Side: Oskar: let me
18:23:12 : Side: Oskar: so you returt my as50 ?
18:24:10 : Side: Oskar: so ?
18:24:21 : Side: Fontes: sure
18:24:47 : Side: Fontes: i just shot you because you went prone in the grass ready to shoot
18:24:57 : Side: Oskar: ok, im flyin to you
18:25:11 : Side: Oskar: yeah, stupid situation )
18:26:17 : Side: matsa: payback :D
18:28:23 : Side: yavvs: sorry oscar
18:28:42 : Side: Oskar: guys, it was your biggest mistake
18:28:51 : Side: yavvs: why
18:28:54 : Side: matsa: sorry
18:29:10 : Side: Oskar: it is late
18:29:16 : Side: yavvs: wat
18:29:19 : Side: yavvs: kurwa
18:29:38 : Side: Oskar: shca budet myaso
18:29:45 : Side: Oskar: zdite
18:29:56 : Side: Fontes: wit
18:30:00 : Side: matsa: do we know each other oskar?
18:30:03 : Side: Fontes: met paarse stippen
18:30:31 : Side: Oskar: i dont know this guys
18:31:04 : Side: Oskar: but i have a lot of money, and it will be hot in there area
18:31:17 : Side: yavvs: hahaha bring it on
18:31:29 : Side: Oskar: wait wait
18:38:30 : Side: yavvs: thank you..
19:03:05 : Side: -SDS- Gowther: AI nice idea but u should change your name before admin notice
19:03:35 : Side: AI: i not understand
19:03:48 : Side: -SDS- Gowther: change your name i dont think this is allowed
19:04:08 : Side: Fontes: AI is a used name 
19:04:13 : Side: AI: why not allowed, is not bad word
19:04:36 : Side: AI: is my name letters is all
19:13:32 : Side: Joshuaa: matsa or font could someone inv me to group?
20:42:12 : Side: Ming Wu: How do i combine bars?
20:42:42 : Side: ImWithStuPiD: in trader
20:54:43 : Side: Turmoil: if you help out some more victor ill give you a briefcase
20:56:52 : Side: Turmoil: Victor?
21:00:53 : Side: Hailstorm: are there nps helis
21:01:16 : Side: Coburn: *NPCs
21:01:26 : Side: ImWithStuPiD: at missions sometimes
21:06:28 : Side: Faldehals: hey digu how much ai you kill in this camp ?
21:07:00 : Side: Faldehals: i got the one who kill you come to get your body
21:07:17 : Side: Digupherbones: me?
21:07:22 : Side: Faldehals: ya you
21:07:40 : Side: Digupherbones: i haven't killed any of the ai there
21:08:19 : Side: Faldehals: ohh mkay they was near the barn im in also 2 more i think there around
21:08:39 : Side: Turmoil: SDS guys? what do you want? 
21:08:48 : Side: Digupherbones: yeah there will be 2 more around.
21:09:25 : Side: Faldehals: if you come ill try to cover you the ai is at the street
21:09:38 : Side: Faldehals: near your body
21:09:50 : Side: Digupherbones: ah ok - not coming back but cheers
21:10:33 : Side: Faldehals: realy not ok i dont kill you im hero
21:11:14 : Side: Digupherbones: thanks but spawned elsewhere - nothing worthwhile on my body
21:11:30 : Side: Faldehals: but the ai has a coyote bp
21:16:41 : Side: -SDS- Gowther: Anyone got my SUV, just asking... than i dont need to search it XD
21:16:54 : Side: acer: Thanks 
21:16:59 : Side: Winans: sold it
21:17:07 : Side: -SDS- Gowther: Ok XD
21:17:35 : Side: acer: Thank you for the SUV
21:17:47 : Side: -SDS- Gowther: Already said np XD
21:45:21 : Side: Faldehals: thats better
22:04:56 : Side: Dell: admin?
22:05:42 : Side: Dell: My friend died for no reason
22:05:53 : Side: Faldehals: lol sierra i have a present for you !
22:06:11 : Side: Faldehals: a special HE dilldo :)
22:06:37 : Side: Turmoil: mmmm dildos
22:06:43 : Side: Faldehals: lol
22:06:46 : Side: [NG2] Jesse: ok
22:07:11 : Side: Faldehals: i found a rocket at a barack not in safe also normal loot
22:07:53 : Side: Faldehals: if i found one more you have toi give me a louncher :)
22:08:48 : Side: Faldehals: its the same like the other 2 you saw
22:09:51 : Side: Faldehals: is a plotpole destroyable ?
22:09:58 : Side: Hailstorm: yes
22:10:05 : Side: Faldehals: k
22:10:06 : Side: [NG2] Jesse: you can remove it
22:10:15 : Side: [NG2] Jesse: everybody cans
22:10:17 : Side: Faldehals: not remove i mean realy destroy
22:10:17 : Side: Hailstorm: or you can claim the plot and the whole base
22:10:32 : Side: Hailstorm: yes both
22:10:39 : Side: Faldehals: kk
22:41:33 : Side: Turmoil: Falde? you shooting?
22:41:42 : Side: Faldehals: nope im fishing
22:41:49 : Side: [NG2] Jesse: hihi oke ^^ 
22:41:54 : Side: Turmoil: okay, AI then i guess, we are heroes btw also ^^
22:41:58 : Side: Turmoil: both me and Jesse
22:42:00 : Side: [NG2] Jesse: your also  a hero i heard? 
22:42:24 : Side: Faldehals: jap 14442+ atm you ?
22:42:35 : Side: [NG2] Jesse: 11745
22:42:51 : Side: Turmoil: was 30600 but now 27k becouse of the SDS guys attacked my base
22:43:53 : Side: Faldehals: what is the different with the lvl heros you can change at spawn ?
22:43:54 : Side: Turmoil: working on getting to 35k and hero lvl 5
22:44:21 : Side: Turmoil: 1 and 2 is revolver, 3 is G36 SD and 4 is M24
22:44:30 : Side: Faldehals: i have a acu bp with my lvl atm 
22:44:32 : Side: Faldehals: aha
22:44:35 : Side: Turmoil: 5 is ghillie, dmr, backpack etc
22:44:39 : Side: Faldehals: same at bandit ?
22:44:48 : Side: Turmoil: not sure, never tried xD
22:44:55 : Side: Faldehals: same here
22:46:45 : Side: Faldehals: :)
23:28:07 : Side: Turmoil: KZEE
23:28:55 : Side: Turmoil: dont come here and steal the stuff when we killed the AI 
23:29:53 : Side: [NG2] Jesse: kazee talk!!
23:29:57 : Side: Turmoil: answer
23:30:14 : Side: Turmoil: answer and we let you go man...
23:30:43 : Side: Turmoil: that was a fair warning at least... 
23:32:33 : Side: Turmoil: we did not take anything, all your stuff is still there
23:32:51 : Side: Turmoil: key, car, weapons everything is at your body
23:32:54 : Side: [NG2] Jesse: i need to shoot you you pointing the gun to me! 
23:33:24 : Side: KZEEBEX: ._.
23:33:39 : Side: KZEEBEX: I didnt saw chat
23:33:41 : Side: Turmoil: we told you to answer, we gave warning shots as well
23:33:46 : Side: [NG2] Jesse: why did you say anething!
23:33:53 : Side: [NG2] Jesse: dude 
23:33:56 : Side: Faldehals: full in scopetrance
23:34:12 : Side: Faldehals: i know that hehe
23:34:17 : Side: [NG2] Jesse: we give warning shots an say it 3 times
23:34:37 : Side: Turmoil: we are heroes so we dont kill players usually
23:34:42 : Side: KZEEBEX: but what about just let me go? xD
23:34:58 : Side: KZEEBEX: or let me be there
23:35:04 : Side: [NG2] Jesse: we would but you aim the gun to me
23:35:14 : Side: Turmoil: we tried that first... fired warning shot and said leave... you just sat behind your car
23:35:15 : Side: [NG2] Jesse: we cleard the mission
23:35:37 : Side: KZEEBEX: i cleared :c
23:35:38 : Side: Turmoil: i can airlift your car to a place where you can fix
23:35:45 : Side: KZEEBEX: i killed all bots
23:36:10 : Side: Turmoil: we took out 5 ai + the M2 machine gunners...
23:36:12 : Side: [NG2] Jesse: we killed allot also,.. like the m2 guns... 
23:36:36 : Side: Turmoil: ill fly your car to where ever you want... if you want
23:36:49 : Side: KZEEBEX: my humanity: 3085
23:36:55 : Side: KZEEBEX: cole to hero
23:36:58 : Side: Turmoil: im 28k
23:37:01 : Side: KZEEBEX: uhh
23:37:12 : Side: KZEEBEX: true hero
23:37:13 : Side: KZEEBEX: xD
23:37:32 : Side: Turmoil: want me to airlift your car?
23:37:40 : Side: [NG2] Jesse: 9540 now
23:37:47 : Side: KZEEBEX: dont care about this
23:37:51 : Side: [NG2] Jesse: i lost 3 from your stu[pit action
23:37:57 : Side: [NG2] Jesse: 3k*
23:38:29 : Side: Turmoil: well, apologiez for the misunderstanding
23:38:32 : Side: KZEEBEX: i thought some bots left 
23:38:34 : Side: KZEEBEX: )))
23:38:54 : Side: [NG2] Jesse: next time read text ^^ 
23:39:39 : Side: KZEEBEX: so
23:39:47 : Side: KZEEBEX: you guys friendly?
23:39:50 : Side: Turmoil: yeah :)
23:39:53 : Side: [NG2] Jesse: yea ! 
23:39:57 : Side: Turmoil: me jesse and falde are all heroes
23:40:00 : Side: KZEEBEX: me too)
23:40:05 : Side: [NG2] Jesse: but you pointing gun to my face after 3 warning shots! 
23:40:19 : Side: KZEEBEX: omfg
23:40:24 : Side: KZEEBEX: i told you 
23:40:32 : Side: [NG2] Jesse: but after that we are very friendly
23:40:33 : Side: KZEEBEX: i thought it was bots
23:40:51 : Side: Turmoil: shit happens, at least know we know ^^
23:40:56 : Side: [NG2] Jesse: yea butt to come clean ^^
23:41:16 : Side: KZEEBEX: i think, its normal reaction
23:41:24 : Side: KZEEBEX: when some one shooting you 
23:41:32 : Side: KZEEBEX: hide and try to find 
23:41:38 : Side: KZEEBEX: ho was shooting
23:41:41 : Side: KZEEBEX: no?
23:42:01 : Side: Turmoil: yeah, but not if you had seen what we typed first :)
23:42:10 : Side: KZEEBEX: btww
23:42:42 : Side: [NG2] Jesse: yea we shot your tires so you could see the chat :P 
23:42:47 : Side: [NG2] Jesse: but shit happens
23:42:57 : Side: [NG2] Jesse: next time we wil let you go
23:43:01 : Side: Turmoil: thats why i said i could fly it to a place you can fix it ^^
23:50:01 : Side: Faldehals: log out maybe you lost stuff
23:50:23 : Side: KZEEBEX: i dont have nothing
