00:40:35 : Side: [HWB] Penetrator: cool ohne diese heuler mit ihrm only english gebrassel
00:40:47 : Side: [HWB] Penetrator: was geht
00:41:03 : Side: 2DIE4: hi =) 
00:41:18 : Side: [HWB] Penetrator: hattest du dir in klen gradn suv gekauft ?
00:41:25 : Side: 2DIE4: nö
00:41:37 : Side: [HWB] Penetrator: k
00:42:04 : Side: [HWB] Penetrator: hab dem einfach ma nen bc hingestellt aber der hette mehr schiss um sein roten golf 
00:42:31 : Side: 2DIE4: XD
00:42:33 : Side: [HWB] Penetrator: was machst ?
00:42:51 : Side: 2DIE4: farmen
00:42:55 : Side: [HWB] Penetrator: bist ja eigentlich auch ich würd sagen allein unterwegs
00:43:09 : Side: 2DIE4: imo ja =) 
00:43:15 : Side: [HWB] Penetrator: farmen haha wasn sonnenblumenkerne ? :)
00:43:41 : Side: 2DIE4: parts zum zerlegen ich bau gerade jede menge metal floors
00:44:41 : Side: [HWB] Penetrator: hör mir auf hatte sierra gefragt ob er net ma ne workbench in klen stellen kann
00:45:06 : Side: 2DIE4:  stell dir doch eine in die base
00:45:15 : Side: 2DIE4:  kurz relog 
00:45:39 : Side: [HWB] Penetrator: prima denkst ich bin blöd ....
00:47:07 : Side: [HWB] Penetrator: und ?! denkst ich hab bock 1 tag lang 50 ma a-b-a 
00:47:22 : Side: 2DIE4: ????
00:47:47 : Side: [HWB] Penetrator: von base klen kaufe zurück craften wieder klen zurück .....
00:48:22 : Side: [HWB] Penetrator: 3 fahreten 12 floors dann kein bock mehr
00:48:25 : Side: 2DIE4:  hey Kent 
00:48:42 : Side: 2DIE4:   u cool with us speakin som jibberish?
00:49:38 : Side: 2DIE4: ich kanns mir ja leisten zu kaufen, bin ich aber zu kniggerig  XD
00:49:48 : Side: 2DIE4: 1 BC für n metal floor
00:49:54 : Side: Kent: Sure chat all u like. im cool
00:50:02 : Side: [HWB] Penetrator: seh ich doch genau so als rohre tabktraps
00:50:07 : Side: [HWB] Penetrator: n
00:50:08 : Side: 2DIE4: just wanna make sure dude  =)
00:50:32 : Side: [HWB] Penetrator: ja der eine gestern war echt zum kotzen
00:51:37 : Side: [HWB] Penetrator: aber kannst auch 4 wände für 3 10oz 6g kaufen
00:51:52 : Side: 2DIE4: ich bau nur cinder
00:52:00 : Side: [HWB] Penetrator: immer noch 6 10oz 4g gespart
00:52:08 : Side: [HWB] Penetrator: für die floors mann
00:52:13 : Side: 2DIE4: wie mach ich das? 
00:52:45 : Side: [HWB] Penetrator: geh klen buildingparts metallwände kaufen 4 kannst zu einem floor machen 
00:52:57 : Side: 2DIE4:  is egal ob ich  ne fertige wand kaufe oder bei den wholesaler gehe
00:52:58 : Side: [HWB] Penetrator: 1 wand 9 gold
00:53:04 : Side: [HWB] Penetrator: x 4
00:53:18 : Side: 2DIE4:  oh echt
00:53:29 : Side: 2DIE4: muß ioch ma l hier in stary schaun
00:53:51 : Side: [HWB] Penetrator: habs auch vorhin erst richtig durchgeschaut
00:54:11 : Side: 2DIE4: yop 1 panel 9 güld XD
01:18:05 : Side: [HWB] Penetrator: uh-1h bringt net viel wa ?!
01:18:17 : Side: 2DIE4: XD nö wa
01:18:47 : Side: [HWB] Penetrator: ch47 is mehr
01:20:36 : Side: [HWB] Penetrator: ahh mining rock is noch besser
01:23:03 : Side: [HWB] Penetrator: eisen hmmm
01:24:53 : Direct: Kent: Nice bird u have
01:25:38 : Side: [HWB] Penetrator: geht ne c130 town ?
01:26:17 : Side: [HWB] Penetrator: egal wär ja langweilig hehe
01:27:47 : Side: [HWB] Penetrator: sach doch nur 1 bc der uh
01:28:59 : Side: [HWB] Penetrator: 2die weist ob das geht ?
01:29:06 : Side: 2DIE4: ill get that MV is that cool with u two?
01:29:09 : Side: 2DIE4:  ka
01:30:14 : Side: Kent: Go for it..
01:30:46 : Side: 2DIE4: i mean with 3 guys we dont neccessarily need to shoot us  or do we?!
01:33:16 : Side: [HWB] Penetrator: belagerst du da den damm ?
01:33:30 : Side: 2DIE4: ???
01:33:38 : Side: [HWB] Penetrator: also nein :)
01:37:57 : Side: [HWB] Penetrator: ohh mann das wird was mit dem teil
01:38:20 : Side: [HWB] Penetrator: town geht nicht
01:39:23 : Side: [HWB] Penetrator: oder doch .. nee will net aber sagt wo mom
01:39:58 : Side: [HWB] Penetrator: to far aber steht voll daneben
01:46:01 : Side: [HWB] Penetrator: wasne arbeit erstma die bäume alle umfahrn die willsts dir ansehn ?
01:48:27 : Side: [HWB] Penetrator: easy
01:48:53 : Side: [HWB] Penetrator: ich hoffe die landebahn is frei
01:50:44 : Side: [HWB] Penetrator: oh mann wie fade
01:51:32 : Side: [HWB] Penetrator: HAHA 1 bc 
01:52:36 : Side: [HWB] Penetrator: das doch arm echt
01:58:52 : Side: [HWB] Penetrator: hörst dun mozzie ?
02:01:10 : Side: [HWB] Penetrator: voll im baurausch wa
02:01:21 : Side: 2DIE4: XD yop
02:01:30 : Side: [HWB] Penetrator: wo baust denn ?
02:02:04 : Side: 2DIE4:  altar   =)
02:02:24 : Side: [HWB] Penetrator: ja alter bin immernoch der mit mtvr an der scheune
02:02:40 : Side: 2DIE4: XD
02:03:44 : Side: [HWB] Penetrator: bin immer nur der oder faldehals denkst ich frag um so assi zu sein dir ans pein zu pinkeln ?
02:03:57 : Side: 2DIE4:  nö  
02:04:02 : Side: 2DIE4:  warum denn=?!
02:04:48 : Side: [HWB] Penetrator: hörte sich so an als wie klar als würdest mir da sagen .. ne echt sag ma mir gehts eher darum das ich weis wo ich die finger weg lasse
02:05:12 : Side: 2DIE4: ich sitz auf altar rum   =)
02:06:05 : Side: [HWB] Penetrator: ahh dann hörst jetzt aber n mozzilla
02:06:17 : Side: [HWB] Penetrator: ewtl
02:06:21 : Side: 2DIE4: ne bin gerade in stary   =)
02:08:33 : Side: 2DIE4: kurz mozzi teile holen und dann MV veticken =) 
02:09:04 : Side: [HWB] Penetrator: grad um die ecke anem crash nur müll
02:09:19 : Side: 2DIE4: XD
02:09:36 : Side: [HWB] Penetrator: WOOWOO ALTER NV
02:10:00 : Side: [HWB] Penetrator: n coyote liegt hier
02:10:41 : Side: [HWB] Penetrator: 1 uhr 500m 
02:10:56 : Side: [HWB] Penetrator: is net mein tach ma schaun ob die mi17 noch steh
02:10:58 : Side: [HWB] Penetrator: t
02:11:24 : Side: 2DIE4: gönn dir
02:12:04 : Side: [HWB] Penetrator: eigentlich kein plan mehr wofür
02:12:23 : Side: 2DIE4: hhahahahha
02:13:12 : Side: [HWB] Penetrator: dachte der kanack und sein kumpel baun hier
02:13:43 : Side: 2DIE4: XD
02:13:50 : Side: [HWB] Penetrator: das  neeeehh oder N TRACKTOR HAHA
02:13:57 : Side: 2DIE4: yop
02:14:21 : Side: [HWB] Penetrator: is mei pink chainsaw cooler
02:14:53 : Side: [HWB] Penetrator: gehörst zu denen oder ? 
02:15:14 : Side: 2DIE4: nö
02:19:31 : Side: geistfrei: heyhey
02:19:36 : Side: 2DIE4: hoi
02:19:49 : Side: [HWB] Penetrator: jojo
02:28:17 : Side: [HWB] Penetrator: wer am af
02:28:20 : Side: [HWB] Penetrator: ?
02:28:29 : Side: geistfrei: .+
02:30:51 : Side: [HWB] Penetrator: renn hier ai rum oder echt nur bei den roten camps ?
02:31:15 : Side: 2DIE4: AF?  yap da auch 
02:31:16 : Side: geistfrei: noch keine gesehen
02:33:27 : Side: [HWB] Penetrator: denk wenn hättn die sicher schon geschossen solang wie ich hier in der luft steh
02:33:46 : Side: geistfrei: stimmt
02:33:50 : Side: 2DIE4:  stell dich mal auf den boden XD
02:34:13 : Side: [HWB] Penetrator: der aff wieder
02:34:27 : Side: 2DIE4: XD
02:34:58 : Side: [HWB] Penetrator: am tower kann das sein sehs net richtig ?!
02:35:13 : Side: 2DIE4: also geist.. wir ahben und drauf geeinigt wir schießen uns net übern haufen wenn nur 3 4 mann on sind
02:35:36 : Side: geistfrei: jup alles klar
02:35:57 : Side: [HWB] Penetrator: joah vor allem immer erst auf die die immer als erstes jammern und einem was von den rules erzählen wolln
02:36:11 : Side: 2DIE4: XD
02:37:01 : Side: [HWB] Penetrator: sach ma die wo genau oder überall aufm kompletten irgendwo
02:37:13 : Side: [HWB] Penetrator: öhm ?
02:38:15 : Side: [HWB] Penetrator: ja doch da sins
02:38:31 : Side: [HWB] Penetrator: geist siehst mich ?
02:38:38 : Side: geistfrei: bin stary
02:38:44 : Side: [HWB] Penetrator: k
02:38:59 : Side: [HWB] Penetrator: was passiert 2 ?
02:39:22 : Side: 2DIE4: mom
02:40:00 : Side: 2DIE4:  jetzt spawn auch noch ne mission an meiner leiche
02:40:15 : Side: geistfrei: ätzend :D
02:40:20 : Side: [HWB] Penetrator: wo denn ?
02:40:27 : Side: 2DIE4:  kommt die mal mit wegknallen
02:40:57 : Side: [HWB] Penetrator: welche denn ?
02:41:01 : Side: 2DIE4:  mit bissl glück sehen die mich net in der kuhle
02:41:13 : Side: 2DIE4:  hero BH crash
02:43:58 : Side: 2DIE4: sollte so gen
02:44:02 : Side: 2DIE4: gehn
02:44:35 : Side: [HWB] Penetrator: sicher sonst fahr ichse übern haufen
02:44:53 : Side: 2DIE4:  einmal net aufgepasst unf karte geschaut mit mozzi und boom XD  harte landung 
02:45:08 : Side: 2DIE4:  geht danke
02:45:13 : Side: [HWB] Penetrator: ok
02:45:45 : Side: [HWB] Penetrator: vodnik macht alles um .. nur die 2 am M2 müsse wech
02:46:01 : Side: [HWB] Penetrator: ahh tesa
02:46:40 : Side: 2DIE4:  dann komm ich mach die M2 wech  = ) 
02:48:57 : Side: 2DIE4: hey bambi we agreed not to shoot each other .. its senseless with 4 or less ppl online
02:49:17 : Side: BaffledBambi: ok
02:49:42 : Side: 2DIE4:  geist ready ? 
02:49:47 : Side: 2DIE4:  ill give the go
02:49:58 : Side: [HWB] Penetrator: hast die am m2 wech ?
02:50:03 : Side: geistfrei: go 4 what ?`
02:50:20 : Side: 2DIE4:  noch net
02:50:43 : Side: [HWB] Penetrator: prima 250m wech
02:50:47 : Side: [HWB] Penetrator: :/
02:52:00 : Side: 2DIE4: hast inv
02:53:42 : Side: 2DIE4: 10min
02:53:58 : Side: [HWB] Penetrator: seh den einschlag net
02:55:01 : Side: 2DIE4: 1 is noch
02:55:05 : Side: 2DIE4: glaub
02:56:00 : Side: [HWB] Penetrator: 1 ai oder 1 m2 ?
02:56:00 : Side: 2DIE4: fahr
02:56:13 : Side: 2DIE4: Ai   2 noch 
02:56:17 : Side: 2DIE4:  oder 3
03:06:57 : Group: 2DIE4: wbw
03:07:13 : Group: [HWB] Penetrator: jo
03:07:23 : Group: [HWB] Penetrator: konnte das ding nicht ma heilen
03:07:36 : Group: 2DIE4: wie ?
03:07:53 : Group: [HWB] Penetrator: ja igw halt lol
03:08:09 : Group: 2DIE4:  was denn ?  hab ich was verpasst?
03:08:19 : Group: [HWB] Penetrator: joah 2 ma aufschliessen
03:08:24 : Group: [HWB] Penetrator: immer gut
03:08:53 : Group: [HWB] Penetrator: ka war ewtl auch nurn script
03:09:11 : Group: [HWB] Penetrator: der kleine heli da abgeschlossen ?
03:09:19 : Group: 2DIE4: ka 
03:09:43 : Group: [HWB] Penetrator: jo
03:10:50 : Group: [HWB] Penetrator: mhh gude puddel in de buttel
03:11:04 : Group: 2DIE4: XD
03:12:35 : Group: [HWB] Penetrator: looolw
03:13:23 : Group: [HWB] Penetrator: net lustig
03:13:33 : Group: 2DIE4: muß eben relog
03:14:52 : Group: [HWB] Penetrator: drück eben M steh voll im roten kreis
03:15:03 : Group: 2DIE4:  oooops
03:15:21 : Group: 2DIE4: da is ja der heli  XD
03:15:34 : Group: [HWB] Penetrator: was das ?
03:15:43 : Group: 2DIE4:  nachschubtruppen
03:15:44 : Group: [HWB] Penetrator: BALLERN ??
03:15:50 : Group: 2DIE4:  paras
03:16:17 : Group: [HWB] Penetrator: toll weg als ich geschossen hab
03:16:20 : Group: 2DIE4:  könn ma machen
03:18:21 : Group: [HWB] Penetrator: sin da auch m2 am start hab wie immer nurs pkp bei
03:19:31 : Group: [HWB] Penetrator: findest bei so missions ma sowas wie m107 oder as50 ?
03:19:45 : Group: 2DIE4: M107 is seeehr rar
03:19:53 : Group: 2DIE4:  AS weiß ic h net
03:20:02 : Group: 2DIE4:  anzio is nur zu kaufen
03:20:10 : Group: [HWB] Penetrator: kaufe kannst m107 find ich nur mags
03:20:31 : Group: [HWB] Penetrator: l115 anem crash wars beste bis jetzt
03:22:33 : Group: [HWB] Penetrator: ach hab ma voll kein bock uff nix geburtstach wollten wech son trecks kanacke hat mich eingeparkt drecks bullen meinten ich soll mirn taxi rufen ungla
03:22:51 : Group: [HWB] Penetrator: ublich oder
03:24:13 : Group: [HWB] Penetrator: hatte eigentlich vor am af nach den hotwirekits zu schaun bis du sagtest da sin ai
03:24:52 : Group: 2DIE4: hwk hab ich bis jetzt nur bei missionen bekommen glaub ich 
03:36:25 : Group: [HWB] Penetrator: was sachtn deine humanity ?
03:36:52 : Group: 2DIE4: 71400
03:36:59 : Group: 2DIE4: minus
03:37:04 : Group: [HWB] Penetrator: + .... aha
03:37:34 : Group: 2DIE4: und elog
03:49:58 : Group: [HWB] Penetrator: nochn m2 da ?
03:50:18 : Group: 2DIE4: nö
03:55:24 : Group: 2DIE4: komm looten
04:04:26 : Group: [HWB] Penetrator: ALLES OK ?
04:04:34 : Group: 2DIE4: yap
04:04:57 : Group: [HWB] Penetrator: stary oder ?
04:05:03 : Group: 2DIE4: yap
04:06:37 : Group: [HWB] Penetrator: hat die alte gestöhnt als ich drüber bin hehe
04:07:10 : Group: 2DIE4: XD
04:08:46 : Group: [HWB] Penetrator: wieder ne grundstucksurkunde mir fehlen noch die meisten tuning dingers
04:09:01 : Group: 2DIE4: Xd
04:18:29 : Side: 2DIE4:  kurzes geimprojekt X
04:19:11 : Side: [HWB] Penetrator: mach du ma ich tucker die kiste ma in den puff
04:19:22 : Side: 2DIE4:  XD
04:27:31 : Side: Headshot: whats a entrenching tool?
04:27:42 : Side: 2DIE4: its to built stuff
04:27:50 : Side: 2DIE4:  like a shovel
04:27:58 : Side: Headshot: thx m8 
04:32:58 : Side: 2DIE4: headshot want som of the loot?
04:33:17 : Side: Headshot: hmm no thx ^^ 
04:33:44 : Side: Headshot: from what mission?
04:33:51 : Side: 2DIE4: i mean we agreed NOT to shoot each other   due to 3 ppl its not worth it
04:34:06 : Side: 2DIE4:  the the rogue dude
04:35:21 : Side: 2DIE4: might be one more AI  left cant see it
04:39:09 : Side: 2DIE4: cmon get sdome of the loot
04:39:17 : Side: 2DIE4:  its fresh www
04:44:08 : Side: 2DIE4: if u want im out its all yours
04:44:20 : Side: 2DIE4:  large gunbag at teh crate
04:46:42 : Side: 2DIE4: off 4 tonight guys im tired
04:46:52 : Side: 2DIE4:  gg all   =) get teh loot
04:46:58 : Side: Headshot: cya
04:46:59 : Side: 2DIE4: bb
04:47:04 : Side: [HWB] Penetrator: bin auch nimmer lang
04:47:15 : Side: 2DIE4:  Head trust me there is still plenty of stuff 
04:47:21 : Side: 2DIE4:  bb all =)
08:51:51 : Side: Turmoil: Mooorning folks
08:52:09 : Side: Sierra [SD]: Hiya :) - how are you?
08:52:32 : Side: Turmoil: im goodie good, except for my crazy neighbour that keeps ripping out that damn ethernet cable -,-
08:52:42 : Side: Turbovozbuditel: who kill me in dichina camp?
08:53:09 : Side: Turmoil: shut did, since i just logged on and Sierra is admin? 
08:53:18 : Side: Sierra [SD]: yeah - she sounds a bit of a pain
08:53:31 : Side: Sierra [SD]: AI killed him I think
08:53:40 : Side: Sierra [SD]: that is what the kill feed said
08:53:44 : Side: Turbovozbuditel: ai in camP?
08:53:47 : Side: Turmoil: ooooh, my bad then sorry shut, didnt mean to blame you ^^
08:53:48 : Side: Sierra [SD]: yeah
08:54:03 : Side: Sierra [SD]: there is usually 3
08:55:04 : Side: Turmoil: base got raped last night too sierra :( buuuuuh
08:55:18 : Side: Turmoil: umm, i got warned for that? :O
08:55:51 : Side: Sierra [SD]: lol a load of heli just jumped out of a heli and pretty sure they all died. Yeah LWB said - he saw the chatter before he came to bed :D 
08:55:59 : Side: Sierra [SD]: yeah you prob would
08:56:28 : Side: Sierra [SD]: there is a list of key words that you get a warning for
08:56:48 : Group: Turmoil: we got our revenge tho :D
08:56:57 : Group: Sierra [SD]: I am glad! :D
08:57:21 : Group: Turmoil: they stole the keys to two of our transports... we blew up two of theirs... fair deal i belive ^^ they gain two and lost two
08:57:47 : Group: Sierra [SD]: who was it?
08:58:20 : Group: Turmoil: The Snikers and a friend of him apparantly... showed up at camp and killed Jesse and Marco
08:58:40 : Group: Turmoil: think his name is written a bit differently than that but, you get the idea ^^
08:59:02 : Group: Sierra [SD]: ah righty - I've never seen him talk on here. Are they russian?
08:59:34 : Group: Turmoil: they might be... i've seen quite a few russians on, they are mostly really anoying, especially when your and LWB have left
09:00:34 : Group: Sierra [SD]: yeah - they usually either seem to talk Russian all the time in side chat or keep completely silent and never talk, that is why I was wondering xD
09:01:02 : Group: Turmoil: yeah, they talk russian in side chat as soon as you guys are not around, filling it up with jibberish xD
09:01:20 : Group: Sierra [SD]: xD - what time did you stay on til last night?
09:01:27 : Group: Turmoil: same goes for Odlbland or whatever hes called and 2DIE4 
09:01:58 : Group: Turmoil: oooh, i guess around 23:40-23:50 i think, around that time
09:03:37 : Group: Sierra [SD]: oh yeah I know - and 2DIE4 always moans when other people do it too! xD. Ah okies not too late then :D - are you an hour or two hours different to us?
09:04:07 : Group: Turmoil: think we are on same time or 1 hour difference, currenty its 10:04 here
09:04:18 : Group: Sierra [SD]: ah yeah 1hr then :D
09:04:26 : Group: Sierra [SD]: ahead
09:05:29 : Group: Turmoil: this is the last weak tho im gonna be up late in the weekdays, monday i start working again hopefully if everything goes good at the hospital today ^^
09:06:04 : Group: Sierra [SD]: Ah ok - you've been away from work sick then?
09:06:46 : Group: Turmoil: not really sick, i broke my right hand in september, been trough a couple of surgeries and stuff so its taken way to long to get back :)
09:07:40 : Group: Sierra [SD]: Oh ouch! Must have broken it quite badly for it to need a couple of ops
09:08:10 : Group: Turmoil: broke the 5th methacarpal, the bone between the knuckle and wrist, straight of
09:08:14 : Group: Turmoil: littlefinger
09:08:29 : Group: Sierra [SD]: how did you manage that?
09:09:06 : Group: Turmoil: hit my left han with a hammer, got a bit angry and apparently my automatic reaction was to hit a brick wall with my right hand... makes sense, yeh? xD
09:10:10 : Group: Sierra [SD]: OMG forgot i had that turned on - just hit a wrong button tp'd forward a little bit and nearly killed myself lol. Oh! silly boy xD that must have been
09:10:15 : Group: Sierra [SD]: very painful!
09:10:55 : Group: Turmoil: absolutely... when they set the fracture at the hospital they gave me no anastecia or anything... when they were done i actually passed out from the p
09:10:58 : Group: Turmoil: pain
09:11:46 : Group: Sierra [SD]: i expect you will be glad to get back to work - it must have been a bit boring for you
09:12:22 : Group: Turmoil: yeah... umm is the helicopter/plane thing at our base player or just spawned in Ai transport? :O 
09:12:50 : Group: Sierra [SD]: there is a bandit mission nearby
09:13:00 : Group: Sierra [SD]: its a patrol though
09:13:05 : Group: Sierra [SD]: shouldnt be a heli
09:13:06 : Group: Turmoil: its not locket either so... wish i knew how to fly it so i could sell it xD
09:13:20 : Group: Sierra [SD]: lol what is it?
09:13:31 : Group: Turmoil: the plane that can take of and land vertically
09:13:52 : Group: Sierra [SD]: oh the mv22 - they are ok to take off with auto hover but a bit trick to land i find :D
09:14:15 : Group: Turmoil: guess i can autohover down to the airfield xD slow but effective thenw
09:14:56 : Group: Turmoil: im gonna try and take out the bandits ^^
09:15:19 : Group: Sierra [SD]: yeah you auto hover to get up in the air but because it is like a plane you need to take the auto hover off or it doesnt fly well. 
09:15:27 : Group: Sierra [SD]: ah cool :D - i was heading that way too
09:16:13 : Group: Turmoil: im just missing my targets.... ooooooh *anoyed*
09:16:28 : Group: Sierra [SD]: you can use your m107 xD
09:16:37 : Group: Turmoil: no ammo :)
09:16:47 : Group: Sierra [SD]: damn :P
09:17:40 : Group: Turmoil: got one
09:17:51 : Group: Sierra [SD]: well done! :D
09:18:01 : Group: Turmoil: two more down
09:18:15 : Group: Turmoil: 3
09:18:57 : Group: Turmoil: if you want to kill any of them you need to hurry ;)
09:19:10 : Group: Sierra [SD]: nah - ill go for the camp instead :D
09:19:43 : Group: Turmoil: yaaaay
09:19:46 : Group: Sierra [SD]: I see Dobry "Do6ry" has finally removed his xml 
09:20:04 : Group: Sierra [SD]: good job :D
09:20:07 : Group: Turmoil: whats an XML?
09:20:46 : Group: Sierra [SD]: its a link you put on your character profile which uploads a file which shows your clan info etc on your player profile
09:21:01 : Group: Sierra [SD]: but they can seriously muck up a server
09:21:30 : Group: Turmoil: ah i see ^^ 
09:21:55 : Group: Turmoil: im gonna see if i got any good stuff ^^
09:22:14 : Group: Sierra [SD]: we asked him and his friend to remove them and he kept arguing about it - yes - keep an eye out because i saw a vehicle driving around near here
09:22:27 : Group: Sierra [SD]: think it might have left though
09:22:29 : Group: Sierra [SD]: a golf
09:22:38 : Group: Turmoil: hmmm, should probably scout the area then...
09:23:29 : Group: Sierra [SD]: its freezing in here because I'm having to charge my car battery up - it was flat this morning - had to jump start it
09:23:37 : Group: Turmoil: this is just gonna end up with me dead and no loot xD
09:23:47 : Group: Turmoil: that sucks :( its quite cold here as well, around minus 14 
09:24:29 : Group: Sierra [SD]: lol :D I'm sure you will be fine :D - yeah it has actually warmed up here today - 5.9 - supposed to stay warm now over the weekend but when you are 
09:24:42 : Group: Sierra [SD]: sat next to an open window...
09:25:05 : Group: Turmoil: sounds a bit chilly yeah xD we had the window open all last night becouse of the crazy lady upstairs
09:25:29 : Group: Sierra [SD]: what was she doing last night?
09:25:31 : Group: Turmoil: had to move the wifi router downstairs to us and drag a ethernet cable trough the window
09:25:40 : Group: Turmoil: she belive it gives deadly radiation
09:25:54 : Group: Sierra [SD]: oh - hmmm she sounds a bit odd!
09:26:13 : Group: Turmoil: shes not normal xD
09:26:33 : Group: Sierra [SD]: has she been there long?
09:27:03 : Group: Turmoil: we lived here since april and she lived here when we moved here ^^
09:27:20 : Group: Sierra [SD]: well that is unfortunate
09:27:36 : Group: Sierra [SD]: our neighbour can be a bit funny sometimes too
09:30:53 : Group: Turmoil: if i put a backback with items in a truck, will i lose the items?
09:31:07 : Group: Sierra [SD]: never tried it :P
09:31:22 : Group: Sierra [SD]: want me to come try it 1st and see what happens?
09:31:47 : Group: Turmoil: sure, then i dont loose anything xD
09:31:58 : Group: Sierra [SD]: ok coming
09:32:20 : Group: Turmoil: this would be heaven for 2DIE4 :D 3 or 4 VSS'es
09:33:23 : Group: Sierra [SD]: xD - hmm I'm sure I lost two mags
09:33:27 : Group: Sierra [SD]: let me try again
09:33:34 : Group: Turmoil: a bit sketchy then...
09:34:35 : Group: Sierra [SD]: mmmm it seems ok - maybe i just had less mags then i thought
09:34:44 : Group: Turmoil: haha ^^ maybe ^^
09:34:46 : Group: Sierra [SD]: everything else seems to be there
09:34:53 : Group: Turmoil: nice
09:35:05 : Group: Sierra [SD]: xD
09:35:05 : Group: Turmoil: if you need/want anything feel free to get whatever you like from the truck
09:35:10 : Group: Turmoil: perhaps an VSS? 
09:35:31 : Group: Sierra [SD]: thanks - lol - I'm good thanks - got my m107 for now until someone kills me and steals it :D
09:35:43 : Group: Turmoil: ooooh tempting
09:35:50 : Group: Turmoil: lucky for you im a good boy
09:35:53 : Group: Turmoil: lol xD
09:35:59 : Group: Sierra [SD]: hopping back to my barn!! :P
09:36:02 : Group: Sierra [SD]: lol :D
09:36:10 : Group: Turmoil: thanks for help ^^ 
09:36:23 : Group: Sierra [SD]: thats ok - better my stuff lost than yours!
09:36:47 : Group: Turmoil: ill get my new stuff into the storage and see if i cant fly the heli down to the trader :D
09:37:15 : Group: Sierra [SD]: yeah i think they are worth a couple of briefcases at least
09:37:37 : Group: Turmoil: should be yeah, the heli ola came with was 2 ^^
09:37:45 : Group: Sierra [SD]: nice! xD
09:38:30 : Group: Sierra [SD]: I would have said we could go on teamspeak as its a bit quieter at the moment but my mum is in the office too and playing wow so loudly i don't think 
09:38:34 : Group: Sierra [SD]: i would hear you lol
09:38:47 : Group: Turmoil: hahahah
09:38:58 : Group: Turmoil: well im in the lobby already so, been there since i came on ^^
09:39:57 : Group: Sierra [SD]: ah - I was about to say I'm sat in the admin room atm but the connection just went
09:41:05 : Group: Turmoil: i got a document that says offroad performance x1?
09:41:19 : Group: Sierra [SD]: yeah i haven't found anything you can use that on yet
09:41:40 : Group: Sierra [SD]: they were supposed to be vehicle upgrades but I don't think they work
10:06:22 : Side: Do6ry: Fuck you men
10:32:45 : Side: Turbovozbuditel: where i can find gems?
10:33:22 : Side: Sierra [SD]: there are a few ore spawns about but very rare
10:49:37 : Side: hitrec: sierra,
10:51:32 : Side: hitrec: We removed xml
10:51:57 : Side: Mathi: Hello
10:52:04 : Side: hitrec: hey
10:52:44 : Side: Sierra [SD]: Hi hitrec - it should have just been a temp ban - I'm not sure I can remove it from here but let me see. If not I will get LWB to remove it as soon as
10:52:44 : Side: Mathi: I dont know why but my game does not look good¨
10:52:50 : Side: Sierra [SD]: he is at the comp
10:53:13 : Side: Sierra [SD]: Hi Mathi - in what sense?
10:53:38 : Side: Mathi: It used to be pretty 
10:53:59 : Side: hitrec: his banned
10:54:23 : Side: Sierra [SD]: yeah I can see he still is. Its coming up in the admin messages
10:55:00 : Side: hitrec: thx
10:55:23 : Side: Sierra [SD]: I will get him unbanned as soon as I can
10:57:57 : Side: Sierra [SD]: and thank you for removing the xml - we appreciate it. 
10:58:23 : Side: Mathi: I cant open doors or pick stuff up atm
10:58:38 : Side: Sierra [SD]: have you tried relogging Mathi
10:58:38 : Side: hitrec: :)
10:58:52 : Side: Mathi: Yeah okay but theere is a Combo luck here :D
10:59:05 : Side: Mathi: Dont want it to go bye bye ;D
10:59:15 : Side: Mathi: Iam new on here 
11:00:40 : Side: Sierra [SD]: I've just spoken to LWB on the phone hitrec and he will be at his computer within the next 15 mins so he will unban bobah straight away as soon as he 
11:00:43 : Side: Sierra [SD]: gets on it
11:00:54 : Side: Sierra [SD]: i will let you know when he has done it.
11:01:27 : Side: Sierra [SD]: do you have low FPS at all Mathi?
11:01:50 : Side: Sierra [SD]: if there is lag that could cause a problem with doors etc
11:04:13 : Side: hitrec: ok, we'll be waiting
11:04:37 : Side: Sierra [SD]: Yep - i'll let you know as soon as its done. shouldnt be long now
11:09:47 : Side: Sierra [SD]: Hiya hitrec, the ban should be lifted now
11:11:37 : Side: BOBAH: thank you for unban 
11:11:38 : Side: hitrec: grateful
11:15:08 : Side: Sierra [SD]: no problem guys, sorry about the wait. Have fun gaming! :)
11:16:14 : Side: [GOC] hairy: hi guys
11:16:21 : Side: Sierra [SD]: Hiya :)
11:17:05 : Side: [GOC] hairy: with is the best way to get build things 
11:19:32 : Side: Sierra [SD]: missions most likely
11:19:38 : Side: Sierra [SD]: the convoy ones
11:19:46 : Side: [GOC] hairy: ok then thanks 
11:19:47 : Side: Do6ry: my
11:19:51 : Side: Do6ry: mission
11:20:00 : Side: Sierra [SD]: I did a convoy mission earlier and left all the gear for anyone who wanted it - shame you were not on
11:20:46 : Side: [GOC] hairy: neaver mind we will get there 
11:20:52 : Side: Sierra [SD]: xD
12:08:43 : Side: Replicate: you are heroes?
12:08:46 : Side: Replicate: guys
12:08:49 : Side: BOBAH: нуы
12:08:51 : Side: BOBAH: yes
12:08:55 : Side: Replicate: сори
12:08:57 : Side: Replicate: тогда
12:08:59 : Side: BOBAH: хахах
12:09:03 : Side: Replicate: я не буду палить
12:09:04 : Side: BOBAH: русский
12:09:07 : Side: Replicate: ага
12:09:09 : Side: Replicate: сорян
12:09:10 : Side: BOBAH: подъезжай , поделим
12:09:14 : Side: Replicate: просто там труп мой
12:09:22 : Side: Replicate: и я ее чистил
12:09:27 : Side: BOBAH: бери , мы десант зачистили ток
12:09:35 : Side: Replicate: сори еще раз
12:09:43 : Side: BOBAH: да ничего ) ябы тоже так сделал )
12:11:55 : Side: Replicate: я его заберу?
12:11:56 : Group: BOBAH: ты её до нас чистил )
12:12:00 : Group: BOBAH: конечно
12:12:04 : Group: BOBAH: твоя же миска
12:12:13 : Side: Replicate: ок?
12:12:18 : Side: BOBAH: ой
12:12:21 : Side: BOBAH: да кончечно
12:12:27 : Side: BOBAH: твоя же миссия
12:12:38 : Side: BOBAH: просто я думал ты в группу вошёлв
12:12:49 : Side: BOBAH: удачи , бро )
12:12:54 : Side: BOBAH: если что зови на помощь
12:12:56 : Side: Replicate: и тебе
12:13:00 : Side: Replicate: ок )
12:14:18 : Direct: BOBAH: мы мтвр возьмём ?
12:14:26 : Direct: Replicate: берите
12:15:31 : Direct: BOBAH: кстати , мосинка тащит )
12:23:41 : Side: BOBAH: ты на суве ?
12:23:51 : Side: Replicate: +
12:23:54 : Side: BOBAH: ок
12:26:25 : Side: Replicate: вован, а вы с базой?
12:26:37 : Side: hitrec: пока нет
12:27:10 : Side: Replicate: я думал может рядом с вами построиться
12:27:20 : Side: BOBAH: соседи не помешают )
12:27:25 : Side: hitrec: без проблем )
12:27:34 : Side: Replicate: а вы где?
12:28:03 : Side: Replicate: поставь меточку
12:28:25 : Side: BOBAH: группу прими
12:28:27 : Side: BOBAH: скажем
12:28:40 : Group: BOBAH: в пулково
12:28:43 : Group: BOBAH: где башня
12:29:03 : Group: hitrec: 052/100
12:29:34 : Group: Replicate: ок
12:29:59 : Group: Replicate: я тогда потехоньку перебераюсь в ту область
12:30:05 : Group: Replicate: поти*
12:30:08 : Group: hitrec: не видел куда патруль путь держит?
12:30:15 : Group: Replicate: неа
12:30:20 : Group: Replicate: а вы же герои?
12:30:46 : Group: Replicate: у меня хаммер тут на дороге валяется, можете продать
12:30:49 : Group: hitrec: вован да, мне 300 хумки не осталось добрать
12:31:02 : Group: Replicate: я его с собой захвачу
12:34:53 : Group: hitrec: нас тут забанили позавчера за отряд
12:35:08 : Group: hitrec: хотели бросить серв, но он один хороший на 106
12:35:20 : Group: hitrec: разбанились, xml удалили
12:35:31 : Group: Replicate: за что забанили?
12:35:40 : Group: hitrec: за клановый xml
12:35:53 : Group: hitrec: ссылка в профиле
12:36:04 : Group: hitrec: пришлось удалить
12:36:10 : Group: Replicate: маразм
12:36:15 : Group: hitrec: эт да
12:40:35 : Group: hitrec: на всех серверах тут живем )
12:40:51 : Group: hitrec: одну и ту же базу уже три раза строил )
12:41:01 : Group: Replicate: место хорошее?
12:41:07 : Group: hitrec: красивое
12:41:18 : Group: BOBAH: хах , у нас такой же хамер )
12:41:34 : Group: Replicate: этот продать нужно
12:41:40 : Group: BOBAH: продадим
12:41:56 : Group: Replicate: я поставлю сейф?
12:42:00 : Group: BOBAH: ставь
12:42:38 : Group: BOBAH: если есть потребность в оружии , говориф
12:43:07 : Group: Replicate: ок
12:43:11 : Group: Replicate: спасибо
12:46:14 : Group: Replicate: цепляйте хаммер
12:46:18 : Group: BOBAH: ща
12:46:55 : Group: BOBAH: ключ от верта бери
12:46:58 : Group: BOBAH: беру*
12:47:38 : Group: BOBAH: верт пустой ((((
12:47:40 : Group: Replicate: кек
12:47:48 : Group: Replicate: у меня канистры есть
12:47:54 : Group: Replicate: для бензопилы брал
12:47:54 : Group: BOBAH: вылазь , так доедем
12:48:09 : Group: BOBAH: там бочки нужны чтоб заправить
12:49:00 : Group: BOBAH: так повезём ?
12:49:22 : Group: Replicate: ну да
12:49:51 : Group: Replicate: а тут бронетехника продается?
12:50:02 : Group: hitrec: вроде нет
12:50:21 : Group: Replicate: только этот хаммер же только у героя продать можно
12:50:36 : Group: BOBAH: знаю
12:52:53 : Group: Replicate: по поводу бронетехники. тут просто топазы и тд продаются
12:53:12 : Group: hitrec: так это теперь вообще валюта )
12:53:33 : Group: Replicate: просто раньше они были только с бронетехникой
12:53:43 : Group: Replicate: я просто года 2 в арму 2 не играл
12:53:59 : Group: hitrec: да не, у нас на серве просто продавалась за брифы
12:54:56 : Group: Replicate: это была миссия
12:55:01 : Group: hitrec: ахах
12:55:07 : Group: Replicate: кек
12:55:33 : Group: Replicate: гайс, а у вас дмрка есть?
12:55:39 : Group: hitrec: да
12:56:13 : Group: Replicate: можно 1 украсть пока на миссии не найду?
12:56:43 : Group: BOBAH: бери
12:56:55 : Group: Replicate: спасибо
12:57:02 : Group: hitrec: нзч
12:57:12 : Group: Replicate: камуфляж забери
12:57:15 : Group: Replicate: он твой
12:57:39 : Group: hitrec: оставь себе 0
12:57:43 : Group: hitrec: * )
12:57:49 : Group: Replicate: грациас
12:58:52 : Group: Replicate: цесна
12:59:00 : Group: Replicate: ой, не цесна
12:59:12 : Group: Replicate: у кого-то там мясо
12:59:25 : Group: hitrec: турбовозбудитель xD
13:00:16 : Group: Replicate: куда
13:00:18 : Group: BOBAH: бери
13:00:22 : Group: BOBAH: ща рестарт
13:00:32 : Group: BOBAH: выезжаем из трейда
13:00:44 : Group: Replicate: грац
13:00:46 : Group: BOBAH: после рестарта зайдёшь ?
13:00:51 : Group: Replicate: есесьно
13:00:58 : Group: BOBAH: )
13:01:16 : Group: BOBAH: в лесочке вышел бы
13:09:53 : Group: hitrec: это мы тебя там в друзья добавили? )
13:09:58 : Group: Replicate: на миссию?
13:10:00 : Group: hitrec: все верно?
13:10:00 : Group: Replicate: да
13:10:07 : Group: hitrec: ок ) Щас вовка зайдет
13:11:20 : Group: hitrec: 11 км по прямой )))
13:12:15 : Group: Replicate: куда 11?
13:12:27 : Group: hitrec: в мышкино, на верт со снайперсками
13:12:31 : Group: Replicate: а на геройские миссии не ,
13:12:38 : Group: Replicate: они не подходят?
13:12:42 : Group: hitrec: пока нет )
13:12:47 : Group: hitrec: хумку сливать
13:13:04 : Group: Replicate: а, ок. А то я не вкурсе
13:13:37 : Group: Replicate: ну где там вован
13:14:58 : Group: hitrec: все, тут
13:15:10 : Group: Replicate: а что за кэмпы?
13:15:13 : Group: Replicate: на карте
13:15:20 : Group: hitrec: лагеря военные
13:15:30 : Group: hitrec: там по 3-5 ботов бегают
13:15:33 : Group: Replicate: там бандиты или герои?
13:15:38 : Group: hitrec: бандиты
13:15:41 : Group: Replicate: и что по луту?
13:16:00 : Group: hitrec: там казармы
13:16:13 : Group: BOBAH: сорри за задержку
13:16:48 : Group: BOBAH: сколько хуманити у тебя ?
13:16:54 : Group: Replicate: 3589
13:17:00 : Group: BOBAH: а
13:17:11 : Group: BOBAH: ну до 5к не много
13:17:19 : Group: Replicate: было 4200 пока в вас не пострелял
13:17:22 : Group: Replicate: )
13:17:24 : Group: hitrec: )))
13:17:26 : Group: BOBAH: ))
13:19:44 : Group: Replicate: на какую едем?
13:19:49 : Group: hitrec: новую
13:21:33 : Group: hitrec: прямо
13:24:43 : Group: BOBAH: мне кажется тут есть кто-то
13:24:54 : Group: Replicate:  и мне
13:25:29 : Group: BOBAH: машина
13:25:36 : Group: BOBAH: ехала
13:25:41 : Group: Replicate: пыль была
13:25:55 : Group: BOBAH: по дороге проехала
13:25:56 : Group: Replicate: тройка открыта
13:27:11 : Group: BOBAH: вижу один станок
13:27:13 : Group: BOBAH: могу убивать
13:27:31 : Group: BOBAH: так что ?
13:27:31 : Group: Replicate: вижу второй
13:27:36 : Group: BOBAH: начинем ?
13:27:47 : Group: BOBAH: станок
13:29:04 : Group: Replicate: пиздец
13:29:31 : Group: BOBAH: хитрец убил одного
13:29:51 : Group: BOBAH: тупо слились
13:31:41 : Group: Replicate: я бегу
13:31:47 : Group: BOBAH: велик сделайв
13:34:09 : Group: hitrec: мозинка шикарна )
13:34:16 : Group: hitrec: мосинка
13:36:28 : Group: Replicate: я тут
13:38:41 : Group: Replicate: бывает
13:38:52 : Group: hitrec: угу )
13:40:25 : Group: Replicate: кек
13:40:29 : Group: Replicate: война
13:43:39 : Group: BOBAH: чё мож валим отсюда ?
13:43:54 : Group: Replicate: залутаать нужно себя
13:45:56 : Group: BOBAH: поца убил , у него дмр была
13:46:20 : Group: Replicate: минус 1 станок еще
13:47:20 : Group: BOBAH: минус 5 ботов
13:47:25 : Group: Replicate: и я 6
13:48:03 : Group: BOBAH: блин поца убил минус 3к хуманитиъ
13:49:29 : Group: Replicate: вижу еще 3
13:49:55 : Group: BOBAH: я стрелял
13:50:00 : Group: BOBAH: по зомби елси что
13:50:28 : Group: Replicate: еще 3 минимум
13:50:34 : Group: Replicate: возле меня
13:50:34 : Group: BOBAH: я 8 убил
13:51:39 : Group: BOBAH: по мне кто-то стрелял
13:51:44 : Side: Jesse: how dos viewdistance work on this server?
13:51:45 : Group: BOBAH: отступил
13:51:49 : Group: Replicate: я жив
13:51:54 : Group: Replicate: 600 крови
13:52:06 : Side: [KRT]ImMagu: binos
13:52:15 : Side: Jesse: whats binos? 
13:52:19 : Group: Replicate: еще 1 вижу
13:52:32 : Group: Replicate: от меня метрах в 30
13:52:40 : Side: [KRT]ImMagu: binoculars
13:52:41 : Group: Replicate: на линии куста
13:52:50 : Side: Jesse: ooh ^^ 
13:53:03 : Group: Replicate: еще один
13:53:05 : Group: Replicate: слева
13:53:10 : Group: Replicate: ползет
13:53:37 : Group: Replicate: хитек
13:53:45 : Group: Replicate: там где дальний пулемет
13:53:51 : Group: Replicate: слева от него
13:53:59 : Group: Replicate: живой
13:54:14 : Group: Replicate: возле меня
13:54:21 : Group: Replicate: прям тут
13:54:23 : Group: Replicate: 5 метров
13:54:30 : Group: Replicate: в панамке
13:55:10 : Group: BOBAH: у меня обзор плохой
13:55:13 : Group: BOBAH: никого не вижуф
13:55:36 : Group: Replicate: кровь есть?
13:57:13 : Group: BOBAH: крови залить ?
13:57:17 : Group: Replicate: еще 2 минимум есть
13:57:24 : Group: Replicate: да, пожалуйста
13:57:32 : Group: BOBAH: без проблем
13:57:40 : Group: BOBAH: ща на машине в центр поеду
13:57:44 : Group: BOBAH: разведать
13:57:51 : Group: BOBAH: если что на подхвате
13:57:55 : Group: Replicate: один там где хитрец валяется
13:57:58 : Group: BOBAH: норм ?ы
13:58:06 : Group: Replicate: да
13:58:21 : Group: BOBAH: задавилц
13:58:41 : Group: Replicate: не
13:58:43 : Group: Replicate: застрелил
13:59:57 : Group: Replicate: 2
14:00:45 : Group: Replicate: а где ящик?
14:00:57 : Group: BOBAH: убил их ?
14:01:07 : Group: Replicate: да
14:01:12 : Group: BOBAH: красава
14:04:32 : Group: BOBAH: меня не лутал ?
14:04:36 : Group: Replicate: нет
14:04:49 : Group: hitrec: 2 места всего, он не сядет
14:04:58 : Group: Replicate: туплюц
14:05:53 : Group: Replicate: :Ж
14:06:23 : Group: BOBAH: ну , какие итоги от миссии ?
14:06:27 : Group: BOBAH: я убил одного поца
14:06:32 : Group: Replicate: получили пиздыц
14:06:38 : Group: BOBAH: хитрец ещё одного
14:06:44 : Group: BOBAH: лут ?
14:06:49 : Group: Replicate: ну такое
14:06:57 : Group: Replicate: боты только
14:07:15 : Group: BOBAH: я хотяб себя залутаю
14:07:30 : Group: BOBAH: просто так постреляли получается
14:07:40 : Group: BOBAH: ещё 3 к хумки просрал
14:07:46 : Group: BOBAH: ну ничего , бывает
14:08:16 : Group: BOBAH: за трупом бегу )
14:11:12 : Group: Replicate: куда,
14:11:16 : Group: BOBAH: дмр на
14:11:20 : Group: BOBAH: и патроны
14:11:23 : Group: BOBAH: положил
14:11:29 : Group: Replicate: грац
14:11:36 : Group: Replicate: в лопатино?
14:11:41 : Group: Replicate: через старый
14:11:44 : Group: BOBAH: у тебя скар патроны есть ?
14:11:47 : Group: Replicate: неа
14:11:48 : Group: hitrec: на бэндит патруль, там лут хороший
14:11:52 : Group: BOBAH: го
14:11:56 : Group: Replicate: го
14:12:00 : Group: Replicate: через старый
14:12:04 : Group: Replicate: продать надо
14:12:20 : Group: BOBAH: играем , а даже имени не знаем твоего )
14:12:25 : Group: Replicate: владц
14:12:25 : Group: BOBAH: хитрец - Андрюха
14:12:30 : Group: BOBAH: я Вован
14:12:37 : Group: BOBAH: приятно познакомитьс
14:12:40 : Group: BOBAH: я
14:12:42 : Group: Replicate: взаимно
14:12:43 : Group: BOBAH: ))
14:12:45 : Group: hitrec: ага
14:13:35 : Group: BOBAH: ща историю расскажу
14:13:56 : Group: BOBAH: однажды с Андрюхой увидели патруль движущийся
14:14:00 : Group: BOBAH: ну поехали на него
14:14:09 : Group: BOBAH: отжали хаммер с м2
14:14:13 : Group: hitrec: 2 дня назад
14:14:16 : Group: BOBAH: который ещё бронированный
14:14:18 : Group: BOBAH: взяла
14:14:21 : Group: BOBAH: взяли*
14:14:26 : Group: BOBAH: едем в старый
14:14:35 : Group: BOBAH: к нам подходят 2 пацана
14:14:49 : Group: BOBAH: по английски нам предлагают этот хамер за 20 
14:14:52 : Group: BOBAH: брифов
14:15:12 : Group: BOBAH: мы еле как на ломанном английском продали его )
14:15:16 : Group: BOBAH: они забрали
14:15:20 : Group: BOBAH: покатались и вернули
14:15:27 : Group: Replicate: кек
14:15:32 : Group: BOBAH: прикинь 20 брифов с куста
14:15:39 : Group: Replicate: ке кисловц
14:15:45 : Group: Replicate: не*
14:15:46 : Group: BOBAH: ага
14:16:02 : Group: BOBAH: потом мы взяли этот хамер и в геройке ещё раз продали )
14:16:22 : Group: BOBAH: видимо админы те поцы были
14:16:57 : Group: Replicate: что мне продавать?
14:17:02 : Group: BOBAH: всё 
14:17:11 : Group: BOBAH: что тебе нужно оставь
14:18:21 : Group: Replicate: 47
14:18:23 : Group: Replicate: золота
14:19:33 : Group: Replicate: то не продается
14:19:37 : Group: Replicate: нужно выкинуть
14:19:46 : Group: BOBAH: что ?
14:19:49 : Group: BOBAH: пулик ?
14:19:52 : Group: Replicate: 48 мод 0
14:19:57 : Group: BOBAH: там прицел нужно снять
14:19:58 : Group: Replicate: кек
14:20:07 : Group: Replicate: новый епоч
14:23:50 : Group: BOBAH: минус 2
14:24:24 : Group: Replicate: а аиммпоинт тоже продается,
14:25:05 : Group: Replicate: не успел
14:25:28 : Group: Replicate: все,
14:25:31 : Group: Replicate: ?
14:26:52 : Group: BOBAH: я еду
14:27:00 : Group: BOBAH: сам себя залутаю 
14:28:23 : Group: BOBAH: патруль
14:28:28 : Group: BOBAH: в кабанино едет
14:28:32 : Group: BOBAH: можно подождать их там
14:29:59 : Group: Replicate: куда едем?
14:30:09 : Group: hitrec: ПАТРУЛЬ БУДЕМ ЛОВИТЬ
14:30:11 : Group: hitrec: ой
14:30:19 : Group: Replicate: в кабанино?
14:30:23 : Group: BOBAH: ага
14:30:24 : Group: hitrec: ага
14:32:42 : Group: BOBAH: он не в машине
14:32:45 : Group: BOBAH: выпрыгнул
14:32:56 : Group: Replicate: чего?
14:32:58 : Group: BOBAH: а
14:33:01 : Group: BOBAH: я тупанул
14:33:07 : Group: BOBAH: думал он с нами еде )))))
14:33:16 : Group: BOBAH: сорян ))
14:34:00 : Group: BOBAH: можно и в старом их подкараулить
14:34:18 : Group: Replicate: а они бандиты?
14:34:20 : Group: BOBAH: ехали в старый
14:34:24 : Group: BOBAH: вроде
14:34:34 : Group: BOBAH: хитрый в кабанино сидит
14:35:33 : Group: Replicate: что дальше?
14:35:39 : Group: BOBAH: я думал продаться
14:35:42 : Group: BOBAH: лута много ?
14:35:47 : Group: Replicate: ну да
14:35:56 : Group: BOBAH: ну давай продавай я тут буду
14:38:09 : Group: BOBAH: ждём крч
14:39:55 : Group: BOBAH: ой
14:40:00 : Group: Replicate: сейф зона
14:40:02 : Group: BOBAH: я стрельунл ?
14:40:05 : Group: Replicate: я
14:40:07 : Group: BOBAH: я сам испугался
14:40:08 : Group: Replicate: по кабану
14:40:15 : Group: BOBAH: аа
14:40:22 : Group: BOBAH: я аж подпрыгнул
14:40:34 : Group: Replicate: :)
14:41:00 : Group: BOBAH: лол
14:41:12 : Group: BOBAH: ахахаха
14:41:29 : Group: BOBAH: у меня моргает капец
14:41:37 : Group: Replicate: это сейф зона
14:42:01 : Group: Replicate: они долго?
14:42:07 : Group: BOBAH: хз
14:42:13 : Group: BOBAH: АНдрюха поехал к ним
14:42:27 : Group: BOBAH: обычно они тупят
14:42:32 : Group: BOBAH: застрянут где нить
14:42:37 : Group: Replicate: давай к нему
14:42:47 : Group: BOBAH: го
14:43:01 : Group: BOBAH: миссия
14:43:08 : Group: BOBAH: в новом
14:43:12 : Group: BOBAH: он нашёл их
14:43:15 : Group: BOBAH: поехали
14:43:25 : Group: Replicate: в новый?
14:43:29 : Group: BOBAH: в долину
14:47:02 : Group: BOBAH: минус один станок
14:48:22 : Group: BOBAH: всё ?
14:48:26 : Group: Replicate: я жив
14:48:30 : Group: Replicate: слава богу
14:48:31 : Group: BOBAH: падал ?в
14:48:49 : Group: Replicate: не упал
14:48:51 : Group: Replicate: упал
14:50:48 : Group: BOBAH: а откуда тебя бот убил ?
14:50:49 : Group: Replicate: упал
14:50:54 : Group: Replicate: хз
14:50:59 : Group: BOBAH: не вижу его
14:51:14 : Group: Turmoil: hey, are you on TS? 
14:51:27 : Group: Jesse: yes
14:53:56 : Group: BOBAH: по мне стреляли
14:54:15 : Group: BOBAH: чел видимо
14:54:16 : Group: Replicate: я почти тут
14:54:22 : Group: Replicate: тут база де я
14:54:24 : Group: Replicate: рядом
14:54:59 : Side: Franchi516: Hero on crash you frendly?
14:55:18 : Side: BOBAH: yes
14:55:18 : Group: Replicate: это нам
14:55:28 : Side: Franchi516: russian?
14:55:31 : Side: BOBAH: yesw
14:55:41 : Side: Franchi516: go russian group
14:56:20 : Group: Replicate: 1
14:57:07 : Side: BOBAH: why you shooting ?
14:57:17 : Side: BOBAH: i am friendly
14:57:20 : Side: Franchi516: hi your frend?
14:57:25 : Side: Franchi516: friend?
14:57:30 : Side: BOBAH: yes
14:57:34 : Side: Franchi516: Sorry
14:57:39 : Side: Franchi516: I goin out
14:57:45 : Side: Franchi516: Please sorry
14:57:52 : Side: BOBAH: 600 blood
14:58:21 : Side: Franchi516: i dont shoot on hero about auer chat
14:58:43 : Side: Franchi516: I has a blood
14:59:07 : Side: Franchi516: i has SVD
14:59:10 : Group: BOBAH: конченный какой то
14:59:14 : Side: Franchi516: I not shoot you
14:59:21 : Side: BOBAH: ok
14:59:46 : Side: Franchi516: I shoot on zombies
14:59:50 : Group: BOBAH: ok
14:59:53 : Side: BOBAH: ok
14:59:59 : Side: Franchi516: I has union helmet
15:00:02 : Group: BOBAH: в
15:00:08 : Side: Franchi516: I has skin union solider
15:00:14 : Side: Franchi516: UN solider
15:00:21 : Side: BOBAH: you need loot ?
15:00:23 : Side: Franchi516: I see you
15:00:35 : Side: Franchi516: I run to you
15:00:54 : Group: Replicate: не лутали меня?
15:00:57 : Side: BOBAH: us 3 mans
15:01:02 : Group: BOBAH: не
15:01:07 : Direct: Franchi516: Cвои
15:01:11 : Group: Replicate: левей
15:01:20 : Direct: BOBAH: хуль тогда по английски пишешь ?))
15:01:26 : Direct: Franchi516: Чат так то
15:01:29 : Direct: Franchi516: Го группа
15:01:34 : Direct: Franchi516: У меня В3с
15:01:35 : Direct: BOBAH: а тип не политься что русский ?)
15:01:38 : Direct: Franchi516: V3S
15:01:42 : Direct: Franchi516: )))
15:01:46 : Direct: BOBAH: наши
15:01:49 : Direct: Franchi516: ОПА
15:01:50 : Direct: Franchi516: АА
15:02:01 : Direct: Franchi516: Мне бриф на сейф нужен
15:02:03 : Direct: BOBAH: пригласил тебя
15:02:12 : Group: Franchi516: Хай пацаны
15:02:19 : Group: Franchi516: Простите кого слил
15:02:21 : Group: hitrec: ку
15:02:55 : Group: BOBAH: ну ты даёшь , говоришь не будешь стрелять 
15:03:00 : Group: BOBAH: и мне ноги ломаешь
15:03:03 : Group: Franchi516: Подкините до Моей тачки
15:03:07 : Group: BOBAH: еле вылечился
15:03:09 : Group: Franchi516: Я не с лапой был
15:03:47 : Group: BOBAH: садись
15:03:50 : Group: BOBAH: куда едем ?
15:04:05 : Group: Replicate: тут скар патроны
15:04:10 : Group: Replicate: вов
15:04:13 : Group: Replicate: нужны
15:04:16 : Group: Replicate: ?
15:04:20 : Group: BOBAH: да
15:04:23 : Group: BOBAH: а не
15:04:24 : Group: BOBAH: то сд
15:04:30 : Group: BOBAH: мне не сд нужны
15:04:30 : Group: Replicate: не сд
15:04:32 : Group: Franchi516: Все
15:04:33 : Group: Replicate: обычные
15:04:43 : Group: Franchi516: Подкините до моей тачки
15:04:44 : Group: Franchi516: ?
15:04:48 : Group: Franchi516: Я её возьму
15:04:48 : Group: BOBAH: сд это
15:04:52 : Group: BOBAH: да
15:05:01 : Group: BOBAH: садисб
15:05:07 : Group: BOBAH: куда довести ?
15:05:22 : Group: BOBAH: куда ?
15:05:23 : Group: Franchi516: 72 59
15:05:27 : Group: Franchi516: 72 сверху
15:05:31 : Group: Franchi516: 59 слева
15:05:43 : Group: BOBAH: да я понимаю :)
15:06:00 : Group: Franchi516: В меня пойми я обосрался когда выстрелы услышал
15:06:33 : Group: BOBAH: я тебя ладе не видел
15:06:39 : Group: BOBAH: адже*
15:06:44 : Group: BOBAH: даже*
15:06:49 : Group: Replicate: мы куда?
15:06:55 : Group: hitrec: в сс
15:06:57 : Group: Franchi516: С моей голубой головой это странно
15:07:07 : Group: Franchi516: Я увидел герой и следить начал.
15:07:15 : Group: Franchi516: Не они
15:07:25 : Group: BOBAH: всё?
15:07:28 : Group: BOBAH: я поеду
15:07:30 : Group: BOBAH: давай
15:07:30 : Group: Franchi516: Да
15:07:35 : Group: Franchi516: Подожди меня толькоц
15:08:16 : Group: Franchi516: Я знаю что это говно
15:08:44 : Group: BOBAH: садись ко мне
15:08:49 : Group: BOBAH: машину зацепи
15:08:54 : Group: Franchi516: Но оно не пробиваемое в жопу
15:09:08 : Group: Franchi516: Нецепляемо
15:10:39 : Group: Franchi516: Опа
15:10:44 : Group: Franchi516: Поедим?ц
15:10:56 : Group: BOBAH: 22 минуты до рестарта
15:11:00 : Group: Franchi516: А
15:11:08 : Group: BOBAH: 25*
15:11:14 : Group: BOBAH: лол
15:11:17 : Group: BOBAH: не заметил
15:11:32 : Group: BOBAH: есть коляскио ?
15:11:49 : Group: Franchi516: Одно?
15:11:53 : Group: BOBAH: ага
15:12:10 : Group: BOBAH: да щас поцы подъедут
15:12:14 : Group: Franchi516: Отойди
15:12:25 : Group: Replicate: там мв
15:12:27 : Group: Replicate: 22
15:12:33 : Group: BOBAH: не успеем
15:12:38 : Group: Replicate: успеем
15:12:41 : Group: Franchi516: Не
15:12:44 : Group: Franchi516: Запаски нет
15:12:52 : Group: BOBAH: ща приедут
15:13:11 : Group: BOBAH: поехали
15:13:12 : Group: Replicate: едем на мв?
15:13:17 : Group: Franchi516: 22
15:13:19 : Group: BOBAH: в сс
15:13:19 : Group: Franchi516: минуты
15:13:31 : Group: Replicate:  я за 15 управлялся
15:13:42 : Group: Replicate: тем более место хорошее
15:13:43 : Group: Franchi516: Я мв управляю норм
15:13:47 : Group: Replicate: и я 
15:13:49 : Group: Replicate: профиц
15:13:51 : Group: BOBAH: да мы все норм
15:14:06 : Group: Replicate: жду вас там
15:14:41 : Group: Franchi516: ОТойду
15:18:15 : Group: Replicate: 700 м
15:20:30 : Group: BOBAH: ты чистишь уже ?
15:20:48 : Group: Replicate: почти
15:22:21 : Group: Franchi516: Хах лол
15:22:26 : Group: BOBAH: ещё один )))
15:23:04 : Group: Franchi516: Я хамер нашел с грнантометом
15:23:17 : Group: hitrec: норм )
15:23:40 : Group: Franchi516: Я к вам лечу
15:23:50 : Group: Franchi516: На праге
15:23:54 : Group: BOBAH: к нам подлети , возьми колёса
15:24:02 : Group: BOBAH: авария
15:24:04 : Group: BOBAH: дтп
15:24:04 : Group: Franchi516: Бле
15:24:10 : Group: Franchi516: Я тут уже почти у горки
15:24:20 : Group: BOBAH: а ну лан
15:24:20 : Group: Franchi516: Разворот тогдац
15:24:39 : Group: BOBAH: не
15:24:40 : Group: BOBAH: едб
15:24:56 : Group: Franchi516: Хели
15:24:57 : Group: BOBAH: едь на миску
15:25:05 : Group: BOBAH: помогай , мы далеко
15:25:12 : Group: Franchi516: Я не чистану
15:25:19 : Group: Franchi516: в Соло
15:25:57 : Group: BOBAH: мы врезались , не можем подъехать
15:26:00 : Group: Franchi516: Как буксировать?
15:26:15 : Group: hitrec: Tow..
15:26:26 : Group: Franchi516: Сколько колес надо?
15:26:40 : Group: BOBAH: та уже не надо
15:26:42 : Group: BOBAH: бежим
15:27:02 : Group: Franchi516: НА мис идет?
15:27:17 : Group: BOBAH: не
15:27:19 : Group: BOBAH: далеко
15:27:49 : Group: Franchi516: А вы лд?
15:27:55 : Group: BOBAH: всегда норм миссии появляются ближе к рестарту
15:28:03 : Group: BOBAH: мы бежим прост
15:28:21 : Group: Franchi516: Ладно я на миссц
15:29:11 : Side: Sierra [SD]: hi everyone - all ok?
15:29:21 : Side: Turmoil: hey hey ^^ yeah 
15:29:26 : Side: [2ez]Zeus: hey admin... yes... 
15:29:32 : Group: Franchi516: ц
15:29:37 : Side: Sierra [SD]: good :)
15:29:38 : Side: Franchi516: Есть тачка в березинол
15:29:45 : Side: Turmoil: almost good that is...
15:29:46 : Side: Franchi516: опс
15:29:56 : Group: Franchi516: Есть тачка в березиноц
15:30:10 : Side: Sierra [SD]: English only in side please :) - only almost...
15:30:49 : Group: Franchi516: Все
15:30:53 : Group: Franchi516: Неуспели
15:31:02 : Side: [2ez]Zeus: admin ?
15:31:08 : Side: Sierra [SD]: mmhmm?
15:31:28 : Side: [2ez]Zeus: is forbidden to build on military or high loot ?
15:31:31 : Group: BOBAH: Влад , как успехи ?
15:31:42 : Side: Sierra [SD]: you can't build within 500m of military
15:31:59 : Side: Sierra [SD]: a message will come up and you will not be able to build if you are too close
15:32:01 : Side: [2ez]Zeus: well.... come take a look at green mountain...
15:32:10 : Group: Franchi516: Как думаете проскочу?
15:32:21 : Side: [2ez]Zeus: the place is totally overtaken
15:32:35 : Group: BOBAH: проскочил...
15:33:03 : Side: Sierra [SD]: we know that there is a base on green mountain - it's buildings aren't in the no build scripting
15:33:08 : Side: Sierra [SD]: but the road there is
15:33:25 : Side: [2ez]Zeus: yes but u cannot acces buildings
15:33:42 : Side: [2ez]Zeus: and that are miltary
15:34:07 : Side: Sierra [SD]: those buildings are not included in the anti build script
15:34:09 : Group: BOBAH: проскочил...
15:34:14 : Side: Sierra [SD]: that is why someone can build there
15:34:14 : Group: Replicate: успел
15:34:18 : Group: Replicate: за вещами
15:34:20 : Group: Replicate: фууух
15:34:35 : Group: Franchi516: Я успешен
15:34:37 : Group: Franchi516: Топ
15:34:43 : Group: Franchi516: У заправки в горке был
15:34:45 : Group: Franchi516: Ван шот
15:34:50 : Group: Franchi516: И праги нЕТ
15:34:50 : Group: BOBAH: чё , Влад не получилось ?
15:34:53 : Side: [2ez]Zeus: mkay....not fair but ok
15:35:39 : Group: Franchi516: Я на милитарку в кабанку дабы полсе реста что нить купить
15:39:11 : Group: Turmoil: Sierra?
15:39:22 : Group: Sierra [SD]: heya :)
15:39:30 : Group: Sierra [SD]: still in a group from earlier
15:39:41 : Group: Turmoil: what happend? no warning message? 
15:39:43 : Group: Jesse: ^^ 
15:39:56 : Group: Turmoil: i didnt see any RED TEXT! loool... 
15:39:58 : Group: Sierra [SD]: Dont know - I was getting them ok
15:40:04 : Group: Sierra [SD]: no idea lol
15:40:19 : Group: Sierra [SD]: had the 5 min warning and then the log out now one.
15:40:27 : Group: Turmoil: ah well, guess the text drove on the wrong side of the road and went past me without me noticing ^^
15:40:35 : Group: Sierra [SD]: :P
15:41:14 : Group: Sierra [SD]: I wonder if that happened for others too then
15:43:26 : Group: Sierra [SD]: Well I shall get out of you guys group - I'm sure you don't want the admin sat in here :P
15:49:27 : Direct: Sierra [SD]: knock knock
15:49:33 : Group: Jesse: ?
15:49:38 : Group: Jesse: aah hi
15:49:39 : Direct: Turmoil: hey ^^
15:49:56 : Direct: Sierra [SD]: hi
15:50:02 : Direct: Sierra [SD]: there you go
15:50:03 : Direct: Turmoil: taking chances coming here and not beeing in group... could get killed xD
15:50:03 : Direct: Jesse: aah hi ^^ 
15:50:18 : Direct: Sierra [SD]: yeah i didnt put god on either lol
15:50:28 : Direct: Sierra [SD]: some guns in that backpack
15:50:29 : Direct: Turmoil: good, moahahahaha
15:50:46 : Direct: Sierra [SD]: :D
15:51:09 : Direct: Sierra [SD]: can get to them ok?
15:51:13 : Direct: Turmoil: oh, that was in the pickup from the mission earlier today
15:51:23 : Direct: Sierra [SD]: ?
15:51:38 : Direct: Turmoil: or is it yours?
15:51:42 : Direct: Sierra [SD]: yeah mine
15:51:47 : Direct: Sierra [SD]: just put them there for you
15:51:55 : Direct: Turmoil: oh cool, thanks 
15:51:55 : Direct: Sierra [SD]: replacements
15:52:09 : Direct: Sierra [SD]: np :)
15:52:10 : Direct: Turmoil: *kiss on cheek* your so cool ^^
15:52:18 : Direct: Sierra [SD]: haha xD
15:52:30 : Direct: Turmoil: just dont tell LWB xD 
15:53:00 : Direct: Sierra [SD]: lol xD - my lips are sealed! ok well catch you later - give me a call if you want anything or I'm on teamspeak
15:53:18 : Direct: Turmoil: alrighty, i will ^^ currently on TS with tha booooys
15:53:40 : Direct: Sierra [SD]: booooooys
15:53:47 : Direct: Turmoil: yeah
15:54:02 : Group: Sierra [SD]: lol hello again
15:54:11 : Group: Turmoil: did i invite you? :O
15:54:18 : Group: Sierra [SD]: Jesse
15:54:25 : Group: Sierra [SD]: I believe
15:54:41 : Group: Turmoil: oh ^^
15:54:53 : Group: Turmoil: well at least we know where we have you... so we dont kill you ^^
16:01:20 : Side: Sierra [SD]: sorry boys I died xD
16:01:35 : Side: [2ez]Zeus: lol
16:01:44 : Side: Turmoil: how did you do that? said infection xD
16:01:54 : Side: Sierra [SD]: AI xD
16:02:40 : Group: Sierra [SD]: bonjour :)
16:02:55 : Group: Turmoil: hola seniorita ^^
16:03:01 : Group: Sierra [SD]: :)
16:05:15 : Group: Jesse: sierra can you add prismic
16:05:18 : Group: Turmoil: sierra, your group leader apparently...
16:05:20 : Group: Turmoil: xD
16:05:28 : Group: Sierra [SD]: oh yep :D
16:07:45 : Group: Turmoil: is it possible to rename keys Sierra?
16:08:06 : Group: PRISMIC: mhacker i shot you loads befor you killed  me !
16:08:15 : Group: Sierra [SD]: not as far as I know but will double check with LWB
16:08:34 : Group: PRISMIC: can you check if  he is hacking ?
16:09:10 : Group: PRISMIC: think  he had god mode on #
16:09:25 : Group: Sierra [SD]: i can take a look at him 
16:09:31 : Group: PRISMIC: ty
16:09:49 : Group: Sierra [SD]: who was it?
16:10:25 : Group: PRISMIC: approved mudurur
16:10:38 : Group: Sierra [SD]: infistar should pick it up if he was mind but the odd one might slip through - ok i will have a look
16:10:53 : Group: Sierra [SD]: nope def not possible to rename keys btw
16:13:51 : Group: Turmoil: can you figure out the number of what key belongs to wich veichle? xD
16:14:04 : Group: Turmoil: anyway i can do that? without running back and forth?
16:15:08 : Group: Sierra [SD]: erm nope lol - perhaps you should write them down. The only way to tell is when you unlock a vehicle and the name of it comes up
16:15:28 : Group: Turmoil: yeah, i will do that when i find out wich one belongs where xD
16:15:35 : Group: Turmoil: so anoying
16:15:39 : Group: Sierra [SD]: haha :D - too many vehicles ;)
16:15:52 : Group: Turmoil: i only have 4 :(
16:15:58 : Group: Sierra [SD]: oh lol :D
16:16:10 : Group: Turmoil: found the right one! :D
16:16:15 : Group: Sierra [SD]: woo!
16:18:00 : Group: Turmoil: i see you ^^
16:18:26 : Group: Sierra [SD]: xD
16:18:35 : Group: Sierra [SD]: im spectating approved still
16:19:20 : Group: Sierra [SD]: is my bike still there?
16:19:30 : Group: Turmoil: where? 
16:20:05 : Group: Sierra [SD]: im near Kras somewhere
16:20:23 : Group: Turmoil: didnt see any bike
16:20:38 : Group: Sierra [SD]: lol bet someone has nicked it
16:21:41 : Group: Sierra [SD]: at the moment I have to say I can't see them doing anything wrong but I will keep checking back on them.
16:22:06 : Group: Turmoil: russians? :O
16:22:22 : Group: Turmoil: hahaha The Snikers is on... thats the guys who raped us last night
16:23:09 : Group: Sierra [SD]: lol - I wonder if he will kick off xD
16:23:38 : Group: Turmoil: id love to kill him, but i love my humanity to much
16:24:06 : Group: Sierra [SD]: xD - I just went over 15k today
16:24:37 : Group: Sierra [SD]: I was going to say something then but I've completely forgotten lol
16:24:54 : Group: Turmoil: i know the feeling... xD i want to reach 15 as well, currently at 5394
16:25:20 : Group: Sierra [SD]: nope - wont come back lol. Lots of bandit missions for you then! or tonnes of zombies :P
16:25:39 : Group: Turmoil: The snikers? 
16:26:17 : Group: Sierra [SD]: xD
16:26:44 : Group: Sierra [SD]: thats going to totally annoy me now
16:26:52 : Group: Turmoil: hes a coward.... deluxe, right after he and his friend killed Marco and Jesse they logged out
16:27:12 : Group: Sierra [SD]: yeah - I don't get that
16:27:16 : Group: Sierra [SD]: where is the fun in that
16:27:29 : Group: Turmoil: i have a word for it but i already got one warning today xD
16:28:05 : Group: Sierra [SD]: if you are going to do such things at least stick around and have a proper fight instead of running away and hiding! lol xD
16:28:17 : Group: Sierra [SD]: bike!
16:28:25 : Group: Turmoil: im gonna check if the wall is still up at their base xD
16:28:32 : Group: Sierra [SD]: lol :D
16:30:15 : Group: Turmoil: walls still there, they so deserve it... they are bad players
16:30:38 : Group: Sierra [SD]: lol :D
16:30:57 : Group: Sierra [SD]: they will have to get themselves a pink chainsaw now! :P
16:31:06 : Group: Turmoil: i have one xD
16:31:18 : Group: Sierra [SD]: niiiiiccce! xD
16:32:52 : Group: Turmoil: is it you whos kicking him or battleeye?w
16:33:12 : Group: Sierra [SD]: battleye
16:35:45 : Group: Sierra [SD]: who was that lol - it was a bit fuzzy
16:40:29 : Side: Vito: question guys... how do you deploy a bike?
16:40:39 : Side: Sierra [SD]: right click on toolbox :)
16:40:47 : Side: Turmoil: right click toolbox select bike and place bike with hitting space bar
16:41:52 : Side: Vito: thanks guys :D
16:42:07 : Side: Sierra [SD]: :)
16:42:36 : Side: Vito: if you see a lonely man on a bike dont bother killing me i just started :'D
16:42:45 : Group: Turmoil: *straps on the working pants* time to get some wood
16:42:48 : Side: simon: haha!
16:43:00 : Group: Sierra [SD]: *grins*
16:43:43 : Group: Sierra [SD]: I so hate bikes
16:44:07 : Group: Turmoil: same same
16:44:21 : Group: Sierra [SD]: :D
16:46:04 : Side: All: i spawned in and got shot by a 50 cal in 3 seconds
16:46:15 : Side: simon: where?
16:46:26 : Side: All: the hero base mission
16:46:34 : Side: simon: okay
17:05:28 : Side: KomuriKun: been walking for 15 mins no  backpacks wtf
17:11:17 : Side: Turmoil: Ola Ola Ola .... 
17:11:29 : Side: Turmoil: great shot :D
17:11:36 : Side: approved murder: Troll lo lo
17:12:21 : Side: Ola: bloodfest at nwaf, love it
17:15:57 : Side: Ola: simon says.... splat
17:29:07 : Side: Franchi516: Boris you are russian?
17:34:27 : Side: Ola: wow
17:34:36 : Side: Turmoil: fell down?
17:35:02 : Side: Ola: nope, was riding a motorbike and fell off. Spawned right into a mission with an M2 beside me
17:35:22 : Side: Ola: gonna pistol whip him
17:35:26 : Side: All: same happened to me
17:35:29 : Side: Ola: the heli might be harder
17:37:32 : Side: Ola: that ended predictably. I got rhe M2 though :D
17:59:20 : Side: Patrick: hi
17:59:28 : Side: Turmoil: hi ^^
17:59:32 : Side: Sierra [SD]: Hi :) - not long until restart 
18:14:30 : Side: Franchi516: Sorry me in no eng on chat Борис и сантехник в по русски говорите?
18:14:45 : Side: Santexnik: да
18:14:55 : Side: Franchi516: МОжет в группу?
18:15:05 : Side: Santexnik: ок
18:15:20 : Side: Santexnik: борис не со мной
18:15:25 : Side: Franchi516: Я понял
18:15:34 : Side: Franchi516: F5 accept
18:16:04 : Group: Franchi516: Дратуте
18:18:07 : Group: Franchi516: Где мне ресаться?
18:18:34 : Group: Santexnik: поближе к старому
18:18:43 : Group: Franchi516: СС?
18:18:47 : Group: Franchi516: Или село
18:18:49 : Group: Santexnik: да
18:18:55 : Group: Franchi516: СС
18:19:27 : Group: Franchi516: На военку сбегать?
18:19:45 : Group: Santexnik: как знаешь
18:22:21 : Group: Santexnik: перезайду
18:33:34 : Side: Tom: Hola des amigo
18:55:02 : Side: diebels10010: hallo zusammen 
18:57:37 : Side: diebels10010: ist das ein pvp server ??
18:57:58 : Side: Sebastian: well its english only
18:58:56 : Side: diebels10010: sorry no englisch 
18:59:24 : Side: Julian: well i guess you cant play on this server then XD
19:00:12 : Side: Tom: no hablo englando?
19:00:16 : Side: Tom: des amigo
19:00:24 : Side: KomuriKun: qué?
19:00:43 : Side: Tom: yes
19:01:11 : Side: diebels10010: deutsch 
19:52:39 : Group: 2DIE4: loladin takes 4eva =(
19:54:36 : Side: 2DIE4: here comes the pain
19:54:40 : Side: 2DIE4:  hi all
20:01:41 : Side: nutzer: anyone else got lags?
20:01:54 : Side: simon: me and rasmus does
20:01:57 : Side: [KRT]Uku: Like random lag spikes every second ?
20:02:05 : Side: Blyatcuk: yep
20:02:07 : Side: [KRT]Uku: same
20:02:09 : Side: Sebastian: me too
20:02:28 : Side: nutzer: so probably server issues 
20:03:33 : Side: [KRT]Uku: annoying asf
20:03:49 : Side: nutzer: agreed
20:13:54 : Side: Matt: how often does this stuttering happen
20:14:07 : Side: Matt: is it a one off?
20:14:23 : Side: [KRT]Uku: First time experiencing this
20:14:34 : Side: Matt: how long u been playing?
20:14:39 : Side: Matt: on this server
20:14:45 : Side: [KRT]Uku: 2-3 days
20:15:02 : Side: Matt: ok
20:15:11 : Side: Matt: how often does this restart?
20:15:30 : Side: Matt: nvm 
20:15:33 : Side: Matt: im retarded
20:19:20 : Side: 2DIE4: low frames????  wtf
20:19:53 : Side: Jesse: yup, frame drops... 
20:20:57 : Side: 2DIE4: hey ola... try a reconnect.. your bandwith is showing that its almost dead
20:21:29 : Side: 2DIE4: who else laggin?
20:21:39 : Side: Adam: lots of people
20:21:43 : Side: [NG2] Strifer: me
20:21:56 : Side: Adam: me and matta
20:21:59 : Side: Adam: matt
20:44:36 : Side: Sierra [SD]: Hello boys, everyone alright?
20:44:40 : Side: nutzer: yup
20:44:46 : Side: nutzer: no lags anymore
20:44:47 : Side: 2DIE4: hey =) yap
20:45:03 : Side: Sierra [SD]: good good! I had terrible lag yesterday night
20:45:13 : Side: Sierra [SD]: my fault though
20:45:17 : Side: Sierra [SD]: my internet
21:03:26 : Side: [GOC] hairy: HAHAHA u aint ment to blow ya own car up 
21:04:26 : Side: Gandy: i didnt expect it to blow up from 3 bullets :D
21:22:59 : Group: Sierra [SD]: GOOD BYE CRUEL WORLD
21:24:40 : Side: 2DIE4: i am the TRUTH!!!
21:24:59 : Side: Sierra [SD]: so true that you are infact untrue :P
21:25:08 : Side: 2DIE4: naaa XD
21:25:20 : Side: Sierra [SD]: hee hee ;)
21:26:42 : Side: Adam: simon how did u get back there so fast ?
21:27:02 : Side: simon: i spawned in gorka
21:27:07 : Side: Adam: twice
21:27:10 : Side: Adam: because u died there before
21:27:13 : Side: simon: yes?
21:28:10 : Side: Adam: strange y friend died there and couldnt respawn a second time in guglovo
21:28:32 : Side: Adam: gorka i mean
21:28:45 : Side: [GOC] hairy: hu just done weopons 
21:30:02 : Side: 2DIE4: hello UH 60  XD
21:30:34 : Side: Sebastian: hey:D
21:30:45 : Side: 2DIE4: XD
21:31:06 : Side: Sebastian: jusrt on my way to trader
21:32:44 : Group: Matt: GOOD BYE CRUEL WORLD
21:52:38 : Side: simon: admin?
21:52:50 : Side: Sierra [SD]: hi simon, what's up?
21:52:56 : Side: simon: never mind :D
21:53:07 : Side: Sierra [SD]: ok :D
21:54:29 : Side: 2DIE4: gg ola
21:54:51 : Side: 2DIE4:  if u need anything take it  or just lemme pick it up = ) 
21:55:06 : Side: 2DIE4: just gotta suicide  Xd
21:55:10 : Side: Adam: ley me pick it up
21:55:22 : Side: Ola: I may have taken a few things to fund my new motorbike
21:55:56 : Side: 2DIE4: ;-)
21:58:54 : Side: 2DIE4: how did u spot me ?
21:59:01 : Side: Ola: you got on a bike lol
21:59:12 : Side: 2DIE4:  well fait enough  Xd
21:59:24 : Side: 2DIE4: fair
21:59:26 : Side: Ola: even a ghille cant hide that xD
21:59:35 : Side: 2DIE4: true
22:03:47 : Side: 2DIE4: me up her u see me?
22:04:25 : Side: 2DIE4: comin to my spot .. cool?
22:04:40 : Side: Ola: im not there
22:22:20 : Side: 2DIE4:  by who?
22:27:42 : Side: 2DIE4: ola did u get me again?
22:27:48 : Side: Ola: nope
22:27:58 : Side: Ola: I got killed withon 30 secs of respawning
23:28:45 : Side: Romeo Petti: hi guys ..... new player here
23:28:52 : Side: Sierra [SD]: Hi there :)
23:33:03 : Side: simon: admin, from witch country is this server hosted, and do you life there yourself? :D
23:33:55 : Side: Sierra [SD]: the server is hosted in germany and we are in the uk
23:34:11 : Side: Romeo Petti: says so on the website .....
23:34:16 : Side: simon: okay then, whats the clock in uk right now?
23:34:40 : Side: userpc: 00 30 
23:34:50 : Side: simon: okay
23:34:56 : Side: Sierra [SD]: its 11:30 here
23:35:15 : Side: Sierra [SD]: 11:35 to be exact :P
23:35:17 : Side: Turmoil: 00:35 here :O
23:35:29 : Side: userpc: wait uk is gmt 0 
23:41:09 : Side: Romeo Petti: running zombies ..... have not had them in a while !
23:41:17 : Side: Sierra [SD]: xD
23:50:01 : Side: Sierra [SD]: I'm off guys - see you later! have fun! :)
23:50:12 : Side: Romeo Petti: cya'
23:56:09 : Side: Romeo Petti: i am totally new on this server .... can anyone give me a quick headsup about where NOT to go ???
23:56:26 : Side: simon: my base
23:56:45 : Side: Romeo Petti: good point ..... i have not seen any bases yet
23:56:47 : Side: KomuriKun: just the N-W sides, the rest is chill
23:56:53 : Side: KomuriKun: North more dangerous than South
23:56:56 : Side: simon: me nieter, i have only seen mine
23:57:12 : Side: Romeo Petti: nwaf no go area
23:57:41 : Side: KomuriKun: you'll get an m107 or an as50 stuck i nyour ass if you gow
23:57:45 : Side: Turmoil: i guess the best choice is to stay away from bases xD i know there are several big groups so could be a bit of a hazzle if you enter the wrong one xD
23:57:57 : Side: Turmoil: like i did
23:58:23 : Side: Romeo Petti: ...... first weapon i found is an LLR .... who wants to buy it ???
23:59:51 : Side: [NG2] Strifer: heya
