02:12:01 : Side: Ryan: U GUYS HERO OR NAH
02:12:10 : Side: Adam: yep
02:12:19 : Side: Anton: Hero
02:41:24 : Side: Ryan: WHAT MISSION YOU 2 AT
02:41:42 : Side: Anton: Trader
09:15:01 : Side: stux: hey dude, need help?
09:15:09 : Side: Tamago: nah im fine thanks
09:15:20 : Side: Tamago: why?
09:15:22 : Side: stux: k hf btw r u friendly?
09:15:28 : Side: Tamago: yes
09:15:52 : Side: stux: ok good luck bro
09:15:57 : Side: Tamago: you too mate
09:16:17 : Side: stux: ty
09:54:36 : Side: stux: hey^^
09:55:11 : Side: stux: what cant hear u clear^^
10:59:50 : Side: stux: biste friendly?
11:00:59 : Side: Kakaobohne: hi
11:01:04 : Side: stux: hi
11:01:40 : Side: Kakaobohne: i am looking for new server. this is a pve server? right?
11:01:53 : Side: stux: it looks like
11:01:58 : Side: stux: dont saw any pvp
11:02:36 : Side: Kakaobohne: after patch 1.0.6.1 i cannot play on my old server and a lot of ohter server too
11:03:03 : Side: stux: not cool
11:52:56 : Side: stux: friendly?
11:53:42 : Side: stux: hf with looting nwa^^
12:09:59 : Side: GuanYu: hello guys
12:10:09 : Side: stux: hey
12:10:10 : Side: Greg: hi
12:10:28 : Side: Qwarl: SALAM
12:10:29 : Side: GuanYu:  i am looking for a new pve server. 
12:10:54 : Side: GuanYu: or is it pvp server?
12:11:04 : Side: Tamago: pvp
12:11:30 : Side: GuanYu: ok. thx
12:11:49 : Side: GuanYu: bye
12:54:56 : Side: Qwarl: admin
14:53:54 : Side: riPuliukko: wtf crached my car and it burnet down and all my good stuf was in it :(
15:07:59 : Side: Tamago: yo riPulli next time talk back
15:08:09 : Side: riPuliukko: ?
15:08:20 : Side: Tamago: oh it wasnt you?
15:08:34 : Side: Tamago: search contoniues
15:08:39 : Side: Tamago: continues*
15:09:15 : Side: Tamago: well whoever that was talk abck next time
15:09:18 : Side: Tamago: back*
15:10:03 : Side: Qwarl: Tamago go for back
15:10:15 : Side: Tamago: what?
15:10:44 : Side: Qwarl: litel berd you destrover?
15:11:00 : Side: Tamago: oh that was you?
15:11:04 : Side: Tamago: why you didnt talk back
15:11:04 : Side: Qwarl: yes
15:11:10 : Side: Tamago: if i knew it was you xD
15:11:20 : Side: Qwarl: pidr ebanii
15:11:22 : Side: Tamago: i am looking for someone's base
15:11:37 : Side: Tamago: so i was patrolling with my mate
15:11:49 : Side: Tamago: randomly we found you and we bumped your lb
15:11:56 : Side: Tamago: we didnt shoot at it
15:11:57 : Side: Qwarl: i don undesnt you
15:11:59 : Side: Tamago: oh
15:12:15 : Side: Tamago: little bird boom = mistake = car hit 
15:12:18 : Side: Tamago: xD
15:12:46 : Side: Qwarl: i kill you)))))
15:12:51 : Side: Tamago: nah
15:12:58 : Side: Tamago: just wait there a moment
15:13:53 : Side: Tamago: i bring you heli
15:14:45 : Side: Lenin: sosi clen
15:14:50 : Side: Tamago: ?
15:14:58 : Side: Lenin: chlen
15:15:06 : Side: Tamago: still "?"
15:15:15 : Side: Qwarl: suck my pussi
15:15:16 : Side: Lenin: sosi
15:15:21 : Side: Lenin: chert
15:15:23 : Side: Tamago: what xD
15:15:24 : Side: Qwarl: transleat
15:15:34 : Side: Tamago: what did i even do to lenin?
15:15:49 : Side: Lenin: i from ukraine
15:16:09 : Side: Lenin: tvoego deda
15:16:10 : Side: Tamago: you are from Ukraine and you named yourself Lenin?
15:16:13 : Side: Lenin: ebal
15:16:19 : Side: Lenin: yeee
15:16:34 : Side: Lenin: i m russist
15:16:49 : Side: Tamago: srsly xD
15:17:00 : Side: Lenin: yeee
15:17:03 : Side: Tamago: kk
15:17:13 : Side: Lenin: i don like black gay
15:17:26 : Side: Lenin: i like gey
15:17:46 : Side: Lenin: :*
15:17:47 : Side: Tamago: well than dont type it out cause Admins
15:17:49 : Side: Tamago: lolw
15:17:58 : Side: riPuliukko: i like beer
15:18:11 : Side: Tamago: i like cider
15:18:18 : Side: Lenin: i like vodka
15:18:20 : Side: Qwarl: your from polsha?
15:18:24 : Side: Lenin: jaguar
15:18:24 : Side: riPuliukko: and whisky
15:18:26 : Side: Tamago: I am yes
15:18:32 : Side: Qwarl: aaa
15:18:40 : Side: Qwarl: ok
15:18:40 : Side: riPuliukko: im from finland
15:18:58 : Side: Qwarl: her SUV?
15:19:05 : Side: Tamago: ?
15:19:47 : Side: Qwarl: kk
15:20:10 : Side: Tamago: 5 minutes
15:22:58 : Side: Tamago: for bird
15:23:09 : Side: Qwarl: hi
15:23:35 : Side: Qwarl: rel?
15:23:43 : Side: Tamago: yes. key inside
15:23:49 : Side: Tamago: im a hero
15:23:52 : Side: Tamago: lelw
15:23:55 : Side: Qwarl: im dont kill
15:24:01 : Side: Qwarl: go bear?
15:24:07 : Side: Tamago: bear?
15:24:10 : Side: Qwarl: yea
15:24:22 : Side: Tamago: what is bear?
15:25:12 : Side: Lenin: HEYW
15:25:19 : Side: Lenin: STOP
15:25:26 : Side: Lenin: BRO
15:25:26 : Side: Tamago: ?
15:25:43 : Side: Qwarl: you need car?
15:25:51 : Side: Tamago: nah i am good :D
15:25:55 : Side: Tamago: bike =p
15:26:06 : Side: Qwarl: ok
15:26:11 : Side: Qwarl: thx
15:26:16 : Side: Tamago: enjoy heli :D
15:51:03 : Side: charlie kelly: i forgot to look at splash again, whats toggle button for debug?#
18:00:40 : Side: agss: cze, daj zape greg zebym nie nakurwial do Ciebie
19:06:17 : Side: Liner69: orion accept group invite m8
19:06:32 : Side: Tamago: so many new people wth
19:06:55 : Side: agss: hello tamago :)
19:07:07 : Side: Tamago: sup
19:08:53 : Side: Tamago: wanted to observe but these guys came too close
19:19:26 : Side: Tamago: to the guys i killed your items are on body ai are full of loot
19:19:38 : Side: Tamago: i shot cause you came too close to my pos. i was observing you for a while
19:19:56 : Side: Tamago: i took 110 sniper but there will be mroe on ai. and sorry
19:24:29 : Side: Greg: hello 
19:24:55 : Side: Tamago: yo
19:25:11 : Side: Tamago: invite me
19:33:25 : Side: Qwarl: :(
19:35:28 : Side: Greg: dont shoot at ppl, they dont shoot at you
19:35:40 : Side: Qwarl: OK
19:41:04 : Side: Qwarl: greg
19:41:19 : Side: Greg: ?
19:41:59 : Side: Qwarl: you a mussion?
19:42:24 : Side: neshy33: i am quest
19:42:28 : Side: Liner69: yesh
19:42:29 : Side: Greg: someone else doing it
19:42:46 : Side: Liner69: U  Krain
19:43:20 : Side: Tamago: lewl
19:44:09 : Side: Qwarl: no kill you 
19:44:11 : Side: Qwarl: aaa
19:44:16 : Side: Qwarl: OKEY
19:45:03 : Side: Greg: dont touch your body, im leaving, go get it
20:00:11 : Side: Qwarl: Tamago you base?
20:00:15 : Side: Tamago: yes
20:00:19 : Side: Qwarl: lol
20:00:26 : Side: Tamago: didnt know it was you
20:00:44 : Side: Qwarl: ?
20:08:07 : Side: IronHide: hello
20:08:29 : Side: Tamago: hi
20:16:32 : Side: IronHide: anyone at mv22?
20:16:45 : Side: Tamago: now that you asked someone could come ;/
20:16:51 : Side: Greg: lol
20:16:54 : Side: Tamago: best option is to wait and camp it out
20:16:57 : Side: IronHide: well im a fresh spawn so it dont make much difference if they do
20:17:07 : Side: riPuliukko: im there
20:17:26 : Side: IronHide: do u have a dmr?
20:17:41 : Side: riPuliukko: killed 12 enemys allredy
20:17:53 : Side: IronHide: i killed 1 or 2 then a player shot at me so i dove and died to ai
20:18:04 : Side: IronHide: theres mines so be careful
20:18:16 : Side: riPuliukko: no dmr
20:18:20 : Side: riPuliukko: ok
20:18:42 : Side: IronHide: are u alright to let me loot a gun i just need something to take out another camp to start myself off
20:18:56 : Side: riPuliukko: ok
20:19:06 : Side: IronHide:  <3 ty bby
20:19:28 : Side: IronHide: i wont touch mv22 just the bodies if i find the keys ill give u them
20:21:11 : Side: riPuliukko: is there anymore enemies
20:21:32 : Side: IronHide: no clue
20:22:12 : Side: Greg: squerepants noooooooooooooooooo :p
20:23:18 : Side: IronHide: ill cycle in see if any ai shoot at me
20:23:48 : Side: Greg: go kamikaze go :)
20:24:17 : Side: Greg: gz
20:24:37 : Side: Greg: lol
20:24:40 : Side: Daniel: guess that answers your question
20:25:10 : Side: IronHide: 2 ai left
20:25:19 : Side: IronHide: u kill them take the heli and just leave w/e u dont want
20:31:49 : Side: Tamago: wtf AI rampage
20:31:55 : Side: neshy33: yea that one guy
20:32:05 : Side: Greg: really? :D
20:32:07 : Side: Tamago: one ai killed 5?
20:32:11 : Side: Tamago: holy crap
20:32:17 : Side: Daniel: 5 kd lol
20:32:22 : Side: Greg: ahahah
20:32:23 : Side: Tamago: op ai
20:33:01 : Side: IronHide: did u kill the last 2 ai then?
20:33:10 : Side: riPuliukko: 1
20:33:50 : Side: riPuliukko: and 2
20:33:57 : Side: IronHide: hey
20:34:09 : Side: riPuliukko: hollo
20:35:03 : Side: riPuliukko: here is the key
20:35:22 : Side: IronHide: all urs
20:35:29 : Side: IronHide: that heli ur friends?
20:35:47 : Side: riPuliukko: i dont have frends
20:35:55 : Side: Daniel: thats so sad XDDDD
20:36:00 : Side: Tamago: famous last words äre they your friends?"*headshot*
20:38:39 : Side: Tamago: welp
20:41:29 : Side: Daniel: when you reach a mission but realise there is 10 minutes left before restart :(((((((((
20:41:45 : Side: Tamago: you can still shoot for humanity :D
20:41:53 : Side: Daniel: How much per kill?
20:42:05 : Side: Tamago: depends on a mission i would say
20:42:24 : Side: Tamago: but tis something between 50-150 i think
20:42:27 : Side: Tamago: never checked
20:42:49 : Side: Daniel: holy shit
20:42:58 : Side: Daniel: i think i just hit one of my best kills in ARMA
20:43:05 : Side: Daniel: 600m with an L85 Holo
20:43:05 : Side: Tamago: xD
20:43:22 : Side: Daniel: HIP FIRING
20:43:26 : Side: Tamago: i once headshoted ai from 800 meters with a silenced g36 holo sight
20:43:35 : Side: Tamago: i was like whaaaaaat
20:43:42 : Side: Tamago: but gz
20:43:53 : Side: Tamago: see you after restart
20:44:01 : Side: Daniel: cya
20:54:27 : Side: Daniel: 112110
20:54:28 : Side: Daniel: baser
20:54:29 : Side: Daniel: base
20:54:32 : Side: Daniel: at the castle
20:55:49 : Side: Daniel: anyonr going?
20:55:58 : Side: Daniel: 112110
21:01:04 : Side: Tamago: and wb :D
21:09:54 : Side: johnny: 2die4 can you plz donate a few briefcases to us somebody raided us and now we lost like 7 briefcases
21:10:25 : Side: Tamago: 2die4 is offline?
21:10:32 : Side: Daniel: Yeah
21:11:00 : Side: johnny: can someone else then plz we are in need i will give my pkp with 4 mags
21:11:16 : Side: Tamago: go into military camps and sell what you find
21:11:52 : Side: johnny: can you come and help me then im new i could play it normally sunday last week
21:12:25 : Side: Tamago: sorry im in a tight situaton too
21:12:42 : Side: johnny: then we can team up :D
21:12:53 : Side: Tamago: someone took over my base that inviested 90+ bc in
21:12:57 : Side: Tamago: now its a ruin
21:12:59 : Side: Daniel: where you at bro?
21:13:01 : Side: Daniel: ill help
21:13:13 : Side: Tamago: and i alreayd have a team so thanks
21:13:16 : Side: johnny: can i trust you
21:13:22 : Side: Daniel: trust who you want
21:14:54 : Side: johnny: i only have pkp with 4 mags
21:15:05 : Side: Tamago: thats 400 rounds
21:15:14 : Side: johnny: yes not a lot
21:15:32 : Side: Daniel: my mate is coming on in half hour
21:15:33 : Side: Daniel: so
21:15:38 : Side: Daniel: i cant help you 
21:15:40 : Side: Tamago: for a red mission for 22 AI you need 2 dmr mags maybe
21:15:44 : Side: Daniel: unless its fas
21:15:46 : Side: Daniel: fast
21:16:04 : Side: Daniel: meet me at Elektro if you want my help
21:16:31 : Side: johnny: okay
21:18:47 : Side: Daniel: if you see my bike
21:18:53 : Side: Daniel: thats the building im in
21:19:48 : Side: johnny: i actually only need 1 20 l gas can for my merlin
21:20:29 : Side: Daniel: shooting zombies
21:20:32 : Side: Daniel: if you could hear me
21:21:03 : Side: Daniel: You coming to Elektro or???
21:21:49 : Side: johnny: naah im logging in ten minnutes and i have to run so
21:22:00 : Side: Daniel: alright
21:22:35 : Side: Daniel: black hawk down lol
21:23:15 : Side: johnny: we had 5 helocopters 3 black hawks a merlin and one more i dont know the name of and 4 vehicles
21:25:01 : Side: johnny: still thx :D
21:25:18 : Side: johnny: for you giving your support to me
21:25:23 : Side: Daniel: np
21:25:27 : Side: Daniel: anytime
21:26:39 : Side: Daniel: my in game vision is so blurry lol
21:26:46 : Side: IronHide: take morphine or w/e it is
21:26:53 : Side: Daniel: i have
21:27:04 : Side: 2DIE4:  did u get hit by a zombi?
21:27:07 : Side: Tamago: turn off atoc in video settings. blur in this game is garbage
21:27:07 : Side: Daniel: Yeah
21:27:13 : Side: 2DIE4:  use a whipe!
21:27:20 : Side: 2DIE4:  to desinfect the wound
21:27:28 : Side: Tamago: hello 2die4
21:27:29 : Side: Daniel: oh shit
21:27:43 : Side: johnny: 2die4 help me
21:27:44 : Side: 2DIE4: hi =)
21:27:59 : Side: johnny: im dehydrating
21:28:24 : Side: 2DIE4: bounty is 20 BCs to whoiever tells me where agss and Walasznikow have theoir base
21:28:42 : Side: Daniel: 009 110
21:28:47 : Side: Daniel: there WAS a base there
21:29:27 : Side: Daniel: when there is nothing in a hospital
21:29:27 : Side: Daniel: ffs
21:29:32 : Side: 2DIE4:  i need that confirmed
21:29:44 : Side: Daniel: if you have a heli
21:29:49 : Side: Daniel: fly over and see
21:30:05 : Side: johnny: waste of fuel if there is nothing
21:30:18 : Side: 2DIE4:  lol dude fuel is free XD
21:30:24 : Side: Daniel: OMD
21:30:25 : Side: Daniel: YAY
21:30:29 : Side: Daniel: MEDICAL STUFF
21:30:42 : Side: Daniel: thank fuck for that
21:31:34 : Side: Daniel: gonna log
21:31:38 : Side: Daniel: cya guys tomorrow
21:31:39 : Side: 2DIE4: bb
21:31:42 : Side: Tamago: see ya
21:31:46 : Side: 2DIE4:  ill check on that
21:41:34 : Side: IronHide: how hard are yellow missionms?w
21:41:42 : Side: Tamago: 8-13 ai
21:41:44 : Side: 2DIE4:  easy to get 
21:41:49 : Side: IronHide: ty
21:41:54 : Side: IronHide: black?
21:42:03 : Side: 2DIE4:  hardcore
21:42:05 : Side: Tamago: black 50+ai and armed cars
21:42:10 : Side: 2DIE4:  about 35 to 50 AI
21:42:15 : Side: IronHide: green?
21:42:23 : Side: 2DIE4:  piece of cake
21:48:15 : Side: Tamago: iron hide how come i dont see what kills you?
21:50:12 : Side: Tamago: thye need to add these AI to military camps...
21:51:17 : Side: Tamago: its so funny to watch someone loot from far away :D
21:53:53 : Side: Tamago: nice mk17 form dishna camp :D thats a decen weapon :D hope you got some ammo with it ^^
21:54:40 : Side: neshy33: they have ai in the overpoch server at the military camps
21:55:00 : Side: Tamago: this server had them too. but after 1.0.6.1 update they never added thme
21:55:27 : Side: neshy33: damn, hope they  get added back, makes it a challenge
21:55:38 : Side: Tamago: exacly
21:56:48 : Side: neshy33: pls :)
21:56:50 : Side: Tamago: its ok LWB we love you anyways
21:57:10 : Side: Tamago: no homo xD
21:57:44 : Side: VLADIMIR>***: LWB thanks:) my base is ok:)
21:58:13 : Side: VLADIMIR>***: yu profesional Dewelopment:)
22:06:39 : Side: IronHide: why 2die4
22:06:40 : Side: IronHide: why
22:07:04 : Side: IronHide: u give us all this help with info
22:07:10 : Side: IronHide: then u kill us when we do the work
22:07:15 : Side: 2DIE4: im getting my tribute
22:07:25 : Side: Oscar: you sly fuck
22:07:32 : Side: 2DIE4:  i leave the car 4 u i s that faitr or not?
22:07:34 : Side: Oscar: we would have shared
22:07:54 : Side: IronHide: ye if u are kind <3
22:07:54 : Side: 2DIE4:  ask i always get a kill and leave your stuff
22:08:01 : Side: IronHide: fine by us xd
22:08:05 : Side: Tamago: +1w
22:08:09 : Side: 2DIE4:  i see u u can come get the car  =)
22:08:15 : Side: IronHide: what level ba
22:08:19 : Side: IronHide: BANDIT
22:08:32 : Side: 2DIE4: grab the car pick aya mate up 
22:08:45 : Side: IronHide: what level bandit are u?
22:08:46 : Side: 2DIE4:  or ill come 4 u also 
22:08:52 : Side: IronHide: + do u have a blood bag my screen is grey
22:08:55 : Side: 2DIE4: . i got over 400 K miunus
22:09:06 : Side: 2DIE4:  the ammo is mine 
22:09:33 : Side: IronHide: this box?
22:09:44 : Side: 2DIE4:  the crate  is mine dude
22:09:49 : Side: IronHide: trying to get body
22:09:52 : Side: IronHide: want the ghille
22:10:51 : Side: 2DIE4:  dont try to puss someoff XD ill shred u in no time  =) 
22:11:01 : Side: 2DIE4:  *pull
22:11:06 : Side: IronHide: do u have a bloodbag
22:11:12 : Side: 2DIE4:  i do  
22:11:21 : Side: IronHide: can u lend me one xd
22:11:28 : Side: IronHide: ill pay u back when i next see u
22:11:31 : Side: 2DIE4: grab it
22:11:38 : Side: IronHide: where is it?
22:11:41 : Side: 2DIE4: car
22:12:02 : Side: IronHide: whats in the box?
22:12:09 : Side: 2DIE4:  i hope i find what i want in that crate  =)8
22:12:24 : Side: IronHide: what u loooking for
22:13:54 : Side: IronHide: he dared me ot
22:14:18 : Side: IronHide: dont believe his bs
22:14:49 : Side: Tamago: you can belive in everything 2die4 says
22:14:59 : Side: IronHide: no oscar told me to try shoot him
22:15:03 : Side: IronHide: so i was like i aint no bitch
22:15:03 : Side: Tamago: oh
22:15:05 : Side: IronHide: and shot his car
22:15:09 : Side: IronHide: and its bullet proof xd
22:15:12 : Side: Tamago: hahaw
22:15:43 : Side: IronHide: 2die4 do u still love me
22:15:49 : Side: IronHide: im just a friendly autobot
22:16:28 : Side: IronHide: dont belive him
22:16:33 : Side: IronHide: he is a lier and a thief
22:16:46 : Side: Tomahawwk: who is?
22:21:14 : Side: IronHide: where do u sell armoured suv's
22:21:24 : Side: IronHide: cause this one gonna disapeer at restart
22:21:33 : Side: Tomahawwk: hero trader or bandit trader
22:21:48 : Side: 2DIE4:  it will not
22:21:48 : Side: IronHide: im 145 humanity what do i class as xd
22:21:52 : Side: IronHide: :(
22:21:54 : Side: IronHide: wait
22:21:56 : Side: IronHide: its wont go?
22:22:01 : Side: 2DIE4: no
22:22:05 : Side: IronHide: why wont it
22:22:09 : Side: IronHide: its not a locked 1
22:22:38 : Side: 2DIE4:  still doesnt dissapear
22:22:46 : Side: IronHide: well ima just drive it around
22:22:51 : Side: IronHide: and then leave it to someone else
22:23:21 : Side: Greg: ill can take it ;p
22:23:46 : Side: Tamago: we will give you landrover with a key
22:24:05 : Side: IronHide: how can i trust u
22:24:11 : Side: Tamago: ask 2die4
22:24:18 : Side: IronHide: and how do i not know u got multiple keys
22:24:34 : Side: Tamago: cause we can affoard mutiple landrovers
22:24:50 : Side: Greg: but we like better suv-s ;p
22:24:51 : Side: IronHide: whoever find mes
22:24:54 : Side: IronHide: can have it
22:24:56 : Side: 2DIE4:  he could buy a  new one then 
22:25:29 : Side: Tamago: or we could sell it for you and we could split bc
22:25:48 : Side: Tamago: we could but you something form hero trader for it
22:26:01 : Side: IronHide: i need a safe
22:26:03 : Side: IronHide: thats it
22:26:04 : Side: Tamago: np
22:26:12 : Side: Tamago: go hero trader
22:26:36 : Side: Tamago: give us a minute xD
22:26:48 : Side: IronHide: im far away so its k 
22:29:05 : Side: 2DIE4:  lol where u at?
22:29:09 : Side: IronHide: oscar had to go 2die3
22:29:18 : Side: IronHide: im a ninjaw
22:29:22 : Side: 2DIE4:  damn u got fat fingers  XD
22:29:30 : Side: IronHide: broke my headset
22:29:35 : Side: IronHide: and u could prob hear me typing
22:29:38 : Side: IronHide: when oscar spoke
22:29:47 : Side: 2DIE4:  kinda  =)
22:30:36 : Side: IronHide: omw to hero trader now
22:30:51 : Side: Tamago: ikkw
22:33:32 : Side: IronHide: oscars mum just baby raged xd
22:33:45 : Side: IronHide: heard it all through skype xd
22:33:57 : Side: Bunraku San: haha
22:34:01 : Side: Bunraku San: fun times
22:34:14 : Side: Bunraku San: is it the poor kids bedtime
22:34:27 : Side: IronHide: me and him both in gcse year
22:34:34 : Side: IronHide: and his mum raging he aint revising 24/7
22:35:02 : Side: Bunraku San: yeah, i have a WORK, ALWAYS GAMINGH
22:35:20 : Side: Ryan: VLAD ARE U HERO
22:35:26 : Side: VLADIMIR>***: Ryyyyannnnn Sooooryyyyyyyy:(((((
22:35:33 : Side: Greg: lol
22:35:35 : Side: Ryan: K JUST PLZ LEAVE MY STUFF
22:35:42 : Side: VLADIMIR>***: okkkkkkkk 
22:35:50 : Side: Ryan: TAKE SOME DMR MAGS IF U NEED
22:36:29 : Side: Ryan: TOMAHAWK IS THERE TO DON'T KILL HIM
22:36:31 : Side: VLADIMIR>***: im protect yoor body:)
22:36:39 : Side: Ryan: THX BROSKI
22:36:42 : Side: VLADIMIR>***: ok ok
22:36:49 : Side: Ryan: SRY FOR CAPS
22:36:55 : Side: IronHide: xd peoples lal heroes then there is 2die4
22:37:13 : Side: Ryan: 2DIE 4 CHILL DO
22:37:25 : Side: IronHide: i like this server
22:37:31 : Side: IronHide: not everyone is shoot first questions later
22:39:41 : Side: Tamago: at trader 28tin
22:39:44 : Side: Tamago: w8tin*
22:39:51 : Side: 2DIE4:  ill leave loot in the crate and all vehicles at IKEA !!!!
22:39:54 : Side: IronHide: sorry was 10k away 6k now
22:40:13 : Side: Tamago: its we waiting
22:40:45 : Side: IronHide: what humanity for bandit level 10
22:40:51 : Side: Tamago: idk
22:41:16 : Side: 2DIE4:  lol TOmahawk rtying stroingjhold  =)
22:41:42 : Side: Tamago: go for it mate!
22:44:08 : Side: IronHide: in 2 days used 10gb of 4g to play dayz
22:44:14 : Side: Tomahawwk: VLAD WANT TO JOIN THE GROUP JUST FOR MISSION TO SEE US
22:44:21 : Side: IronHide: dayz uses like none but skype eats it
22:44:43 : Side: Tamago: use ts
22:44:51 : Side: IronHide: cant get it on my phone
22:44:53 : Side: IronHide: dog broke my headset
22:45:16 : Side: VLADIMIR>***: Ryan im protect your body
22:45:43 : Side: Ryan: WE ARE COMING NOW
22:48:54 : Side: IronHide: whos trying to shoot me
22:49:03 : Side: Tamago: im shooting a sedan
22:49:06 : Side: IronHide: KK
22:49:09 : Side: Tamago: its abandoned
22:49:13 : Side: Tamago: BOOM :D
22:50:00 : Side: IronHide: ho ho ho
22:50:10 : Side: Tamago: ?
22:50:13 : Side: IronHide: im here
22:55:44 : Side: IronHide: good night alll
22:55:52 : Side: Greg: see ya
22:56:11 : Side: 2DIE4: bb
22:59:31 : Side: Ryan: who in dragon fly helicopter
22:59:38 : Side: Tamago: us
22:59:42 : Side: Ryan: i am hero i mean no harm
22:59:50 : Side: Tamago:  here
22:59:55 : Side: Tamago: same here
22:59:57 : Side: Greg: we on heli
23:00:05 : Side: Ryan: k
23:00:20 : Side: Ryan: we won't have time for loot but the humanity doe
23:01:50 : Side: Ryan: one of my guys are coming to you don't shoot he is hero
23:02:54 : Side: Ryan: vlad what gun you using
23:03:06 : Side: VLADIMIR>***: SD
23:03:13 : Side: Ryan: k
23:03:20 : Side: VLADIMIR>***: mk 17
23:03:26 : Side: Ryan: just wanting to know to here whos shooting
23:13:28 : Side: Ryan: me and tom are leaving have a nice day'
23:13:35 : Side: Tamago: seee ya
23:13:36 : Side: Greg: see ya
