22:00:59 : Group: Lazarus: hey
22:01:03 : Group: Lazarus: lol
22:01:26 : Group: |Laura|: only people in the group can see our chat now.. if its the blue one.. everyone on teh sever can see, but if u press p its only us on
22:01:41 : Group: Lazarus: ok
22:02:09 : Group: Lazarus: well i have found a massive plane l
22:02:28 : Group: |Laura|: scroll on it.. n see if its open... im heading to u but im 5000m away im in a car tho
22:03:35 : Group: Lazarus: yeah its open
22:03:45 : Group: |Laura|: do u know how to fly 
22:03:57 : Group: Lazarus: it needs scrap metal to repair
22:04:16 : Group: |Laura|: ahh ok...
22:11:22 : Group: |Laura|: oops crashed me veechil lol
22:11:31 : Group: Lazarus: lol
22:15:28 : Group: Lazarus: bloody zombies
22:16:01 : Group: |Laura|: have the bike
22:16:19 : Group: |Laura|: have this gear of mine
22:16:43 : Group: |Laura|: scroll over the bag on the floor
22:16:57 : Group: |Laura|: click on take large gunbagh
22:17:15 : Group: Lazarus: says u are too close
22:17:59 : Group: |Laura|: u know how to get the guns out of gunbag
22:18:08 : Group: Lazarus: mo lol
22:18:15 : Group: |Laura|: u press g,
22:18:28 : Group: |Laura|: then if its something in ur gun bag u double click on the gunbag
22:18:57 : Group: |Laura|: then ur see arrows by the item, left to on person and righ tfor gunbag
22:19:10 : Group: |Laura|: so if u want it on u, u click to go on u, and other way to ya bag
