12:35:05 : Direct: Juiles: thx
12:35:10 : Direct: tropa: ghbdtn 
12:35:13 : Direct: tropa: привет
12:35:18 : Direct: Juiles: j
12:35:25 : Direct: Juiles: о
12:35:28 : Direct: tropa: ахах
12:35:29 : Direct: Juiles: можно по русски)
12:35:34 : Direct: tropa: дада
12:35:44 : Direct: Juiles: это же пиндосерв?
12:35:48 : Direct: Juiles: или не?
12:36:00 : Direct: tropa: вроде как да
12:36:04 : Direct: tropa:  да и похуй
12:36:34 : Direct: Juiles: залутал уже?
12:36:38 : Direct: Juiles: давно тут?
12:36:39 : Direct: tropa: погнали на миссию 
12:36:41 : Direct: tropa: нее
12:36:42 : Direct: tropa: ток вот 
12:36:47 : Direct: tropa: в верте лут
12:36:49 : Direct: tropa: бери 
12:36:52 : Direct: Juiles: блин мне надо труп забрать
12:36:55 : Direct: Juiles: и уходить
12:36:58 : Direct: tropa: аа
12:37:04 : Direct: tropa: так это твой грузовик
12:37:04 : Direct: Juiles: по делам часто тут играешь?
12:37:06 : Direct: tropa: ?
12:37:08 : Direct: Juiles: да
12:37:14 : Direct: tropa: ну тк 
12:37:23 : Direct: tropa: недавно только сюуда зашел 
12:37:27 : Direct: tropa: два дня где то
12:37:27 : Direct: Juiles: я вчера
12:37:29 : Direct: tropa: мб 4
12:37:43 : Direct: Juiles: погнобить англичан
12:37:45 : Direct: Juiles: =)
12:37:46 : Direct: tropa: хаха
12:38:02 : Direct: Juiles: у тебя есть базм аза или нет еще?
12:38:15 : Direct: tropa: ток сейф
12:38:22 : Direct: tropa: пока не строил 
12:38:47 : Direct: Juiles: я может вечерком зайду после 12
12:38:53 : Direct: Juiles: у тебя московское?
12:38:57 : Direct: tropa: неее
12:39:03 : Direct: tropa: я вечерком ухожу 
12:39:08 : Direct: tropa: точнее после 12
12:39:13 : Direct: tropa: у меня уфимское 
12:39:14 : Direct: Juiles: ник знакомый у тебя
12:39:23 : Direct: tropa: если знаешь где уфа конечно 
12:39:27 : Direct: tropa: ))
12:39:36 : Direct: Juiles: походу где то пересекались
12:39:41 : Direct: Juiles: я почти год не играл прост
12:39:45 : Direct: tropa: я тоже 
12:39:53 : Direct: Juiles: я у блин как его
12:39:54 : Direct: tropa: даже юольше ге то 
12:39:56 : Direct: Juiles: каспер
12:40:03 : Direct: tropa: хмхм
12:40:08 : Direct: Juiles: у него раньше играл там серв без доната был
12:40:12 : Direct: tropa: аа
12:40:14 : Direct: tropa: вот хз
12:40:17 : Direct: tropa: не помн. 
12:40:30 : Direct: Juiles: я еще базу на острове огромную отсроил
12:40:45 : Direct: Juiles: на весь залив)
12:41:14 : Direct: tropa: вот хз 
12:41:15 : Direct: Juiles: ну лан не суть тогда)
12:41:17 : Direct: tropa: не моню 
12:41:22 : Direct: tropa: :)
12:41:26 : Direct: Juiles: я почапал
12:41:31 : Direct: tropa: давай 
12:41:32 : Direct: tropa: удачи 
12:41:35 : Direct: Juiles: если что кричи)
12:41:44 : Direct: tropa: :D
12:42:05 : Direct: Juiles: я тебя в стиме добавил
12:42:11 : Direct: Juiles: охуитель же
12:42:13 : Direct: tropa: о круть
12:42:14 : Direct: Juiles: ?
12:42:16 : Direct: tropa: хааха
12:42:17 : Direct: tropa: даа
