10:20:56 : Group: Hailstorm: k, thx
10:21:05 : Group: PRISMIC: np
10:21:52 : Group: Hailstorm: oh, bad position for a mission
10:22:14 : Group: PRISMIC: yes very cant get a good angle
10:22:24 : Group: Hailstorm: hmmm :/
10:22:49 : Group: Laurence Gommersil: the only place i can spawn is like 8k away xD
10:23:02 : Group: Hailstorm: lol
10:24:16 : Group: Laurence Gommersil: omg
10:24:34 : Group: Hailstorm: yeah, u are to close :/
10:26:27 : Group: PRISMIC: hailstorm wanna do me a faver ?
10:26:38 : Group: Hailstorm: whats a faver???
10:27:06 : Group: PRISMIC: u got heli ?
10:27:18 : Group: Hailstorm: yes, on the wy
10:27:24 : Group: PRISMIC: nice one 
10:29:45 : Group: PRISMIC: are you flying to me ?
10:30:05 : Group: Hailstorm: yes, have to go to my heli ontop of the garage
10:30:19 : Group: PRISMIC: kk
10:36:09 : Group: Hailstorm: should i wait for u
10:39:24 : Group: PRISMIC: comng
10:39:29 : Group: PRISMIC: coming
10:39:54 : Group: Hailstorm: u wnat to go to bandit now or back to the mission?
10:40:21 : Group: Hailstorm: u said u want to buy a heli?
10:40:22 : Group: PRISMIC: ac dealer
10:40:25 : Group: Hailstorm: oh
10:40:28 : Group: Hailstorm: k
10:40:36 : Group: PRISMIC: bandit is to far cant be  asked
10:41:52 : Group: PRISMIC: dp convoy
10:42:01 : Group: PRISMIC: do
10:42:49 : Group: Hailstorm: can i help u?
10:43:10 : Group: Hailstorm: but first u have to kill m2s down there
10:43:29 : Group: PRISMIC: gunnu drop heli at base then do  mission
10:46:04 : Group: PRISMIC: do armend off roader we will split the loot
10:51:46 : Group: Hailstorm: disabled convoy is half done, only 14 bots left
10:52:00 : Group: Hailstorm: from 21
10:56:10 : Group: PRISMIC: come with me to sell ill give  u your  share
10:56:47 : Group: Hailstorm: acnthe ah6 lift it?
10:56:54 : Group: Hailstorm: lol
10:57:11 : Group: Hailstorm: go, i take the rest here
10:57:15 : Group: PRISMIC: kk
11:05:48 : Group: Hailstorm: its so hard to aim whith ah6 armed
11:05:58 : Group: PRISMIC: aha i bet
11:06:11 : Group: Hailstorm: dont think i will buy it again
11:06:18 : Group: PRISMIC: wont buy one then
11:06:25 : Group: Hailstorm: think ah13 is btter
11:06:35 : Group: PRISMIC: yer aha
11:06:53 : Group: Hailstorm: its faster, cockpit is bulletproof
11:06:59 : Group: Hailstorm: and its cheaper
11:07:39 : Group: PRISMIC: nice might get  that have over 250 breefs aha
11:07:52 : Group: Hailstorm: u sell the ammo too?
11:07:58 : Group: Laurence Gommersil: need to turn it into topaz
11:08:05 : Group: PRISMIC: no using it for heli
11:08:33 : Group: Hailstorm: ok
11:12:14 : Group: Hailstorm: ok, guys, see u later, have a job invitation (not sure if its the right word) but wish me luck :D
11:12:32 : Group: PRISMIC: good luck mate cya XD x
11:48:20 : Group: Laurence Gommersil: ?
14:43:13 : Group: Freedom: whats the terrain like hilly?
14:43:50 : Group: Sebastian: yes
14:43:56 : Group: Freedom: try to stay 600 or 700 meters out
14:44:19 : Group: Freedom: if possible with location
14:44:34 : Group: Sebastian: i go north of the mission
14:44:43 : Group: Freedom: roger
14:44:59 : Group: Freedom: 1500m out
14:46:22 : Group: Sebastian: i think from mogilevka is the best position
14:47:04 : Group: Sebastian: there is too much forest and hills in your way from other ankles
14:47:18 : Group: Sebastian: sorry bad english:D
14:47:20 : Group: Freedom: same im gonna try other side
14:47:28 : Group: Freedom: your fine i understand
14:49:46 : Group: Freedom: have good eyes here
14:50:26 : Group: Sebastian: me too
14:50:35 : Group: Freedom: you see the 2 m2?
14:50:43 : Group: Sebastian: no
14:50:55 : Group: Sebastian: didnt noticed the was one
14:50:57 : Group: Freedom: both sides of yail
14:51:06 : Group: Freedom: of tail
14:51:21 : Group: Freedom: need to take them out first
14:52:03 : Group: Freedom: get into postion to get one of them ill take other let me know what one you can take
14:52:28 : Group: Sebastian: i can see the on eon my side of the tail
14:52:35 : Group: Freedom: i can try to take both if not
14:53:06 : Group: [NG2] Jesse: hi
14:53:09 : Group: Sebastian: hi
14:53:22 : Group: Freedom: hello
14:53:34 : Group: Freedom: you ready sebastian
14:53:42 : Group: Sebastian: yes
14:54:18 : Group: Freedom: here we go
14:55:51 : Group: Freedom: jesse to help me
14:56:06 : Group: [NG2] Jesse: omw
14:56:07 : Group: Freedom: want to help me i mean
14:56:11 : Group: Freedom: copy
14:58:33 : Group: Sebastian: the m2 killed me while i tried to kill it
14:58:38 : Group: Sebastian: fuck it
14:58:41 : Group: Freedom: 41 bandit kills down the drain 
14:59:02 : Group: Freedom: yeah thats why we take them out together
14:59:40 : Group: [NG2] Jesse: DAMN!@!!!@
15:00:23 : Group: Freedom: did three missions last night without dieing was pretty proud of myself lol
15:00:37 : Group: Sebastian: sorry
15:00:55 : Group: Freedom: was telling jesse i dont care that i died
15:02:41 : Group: Sebastian: can you take out the m2 from your position?
15:02:59 : Group: Freedom: yes
15:03:32 : Group: Laurence Gommersil: DUDE
15:03:38 : Group: Laurence Gommersil: why is sebastian in group
15:03:46 : Group: Laurence Gommersil: NOW HE KNOWS WHERE OUR BASE IS
15:04:13 : Group: Freedom: then leave group lol
15:04:43 : Group: Freedom: he asked for help so im helping just as i would do for you
15:05:18 : Group: Laurence Gommersil: help with
15:05:40 : Group: Laurence Gommersil: omg i was gunna do that mission
15:05:57 : Group: Freedom: your a bit late
15:05:59 : Group: Sebastian: m2 down
15:06:24 : Group: Freedom: 1 sec
15:06:56 : Group: Freedom: m2 down
15:07:26 : Group: Freedom: was 3 m2 but i got it too
15:07:33 : Group: Sebastian: k
15:09:28 : Group: Freedom: 2 left
15:09:33 : Group: Freedom: jesse were good
15:10:10 : Group: Freedom: i dont see the 2 though
15:11:53 : Group: Laurence Gommersil: freedom
15:11:56 : Group: Freedom: yes
15:11:58 : Group: Laurence Gommersil: theres a guy at our base
15:12:22 : Group: Freedom: busy at moment shoot him if he bad
15:12:44 : Group: Freedom: its clear
15:13:24 : Group: Sebastian: all down
15:13:31 : Group: Freedom: yup
15:13:47 : Group: Sebastian: thanks mate
15:14:00 : Group: Freedom: you bet'
15:15:06 : Group: Freedom: all yours i dont need any of it]
15:15:22 : Group: Sebastian: ok thank you
15:16:09 : Group: Sebastian: dont worry im not gonna raid your bases:D
15:16:44 : Group: Freedom: would not be a smart idea we are top 4 players on this server
15:17:03 : Group: Freedom: not lawrenxce
15:17:06 : Group: Sebastian: saying this becaus of laurences paranoia
15:17:14 : Group: Freedom: hes annoying
15:18:39 : Group: Freedom: im gonna take out this bandit squad wont be much loot 
15:18:49 : Group: Freedom: can come get if you want
15:20:30 : Group: Sebastian: im gonna need some time but i will join you i think
15:29:43 : Group: Freedom: bandit squad is clear
15:30:05 : Group: Sebastian: ok
15:33:24 : Group: Freedom: im in mossie
15:58:00 : Group: Laurence Gommersil: hail what u doin?
15:58:07 : Group: Hailstorm: flying...
15:58:07 : Group: Laurence Gommersil: doing*
15:58:31 : Group: Hailstorm: mission has a bad position
15:59:20 : Group: Hailstorm: i could try to lift the hmmvw ^^
15:59:35 : Group: PRISMIC: na its cool aha
15:59:38 : Group: PRISMIC: we will try 
16:00:46 : Group: Hailstorm: got it XD
16:00:56 : Group: Laurence Gommersil: dude
16:01:15 : Group: Laurence Gommersil: nice one xD
16:01:44 : Group: Hailstorm: that was easy
16:01:52 : Group: Hailstorm: they didnt make any damage ^^
16:02:03 : Group: Laurence Gommersil: is ure heli armoured then?
16:02:23 : Group: Hailstorm: heavyest armor in dayz
16:02:45 : Group: Hailstorm: but no weapons
16:02:55 : Group: Laurence Gommersil: whats heli called?
16:03:26 : Group: Hailstorm: USEC CH53E DZE
16:05:07 : Group: Hailstorm: its not fast, but better to fly than blackhawk or chinooc
16:05:27 : Group: Hailstorm: and only m2 or bigger can u shot out of it
16:05:45 : Group: Hailstorm: or maybe lapua
16:06:39 : Group: PRISMIC: lol ty x
16:06:52 : Group: Laurence Gommersil: that heli is op
16:07:27 : Group: Hailstorm: hmm, cant lift the crate ^^
16:07:41 : Group: Laurence Gommersil: can you even do that xD
16:18:24 : Group: Laurence Gommersil: freedom
16:18:28 : Group: Laurence Gommersil: can i get a pickup please?
16:18:29 : Group: Freedom: yes
16:18:39 : Group: Hailstorm: how much is military offroad M2?
16:18:50 : Group: Hailstorm: or what do u get for it?
16:18:58 : Group: Laurence Gommersil: idk
16:19:04 : Group: Laurence Gommersil: can i get a pickup please
16:19:13 : Group: Freedom: yeah
16:19:18 : Group: Laurence Gommersil: kk thanks
16:22:39 : Group: Laurence Gommersil: u a bandit? or hero?
16:22:48 : Group: Hailstorm: who?
16:22:50 : Group: Hailstorm: me?
16:22:52 : Group: Laurence Gommersil: freedom
16:22:57 : Group: Hailstorm: k
16:23:17 : Group: Freedom: 25k 
16:23:20 : Group: Freedom: hero
16:23:31 : Group: Freedom: lmao
16:23:39 : Group: Freedom: he died getting in heli
16:24:15 : Group: Laurence Gommersil: pick me up from gvon
16:24:21 : Group: Laurence Gommersil: quick
16:24:34 : Group: Laurence Gommersil: and why did u crush me..
16:25:05 : Group: Freedom: it was still coming down 
16:25:31 : Group: Laurence Gommersil: hailstorm
16:25:36 : Group: Hailstorm: yes?
16:25:46 : Group: Laurence Gommersil: can u sell stuff at hero trader?
16:25:53 : Group: Hailstorm: no, i am bandit
16:25:55 : Group: Hailstorm: sry
16:26:04 : Group: Laurence Gommersil: can u sell stuff at bandit trader?
16:26:23 : Group: Laurence Gommersil: ?
16:26:34 : Group: Freedom: no
16:26:39 : Group: Freedom: not if hero
16:26:50 : Group: Laurence Gommersil: hailstorm
16:26:58 : Group: Hailstorm: yes at bandit i can
16:27:06 : Group: Laurence Gommersil: can u sell something for me
16:27:18 : Group: Hailstorm: what?
16:27:26 : Group: Laurence Gommersil: chinuk
16:27:35 : Group: Hailstorm: sure
16:27:43 : Group: Laurence Gommersil: kk ill meet u there
16:27:50 : Group: Hailstorm: u can come to bandit?
16:27:57 : Group: Hailstorm: ok
16:28:26 : Group: Laurence Gommersil: i need you to be honest about the money
16:28:27 : Group: Hailstorm: lol, military offroad m2 gives only 90 old
16:29:07 : Group: Laurence Gommersil: can u be honest?
16:29:11 : Group: Hailstorm: i give you the money for it, orf whats the problem
16:29:25 : Group: Laurence Gommersil: give me all the money 
16:29:28 : Group: Hailstorm: yes
16:29:31 : Group: Laurence Gommersil: ive been scammed before xD
16:30:06 : Group: Hailstorm: it gives 3 bc if u sell a chinooc at bandir
16:30:13 : Group: Laurence Gommersil: thats fine
16:30:30 : Group: Hailstorm: ask 2die4, he will say the same
16:30:47 : Group: Laurence Gommersil: ill take your word for it
16:30:51 : Group: Freedom: its 3 at hero as well
16:30:53 : Group: Hailstorm: yes
16:31:23 : Group: Hailstorm: i am bandit, but not a traitor, we are allies at the moment, so np
16:31:36 : Group: Hailstorm: i think we are allies???
16:31:40 : Group: Laurence Gommersil: ye xD
16:32:03 : Group: Hailstorm: i do the dirty work for hero town if you need someone for this ^^
16:32:52 : Group: Laurence Gommersil: wait
16:32:55 : Group: Laurence Gommersil: dont drop
16:32:56 : Group: Hailstorm: i put it into the heli
16:33:00 : Group: Laurence Gommersil: no
16:33:01 : Group: Laurence Gommersil: no
16:33:11 : Group: Hailstorm: why
16:33:12 : Group: Laurence Gommersil: what 3 breef helis can you buy here?
16:33:24 : Group: Laurence Gommersil: or 2
16:33:32 : Group: Hailstorm: uhey
16:33:59 : Group: Hailstorm: uhey or pook gunship with m60 gunner
16:34:10 : Group: Laurence Gommersil: whats a pook gunship
16:34:13 : Group: Hailstorm: ah13
16:34:19 : Group: Hailstorm: fast restart
16:34:19 : Group: Laurence Gommersil: is it good
16:34:27 : Group: Hailstorm: bulletproof glas
16:34:36 : Group: Hailstorm: but u need a gunner
16:34:42 : Group: Hailstorm: after retartw
16:34:43 : Group: Laurence Gommersil: fine just pass money but i will need a lift after restart if ok
16:34:54 : Group: Hailstorm: yes
16:35:05 : Group: Hailstorm: must go out of safezone
16:39:15 : Group: Laurence Gommersil: lift to aircraft dealer please
16:39:32 : Group: Hailstorm: k
16:39:34 : Group: Laurence Gommersil: wait
16:39:36 : Group: Laurence Gommersil: im here
16:39:40 : Group: Hailstorm: i know
16:40:09 : Group: Laurence Gommersil: this thing got flares?
16:40:19 : Group: Hailstorm: no
16:40:27 : Group: Laurence Gommersil: how much was this?
16:40:33 : Group: Hailstorm: found it
16:40:40 : Group: Laurence Gommersil: WHAT
16:40:44 : Group: Laurence Gommersil: where
16:40:49 : Group: Laurence Gommersil: and how
16:40:53 : Group: Hailstorm: rogovo
16:40:57 : Group: Laurence Gommersil: ai?
16:41:02 : Group: Hailstorm: no
16:41:12 : Group: Laurence Gommersil: wow you lucky 
16:41:30 : Group: Hailstorm: yes, but will sell it
16:41:45 : Group: Laurence Gommersil: why this thing is OP
16:41:48 : Group: Hailstorm: money in heli
16:42:00 : Group: Laurence Gommersil: ty
16:42:06 : Group: Hailstorm: its not op, its slow but heavy armored
16:42:09 : Group: Freedom: we like monies xD
16:42:33 : Group: Laurence Gommersil: can i have this xD jk
16:42:37 : Group: Laurence Gommersil: i wish tho
16:43:07 : Group: Freedom: hey laurnce where are you from?
16:43:07 : Group: Hailstorm: no, need money for more metallfloors
16:43:29 : Group: Laurence Gommersil: freedom u dutch?
16:43:38 : Group: Freedom: lol no american]
16:43:42 : Group: Laurence Gommersil: oh
16:43:45 : Group: Laurence Gommersil: england
16:43:51 : Group: Freedom: how old are you 
16:43:54 : Group: Hailstorm: germany
16:44:03 : Group: Laurence Gommersil: im 17
16:44:08 : Group: Hailstorm: 20
16:44:15 : Group: Freedom: 34 here lol
16:44:30 : Group: Hailstorm: oh lol, grandpa ^^
16:44:33 : Group: Laurence Gommersil: that ramp is cool
16:44:55 : Group: Freedom: not yet but 2 kids still young though
16:45:06 : Group: Laurence Gommersil: thanks hail!
16:45:11 : Group: Hailstorm: np
16:45:17 : Group: Laurence Gommersil: cya
16:45:30 : Group: Freedom: mv22 out there thats 3 briefs
16:45:43 : Group: Laurence Gommersil: i cba
16:45:48 : Group: Laurence Gommersil: cant even fly it xD
16:46:23 : Group: Laurence Gommersil: i think merlin is a sick plane
16:46:27 : Group: Laurence Gommersil: i meen heli
16:46:51 : Group: Hailstorm: yes, losing fuel if one glass is down, it has 20 glasses
16:47:59 : Group: Laurence Gommersil: anyone got any flares?
16:48:08 : Group: Freedom: nope
16:48:18 : Group: Hailstorm: think its all disabled for better fps
16:48:29 : Group: Freedom: flares are active
16:49:25 : Group: Hailstorm: lol, no damage m2 hit me 10 times
16:49:32 : Group: Laurence Gommersil: omg
16:49:37 : Group: Laurence Gommersil: did u get the mv22?
16:49:42 : Group: Hailstorm: no
16:49:44 : Group: Freedom: im there now]
16:49:49 : Group: Hailstorm: but i can try to lift it
16:49:53 : Group: Laurence Gommersil: rey
16:49:56 : Group: Laurence Gommersil: try
16:50:09 : Group: Hailstorm: ok
16:50:20 : Group: Freedom: be 2 m2 there lol
16:50:29 : Group: Hailstorm: can u kill them?
16:50:39 : Group: Hailstorm: they are dangerous for me
16:50:46 : Group: Freedom: ill see if i can get to both but yeah
16:50:52 : Group: Hailstorm: ok
16:51:37 : Group: Laurence Gommersil: mv22s sell for 3 breefs right?
16:51:46 : Group: Freedom: yup
16:51:53 : Group: Laurence Gommersil: we all get 1 each?
16:52:20 : Group: Freedom: up to hail hes doing the lift
16:52:29 : Group: Hailstorm: ok, cant lift helis or planes
16:52:42 : Group: Hailstorm: try to lift a uhey
16:53:47 : Group: Freedom: think other m2 will get me soon as i take one out any way not much cover
16:54:14 : Group: Hailstorm: triggered them
16:54:18 : Group: Hailstorm: lol
16:59:11 : Group: Freedom: straight ahead
16:59:22 : Group: Hailstorm: cant lift mv22
16:59:29 : Group: Freedom: tree line to the right
16:59:30 : Group: Hailstorm: :(
16:59:37 : Group: Freedom: lol sucks
16:59:59 : Group: Freedom: thanks man
17:01:30 : Group: Hailstorm: whos that base at devilscastle
17:04:30 : Group: Hailstorm: hehe, stole the pcikup
17:04:39 : Group: Laurence Gommersil: can i have it xD
17:04:57 : Group: Hailstorm: think it will be delete after restartq
17:05:07 : Group: Laurence Gommersil: no i wanna sell it xD
17:06:04 : Group: Hailstorm: no, my 20 gold
17:13:34 : Group: Laurence Gommersil: just blew up 3 breefs of helis xD
17:14:09 : Group: Freedom: shame on you
17:14:10 : Group: Hailstorm: u blow up the mv22 :/ ?
17:14:16 : Group: Laurence Gommersil: no
17:14:40 : Group: Freedom: im getting readt to take off in it
17:15:07 : Group: Laurence Gommersil: hail
17:15:10 : Group: Hailstorm: yep
17:15:14 : Group: Laurence Gommersil: can u sell something for me please
17:15:32 : Group: Hailstorm: yes
17:15:55 : Group: Laurence Gommersil: kk ill meet u at bandit
17:16:00 : Group: Hailstorm: ok
17:17:20 : Group: Laurence Gommersil: hail come to me
17:17:31 : Group: Hailstorm: lol, what
17:17:39 : Group: Hailstorm: though we will met at bandit
17:17:55 : Group: Laurence Gommersil: i cant fly good enogh to tow it xD
17:18:02 : Group: Hailstorm: ok -.-
17:24:40 : Group: Hailstorm: hello
17:24:50 : Group: Hailstorm: Laurence
17:26:33 : Group: Laurence Gommersil: go low?
17:26:38 : Group: Hailstorm: should i have to sell the hmmvw
17:26:44 : Group: Laurence Gommersil: ye
17:27:11 : Group: Hailstorm: is it without key?
17:32:08 : Group: Hailstorm: hmmvw gpk gives 3 bc
17:33:53 : Group: Hailstorm: laurence?
17:34:06 : Group: Laurence Gommersil: yes im back sorry
17:34:23 : Group: Hailstorm: i want to buy thze hmmvw, what do u want for it?
17:34:23 : Group: Laurence Gommersil: wheres miney?
17:34:29 : Group: Hailstorm: at bandit u get 3 bc
17:34:35 : Group: Laurence Gommersil: thats fine
17:34:50 : Group: Laurence Gommersil: where u going?
17:35:01 : Group: Hailstorm: to my base, give u the money for the hmmvw
17:35:08 : Group: Laurence Gommersil: why you want it?
17:35:12 : Group: Hailstorm: yes
17:35:17 : Group: Laurence Gommersil: SICK BASE
17:35:22 : Group: Laurence Gommersil: wow!
17:35:32 : Group: Laurence Gommersil: thats amazing
17:35:38 : Group: Hailstorm: left one is the garage and right one the mainbase
17:36:22 : Group: Hailstorm: in the heli are 2 bc, i go and get the rest of the money
17:36:42 : Group: Laurence Gommersil: ok
17:38:26 : Group: Laurence Gommersil: hail wanna grab the disabled pickup and make some money
17:38:48 : Group: Hailstorm: ok, if you sell hmmvw u become 3 bc if you buy one u get 8 so i give u 4,5 bc
17:38:59 : Group: Hailstorm: picked it already up ^^
17:39:09 : Group: Laurence Gommersil: oh xD
17:39:23 : Group: Laurence Gommersil: wanna make some money with me
17:39:29 : Group: Hailstorm: k
17:39:34 : Group: Laurence Gommersil: kk
17:39:39 : Group: Hailstorm: stoage the hmmvw, after that we can go
17:39:48 : Group: Laurence Gommersil: dude i have to admit this is an amazing base
17:40:06 : Group: Hailstorm: thx
17:40:10 : Group: Laurence Gommersil: i wish it was mine xD
17:40:34 : Group: Laurence Gommersil: omg!
17:40:37 : Group: Laurence Gommersil: noice
17:41:10 : Group: Laurence Gommersil: wow nice idea
17:41:24 : Group: Hailstorm: yeah, u have to build very safe at this server
17:42:05 : Group: Laurence Gommersil: i want this heli so bad
17:42:08 : Group: Laurence Gommersil: its bad ass
17:42:25 : Group: Hailstorm: cost 6 bc at bandit
17:42:30 : Group: Laurence Gommersil: to sell?
17:42:35 : Group: Hailstorm: to buy
17:42:37 : Group: Laurence Gommersil: oh
17:42:42 : Group: Hailstorm: sell is 3 bc
17:42:47 : Group: Laurence Gommersil: ok
17:42:59 : Group: Hailstorm: we make the pcikup
17:43:08 : Group: Hailstorm: the ammo is expensive there
17:43:19 : Group: Laurence Gommersil: what we gunna kill ais?
17:43:29 : Group: Laurence Gommersil: to grab the ammo
17:43:40 : Group: Hailstorm: that hero ai, so think only i can shoot
17:44:15 : Group: Sir LongSleeves: need help at the dam
17:44:24 : Group: Sir LongSleeves: need some cover fire to get my gear
17:44:26 : Group: Hailstorm: ok
17:45:30 : Group: Hailstorm: acn u mark ur body
17:45:54 : Group: Sir LongSleeves: im close
17:46:32 : Group: Laurence Gommersil: hail we gunna pickup the crate at the disabled pickup mission?
17:46:56 : Group: Laurence Gommersil: wtf they didnt see you...
17:46:59 : Group: Laurence Gommersil: wtf....
17:47:11 : Group: Laurence Gommersil: HOW dont they see us
17:47:12 : Group: Hailstorm: they no they cant penetrate us
17:47:35 : Group: Laurence Gommersil: squash em xD
17:47:36 : Group: Sir LongSleeves: come to me check the tree line here
17:47:41 : Group: Hailstorm: try to roadkill them ^^
17:48:32 : Group: Hailstorm: this should be enough cover ^^
17:49:59 : Group: Laurence Gommersil: Hail wtf was that
17:50:09 : Group: Hailstorm: nooo
17:50:20 : Group: Laurence Gommersil: you just put the nose down..
17:50:27 : Group: Hailstorm: fuck, i gliched into the ground with the frontwheel
17:50:37 : Group: Hailstorm: cant get up
17:50:37 : Group: Sir LongSleeves: 2 bandits right in front of me!!!!
17:51:11 : Group: Hailstorm: poor pavelow :(
17:52:14 : Group: Hailstorm: longsleves, u got damage?
17:52:22 : Group: Sir LongSleeves: minor
17:52:30 : Group: Hailstorm: sry
17:52:33 : Group: Sir LongSleeves: its ok
17:52:44 : Group: Sir LongSleeves: your bodies are intact
17:52:45 : Group: Hailstorm: i cant get up, stuck into the ground :(
17:52:49 : Group: Sir LongSleeves: the area is clear
17:53:00 : Group: Hailstorm: k, thx
17:56:38 : Group: Laurence Gommersil: want a lift to bandit
17:57:15 : Group: Laurence Gommersil: want me to drop u off at trader you can buy another one of those helis
17:57:58 : Group: Laurence Gommersil: want me too?
17:58:30 : Group: Hailstorm: dont need a lift, thx, have a mozzie in my basckpack
17:58:40 : Group: Laurence Gommersil: you gunna buy another one?
17:58:54 : Group: Laurence Gommersil: then you can make more money
17:58:54 : Group: Hailstorm: no
18:00:24 : Group: Laurence Gommersil: hail u still wanna make some money?
18:00:41 : Group: Hailstorm: yeah, make the weapon cache first
18:00:46 : Group: Laurence Gommersil: ok
18:01:53 : Group: Laurence Gommersil: i see some
18:02:16 : Group: Laurence Gommersil: by crate
18:02:38 : Group: Laurence Gommersil: oh its dead
18:02:45 : Group: Hailstorm: killed all
18:04:06 : Group: Hailstorm: die chicken
18:04:20 : Group: Laurence Gommersil: did u loot the rpg
18:04:27 : Group: Hailstorm: yep
18:04:31 : Group: Laurence Gommersil: oh
18:04:44 : Group: Hailstorm: need it?
18:04:51 : Group: Laurence Gommersil: nah u have it
18:05:45 : Group: Hailstorm: i will pick u up with my uhey
18:06:05 : Group: Laurence Gommersil: ok
18:06:20 : Group: Laurence Gommersil: meet u at my base
18:06:24 : Group: Hailstorm: ok
18:10:25 : Group: Laurence Gommersil: hail land at my base wanna show you somethimg
18:10:34 : Group: Hailstorm: ok
18:11:00 : Group: Hailstorm: afk for 2 min, sry
18:14:26 : Group: Hailstorm: ok, back
18:14:35 : Group: Laurence Gommersil: come to me
18:14:39 : Group: Laurence Gommersil: in heli
18:14:40 : Group: Hailstorm: yep
18:17:52 : Group: Laurence Gommersil: land
18:18:16 : Group: Laurence Gommersil: am i doing a wheelie
18:18:35 : Group: Laurence Gommersil: ill get you out
18:20:07 : Group: Hailstorm: put your plot behind a door
18:20:20 : Group: Laurence Gommersil: i had a crash
18:20:23 : Group: Hailstorm: i have 10 doors infront of mine
18:20:29 : Group: Laurence Gommersil: come here
18:20:51 : Group: Hailstorm: you know that evrybody can remove the sanbags
18:21:07 : Group: Laurence Gommersil: i will demonstrate wat to do
18:21:38 : Group: Laurence Gommersil: watching
18:22:14 : Group: Laurence Gommersil: watch
18:22:36 : Group: Laurence Gommersil: race
18:22:54 : Group: Laurence Gommersil: xD
18:23:11 : Group: Laurence Gommersil: the goal is to get on turmoils base
18:23:19 : Group: Hailstorm: ^^
18:23:33 : Group: Laurence Gommersil: xD
18:23:37 : Group: Laurence Gommersil: u missed
18:24:30 : Group: Laurence Gommersil: hail
18:24:34 : Group: Hailstorm: yes
18:24:42 : Group: Laurence Gommersil: ride full pelt into this base dont eject
18:24:57 : Group: Laurence Gommersil: this one
18:25:05 : Group: Hailstorm: why
18:25:10 : Group: Laurence Gommersil: ull see
18:25:17 : Group: Laurence Gommersil: its op
18:25:50 : Group: Laurence Gommersil: dont eject
18:25:50 : Group: Hailstorm: lol
18:26:02 : Group: Hailstorm: and now
18:26:09 : Group: Laurence Gommersil: you did it wrong xD
18:26:14 : Group: Laurence Gommersil: ill get u out
18:26:29 : Group: Hailstorm: whos that base ^^
18:26:30 : Group: Laurence Gommersil: dont eject
18:27:26 : Group: Laurence Gommersil: freedom
18:27:30 : Group: Freedom: yes
18:27:35 : Group: Laurence Gommersil: can u fly me ontop of jesses base please
18:27:41 : Group: Freedom: why
18:27:54 : Group: Laurence Gommersil: hail was crushed up there xD
18:28:02 : Group: Laurence Gommersil: do you mind xD?
18:28:03 : Group: Sir LongSleeves: dude, you need to get hail up there
18:28:08 : Group: Sir LongSleeves: not laurence
18:28:14 : Group: Freedom: ok
18:28:22 : Group: Laurence Gommersil: ill grab his stuff
18:28:27 : Group: Laurence Gommersil: for him
18:28:34 : Group: Sir LongSleeves: he is perfectly capable of doing that himseld
18:28:38 : Group: Sir LongSleeves: himself
18:28:44 : Group: Laurence Gommersil: but hes ages away
18:29:00 : Group: Laurence Gommersil: hail want me to grab ure loot for you?
18:29:21 : Group: Hailstorm: na, come in a min
18:29:25 : Group: Laurence Gommersil: kk
18:29:28 : Group: Freedom: ill go get him then fly him up there
18:29:42 : Group: Laurence Gommersil: freedom ill get him dw
18:31:05 : Group: Laurence Gommersil: hail imma come pick u up?
18:31:21 : Group: Hailstorm: yea pls
18:31:39 : Group: Hailstorm: how did i get out of this?
18:31:51 : Group: Hailstorm: i was stuck into thios base
18:32:02 : Group: Laurence Gommersil: dw ill get
18:32:33 : Group: Hailstorm: thx
18:33:04 : Group: Laurence Gommersil: ready to eject
18:33:47 : Group: Laurence Gommersil: i said ill get it back xD
18:34:35 : Group: Hailstorm: maybe i will do thsi ^^
18:34:36 : Group: Laurence Gommersil: this is tight
18:34:46 : Group: Laurence Gommersil: i got idea
18:34:48 : Group: Laurence Gommersil: trust
18:34:54 : Group: Hailstorm: :/
18:34:55 : Group: Freedom: lolthis is gonna end badly
18:35:20 : Group: Sir LongSleeves: freedom has the right attitude xD
18:35:25 : Group: Hailstorm: let me halo out
18:35:25 : Group: Freedom: haha
18:35:42 : Group: Hailstorm: lol
18:35:43 : Group: Laurence Gommersil: wtf
18:35:45 : Group: Sir LongSleeves: yeah hail then faceplant the tarmak
18:35:46 : Group: Hailstorm: you get out
18:35:47 : Group: Laurence Gommersil: i didnt even jump
18:36:00 : Group: Freedom: he missed
18:36:09 : Group: Laurence Gommersil: try land it
18:36:21 : Group: Laurence Gommersil: yay we did it xD
18:37:31 : Group: Laurence Gommersil: there
18:38:05 : Group: Laurence Gommersil: pick me up
18:38:53 : Group: Laurence Gommersil: drop ma heli off at my base
18:39:38 : Group: Laurence Gommersil: wanna grind some money now? xD
18:39:41 : Group: Hailstorm: first my heli have to get down there
18:40:00 : Group: Hailstorm: yeah, get into my uhey
18:41:16 : Group: Hailstorm: ammo is into the uhey
18:41:26 : Group: Laurence Gommersil: ty
18:41:56 : Group: Laurence Gommersil: what we gunna sell or do to get money?
18:42:06 : Group: Hailstorm: the pickup mission
18:42:10 : Group: Laurence Gommersil: ok
18:42:12 : Group: Hailstorm: i want the ammo
18:42:16 : Group: Laurence Gommersil: shall i spray it?
18:42:26 : Group: Hailstorm: na
18:42:27 : Group: Laurence Gommersil: cant we sell the ammo
18:42:32 : Group: Hailstorm: yes
18:42:43 : Group: Laurence Gommersil: split money we get off it?
18:42:53 : Group: Hailstorm: yes
18:42:56 : Group: Laurence Gommersil: kk
18:45:00 : Group: Hailstorm: 10 oclock
18:45:10 : Group: Laurence Gommersil: SPRAY?
18:45:18 : Group: Hailstorm: no shot 
18:45:25 : Group: Hailstorm: what
18:45:41 : Group: Hailstorm: what happend there
18:46:30 : Group: Laurence Gommersil: hail pick me up at pusta
18:46:45 : Group: Hailstorm: wait, i do the mission
18:46:50 : Group: Laurence Gommersil: ...
18:49:16 : Group: Freedom: hello
18:49:18 : Group: Sir LongSleeves: sup man
18:49:23 : Group: Freedom: notta
18:49:41 : Group: Sir LongSleeves: is that the barn?
18:49:46 : Group: Freedom: yeah
18:49:49 : Group: Sir LongSleeves: you build the base on?
18:49:54 : Group: Sir LongSleeves: genius xD
18:50:08 : Group: Freedom: lol yeah worked out well
18:53:57 : Group: Laurence Gommersil: u got my gear?
18:54:05 : Group: Hailstorm: no 1 bot alive
18:54:16 : Group: Laurence Gommersil: u got ammo?
18:54:47 : Group: Hailstorm: carefull one still there
18:54:53 : Group: Laurence Gommersil: ok i will spray it
18:55:00 : Group: Hailstorm: ok
18:55:06 : Group: Laurence Gommersil: where is it?
18:55:42 : Group: Laurence Gommersil: where is it hail?
18:56:06 : Group: Sir LongSleeves: np
18:56:11 : Group: Laurence Gommersil: is it dead?
18:56:44 : Group: Laurence Gommersil: theres none ??
19:03:25 : Group: Laurence Gommersil: hail u get it?
19:04:29 : Group: Laurence Gommersil: hail grab my loot please im not gunna make it
19:05:37 : Group: Laurence Gommersil: hail i have my key
19:05:43 : Group: Laurence Gommersil: pls quick
19:06:00 : Group: Hailstorm: u were looted
19:10:58 : Group: 2DIE4: sup everybody?  XD
19:11:05 : Group: Winans: hi
19:11:13 : Group: Hailstorm: someone looted you
19:11:18 : Group: Freedom: whats up man
19:11:21 : Group: 2DIE4: ???
19:11:49 : Group: 2DIE4:  who lootet who?
19:12:10 : Group: Hailstorm: took the ammo out of the crate
19:12:17 : Group: Hailstorm: half is in you backpack
19:12:52 : Group: 2DIE4:  ahhhh ... well i could have shot u  Xd  but my GF came in askin me if i would join her go to the stable feed the horses  =) 
19:13:19 : Group: Winans: n1 metaphor
19:13:30 : Group: Laurence Gommersil: 2die4
19:13:38 : Group: Laurence Gommersil: how much are chinooks wirth to sell
19:14:00 : Group: Laurence Gommersil: ?
19:14:18 : Group: Laurence Gommersil: hail we still splitting the money
19:14:37 : Group: Hailstorm: i gave you half of the ammo
19:14:48 : Group: Laurence Gommersil: wait ehat
19:15:38 : Group: Laurence Gommersil: 2die4
19:15:59 : Group: Laurence Gommersil: how much are chinooks worth
19:16:18 : Group: Laurence Gommersil: ok
19:16:31 : Group: Hailstorm: u didnt trust me :)
19:16:47 : Group: Laurence Gommersil: apparently to prismic there worth 6
19:18:19 : Group: Laurence Gommersil: hail
19:18:23 : Group: Hailstorm: yep
19:18:25 : Group: Laurence Gommersil: go bandit ttrader
19:18:36 : Group: Hailstorm: i am at the bandit trader
19:18:41 : Group: Laurence Gommersil: ill meet u there
19:23:40 : Group: Laurence Gommersil: hail sell this ammo for me please
19:23:48 : Group: Hailstorm: in heli?
19:23:55 : Group: Laurence Gommersil: ye
19:24:32 : Group: Laurence Gommersil: hail inv prismic
19:25:18 : Group: Laurence Gommersil: how much is uhey
19:25:25 : Group: Hailstorm: 2bc
19:25:39 : Group: Laurence Gommersil: can u buy one for me and fly it back please??
19:26:24 : Group: Laurence Gommersil: fly back for me
19:27:20 : Group: PRISMIC: fly back now jacob.
19:27:25 : Group: Laurence Gommersil: kk
19:27:30 : Group: Laurence Gommersil: join ts
19:27:36 : Group: PRISMIC: no
19:27:39 : Group: Laurence Gommersil: why
19:27:56 : Group: PRISMIC: u blew everying up
19:28:03 : Group: Laurence Gommersil: it was a prank
19:28:16 : Group: PRISMIC: where has the green  heli gonthen /
19:28:25 : Group: Laurence Gommersil: hails flying it back
19:28:30 : Group: PRISMIC: the tires have all gone on the car in thr baser
19:29:52 : Group: PRISMIC: dont land on roof
19:30:04 : Group: Laurence Gommersil: hail put uhey on floor
19:30:12 : Group: Laurence Gommersil: not roof
19:30:33 : Group: Hailstorm: metallfloor?
19:30:38 : Group: Laurence Gommersil: no just here
19:30:58 : Group: PRISMIC: leave him
19:31:09 : Group: Hailstorm: k
19:31:16 : Group: Hailstorm: lol ^^
19:31:26 : Group: Hailstorm: whats with the uhey key?
19:32:22 : Group: Hailstorm: i will put the uhey key into the uhey
19:32:28 : Group: PRISMIC: good man
19:32:44 : Group: Hailstorm: why did u killed him XD
19:32:51 : Group: PRISMIC: he anoyed me
19:34:26 : Group: Hailstorm: dont b so hard with gommersil, we make some breifcase today
19:34:57 : Group: Hailstorm: he got 14 bc
19:45:08 : Group: Winans: u know where peasants base is?
19:47:04 : Group: Winans: hey
19:47:12 : Group: Winans: weißt du wo peasants base ist?
19:47:31 : Group: 2DIE4:  ICH GLAUB HEROTOWN   BIN ABER NET SICHER
19:47:36 : Group: 2DIE4:  oooops
19:48:01 : Group: Winans: hm okay
19:48:12 : Group: Winans: danke
22:03:49 : Group: [NG2] Jesse: yo
22:03:57 : Group: Freedom: whats up man
22:04:46 : Group: [NG2] Jesse: mission@!
22:05:18 : Group: Freedom: yeah let me put my cash up
22:05:27 : Group: [NG2] Jesse: gonna clear it
22:06:05 : Group: Freedom: copy
22:07:55 : Group: Freedom: they be droppin like flys
22:08:29 : Group: [NG2] Jesse: 2de m2 is still alive!@!
22:08:37 : Group: Freedom: ok
22:09:01 : Group: [NG2] Jesse: cant get eyes on it
22:10:04 : Group: [NG2] Jesse: carefull,,.. 
22:11:18 : Group: Freedom: still m2 on roof?
22:11:36 : Group: [NG2] Jesse: cant see it, i dindt shoot it also 
22:12:28 : Group: Freedom: i see him
22:13:32 : Group: Freedom: fps is low
22:14:24 : Group: [NG2] Jesse: still alive :P 
22:14:27 : Group: [NG2] Jesse: ?
22:14:50 : Group: Freedom: just going through him
22:15:54 : Group: Freedom: dude he wont die
22:16:36 : Group: Freedom: that is crazy
22:16:38 : Group: [NG2] Jesse: clear
22:17:02 : Group: Freedom: wasted two mags on him not even getting a hit mark
22:17:16 : Group: [NG2] Jesse: mayb you hit on the gun? 
22:17:24 : Group: [NG2] Jesse: do you see blood hits? 
22:17:51 : Group: Freedom: nope it was nothing or hit above behide trees
22:18:27 : Group: [NG2] Jesse: if you want stuff! i dont need anthing,. there is scar mags
22:18:47 : Group: Freedom: yeah i need those sweet
22:20:46 : Group: Freedom: 4k more and im a super hero lol
22:20:56 : Group: [NG2] Jesse: nice!! 
22:21:22 : Group: Freedom: ill feel like i deserve to live in hero town then lol
22:21:53 : Group: [NG2] Jesse: haha yes indd! :P 
22:22:14 : Group: Freedom: nooo mossi is water logged
22:22:38 : Group: [NG2] Jesse: ?
22:22:44 : Group: Freedom: i can still get in it see how this goes
22:22:52 : Group: [NG2] Jesse: tow it with a car
22:24:52 : Group: Freedom: well i gave it maximum effort
22:25:00 : Group: [NG2] Jesse: haha
22:25:04 : Group: [NG2] Jesse: pick up?
22:25:20 : Group: Freedom: dont have to but if your not busy sure
22:26:00 : Group: Freedom: was my fault i knew it would happen
22:27:00 : Group: Freedom: thank you sir
22:30:25 : Group: Freedom: you playing for a bit
22:30:33 : Group: [NG2] Jesse: yea know i do ^^ 
22:31:21 : Group: [NG2] Jesse: this mission!@
22:31:21 : Group: Freedom: ok i need to put this brief case up then i can prolly do 2 missions
22:31:23 : Group: [NG2] Jesse: money!
22:31:52 : Group: Freedom: sounds good
22:34:46 : Group: Freedom: you locked me in lol
22:35:21 : Group: [NG2] Jesse: gunner down
22:37:18 : Group: [NG2] Jesse: wtf that sound
22:37:28 : Group: Freedom: no idea
22:38:30 : Group: Freedom: to the right
22:38:42 : Group: [NG2] Jesse: down
22:38:47 : Group: Freedom: gj
22:39:33 : Group: [NG2] Jesse: 3left
22:40:01 : Group: Freedom: all down
22:40:31 : Group: Freedom: wanna give me blood/
22:40:42 : Group: Freedom: nice
22:42:55 : Group: Freedom: want some rockets i have like 20
22:43:16 : Group: [NG2] Jesse: yes plz
22:43:20 : Group: [NG2] Jesse: cant have egnough
22:44:29 : Group: [NG2] Jesse: alot of ammo btw
22:44:37 : Group: Freedom: lol thanks]
22:46:42 : Group: Freedom: that went smooth beside heli damage
22:46:43 : Group: [NG2] Jesse: dman stronghold
22:46:54 : Group: [NG2] Jesse: he can have some hits np
22:47:23 : Group: Freedom: ohh thats nice place for us
22:50:05 : Group: [NG2] Jesse: your helft
22:50:09 : Group: Freedom: too much just split it
22:50:15 : Group: [NG2] Jesse: its split ^^ 
22:50:18 : Group: Freedom: ok
22:51:14 : Group: Freedom: hello
22:51:21 : Group: Turmoil: hola sexy <3
22:51:32 : Group: Freedom: hey hey
22:51:58 : Group: Freedom: stonghold by our base
22:53:13 : Group: [NG2] Jesse: you can store money at my place.. 
22:53:16 : Group: Freedom: do it from your tower
22:53:24 : Group: Freedom: cool
22:54:05 : Group: [NG2] Jesse: there is a safe
22:54:15 : Group: [NG2] Jesse: gone!
22:54:22 : Group: Freedom: really
22:54:56 : Group: Freedom: lawrence and hailstorm were messing around it earlier
22:54:59 : Group: [NG2] Jesse: come
23:00:07 : Group: Turmoil: freedom, jesse is unconcious
23:00:13 : Group: Turmoil: can u help him?
23:00:22 : Group: Turmoil: bandage him so he dont die ^^
23:00:27 : Group: Freedom: i dont have epi pen
23:00:37 : Group: Freedom: i am
23:00:43 : Group: Turmoil: just bandage and bloodbag if you have :) so he dont die from bloodloss 
23:00:55 : Group: Freedom: yep
23:01:41 : Group: Freedom: pulse is strong lol
23:01:48 : Group: Turmoil: lol
23:03:05 : Group: [NG2] Jesse: ty
23:03:10 : Group: Freedom: yep
23:06:08 : Group: Freedom: can you bandage me
23:06:12 : Group: Freedom: im out
23:06:19 : Group: Freedom: ty
23:06:32 : Group: [NG2] Jesse: got a lott of bandage in my bag
23:06:47 : Group: [NG2] Jesse: put some in your bag
23:06:54 : Group: Freedom: ty
23:09:52 : Group: Freedom: they are glitching in that sand barrier
23:09:59 : Group: Turmoil: i noticed
23:14:45 : Group: Freedom: ty
23:15:08 : Group: Turmoil: NORWEGIAN POWER!!!
23:16:12 : Group: [NG2] Jesse: we need to wait after air patrol 
23:16:46 : Group: Freedom: copy
23:17:43 : Group: Freedom: is driver of hummve dead
23:17:59 : Group: [NG2] Jesse: driver is not a problem
23:18:04 : Group: Turmoil: is now
23:18:12 : Group: Freedom: lol
23:18:44 : Group: [NG2] Jesse: incoming
23:18:51 : Group: Turmoil: TAKE COVER!
23:18:58 : Group: Turmoil: i feel a bit... to close
23:21:14 : Group: [NG2] Jesse: we can go in.. 5 left..
23:26:20 : Group: [NG2] Jesse: still inside the base
23:27:16 : Group: Freedom: cover me?
23:27:27 : Group: [NG2] Jesse: copy
23:27:35 : Group: Turmoil: AI is on right side if you go into the base from the mansion side
23:27:44 : Group: Turmoil: up towards the forest, behind the sand barricades
23:28:56 : Group: [NG2] Jesse: cant see anything form here
23:29:05 : Group: Turmoil: hes behind this one
23:29:16 : Group: Freedom: i see him
23:29:32 : Group: [NG2] Jesse: still ai 3 left
23:30:03 : Group: Turmoil: 2 safes, 1 hotwire, 4 emerald, 2 briefcases and some different guns
23:30:14 : Group: Freedom: got one
23:30:46 : Group: Freedom: one more now
23:30:49 : Group: [NG2] Jesse: 1 left
23:30:52 : Group: Turmoil: yeah
23:31:09 : Group: Freedom: he dead
23:31:14 : Group: Turmoil: GJ
23:32:28 : Group: Turmoil: i dont really need anything of this so take whatever you want :)
23:33:35 : Group: [NG2] Jesse: tur takes the heli
23:34:16 : Group: Freedom: you want some of this jesse
23:34:29 : Group: Freedom: .few emeralds
23:34:45 : Group: [NG2] Jesse: you can left what you want
23:35:22 : Group: [NG2] Jesse: ^^
23:35:25 : Group: Freedom: put a case and 2 emralds i split it
23:35:43 : Group: [NG2] Jesse: good,.. so you have now money again :P 
23:36:04 : Group: [NG2] Jesse: AI
23:36:07 : Group: Freedom: i have a bit stashed now yes im good still had 9 cases in safe 
23:37:28 : Group: [NG2] Jesse: going to take the lav
23:37:50 : Group: Freedom: was tha aiu chopper
23:38:13 : Group: [NG2] Jesse: yes
23:39:17 : Group: [NG2] Jesse: done
23:39:33 : Group: Freedom: man just went to get a bigger gun
23:45:36 : Group: [NG2] Jesse: 93 bandits killes a new personal record :P 
23:45:44 : Group: Freedom: nice man
23:46:33 : Group: Freedom: lmao]
23:48:16 : Group: Freedom: well have to get off for a bit ill see ya guys later
23:48:31 : Group: Turmoil: cya later americano <3
23:48:40 : Group: Freedom: peace
23:48:54 : Group: Turmoil: peace out :D
