11:40:16 : Group: Greg: siema
11:40:32 : Group: Greg: nie mam słuchawek w pracy
11:40:36 : Group: Tamago: hahaha xD
11:40:53 : Group: Greg: haha
11:41:04 : Group: Greg: zw
11:42:24 : Group: Greg: szalejesz z budową
11:43:11 : Group: Greg: widziałem ;p
11:43:18 : Group: Greg: hehe
11:43:39 : Group: Greg: no niezłe
11:43:51 : Group: Greg: właśnie miałem mówić o wiey
11:44:26 : Group: Greg: tam na rogu wieża żeby misje za lasem robić
11:44:44 : Group: Greg: można drugi wstawić
11:44:53 : Group: Greg: no co ty?
11:45:08 : Group: Greg: nie ma tu jakiegoś łączenie plotów?
11:45:24 : Group: Greg: spytam Bola bo on pół bereyna zabudował ;p
11:45:37 : Group: Greg: nie, jedną
11:45:56 : Group: Greg: hahah
11:46:20 : Group: Greg: wiem, już spadłem ;p
11:46:56 : Group: Greg: szleństwo :)
11:47:02 : Group: Greg: hehehe
11:47:20 : Group: Greg: eheheheh
11:47:54 : Group: Greg: hahah
11:48:25 : Group: Greg: czasem pojazdy się eślizgują
11:48:36 : Group: Greg: lol
11:49:18 : Group: Greg: nadzor budowlany by to kaał rozebrac
11:49:21 : Group: Greg: ;p
11:49:41 : Group: Greg: hahah
11:52:24 : Group: Greg: masz beckę na paliwo może?
11:52:45 : Group: Greg: musze birda zatankowac
11:53:15 : Group: Greg: znowu trzeba zapałki, drewno etc
11:53:24 : Group: Greg: rojebał się i nie ma wcale teraz ;p
11:53:33 : Group: Greg: tak
11:54:18 : Group: Greg: no wiem
11:55:18 : Group: Greg: zw
11:56:40 : Group: Greg: prezes ;p zw
11:56:54 : Group: Tamago: spox
12:00:20 : Group: Greg: wezmę beczkę, potem postawię na now
12:00:28 : Group: Tamago: kk
12:00:34 : Group: Greg: o, fire barrel kit tu jest
12:00:49 : Group: Greg: cyli chuj
12:01:03 : Group: Tamago: jupie jedna jestem w staryum
12:01:06 : Group: Tamago: kupie
12:01:11 : Group: Greg: oki
12:01:38 : Group: Greg: wezmę rpga i postrzelam do bazy krzysia
12:01:44 : Group: Tamago:  lol ok
12:02:19 : Group: Tamago: hmm ktore sprzedaje beczki?
12:02:34 : Group: Greg: wholesaler, tam kupisz tylko kanistry
12:02:41 : Group: Tamago: aha
12:02:44 : Group: Tamago: moze byc 20l?
12:02:49 : Group: Greg: spoko
12:07:29 : Group: Greg: dięki
12:10:58 : Group: Greg: naprawiłem samochód ;p
12:11:04 : Group: Tamago: gz
12:28:21 : Group: Tamago: i jak tam? xD
12:28:44 : Group: Greg: on tu ma baze?
12:29:02 : Group: Tamago: w tej stodole tak
12:29:09 : Group: Tamago: wejscie mial do drugiej strony
12:50:50 : Group: Greg: cos ty tu pobudował? ;p
12:51:16 : Group: Greg: krzywa baza w Zielono ;p
12:51:26 : Group: Greg: hahah
12:52:01 : Group: Greg: to lądowisko to woła o pomstę do nieba ;p
12:52:26 : Group: Greg: no właśnie :D
12:52:38 : Group: Greg: pójdzie kit i będzie git'
12:52:44 : Group: Greg: będzie pan zadowolony :D
12:53:25 : Group: Greg: ide zapalić
13:21:40 : Group: Greg: Wałeczek :)
13:35:28 : Group: Greg: bandit latal smiglem niedaleko nas
13:35:33 : Group: Greg: lecial na poludnie
13:46:03 : Group: Tamago: ok ja tego restartu nic nie zrobie
13:46:13 : Group: Greg: czemu?
13:46:14 : Group: Tamago: nie z ta misja 500 metrów od mojej bazy
13:46:24 : Group: Greg: lol
13:46:26 : Group: Tamago: 40 AI + 5 humvww z m2 na dachu
13:46:32 : Group: Greg: ahahaha
13:46:35 : Group: Tamago: 6 ai na karabinahc
13:46:40 : Group: Greg: o chuj, jak ja wróce
13:46:40 : Group: Tamago: widzialem z 5 rpg
13:46:48 : Group: Tamago: duze kolko rob
13:46:51 : Group: Tamago: BARDZO
13:47:05 : Group: Tamago: humvee patrojuja teren okolo 400 metrow od srodka misji
13:47:13 : Group: Tamago: i beda cie gonic jak cie zobacza
13:47:25 : Group: Tamago: ta misje widze 3 raz moze w takiej ilosci ai
13:47:56 : Group: Greg: niezla mis'ja
13:47:58 : Group: Tamago: jeden hummer podjechal mi prawie pod baze sama O_O
13:48:51 : Group: Greg: rozwal go ;p
13:48:59 : Group: Tamago: ta jasne
13:49:07 : Group: Tamago: zaatakuje jeden 40 ai wbije mi do0 bazy
13:49:13 : Group: Tamago: + wsyskie wozy
13:49:40 : Group: Tamago: w tej misji ai maja teaz as50 i ksvk
13:49:48 : Group: Greg: nie badz mietki ;p
13:49:52 : Group: Tamago: aha
13:51:13 : Group: Greg: moge ladowac z podczepionym samochodem?
13:51:23 : Group: Tamago: jak lecisz little birdem to przynajmniej 1200 metrow od misji
13:51:28 : Group: Tamago: inaczej cie zdejmą
13:52:04 : Group: Tamago: oki ja lece narka
13:52:09 : Group: Greg: narta
21:07:03 : Group: Tamago: crouch every shot
21:08:14 : Group: Tamago: 3 more
21:10:56 : Group: Tamago: yes not last tho
21:11:03 : Group: Tamago: 2 more
21:11:29 : Group: Tamago: it was crish he died
21:12:47 : Group: Tamago: yes
21:13:10 : Group: Tamago: shoot it down
21:13:50 : Group: Tamago: too far
21:15:19 : Group: Tamago: ai alive
21:15:24 : Group: Tamago: 2
21:15:28 : Group: Tamago: or 1 ai and player
21:15:36 : Group: Tamago: and a gunner
21:15:38 : Group: Tamago: yes
21:15:46 : Group: Tamago: 100% gunner
21:16:46 : Group: Tamago: you went for mission? keep the forest to our right
21:18:09 : Group: Tamago: care chirs might be around
21:18:18 : Group: Tamago: 1 ai mroe?
21:18:21 : Group: Tamago: you killed one?
21:19:08 : Group: Tamago: chris is in here
21:19:12 : Group: Tamago: watch out
21:19:20 : Group: Tamago: he sees gregs lb
21:19:33 : Group: Tamago: DUDE READ
21:19:37 : Group: Tamago: CHIR IS HERE
21:19:49 : Group: Tamago: idkj
21:20:12 : Group: Tamago: ok chris is not here
21:21:47 : Group: Tamago: there is someone else and its either ai or plyer
21:22:03 : Group: Tamago: dmr shots
21:22:10 : Group: Tamago: where
21:23:57 : Group: Tamago: get your body
21:25:43 : Group: Tamago: its ok
21:26:00 : Group: Tamago: im scanning for any iothe rpussies to get to mission
21:26:17 : Group: Tamago: too far away
21:26:30 : Group: Tamago: we can camp it tho
21:26:59 : Group: Tamago: 198k
21:27:01 : Group: Tamago: 19*
21:28:53 : Group: Tamago: we are alone
21:29:50 : Group: Tamago: 1500 meters nobody but us
21:30:15 : Group: Tamago: and 2die4 said that chris is in green mountain?
21:30:20 : Group: Tamago: new base perhaps :D
21:30:40 : Group: Tamago: wait
21:31:17 : Group: Tamago: so hey mate :D
21:31:26 : Group: 2DIE4:  lemme guess .... chris  =)
21:31:27 : Group: Tamago: did chris crossed ytour ways?
21:31:47 : Group: Tamago: well he did explode our helis and cars
21:32:00 : Group: Tamago: kinda bitch way to say hellow
21:32:16 : Group: Tamago: he is here veryday xD
21:32:21 : Group: Tamago: yes he dide!
21:32:27 : Group: Tamago: he was here twice this restart
21:32:32 : Group: Tamago: not inside
21:32:42 : Group: Tamago: he died twice on the mv 22 mission
21:32:43 : Group: 2DIE4: well i told third already i will swing by and havve  a look = ) 
21:32:57 : Group: Tamago: thanks mate
21:33:06 : Group: Tamago: yer really a tru hero here :D
21:33:22 : Group: Tamago: how did you liked our base :D
21:33:30 : Group: 2DIE4:  like i said...
21:33:45 : Group: Tamago: that hole is still to be build up
21:33:49 : Group: 2DIE4:  not a locatin 4 me  .. too many zombies spawn in one place!
21:33:58 : Group: Tamago: truye
21:34:09 : Group: 2DIE4:  not afraid of them but they quickly show someones at home
21:34:27 : Group: Tamago: but even with constant crafting they have to go thru white shed
21:34:44 : Group: Tamago: so they dont really bother but yeah
21:34:56 : Group: 2DIE4:  i mean  they do wake ppls interests ... 
21:35:03 : Group: Tamago: true
21:35:11 : Group: Tamago: thats why i am making thsi one hell of a bunker
21:35:17 : Group: 2DIE4:  if i see zombies spawned already i stop and have a look 4 my new victim   XD
21:35:38 : Group: Tamago: out plot pole will have double walls so bike glitch leaves you between wolls to starve
21:35:46 : Group: Tamago: and add 4 more garage doors
21:36:39 : Group: Tamago: and btw you are doing that mission for ammo or just killing ai
21:36:51 : Group: 2DIE4:  ammo 
21:36:54 : Group: Tamago: kk
21:37:02 : Group: 2DIE4:  wnd th e dudes thats around  XD
21:37:07 : Group: Tamago: k thanks man :D
21:37:38 : Group: Tamago: btw chris base is in green mountain or did he jsut stroll there
21:38:11 : Group: Tamago: i had stronghold here 250 meters from my base
21:38:17 : Group: Tamago: 50 ai and 4 humvees
21:38:44 : Group: Tamago: moja laska zasypia 
21:38:51 : Group: Tamago: jak zasnie to spoko
21:39:35 : Group: Tamago: xD
21:39:45 : Group: Tamago: i really leld
21:39:48 : Group: Greg: lol
21:40:01 : Group: Tamago: we kno0w morrison hes a good lad
21:40:12 : Group: Tamago: but yeah 2die4 crosshair is unforgivable
21:41:03 : Group: Tamago: there is disabled pickup on the shore
21:41:39 : Group: Ryan: LMAO correct sir yes 
21:41:53 : Group: Tamago: i need mroe briefs
21:42:52 : Group: Tamago: gdzie?
21:43:02 : Group: Tamago: z mv22?
21:43:08 : Group: Tamago: spoko
21:44:42 : Group: Tamago: well yeah
21:45:14 : Group: Tamago: 3 wheels missing only tahts managable
21:46:05 : Group: Tamago: i neeed BRIEFS. i sued 28 bc today on this base
21:46:32 : Group: Tamago: nha its ok i just want my lb with miniguns back xD
21:46:50 : Group: Tamago: yeah but mine had free ammo
21:47:15 : Group: Tamago: i have literally nothing to sell anymore xD
21:47:37 : Group: Tamago: tka
21:47:41 : Group: Tamago: tak*
21:48:30 : Group: Tamago: sprzedalem dzis 28
21:48:38 : Group: Tamago: io xD
21:48:40 : Group: Tamago: serio*
21:49:00 : Group: Tamago: that i sold 28 combination locks
21:49:12 : Group: Tamago: 5 10 oz gold i think
21:49:16 : Group: Tamago: or it was 2 10 oz
21:49:26 : Group: Tamago: i think it was 2
21:49:29 : Group: Tamago: not sure
21:50:03 : Group: Tamago: going to it
21:50:11 : Group: Tamago: k
21:50:25 : Group: Tamago: mozem
21:53:26 : Group: Tamago: na zewnatrz badz
21:53:50 : Group: Tamago: i broke the heli
21:54:08 : Group: Tamago: neeed a second to repair
21:54:44 : Group: Tamago: bo nei mzoe wjechac xD
21:55:07 : Group: Tamago: hahahha
21:55:46 : Group: Tamago: misja
21:56:38 : Group: Tamago: xD
21:58:27 : Group: Tamago: a nie?
21:58:58 : Group: Tamago: aaa czekaj to herosi
21:59:00 : Group: Tamago: to huj
21:59:12 : Group: Tamago: kurwa rozjebal mi musk
21:59:42 : Group: Tamago: thats not convoy mate
22:01:07 : Group: Tamago: but he has his ways with money
22:01:17 : Group: Tamago: and he protects 2nd amendment
22:01:28 : Group: Tamago: yeah
22:01:39 : Group: Tamago: well hilary banned weapons before and wanted to do it again
22:01:48 : Group: Tamago: same with clinton
22:01:57 : Group: Tamago: thats why trump won
22:02:13 : Group: Tamago: also that syria no fly zone? nuh uh
22:03:25 : Group: Tamago: who
22:04:35 : Group: Tamago: yup
22:04:47 : Group: Tamago: nothing
22:05:07 : Group: Tamago: we can own bb guns after 18 years old
22:05:11 : Group: Tamago: LOL
22:05:30 : Group: Tamago: its leftover from russia and current EU bullshit
22:06:36 : Group: Tamago: chcesz zobaczyc czy otwarty?
22:07:13 : Group: Tamago: we fould mi 17 we are going to sell it :D
22:07:19 : Group: Tamago: hero
22:07:30 : Group: Tamago: LOL
22:07:38 : Group: Tamago: uszkodzony wirnik
22:07:48 : Group: Tamago: ejectuj sie
22:08:18 : Group: Tamago: teraz leci prosto kurcze
22:09:16 : Group: Tamago: patrze na manszon majora
22:09:35 : Group: Tamago: tak
22:12:19 : Group: Tamago: jakos dam rade. 862 m
22:15:09 : Group: Tamago: player?>
22:16:10 : Group: Tamago: gluchy ejst nie?
22:16:12 : Group: Tamago: xD
22:16:24 : Group: Tamago: 5
22:16:30 : Group: Tamago: nie widze reszty tez
22:17:17 : Group: Tamago: musza byc za budynkiem
22:18:19 : Group: Tamago: sam mojor ejst zawsze obok budynku i nie ucieka
22:18:43 : Group: Tamago: hummer na polu 
22:19:24 : Group: Tamago: ja sie przelece na prawo
22:19:54 : Group: Tamago: go closser to mansion cause 5 ai alive only
22:20:25 : Group: Tamago: than do it =o
22:20:31 : Group: Tamago: you got briefs
22:20:41 : Group: adamm_000: come pick me up 
22:20:45 : Group: Tamago: k
22:20:57 : Group: Tamago: sa za
22:21:03 : Group: Tamago: zaraz od twojej strony widze 3
22:21:15 : Group: Tamago: odemnie 2
22:23:02 : Group: Tamago: medical
22:24:27 : Group: Tamago: jebanze zedy
22:24:36 : Group: Tamago: not yet
22:24:40 : Group: Tamago: 3
22:27:07 : Group: Tamago: all dead
22:27:09 : Group: Tamago: 3 ai
22:27:11 : Group: Tamago: thats us
22:27:31 : Group: Tamago: thats your smoke?
22:27:55 : Group: Tamago: STANAG
22:29:13 : Group: Tamago: stanag tylko
22:30:00 : Group: Tamago: SYF
22:30:14 : Group: Tamago: all i gto from here was 7 bandages
22:30:18 : Group: Tamago: WORTH
22:30:31 : Group: Tamago: nope
22:32:17 : Group: Tamago: BYES
22:32:57 : Group: Tamago: take mg42 ammo for gus on this baby :D
22:33:13 : Group: Tamago: mg240
22:33:56 : Group: Tamago: aa kij
22:34:21 : Group: Tamago: where to?
22:35:05 : Group: Tamago: co?
22:37:20 : Group: Tamago: zamknalem go  xD
22:37:48 : Group: Tamago: unlocked
22:38:32 : Group: Tamago: chyba nie
22:38:37 : Group: Tamago: a jak cos to u hero moze
22:38:59 : Group: Tamago: nv needed tho
22:39:56 : Group: Tamago: that car is 9 10oz gold
22:40:00 : Group: Tamago: im going to sell it
22:40:22 : Group: Tamago: co kupujesz
22:40:29 : Group: Tamago: k
22:40:38 : Group: Tamago: jak bys chcial do scar sd to mam z 50
22:40:48 : Group: Tamago: k
22:41:06 : Group: Tamago: fajna jest
22:46:01 : Group: Tamago: car is too far i need tog et it closer
22:47:46 : Group: Tamago: k
22:48:31 : Group: Tamago: ty
22:48:39 : Group: Tamago: too litle time
22:49:03 : Group: Tamago: not worth loosing a kye for this heli if we die
22:49:53 : Group: Tamago: turmoils and his mates
22:50:34 : Group: Tamago: MV 22 on the PAD
22:50:39 : Group: Tamago: check if open
22:50:54 : Group: Tamago: anh i will land
22:51:26 : Group: Tamago: if you leave car or soemthing at trader it gets tpd here
22:51:40 : Group: Tamago: can it fly? back rotors?
22:52:05 : Group: Tamago: go sell it
22:52:13 : Group: Tamago: greg chodz spredzasz ten woz
22:52:28 : Group: Tamago: idk trey both
22:52:45 : Group: Tamago: musisz wejsc
22:52:47 : Group: Tamago: xD
22:52:51 : Group: Tamago: do koptera
22:53:24 : Group: Tamago: ?
22:53:32 : Group: Tamago: ikr xD
22:53:50 : Group: Tamago: nie slysze cie jak mowisz do mnie
22:54:04 : Group: Greg: czy robimy bandyte pod gwzdnem
22:54:09 : Group: Tamago: 14 minut
22:54:17 : Group: Greg: aaa
22:54:27 : Group: Tamago: mhm
22:54:28 : Group: Greg: damy radę ;p
22:54:32 : Group: Tamago: watpie lol
22:55:01 : Group: Tamago: lelłem
22:55:08 : Group: Tamago: armored
22:56:17 : Group: Tamago: i like how it flies
22:56:25 : Group: Tamago: yes
22:56:50 : Group: Tamago: za ile idzie?
22:56:56 : Group: Tamago: najs
22:57:37 : Group: Tamago: ten to lata jak autobusami xD
22:58:12 : Group: Greg: ja tym wielkim gównem się rozbiłem ;p
22:58:16 : Group: Tamago: ahhaxD
22:58:55 : Group: Tamago: nice
22:59:27 : Group: Tamago: xD
22:59:51 : Group: Greg: co za typ ;p
22:59:58 : Group: Tamago: i would keep it for defence in our base
23:00:03 : Group: Tamago: armor piercing
23:00:11 : Group: Tamago: car? a heli
23:00:52 : Group: Greg: misja po prawej
23:01:02 : Group: Tamago: 7 mniut xD
23:01:29 : Group: Greg: mówie tylko żebyś uważał :D
23:01:33 : Group: Tamago: aha k
23:01:57 : Group: Tamago: yes
23:01:59 : Group: Tamago: 3
23:02:18 : Group: Tamago: but rest of the cars were civilian
23:02:27 : Group: Tamago: like you would get 5 10oz from all of them
23:02:31 : Group: Tamago: MAYBE
23:03:13 : Group: Tamago: i iwll
23:04:31 : Group: Tamago: i ahve 20
23:05:23 : Group: Tamago: cichoxD
23:05:37 : Group: Tamago: wtf
23:05:46 : Group: Tamago: oh ladder
23:05:55 : Group: Tamago: thats why it jumped
23:06:20 : Group: Tamago: but what for
23:06:30 : Group: Tamago: big bus with wings
