19:46:21 : Group: Morrison: /p
22:07:50 : Group: Greg: hahah
22:08:24 : Group: VLADIMIR>***: Heyyy Greg
22:08:43 : Group: Greg: .siema przyjacielu mojej kozy ;p jak budowanie?
22:09:07 : Group: VLADIMIR>***: lecimy tutaj w chuj, jak BONUS BGC:)
22:09:12 : Group: Greg: hahah
22:09:24 : Group: VLADIMIR>***: co robisz
22:09:32 : Group: Greg: umieram po siłce
22:09:36 : Group: Greg: a ty? ;p
22:10:05 : Group: VLADIMIR>***: ja dziś szkolonko, ale silke też zaliczyłem:)
22:10:18 : Group: VLADIMIR>***: teraz troszke na czerno
22:10:45 : Group: Greg: misję bym zrobił jakąś ;)
22:11:04 : Group: VLADIMIR>***: co jest na mapce?
22:11:14 : Group: Greg: nic ciekawego na razie
22:12:00 : Group: VLADIMIR>***: ja już nie zdąże, bo za chwilę lulu-jutro work
22:12:20 : Group: Greg: ja jutro mam chrzciny młodego
22:12:38 : Group: VLADIMIR>***: oooo to fjnie:)
22:12:53 : Group: Greg: młody chory od wczoraj ;p
22:13:06 : Group: VLADIMIR>***: co mu jest?
22:13:20 : Group: Greg: zapalenie gardła chyba
22:13:36 : Group: VLADIMIR>***: to nie za ciekawa sytuacja na chrzest:(
22:13:44 : Group: Greg: no rejczel
22:14:21 : Group: VLADIMIR>***: ale zapewne termin macie
22:14:41 : Group: Greg: wszystko już ustawione :D
22:41:37 : Group: Greg: spadam spać, do jutra jak coś ;)
