00:55:35 : Group: Ryan: vladmir is that shooting?
12:24:09 : Group: agss: waldi chuju jestes?
12:35:03 : Group: agss: juz ok mnie nie slychac
13:13:21 : Group: Tamago: join dicsord again sphinx
14:16:06 : Group: VLADIMIR>***: wALEK
14:21:54 : Group: Tamago:  /
14:59:32 : Group: ThirdEyeSphinx: Ok
15:11:33 : Group: Tamago: kogo szukacie?
15:36:48 : Group: Tobimofat: hey
20:13:20 : Group: Tamago: we are going to base or what?
20:13:34 : Group: Tamago: ik
20:13:55 : Group: Tamago: can i take some of basic stuff to reequip my stuff cause i have nmothing?
20:13:59 : Group: Tamago: gg lol
20:14:08 : Group: Tamago: nice
20:14:37 : Group: Tamago: how owns that dshkm?
20:14:50 : Group: Tamago: stopa t green buildiunbgs
20:14:54 : Group: Tamago: wait
20:15:03 : Group: Tamago: in truck yes
20:15:07 : Group: Tamago: let me chek osemthing
20:15:38 : Group: Tamago: its my mates base
20:16:06 : Group: Tamago: k im done
20:16:46 : Group: Tamago: yeah i had met that guy before you guys joined
20:16:59 : Group: Tamago: we did couple of missions but we are missing each opther cause of different time zones
20:17:14 : Group: Tamago: ok
20:17:19 : Group: Tamago: i can try to help here
20:18:06 : Group: Tamago: 4 ai?
20:19:19 : Group: Tamago: well i ahev g36 wiht 200 meters zeroing and no mil dots so 700 meters shooting is imposible for me
20:20:41 : Group: Tamago: 660 meters
20:20:49 : Group: Tamago: niuce
20:22:00 : Group: agss: ten co pisze ze niby smiglo zostawil w starym to odjebal mnie 30 min temu :)
20:22:25 : Group: Tamago: on me -350000 humanity
20:22:25 : Group: Greg: hahah
20:22:29 : Group: Tamago: ma*
20:22:36 : Group: Tamago: is zabija co sie rusza ale jest spoko :D
20:23:01 : Group: Tamago: DIBS
20:23:35 : Group: Tamago: i got one
20:24:02 : Group: Tamago: 5
20:24:51 : Group: Tamago: IKEA
20:25:03 : Group: Tamago: bede jachac za wami jedziem ikee
20:25:08 : Group: Tamago: join greg
20:26:05 : Group: Tamago: fuel go i will get you
20:27:26 : Group: Tamago: wtf
20:27:33 : Group: Tamago: yup
20:30:48 : Group: Tamago: npw
20:31:36 : Group: Tamago: 1 nneought
20:32:21 : Group: Tamago: flank
20:34:03 : Group: Tamago: 900 meters mission
20:35:04 : Group: Tamago: waitw
20:35:36 : Group: Tamago: 2 other might have died on this mission
20:36:05 : Group: Tamago: truck is way off the mission
20:37:07 : Group: Tamago: scout for dead ai
20:38:59 : Group: Tamago: 8 more
20:39:21 : Group: Tamago: far int hje forest in front
20:39:31 : Group: Tamago: 600 - 750mn
20:40:52 : Group: Tamago: orange bushes 3
20:41:27 : Group: Tamago: got hit from left
20:41:33 : Group: Tamago: im going to watch flank i got him tho
20:41:59 : Group: Tamago: HELP
20:42:08 : Group: Tamago: 3k blood hevy fire
20:42:27 : Group: Tamago: cause they saw me
20:42:34 : Group: Tamago: i got bags thans
20:42:56 : Group: Tamago: 4
20:43:13 : Group: Tamago: see the 3 
20:43:17 : Group: Tamago: 3 pine trees
20:43:24 : Group: Tamago: surrounded by oragne bushes
20:43:32 : Group: Tamago: 4 oine trees
20:43:51 : Group: Tamago: wow you guys blind xD
20:44:23 : Group: Tamago: 2
20:44:49 : Group: Tamago: trying
20:45:20 : Group: Tamago: k
20:45:27 : Group: Tamago: i got 800 humanit from that xD
20:45:36 : Group: Tamago: told you im the spoitter
20:45:56 : Group: Tamago: u2 guys
20:46:11 : Group: Tamago: watch for gunners
20:46:16 : Group: Tamago: they appear as vechicles
20:46:20 : Group: Tamago: might be
20:46:28 : Group: Tamago: kk
20:47:42 : Group: Greg: im in the car, be back in 5min
20:48:47 : Group: Tamago: loot crate is meh
20:49:20 : Group: Tamago: mission
20:49:29 : Group: Tamago: i will take the humve
20:50:08 : Group: Tamago: jak chcesz mortary to wez my mamy 50
20:51:11 : Group: Tamago: damn tire...
20:51:14 : Group: Tamago: pancer
20:51:57 : Group: Tamago: thse are shit
20:53:47 : Group: Tamago: WTF
20:54:13 : Group: Tamago: srslky wtf
20:54:32 : Group: Tamago: god fuckign damnint
20:54:51 : Group: Tamago: no
20:55:01 : Group: Tamago: i hit your bick and it exploded
20:55:04 : Group: Tamago: bike
20:55:18 : Group: Tamago: well
20:55:27 : Group: Tamago: iot will be fixed after servere restart
20:56:07 : Group: Tamago: yeah
20:56:10 : Group: Tamago: shit son
20:56:38 : Group: Tamago: same
20:56:41 : Group: Tamago: good to remeber
20:56:54 : Group: Tamago: like buy a fucking bike and shove it into the base
20:57:04 : Group: Tamago: greg is in his truck
20:57:26 : Group: Tamago: im going to continue on building
20:57:46 : Group: Tamago: just place them
20:57:56 : Group: Tamago: but we dont have much space outside base so yeah
20:58:06 : Group: Tamago: and its a waste. tank traps are used to make doors
20:58:10 : Group: Tamago: no
20:58:16 : Group: Tamago: only 30 meter redius
20:58:23 : Group: Tamago: yes
20:58:38 : Group: Tamago: that for?
20:58:41 : Group: Tamago: what*
20:58:55 : Group: Tamago: they are for crafting doors
20:59:04 : Group: Tamago: ?
20:59:10 : Group: Tamago: where did you go
20:59:21 : Group: Tamago: ok we coming
20:59:44 : Group: Tamago: you need help greg?
20:59:53 : Group: Tamago: whgat
21:00:13 : Group: Tamago: wtf
21:00:45 : Group: Tamago: omw
21:00:59 : Group: Tamago: bike
21:01:42 : Group: Tamago: ai
21:04:26 : Group: Tamago: sa u ciebie?a
21:05:34 : Group: Tamago: kj
21:06:43 : Group: Tamago: on mission
21:09:22 : Group: Tamago: all dead.
21:09:26 : Group: Tamago: are you in a car
21:09:28 : Group: Tamago: sphinx
21:09:35 : Group: Tamago: 3 ai thats us
21:09:39 : Group: Tamago: all dead
21:09:59 : Group: Tamago: zniszczyłem baze
21:10:13 : Group: Tamago: wbiłem motocykl w budynek i poszed w chuj
21:10:55 : Group: Tamago: 2 10 oz gold
21:10:58 : Group: Tamago: we sold it today xD
21:11:20 : Group: Tamago: ok go back to base i need to build
21:11:22 : Group: Tamago: yes
21:11:27 : Group: Tamago: they all do
21:11:48 : Group: Tamago: LOL
21:14:36 : Group: Tamago: ik
21:15:05 : Group: Tamago: greg dodam cie do drzwi na dachu
21:15:32 : Group: Tamago: lol
21:16:32 : Group: Tamago: yes
21:16:37 : Group: Tamago: why
21:16:49 : Group: Tamago: yeah but ots shit d,mg
21:16:58 : Group: Tamago: 1.250 blood per hit
21:17:15 : Group: Tamago: well head shgot is a headshot
21:17:37 : Group: Tamago: lb in our base?
21:17:43 : Group: Tamago: kw
21:18:39 : Group: Tamago: mordercy
21:19:05 : Group: Tamago: bandyty jedne
21:19:14 : Group: Greg: hehhe
21:20:57 : Group: Tamago: i sholud have
21:21:17 : Group: Tamago: i need them too xD
21:21:44 : Group: Tamago: here
21:22:00 : Group: Tamago: nah xD
21:22:04 : Group: Tamago: i got 3
21:22:28 : Group: Tamago: k
21:22:56 : Group: Tamago: no
21:23:13 : Group: Tamago: jey is in the safe right?
21:23:33 : Group: Tamago: zeds in base
21:23:46 : Group: Tamago: greg oni wiedza o gpsie?
21:24:44 : Group: Tamago: rozwałka nie?
21:24:49 : Group: Tamago: wejdz i obczaj wozy
21:25:06 : Group: Tamago: no
21:25:19 : Group: Tamago: tia
21:25:27 : Group: Tamago: wyjebalo w kosmos
21:26:01 : Group: Tamago: kuzwa ten czarny suv gwalci tego czerwonego non  stop
21:26:10 : Group: Tamago: no zobacz
21:26:25 : Group: Tamago: co pare sekund
21:26:28 : Group: Tamago: w rure
21:26:37 : Group: Tamago: wydechowa ofc
21:26:47 : Group: Tamago: widzisz tyo?
21:26:55 : Group: Tamago: no
21:27:01 : Group: Tamago: caly czas
21:29:42 : Group: Tamago: kto was zdal?
21:29:45 : Group: Tamago: zdjal*]
21:30:15 : Group: Tamago: top musi byc ai
21:33:10 : Group: Tamago: alex cos
23:49:51 : Group: Tamago: vlad dodaj sphinxa do grupy
