00:02:56 : Group: PRISMIC: turmoil im naked 
00:03:07 : Group: Turmoil: so am i
00:03:50 : Group: PRISMIC: *brushing penis*
00:04:13 : Group: PRISMIC: *lifts hand to mouth*
00:04:18 : Group: Turmoil: im naked on the couch watching tv, chatting with the guys nad playing DayZ
00:05:40 : Group: PRISMIC: im rubbing  my dick  on  the mic
00:06:12 : Group: PRISMIC: wast  singing do it like  a  dude by jesse jay
00:06:53 : Group: PRISMIC: turmoil will you  marry me ?
00:07:29 : Group: PRISMIC: turmoil  will u marry me
00:07:36 : Group: Turmoil: nah, im not gay... 
00:07:58 : Group: PRISMIC: ill  come  and propse
00:18:39 : Group: PRISMIC: can u kill yr  self turmoil ?
00:18:48 : Group: Turmoil: i can but why should i?
00:19:02 : Group: PRISMIC: soi can fly  back and u can spwan new one ?
00:19:16 : Group: Turmoil: i dont wanna die
00:34:20 : Group: PRISMIC: i  need help at  bottomof base
00:35:14 : Group: PRISMIC: i need to  get gear from base
00:36:31 : Group: PRISMIC: dont i needto go
00:39:40 : Group: PRISMIC: can i fly
00:39:51 : Group: [NG2] Jesse: i lost my heli ^^ 
00:40:09 : Group: Turmoil: i had nothing to do with that.... 
00:43:03 : Group: [NG2] Jesse: pirs you got everything? 
00:43:10 : Group: PRISMIC: yea
00:43:15 : Group: [NG2] Jesse: good
00:43:32 : Group: [NG2] Jesse: did you try the zerion already? 
00:44:19 : Group: PRISMIC: cya guys 
00:44:36 : Group: Freedom: later man
00:44:41 : Group: Turmoil: cya
00:44:55 : Group: PRISMIC: i herd that aha
09:00:12 : Group: Laurence Gommersil: hey!
09:00:20 : Group: Freedom: WHATS UP MAN
09:00:32 : Group: Laurence Gommersil: wanna do a mission with me
09:00:33 : Group: Freedom: sorry for caps
09:00:45 : Group: Freedom: after restart i will 
09:00:57 : Group: Laurence Gommersil: ok anyway i have to go put my rpg in safe
09:01:11 : Group: Freedom: copy that
09:01:40 : Group: Laurence Gommersil: shall we just 
09:01:48 : Group: Laurence Gommersil: do that bandit base
09:02:30 : Group: Freedom: theres no loot there just what you get off ai
09:02:46 : Group: Freedom: i already shot their heli down for fun lol
09:02:47 : Group: Laurence Gommersil: no theres loot in middle
09:03:06 : Group: Freedom: theres 24 ai and me have 21 min
09:06:58 : Group: Laurence Gommersil: did u crash...
09:07:53 : Group: Freedom: did not know mission was going on and they shot me down at take off causeing me to blow up other helli on that side as well pissed me off
09:09:28 : Group: Laurence Gommersil: when eye scan fails does it meen ure plot pole hasnt been maintained
09:09:56 : Group: Freedom: are you trying to get in your base
09:10:00 : Group: Laurence Gommersil: ye
09:10:43 : Group: Freedom: prismic left without locking up so turmoil went over and took over plot so he could lock things up 
09:11:08 : Group: Laurence Gommersil: oh ffs
09:11:16 : Group: Laurence Gommersil: can u get turmoil on??
09:11:25 : Group: Freedom: i have stuff if you need 
09:11:33 : Group: Freedom: lol no im in usa
09:11:39 : Group: Laurence Gommersil: please if u dont mind
09:11:55 : Group: Freedom: sure what do you need
09:12:26 : Group: Laurence Gommersil: well i need money but i dont wanna ask for that
09:12:57 : Group: Laurence Gommersil: thats what i was gunn get
09:13:02 : Group: Laurence Gommersil: but i cant get in xD
09:13:04 : Group: Freedom: lol that i dont have spent all i had during move over
09:13:18 : Group: Laurence Gommersil: can i see ure base?
09:13:37 : Group: Freedom: yeah one sec
09:15:03 : Group: Freedom: have to go in angle its tricky lol
09:15:12 : Group: Freedom: or just push v
09:15:44 : Group: Laurence Gommersil: like my gun
09:15:58 : Group: Freedom: yup i have a few myself
09:16:12 : Group: Laurence Gommersil: noice
09:16:18 : Group: Freedom: thanks
09:16:36 : Group: Laurence Gommersil: imma take out some ais up here if u dont mind xD
09:16:47 : Group: Freedom: go right ahead
09:17:00 : Group: Freedom: i dont see them been looking
09:17:15 : Group: Laurence Gommersil: ure fires in the way xD
09:17:56 : Group: Laurence Gommersil: fires in the way
09:18:05 : Group: Freedom: dont use ladder inside by steps coming off it will push you off have to build more
09:18:11 : Group: Freedom: lol
09:18:47 : Group: Freedom: do you need anything besides money
09:18:55 : Group: Laurence Gommersil: nah not rly
09:19:11 : Group: Laurence Gommersil: pet
09:19:15 : Group: Laurence Gommersil: or nah
09:19:21 : Group: Freedom: thought about it lol
09:19:36 : Group: Freedom: they are naggy though
09:19:38 : Group: Laurence Gommersil: i best be on my way
09:19:56 : Group: Freedom: ok ill be mission ready after restart
09:19:59 : Group: Laurence Gommersil: wait
09:20:15 : Group: Laurence Gommersil: is prismic still on plot pole?
09:20:38 : Group: Freedom: dont think so he was off line cant put on if they are off line
09:20:47 : Group: Laurence Gommersil: omg
09:20:55 : Group: Freedom: lol
09:21:22 : Group: Freedom: ill see if they put me on by chance after restart but i doubt it
09:21:31 : Group: Laurence Gommersil: ok
09:26:51 : Group: Laurence Gommersil: so wanna come chack?
09:27:08 : Group: Freedom: yeah be over in 1 sec
09:29:44 : Group: Freedom: nope 
09:29:52 : Group: Freedom: you remember combo
09:29:57 : Group: Laurence Gommersil: no
09:30:08 : Group: Freedom: thats not good
09:30:18 : Group: Laurence Gommersil: whos combo
09:30:40 : Group: Freedom: the combination code 
09:30:52 : Group: Freedom: instead of eye scan
09:31:11 : Group: Laurence Gommersil: no i didnt place it
09:32:02 : Group: Laurence Gommersil: you trying to glitch?
09:32:17 : Group: Freedom: lol seeing where plot poll is
09:32:18 : Group: Laurence Gommersil: if u are do this door
09:32:32 : Group: Laurence Gommersil: under safe by stairs
09:32:42 : Group: Freedom: nah i dont want to do that even if it is yours
09:32:58 : Group: Laurence Gommersil: ive done it by accident before
09:33:19 : Group: Freedom: try again
09:34:03 : Group: Laurence Gommersil: ah ha
09:34:14 : Group: Freedom: you get in
09:34:22 : Group: Laurence Gommersil: another door
09:34:40 : Group: Freedom: so your good?
09:34:45 : Group: Laurence Gommersil: no
09:34:53 : Group: Laurence Gommersil: i gotta get through next door xD
09:35:03 : Group: Freedom: lol so your stuck
09:35:15 : Group: Laurence Gommersil: im clever so if i ever did that look
09:35:39 : Group: Freedom: cool
09:36:20 : Group: Laurence Gommersil: ahhh i cant get through next door
09:36:33 : Group: Laurence Gommersil: GOTEEM
09:36:44 : Group: Freedom: sweet im going to go gear up
09:36:56 : Group: Laurence Gommersil: i was correct
09:37:06 : Group: Laurence Gommersil: plot poles gone
09:37:28 : Group: Freedom: prolly just moved
09:37:34 : Group: Laurence Gommersil: moved where
09:38:03 : Group: Freedom: hard telling
09:40:12 : Group: Laurence Gommersil: kk imma wait for prismic to get on lets do a mission
09:40:27 : Group: Freedom: ok is he getting on soon?
09:40:37 : Group: Laurence Gommersil: no idea
09:42:02 : Group: Laurence Gommersil: freedom
09:42:06 : Group: Freedom: yes sir
09:42:23 : Group: Laurence Gommersil: that captured mv22 mission can i please get the plane i have 0 and no mozzie if u wouldnt mind
09:42:39 : Group: Freedom: yeah i dont care
09:42:43 : Group: Laurence Gommersil: ok thanks
09:43:01 : Group: Freedom: be there in min
09:43:03 : Group: Laurence Gommersil: but u got extra mozzie parts i need pickup if u dont mind 
09:43:23 : Group: Laurence Gommersil: it would meen alot
09:43:31 : Group: Freedom: ill bring some be a min though
09:43:39 : Group: Laurence Gommersil: ok thanks so much!
09:43:50 : Group: Freedom: yep np
09:44:22 : Group: Freedom: do you have tool box?
09:44:27 : Group: Laurence Gommersil: ye
09:44:39 : Group: Freedom: ok
09:47:18 : Group: Laurence Gommersil: u see where i am
09:47:41 : Group: Freedom: yeah missions was close
09:47:53 : Group: Freedom: taking fire
09:48:07 : Group: Laurence Gommersil: bdw can i use ure tower to shoot off of please?
09:48:22 : Group: Freedom: yep
09:49:06 : Group: Laurence Gommersil: ty
09:49:21 : Group: Freedom: ok ill be there in a min have to get a drink and crap 
09:49:26 : Group: Laurence Gommersil: ok
09:49:36 : Group: Freedom: your welcome
09:53:35 : Group: Freedom: thats a hero mission by our base
09:54:57 : Group: Laurence Gommersil: freedom
09:55:01 : Group: Freedom: yes
09:55:07 : Group: Laurence Gommersil: i took out 1 m2
09:55:22 : Group: Freedom: they are heros i cant do it
09:55:32 : Group: Laurence Gommersil: ...
09:56:08 : Group: Freedom: its all yours looks like xD
09:56:27 : Group: Laurence Gommersil: dude
09:56:31 : Group: Laurence Gommersil: im so dead
09:56:33 : Group: Laurence Gommersil: xD
09:56:43 : Group: Freedom: theres a bandit one down south im going there if you want to come
09:56:58 : Group: Laurence Gommersil: u gunna take mv22?
09:57:05 : Group: Freedom: you can have it
09:57:12 : Group: Laurence Gommersil: ok im coming
09:58:28 : Group: Freedom: wish i had my big heli right about now
09:59:01 : Group: Laurence Gommersil: whys my deploying failed...
09:59:18 : Group: Freedom: in combat still?
10:00:29 : Group: Freedom: guess mossie is blown up lol
10:01:23 : Group: Laurence Gommersil: this is why i need an mv22 its not flammable as fuck
10:02:11 : Group: Laurence Gommersil: would u mind flying that mv22 back for me?
10:02:30 : Group: Freedom: yeah no prob
10:02:34 : Group: Laurence Gommersil: thanks
10:02:45 : Group: Laurence Gommersil: and if u get a hot kit can i has?
10:02:59 : Group: Freedom: ypu
10:03:01 : Group: Freedom: yup
10:03:02 : Group: Laurence Gommersil: thanks
10:04:29 : Group: Laurence Gommersil: why do vehicles have to be used every 3 days...
10:04:54 : Group: Freedom: so it dont cause a build up of cars on server
10:05:34 : Group: Freedom: morse stuff slows game down
10:09:59 : Group: Laurence Gommersil: wait there im coming to ure mission
10:10:41 : Group: Laurence Gommersil: freedom
10:10:43 : Group: Freedom: just got here lol 
10:10:52 : Group: Laurence Gommersil: im comin there now
10:11:06 : Group: Freedom: ok
10:13:03 : Group: Laurence Gommersil: what are the dotted missions
10:13:56 : Group: Freedom: not sure
10:14:51 : Group: Freedom: got 5 down
10:14:55 : Group: Laurence Gommersil: noice
10:14:58 : Group: Laurence Gommersil: got m2s
10:15:00 : Group: Freedom: 12 left
10:15:05 : Group: Laurence Gommersil: get m2s
10:15:28 : Group: Freedom: one m2 down think i got other but cant tell
10:15:50 : Group: Freedom: yes both m2 down
10:15:58 : Group: Laurence Gommersil: allmost there
10:16:23 : Group: Freedom: hello
10:17:11 : Group: Freedom: 9 left
10:21:28 : Group: Laurence Gommersil: i cant spawn anywhere near!
10:22:14 : Group: Freedom: yeah i totaly spawned wrong place
10:23:10 : Group: Laurence Gommersil: 3.4k is closest
10:23:24 : Group: Freedom: lol im 7k
10:33:39 : Group: Laurence Gommersil: u fking serious
10:38:33 : Group: Laurence Gommersil: u hear heli?
10:38:40 : Group: Freedom: yeah
10:39:33 : Group: Laurence Gommersil: is it u
10:39:46 : Group: Freedom: no
10:39:56 : Group: Laurence Gommersil: we died on windy mountain right?
10:40:19 : Group: Freedom: yes
10:42:42 : Group: Laurence Gommersil: DONT GO THAT WAY!
10:42:44 : Group: Laurence Gommersil: MISSION
10:42:56 : Group: Freedom: body
10:43:01 : Group: Laurence Gommersil: where?
10:43:16 : Group: Freedom: my body is up ther
10:43:33 : Group: Laurence Gommersil: i died at u
10:45:04 : Group: Freedom: prolly ai in the woods
10:46:44 : Group: Laurence Gommersil: u dead?
10:46:54 : Group: Laurence Gommersil: wtf just killed me
10:47:39 : Group: Laurence Gommersil: freedom u alive?
10:48:06 : Group: Laurence Gommersil: sierra can u see these messages xD
10:49:38 : Group: Laurence Gommersil: dude 
10:50:45 : Group: Freedom: was just typeing three ai up there then you got shot
10:51:10 : Group: Laurence Gommersil: what killed me
10:51:37 : Group: Freedom: ai lol
10:52:36 : Group: Freedom: i only got one still two up there
10:56:23 : Group: Freedom: im comin up back side
10:56:30 : Group: Laurence Gommersil: k
10:59:46 : Group: Laurence Gommersil: what u shooting
11:00:11 : Group: Freedom: yeah 43 down still one hiding begind somthing
11:00:17 : Group: Freedom: 4 down
11:00:44 : Group: Laurence Gommersil: i dont get where our loot is
11:00:54 : Group: Freedom: hes down
11:01:29 : Group: Laurence Gommersil: where our loot
11:01:42 : Group: Freedom: across the field
11:01:49 : Group: Laurence Gommersil: ill follow u
11:02:25 : Group: Laurence Gommersil: lemme get ais gun
11:03:19 : Group: Laurence Gommersil: rpg!
11:03:49 : Group: Laurence Gommersil: so wheres our gear?
11:04:02 : Group: Freedom: hold on looking for my ghilli body
11:05:55 : Group: Laurence Gommersil: wtf where is it
11:06:07 : Group: Freedom: no idea
11:06:32 : Group: Laurence Gommersil: dont u have a marker?
11:07:15 : Group: Freedom: 6 ai left
11:08:51 : Group: Freedom: see it out there
11:08:54 : Group: Laurence Gommersil: i need my mozzie parts!
11:09:37 : Group: Freedom: need a sniper
11:09:43 : Group: Laurence Gommersil: same
11:10:04 : Group: Laurence Gommersil: our look cant just dissapear
11:10:09 : Group: Laurence Gommersil: loot
11:10:27 : Group: Freedom: no not if your doing it
11:10:55 : Group: Laurence Gommersil: shall we go in close range?
11:11:10 : Group: Freedom: yup
11:11:19 : Group: Laurence Gommersil: follow me
11:11:32 : Group: Freedom: see one
11:11:37 : Group: Laurence Gommersil: where?
11:11:56 : Group: Freedom: low in tree ling by heli plane
11:12:18 : Group: Laurence Gommersil: i see all 4
11:12:24 : Group: Freedom: shoot
11:13:27 : Group: Laurence Gommersil: there coming closer
11:13:42 : Group: Freedom: good
11:13:59 : Group: Laurence Gommersil: have u hit one
11:14:08 : Group: Freedom: nope can get shot 
11:14:17 : Group: Laurence Gommersil: i have an rpg
11:14:20 : Group: Laurence Gommersil: shall i?
11:14:34 : Group: Freedom: if you want
11:14:34 : Group: Laurence Gommersil: but i dont wanna blow up mv22
11:14:39 : Group: Freedom: yeah
11:14:58 : Group: Laurence Gommersil: shall we get closer?
11:15:06 : Group: Freedom: we have a sniper player by house over there
11:15:43 : Group: Laurence Gommersil: actual player/?!
11:16:04 : Group: Laurence Gommersil: stay here imma flank
11:16:32 : Group: Laurence Gommersil: im ded
11:17:30 : Group: Laurence Gommersil: what just killed me!
11:17:41 : Group: Freedom: ai
11:17:44 : Group: Laurence Gommersil: WHAT
11:17:52 : Group: Laurence Gommersil: THERES NO WAY
11:18:30 : Group: Freedom: one down
11:18:46 : Group: Laurence Gommersil: freedom join my group inv
11:20:40 : Group: Laurence Gommersil: can i get a pixkup pls?
11:21:56 : Group: Laurence Gommersil: 2die4 can i get a pickup please?
11:22:27 : Group: Laurence Gommersil: i am
11:22:40 : Group: Laurence Gommersil: can u help us do it?
11:22:56 : Group: Laurence Gommersil: kk 
11:22:59 : Group: Freedom: only 5 left
11:23:06 : Group: Laurence Gommersil: freedom
11:23:07 : Group: Freedom: i think we can handle it
11:23:17 : Group: Laurence Gommersil: therees a player there
11:23:23 : Group: Freedom: unless you want to dont want to bother you
11:23:34 : Group: Laurence Gommersil: what?
11:23:43 : Group: Freedom: im talikg to 2die4
11:23:46 : Group: Laurence Gommersil: ik
11:23:59 : Group: Laurence Gommersil: i dont understand what u said xD
11:25:43 : Group: Laurence Gommersil: ye 2die4 i think we need help xD
11:27:18 : Group: Laurence Gommersil: freedom we can handle it cant we xD
11:27:41 : Group: Freedom: 27 min better hurry
11:29:12 : Group: Freedom: might have been ai the movent just looked a bit off
11:29:47 : Group: Laurence Gommersil: 2die4 hes scared of u dont say ure not
11:34:46 : Group: Laurence Gommersil: i cant see anymore ai
11:35:06 : Group: 2DIE4:  great u make me hurry i fuckiong glitched the key away 4 the SUV loaded 
11:35:19 : Group: Laurence Gommersil: never mind
11:35:37 : Group: 2DIE4:  sure never mind  my key is gone  
11:36:44 : Group: 2DIE4:  u own me  a hotwire kit
11:38:45 : Group: Laurence Gommersil: 1 ai left
11:38:49 : Group: Laurence Gommersil: i think
11:39:18 : Group: 2DIE4:  and thayts what u make me hurry 4  ?    like i said  hurrying made me glitch my key
11:39:32 : Group: Laurence Gommersil: tell admin then
11:39:40 : Group: 2DIE4:  wrong answer
11:40:58 : Group: Freedom: do you gps
11:41:02 : Group: Freedom: have]
11:41:16 : Group: Laurence Gommersil: ?
11:41:26 : Group: Freedom: do you have a gps
11:41:53 : Group: Laurence Gommersil: why
11:42:10 : Group: Freedom: you can scan for ai
11:42:25 : Group: Laurence Gommersil: not unless u spawn with gps no
11:45:52 : Group: Laurence Gommersil: YES
11:46:12 : Group: Laurence Gommersil: lemme fly
11:46:36 : Group: Freedom: 8 min
11:46:43 : Group: Laurence Gommersil: ill be quick
11:47:06 : Group: Laurence Gommersil: can u fly
11:47:08 : Group: Laurence Gommersil: i cant
11:47:13 : Group: Freedom: yes
11:47:29 : Group: Laurence Gommersil: ready
11:47:36 : Group: Freedom: yeah
11:47:45 : Group: Laurence Gommersil: how do you change seats
11:47:50 : Group: Freedom: you have to land
11:48:57 : Group: Freedom: wait till restart mission by base
11:49:12 : Group: Freedom: get shot down going by
11:49:34 : Group: Laurence Gommersil: there hard to fly
11:49:45 : Group: Laurence Gommersil: do you have flaps up or down
11:49:56 : Group: Freedom: they are a bit tricky 
11:50:01 : Group: Laurence Gommersil: inv ed
11:50:04 : Group: Laurence Gommersil: prisamic
11:50:08 : Group: Laurence Gommersil: prismic
11:50:23 : Group: Freedom: i dont mess with the flaps i think thats for if your landing like a plane
11:50:58 : Group: Laurence Gommersil: what u doing...
11:51:07 : Group: Freedom: just foldong it up lol
11:51:30 : Group: Freedom: check out the back
11:57:02 : Group: Laurence Gommersil: wait
11:57:03 : Group: Laurence Gommersil: WAIT
11:57:07 : Group: Freedom: ok
11:57:11 : Group: Laurence Gommersil: nvm go
11:57:17 : Group: Laurence Gommersil: inv prismic
11:57:36 : Group: Freedom: im leaving after we get back
11:57:40 : Group: Laurence Gommersil: ok
11:57:44 : Group: Laurence Gommersil: inv prismic
11:57:46 : Group: Laurence Gommersil: hes at dam
11:58:14 : Group: Laurence Gommersil: WHAT U DOIN
11:58:26 : Group: Laurence Gommersil: dude land
11:58:58 : Group: Laurence Gommersil: FREEDOM
11:59:15 : Group: Freedom: lol its good flaps were jacked up
11:59:24 : Group: Laurence Gommersil: fly base imma suicide
12:00:24 : Group: Laurence Gommersil: dont crash it
12:03:01 : Group: Laurence Gommersil: freedom add prismic
12:03:05 : Group: Laurence Gommersil: quick
12:03:35 : Group: Laurence Gommersil: quick!
12:04:05 : Group: Laurence Gommersil: dude add prismic!
12:04:08 : Group: Freedom: what
12:19:48 : Group: Laurence Gommersil: GOOD BYE CRUEL WORLD
15:15:01 : Group: Laurence Gommersil: this server is shit
15:15:09 : Group: Laurence Gommersil: so a bit like you
22:12:17 : Group: Laurence Gommersil: DUDE
22:12:29 : Group: Laurence Gommersil: did u just place a fucking plot pole in my base
22:12:47 : Group: Turmoil: your base? its prismic, if you are gonna complain about it im gonna shoot you in your head
22:13:04 : Group: Turmoil: Prismic left the doors open last night when he logged out, i replaced the plotpole to LOCK YOUR FUCKING DOORS!!!
22:13:10 : Group: Turmoil: so noone would raid your base
22:13:45 : Group: Laurence Gommersil: you know how much trouble we went throgh
22:14:00 : Group: Turmoil: well, your base is still there, huh? 
22:14:07 : Group: Laurence Gommersil: inv prismic
22:14:37 : Group: Turmoil: i did
22:15:51 : Group: Turmoil: have you got the plotpole back in order?
22:17:19 : Group: Turmoil: Pris---
22:17:29 : Group: PRISMIC: YES BABE
22:17:37 : Group: Turmoil: you got access now?
22:17:46 : Group: Laurence Gommersil: after 10 hours yes :)
22:17:53 : Group: PRISMIC: yes mate thank you i guess aha
22:18:14 : Group: Turmoil: alright, good... and prismic, tell your little friend there to be a bit more respectfull, i almost blew up your base in anger just now
22:18:25 : Group: Turmoil: i help you guys and he comes shouting at me for helping you guys... 
22:18:47 : Group: PRISMIC: say again >
22:19:04 : Group: Turmoil: he comes on here like DUDE did you place a fucking plotpole in our base?!?!
22:20:00 : Group: Turmoil: i could have let it all open so Negan could have walked right in, you had two safes that was unlocked as well, btw... 
22:20:28 : Group: PRISMIC: thank you mate love you !!
22:20:39 : Group: Turmoil:     <3
22:21:40 : Group: PRISMIC: turmoil u do know she is marrird ? XD xx
22:21:55 : Group: Turmoil: know that who is married?
22:22:02 : Group: PRISMIC: sierra ?
22:22:15 : Group: Turmoil: with me yeah
22:23:41 : Group: Turmoil: there you see Prismic?
22:23:58 : Group: Laurence Gommersil: calm down
22:24:15 : Group: Turmoil: i am calm as an ice cube little man
22:24:30 : Group: Laurence Gommersil: what about dry ice
22:24:33 : Group: Turmoil: offcourse i know she is married as well, i chat with both her and her husband every day :) 
22:24:38 : Group: Turmoil: i dont like it dry :) 
22:25:57 : Group: Turmoil: whoever is shooting at my base, stop..
22:26:14 : Group: PRISMIC: no o !!
22:31:12 : Group: Laurence Gommersil: sick heli
22:41:53 : Group: Laurence Gommersil: 2die4 ai or player?
22:42:04 : Group: Laurence Gommersil: where?
22:43:58 : Group: PRISMIC: thank you x
22:45:33 : Group: 2DIE4:  chopper comin
22:54:03 : Group: PRISMIC: 2die4 look on the map now,, what mission will me and jacob get the most money from mate ? x
22:54:38 : Group: 2DIE4: can tell
23:19:11 : Group: Laurence Gommersil: nato weapon
23:19:39 : Group: 2DIE4:  wich direction?
23:20:02 : Group: Laurence Gommersil: infront of black hawk crash
23:20:32 : Group: 2DIE4: what?
23:21:49 : Group: 2DIE4: ill check bandit
23:26:20 : Group: 2DIE4: cant find it
23:26:37 : Group: 2DIE4:  was it armed?
23:26:52 : Group: Laurence Gommersil: ye
