10:58:32 : Side: Tobimofat: Hey
10:58:56 : Side: Walasznikow: SIEMA
10:59:08 : Side: Tobimofat: Where you from
11:42:03 : Side: Greg: morning
13:47:34 : Group: VLADIMIR>***: Walek-siema prezydencie Czerno:)
14:07:39 : Side: Greg: dodajcie mnie do grupy
14:08:46 : Group: Greg: co tam chłopaki?
14:09:12 : Group: VLADIMIR>***: kraftujemy, budujemy:)
14:09:16 : Group: Greg: hahah
14:09:42 : Group: VLADIMIR>***: walek znalazl Topaza
14:09:47 : Group: Greg: wow
14:09:50 : Group: VLADIMIR>***: 7 brif
14:09:52 : Group: Greg: gdzie?
14:10:24 : Group: VLADIMIR>***: w skalce przy misji
14:10:34 : Group: Greg: czad
14:16:58 : Group: Greg: bird nie uniesie ciężarówki?
14:18:55 : Group: Greg: Bolo? Bird weźmie mtvr-a?
14:19:17 : Group: Greg: dobra mam
14:19:33 : Group: VLADIMIR>***: oki
14:39:10 : Group: Greg: ładnie Wałeczku ;p
15:33:10 : Side: WUKONS: is any one doing bandit missions?
15:33:39 : Side: Tobimofat: Ofc
15:33:47 : Side: WUKONS: which one?
15:34:12 : Side: Tobimofat: Yeah...that would not be very smart to share 
15:34:30 : Side: WUKONS: well, but i kinda need to know as im about to do one :\
15:35:01 : Side: Tobimofat: That's the game buddy ;)
15:36:19 : Side: WUKONS: anyways, im in a black suit, i just need the humanity from mission
16:17:21 : Side: ThirdEyeSphinx: ight or day?
16:17:27 : Side: WUKONS: day
16:17:46 : Side: ThirdEyeSphinx: Did night win?
16:17:54 : Side: ThirdEyeSphinx: WOOT
16:20:16 : Side: ThirdEyeSphinx: Night time is fun.
16:20:28 : Side: WUKONS: not for hardcore missions
16:20:40 : Side: ThirdEyeSphinx: Hardcore missions like?
16:20:42 : Side: Tobimofat: When is next vote tho?
16:23:54 : Side: Tobimofat: Easy
16:24:14 : Side: ThirdEyeSphinx: Tobimo are you a bandit lol?
16:24:20 : Side: cristoffer: yeah he is 
16:24:23 : Side: cristoffer: a big one
16:24:28 : Side: Tobimofat: What makes you think that? :)
16:24:35 : Side: cristoffer: he is really good 
16:24:36 : Side: ThirdEyeSphinx: You kill players lol.
16:24:41 : Side: cristoffer: just kidding 
16:24:45 : Side: ThirdEyeSphinx:  Where is he Cristoffer?
16:25:00 : Side: cristoffer: somewhere
16:25:05 : Side: cristoffer: in the world
16:25:37 : Side: Tobimofat: It was self defense 
16:25:52 : Side: Tobimofat: He fired shots at me
16:25:55 : Side: ThirdEyeSphinx: Where at Tobimo?
16:26:06 : Side: Tobimofat: I responded with fire
16:26:42 : Side: Tobimofat: Around the captured MV22
16:26:57 : Side: Tobimofat: But i have to log, bye :)
16:27:00 : Side: ThirdEyeSphinx: Good to know :D
16:29:09 : Side: WUKONS: did it say who killed me?
16:29:16 : Side: ThirdEyeSphinx: a turret?
17:05:39 : Side: Tobimofat: For how long was it night?
17:06:00 : Side: WUKONS: 10mins?
17:06:17 : Side: Tobimofat: lol did it got put to a vote again?
17:06:26 : Side: WUKONS: yead
17:06:42 : Side: Tobimofat: Okay
17:07:06 : Side: ThirdEyeSphinx: If you guys find a guy in a mozzie blowing people's bases up please tell me.
17:07:19 : Side: ThirdEyeSphinx: I want to set bounty for him at 20 Bcs
17:07:39 : Side: WUKONS: lol
17:07:46 : Side: Tobimofat: I doubt he is still flying around in a mozzi
17:07:48 : Side: WUKONS: u not allowed to kamikaze bases
17:08:12 : Side: ThirdEyeSphinx: No he lands near a base and uses a RPG
17:08:19 : Side: WUKONS: ohh
17:09:05 : Side: Tobimofat: Ive' seen one guy with a RPG, his name was HectoR, i shot his SUV and him, but ge combat logged
17:09:13 : Side: ThirdEyeSphinx: Lol.
17:09:28 : Side: ThirdEyeSphinx: Even 2die4 wants to find this pleb
17:09:33 : Side: WUKONS: iwe jsut got rpg at mv22 mission
17:09:38 : Side: Tobimofat: Maybe he changed his name?
17:09:45 : Side: ThirdEyeSphinx: He'd be smart too.
17:09:55 : Side: ThirdEyeSphinx: Half the server wants him pwned on sight
17:10:00 : Side: 2DIE4:  i want all your souls
17:10:00 : Side: Tobimofat: Yeah the AI's around missions have rpg's
17:10:19 : Side: ThirdEyeSphinx: Its funny but at the same time come on lol. He goes around blowing up folks helis and bases
17:40:31 : Side: WUKONS: who killed and looted me at pogorevka?
17:40:44 : Side: 2DIE4: me 
17:41:04 : Side: 2DIE4:  ur a bad shot
17:41:37 : Side: WUKONS: i were doing the mission and nothing else
17:41:43 : Side: WUKONS: njoy ur bandit life
17:41:55 : Side: 2DIE4: i am  =)
17:42:39 : Side: 2DIE4:  not my fault u use sucha loud weapon  .. missing 4 outta 5 shots . 
17:42:39 : Side: Jakob: why do u guys get so mad because someone choose to be a bandit, thats a part of the game lol
17:43:02 : Side: WUKONS: do i sound mad
17:43:07 : Side: Jakob: ye 
17:43:10 : Side: 2DIE4:  just a lil salty
17:43:24 : Side: WUKONS: i were 750 out of the mission, its not easy to kill em
17:43:37 : Side: 2DIE4:  lol 750 is nodistance
17:43:47 : Side: WUKONS: with that shit gun it is
17:43:48 : Side: 2DIE4:  especially with the M110
17:43:57 : Side: WUKONS: dmr is way better
17:44:00 : Side: 2DIE4:  i do 600m with my silenced  XD
17:44:10 : Side: 2DIE4:  y dont u choose a  DMR then ?
17:44:39 : Side: WUKONS: someone at streams chat suggested me to try that one instead of dmr
17:44:57 : Side: 2DIE4:  well a lot of ppl cant use mildots 
17:45:21 : Side: 2DIE4:  or  r too lazy to check whats the different distances at no zomm and full zoom
17:46:00 : Side: WUKONS: lol yea, 
17:46:15 : Side: WUKONS: gonna finish that mission with PM
17:46:23 : Side: 2DIE4:  baseball bat
17:46:32 : Side: WUKONS: y
17:46:46 : Side: 2DIE4:  more fun XD
20:00:56 : Side: cristoffer: 2die4 pls if this is your base dont kill me i just want to talk ?:D
20:01:20 : Side: 2DIE4:  ??? 
20:02:16 : Side: cristoffer: do you have a big base ?
20:02:29 : Side: 2DIE4: whats your coords?
20:02:45 : Side: cristoffer: 016102
20:03:16 : Side: 2DIE4: not mine
20:03:29 : Side: cristoffer: OKXD
20:03:40 : Side: cristoffer: so you dont mind we raid it ?
20:26:37 : Side: cristoffer: 016102 who has a base at that location?
21:37:50 : Side: Ryan: wasssssuuuupppp
21:37:57 : Side: ThirdEyeSphinx: lol
21:38:02 : Side: ThirdEyeSphinx: Sup
21:38:15 : Side: Ryan: same shit different day haha
