00:03:33 : Group: Faldehals: maybe you have nothing to do you can cover me wen i builde the ramp at the wholesaler
00:03:55 : Group: Arne: ok but need to go home and put stuff in safe first
00:04:09 : Group: Faldehals: sure
00:04:26 : Group: Faldehals: i get the stuff i need for atm
00:04:28 : Group: Arne: what an you buy at wholesaler?
00:05:26 : Group: Arne: git a blood back?
00:05:32 : Group: Arne: blood pack?
00:05:44 : Group: Faldehals: you need ?
00:05:47 : Group: Arne: yes
00:05:56 : Group: Faldehals: i have
00:06:34 : Group: Faldehals: put your stuff in safe and come to my base you see at map my position
00:07:32 : Group: Arne: all my stuff. even my gun?
00:07:56 : Group: Faldehals: idk i mean only that you dont need 
00:08:28 : Group: Faldehals: i think better you keep a gun at you
00:08:32 : Group: Arne: hehe
00:11:30 : Group: Faldehals: need money for jetskee`s
00:11:43 : Group: Arne: jetskees?
00:11:47 : Group: Faldehals: boots
00:12:03 : Group: Arne: havent tried e :D
00:12:27 : Group: Faldehals: whou think i like to builde a ramp in the water 
00:15:27 : Group: Arne: hello!!!
00:15:35 : Group: Arne: nice base
00:16:08 : Group: Arne: thank you sir
00:16:18 : Group: Faldehals: here take if you need food blood
00:16:42 : Group: Arne: thx
00:16:53 : Group: Faldehals: np
00:17:03 : Group: Faldehals: lets have fun
00:17:31 : Group: Faldehals: wholesaler first
00:17:39 : Group: Arne: after you friend
00:20:07 : Group: Faldehals: whats up with your mozzie ?
00:20:17 : Group: Arne: m2 gunner at mission
00:20:33 : Group: Faldehals: lol why you dont ask me for stuff 
00:20:39 : Group: Arne: hhe it works still
00:20:47 : Group: Faldehals: k
00:20:55 : Group: Arne: :)
00:21:03 : Group: Faldehals: here make a look what he sells
00:22:43 : Group: Faldehals: try where the savezone begins
00:23:31 : Group: Arne: works?
00:23:47 : Group: Faldehals: try to place a lockbox in savezone
00:24:00 : Group: Arne: ok
00:24:55 : Group: Faldehals: it works i think
00:24:59 : Group: Arne:  :D
00:25:11 : Group: Arne: what is it for?
00:25:17 : Group: Faldehals: rot45
00:25:22 : Group: Faldehals: red
00:25:54 : Group: Arne: sorry was afk for 2 sec
00:25:58 : Group: Arne: what do you need
00:26:29 : Group: Faldehals: cover if someo kills me
00:26:43 : Group: Arne: got your back brp
00:27:21 : Group: Arne: haha you build for boats? :D
00:27:29 : Group: Faldehals: jeah :D
00:27:57 : Group: Faldehals: but this is to close at land
00:28:04 : Group: Arne: haha
00:31:33 : Group: Faldehals: hehe
00:31:48 : Group: Arne: uh also a base in the water could be cool!!
00:32:09 : Group: Faldehals: i think its not allowed here
00:32:22 : Group: Arne: :( why
00:32:42 : Group: Faldehals: but ramps in the water ..... its same like flyingbases
00:33:04 : Group: Faldehals: what you think its far enough ?
00:33:05 : Group: Arne: i guess so. maybe we should ask a admin
00:33:30 : Group: Arne: it is for boats to jump?
00:33:42 : Group: Arne: yes
00:35:04 : Group: Faldehals: lets try it out
00:35:23 : Group: Arne: ok we need to hurry(restard)
00:35:33 : Group: Arne: restart
00:36:17 : Group: Faldehals: thats good after reestart will se if its still here the box
00:36:22 : Group: Arne:  :D
00:36:50 : Group: Faldehals: now bosdealer
00:38:29 : Group: Faldehals: damn lol
00:39:25 : Group: Arne: where you going?
00:40:19 : Group: Faldehals: lol
00:40:43 : Group: Arne: hehe wtf
00:41:54 : Group: Faldehals: lol
00:41:58 : Group: Arne: hahaha
00:42:03 : Group: Faldehals: dont jumps
00:42:18 : Group: Arne: you did jump :D
00:42:55 : Group: Arne: lel
00:43:34 : Group: Faldehals: LOOOL:
00:43:46 : Group: Arne: where the fuck did you end up?
00:43:54 : Group: Faldehals: hehe
00:44:01 : Group: Arne: wow
00:44:07 : Group: Arne: can i try?
00:44:33 : Group: Faldehals: HAHA
00:44:36 : Group: Faldehals: sure
00:45:00 : Group: Arne: restart tho
00:45:05 : Group: Faldehals: sec
00:45:08 : Group: Arne: maybe i should wait
00:45:20 : Group: Faldehals: buy one 
00:45:27 : Group: Arne: you just shit gold :D
00:45:34 : Group: Arne: ok loggin off
00:45:39 : Group: Faldehals: fly the mozzie is done after restart
00:45:51 : Group: Arne: i cant pack it'
00:45:57 : Group: Faldehals: time enough and after restart buy one
00:46:02 : Group: Faldehals: hehe
00:52:42 : Group: Faldehals: jeah fishing
00:53:29 : Group: Arne: lol
00:53:33 : Group: Faldehals: hahaha
00:53:55 : Group: Faldehals: its not easy
00:54:26 : Group: Faldehals: catch 3 now
00:54:52 : Group: Faldehals: nice
00:55:28 : Group: Faldehals: lol
00:55:32 : Group: Arne: isuck
00:55:48 : Group: Faldehals: i need few trys to
00:56:30 : Group: Faldehals: thats the only way to use a ramp and dont die like with cars
00:56:43 : Group: Faldehals: LOL
00:57:51 : Group: Arne: lets do one at the same time
00:58:01 : Group: Faldehals: take fishingpole in hand packseet and you can fishing
00:58:09 : Group: Faldehals: lol
00:58:42 : Group: Faldehals: bää
00:59:22 : Group: Faldehals: lol
00:59:48 : Group: Faldehals: WOW
01:00:02 : Group: Faldehals: you are 100m in the sky
01:00:07 : Group: Arne: haha
01:00:33 : Group: Arne: maybe it should be two ramps
01:01:14 : Group: Faldehals: lol
01:01:16 : Group: Arne: oh ooo
01:04:01 : Group: Arne: try
01:07:26 : Group: Faldehals: arne ?=
01:08:00 : Group: Arne: uuuh thank you
01:08:29 : Group: Faldehals: you need stuff for mozzie ?
01:08:42 : Group: Faldehals: i go klen if you need ?
01:10:23 : Group: Faldehals: arne i go klen get stuff for you for mozzie k ?
01:10:37 : Group: Arne: dont worry bro. i can take the jet ski
01:10:45 : Group: Faldehals: k
01:10:55 : Group: Arne: how much is a mozzie at aircraft
01:10:56 : Group: Faldehals: but its no prob
01:11:01 : Group: Faldehals: idk
01:11:14 : Group: Arne: ok if you want you can get it :D
01:11:29 : Group: Faldehals: back in a bit
01:11:43 : Group: Arne: :D
01:18:28 : Group: Arne: thanks bto
01:19:48 : Group: Faldehals: not sure
01:23:52 : Group: Arne: probably going off soon boys
03:41:26 : Group: Faldehals: dann lass zum hero
08:43:44 : Group: Glasgow: ich bin demotiviert
08:43:57 : Group: Faldehals: lol warte stary
08:44:16 : Group: Glasgow: wenn es die ai nicht ist dann sind es die zombies ^^
08:47:36 : Group: Faldehals: erstma fisch verkaufe
08:48:16 : Group: Faldehals: 1 1halb bc
08:48:56 : Group: Faldehals: welche waffe willst ?
08:49:09 : Group: Faldehals: da kauf dir ma was
08:49:10 : Group: Glasgow: mein auto wieder :D
08:49:34 : Group: Faldehals: haste den koffer genommen
08:49:42 : Group: Glasgow: ja
08:49:45 : Group: Faldehals: gut
08:51:56 : Group: Faldehals: warte doch bis ich steh
08:52:42 : Group: Glasgow: es sind btw mitlerweile drei leichen
08:56:19 : Group: Faldehals: nee
08:56:30 : Group: Faldehals: 2
08:57:00 : Group: Faldehals: komm auto
08:59:25 : Group: Faldehals: lol
09:00:37 : Group: Faldehals: kannst denen auch die klamoten ausziehn
09:01:31 : Group: Faldehals: gold hab ich
09:01:44 : Group: Faldehals: boah hier stinkts lol
09:02:15 : Group: Faldehals: mach ich bleib sitzen sicher is sicher
09:03:10 : Group: Faldehals: die solln nach ner zeit auch wieder spawnen
09:04:40 : Group: Glasgow: wir können zu stary
09:05:10 : Group: Glasgow: warte
09:05:11 : Group: Glasgow: stop
09:05:14 : Group: Glasgow: schau auf die karte
09:06:40 : Group: Glasgow: dank dir
09:07:39 : Group: Faldehals: willst den vodnik ?
09:07:53 : Group: Glasgow: hmm
09:07:57 : Group: Glasgow: wenn du ihn nicht brauchst :D
09:08:20 : Group: Faldehals: nimm key raus
09:08:41 : Group: Glasgow: eine sehr herorische geste 
09:08:46 : Group: Glasgow: vielen dank :)
09:08:47 : Group: Faldehals: und nie was stehn lassen hier is alles erlaubt
09:08:59 : Group: Glasgow: ich weiß
09:09:25 : Group: Glasgow: aber da ich ja nen friendly player bin troll ich nicht
09:09:44 : Group: Glasgow: ich hab eventuell vor einige leute wieder hier drauf zu bringen (halt ne große gruppe)
09:09:49 : Group: Glasgow: ich sag denen das du korrekt bist (y)
09:09:50 : Group: Faldehals: da nimms noch
09:10:56 : Group: Faldehals: oki dann hau rein nexte ma bissl uffpasse
09:11:04 : Group: Glasgow: mach ich mach ich
09:11:08 : Group: Glasgow: dank dir hast aufjedenfall was gut
09:11:26 : Group: Faldehals: ich werds im hinterkopf behalten :)
09:12:00 : Group: Glasgow: wie kommst du jetzt eigentlich hier weg?
09:12:11 : Group: Faldehals: mozzie aus der toolbox
09:12:48 : Group: Glasgow: guten flug
09:18:00 : Group: Faldehals: kauf dir nen safe und hau dein shit da ma rein
09:18:57 : Group: Glasgow: hab schon
09:19:01 : Group: Faldehals: prima
09:19:45 : Group: Glasgow: spiel ja net erst seit gestern ;)
09:19:54 : Group: Glasgow: auch wenn ich nicht so skillfull bin und pve bevorzuge
09:19:57 : Group: Faldehals: ach ja
09:20:09 : Group: Faldehals: hehe
09:20:32 : Group: Faldehals: ach komm pve is doch fade
09:20:44 : Group: Glasgow: ja aber mein pc ist net so der geilste
09:20:54 : Group: Glasgow: und bin dann halt meistens tod bevor ich es überhaupt gesehen habe
09:21:09 : Group: Faldehals: meiner auch net schatten aus alles unnötige runter passt schon
09:22:51 : Group: Glasgow: ja ich bin auch nebenbei eher der nahkampf mensch
09:23:00 : Group: Glasgow: also wir sind ja ne gruppe von mindestens 4 leuten
09:23:14 : Group: Glasgow: zwei snipen und zwei sind mit sd sturmgewehren unterwegs
09:23:36 : Group: Faldehals: net alle mit baseballschlägern am druffknüppeln hehe
09:23:47 : Group: Glasgow: naja wird bei ai schwierig ;)
09:24:16 : Group: Faldehals: naja bei 4 mann wirds aber lustig 
09:24:35 : Group: Glasgow: ja ist so halt die standart gruppe
09:24:38 : Group: Glasgow: manchmal mehr manchmal weniger
09:25:39 : Group: Faldehals: so ich baller ma bissl am airfield rum
09:26:08 : Group: Glasgow: auf spieler? :OO
09:26:24 : Group: Faldehals: ne
09:28:38 : Group: Glasgow: bin erstmal off
09:28:45 : Group: Glasgow: bis später oder iwie so :D
09:28:47 : Group: Faldehals: hau rein
09:33:25 : Group: [NG2] Jesse: hi
11:17:14 : Group: II TheElite II: That's nice :)
11:17:22 : Group: II TheElite II: Really?
11:17:34 : Group: II TheElite II: That's rare in Dayz
11:17:55 : Group: Turmoil: yeah i supose
11:17:57 : Group: II TheElite II: Thanks guys!!
11:18:19 : Group: Turmoil: i defend myself with heavy weaponary if needed xD .50 cals usually scares people away
11:18:48 : Group: II TheElite II: Haha it does :D
11:19:24 : Group: II TheElite II: If you ever need any help feel free to ask ;)
11:19:42 : Group: Turmoil: will do :)
11:19:59 : Group: Turmoil: same to you as long as you dont expect me to kill players xD 
11:35:14 : Group: [NG2] Jesse: still buying?
11:41:19 : Group: II TheElite II: Hello :)
11:41:37 : Group: [NG2] Jesse: welcome back.. 
11:42:40 : Group: [NG2] Jesse: need a lift? 
11:42:48 : Group: II TheElite II: What are you guys up to? :)
11:42:59 : Group: Turmoil: think im gonna park this thing
11:43:07 : Group: II TheElite II: No missions?
11:43:19 : Group: [NG2] Jesse: maybe.. 
11:43:30 : Group: [NG2] Jesse: first i need to regear ^^ 
11:43:52 : Group: II TheElite II: Aah I see. Maybe I'll join you guys later ok?
11:43:56 : Group: [NG2] Jesse: do you have a base ? 
11:43:58 : Group: II TheElite II: Thanks though!
11:44:08 : Group: [NG2] Jesse: do you want a lift ? 
11:44:09 : Group: II TheElite II: Yes a 2x2
11:44:16 : Group: [NG2] Jesse: ^^
11:44:20 : Group: II TheElite II: Not thanks I'm fine for now
11:44:32 : Group: II TheElite II: Many thanks guys!
11:56:11 : Group: II TheElite II: Zijn jullie Nederlands? :D
11:56:28 : Group: [NG2] Jesse: ikke en kofiie, maar de rest niet
11:57:11 : Group: II TheElite II: Aah ok! Goeie naam hoor!
11:58:00 : Group: [NG2] Jesse: but we are with a big group ^^ 
11:59:45 : Group: II TheElite II: How big? What are the names? Then I know who I shouldn't shoot :P
12:00:29 : Group: [NG2] Jesse: you can see them when press f5
12:00:47 : Group: II TheElite II: So you guys are with 4?
12:01:12 : Group: [NG2] Jesse: more a mixed group randome ppl ..
12:45:38 : Group: PRISMIC: NEED A LIFT ?
12:46:08 : Group: II TheElite II: I'm off to the heroes trader so I'm fine. Thanks!
13:51:12 : Group: PRISMIC: go on ts
14:07:17 : Group: Turmoil: need a lift from here?
14:07:39 : Group: Sir LongSleeves: to my base maybe
14:07:48 : Group: Turmoil: sure i will wait :) ill go take a piss while you trade
14:07:52 : Group: PRISMIC: i can pick u up if u want
14:09:12 : Group: Turmoil: im back
14:10:28 : Group: Turmoil: there
14:17:41 : Group: Turmoil: Jesse
14:17:51 : Group: Turmoil: come on the other TS? 
16:04:28 : Group: Laurence Gommersil: Longsleeves u there
16:05:03 : Group: Sir LongSleeves: yeah
16:05:23 : Group: Laurence Gommersil: join teamspeak
16:05:45 : Group: Sir LongSleeves: in a minute
16:08:45 : Group: Sir LongSleeves: we on TS now
16:09:05 : Group: Laurence Gommersil: speak
16:18:43 : Group: Laurence Gommersil: come to eds base longs
17:26:26 : Group: [NG2] Jesse: at the phone
18:27:52 : Group: II TheElite II: Oops didnt see it o:)
18:28:13 : Group: [NG2] Jesse: yo, wil je samen missions doen? 
18:28:20 : Group: II TheElite II: Ja is goed!
18:28:33 : Group: II TheElite II: Welke wil je doen?
18:28:45 : Group: II TheElite II: Laat maar er is nog niks XD
18:28:49 : Group: [NG2] Jesse: eerst beste volgende bandit..
18:29:19 : Group: II TheElite II: Ja doen we! Dan ga ik eerst een sniper fixen 
18:29:25 : Group: [NG2] Jesse: me 2
18:29:43 : Group: [NG2] Jesse: heb je er wel een? ,heb er genoeg..
18:30:27 : Group: II TheElite II: Ja heb ik maar ik ga toch even bij dat kamp kijken hier in de buurt
18:30:37 : Group: II TheElite II: Kijken of ik daar wat kan regelen
18:30:40 : Group: [NG2] Jesse: novy?dd
18:30:45 : Group: II TheElite II: Ja die :P
18:30:56 : Group: [NG2] Jesse: speel je al lang op deze server?
18:31:21 : Group: II TheElite II: Ehm ik denk 2 weken op deze server
18:31:35 : Group: II TheElite II: Maar speel al jaren Dayz 
18:31:40 : Group: [NG2] Jesse: oke coolaa
18:32:02 : Group: II TheElite II: Wil je die missie doen?
18:32:11 : Group: [NG2] Jesse: beetje onhandig ver
18:32:21 : Group: II TheElite II: Ja zat ik ook te denken...
18:32:26 : Group: [NG2] Jesse: komt snel wel een 2de
18:34:03 : Group: [NG2] Jesse: heb je vervoer of zou ik met suv komen richting novy?
18:34:29 : Group: II TheElite II: Ik heb een fiets XD
18:34:48 : Group: [NG2] Jesse: haha! 
18:35:00 : Group: [NG2] Jesse: een echte hollander
18:35:26 : Group: II TheElite II: Haha zo is dat!
18:39:23 : Group: II TheElite II: Heb een svd met 1 mag
18:40:01 : Group: [NG2] Jesse: moet je niet een betere wapen ? 
18:40:42 : Group: II TheElite II: Tja ik heb volgens mij nog een KSVK zonder ammo en een paar DMR's
18:41:04 : Group: [NG2] Jesse: ooh, haat ksvk en svd :P kan je niet mee inzoomen ^^ 
18:42:21 : Group: II TheElite II: Ja zit wat in :P
18:42:34 : Group: II TheElite II: Op hoeveel meter afstand doe jij die missies dan?
18:42:55 : Group: [NG2] Jesse: hangt van de plek af rond 800 meestal
18:44:30 : Group: II TheElite II: Ik heb alleen een ammo probleempje
18:44:36 : Group: II TheElite II: M240 mag en svd
18:45:00 : Group: [NG2] Jesse: we gaan wel eerst een loot plekje vinden
18:45:10 : Group: II TheElite II: Perfect :)
18:45:39 : Group: II TheElite II: 15 kogels m240 :')
18:50:44 : Group: [NG2] Jesse: je kan de auto gewoon vol proppen
18:50:57 : Group: II TheElite II: k
18:51:04 : Group: II TheElite II: Nog niks gespawned he?
18:52:16 : Group: II TheElite II: Komen alleen maar meer nu natuurlijk XD
18:52:34 : Group: II TheElite II: Geen ammo meer...
18:52:45 : Group: [NG2] Jesse: pak alles wat goud waard is dan verkopen we dat en krijg je dan
18:53:32 : Group: II TheElite II: YEs goed plan
18:54:19 : Group: [NG2] Jesse: wil je munity? kan je me bloodbagen mis veel bloed, bloodbag in de auto
18:54:31 : Group: [NG2] Jesse: humanity*
18:55:05 : Group: II TheElite II: Thanks :)
18:57:00 : Group: II TheElite II: Alles gehad?
18:58:52 : Group: II TheElite II: Is 2DIE4 een vriend van jullie?
18:59:00 : Group: [NG2] Jesse: nope!!@
18:59:04 : Group: II TheElite II: Ojee XD
18:59:31 : Group: [NG2] Jesse: hij is een dikke bandit, en duitser ^^ 
18:59:59 : Group: II TheElite II: Hahah dan zeker niet 
19:04:35 : Group: [NG2] Jesse: en heb je een beetje een goed wapen? 
19:04:36 : Group: II TheElite II: Verkopen dan maar? 
19:04:52 : Group: II TheElite II: Geen goede sniper eigenlijk
19:04:56 : Group: II TheElite II: Alleen die svd
19:05:02 : Group: II TheElite II: Maar daar lukt het ook wel mee
19:05:03 : Group: [NG2] Jesse: ja is goed, pak maar wat je wilt houden! ,
19:05:12 : Group: II TheElite II: Verkoop maar alles
19:05:16 : Group: [NG2] Jesse: :P 
19:05:20 : Group: II TheElite II: Koop ik ammo en dan ben ik er klaar voor
19:05:27 : Group: [NG2] Jesse: slechte loot round :( 
19:05:37 : Group: II TheElite II: Ja was niet echt bijzonder
19:06:18 : Group: [NG2] Jesse: is weer 30 gold
19:06:25 : Group: II TheElite II: 30!?
19:06:33 : Group: II TheElite II: Voor een koe
19:06:41 : Group: II TheElite II: Wist ik niet
19:06:43 : Group: [NG2] Jesse: 6 cookd beef is 30 gold bij het verkopen
19:06:56 : Group: II TheElite II: Dat is echt netjes
19:07:01 : Group: II TheElite II: Goed om te weten
19:07:13 : Group: Sir LongSleeves: add alexxx ff in group
19:07:16 : Group: [NG2] Jesse: 2 koeen en je hebt een suv :Pw
19:07:31 : Group: II TheElite II: Kun je niet gewoon op die koe rijden?
19:07:42 : Group: [NG2] Jesse: ?
19:07:42 : Group: II TheElite II: Helemaal mooi
19:07:57 : Group: II TheElite II: Wie heeft een suv nodig als je een koe hebt :P
19:08:02 : Group: [NG2] Jesse: hahah 
19:08:47 : Group: [NG2] Jesse: je ging dood man
19:08:53 : Group: [NG2] Jesse: door ai
19:14:40 : Group: alexxx: u get my dmr
19:14:57 : Group: Sir LongSleeves: no
19:15:07 : Group: Sir LongSleeves: im dead
19:15:17 : Group: Sir LongSleeves: i didnt kill you
19:16:50 : Group: [NG2] Jesse: je mag het goud hebben
19:17:00 : Group: II TheElite II: Heb niks meer :P
19:17:16 : Group: [NG2] Jesse: goed zit in de auto mag je hebben ! 
19:17:27 : Group: II TheElite II: Ik had perongelijk 2 goedkope wapens in mn rugtas gelaten dus kon er 2x M240 en 6x SVD van kopen
19:17:38 : Group: II TheElite II: Ooh nice, thanks! :)
19:18:26 : Group: [NG2] Jesse: missies zijn wel gevaarlijk.. gok ik ,.. 
19:18:36 : Group: [NG2] Jesse: ooh ja doe maar
19:18:43 : Group: II TheElite II: Ja wil je nog een missie doen of toch maar niet?
19:19:08 : Group: [NG2] Jesse: kunnen ook gewoon door looten, .. 
19:19:30 : Group: [NG2] Jesse: of gewoon een missie is ook wel zo spannend
19:19:38 : Group: II TheElite II: Doen we dat! Ik ga denk toch stoppen over een half uurtj
19:19:49 : Group: II TheElite II: Oja ook prima :P
19:20:04 : Group: [NG2] Jesse: laten we nog even looten dan.. met een mission kan alles gebeuren
19:20:24 : Group: II TheElite II: Yes
19:21:39 : Group: II TheElite II: Thanks dat ik het goud mag hebben
19:21:44 : Group: [NG2] Jesse: wat is je humanity?
19:21:50 : Group: [NG2] Jesse: np heb genoegw
19:21:50 : Group: II TheElite II: 7300
19:21:55 : Group: [NG2] Jesse: netjes
19:22:03 : Group: alexxx: sir
19:22:04 : Group: II TheElite II: Hahah hoelang speel jij al in deze server?
19:22:14 : Group: II TheElite II: Wat is jouw humanity?
19:22:17 : Group: [NG2] Jesse: bijna 2 maanden gok ik .. 
19:22:17 : Group: alexxx: u do the mision ?
19:22:28 : Group: Sir LongSleeves: yes
19:22:29 : Group: [NG2] Jesse: 10450
19:22:38 : Group: Sir LongSleeves: did you have a DMR and M16?
19:22:39 : Group: II TheElite II: Nog beter ;)
19:22:45 : Group: alexxx: no
19:22:50 : Group: alexxx: i come 
19:23:03 : Group: II TheElite II: Ben je dan lvl2 hero?
19:23:11 : Group: [NG2] Jesse: ja
19:23:26 : Group: II TheElite II: En 15000 zal dan wel lvl3 zijn :p
19:23:33 : Group: [NG2] Jesse: jup
19:23:44 : Group: II TheElite II: Wel relaxed dat je dan met een wapen begint
19:23:55 : Group: [NG2] Jesse: dat is lvl 3 
19:23:57 : Group: [NG2] Jesse: ^^
19:24:12 : Group: II TheElite II: lvl 2 krijg je toch m4? Of is dat plaatje bedrog?
19:24:22 : Group: [NG2] Jesse: dat is lvl 4
19:24:37 : Group: II TheElite II: Oja hero heeft 4 levels
19:24:44 : Group: II TheElite II: Was het even kwijt :P
19:24:51 : Group: [NG2] Jesse: zag net ook 5 is toegevoegd
19:25:04 : Group: II TheElite II: Ooh nice!
19:27:50 : Group: II TheElite II: Hahah lekker dan
19:27:55 : Group: II TheElite II: Kom eraan op de fiets
19:27:56 : Group: [NG2] Jesse: zie hem nie ,.. 
19:28:08 : Group: II TheElite II: Hij ligt iets links van die ghillie
19:28:42 : Group: alexxx: im coming
19:29:51 : Group: [NG2] Jesse: neer
19:30:02 : Group: II TheElite II: Lekker
19:30:11 : Group: II TheElite II: Welke sniper heb jij
19:30:33 : Group: [NG2] Jesse: m110
19:30:45 : Group: alexxx: give 1 weapon
19:30:47 : Group: II TheElite II: Hij klinkt echt vet
19:30:50 : Group: alexxx: yes
19:30:52 : Group: alexxx: xD
19:31:27 : Group: alexxx: my love
19:31:50 : Group: alexxx: i go ok
19:31:58 : Group: Sir LongSleeves: ok
19:32:37 : Group: [NG2] Jesse: zombies.. .
19:32:46 : Group: II TheElite II: Word je leip van
19:33:58 : Group: II TheElite II: m24
19:34:02 : Group: II TheElite II: beter dan svd?
19:34:10 : Group: [NG2] Jesse: weer stome loot,..!!!! 
19:34:37 : Group: II TheElite II: Ja zeg dat wel
19:35:27 : Group: alexxx: was so close
19:35:28 : Group: alexxx: xD
19:35:45 : Group: II TheElite II: Kan je kleding niet meer pakken?
19:35:52 : Group: [NG2] Jesse: tenten al gedaan? 
19:36:00 : Group: II TheElite II: Yes helemaal niks...
19:36:22 : Group: Sir LongSleeves: flanking
19:36:38 : Group: [NG2] Jesse: 2de locatie
19:36:49 : Group: II TheElite II: Airfield
19:36:55 : Group: [NG2] Jesse: jup
19:37:07 : Group: II TheElite II: Zit jullie basis bij de dam?
19:37:12 : Group: [NG2] Jesse: ja
19:37:26 : Group: II TheElite II: Ik ben er een keer langs gelopen, netjes hoor :P
19:37:33 : Group: [NG2] Jesse: ^^d
19:37:43 : Group: II TheElite II: Mijn 2x2 is daar niks bij XD
19:38:05 : Group: [NG2] Jesse: je bent welkom om bij ons in de buurt te bouwen zo dat we elkaar kunnen helpen
19:38:27 : Group: alexxx: i shot 1
19:39:03 : Group: II TheElite II: Dat is wel een goeie. Ik gebruik voorlopig nog even deze en als ik genoeg geld heb om wat moois te bouwen dan kijken we wel ;)
19:39:14 : Group: [NG2] Jesse: is cool
19:39:27 : Group: alexxx: no bandage
19:39:47 : Group: alexxx: help
19:40:25 : Group: [NG2] Jesse: nog niks gespawnd? 
19:40:41 : Group: II TheElite II: Jawel in firedepartment wel maar alleen maar poep
19:41:20 : Group: alexxx: help 5000 blod
19:41:24 : Group: alexxx: blood
19:41:29 : Group: II TheElite II: heb je wat aan windscreen of scrap metal?
19:41:35 : Group: [NG2] Jesse: nee! :P 
19:41:51 : Group: II TheElite II: Geen idee wat die vehicle parts waard zijn XD
19:41:58 : Group: Sir LongSleeves: one comming to yuo
19:42:04 : Group: [NG2] Jesse: haha niks maar je kan wel voor spare mozziepart sparen
19:42:25 : Group: Sir LongSleeves: got her
19:42:39 : Group: alexxx: broken legs
19:42:48 : Group: alexxx: cant survive bye my friend ))))))))
19:43:17 : Group: Sir LongSleeves: one my flank
19:44:22 : Group: II TheElite II: Vekopen en stoppen?
19:44:32 : Group: [NG2] Jesse: deze gasten wonnen ook dicht bij de dam, vandaar zijn ze in de groep
19:44:53 : Group: II TheElite II: Aah jullie zijn bevriend met hun
19:45:00 : Group: II TheElite II: Goede zaak
19:45:45 : Group: [NG2] Jesse: soort van ingame leren kennen net als ons en dan dicht bij de dam komen bouwen zodat we elkaar kunnen helpen in nood.. als bjiv worden aangvallen
19:46:14 : Group: II TheElite II: Ja precies. Veel beter dan onderling oorlog voeren :P
19:47:39 : Group: [NG2] Jesse: even ammo verkopen bij hero
19:47:52 : Group: [NG2] Jesse: dan trader en dan klaar
19:47:58 : Group: II TheElite II: k
19:48:32 : Group: M.K.: hey :D
19:52:54 : Group: [NG2] Jesse: hoe zit je?
19:53:02 : Group: II TheElite II: Haha met ''
19:53:04 : Group: Sir LongSleeves: im gonna shoot dont worry
19:53:18 : Group: II TheElite II: Naast je backslash
19:53:30 : Group: [NG2] Jesse: jaja cpp;
19:53:32 : Group: [NG2] Jesse: cool
19:53:43 : Group: II TheElite II: Hahah cool he :P
19:53:56 : Group: II TheElite II: De salut kende je al?
19:54:16 : Group: [NG2] Jesse: ja zeker wist wel dat je kon zitten maar niet hoe :P 
19:54:23 : Group: II TheElite II: Aah zo
19:54:47 : Group: [NG2] Jesse: je mag de goud houden, ! heb je verdiend! hooplijk wil je in de toekomst in de buurt bouwen! 
19:55:19 : Group: [NG2] Jesse: waar is je base ? 
19:55:33 : Group: [NG2] Jesse: dan breng ik je er heen 
19:55:35 : Group: II TheElite II: Dankjewel! Dat waardeer ik! Ik zal er zeker over nadenken. Ik speel met 1 iemand anders maar die is er nooit >.>
19:55:44 : Group: [NG2] Jesse: :P 
19:55:54 : Group: II TheElite II: Ehm hij is hier vlakbij in de bossen wil je coordinaten?
19:56:13 : Group: [NG2] Jesse: als je een beetje engels kan we zitten oop op ts, dan is er altijd wel iemand online.. 
19:56:27 : Group: [NG2] Jesse: mark maar in groupchat 
19:56:58 : Group: II TheElite II: Hoe doe je dat ook alweer?
19:57:09 : Group: [NG2] Jesse: dubble klik op de map ..
19:57:19 : Group: II TheElite II: Gewoon marken terwijl je in groupschannel zit?
19:57:24 : Group: [NG2] Jesse: ja
19:57:26 : Group: II TheElite II: Dan zie alleen jij hem
19:57:30 : Group: II TheElite II: Lol wist ik niet
19:57:36 : Group: [NG2] Jesse: ik verwijder hem wel als ik hem heb gezien
19:57:37 : Group: II TheElite II: Staat erop
19:58:04 : Group: [NG2] Jesse: lekker centraal
19:58:10 : Group: II TheElite II: Ik heb zelf geen teamspeak alleen... Heb wel discord maar daar zitten jullie dnek iet op? 
19:58:17 : Group: II TheElite II: Haha mooie plek he
19:58:18 : Group: [NG2] Jesse: nope
19:58:25 : Group: II TheElite II: Novy lug looten en klen verkopen
19:58:57 : Group: II TheElite II: Ik zal wel even kijken om volgende keer teamspreak te installeren. Engels kan ik wel
19:59:07 : Group: [NG2] Jesse: top
19:59:35 : Group: II TheElite II: Mijn vila
19:59:39 : Group: [NG2] Jesse: haha
19:59:47 : Group: II TheElite II: Nogmaals bedankt!
19:59:58 : Group: [NG2] Jesse: np, zie je wel weer een andere keer
20:00:02 : Group: II TheElite II: En tot volgende keer
20:00:07 : Group: II TheElite II: Zeker
20:00:14 : Group: II TheElite II: EN dan wel missies
20:01:33 : Group: alexxx: go ?
20:01:39 : Group: Hailstorm: allone again?
20:01:46 : Group: Cristi: No, I am with a friend.
20:01:54 : Group: Cristi: Had hostiles on NE wanted to make sure it's not you.
20:02:07 : Group: Cristi: Can you add Mario?
20:02:12 : Group: Cristi: if you want to stick to the same group?
20:02:15 : Group: Cristi: Or I can go backw
20:02:41 : Group: Hailstorm: ivited
20:02:59 : Group: Hailstorm: hello
20:03:05 : Group: Winans: hi
20:03:09 : Group: Mario: hi
20:03:38 : Group: alexxx: lolll
20:04:00 : Group: alexxx: bye amigo
20:04:07 : Group: Sir LongSleeves: cya
20:07:37 : Group: Sir LongSleeves: 1 sec
20:09:44 : Group: Sir LongSleeves: need to sell some first
20:09:59 : Group: Sir LongSleeves: i got one
20:10:21 : Group: Sir LongSleeves: its broke
20:10:26 : Group: Sir LongSleeves: ask sierra
20:10:37 : Group: Sir LongSleeves: its a glitch i think
20:13:10 : Group: Sir LongSleeves: hang on, lemme check something
20:14:26 : Group: Sir LongSleeves: lemme show you why
20:15:12 : Group: Sir LongSleeves: see its cuz your in safezone
20:15:48 : Group: Hailstorm: lol
20:17:48 : Group: Winans: what happenend lol
20:17:54 : Group: Cristi: Flew over a base 
20:17:55 : Group: Cristi: Got shot down
20:18:01 : Group: Winans: what base
20:18:04 : Group: Cristi: Who has base at Podoba? 
20:18:20 : Group: Winans: mark it in group
20:18:27 : Group: Cristi: I spawned without map.
20:18:33 : Group: Cristi: Podoba Dam
20:18:35 : Group: Cristi: NE 
20:18:40 : Group: Hailstorm: maybe the mission
20:18:41 : Group: Cristi: Close to NEAF
20:18:46 : Group: Winans: sir longsleeves
20:18:48 : Group: Cristi: No, I flew away from the mision
20:19:01 : Group: Cristi: I ducked to avoid the mission, I got shot from the dam 100%
20:19:11 : Group: Cristi: Eh, yea it's a bandit.
20:19:24 : Group: Cristi: I'll be off for the night. Second time I get 1 briefcase for little bird and get fucked.
20:19:34 : Group: Winans: :/
20:19:39 : Group: Hailstorm: :(
20:19:55 : Group: Cristi: Gl :) 
20:20:01 : Group: Winans: try fishing
20:20:04 : Group: Winans: 30 mins
20:20:05 : Group: Cristi: Fishing?
20:20:07 : Group: Winans: 10 bc
20:20:17 : Group: Winans: yeah... if u are two ppl
20:20:24 : Group: Hailstorm: 2 backpacks full with fish 10 bc
20:20:30 : Group: Winans: u can make 8-10 bc in 30 mins
20:20:38 : Group: Cristi: Do you need to fish somewhere special?
20:20:46 : Group: Winans: at the sea
20:20:49 : Group: Hailstorm: only at the see
20:20:52 : Group: Winans: not ponds
20:21:04 : Group: Winans: on a boat u get a bonus
20:21:09 : Group: Cristi: Ok. 
20:21:12 : Group: Cristi: I'll try/
20:21:16 : Group: Cristi: I am off tonight. Have fun!
20:21:18 : Group: Winans: bb
20:21:28 : Group: Hailstorm: its boring, but profitable
20:31:16 : Group: M.K.: we're going to do the convoy mission
20:31:18 : Group: M.K.: you down?
20:32:01 : Group: Sir LongSleeves: no man im going
22:22:36 : Group: Turmoil: hi there longpants ^^
22:23:31 : Group: Turmoil: what are you doing? ^^
23:11:01 : Group: Turmoil: i deny it xD
23:11:15 : Group: Turmoil: on my way :)
23:11:30 : Group: 2DIE4: i see  =)
23:11:48 : Group: 2DIE4:  just need  a fast relog  scroll
23:14:50 : Group: Turmoil: your inside -_-
23:14:54 : Group: Turmoil: cant land this thing in there
23:15:54 : Group: Turmoil: pro rescue
23:15:55 : Group: Turmoil: where to?
23:17:24 : Group: Turmoil: cya
23:17:46 : Group: Turmoil: yw
23:18:35 : Group: Turmoil: that should get him started :) 4 briefs from the SUV and a DMR
23:19:05 : Group: Peasant: :D
