00:07:11 : Group: [NG2] Jesse: shotgun on mission :P 
00:07:25 : Group: Faldehals: like a hero lol
00:54:18 : Group: Faldehals: oki hf gl cya and never forget the morphine ;)
00:54:33 : Group: Turmoil: you too my friend :) cya
00:54:41 : Group: 2DIE4: bb
00:55:41 : Group: Faldehals: look at the map i market a barn i builde some safes to
00:57:31 : Group: [NG2] Jesse: i know its yours ^^
11:52:14 : Group: Turmoil: i just need to buy some ammo
11:52:37 : Group: -SDS- Gowther: Which sniper?
11:52:48 : Group: Turmoil: i use M110 
11:52:55 : Group: -SDS- Gowther: k
11:53:07 : Group: Turmoil: at long range missions i use L115 lapua
11:54:28 : Group: Turmoil: okay im on my way :)
11:58:43 : Group: Turmoil: how did u get ai all the way up here? :P
11:59:03 : Group: -SDS- Gowther: ?
11:59:08 : Group: Turmoil: oh its oyur body?
11:59:16 : Group: -SDS- Gowther: yes
12:00:54 : Group: Turmoil: what a stupid place to place a mission, no good spots to shoot from xD
12:01:03 : Group: -SDS- Gowther: like i said
12:01:13 : Group: -SDS- Gowther: thatrs why i said impossible
12:01:19 : Group: -SDS- Gowther: with 600m
12:02:17 : Group: -SDS- Gowther: takin fire
12:03:49 : Group: Turmoil: one on left side of truck... im almost at the truck
12:03:54 : Group: Turmoil: your left 
12:04:04 : Group: -SDS- Gowther: see him
12:04:09 : Group: -SDS- Gowther: 50m
12:04:21 : Group: -SDS- Gowther: out
12:04:39 : Group: -SDS- Gowther: yeah have fun with that
12:04:42 : Group: Turmoil: seems clear now
12:04:54 : Group: Turmoil: now i understand what you ment... bad place for mission xD
12:05:06 : Group: -SDS- Gowther: i took nothing
12:05:10 : Group: -SDS- Gowther: just watched
12:05:15 : Group: -SDS- Gowther: ty 
12:05:26 : Group: -SDS- Gowther: this 2 vehicles over there
12:05:28 : Group: -SDS- Gowther: west
12:05:28 : Group: Turmoil: i dont aneed any of it either so ^^ free for whoever wants it then i guess
12:05:39 : Group: -SDS- Gowther: are from last mission u can have tham if u want
12:05:57 : Group: Turmoil: the trucks?
12:06:07 : Group: -SDS- Gowther: where i am
12:06:59 : Group: Turmoil: scary place to build a base if the mission always spawns here xD
12:07:08 : Group: Turmoil: will be very nice to do missions from when its done tho
12:07:42 : Group: -SDS- Gowther: i search my truck XD
12:07:43 : Group: Turmoil: i just take this back to my mozzie and i will get out from your way so i dont bother you :)
12:08:03 : Group: -SDS- Gowther: yeah ty
12:08:22 : Group: Turmoil: your welcome, i only killed one ai so i didnt really do much xD
12:08:39 : Group: -SDS- Gowther: could one which kill me
12:11:10 : Group: Turmoil: was it the ambulance humwee?
12:14:20 : Group: -SDS- Gowther: +#
15:18:46 : Group: Mario: aloooo
15:19:10 : Group: Mario: ovidoi
16:05:58 : Group: PRISMIC: hi guys
16:06:06 : Group: Turmoil: hey
16:06:24 : Group: PRISMIC: i think someone has  been on  my account !
16:06:32 : Group: Turmoil: oh rly?
16:06:51 : Group: Turmoil: no one has been on here with it at least
16:07:22 : Group: PRISMIC: yer i spawned somweware else and had a sas outfit on plus a m4oa1 ??? when i logged of i had dmr and ghilliw
16:07:33 : Group: PRISMIC: *ghillie*
16:07:43 : Group: [NG2] Jesse: your sleepwalking?
16:08:11 : Group: Turmoil: must have been while i've been offline couse i havent seen you online since last time we spoke
16:08:13 : Group: PRISMIC: no the only other person who has acsess to my account is jacob aha !
16:08:43 : Group: PRISMIC: you guys on ts ?
16:08:52 : Group: Turmoil: well, its not very unlikely that he have been on is it? 
16:09:17 : Group: Turmoil: yes we are on TS, Hero channel
16:09:21 : Group: PRISMIC: explain that again  what ?
16:10:20 : Group: PRISMIC: can u come on room 1 with me ?
16:10:43 : Group: Turmoil: sure but im leaving at restart ^^
16:10:53 : Group: PRISMIC: okay
16:11:05 : Group: [NG2] Jesse: me 2
17:59:37 : Group: 2DIE4: ???
17:59:49 : Group: -SDS-Ban: moin
17:59:52 : Group: -SDS- Gowther: Ähm ein kumpel hatte etwas von metal pole
18:00:03 : Group: 2DIE4: ?
18:00:06 : Group: -SDS- Gowther: dass man die mit dem slagehammer irgendwo gegen schlagen muss
18:00:09 : Group: -SDS-Ban: und zwar wollten wir wissen wie wir an die munition nato 4000 round kommen?
18:00:10 : Group: 2DIE4:  metal pole ok?
18:00:18 : Group: -SDS- Gowther: ja
18:00:20 : Group: 2DIE4:  kaufen
18:00:27 : Group: 2DIE4:  oder mission
18:00:38 : Group: 2DIE4:  es sind nur 2000 rounds
18:00:50 : Group: 2DIE4:  M134   bandit oder  hero trader
18:00:52 : Group: -SDS- Gowther: bei der UH-1Y wird aber 4000rnd angegeben
18:00:56 : Group: -SDS-Ban: achso weil unten 4000 laden steht
18:01:16 : Group: 2DIE4: verwechselt net die kadenz mit der anzahl der kugeln
18:01:31 : Group: 2DIE4:  man kann die kadenz umstellen von 2000 auf 4000   ,
18:02:02 : Group: -SDS-Ban: also da wo oben 2000s/ min steht?
18:02:14 : Group: 2DIE4:  genau
18:02:28 : Group: 2DIE4:   heißt ja 2k schußß pro minut
18:02:33 : Group: 2DIE4: e
18:02:35 : Group: -SDS- Gowther: Bei welcher mission bekommt man die?`
18:02:42 : Group: 2DIE4:  oder halt 4k schuß pro minute
18:02:53 : Group: 2DIE4:  alle armed vehicle
18:03:02 : Group: -SDS- Gowther: Oke gut danke
18:03:05 : Group: 2DIE4:  und auch bei den armed chopper  missionen
18:03:07 : Group: -SDS- Gowther: und die metal pole?
18:03:18 : Group: 2DIE4:   kann man craften oder kaufen 
18:03:25 : Group: 2DIE4:  2 scrap metal = 1 pole
18:03:41 : Group: -SDS- Gowther: scrap metall sind die kleinen metallteile oder?
18:03:58 : Group: 2DIE4:  4 pole = 1  metalshield oder wie die dinger heißen . 
18:04:05 : Group: 2DIE4:  4 davon für ein metal floor
18:04:30 : Group: 2DIE4:  so eben reloggen und dann weiter  =)   wars das?
18:04:33 : Group: -SDS- Gowther: Ja das hab ich auf der wiki gesehen :D
18:04:47 : Group: -SDS- Gowther: Ja danke bester mann :)
18:04:50 : Group: 2DIE4:  metal panel heißen die dinger   
18:04:53 : Group: 2DIE4:   XD
18:05:04 : Group: 2DIE4:  ok   viel spaß b  mission
18:05:35 : Group: -SDS- Gowther: danke dir :)
19:22:04 : Group: Winans: hi
19:22:07 : Group: Mario: hello
19:22:08 : Group: Hailstorm: we got attacked
19:22:18 : Group: Hailstorm: all helis down
19:22:22 : Group: Winans: 2die4 destroyed parts of our base
19:22:30 : Group: Mario: pff
19:22:36 : Group: Winans: we are planning to attack him and his allies soon
19:23:02 : Group: Winans: are u going to join us with ur group?
19:23:03 : Group: Hailstorm: have to farm money first
19:23:15 : Group: Winans: we getting vehicles and explosives...
19:23:29 : Group: Mario: i will 
19:23:35 : Group: Winans: good...
19:24:10 : Group: Winans: try to keep ur money
19:24:20 : Group: Winans: so we can launch a huge attack
19:24:28 : Group: Winans: we will need all support we can get
19:24:44 : Group: Mario: perfect
19:26:26 : Group: Winans: okay going off now
19:26:34 : Group: Winans: be ready in the next days...
23:42:15 : Group: Ovidiu: what happend?
23:42:19 : Group: Turmoil: ai i think
23:42:28 : Group: Turmoil: unconcious and then zombie attacked me
23:42:36 : Group: Ovidiu: wtf
23:43:06 : Group: Turmoil: ill be there in a sec... i spawn with mozzie 
23:43:35 : Group: Turmoil: i guess helicopter dropped ai as well?
23:43:50 : Group: Ovidiu: yes
23:43:53 : Group: Ovidiu: 5
23:44:00 : Group: Turmoil: this is going to be fun xD
23:44:07 : Group: Ovidiu: 2 down
23:46:17 : Group: Turmoil: now im getting pissed off... ai shoot me in heli
23:46:25 : Group: Turmoil: or something shot me xD
23:46:50 : Group: Ovidiu: i think 1 more left
23:47:13 : Group: Turmoil: im in my mozzie on my way.... again
23:47:48 : Group: Turmoil: been up for almost 20 hours, not good idea to do mission then, lol
23:47:51 : Group: Turmoil: really tired
23:48:02 : Group: Ovidiu: i think is done
23:49:06 : Group: Turmoil: i hear gunfire
23:49:13 : Group: Ovidiu: me
23:49:17 : Group: Ovidiu: shoot zombie
23:50:00 : Group: Turmoil: you can have all guns from dead people if u want?
23:50:28 : Group: Ovidiu: just look to take some ammo for my gun
