03:39:44 : Side: RoyalG: are there AI
03:39:53 : Side: RoyalG: say at NW
08:33:14 : Side: ThirdEyeSphinx: sup
11:32:46 : Side: HectoR: hi
11:32:56 : Side: Tamago: hiwa
11:32:56 : Side: ThirdEyeSphinx: Hi
11:45:10 : Side: Greg: hi guys
11:45:16 : Side: Tamago: hello
11:52:54 : Side: Greg: Tamago going for mission?
11:53:04 : Side: Tamago: thinking abhout it
11:53:15 : Side: Greg: i can join ;p
11:53:40 : Side: Tamago: do you have any pkt ammo?
11:53:54 : Side: Greg: its pkp magazine?
11:54:07 : Side: Tamago: pkt. pkp is dofferent i think
11:54:47 : Side: Greg: hmm
11:55:43 : Side: Tamago: where are you?
11:55:58 : Side: Greg: near pobeda
11:56:13 : Side: Tamago: wth is that
11:56:28 : Side: Greg: hahah
11:56:36 : Side: Greg: 99 22
11:57:01 : Side: Tamago: oh at the dam. why there?
11:57:13 : Side: Greg: taking back my mozzie ;p
11:57:17 : Side: Tamago: kk xD
11:57:30 : Side: Greg: leave it here yesterday after mission :)
11:57:36 : Side: Tamago: okiesw
11:57:45 : Side: Greg: where we going?
11:57:54 : Side: Greg: Gorka?
11:58:13 : Side: Tamago: bandit base is too hard. its insane
11:58:20 : Side: Greg: ahh ok
11:58:34 : Side: Tamago: just come to stary slowly
11:58:40 : Side: Tamago: and than we will think about it
11:58:44 : Side: Greg: roger
12:35:29 : Side: Greg: brb
13:00:00 : Side: ThirdEyeSphinx: Greg, still down for a mission?
13:00:21 : Side: Greg: yeah i die a minute ago ;p
13:00:31 : Side: Greg: need to get back there
13:09:47 : Side: Tamago: what mission you are doing greg?
13:10:05 : Side: Greg: offroad near pavlovo
13:10:16 : Side: Tamago: we are going to do that one too xD
13:10:35 : Side: Tamago: wanna share it?
13:10:44 : Side: Greg: killed 50cl, two mgs and around 4 more ;p
13:10:48 : Side: Greg: yeah, sure
13:11:12 : Side: Tamago: i can see 6 ai on the gps
13:13:55 : Side: Tamago: we are about to open fire
13:14:00 : Side: Greg: kk
13:14:05 : Side: Tamago: there
13:25:18 : Side: Greg: ikea near ;p
16:51:34 : Side: LWB [SD]: thirdeye let me know when you are free
17:05:46 : Side: ThirdEyeSphinx: sup
17:05:55 : Side: ThirdEyeSphinx: Anyone need blood bags?
17:52:37 : Side: ThirdEyeSphinx: Did I steal someone's chopper?
18:29:27 : Side: ThirdEyeSphinx: Oh lawd, we got a few bandits :D
19:46:23 : Side: ThirdEyeSphinx: Hey
19:46:54 : Side: ThirdEyeSphinx: Just running a few in game errands lol
19:47:29 : Side: ThirdEyeSphinx: In about 5 mins I should be ready
19:56:46 : Side: ThirdEyeSphinx: Almost done
19:57:39 : Side: LWB [SD]: ok
20:02:57 : Side: ThirdEyeSphinx: Alright ready
20:03:03 : Side: LWB [SD]: alrighty
22:08:03 : Side: Greg: evening Cherno
