05:04:24 : Group: Ryan: A
12:01:45 : Group: Laurence Gommersil: yo
12:02:02 : Group: 2DIE4:  sup u kinow i cannot writ much
12:02:08 : Group: Laurence Gommersil: why?
12:02:18 : Group: 2DIE4:  gret ... my scroll just fucked up again
12:02:29 : Group: Laurence Gommersil: xD
12:02:36 : Group: 2DIE4: after writing the scrolol function gts disabled 4 some reason
12:05:44 : Group: Laurence Gommersil: wanna come do this hero base next to my base?
12:05:54 : Group: Laurence Gommersil: im doing but it is hard xD
12:06:29 : Group: Laurence Gommersil: wanna help me?
12:06:52 : Group: Laurence Gommersil: bdw just asking how do you repair a mozzie?
12:07:05 : Group: 2DIE4:  idk
12:11:45 : Group: Laurence Gommersil: 2die4
12:12:06 : Group: 2DIE4:  na dude not this time im busy myself
12:12:16 : Group: 2DIE4:  i dont have much time 
12:12:28 : Group: 2DIE4:  and scroll again
20:14:23 : Group: PRISMIC: u guys doing mission 
20:14:52 : Group: Freedom: /not at moment
20:14:58 : Group: [NG2] Jesse: nope stuck, at here because mission 
20:15:23 : Group: [NG2] Jesse: freedome
20:16:59 : Group: [NG2] Jesse: its a trap!
20:20:00 : Group: [NG2] Jesse: becarefull mission here
21:01:57 : Group: [NG2] Jesse: this is yours?
21:02:01 : Group: Laurence Gommersil: ye
21:02:14 : Group: Laurence Gommersil: the other isnt
21:04:17 : Group: PRISMIC: im gunnu do vodnic mission wanna join ?
21:04:43 : Group: [NG2] Jesse: not now,.. i goin look some old bases
21:04:50 : Group: PRISMIC: copy
21:09:10 : Group: PRISMIC: wait freedom !
21:09:19 : Group: PRISMIC: can u give us a lift  to traider
21:10:11 : Group: Laurence Gommersil: 1 sec freedom just parking
21:10:18 : Group: PRISMIC: KK
21:13:08 : Group: Laurence Gommersil: thanks
21:16:19 : Group: Laurence Gommersil: no im fine
21:28:48 : Group: [NG2] Jesse: you dint kill the m2 :P 
21:31:25 : Group: PRISMIC: anymore m2 ?
21:32:01 : Group: PRISMIC: /
21:34:29 : Group: Turmoil: gracias mi amigo
21:34:39 : Group: Laurence Gommersil: i understand :)
21:36:00 : Group: Laurence Gommersil: freedmon u see the m2?
21:37:00 : Group: [NG2] Jesse: killed m2
21:37:06 : Group: Laurence Gommersil: u see anymore?
21:37:46 : Group: [NG2] Jesse: yes
21:44:10 : Group: Laurence Gommersil: can u tow a heli with a car?
21:44:30 : Group: Turmoil: nope but you can tow a car whit a heli
21:44:49 : Group: Laurence Gommersil: confusion
21:45:05 : Group: PRISMIC: WE WILL FIX LATER
21:45:11 : Group: PRISMIC: caps
21:45:25 : Group: Turmoil: i will find you and i will ... hug you
21:45:44 : Group: PRISMIC: kk cool babe can we do more than hug  ?
21:45:44 : Group: [NG2] Jesse: naked?
21:45:49 : Group: Turmoil: im always naked
21:46:07 : Group: Turmoil: ready to use prismics tight little.... yeah you know
21:46:20 : Group: [NG2] Jesse: nom nom nom
21:46:35 : Group: PRISMIC: couch...cough.. laurence is 10
21:46:43 : Group: Turmoil: i use no bad words?
21:47:04 : Group: Turmoil: i like giving you a friendly hug
21:47:13 : Group: Turmoil: you dont have to be gay to make a friend feel good Prismic <3
21:47:49 : Group: PRISMIC: love you man xxx
21:50:57 : Group: PRISMIC: can someone pck me uo
21:51:29 : Group: Turmoil: you ask to borrow helis prismic, you say you are a good pilot... but somehow you always crash xD <3
21:51:43 : Group: Turmoil: i love you no matter what <3
21:52:03 : Group: Turmoil: i think your cars inside also exploded... alot of explosions over there
21:52:03 : Group: PRISMIC: i toed a heli and  it glitched  out
21:52:06 : Group: PRISMIC: lol
21:52:18 : Group: Turmoil: you towed a damaged heli and it blew up when you dropped it :) thats quite normal
21:52:26 : Group: Laurence Gommersil: xD turmoil
21:52:28 : Group: Turmoil: a damaged heli is more fragile than a virgin
21:52:38 : Group: Turmoil: no phun intended
21:52:44 : Group: PRISMIC: aha
21:52:48 : Group: Laurence Gommersil: turmoil does that meen ure fragile?
21:52:54 : Group: Turmoil: yep :)
21:52:54 : Group: PRISMIC: you coming  ?
21:53:10 : Group: [NG2] Jesse: nope full
21:53:14 : Group: Turmoil: im a virgin... no one can ever say otherwise
21:53:48 : Group: PRISMIC: you comin ?
21:53:53 : Group: [NG2] Jesse: gross
21:53:57 : Group: Turmoil: who?
21:54:02 : Group: Laurence Gommersil: you turmoil xD
21:54:03 : Group: PRISMIC: pick me up ??!!
21:54:21 : Group: [NG2] Jesse: you got a bike@!@
21:54:21 : Group: Turmoil: im not flying... im just hitching a ride 
21:59:06 : Group: Laurence Gommersil: suhh
22:20:12 : Group: Laurence Gommersil: rip turmoil
22:38:38 : Group: Laurence Gommersil: jesse and turmoil
22:38:43 : Group: Turmoil: mmm?
22:38:52 : Group: Laurence Gommersil: just found rpg off an ai body
22:38:57 : Group: Turmoil: yes?
22:41:22 : Group: Laurence Gommersil: how much is it to sell rpgs?
22:41:28 : Group: Turmoil: nothing
22:41:39 : Group: Laurence Gommersil: how  come?
22:41:50 : Group: Turmoil: you cant sell them
23:55:49 : Group: PRISMIC: whats happened
23:55:58 : Group: Turmoil: we all muted you
23:56:09 : Group: [NG2] Jesse: your speakers!
