14:21:25 : Direct: Qwarl: не ссы
14:21:32 : Direct: Qwarl: своих не обижаю
14:32:34 : Direct: Qwarl: ))
14:32:46 : Direct: Qwarl: from russia
14:32:54 : Direct: Greg: szmato ty złodziejska
14:33:03 : Direct: Qwarl: men
14:33:10 : Direct: Greg: transwestyta
14:33:29 : Direct: Qwarl: your from?
14:33:54 : Direct: Qwarl: aa
14:33:56 : Direct: Qwarl: ok
14:34:27 : Direct: Qwarl: пока)
17:08:08 : Direct: LWB [SD]: there is a plotpole here already
17:08:13 : Direct: LWB [SD]: in this safe I guess
17:09:39 : Direct: VLADIMIR>***: admin?
17:09:50 : Direct: LWB [SD]: is your plotpole inside the safe?
17:10:50 : Direct: VLADIMIR>***: yes i move it and make it hapend
17:12:09 : Direct: LWB [SD]: I dont really underatand the problem. Your plot pole is here inside the safe
17:13:14 : Direct: VLADIMIR>***: no no he disappeard, as it transfered
17:13:24 : Direct: LWB [SD]: remove the safe
17:14:01 : Direct: VLADIMIR>***: my base in berezino
17:25:07 : Direct: VLADIMIR>***: Admin im in base, i show yu problem?
17:25:14 : Direct: LWB [SD]: ok
17:25:27 : Direct: VLADIMIR>***: im weit
17:26:13 : Direct: LWB [SD]: there is no plot here, its been removed
17:26:15 : Direct: VLADIMIR>***: BE HER
17:27:37 : Direct: VLADIMIR>***: YU CAN TRANSLAOR ON PL
17:28:38 : Direct: LWB [SD]: there is no plotpole here. You cant place a new one as its too close to another
17:29:02 : Direct: VLADIMIR>***: I CAN NOT PUT THE SECOND
17:29:25 : Direct: VLADIMIR>***: 100 M COMUNICAT
17:29:29 : Direct: LWB [SD]: its too close to the one below, it must be over 100m away from another
17:30:06 : Direct: VLADIMIR>***: AND THE FEES?
17:30:33 : Direct: LWB [SD]: place the pole higher up, or remove the one in the building below
17:31:44 : Direct: VLADIMIR>***: I do not undrestend
17:32:05 : Direct: LWB [SD]: you have anothe plot in the building below this. Its too close to this to place one here
17:32:16 : Direct: LWB [SD]: you must remove that one to put one here
17:33:24 : Direct: VLADIMIR>***: you do not se at home plot pole?
17:33:35 : Direct: LWB [SD]: there is no plot pole here
17:34:17 : Direct: VLADIMIR>***: i cant not knok a second?
17:34:40 : Direct: LWB [SD]: its too close to your other one
17:35:50 : Direct: VLADIMIR>***: it hapened how it transfered
17:36:27 : Direct: LWB [SD]: i dont know what you mean by transfered. You cant place one here when you have another so close.
17:36:38 : Direct: LWB [SD]: I cant help any more, you need to remove your other one
17:37:20 : Direct: VLADIMIR>***: nie rozumiem'
17:38:02 : Direct: LWB [SD]: too close
17:38:04 : Direct: LWB [SD]: remove it
17:38:08 : Direct: LWB [SD]: then place in tower
17:38:52 : Direct: LWB [SD]: now go in tower and place it
17:41:02 : Direct: VLADIMIR>***: i can not:((((
17:41:15 : Direct: LWB [SD]: place plot pole here, there is not one here
17:43:06 : Direct: VLADIMIR>***: i still can not?
17:43:18 : Direct: LWB [SD]: why not?
17:43:42 : Direct: Daniel: hey man
17:43:48 : Direct: Daniel: ty
17:44:16 : Direct: LWB [SD]: too many parts, you need to delete some
17:44:35 : Direct: VLADIMIR>***:  aaaaaaaaaa ok
17:44:59 : Direct: LWB [SD]: must be under 200 parts
17:45:31 : Direct: VLADIMIR>***:  undresss?
17:46:06 : Direct: LWB [SD]: remove the sheds and wooden crate fisrt and try again 
17:46:12 : Direct: VLADIMIR>***: strip part
17:46:23 : Direct: LWB [SD]: yes remove parts
17:46:43 : Direct: VLADIMIR>***: okkkk LWB:)
17:46:53 : Direct: LWB [SD]: ok, I have to go now for dinner :)
17:46:57 : Direct: VLADIMIR>***: super serwer:)
17:47:07 : Direct: LWB [SD]: ;)
22:09:23 : Direct: Tomahawwk: .
23:21:41 : Direct: Browny: ts?
