02:22:08 : Group: LankyDrop84: fuck yeah
07:27:26 : Group: ThirdEyeSphinx: Yeah lol
07:27:31 : Group: ThirdEyeSphinx: Lost 3 keys
07:27:44 : Group: Tamago: what how come
07:27:48 : Group: Tamago: never happened to me
07:27:55 : Group: ThirdEyeSphinx: ND i HAVE LOOT IN THE suv AND HUMVEE
07:27:59 : Group: Tamago: and wow this chat i busy
07:28:07 : Group: ThirdEyeSphinx: Yeah.
07:28:11 : Group: ThirdEyeSphinx: I'm in the lobby
07:28:20 : Group: ThirdEyeSphinx: Death grips is my name
09:24:58 : Group: ThirdEyeSphinx: How do I slow down?
09:25:03 : Group: ThirdEyeSphinx: And go down?
09:25:06 : Group: ThirdEyeSphinx: Can't remember
09:28:16 : Group: Tamago: use mouse scroll menu to turn autohover
09:30:13 : Group: ThirdEyeSphinx: Can't sell it.
09:30:18 : Group: ThirdEyeSphinx: Humanity too low
09:30:22 : Group: Tamago: whats ytour humanity
09:30:28 : Group: ThirdEyeSphinx: 4000
09:30:29 : Group: Tamago: you need 5k to use this trader
09:30:34 : Group: Tamago: k i will sell it
09:31:35 : Group: Tamago: its 3 breifs and why we are talking here? xD
09:32:59 : Group: ThirdEyeSphinx: Yeah, you dced on Discord
09:33:10 : Group: Tamago: yup it crashed. but i cold still hear you so wtf
09:33:18 : Group: Tamago: and you can take all 3 briefs :D
09:33:25 : Group: Tamago: im relloging on discorrd
12:58:05 : Group: Greg: hahha
13:01:20 : Group: VLADIMIR>***: Hej Greg-hahaha nie zlecialem z rampy. zlamalem nozke
13:01:34 : Group: VLADIMIR>***: nie mam micro
13:01:44 : Group: Greg: hahha ja też
13:01:48 : Group: Greg: jestem w pracy
13:01:50 : Group: VLADIMIR>***: co robisz?
13:02:01 : Group: VLADIMIR>***: hahahhaha jaki gośc:)))
13:02:02 : Group: Greg: zbieram broń i sprzedaję
13:02:07 : Group: Greg: a ty?
13:03:42 : Group: VLADIMIR>***: ja latam od trejda do bazy,wooow nowa opcja telefon komorkowy na starcie":))))))
13:04:08 : Group: Greg: budujesz w berezynie? ;p
13:04:27 : Group: VLADIMIR>***: tak i obok Krutoy
13:04:44 : Group: VLADIMIR>***: ladne smigielko znalazlem-idealne na misje
13:04:54 : Group: VLADIMIR>***: mocno uzbrojone
13:04:56 : Group: Greg: tzn?
13:04:59 : Group: Greg: aha
13:05:14 : Group: VLADIMIR>***: naprawilem i stoi w bazie
13:05:32 : Group: Greg: nice
13:05:48 : Group: VLADIMIR>***: jakies nowe grafiki zrobili -fajnie fajnie
13:05:55 : Group: VLADIMIR>***: duzo misji
13:06:14 : Group: Greg: ale duże tylko
13:07:38 : Group: Greg: o, jadę na urala ;p
13:07:53 : Group: VLADIMIR>***: aheheheh wariat
13:08:12 : Group: VLADIMIR>***: ja buduje baze i ladne bicie mam z niej na misje;)
13:08:17 : Group: Greg: szkoda że hero
13:08:33 : Group: Greg: muszę wpaść ;p
13:09:10 : Group: VLADIMIR>***: w czerno 20 na plusie, slonecznie, bez opadow, walka brak,czyli bezpiecznie:)
13:09:21 : Group: Greg: ahahah
13:13:00 : Group: Greg: kurwa co jest z tymi komendami
13:17:19 : Group: Greg: kick za słownictwo lol
13:17:40 : Group: VLADIMIR>***: ze po polsku na grupie?
13:17:49 : Group: Greg: za kur... ;p
13:18:00 : Group: VLADIMIR>***: hahahha aaaaa
