00:02:12 : Side: Turmoil: whos at the dam?
00:02:16 : Side: [NG2] Jesse: GOAWAY@!
00:03:13 : Side: [NG2] Jesse: DUDE @ MSSION LEAVE WITH YOUR TRUCK
00:03:24 : Side: [NG2] Jesse: LAST WARNIG@!
00:03:27 : Side: Winans: pibe and luca <3
00:03:28 : Side: Luca: why?
00:03:47 : Side: [NG2] Jesse: we cleard it! 
00:04:06 : Side: Winans: give them the loot... :D they live in a wooded cave
00:04:09 : Side: Luca: we want to take some equipment
00:04:32 : Side: Winans: lol
00:04:37 : Side: Winans: with anzio
00:05:10 : Side: Luca: stop shooting me
00:05:54 : Side: [NG2] Jesse: RUN AWAY LAST WARNIG@!
00:06:00 : Side: Luca: ok im going
00:06:06 : Side: Luca: dont shoot me
00:06:13 : Side: Boosted Outlaw: id run if i was you
00:06:20 : Side: Boosted Outlaw: he didnt miss the last guy
00:06:25 : Side: Turmoil: i can give you a lift if you want and ill buy you a new truck Luca :)
00:06:31 : Side: [NG2] Jesse: the other guy wears a bandit skin so i killed him@! 
00:06:44 : Side: Boosted Outlaw: ah i see
00:06:56 : Side: Turmoil: want a lift and a new truck Luca?
00:07:09 : Side: [NG2] Jesse: do see the hero sign it says egnough i supose
00:07:13 : Side: Luca: im not a bandit
00:07:27 : Side: [NG2] Jesse: thats why i dint shoot you directly
00:07:28 : Side: Luca: ok
00:07:50 : Side: Luca: sorry but why you shoot my tank?
00:08:05 : Side: Luca: it is not the hero base??
00:08:15 : Side: [NG2] Jesse: so you get killed by explosion so dont lose humnity
00:08:28 : Side: Pibe: all sorry....he shooting all people and all objects
00:08:35 : Side: Winans: dat hero life
00:08:57 : Side: Turmoil: go to klen Luca :) ill meet you there with a new truck
00:09:01 : Side: [NG2] Jesse: yeah man is realy dick move to take the mission from other players
00:09:18 : Side: Ryan: who 2 die 4 is thast who your talking about
00:09:54 : Side: [NG2] Jesse: yea but you dindt ask before entering hero town ^^ 
00:10:10 : Side: Ryan: mw
00:10:12 : Side: Ryan: me
00:10:26 : Side: [NG2] Jesse: communicatie before entring plz
00:10:39 : Side: Ryan: will try when come near
00:10:44 : Side: Pibe: yes yes
00:11:08 : Side: [NG2] Jesse: ^^ tur wil take care for the dmg! 
00:11:15 : Side: Pibe: repeat all sorry....now you shooting luca
00:11:24 : Side: [NG2] Jesse: i dont shoot now,.. 
00:11:29 : Side: [NG2] Jesse: there is still ai ^^ 
00:11:53 : Side: Pibe: one of you shooting
00:12:03 : Side: Turmoil: no, there is still AI at mission
00:12:18 : Side: [NG2] Jesse: tur will give you a lift! .. 
00:12:29 : Side: Turmoil: where are you?
00:12:55 : Side: Luca: sotty but i dont trust you
00:13:02 : Side: Winans: lol
00:13:08 : Side: Turmoil: can you see me?
00:13:10 : Side: [NG2] Jesse: haha
00:13:18 : Side: Luca: no
00:13:28 : Side: Turmoil: i have 4 briefs of gold for you dude
00:13:35 : Side: [NG2] Jesse: you will get you car back if you join him at the heli
00:13:37 : Side: Luca: no tx
00:13:42 : Side: Luca: :)
00:13:53 : Side: Turmoil: so you dont trust a hero? ask ANYONE on this server if im a backstabber
00:14:01 : Side: [NG2] Jesse: ^^
00:14:05 : Side: Luca: ok. i see
00:14:12 : Side: Turmoil: i even given shit away to 2DIE4 and WInans
00:14:34 : Side: Ryan: doesnt change their actions
00:14:38 : Side: Turmoil: ill go to Klen, buy a MTVR and put the gold and key in it, take it if you want or someone else does
00:14:44 : Side: Winans: hey what u mean by that xD im a respected bandit :D
00:15:10 : Side: Luca: tx you. but i dont need
00:15:16 : Side: Pibe: luca don't listen....it's not true...now you kill me
00:15:20 : Side: Turmoil: its just fair, we blew up your truck
00:15:52 : Side: Pibe: they kill me
00:16:06 : Side: [NG2] Jesse: i am not in the heli! 
00:16:17 : Side: Winans: turmoil... give them a truck and a chainsaw they could really need it... was watching them today they build whole base from chopping wood
00:16:27 : Side: Turmoil: dang 
00:16:40 : Side: Luca: hahahaha
00:16:44 : Side: Luca: true XD
00:21:04 : Side: Luca: my truck ;,(
00:21:19 : Side: Turmoil: where are you?
00:21:31 : Side: Luca: at home now :)
00:23:11 : Side: Turmoil: your base is right next to klen right? dont shoot me, i come with new truck and supplies
00:24:04 : Side: Luca: o man you are serius??
00:24:12 : Side: Winans: he is :D
00:24:16 : Side: Turmoil: key is in the truck
00:24:17 : Side: Winans: trust him man...
00:24:24 : Side: [NG2] Jesse: we are heros@!
00:24:25 : Side: Luca: you have bring me back a truck?
00:24:28 : Side: [NG2] Jesse: 30k +
00:24:28 : Side: Turmoil: with some supplies also
00:24:40 : Side: Luca: ok pibe take this! 
00:24:40 : Side: 2DIE4:  winans u got that truck i just saw it goin towards lopatino  =))
00:24:53 : Side: Luca: tx 
00:24:55 : Side: Winans: knew u was camping there :Dw
00:25:03 : Side: Turmoil: now do you trust me perhaps?
00:25:06 : Side: Luca: XD
00:25:08 : Side: Winans: saw zombies on the field :Dw
00:25:20 : Side: 2DIE4:  im not even close
00:25:43 : Side: 2DIE4:  just saw that ttruck haulin ass 
00:25:52 : Side: Winans: u know...
00:25:59 : Side: Winans: was looting so i needed a truck
00:26:01 : Side: Winans: :D
00:26:48 : Side: Luca: tx turmoil!
00:26:58 : Side: Turmoil: you are very welcome :=
00:27:02 : Side: Turmoil:    :)
00:27:11 : Side: Luca: ok! :)
00:27:28 : Side: Ryan: trumoil and jess are best guys/girls i have no idead on the server
00:27:43 : Side: Winans: 2die4
00:27:45 : Side: Turmoil: guys ;)
00:27:47 : Side: Luca: ok! now i know!!
00:27:53 : Side: Winans: u still hunting those guys down? :D
00:28:13 : Side: [NG2] Jesse: dont walkin in the front yard next ime when i am doing a mission with my anzio
00:28:30 : Side: Luca: ok! got it
00:29:07 : Side: Boosted Outlaw: i hate being a hero sometimes
00:29:25 : Side: Boosted Outlaw: you kill one survivor and it drops your humanity like 3k
00:29:46 : Side: Turmoil: try killing me :)
00:29:50 : Side: Turmoil: it drops more
00:29:53 : Side: Boosted Outlaw: nah im good
00:30:01 : Side: [NG2] Jesse: he has a bandit skin.. lost some but i can get i back
00:30:12 : Side: [NG2] Jesse: i droped from 37k to 33k now
00:30:34 : Side: Luca: ok
00:30:56 : Side: Winans: i know the struggle jesse....
00:31:07 : Side: Winans: my humanity drops every day.... :(
00:31:41 : Side: Boosted Outlaw: lol im only at like 4700 i was at almost 7000
00:37:43 : Side: [NG2] Jesse: sorry pibe and luca i hope everthing is oke now.. 
00:37:55 : Side: Luca: yes. np
00:38:12 : Side: Pibe: ok :)
00:38:30 : Side: [NG2] Jesse: cool,.. next time i will help you and stuff... :P 
00:38:50 : Side: Luca: ok :D tx
03:23:25 : Side: GBK: admin
03:23:33 : Side: GBK: ???
03:39:20 : Side: Boosted Outlaw: hows your night going boys?
03:57:08 : Side: GBK: Who was in the mission where I died and my team was stolen?
05:04:19 : Side: Freedom: hello
05:04:26 : Side: Ryan: HI
05:04:28 : Side: Boosted Outlaw: suo
05:04:31 : Side: Boosted Outlaw: sup
05:04:41 : Side: Freedom: not much man
06:49:48 : Side: Boosted Outlaw: sup freedom
06:49:51 : Side: Boosted Outlaw: friendly
06:50:02 : Side: Boosted Outlaw: just gonna do the mission
07:08:45 : Side: Boosted Outlaw: hey freedom
07:08:58 : Side: Boosted Outlaw: you there?
07:09:05 : Side: Freedom: yes sir
07:09:14 : Side: Boosted Outlaw: nvm i got it
07:09:21 : Side: Freedom: ok
07:09:22 : Side: Boosted Outlaw: was gonna try to bum some fuel off you
07:09:36 : Side: Freedom: can if you need too
07:09:57 : Side: Boosted Outlaw: nah i found a better way
07:10:01 : Side: Boosted Outlaw: its good bro
07:10:04 : Side: Freedom: i can bring you some too
07:10:07 : Side: Freedom: ok
07:10:37 : Side: Boosted Outlaw: btw nice work on the town bro
07:11:05 : Side: Freedom: thanks getting populated over here lol
07:11:16 : Side: Freedom: haha i hear yeah
09:27:36 : Side: Freedom: hello 2die4
09:28:32 : Side: Freedom: stupid mission
10:37:30 : Side: 2DIE4:  hey winans 
10:37:36 : Side: Winans: sup
10:38:01 : Side: 2DIE4:  u know that barn between pustoshka  veresnik and vybor? 
10:38:40 : Side: Winans: at sosnovka?
10:39:08 : Side: 2DIE4:  no pretty much half way from vybor to pustoshka
10:39:19 : Side: 2DIE4:  wooden barn
10:39:24 : Side: Winans: ah yeah
10:39:35 : Side: 2DIE4:  u know whos it is?  XD
10:39:58 : Side: Winans: not sure.... 
10:40:18 : Side: Winans: i think
10:40:26 : Side: 2DIE4: killed then a couple of times yesterday  XD
10:40:30 : Side: Winans: it was misas old base
10:40:53 : Side: Winans: i camped them 1 time at their base and killed a bunch of vechicles
10:40:55 : Side: 2DIE4:  well it still is  they transfere vehicles from missions and loot tours in it  =)
10:41:06 : Side: Winans: ah okay
10:41:19 : Side: 2DIE4:  and ther is a nother base right in pustoshka 
10:41:20 : Side: Winans: its not their main base tho
10:41:29 : Side: 2DIE4:  metal industrial 
10:41:33 : Side: Winans: yeah i checked it out yesterday
10:41:45 : Side: 2DIE4:   we got some work to do  XD
10:41:54 : Side: Winans: let them build up a bit....
10:41:57 : Side: 2DIE4:    XD
10:41:58 : Side: Winans: those guys are fun
10:42:00 : Side: Winans: btw
10:42:05 : Side: Winans: u got a second base?
10:42:17 : Side: 2DIE4:   well considering all the plots i have  XD
10:42:24 : Side: 2DIE4:   i must have like 4 bases   
10:43:08 : Side: Winans: cracked another base yesterday
10:43:18 : Side: Winans: good loot xD
10:43:33 : Side: Winans: the truck u saw was packed
12:01:08 : Side: Laurence Gommersil: yo 2die4!
12:01:17 : Side: 2DIE4: yo
12:01:21 : Side: Laurence Gommersil: join
12:23:32 : Side: Ylitron: ghbdtn dctv
12:23:41 : Side: Ylitron: привет всем
12:23:49 : Side: 2DIE4:  english only here pls
12:23:57 : Side: Ylitron: ok
12:24:00 : Side: 2DIE4:  thx mate
12:24:08 : Side: Ylitron: yes\
12:25:09 : Side: Ylitron: bolota helli crash
12:25:21 : Side: 2DIE4:  happens
12:25:47 : Side: 2DIE4:  most likely its the C130   at the end of the airfield   =)
12:42:00 : Side: 2DIE4: winans armed lb?
12:42:09 : Side: Winans: yeah
12:44:36 : Side: Winans: did u got the safes at vybor base?
12:44:51 : Side: 2DIE4: wasnt me
12:44:57 : Side: Winans: ok
13:15:57 : Side: Winans: not today man :D
13:16:09 : Side: Brother Harris.: only needed some food wanted to scare you off
13:16:16 : Side: Brother Harris.: had a perfect shot on you for about 5mins
13:16:38 : Side: Winans: i was already driving off
13:16:45 : Side: Winans: why scare me ? :D
13:17:09 : Side: Brother Harris.: So you dont see me and decide to come back
13:17:24 : Side: Brother Harris.: i wanted to make sure you high tailed it outta there
14:43:21 : Side: Fedequeso: scream
15:33:18 : Side: VPr3stigious: anyone want to go fishing?
15:45:47 : Side: GBK: You were not 2die4?
15:45:55 : Side: 2DIE4: ?
15:46:00 : Side: GBK: You were not friendly?
15:46:01 : Side: 2DIE4:  yes i was
15:46:08 : Side: GBK: whiy kill me
15:46:17 : Side: 2DIE4:    i got 300 K negative humanity im almost friendly XD
15:46:58 : Side: GBK: Do not you dare to do missions but kill those who do
15:47:12 : Side: 2DIE4: i do missions aswell
15:47:22 : Side: 2DIE4:  not just hun ting players mate
15:48:01 : Side: GBK: he tenido oportunidades de matarte muchas veces y no lo he hecho
15:48:21 : Side: 2DIE4:  but i stick to the rules    sopls sspeak english in side
15:48:38 : Side: GBK:   I have had opportunities to kill you many times and I have not done it
15:48:45 : Side: GBK: stupid idiot
15:48:51 : Side: 2DIE4:  lol u dont even know i was there
15:48:56 : Side: 2DIE4:   sure  
15:49:13 : Side: GBK: (Y)
15:49:23 : Side: 2DIE4:   lol kid  =)
15:49:28 : Side: 2DIE4:  keep dieing
17:06:32 : Side: traffic cone: HELLO 
17:25:37 : Side: traffic cone: hello
17:39:28 : Side: Wilkomir: hey
17:39:38 : Side: Wilkomir: There are 2 bandits
17:39:44 : Side: Wilkomir: If u will help me with them
17:39:51 : Side: Wilkomir: U can take some loot
17:39:57 : Side: Wilkomir: deal?
17:40:07 : Side: 2DIE4: WHO U TALKIN TO  ß
17:41:43 : Side: Boosted Outlaw: zz
17:42:37 : Side: Boosted Outlaw: the weapons truck is clear bro you can stand up
17:43:25 : Side: Wilkomir: I killed 1
17:43:38 : Side: Boosted Outlaw: i dropped like 6 for you
17:43:39 : Side: traffic cone: me 2 the other one killed me
17:43:48 : Side: traffic cone: i cant spawn close :(
17:43:50 : Side: Wilkomir: Got the second
17:44:02 : Side: Boosted Outlaw: theres i think 1 maybe 2 behind that truck other than that your good
17:44:06 : Side: Wilkomir: 3rd
17:44:45 : Side: Boosted Outlaw: theres a heli landing nearby as well
17:45:01 : Side: Wilkomir: I don have space for this loot
17:45:11 : Side: Wilkomir: Message to everyone
17:45:22 : Side: Boosted Outlaw: grab a gun sell it and buy a vehicle yo store it in
17:45:34 : Side: Wilkomir: South from Stary is huge truck with loot inside
17:45:37 : Side: Boosted Outlaw: to store it in
17:45:40 : Side: Wilkomir: Take what do uwant
17:45:49 : Side: traffic cone: im trying to get ther
17:46:25 : Side: traffic cone: jessE?
17:51:13 : Side: traffic cone: who is in the car]
17:51:17 : Side: Wilkomir: me
17:51:22 : Side: Wilkomir: I killed them
17:51:31 : Side: Wilkomir: Tak what u want
17:51:31 : Side: traffic cone: oke
17:51:41 : Side: traffic cone: had to shoot a szombi
17:53:48 : Side: Wilkomir: cya
17:53:49 : Side: traffic cone: thank you for not shooting me
17:53:51 : Side: Wilkomir: Have a good day
17:55:37 : Side: Murge: Is there weed on this server?
17:56:10 : Side: traffic cone: jessE?
18:12:05 : Side: traffic cone: HOW DO I make a key for a mission heli?
18:12:16 : Side: Peasant: you dont
18:15:27 : Side: Wilkomir: hey
18:15:35 : Side: Wilkomir: Got humvee huh?
18:15:50 : Side: traffic cone: yeah but its mission loot so cant keep it
18:38:30 : Side: Wilkomir: Jesus
18:38:38 : Side: Wilkomir: why?
19:08:57 : Side: DarkAndDreary: Hi
19:09:06 : Side: Freedom: hello
19:14:20 : Side: Freedom: every sang time im trying to build there is a mission next to hero town smh
19:14:43 : Side: 2DIE4: xD
19:15:07 : Side: Freedom: hey 2die4 dident see ya come in how it going man?
19:15:26 : Side: 2DIE4: DOIN AIGHT  09 
19:15:29 : Side: 2DIE4:  damn caps
19:16:07 : Side: Freedom: lol ya i do it all the time usually i notice after im done typing and to lazy to retype xD
19:23:28 : Side: DarkAndDreary: How do I put a map waypoint?
19:23:56 : Side: Sebastian: shift and lecft click
19:23:56 : Side: Freedom: hold shif and left mouse click
19:24:03 : Side: DarkAndDreary: Thanks
20:11:42 : Side: Laurence Gommersil: jesse inv
20:12:11 : Side: [NG2] Jesse: i am not leader.. 
20:12:19 : Side: Laurence Gommersil: who is?
20:12:24 : Side: [NG2] Jesse: my mom 
20:12:32 : Side: Laurence Gommersil: :O
20:33:45 : Side: DarkAndDreary: Is it ever nighttime here?
20:34:05 : Side: Freedom: if voted
20:34:25 : Side: Freedom: only last 15 min 
21:31:52 : Side: Turmoil: loooooonely, i aaaaaam so looooooonely, i haaaaaave noooooobody, oooooooon myyyyyyyyyy ooooooooooown </3
21:32:05 : Side: PRISMIC: stfu x
21:32:10 : Side: PRISMIC: u have me baby
21:32:26 : Side: Turmoil: you left me for a woman!!
21:33:35 : Side: Turmoil: LAURENCE!
21:33:41 : Side: Laurence Gommersil: what!
21:33:45 : Side: Turmoil: guess what
21:33:53 : Side: Laurence Gommersil: hmm?
21:33:59 : Side: Turmoil: hit F5 and send me an invite
21:34:03 : Side: Laurence Gommersil: :O
22:16:30 : Side: Winans: hi
22:16:35 : Side: Turmoil: hi ^^
22:16:40 : Side: [NG2] Jesse: hi
22:26:51 : Side: mr.whale.men: hey '
22:26:59 : Side: PRISMIC: HEY SEXY
22:27:10 : Side: mr.whale.men: you like cake?
22:27:21 : Side: PRISMIC: yes
22:27:26 : Side: PRISMIC: u like dick/w
22:27:28 : Side: mr.whale.men: fuck you then
22:27:42 : Side: PRISMIC: why u mad ?
22:27:45 : Side: mr.whale.men: no
22:27:55 : Side: PRISMIC: awwwww do you need a hug /w
22:28:14 : Side: PRISMIC: u like  whales ?
22:28:23 : Side: mr.whale.men: no
22:28:25 : Side: mr.whale.men: i hate wales
22:28:29 : Side: mr.whale.men: whales
22:28:53 : Side: PRISMIC: what made you join  this  server
22:29:13 : Side: mr.whale.men: i like aids
22:29:22 : Side: PRISMIC: ?w
22:29:39 : Side: 2DIE4:  LOL  A NON BREASTFEEDE KIDDO
22:29:49 : Side: Winans: classic
22:29:49 : Side: Laurence Gommersil: crippling dreppresion
22:42:28 : Side: Laurence Gommersil: anyone wanna buy rpg
22:43:03 : Side: 2DIE4:  wanna buy 18 +
22:43:07 : Side: 2DIE4: ?
22:43:20 : Side: Laurence Gommersil: 18 + what?
22:43:24 : Side: Laurence Gommersil: whats that?
22:43:26 : Side: 2DIE4:  RPGs  XD
22:43:26 : Side: PRISMIC: hes 10...
22:43:39 : Side: PRISMIC: ow aha
22:43:46 : Side: Laurence Gommersil: its rpg18 ye
22:44:01 : Side: Laurence Gommersil: wanna buy?
22:44:38 : Side: 2DIE4:  no dude i got  at least 18 of them  X
22:44:45 : Side: Laurence Gommersil: just need
22:44:49 : Side: Laurence Gommersil: money atm
22:44:59 : Side: Winans: i need rockets :/
22:45:07 : Side: Laurence Gommersil: ill sell u rockests
22:45:12 : Side: Laurence Gommersil: rockets*
22:45:17 : Side: Winans: how many u got
22:45:20 : Side: Laurence Gommersil: 2
22:45:42 : Side: Winans: what u want
22:45:47 : Side: Laurence Gommersil: what u got?
22:45:53 : Side: Laurence Gommersil: offers?
22:46:34 : Side: Winans: dunno... 20 gold each
22:46:41 : Side: Laurence Gommersil: nah
22:46:43 : Side: 2DIE4:  lol
22:46:48 : Side: 2DIE4:  way to cheap
22:46:48 : Side: Laurence Gommersil: probs 1 brief each xD
22:46:57 : Side: Turmoil: you get them at every mission laurence, they are not worth much :P
22:46:58 : Side: Winans: i got like 18 rockets atm
22:47:03 : Side: Winans: so not really desperate for them
22:47:19 : Side: Laurence Gommersil: why ask /:
22:47:21 : Side: Winans: ye i think 1 bc is too much
22:47:33 : Side: Winans: cuz maybe u sell em cheap so its a good deal
22:47:45 : Side: Winans: asking is for free u know
22:48:13 : Side: Laurence Gommersil: 123 distance
22:48:16 : Side: Laurence Gommersil: noice
22:52:06 : Side: PRISMIC: lol
22:52:17 : Side: PRISMIC: rip whale
23:52:17 : Side: picachy: admin?
23:52:25 : Side: Turmoil: admin is not on
23:52:32 : Side: Turmoil: whats up?
23:53:01 : Side: picachy: i need speak witch admin)
23:53:27 : Side: Turmoil: if its regarding 2DIE4 there is no point, he is playing fair and he is not hacking... 
23:53:55 : Side: picachy: yes yes
23:54:26 : Side: Turmoil: and the admin will say exactly the same... but ofcourse if you want to file a complaint you can go to www.survivalist-dayz.com :)
23:56:55 : Side: picachy: every time I found only on me, where I am there he comes
23:57:05 : Side: mr.whale: hey
23:57:23 : Side: 2DIE4:  BEEN AT THAT MISSION $ EVER ALREADY DUDE
23:57:51 : Side: Turmoil: he is in teamspeak, he was the mission when you arrived, he watched you guys for a couple of minutes before he even shot at you :)
23:58:36 : Side: 2DIE4:  i liked the part wwhen one of u was sitting 50 m next to me  =)
23:59:27 : Side: mr.whale: wilt iemand mn pik zuige?
23:59:34 : Side: Turmoil: english in sidechat
23:59:42 : Side: 2DIE4: english only pls  mr cheese
23:59:53 : Side: mr.whale: XD
