00:01:51 : Group: Mr. Shortbottoms: hey guys, anyone have a helipad i could borrow until iv'e built my own?
00:02:02 : Group: Mr. Shortbottoms: found a huey :D
00:02:10 : Group: [NG2] Jesse: d/you can place at dam 
00:02:26 : Group: [NG2] Jesse: hero
00:02:31 : Group: Mr. Shortbottoms: awesome thanks
00:02:45 : Group: Mr. Shortbottoms: next to where i saw another heli parked earlier?
10:13:23 : Group: MeGa_Koffiepot: hey m8 
10:28:55 : Group: Sir LongSleeves: koffie kan je reaperZA inviten in de groep?
10:29:11 : Group: MeGa_Koffiepot: jij bent de leader :)
10:29:24 : Group: Sir LongSleeves: nee hoor xDS
10:29:27 : Group: Sir LongSleeves: dat ben jij
10:29:31 : Group: MeGa_Koffiepot: kijk nog is
10:29:48 : Group: MeGa_Koffiepot: ^^
10:29:57 : Group: Sir LongSleeves: xD thnx
13:11:51 : Group: MeGa_Koffiepot: gade op missie jacht?
13:12:34 : Group: Sir LongSleeves: zodra me vodnik veilig bij basis staat ja xD
13:27:56 : Group: Sir LongSleeves: ik rij weer verkeerd xD
13:29:15 : Group: Sir LongSleeves: dit is me oude uaz
13:30:50 : Group: MeGa_Koffiepot: voorwicjtig
13:31:03 : Group: MeGa_Koffiepot: voorzichtig
13:43:44 : Group: RecDi [Ru: Дратутет
13:43:49 : Group: RecDi [Ru: Я Франчи
13:44:07 : Group: hitrec: Привет )
13:44:13 : Group: hitrec: сосед стало быть? )
13:44:18 : Group: RecDi [Ru: А я тиму ищу
13:44:26 : Group: hitrec: ))
13:44:30 : Group: RecDi [Ru: Ты же с Вованом и репликатом играл?
13:44:35 : Group: hitrec: да
13:44:41 : Group: RecDi [Ru: А они куда делись?
13:45:07 : Group: hitrec: репликатор зебегал, вован занят пока
13:45:15 : Group: RecDi [Ru: А ясно
13:45:37 : Group: hitrec: как у тебя ник-то был?
13:45:45 : Group: RecDi [Ru: Franchi516
13:45:53 : Group: hitrec: ага, точно
13:49:12 : Group: hitrec: шутка-самосмейка? )
13:49:24 : Group: RecDi [Ru: Я сейф щас хочу купить
13:49:43 : Group: hitrec: да вон, свай написал
13:51:01 : Group: RecDi [Ru: Все купил
13:51:06 : Group: hitrec: норм )
13:54:52 : Group: RecDi [Ru: Прочекай Copper
13:55:55 : Group: RecDi [Ru: Ладно я поехал
13:56:02 : Group: hitrec: УДАЧИ )
14:07:14 : Group: RecDi [Ru: Все
14:07:26 : Group: RecDi [Ru: Все худшее позади
14:07:43 : Group: RecDi [Ru: Сейф поставлет
14:08:14 : Group: RecDi [Ru: Я в СС щас за патронами на М24 
14:08:55 : Group: RecDi [Ru: Хитрец
14:09:05 : Group: RecDi [Ru: А ты герой или бандит?
14:09:46 : Group: hitrec: герой
14:10:10 : Group: RecDi [Ru: Яснов
14:10:21 : Group: RecDi [Ru: Долго набивал?
14:10:33 : Group: hitrec: нет
14:12:19 : Group: RecDi [Ru: Может жёлтую на дичине зачистим?ц
14:12:45 : Group: hitrec: пока не
14:13:33 : Group: RecDi [Ru: Можешь мне маг на ДМР купить?в
14:13:44 : Group: Sir LongSleeves: koffie ik was net bezig met je auto in veiligheid te brenge xD
14:13:58 : Group: MeGa_Koffiepot: yess he
14:14:02 : Group: MeGa_Koffiepot: kut internetµ
14:14:08 : Group: MeGa_Koffiepot: kan nie inloggen op ts
14:15:00 : Group: MeGa_Koffiepot: ik kom hem zo p
14:15:06 : Group: MeGa_Koffiepot: op pikken effe kijken neer ts
14:15:29 : Group: MeGa_Koffiepot: nl1.ts3.creativehosting.nl
14:15:44 : Group: MeGa_Koffiepot: juist toch?
14:15:56 : Group: Sir LongSleeves: jup
14:16:24 : Group: MeGa_Koffiepot: hmmm
14:16:37 : Group: MeGa_Koffiepot: kan nie joine
14:18:34 : Group: MeGa_Koffiepot: thx
14:18:42 : Group: MeGa_Koffiepot: kweet nie ts doet beu
14:18:42 : Group: Sir LongSleeves: no prob
14:19:00 : Group: Sir LongSleeves: nu me andere weer ff ophale xD
14:19:10 : Group: MeGa_Koffiepot: wilde nog snell effe die omzette naar ge gelt
14:19:24 : Group: Sir LongSleeves: naar wat?
14:19:37 : Group: hitrec: ссорь, я тут спешу )))
14:19:47 : Group: RecDi [Ru: Ливаешь?
14:19:57 : Group: hitrec: с рестартом
14:20:01 : Group: RecDi [Ru: А ясно
14:20:52 : Group: MeGa_Koffiepot: effe in men ottoke kijke en pak da ding er uit
14:21:00 : Group: MeGa_Koffiepot: kom
14:21:07 : Group: Sir LongSleeves: WELK DING\
14:21:16 : Group: Sir LongSleeves: oke moment kom dr an
14:21:26 : Group: hitrec: я тут недавно купил сейф, собрал автожир и полетел за 10 минут до рестарта
14:21:30 : Group: hitrec: просрал сейф 
14:21:31 : Group: [NG2] Jesse: kom op ts
14:21:34 : Group: hitrec: xD
14:21:45 : Group: RecDi [Ru: Печально
14:21:49 : Group: MeGa_Koffiepot: ts doet effe beu opt moment
14:22:16 : Group: RecDi [Ru: Ладно я тогда щас ливнуъ
14:22:17 : Group: hitrec: не на этом серве правда
14:22:22 : Group: RecDi [Ru: А
15:13:09 : Group: [NG2] Jesse: eeuuh helis here at my base for mission! 
15:34:38 : Group: Kev: jansen :D
15:34:45 : Group: Kev: guck das ding an :DD
15:38:19 : Group: Michael: hi
20:26:16 : Group: svvay: can I build in mount everest xd
20:33:05 : Group: MeGa_Koffiepot: hey
20:33:33 : Group: [NG2] Jesse: heyt
20:33:50 : Group: [NG2] Jesse: heb je spul nog
20:34:18 : Group: MeGa_Koffiepot: nieje
20:34:26 : Group: MeGa_Koffiepot: fress spawn
20:34:37 : Group: [NG2] Jesse: je m107
20:34:40 : Group: MeGa_Koffiepot: had je men hun nog ?
20:34:50 : Group: MeGa_Koffiepot: gun*
20:35:02 : Group: [NG2] Jesse: ja na die plane crach
20:35:15 : Group: MeGa_Koffiepot: lol
20:38:46 : Group: MeGa_Koffiepot: merci
20:38:53 : Group: [NG2] Jesse: np 
20:52:05 : Group: [NG2] Jesse: damn
