04:20:27 : Direct: Shady: I CANt rly hear u cuz of the engine ..
04:20:40 : Direct: Shady: yah
04:20:55 : Direct: Shady: meh i dont rly have a destination..
04:21:12 : Direct: Shady: hmm
04:21:18 : Direct: Shady: isnt it 2 dangerous ?!
04:21:53 : Direct: Shady: its okay u can go but.. how about when we see eachother dont shoot ?
04:22:06 : Direct: Shady: after all its dayz..
04:22:12 : Direct: Shady: :D 
04:22:25 : Direct: Shady: naah im okay
04:22:31 : Direct: Tomahawwk: ok
04:22:36 : Direct: Shady: nice knowing u <3
04:22:41 : Direct: Tomahawwk: r u sure i can get you  a gun or somthing
04:22:48 : Direct: Shady: its okay bruh <3
04:22:51 : Direct: Shady: thanks
04:24:01 : Direct: Shady: peace
05:41:55 : Direct: GBK: xDDDDD
05:42:01 : Direct: Tomahawwk: SDS WHEN DOSE YOUR FRIEND GET ON (sorry caps)_
05:42:38 : Direct: Tomahawwk: gbk want to be in our convoy
05:42:56 : Direct: Tomahawwk: ??
05:43:00 : Direct: GBK: you kill me
05:43:02 : Direct: GBK: xDDDD
05:43:16 : Direct: GBK: no thanks
05:43:18 : Direct: Tomahawwk: no i have no ammo for gun
05:43:23 : Direct: Tomahawwk: but ok friend
05:45:02 : Direct: Tomahawwk: HOP ON GUN
05:45:17 : Direct: Tomahawwk: G
05:45:23 : Direct: Tomahawwk: GBK HOP ON THE GUN
05:46:09 : Direct: GBK: hello motherfucker
05:46:16 : Direct: Tomahawwk: hello 
05:46:23 : Direct: Boosted Outlaw: muthafucka
05:46:44 : Direct: Tomahawwk: no fucking swearing plz
21:32:39 : Direct: [NG2] Jesse: who there!
21:33:38 : Direct: Turmoil: your mic is very low we dont hear what you say
22:50:54 : Direct: Turmoil: are you watching us SIerra?
