00:00:03 : Group: II TheElite II: 2 of them
00:00:09 : Group: II TheElite II: one with ghillie
00:00:15 : Group: II TheElite II: One in barn
00:09:02 : Group: 2DIE4:  ich hab alles gelöscht und komplett neu belegt
00:09:09 : Group: 2DIE4:  afterburner
00:09:12 : Group: 2DIE4:  alles
00:09:24 : Group: 2DIE4:  nö 
00:09:31 : Group: 2DIE4:   wenn dann im flugzeug
00:10:08 : Group: 2DIE4: hab ich auch 
00:10:17 : Group: 2DIE4:   aussteigen und eject
00:10:23 : Group: II TheElite II: You want me to get to you guys or shall I run to a safe spot to land?
00:10:25 : Group: 2DIE4:  ka  ging fix
00:10:41 : Group: [NG2] Jesse: fall back to helitrader
00:11:31 : Group: [NG2] Jesse: then you got your share..
00:11:47 : Group: II TheElite II: I don't deserve a share yet :P
00:12:03 : Group: [NG2] Jesse: when it goes wrong i could use you :P 
00:12:14 : Group: II TheElite II: ^^
00:12:37 : Group: 2DIE4:  warte mal 
00:13:14 : Group: 2DIE4:  du must schauen ob analog oder    warte
00:13:50 : Group: 2DIE4:  also mein thrust  also gas liegt auf analog
00:14:12 : Group: 2DIE4:  das sind deine achsen
00:14:20 : Group: 2DIE4:  was für joystick haste?
00:15:03 : Group: 2DIE4:  ok  kenn ich mich net mit aus ... 
00:15:22 : Group: 2DIE4:  hab halt nen joystick mit 3 achsen + schubregler 
00:15:35 : Group: 2DIE4:  für den warthog hotas bin ich zu gurig XD
00:15:43 : Group: 2DIE4:  mom
00:16:37 : Group: 2DIE4:  ja aber bei nem pad is normal das du den thumbstick nach vorne halten musst f gas 
00:16:43 : Group: 2DIE4:  so weit ich weiß
00:17:44 : Group: 2DIE4:  jo das is aber normal 
00:18:05 : Group: 2DIE4:  und du hast ja 2  thumbs  auf dem pad
00:18:30 : Group: 2DIE4:  hast du den drücker  unter controller im menü schon aktiviert?
00:19:04 : Group: 2DIE4:  unter controls  und dnn aircraft
00:20:00 : Group: 2DIE4:  strange
00:20:29 : Group: 2DIE4:  wie gesagt f joystickj könnt ich dir alles von mir mal durchgeben
00:20:36 : Group: 2DIE4:  aber pad is so ne sache 
00:21:06 : Group: 2DIE4:  und track IR is ein gerät das deine kopfbewegungen ingame umsetzt  =)
00:21:21 : Group: 2DIE4:  z google mal is geil 
00:21:56 : Group: 2DIE4:  ne kannste einstellen .... zB 1 cm  real = 90 grad ingame 
00:22:15 : Group: 2DIE4:   schau dir mal n video an   
00:22:15 : Group: II TheElite II: Thanks !
00:22:30 : Group: 2DIE4:  kannste mit zoomen ,, rausgucken   ....   
00:22:47 : Group: 2DIE4:   hab ich auch gedacht  .. .aber ich hab halt auch sim damit gedaddelt  )=(
00:23:06 : Group: 2DIE4:  jo bring mal dein pad an den start und dann fighten wir nochmal XD
00:23:18 : Group: 2DIE4:  2 gegen einen war schon kniffelig
00:23:52 : Group: [NG2] Jesse: i go buy a heli
00:23:54 : Group: II TheElite II: Are you guys going to play after the restart?
00:24:07 : Group: [NG2] Jesse: maybe ^^ 
00:24:30 : Group: II TheElite II: Depends on mission i guess?
00:24:40 : Group: [NG2] Jesse: yes ^^ 
00:25:05 : Group: [NG2] Jesse: and there is a mission at our base so we cant fly back now :P 
00:25:57 : Group: [NG2] Jesse: i am going to abort now and come back in 10 min .. 
00:25:59 : Group: II TheElite II: Hahaha you guys choose kind of a difficult place to maintain a base :P
00:26:09 : Group: II TheElite II: Alright
00:26:47 : Group: [NG2] Jesse: yea but from my tower i can shoot at the missions.. 
00:27:01 : Group: II TheElite II: Yea that's nice!
00:30:29 : Group: Turmoil: what are yu doing? ^^
00:30:35 : Group: II TheElite II: Just some looting XD
00:30:56 : Group: Turmoil: im gonna find a safe place to land and repack for restart ^^
00:31:17 : Group: II TheElite II: See you after restart :)
00:35:12 : Group: II TheElite II: You shooting? :P
00:35:29 : Group: Turmoil: yeah blowing up a car thats been sitting in the woods here for two weeks xD its anoying 
00:35:40 : Group: Turmoil: im gonna log now and go to the toilet before restart :D
00:35:50 : Group: II TheElite II: Hehe clean the vehicle database :P
00:43:52 : Group: Turmoil: jesse will soon be back, he just went to take a quick shower
00:44:10 : Group: II TheElite II: Haha k
00:44:38 : Group: II TheElite II: I'm going to check if the missions are good otherwise I'll take a shower a go to bed o:)
00:44:56 : Group: Turmoil: alright ^^
00:45:17 : Group: II TheElite II: Where are you from?
00:45:53 : Group: Turmoil: im from Norway ^^
00:45:58 : Group: Turmoil: you?
00:46:20 : Group: II TheElite II: Netherlands, like Jesse
00:46:27 : Group: Turmoil: aaah, i see :) 
00:46:41 : Group: II TheElite II: It's getting a bit late here :P
00:46:55 : Group: Turmoil: same here, we have the same timeline :)
00:47:04 : Group: Turmoil: 01:46
00:47:08 : Group: II TheElite II: That's right :P
00:47:32 : Group: II TheElite II: Yea I knew but I go a brainfart XD
00:47:45 : Group: II TheElite II: got*
00:47:52 : Group: Turmoil: xD
00:52:25 : Group: Turmoil: transportation for u ^^
00:52:34 : Group: II TheElite II: Thanks :D
00:52:53 : Group: Turmoil: i dont have key tho... so you can sell it or drive it for as long as u want
00:53:15 : Group: II TheElite II: Very nice thanks! :)
00:53:35 : Group: Turmoil: i just found it like that at the vehicle pound 
00:53:40 : Group: II TheElite II: I might sell it and log off if we are not going to do a mission.
00:54:01 : Group: II TheElite II: Still nice you give it to me instead of leaving it there
01:01:56 : Group: II TheElite II: I'm going off guys! See you later :D
01:02:24 : Group: Turmoil: cya later :)
08:59:34 : Group: Laurence Gommersil: hey
09:00:52 : Group: Laurence Gommersil: wow ure far away
09:04:14 : Group: Laurence Gommersil: wanna do a mission soon?
09:05:11 : Group: Laurence Gommersil: will u do captured mv22 mission with me just quickly?
12:40:18 : Group: Turmoil: hey Elite ^^
12:40:42 : Group: II TheElite II: Hey! :D
13:25:17 : Group: Laurence Gommersil: 2DIE4
13:25:21 : Group: Laurence Gommersil: these ure friends
13:25:29 : Group: 2DIE4:  no
13:26:06 : Group: Laurence Gommersil: you mind dropping me off at klen [;s
13:26:15 : Group: Laurence Gommersil: ?
13:26:36 : Group: 2DIE4:  klen is no   distance 
13:26:43 : Group: Laurence Gommersil: so can you?
13:27:09 : Group: 2DIE4: omin
13:27:16 : Group: Laurence Gommersil: kk thx
13:28:22 : Group: Laurence Gommersil: im at turmoils base
13:28:26 : Group: 2DIE4:  i know
13:28:31 : Group: Laurence Gommersil: oops i shot
13:28:33 : Group: Laurence Gommersil: sorry
13:28:40 : Group: Laurence Gommersil: did u hear? xD
13:28:56 : Group: 2DIE4:  nope
13:29:41 : Group: Laurence Gommersil: lets go to klennn
13:30:01 : Group: Laurence Gommersil: heli!
13:30:47 : Group: Laurence Gommersil: shoot more
13:31:03 : Group: Laurence Gommersil: drop me off
13:31:25 : Group: Laurence Gommersil: ill grab his loot
13:32:08 : Group: Laurence Gommersil: WHO IS IT
13:32:35 : Group: Laurence Gommersil: leave me here...
13:34:14 : Group: Laurence Gommersil: YES DUDE!
13:34:23 : Group: Laurence Gommersil: see my body
13:34:36 : Group: Laurence Gommersil: stay there
13:34:39 : Group: Laurence Gommersil: fk em up
13:36:13 : Group: Laurence Gommersil: ure a legend
13:36:48 : Group: Laurence Gommersil: GO GO GO
13:36:57 : Group: Laurence Gommersil: dude my loot
13:37:01 : Group: Laurence Gommersil: behind u
13:37:02 : Group: 2DIE4:  i got ya stuff
13:37:06 : Group: Laurence Gommersil: thank you!
13:37:11 : Group: Laurence Gommersil: get to klen
13:37:11 : Group: 2DIE4:  chopper
13:37:30 : Group: Laurence Gommersil: who killed me?
13:37:31 : Group: 2DIE4: take it out
13:37:38 : Group: 2DIE4:  ovidou
13:37:46 : Group: Laurence Gommersil: omg
13:38:16 : Group: 2DIE4:  get ya stuff out the chopper
13:38:36 : Group: 2DIE4:  just didnt get the backpack
13:38:48 : Group: 2DIE4:  get the toolbox
13:39:02 : Group: Laurence Gommersil: my backpack?
13:39:07 : Group: 2DIE4:  M240
13:39:20 : Group: 2DIE4:  backpack  did go i had to make it fast
13:39:29 : Group: Laurence Gommersil: oh
13:39:30 : Group: 2DIE4:  grtab the M240 sell it and buy one
13:39:56 : Group: Laurence Gommersil: stay here
13:40:03 : Group: 2DIE4:  u know u can carry two weapons right
13:40:15 : Group: Laurence Gommersil: not letting me
13:40:32 : Group: 2DIE4:  out the chopper  then push the main down and get another = ) 
13:40:34 : Group: Laurence Gommersil: thanks DUDE!
13:40:43 : Group: 2DIE4:  np
15:33:06 : Group: -SDS- Gowther: Wir wollen jetzt mal anfangen eine base zu bauen
15:33:13 : Group: -SDS- Gowther: haben aber kein plan von
15:33:36 : Group: -SDS- Gowther: bei uns baut eig immer jmd anderes
15:34:04 : Group: -SDS- Gowther: aber der hat wegen kolloquium keine zeit
15:34:26 : Group: -SDS- Gowther: Woher bekommt man denn baumaterial, kaufen ist ja arsch teuer
15:34:30 : Group: -SDS- Gowther: ?
15:35:20 : Group: 2DIE4:  die lunchbreak convoys   die crashed trucks    z und sonst looten 
15:35:35 : Group: 2DIE4:   an der küste spawnt viel baumat wie cinder   
15:35:46 : Group: -SDS- Gowther: an der küste?
15:35:46 : Group: 2DIE4:  metall is mehr nördlich  ... mein empfinden
15:35:56 : Group: 2DIE4:   halt cherno   elektro 
15:36:22 : Group: 2DIE4:   muß   ausl.... ebend mal hund rauslassen
15:36:24 : Group: -SDS- Gowther: Sowas spawn in den lagerhäusern?
15:36:42 : Group: -SDS- Gowther: Okee
17:12:08 : Group: -SDS- Gowther: Yoo
17:12:48 : Group: 2DIE4:  ich kann net viel schreiben, das kack immer mein scroll ab
17:12:55 : Group: 2DIE4:  lol schon passiert
17:27:11 : Group: -SDS-Ban: wir kommen später nochmal wieder bis denne und gute jagd
17:29:50 : Group: [NG2] Jesse: left side more AI
17:34:34 : Group: [NG2] Jesse: not on ts
17:36:08 : Group: Laurence Gommersil: jesse
17:36:16 : Group: Laurence Gommersil: large gunbag on the body here
17:36:41 : Group: [NG2] Jesse: if you want you can drop it at my base, you guys can put it in the yellow truck in front
17:37:17 : Group: [NG2] Jesse: you need antibotic
17:37:28 : Group: Laurence Gommersil: ed does ye
17:43:27 : Group: [NG2] Jesse: WTF!@
17:43:37 : Group: Turmoil: WTF=!?!?!?! pieces of shit!
17:43:44 : Group: Laurence Gommersil: ITS ED
17:43:46 : Group: Laurence Gommersil: NOT ME
17:44:00 : Group: PRISMIC: I WASNT SHOOTING  AT U
17:44:22 : Group: Turmoil: well, it wasnt AI was it?
17:44:34 : Group: PRISMIC: I WAS SHOOTING AT  A TREE
17:44:51 : Group: Turmoil: so thats why my heli got shot at? -_-
17:45:10 : Group: PRISMIC: it didnt  hit ur heli did it ?
17:45:16 : Group: Turmoil: yes it did...
17:45:36 : Group: PRISMIC: shit im so sorry ill pay for the damage
17:45:45 : Group: PRISMIC: i  didnt mean tiw
17:45:58 : Group: Turmoil: i came down the valley and when i pass you and laurence you hit me with alot of bullets... 
17:46:03 : Group: Turmoil: thats okay, lol
17:46:22 : Group: PRISMIC: i wasnt shooting anyware near u tho !
17:46:25 : Group: PRISMIC: ?
17:46:47 : Group: Turmoil: the bullets hit my heli and i saw red tracer rounds fly past me so it was very close :P and there are no AI here now so xD lol
17:47:11 : Group: PRISMIC: thereare still like 5 ai they  droped out the sky ??!!
17:47:39 : Group: Turmoil: yeah but i got shot from you guys... from the trucks at your base, no AI at your base
17:48:17 : Group: Turmoil: why did you kill Laurence btw if it was you shooting? :P
17:48:20 : Group: PRISMIC: jacob where  is  the  truck >
17:48:35 : Group: PRISMIC: got anoyed at him 
17:50:29 : Group: PRISMIC: Jacob wtf is  the  truck mate
17:50:49 : Group: Turmoil: WHO IS holding caps in!?=
17:51:09 : Group: PRISMIC: not  me  aha
17:51:43 : Group: Turmoil: LAURENCE?!?!?!?!
17:51:49 : Group: Laurence Gommersil: what?
17:59:44 : Group: PRISMIC: OKAY MATE
18:48:03 : Group: Laurence Gommersil: yo
18:48:30 : Group: [NG2] Jesse: yo
18:57:53 : Group: Laurence Gommersil: jesse and turmoil
18:58:02 : Group: [NG2] Jesse: yes?
18:58:05 : Group: Laurence Gommersil: can i get some help with this mission?
18:59:14 : Group: [NG2] Jesse: whe are on the way
18:59:19 : Group: Laurence Gommersil: ok thanks
18:59:24 : Group: Laurence Gommersil: im takin them out
18:59:30 : Group: Laurence Gommersil: slowly
19:01:32 : Group: Laurence Gommersil: WHAT KILLED ME
19:01:36 : Group: Turmoil: AI
19:01:41 : Group: Laurence Gommersil: Fuck
19:02:04 : Group: Turmoil: we are on the way
19:02:30 : Group: Laurence Gommersil: pick me up?
19:02:49 : Group: Turmoil: just get to the mission, we need to stop at the trader first
19:02:53 : Group: Laurence Gommersil: ok
19:03:37 : Group: Laurence Gommersil: bike broke
19:10:40 : Group: Laurence Gommersil: land over here
19:10:48 : Group: Turmoil: we are not flying 
19:10:55 : Group: Laurence Gommersil: car?
19:11:18 : Group: Turmoil: kinda
19:11:34 : Group: Laurence Gommersil: noo dont go that way
19:11:40 : Group: Laurence Gommersil: missions there
19:11:55 : Group: Laurence Gommersil: drive to me im at a sick spot
19:12:56 : Group: Laurence Gommersil: i said not that way..
19:14:08 : Group: Laurence Gommersil: wtf is that
19:17:33 : Group: Laurence Gommersil: zombIES SUCK DICK
19:23:22 : Group: Laurence Gommersil: u guys still helping me?
19:23:49 : Group: [NG2] Jesse: nope the ai blowed or armed car
19:32:51 : Group: II TheElite II: Whoops didn't see the invite :P
19:33:10 : Group: PRISMIC: time to kill the presedent lol
19:33:21 : Group: PRISMIC: rip prismic
19:33:23 : Group: II TheElite II: Im in
19:33:34 : Group: PRISMIC: copy
19:33:48 : Group: PRISMIC: meet by twin towers
19:34:01 : Group: II TheElite II: Roger
19:34:28 : Group: PRISMIC: need ur tower jesse aha
19:34:42 : Group: [NG2] Jesse: yea move slowling to base
19:35:09 : Group: PRISMIC: cool ill meet u at base
19:35:31 : Group: PRISMIC: need a pick up jesse .
19:38:18 : Group: [NG2] Jesse:  i am walking
19:38:36 : Group: II TheElite II: :')
19:39:35 : Group: [NG2] Jesse: we need to fix this here first... 
19:43:05 : Group: [NG2] Jesse: you guys try to do it from the hill i gues.. 
19:44:06 : Group: II TheElite II: Are we already starting? :P
19:44:11 : Group: Laurence Gommersil: no
19:44:16 : Group: PRISMIC: yea
19:44:16 : Group: II TheElite II: k
19:44:23 : Group: Laurence Gommersil: not just yet
19:44:36 : Group: II TheElite II: Ill take out the M2's
19:48:48 : Group: [NG2] Jesse: where comming to you
19:49:00 : Group: [NG2] Jesse: its not save?
19:49:04 : Group: II TheElite II: Not yet
19:49:13 : Group: II TheElite II: Cant see any more from up here
19:49:19 : Group: II TheElite II: Killed 4
19:49:34 : Group: PRISMIC: killed 5
19:49:51 : Group: II TheElite II: How many spawn at this mission? :P
19:50:06 : Group: PRISMIC: then got flanked
19:50:07 : Group: [NG2] Jesse: yo can come to my tower
19:50:10 : Group: Laurence Gommersil: dont go in yet
19:51:44 : Group: Laurence Gommersil: do pice
19:51:49 : Group: II TheElite II: Hero town ^^
19:56:40 : Group: [NG2] Jesse: ooh whow its so much to the left
19:57:02 : Group: II TheElite II: Not much to see from here :(
19:57:46 : Group: PRISMIC: hello
19:57:56 : Group: II TheElite II: Haaai
19:58:19 : Group: PRISMIC: having fun up there  are we /
19:58:29 : Group: [NG2] Jesse: you cant see anethig from here
19:58:44 : Group: PRISMIC: letsmove possision
19:59:18 : Group: II TheElite II: Few on the right
19:59:33 : Group: PRISMIC: wanna let  us  up
19:59:51 : Group: Laurence Gommersil: turmoil or jesse can i get a pick up my bike is broke
19:59:59 : Group: Turmoil: cant fly, mission still here
20:00:06 : Group: Laurence Gommersil: kk :/
20:00:25 : Group: PRISMIC: helloooo
20:00:32 : Group: PRISMIC: anyone in ?
20:00:36 : Group: PRISMIC: aha 
20:00:59 : Group: [NG2] Jesse: still seeing ppl? 
20:01:04 : Group: II TheElite II: y
20:01:14 : Group: II TheElite II: Marked
20:01:47 : Group: Laurence Gommersil: MY BODYS THERE DELETE MARK
20:01:51 : Group: PRISMIC: where are those shots coming from >
20:02:03 : Group: II TheElite II: Mark is in Group channel right?
20:02:12 : Group: PRISMIC: nee
20:02:27 : Group: II TheElite II: ....
20:02:57 : Group: PRISMIC: u letting me in jesse ?
20:03:02 : Group: Laurence Gommersil: no
20:03:42 : Group: II TheElite II: Yay :D
20:04:16 : Group: II TheElite II: So was that all?
20:06:10 : Group: PRISMIC: still loads of ai
20:06:24 : Group: PRISMIC: just got lit up aha
20:06:29 : Group: Laurence Gommersil: FUCK THERES LOADS
20:06:33 : Group: PRISMIC: anyone have bb
20:06:43 : Group: Laurence Gommersil: SUPPORT!
20:07:14 : Group: PRISMIC: lol
20:07:52 : Group: [NG2] Jesse: i have bb
20:10:09 : Group: PRISMIC: the hero sign is good cover lol
20:10:54 : Group: Laurence Gommersil: i just got fkin lit up
20:12:21 : Group: [NG2] Jesse: 1 down
20:12:54 : Group: PRISMIC: 1 down
20:14:41 : Group: [NG2] Jesse: ai have rpg..//
20:17:31 : Group: [NG2] Jesse: YES
20:17:52 : Group: Turmoil: i didnt take anything, i just helped :/
20:17:58 : Group: PRISMIC: did u take it all jesse ?
20:18:18 : Group: II TheElite II: I didn't I just checked the bottom floor if it was clear
20:18:19 : Group: [NG2] Jesse: yea... 
20:18:35 : Group: [NG2] Jesse: its 14x 10g
20:19:03 : Group: PRISMIC: oh well
20:19:13 : Group: Laurence Gommersil: rly jessi...
20:19:23 : Group: Laurence Gommersil: u took all the bc
20:19:23 : Group: Turmoil: look at me im a boat!!! :D
20:19:35 : Group: PRISMIC: lol turmoilkl
20:19:37 : Group: II TheElite II: Does the president got soemthing special?
20:19:38 : Group: Turmoil: im a boat with a gun!
20:19:50 : Group: Laurence Gommersil: jesse why did u take all briefs
20:20:18 : Group: [NG2] Jesse: i help with pick up
20:20:40 : Group: Laurence Gommersil: and thats worth 14 briefcases?
20:21:12 : Group: [NG2] Jesse: 1.4 bc
20:21:15 : Group: Turmoil: you NEVER get 14BC from a mission -_-
20:21:20 : Group: Laurence Gommersil: Me and Prismic shoudve done it ourselfs if ure gunna be like that
20:21:25 : Group: PRISMIC: lol
20:21:38 : Group: PRISMIC: idc chill ahah
20:21:41 : Group: Laurence Gommersil: i didnt even get 1 item and i killed 8
20:22:03 : Group: Turmoil: Chill out dude, its one briefcase... 
20:22:05 : Group: Turmoil: ONE 
20:22:15 : Group: Turmoil: ill even give you one if your gonna be such a kid about one brief
20:22:26 : Group: Laurence Gommersil: there were 14
20:22:29 : Group: [NG2] Jesse: i wil give you share.. but i cant open my door now :P 
20:22:30 : Group: Turmoil: NO!
20:22:38 : Group: II TheElite II: *grabs popcorn*
20:22:39 : Group: Turmoil: there was 14 x 10oz gold
20:22:42 : Group: Laurence Gommersil: thanks
20:22:43 : Group: [NG2] Jesse: 14x 10oz 
20:22:47 : Group: Turmoil: 1.4 briefcase
20:22:50 : Group: PRISMIC: ahahahah
20:22:53 : Group: Laurence Gommersil: ....
20:22:55 : Group: Laurence Gommersil: oh
20:23:02 : Group: Turmoil: Prismic... -_- its your boy
20:23:18 : Group: [NG2] Jesse: i need to relog
20:23:19 : Group: Turmoil: *parks LAV in garage*
20:23:35 : Group: PRISMIC: what u mean turmoil ?
20:24:52 : Group: II TheElite II: Jesse can i have a lift :P
20:24:55 : Group: [NG2] Jesse: elite you need a lift?
20:25:03 : Group: II TheElite II: Yes please ^^
20:25:08 : Group: II TheElite II: Wrecked my bike XD
20:25:23 : Group: PRISMIC: *scratched balls*
20:25:41 : Group: [NG2] Jesse: you share is in the heli
20:25:47 : Group: II TheElite II: Is it new that you can pack you're bike when it's damaged
20:26:01 : Group: [NG2] Jesse: its always that way
20:26:02 : Group: II TheElite II: Thanks! :D
20:26:28 : Group: II TheElite II: No it wasn't? Last time I tried when wheels where orange and it didn't work 
20:26:54 : Group: Laurence Gommersil: *FacePalm*
20:26:59 : Group: II TheElite II: Superhero trader? XD
20:27:13 : Group: Turmoil: for super cool hero players :D
20:27:19 : Group: II TheElite II: Nice :D
20:27:22 : Group: PRISMIC: like turmoil :?
20:27:30 : Group: Turmoil: i can use it, so yes xD
20:27:50 : Group: PRISMIC: any cool stuf in  there ?
20:28:01 : Group: II TheElite II: What humanity is required/
20:28:08 : Group: PRISMIC: 20000 i think
20:28:10 : Group: [NG2] Jesse: elite your planning to come live in herotown? 
20:28:11 : Group: Turmoil: The LAV i was driving, RPG
20:28:14 : Group: Turmoil: 30k 
20:28:40 : Group: Turmoil: to use trader
20:28:40 : Group: II TheElite II: Yea I do but I'm way to lazy to build a base XD
20:28:49 : Group: [NG2] Jesse: haha
20:28:53 : Group: II TheElite II: Damn 30k is a long way
20:29:11 : Group: [NG2] Jesse: prismic got your share
20:29:14 : Group: PRISMIC: u need home elliete /
20:29:26 : Group: II TheElite II: Can I stay with you? XD
20:29:34 : Group: PRISMIC: yer corse aha
20:29:36 : Group: II TheElite II: I only need one bed and a safe
20:29:54 : Group: PRISMIC: u can sleep next to me ;)
20:29:57 : Group: [NG2] Jesse: laurence your money is in the heli
20:30:02 : Group: II TheElite II: Nice! ^^
20:30:06 : Group: [NG2] Jesse: its yours and prismic
20:30:14 : Group: PRISMIC: lol come now ill add u to plot home
20:30:39 : Group: II TheElite II: Hahaha jesse just dropped me of here :')
20:30:47 : Group: II TheElite II: Ill fix a mozzie and come by
20:30:50 : Group: [NG2] Jesse: would be awesome if you also build a little base so its ganne look more to a town
20:30:51 : Group: Laurence Gommersil: jesse
20:31:04 : Group: Laurence Gommersil: this ures???
20:31:09 : Group: [NG2] Jesse: yea?
20:31:20 : Group: [NG2] Jesse: no from tur
20:31:27 : Group: Laurence Gommersil: oh
20:31:36 : Group: II TheElite II: But it's so fking expensive as well :O
20:31:49 : Group: [NG2] Jesse: you have to money i gues.. 
20:31:52 : Group: Turmoil: whats expensive?
20:32:04 : Group: II TheElite II: It's the lazyness most that is the issue :P
20:32:09 : Group: II TheElite II: A base
20:32:16 : Group: II TheElite II: I have 13 BC it think
20:32:22 : Group: [NG2] Jesse: ooh
20:32:24 : Group: II TheElite II: Will that build something decent?
20:32:52 : Group: II TheElite II: Aren't there other ways to get building supplies instead of buying it?
20:33:09 : Group: [NG2] Jesse: maybe.. 
20:33:15 : Group: PRISMIC: yh lunch brake mission
20:33:33 : Group: [NG2] Jesse: but if you do 1 good mission you got 15bc richer.. 
20:33:35 : Group: II TheElite II: Nice gonna do that one when it spawns
20:33:55 : Group: II TheElite II: 15?? :O
20:34:07 : Group: II TheElite II: I did one and i probably got 6 or so
20:34:19 : Group: Turmoil: some missions give alot of boney if you sell everything
20:34:25 : Group: Turmoil: money
20:34:40 : Group: II TheElite II: Yea I did the one with all the M2 ammo 
20:35:34 : Group: PRISMIC: hi lol
20:35:40 : Group: [NG2] Jesse: if you do the armed car ones, you can sell the ammo and car and you got 15 a 18 bc
20:35:40 : Group: II TheElite II: hello :)
20:35:48 : Group: PRISMIC: come  in  ill show u arrounf
20:36:24 : Group: II TheElite II: Its cool!
20:36:27 : Group: PRISMIC: that urs
20:36:37 : Group: PRISMIC: ill give u some guns and  shit
20:36:45 : Group: II TheElite II: Thanks bro!
20:36:56 : Group: PRISMIC: place it someware
20:37:00 : Group: II TheElite II: I do have some aswell so don't bother to much ;)
20:37:06 : Group: Laurence Gommersil: elite
20:37:13 : Group: Laurence Gommersil: here
20:37:22 : Group: Laurence Gommersil: nvm
20:37:34 : Group: II TheElite II: Its full XD
20:37:42 : Group: PRISMIC: take what u need
20:37:44 : Group: II TheElite II: Forgot to drop it of last loot round 
20:37:55 : Group: Laurence Gommersil: elite
20:38:01 : Group: Laurence Gommersil: take what u want out of here
20:38:04 : Group: II TheElite II: Yea?
20:38:35 : Group: PRISMIC: u gunnu place  lock  box  >
20:38:38 : Group: II TheElite II: I already got to much in my back but thanks!
20:38:51 : Group: II TheElite II: No acces it says
20:39:00 : Group: PRISMIC: we will add u 
20:39:00 : Group: Laurence Gommersil: ill add u
20:39:33 : Group: Laurence Gommersil: now place it
20:39:39 : Group: II TheElite II: From here I will try to get some money and then build one for my own. Good plan? :P
20:41:22 : Group: PRISMIC: dood re start go some ware else
20:41:30 : Group: PRISMIC: ur to close to log out
20:41:37 : Group: II TheElite II: Sorry 
20:47:43 : Group: II TheElite II: hello
20:48:13 : Group: PRISMIC: hello !
20:49:25 : Group: [NG2] Jesse: how is this? 
20:49:30 : Group: Turmoil: Who is RationalGov?
20:50:05 : Group: PRISMIC: who the fuck is shooting !!
20:50:10 : Group: Turmoil: Jesse
20:50:15 : Group: Turmoil: who is rationalgov?
20:50:35 : Group: PRISMIC: why is he shooting my base
20:50:49 : Group: Turmoil: hes not shooting at your base, he is shooting at the woods above my base 
20:50:58 : Group: PRISMIC: why aha 
20:51:01 : Group: [NG2] Jesse: who is this guy! 
20:51:04 : Group: Turmoil: can someone please answer my question OR kick that guy?
20:51:13 : Group: Laurence Gommersil: KICK HIM
20:51:19 : Group: II TheElite II: Yea kick him
20:51:46 : Group: II TheElite II: How can someone just join? XD
20:56:15 : Group: Turmoil: wtf?
20:56:49 : Group: PRISMIC: jacob fking stop
20:57:00 : Group: Laurence Gommersil: stop what
20:57:38 : Group: PRISMIC: whos bombing things
20:57:59 : Group: Turmoil: think it was laurence dropping grenades from mozzie
20:58:52 : Group: II TheElite II: Im going off guys. See you tommorow ;)
20:59:04 : Group: PRISMIC: cya
20:59:35 : Group: Laurence Gommersil: elite i got it
20:59:44 : Group: II TheElite II: haha thanks :')
21:09:06 : Group: Laurence Gommersil: /vote night
21:10:26 : Group: Turmoil: trader
21:10:46 : Group: Turmoil: regulare trader, klen or stary
21:41:18 : Group: Luca: HI
22:02:18 : Group: PRISMIC: look what im doing XD
22:07:29 : Group: PRISMIC: can i ask u guys a favour ?
22:08:28 : Group: PRISMIC: ?
22:10:06 : Group: Turmoil: what was it prismic? was a bit busy xD
22:10:27 : Group: PRISMIC: can i borrow 2 breefs till tomoz?
22:10:51 : Group: Turmoil: come here and take the loot and sell, you will have 2 briefs ^^ 
22:10:56 : Group: Turmoil: we did mission, didnt take any loot
22:11:31 : Group: [NG2] Jesse: like 10 guns in the crate
22:11:34 : Group: PRISMIC: what mission ?
22:11:49 : Group: Turmoil: Mayors Mansion
22:11:51 : Group: [NG2] Jesse: mansion
22:15:29 : Group: PRISMIC: what do u  need to remove  sand bags ?
22:15:40 : Group: [NG2] Jesse: crowbar? 
22:18:55 : Group: PRISMIC: u  got spare crow bar cba to go to traider
22:20:03 : Group: PRISMIC: heers like what im doing aha
22:23:41 : Group: PRISMIC: how much was ur tank thing turmoil ?
22:23:57 : Group: Turmoil: 6BC
22:24:26 : Group: PRISMIC: yh how much
22:24:49 : Group: Turmoil: and its for 30k humanity use
22:25:08 : Group: Turmoil: you need 30k + humanity to buy em
22:25:42 : Group: PRISMIC: could u not get me one if i  gave u  the money ?
22:41:59 : Group: PRISMIC: guys
22:42:03 : Group: Turmoil: yes?
22:42:50 : Group: PRISMIC: are  you guys  in a  different team  speak  ?
22:43:19 : Group: PRISMIC: ?
22:44:02 : Group: Turmoil: yes
22:44:41 : Group: PRISMIC: how come do i anoy u or something  ?
22:45:19 : Group: Turmoil: nope, but the SPARTA people got a bit anoyed with all the dayz people flooding the server... so i started using the servers TS insted
22:45:40 : Group: Turmoil: at first we were 3 people and all of the sudden we were using several channels so... yeah
22:45:45 : Group: PRISMIC: whats the servers ts ?
22:45:55 : Group: Turmoil: its the one of this server
22:45:58 : Group: [NG2] Jesse: but to be fair jocab can be alittle anyoing.. 
22:46:03 : Group: PRISMIC: whats it called mate ?#
22:46:16 : Group: PRISMIC: i  know i  wont  tell him  about  this  one
22:46:24 : Group: [NG2] Jesse: when you press escape you see the link
22:46:24 : Group: Turmoil: push M and zoom out, it says in the bottom of the screen :)
22:46:24 : Group: PRISMIC: he  annoysme to !
22:46:31 : Group: Turmoil: or esc yeah
22:47:25 : Group: PRISMIC: can u guys copy  and paste  it and  send  it  to me in steam ?
22:47:48 : Group: [NG2] Jesse: just alt tab ^^ 
22:48:44 : Group: PRISMIC: is  the ip adress ting
22:49:07 : Group: Turmoil: ip is 78.31.67.100
23:19:08 : Group: PRISMIC: *lifts hand*
