01:03:31 : Side: Patrick: hello
01:03:41 : Side: BaffledBambi: hi
01:03:52 : Side: Patrick: want to bee a group?
01:03:58 : Side: Patrick: be
01:04:37 : Side: BaffledBambi: im already in one
01:04:45 : Side: Patrick: okay
01:04:45 : Side: BaffledBambi: im friendly tho dont worry :)
01:04:55 : Side: Patrick: okay :)
01:31:52 : Side: Christmas: what you doing ?
01:31:57 : Side: BaffledBambi: rtb]
01:32:11 : Side: Christmas: rtb ?q
01:32:11 : Side: BaffledBambi: DONE IKEA MISSION
01:32:24 : Side: Christmas: i see want a lift ?
01:32:24 : Side: BaffledBambi: return to base#
01:32:35 : Side: BaffledBambi: im here now
01:33:08 : Side: Christmas: be ready for pick up after if your still on
01:33:26 : Side: BaffledBambi: cool
01:33:32 : Side: BaffledBambi: will join discord now
01:33:35 : Side: Christmas: i know where 4 ternts are
01:33:45 : Side: BaffledBambi: raid!
01:33:48 : Side: BaffledBambi: lol
01:34:36 : Side: BaffledBambi: you want pickup now?
01:34:52 : Side: Christmas: im airborne
01:34:57 : Side: BaffledBambi: ok
04:05:25 : Side: Christmas: GOOD BYE CRUEL WORLD
10:00:55 : Side: Shogo Kawada: Happy New Years everyone
10:01:02 : Side: 2DIE4: THX  
10:01:12 : Side: 2DIE4:  SAME TO U
10:21:18 : Side: hitrec: беруши напомните плиз
10:21:28 : Side: hitrec: или может уровень есть плюс минус?
10:21:28 : Side: 2DIE4:  english only in side pls
10:21:39 : Side: hitrec: ok? sry
10:21:51 : Side: 2DIE4:  thx  and a  happy new year
10:22:04 : Side: patriot: как беруши одеть?
10:22:16 : Side: 2DIE4:  patriotu too pls
10:22:47 : Side: hitrec: F1
10:23:09 : Side: patriot: sps
10:34:18 : Side: hitrec: volume sound key's?
10:34:36 : Side: HugoBorz: f1
10:39:53 : Side: 2DIE4: eho the fuck is NN
10:40:18 : Side: patriot: bot
10:40:40 : Side: 2DIE4:  it would say AI
11:35:32 : Side: hitrec: Where is not autorefuil?
12:12:05 : Side: Fernando: mates, anyone know if the camp tent Disappears?
12:23:35 : Side: Patrick: hello fellow survivors
12:23:41 : Side: Turmoil: hey
12:23:47 : Side: hitrec: hey
12:24:05 : Side: Patrick: how is your survivng going?
12:24:28 : Side: Turmoil: im alive so i guess thats good
12:42:45 : Side: Wyhzo: Hi guys !
12:42:53 : Side: hitrec: hey
12:43:06 : Side: Patrick: hello
12:43:09 : Side: Turmoil: hey
12:44:21 : Side: Turmoil: okay
12:44:28 : Side: Wyhzo: Today, I have somethink to do to stary, I take my copter wouha ^^ Then if you want a lift.. ^^
15:17:04 : Side: Turmoil: hey every1
15:17:15 : Side: Patrick: HI
15:55:42 : Side: Turmoil: PATRICK!!!
15:55:47 : Side: Turmoil: comon man
15:55:50 : Side: Patrick: YEAH?
15:56:04 : Side: Turmoil: you up north huh?
15:56:35 : Side: Patrick: Y
15:56:59 : Side: Turmoil: sorry patrick
15:58:40 : Side: Marco: let this be a warning
15:58:50 : Side: TheLegend27: oooohh so scary
15:59:03 : Side: st nick: you shall pay for what you have done to patrick!
15:59:12 : Side: TheLegend27: we will return
15:59:16 : Side: Marco: then dont steal our shit
15:59:23 : Side: TheLegend27: we didnt?
15:59:30 : Side: TheLegend27: what did we steal
15:59:31 : Side: TheLegend27: ?
15:59:34 : Side: st nick: is it stealing if you take it from a thief?
15:59:53 : Side: Marco: and you're defo bandit bc no humanity drop
16:00:04 : Side: Marco: lol its our own bud
16:00:09 : Side: Patrick: TURMOIL?
16:00:28 : Side: Patrick: what did you say i didnt see
16:00:32 : Side: Turmoil: your looting our base patrick
16:00:42 : Side: Patrick: OH SHIT SRY
16:00:46 : Side: Patrick: I DIED
16:00:56 : Side: Turmoil: if we can have peace you can come get your stuff
16:01:04 : Side: Patrick: we can
16:01:08 : Side: Marco: agreed
16:01:10 : Side: Turmoil: everyone agree?
16:01:16 : Side: TheLegend27: sure
16:01:19 : Side: Patrick: YEAH
16:01:28 : Side: Patrick: DUDE IM SO SRY
16:01:32 : Side: Turmoil: sure, im guarding your stuff so just come get it :)
16:01:39 : Side: TheLegend27: but, why didnt you just say to pat before firing at him and our choppa?
16:02:08 : Side: Turmoil: i didnt shoot
16:02:15 : Side: Marco: our teammate didnt see
16:02:24 : Side: Marco: didnt knew who it was
16:02:37 : Side: Marco: and we have been attacked before
16:02:44 : Side: Turmoil: you far away patrick? :)
16:02:46 : Side: TheLegend27: we will come back, but no backstabbing ok?
16:02:56 : Side: Patrick: im on my way where:)
16:03:06 : Side: Turmoil: yeah ill be standing here in the open by his gear
16:03:09 : Side: Marco: ofc, but i'm on overwatch :)
16:03:10 : Side: Patrick: 5 min aprox.
16:03:13 : Side: Jesse: sorry pat i ddint know, i want to save ouy base.. 
16:03:28 : Side: st nick: lets all be civil shall we
16:03:35 : Side: Marco: lets :)
16:03:41 : Side: Patrick: oh yeah its okay thougt u was hostile
16:04:05 : Side: Marco: we're only hostile when threatened :P
16:04:16 : Side: Patrick: u can get your stuff back
16:04:17 : Side: Turmoil: hurry up before his stuff disapears
16:05:12 : Side: Turmoil: whos shooting??
16:05:17 : Side: TheLegend27: none of us
16:05:20 : Side: Patrick: I SHOT A ZED
16:05:24 : Side: Turmoil: ok
16:06:02 : Side: Turmoil: sorry about that patrick, i know your a good guy :D 
16:06:28 : Side: Turmoil: im killing zombie so hold fire
16:07:06 : Side: Turmoil: well, were all good? <3
17:00:33 : Side: Patrick: russians that means war
17:01:14 : Side: TheLegend27: prep to get rekt russians
17:36:43 : Side: Stefan Daniel: is there a way to suicide?
17:38:50 : Side: Stefan Daniel: GOOD BYE CRUEL WORLD
18:05:28 : Side: Stefan Daniel: /killme
18:05:31 : Side: Stefan Daniel: You have to wait 150s
18:06:47 : Side: Stefan Daniel: /killme
18:06:51 : Side: Stefan Daniel: You have to wait 73s
18:07:17 : Side: Stefan Daniel: killme
18:07:21 : Side: Stefan Daniel: killme
18:07:25 : Side: Stefan Daniel: /killme
18:07:41 : Side: Stefan Daniel: kill me
18:07:45 : Side: Stefan Daniel: /kill me
18:07:48 : Side: Stefan Daniel: /killme
18:07:50 : Side: Stefan Daniel: /suicide
18:08:00 : Side: Stefan Daniel: You have to wait 4s
18:08:14 : Side: Fernando: mates, what is the tow truck?
18:08:19 : Side: Fernando: did u know?
20:34:07 : Side: Deputynutty: tbh
20:34:13 : Side: Deputynutty: alex is a pretty swell guy
21:12:22 : Side: Gandy: Paul?
21:12:33 : Side: Gandy: The lithuanian paul?
21:12:43 : Side: pauli: hello it is me
21:12:49 : Side: Gandy: yo
21:12:59 : Side: Deputynutty: it is me the britbong
21:13:36 : Side: Gandy: if you are sniping someone at the log camp, stop :D
21:30:19 : Side: 2DIE4: hey brodler .... kanack is is u  thats doin missions so busy ? =)
22:29:04 : Side: Fernando: that hate
22:30:44 : Side: pauli: i shouted alah akbar but it locked my keys as i was diving in :((((((
22:47:04 : Side: Colby: ARE bases indestructable on this server?:
22:47:42 : Side: Colby: AH, IM ASSUMIN THE BREAK THE SAME AS NORMAL SERVERS?
22:47:45 : Side: Colby: CAPS
22:48:01 : Side: Colby: OKEE
22:49:03 : Side: Colby: is this server like semi-militarized?
22:49:34 : Side: Colby: OK
22:49:45 : Side: Colby: ONE LAST question sorry to bother you
22:50:00 : Side: Colby: but do safes like expire if you dont use them for a while?
22:50:18 : Side: Colby: OK thanks man appreciate it
22:54:57 : Side: TheLegend27: admin?
22:55:10 : Side: Colby: is it thelegend27?
22:55:20 : Side: Colby: yea thelegend27
22:55:29 : Side: TheLegend27: is the Hind heli on this server
22:55:52 : Side: TheLegend27: not even the un armed one?
22:56:01 : Side: Colby: the what?
22:56:12 : Side: TheLegend27: *unarmed
