04:00:59 : Vehicle: matsa: shit thats far
04:01:24 : Vehicle: Oskar: what is your humanity ?
04:01:44 : Vehicle: matsa: its embarrassing
04:02:03 : Vehicle: matsa: minus 18000
04:02:16 : Vehicle: Oskar: ou
04:02:29 : Vehicle: matsa: i wanna be a hero tho
04:02:36 : Vehicle: Oskar: From where you are ?
04:02:43 : Vehicle: matsa: norway, you?
04:24:25 : Vehicle: matsa: someone shot at us with an ak
04:24:37 : Vehicle: Oskar: ye, i saw
04:24:53 : Vehicle: Oskar: from hill, where we was
04:24:57 : Vehicle: matsa: ye
04:25:11 : Vehicle: Oskar: if you want we can kill him )
04:25:15 : Vehicle: matsa: nah
04:25:17 : Vehicle: matsa: risky
04:25:34 : Vehicle: matsa: xD
04:25:35 : Vehicle: Oskar: ye
04:29:57 : Vehicle: matsa: did you want the code locks?
04:30:35 : Vehicle: Oskar: maybe 1 ))) i will buy it from you ))
04:30:56 : Vehicle: matsa: nah for free :)
04:31:21 : Vehicle: matsa: i put in the car
04:31:23 : Vehicle: Oskar: ou thx ))
04:32:06 : Vehicle: matsa: lock car
04:32:37 : Vehicle: matsa: its allowed to steal in trader zones
04:32:46 : Vehicle: Oskar: yeah )) i know this thievs )
04:32:48 : Vehicle: matsa: so be careful and always lock car
04:32:49 : Vehicle: Oskar: ye ye
04:33:16 : Vehicle: Oskar: if you will need some help, call )) 
04:33:44 : Vehicle: Oskar: i will came )) and bring my few friends ) from another servers ))
04:34:06 : Vehicle: matsa: .9
04:34:16 : Vehicle: matsa: :)
04:34:29 : Vehicle: Oskar: ;)
04:35:12 : Vehicle: matsa: unlock and lock fast
04:37:31 : Vehicle: Oskar: where i can drive you)) cause i will go sleep )
04:37:34 : Vehicle: Oskar: ?
04:38:19 : Vehicle: matsa: i can bike here to home
04:38:38 : Vehicle: Oskar: ok ) 
22:16:57 : Vehicle: Stiefelriemen Bill: is die kombi aus colin und björn
22:17:02 : Vehicle: Stiefelriemen Bill: coburn
22:31:09 : Vehicle: Stiefelriemen Bill: schnauze unser heli is voll
22:31:13 : Vehicle: Hailstorm: auch wenn der nix kann
22:47:16 : Vehicle: Hailstorm: solche noobs
