07:41:19 : Side: agss: hello. you 
07:41:29 : Side: stux: hey
07:41:41 : Side: agss: friendly?
07:41:56 : Side: stux: yeah
07:43:22 : Side: agss: i am too friendly
07:53:23 : Side: agss: hellow
07:53:35 : Side: stux: hey again
07:53:35 : Side: Frost Prime: hi
07:53:56 : Side: stux: tuut tuut
07:54:00 : Side: agss: need help?
07:54:19 : Side: stux: no
07:54:22 : Side: stux: but thx
07:56:46 : Group: agss: cze
07:56:53 : Group: Tamago: siemka
08:23:34 : Group: agss: siema :)
08:23:42 : Group: Tamago: siem
08:29:56 : Side: Tamago: boom?
11:04:05 : Side: stux: dude get out
11:05:10 : Direct: stux: ITS MINE
11:05:13 : Direct: stux: GET OUT
11:05:17 : Direct: Qwarl: lol
11:05:26 : Direct: Qwarl: sorry
11:05:36 : Direct: stux: HF WTH REPORT
11:48:40 : Group: Senych^^: То что он хотел мне въебать, а не базарить тупо
11:49:04 : Group: Senych^^: Мол я пиздел про него
11:49:12 : Group: Senych^^: Мол он с авика
11:49:14 : Group: Senych^^: Лене
11:49:29 : Group: Senych^^: Потом то что он ребёнок ебаный
12:06:11 : Group: Senych^^: бабах
12:07:39 : Side: Panos: how much till restart?
12:08:55 : Group: Senych^^: ты чё из скайпа вышел?
13:28:26 : Group: Greg: siema
13:28:38 : Group: Greg: jakiś chuj mi wszystkie pojazdy rozjebał razem z czołgiem
17:28:16 : Side: stux: whats happend
20:22:57 : Group: Greg: ktoś rozjebał wszystkie samochody na zewnątrz
20:23:03 : Group: Greg: łącznie z moim lav
20:23:10 : Group: Tamago: raczej ukradl
20:23:17 : Group: Tamago: i to byl na 80% 2die4
20:23:28 : Group: Greg: raczej nie, nie ma w database już
20:23:30 : Group: Tamago: 15% christof
20:23:37 : Group: Greg: a sprzedać nie mogli
20:23:49 : Group: Tamago: mogli =o
20:23:53 : Group: Greg: gdzie?
20:23:58 : Group: Tamago: no lav nie
20:24:04 : Group: Greg: no właśnie
20:24:16 : Group: Greg: robisz misje?
20:24:22 : Group: Tamago: jeszcze niew
20:24:30 : Group: Tamago: i nie ta
20:24:32 : Group: Greg: to poczekaj na mnie ;p
20:26:53 : Group: Greg: uaz?
20:27:14 : Group: Tamago: nad baza lata AI copter z misji. zbugowal sie i nie wraca
20:27:22 : Group: Greg: zestrzel go ;p
20:28:09 : Group: Tamago: zestrzelilem gunnera
20:28:29 : Group: Tamago: poszet
20:28:33 : Group: Greg: na południe leci bird
20:28:42 : Group: Tamago: tam ktos sie rozbil
20:29:10 : Group: Tamago: musi wyladawac u nas bo misja jest na wraku jego hueya
20:29:55 : Group: Tamago: lb jaki kwadrat?
20:29:58 : Group: Tamago: wchodze na tsa
20:30:10 : Group: Greg: ok
20:54:59 : Side: Daniel: IM STUCK INSIDE MY CAR 
20:55:02 : Side: Daniel: XDDDDDDDDDD
21:17:06 : Side: Daniel: when there is nothing in the black hawk crash
21:17:19 : Side: Greg: someone took all
21:17:28 : Side: Daniel: there is still AI here tho
21:17:43 : Side: Tamago: than loot didnt spawn yet
21:17:45 : Side: Greg: you mean mission, ok
21:18:47 : Side: Daniel: how long should it take?
21:19:08 : Side: Tamago: take out ai and run in them middle of misson to spawn loot
21:19:14 : Side: Daniel: well
21:19:18 : Side: Daniel: i drove into a mine
