00:03:34 : Group: bobaliny2: What kind of guns do you want me to stock up on
00:03:45 : Group: Joshuaa: snipers really
00:03:49 : Group: bobaliny2: kk
00:03:52 : Group: matsa: i guess dmr 
00:03:55 : Group: bobaliny2: so that and lmg's
00:04:02 : Group: matsa: ye
00:06:58 : Group: Joshuaa: where w ehaving it then?
00:07:39 : Group: matsa: we can fly around and look for good spots
00:07:49 : Group: Joshuaa: matsa ill put everything for sale in shed
00:08:01 : Group: matsa: ok
00:08:38 : Group: Joshuaa: is it worth keeping chainsaw?
00:08:53 : Group: bobaliny2: yes
00:08:59 : Group: bobaliny2: they don't sell for much anyways
00:09:04 : Group: Joshuaa: 1bc
00:09:14 : Group: bobaliny2: Yes but you get so much wood
00:09:21 : Group: bobaliny2: and for raiding
00:10:14 : Group: Joshuaa: ill keep lockboxes
00:11:34 : Group: Joshuaa: ive put stuff in shed mats
00:14:13 : Group: matsa: i bought 11 metal floors
00:14:18 : Group: Joshuaa: damn
00:14:46 : Group: matsa: sold my topaz
00:15:00 : Group: Joshuaa: niceee
00:15:09 : Group: matsa: and 7 cinder walls
00:15:25 : Group: bobaliny2: 0
00:15:43 : Group: Joshuaa: ive emptied 1 of my safes and packed it
00:15:54 : Group: matsa: ayy
00:16:16 : Group: bobaliny2: Not on your numpad
00:16:22 : Group: bobaliny2: and the number not the letter
00:17:15 : Group: Joshuaa: im trying to emply my second safe now
00:17:19 : Group: matsa: and i still have 10 more briefcases
00:17:25 : Group: Joshuaa: ive got 8
00:17:36 : Group: Joshuaa: are we all sharing safes?
00:17:58 : Group: bobaliny2: Lol so i've found 0 snipers
00:18:03 : Group: bobaliny2: Pretty much exclusively lmg's
00:18:04 : Group: matsa: we dont need to tho
00:18:24 : Group: Joshuaa: i know just makes things easier
00:19:18 : Group: bobaliny2: Where are we building?
00:19:26 : Group: bobaliny2: It needs to be one we can snipe from
00:19:32 : Group: bobaliny2: by a road
00:19:33 : Group: Joshuaa: im gonna go off soon boys
00:20:50 : Group: Joshuaa: svvays safes go abanonded on sunday
00:20:59 : Group: matsa: ill fly and look for a nice place
00:21:13 : Group: bobaliny2: Pick a busy road
00:23:23 : Group: matsa: xD
00:23:42 : Group: Joshuaa: how do i do that?
00:23:54 : Group: matsa: you need a crowbar
00:23:58 : Group: Joshuaa: ah ok
00:24:13 : Group: Joshuaa: are we able to remove plot pole
00:24:16 : Group: matsa: ye
00:24:37 : Group: Joshuaa: yo bob you got your stuff back?
00:24:45 : Group: bobaliny2: working onit
00:25:11 : Group: bobaliny2: fucking ai in the camps are aimbotty as fuck now for some reason
00:25:13 : Group: bobaliny2: used to have autism
00:25:20 : Group: Joshuaa: hahaha
00:25:40 : Group: matsa: i know
00:26:03 : Group: Joshuaa: guys im going now
00:26:12 : Group: bobaliny2: see ya
00:26:12 : Group: matsa: okay :)
00:26:20 : Group: Joshuaa: see ya tomorrow
00:26:26 : Group: matsa: cya
00:26:50 : Group: bobaliny2: So where we building?
00:42:41 : Group: matsa: someone dropped 2 briefcases at stary :D
00:42:45 : Group: bobaliny2: lul
00:42:49 : Group: bobaliny2: silver ones probs
00:43:02 : Group: matsa: nono
00:43:06 : Group: matsa: gold :D
00:43:11 : Group: bobaliny2: hot damn
00:43:17 : Group: bobaliny2: ok let's see how much these guns get me
00:43:30 : Group: matsa: god damn
00:43:54 : Group: matsa: i bought more cinder walls
00:44:12 : Group: bobaliny2: Wow not even a full brief wtf
00:44:17 : Group: bobaliny2: wtf
00:44:19 : Group: bobaliny2: that was so many guns
00:44:20 : Group: matsa: xD
00:44:44 : Group: bobaliny2: Where we meeting
00:45:23 : Group: matsa: base?
00:45:28 : Group: bobaliny2: old base?
00:45:35 : Group: matsa: ye
00:53:16 : Group: bobaliny2: We should build somewhere that we can shoot as cars drive by
00:53:26 : Group: bobaliny2: extra crowbar anywhere?
00:53:31 : Group: matsa: svvay already started a base¨
00:53:35 : Group: bobaliny2: oh ok
00:53:38 : Group: bobaliny2: he's coming back too?
00:53:41 : Group: matsa: he never finished it tho
00:53:59 : Group: matsa: nah he left forever
00:54:06 : Group: bobaliny2: how come?
00:54:25 : Group: matsa: our friend got banned
00:54:41 : Group: bobaliny2: oh ok
00:54:42 : Group: bobaliny2: how come
00:54:57 : Group: matsa: long story short glitching
00:55:01 : Group: bobaliny2: oh ok
00:55:09 : Group: matsa: undeserved tho
00:58:32 : Group: matsa: i guess we'll try to find a base location tomorrow
00:58:32 : Group: bobaliny2: I'm gonna log off till after restart
00:58:36 : Group: bobaliny2: Oh ok
00:58:39 : Group: bobaliny2: You getting off?
00:58:51 : Group: matsa: ye
00:58:55 : Group: bobaliny2: oh ok
00:59:06 : Group: bobaliny2: I'll probs just loot up and do missions for a lil bit
00:59:14 : Group: matsa: aight
01:10:17 : Group: Arne: hello
01:10:46 : Group: Faldehals: hy this asshole calls me nazi
01:10:55 : Group: Arne: WHO?
01:11:09 : Group: Arne: PLAYED HERE LONG?
01:11:21 : Group: Faldehals: this bobalin idiot
01:11:36 : Group: Arne: screw that guy
01:12:08 : Group: Faldehals: who you mean me or this guy ?
01:12:19 : Group: Arne: screw that bob dude then
01:12:21 : Group: Arne: not you hehe
01:13:47 : Group: Faldehals: if you have 8 gold at you i can buy a dmr mag split and make 4 with it i can buy ghillis for you
01:14:15 : Group: Faldehals: must at pilot sit
01:14:28 : Group: Faldehals: sec
01:14:45 : Group: Faldehals: nothing in inventori ?
01:15:29 : Group: Faldehals: sry im german but no nazi and i not good understand english talking :/
01:15:38 : Group: Arne: NP
01:15:47 : Group: Arne: i am 1/4 german + 3/4 danish
01:15:59 : Group: Faldehals: you got a dmr mag ?
01:16:02 : Group: Arne: YES
01:16:18 : Group: Faldehals: you can split it and make 4 dmr mags
01:16:21 : Group: Arne: HOW MANY?
01:16:48 : Group: Faldehals: 1 m24 in inventori others in bagpack 
01:17:16 : Group: Faldehals: get the full price for 1
01:17:34 : Group: Arne: OH I SEE :d
01:17:39 : Group: Faldehals: but why you play with female char you cant use ghilli
01:17:50 : Group: Arne: DONT KNOW
01:17:58 : Group: Arne: i started doing it way back
01:18:04 : Group: Arne: i should not do that hehe
01:18:26 : Group: Faldehals: sec i give you 
01:18:43 : Group: Arne: thx mate :D
01:19:26 : Group: Faldehals: you still got ammo for your gun ?
01:19:48 : Group: Arne: yes
01:20:00 : Group: Faldehals: kk not i sell it and you have no more
01:20:30 : Group: Arne: i have alot
01:20:34 : Group: Arne:  6 full mags
01:21:14 : Group: Faldehals: i think you dont have stuff to deploi a mozzie ?!
01:21:21 : Group: Arne: i do
01:21:26 : Group: Arne: but cant in here
01:21:31 : Group: Faldehals: also you have ?
01:21:35 : Group: Arne: yes yes
01:21:36 : Group: Faldehals: kk
01:21:45 : Group: Arne: just need to leave 
01:21:49 : Group: Faldehals: cmon
01:21:50 : Group: Arne: the trader
01:22:10 : Group: Arne: haha
01:22:22 : Group: Arne: for me or you?
01:22:34 : Group: Faldehals: dont need to go out the savezone only the traderzone
01:22:40 : Group: Arne: i see :D
01:22:46 : Group: Faldehals: the savezone is bigger
01:23:09 : Group: Faldehals: kk ask me if you need help .
01:23:34 : Group: Arne: ok thx bro. lets team up so we dont kill each other at missions and stuff :)
01:23:45 : Group: Arne: but will go put this stuff in a lock box
01:24:08 : Group: Faldehals: need to build the base to cause its open for all atm
01:24:13 : Group: Arne: ok D:
01:24:17 : Group: Arne: :)
01:24:20 : Group: Arne: see you later
01:25:44 : Group: Faldehals: sure and if you need anything ask me for party first so others cant see it
01:25:56 : Group: Arne: ok :)
01:26:07 : Group: Arne: will do bro
01:26:14 : Group: Faldehals: k so hf and gl
01:26:23 : Group: Arne: going to do mission.. so tell me if you want to join later
01:26:28 : Group: Arne: you too
01:26:59 : Group: Faldehals: buy a safe befor you die and save your stuff
01:27:10 : Group: Arne: haha yes :D
01:27:21 : Group: Arne: going to bash now
01:28:07 : Group: Faldehals: at the daytime here in germany it can max players here and 99,9% are idiot bandits
01:28:33 : Group: Faldehals: the russians are the worstest
01:28:48 : Group: Arne: well we kill em all bro :D
01:30:13 : Group: Faldehals: dont like to risk that i kill the 0.1% guys and lost my humanity im at 11112 now
01:30:51 : Group: Arne: ou are a good guy
01:31:04 : Group: Arne: i still kill people at missions, because they will kill me if i dont
01:32:38 : Group: Faldehals: if you are correkt to me im to you to ... thats german english lol
01:32:55 : Group: Arne: i know what you mean
01:34:26 : Group: Arne: nie dmr trick. now i can buy a plot pole
01:34:30 : Group: Arne: nice*
01:35:07 : Group: Faldehals: but never trust one here . i know that all say you can trust me like me but you know this game i hope ... jeah all time thats perfekt for start if you
01:35:19 : Group: Arne: i know. 
01:35:28 : Group: Arne: i have been playing this for a while some yeqd'
01:35:33 : Group: Arne: years back
01:35:33 : Group: Faldehals: die but dont give this info to much others
01:36:20 : Group: Arne: i trust you because you could have taken my money
01:36:25 : Group: Faldehals: i play it long time to stop it there was cammonder and now you need steam and louncher i miss the Celle map
01:36:46 : Group: Arne: ikea mission hard?
01:37:10 : Group: Faldehals: i hope you understand why i dont need your money i make it if i need
01:37:36 : Group: Faldehals: not sure most time to much ppls here thats bullshit to make missions
01:38:13 : Group: Faldehals: try it to kill what you can to get humaity and dont care for your stuff
01:38:26 : Group: Arne: :D
01:41:07 : Group: Arne: you think people are at ikea mission?
01:41:40 : Group: Faldehals: idk but im sure you finde it out if ya
01:41:46 : Group: Arne: hahaha
01:42:32 : Group: Arne: can you build anywhere here?
01:43:33 : Group: Faldehals: look right side at map are rules
01:44:51 : Group: Arne: ah yeah thanks
01:44:58 : Group: Arne: think i will build at green mountain
01:45:25 : Group: Faldehals: not alowed i mean
01:46:03 : Group: Faldehals: ask an admin about it
01:49:31 : Group: Faldehals: you know the miningrocks ?
01:51:42 : Group: Faldehals: a Topas gives 7 Bc here if you finde one in this rocks
01:51:52 : Group: Arne: rocks?
01:52:10 : Group: Faldehals: miningrocks jeah
01:53:10 : Group: Faldehals: google for it maybe you can see it there but its not easy to finde oner here
01:56:34 : Group: Arne: wish me luck
01:56:40 : Group: Arne: going in for the loot
02:00:23 : Group: Faldehals: this mission gives a shoper ?
02:09:05 : Group: Arne: got it all :D
02:09:33 : Group: Faldehals: and now you got a heli again ?
02:09:46 : Group: Arne: no building gear
02:10:01 : Group: Faldehals: ahh k nice 
02:11:41 : Group: Faldehals: the camps in red you see at the map there are all bandit AI and at the big airfield to
02:12:01 : Group: Arne: KK
02:23:35 : Group: Arne: m110 or dmr
02:23:48 : Group: Faldehals: ?
02:23:55 : Group: Arne: which is best
02:24:16 : Group: Faldehals: idk
02:24:39 : Group: Faldehals: take this you know what is easyer to use for you
02:24:45 : Group: Arne: ok D:
02:24:47 : Group: Arne: :D
02:25:13 : Group: Faldehals: most time i use pkp
02:56:03 : Group: Faldehals: i think i need 3-5 more metallflors
02:56:18 : Group: Arne: are they expensive?
02:56:54 : Group: Faldehals: if you bougt it 1 bc but 
02:57:16 : Group: Faldehals: buy 4 metallwalls cost 3x10oz 6gold
02:58:34 : Group: Arne: what do you need to upgrade a metal garage dorway
02:58:38 : Group: Faldehals: best is you get tanktraps at the wholesaler and pipes at a trader and craft it self
02:58:55 : Group: Faldehals: 3 pipes 3 tanktrap
02:58:59 : Group: Arne: roger
02:59:17 : Group: Faldehals: or 4 not sure lol but i do it maybe 20min ago
02:59:30 : Group: Faldehals: braindmg
02:59:34 : Group: Faldehals: BOOOM
02:59:44 : Group: Arne: :)
03:07:54 : Group: Arne: tank traps and what to upgrade?
03:08:45 : Group: Faldehals: metalpipes at the normal trader or use scrapmetall to creft it
03:08:47 : Group: Faldehals: a
03:09:13 : Group: Arne: there are 2 types of metal pipes. 1 and 2 diameter
03:09:41 : Group: Faldehals: not this ones the black 
03:10:19 : Group: Arne: ok :D
03:12:29 : Group: Faldehals: damn need 10 more lol
03:12:40 : Group: Arne: aaw :(
03:13:43 : Group: Faldehals: you see my position at the map if you like come here and make a look
03:13:57 : Group: Arne: im building too
03:13:59 : Group: Arne: ater maybe :D
03:14:03 : Group: Arne: latera
03:35:10 : Group: Faldehals: brb
10:36:34 : Group: Faldehals: lol
10:36:47 : Group: Arne: hi
10:36:53 : Group: Faldehals: hey
10:37:02 : Group: Arne: sorry i gorgot to say good night :)
10:37:09 : Group: Arne: have you slept at all?
10:37:27 : Group: Faldehals: no i dont
10:37:49 : Group: Arne: hehe
10:37:52 : Group: Arne: hardcore
10:38:18 : Group: Faldehals: nää standart lol
10:40:41 : Group: MeGa_Koffiepot: hey
10:40:52 : Group: Turmoil: hey ^^
11:03:42 : Group: Arne: GOT A NEW CHOPPER
11:04:17 : Group: Faldehals: ?
11:04:34 : Group: Arne: DID A MISSION
11:04:40 : Group: Arne: GOT THAT SILVER ONE
11:04:58 : Group: Faldehals: uh-1y ?
11:05:18 : Group: Arne: I WILL CHECK
11:06:07 : Group: Arne: MH-605
11:06:27 : Group: Arne: loggin
11:12:30 : Group: Arne: you know if i can sell it?
11:13:04 : Group: Faldehals: has it guns ?
11:13:09 : Group: Arne: eys
11:13:10 : Group: Arne: yes
11:13:16 : Group: Faldehals: herotrader
11:13:56 : Group: Faldehals: how much humanity you have now ?
11:14:04 : Group: Arne: 2500
11:14:19 : Group: Faldehals: öhm
11:14:53 : Group: Faldehals: fly it to the trader i sell it if you like
11:14:59 : Group: Arne: ok :)
11:16:55 : Group: Faldehals: what was it 60m or 60s ?
11:17:05 : Group: Arne: what do you mean?
11:17:09 : Group: Faldehals: sec
11:17:11 : Group: MeGa_Koffiepot: omw to base
11:17:27 : Group: Turmoil: im at base, gonna empty my truck
11:17:41 : Group: MeGa_Koffiepot: then go loot again?
11:17:57 : Group: Faldehals: damn restart lol what shopper i mean 
11:18:10 : Group: Turmoil: might try a mission ^^
11:18:15 : Group: Turmoil: or navy lug
11:18:16 : Group: MeGa_Koffiepot: copy
11:18:37 : Group: Arne: HELLO GOOD SIR
11:19:20 : Group: Faldehals: 2
11:19:30 : Group: Arne: I Have a plot pole :D
11:19:36 : Group: Faldehals: you like it the plot ?
11:19:42 : Group: Faldehals: sell it
11:19:47 : Group: Arne: ok :)
11:20:01 : Group: Arne: uuuuh big money!!
11:20:16 : Group: Faldehals: lancer found a safe with 60 bc in
11:20:22 : Group: MeGa_Koffiepot: pick me up when ready :)
11:20:23 : Group: Arne: WHUUUUT
11:20:27 : Group: Arne: i wish
11:20:30 : Group: Arne: hehe
11:20:42 : Group: Turmoil: roger, do you have any good snipers atm? i only have the MK17SD :/
11:20:43 : Group: Arne: how did he get the code?
11:20:56 : Group: Turmoil: i can buy a lapua perhaps? from you?
11:21:09 : Group: MeGa_Koffiepot: yeah np 
11:21:13 : Group: Faldehals: i remove this plot at a garage i think its from a player who kills me and build a idk trap with a nade
11:21:33 : Group: Faldehals: what was the name in english ?
11:21:42 : Group: MeGa_Koffiepot: only ammo we need to get from the traider 
11:21:43 : Group: Arne: booby trap
11:21:57 : Group: Faldehals: this game is german now steam are the reason
11:22:10 : Group: Arne: how do you build that=? :)
11:22:45 : Group: Faldehals: the same like all other things right klick build
11:23:01 : Group: Arne: it is cool
11:23:14 : Group: Arne:  i havent seen it before
11:23:41 : Group: Arne: is it for me?
11:23:42 : Group: Faldehals: here try it but not my bad if you die lol
11:23:57 : Group: Arne: hehe i will die :P
11:24:05 : Group: Faldehals: i put it in his garage hehe
11:24:15 : Group: Arne: so you got his plot pole
11:24:20 : Group: Faldehals: like a ghili ?
11:24:24 : Group: Arne: and set up the wire mine
11:24:29 : Group: Arne: yes sure
11:24:30 : Group: Faldehals: jap
11:24:37 : Group: Arne: hehe
11:24:51 : Group: Arne: got spare dmr mags?
11:25:01 : Group: Arne: only have one
11:25:16 : Group: Faldehals: one more now
11:25:24 : Group: Arne: no wait- i have 5
11:25:35 : Group: Faldehals: nope 6
11:25:43 : Group: Arne: ok-- i will do the mv22 mission
11:25:44 : Group: Faldehals: i hope you catch me
11:26:02 : Group: Arne: after i have went tot he toilet :P
11:26:31 : Group: Faldehals: im top of the tower
11:29:02 : Group: Arne: hehe are you playing music?
11:29:46 : Group: Arne: are you playing music? :P
11:30:09 : Group: Arne: thank you again. will put this in a safe and do the next mission bro
11:30:26 : Group: Arne: you too
11:45:33 : Group: Arne: cant you shoot a metal door with a armored suv?
11:46:09 : Group: Faldehals: think ja but idk how long you shoot in
11:46:24 : Group: Arne: you can
11:46:36 : Group: Arne: do you have a big chopper?
11:46:43 : Group: Arne: i need a lift for this amored suv
11:46:49 : Group: Faldehals: ja sec
11:47:20 : Group: Arne: this guy witht his base killed me in cold blood
11:47:58 : Group: Faldehals: you have stolen his suv ?
11:48:04 : Group: Arne: yes. is that bad?
11:48:10 : Group: Faldehals: nope
11:48:19 : Group: Arne: but i cant get it out without a tow
11:48:24 : Group: Arne: lifty
11:48:43 : Group: Faldehals: but you comes out ?
11:48:47 : Group: Arne: yes
11:49:03 : Group: Arne: went into his base and used the gun on the suv to shoot the garage door
11:49:11 : Group: Arne: went in in the roof
11:49:51 : Group: Faldehals: the problem is the mission
11:50:41 : Group: Arne: going to kill em
11:51:08 : Group: Arne: this guy will come on soon i think
11:51:17 : Group: Faldehals: they shoot me aut the shopper if they have m2 guns
11:52:00 : Group: Arne: maybe if you fly low
11:52:30 : Group: Faldehals: was it locket ? the suv ?
11:52:36 : Group: Arne: no
11:52:52 : Group: Arne: but it is like on his roof
11:55:00 : Group: Faldehals: at the roof lol how high is that ? 
11:55:10 : Group: Arne: low
11:55:13 : Group: Arne: very low
11:55:25 : Group: Arne: they didnt shoot at me when i went out with mozzie
11:55:42 : Group: Arne: took out all the m2 i think
11:55:54 : Group: Faldehals: i know the guy its 2die4`s  base
11:56:03 : Group: Arne: hehe
11:56:05 : Group: Arne: yes
11:56:08 : Group: Arne: he is bandit
11:56:28 : Group: Faldehals: i know
11:56:47 : Group: Arne: AI shoyuld not be a problem now
11:58:32 : Group: Arne: it is on the small roof
11:58:36 : Group: Arne: on his base
12:00:02 : Group: Arne: watch out
12:00:04 : Group: Arne: one m2
12:00:30 : Group: Faldehals: got it and now ?
12:01:00 : Group: Arne: can i have it?
12:01:05 : Group: Faldehals: sure
12:01:22 : Group: Faldehals: it cost 10 bc
12:01:22 : Group: Arne: just come with it here :=
12:01:30 : Group: Arne: i need it for base stuff :D
12:03:36 : Group: Arne: where is it?
12:03:47 : Group: Arne: haha we are a good team bro
12:08:51 : Group: Faldehals: and the gun was loaded ?
12:09:18 : Group: Arne: no it had amma in the load
12:09:20 : Group: Faldehals: but there was a servicepoint
12:09:47 : Group: Arne: yes
12:10:00 : Group: Arne: want to go back and take more stuff?
12:10:13 : Group: Faldehals: and not locket you know if he bought it is it locket after next restart
12:11:22 : Group: Arne: fucking mines
12:11:32 : Group: Faldehals: ?
12:11:42 : Group: Arne: going for the mission heli
12:12:25 : Group: Faldehals: you hide the car i hope ?!
12:12:36 : Group: Arne: yesW
12:12:42 : Group: Arne: look map
12:12:46 : Group: Faldehals: kk
12:13:17 : Group: Faldehals: i hope others havnt saw this
12:13:32 : Group: Arne: i typed it in gorup
12:13:37 : Group: Arne: grop
12:13:50 : Group: Faldehals: im not sure how it works
12:15:58 : Group: Faldehals: i buy one the night with lancer now i try to tune it
12:16:51 : Group: Arne: did you delete suv?
12:17:48 : Group: Faldehals: i mean try to use this books for tunig offroadperformance and tank and idk how it works
12:18:07 : Group: Arne: me neither
12:19:53 : Group: Arne: where do you buy the ammo for the suv?
12:20:18 : Group: Faldehals: at the herotrader or at servicepoints wit money in your inventar
12:20:26 : Group: Arne: uh :D
12:20:32 : Group: Arne: i have a fuel pump acutally
12:20:42 : Group: Faldehals: thats best hehe
12:20:47 : Group: Arne: how much is it at trader?
12:21:18 : Group: Faldehals: 2 bc i think
12:21:26 : Group: Arne: famn
12:21:29 : Group: Arne: damn
12:26:33 : Group: Faldehals: oioi hes back dont talk about it
12:26:41 : Group: Arne: hehe
12:26:48 : Group: Arne: tihihihihi _D
12:26:57 : Group: Arne: dude that was such nice timing
12:27:43 : Group: Arne: litteraly just got it to my place
12:29:53 : Group: Arne: is afk for a bit
12:32:49 : Group: Arne: did he write something?
12:32:56 : Group: Faldehals: no
12:33:30 : Group: Arne: maybe he does not know yet
12:49:28 : Group: Arne: fuck my roter is busted
12:50:02 : Group: Faldehals: ?
12:51:11 : Group: Arne: landed too hard with my heli 
12:51:33 : Group: Arne: is the russian mafia good guys?
12:51:45 : Group: Lancer_AUT: you must jump out before you landed
12:51:45 : Group: Faldehals: ahh but you need no mainrot to fly i thin
12:51:49 : Group: Faldehals: k
12:51:57 : Group: Arne: engine and rotor is busted
12:52:43 : Group: Faldehals: engine is the problem 
12:52:51 : Group: Arne: wil go to trader city klen
12:52:57 : Group: Faldehals: cant fly if its brocken
12:55:22 : Group: Faldehals: how many from 2k amo you need to destroy the garagedoor with the suv ?
12:55:32 : Group: Arne: 1.5
12:55:51 : Group: Faldehals: hmm
12:58:54 : Group: Arne: why? you want to go to a base? :D
13:00:15 : Group: Faldehals: nope cause i have much doors at the roof on base and a suv in to and idk i need to builde some walls more 
13:00:58 : Group: Faldehals: thats not realy much to destroy
13:01:29 : Group: Faldehals: and thats good to know if i want
13:05:28 : Group: Arne: aw i have bad humanitya
13:05:53 : Group: Faldehals: ?
13:06:05 : Group: Faldehals: why this ?
13:06:07 : Group: Arne: i have -120 humanity
13:06:32 : Group: Arne: i dont know
13:06:37 : Group: Arne: i have done some missions
13:06:53 : Group: Faldehals: ahh this was a hero mission
13:07:03 : Group: Faldehals: at his base 
13:07:06 : Group: Arne: and i killed that russian mafia guy
13:07:12 : Group: Faldehals: also you kill heros 
13:07:29 : Group: Faldehals: thats bandits i think
13:07:50 : Group: Faldehals: the russians
13:07:58 : Group: Arne: ye.- he killed me yesterday
13:12:43 : Group: Faldehals: /vote night
13:12:45 : Group: Faldehals: lol
13:13:03 : Group: Arne: don
13:15:21 : Group: Arne: who is your friend in our group?
13:16:04 : Group: Faldehals: he is behinde you keep your asshole closed hehe
13:16:46 : Group: Faldehals: his english is worster than mine
13:16:46 : Group: Arne: IS IT A FRIEND?
13:16:51 : Group: Faldehals: sure
13:17:02 : Group: Arne: ok
13:17:03 : Group: Faldehals: but he is gay hehe
13:17:08 : Group: Arne: ask him if he needs a ride
13:17:27 : Group: Lancer_AUT: no thank i search ald bases from other players
13:17:34 : Group: Lancer_AUT: old
13:17:37 : Group: Arne: ok :)
13:17:47 : Group: Arne: you want a truck?
13:17:58 : Group: Arne: with keys
13:18:07 : Group: Faldehals: he search asses who let him in 
13:18:25 : Group: Lancer_AUT: no with truck other players see you faster
13:18:37 : Group: Arne: true
13:18:42 : Group: Arne: have fun
13:18:51 : Group: Lancer_AUT: always thx
13:19:07 : Group: Faldehals: i need to go sleep my brain is out of energie
13:19:20 : Group: Arne: hehe i could imagine
13:19:34 : Group: Faldehals: and the sun bissed me of i got a window behinde me
13:23:09 : Group: Faldehals: ok i go of now hf gl cya later
13:23:36 : Group: Arne: you too bro
14:45:51 : Group: MeGa_Koffiepot: hey
17:56:22 : Group: Kev: xDDDDDDDDDDDDDDD
17:59:30 : Group: Michael: jan baust an ganzn bodn?
17:59:44 : Group: Legend: 1/3
18:00:04 : Group: Legend: also 1/3 wände
18:45:08 : Group: Fontes: Jo dude :D
18:45:23 : Group: matsa: helo
18:45:55 : Group: matsa: we are gonna build a new house :)
18:46:00 : Group: Fontes: ahh
18:46:10 : Group: Fontes: i thought what the fuck happened to the base
18:46:46 : Group: Fontes: men i needed you guys like 20 mins ago :D
18:46:57 : Group: matsa: what happened?
18:47:16 : Group: Fontes: there was a bandit weapon cashe underneath green mountain
18:47:21 : Group: Fontes: i killed the 16 AI 
18:47:28 : Group: Fontes: hide for 10 mins 
18:47:28 : Group: matsa: aw man
18:47:36 : Group: matsa: sorry
18:47:36 : Group: Fontes: just before the restart i ran to the bodies
18:47:39 : Group: Fontes: got shot :D
18:47:51 : Group: matsa: happened to me yesterday too lol
18:48:26 : Group: Fontes: hoped he would spawn back here again 
18:52:31 : Group: Fontes: lol
18:52:40 : Group: Fontes: think i know where his ride is
18:52:58 : Group: matsa: whos ride?
18:53:06 : Group: Fontes: of the one who shot me
18:53:11 : Group: Fontes: he had a red baron
18:53:45 : Group: matsa: im gonna go sell some shit
18:53:49 : Group: Fontes: sure man
18:53:56 : Group: Fontes: im just gonna wait here 
18:57:44 : Group: matsa: ?
19:01:55 : Group: Fontes: since when do zombies spawn on you when you are in the trees :D
19:04:38 : Group: Joshuaa: hope ive fixed it lol
19:04:52 : Group: Joshuaa: how you doing man?
19:04:56 : Group: Fontes: oops
19:05:04 : Group: Joshuaa: oh that was you haha
19:05:11 : Group: Fontes: im doing good man 
19:05:13 : Group: Fontes: and you ?
19:05:24 : Group: Joshuaa: very good man, thanks
19:05:30 : Group: Joshuaa: hey font
19:05:40 : Group: Fontes: yeah ?
19:05:56 : Group: matsa: so yeah
19:05:59 : Group: Joshuaa: it doesnt matter now, was gonna ask you something
19:06:11 : Group: matsa: where we gonna build?
19:06:15 : Group: Joshuaa: we almost ready to move out?
19:06:22 : Group: matsa: middle of map or more on the outskirts?
19:06:32 : Group: Fontes: lots all my stuf :D
19:06:39 : Group: Fontes: lost
19:06:46 : Group: Joshuaa: you fly round and look for somewhere good
19:06:47 : Group: Fontes: still got a lot in my safe though
19:06:58 : Group: Joshuaa: wheres your safe font?
19:07:19 : Group: Fontes: here
19:07:22 : Group: Joshuaa: ah okkk
19:07:41 : Group: Joshuaa: we got all the building stuff matsa?
19:07:56 : Group: Joshuaa: mission watch out matsa!
19:08:03 : Group: matsa: not all but enough for now
19:08:15 : Group: Joshuaa: ok dude
19:08:17 : Group: Fontes: where did you put all the cars?
19:08:27 : Group: Joshuaa: they were blown up or stolen
19:08:31 : Group: Fontes: lol
19:08:40 : Group: Fontes: heavy fighting since i was gone ?
19:08:59 : Group: Joshuaa: nope, base decayed haha
19:09:21 : Group: Fontes: do you have a backpack ?
19:09:29 : Group: Joshuaa: not a spare one, sorry
19:09:57 : Group: Fontes: you at the mission matsa?
19:10:01 : Group: Joshuaa: you wanna do the president mission after?
19:10:10 : Group: matsa: you guys go do it
19:10:18 : Group: Joshuaa: you got toolbox font?
19:10:31 : Group: Fontes: not anymore
19:10:33 : Group: Joshuaa: and sniper
19:10:36 : Group: Fontes: bike just outside
19:10:43 : Group: Fontes: no lost everything
19:10:47 : Group: Joshuaa: thats fine
19:11:01 : Group: Fontes: i have a few machine guns though
19:11:12 : Group: Fontes: chopper
19:11:36 : Group: Fontes: another one
19:11:51 : Group: Joshuaa: going to mission i guess
19:12:02 : Group: Fontes: yeah think so
19:12:13 : Group: Fontes: i have 2 cz 550 :D
19:12:24 : Group: Joshuaa: thatll do
19:13:04 : Group: Joshuaa: you found somewhere matsa?
19:13:14 : Group: Joshuaa: wait
19:13:41 : Group: matsa: at svvays old base that never got finished
19:14:25 : Group: Fontes: can you put guns on auto ?
19:14:33 : Group: matsa: press f
19:14:35 : Group: Joshuaa: try f
19:14:55 : Group: matsa: shouls say status up on the right
19:15:29 : Group: Joshuaa: nooo
19:15:40 : Group: Joshuaa: broke my bike haha
19:15:43 : Group: Fontes: lol
19:17:16 : Group: Fontes: man..
19:18:59 : Group: matsa: guys
19:19:03 : Group: Fontes: yeah 
19:19:08 : Group: matsa: im sealing someones base
19:19:16 : Group: Fontes: joshua`s gone
19:19:42 : Group: Fontes: im alone at the mission
19:19:51 : Group: Fontes: but my guns are shite 
19:23:25 : Group: matsa: dude
19:23:28 : Group: Fontes: yeah
19:23:30 : Group: matsa: i stole their base
19:23:35 : Group: Fontes: nice bro :D
19:23:50 : Group: Fontes: should i go for the mission
19:23:56 : Group: Fontes: i might get killed
19:27:00 : Group: Fontes: glitched to through the wall
19:27:24 : Group: matsa: ??
19:27:31 : Group: Fontes: got shot by AI
19:29:58 : Group: Fontes: sure
19:30:39 : Group: Fontes: hmm pity i dindt get the mission
19:31:02 : Group: Fontes: ah i see
19:31:10 : Group: Fontes: sorry man
19:32:00 : Group: Fontes: dont have man
19:32:24 : Group: Fontes: ah nice
19:33:07 : Group: Fontes: we can still get the mission if you like ?
19:33:57 : Group: Fontes: joshua isnt helping at al :D
19:34:09 : Group: Fontes: ah 
19:34:50 : Group: Fontes: you still need a hunting knife ?|
19:34:58 : Group: Fontes: i can go look for it 
19:35:04 : Group: Fontes: in the village
19:35:24 : Group: Fontes: lol
19:35:27 : Group: Fontes: one here on the grond
19:35:29 : Group: Fontes: ground
19:36:13 : Group: Fontes: come
19:36:21 : Group: matsa: ?
19:36:40 : Group: matsa: cover me
19:38:33 : Group: Fontes: im going to check the village real quick
19:38:54 : Group: Fontes: need a backpack :D
19:39:01 : Group: Fontes: yeah
19:39:48 : Group: Fontes: chopper
19:40:37 : Group: Fontes: shooting at the other base
19:40:42 : Group: matsa: ye i saw xD
19:42:12 : Group: Fontes: need sandbagS?
19:42:20 : Group: Fontes: or ducktape :D
19:42:31 : Group: matsa: not really
19:42:35 : Group: matsa: but take if you can
19:46:31 : Group: Fontes: brb in 10 mins
19:50:14 : Group: Fontes: back
19:52:06 : Group: matsa: player`?
19:52:14 : Group: Fontes: nah zombies going crazy 
19:54:11 : Group: Fontes: when you put a marker on the map
19:54:17 : Group: Fontes: how can you see it in game
19:55:36 : Group: Fontes: sure mate
19:55:53 : Group: Fontes: where do you live in norway?
19:56:31 : Group: matsa: add me on steam: KautoMats
19:57:01 : Group: Fontes: done
19:57:09 : Group: Fontes: you coffin
19:58:10 : Group: Fontes: only snacks
19:58:40 : Group: Fontes: why ?:D
19:58:49 : Group: Fontes: take antibiotica
20:00:54 : Group: Fontes: ah
20:04:13 : Group: Fontes: yeah
20:04:20 : Group: Fontes: ?
20:06:03 : Group: Fontes: no
20:06:22 : Group: Fontes: he was looting mew
20:08:26 : Group: Fontes: lol
20:09:43 : Group: Fontes: he hide my body
20:09:53 : Group: Fontes: no only a gun
20:10:01 : Group: Fontes: how did you get a gun so fast though ?
20:10:23 : Group: Fontes: how do you do that ?
20:10:42 : Group: Fontes: ah i cant choose them
20:11:15 : Group: Fontes: no guns 
20:11:17 : Group: Fontes: :D
20:11:30 : Group: Fontes: all my guns are at the old base
20:12:29 : Group: Joshuaa: yo
20:12:48 : Group: Joshuaa: yo
20:12:53 : Group: Joshuaa: no way haha
20:13:12 : Group: Joshuaa: he have good shit?
20:13:53 : Group: Fontes: Josh thnx to you i screwed up the mission :D
20:14:11 : Group: Joshuaa: haha sorrry, my game crashed and i had to reinstall xD
20:14:34 : Group: Fontes: yeah
20:15:30 : Group: Fontes: footsteps
20:15:38 : Group: Joshuaa: you found new base?
20:15:53 : Group: Joshuaa: ah ok haha
20:16:27 : Group: Fontes: really thought i heard footsteps
20:16:44 : Group: Joshuaa: you guys in a car?
20:16:55 : Group: Fontes: nah man
20:16:59 : Group: Fontes: at the new baese
20:17:12 : Group: Joshuaa: thats the new base?
20:17:29 : Group: Joshuaa: didnt think so haha
20:17:29 : Group: Fontes: other i ment
20:17:36 : Group: Fontes: :D
20:17:54 : Group: matsa: cant tab out
20:17:59 : Group: matsa: keyboard broken again
20:18:02 : Group: Fontes: its so hard sometimes to change from dutch to english
20:18:31 : Group: Joshuaa: should i come down?
20:19:17 : Group: Fontes: who is breathing so heavily
20:19:29 : Group: Joshuaa: you need help?
20:20:02 : Group: Joshuaa: matsa gone
20:20:06 : Group: Fontes: yeah
20:20:09 : Group: Joshuaa: hes coming back
20:21:14 : Group: Fontes: where you at josh ?
20:21:28 : Group: Joshuaa: base
20:21:32 : Group: Fontes: ah
20:21:43 : Group: Fontes: well im waiting for mats
20:21:55 : Group: Fontes: probably need to go btw
20:22:04 : Group: Joshuaa: go off?
20:22:12 : Group: Fontes: yeah
20:22:16 : Group: Joshuaa: ah ok
20:22:28 : Group: Fontes: its a pity i cant play this more
20:22:34 : Group: Joshuaa: ikr
20:23:11 : Group: Fontes: when i was still at school i had so much more time
20:23:34 : Group: Joshuaa: his keyboard is messing up
20:24:19 : Group: Fontes: where do you want to build a base?
20:24:26 : Group: Fontes: in the middle of the map ?
20:24:41 : Group: Joshuaa: hmmm
20:24:53 : Group: Joshuaa: we would get attacked a lot
20:25:24 : Group: Fontes: maybe near guglovo
20:25:47 : Group: Joshuaa: hmm yeah
20:25:57 : Group: Joshuaa: close to trader as well
20:27:49 : Group: Joshuaa: think hes back now
20:29:48 : Group: Joshuaa: ayy
20:32:20 : Group: Fontes: Want to go to the old base ?
20:32:24 : Group: Joshuaa: what man?
20:32:34 : Group: Joshuaa: i was watching video
20:32:43 : Group: Fontes: hmm 
20:32:44 : Group: Fontes: :D
20:32:55 : Group: matsa: added you to the doors
20:32:55 : Group: Joshuaa: you cominf back?
20:33:05 : Group: Joshuaa: wait we got new base?
20:33:24 : Group: matsa: to the one i stole
20:33:34 : Group: Joshuaa: ayy sweet
20:33:41 : Group: Joshuaa: we gon load up vodnik?
20:33:43 : Group: matsa: we*
20:34:13 : Group: matsa: you guys help find a base location? :)
20:34:30 : Group: Fontes: fuck my bike just got destroyed -_-
20:34:35 : Group: Joshuaa: are we not having the one you stole?
20:34:43 : Group: matsa: its so shit
20:34:44 : Group: Fontes: its ugly 
20:34:49 : Group: matsa: xD
20:34:49 : Group: Joshuaa: oh okk
20:34:55 : Group: Fontes: this is gonna be a long walk :D
20:35:02 : Group: matsa: use my bike
20:35:03 : Group: Joshuaa: suidice font
20:35:06 : Group: matsa: by the base
20:35:10 : Group: Fontes: also rekt 
20:35:37 : Group: Fontes: i get killed to many times :D
20:36:13 : Group: Joshuaa: typed suicide and forgot it killed you hahaha
20:36:22 : Group: Fontes: lol haha
20:37:59 : Group: matsa: found a nice place
20:38:04 : Group: Joshuaa: sweet
20:38:07 : Group: matsa: but we might get sniped here
20:38:23 : Group: Joshuaa: where from
20:38:33 : Group: matsa: a base
20:38:42 : Group: Joshuaa: oh
20:38:57 : Group: matsa: a rly nice place tho
20:39:17 : Group: Joshuaa: shall we go for it
20:39:33 : Group: Fontes: lol whats burning over there
20:41:37 : Group: Joshuaa: shall we do the place you found?
20:43:52 : Group: Joshuaa: we gonna go to the place you found?
20:44:03 : Group: matsa: ye sure
20:44:10 : Group: Joshuaa: shall we pack the vodnik?
20:44:17 : Group: matsa: its not that far from here tho
20:44:33 : Group: Joshuaa: we can jsut come back and get stuff then?
20:44:49 : Group: Joshuaa: thanks
20:45:32 : Group: Joshuaa: only main rotor
20:45:48 : Group: Joshuaa: got them thanks
20:46:01 : Group: Joshuaa: yep thanks
20:46:25 : Group: Joshuaa: we ready?
20:47:13 : Group: Joshuaa: ill follow you mats
20:47:54 : Group: Joshuaa: ive built my mozzie
20:47:57 : Group: Joshuaa: its on roof
20:48:16 : Group: Fontes: finaly made it 
20:48:19 : Group: Fontes: christ 
20:48:32 : Group: Joshuaa: we are leaving now hahaha
20:48:34 : Group: Fontes: yeah
20:51:12 : Group: Fontes: what happened ?|
20:51:34 : Group: Joshuaa: im hidden
20:51:49 : Group: Joshuaa: they gone?
20:51:53 : Group: Joshuaa: yeah
20:52:36 : Group: Joshuaa: lololol
20:52:49 : Group: Joshuaa: its up the hill but thyre coming
20:52:52 : Group: Joshuaa: they
20:53:03 : Group: Fontes: need to go guys
20:53:07 : Group: Fontes: cya !
20:53:10 : Group: Joshuaa: bye man
20:53:16 : Group: Joshuaa: pack it?
20:53:54 : Group: Joshuaa: shall we shoot?
20:54:17 : Group: Joshuaa: ill wait until the do one more run
20:55:51 : Group: Joshuaa: its glitched wtf
20:57:17 : Group: Joshuaa: my heli is glitched
20:57:48 : Group: Joshuaa: it couldnt turn haha
20:59:34 : Group: Joshuaa: safes not expired?
21:00:12 : Group: Joshuaa: where did you want to build then?
21:00:27 : Group: Joshuaa: oh yeaahh
21:00:41 : Group: Joshuaa: you got building stuff?
21:01:33 : Group: Joshuaa: players?
21:02:18 : Group: Joshuaa: hahahaha
21:02:27 : Group: Joshuaa: no broken leg?
21:02:31 : Group: Joshuaa: wow
21:02:59 : Group: Joshuaa: what?
21:03:01 : Group: Joshuaa: i was away
21:03:11 : Group: Joshuaa: bandage?
21:03:33 : Group: Joshuaa: xD
21:04:10 : Group: Joshuaa: hahaha
21:04:43 : Group: Joshuaa: whats happening after restart with 2die4?
21:05:26 : Group: Joshuaa: is metal floor expensive?
21:06:01 : Group: Joshuaa: wow
21:06:19 : Group: Joshuaa: we go to build after this?
21:07:56 : Group: Joshuaa: you stealing the door? haha
21:08:06 : Group: Joshuaa: wtf ahahaha
21:08:18 : Group: Joshuaa: saves us money
21:17:45 : Group: Joshuaa: wtf
21:17:58 : Group: The_Toaster: ummmm what happened
21:18:06 : Group: Joshuaa: they broke the server
21:18:13 : Group: The_Toaster: looks like it XD
21:18:36 : Group: Joshuaa: i got a feeling theyve made big changes
21:18:50 : Group: LWB [SD]: havent touched a thing
21:19:09 : Group: Joshuaa: what was going on with 2die4?
21:19:40 : Group: 2DIE4: stillreceiving data   omg
21:19:53 : Group: Joshuaa: 2die4 said could you do something when restart happens, i guessed this was the result of it haha
21:20:52 : Group: Joshuaa: were not
21:23:56 : Group: Joshuaa: finallyyyyy
21:24:41 : Group: matsa: xD
21:24:46 : Group: Joshuaa: whats happening?
21:25:29 : Group: matsa: waiting for their bitch asses
21:25:39 : Group: Joshuaa: how far is it?
21:25:47 : Group: matsa: 900m
21:26:07 : Group: Joshuaa: whos base is it?
21:26:25 : Group: matsa: they guy tat kept killing people with his chopper
21:26:35 : Group: Joshuaa: bowdownbish
21:26:39 : Group: matsa: ye
21:26:56 : Group: matsa: im gonna buy a chopper and go destroy all his cars
21:27:03 : Group: matsa: i think theyre ours
21:27:06 : Group: Joshuaa: yeee haha
21:27:09 : Group: Joshuaa: really?
21:27:14 : Group: matsa: yep
21:27:26 : Group: Joshuaa: lets go then
21:27:32 : Group: matsa: looked like just the ones that were in our garage
21:27:33 : Group: Joshuaa: he aint online
21:28:27 : Group: Joshuaa: where you heasding|?
21:28:32 : Group: Joshuaa: heading?
21:29:50 : Group: Joshuaa: type, i cant hear haha
21:30:12 : Group: matsa: fly away if you hear shots
21:31:14 : Group: Joshuaa: we going?
21:32:39 : Group: Joshuaa: i hear
21:33:25 : Group: Joshuaa: e tool?
21:33:35 : Group: Joshuaa: no sorry
21:33:45 : Group: Joshuaa: ofc ourse
21:33:51 : Group: Joshuaa: how much?
21:34:09 : Group: Joshuaa: you got gold?
21:34:21 : Group: Joshuaa: okkk
21:34:31 : Group: Joshuaa: you staying here?
21:34:35 : Group: Mr. Shortbottoms: timmy
21:34:39 : Group: Mr. Shortbottoms: my boy
21:34:55 : Group: Sir LongSleeves: yes
21:34:55 : Group: Mr. Shortbottoms: is the humvee at base my one that i crashed?
21:35:02 : Group: Sir LongSleeves: i dunno
21:35:17 : Group: Mr. Shortbottoms: dangit
21:35:59 : Group: M.K.: nu ma auzi m a?
21:36:28 : Group: matsa: e tool and hunting knife i need
21:36:40 : Group: alexxx: eu il aud
21:37:02 : Group: Sir LongSleeves: fabe come in our channel
21:37:14 : Group: M.K.: ai tu cv ca noi vb
21:37:30 : Group: M.K.: mergem la baza
21:37:33 : Group: M.K.: si ne vedem la start
21:37:36 : Group: M.K.: stary*
21:37:45 : Group: M.K.: vindem arme
21:38:46 : Group: M.K.: ai ping 30 in plm
21:38:52 : Group: M.K.: ce 200 ziceai
21:39:04 : Group: M.K.: in fine..
21:39:44 : Group: Joshuaa: will 6oz of gold be enough?
21:39:54 : Group: alexxx: noob
21:40:00 : Group: matsa: i think so
21:40:03 : Group: matsa: try :D
21:40:07 : Group: alexxx: eu sunt noob nu tu
21:40:41 : Group: M.K.: da cred
21:40:48 : Group: M.K.: nu la hambar
21:40:49 : Group: M.K.: aia noua
21:42:10 : Group: alexxx: nu-mi merge ts
21:42:26 : Group: alexxx: vb doar pe skype si ramanem aici 
21:42:31 : Group: alexxx: vb in joc cu tine
21:43:06 : Group: M.K.: o sa intru cand iese asta
21:43:08 : Group: Joshuaa: hunting knife and e tool
21:43:17 : Group: M.K.: sa nu ai bug ceva
21:43:23 : Group: matsa: yes
21:45:39 : Group: M.K.: vii degeaba
21:45:43 : Group: Joshuaa: got them coming now
21:45:43 : Group: M.K.: ne vedem la stary sau la o misiune
21:45:48 : Group: M.K.: ca nu stam la baza ca nu am nici o baza
21:45:52 : Group: M.K.: am decat un seif
21:48:37 : Group: Joshuaa: wtf
21:50:31 : Group: M.K.: ce ?
21:50:42 : Group: M.K.: nimeni
21:51:29 : Group: M.K.: da
21:51:42 : Group: alexxx: plecam 
21:52:04 : Group: alexxx: spre misiune
21:52:16 : Group: alexxx: bandit patrol
21:52:27 : Group: M.K.: hai sa te iau
21:52:28 : Group: M.K.: unde esti
21:52:32 : Group: M.K.: ai arma?
21:52:43 : Group: M.K.: k
21:53:03 : Group: M.K.: du-te la spital pana vin
21:53:58 : Group: Joshuaa: we gon get him?
21:55:10 : Group: matsa: i shot him 5 times in the chest
21:55:14 : Group: matsa: he didnt die
21:55:20 : Group: Joshuaa: he died you know
21:55:23 : Group: matsa: and still he managed to kill me
21:55:24 : Group: Joshuaa: it said michael died
21:55:59 : Group: Joshuaa: we going to base?
21:56:07 : Group: matsa: im done
21:56:19 : Group: matsa: WTF
21:56:25 : Group: Joshuaa: what?
21:57:07 : Group: Joshuaa: what happened?
21:57:25 : Group: alexxx: npc
21:57:52 : Group: Joshuaa: what we doing then
21:58:19 : Group: matsa: fuck all
21:58:22 : Group: matsa: everytime
21:58:36 : Group: Joshuaa: we not doing base then?
21:58:44 : Group: matsa: i cfant kill them but if i get hit in the toe i die instantly
21:59:05 : Group: Joshuaa: damn
22:00:55 : Group: M.K.: la bandits sa fac humanity
22:02:23 : Group: alexxx: 4000
22:02:45 : Group: alexxx: ajungem inaintea ta
22:02:51 : Group: matsa: you here?
22:02:56 : Group: Joshuaa: yeah man
22:03:03 : Group: alexxx: mai avem 2000
22:03:07 : Group: alexxx: deja
22:03:07 : Group: matsa: get a mozzie and fly in there
22:03:14 : Group: alexxx: 1000
22:03:21 : Group: Joshuaa: IS THERE SPARE PARTS AT BASE?
22:03:25 : Group: matsa: he doesnt know how plot pole works
22:03:35 : Group: Joshuaa: ok man
22:03:43 : Group: matsa: i think there are
22:03:52 : Group: Joshuaa: you head to base as well
22:04:31 : Group: alexxx: da
22:04:37 : Group: alexxx: sunt buni
22:05:35 : Group: Joshuaa: we should go with armed heli
22:06:20 : Group: alexxx: e misiune usoara oricum
22:06:50 : Group: alexxx: nu venim la tine
22:07:11 : Group: alexxx: sa vii usor la noi
22:08:17 : Group: Joshuaa: where are parts
22:08:22 : Group: matsa: IN SAFE
22:08:32 : Group: matsa: middle to right safe
22:08:34 : Group: M.K.: n-am nimic ce sa iti dau 
22:08:37 : Group: M.K.: ca nu am luat nimic
22:08:40 : Group: M.K.: in plus
22:08:43 : Group: Joshuaa: locked
22:08:45 : Group: M.K.: nu ai zis
22:08:46 : Group: M.K.: nu
22:08:53 : Group: alexxx: aici arma
22:08:59 : Group: alexxx: baa
22:09:14 : Group: alexxx: fa rost
22:09:30 : Group: matsa: 3550?
22:09:51 : Group: M.K.: incerc, da
22:10:47 : Group: M.K.: nu e nici un gunner
22:11:42 : Group: Joshuaa: 1st of 3 safes only had main rotor
22:12:00 : Group: alexxx: mk da
22:12:39 : Group: Joshuaa: only got main rotor
22:12:43 : Group: M.K.: stai
22:12:43 : Group: Joshuaa: in 1st safe
22:12:45 : Group: M.K.: mai e unu
22:12:45 : Group: M.K.: da
22:12:55 : Group: matsa: middle to left safe?
22:13:19 : Group: matsa: 2835
22:13:25 : Group: M.K.: puneti tot in masina
22:13:27 : Group: M.K.: si pe voi
22:13:31 : Group: M.K.: si hai sa ne caram repede
22:13:44 : Group: M.K.: nu
22:14:07 : Group: matsa: you here?
22:14:15 : Group: Joshuaa: im st base
22:16:06 : Group: M.K.: puneti si ghiozdane in masina
22:16:14 : Group: Joshuaa: ok i got parts
22:17:09 : Group: Joshuaa: what you want me to do
22:17:24 : Group: Joshuaa: should i fly around base while you kill him
22:17:30 : Group: M.K.: nu lua large gunbag ca e a lu asta in masina
22:17:33 : Group: matsa: we need to get in tho
22:17:38 : Group: M.K.: luati ghiozdane cat mai incap si puneti
22:17:40 : Group: M.K.: ca nu prea avem
22:17:43 : Group: matsa: come here
22:17:49 : Group: Joshuaa: on my way
22:18:06 : Group: Joshuaa: ill land away from base
22:19:12 : Group: M.K.: gata?
22:19:19 : Group: M.K.: k
22:20:02 : Group: M.K.: mergem acum la sniper extraction
22:20:07 : Group: M.K.: numai hai
22:20:08 : Group: alexxx: gogo
22:20:09 : Group: M.K.: hai aici
22:20:36 : Group: M.K.: hai la sniper extraction
22:20:45 : Group: M.K.: ..
22:20:47 : Group: M.K.: e doar una
22:20:51 : Group: M.K.: sniper extraction
22:21:06 : Group: M.K.: e naspa aia
22:21:12 : Group: M.K.: o facem degeaba
22:21:36 : Group: Turmoil: why is everybody on the other side of the map? :O
22:22:02 : Group: matsa: here
22:22:14 : Group: Joshuaa: dude we snipe from stolen base
22:22:18 : Group: M.K.: nu ii merge am mai incercat
22:22:24 : Group: M.K.: o sa intru eu dupa
22:22:25 : Group: M.K.: ho
22:22:28 : Group: M.K.: daca e sa mai jucam
22:22:36 : Group: Joshuaa: shot me but i got away
22:22:57 : Group: M.K.: cate fps ai?
22:23:03 : Group: Joshuaa: it said you died dude?
22:23:09 : Group: Joshuaa: wtffff
22:23:11 : Group: matsa: lol
22:23:21 : Group: matsa: hes on roof
22:23:22 : Group: Joshuaa: should i come back?
22:23:29 : Group: M.K.: usor sa nu futi masina cu 60 fps ale tale
22:23:32 : Group: matsa: YES
22:23:34 : Group: Joshuaa: im gonna go to stolen base and snipe
22:23:34 : Group: M.K.: ca bubuim oti
22:23:35 : Group: M.K.: toti
22:24:10 : Group: M.K.: s-ar putea sa fie altii aici
22:24:17 : Group: M.K.: ca se gasesc snipere bune
22:24:19 : Group: M.K.: la misiunea asta
22:25:06 : Group: M.K.: 600
22:25:07 : Group: M.K.: 800
22:25:09 : Group: M.K.: nush
22:25:55 : Group: M.K.: hai jos
22:26:22 : Group: M.K.: k
22:26:23 : Group: Joshuaa: im at door
22:26:55 : Group: Joshuaa: location
22:26:58 : Group: Joshuaa: wher ein base?
22:27:01 : Group: Joshuaa: in
22:27:23 : Group: Joshuaa: tell me wher ehe is
22:27:45 : Group: Joshuaa: should i go in
22:27:59 : Group: Joshuaa: i have an entrance
22:28:36 : Group: M.K.: da-o in plm
22:28:51 : Group: Joshuaa: i cant get in shit
22:29:21 : Group: Joshuaa: you on roof?
22:29:33 : Group: M.K.: nush, nu prea mult ca sunt cu snipere
22:29:34 : Group: M.K.: cred
22:29:42 : Group: Joshuaa: ill walk around
22:30:48 : Group: M.K.: hai la ikea!
22:30:50 : Group: M.K.: e mai importanta
22:31:02 : Group: M.K.: da-i pe jos pana acolo ca e aproape
22:31:58 : Group: M.K.: ai auzit ba
22:32:01 : Group: M.K.: edd
22:32:08 : Group: M.K.: hai in plm la ikea
22:32:10 : Group: M.K.: la convoy
22:32:14 : Group: M.K.: ca e mai importnata
22:32:19 : Group: M.K.: si mergem pe josw
22:32:24 : Group: M.K.: nu e adevarat
22:32:26 : Group: M.K.: trb ta
22:32:53 : Group: M.K.: bn
22:44:05 : Group: M.K.: vino aici sa o facem pe asta ca mai sunt 2-3
22:44:23 : Group: M.K.: sa luam astea de constructie
23:04:13 : Group: M.K.: taci
23:04:17 : Group: M.K.: vino rpd la noi daca poti
23:21:35 : Group: alexxx: mergem sa vindem chestii
23:21:42 : Group: alexxx: nu veni la noi
23:22:07 : Group: [MAN`]edd: ?
23:22:09 : Group: alexxx: o sa vin eu la tn sa te ajut
23:22:13 : Group: alexxx: candva
23:23:31 : Group: alexxx: dc nu mori
23:23:36 : Group: alexxx: nu ai iteme ??
23:35:18 : Group: alexxx: nu
