11:54:27 : Side: Walasznikow: YOU FRENDS?
11:54:45 : Side: danila: Yes
11:55:18 : Side: Walasznikow: ok
13:59:36 : Side: [OCB]Dodgy Embalmer: hi
13:59:54 : Side: Walasznikow: hi
14:01:15 : Side: Walasznikow: you are friend?
14:01:26 : Side: [OCB]Dodgy Embalmer: try to be
14:02:19 : Side: [OCB]Dodgy Embalmer: trying to be super hero
14:05:07 : Side: Walasznikow: While the need for humanity to super hero?
14:05:23 : Side: [OCB]Dodgy Embalmer: lots i think
14:05:52 : Side: Walasznikow: Unless humanity?
14:06:34 : Side: Walasznikow: 10000? 15000? 20000? humanity?
14:06:57 : Side: [OCB]Dodgy Embalmer: im only at 5000
14:18:22 : Side: SuomiSoturi: hi everyone!
14:18:29 : Side: [OCB]Dodgy Embalmer: hi
14:35:01 : Side: SuomiSoturi: someone looting with car currently?
14:35:50 : Side: SuomiSoturi: if you are, say it now so that i dont accidently fire at you if running in CQC range
14:36:00 : Side: [OCB]Dodgy Embalmer: not me
14:58:03 : Side: SuomiSoturi: *tsik tsik tsik*
15:10:44 : Side: SuomiSoturi: which villages did have well again?
15:11:54 : Side: SuomiSoturi: found one, nvm then
15:59:11 : Side: SuomiSoturi: walaznikov, do you have that orange SUV?
15:59:28 : Side: Walasznikow: NO
15:59:39 : Side: SuomiSoturi: okay, just making sure
19:35:34 : Side: Greg: evening
19:35:44 : Side: [OCB]Dodgy Embalmer: hi
