00:04:18 : Side: Freedom: hello 2die4
00:04:36 : Side: 2DIE4:  hey buddy =9
00:05:06 : Side: [NG2] Jesse: what do you think about arma 3? 
00:05:20 : Side: 2DIE4: gay
00:05:31 : Side: [NG2] Jesse: ^^ 
00:05:34 : Side: [NG2] Jesse: exile
00:05:55 : Side: 2DIE4: restart
00:10:29 : Side: Turmoil: where are you 2DIE? ^^
00:10:46 : Side: 2DIE4:  sary
00:10:53 : Side: 2DIE4:  goin bandit
00:10:59 : Side: Turmoil: raiding? xD
00:11:10 : Side: 2DIE4: bandit trader
00:11:18 : Side: 2DIE4:  found CH47
00:19:57 : Side: 2DIE4:  ok i found a loose plotpole  XD
00:20:32 : Side: [NG2] Jesse: lol
00:21:01 : Side: fight or flight: bug?
00:22:54 : Side: 2DIE4: well 32 BCs  XD
00:23:13 : Side: 2DIE4:  in a  lockbox  not the safes yet
00:25:38 : Side: 2DIE4: well this guy is gonna loose everything 
00:25:46 : Side: 2DIE4:  all safes open 
00:25:50 : Side: Freedom: lol
11:24:23 : Side: WQX: лоли привет спс за лут
11:24:37 : Side: LOLICONSHIK: fuf ytpfinj
11:24:45 : Side: LOLICONSHIK: ага незашто
11:24:52 : Side: WQX: гоу еще раз повторим?
11:25:13 : Side: LOLICONSHIK: не мне хватило
11:25:34 : Side: WQX: ну лад
11:25:54 : Side: LOLICONSHIK: а я вам вчера сув сломал?
11:26:16 : Side: LOLICONSHIK: когда резко повернул?
11:53:26 : Side: WQX: jgznm
11:53:28 : Side: WQX: опять ты
15:30:59 : Side: Tamago: if you want some loot form thsi mission came take it. i only refilled on ammo
15:31:24 : Side: WQX: я не понимаю
15:31:54 : Side: Tamago: ai= dead.   Loot = FREE. come take
15:32:02 : Side: WQX: no
15:32:04 : Side: WQX: thanks
15:32:06 : Side: Tamago: ok xD
21:04:47 : Side: Tamago: so many people. it sure feels like fri
21:04:54 : Side: Tamago: friday*
21:05:32 : Side: VLADIMIR>***: im fr:)))
21:05:47 : Side: Tamago: nice :D
21:14:33 : Side: Tamago: wth is unknown?
21:17:28 : Side: Tamago: whos doing disabled convoy?
21:18:10 : Side: Denial Beans: wpx was up there but got killed pretty sure
21:18:21 : Side: Tamago: well yeha tahts 30+ ai
21:18:32 : Side: Tamago: and form 300 meters you wont do much good
21:19:08 : Side: Tamago: i wish i got my rpg with me atm
21:19:17 : Side: Denial Beans: ehh ive done em before with a m16 its not hard just gotta play conservative
21:19:36 : Side: Tamago: and watch your flank
21:19:50 : Side: Denial Beans: oh yeah the AI are flankers big time
21:19:55 : Side: Tamago: mhm
21:20:02 : Side: Denial Beans: they flank like almost 1k meters
21:20:24 : Side: Denial Beans: why the RPG?
21:20:42 : Side: Tamago: cause there is a tanker and they make big boom :D
21:20:48 : Side: Denial Beans: lol
21:21:01 : Side: Denial Beans: never shot one before
21:21:08 : Side: Denial Beans: ill have to do that sometime
21:21:16 : Side: Tamago: im saving mine for special occasions ;D
21:21:42 : Side: Denial Beans: ive got like 8 RPGs and 30 rockets at base but i dont use them unless needed
21:21:51 : Side: Tamago: haha
21:22:16 : Side: Tamago: well you have to wach out with missions cause you can exploda loot crates too. well idk about here but on most servers they are descructible
21:22:38 : Side: Denial Beans: i dont know either havent found out
21:24:44 : Side: Tamago: im a hero i wont shoot you. i can share loot...
21:25:01 : Side: Denial Beans: who you talking too?
21:25:07 : Side: Greg: either friendly or alive ;p
21:25:13 : Side: Tamago: idk. someone shot me form my right flank
21:25:30 : Side: Tamago: and that was too close for AI
21:32:05 : Side: Denial Beans: you alright man?
21:32:10 : Side: Tamago: yup.
21:32:18 : Side: Tamago: it was flankers form wxq attack
21:32:33 : Side: Tamago: i just happened to attack from same side he did
21:32:53 : Side: Denial Beans: i think im near you
21:32:56 : Side: Denial Beans: lol
21:33:14 : Side: Tamago: no need to work alone
21:33:20 : Side: Denial Beans: sup
22:15:21 : Side: Greg: uff you did it ;p
